[00:38:30] *** Joins: ihaveamac
[00:38:58] *** Quits: balrog (Read error: Operation timed out)
[00:41:10] *** Quits: ave_ (Read error: Operation timed out)
[00:41:14] *** Quits: nich (Read error: Operation timed out)
[00:41:37] *** Quits: ihaveama- (Read error: Operation timed out)
[00:42:24] *** Joins: balrog
[00:44:15] *** Quits: hexkyz (Read error: Operation timed out)
[01:07:05] *** Joins: nich
[01:07:40] *** Joins: hexkyz
[01:12:14] *** Joins: ave_
[01:27:16] *** Quits: fgsfds (Quit: Leaving)
[02:27:35] *** Quits: |Shadow| (Ping timeout: 240 seconds)
[02:40:31] *** Joins: |Shadow|
[02:45:08] *** Quits: refs (Quit: refs)
[03:35:40] *** Joins: oreo639
[03:54:13] *** Quits: flagrama_ (Ping timeout: 260 seconds)
[03:54:20] *** Joins: flagrama_
[03:56:33] *** Quits: freundTec (Ping timeout: 260 seconds)
[03:56:46] *** Joins: freundTec
[03:57:01] *** Quits: ris2z (Ping timeout: 260 seconds)
[03:57:01] *** Quits: Genolo (Ping timeout: 260 seconds)
[03:57:22] *** Joins: Genolo
[03:59:59] *** Joins: ris2z
[06:26:51] *** Quits: GerbilSof (Quit: Windows must now restart because the Remote Procedure Call (RPC) service terminated unexpectedly.)
[07:07:59] *** Joins: GerbilSof
[09:10:42] *** Quits: oreo639 (Read error: Operation timed out)
[10:06:51] *** Joins: oreo639
[10:11:55] *** Quits: oreo639 (Read error: Connection reset by peer)
[10:13:05] *** Joins: oreo639
[10:59:05] *** Joins: uyjulian_
[11:00:04] *** Joins: Extrems`
[11:02:32] *** Joins: CCFL_Man
[11:05:37] *** Joins: Genolol
[11:06:12] *** Joins: TurtleP_
[11:07:36] *** Quits: Genolo (se.hub efnet.port80.se)
[11:07:36] *** Quits: flagrama_ (se.hub efnet.port80.se)
[11:07:36] *** Quits: zombie343 (se.hub efnet.port80.se)
[11:07:36] *** Quits: CCFL_Man_ (se.hub efnet.port80.se)
[11:07:36] *** Quits: Extrems (se.hub efnet.port80.se)
[11:07:36] *** Quits: TurtleP (se.hub efnet.port80.se)
[11:07:36] *** Quits: uyjulian (se.hub efnet.port80.se)
[11:07:36] *** Quits: zini (se.hub efnet.port80.se)
[11:07:36] *** Quits: dibas (se.hub efnet.port80.se)
[11:07:36] *** Quits: Normmatt (se.hub efnet.port80.se)
[11:07:36] *** Quits: thejsa (se.hub efnet.port80.se)
[11:07:36] *** Quits: mid-kid2 (se.hub efnet.port80.se)
[11:23:05] *** uyjulian_ is now known as uyjulian
[11:23:05] *** Extrems` is now known as Extrems
[11:23:06] *** Genolol is now known as Genolo
[11:23:17] *** Joins: zombie343
[11:26:29] *** Joins: flagrama_
[11:44:54] *** Joins: Retr0id5
[11:46:46] *** Joins: Normmatt
[11:47:20] *** Joins: nrq_
[11:47:36] *** Joins: mtheall_
[11:47:37] *** Quits: mtheall (Read error: Connection reset by peer)
[11:49:01] *** Quits: d3m3vilur (Ping timeout: 493 seconds)
[11:49:05] *** Quits: Retr0id (Read error: Connection reset by peer)
[11:49:12] *** Retr0id5 is now known as Retr0id
[11:49:44] *** Quits: nrq (Read error: Connection reset by peer)
[11:49:53] *** Joins: d3m3vilur
[12:11:41] *** Quits: oreo639 (Ping timeout: 260 seconds)
[12:22:47] *** Joins: oreo639
[15:41:11] *** Quits: |Shadow| ()
[15:41:33] *** Joins: |Shadow|
[15:43:19] *** Quits: oreo639 (Ping timeout: 504 seconds)
[19:33:41] *** Joins: oreo639
[20:21:28] *** Joins: n87
[21:08:22] *** Quits: oreo639 (Ping timeout: 504 seconds)
[21:25:05] *** Joins: oreo639
[21:46:04] *** Quits: n87 (Read error: Connection reset by peer)
[23:06:04] *** Quits: oreo639 (Ping timeout: 504 seconds)
[23:47:53] *** Joins: oreo639
