[00:27:09] *** Quits: oreo639 (Ping timeout: 260 seconds)
[01:59:38] *** Quits: |Shadow| ()
[02:03:46] *** Joins: |Shadow|
[04:01:12] *** Joins: sentry
[04:02:32] *** Quits: Snetry (Read error: Connection refused)
[04:02:32] *** sentry is now known as Snetry
[04:21:17] *** Joins: oreo639
[04:46:31] *** Quits: oreo639 (Ping timeout: 504 seconds)
[05:09:30] <plutobot> Wiki | Page changed: Title list | User: Zachycatgames | https://switchbrew.org/w/index.php?curid=84&diff=12404&oldid=12389
[05:11:33] <plutobot> Wiki | Page changed: System Version Title | User: Zachycatgames | https://switchbrew.org/w/index.php?curid=116&diff=12405&oldid=12357
[07:07:07] *** Quits: lameboy (Read error: Operation timed out)
[10:05:21] *** Joins: lameboy
[10:47:31] *** Joins: n87
[16:04:08] *** Quits: ave_ (Ping timeout (120 seconds))
[16:04:37] *** Joins: ave_
[18:24:59] *** Joins: refs
[18:32:11] *** Joins: n87_2
[18:41:34] *** Quits: n87_2 (Leaving)
[20:41:46] <plutobot> Wiki | Page changed: Bus services | User: Hexkyz | https://switchbrew.org/w/index.php?curid=152&diff=12406&oldid=12400
[20:51:09] <plutobot> Wiki | Page changed: PCIe services | User: Hexkyz | https://switchbrew.org/w/index.php?curid=130&diff=12407&oldid=11792
[20:56:57] <plutobot> Wiki | Page changed: Sockets services | User: Hexkyz | https://switchbrew.org/w/index.php?curid=128&diff=12408&oldid=12387
[21:09:03] *** Quits: n87 (Leaving)
[21:09:44] *** Joins: n87
[21:11:58] <n87> merke gerade, ich bin in der liste einen channel zu tief. sorry
[21:20:30] <plutobot> Wiki | Page changed: WLAN services | User: Hexkyz | https://switchbrew.org/w/index.php?curid=324&diff=12409&oldid=12159
[21:34:50] <plutobot> Wiki | Page changed: PCV services | User: Hexkyz | https://switchbrew.org/w/index.php?curid=126&diff=12410&oldid=12341
[23:38:11] <plutobot> Wiki | Page changed: PTM services | User: Hexkyz | https://switchbrew.org/w/index.php?curid=165&diff=12411&oldid=12232
