[00:19:55] *** Quits: figgis_ (Read error: Connection reset by peer)
[00:40:06] *** Joins: GerbilSof
[01:07:26] *** Quits: Surkow (Read error: Operation timed out)
[01:11:05] *** Quits: oreo639 (Ping timeout: 240 seconds)
[01:37:54] *** Joins: oreo639
[01:52:17] *** Quits: oldtopman (Ping timeout: 240 seconds)
[02:08:43] *** Quits: ave_ (Read error: Operation timed out)
[02:24:16] *** Joins: ave_
[02:55:26] *** Joins: refs
[04:25:44] *** Quits: oreo639 (Ping timeout: 622 seconds)
[04:26:35] *** Quits: refs (Quit: refs)
[04:54:42] *** Joins: oreo639
[05:26:46] *** Joins: Surkow
[06:07:42] *** Quits: oreo639 (Read error: Operation timed out)
[06:28:38] *** Joins: oreo639
[07:01:53] *** Quits: oreo639 (Ping timeout: 240 seconds)
[07:59:58] *** Joins: oreo639
[08:14:29] *** Joins: oreo639_
[09:00:55] *** Joins: oreo639__
[09:00:55] *** Quits: oreo639_ (Read error: Connection reset by peer)
[09:00:55] *** Quits: oreo639 (Read error: Connection reset by peer)
[09:31:22] *** Joins: fgsfds
[09:32:25] *** Quits: n87 (Read error: Connection reset by peer)
[13:07:22] *** Quits: oreo639__ (Quit)
[13:07:43] *** Joins: oreo639
[13:46:05] *** Quits: |Shadow| (Ping timeout: 240 seconds)
[13:49:37] *** Joins: |Shadow|
[15:34:14] *** Joins: |Shadow|_
[15:34:35] *** Quits: |Shadow| (Ping timeout: 240 seconds)
[15:35:21] *** |Shadow|_ is now known as |Shadow|
[16:26:54] *** Quits: GerbilSof (Quit: Windows must now restart because the Remote Procedure Call (RPC) service terminated unexpectedly.)
[17:06:45] <plutobot> GitHub | New commit | User: Narr the Reg | https://github.com/switchbrew/libnx/commit/4fcdb6eb34
[17:29:07] *** Quits: oreo639 (Read error: Operation timed out)
[18:25:22] *** Joins: refs
[22:18:32] *** Joins: GerbilSof
[23:32:44] *** Joins: oreo639
