[02:34:08] *** Quits: refs (Quit: refs)
[02:55:27] *** Quits: flotwig (Quit: ZNC - http://znc.in)
[03:07:54] *** Joins: flotwig
[03:08:48] *** Joins: GerbilSof
[03:33:00] *** Joins: sentry
[03:33:08] *** Quits: nich (Read error: Operation timed out)
[03:34:20] *** Quits: Snetry (Read error: Operation timed out)
[03:34:20] *** sentry is now known as Snetry
[03:34:34] *** Quits: tertu (Read error: Operation timed out)
[03:36:39] *** Quits: hexkyz (Ping timeout: 620 seconds)
[03:37:24] *** Quits: |Shadow| (Read error: Operation timed out)
[03:39:07] *** Quits: uyjulian (Read error: Operation timed out)
[03:48:02] *** Quits: flotwig (Quit: ZNC - http://znc.in)
[03:54:23] *** Joins: flotwig
[04:00:36] *** Joins: hexkyz
[04:01:04] *** Joins: uyjulian
[04:01:16] *** Joins: tertu
[04:03:12] *** Joins: |Shadow|
[04:04:01] *** Joins: nich
[04:08:55] *** Quits: Retr0id (Read error: Operation timed out)
[04:15:48] *** Quits: d3m3vilur (Ping timeout: 493 seconds)
[04:23:51] *** Quits: GerbilSof (Ping timeout: 857 seconds)
[04:24:14] *** Joins: GerbilSof
[04:33:50] *** Quits: Snetry (Read error: Connection reset by peer)
[04:34:17] *** Joins: Snetry
[04:36:47] *** Joins: d3m3vilur
[04:49:55] *** Quits: d3m3vilur (Ping timeout: 493 seconds)
[04:53:12] *** Joins: d3m3vilur
[05:06:39] *** Quits: flotwig (Quit: ZNC - http://znc.in)
[05:33:36] *** Quits: lex (Read error: Operation timed out)
[05:34:46] *** Quits: d3m3vilur (Ping timeout: 493 seconds)
[05:42:06] *** Joins: d3m3vilur
[05:45:54] *** Quits: Snetry (Read error: Operation timed out)
[05:49:42] *** Joins: Snetry
[05:50:03] *** Joins: lex1
[06:02:55] *** Quits: Lightswor (ny.us.hub ircd.choopa.net)
[06:02:56] *** Quits: Surkow (ny.us.hub ircd.choopa.net)
[06:02:56] *** Quits: DacoTaco (ny.us.hub ircd.choopa.net)
[06:02:56] *** Quits: CCFL_Man (ny.us.hub ircd.choopa.net)
[06:02:56] *** Quits: balrog (ny.us.hub ircd.choopa.net)
[06:02:56] *** Quits: GrecKo (ny.us.hub ircd.choopa.net)
[06:02:56] *** Quits: Maylay_ (ny.us.hub ircd.choopa.net)
[06:02:56] *** Quits: klock (ny.us.hub ircd.choopa.net)
[06:02:56] *** Quits: yls8bot (ny.us.hub ircd.choopa.net)
[06:02:56] *** Quits: yellows8 (ny.us.hub ircd.choopa.net)
[06:02:56] *** Quits: tpw_rules (ny.us.hub ircd.choopa.net)
[06:02:56] *** Quits: Cu3PO42 (ny.us.hub ircd.choopa.net)
[06:02:56] *** Quits: nich (ny.us.hub ircd.choopa.net)
[06:02:56] *** Quits: |Shadow| (ny.us.hub ircd.choopa.net)
[06:02:56] *** Quits: tertu (ny.us.hub ircd.choopa.net)
[06:02:56] *** Quits: uyjulian (ny.us.hub ircd.choopa.net)
[06:02:56] *** Quits: hexkyz (ny.us.hub ircd.choopa.net)
[06:05:44] *** Joins: hexkyz
[06:05:44] *** Joins: uyjulian
[06:05:44] *** Joins: tertu
[06:05:44] *** Joins: |Shadow|
[06:05:44] *** Joins: nich
[06:05:49] *** Joins: Cu3PO42
[08:03:47] *** Joins: flotwig
[08:28:37] *** Joins: Lightswor
[08:28:37] *** Joins: Surkow
[08:28:37] *** Joins: DacoTaco
[08:28:37] *** Joins: CCFL_Man
[08:28:37] *** Joins: balrog
[08:28:37] *** Joins: GrecKo
[08:28:37] *** Joins: Maylay_
[08:28:37] *** Joins: klock
[08:28:37] *** Joins: yls8bot
[08:28:37] *** Joins: yellows8
[08:28:37] *** Joins: tpw_rules
[08:28:37] *** irc.servercentral.net sets mode: +oo yls8bot yellows8
[09:48:27] *** Joins: |Shadow|_
[09:50:22] *** Quits: |Shadow| (Read error: Operation timed out)
[10:53:16] *** Quits: lameboy (Read error: Operation timed out)
[10:53:39] *** Joins: lameboy
[11:11:36] *** Joins: fgsfds
[12:11:16] *** Quits: oreo639 (Ping timeout: 504 seconds)
[12:56:56] *** Quits: nich (Read error: Operation timed out)
[12:58:00] *** Quits: tertu (Read error: Operation timed out)
[12:58:28] *** Quits: uyjulian (Read error: Operation timed out)
[13:01:27] *** Quits: hexkyz (Ping timeout: 620 seconds)
[13:01:35] *** Quits: |Shadow|_ (Read error: Operation timed out)
[13:22:21] *** Joins: hexkyz
[13:23:26] *** Joins: uyjulian
[13:23:46] *** Joins: tertu
[13:25:02] *** Joins: |Shadow|
[13:29:45] *** Joins: nich
[13:36:17] *** ihaveama- is now known as ihaveamac
[15:24:19] *** Quits: Lightswor (ny.us.hub ircd.choopa.net)
[15:24:19] *** Quits: Surkow (ny.us.hub ircd.choopa.net)
[15:24:19] *** Quits: DacoTaco (ny.us.hub ircd.choopa.net)
[15:24:19] *** Quits: CCFL_Man (ny.us.hub ircd.choopa.net)
[15:24:19] *** Quits: balrog (ny.us.hub ircd.choopa.net)
[15:24:19] *** Quits: GrecKo (ny.us.hub ircd.choopa.net)
[15:24:19] *** Quits: Maylay_ (ny.us.hub ircd.choopa.net)
[15:24:19] *** Quits: klock (ny.us.hub ircd.choopa.net)
[15:24:19] *** Quits: yls8bot (ny.us.hub ircd.choopa.net)
[15:24:19] *** Quits: yellows8 (ny.us.hub ircd.choopa.net)
[15:24:19] *** Quits: tpw_rules (ny.us.hub ircd.choopa.net)
[15:24:19] *** Quits: nich (ny.us.hub ircd.choopa.net)
[15:24:19] *** Quits: |Shadow| (ny.us.hub ircd.choopa.net)
[15:24:19] *** Quits: tertu (ny.us.hub ircd.choopa.net)
[15:24:19] *** Quits: uyjulian (ny.us.hub ircd.choopa.net)
[15:24:19] *** Quits: hexkyz (ny.us.hub ircd.choopa.net)
[15:46:23] *** Joins: |Shadow|
[15:58:55] *** Joins: hexkyz
[15:58:55] *** Joins: uyjulian
[15:58:55] *** Joins: tertu
[15:58:55] *** Joins: nich
[16:04:51] *** Joins: Lightswor
[16:04:52] *** Joins: Surkow
[16:04:52] *** Joins: DacoTaco
[16:04:52] *** Joins: CCFL_Man
[16:04:52] *** Joins: balrog
[16:04:52] *** Joins: GrecKo
[16:04:52] *** Joins: Maylay_
[16:04:52] *** Joins: klock
[16:04:52] *** Joins: yls8bot
[16:04:52] *** Joins: yellows8
[16:04:52] *** Joins: tpw_rules
[16:04:52] *** irc.servercentral.net sets mode: +oo yls8bot yellows8
[19:27:02] *** Quits: GerbilSof (Quit: Windows must now restart because the Remote Procedure Call (RPC) service terminated unexpectedly.)
[19:29:53] *** Joins: GerbilSof
