[02:19:00] *** Quits: fgsfds (Read error: Connection reset by peer)
[02:32:01] *** Joins: oreo639
[02:35:00] *** Joins: nrq
[02:35:00] *** Quits: nrq_ (Read error: Connection reset by peer)
[02:40:16] *** Joins: refs
[04:08:38] *** Quits: refs (Quit: refs)
[04:36:19] *** Quits: oreo639 (Ping timeout: 240 seconds)
[05:42:07] *** Joins: oreo639
[08:50:37] *** Quits: TurtleP_ (Ping timeout: 240 seconds)
[08:50:52] *** Joins: TurtleP
[09:21:30] *** Quits: oreo639 (Ping timeout: 240 seconds)
[09:42:21] *** Joins: Extrems`
[09:44:30] *** Quits: Extrems (Read error: Operation timed out)
[09:44:30] *** Extrems` is now known as Extrems
[09:45:55] *** Quits: Genolo (Read error: Operation timed out)
[09:46:21] *** Joins: Genolo
[10:10:11] *** Quits: nich (Read error: Operation timed out)
[10:10:47] *** Quits: hexkyz (Ping timeout: 620 seconds)
[10:10:59] *** Quits: tertu (Read error: Operation timed out)
[10:11:27] *** Quits: uyjulian (Read error: Operation timed out)
[10:35:50] *** Joins: hexkyz
[10:35:55] *** Joins: tertu
[10:37:35] *** Joins: uyjulian
[10:52:18] *** Joins: nich
[11:28:03] *** Joins: fgsfds
[11:53:54] *** Quits: balrog (Read error: Operation timed out)
[11:55:10] *** Joins: balrog
[14:23:07] *** Quits: Lightswor (Read error: Connection reset by peer)
[14:23:30] *** Joins: Lightswor
[18:58:11] *** Joins: refs
[22:07:00] *** Joins: oreo639
[23:53:43] *** Quits: fgsfds (Quit: Leaving)
