[00:18:03] *** Joins: n87
[00:18:21] *** Quits: n87 (Read error: Connection reset by peer)
[01:30:00] *** Quits: oreo639_ (Remote host closed the connection)
[01:31:28] *** Joins: oreo639
[01:33:40] *** Quits: oreo639 (Remote host closed the connection)
[01:35:04] *** Joins: oreo639
[02:46:28] *** Joins: oreo639_
[02:47:51] *** Quits: oreo639 (Read error: Operation timed out)
[03:21:20] *** Joins: sentry
[03:22:40] *** Quits: Snetry (Read error: Operation timed out)
[03:22:40] *** sentry is now known as Snetry
[03:44:35] *** Quits: |Shadow| (Ping timeout: 240 seconds)
[04:03:06] *** Joins: |Shadow|
[08:43:32] *** Joins: freundTe-
[08:44:04] *** Quits: freundTec (Ping timeout: 504 seconds)
[08:45:13] *** Quits: oreo639_ (Read error: Operation timed out)
[08:54:07] *** Quits: Extrems (se.hub irc.homelien.no)
[08:54:12] *** Quits: Stary (se.hub irc.homelien.no)
[08:54:12] *** Quits: Behemoth (se.hub irc.homelien.no)
[08:57:12] *** Joins: Extrems
[08:57:14] *** Joins: Stary
[08:57:14] *** Joins: Behemoth
[09:02:19] *** Joins: oreo639
[09:08:50] *** Quits: Stary (ZNC - http://znc.in)
[09:10:43] *** Quits: Extrems (se.hub irc.homelien.no)
[09:10:43] *** Quits: Behemoth (se.hub irc.homelien.no)
[09:10:44] *** Joins: Stary
[09:12:58] *** Joins: Extrems
[09:12:58] *** Joins: Behemoth
[10:24:54] *** Joins: n87
[10:41:31] *** Quits: fincs (Ping timeout: 240 seconds)
[10:41:41] *** Joins: fincs
[10:41:52] *** yls8bot sets mode: +o fincs
[10:44:19] *** Quits: phigcloud (Ping timeout: 240 seconds)
[10:47:08] *** Joins: phigcloud
[10:48:37] *** Quits: TAL (Read error: Connection reset by peer)
[12:34:05] *** Quits: oreo639 (Ping timeout: 260 seconds)
[14:28:17] *** Quits: Snetry (Read error: Connection refused)
[14:35:54] *** Quits: balrog (Bye)
[14:36:26] *** Joins: Snetry
[14:47:27] *** Joins: balrog
[17:37:53] *** Quits: n87 (Read error: Connection reset by peer)
[19:31:39] *** Joins: oreo639
[19:58:58] *** Joins: n87
[21:19:59] *** Quits: n87 (Read error: Connection reset by peer)
[21:36:05] *** Joins: n87
