[03:19:46] *** Quits: n87 (Read error: Connection reset by peer)
[06:18:19] *** Quits: oreo639 (Ping timeout: 622 seconds)
[07:31:26] *** Joins: oreo639
[08:16:11] *** Joins: lameboy2
[08:24:09] *** Quits: lameboy (Read error: Operation timed out)
[08:24:14] *** lameboy2 is now known as lameboy
[09:58:38] *** Joins: fgsfds
[10:49:24] *** Quits: oreo639 (Read error: Operation timed out)
[18:16:22] *** Joins: refs
[18:21:34] *** Quits: eggster (Remote host closed the connection)
[18:53:40] *** Joins: eggster
[19:05:27] *** Quits: balrog (Read error: Operation timed out)
[19:05:50] *** Quits: tertu (Read error: Operation timed out)
[19:07:27] *** Quits: nich (Read error: Operation timed out)
[19:07:50] *** Quits: uyjulian (Read error: Operation timed out)
[19:08:56] *** Joins: balrog
[19:11:20] *** Quits: hexkyz (Read error: Operation timed out)
[19:23:43] *** Quits: Behemoth (Quit)
[19:24:36] *** Joins: Behemoth
[19:33:01] *** Joins: tertu
[19:33:46] *** Joins: hexkyz
[19:33:51] *** Joins: uyjulian
[19:37:51] *** Joins: nich
[20:20:56] *** Joins: n87
[20:42:25] *** Quits: eggster (Quit: Got Milk? Don't ask.)
[21:09:29] *** Joins: eggster
[23:31:25] <plutobot> Wiki | Page changed: Joy-Con | User: Hexkyz | https://switchbrew.org/w/index.php?curid=55&diff=12456&oldid=12431
[23:48:47] *** Quits: n87 (Read error: Connection reset by peer)
