[01:15:14] <yls8bot> https://yls8.mtheall.com/ninupdates/reports.php?date=2021-12-01_00-15-06&sys=hac 
[01:15:19] <yls8bot> Update-details for the following hac report is now available/updated: https://yls8.mtheall.com/ninupdates/reports.php?date=2021-12-01_00-15-06&sys=hac 
[01:15:34] <yls8bot> Sysmodule SwIPC-generation .info files for the following hac report is now available/updated: https://yls8.mtheall.com/ninupdates/reports.php?date=2021-12-01_00-15-06&sys=hac 
[02:29:36] *** Quits: refs (Quit: refs)
[03:47:37] <mcj> Oh damn, new fw?
[04:38:34] *** Joins: zini
[04:38:34] *** Quits: zini- (Read error: Connection reset by peer)
[04:57:25] *** Quits: fgsfds (Read error: Connection reset by peer)
[12:45:23] *** Quits: lameboy (Ping timeout: 186 seconds)
[13:02:08] *** Joins: lameboy
[14:23:50] *** Quits: zini (Quit: -->)
[14:24:38] *** Joins: zini
[14:29:50] *** Joins: fgsfds
[14:38:22] *** Quits: oreo639 (Ping timeout: 252 seconds)
[17:19:43] *** Joins: rajkosto
[20:00:46] *** Joins: Tcm0
[20:41:40] *** Joins: refs
[20:42:46] *** Quits: ris2z (Excess Flood)
[20:43:48] *** Joins: ris2z
[21:01:52] *** Quits: rajkosto (Read error: Connection reset by peer)
[22:06:49] *** Joins: oreo639
[22:57:14] *** Quits: Tcm0 (Remote host closed the connection)
[22:57:33] *** Joins: Tcm0
[23:29:48] *** Quits: Tcm0 (Read error: Connection reset by peer)
[23:30:07] *** Joins: Tcm0
[23:42:59] *** Quits: refs (Ping timeout: 186 seconds)
