[00:02:54] *** Joins: Tcm0_
[00:06:37] *** Joins: refs`
[00:08:59] *** Quits: Tcm0 (Read error: Operation timed out)
[00:21:31] *** Joins: CCFL_Man
[00:23:41] *** Quits: refs` (Quit: refs`)
[00:35:40] *** Quits: Surkow (se.hub hub.efnet.us)
[00:35:40] *** Quits: Kyouju (se.hub hub.efnet.us)
[00:35:40] *** Quits: Cu3PO42 (se.hub hub.efnet.us)
[00:35:40] *** Quits: tpw_rules (se.hub hub.efnet.us)
[00:35:40] *** Quits: Jdbye (se.hub hub.efnet.us)
[00:35:40] *** Quits: yellows8 (se.hub hub.efnet.us)
[00:35:40] *** Quits: |Shadow| (se.hub hub.efnet.us)
[00:35:40] *** Quits: sh0e (se.hub hub.efnet.us)
[00:35:40] *** Quits: flagrama_ (se.hub hub.efnet.us)
[00:35:40] *** Quits: DacoTaco (se.hub hub.efnet.us)
[00:35:40] *** Quits: nrq_ (se.hub hub.efnet.us)
[00:35:40] *** Quits: zombie343 (se.hub hub.efnet.us)
[00:35:40] *** Quits: TurtleP (se.hub hub.efnet.us)
[00:35:40] *** Quits: Normmatt (se.hub hub.efnet.us)
[00:35:40] *** Quits: flotwig (se.hub hub.efnet.us)
[00:35:40] *** Quits: ihaveama- (se.hub hub.efnet.us)
[00:35:40] *** Quits: Tcm0_ (se.hub hub.efnet.us)
[00:35:40] *** Quits: balrog (se.hub hub.efnet.us)
[00:35:40] *** Quits: mcj (se.hub hub.efnet.us)
[00:35:41] *** Quits: uyjulian (se.hub hub.efnet.us)
[00:35:41] *** Quits: nich (se.hub hub.efnet.us)
[00:35:41] *** Quits: j0hny5 (se.hub hub.efnet.us)
[00:35:41] *** Quits: yls8bot (se.hub hub.efnet.us)
[00:35:41] *** Quits: tertu (se.hub hub.efnet.us)
[00:37:23] *** Joins: Tcm0_
[00:37:23] *** Joins: balrog
[00:37:23] *** Joins: Surkow
[00:37:23] *** Joins: |Shadow|
[00:37:23] *** Joins: mcj
[00:37:23] *** Joins: Normmatt
[00:37:23] *** Joins: flotwig
[00:37:23] *** Joins: uyjulian
[00:37:23] *** Joins: nich
[00:37:23] *** Joins: j0hny5
[00:37:23] *** Joins: yls8bot
[00:37:23] *** Joins: Kyouju
[00:37:23] *** Joins: tertu
[00:37:23] *** Joins: ihaveama-
[00:37:23] *** Joins: Cu3PO42
[00:37:23] *** Joins: sh0e
[00:37:23] *** Joins: tpw_rules
[00:37:23] *** Joins: flagrama_
[00:37:23] *** Joins: DacoTaco
[00:37:23] *** Joins: nrq_
[00:37:23] *** Joins: zombie343
[00:37:23] *** Joins: Jdbye
[00:37:23] *** Joins: yellows8
[00:37:23] *** Joins: TurtleP
[00:37:23] *** hub.efnet.us sets mode: +o yellows8
[00:37:23] *** WntrMute sets mode: +o yellows8
[00:37:36] *** yellows8 sets mode: +o yls8bot
[01:07:55] *** Quits: Tcm0_ (Read error: Connection reset by peer)
[01:08:16] *** Joins: Tcm0_
[01:40:57] *** Joins: Tcm0__
[01:46:59] *** Quits: Tcm0_ (Read error: Operation timed out)
[02:13:19] *** Quits: Tcm0__ (Remote host closed the connection)
[02:13:40] *** Joins: Tcm0__
[02:41:37] *** Quits: Tcm0__ (Leaving)
[03:13:48] *** Quits: lameboy (Quit: bbl)
[03:26:58] *** Joins: lameboy
[03:28:38] *** Quits: fgsfds (Read error: Connection reset by peer)
[06:34:54] *** lex1 is now known as lex
[08:30:01] *** Quits: tertu (Read error: Operation timed out)
[08:31:45] *** Joins: tertu
[14:26:20] *** Joins: fgsfds
[14:27:28] *** Quits: oreo639 (Read error: Operation timed out)
[17:54:02] *** Joins: bansheeru
[17:54:17] *** Quits: bansheeru (Client Quit)
[19:59:32] *** Joins: refs
[20:10:42] *** Quits: giglife (Quit: ZNC - http://znc.in)
[20:34:30] *** Joins: oreo639
[20:54:18] *** Quits: freundTe- (Quit: ZNC disconnected. Probably just rebooting my server - ZNC 1.6.6+deb1ubuntu0.2 - http://znc.in)
[20:55:34] *** Joins: freundTec
[22:52:30] *** Quits: refs (Quit: refs)
[23:06:14] *** Joins: refs
