[02:47:18] *** Quits: refs (Quit: refs)
[04:02:28] *** Quits: fgsfds (Read error: Connection reset by peer)
[07:48:15] *** Quits: zini (se.hub efnet.port80.se)
[07:48:15] *** Quits: hexkyz (se.hub efnet.port80.se)
[07:48:15] *** Quits: Whovian93 (se.hub efnet.port80.se)
[07:48:15] *** Quits: mid-kid (se.hub efnet.port80.se)
[07:48:15] *** Quits: dibas (se.hub efnet.port80.se)
[07:48:15] *** Quits: Phils3r (se.hub efnet.port80.se)
[08:12:22] *** Joins: Whovian9-
[08:12:22] *** Joins: mid-kid
[08:12:22] *** Joins: Phils3r
[08:12:22] *** Joins: dibas_
[08:12:22] *** Joins: zini-
[08:12:22] *** Joins: hexkyz_
[08:12:22] *** Joins: zini
[08:12:22] *** Joins: hexkyz
[08:12:22] *** Joins: Whovian93
[08:12:22] *** Joins: dibas
[08:28:30] *** Quits: Whovian9- (se.hub efnet.port80.se)
[08:28:30] *** Quits: mid-kid (se.hub efnet.port80.se)
[08:28:30] *** Quits: Phils3r (se.hub efnet.port80.se)
[08:28:30] *** Quits: dibas_ (se.hub efnet.port80.se)
[08:28:30] *** Quits: zini- (se.hub efnet.port80.se)
[08:28:30] *** Quits: hexkyz_ (se.hub efnet.port80.se)
[08:28:30] *** Quits: zini (se.hub efnet.port80.se)
[08:28:30] *** Quits: hexkyz (se.hub efnet.port80.se)
[08:28:30] *** Quits: Whovian93 (se.hub efnet.port80.se)
[08:28:30] *** Quits: dibas (se.hub efnet.port80.se)
[08:57:58] *** Joins: Whovian93
[08:57:58] *** Joins: hexkyz
[08:57:58] *** Joins: mid-kid
[08:57:58] *** Joins: dibas
[08:57:58] *** Joins: zini
[08:57:58] *** Joins: Phils3r_
[08:59:42] *** Quits: Whovian93 (se.hub efnet.port80.se)
[08:59:42] *** Quits: hexkyz (se.hub efnet.port80.se)
[08:59:42] *** Quits: dibas (se.hub efnet.port80.se)
[08:59:42] *** Quits: mid-kid (se.hub efnet.port80.se)
[08:59:42] *** Quits: zini (se.hub efnet.port80.se)
[08:59:42] *** Quits: Phils3r_ (se.hub efnet.port80.se)
[09:00:29] *** Joins: Whovian93
[09:00:29] *** Joins: hexkyz
[09:00:29] *** Joins: mid-kid
[09:00:29] *** Joins: dibas
[09:00:29] *** Joins: zini
[09:00:29] *** Joins: Phils3r_
[13:24:04] *** Joins: fgsfds
[14:14:08] *** Quits: sh0e (Read error: Operation timed out)
[14:14:20] *** Quits: DacoTaco (Ping timeout: 248 seconds)
[14:14:25] *** Quits: zombie343 (Read error: Operation timed out)
[14:14:34] *** Quits: nrq_ (Read error: Operation timed out)
[14:14:35] *** Joins: DacoTaco
[14:14:45] *** Joins: zombie343
[14:14:57] *** Quits: flagrama_ (Read error: Operation timed out)
[14:15:24] *** Quits: TurtleP (Ping timeout: 248 seconds)
[14:15:30] *** Joins: TurtleP
[14:16:41] *** Joins: flagrama_
[14:17:32] *** Joins: nrq
[14:17:39] *** Joins: sh0e
[14:38:10] *** Quits: oreo639 (Ping timeout: 252 seconds)
[15:42:33] *** Joins: figgis_
[15:43:27] *** Quits: fgsfds (Ping timeout: 265 seconds)
[16:40:29] *** Quits: figgis_ (Ping timeout: 265 seconds)
[16:41:09] *** Joins: fgsfds
[16:42:09] *** Quits: flagrama_ (Read error: Operation timed out)
[16:43:41] *** Joins: flagrama_
[16:46:19] *** Quits: lex (Read error: Operation timed out)
[16:47:11] *** Joins: lex1
[16:47:41] *** Quits: d3m3vilur (Ping timeout: 493 seconds)
[16:48:32] *** Joins: d3m3vilur
[16:50:45] *** Quits: blasty (Read error: Connection reset by peer)
[16:54:14] *** Joins: CCFL_Man_
[16:54:53] *** Joins: blasty
[16:57:43] *** Quits: CCFL_Man (Read error: Operation timed out)
[18:05:45] *** Joins: X-Scale
[18:34:37] *** CCFL_Man_ is now known as CCFL_Man
[20:14:26] *** Joins: CCFL_Man_
[20:16:43] *** Joins: TurtleP_
[20:18:56] *** Joins: oreo639
[20:25:13] *** Quits: CCFL_Man (se.hub efnet.port80.se)
[20:25:13] *** Quits: flagrama_ (se.hub efnet.port80.se)
[20:25:13] *** Quits: TurtleP (se.hub efnet.port80.se)
[20:25:13] *** Quits: Whovian93 (se.hub efnet.port80.se)
[20:25:14] *** Quits: hexkyz (se.hub efnet.port80.se)
[20:25:14] *** Quits: dibas (se.hub efnet.port80.se)
[20:25:14] *** Quits: mid-kid (se.hub efnet.port80.se)
[20:25:14] *** Quits: zini (se.hub efnet.port80.se)
[20:25:14] *** Quits: Phils3r_ (se.hub efnet.port80.se)
[20:44:55] *** Joins: Whovian9-
[20:44:55] *** Joins: dibas
[20:44:55] *** Joins: hexkyz_
[20:44:55] *** Joins: mid-kid
[20:44:55] *** Joins: zini-
[20:44:55] *** Joins: hexkyz
[20:50:32] *** Quits: hexkyz (Ping timeout: 745 seconds)
[20:55:03] *** Quits: mid-kid (Read error: Connection timed out)
[20:55:16] *** Joins: mid-kid
[21:00:13] *** Joins: flagrama_
[22:04:38] *** CCFL_Man_ is now known as CCFL_Man
