[01:14:48] *** Quits: |Shadow| (Ping timeout: 240 seconds)
[01:38:40] *** Joins: |Shadow|
[02:44:33] *** Joins: refs
[02:45:29] *** Quits: refs (Client Quit)
[02:55:58] *** Joins: refs
[04:21:59] *** Quits: oreo639 (Ping timeout: 492 seconds)
[04:29:27] *** Quits: refs (Quit: refs)
[05:42:35] *** Quits: fgsfds (Read error: Connection reset by peer)
[06:28:30] *** Joins: Jbdye
[06:28:30] *** Quits: Jdbye (Read error: Connection reset by peer)
[06:28:46] *** Jbdye is now known as Jdbye
[06:39:30] *** Joins: Jbdye
[06:39:30] *** Quits: Jdbye (Read error: Connection reset by peer)
[06:39:44] *** Jbdye is now known as Jdbye
[06:53:13] *** Joins: oreo639
[07:08:57] *** Quits: oreo639 (ircd.choopa.net irc.colosolutions.net)
[07:10:00] *** Joins: oreo639
[10:20:24] *** Quits: flagrama_ (se.hub efnet.port80.se)
[10:20:24] *** Quits: mid-kid (se.hub efnet.port80.se)
[10:20:24] *** Quits: Whovian9- (se.hub efnet.port80.se)
[10:20:24] *** Quits: dibas (se.hub efnet.port80.se)
[10:20:24] *** Quits: hexkyz_ (se.hub efnet.port80.se)
[10:20:24] *** Quits: zini- (se.hub efnet.port80.se)
[10:44:15] *** Joins: flagrama_
[10:55:59] *** Quits: oreo639 (Read error: Operation timed out)
[12:30:53] *** Joins: X-Scale`
[12:32:52] *** Quits: X-Scale (Ping timeout: 265 seconds)
[12:32:52] *** X-Scale` is now known as X-Scale
[13:17:03] *** Joins: refs
[13:43:04] *** Joins: dibas
[13:43:04] *** Joins: zini
[13:43:06] *** Joins: hexkyz
[13:43:13] *** Joins: Whovian93
[13:43:51] *** Joins: Phils3r
[13:43:55] *** Joins: dibas_
[13:45:28] *** Joins: zini-
[13:45:38] *** Joins: mid-kid
[13:49:02] *** Quits: dibas (Ping timeout: 734 seconds)
[13:49:02] *** Quits: zini (Ping timeout: 734 seconds)
[13:49:02] *** dibas_ is now known as dibas
[15:15:48] *** Joins: fgsfds
[15:32:22] *** Joins: mukunda
[16:49:56] *** Joins: |OMEGA|
[17:19:27] *** Joins: figgis_
[17:23:35] *** Quits: fgsfds (Ping timeout: 376 seconds)
[17:25:28] *** Quits: Jdbye (Read error: Operation timed out)
[17:27:42] *** Joins: Jdbye
[17:28:13] *** Quits: Kyouju (Read error: Operation timed out)
[17:28:43] *** Quits: Cu3PO42 (Ping timeout: 376 seconds)
[17:30:02] *** Joins: Kyouju
[17:31:25] *** Quits: Surkow (Excess Flood)
[17:31:30] *** Joins: Cu3PO42
[17:31:57] *** Joins: Surkow
[17:53:11] *** Quits: |OMEGA| (quit)
[19:29:59] *** Joins: oreo639
[20:31:06] *** Quits: lex1 (Read error: Operation timed out)
[20:33:38] *** Quits: nohit (Read error: Operation timed out)
[20:34:22] *** Joins: nohit
[20:34:31] *** Joins: lex1
[20:37:57] *** Quits: nohit (Read error: Operation timed out)
[20:49:02] *** Quits: blasty (Read error: Connection reset by peer)
[20:49:13] *** Quits: Snetry (Read error: Connection reset by peer)
[20:50:48] *** Joins: blasty
[20:59:44] *** Joins: blasty_
[21:00:01] *** Quits: blasty (Read error: Connection reset by peer)
[21:08:11] *** Joins: nohit
[21:09:13] *** Joins: Snetry
[23:19:34] *** Joins: n87
