[00:17:34] *** Quits: n87 (Read error: Connection reset by peer)
[02:35:28] *** Quits: Jdbye (Read error: Operation timed out)
[02:44:40] *** Snetry is now known as Sentry
[02:45:04] *** Joins: Jdbye
[03:01:30] *** Quits: figgis_ (Read error: Connection reset by peer)
[03:55:21] *** Quits: Jdbye (Quit: Connection reset by beer)
[04:00:15] *** Joins: Jdbye
[04:04:48] *** Quits: |Shadow| (Ping timeout: 240 seconds)
[04:33:27] *** Quits: refs (Quit: refs)
[05:47:46] *** Quits: oreo639 (Ping timeout: 252 seconds)
[05:59:11] *** Joins: oreo639
[06:42:12] *** Joins: |Shadow|
[09:17:56] *** Quits: m4ts (Ping timeout: 265 seconds)
[09:25:48] *** Joins: m4ts
[10:12:39] *** Joins: tertu2
[10:14:22] *** Quits: tertu (Read error: Operation timed out)
[10:14:22] *** tertu2 is now known as tertu
[10:40:37] *** Quits: oreo639 (Ping timeout: 612 seconds)
[11:07:52] *** Joins: wchill
[11:25:52] *** Joins: X-Scale`
[11:27:57] *** Quits: X-Scale (Ping timeout: 265 seconds)
[11:27:57] *** X-Scale` is now known as X-Scale
[12:54:48] *** Joins: n87
[13:22:13] *** Joins: fgsfds
[13:25:39] *** Joins: n87_2
[13:27:46] *** Joins: refs
[13:28:18] *** Quits: n87 (Ping timeout: 265 seconds)
[15:38:34] *** Quits: wchill (Ping timeout: 252 seconds)
[16:32:32] *** Quits: n87_2 (Read error: Connection reset by peer)
[19:28:14] *** Joins: n87
[20:42:30] *** Joins: oreo639
[22:51:00] *** Quits: Sentry (Quit: left EFNet)
[22:52:20] *** Joins: Snetry
