[00:25:06] *** Joins: rajkosto
[01:12:50] *** Quits: n87 (Read error: Connection reset by peer)
[02:50:44] *** Quits: rajkosto (Read error: Connection reset by peer)
[04:43:02] *** Quits: refs (Quit: refs)
[05:16:26] *** Quits: fgsfds (Read error: Connection reset by peer)
[08:09:07] *** Quits: mukunda (Ping timeout: 496 seconds)
[11:26:04] *** Joins: X-Scale`
[11:28:46] *** Quits: X-Scale (Ping timeout: 265 seconds)
[11:28:46] *** X-Scale` is now known as X-Scale
[12:22:18] *** Joins: m4ts_
[12:23:52] *** Quits: m4ts (Ping timeout: 265 seconds)
[12:28:42] *** Quits: oreo639 (Ping timeout: 265 seconds)
[13:34:40] *** Joins: X-Scale`
[13:36:22] *** Quits: X-Scale (Ping timeout: 265 seconds)
[13:36:22] *** X-Scale` is now known as X-Scale
[13:52:54] *** Joins: mukunda
[13:57:41] *** Quits: mukunda (Client Quit)
[14:35:19] *** Joins: fgsfds
[15:40:45] *** Quits: mcj (ALT-F4 gives you free cookies!)
[17:16:54] *** Quits: mid-kid (se.hub efnet.port80.se)
[17:16:54] *** Quits: zini- (se.hub efnet.port80.se)
[17:16:54] *** Quits: dibas (se.hub efnet.port80.se)
[17:16:54] *** Quits: Phils3r (se.hub efnet.port80.se)
[17:16:54] *** Quits: Whovian93 (se.hub efnet.port80.se)
[17:16:54] *** Quits: hexkyz (se.hub efnet.port80.se)
[18:06:46] *** Joins: mid-kid
[18:06:46] *** Joins: zini
[18:06:46] *** Joins: Phils3r_
[18:06:46] *** Joins: dibas_
[18:06:46] *** Joins: hexkyz_
[18:06:46] *** Joins: dibas
[18:06:46] *** Joins: Phils3r
[18:06:46] *** Joins: Whovian93
[18:06:46] *** Joins: hexkyz
[18:07:23] *** Quits: dibas (Ping timeout: 745 seconds)
[18:07:23] *** Quits: Phils3r (Ping timeout: 745 seconds)
[18:07:23] *** Quits: Whovian93 (Ping timeout: 745 seconds)
[18:07:23] *** dibas_ is now known as dibas
[18:08:05] *** Joins: Whovian93
[18:13:12] *** Quits: hexkyz (Ping timeout: 745 seconds)
[18:55:59] *** Joins: figgis_
[18:58:35] *** Quits: fgsfds (Ping timeout: 376 seconds)
[19:31:53] *** Joins: n87
[20:02:02] *** Joins: refs
[20:54:36] *** Joins: oreo639
[22:10:00] *** Quits: n87 (Read error: Connection reset by peer)
