[02:51:06] *** Quits: refs (Quit: refs)
[03:41:46] *** Quits: figgis_ (Read error: Connection reset by peer)
[07:01:19] *** Quits: oreo639 (Read error: Operation timed out)
[08:23:58] *** Joins: oreo639
[10:18:27] *** Quits: |Shadow| (ny.us.hub irc.Prison.NET)
[10:19:09] *** Joins: |Shadow|
[10:33:38] *** Joins: m4ts
[10:35:56] *** Quits: m4ts_ (Ping timeout: 265 seconds)
[13:34:31] *** Joins: X-Scale`
[13:36:42] *** Quits: X-Scale (Ping timeout: 265 seconds)
[13:36:42] *** X-Scale` is now known as X-Scale
[13:42:44] *** Joins: fgsfds
[13:49:44] *** Quits: oreo639 (Ping timeout: 252 seconds)
[13:50:05] *** Joins: oreo639
[13:56:11] *** Joins: figgis_
[13:57:25] *** Joins: figgis__
[13:59:54] *** Quits: fgsfds (Ping timeout: 265 seconds)
[14:01:21] *** Quits: figgis_ (Ping timeout: 265 seconds)
[14:04:04] *** Quits: oreo639 (Remote host closed the connection)
[16:27:27] *** Quits: ihaveama- (Quit: fail)
[16:27:44] *** Joins: ihaveamac
[16:42:40] *** Joins: X-Scale`
[16:44:43] *** Quits: X-Scale (Ping timeout: 265 seconds)
[16:44:43] *** X-Scale` is now known as X-Scale
[20:02:22] *** Joins: refs
[20:57:27] *** Quits: Whovian93 (se.hub efnet.port80.se)
[20:57:27] *** Quits: mid-kid (se.hub efnet.port80.se)
[20:57:27] *** Quits: zini (se.hub efnet.port80.se)
[20:57:27] *** Quits: dibas (se.hub efnet.port80.se)
[20:57:27] *** Quits: Phils3r_ (se.hub efnet.port80.se)
[20:57:27] *** Quits: hexkyz_ (se.hub efnet.port80.se)
[21:22:08] *** Joins: hexkyz
[21:22:08] *** Joins: Phils3r
[21:22:08] *** Joins: dibas
[21:22:08] *** Joins: zini-
[21:22:08] *** Joins: Whovian9-
[21:22:08] *** Joins: mid-kid
[21:23:56] *** Quits: hexkyz (se.hub efnet.port80.se)
[21:23:56] *** Quits: Phils3r (se.hub efnet.port80.se)
[21:23:56] *** Quits: dibas (se.hub efnet.port80.se)
[21:23:56] *** Quits: zini- (se.hub efnet.port80.se)
[21:23:56] *** Quits: mid-kid (se.hub efnet.port80.se)
[21:23:56] *** Quits: Whovian9- (se.hub efnet.port80.se)
[21:29:50] *** Joins: hexkyz
[21:29:50] *** Joins: Phils3r
[21:29:50] *** Joins: dibas
[21:29:50] *** Joins: zini-
[21:29:50] *** Joins: Whovian9-
[21:29:50] *** Joins: mid-kid
[21:44:44] *** Joins: Phils3r_
[21:45:38] *** Joins: Whovian93
[21:45:47] *** Joins: zini
[21:49:35] *** Joins: dibas_
[21:53:22] *** Quits: Phils3r (Ping timeout: 745 seconds)
[21:55:08] *** Quits: zini- (Ping timeout: 745 seconds)
[21:57:27] *** Quits: dibas (Ping timeout: 745 seconds)
[21:57:27] *** Quits: Whovian9- (Ping timeout: 745 seconds)
[21:57:27] *** dibas_ is now known as dibas
[23:38:08] *** Joins: rajkosto
[23:48:16] *** Joins: rajko
[23:54:16] *** Quits: rajkosto (Read error: Operation timed out)
