[00:19:28] *** Joins: bitrot
[00:20:58] *** Quits: bitrot (Client Quit)
[00:21:12] *** Joins: rajkosto
[00:21:57] *** Joins: oreo639
[00:25:06] *** Quits: rajko (Read error: Operation timed out)
[00:37:29] *** Quits: rajkosto (Ping timeout: 496 seconds)
[00:43:55] *** Joins: rajkosto
[01:00:57] *** Quits: rajkosto (Ping timeout: 248 seconds)
[01:03:54] *** Joins: rajko
[01:08:41] *** Quits: Snetry (Read error: Connection reset by peer)
[01:11:40] *** Quits: blasty_ (Read error: Connection reset by peer)
[01:11:44] *** Quits: nohit (Ping timeout: 493 seconds)
[01:13:39] *** Quits: d3m3vilur (Ping timeout: 493 seconds)
[01:15:19] *** Quits: lex1 (Read error: Operation timed out)
[01:34:24] *** Joins: nohit
[01:35:36] *** Joins: Snetry
[01:36:08] *** Joins: d3m3vilur
[01:39:12] *** Joins: blasty
[01:41:17] *** Joins: lex1
[02:10:37] *** Quits: oreo639 (Ping timeout: 745 seconds)
[02:11:01] *** Quits: rajko (Quit: Leaving)
[02:36:56] *** Quits: refs (Quit: refs)
[02:48:11] *** Joins: rajkosto
[02:56:52] *** Quits: flotwig (Quit: ZNC - http://znc.in)
[02:57:59] *** Joins: flotwig
[03:23:12] *** Quits: figgis__ (Read error: Connection reset by peer)
[03:29:10] *** Joins: oreo639
[04:09:18] *** Snetry is now known as Sentry
[04:49:51] *** Joins: tertu2
[04:49:51] *** Quits: tertu (Read error: Connection reset by peer)
[04:49:51] *** tertu2 is now known as tertu
[05:02:27] *** Quits: rajkosto (Read error: Connection reset by peer)
[08:02:58] *** Joins: tertu2
[08:03:20] *** Quits: tertu (Read error: Operation timed out)
[08:03:20] *** tertu2 is now known as tertu
[12:04:33] *** Joins: derrek_
[12:04:52] *** Joins: Behemoth_
[12:04:53] *** Joins: GrecKo_
[12:07:54] *** Quits: derrek (Ping timeout: 492 seconds)
[12:07:54] *** derrek_ is now known as derrek
[12:08:04] *** Quits: GrecKo (Read error: Connection reset by peer)
[12:08:22] *** Quits: Behemoth (Ping timeout: 492 seconds)
[12:40:33] *** Quits: oreo639 (Read error: Operation timed out)
[14:19:20] *** Joins: fgsfds
[14:32:25] *** Quits: sh0e (Quit: Bye.)
[14:54:49] *** Joins: sh0e
[16:04:55] *** Joins: rajkosto
[16:42:40] *** Joins: X-Scale`
[16:45:03] *** Quits: X-Scale (Ping timeout: 265 seconds)
[16:45:03] *** X-Scale` is now known as X-Scale
[19:28:09] *** Quits: flagrama_ (Read error: Connection reset by peer)
[19:28:23] *** Quits: phigcloud (Read error: Connection reset by peer)
[19:28:25] *** Quits: pieman (Ping timeout: 265 seconds)
[19:28:34] *** Quits: d3m3vilur (Read error: Connection reset by peer)
[19:28:59] *** Joins: d3m3vilur
[19:29:04] *** Joins: flagrama_
[19:29:22] *** Joins: phigcloud
[19:29:25] *** Joins: pieman
[19:38:16] *** Joins: figgis_
[19:42:43] *** Quits: fgsfds (Ping timeout: 376 seconds)
[19:52:10] *** Quits: CCFL_Man (Read error: Connection reset by peer)
[19:53:40] *** Quits: figgis_ (Remote host closed the connection)
[19:54:29] *** Joins: figgis_
[20:07:35] *** Quits: rajkosto (Read error: Connection reset by peer)
[20:10:18] *** Joins: oreo639
[20:31:27] *** Quits: oreo639 (Ping timeout: 492 seconds)
[21:15:54] *** Joins: oreo639
[22:17:08] *** Joins: fgsfds
[22:19:29] *** Joins: refs
[22:20:27] *** Quits: figgis_ (Ping timeout: 376 seconds)
