[00:40:42] *** Quits: n87 (Read error: Connection reset by peer)
[00:40:43] *** Joins: oreo639
[01:51:52] *** Quits: |Shadow| (Read error: Operation timed out)
[01:55:02] *** Joins: |Shadow|
[02:27:42] *** Quits: refs (Quit: refs)
[04:56:02] *** Quits: oreo639 (Quit: Quit)
[04:59:37] *** Joins: X-Scale`
[05:01:01] *** Quits: X-Scale (Ping timeout: 265 seconds)
[05:01:01] *** X-Scale` is now known as X-Scale
[05:55:39] *** Quits: fgsfds (Read error: Connection reset by peer)
[07:19:20] *** Quits: tertu (so long...)
[07:19:32] *** Joins: tertu
[11:16:22] *** Joins: n87
[11:33:01] *** Joins: X-Scale`
[11:34:27] *** Quits: X-Scale (Ping timeout: 265 seconds)
[11:34:27] *** X-Scale` is now known as X-Scale
[12:00:38] *** Quits: lameboy (Read error: Connection reset by peer)
[12:01:01] *** Joins: lameboy
[12:43:56] *** Joins: fgsfds
[13:15:57] *** Quits: n87 (Ping timeout: 265 seconds)
[16:53:47] *** Quits: balrog (Bye)
[16:58:38] *** Joins: balrog
[17:12:46] *** Joins: n87
[20:54:33] *** Joins: refs
