[00:18:51] *** Quits: n87 (Read error: Connection reset by peer)
[00:39:55] *** Joins: rajkosto
[00:48:03] *** Quits: refs (Ping timeout: 186 seconds)
[00:55:19] *** Joins: refs
[01:19:12] *** Quits: rajkosto (Quit: Leaving)
[01:19:31] *** Joins: rajkosto
[01:22:14] *** Quits: rajkosto (Client Quit)
[01:22:35] *** Joins: rajkosto
[01:24:46] *** Joins: oreo639
[02:10:00] *** Quits: Surkow (Remote host closed the connection)
[02:33:42] *** Quits: oreo639 (Read error: Operation timed out)
[03:15:03] *** Quits: fgsfds (Read error: Connection reset by peer)
[04:09:33] *** Quits: refs (Quit: refs)
[04:20:19] *** Joins: oreo639
[10:26:35] *** Quits: rajkosto (Read error: Connection reset by peer)
[10:55:34] *** Joins: Surkow
[11:25:05] *** Quits: oreo639 (Read error: Operation timed out)
[11:32:21] *** Joins: X-Scale`
[11:34:18] *** Quits: X-Scale (Ping timeout: 265 seconds)
[11:34:21] *** X-Scale` is now known as X-Scale
[12:17:32] *** Joins: fgsfds
[13:58:41] *** Joins: n87
[15:56:58] *** Joins: rajkosto
[16:19:52] *** Joins: X-Scale`
[16:21:24] *** Quits: X-Scale (Ping timeout: 265 seconds)
[16:21:24] *** X-Scale` is now known as X-Scale
[16:55:16] *** Quits: rajkosto (Read error: Connection reset by peer)
[18:16:36] *** Joins: refs
[18:25:31] *** Joins: m4ts_
[18:26:06] *** Quits: m4ts (Ping timeout: 265 seconds)
[18:48:04] *** Joins: rajkosto
[19:28:21] *** Quits: rajkosto (Read error: Connection reset by peer)
[19:33:46] *** Quits: n87 (Ping timeout: 265 seconds)
[19:41:57] *** Joins: n87
[22:07:15] *** Joins: oreo639
[22:08:17] *** Joins: giglife
[22:34:45] *** Joins: tertu2
[22:36:41] *** Quits: tertu (Read error: Operation timed out)
[22:36:41] *** tertu2 is now known as tertu
[23:32:43] *** Quits: n87 (Read error: Connection reset by peer)
