[00:58:21] *** Joins: rajkosto
[03:56:21] *** Quits: Normmatt (Quit: ZNC - http://znc.in)
[04:01:45] *** Joins: Normmatt
[04:42:52] *** Quits: refs (Quit: refs)
[05:08:21] *** Quits: fgsfds (Read error: Connection reset by peer)
[05:19:15] *** Quits: rajkosto (Read error: Connection reset by peer)
[11:57:44] *** Quits: oreo639 (Read error: Operation timed out)
[13:26:06] *** Joins: refs
[14:34:53] *** Joins: fgsfds
[16:19:18] *** Joins: X-Scale`
[16:20:46] *** Quits: X-Scale (Ping timeout: 265 seconds)
[16:20:46] *** X-Scale` is now known as X-Scale
[16:53:11] *** Joins: X-Scale`
[16:55:05] *** Quits: X-Scale (Ping timeout: 265 seconds)
[16:55:05] *** X-Scale` is now known as X-Scale
[19:09:58] *** Joins: rajkosto
[19:35:03] *** Quits: Sentry (Quit: left EFNet)
[19:35:53] *** Joins: Sentry
[20:18:00] *** Joins: n87
[21:21:08] *** Quits: rajkosto (Read error: Connection reset by peer)
[23:45:26] *** Quits: n87 (Read error: Connection reset by peer)
