[00:30:43] *** Joins: CCFL_Man
[00:54:29] *** Joins: oreo639
[02:10:35] *** Quits: fgsfds (Ping timeout: 376 seconds)
[02:26:34] *** Quits: lameboy (Ping timeout: 612 seconds)
[02:27:00] *** Joins: lameboy
[04:47:26] *** Quits: refs (Quit: refs)
[06:39:11] *** Quits: oreo639 (Quit: Quit)
[11:25:50] *** Joins: n87
[12:22:30] *** Joins: m4ts
[12:23:47] *** Quits: m4ts_ (Ping timeout: 265 seconds)
[13:43:56] *** Joins: zini-
[13:43:56] *** Quits: zini (Read error: Connection reset by peer)
[13:49:32] *** Quits: hexkyz (Ping timeout: 745 seconds)
[13:49:52] *** Joins: fgsfds
[13:52:25] *** Joins: hexkyz
[13:54:56] *** Quits: hexkyz (Read error: Connection reset by peer)
[13:55:16] *** Joins: hexkyz
[14:08:12] *** Quits: hexkyz (Ping timeout: 745 seconds)
[14:09:02] *** Joins: hexkyz
[14:21:37] *** Quits: hexkyz (Ping timeout: 745 seconds)
[14:22:27] *** Joins: hexkyz
[14:42:02] *** Quits: hexkyz (Ping timeout: 745 seconds)
[14:42:21] *** Joins: hexkyz
[16:53:47] *** Joins: X-Scale`
[16:55:25] *** Quits: X-Scale (Ping timeout: 265 seconds)
[16:55:25] *** X-Scale` is now known as X-Scale
[18:00:49] *** Quits: n87 (Read error: Connection reset by peer)
[18:27:07] *** Joins: X-Scale`
[18:28:42] *** Quits: X-Scale (Ping timeout: 265 seconds)
[18:28:42] *** X-Scale` is now known as X-Scale
[19:38:14] *** Joins: m4ts_
[19:40:14] *** Quits: m4ts (Ping timeout: 265 seconds)
[20:01:42] *** Joins: refs
