[00:05:42] *** Quits: |Shadow| (se.hub hub.efnet.us)
[00:05:42] *** Quits: Surkow (se.hub hub.efnet.us)
[00:05:42] *** Quits: Behemoth_ (se.hub hub.efnet.us)
[00:05:42] *** Quits: Jdbye (se.hub hub.efnet.us)
[00:05:42] *** Quits: Cu3PO42 (se.hub hub.efnet.us)
[00:05:42] *** Quits: Kyouju (se.hub hub.efnet.us)
[00:05:42] *** Quits: TurtleP_ (se.hub hub.efnet.us)
[00:05:42] *** Quits: freundTec (se.hub hub.efnet.us)
[00:05:42] *** Quits: tpw_rules (se.hub hub.efnet.us)
[00:05:42] *** Quits: yellows8 (se.hub hub.efnet.us)
[00:05:42] *** Quits: sh0e (se.hub hub.efnet.us)
[00:05:42] *** Quits: flotwig (se.hub hub.efnet.us)
[00:05:42] *** Quits: lameboy (se.hub hub.efnet.us)
[00:05:43] *** Quits: tertu (se.hub hub.efnet.us)
[00:05:43] *** Quits: balrog (se.hub hub.efnet.us)
[00:05:43] *** Quits: GerbilSof (se.hub hub.efnet.us)
[00:05:43] *** Quits: djorz (se.hub hub.efnet.us)
[00:05:43] *** Quits: GrecKo_ (se.hub hub.efnet.us)
[00:05:43] *** Quits: ihaveamac (se.hub hub.efnet.us)
[00:05:43] *** Quits: DacoTaco (se.hub hub.efnet.us)
[00:05:43] *** Quits: uyjulian (se.hub hub.efnet.us)
[00:05:43] *** Quits: nich (se.hub hub.efnet.us)
[00:05:43] *** Quits: j0hny5 (se.hub hub.efnet.us)
[00:05:43] *** Quits: yls8bot (se.hub hub.efnet.us)
[00:07:21] *** Joins: lameboy
[00:07:21] *** Joins: tertu
[00:07:21] *** Joins: Surkow
[00:07:21] *** Joins: balrog
[00:07:21] *** Joins: |Shadow|
[00:07:21] *** Joins: djorz
[00:07:21] *** Joins: GerbilSof
[00:07:21] *** Joins: flotwig
[00:07:21] *** Joins: sh0e
[00:07:21] *** Joins: GrecKo_
[00:07:21] *** Joins: Behemoth_
[00:07:21] *** Joins: ihaveamac
[00:07:21] *** Joins: Jdbye
[00:07:21] *** Joins: Cu3PO42
[00:07:21] *** Joins: Kyouju
[00:07:21] *** Joins: TurtleP_
[00:07:21] *** Joins: DacoTaco
[00:07:21] *** Joins: freundTec
[00:07:21] *** Joins: uyjulian
[00:07:21] *** Joins: nich
[00:07:21] *** Joins: j0hny5
[00:07:21] *** Joins: yls8bot
[00:07:21] *** Joins: tpw_rules
[00:07:21] *** Joins: yellows8
[00:07:21] *** hub.efnet.us sets mode: +oo yls8bot yellows8
[00:07:21] *** WntrMute sets mode: +o yellows8
[02:53:12] *** Quits: |Shadow| (Ping timeout: 240 seconds)
[02:55:20] *** Joins: |Shadow|
[03:02:19] *** Quits: refs (Quit: refs)
[04:12:05] *** Quits: fgsfds (Read error: Connection reset by peer)
[12:49:07] *** Quits: hexkyz (Ping timeout: 745 seconds)
[12:50:57] *** Joins: hexkyz
[14:03:18] *** Joins: fgsfds
[15:31:59] *** Quits: fgsfds (Ping timeout: 376 seconds)
[15:33:51] *** Joins: fgsfds
[18:26:27] *** Joins: X-Scale`
[18:29:02] *** Quits: X-Scale (Ping timeout: 265 seconds)
[18:29:02] *** X-Scale` is now known as X-Scale
[20:12:46] *** Joins: refs
[21:18:46] *** Quits: djorz (Read error: Operation timed out)
[21:39:54] *** Quits: sh0e (hub.efnet.us ircd.choopa.net)
[21:39:54] *** Quits: flotwig (hub.efnet.us ircd.choopa.net)
[21:39:55] *** Quits: lameboy (hub.efnet.us ircd.choopa.net)
[21:39:55] *** Quits: tertu (hub.efnet.us ircd.choopa.net)
[21:39:55] *** Quits: balrog (hub.efnet.us ircd.choopa.net)
[21:39:55] *** Quits: GerbilSof (hub.efnet.us ircd.choopa.net)
[21:39:55] *** Quits: GrecKo_ (hub.efnet.us ircd.choopa.net)
[21:39:55] *** Quits: ihaveamac (hub.efnet.us ircd.choopa.net)
[21:39:55] *** Quits: DacoTaco (hub.efnet.us ircd.choopa.net)
[21:39:55] *** Quits: uyjulian (hub.efnet.us ircd.choopa.net)
[21:39:55] *** Quits: nich (hub.efnet.us ircd.choopa.net)
[21:39:55] *** Quits: j0hny5 (hub.efnet.us ircd.choopa.net)
[21:39:55] *** Quits: yls8bot (hub.efnet.us ircd.choopa.net)
[21:49:14] *** Joins: lameboy
[21:49:14] *** Joins: tertu
[21:49:14] *** Joins: balrog
[21:49:14] *** Joins: GerbilSof
[21:49:14] *** Joins: flotwig
[21:49:14] *** Joins: sh0e
[21:49:14] *** Joins: GrecKo_
[21:49:14] *** Joins: ihaveamac
[21:49:14] *** Joins: DacoTaco
[21:49:14] *** Joins: uyjulian
[21:49:14] *** Joins: nich
[21:49:14] *** Joins: j0hny5
[21:49:14] *** Joins: yls8bot
[21:49:14] *** ircd.choopa.net sets mode: +o yls8bot
