[01:01:55] *** Joins: djorz
[01:43:13] *** Joins: tertu2
[01:45:26] *** Quits: tertu (Read error: Operation timed out)
[01:45:27] *** tertu2 is now known as tertu
[02:23:16] *** Quits: fgsfds (Read error: Connection reset by peer)
[02:45:23] *** Quits: refs (Quit: refs)
[06:36:27] *** Quits: X-Scale (Ping timeout: 265 seconds)
[06:36:46] *** Joins: X-Scale`
[06:37:40] *** X-Scale` is now known as X-Scale
[06:47:37] *** Joins: nikitalit
[06:51:49] *** Quits: balrog (Read error: Operation timed out)
[06:52:47] *** Joins: balrog
[07:09:52] *** Quits: nikitalit (Read error: Connection reset by peer)
[08:25:57] *** Joins: rajkosto
[09:12:24] *** Quits: |Shadow| (Ping timeout: 240 seconds)
[09:33:06] *** Joins: |Shadow|
[09:54:47] *** Joins: rajko
[09:55:51] *** Quits: rajkosto (Read error: Operation timed out)
[10:21:35] *** Quits: rajko (Read error: Connection reset by peer)
[12:30:12] *** Joins: n87
[12:41:47] *** Quits: n87 (Read error: Connection reset by peer)
[14:16:00] *** Quits: |Shadow| (Ping timeout: 240 seconds)
[14:19:07] *** Joins: |Shadow|
[14:31:34] *** Quits: thomasnet (Ping timeout: 265 seconds)
[14:33:52] *** Joins: thomasnet
[14:40:37] *** Joins: n87
[16:26:06] *** Joins: fgsfds
[21:21:50] *** Quits: balrog (Bye)
[21:23:24] *** Joins: balrog
[21:25:04] *** Quits: balrog (Client Quit)
[21:25:20] *** Joins: balrog
[21:29:28] *** Joins: refs
[21:43:46] *** Quits: balrog (Remote host closed the connection)
[21:45:15] *** Joins: balrog
[21:45:23] *** Joins: rajkosto
[21:47:35] *** Quits: balrog (Client Quit)
[21:52:07] *** Joins: balrog
[22:23:52] *** Quits: rajkosto (Read error: Operation timed out)
[23:46:05] *** Quits: n87 (Read error: Connection reset by peer)
