[00:32:21] *** Quits: fgsfds (Ping timeout: 265 seconds)
[00:58:40] *** Joins: fgsfds
[00:59:11] *** Joins: rajkosto
[01:12:24] *** Joins: figgis_
[01:15:55] *** Quits: fgsfds (Ping timeout: 376 seconds)
[01:54:40] *** Quits: balrog (Quit: Bye)
[01:59:44] *** Joins: balrog
[02:47:43] *** Quits: refs (Quit: refs)
[04:14:00] *** Quits: figgis_ (Read error: Connection reset by peer)
[06:34:39] *** Joins: X-Scale`
[06:36:47] *** Quits: X-Scale (Ping timeout: 265 seconds)
[06:36:47] *** X-Scale` is now known as X-Scale
[08:00:48] *** Quits: |Shadow| (Ping timeout: 240 seconds)
[08:17:28] *** Joins: |Shadow|
[08:33:09] *** Quits: rajkosto (Read error: Connection reset by peer)
[09:56:35] *** Joins: rajkosto
[11:32:17] *** Quits: rajkosto (Read error: Connection reset by peer)
[12:02:31] *** Quits: Surkow (Remote host closed the connection)
[12:15:55] *** Joins: Surkow
[12:38:10] *** Joins: fgsfds
[13:11:16] *** Joins: n87
[18:36:39] *** Joins: X-Scale`
[18:38:24] *** Quits: X-Scale (Ping timeout: 265 seconds)
[18:38:24] *** X-Scale` is now known as X-Scale
[18:55:19] *** Quits: n87 (Ping timeout: 265 seconds)
[18:57:31] *** Joins: n87
[19:24:48] *** Quits: n87 (Ping timeout: 265 seconds)
[19:30:04] *** Joins: n87
[19:30:05] *** Quits: n87 (Read error: Connection reset by peer)
[19:32:45] *** Joins: n87
[20:08:26] *** Joins: X-Scale`
[20:10:14] *** Quits: X-Scale (Ping timeout: 265 seconds)
[20:10:14] *** X-Scale` is now known as X-Scale
[20:11:26] *** Quits: m4ts_ (Remote host closed the connection)
[20:15:17] *** Joins: refs
[20:18:14] *** Joins: m4ts
[22:10:11] *** Quits: sh0e (Bye.)
[22:41:17] *** Joins: sh0e
[23:48:15] *** Quits: n87 (Read error: Connection reset by peer)
