[04:54:02] *** Joins: rajkosto
[05:07:25] *** Quits: fgsfds (Read error: Connection reset by peer)
[05:24:35] *** Joins: rajko
[05:24:35] *** Quits: rajkosto (Read error: Connection reset by peer)
[06:03:35] *** Quits: rajko (Read error: Connection reset by peer)
[06:04:44] *** Joins: rajkosto
[06:54:33] *** Joins: rajko
[06:58:26] *** Quits: rajkosto (Read error: Operation timed out)
[06:59:09] *** Quits: rajko (Client Quit)
[06:59:27] *** Joins: rajkosto
[07:00:29] *** Quits: rajkosto (Client Quit)
[07:01:07] *** Joins: rajkosto
[09:13:47] *** Quits: rajkosto (Read error: Connection reset by peer)
[09:14:04] *** Joins: rajkosto
[10:12:26] *** Quits: rajkosto (Read error: Operation timed out)
[10:30:45] *** Joins: rajkosto
[10:38:48] *** Quits: rajkosto (Quit: Leaving)
[10:44:26] *** Joins: rajkosto
[10:47:45] *** Quits: rajkosto (Client Quit)
[10:48:02] *** Joins: rajkosto
[11:12:35] *** Joins: rajko
[11:12:35] *** Quits: rajkosto (Read error: Connection reset by peer)
[11:12:45] *** Quits: rajko (Client Quit)
[11:13:00] *** Joins: rajkosto
[11:42:01] *** Joins: rajko
[11:42:01] *** Quits: rajkosto (Read error: Connection reset by peer)
[12:03:12] *** Quits: rajko (Quit: Leaving)
[12:08:10] *** Joins: rajkosto
[13:08:47] *** Quits: rajkosto (Read error: Operation timed out)
[13:20:54] *** Joins: rajkosto
[13:24:25] *** Joins: fgsfds
[13:49:00] *** Joins: rajko
[13:49:00] *** Quits: rajkosto (Read error: Connection reset by peer)
[13:57:36] *** Quits: rajko (Read error: Connection reset by peer)
[13:57:36] *** Joins: bitrot
[13:58:25] *** Quits: bitrot (Client Quit)
[13:58:41] *** Joins: rajkosto
[14:43:56] *** Quits: rajkosto (Read error: Connection reset by peer)
[15:08:08] *** Quits: Surkow (Remote host closed the connection)
[15:17:54] *** Joins: Surkow
[17:09:26] *** Joins: n87
[18:08:09] *** Joins: X-Scale`
[18:09:06] *** Quits: X-Scale (Ping timeout: 265 seconds)
[18:09:06] *** X-Scale` is now known as X-Scale
[18:38:35] *** Quits: averne (quit)
[18:38:49] *** Joins: averne_
[18:38:49] *** Server sets mode: +stn 
[18:39:16] *** Quits: zombie343 (se.hub efnet.deic.eu)
[18:39:16] *** Quits: lemmy (se.hub efnet.deic.eu)
[18:39:16] *** Quits: jsa_ (se.hub efnet.deic.eu)
[18:39:16] *** Quits: averne (se.hub efnet.deic.eu)
[18:39:16] *** Quits: Maylay (se.hub efnet.deic.eu)
[18:44:02] *** Joins: zombie343
[18:44:02] *** Joins: lemmy
[18:44:02] *** Joins: jsa_
[18:44:02] *** Joins: averne
[18:44:02] *** Joins: Maylay
[18:44:54] *** Quits: zombie343 (Read error: Operation timed out)
[18:45:21] *** Joins: zombie343
[18:46:07] *** Quits: averne (Read error: Operation timed out)
[18:46:07] *** averne_ is now known as averne
[18:54:54] *** lex1 is now known as lex
[20:51:32] *** Quits: yls8bot (Read error: Operation timed out)
[20:51:35] *** Joins: yls8bot
[20:51:41] *** Quits: balrog (Read error: Operation timed out)
[20:51:46] *** yellows8 sets mode: +o yls8bot
[20:52:21] *** Joins: balrog
[20:52:36] *** Quits: djorz (Read error: Operation timed out)
[20:53:17] *** Quits: tertu (Read error: Operation timed out)
[20:54:55] *** Quits: j0hny5 (Read error: Operation timed out)
[20:54:58] *** Quits: uyjulian (Read error: Operation timed out)
[20:55:08] *** Quits: nich (Read error: Operation timed out)
[20:55:17] *** Joins: uyjulian
[20:57:16] *** Quits: GerbilSof (Read error: Operation timed out)
[20:57:43] *** Joins: GerbilSof
[20:58:11] *** Quits: DacoTaco (Read error: Operation timed out)
[20:59:00] *** Joins: DacoTaco
[20:59:01] *** Joins: ihaveama-
[20:59:56] *** Quits: GrecKo_ (Ping timeout: 600 seconds)
[20:59:59] *** Joins: GrecKo
[21:02:01] *** Quits: ihaveamac (Ping timeout: 600 seconds)
[21:14:35] *** Joins: j0hny5
[21:17:38] *** Joins: tertu
[22:11:19] *** Quits: n87 (Read error: Connection reset by peer)
[22:19:23] *** Joins: nich
[23:17:49] *** Joins: rajkosto
