[00:01:21] *** Joins: rajko
[00:01:21] *** Quits: rajkosto (Read error: Connection reset by peer)
[00:01:21] *** Quits: GerbilSof (Read error: Connection reset by peer)
[00:02:10] *** Joins: GerbilSof
[00:08:13] *** Quits: rajko (Ping timeout: 265 seconds)
[00:09:37] *** Joins: rajkosto
[00:10:38] *** Quits: rajkosto (Client Quit)
[00:12:42] *** Joins: rajkosto
[00:12:58] *** Quits: rajkosto (Client Quit)
[00:14:41] *** Joins: rajkosto
[01:13:25] *** Quits: rajkosto (Quit: Leaving)
[01:16:59] *** Joins: rajkosto
[01:59:31] *** Joins: rajko
[01:59:31] *** Quits: rajkosto (Read error: Connection reset by peer)
[02:02:20] *** Quits: rajko (Client Quit)
[02:02:29] *** Joins: rajkosto
[02:13:49] *** Quits: fgsfds (Read error: Connection reset by peer)
[02:25:20] *** Quits: rajkosto (Quit: Leaving)
[02:27:16] *** Joins: rajkosto
[02:34:47] *** Quits: rajkosto (Quit: Leaving)
[02:35:48] *** Joins: rajkosto
[03:30:15] *** Quits: rajkosto (Ping timeout: 265 seconds)
[04:51:07] *** Joins: rajkosto
[05:14:39] *** Quits: rajkosto (Read error: Connection reset by peer)
[05:25:30] *** Joins: rajkosto
[05:25:40] *** Quits: rajkosto (Read error: Connection reset by peer)
[05:26:20] *** Joins: rajkosto
[05:41:44] *** Quits: rajkosto (Quit: Leaving)
[05:46:01] *** Joins: rajkosto
[06:08:18] *** Quits: rajkosto (Ping timeout: 265 seconds)
[06:11:47] *** Joins: rajkosto
[06:18:38] *** Quits: rajkosto (Ping timeout: 252 seconds)
[06:21:17] *** Joins: rajkosto
[06:21:53] *** Quits: rajkosto (Client Quit)
[07:07:48] *** Joins: rajkosto
[07:58:51] *** Joins: rajko
[07:58:51] *** Quits: rajkosto (Read error: Connection reset by peer)
[07:59:15] *** Quits: rajko (Client Quit)
[08:01:48] *** Joins: rajkosto
[08:07:54] *** Quits: rajkosto (Leaving)
[08:16:41] *** Joins: rajkosto
[08:20:11] *** Joins: rajko
[08:20:11] *** Quits: rajkosto (Read error: Connection reset by peer)
[08:25:27] *** Joins: rajkosto
[08:25:27] *** Quits: rajko (Read error: Connection reset by peer)
[08:36:22] *** Joins: m4ts_
[08:36:41] *** Quits: m4ts (Ping timeout: 265 seconds)
[08:46:29] *** Quits: rajkosto (Leaving)
[08:51:19] *** Joins: rajkosto
[08:53:51] *** Quits: rajkosto (Client Quit)
[09:25:47] *** Joins: rajkosto
[09:40:21] *** Quits: rajkosto (Read error: Connection reset by peer)
[09:58:17] *** Joins: rajkosto
[10:09:18] *** Joins: rajko
[10:09:18] *** Quits: rajkosto (Read error: Connection reset by peer)
[10:48:20] *** Quits: rajko (Leaving)
[10:49:41] *** Joins: rajkosto
[10:55:28] *** Quits: rajkosto (Leaving)
[10:57:22] *** Joins: rajkosto
[10:59:28] *** Quits: rajkosto (Client Quit)
[11:00:45] *** Joins: rajkosto
[11:05:54] *** Quits: rajkosto (Leaving)
[11:10:37] *** Joins: rajkosto
[11:37:27] *** Joins: djorz
[13:26:22] *** Joins: refs
[14:19:58] *** Quits: rajkosto (Leaving)
[14:21:27] *** Joins: rajkosto
[15:43:37] *** Joins: rajko
[15:46:48] *** Quits: rajkosto (Ping timeout: 240 seconds)
[16:08:43] *** Quits: rajko (Read error: Connection reset by peer)
[18:07:31] *** Joins: X-Scale`
[18:09:26] *** Quits: X-Scale (Ping timeout: 265 seconds)
[18:09:26] *** X-Scale` is now known as X-Scale
[19:40:26] *** Joins: fgsfds
[19:42:46] *** Joins: X-Scale`
[19:44:10] *** Quits: X-Scale (Ping timeout: 265 seconds)
[19:44:10] *** X-Scale` is now known as X-Scale
