[00:41:35] *** Joins: rajkosto
[01:36:20] *** Joins: rajko
[01:36:20] *** Quits: rajko (Read error: Connection reset by peer)
[01:45:25] *** Joins: oreo639
[01:48:58] *** Quits: oreo639 (Client Quit)
[01:49:21] *** Joins: oreo639
[04:06:48] *** Quits: rajkosto (Quit: Leaving)
[04:31:28] *** Quits: fgsfds (Read error: Connection reset by peer)
[04:45:29] *** Quits: refs (Quit: refs)
[05:03:37] *** Parts: giglife ()
[06:09:31] *** Joins: rajkosto
[08:02:10] *** Quits: rajkosto (Read error: Connection reset by peer)
[08:32:52] *** Quits: oreo639 (Quit: Quit)
[09:01:22] *** Joins: oreo639
[09:04:07] *** Quits: oreo639 (Client Quit)
[09:04:57] *** Joins: oreo639
[10:58:49] *** Joins: rajkosto
[11:05:53] *** Quits: rajkosto (Ping timeout: 265 seconds)
[11:32:54] *** Quits: oreo639 (Read error: Operation timed out)
[12:22:16] *** Joins: m4ts
[12:23:42] *** Quits: m4ts_ (Ping timeout: 265 seconds)
[14:46:25] *** Joins: fgsfds
[15:24:44] *** Quits: omlet05 (Quit: http://quassel-irc.org - Chat comfortably. Anywhere.)
[15:28:09] *** Joins: omlet05
[16:24:00] *** Quits: |Shadow| (Ping timeout: 240 seconds)
[16:27:34] *** Joins: |Shadow|
[19:44:01] *** Quits: X-Scale (Ping timeout: 265 seconds)
[19:44:30] *** Joins: X-Scale`
[19:44:40] *** X-Scale` is now known as X-Scale
[19:47:32] *** Joins: X-Scale`
[19:49:49] *** Quits: X-Scale (Ping timeout: 265 seconds)
[19:49:49] *** X-Scale` is now known as X-Scale
[20:04:26] *** Joins: refs
[21:08:39] *** Quits: Surkow (Quit: 418 I'm a teapot - NOP NOP NOP)
[21:09:01] *** Joins: Surkow
[22:38:35] *** Joins: n87
[23:05:56] *** Joins: oreo639
[23:14:12] *** Quits: GerbilSof (Ping timeout: 252 seconds)
[23:17:12] *** Joins: GerbilSof
[23:20:56] *** Quits: lameboy (Read error: Operation timed out)
[23:22:00] *** Joins: lameboy
