[00:15:01] *** Quits: Phils3r_ (Quit: ZNC - https://znc.in)
[00:15:05] *** Joins: Phils3r
[00:25:01] *** Quits: n87 (Read error: Connection reset by peer)
[01:20:36] *** Quits: oreo639 (Read error: Operation timed out)
[01:50:02] *** Joins: oreo639
[02:37:48] *** Quits: refs (Quit: refs)
[02:54:02] *** Quits: fgsfds (Read error: Connection reset by peer)
[05:00:19] *** Quits: oreo639 (Ping timeout: 496 seconds)
[05:48:36] *** Joins: oreo639
[08:24:01] *** Quits: Maylay (Ping timeout: 612 seconds)
[08:24:18] *** Joins: Maylay
[10:59:44] *** Quits: oreo639 (Quit)
[12:24:16] *** Joins: GeekShado
[12:37:31] *** Joins: fgsfds
[13:25:06] *** Joins: m4ts_
[13:26:23] *** Quits: m4ts (Ping timeout: 265 seconds)
[14:34:46] *** Joins: omlet05_
[16:10:15] *** Joins: n87
[16:23:03] *** Joins: rajkosto
[16:26:11] *** Quits: rajkosto (Client Quit)
[16:26:44] *** Quits: n87 (Quit: Leaving)
[19:48:26] *** Joins: X-Scale`
[19:50:09] *** Quits: X-Scale (Ping timeout: 265 seconds)
[19:50:13] *** X-Scale` is now known as X-Scale
[20:00:55] *** Joins: refs
[21:29:51] *** Joins: m4ts
[21:30:41] *** Quits: m4ts_ (Ping timeout: 265 seconds)
[21:37:28] *** Joins: oreo639
[21:38:14] *** Joins: m4ts_
[21:41:19] *** Quits: m4ts (Ping timeout: 265 seconds)
