[01:30:14] *** Quits: oreo639 (Remote host closed the connection)
[01:43:39] *** Joins: oreo639
[02:20:36] *** Quits: fgsfds (Read error: Connection reset by peer)
[02:34:53] *** Quits: refs (Quit: refs)
[03:02:28] *** Quits: oreo639 (Quit: Quit)
[03:27:19] *** Joins: oreo639
[04:52:38] *** Quits: DacoTaco (Read error: Operation timed out)
[06:53:32] *** Quits: Maylay (Ping timeout: 745 seconds)
[07:00:18] *** Joins: Maylay
[07:00:19] *** Quits: Maylay (Remote host closed the connection!)
[07:04:48] *** Quits: oreo639 (Ping timeout: 240 seconds)
[07:11:29] *** Joins: oreo639
[07:20:58] *** Joins: Maylay
[09:55:46] *** Joins: DacoTaco
[10:53:55] *** Quits: oreo639 (Ping timeout: 612 seconds)
[11:03:01] *** Joins: n87
[12:16:29] *** Joins: rajkosto
[13:55:22] *** Joins: fgsfds
[14:30:04] *** Joins: rajko
[14:30:06] *** Quits: rajko (Read error: Connection reset by peer)
[14:31:58] *** Quits: rajkosto (Ping timeout: 265 seconds)
[15:43:58] *** Joins: rajkosto
[16:29:51] *** Quits: mid-kid (Read error: Connection reset by peer)
[16:34:23] *** Joins: mid-kid
[19:51:07] *** Quits: rajkosto (Read error: Connection reset by peer)
