[00:22:13] *** Joins: refs
[00:40:04] *** Quits: n87 (Read error: Connection reset by peer)
[01:12:21] *** Quits: tertu (Read error: Connection reset by peer)
[01:14:09] *** Joins: tertu
[01:53:06] *** Quits: fgsfds (Read error: Connection reset by peer)
[03:40:59] *** Quits: |Shadow| ()
[03:56:20] *** Joins: |Shadow|
[04:17:21] *** Quits: refs (Quit: refs)
[05:13:33] *** Joins: oreo639
[05:23:28] *** Joins: rajkosto
[07:19:00] *** Quits: tertu (Read error: Operation timed out)
[09:08:09] *** Quits: zini- (Quit: -->)
[09:08:38] *** Joins: zini
[09:08:42] *** Quits: zini (Client Quit)
[09:09:29] *** Joins: zini
[12:26:13] *** Quits: Surkow (Remote host closed the connection)
[12:27:22] *** Joins: Surkow
[12:27:41] *** Quits: Surkow (Remote host closed the connection)
[12:28:40] *** Joins: Surkow
[12:42:58] *** Quits: |Shadow| ()
[12:54:09] *** Joins: |Shadow|
[13:01:18] *** Joins: refs
[13:43:44] *** Quits: oreo639 (Ping timeout: 252 seconds)
[14:15:13] *** Joins: oreo639
[14:36:36] *** Quits: rajkosto (Read error: Operation timed out)
[14:37:49] *** Joins: rajkosto
[14:40:28] *** Quits: oreo639 (Read error: Operation timed out)
[15:07:55] *** Joins: X-Scale`
[15:09:02] *** Quits: X-Scale (Ping timeout: 265 seconds)
[15:09:02] *** X-Scale` is now known as X-Scale
[15:17:32] *** Joins: fgsfds
[16:15:08] *** Quits: fgsfds (Read error: Connection reset by peer)
[16:16:02] *** Joins: fgsfds
[16:57:12] *** Quits: |Shadow| (Ping timeout: 240 seconds)
[17:31:36] *** Quits: rajkosto (Ping timeout: 496 seconds)
[17:39:29] *** Joins: |Shadow|
[18:34:02] *** Joins: rajkosto
[19:03:52] *** Quits: rajkosto (Ping timeout: 496 seconds)
[19:05:01] *** Joins: tertu
[21:06:53] *** Joins: oreo639
[22:34:07] *** Quits: hexkyz (Ping timeout: 745 seconds)
[22:36:58] *** Joins: hexkyz
[23:42:23] *** Quits: oreo639 (Quit: Quit)
