[00:16:20] *** Quits: |Shadow| (Read error: Connection reset by peer)
[00:23:31] *** Joins: |Shadow|
[02:37:37] *** Quits: GerbilSof (Read error: Connection reset by peer)
[02:37:37] *** Joins: GerbilS9
[03:42:46] *** Quits: refs (Quit: refs)
[04:25:46] *** Joins: oreo639
[05:15:17] *** Quits: GerbilS9 (Quit: Windows must now restart because the Remote Procedure Call (RPC) service terminated unexpectedly.)
[05:26:46] *** Joins: GerbilSof
[06:38:13] *** Quits: fgsfds (Read error: Connection reset by peer)
[07:04:13] *** Joins: rajkosto
[08:18:09] *** Joins: GeekShad1
[08:18:10] *** Quits: GeekShado (Read error: Connection reset by peer)
[08:43:41] *** Quits: lemmy (se.hub efnet.deic.eu)
[08:43:41] *** Quits: jsa_ (se.hub efnet.deic.eu)
[09:10:18] *** Joins: lemmy
[09:10:18] *** Joins: jsa_
[09:18:28] *** Quits: oreo639 (Ping timeout: 265 seconds)
[09:43:15] *** Joins: oreo639
[09:48:50] *** Quits: rajkosto (Quit: Leaving)
[11:30:35] *** Quits: |Shadow| ()
[12:09:19] *** Joins: rajkosto
[12:30:18] *** Quits: oreo639 (Read error: Operation timed out)
[12:34:34] *** Quits: rajkosto (Read error: Connection reset by peer)
[14:03:35] *** Joins: fgsfds
[14:26:17] *** Joins: |Shadow|
[15:06:58] *** Joins: X-Scale`
[15:08:53] *** Quits: X-Scale (Ping timeout: 265 seconds)
[15:08:53] *** X-Scale` is now known as X-Scale
[15:17:04] *** Quits: |Shadow| ()
[15:17:25] *** Joins: |Shadow|
[17:57:23] *** Joins: rajkosto
[18:11:36] *** Quits: rajkosto (Read error: Operation timed out)
[19:36:12] *** Joins: oreo639
[20:55:18] *** Joins: rajkosto
[22:02:36] *** Quits: rajkosto (Ping timeout: 496 seconds)
