[01:02:34] *** Quits: Extrems (Read error: Operation timed out)
[01:03:07] *** Joins: Extrems
[02:45:36] *** Quits: |Shadow| (Ping timeout: 240 seconds)
[02:46:52] *** Joins: |Shadow|
[04:12:22] *** Quits: fgsfds (Read error: Connection reset by peer)
[04:27:18] *** Quits: oreo639 (Ping timeout: 252 seconds)
[04:27:50] *** Joins: oreo639
[04:33:36] *** Quits: oreo639 (Ping timeout: 240 seconds)
[05:05:04] *** Quits: |Shadow| ()
[05:08:14] *** Joins: |Shadow|
[05:30:41] *** Quits: |Shadow| ()
[05:31:14] *** Joins: |Shadow|
[05:51:23] *** Joins: oreo639
[06:03:12] *** Quits: |Shadow| (Ping timeout: 240 seconds)
[07:06:15] *** Joins: |Shadow|
[07:11:12] *** Quits: |Shadow| (Ping timeout: 240 seconds)
[08:43:44] *** Quits: oreo639 (Read error: Operation timed out)
[08:55:36] *** Joins: oreo639
[09:10:31] *** Joins: |Shadow|
[11:06:27] *** Joins: rajkosto
[11:15:12] *** Quits: rajkosto (Ping timeout: 240 seconds)
[11:28:18] *** Joins: rajkosto
[11:55:03] *** Joins: |Shadow|_
[11:55:16] *** Quits: |Shadow|_ (Client Quit)
[11:57:12] *** Quits: |Shadow| (Ping timeout: 240 seconds)
[11:59:49] *** Joins: |Shadow|
[12:00:19] *** Quits: rajkosto (Read error: Operation timed out)
[13:22:07] *** Quits: oreo639 (Read error: Operation timed out)
[15:49:09] *** Joins: fgsfds
[15:58:24] *** Quits: |Shadow| (Ping timeout: 240 seconds)
[16:00:07] *** Joins: |Shadow|
[16:05:36] *** Quits: |Shadow| (Ping timeout: 240 seconds)
[16:12:50] *** Joins: X-Scale`
[16:13:59] *** Quits: X-Scale (Ping timeout: 265 seconds)
[16:13:59] *** X-Scale` is now known as X-Scale
[16:44:30] *** Joins: |Shadow|
[22:49:52] *** Joins: oreo639
