[00:52:25] *** Quits: oreo639 (Read error: Operation timed out)
[02:13:46] *** Joins: oreo639
[02:34:48] *** Quits: |Shadow| (Ping timeout: 240 seconds)
[02:36:44] *** Joins: |Shadow|
[02:41:12] *** Quits: |Shadow| (Ping timeout: 240 seconds)
[02:42:21] *** Joins: |Shadow|
[04:00:00] *** Quits: |Shadow| (Ping timeout: 240 seconds)
[04:01:39] *** Joins: |Shadow|
[04:32:02] *** Quits: oreo639 (Ping timeout: 265 seconds)
[04:52:17] *** Quits: fgsfds (Quit: Leaving)
[05:03:18] *** Joins: oreo639
[11:08:45] *** Quits: oreo639 (Read error: Operation timed out)
[13:17:14] *** Joins: n87
[14:30:46] *** Joins: fgsfds
[16:12:19] *** Joins: X-Scale`
[16:13:50] *** Quits: X-Scale (Ping timeout: 265 seconds)
[16:13:50] *** X-Scale` is now known as X-Scale
[18:35:55] *** Joins: rajkosto
[18:38:39] *** Quits: n87 (Quit: Leaving)
[19:47:00] *** Joins: rajko
[19:47:13] *** Quits: rajkosto (Ping timeout: 496 seconds)
[19:56:31] *** Quits: rajko (Read error: Operation timed out)
[20:01:48] *** Joins: rajkosto
[21:01:46] *** Quits: rajkosto (Leaving)
[23:07:22] *** Joins: oreo639
