[02:27:40] *** Quits: X-Scale (Ping timeout: 265 seconds)
[04:41:24] *** Quits: oreo639 (Ping timeout: 252 seconds)
[05:22:29] *** Quits: fgsfds (Read error: Connection reset by peer)
[06:00:35] *** Joins: oreo639
[09:05:55] *** Joins: m4ts
[09:09:48] *** Quits: m4ts_ (Ping timeout: 265 seconds)
[10:27:59] *** Joins: m4ts_
[10:31:58] *** Quits: m4ts (Ping timeout: 265 seconds)
[10:40:33] *** Quits: oreo639 (Ping timeout: 745 seconds)
[11:03:17] *** Joins: oreo639
[12:24:06] *** Quits: m4ts_ (Ping timeout: 265 seconds)
[12:25:31] *** Joins: m4ts
[12:58:12] *** Quits: oreo639 (Ping timeout: 745 seconds)
[12:59:12] *** Joins: fgsfds
[13:30:42] *** Joins: n87
[19:37:31] *** Quits: Stary (Quit: ZNC - http://znc.in)
[20:22:50] *** Joins: Stary
[21:00:03] *** Quits: GerbilSof (Read error: Operation timed out)
[21:13:13] *** Joins: oreo639
[21:13:49] *** Joins: GerbilSof
[22:37:29] *** Quits: GerbilSof (Quit: Windows must now restart because the Remote Procedure Call (RPC) service terminated unexpectedly.)
[22:37:47] *** Joins: GerbilSof
[23:28:06] *** Quits: n87 (Read error: Connection reset by peer)
