[01:02:55] *** Quits: rajkosto (Quit: Leaving)
[01:45:17] *** Quits: Tcm0 (Leaving)
[02:34:37] *** Quits: fgsfds (Read error: Connection reset by peer)
[03:18:19] *** Quits: GrecKo (Read error: Operation timed out)
[03:18:30] *** Quits: lex (Read error: Operation timed out)
[03:19:39] *** Quits: GeekShad1 (Read error: Operation timed out)
[03:19:53] *** Joins: GeekShado
[03:19:58] *** Quits: d3m3vilur (Read error: Operation timed out)
[03:21:14] *** Quits: nohit (Read error: Operation timed out)
[03:21:37] *** Joins: GrecKo
[03:23:30] *** Quits: blasty (Read error: Connection reset by peer)
[03:25:35] *** Quits: Sentry (Read error: Operation timed out)
[03:40:33] *** Joins: nohit
[03:50:27] *** Quits: nohit (Ping timeout: 493 seconds)
[03:53:35] *** Joins: nohit
[03:58:57] *** Joins: Sentry
[04:02:20] *** Joins: d3m3vilur
[04:04:13] *** Joins: blasty
[04:07:19] *** Joins: lex1
[08:30:09] *** Joins: oreo639
[09:35:38] *** Quits: oreo639 (Ping timeout: 252 seconds)
[11:32:32] *** Joins: Tcm0
[12:29:07] *** Quits: jsa_ (Read error: Operation timed out)
[12:29:44] *** Joins: thejsa
[12:31:44] *** Quits: lemmy (Read error: Operation timed out)
[12:51:28] *** Joins: lemmy
[13:00:32] *** Quits: m4ts_ (Ping timeout: 265 seconds)
[13:01:15] *** Joins: m4ts
[13:18:10] *** Joins: rajkosto
[14:47:00] *** Joins: n87
[14:58:21] *** Quits: n87 (Read error: Connection reset by peer)
[15:28:26] *** Joins: fgsfds
[17:02:38] *** Quits: Tcm0 (Remote host closed the connection)
[17:02:58] *** Joins: Tcm0
[17:32:14] *** Quits: rajkosto (Quit: Leaving)
[17:34:26] *** Quits: Tcm0 (Remote host closed the connection)
[17:34:48] *** Joins: Tcm0
[17:36:28] *** Joins: rajkosto
[18:06:08] *** Quits: Tcm0 (Read error: Connection reset by peer)
[18:06:25] *** Joins: Tcm0
[18:46:13] *** Joins: n87
[18:49:06] *** Quits: n87 (Read error: Connection reset by peer)
[18:53:59] *** Joins: rajko
[18:57:12] *** Quits: rajkosto (Ping timeout: 240 seconds)
[18:57:29] *** Joins: bitrot
[19:00:11] *** Joins: rajkosto
[19:00:48] *** Quits: rajko (Ping timeout: 240 seconds)
[19:01:27] *** Joins: rajko
[19:02:48] *** Quits: bitrot (Ping timeout: 240 seconds)
[19:03:01] *** Joins: bitrot
[19:04:48] *** Quits: rajkosto (Ping timeout: 240 seconds)
[19:05:36] *** Quits: rajko (Ping timeout: 240 seconds)
[19:07:12] *** Quits: bitrot (Ping timeout: 240 seconds)
[19:17:21] *** Quits: flotwig (ZNC - http://znc.in)
[20:18:35] *** Joins: flotwig
[21:37:53] *** Joins: n87
[22:44:55] *** Joins: oreo639
[23:49:35] *** Quits: n87 (Read error: Connection reset by peer)
