[00:53:11] *** Quits: Tcm0 (Leaving)
[01:46:04] *** Joins: eggy
[01:48:50] *** Joins: TAL_
[01:50:46] *** Joins: mtheall_
[01:53:06] *** Joins: klockee
[01:57:22] *** Quits: fgsfds (se.hub irc.underworld.no)
[01:57:22] *** Quits: m4ts (se.hub irc.underworld.no)
[01:57:22] *** Quits: thomasnet (se.hub irc.underworld.no)
[01:57:22] *** Quits: CCFL_Man (se.hub irc.underworld.no)
[01:57:22] *** Quits: phigcloud (se.hub irc.underworld.no)
[01:57:22] *** Quits: nrq (se.hub irc.underworld.no)
[01:57:22] *** Quits: Shiz__ (se.hub irc.underworld.no)
[01:57:22] *** Quits: mtheall (se.hub irc.underworld.no)
[01:57:22] *** Quits: eggster (se.hub irc.underworld.no)
[01:57:22] *** Quits: WntrMute (se.hub irc.underworld.no)
[01:57:22] *** Quits: fincs (se.hub irc.underworld.no)
[01:57:22] *** Quits: TAL (se.hub irc.underworld.no)
[01:57:22] *** Quits: klock (se.hub irc.underworld.no)
[01:57:22] *** Quits: Ghabry (se.hub irc.underworld.no)
[02:01:41] *** Joins: Shiz
[02:01:48] *** Joins: WntrDeaf
[02:03:00] *** Joins: CCFL_Man_
[02:10:22] *** Joins: nrq_
[02:12:47] *** WntrDeaf is now known as WntrMute
[02:14:14] *** Joins: fgsfds
[02:14:14] *** Joins: m4ts
[02:14:14] *** Joins: phigcloud
[02:14:14] *** Joins: fincs
[02:14:14] *** Joins: Ghabry
[02:14:14] *** irc.underworld.no sets mode: +o fincs
[02:14:14] *** fincs sets mode: +o WntrMute
[02:14:26] *** Joins: thomasnet
[02:17:48] *** TAL_ is now known as TAL
[03:14:36] *** Quits: GerbilSof (Quit: Windows must now restart because the Remote Procedure Call (RPC) service terminated unexpectedly.)
[03:19:06] *** Joins: GerbilSof
[03:19:29] *** Quits: fgsfds (Read error: Connection reset by peer)
[03:21:06] *** CCFL_Man_ is now known as CCFL_Man
[06:54:50] *** Quits: oreo639 (Ping timeout: 252 seconds)
[07:04:53] *** Joins: oreo639
[09:33:03] *** Quits: oreo639 (Ping timeout: 496 seconds)
[10:10:14] *** Joins: Tcm0
[12:50:02] *** Joins: n87
[13:49:03] *** Joins: fgsfds
[16:50:33] *** Quits: n87 (Read error: Connection reset by peer)
[20:49:19] *** Joins: oreo639
[22:03:18] *** Quits: ihaveama- (Quit: fail)
[23:14:31] *** Joins: ihaveamac
[23:24:41] *** Quits: ihaveamac (Quit: fail)
[23:26:54] *** Joins: ihaveamac
[23:47:13] *** Quits: ihaveamac (Quit: fail)
[23:49:18] *** Joins: ihaveamac
