[00:37:15] *** Joins: refs
[01:09:16] *** Quits: fgsfds (Read error: Connection reset by peer)
[02:08:11] *** Quits: Behemoth (Quit: Quit)
[02:09:06] *** Joins: Behemoth
[05:06:55] *** Quits: refs (Quit: refs)
[05:12:34] *** Quits: oreo639 (Read error: Operation timed out)
[06:37:21] *** Joins: oreo639
[07:54:23] *** Quits: uyjulian (Read error: Operation timed out)
[07:55:55] *** Joins: uyjulian
[08:55:45] *** Quits: oreo639 (Ping timeout: 483 seconds)
[09:18:41] *** Joins: oreo639
[09:21:14] *** Quits: uyjulian (Read error: Operation timed out)
[09:36:50] *** Joins: uyjulian
[09:38:12] *** Joins: fgsfds
[11:33:09] *** Joins: n87
[14:03:53] *** Quits: oreo639 (Ping timeout: 260 seconds)
[14:27:54] *** Joins: refs
[16:29:36] *** Quits: fgsfds (Read error: Connection reset by peer)
[19:54:15] *** Quits: refs (Quit: refs)
[23:10:17] *** Quits: balrog (Read error: Operation timed out)
[23:12:33] *** Joins: balrog
