[00:06:32] *** Quits: n87 (Read error: Connection reset by peer)
[01:43:30] *** Joins: oreo639
[03:33:54] *** Joins: refs
[03:40:35] *** Joins: ihaveama-
[03:40:50] *** Quits: ihaveamac (Read error: Connection reset by peer)
[04:11:23] *** Quits: balrog (Read error: Connection reset by peer)
[04:11:37] *** Joins: balrog
[04:35:20] *** Quits: refs (Quit: refs)
[06:49:33] *** Quits: KuKzz (Ping timeout: 260 seconds)
[06:52:50] *** Joins: KuKzz
[10:47:48] *** Quits: oreo639 (Ping timeout: 483 seconds)
[11:05:44] *** Joins: oreo639
[11:08:12] *** Joins: n87
[13:18:40] *** Joins: refs
[13:48:42] *** Quits: oreo639 (Ping timeout: 483 seconds)
[15:32:49] *** Joins: fgsfds
[19:52:47] *** Quits: maylay (Read error: Operation timed out)
[20:04:49] *** Joins: maylay
[21:14:02] *** Quits: maylay (Read error: Operation timed out)
[22:10:18] *** Joins: maylay
[22:36:00] *** Quits: maylay (Read error: Operation timed out)
[23:14:34] *** Quits: Stary (Ping timeout: 500 seconds)
[23:20:40] *** Joins: Stary
[23:56:16] *** Joins: maylay
