[00:17:16] *** Quits: fgsfds (Read error: Connection reset by peer)
[00:44:19] *** Joins: refs
[01:32:00] *** Joins: oreo639
[02:46:23] *** Quits: refs (Quit: refs)
[05:21:24] *** Quits: oreo639 (Ping timeout: 622 seconds)
[05:36:34] *** Joins: oreo639
[05:55:54] *** Quits: oreo639 (Read error: Operation timed out)
[06:32:16] *** Joins: oreo639
[07:48:58] *** Quits: |Shadow| ()
[07:54:41] *** Joins: |Shadow|
[08:40:57] *** Quits: mtheall (Ping timeout: 260 seconds)
[08:41:12] *** Joins: mtheall
[09:09:53] *** Quits: averne (quit)
[09:10:10] *** Joins: averne
[09:10:10] *** Server sets mode: +stn 
[09:19:31] *** Quits: averne (quit)
[09:19:53] *** Joins: averne
[09:19:53] *** Server sets mode: +stn 
[13:00:39] *** Quits: oreo639 (Ping timeout: 240 seconds)
[13:02:24] *** Quits: substanc3 (Read error: Operation timed out)
[13:10:17] *** Joins: substanc3
[13:12:11] *** Joins: oreo639
[15:13:17] *** Joins: maylay
[15:34:44] *** Quits: oreo639 (Ping timeout: 622 seconds)
[16:59:49] *** Joins: fgsfds
[17:42:02] *** Joins: n87
[20:09:12] *** Quits: n87 (Read error: Connection reset by peer)
