[00:50:55] *** Joins: oreo639
[01:15:51] *** Quits: fgsfds (Read error: Connection reset by peer)
[02:39:53] *** Quits: KuKzz (Ping timeout: 260 seconds)
[02:43:55] *** Joins: KuKzz
[02:52:43] *** Quits: averne (quit)
[02:53:00] *** Joins: averne_
[02:53:00] *** Server sets mode: +stn 
[02:53:32] *** Joins: |Shadow|_
[02:53:47] *** Quits: averne (Read error: Operation timed out)
[02:53:47] *** averne_ is now known as averne
[02:53:57] *** Quits: flagrama_ (Ping timeout: 483 seconds)
[02:54:41] *** Quits: GerbilSof (Read error: Operation timed out)
[02:55:13] *** Quits: CCFL_Man (Read error: Operation timed out)
[02:55:45] *** Quits: ihaveama- (Read error: Operation timed out)
[02:55:50] *** Joins: flagrama_
[02:56:18] *** Quits: mimoja6 (Read error: Operation timed out)
[02:56:18] *** Quits: Normmatt (Read error: Operation timed out)
[02:56:56] *** Quits: |Shadow| (Read error: Operation timed out)
[02:59:13] *** Joins: refs
[03:05:22] *** Joins: CCFL_Man
[03:44:10] *** Joins: mimoja6
[04:13:55] *** Quits: oreo639 (Read error: Operation timed out)
[04:44:05] *** Quits: refs (Quit: refs)
[05:08:57] *** Joins: Normmatt
[05:24:50] *** Joins: GerbilSof
[05:41:45] *** |Shadow|_ is now known as |Shadow|
[06:16:25] *** Joins: oreo639
[07:42:21] *** Quits: ris2z (Remote host closed the connection)
[07:42:35] *** Joins: ris2z
[07:50:06] *** Quits: balrog (Read error: Operation timed out)
[07:50:13] *** Quits: tertu (Read error: Operation timed out)
[07:51:28] *** Joins: balrog
[07:51:39] *** Quits: zombie343 (Read error: Operation timed out)
[07:51:56] *** Joins: zombie343
[07:54:00] *** Quits: |Shadow| (Read error: Operation timed out)
[07:55:14] *** Joins: |Shadow|
[07:55:36] *** Joins: tertu
[07:55:37] *** Quits: hexkyz (Ping timeout: 620 seconds)
[07:58:43] *** Joins: mtheall_
[07:59:00] *** Quits: mtheall (Read error: Connection reset by peer)
[08:02:31] *** Joins: ihaveama-
[08:03:52] *** Joins: hexkyz
[08:04:09] *** Quits: ihaveamac (Ping timeout: 620 seconds)
[08:05:04] *** Quits: uyjulian (Read error: Operation timed out)
[08:05:51] *** Joins: uyjulian
[08:56:43] *** Joins: KuKzz_
[09:02:38] *** Quits: KuKzz (Ping timeout: 857 seconds)
[09:44:32] *** Quits: zombie343 ()
[11:50:45] *** Joins: fgsfds
[12:28:10] *** Quits: oreo639 (Read error: Operation timed out)
[15:44:23] *** Quits: KuKzz_ (Ping timeout: 248 seconds)
[15:48:49] *** Joins: KuKzz
[21:53:08] *** Joins: oreo639
[23:18:16] *** Quits: oreo639 (Read error: Operation timed out)
[23:19:00] *** Quits: flagrama_ (Ping timeout: 493 seconds)
[23:19:44] *** Joins: flagrama_
