[00:37:29] *** Quits: fgsfds (Read error: Connection reset by peer)
[00:39:20] *** Joins: refs
[00:41:13] *** Quits: oreo639 (Ping timeout: 260 seconds)
[00:46:11] *** Joins: oreo639
[00:54:38] *** Quits: balrog (Read error: Operation timed out)
[00:59:45] *** Joins: balrog
[02:49:07] *** Quits: refs (Quit: refs)
[03:10:42] *** Quits: GerbilSof (Quit: Windows must now restart because the Remote Procedure Call (RPC) service terminated unexpectedly.)
[03:16:11] *** Joins: GerbilSof
[04:58:12] *** Joins: plutobot_
[05:00:42] *** Joins: mimoja65
[05:00:53] *** Quits: CCFL_Man (ircd.choopa.net irc.Prison.NET)
[05:00:53] *** Quits: Surkow (ircd.choopa.net irc.Prison.NET)
[05:00:53] *** Quits: mtheall_ (ircd.choopa.net irc.Prison.NET)
[05:00:53] *** Quits: mimoja6 (ircd.choopa.net irc.Prison.NET)
[05:01:20] *** Joins: CCFL_Man_
[05:03:00] *** Joins: Surkow
[05:03:00] *** Joins: mtheall_
[09:28:47] *** Quits: uyjulian (Read error: Operation timed out)
[09:44:38] *** Joins: uyjulian
[13:46:03] *** Quits: Surkow (Quit: 418 I'm a teapot - NOP NOP NOP)
[13:46:06] *** Joins: Surkow
[14:55:36] *** Quits: GerbilSof (Quit: Windows must now restart because the Remote Procedure Call (RPC) service terminated unexpectedly.)
[14:57:40] *** Quits: KuKzz (Ping timeout: 240 seconds)
[15:01:48] *** Joins: KuKzz
[15:56:17] *** Joins: MediumBBC
[16:13:14] *** Quits: MediumBBC ()
[16:34:52] *** Quits: nrq (Ping timeout: 240 seconds)
[16:34:53] *** Quits: GrecKo (Ping timeout: 240 seconds)
[16:34:53] *** Quits: fincs (Ping timeout: 240 seconds)
[16:35:07] *** Joins: nrq
[16:35:08] *** Joins: GrecKo
[16:35:17] *** Quits: maylay (Ping timeout: 240 seconds)
[16:35:17] *** Quits: eggster (Ping timeout: 240 seconds)
[16:35:29] *** Joins: eggster
[16:35:50] *** Quits: klockee (Read error: Connection reset by peer)
[16:42:09] *** Joins: klock
[16:42:35] *** Joins: maylay
[16:44:07] *** Quits: Shiz (Ping timeout: 240 seconds)
[16:51:59] *** Joins: fincs
[16:52:01] *** Joins: CHANFIX
[16:52:01] *** services.int sets mode: +o CHANFIX
[16:52:01] *** CHANFIX sets mode: +o fincs
[16:52:01] <CHANFIX> 1 client should have been opped.
[16:52:01] *** Parts: CHANFIX ()
[17:01:09] *** Joins: Shiz
[17:20:26] *** Quits: oreo639 (Read error: Operation timed out)
[18:18:24] *** Quits: Surkow (Quit: 418 I'm a teapot - NOP NOP NOP)
[18:18:26] *** Joins: Surkow
[19:32:25] *** Quits: KuKzz (Ping timeout: 260 seconds)
[19:46:55] *** Joins: KuKzz
[19:51:33] *** Quits: KuKzz (Ping timeout: 260 seconds)
[19:56:18] *** Joins: KuKzz
[23:54:35] *** Joins: lameboy2
