[00:00:07] *** Quits: lameboy (Ping timeout: 622 seconds)
[00:00:07] *** lameboy2 is now known as lameboy
[00:43:19] *** Joins: oreo639
[02:56:41] *** Quits: oreo639 (Ping timeout: 260 seconds)
[03:08:17] *** Joins: refs
[03:37:32] <plutobot_> GitHub | New commit | User: Dave Murphy | https://github.com/switchbrew/switch-examples/commit/4f6e700642
[04:11:20] *** Quits: refs (Quit: refs)
[04:13:30] *** CCFL_Man_ is now known as CCFL_Man
[05:10:02] *** Joins: GerbilSof
[06:54:51] *** Quits: flotwig (Read error: Operation timed out)
[07:47:27] *** Joins: oreo639
[07:48:33] *** Joins: flotwig
[08:27:40] *** Quits: lameboy (Read error: Operation timed out)
[08:28:25] *** Quits: maylay (Ping timeout: 622 seconds)
[08:29:41] *** Joins: maylay
[08:31:23] *** Joins: lameboy
[09:09:33] *** Quits: ris2z (Ping timeout: 260 seconds)
[09:13:57] *** Joins: ris2z
[09:19:38] *** Quits: d3m3vilur (Read error: Connection reset by peer)
[09:21:24] *** Joins: d3m3vilur
[09:23:29] *** Quits: oreo639 (Read error: Operation timed out)
[09:34:35] *** Quits: d3m3vilur (Ping timeout: 493 seconds)
[09:39:26] *** Joins: d3m3vilur
[09:40:20] *** Quits: maylay (Ping timeout: 857 seconds)
[10:08:22] *** Joins: maylay
[10:16:36] *** Joins: n87
[13:26:16] *** Joins: fgsfds
[13:44:25] *** Quits: tertu (so long...)
[13:45:44] *** Joins: tertu
[14:28:36] *** Quits: n87 (Read error: Connection reset by peer)
[17:16:01] *** Quits: KuKzz (Ping timeout: 383 seconds)
[17:17:22] *** Joins: KuKzz
[20:03:55] *** Quits: ris2z (Quit: ZNC 1.8.2+deb3build2 - https://znc.in)
[20:06:41] *** Joins: ris2z
[20:48:21] *** Quits: GerbilSof (Quit: Windows must now restart because the Remote Procedure Call (RPC) service terminated unexpectedly.)
[20:51:12] *** Joins: GerbilSof
[21:10:55] *** Joins: n87
[21:35:30] *** Quits: GerbilSof (Quit: Windows must now restart because the Remote Procedure Call (RPC) service terminated unexpectedly.)
[21:43:28] *** Joins: GerbilSof
[23:00:10] *** Joins: DacoTaco_
[23:00:21] *** Joins: ihaveamac
[23:01:37] *** Quits: ihaveama- (Read error: Connection reset by peer)
[23:05:18] *** Quits: DacoTaco (Read error: Operation timed out)
[23:19:13] *** Quits: Lightswor (Read error: Connection reset by peer)
[23:19:26] *** Joins: Lightswor
