[00:48:48] *** Quits: lansiir (Read error: Operation timed out)
[01:25:45] *** Joins: oreo639
[01:30:42] *** Joins: oldtopman
[01:44:12] *** Joins: refs
[02:51:55] *** Quits: oreo639 (Read error: Operation timed out)
[03:03:54] *** Joins: oreo639
[03:19:02] *** Quits: tertu (Read error: Operation timed out)
[03:20:59] *** Quits: ihaveama- (Read error: Operation timed out)
[03:21:14] *** Joins: ihaveamac
[03:22:14] *** Quits: yls8bot (Read error: Operation timed out)
[03:22:28] *** Joins: yls8bot
[03:22:56] *** Joins: tertu
[03:23:50] *** Joins: balrog_
[03:24:06] *** Quits: tpw_rules (Read error: Operation timed out)
[03:26:49] *** Quits: uyjulian (Ping timeout: 620 seconds)
[03:26:49] *** Quits: hexkyz (Ping timeout: 620 seconds)
[03:27:44] *** Quits: tertu (Read error: Operation timed out)
[03:30:17] *** Quits: DacoTaco (Read error: Operation timed out)
[03:30:28] *** Joins: DacoTaco
[03:31:14] *** Quits: balrog (Read error: Operation timed out)
[03:31:14] *** balrog_ is now known as balrog
[03:36:53] *** Quits: |Shadow| (Read error: Operation timed out)
[03:37:16] *** Joins: uyjulian
[03:38:23] *** Joins: tpw_rules
[03:38:23] *** Joins: hexkyz
[03:39:23] *** Joins: tertu
[03:44:03] *** Joins: |Shadow|_
[04:09:05] *** Quits: refs (Quit: refs)
[05:13:08] *** Quits: fgsfds (Read error: Connection reset by peer)
[09:26:30] *** |Shadow|_ is now known as |Shadow|
[09:52:28] *** Joins: n87
[10:55:17] *** Quits: oreo639 (Ping timeout: 240 seconds)
[13:48:26] *** Joins: fgsfds
[17:05:51] *** Joins: refs
[20:01:46] *** Quits: d3m3vilur (se.hub irc.efnet.nl)
[20:01:46] *** Quits: Extrems (se.hub irc.efnet.nl)
[20:01:46] *** Quits: klockee (se.hub irc.efnet.nl)
[20:01:46] *** Quits: lex1 (se.hub irc.efnet.nl)
[20:02:03] *** Quits: mimoja65 (Quit: Ping timeout (120 seconds))
[20:02:15] *** Joins: mimoja65
[20:02:42] *** Joins: d3m3vilur
[20:02:42] *** Joins: Extrems
[20:02:42] *** Joins: klockee
[20:02:42] *** Joins: lex1
[23:00:07] *** Joins: oreo639
[23:15:55] *** Joins: tertu2
[23:17:27] *** Quits: tertu (Read error: Operation timed out)
[23:17:28] *** tertu2 is now known as tertu
