[00:46:14] *** Quits: fgsfds (Read error: Connection reset by peer)
[01:25:18] *** Quits: oreo639 (Ping timeout: 622 seconds)
[01:37:37] *** Joins: oreo639
[07:42:04] *** Quits: oreo639 (Ping timeout: 240 seconds)
[08:00:23] *** Joins: oreo639
[08:16:41] *** Joins: n87
[08:42:35] *** Quits: oreo639 (Quit: Quit)
[10:05:34] *** Joins: oreo639
[10:38:13] *** Quits: oldtopman (Read error: Connection reset by peer)
[11:52:04] *** Quits: oreo639 (Ping timeout: 240 seconds)
[16:25:36] *** Joins: oldtopman
[16:56:38] *** Quits: n87 (Read error: Connection reset by peer)
[17:04:57] *** Quits: GerbilSof (Quit: Windows must now restart because the Remote Procedure Call (RPC) service terminated unexpectedly.)
[17:16:52] *** Quits: Behemoth (Quit: Quit)
[17:33:33] *** Joins: Behemoth
[18:01:40] *** Joins: fgsfds
[18:01:41] *** Quits: Behemoth (Read error: Connection reset by peer)
[18:02:03] *** Joins: Behemoth
[18:13:26] *** Joins: CCFL_Mang
[18:47:17] *** Joins: CCFL_Man1
[18:49:04] *** Quits: CCFL_Mang (Read error: Operation timed out)
[19:27:52] *** Quits: hexkyz (blargh!)
[19:29:18] *** Joins: hexkyz
[19:42:48] *** Quits: hexkyz (blargh!)
[19:52:16] *** Joins: oreo639
[19:54:53] *** Joins: hexkyz
[20:30:04] *** Quits: hexkyz (blargh!)
