[00:19:33] *** Quits: oreo639 (Ping timeout: 622 seconds)
[01:07:21] *** Joins: oreo639
[01:18:58] *** Joins: hexkyz
[01:19:06] *** Parts: hexkyz ()
[01:19:58] *** Joins: hexkyz
[01:20:16] *** Parts: hexkyz ()
[01:20:58] *** Joins: hexkyz
[01:21:59] *** Quits: hexkyz (...)
[01:24:51] *** Joins: hexkyz
[01:31:21] *** Parts: hexkyz ()
[01:31:37] *** Joins: hexkyz
[01:32:33] *** Parts: hexkyz ()
[01:32:36] *** Joins: hexkyz
[01:32:45] *** Parts: hexkyz ()
[01:33:37] *** Joins: hexkyz
[01:36:55] *** Parts: hexkyz ()
[01:37:37] *** Joins: hexkyz
[01:37:57] *** Parts: hexkyz ()
[01:38:37] *** Joins: hexkyz
[01:38:59] *** Quits: hexkyz (...)
[01:40:56] *** Joins: hexkyz
[01:48:30] *** Parts: hexkyz ()
[01:50:07] *** Joins: hexkyz
[01:53:34] *** Quits: hexkyz (...)
[02:02:47] *** Joins: hexkyz
[02:05:01] *** Quits: hexkyz (Client Quit)
[02:07:10] *** Joins: hexkyz
[02:22:13] *** Quits: GeekShado (Ping timeout: 240 seconds)
[02:23:23] *** Joins: GeekShado
[02:25:26] *** Quits: hexkyz (Remote host closed the connection)
[02:46:45] *** Joins: lameboy2
[02:49:46] *** Joins: hexkyz
[02:52:32] *** Parts: hexkyz ()
[02:53:30] *** Joins: hexkyz
[02:54:24] *** Quits: lameboy (Read error: Operation timed out)
[02:54:28] *** lameboy2 is now known as lameboy
[02:54:42] *** Parts: hexkyz ()
[02:55:30] *** Joins: hexkyz
[02:55:52] *** Parts: hexkyz ()
[02:56:30] *** Joins: hexkyz
[02:58:23] *** Quits: hexkyz (...)
[03:15:15] *** Joins: hexkyz
[03:16:44] *** Quits: hexkyz (Client Quit)
[03:18:28] *** Joins: hexkyz
[03:19:03] *** Joins: Miah_Snep
[03:19:58] *** Quits: Miah_Snep (Client Quit)
[03:22:06] *** Joins: Miah_Snep
[04:30:48] *** Quits: oreo639 (Read error: Operation timed out)
[06:51:51] *** Joins: oreo639
[08:17:05] *** Quits: Miah_Snep (Quit: Leaving)
[08:47:16] *** Quits: oreo639 (Ping timeout: 240 seconds)
[14:42:13] *** Joins: n87
[16:18:45] *** Quits: n87 (Read error: Connection reset by peer)
[20:44:04] *** Quits: hexkyz (...)
[21:19:57] *** Joins: hexkyz
[21:35:01] *** Joins: oreo639
