[01:21:43] *** Joins: GerbilSof
[03:53:23] *** Quits: averne (quit)
[03:55:39] *** Joins: averne
[03:55:39] *** Server sets mode: +stn 
[06:01:46] *** Joins: oreo639
[07:01:54] *** Quits: Extrems (Remote host closed the connection)
[07:01:58] *** Joins: Extrems
[08:51:29] *** Quits: substanc3 (Read error: Operation timed out)
[08:54:21] *** Quits: tpw_rules (Ping timeout: 245 seconds)
[08:54:36] *** Joins: tpw_rules
[09:54:54] *** Joins: substanc3
[10:08:39] *** Quits: oreo639 (Ping timeout: 606 seconds)
[10:45:21] *** Quits: uyjulian (Ping timeout: 260 seconds)
[10:48:32] *** Joins: uyjulian
[15:14:05] *** Quits: |Shadow| ()
[15:14:48] *** Joins: |Shadow|
[15:14:49] *** Quits: |Shadow| (Excess Flood)
[15:15:20] *** Joins: |Shadow|
[15:15:21] *** Quits: |Shadow| (Excess Flood)
[15:18:09] *** Joins: |Shadow|
[20:00:08] *** Joins: oreo639
[20:57:02] *** Quits: oldtopman (Read error: Operation timed out)
[21:55:44] *** Joins: oldtopman
[23:44:39] *** Quits: GerbilSof (Quit: Windows must now restart because the Remote Procedure Call (RPC) service terminated unexpectedly.)
