[01:16:25] *** Quits: oreo639 (Ping timeout: 622 seconds)
[03:06:13] *** Joins: oreo639
[03:23:49] *** Joins: sentry
[03:25:08] *** Quits: Snetry (Read error: Connection refused)
[03:25:08] *** sentry is now known as Snetry
[03:45:01] *** Quits: oreo639 (Ping timeout: 260 seconds)
[08:30:07] *** Joins: oreo639
[09:49:39] *** Joins: fgsfds
[10:58:05] *** Quits: oreo639 (Ping timeout: 260 seconds)
[13:33:50] *** Quits: fgsfds (Quit: Leaving)
[18:58:48] <plutobot> Wiki | Page changed: HIPC | User: \exverge | https://switchbrew.org/w/index.php?curid=96&diff=12868&oldid=12597
[20:29:17] *** Quits: DacoTaco_ (Ping timeout: 260 seconds)
[20:29:45] *** Quits: plutobot (Ping timeout: 260 seconds)
[20:29:47] *** Joins: plutobot
[20:30:13] *** Quits: ris2z (Ping timeout: 260 seconds)
[20:30:13] *** Quits: omlet05 (Ping timeout: 260 seconds)
[20:30:17] *** Joins: omlet05
[20:31:31] *** Joins: DacoTaco
[20:48:35] *** Joins: lameboy2
[20:53:15] *** Quits: lameboy (Ping timeout: 622 seconds)
[20:53:16] *** lameboy2 is now known as lameboy
[20:57:41] *** Joins: ris2z
[23:08:49] *** Quits: CCFL_Man (Read error: Operation timed out)
[23:16:57] *** Joins: CCFL_Man
