[00:34:50] *** Quits: oreo639 (Ping timeout: 622 seconds)
[00:44:01] *** Quits: |Shadow| ()
[00:48:09] *** Joins: |Shadow|
[01:29:38] *** Joins: oreo639
[01:51:30] *** Quits: oreo639 (Ping timeout: 622 seconds)
[02:14:08] *** Joins: oreo639
[03:54:26] *** Joins: sentry
[03:55:45] *** Quits: Snetry (Read error: Operation timed out)
[03:55:45] *** sentry is now known as Snetry
[05:48:04] *** Quits: oreo639 (Ping timeout: 240 seconds)
[06:10:18] *** Joins: oreo639
[09:00:22] *** Joins: n87
[09:12:43] *** Quits: oreo639 (Ping timeout: 622 seconds)
[09:15:52] *** Joins: oreo639
[09:48:10] *** Joins: lameboy2
[09:56:02] *** Quits: lameboy (Ping timeout: 622 seconds)
[09:56:02] *** lameboy2 is now known as lameboy
[10:21:51] *** Joins: lameboy2
[10:26:27] *** Quits: lameboy (Read error: Operation timed out)
[10:26:32] *** lameboy2 is now known as lameboy
[10:38:59] *** Joins: lameboy2
[10:46:36] *** Quits: lameboy (Read error: Operation timed out)
[10:50:28] *** Quits: lameboy2 (Ping timeout: 622 seconds)
[11:46:15] *** Quits: oreo639 (Read error: Operation timed out)
[12:11:44] *** Joins: oreo639
[12:57:09] *** Joins: lameboy
[13:15:54] *** Quits: oreo639 (Read error: Operation timed out)
[13:19:24] *** Joins: oreo639
[13:26:59] *** Quits: oreo639 (Read error: Operation timed out)
[19:13:45] *** Joins: oreo639
[19:26:03] *** Quits: oreo639 (Ping timeout: 622 seconds)
[19:57:05] *** Joins: oreo639
[20:14:40] *** Joins: oreo639_
[20:20:25] *** Quits: oreo639 (Read error: Operation timed out)
[21:56:54] *** Quits: n87 (Read error: Connection reset by peer)
[22:09:50] *** Joins: n87
[22:10:43] *** Quits: n87 (Client Quit)
