[03:53:38] *** Joins: sentry
[03:54:57] *** Quits: Snetry (Read error: Operation timed out)
[03:54:57] *** sentry is now known as Snetry
[05:54:22] *** Quits: GerbilSof (Read error: Connection reset by peer)
[08:49:41] *** Quits: uyjulian (ny.us.hub ircd.choopa.net)
[08:49:41] *** Quits: yls8bot (ny.us.hub ircd.choopa.net)
[08:49:41] *** Quits: tpw_rules (ny.us.hub ircd.choopa.net)
[08:49:41] *** Quits: tertu (ny.us.hub ircd.choopa.net)
[08:49:41] *** Quits: hexkyz_ (ny.us.hub ircd.choopa.net)
[08:49:41] *** Quits: ris2z (ny.us.hub ircd.choopa.net)
[08:49:41] *** Quits: Shiz (ny.us.hub ircd.choopa.net)
[08:49:41] *** Quits: Ghabry (ny.us.hub ircd.choopa.net)
[08:49:41] *** Quits: Genolo (ny.us.hub ircd.choopa.net)
[08:49:41] *** Quits: Extrems (ny.us.hub ircd.choopa.net)
[08:55:54] *** Joins: ris2z
[08:55:54] *** Joins: Shiz
[08:55:54] *** Joins: Ghabry
[08:55:54] *** Joins: Genolo
[09:30:00] *** Joins: oreo639
[10:03:21] *** Quits: lameboy (se.hub efnet.deic.eu)
[10:03:21] *** Quits: nohit__ (se.hub efnet.deic.eu)
[10:23:43] *** Quits: |Shadow| (Ping timeout: 240 seconds)
[10:32:41] *** Joins: nohit__
[10:36:00] *** Quits: nohit__ (se.hub efnet.deic.eu)
[10:50:15] *** Joins: oreo639_
[10:50:15] *** Quits: oreo639 (Read error: Connection reset by peer)
[11:12:15] *** oreo639_ is now known as oreo639
[11:16:41] *** Joins: nohit__
[11:17:02] *** Joins: lameboy
[11:21:44] *** Joins: |Shadow|
[11:21:44] *** Joins: hexkyz_
[11:21:44] *** Joins: tertu
[11:21:44] *** Joins: tpw_rules
[11:21:44] *** Joins: yls8bot
[11:21:44] *** Joins: uyjulian
[12:10:37] *** Quits: oreo639 (Read error: Operation timed out)
[12:49:33] *** Quits: |Shadow| (ny.us.hub ircd.choopa.net)
[12:49:34] *** Quits: uyjulian (ny.us.hub ircd.choopa.net)
[12:49:34] *** Quits: yls8bot (ny.us.hub ircd.choopa.net)
[12:49:34] *** Quits: tpw_rules (ny.us.hub ircd.choopa.net)
[12:49:34] *** Quits: tertu (ny.us.hub ircd.choopa.net)
[12:49:34] *** Quits: hexkyz_ (ny.us.hub ircd.choopa.net)
[13:04:13] *** Joins: hexkyz_
[13:04:13] *** Joins: tertu
[13:04:13] *** Joins: tpw_rules
[13:04:13] *** Joins: yls8bot
[13:04:13] *** Joins: uyjulian
[13:04:13] *** Joins: |Shadow|
[14:18:47] *** Quits: GrecKo_ (Read error: Operation timed out)
[14:18:54] *** Quits: lex1 (Read error: Operation timed out)
[14:18:55] *** Joins: GrecKo
[14:19:12] *** Joins: lex1
[16:23:57] *** Joins: Extrems
[17:20:21] *** Joins: n87
[17:21:28] *** Quits: n87 (Read error: Connection reset by peer)
[17:23:17] *** Joins: n87
[17:24:02] *** Quits: n87 (Client Quit)
[19:39:23] *** Quits: Extrems (Remote host closed the connection)
[19:39:27] *** Joins: Extrems
[21:20:47] *** Joins: n87
[21:50:52] *** Quits: CCFL_Man (Read error: Connection reset by peer)
[22:40:03] *** Quits: n87 (Read error: Connection reset by peer)
