[06:24:31] *** Quits: oreo639_ (Read error: Operation timed out)
[06:40:33] *** Joins: oreo639
[10:27:22] *** Quits: |Shadow| (Read error: Operation timed out)
[10:51:08] *** Quits: oreo639 (Quit: Quit)
[11:02:10] *** Joins: oreo639
[11:38:36] *** Quits: Snetry (Read error: Operation timed out)
[11:54:18] *** Joins: Snetry
[13:54:33] *** Joins: |Shadow|
[14:01:34] *** Quits: |Shadow| ()
[14:01:57] *** Joins: |Shadow|
[15:43:17] *** Quits: oreo639 (Ping timeout: 260 seconds)
[16:04:43] *** Quits: substanc3 (Ping timeout: 245 seconds)
[16:13:33] *** Joins: n87
[16:30:44] *** Joins: substanc3
[17:48:50] <plutobot> Wiki | Page changed: Gamecard | User: Hexkyz | https://switchbrew.org/w/index.php?curid=308&diff=12869&oldid=12835
[17:52:25] <plutobot> Wiki | Page changed: Filesystem services | User: Hexkyz | https://switchbrew.org/w/index.php?curid=87&diff=12870&oldid=12761
[17:52:56] <plutobot> Wiki | Page changed: Gamecard | User: Hexkyz | https://switchbrew.org/w/index.php?curid=308&diff=12871&oldid=12869
[19:21:57] *** Joins: oreo639
[19:32:43] *** Quits: oreo639 (Ping timeout: 622 seconds)
[20:10:48] *** Joins: oreo639
[21:44:12] *** Quits: n87 (Read error: Connection reset by peer)
[22:05:32] *** Quits: oreo639 (Read error: Operation timed out)
[22:14:51] *** Joins: oreo639
