[00:39:54] *** Quits: oreo639 (Read error: Operation timed out)
[01:28:52] *** Joins: GerbilSof
[02:08:08] *** Joins: oreo639
[03:06:43] *** Quits: oreo639 (Read error: Operation timed out)
[03:45:56] *** Joins: oreo639
[03:47:51] *** Joins: sentry
[03:49:10] *** Quits: Snetry (Read error: Connection refused)
[03:49:10] *** sentry is now known as Snetry
[04:04:36] *** Quits: oreo639 (Read error: Operation timed out)
[04:29:58] *** Joins: oreo639
[05:02:59] *** Quits: GerbilSof (Read error: Connection reset by peer)
[05:03:07] *** Quits: oreo639 (Ping timeout: 622 seconds)
[05:04:47] *** Joins: GerbilSof
[05:43:21] *** Quits: Stary (Quit: ZNC - http://znc.in)
[05:47:51] *** Joins: Stary
[08:33:42] *** Joins: oreo639
[15:28:01] *** Quits: oreo639 (Ping timeout: 260 seconds)
[17:38:04] *** Joins: n87
[20:01:20] *** Joins: oreo639
[23:26:23] *** Quits: n87 (Read error: Connection reset by peer)
