[01:40:44] *** Quits: Surkow (hub.efnet.us irc.Prison.NET)
[01:40:44] *** Quits: mtheall (hub.efnet.us irc.Prison.NET)
[01:40:44] *** Quits: GeekShado (hub.efnet.us irc.Prison.NET)
[01:42:25] *** Joins: GeekShad1
[01:43:08] *** Joins: mtheall_
[01:55:04] *** Joins: Surkow
[02:18:51] *** Quits: oreo639 (Ping timeout: 622 seconds)
[03:30:21] *** Joins: oreo639
[04:09:16] *** Quits: oreo639 (Ping timeout: 240 seconds)
[04:23:32] *** Joins: oreo639
[05:03:18] *** Quits: oreo639 (Ping timeout: 622 seconds)
[06:33:07] *** Joins: oreo639
[08:11:26] *** Quits: ris2z (Quit: ZNC 1.9.0+deb2build3 - https://znc.in)
[08:12:17] *** Joins: ris2z
[08:34:45] *** Quits: |Shadow| (Read error: Operation timed out)
[09:45:10] *** Joins: |Shadow|
[09:49:12] *** Quits: |Shadow| (Client Quit)
[09:49:35] *** Joins: |Shadow|
[09:56:49] *** Quits: oreo639 (Ping timeout: 260 seconds)
[10:51:20] *** Quits: uyjulian (Read error: Operation timed out)
[10:56:29] *** Joins: uyjulian
[15:53:46] *** Joins: n87
[16:28:54] *** Quits: GerbilSof (Quit: Windows must now restart because the Remote Procedure Call (RPC) service terminated unexpectedly.)
[18:49:35] <plutobot> Wiki | Page changed: Manu services | User: yls8 | https://switchbrew.org/w/index.php?curid=207&diff=12872&oldid=12424
[19:07:41] <plutobot> Wiki | Page changed: Manu services | User: yls8 | https://switchbrew.org/w/index.php?curid=207&diff=12873&oldid=12872
[19:53:13] <plutobot> Wiki | Page changed: Manu services | User: yls8 | https://switchbrew.org/w/index.php?curid=207&diff=12874&oldid=12873
[19:57:52] *** Joins: oreo639
[20:20:52] <plutobot> Wiki | Page changed: Manu services | User: yls8 | https://switchbrew.org/w/index.php?curid=207&diff=12875&oldid=12874
[23:55:21] *** Quits: n87 (Read error: Connection reset by peer)
