[01:03:04] *** Quits: oreo639 (Read error: Operation timed out)
[02:31:59] *** Quits: Behemoth (Read error: Operation timed out)
[02:32:31] *** Joins: Behemoth
[02:32:46] *** Quits: averne (quit)
[02:34:59] *** Joins: averne
[02:34:59] *** Server sets mode: +stn 
[03:45:39] *** Joins: sentry
[03:46:58] *** Quits: Snetry (Read error: Connection refused)
[03:46:58] *** sentry is now known as Snetry
[04:37:37] *** Joins: oreo639
[05:24:05] *** Quits: Genolo (Quit: cya)
[05:24:25] *** Joins: Genolo
[05:36:24] <plutobot> Wiki | Page changed: Manu services | User: yls8 | https://switchbrew.org/w/index.php?curid=207&diff=12876&oldid=12875
[05:37:57] *** Quits: Shiz (Ping timeout: 260 seconds)
[05:48:25] *** Joins: Shiz
[06:25:55] *** Quits: oreo639 (Read error: Operation timed out)
[06:54:10] *** Quits: DeusQain (Read error: Operation timed out)
[06:54:12] *** Joins: DeusQain
[06:54:40] *** Quits: mtheall_ (Read error: Operation timed out)
[06:54:54] *** Joins: mtheall
[06:55:01] *** Quits: klock (Read error: Operation timed out)
[06:57:13] *** Quits: ihaveama- (Read error: Operation timed out)
[06:57:30] *** Joins: ihaveamac
[06:58:54] *** Quits: DacoTaco (Read error: Operation timed out)
[06:59:12] *** Joins: DacoTaco
[07:01:26] *** Joins: klock
[07:11:05] *** Quits: ris2z (Remote host closed the connection)
[07:19:01] *** Quits: f_ (Read error: Operation timed out)
[07:19:02] *** Quits: omlet05 (Read error: Connection reset by peer)
[07:19:48] *** Quits: phigcloud (Ping timeout: 493 seconds)
[07:20:03] *** Joins: phigcloud
[07:21:21] *** Quits: Snetry (Read error: Operation timed out)
[07:21:25] *** Quits: lex1 (Read error: Operation timed out)
[07:22:08] *** Joins: omlet05
[07:22:36] *** Joins: ris2z
[07:24:31] *** Quits: Extrems (Read error: Operation timed out)
[07:24:59] *** Joins: Behemoth_
[07:25:59] *** Joins: Genolol
[07:29:23] *** Joins: Extrems
[07:29:46] *** Quits: Shiz (Ping timeout: 857 seconds)
[07:32:01] *** Quits: Genolo (Read error: Operation timed out)
[07:32:01] *** Genolol is now known as Genolo
[07:32:59] *** Joins: Stary_
[07:34:56] *** Quits: Behemoth (Read error: Operation timed out)
[07:36:23] *** Joins: lex1
[07:36:39] *** Joins: Snetry
[07:38:08] *** Quits: Stary (Read error: Operation timed out)
[07:42:11] *** Joins: f_
[07:43:18] *** Quits: tertu (Read error: Operation timed out)
[07:43:22] *** Quits: substanc3 (Ping timeout: 245 seconds)
[07:43:24] *** Quits: oldtopman (Read error: Operation timed out)
[07:43:26] *** Quits: eggster (Read error: Operation timed out)
[07:43:31] *** Quits: yls8bot (Read error: Operation timed out)
[07:43:31] *** Quits: klock (Read error: Operation timed out)
[07:43:38] *** Joins: oldtopman
[07:43:38] *** Joins: yls8bot
[07:43:39] *** Joins: eggster
[07:43:43] *** Quits: tpw_rules (Read error: Operation timed out)
[07:43:47] *** Quits: GeekShad1 (Ping timeout: 245 seconds)
[07:46:04] *** Quits: ihaveamac (Read error: Operation timed out)
[07:46:13] *** Joins: ihaveamac
[07:46:35] *** Quits: hexkyz_ (Read error: Operation timed out)
[07:47:14] *** Joins: |Shadow|_
[07:48:19] *** Joins: klock
[07:50:17] *** Quits: |Shadow| (Read error: Operation timed out)
[07:51:31] *** Joins: GeekShado
[07:56:25] *** |Shadow|_ is now known as |Shadow|
[07:59:48] *** Joins: oreo639
[08:05:22] *** Joins: Shiz
[08:13:54] *** Joins: hexkyz
[08:14:38] *** Joins: tertu
[08:15:22] *** Joins: tpw_rules
[08:40:21] *** Quits: tertu (Read error: Operation timed out)
[08:42:31] *** Quits: tpw_rules (Read error: Operation timed out)
[08:42:41] *** Quits: hexkyz (Read error: Operation timed out)
[08:47:27] *** Quits: eggster (efnet.deic.eu se.hub)
[08:47:28] *** Quits: Genolo (efnet.deic.eu se.hub)
[08:47:28] *** Quits: Behemoth_ (efnet.deic.eu se.hub)
[08:47:28] *** Quits: ris2z (efnet.deic.eu se.hub)
[08:47:28] *** Quits: phigcloud (efnet.deic.eu se.hub)
[08:47:28] *** Quits: uyjulian (efnet.deic.eu se.hub)
[08:47:28] *** Quits: CCFL_Man (efnet.deic.eu se.hub)
[08:47:28] *** Quits: Ghabry (efnet.deic.eu se.hub)
[08:47:28] *** Quits: Extrems (efnet.deic.eu se.hub)
[08:47:28] *** Quits: oldtopman (efnet.deic.eu se.hub)
[08:47:28] *** Quits: f_ (efnet.deic.eu se.hub)
[08:47:28] *** Quits: Snetry (efnet.deic.eu se.hub)
[08:47:29] *** Quits: lex1 (efnet.deic.eu se.hub)
[08:47:29] *** Quits: |Shadow| (efnet.deic.eu se.hub)
[08:47:29] *** Quits: Surkow (efnet.deic.eu se.hub)
[08:47:29] *** Quits: oreo639 (efnet.deic.eu se.hub)
[08:47:29] *** Quits: klock (efnet.deic.eu se.hub)
[08:47:29] *** Quits: ihaveamac (efnet.deic.eu se.hub)
[08:47:29] *** Quits: yls8bot (efnet.deic.eu se.hub)
[08:47:30] *** Quits: Stary_ (efnet.deic.eu se.hub)
[08:47:30] *** Quits: DeusQain (efnet.deic.eu se.hub)
[08:47:30] *** Quits: theSuess (efnet.deic.eu se.hub)
[08:47:30] *** Quits: yellows8 (efnet.deic.eu se.hub)
[08:47:30] *** Quits: Lightswor (efnet.deic.eu se.hub)
[08:47:30] *** Quits: Shiz (efnet.deic.eu se.hub)
[08:47:31] *** Quits: DacoTaco (efnet.deic.eu se.hub)
[08:47:31] *** Quits: balrog (efnet.deic.eu se.hub)
[08:47:31] *** Quits: mendelmun (efnet.deic.eu se.hub)
[08:47:31] *** Quits: TAL (efnet.deic.eu se.hub)
[08:47:31] *** Quits: plutobot (efnet.deic.eu se.hub)
[08:54:19] *** Joins: n87
[08:54:19] *** Joins: Shiz
[08:54:19] *** Joins: oreo639
[08:54:19] *** Joins: klock
[08:54:19] *** Joins: |Shadow|
[08:54:19] *** Joins: ihaveamac
[08:54:19] *** Joins: eggster
[08:54:19] *** Joins: yls8bot
[08:54:19] *** Joins: Stary_
[08:54:19] *** Joins: Extrems
[08:54:19] *** Joins: Behemoth_
[08:54:19] *** Joins: ris2z
[08:54:19] *** Joins: phigcloud
[08:54:19] *** Joins: DacoTaco
[08:54:19] *** Joins: DeusQain
[08:54:19] *** Joins: uyjulian
[08:54:19] *** Joins: Surkow
[08:54:19] *** Joins: CCFL_Man
[08:54:19] *** Joins: Ghabry
[08:54:19] *** Joins: balrog
[08:54:19] *** Joins: theSuess
[08:54:19] *** Joins: mendelmun
[08:54:20] *** Joins: TAL
[08:54:20] *** Joins: yellows8
[08:54:20] *** Joins: Lightswor
[08:54:20] *** Joins: plutobot
[08:55:06] *** Joins: Genolo
[08:55:06] *** Joins: oldtopman
[08:55:06] *** Joins: f_
[08:55:06] *** Joins: Snetry
[08:55:06] *** Joins: lex1
[09:05:32] *** Joins: substanc3
[09:33:40] *** Joins: tertu
[09:33:54] *** Joins: hexkyz
[11:01:13] *** Quits: ris2z (Quit: ZNC 1.9.0+deb2build3 - https://znc.in)
[11:01:33] *** Joins: ris2z
[11:04:56] *** Quits: ris2z (Client Quit)
[11:06:06] *** Joins: ris2z
[13:28:42] *** Quits: oreo639 (Read error: Operation timed out)
[13:40:47] *** Quits: n87 (Read error: Connection reset by peer)
[17:03:44] <plutobot> Wiki | Page changed: Manu services | User: yls8 | https://switchbrew.org/w/index.php?curid=207&diff=12877&oldid=12876
[17:14:31] *** Quits: CCFL_Man (Read error: Connection reset by peer)
[17:32:02] *** Joins: tpw_rules
[20:45:45] *** Joins: n87
[22:43:46] <plutobot> GitHub | New PR: spl add missi... | User: IrneRacoonovich | https://github.com/switchbrew/libnx/pull/649
[22:51:42] *** Quits: n87 (Read error: Connection reset by peer)
[23:44:28] <plutobot> Wiki | Page changed: Manu services | User: Hexkyz | https://switchbrew.org/w/index.php?curid=207&diff=12878&oldid=12877
