[01:46:51] *** Joins: oreo639
[02:01:59] *** Quits: oreo639 (Ping timeout: 622 seconds)
[04:07:08] *** Joins: oreo639
[07:37:40] *** Quits: oreo639 (Ping timeout: 240 seconds)
[07:43:33] *** Joins: oreo639
[11:16:22] *** Quits: f_ (Read error: Operation timed out)
[11:17:30] *** Quits: Snetry (Read error: Operation timed out)
[11:23:58] *** Quits: oreo639 (Read error: Operation timed out)
[11:31:36] *** Quits: lex1 (Ping timeout: 857 seconds)
[11:35:14] *** Joins: Snetry
[11:35:16] *** Joins: lex1
[11:37:46] *** Joins: f_
[12:00:54] *** Quits: Extrems (efnet.deic.eu se.hub)
[12:00:54] *** Quits: omlet05_ (efnet.deic.eu se.hub)
[12:00:55] *** Quits: ris2z (efnet.deic.eu se.hub)
[12:00:55] *** Quits: eggster (efnet.deic.eu se.hub)
[12:00:55] *** Quits: Behemoth_ (efnet.deic.eu se.hub)
[12:00:55] *** Quits: phigcloud (efnet.deic.eu se.hub)
[12:00:55] *** Quits: uyjulian (efnet.deic.eu se.hub)
[12:00:55] *** Quits: Ghabry (efnet.deic.eu se.hub)
[12:00:55] *** Quits: f_ (efnet.deic.eu se.hub)
[12:00:55] *** Quits: Snetry (efnet.deic.eu se.hub)
[12:00:55] *** Quits: lex1 (efnet.deic.eu se.hub)
[12:00:55] *** Quits: |Shadow| (efnet.deic.eu se.hub)
[12:00:55] *** Quits: Surkow (efnet.deic.eu se.hub)
[12:00:56] *** Quits: tertu (efnet.deic.eu se.hub)
[12:00:56] *** Quits: hexkyz (efnet.deic.eu se.hub)
[12:00:56] *** Quits: Stary (efnet.deic.eu se.hub)
[12:00:56] *** Quits: CCFL_Man_ (efnet.deic.eu se.hub)
[12:00:56] *** Quits: GeekShado (efnet.deic.eu se.hub)
[12:00:56] *** Quits: GrecKo (efnet.deic.eu se.hub)
[12:00:56] *** Quits: substanc3 (efnet.deic.eu se.hub)
[12:00:56] *** Quits: Maylay (efnet.deic.eu se.hub)
[12:00:56] *** Quits: tpw_rules (efnet.deic.eu se.hub)
[12:00:56] *** Quits: Genolo (efnet.deic.eu se.hub)
[12:00:57] *** Quits: klock (efnet.deic.eu se.hub)
[12:00:57] *** Quits: ihaveamac (efnet.deic.eu se.hub)
[12:00:57] *** Quits: yls8bot (efnet.deic.eu se.hub)
[12:00:57] *** Quits: DeusQain (efnet.deic.eu se.hub)
[12:00:57] *** Quits: theSuess (efnet.deic.eu se.hub)
[12:00:57] *** Quits: yellows8 (efnet.deic.eu se.hub)
[12:00:57] *** Quits: Lightswor (efnet.deic.eu se.hub)
[12:00:57] *** Quits: mendel_mu (efnet.deic.eu se.hub)
[12:00:57] *** Quits: oldtopman (efnet.deic.eu se.hub)
[12:00:57] *** Quits: mtheall (efnet.deic.eu se.hub)
[12:00:57] *** Quits: Shiz (efnet.deic.eu se.hub)
[12:00:57] *** Quits: DacoTaco (efnet.deic.eu se.hub)
[12:00:58] *** Quits: balrog (efnet.deic.eu se.hub)
[12:00:58] *** Quits: TAL (efnet.deic.eu se.hub)
[12:00:58] *** Quits: plutobot (efnet.deic.eu se.hub)
[12:08:29] *** Quits: lameboy (Read error: Operation timed out)
[12:34:19] *** Joins: f_
[12:34:19] *** Joins: lex1
[12:34:19] *** Joins: Snetry
[12:34:19] *** Joins: Maylay
[12:34:19] *** Joins: Stary
[12:34:19] *** Joins: CCFL_Man_
[12:34:19] *** Joins: mendel_mu
[12:34:19] *** Joins: substanc3
[12:34:19] *** Joins: Extrems
[12:34:19] *** Joins: Ghabry
[12:34:19] *** Joins: uyjulian
[12:34:19] *** Joins: phigcloud
[12:34:19] *** Joins: Behemoth_
[12:34:19] *** Joins: eggster
[12:34:19] *** Joins: ris2z
[12:34:19] *** Joins: omlet05_
[12:34:19] *** Joins: |Shadow|
[12:34:19] *** Joins: GeekShado
[12:34:19] *** Joins: tertu
[12:34:19] *** Joins: hexkyz
[12:34:19] *** Joins: tpw_rules
[12:34:19] *** Joins: oldtopman
[12:34:19] *** Joins: Genolo
[12:34:19] *** Joins: GrecKo
[12:34:19] *** Joins: mtheall
[12:34:19] *** Joins: Shiz
[12:34:19] *** Joins: klock
[12:34:19] *** Joins: ihaveamac
[12:34:19] *** Joins: yls8bot
[12:34:19] *** Joins: DacoTaco
[12:34:19] *** Joins: DeusQain
[12:34:19] *** Joins: Surkow
[12:34:19] *** Joins: balrog
[12:34:19] *** Joins: theSuess
[12:34:19] *** Joins: TAL
[12:34:19] *** Joins: yellows8
[12:34:19] *** Joins: Lightswor
[12:34:19] *** Joins: plutobot
[12:39:48] *** Joins: lameboy
[16:52:27] <plutobot> Wiki | Page changed: Splatoon 3 | User: yls8 | https://switchbrew.org/w/index.php?curid=467&diff=12880&oldid=12800
[17:13:35] *** Quits: f_ (Remote host closed the connection)
[17:14:06] *** Joins: f_
[20:03:47] *** Joins: oreo639
[20:11:41] *** Quits: oreo639 (Quit)
[20:12:07] *** Joins: oreo639
