[00:51:53] *** Quits: oreo639 (Ping timeout: 483 seconds)
[00:54:44] <plutobot> GitHub | New commit | User: fincs | https://github.com/switchbrew/libnx/commit/8cff58d5af
[01:00:08] *** Joins: oreo639
[02:38:32] *** Quits: oreo639 (Ping timeout: 483 seconds)
[03:02:51] *** Joins: oreo639
[05:42:02] *** Quits: oreo639 (Read error: Operation timed out)
[07:56:07] *** Joins: oreo639
[10:18:11] *** Quits: oreo639 (Ping timeout: 857 seconds)
[10:21:43] *** Joins: n87
[10:34:48] *** Quits: n87 (Read error: Connection reset by peer)
[10:36:48] *** Joins: n87
[13:39:35] *** Quits: n87 (Read error: Connection reset by peer)
[18:51:58] *** CCFL_Man_ is now known as CCFL_Man
[20:24:49] *** Quits: Maylay (Quit: Pipe Terminated)
[22:16:57] *** Joins: Maylay
[23:23:13] *** Quits: Maylay (Read error: Operation timed out)
[23:24:14] *** Quits: lex1 (Read error: Operation timed out)
[23:27:26] *** Joins: Maylay
[23:38:38] *** Quits: Snetry (Read error: Operation timed out)
[23:51:04] *** Joins: lex1
[23:53:22] *** Joins: Snetry
