[00:21:01] *** Joins: oreo639
[00:27:15] *** Quits: fgsfds (Read error: Connection reset by peer)
[00:42:04] *** Quits: oreo639 (Read error: Operation timed out)
[01:18:07] *** Joins: oreo639
[01:21:30] *** Joins: GerbilSof
[01:39:33] *** Quits: oreo639 (Ping timeout: 370 seconds)
[03:15:14] *** Joins: sentry
[03:16:33] *** Quits: Snetry (Read error: Operation timed out)
[03:16:33] *** sentry is now known as Snetry
[04:12:36] *** Joins: oreo639
[04:39:27] *** Quits: oreo639 (Read error: Operation timed out)
[04:44:03] *** Joins: oreo639
[04:52:10] *** Joins: oreo639_
[04:52:10] *** Quits: oreo639 (Read error: Connection reset by peer)
[05:08:00] *** Quits: GerbilSof (Quit: Windows must now restart because the Remote Procedure Call (RPC) service terminated unexpectedly.)
[05:23:15] *** Quits: oreo639_ (Ping timeout: 248 seconds)
[05:23:38] *** Joins: oreo639
[05:28:15] *** Quits: oreo639 (Ping timeout: 240 seconds)
[07:07:47] *** Joins: oreo639
[09:14:00] *** Quits: oreo639 (Ping timeout: 622 seconds)
[09:41:36] *** Joins: oreo639
[10:04:17] *** Quits: uyjulian (Read error: Operation timed out)
[10:22:20] *** Joins: uyjulian
[11:16:54] *** Joins: fgsfds
[11:58:45] *** Quits: oreo639 (Ping timeout: 240 seconds)
[12:40:56] *** Joins: Maylay
[13:02:40] *** Joins: tertu2
[13:04:16] *** Quits: tertu (Read error: Operation timed out)
[13:04:16] *** tertu2 is now known as tertu
[14:12:24] *** Joins: refs
[17:22:39] *** Joins: phigcloud
[18:40:10] *** Quits: refs (Quit: refs)
[21:04:03] *** Quits: averne (quit)
[21:22:24] *** Joins: averne
[21:22:24] *** Server sets mode: +stn 
[23:54:17] *** Joins: oreo639
[23:54:44] *** Joins: substanc-
[23:55:10] *** Quits: substanc3 (Read error: Operation timed out)
[23:55:10] *** substanc- is now known as substanc3
