[00:16:52] *** Quits: CCFL_Man (Ping timeout: 240 seconds)
[00:18:48] *** Joins: CCFL_Man
[01:51:45] *** Quits: fgsfds (Read error: Connection reset by peer)
[03:08:03] *** Joins: refs
[03:11:59] *** Joins: sentry
[03:13:18] *** Quits: Snetry (Read error: Operation timed out)
[03:13:18] *** sentry is now known as Snetry
[03:57:24] *** Quits: refs (Quit: refs)
[04:14:09] *** Quits: CCFL_Man (Read error: Operation timed out)
[04:16:30] *** Joins: CCFL_Man
[05:46:49] *** Quits: oreo639 (Ping timeout: 260 seconds)
[06:51:01] *** Joins: oreo639
[09:08:18] *** Quits: tertu (Read error: Operation timed out)
[09:08:26] *** Quits: eggster (Read error: Operation timed out)
[09:08:38] *** Joins: eggster
[09:09:59] *** Quits: |Shadow| (Read error: Operation timed out)
[09:12:15] *** Quits: hexkyz (Ping timeout: 620 seconds)
[09:14:34] *** Joins: hexkyz
[09:14:54] *** Joins: tertu
[09:16:10] *** Joins: |Shadow|
[11:19:06] *** Quits: oreo639 (Read error: Operation timed out)
[11:41:05] *** Joins: fgsfds
[15:15:41] *** Quits: CCFL_Man (Ping timeout: 260 seconds)
[15:17:07] *** Joins: CCFL_Man
[15:25:48] *** Joins: CCFL_Man_
[15:28:52] *** Quits: CCFL_Man (Ping timeout: 240 seconds)
[16:19:31] *** CCFL_Man_ is now known as CCFL_Man
[16:48:06] *** Joins: GerbilSof
[17:33:21] *** Joins: n87
[18:12:53] *** Quits: n87 (Read error: Connection reset by peer)
[18:14:55] *** Joins: n87
[18:39:40] *** Joins: refs
[21:24:38] *** Quits: n87 (Read error: Connection reset by peer)
[21:31:55] *** Joins: oreo639
[21:54:08] <plutobot> Wiki | Page changed: GPU Classes | User: Hexkyz | https://switchbrew.org/w/index.php?curid=305&diff=12790&oldid=11884
