[02:15:48] *** Quits: fgsfds (Read error: Connection reset by peer)
[09:05:00] *** Joins: lameboy2
[09:12:13] *** Quits: lameboy (Ping timeout: 622 seconds)
[09:12:16] *** lameboy2 is now known as lameboy
[10:05:28] *** Joins: fgsfds
[10:23:21] *** Quits: |Shadow| (Read error: Operation timed out)
[10:27:49] *** Joins: nohit___
[10:29:16] *** Quits: nohit__ (Ping timeout: 622 seconds)
[10:29:16] *** nohit___ is now known as nohit__
[10:31:01] *** Quits: Genolo (Read error: Operation timed out)
[10:31:29] *** Joins: Genolo
[10:36:56] *** Quits: lameboy (Read error: Operation timed out)
[10:38:13] *** Joins: GrecKo
[10:38:15] *** Quits: GrecKo_ (Read error: Operation timed out)
[10:40:07] *** Joins: lameboy
[10:41:56] *** Joins: |Shadow|
[13:21:17] *** Joins: refs
[16:22:20] *** Quits: refs (Quit: refs)
[16:34:20] *** Quits: Snetry (Quit: left EFNet)
[16:35:19] *** Joins: Snetry
[17:41:26] *** Joins: n87
[18:09:02] *** Quits: omlet05 (Quit: http://quassel-irc.org - Chat comfortably. Anywhere.)
[18:09:41] *** Joins: omlet05
[21:12:25] *** Joins: oreo639
[21:25:23] *** Quits: averne (quit)
[21:27:47] *** Joins: averne
[21:27:47] *** Server sets mode: +stn 
[21:53:50] *** Quits: oreo639 (Quit: Quit)
[22:15:35] <plutobot> Wiki | Page changed: GPU | User: Hexkyz | https://switchbrew.org/w/index.php?curid=286&diff=12792&oldid=12653
[22:18:05] *** Quits: n87 (Read error: Connection reset by peer)
[22:34:51] <plutobot> Wiki | Page changed: GPU | User: Hexkyz | https://switchbrew.org/w/index.php?curid=286&diff=12793&oldid=12792
[22:36:24] <plutobot> Wiki | Page changed: GPU | User: Hexkyz | https://switchbrew.org/w/index.php?curid=286&diff=12794&oldid=12793
[22:37:35] <plutobot> Wiki | Page changed: GPU | User: Hexkyz | https://switchbrew.org/w/index.php?curid=286&diff=12795&oldid=12794
