[03:04:04] *** Joins: sentry
[03:05:23] *** Quits: Snetry (Read error: Connection refused)
[03:05:23] *** sentry is now known as Snetry
[04:22:33] <plutobot> Wiki | Page changed: 15.0.1 | User: MrScottyPieey | https://switchbrew.org/w/index.php?curid=464&diff=12796&oldid=12066
[04:24:15] *** Quits: nrq (Ping timeout: 240 seconds)
[04:24:32] *** Joins: nrq
[05:18:13] *** Quits: fgsfds (Read error: Connection reset by peer)
[06:15:48] *** Joins: eggy
[06:18:23] *** Joins: GrecKo_
[06:19:49] *** Quits: eggster (Read error: Connection reset by peer)
[06:19:49] *** Quits: GrecKo (Read error: Connection reset by peer)
[06:31:02] *** Quits: mimoja657 (Quit: Ping timeout (120 seconds))
[06:31:14] *** Joins: mimoja657
[06:34:53] *** Quits: flagrama_ (Ping timeout: 260 seconds)
[06:36:28] *** Joins: flagrama_
[06:44:41] *** Quits: Maylay (Ping timeout: 260 seconds)
[06:47:01] *** Quits: uyjulian (Ping timeout: 260 seconds)
[06:47:57] *** Quits: GerbilSof (Ping timeout: 260 seconds)
[06:48:57] *** Joins: Maylay
[06:49:19] *** Joins: uyjulian
[06:59:37] *** Quits: DacoTaco (Ping timeout: 260 seconds)
[06:59:54] *** Joins: DacoTaco
[07:08:57] *** Quits: oldtopman (Ping timeout: 260 seconds)
[07:09:22] *** Joins: oldtopman
[07:23:33] *** Joins: oreo639
[09:12:01] *** Quits: oreo639 (Ping timeout: 622 seconds)
[12:53:22] *** Joins: fgsfds
[15:14:53] *** Quits: Genolo (Read error: Operation timed out)
[15:18:36] *** Quits: DacoTaco (Read error: Operation timed out)
[15:19:44] *** Joins: omlet05_
[15:20:53] *** Joins: DacoTaco
[15:21:26] *** Quits: Behemoth (Read error: Connection reset by peer)
[15:22:15] *** Quits: omlet05 (Read error: Operation timed out)
[15:22:39] *** Joins: Behemoth
[15:23:59] *** Quits: Stary (Read error: Operation timed out)
[15:25:42] *** Joins: balrog_
[15:26:20] *** Joins: Stary
[15:27:41] *** Quits: Snetry (Ping timeout: 857 seconds)
[15:30:43] *** Quits: Retr0id (Read error: Operation timed out)
[15:31:08] *** Quits: GeekShado (Ping timeout: 857 seconds)
[15:32:09] *** Joins: Retr0id
[15:32:15] *** Joins: Snetry
[15:34:40] *** Joins: Genolo
[15:35:41] *** Quits: balrog (Read error: Operation timed out)
[15:35:41] *** balrog_ is now known as balrog
[15:37:44] *** Joins: GeekShado
[18:08:18] *** Joins: refs
[20:21:00] *** Joins: oreo639
[22:59:55] *** Joins: figgis_
[23:01:19] *** Quits: figgis_ (Client Quit)
[23:03:17] *** Quits: fgsfds (Ping timeout: 240 seconds)
