[01:16:37] *** Joins: averne
[01:16:37] *** Server sets mode: +stn 
[01:27:13] *** Joins: nohit__
[01:38:26] *** Joins: oreo639
[01:48:20] *** Quits: fgsfds (Read error: Connection reset by peer)
[02:24:40] *** Quits: oreo639 (Read error: Operation timed out)
[02:48:20] *** Joins: GerbilSof
[03:56:42] *** Joins: sentry
[03:58:01] *** Quits: Snetry (Read error: Connection refused)
[03:58:03] *** sentry is now known as Snetry
[04:55:13] *** Joins: oreo639
[06:12:34] *** Quits: oreo639 (Ping timeout: 622 seconds)
[06:43:04] *** Joins: oreo639
[09:32:40] *** Quits: oreo639 (Ping timeout: 622 seconds)
[10:05:59] *** Joins: fgsfds
[10:28:43] *** Quits: uyjulian (Read error: Operation timed out)
[10:30:08] *** Joins: uyjulian
[12:20:18] *** Quits: GerbilSof (Read error: Operation timed out)
[23:04:39] *** Joins: oreo639
[23:20:25] *** Joins: mendel_mu
[23:20:44] *** mendel_mu is now known as munkis
