[03:10:59] *** Joins: refs
[03:24:47] *** Quits: oreo639 (Remote host closed the connection)
[03:25:10] *** Joins: oreo639
[03:55:38] *** Quits: Snetry (Read error: Operation timed out)
[03:56:58] *** Quits: Behemoth_ (Read error: Operation timed out)
[04:01:47] *** Joins: Behemoth
[04:09:23] *** Joins: GrecKo_
[04:11:31] *** Quits: GrecKo (Read error: Connection reset by peer)
[04:13:55] *** Joins: Snetry
[04:32:35] *** Quits: lex1 (Read error: Operation timed out)
[04:34:02] *** Quits: refs (Quit: refs)
[04:37:18] *** Quits: Snetry (Read error: Operation timed out)
[04:59:43] *** Quits: lameboy (Read error: Operation timed out)
[05:01:48] *** Joins: lameboy
[05:06:38] *** Joins: Snetry
[05:10:13] *** Joins: lex1
[05:24:35] *** Quits: fgsfds (Read error: Connection reset by peer)
[06:22:14] *** Quits: oreo639 (Read error: Operation timed out)
[06:59:37] *** Joins: oreo639
[09:33:09] *** Quits: oreo639 (Ping timeout: 260 seconds)
[13:24:52] *** Joins: refs
[17:28:43] *** Joins: fgsfds
[21:53:57] *** Joins: GerbilSof
