[00:35:16] *** Quits: TAL (Ping timeout: 240 seconds)
[00:37:10] *** Quits: fgsfds (Read error: Connection reset by peer)
[01:03:25] *** Joins: oreo639
[01:22:17] *** Joins: refs
[02:25:25] *** Quits: Cu3PO42 (Ping timeout: 483 seconds)
[02:55:12] *** Quits: refs (Quit: refs)
[03:01:35] *** Joins: Cu3PO42
[03:10:49] *** Quits: Behemoth (Ping timeout: 260 seconds)
[03:11:05] *** Joins: Behemoth
[04:05:08] *** Quits: oreo639 (Remote host closed the connection)
[04:05:33] *** Joins: oreo639
[04:14:05] *** Joins: Lightswo-
[04:14:44] *** Quits: Lightswor (Read error: Connection reset by peer)
[04:14:45] *** Lightswo- is now known as Lightswor
[04:14:50] *** Quits: Cu3PO42 (Ping timeout: 390 seconds)
[04:15:11] *** Joins: Cu3PO42
[04:42:16] *** Joins: GerbilSof
[04:58:45] *** Quits: Lightswor (Read error: Connection reset by peer)
[04:58:47] *** Joins: Lightswor
[07:13:07] *** Quits: |Shadow| ()
[07:17:45] *** Joins: |Shadow|
[07:24:11] *** Quits: |Shadow| ()
[07:28:53] *** Joins: |Shadow|
[08:32:39] *** Quits: oreo639 (Read error: Operation timed out)
[09:46:33] *** Joins: Retr0id
[09:56:15] *** Joins: oreo639
[10:21:32] *** Quits: phigcloud (Quit: Connection closed for inactivity)
[10:51:13] *** Quits: oreo639 (Ping timeout: 240 seconds)
[10:54:31] *** Joins: oreo639
[12:39:51] *** Joins: n87
[13:04:37] *** Joins: GeekShad1
[13:04:37] *** Quits: GeekShado (Read error: Connection reset by peer)
[13:58:36] *** Quits: Snetry (Read error: Connection reset by peer)
[13:59:54] *** Joins: oreo639_
[14:00:26] *** Quits: oreo639 (Read error: Connection reset by peer)
[14:00:36] *** Joins: Stary
[14:00:43] *** Joins: Retr0id6
[14:00:57] *** Quits: Retr0id (Read error: Connection reset by peer)
[14:00:58] *** Retr0id6 is now known as Retr0id
[14:01:00] *** Joins: Snetry
[14:04:50] *** Quits: Stary_ (Read error: Operation timed out)
[14:04:57] *** Quits: Genolo (Read error: Operation timed out)
[14:05:19] *** Joins: Genolo
[14:06:20] *** Quits: Extrems (Read error: Operation timed out)
[14:08:29] *** Quits: Snetry (Read error: Operation timed out)
[14:08:38] *** Joins: Extrems
[14:10:37] *** Quits: Stary (Read error: Operation timed out)
[14:10:48] *** Joins: Retr0id9
[14:11:14] *** Joins: Snetry
[14:11:23] *** Joins: Stary
[14:11:28] *** Quits: Retr0id (Read error: Connection reset by peer)
[14:11:28] *** Retr0id9 is now known as Retr0id
[14:15:37] *** Quits: Snetry (Read error: Operation timed out)
[14:16:19] *** Joins: Snetry
[14:26:43] *** Joins: phigcloud
[14:58:04] *** Quits: oreo639_ (Ping timeout: 240 seconds)
[14:58:31] *** Quits: Retr0id (Read error: Operation timed out)
[15:00:44] *** Quits: lex1 (Read error: Operation timed out)
[15:02:41] *** Joins: lex1
[15:02:55] *** Joins: Retr0id
[15:30:27] *** Joins: oreo639
[17:17:53] *** Quits: oreo639 (Read error: Operation timed out)
[18:36:06] *** Quits: balrog (Bye)
[18:38:39] *** Joins: balrog
[21:28:59] *** Quits: tertu (Read error: Operation timed out)
[21:30:19] *** Quits: yls8bot (Read error: Operation timed out)
[21:30:19] *** Quits: mendel_mu (Read error: Operation timed out)
[21:30:32] *** Joins: yls8bot
[21:30:54] *** Quits: eggster (Read error: Operation timed out)
[21:30:57] *** Quits: tpw_rules (Read error: Operation timed out)
[21:31:06] *** Joins: eggster
[21:31:24] *** Joins: n87_2
[21:31:49] *** Quits: ihaveama- (Read error: Operation timed out)
[21:32:02] *** Joins: ihaveamac
[21:33:51] *** Quits: n87 (Read error: Operation timed out)
[21:34:03] *** Quits: |Shadow| (Read error: Operation timed out)
[21:34:36] *** Joins: balrog_
[21:34:39] *** Quits: hexkyz (Read error: Operation timed out)
[21:35:11] *** Joins: tpw_rules
[21:37:40] *** Joins: tertu
[21:38:00] *** Quits: balrog (Read error: Operation timed out)
[21:38:00] *** balrog_ is now known as balrog
[21:38:20] *** Joins: |Shadow|
[21:38:54] *** Joins: hexkyz
[21:40:31] *** Joins: mendel_mu
[22:34:54] *** Quits: n87_2 (Read error: Connection reset by peer)
