[01:21:36] *** Joins: oreo639
[02:27:52] *** Joins: refs
[03:10:40] *** Quits: averne (quit)
[03:11:11] *** Joins: averne
[03:11:16] *** Server sets mode: +stn 
[03:48:13] *** Joins: sentry
[03:49:32] *** Quits: Snetry (Read error: Connection refused)
[03:49:35] *** sentry is now known as Snetry
[03:52:29] *** Quits: uyjulian (Ping timeout: 260 seconds)
[03:52:44] *** Joins: uyjulian
[03:53:53] *** Quits: phigcloud (Ping timeout: 260 seconds)
[03:54:05] *** Joins: phigcloud
[03:57:09] *** Quits: GerbilSof (Ping timeout: 260 seconds)
[03:58:12] *** Joins: GerbilSof
[03:58:33] *** Quits: GeekShad1 (Ping timeout: 260 seconds)
[03:58:48] *** Joins: GeekShado
[03:59:29] *** Quits: Stary (Ping timeout: 260 seconds)
[03:59:51] *** Quits: refs (Quit: refs)
[04:00:13] *** Joins: Stary
[04:02:45] *** Quits: omlet05 (Ping timeout: 260 seconds)
[04:02:48] *** Joins: omlet05
[04:04:37] *** Quits: DacoTaco_ (Ping timeout: 260 seconds)
[04:04:59] *** Joins: DacoTaco
[05:37:45] *** Quits: averne (quit)
[05:40:16] *** Joins: averne_
[05:40:18] *** Server sets mode: +stn 
[05:40:31] *** Joins: sentry
[05:42:46] *** Joins: oreo639_
[05:43:13] *** Quits: lex1 (Read error: Operation timed out)
[05:44:44] *** Quits: Retr0id (Read error: Connection reset by peer)
[05:44:52] *** Joins: Retr0id
[05:45:12] *** Joins: lex1
[05:45:19] *** Quits: averne (Read error: Operation timed out)
[05:45:20] *** averne_ is now known as averne
[05:45:30] *** Quits: Snetry (Read error: Connection refused)
[05:45:32] *** sentry is now known as Snetry
[05:51:59] *** Quits: oreo639 (Read error: Operation timed out)
[05:53:09] *** Quits: Retr0id (Read error: Operation timed out)
[05:53:22] *** Quits: Snetry (Read error: Operation timed out)
[05:55:55] *** Joins: Retr0id
[05:57:15] *** Joins: Snetry
[06:18:04] *** Quits: oreo639_ (Ping timeout: 483 seconds)
[06:42:13] *** Joins: oreo639
[07:10:38] *** Quits: Stary (Excess Flood)
[07:15:49] *** Joins: Stary
[07:34:41] *** Quits: substanc3 (Read error: Operation timed out)
[08:34:37] *** Joins: substanc3
[11:46:56] *** Joins: fgsfds
[14:05:38] *** Quits: oreo639 (Remote host closed the connection)
[14:06:03] *** Joins: oreo639
[14:51:55] *** Quits: oreo639 (Ping timeout: 857 seconds)
[15:10:44] *** Quits: Extrems (Read error: Operation timed out)
[15:10:47] *** Joins: Extrems
[15:13:37] *** Quits: eggster (Read error: Operation timed out)
[15:16:07] *** Joins: eggster
[15:16:12] *** Joins: GeekShad1
[15:16:16] *** Quits: Behemoth (Ping timeout: 483 seconds)
[15:16:30] *** Quits: Cu3PO42 (Read error: Operation timed out)
[15:17:01] *** Quits: tpw_rules (Read error: Operation timed out)
[15:17:13] *** Quits: Genolo (Read error: Operation timed out)
[15:17:16] *** Joins: tpw_rules
[15:17:16] *** Quits: GeekShado (Read error: Operation timed out)
[15:17:22] *** Joins: Genolo
[15:18:09] *** Joins: Behemoth
[15:18:31] *** Quits: Stary (Ping timeout: 483 seconds)
[15:31:23] *** Joins: Stary
[15:37:18] *** Joins: Cu3PO42
[18:10:02] *** Joins: refs
[19:03:10] *** Joins: n87
[22:06:21] *** Quits: n87 (Read error: Connection reset by peer)
