[00:24:41] *** Joins: oreo639
[00:45:38] *** Quits: |Shadow| ()
[00:50:50] *** Joins: |Shadow|
[01:03:32] *** Joins: refs
[02:50:08] *** Quits: refs (Quit: refs)
[04:06:10] *** Quits: balrog (Bye)
[04:06:23] *** Joins: balrog
[04:26:34] *** Quits: balrog (Remote host closed the connection)
[04:26:43] *** Joins: balrog
[04:34:21] *** Quits: balrog (Quit: Bye)
[04:34:37] *** Joins: balrog
[04:36:35] *** Quits: balrog (Remote host closed the connection)
[04:36:52] *** Joins: balrog
[04:37:19] *** Quits: balrog (Remote host closed the connection)
[04:37:23] *** Joins: balrog
[04:38:46] *** Quits: balrog (Remote host closed the connection)
[04:38:54] *** Joins: balrog
[04:51:05] <plutobot> Wiki | Page changed: Splatoon 3 | User: yls8 | https://switchbrew.org/w/index.php?curid=467&diff=12800&oldid=12764
[09:15:44] *** Joins: n87
[09:16:04] *** Joins: fgsfds
[10:31:19] *** Quits: uyjulian (Read error: Operation timed out)
[10:38:10] *** Joins: uyjulian
[11:45:27] *** Joins: oreo639_
[11:45:27] *** Quits: oreo639 (Read error: Connection reset by peer)
[14:23:34] *** Quits: GerbilSof (Quit: Windows must now restart because the Remote Procedure Call (RPC) service terminated unexpectedly.)
[14:55:47] *** Quits: oreo639_ (Read error: Operation timed out)
[18:14:58] <plutobot> GitHub | New commit | User: Dave Murphy | https://github.com/switchbrew/libnx/commit/52acb9c188
[18:21:09] <plutobot> GitHub | New commit | User: Dave Murphy | https://github.com/switchbrew/libnx/commit/e570e67704
[18:23:06] <plutobot> GitHub | New commit | User: Dave Murphy | https://github.com/switchbrew/libnx/commit/e8341a00fe
[18:28:24] <plutobot> GitHub | New commit | User: Dave Murphy | https://github.com/switchbrew/libnx/commit/c769852631
[19:48:37] *** Quits: phigcloud (Quit: Connection closed for inactivity)
[22:32:15] *** Quits: n87 (Read error: Connection reset by peer)
