[00:16:46] *** Quits: oreo639 (Quit: Quit)
[00:31:56] *** Quits: n87 (Read error: Connection reset by peer)
[02:05:08] *** Quits: m4ts_ (Ping timeout: 265 seconds)
[02:21:17] *** Joins: hexkyz
[02:46:33] *** Joins: m4ts
[04:27:18] *** Quits: tertu (Read error: Operation timed out)
[04:32:30] *** Joins: tertu
[04:54:29] *** Quits: refs` (Quit: refs`)
[06:44:51] *** Quits: fgsfds (Read error: Connection reset by peer)
[06:52:25] *** Quits: hexkyz (Ping timeout: 745 seconds)
[07:14:11] *** Quits: tpw_rules (byeeee)
[07:16:58] *** Joins: tpw_rules
[12:21:51] *** Joins: m4ts_
[12:23:19] *** Quits: m4ts (Ping timeout: 265 seconds)
[14:13:33] *** Quits: GerbilSof (Windows must now restart because the Remote Procedure Call (RPC) service terminated unexpectedly.)
[14:17:40] *** Joins: GerbilSof
[14:24:09] *** Quits: GerbilSof (Quit: Windows must now restart because the Remote Procedure Call (RPC) service terminated unexpectedly.)
[14:28:35] *** Joins: GerbilSof
[17:53:55] *** Joins: n87
[18:34:19] *** Joins: fgsfds
[21:36:53] *** Joins: refs
[21:52:02] *** Joins: gruetzkop
[21:58:19] *** Quits: n87 (Read error: Connection reset by peer)
