[02:39:22] *** Joins: changO-
[02:41:48] *** Quits: refs (Quit: refs)
[04:38:02] *** Quits: GerbilSof (Quit: Windows must now restart because the Remote Procedure Call (RPC) service terminated unexpectedly.)
[04:42:53] *** Joins: GerbilSof
[05:43:52] *** Quits: fgsfds (Read error: Connection reset by peer)
[06:08:21] *** Quits: rjeli____ (Ping timeout: 1230 seconds)
[06:25:49] *** Joins: rjeli____
[06:33:29] *** Joins: oreo639
[09:06:30] *** Quits: oreo639 (Ping timeout: 252 seconds)
[10:12:01] *** Quits: changO- (Read error: Operation timed out)
[11:04:07] *** Joins: changO-
[13:33:33] *** Joins: m4ts
[13:33:47] *** Quits: m4ts_ (Read error: Connection reset by peer)
[14:09:34] *** Quits: Surkow (Read error: Operation timed out)
[14:39:38] *** Joins: Surkow
[15:46:26] *** Joins: fgsfds
[16:32:23] *** Quits: GerbilSof (Quit: Windows must now restart because the Remote Procedure Call (RPC) service terminated unexpectedly.)
[16:36:39] *** Joins: GerbilSof
[18:09:35] *** Joins: oreo639
[18:20:51] *** Quits: oreo639 (Quit: No Ping reply in 180 seconds.)
[18:21:08] *** Joins: oreo639
[19:42:22] *** Joins: n87
[20:56:57] *** Quits: n87 (Read error: Connection reset by peer)
[21:24:43] *** Joins: refs
