[02:52:43] *** Quits: refs (Quit: refs)
[05:14:15] *** Quits: fgsfds (Ping timeout: 376 seconds)
[05:48:55] *** Quits: balrog (Read error: Operation timed out)
[05:48:55] *** Quits: Lightswor (Read error: Connection reset by peer)
[05:49:19] *** Joins: Lightswor
[05:51:58] *** Joins: balrog
[07:27:12] *** Joins: hexkyz
[07:44:45] *** Joins: changoXPR
[07:47:25] *** Quits: changO- (Read error: Operation timed out)
[08:25:35] *** Quits: changoXPR (Read error: Operation timed out)
[08:26:34] *** Joins: changO-
[08:39:48] *** Joins: changoXPR
[08:40:35] *** Quits: changO- (Read error: Operation timed out)
[12:50:43] *** Quits: oreo639 (Ping timeout: 496 seconds)
[16:28:51] *** Joins: fgsfds
[19:14:51] *** Joins: figgis_
[19:17:47] *** Quits: fgsfds (Ping timeout: 248 seconds)
[19:42:30] *** Joins: oreo639
[20:34:16] *** Quits: hexkyz (Ping timeout: 745 seconds)
[20:35:02] *** Quits: oreo639 (Quit: Quit)
[21:18:41] *** Joins: refs
