[01:48:14] *** Joins: CCFL_Man_
[01:55:06] *** Quits: CCFL_Man (Ping timeout: 744 seconds)
[02:06:38] *** Joins: lameboy2
[02:07:18] *** Quits: nohit (Read error: Operation timed out)
[02:08:57] *** Quits: blasty (Read error: Operation timed out)
[02:12:12] *** Quits: lameboy (Read error: Operation timed out)
[02:12:16] *** lameboy2 is now known as lameboy
[02:12:26] *** Joins: nohit
[02:16:10] *** Joins: blasty
[02:46:17] *** Quits: refs (Quit: refs)
[05:29:36] *** Quits: figgis_ (Quit: Leaving)
[10:11:28] *** Quits: m4ts (Quit: bye)
[10:12:53] *** Joins: m4ts
[10:48:33] *** Joins: m4ts_
[10:51:31] *** Quits: m4ts (Ping timeout: 265 seconds)
[20:21:41] *** Joins: Tcm0
[20:52:44] *** Joins: fgsfds
[21:49:39] *** Joins: refs
[22:33:57] *** Joins: figgis_
[22:34:45] *** Joins: figgis__
[22:38:09] *** Quits: fgsfds (Ping timeout: 265 seconds)
[22:38:38] *** Quits: figgis_ (Ping timeout: 265 seconds)
[22:47:53] *** Joins: fgsfds
[22:48:27] *** Joins: figgis_
[22:52:39] *** Quits: fgsfds (Ping timeout: 265 seconds)
[22:54:10] *** Quits: figgis__ (Read error: Operation timed out)
[23:29:50] *** Quits: Tcm0 (Leaving)
