[01:44:34] *** Quits: Surkow (Read error: Operation timed out)
[01:55:41] *** Joins: Surkow
[03:05:15] *** Quits: refs (Quit: refs)
[04:32:58] *** Quits: rjeli____ (Read error: Connection reset by peer)
[04:33:02] *** Quits: Lightswor (Read error: Connection reset by peer)
[04:33:03] *** Joins: rjeli____
[04:33:03] *** Joins: Lightswo-
[04:33:31] *** Lightswo- is now known as Lightswor
[05:58:25] *** Joins: hexkyz
[06:45:13] *** Quits: figgis_ (Read error: Connection reset by peer)
[10:04:04] *** Joins: GrecKo_
[10:04:50] *** Joins: nrq
[10:05:09] *** Joins: WntrDeaf
[10:07:08] *** Joins: Stary
[10:10:21] *** Quits: m4ts_ (se.hub irc.underworld.no)
[10:10:21] *** Quits: Mimoja8 (se.hub irc.underworld.no)
[10:10:21] *** Quits: eggy (se.hub irc.underworld.no)
[10:10:21] *** Quits: fincs (se.hub irc.underworld.no)
[10:10:21] *** Quits: WntrMute (se.hub irc.underworld.no)
[10:10:21] *** Quits: nrq_ (se.hub irc.underworld.no)
[10:10:21] *** Quits: GeekShado (se.hub irc.underworld.no)
[10:10:21] *** Quits: DacoTaco_ (se.hub irc.underworld.no)
[10:10:21] *** Quits: Stary_ (se.hub irc.underworld.no)
[10:10:21] *** Quits: GrecKo (se.hub irc.underworld.no)
[10:10:21] *** Quits: thomasnet (se.hub irc.underworld.no)
[10:10:21] *** Quits: klock (se.hub irc.underworld.no)
[10:10:21] *** Quits: Shiz__ (se.hub irc.underworld.no)
[10:10:21] *** Quits: TAL (se.hub irc.underworld.no)
[10:10:21] *** Quits: Ghabry (se.hub irc.underworld.no)
[10:10:32] *** Joins: TAL_
[10:10:44] *** Joins: fincs_
[10:26:09] *** WntrDeaf is now known as WntrMute
[10:26:12] *** fincs_ is now known as fincs
[10:28:47] *** Joins: GeekShado
[10:33:35] *** Joins: m4ts_
[10:33:35] *** Joins: Ghabry
[10:33:57] *** Joins: npdpgdev
[11:31:19] *** TAL_ is now known as TAL
[12:52:00] *** Joins: eggster
[12:53:06] *** Joins: DacoTaco
[13:01:15] *** Joins: klock
[13:39:19] *** Joins: Shiz__
[16:56:23] *** Joins: fgsfds
[17:43:47] *** Quits: tpw_rules (Read error: Operation timed out)
[17:44:33] *** Joins: tpw_rules
[18:59:58] *** Joins: tertu2
[19:01:48] *** Quits: tertu (Read error: Operation timed out)
[19:01:49] *** tertu2 is now known as tertu
[19:30:53] *** Joins: n87
[21:03:59] *** Joins: TAL_
[21:03:59] *** Quits: TAL (Read error: Connection reset by peer)
[21:48:10] *** Joins: refs
[22:24:48] *** Quits: freundTec (Ping timeout: 252 seconds)
[22:26:07] *** Joins: freundTec
[22:26:16] *** Quits: mtheall (Ping timeout: 252 seconds)
[22:26:38] *** Quits: averne (quit)
[22:26:54] *** Joins: averne_
[22:26:57] *** Server sets mode: +stn 
[22:26:59] *** Server sets mode: +stn 
[22:27:53] *** Joins: freundTec
[22:27:53] *** Quits: mtheall (Ping timeout: 252 seconds)
[22:27:53] *** Quits: averne (Ping timeout: 252 seconds)
[22:27:53] *** averne_ is now known as averne
[22:28:23] *** Quits: freundTec (Killed (irc.swepipe.se (Nick collision (new))))
[22:28:36] *** Joins: freundTec
[22:31:35] *** Joins: mtheall
[23:15:10] *** Quits: lex1 (Read error: Operation timed out)
[23:15:29] *** Joins: lex1
[23:33:37] *** Quits: n87 (Read error: Connection reset by peer)
