[01:01:01] *** TAL_ is now known as TAL
[03:57:38] *** Quits: refs (Quit: refs)
[06:02:21] *** Quits: hexkyz (Ping timeout: 745 seconds)
[06:08:47] *** Joins: mtheall_
[06:09:01] *** Joins: GeekShad1
[06:12:13] *** Quits: DacoTaco (Read error: Operation timed out)
[06:12:55] *** Quits: GeekShado (Ping timeout: 612 seconds)
[06:12:55] *** Quits: Maylay (Ping timeout: 612 seconds)
[06:13:34] *** Quits: mtheall (Ping timeout: 612 seconds)
[06:15:04] *** Joins: DacoTaco
[06:19:03] *** Joins: Maylay
[06:19:34] *** Quits: phigcloud (Read error: Operation timed out)
[06:19:39] *** Quits: pieman (Read error: Operation timed out)
[06:20:58] *** Quits: nohit (Read error: Operation timed out)
[06:21:02] *** Joins: nohit
[06:24:53] *** Joins: pieman
[06:35:52] *** Joins: phigcloud
[07:38:48] *** Quits: fgsfds (Read error: Connection reset by peer)
[08:38:06] *** Quits: rjeli____ (Ping timeout: 1230 seconds)
[08:38:19] *** Joins: rjeli____
[10:44:14] *** Joins: n00b691
[10:44:34] *** Quits: n00b691 (Client Quit)
[11:23:46] *** Quits: rjeli____ (Ping timeout: 1230 seconds)
[11:23:59] *** Joins: rjeli____
[11:50:00] *** Joins: n87
[12:39:11] *** Quits: n87 (Read error: Connection reset by peer)
[13:01:46] *** Quits: rjeli____ (Ping timeout: 1230 seconds)
[13:01:59] *** Joins: rjeli____
[13:09:55] *** Joins: refs
[14:18:46] *** Quits: rjeli____ (Ping timeout: 1230 seconds)
[14:18:59] *** Joins: rjeli____
[15:56:46] *** Quits: rjeli____ (Ping timeout: 1230 seconds)
[15:56:59] *** Joins: rjeli____
[16:35:51] *** Joins: fgsfds
[17:00:34] *** Quits: Maylay (hub.efnet.us irc.servercentral.net)
[17:00:34] *** Quits: GeekShad1 (hub.efnet.us irc.servercentral.net)
[17:00:34] *** Quits: eggster (hub.efnet.us irc.servercentral.net)
[17:00:34] *** Quits: Lightswor (hub.efnet.us irc.servercentral.net)
[17:00:34] *** Quits: Surkow (hub.efnet.us irc.servercentral.net)
[17:00:34] *** Quits: gruetzkop (hub.efnet.us irc.servercentral.net)
[17:00:34] *** Quits: Behemoth (hub.efnet.us irc.servercentral.net)
[17:00:35] *** Quits: TurtleP (hub.efnet.us irc.servercentral.net)
[17:00:35] *** Quits: yls8bot (hub.efnet.us irc.servercentral.net)
[17:00:35] *** Quits: yellows8 (hub.efnet.us irc.servercentral.net)
[17:04:59] *** Joins: gruetzko-
[17:12:37] *** Joins: n87
[17:23:57] *** Joins: Lightswor
[17:23:57] *** Joins: GeekShado
[17:23:57] *** Joins: yls8bot
[17:23:57] *** Joins: Maylay
[17:23:57] *** Joins: eggster
[17:23:57] *** Joins: Surkow
[17:23:57] *** Joins: Behemoth
[17:23:57] *** Joins: TurtleP
[17:23:57] *** Joins: yellows8
[17:23:57] *** irc.servercentral.net sets mode: +oo yls8bot yellows8
[17:24:02] *** yls8bot sets mode: +o fincs
[17:24:10] *** yls8bot sets mode: +o WntrMute
[18:15:01] *** Quits: rjeli____ (Read error: Connection timed out)
[18:23:18] *** Joins: changO-
[18:23:51] *** Quits: Phils3r (Read error: Connection reset by peer)
[18:28:36] *** Quits: derrek (Quit: This should have not happened.)
[18:29:01] *** Quits: changoXPR (Ping timeout: 745 seconds)
[18:32:00] *** Quits: gruetzko- (Read error: Connection reset by peer)
[18:32:49] *** Quits: mid-kid4 (Remote host closed the connection)
[18:33:27] *** Joins: mid-kid4
[18:34:11] *** Joins: gruetzkop
[18:35:15] *** Joins: derrek
[18:35:39] *** Joins: rjeli____
[18:38:40] *** Quits: derrek (Read error: Connection timed out)
[18:41:12] *** Joins: derrek
[18:45:31] *** Joins: dibas_
[18:45:31] *** Quits: dibas (Read error: Connection reset by peer)
[18:45:36] *** dibas_ is now known as dibas
[18:46:02] *** Joins: Phils3r
[19:08:54] *** Quits: n87 (Read error: Connection reset by peer)
