[00:27:52] *** Quits: averne (quit)
[00:30:10] *** Joins: averne_
[00:30:11] *** Server sets mode: +stn 
[00:31:20] *** Quits: blasty (Remote host closed the connection)
[00:32:19] *** Quits: GrecKo_ (Read error: Connection reset by peer)
[00:35:48] *** Quits: Snetry (Read error: Operation timed out)
[00:36:53] *** Quits: Genolo (Read error: Operation timed out)
[00:36:55] *** Quits: DacoTaco (Read error: Operation timed out)
[00:37:33] *** Quits: averne (Read error: Operation timed out)
[00:37:34] *** averne_ is now known as averne
[00:39:09] *** Joins: Genolo
[00:39:13] *** Joins: DacoTaco
[00:39:26] *** Joins: nohit
[00:40:50] *** Joins: Snetry
[00:45:01] *** Joins: blasty
[05:13:48] *** Quits: refs (Quit: refs)
[06:18:28] *** Quits: npdpgdev (Ping timeout: 265 seconds)
[06:18:45] *** Joins: thomasnet
[06:51:00] *** Quits: fgsfds (Read error: Connection reset by peer)
[06:53:21] *** Quits: GerbilSof (Windows must now restart because the Remote Procedure Call (RPC) service terminated unexpectedly.)
[07:16:59] *** Joins: |Shadow|_
[07:18:19] *** Quits: |Shadow| (Read error: Operation timed out)
[09:36:24] *** Joins: changoXPR
[09:38:56] *** Quits: changO- (Read error: Operation timed out)
[11:49:11] *** |Shadow|_ is now known as |Shadow|
[16:43:59] *** Joins: fgsfds
[17:48:37] *** Joins: refs
[19:50:46] *** Joins: GerbilSof
[19:59:18] *** CCFL_Man_ is now known as CCFL_Man
[22:42:26] *** Quits: mid-kid4 (Ping timeout: 745 seconds)
