[00:11:48] *** Joins: figgis_
[00:12:03] *** Quits: fgsfds (Ping timeout: 376 seconds)
[00:39:51] *** Joins: figgis__
[00:43:22] *** Quits: figgis_ (Ping timeout: 265 seconds)
[01:10:26] *** Quits: m4ts_ (Ping timeout: 265 seconds)
[01:16:34] *** Joins: m4ts
[01:35:34] *** Quits: m4ts (Ping timeout: 265 seconds)
[01:39:35] *** Joins: m4ts
[03:21:59] *** Quits: figgis__ (Read error: Connection reset by peer)
[03:27:12] *** Joins: lameboy2
[03:34:20] *** Quits: lameboy (Read error: Operation timed out)
[03:34:22] *** lameboy2 is now known as lameboy
[04:00:08] *** Quits: |Shadow| ()
[04:01:31] *** Quits: rjeli____ (Ping timeout: 1230 seconds)
[04:02:06] *** Joins: rjeli____
[04:15:25] *** Joins: |Shadow|
[04:32:30] *** Quits: rjeli____ (Read error: Connection timed out)
[05:02:05] *** Quits: pieman (Read error: Operation timed out)
[05:05:45] *** Joins: rjeli____
[05:09:27] *** Quits: refs (Quit: refs)
[07:22:48] *** Joins: tertu2
[07:23:37] *** Quits: tertu (Read error: Operation timed out)
[07:23:37] *** tertu2 is now known as tertu
[11:00:26] *** Joins: fgsfds
[11:44:28] *** Quits: fgsfds (Quit: Leaving)
[12:21:02] *** Joins: m4ts_
[12:21:47] *** Quits: m4ts (Ping timeout: 265 seconds)
[13:24:23] *** Joins: fgsfds
[13:41:57] *** Joins: mid-kid
[16:36:50] *** Joins: figgis_
[16:39:47] *** Quits: fgsfds (Read error: Operation timed out)
[21:49:32] *** Joins: n87
[21:57:50] *** Joins: refs
[22:43:01] *** Quits: n87 (Read error: Connection reset by peer)
