[00:51:39] *** Quits: mid-kid (Quit: WeeChat 3.2)
[01:21:20] *** Joins: mid-kid
[02:59:00] *** Quits: refs (Quit: refs)
[05:46:31] *** Joins: lameboy2
[05:48:19] *** Quits: lameboy (Ping timeout: 186 seconds)
[05:48:21] *** lameboy2 is now known as lameboy
[06:16:19] *** Quits: flotwig (Read error: Operation timed out)
[06:21:00] *** Joins: flotwig
[06:24:32] *** Quits: figgis_ (Read error: Connection reset by peer)
[08:42:43] *** Joins: flotwig_
[08:49:56] *** Quits: flotwig (Ping timeout: 745 seconds)
[08:49:56] *** flotwig_ is now known as flotwig
[08:51:53] *** Quits: CCFL_Man (Read error: Operation timed out)
[08:57:40] *** Joins: CCFL_Man
[13:30:05] *** Joins: fgsfds
[14:46:45] *** Quits: CCFL_Man (Read error: Operation timed out)
[14:48:30] *** Joins: CCFL_Man
[15:22:37] *** Joins: CCFL_Man_
[15:23:26] *** Quits: CCFL_Man (Read error: Operation timed out)
[17:06:29] *** Quits: fgsfds (Quit: Leaving)
[19:43:21] *** Joins: fgsfds
[19:58:55] *** Joins: n87
[20:30:41] *** Joins: n87_2
[20:34:09] *** Quits: n87 (Ping timeout: 265 seconds)
[21:33:02] *** Joins: refs
[22:32:45] *** Quits: n87_2 (Read error: Connection reset by peer)
[23:31:45] *** Joins: hexkyz
