[01:26:15] *** Quits: nohit (Read error: Operation timed out)
[01:26:28] *** Quits: phigcloud (Read error: Operation timed out)
[01:27:23] *** Quits: rjeli____ (Read error: Connection reset by peer)
[01:27:35] *** Quits: Snetry (Read error: Operation timed out)
[01:35:56] *** Joins: Snetry
[01:36:34] *** Quits: changO- (Read error: Operation timed out)
[01:44:00] *** Joins: rjeli____
[02:01:27] *** Joins: nohit
[02:05:01] *** Quits: rjeli____ (Ping timeout: 1230 seconds)
[02:06:27] *** Joins: rjeli____
[02:32:26] *** Joins: changO-
[02:40:12] *** Quits: |Shadow| ()
[02:44:05] *** Quits: refs (Quit: refs)
[03:03:13] *** Joins: |Shadow|
[03:06:16] *** Quits: hexkyz (Ping timeout: 745 seconds)
[06:50:55] *** Quits: fgsfds (Read error: Connection reset by peer)
[10:27:24] *** Quits: lemmy (Remote host closed the connection)
[10:50:16] *** Joins: lemmy
[14:33:42] *** Joins: fgsfds
[14:42:25] *** Joins: nohit_
[14:44:06] *** Quits: nohit (Read error: Operation timed out)
[14:44:06] *** nohit_ is now known as nohit
[14:53:16] *** Quits: rjeli____ (Ping timeout: 1230 seconds)
[14:55:06] *** Joins: rjeli____
[15:21:04] *** Quits: nohit (Read error: Operation timed out)
[15:22:32] *** Joins: nohit
[15:27:06] *** Quits: rjeli____ (Ping timeout: 1230 seconds)
[15:28:22] *** Quits: Whovian9- (Remote host closed the connection)
[15:46:21] *** Joins: Whovian93
[16:07:16] *** Joins: rjeli____
[18:27:00] *** CCFL_Man_ is now known as CCFL_Man
[19:57:03] *** Joins: n87
[19:59:28] *** Quits: n87 (Client Quit)
[20:08:17] *** Joins: phigcloud
[21:49:28] *** Joins: Lightswo-
[21:49:28] *** Quits: Lightswor (Read error: Connection reset by peer)
[21:49:32] *** Lightswo- is now known as Lightswor
[22:00:36] *** Joins: refs
[23:11:31] *** Quits: changO- (Ping timeout: 496 seconds)
[23:42:47] *** Quits: Surkow (Remote host closed the connection)
[23:43:26] *** Joins: Surkow
