[00:02:52] *** Quits: fgsfds (Remote host closed the connection)
[00:04:51] *** Joins: fgsfds
[00:08:31] *** Quits: Behemoth (Ping timeout: 376 seconds)
[00:11:01] *** Joins: Behemoth
[01:28:18] *** Quits: n87 (Read error: Connection reset by peer)
[02:05:58] *** Joins: refs
[04:13:41] *** Quits: refs (Quit: refs)
[04:38:51] *** Quits: fgsfds (Read error: Connection reset by peer)
[07:13:26] *** Joins: balrog_
[07:14:53] *** Joins: changO-
[07:18:18] *** Joins: Phils3r_
[07:18:18] *** Quits: Phils3r (Read error: Connection reset by peer)
[07:21:42] *** Quits: balrog (Ping timeout: 745 seconds)
[07:21:42] *** balrog_ is now known as balrog
[07:37:37] *** Joins: lameboy2
[07:48:34] *** Quits: lameboy (Ping timeout: 745 seconds)
[07:48:38] *** lameboy2 is now known as lameboy
[10:47:58] *** Quits: lameboy (Quit: Astalabyebye...)
[10:53:44] *** Joins: lameboy
[11:36:48] *** Quits: |Shadow| (Ping timeout: 240 seconds)
[11:40:25] *** Joins: |Shadow|
[11:57:08] *** Joins: tertu2
[11:58:44] *** Quits: tertu (Read error: Operation timed out)
[11:58:44] *** tertu2 is now known as tertu
[12:34:08] *** Joins: n87
[12:45:32] *** Quits: sh0e (Quit: Bye.)
[12:46:04] *** Joins: sh0e
[12:48:25] *** Quits: lameboy (Quit: Astalabyebye...)
[12:52:07] *** Quits: n87 (Read error: Connection reset by peer)
[14:04:13] *** Joins: lameboy
[15:22:39] *** Joins: fgsfds
[17:34:49] *** Joins: refs
[18:35:25] *** Joins: Behemoth_
[18:38:01] *** Quits: Behemoth (Ping timeout: 612 seconds)
[18:41:55] *** Quits: lameboy (Ping timeout: 612 seconds)
[18:42:54] *** Joins: lameboy
