[00:27:00] *** Joins: nrq_
[00:28:13] *** Quits: Normmatt (Write error: Connection reset by peer)
[00:28:13] *** Quits: zini (Read error: Connection reset by peer)
[00:28:13] *** Quits: lemmy (Read error: Connection reset by peer)
[00:28:13] *** Quits: nrq (Read error: Connection reset by peer)
[00:28:13] *** Joins: dibas_
[00:28:13] *** Quits: mid-kid (Read error: Connection reset by peer)
[00:28:13] *** Joins: zini
[00:28:21] *** Quits: uyjulian (Ping timeout: 743 seconds)
[00:29:18] *** Quits: Phils3r_ (Read error: Connection reset by peer)
[00:30:43] *** Quits: dibas (Ping timeout: 729 seconds)
[00:30:43] *** Quits: derrek (Ping timeout: 729 seconds)
[00:30:45] *** dibas_ is now known as dibas
[00:31:20] *** Joins: mid-kid
[00:31:40] *** Joins: Phils3r
[00:31:41] *** Joins: Whovian9-
[00:32:43] *** Joins: derrek
[00:37:08] *** Quits: Whovian93 (Ping timeout: 745 seconds)
[00:38:43] *** Joins: Normmatt
[00:39:29] *** Quits: freundTec (Ping timeout: 745 seconds)
[00:40:28] *** Joins: uyjulian
[00:42:49] *** Joins: freundTec
[00:43:50] *** Joins: dibas_
[00:43:50] *** Quits: dibas (Read error: Connection reset by peer)
[00:43:52] *** dibas_ is now known as dibas
[00:46:56] *** Quits: mid-kid (Remote host closed the connection)
[00:48:39] *** Quits: Phils3r (Ping timeout: 736 seconds)
[00:53:35] *** Quits: dibas (se.hub efnet.port80.se)
[00:53:35] *** Quits: derrek (se.hub efnet.port80.se)
[00:53:35] *** Quits: Whovian9- (se.hub efnet.port80.se)
[00:53:35] *** Quits: zini (se.hub efnet.port80.se)
[00:53:35] *** Quits: Shiz__ (se.hub efnet.port80.se)
[00:53:35] *** Quits: Jdbye (se.hub efnet.port80.se)
[00:53:47] *** Joins: mid-kid
[00:53:47] *** Joins: Phils3r
[00:53:47] *** Joins: dibas
[00:53:47] *** Joins: derrek
[00:53:47] *** Joins: Whovian9-
[00:53:47] *** Joins: zini
[00:53:47] *** Joins: Shiz__
[00:53:47] *** Joins: Jdbye
[00:58:22] *** Joins: lemmy
[01:06:10] *** Quits: Whovian9- (Read error: Connection reset by peer)
[01:06:10] *** Quits: zini (Read error: Connection reset by peer)
[01:06:10] *** Quits: derrek (Read error: Connection reset by peer)
[01:06:10] *** Joins: zini
[01:06:10] *** Joins: dibas_
[01:06:10] *** Joins: Phils3r_
[01:06:10] *** Quits: mid-kid (Read error: Connection reset by peer)
[01:06:10] *** Joins: mid-kid
[01:06:10] *** Joins: Whovian93
[01:06:10] *** Joins: derrek
[01:06:10] *** Quits: Phils3r (Write error: Broken pipe)
[01:06:10] *** Quits: Jdbye (Ping timeout: 743 seconds)
[01:14:11] *** Joins: Jdbye
[01:16:45] *** Quits: derrek (se.hub efnet.port80.se)
[01:16:45] *** Quits: Whovian93 (se.hub efnet.port80.se)
[01:16:45] *** Quits: mid-kid (se.hub efnet.port80.se)
[01:16:45] *** Quits: Phils3r_ (se.hub efnet.port80.se)
[01:16:45] *** Quits: dibas_ (se.hub efnet.port80.se)
[01:16:45] *** Quits: zini (se.hub efnet.port80.se)
[01:16:45] *** Quits: dibas (se.hub efnet.port80.se)
[01:16:45] *** Quits: Shiz__ (se.hub efnet.port80.se)
[01:19:04] *** Joins: derrek
[01:19:04] *** Joins: Whovian93
[01:19:04] *** Joins: mid-kid
[01:19:04] *** Joins: Phils3r_
[01:19:04] *** Joins: dibas
[01:19:04] *** Joins: zini
[01:19:04] *** Joins: Shiz__
[01:25:38] *** Quits: Phils3r_ (Read error: Connection reset by peer)
[01:25:38] *** Quits: zini (Read error: Connection reset by peer)
[01:25:46] *** Quits: mid-kid (Read error: Connection reset by peer)
[01:25:59] *** Joins: zini
[01:26:40] *** Joins: mid-kid
[01:27:19] *** Joins: Whovian9-
[01:27:29] *** Joins: Phils3r
[01:27:35] *** Joins: dibas_
[01:32:10] *** Quits: Whovian9- (Quit: And I'm gone.)
[01:33:08] *** Quits: dibas (Ping timeout: 753 seconds)
[01:33:09] *** dibas_ is now known as dibas
[01:40:13] *** Joins: Whovian9-
[01:40:13] *** Quits: Whovian93 (Ping timeout: 745 seconds)
[01:50:49] *** Joins: derrek_
[01:55:57] *** Quits: Whovian9- (se.hub efnet.port80.se)
[01:55:57] *** Quits: dibas (se.hub efnet.port80.se)
[01:55:57] *** Quits: Phils3r (se.hub efnet.port80.se)
[01:55:57] *** Quits: mid-kid (se.hub efnet.port80.se)
[01:55:57] *** Quits: zini (se.hub efnet.port80.se)
[01:55:57] *** Quits: derrek (se.hub efnet.port80.se)
[01:55:57] *** Quits: Shiz__ (se.hub efnet.port80.se)
[02:03:54] *** Joins: mid-kid
[02:03:54] *** Joins: dibas
[02:03:54] *** Joins: Phils3r
[02:03:54] *** Joins: Shiz__
[02:09:29] *** Joins: Whovian93
[02:09:53] *** Joins: zini
[02:11:51] *** derrek_ is now known as derrek
[02:25:50] *** Joins: zini-
[02:25:50] *** Quits: Whovian93 (Read error: Connection reset by peer)
[02:25:50] *** Joins: dibas_
[02:40:45] *** Quits: dibas_ (se.hub efnet.port80.se)
[02:40:45] *** Quits: zini- (se.hub efnet.port80.se)
[02:40:45] *** Quits: zini (se.hub efnet.port80.se)
[02:40:45] *** Quits: mid-kid (se.hub efnet.port80.se)
[02:40:45] *** Quits: dibas (se.hub efnet.port80.se)
[02:40:45] *** Quits: Phils3r (se.hub efnet.port80.se)
[02:40:45] *** Quits: Shiz__ (se.hub efnet.port80.se)
[02:45:17] *** Joins: Phils3r_
[02:45:17] *** Joins: Whovian93
[02:45:17] *** Joins: dibas
[02:45:17] *** Joins: zini-
[02:45:17] *** Joins: mid-kid
[02:45:17] *** Joins: Shiz__
[03:00:31] *** Quits: Whovian93 (Quit: And I'm gone.)
[03:00:31] *** Quits: zini- (Read error: Connection reset by peer)
[03:00:31] *** Quits: dibas (Read error: Connection reset by peer)
[03:00:40] *** Joins: dibas
[03:01:01] *** Joins: zini
[03:01:53] *** Joins: Whovian93
[03:14:56] *** Quits: refs (Quit: refs)
[03:29:13] *** Quits: mid-kid (Remote host closed the connection)
[03:29:13] *** Quits: Whovian93 (Quit: And I'm gone.)
[03:29:13] *** Quits: Phils3r_ (Write error: Connection reset by peer)
[03:36:25] *** Joins: dibas_
[03:36:26] *** Joins: zini-
[03:37:00] *** Joins: Whovian93
[03:38:04] *** Quits: Whovian93 (se.hub efnet.port80.se)
[03:38:04] *** Quits: zini- (se.hub efnet.port80.se)
[03:38:04] *** Quits: dibas_ (se.hub efnet.port80.se)
[03:38:04] *** Quits: zini (se.hub efnet.port80.se)
[03:38:04] *** Quits: dibas (se.hub efnet.port80.se)
[03:38:04] *** Quits: Shiz__ (se.hub efnet.port80.se)
[03:53:15] *** Joins: mid-kid2
[03:53:15] *** Joins: dibas
[03:53:15] *** Joins: Shiz__
[03:53:15] *** Joins: Phils3r
[03:53:15] *** Joins: Whovian93
[03:53:15] *** Joins: zini-
[05:15:14] *** Quits: fgsfds (Read error: Connection reset by peer)
[05:25:22] *** Quits: Phils3r (Read error: Connection reset by peer)
[05:25:24] *** Quits: Whovian93 (Read error: Connection reset by peer)
[05:26:00] *** Joins: Phils3r
[05:26:32] *** Joins: dibas_
[05:27:52] *** Quits: mid-kid2 (Read error: Connection reset by peer)
[05:30:57] *** Joins: mid-kid2
[05:31:42] *** Joins: Whovian93
[05:34:36] *** Quits: Shiz__ (Ping timeout: 745 seconds)
[05:35:47] *** Quits: dibas (Ping timeout: 745 seconds)
[05:35:47] *** dibas_ is now known as dibas
[06:09:18] *** Joins: Shiz__
[07:02:53] *** Joins: oreo639
[07:26:52] *** Quits: Whovian93 (se.hub efnet.port80.se)
[07:26:53] *** Quits: mid-kid2 (se.hub efnet.port80.se)
[07:26:53] *** Quits: dibas (se.hub efnet.port80.se)
[07:26:53] *** Quits: Phils3r (se.hub efnet.port80.se)
[07:26:53] *** Quits: zini- (se.hub efnet.port80.se)
[07:37:28] *** Quits: Lightswor (Quit: ZNC)
[07:37:36] *** Quits: Maylay (Read error: Operation timed out)
[07:38:31] *** Joins: L4CME
[07:38:45] *** Quits: Jdbye (Read error: Operation timed out)
[07:39:36] *** Joins: GeekShad1
[07:39:39] *** Quits: GeekShado (Read error: Connection reset by peer)
[07:39:53] *** Joins: dibas
[07:39:54] *** Joins: Phils3r
[07:39:54] *** Joins: zini-
[07:39:54] *** Joins: mid-kid2
[07:40:49] *** Joins: Jdbye
[07:41:47] *** Quits: Behemoth_ (Ping timeout: 376 seconds)
[07:42:54] *** Quits: yellows8 (Read error: Operation timed out)
[07:44:00] *** Joins: flotwig_
[07:45:29] *** Quits: flotwig (Read error: Operation timed out)
[07:45:29] *** flotwig_ is now known as flotwig
[07:46:21] *** Joins: Maylay
[07:46:22] *** Quits: Maylay (Remote host closed the connection!)
[07:47:35] *** Joins: Whovian93
[07:47:36] *** Quits: oreo639 (Read error: Operation timed out)
[07:48:28] *** Quits: DacoTaco (Read error: Operation timed out)
[07:48:55] *** Joins: Behemoth
[07:49:02] *** Joins: oreo639
[07:49:45] *** Joins: DacoTaco
[07:53:20] *** Joins: Lightswor
[07:53:21] *** Joins: yellows8
[07:53:21] *** WntrMute sets mode: +o yellows8
[07:53:27] *** yls8bot sets mode: +o yellows8
[08:07:04] *** Joins: Maylay
[08:43:04] *** Quits: Lightswor (Read error: Connection reset by peer)
[08:47:08] *** Quits: TurtleP (Read error: Operation timed out)
[08:47:21] *** Joins: TurtleP
[08:48:24] *** Joins: Lightswor
[08:48:51] *** Joins: yls8bot_
[08:55:21] *** Quits: yls8bot (Read error: Operation timed out)
[08:55:22] *** yls8bot_ is now known as yls8bot
[09:48:46] *** Joins: changoXPR
[09:54:37] *** Quits: changO- (Read error: Operation timed out)
[10:34:08] *** Quits: ihaveamac (Quit: fail)
[10:34:41] *** Joins: ihaveamac
[10:44:21] *** Quits: oreo639 (Ping timeout: 745 seconds)
[12:00:23] *** Quits: |Shadow| (Remote host closed the connection)
[12:05:46] *** Joins: |Shadow|
[14:00:07] *** Joins: fgsfds
[16:59:28] *** Quits: ihaveamac (Read error: Connection reset by peer)
[16:59:54] *** Quits: flotwig (Read error: Operation timed out)
[17:00:30] *** Joins: CCFL_Man_
[17:01:25] *** Quits: Maylay (Read error: Operation timed out)
[17:01:37] *** Joins: flotwig
[17:01:41] *** Joins: Maylay
[17:02:42] *** Quits: CCFL_Man (Read error: Operation timed out)
[17:02:44] *** Joins: GeekShado
[17:02:53] *** Quits: Stary (Read error: Operation timed out)
[17:03:06] *** Quits: Normmatt (Read error: Operation timed out)
[17:03:10] *** Quits: Cu3PO42 (Read error: Operation timed out)
[17:03:36] *** Quits: GeekShad1 (Read error: Operation timed out)
[17:03:54] *** Joins: ihaveamac
[17:04:24] *** Joins: Normmatt
[17:05:59] *** Joins: Cu3PO42
[17:06:43] *** Joins: Stary
[18:18:58] *** Joins: n87
[19:12:29] *** Quits: Snetry (Quit: left EFNet)
[19:29:46] *** Joins: oreo639
[20:03:46] *** Quits: changoXPR (Ping timeout: 745 seconds)
[20:22:36] *** Quits: n87 (Read error: Connection reset by peer)
[20:24:32] *** Joins: changO-
[21:03:26] *** Joins: refs
[21:15:06] *** Quits: zini- (Quit: -->)
[21:15:51] *** Joins: zini
[22:02:00] *** Joins: bansheeru
[22:11:12] *** Quits: bansheeru (Lost terminal)
[22:13:40] *** Joins: banshee_
[22:13:57] *** Quits: banshee_ (Client Quit)
[22:14:16] *** Joins: bansheeru
[22:14:17] *** Quits: bansheeru (Client Quit)
[22:16:02] *** Joins: bansheeru
[23:39:58] *** Quits: L4CME (Ping timeout: 265 seconds)
