[01:04:13] *** Joins: L4CME
[01:11:33] *** Quits: bansheeru (Remote host closed the connection)
[01:18:11] *** Quits: oreo639 (Read error: Operation timed out)
[01:24:25] *** Joins: oreo639
[02:00:14] *** Joins: Behemoth_
[02:03:40] *** Quits: Behemoth (Ping timeout: 612 seconds)
[03:07:02] *** Quits: refs (Quit: refs)
[03:21:26] *** Joins: dibas_
[03:28:52] *** Quits: dibas (Ping timeout: 745 seconds)
[03:29:00] *** dibas_ is now known as dibas
[03:40:59] *** Quits: dibas (se.hub efnet.port80.se)
[03:40:59] *** Quits: zini (se.hub efnet.port80.se)
[03:40:59] *** Quits: Whovian93 (se.hub efnet.port80.se)
[03:40:59] *** Quits: Phils3r (se.hub efnet.port80.se)
[03:40:59] *** Quits: mid-kid2 (se.hub efnet.port80.se)
[03:59:26] *** Joins: dibas
[03:59:26] *** Joins: zini
[03:59:26] *** Joins: Phils3r
[03:59:26] *** Joins: Whovian9-
[03:59:26] *** Joins: mid-kid3
[04:05:25] *** Quits: dibas (se.hub efnet.port80.se)
[04:05:26] *** Quits: zini (se.hub efnet.port80.se)
[04:05:26] *** Quits: Phils3r (se.hub efnet.port80.se)
[04:05:26] *** Quits: Whovian9- (se.hub efnet.port80.se)
[04:05:26] *** Quits: mid-kid3 (se.hub efnet.port80.se)
[04:20:56] *** Joins: dibas
[04:20:56] *** Joins: zini
[04:20:56] *** Joins: Phils3r
[04:20:56] *** Joins: Whovian9-
[04:20:56] *** Joins: mid-kid3
[04:50:30] *** Quits: dibas (se.hub efnet.port80.se)
[04:50:30] *** Quits: zini (se.hub efnet.port80.se)
[04:50:30] *** Quits: Phils3r (se.hub efnet.port80.se)
[04:50:30] *** Quits: Whovian9- (se.hub efnet.port80.se)
[04:50:30] *** Quits: mid-kid3 (se.hub efnet.port80.se)
[04:53:44] *** CCFL_Man_ is now known as CCFL_Man
[05:10:43] *** Quits: fgsfds (Ping timeout: 376 seconds)
[05:16:25] *** Joins: Phils3r
[05:16:25] *** Joins: Whovian93
[05:16:25] *** Joins: mid-kid3
[05:16:25] *** Joins: dibas
[05:16:25] *** Joins: zini
[06:00:09] *** Quits: Phils3r (se.hub efnet.port80.se)
[06:00:09] *** Quits: Whovian93 (se.hub efnet.port80.se)
[06:00:09] *** Quits: mid-kid3 (se.hub efnet.port80.se)
[06:00:09] *** Quits: dibas (se.hub efnet.port80.se)
[06:00:09] *** Quits: zini (se.hub efnet.port80.se)
[06:16:32] *** Joins: Whovian93
[06:16:33] *** Joins: mid-kid3
[06:16:33] *** Joins: dibas
[06:16:33] *** Joins: zini
[06:16:33] *** Joins: Phils3r
[06:24:13] *** Joins: bansheeru
[07:49:41] *** Quits: changO- (Read error: Operation timed out)
[09:32:07] *** Quits: oreo639 (Read error: Operation timed out)
[11:56:42] *** Quits: Behemoth_ (se.hub efnet.deic.eu)
[11:56:42] *** Quits: lemmy (se.hub efnet.deic.eu)
[11:56:42] *** Quits: jsa_ (se.hub efnet.deic.eu)
[12:00:13] *** Joins: Behemoth
[12:10:48] *** Joins: lemmy
[12:10:48] *** Joins: jsa_
[12:23:12] *** Joins: m4ts_
[12:23:38] *** Quits: m4ts (Ping timeout: 265 seconds)
[13:09:06] *** Quits: lemmy (se.hub efnet.deic.eu)
[13:09:06] *** Quits: jsa_ (se.hub efnet.deic.eu)
[13:16:29] *** Joins: lemmy
[13:16:29] *** Joins: jsa_
[14:15:59] *** Joins: fgsfds
[16:00:46] *** Joins: n87
[16:14:54] *** Quits: n87 (Read error: Connection reset by peer)
[16:15:59] *** Joins: n87
[16:16:16] *** Quits: Surkow (Read error: Operation timed out)
[16:16:43] *** Joins: Surkow
[16:59:57] *** Joins: n87_2
[17:00:51] *** Joins: n87_3
[17:04:27] *** Quits: n87_2 (Ping timeout: 265 seconds)
[17:05:52] *** Quits: n87 (Ping timeout: 612 seconds)
[17:05:54] *** Quits: n87_3 (Ping timeout: 265 seconds)
[17:17:07] *** Quits: bansheeru (Remote host closed the connection)
[17:21:09] *** Joins: n87
[19:01:59] *** Joins: bansheeru
[19:32:46] *** Quits: lemmy (se.hub efnet.deic.eu)
[19:32:46] *** Quits: jsa_ (se.hub efnet.deic.eu)
[19:46:52] *** Quits: bansheeru (Read error: Connection reset by peer)
[19:57:11] *** Joins: oreo639
[20:07:11] *** Joins: bansheeru
[20:12:57] *** Quits: bansheeru (Ping timeout: 265 seconds)
[20:25:20] *** Joins: lemmy
[20:25:20] *** Joins: jsa_
[20:26:23] *** Joins: tertu2
[20:26:45] *** Joins: bansheeru
[20:27:14] *** Quits: tertu (Read error: Operation timed out)
[20:27:14] *** tertu2 is now known as tertu
[20:45:49] *** Quits: n87 (Read error: Connection reset by peer)
[20:50:24] *** Quits: bansheeru (Read error: Operation timed out)
[20:56:56] *** Joins: zombie343
[22:05:59] *** Joins: refs
[22:44:25] *** Quits: averne (quit)
