[02:32:46] *** Quits: refs (Quit: refs)
[03:45:56] *** Quits: hexkyz (Ping timeout: 745 seconds)
[04:52:58] *** Joins: bansheeru
[04:53:11] *** Quits: bansheeru (Client Quit)
[05:06:38] *** Quits: oreo639 (Quit: Quit)
[05:29:38] *** Quits: fgsfds (Read error: Connection reset by peer)
[09:11:57] *** Quits: ris2z (Excess Flood)
[09:13:12] *** Joins: ris2z
[09:20:56] *** Joins: oreo639
[10:40:14] *** Quits: m4ts_ (Read error: Connection reset by peer)
[10:40:48] *** Joins: m4ts
[11:24:19] *** Quits: oreo639 (Ping timeout: 496 seconds)
[14:41:48] *** Joins: fgsfds
[15:59:45] *** Joins: n87
[17:36:21] *** Quits: Maylay (Read error: Operation timed out)
[17:36:21] *** Quits: |Shadow| (hub.efnet.us ny.us.hub)
[17:37:33] *** Quits: lemmy (Read error: Connection reset by peer)
[17:39:04] *** Joins: Maylay
[17:39:05] *** Quits: Maylay (Remote host closed the connection!)
[17:39:37] *** Quits: phigcloud (Read error: Connection reset by peer)
[17:39:45] *** Quits: nohit (Read error: Connection reset by peer)
[17:40:01] *** Joins: |Shadow|
[17:41:12] *** Joins: phigcloud
[17:41:14] *** Joins: nohit
[17:41:17] *** Quits: nohit (Connection closed)
[17:42:34] *** Quits: phigcloud (Remote host closed the connection!)
[17:44:34] *** Joins: Maylay
[17:49:42] *** Joins: lemmy
[18:05:51] *** Joins: n87_2
[18:07:48] *** Quits: n87 (Ping timeout: 265 seconds)
[18:12:46] *** Joins: n87
[18:14:34] *** Quits: n87_2 (Ping timeout: 265 seconds)
[18:24:37] *** Joins: n87_2
[18:27:40] *** Quits: n87 (Ping timeout: 612 seconds)
[18:34:41] *** Joins: n87_3
[18:34:42] *** Quits: n87_2 (Read error: Connection reset by peer)
[18:48:22] *** Joins: n87
[18:48:22] *** Quits: n87_3 (Read error: Connection reset by peer)
[18:50:13] *** Joins: n87_2
[18:50:13] *** Quits: n87 (Read error: Connection reset by peer)
[18:59:15] *** Joins: n87
[19:03:57] *** Joins: n87_3
[19:04:40] *** Quits: n87 (Ping timeout: 248 seconds)
[19:05:46] *** Quits: n87_2 (Ping timeout: 600 seconds)
[19:08:57] *** Joins: n87_2
[19:17:43] *** Quits: n87_3 (Ping timeout: 612 seconds)
[19:23:56] *** Joins: n87
[19:25:50] *** Quits: n87 (Remote host closed the connection)
[19:25:53] *** Joins: n87
[19:28:07] *** Quits: n87_2 (Ping timeout: 612 seconds)
[20:24:07] *** Joins: oreo639
[20:59:33] *** Quits: Snetry (Quit: left EFNet)
[21:01:54] *** Joins: Snetry
[22:02:51] *** Joins: refs
[22:46:54] *** Quits: n87 (Read error: Connection reset by peer)
