[00:11:02] *** Quits: Maylay (hub.efnet.us irc.servercentral.net)
[00:11:02] *** Quits: Lightswor (hub.efnet.us irc.servercentral.net)
[00:11:02] *** Quits: gruetzko- (hub.efnet.us irc.servercentral.net)
[00:11:02] *** Quits: TurtleP_ (hub.efnet.us irc.servercentral.net)
[00:11:02] *** Quits: Jdbye (hub.efnet.us irc.servercentral.net)
[00:11:02] *** Quits: zombie343 (hub.efnet.us irc.servercentral.net)
[00:11:02] *** Quits: Surkow (hub.efnet.us irc.servercentral.net)
[00:11:02] *** Quits: Behemoth (hub.efnet.us irc.servercentral.net)
[00:11:02] *** Quits: Cu3PO42 (hub.efnet.us irc.servercentral.net)
[00:11:02] *** Quits: flotwig (hub.efnet.us irc.servercentral.net)
[00:11:02] *** Quits: yls8bot (hub.efnet.us irc.servercentral.net)
[00:11:02] *** Quits: yellows8 (hub.efnet.us irc.servercentral.net)
[00:15:32] *** Joins: Cu3PO42_
[00:16:52] *** Joins: TurtleP
[00:16:59] *** Joins: flotwig_
[00:17:12] *** Joins: Behemoth_
[00:18:16] *** Joins: gruetzkop
[00:18:57] *** Joins: Surkow_
[00:19:46] *** Joins: Jbdye
[00:25:17] *** Joins: Maylay_
[00:26:15] *** Jbdye is now known as Jdbye
[00:26:28] *** flotwig_ is now known as flotwig
[00:26:31] *** Cu3PO42_ is now known as Cu3PO42
[01:08:50] *** Joins: yls8bot
[01:09:30] *** Joins: yellows8
[01:17:49] *** Joins: CHANFIX
[01:17:49] *** services.int sets mode: +o CHANFIX
[01:17:49] *** CHANFIX sets mode: +o yellows8
[01:17:49] <CHANFIX> 1 client should have been opped.
[01:17:49] *** Parts: CHANFIX ()
[01:17:51] *** yellows8 sets mode: +o yls8bot
[01:17:58] *** yls8bot sets mode: +oo fincs WntrMute
[01:17:58] *** fincs sets mode: +o WntrMute
[01:51:51] *** Quits: Cu3PO42 (Ping timeout: 745 seconds)
[01:54:31] *** Joins: Cu3PO42
[02:10:59] *** Joins: bansheeru
[02:11:03] *** Quits: bansheeru (Client Quit)
[02:38:19] *** Quits: fgsfds (Read error: Connection reset by peer)
[02:47:41] *** Quits: refs (Quit: refs)
[04:23:55] *** CCFL_Man_ is now known as CCFL_Man
[07:36:01] *** Quits: L4CME (Quit: WeeChat 3.3)
[08:28:35] *** Quits: lameboy (Read error: Connection reset by peer)
[08:28:50] *** Joins: lameboy
[09:57:12] *** Quits: |Shadow| (Ping timeout: 240 seconds)
[10:08:43] *** Quits: Snetry (Quit: left EFNet)
[10:09:30] *** Joins: Snetry
[10:10:52] *** Joins: |Shadow|
[11:04:12] *** Quits: lameboy (Read error: Connection reset by peer)
[11:04:27] *** Joins: lameboy
[12:03:55] *** Quits: oreo639 (Ping timeout: 612 seconds)
[12:46:43] *** Quits: thomasnet (Ping timeout: 265 seconds)
[12:51:02] *** Joins: thomasnet
[12:55:54] *** Quits: thomasnet (Ping timeout: 265 seconds)
[12:58:43] *** Joins: thomasnet
[14:00:16] *** Quits: Behemoth_ (Quit: Quit)
[14:01:02] *** Joins: Behemoth
[14:46:49] *** Joins: fgsfds
[18:43:57] *** Joins: bansheeru
[18:44:10] *** Quits: bansheeru (Remote host closed the connection)
[18:44:11] *** Joins: bansheer1
[18:44:15] *** Quits: bansheer1 (Remote host closed the connection)
[18:44:38] *** Joins: bansheeru
[18:48:50] *** Quits: Mimoja8 (Quit: The Lounge - https://thelounge.github.io)
[18:49:58] *** Quits: bansheeru (Lost terminal)
[20:16:51] *** Joins: oreo639
[20:35:29] *** Joins: n87
[21:46:31] *** Quits: oreo639 (Ping timeout: 745 seconds)
[22:00:11] *** Joins: oreo639
[23:04:33] *** Joins: refs
[23:29:09] *** Quits: n87 (Read error: Connection reset by peer)
