[01:05:06] *** Quits: oreo639 (Ping timeout: 252 seconds)
[02:35:17] *** Quits: |Shadow| ()
[02:47:13] *** Joins: |Shadow|
[02:52:26] *** Quits: refs (Quit: refs)
[03:04:53] *** Joins: oreo639
[03:20:11] *** Surkow_ is now known as Surkow
[03:57:18] *** Joins: hexkyz
[05:43:41] *** Quits: hexkyz (Ping timeout: 745 seconds)
[05:51:30] *** Joins: dibas_
[05:51:33] *** Quits: dibas (Read error: Connection reset by peer)
[05:51:37] *** dibas_ is now known as dibas
[07:02:30] *** Quits: fgsfds (Quit: Leaving)
[07:38:16] *** Joins: nohit
[07:49:58] *** Joins: phigcloud
[10:07:06] *** Quits: oreo639 (Read error: Operation timed out)
[10:07:18] *** Joins: tertu2
[10:09:05] *** Quits: tertu (Read error: Operation timed out)
[10:09:05] *** tertu2 is now known as tertu
[21:30:28] *** Joins: n87
[21:55:03] *** Joins: giglife_
[21:56:18] *** giglife_ is now known as giglife
[22:41:56] *** Quits: n87 (Read error: Connection reset by peer)
[23:47:31] *** Joins: oreo639
