[00:15:01] *** Quits: Phils3r (Quit: ZNC - https://znc.in)
[00:15:10] *** Joins: Phils3r
[02:10:27] *** Joins: refs
[03:48:44] *** Quits: refs (Quit: refs)
[06:59:55] *** Joins: hexkyz
[07:35:58] *** Joins: tertu2
[07:37:52] *** Quits: tertu (Read error: Operation timed out)
[07:37:52] *** tertu2 is now known as tertu
[10:27:07] *** Quits: oreo639 (Quit: Quit)
[12:43:49] *** Joins: refs
[13:58:22] *** Joins: m4ts_
[14:00:51] *** Quits: m4ts (Ping timeout: 265 seconds)
[14:12:55] *** Joins: fgsfds
[17:22:46] *** Quits: hexkyz (Ping timeout: 745 seconds)
[18:00:09] *** Quits: nohit (Remote host closed the connection)
[18:16:26] *** Quits: zini- (Quit: -->)
[18:17:41] *** Joins: zini
[18:24:52] *** Quits: phigcloud (Read error: Operation timed out)
[19:43:57] *** Joins: d3m3vilur
[19:50:59] *** Quits: d3m3vilur (Read error: Operation timed out)
[19:53:29] *** Joins: d3m3vilur
[20:02:55] *** Joins: pieman
[20:07:45] *** Joins: flagrama_
[20:10:21] *** Joins: nohit
[20:17:22] *** Joins: phigcloud
[22:27:41] *** Joins: oreo639
[22:41:16] *** Joins: derrek_
[22:45:27] *** Quits: freundTec (Ping timeout: 492 seconds)
[22:45:34] *** Joins: freundTec
[22:46:23] *** Quits: derrek (Ping timeout: 492 seconds)
[22:46:23] *** derrek_ is now known as derrek
