[01:58:24] *** Quits: fgsfds (Read error: Connection reset by peer)
[02:00:47] *** Joins: fgsfds
[03:02:28] *** Quits: fgsfds (Read error: Connection reset by peer)
[04:34:11] *** Quits: refs (Quit: refs)
[06:11:25] *** Joins: m4ts
[06:12:30] *** Joins: m4ts-
[06:14:46] *** Quits: m4ts_ (Ping timeout: 265 seconds)
[06:16:13] *** Quits: m4ts (Ping timeout: 265 seconds)
[06:16:34] *** Joins: m4ts
[06:19:07] *** Quits: m4ts- (Ping timeout: 265 seconds)
[06:19:59] *** Joins: zombie343
[06:25:24] *** Joins: m4ts_
[06:27:49] *** Quits: m4ts (Ping timeout: 265 seconds)
[07:51:25] *** Joins: changO-
[08:09:01] <changO-> https://streamyard.com/sswqyy9jig Come talk shit on meth users with us
[10:29:17] *** Joins: nohit_
[10:29:34] *** Quits: pieman (Ping timeout: 252 seconds)
[10:29:58] *** Quits: phigcloud (Ping timeout: 265 seconds)
[10:30:10] *** Joins: phigcloud
[10:30:18] *** Quits: d3m3vilur (Read error: Operation timed out)
[10:30:51] *** Joins: d3m3vilur
[10:31:29] *** Quits: nohit (Ping timeout: 493 seconds)
[10:31:29] *** nohit_ is now known as nohit
[10:39:22] *** Quits: flagrama_ (Ping timeout: 1230 seconds)
[10:47:43] *** Joins: pieman
[10:54:23] *** Joins: flagrama_
[12:18:31] *** Quits: nrq_ (Read error: Operation timed out)
[12:22:31] *** Joins: m4ts
[12:23:33] *** Quits: m4ts_ (Ping timeout: 265 seconds)
[12:41:04] *** Joins: fgsfds
[13:23:57] *** Joins: refs
[14:56:23] *** Joins: Tcm0
[15:06:07] *** Quits: oreo639 (Read error: Operation timed out)
[15:42:56] *** Joins: nrq
[18:38:19] *** Joins: hexkyz
[21:09:53] *** Joins: oreo639
[22:14:46] *** Joins: n87
[23:05:46] *** Joins: tertu2
[23:08:12] *** Quits: tertu (Read error: Operation timed out)
[23:08:12] *** tertu2 is now known as tertu
[23:32:17] *** Joins: bansheeru
[23:32:28] *** Quits: bansheeru (Client Quit)
[23:46:13] *** Quits: n87 (Read error: Connection reset by peer)
