[00:27:44] *** Quits: n87 (Read error: Connection reset by peer)
[03:08:12] *** Quits: lex (Read error: Operation timed out)
[03:10:22] *** Joins: lex1
[03:11:35] *** Quits: phigcloud (Read error: Operation timed out)
[03:12:38] *** Joins: phigcloud
[03:14:30] *** Quits: Snetry (Read error: Operation timed out)
[03:16:18] *** Joins: balrog_
[03:17:11] *** Joins: CCFL_Man_
[03:19:02] *** Quits: CCFL_Man (Remote host closed the connection)
[03:21:27] *** Quits: blasty (Read error: Connection reset by peer)
[03:21:32] *** Quits: nohit (Read error: Operation timed out)
[03:21:45] *** Quits: d3m3vilur (Ping timeout: 493 seconds)
[03:22:08] *** Quits: Shiz__ (Ping timeout: 857 seconds)
[03:22:38] *** Joins: Shiz__
[03:24:44] *** Quits: balrog (Read error: Operation timed out)
[03:24:45] *** balrog_ is now known as balrog
[03:24:55] *** Joins: d3m3vilur
[03:24:59] *** Joins: nohit
[03:25:41] *** Joins: Snetry
[03:27:53] *** Joins: blasty
[04:39:55] *** Quits: refs (Quit: refs)
[05:45:31] *** Quits: oreo639 (Quit: Quit)
[06:23:16] *** Quits: fgsfds (Read error: Connection reset by peer)
[07:37:10] *** Joins: oreo639
[10:19:21] *** Joins: nrq_
[10:21:35] *** Quits: nrq (Ping timeout: 492 seconds)
[11:25:13] *** Quits: oreo639 (Ping timeout: 496 seconds)
[11:48:10] *** Joins: n87
[13:05:25] *** Quits: n87 (Read error: Connection reset by peer)
[13:06:25] *** Joins: n87
[13:31:18] *** Joins: fgsfds
[18:14:22] *** Quits: n87 (Quit: Leaving)
[18:50:48] *** Joins: changO-
[19:00:27] *** Joins: oreo639
[19:01:47] *** Quits: balrog (Read error: Operation timed out)
[19:02:16] *** Joins: balrog
[19:03:00] *** Joins: CCFL_Man
[19:03:02] *** Quits: oldtopman (Read error: Operation timed out)
[19:03:26] *** Joins: oldtopman
[19:03:35] *** Quits: tertu (Read error: Operation timed out)
[19:03:40] *** Quits: Genolo (Read error: Operation timed out)
[19:03:50] *** Quits: Kyouju (Read error: Operation timed out)
[19:03:57] *** Joins: Genolo
[19:04:00] *** Joins: Kyouju
[19:04:10] *** Quits: uyjulian (Read error: Operation timed out)
[19:04:27] *** Joins: uyjulian
[19:04:28] *** Quits: GrecKo (Read error: Operation timed out)
[19:04:29] *** Joins: GrecKo
[19:04:34] *** Quits: zombie343 (Read error: Operation timed out)
[19:04:46] *** Quits: tpw_rules (Read error: Operation timed out)
[19:05:02] *** Joins: tpw_rules
[19:05:31] *** Joins: changoXPR
[19:05:36] *** Quits: Maylay_ (Read error: Operation timed out)
[19:05:45] *** Quits: j0hny5 (Read error: Operation timed out)
[19:05:56] *** Quits: CCFL_Man_ (Read error: Operation timed out)
[19:07:38] *** Quits: changO- (Ping timeout: 248 seconds)
[19:08:58] *** Quits: nichfury (Read error: Operation timed out)
[19:09:42] *** Joins: zombie343
[19:09:52] *** Joins: Maylay
[19:18:20] *** Joins: tertu
[19:34:24] *** Quits: Surkow (Ping timeout: 240 seconds)
[19:38:08] *** Quits: mtheall_ (Remote host closed the connection)
[19:38:08] *** Quits: yls8bot (Remote host closed the connection)
[19:38:58] *** Joins: mtheall
[19:39:05] *** Quits: mtheall (Client Quit)
[19:40:22] *** Joins: Surkow
[19:47:06] *** Joins: changO-
[19:47:18] *** Quits: changoXPR (Read error: Operation timed out)
[19:57:19] *** Quits: changO- (Read error: Operation timed out)
[20:19:45] *** Joins: j0hny5
[20:28:10] *** Joins: nich
[20:41:09] *** Joins: mtheall
[20:41:23] *** Joins: yls8bot
[20:41:36] *** yellows8 sets mode: +o yls8bot
[20:42:32] *** Quits: GeekShado (Ping timeout: 265 seconds)
[20:47:03] *** Quits: yls8bot (Remote host closed the connection)
[20:47:03] *** Quits: mtheall (Lost terminal)
[21:03:27] *** Joins: mtheall
[21:03:52] *** Joins: yls8bot
[21:04:01] *** yellows8 sets mode: +o yls8bot
[21:17:43] *** Quits: yls8bot (Remote host closed the connection)
[21:17:43] *** Quits: mtheall (Quit: Lost terminal)
[21:34:34] *** Joins: mtheall
[21:34:43] *** Joins: yls8bot
[21:34:53] *** yellows8 sets mode: +o yls8bot
[21:34:56] *** Joins: refs
