[02:43:06] *** Quits: j0hny5 (Read error: Operation timed out)
[02:43:50] *** Joins: j0hny5
[02:50:46] *** Quits: refs (Quit: refs)
[03:08:02] *** Quits: hexkyz (Ping timeout: 745 seconds)
[03:21:46] *** Quits: fgsfds (Read error: Connection reset by peer)
[03:53:45] *** Quits: oreo639 (Read error: Connection reset by peer)
[03:54:04] *** Joins: oreo639
[03:54:04] *** Quits: blasty (Read error: Connection reset by peer)
[03:54:08] *** Joins: blasty_
[03:54:10] *** Joins: nohit_
[03:57:58] *** Quits: nohit (Ping timeout: 493 seconds)
[03:57:58] *** nohit_ is now known as nohit
[04:08:28] *** Joins: yls8bot_
[04:09:47] *** Quits: yls8bot (Read error: Operation timed out)
[04:09:48] *** yls8bot_ is now known as yls8bot
[04:11:53] *** Quits: zombie343 (Read error: Operation timed out)
[04:12:34] *** Joins: zombie343
[04:12:57] *** Quits: phigcloud (Read error: Operation timed out)
[04:14:11] *** Joins: phigcloud
[04:17:55] *** Quits: Cu3PO42 (Ping timeout: 376 seconds)
[04:18:51] *** Quits: phigcloud (Read error: Operation timed out)
[04:19:58] *** Joins: phigcloud
[04:20:05] *** Joins: Cu3PO42
[04:26:57] *** Quits: blasty_ (Read error: Connection reset by peer)
[04:30:36] *** Quits: Snetry (Read error: Connection reset by peer)
[04:32:58] *** Quits: Surkow (Excess Flood)
[04:34:19] *** Joins: Surkow
[04:36:18] *** Quits: d3m3vilur (Ping timeout: 493 seconds)
[04:36:18] *** Quits: lex1 (Ping timeout: 1221 seconds)
[04:37:31] *** Quits: Behemoth (Ping timeout: 376 seconds)
[04:39:58] *** Joins: Behemoth
[04:41:40] *** Quits: nohit (Ping timeout: 493 seconds)
[04:46:05] *** Joins: nohit
[04:49:22] *** Joins: Snetry
[04:55:51] *** Quits: nohit (Ping timeout: 493 seconds)
[04:56:39] *** Joins: d3m3vilur
[04:56:39] *** Joins: blasty
[04:58:21] *** Quits: pieman (Ping timeout: 315 seconds)
[04:59:18] *** Joins: Normmatt_
[04:59:50] *** Joins: oreo639_
[04:59:59] *** Quits: Jdbye (Ping timeout: 316 seconds)
[04:59:59] *** Quits: balrog (Read error: Operation timed out)
[05:00:13] *** Joins: pieman
[05:00:14] *** Joins: lex1
[05:00:31] *** Joins: nohit
[05:01:35] *** Joins: balrog
[05:01:36] *** Quits: sh0e (Ping timeout: 314 seconds)
[05:02:28] *** Joins: sh0e
[05:03:11] *** Quits: Normmatt (Ping timeout: 312 seconds)
[05:03:12] *** Normmatt_ is now known as Normmatt
[05:04:05] *** Quits: oreo639 (Ping timeout: 486 seconds)
[05:05:15] *** Quits: oldtopman (Read error: Operation timed out)
[05:05:15] *** Quits: Surkow (Read error: Operation timed out)
[05:06:47] *** Joins: Jdbye
[05:07:06] *** Joins: Surkow
[05:09:28] *** Joins: oldtopman
[05:13:47] *** Quits: zombie343 (ny.us.hub irc.Prison.NET)
[05:13:48] *** Quits: |Shadow| (ny.us.hub irc.Prison.NET)
[05:22:18] *** Quits: d3m3vilur (Ping timeout: 493 seconds)
[05:25:59] *** Joins: d3m3vilur
[05:29:26] *** Joins: zombie343
[05:41:54] *** Joins: |Shadow|
[06:07:42] *** Quits: Cu3PO42 (Ping timeout: 745 seconds)
[06:38:00] *** Quits: |Shadow| (Ping timeout: 240 seconds)
[06:38:58] *** Joins: changO-
[06:41:05] *** Joins: Cu3PO42
[06:41:36] *** Joins: |Shadow|
[08:26:40] *** Quits: lameboy (Read error: Connection reset by peer)
[08:26:58] *** Joins: lameboy
[09:29:12] *** Quits: oreo639_ (Quit: Quit)
[11:26:50] *** Quits: DacoTaco (Ping timeout: 252 seconds)
[11:28:07] *** Joins: DacoTaco
[12:00:58] *** Joins: Kyouju_
[12:00:59] *** Quits: Kyouju (Read error: Connection reset by peer)
[12:01:47] *** Quits: Cu3PO42 (Ping timeout: 376 seconds)
[12:02:06] *** Quits: zombie343 (Read error: Operation timed out)
[12:02:24] *** Joins: zombie343
[12:03:59] *** Joins: Cu3PO42
[12:10:43] *** Joins: nrq
[12:10:43] *** Quits: nrq_ (Read error: Connection reset by peer)
[12:22:02] *** Joins: balrog_
[12:24:39] *** Quits: Surkow (Ping timeout: 1216 seconds)
[12:27:28] *** Quits: balrog (Read error: Operation timed out)
[12:27:28] *** balrog_ is now known as balrog
[12:27:49] *** Joins: Surkow
[12:43:15] *** Joins: fgsfds
[14:54:31] *** Quits: DacoTaco (ny.us.hub irc.Prison.NET)
[14:54:31] *** Quits: |Shadow| (ny.us.hub irc.Prison.NET)
[14:59:17] *** Joins: DacoTaco_
[15:16:07] *** Quits: Behemoth (Ping timeout: 612 seconds)
[15:20:53] *** Joins: Behemoth
[15:25:31] *** Joins: |Shadow|
[18:39:54] *** Quits: lex1 (Read error: Operation timed out)
[18:40:09] *** Quits: Snetry (Read error: Connection reset by peer)
[18:40:12] *** Quits: d3m3vilur (Read error: Operation timed out)
[18:44:17] *** Joins: Snetry
[18:45:09] *** Joins: d3m3vilur
[18:45:09] *** Joins: lex1
[18:47:45] *** Quits: CCFL_Man (Ping timeout: 252 seconds)
[18:48:53] *** Joins: CCFL_Man
[18:59:02] *** Quits: averne (quit)
[18:59:20] *** Joins: averne_
[18:59:20] *** Server sets mode: +stn 
[19:00:24] *** Quits: averne (Ping timeout: 252 seconds)
[19:00:24] *** averne_ is now known as averne
[19:06:15] *** Joins: blasty
[19:29:35] *** Joins: Tcm0
[19:34:23] *** Quits: changO- (Read error: Operation timed out)
[20:08:09] *** Joins: changO-
[22:27:38] *** Joins: refs
[22:39:31] *** Quits: changO- (Ping timeout: 496 seconds)
[23:02:26] *** Joins: uyjulian_
[23:02:26] *** Quits: uyjulian (Read error: Connection reset by peer)
[23:02:33] *** uyjulian_ is now known as uyjulian
