[00:46:09] *** Quits: Tcm0 (Read error: Connection reset by peer)
[00:52:48] *** Joins: figgis_
[00:55:39] *** Quits: fgsfds (Ping timeout: 265 seconds)
[01:08:30] *** Joins: fgsfds
[01:13:59] *** Quits: figgis_ (Read error: Operation timed out)
[01:49:34] *** Joins: oreo639
[01:54:57] *** Quits: fgsfds (Read error: Connection reset by peer)
[02:33:56] *** Quits: refs (Quit: refs)
[03:38:37] *** Quits: Cu3PO42 (Ping timeout: 745 seconds)
[04:08:22] *** Joins: Cu3PO42
[04:42:03] *** Quits: lameboy (Read error: Connection reset by peer)
[04:42:32] *** Joins: lameboy
[04:48:35] *** Quits: GrecKo (Ping timeout: 186 seconds)
[04:51:53] *** Joins: GrecKo
[06:08:58] *** Quits: lameboy (Ping timeout: 492 seconds)
[06:09:34] *** Joins: lameboy
[06:26:50] *** Quits: lameboy (Read error: Connection reset by peer)
[06:29:08] *** Joins: lameboy
[07:17:49] *** Quits: tpw_rules (Read error: Operation timed out)
[07:18:06] *** Joins: nrq_
[07:18:06] *** Quits: nrq (Read error: Connection reset by peer)
[07:18:06] *** Joins: tpw_rules
[07:18:45] *** Quits: ihaveamac (Read error: Operation timed out)
[07:22:11] *** Quits: Maylay (Ping timeout: 496 seconds)
[07:22:28] *** Joins: Maylay
[07:27:31] *** Quits: Cu3PO42 (Ping timeout: 496 seconds)
[07:27:32] *** Quits: sh0e (Ping timeout: 496 seconds)
[07:29:56] *** Quits: DacoTaco_ (Read error: Operation timed out)
[07:30:42] *** Joins: DacoTaco
[07:44:21] *** Joins: sh0e
[07:54:28] *** Joins: Cu3PO42
[08:24:40] *** Joins: ihaveamac
[09:33:53] *** Quits: oreo639 (Read error: Operation timed out)
[09:39:10] *** Joins: oreo639
[11:41:49] *** Joins: fgsfds
[11:46:15] *** Joins: Tcm0
[13:10:18] *** Quits: oreo639 (Read error: Operation timed out)
[14:42:01] *** Quits: Tcm0 (Ping timeout: 600 seconds)
[14:45:01] *** Joins: Tcm0
[15:27:35] *** Quits: GrecKo (Read error: Connection reset by peer)
[15:29:38] *** Quits: Cu3PO42 (efnet.deic.eu se.hub)
[15:29:38] *** Quits: lameboy (efnet.deic.eu se.hub)
[15:29:38] *** Quits: balrog (efnet.deic.eu se.hub)
[15:29:38] *** Quits: Normmatt (efnet.deic.eu se.hub)
[15:29:38] *** Quits: Genolo (efnet.deic.eu se.hub)
[15:29:38] *** Quits: freundTec (efnet.deic.eu se.hub)
[15:29:38] *** Quits: derrek (efnet.deic.eu se.hub)
[15:29:38] *** Quits: zini (efnet.deic.eu se.hub)
[15:29:38] *** Quits: Phils3r (efnet.deic.eu se.hub)
[15:29:38] *** Quits: dibas (efnet.deic.eu se.hub)
[15:29:38] *** Quits: gruetzkop (efnet.deic.eu se.hub)
[15:29:38] *** Quits: flotwig (efnet.deic.eu se.hub)
[15:29:38] *** Quits: thejsa (efnet.deic.eu se.hub)
[15:29:38] *** Quits: mid-kid (efnet.deic.eu se.hub)
[15:29:38] *** Quits: Whovian9- (efnet.deic.eu se.hub)
[15:29:38] *** Quits: fgsfds (efnet.deic.eu se.hub)
[15:29:38] *** Quits: pieman (efnet.deic.eu se.hub)
[15:29:38] *** Quits: phigcloud (efnet.deic.eu se.hub)
[15:29:38] *** Quits: mtheall (efnet.deic.eu se.hub)
[15:29:38] *** Quits: m4ts (efnet.deic.eu se.hub)
[15:29:38] *** Quits: giglife (efnet.deic.eu se.hub)
[15:29:38] *** Quits: thomasnet (efnet.deic.eu se.hub)
[15:29:38] *** Quits: eggster (efnet.deic.eu se.hub)
[15:29:39] *** Quits: WntrMute (efnet.deic.eu se.hub)
[15:29:39] *** Quits: fincs (efnet.deic.eu se.hub)
[15:29:39] *** Quits: Stary (efnet.deic.eu se.hub)
[15:29:39] *** Quits: TAL (efnet.deic.eu se.hub)
[15:29:39] *** Quits: klock (efnet.deic.eu se.hub)
[15:29:39] *** Quits: Ghabry (efnet.deic.eu se.hub)
[15:29:39] *** Quits: ris2z (efnet.deic.eu se.hub)
[15:29:39] *** Quits: sh0e (efnet.deic.eu se.hub)
[15:29:39] *** Quits: Behemoth (efnet.deic.eu se.hub)
[15:29:39] *** Quits: Surkow (efnet.deic.eu se.hub)
[15:29:39] *** Quits: Jdbye (efnet.deic.eu se.hub)
[15:29:39] *** Quits: yellows8 (efnet.deic.eu se.hub)
[15:29:39] *** Quits: |Shadow| (efnet.deic.eu se.hub)
[15:29:39] *** Quits: DacoTaco (efnet.deic.eu se.hub)
[15:29:39] *** Quits: nrq_ (efnet.deic.eu se.hub)
[15:29:39] *** Quits: zombie343 (efnet.deic.eu se.hub)
[15:29:39] *** Quits: TurtleP (efnet.deic.eu se.hub)
[15:29:39] *** Quits: ihaveamac (efnet.deic.eu se.hub)
[15:29:39] *** Quits: tpw_rules (efnet.deic.eu se.hub)
[15:29:39] *** Quits: uyjulian (efnet.deic.eu se.hub)
[15:29:39] *** Quits: Kyouju_ (efnet.deic.eu se.hub)
[15:29:39] *** Quits: oldtopman (efnet.deic.eu se.hub)
[15:29:39] *** Quits: yls8bot (efnet.deic.eu se.hub)
[15:29:39] *** Quits: j0hny5 (efnet.deic.eu se.hub)
[15:29:39] *** Quits: nich (efnet.deic.eu se.hub)
[15:29:39] *** Quits: tertu (efnet.deic.eu se.hub)
[15:29:39] *** Quits: blasty (efnet.deic.eu se.hub)
[15:29:39] *** Quits: lex1 (efnet.deic.eu se.hub)
[15:29:39] *** Quits: d3m3vilur (efnet.deic.eu se.hub)
[15:29:39] *** Quits: Snetry (efnet.deic.eu se.hub)
[15:29:39] *** Quits: nohit (efnet.deic.eu se.hub)
[15:29:39] *** Quits: Maylay (efnet.deic.eu se.hub)
[15:29:39] *** Quits: Shiz__ (efnet.deic.eu se.hub)
[15:29:39] *** Quits: flagrama_ (efnet.deic.eu se.hub)
[15:29:39] *** Quits: Extrems (efnet.deic.eu se.hub)
[15:32:15] *** Quits: CCFL_Man (Read error: Operation timed out)
[15:32:45] *** Quits: GerbilS7 (Read error: Operation timed out)
[15:33:00] *** Quits: Tcm0 (Read error: Operation timed out)
[15:54:10] *** Joins: GerbilSof
[15:54:10] *** Joins: CCFL_Man_
[15:54:10] *** Joins: GrecKo_
[15:54:10] *** Joins: Tcm0_
[15:54:10] *** Joins: fgsfds
[15:54:10] *** Joins: ihaveamac
[15:54:10] *** Joins: Cu3PO42
[15:54:10] *** Joins: sh0e
[15:54:10] *** Joins: DacoTaco
[15:54:10] *** Joins: Maylay
[15:54:10] *** Joins: tpw_rules
[15:54:10] *** Joins: nrq_
[15:54:10] *** Joins: lameboy
[15:54:10] *** Joins: uyjulian
[15:54:10] *** Joins: blasty
[15:54:10] *** Joins: lex1
[15:54:10] *** Joins: d3m3vilur
[15:54:10] *** Joins: Snetry
[15:54:10] *** Joins: |Shadow|
[15:54:10] *** Joins: Behemoth
[15:54:10] *** Joins: Surkow
[15:54:10] *** Joins: balrog
[15:54:10] *** Joins: zombie343
[15:54:10] *** Joins: Kyouju_
[15:54:10] *** Joins: oldtopman
[15:54:10] *** Joins: Jdbye
[15:54:10] *** Joins: nohit
[15:54:10] *** Joins: pieman
[15:54:10] *** Joins: Normmatt
[15:54:10] *** Joins: phigcloud
[15:54:10] *** Joins: yls8bot
[15:54:10] *** Joins: j0hny5
[15:54:10] *** Joins: mtheall
[15:54:10] *** Joins: nich
[15:54:10] *** Joins: tertu
[15:54:10] *** Joins: Genolo
[15:54:10] *** Joins: Shiz__
[15:54:10] *** Joins: m4ts
[15:54:10] *** Joins: flagrama_
[15:54:10] *** Joins: freundTec
[15:54:10] *** Joins: derrek
[15:54:10] *** Joins: zini
[15:54:10] *** Joins: Phils3r
[15:54:10] *** Joins: giglife
[15:54:10] *** Joins: dibas
[15:54:10] *** Joins: thomasnet
[15:54:10] *** Joins: yellows8
[15:54:10] *** Joins: gruetzkop
[15:54:10] *** Joins: flotwig
[15:54:10] *** Joins: TurtleP
[15:54:10] *** Joins: ris2z
[15:54:10] *** Joins: thejsa
[15:54:10] *** Joins: eggster
[15:54:10] *** Joins: Whovian9-
[15:54:10] *** Joins: mid-kid
[15:54:10] *** Joins: WntrMute
[15:54:10] *** Joins: fincs
[15:54:10] *** Joins: Stary
[15:54:10] *** Joins: TAL
[15:54:10] *** Joins: klock
[15:54:10] *** Joins: Ghabry
[15:54:10] *** Joins: Extrems
[15:54:10] *** se.hub sets mode: +ooo yellows8 WntrMute fincs
[19:59:12] *** Quits: Cu3PO42 (Ping timeout: 745 seconds)
[20:05:39] *** Joins: Cu3PO42
[20:38:00] *** Joins: oreo639
