[00:29:28] *** CCFL_Man_ is now known as CCFL_Man
[00:39:25] *** Quits: Tcm0_ (Leaving)
[01:58:48] *** Quits: GerbilSof (Read error: Operation timed out)
[02:00:21] *** Joins: GerbilSof
[02:01:21] *** Quits: nich (Read error: Operation timed out)
[02:01:42] *** Quits: yls8bot (Read error: Operation timed out)
[02:01:45] *** Joins: yls8bot
[02:01:49] *** yellows8 sets mode: +o yls8bot
[02:02:13] *** Quits: tertu (Read error: Operation timed out)
[02:02:22] *** Quits: Kyouju_ (Read error: Operation timed out)
[02:02:26] *** Joins: Kyouju
[02:05:11] *** Quits: j0hny5 (Read error: Operation timed out)
[02:05:37] *** Joins: tertu
[02:06:49] *** Joins: j0hny5
[02:07:51] *** Quits: uyjulian (Ping timeout: 600 seconds)
[02:08:08] *** Joins: uyjulian
[02:08:12] *** Quits: flagrama_ (Ping timeout: 252 seconds)
[02:08:53] *** Joins: nich
[02:09:38] *** Joins: flagrama_
[02:13:53] *** Quits: nich (Read error: Operation timed out)
[02:24:54] *** Quits: oldtopman (Read error: Operation timed out)
[02:25:17] *** Joins: oldtopman
[02:26:56] *** Quits: j0hny5 (Read error: Operation timed out)
[02:27:53] *** Joins: j0hny5
[02:30:10] *** Joins: refs
[02:36:11] *** Quits: tpw_rules (Ping timeout: 600 seconds)
[02:43:26] *** Joins: tpw_rules
[02:50:44] *** Quits: Maylay (Ping timeout: 252 seconds)
[02:54:46] *** Joins: Maylay
[02:56:11] *** Quits: nohit (Read error: Operation timed out)
[02:56:16] *** Joins: nohit
[03:15:39] *** Quits: Behemoth (Ping timeout: 376 seconds)
[03:15:40] *** Quits: Kyouju (Read error: Connection reset by peer)
[03:17:12] *** Joins: Behemoth
[03:17:13] *** Quits: yls8bot (Read error: Connection reset by peer)
[03:18:43] *** Joins: yls8bot
[03:21:32] *** yellows8 sets mode: +o yls8bot
[03:22:58] *** Joins: Kyouju
[03:24:17] *** Quits: Snetry (Read error: Operation timed out)
[03:25:04] *** Quits: d3m3vilur (Read error: Operation timed out)
[03:29:39] *** Quits: lex1 (Read error: Operation timed out)
[03:29:47] *** Quits: blasty (Read error: Operation timed out)
[03:36:06] *** Quits: nohit (Ping timeout: 493 seconds)
[03:47:02] *** Joins: nich
[03:58:03] *** Joins: nohit
[03:58:35] *** Quits: fgsfds (Quit: Leaving)
[04:04:27] *** Joins: nohit_
[04:05:43] *** Joins: lex1
[04:06:12] *** Joins: Snetry
[04:07:00] *** Joins: d3m3vilur
[04:09:27] *** Quits: nohit (Ping timeout: 493 seconds)
[04:09:27] *** nohit_ is now known as nohit
[04:11:12] *** Joins: blasty
[04:13:31] *** Quits: refs (Quit: refs)
[05:01:29] *** Quits: ihaveamac (Quit: fail)
[05:03:57] *** Joins: GrecKo
[05:04:17] *** Quits: sh0e (Read error: Operation timed out)
[05:04:36] *** Quits: GrecKo_ (Read error: Connection reset by peer)
[05:07:34] *** Joins: ihaveamac
[05:18:27] *** Joins: sh0e
[05:34:27] *** Quits: ihaveamac (Remote host closed the connection)
[05:35:51] *** Joins: ihaveamac
[05:40:32] *** Joins: ihaveama-
[05:40:32] *** Quits: ihaveamac (Read error: Connection reset by peer)
[05:48:43] *** Quits: uyjulian (efnet.deic.eu se.hub)
[05:48:43] *** Quits: lameboy (efnet.deic.eu se.hub)
[05:48:43] *** Quits: balrog (efnet.deic.eu se.hub)
[05:48:44] *** Quits: Normmatt (efnet.deic.eu se.hub)
[05:48:44] *** Quits: Genolo (efnet.deic.eu se.hub)
[05:48:44] *** Quits: freundTec (efnet.deic.eu se.hub)
[05:48:44] *** Quits: derrek (efnet.deic.eu se.hub)
[05:48:44] *** Quits: zini (efnet.deic.eu se.hub)
[05:48:44] *** Quits: Phils3r (efnet.deic.eu se.hub)
[05:48:44] *** Quits: dibas (efnet.deic.eu se.hub)
[05:48:44] *** Quits: gruetzkop (efnet.deic.eu se.hub)
[05:48:44] *** Quits: flotwig (efnet.deic.eu se.hub)
[05:48:44] *** Quits: thejsa (efnet.deic.eu se.hub)
[05:48:44] *** Quits: mid-kid (efnet.deic.eu se.hub)
[05:48:44] *** Quits: Whovian9- (efnet.deic.eu se.hub)
[05:48:44] *** Quits: pieman (efnet.deic.eu se.hub)
[05:48:44] *** Quits: phigcloud (efnet.deic.eu se.hub)
[05:48:44] *** Quits: mtheall (efnet.deic.eu se.hub)
[05:48:44] *** Quits: m4ts (efnet.deic.eu se.hub)
[05:48:44] *** Quits: giglife (efnet.deic.eu se.hub)
[05:48:44] *** Quits: thomasnet (efnet.deic.eu se.hub)
[05:48:44] *** Quits: eggster (efnet.deic.eu se.hub)
[05:48:44] *** Quits: WntrMute (efnet.deic.eu se.hub)
[05:48:44] *** Quits: fincs (efnet.deic.eu se.hub)
[05:48:44] *** Quits: Stary (efnet.deic.eu se.hub)
[05:48:44] *** Quits: TAL (efnet.deic.eu se.hub)
[05:48:44] *** Quits: klock (efnet.deic.eu se.hub)
[05:48:45] *** Quits: Ghabry (efnet.deic.eu se.hub)
[05:48:45] *** Quits: ris2z (efnet.deic.eu se.hub)
[05:48:45] *** Quits: tpw_rules (efnet.deic.eu se.hub)
[05:48:45] *** Quits: Surkow (efnet.deic.eu se.hub)
[05:48:45] *** Quits: Jdbye (efnet.deic.eu se.hub)
[05:48:45] *** Quits: yellows8 (efnet.deic.eu se.hub)
[05:48:45] *** Quits: oldtopman (efnet.deic.eu se.hub)
[05:48:45] *** Quits: oreo639 (efnet.deic.eu se.hub)
[05:48:45] *** Quits: |Shadow| (efnet.deic.eu se.hub)
[05:48:45] *** Quits: sh0e (efnet.deic.eu se.hub)
[05:48:45] *** Quits: flagrama_ (efnet.deic.eu se.hub)
[05:48:45] *** Quits: GerbilSof (efnet.deic.eu se.hub)
[05:48:45] *** Quits: DacoTaco (efnet.deic.eu se.hub)
[05:48:45] *** Quits: nrq_ (efnet.deic.eu se.hub)
[05:48:45] *** Quits: zombie343 (efnet.deic.eu se.hub)
[05:48:45] *** Quits: TurtleP (efnet.deic.eu se.hub)
[05:48:45] *** Quits: ihaveama- (efnet.deic.eu se.hub)
[05:48:45] *** Quits: Cu3PO42 (efnet.deic.eu se.hub)
[05:48:45] *** Quits: nich (efnet.deic.eu se.hub)
[05:48:45] *** Quits: Kyouju (efnet.deic.eu se.hub)
[05:48:45] *** Quits: yls8bot (efnet.deic.eu se.hub)
[05:48:45] *** Quits: j0hny5 (efnet.deic.eu se.hub)
[05:48:45] *** Quits: tertu (efnet.deic.eu se.hub)
[05:48:45] *** Quits: blasty (efnet.deic.eu se.hub)
[05:48:45] *** Quits: d3m3vilur (efnet.deic.eu se.hub)
[05:48:45] *** Quits: Snetry (efnet.deic.eu se.hub)
[05:48:45] *** Quits: lex1 (efnet.deic.eu se.hub)
[05:48:45] *** Quits: nohit (efnet.deic.eu se.hub)
[05:48:46] *** Quits: CCFL_Man (efnet.deic.eu se.hub)
[05:48:46] *** Quits: Shiz__ (efnet.deic.eu se.hub)
[05:48:46] *** Quits: GrecKo (efnet.deic.eu se.hub)
[05:48:46] *** Quits: Behemoth (efnet.deic.eu se.hub)
[05:48:46] *** Quits: Extrems (efnet.deic.eu se.hub)
[06:06:54] *** Joins: ihaveamac
[06:06:54] *** Joins: sh0e
[06:06:54] *** Joins: GrecKo
[06:06:54] *** Joins: blasty
[06:06:54] *** Joins: d3m3vilur
[06:06:54] *** Joins: Snetry
[06:06:54] *** Joins: nohit
[06:06:54] *** Joins: nich
[06:06:54] *** Joins: Kyouju
[06:06:54] *** Joins: yls8bot
[06:06:54] *** Joins: Behemoth
[06:06:54] *** Joins: tpw_rules
[06:06:54] *** Joins: j0hny5
[06:06:54] *** Joins: oldtopman
[06:06:54] *** Joins: flagrama_
[06:06:54] *** Joins: uyjulian
[06:06:54] *** Joins: tertu
[06:06:54] *** Joins: GerbilSof
[06:06:54] *** Joins: CCFL_Man
[06:06:54] *** Joins: DacoTaco
[06:06:54] *** Joins: nrq_
[06:06:54] *** Joins: lameboy
[06:06:54] *** Joins: |Shadow|
[06:06:54] *** Joins: Surkow
[06:06:54] *** Joins: balrog
[06:06:54] *** Joins: zombie343
[06:06:54] *** Joins: Jdbye
[06:06:54] *** Joins: pieman
[06:06:54] *** Joins: Normmatt
[06:06:54] *** Joins: phigcloud
[06:06:54] *** Joins: mtheall
[06:06:54] *** Joins: Genolo
[06:06:54] *** Joins: Shiz__
[06:06:54] *** Joins: m4ts
[06:06:54] *** Joins: freundTec
[06:06:54] *** Joins: derrek
[06:06:54] *** Joins: zini
[06:06:54] *** Joins: Phils3r
[06:06:54] *** Joins: giglife
[06:06:54] *** Joins: dibas
[06:06:54] *** Joins: thomasnet
[06:06:54] *** Joins: yellows8
[06:06:54] *** Joins: gruetzkop
[06:06:54] *** Joins: flotwig
[06:06:54] *** Joins: TurtleP
[06:06:54] *** se.hub sets mode: +oo yls8bot yellows8
[06:06:54] *** Joins: ris2z
[06:06:54] *** Joins: thejsa
[06:06:54] *** Joins: eggster
[06:06:54] *** Joins: Whovian9-
[06:06:54] *** Joins: mid-kid
[06:06:54] *** Joins: WntrMute
[06:06:54] *** Joins: fincs
[06:06:54] *** Joins: Stary
[06:06:54] *** Joins: TAL
[06:06:54] *** Joins: klock
[06:06:54] *** Joins: Ghabry
[06:06:54] *** Joins: Extrems
[06:06:54] *** se.hub sets mode: +oo WntrMute fincs
[06:07:12] *** Joins: lex1
[06:07:20] *** Joins: Cu3PO42
[07:17:15] *** Joins: ihaveama-
[07:31:08] *** Quits: ihaveamac (Read error: Operation timed out)
[07:36:00] *** Quits: CCFL_Man (Ping timeout: 252 seconds)
[07:36:05] *** Joins: CCFL_Man
[08:34:57] *** Quits: d3m3vilur (Read error: Operation timed out)
[08:43:17] *** Quits: blasty (Read error: Connection reset by peer)
[08:43:55] *** Quits: nohit (Ping timeout: 493 seconds)
[08:44:16] *** Quits: Snetry (Read error: Connection reset by peer)
[08:50:14] *** Quits: CCFL_Man (Read error: Connection reset by peer)
[08:52:26] *** Quits: lex1 (Read error: Connection reset by peer)
[08:52:28] *** Joins: nohit
[08:57:59] *** Joins: CCFL_Man
[09:01:02] *** Joins: lex1
[09:02:19] *** Quits: nohit (Ping timeout: 493 seconds)
[09:02:36] *** Joins: Snetry
[09:02:42] *** Joins: nohit
[09:06:20] *** Joins: d3m3vilur
[09:08:37] *** Joins: blasty
[09:35:56] *** Quits: oldtopman (Read error: Operation timed out)
[09:41:51] *** Quits: |Shadow| (ircd.choopa.net irc.Prison.NET)
[09:45:11] *** Joins: oldtopman
[09:45:20] *** Quits: oldtopman (Ping timeout: 240 seconds)
[09:56:04] *** Quits: Shiz__ (Ping timeout: 252 seconds)
[10:30:55] *** Joins: Shiz__
[11:08:25] *** Joins: tertu2
[11:11:21] *** Quits: tertu (Read error: Operation timed out)
[11:11:21] *** tertu2 is now known as tertu
[12:21:32] *** Joins: fgsfds
[12:47:30] *** Joins: |Shadow|
[17:51:35] *** Quits: d3m3vilur (Read error: Operation timed out)
[17:51:52] *** Quits: Snetry (Read error: Connection reset by peer)
[17:55:09] *** Quits: nohit (Ping timeout: 493 seconds)
[17:56:05] *** Quits: lex1 (Read error: Operation timed out)
[18:02:46] *** Quits: blasty (Read error: Operation timed out)
[18:10:53] *** Joins: blasty
[18:11:53] *** Joins: Snetry
[18:12:00] *** Joins: d3m3vilur
[18:12:03] *** Joins: refs
[18:15:56] *** Joins: nohit
[18:19:53] *** Quits: CCFL_Man (Remote host closed the connection)
[18:19:54] *** Joins: CCFL_Man
[18:22:33] *** Joins: lex1
[18:26:12] *** Joins: uyjulian_
[18:28:39] *** Joins: balrog_
[18:31:57] *** Quits: gruetzkop (Ping timeout: 745 seconds)
[18:32:03] *** Joins: zini-
[18:32:07] *** Quits: zini (Read error: Connection reset by peer)
[18:33:42] *** Quits: balrog_ (Read error: Operation timed out)
[18:34:52] *** Quits: dibas (Ping timeout: 745 seconds)
[18:35:23] *** Quits: balrog (Read error: Connection timed out)
[18:35:27] *** Quits: uyjulian (Ping timeout: 745 seconds)
[18:35:27] *** uyjulian_ is now known as uyjulian
[18:37:40] *** Joins: balrog
[18:37:47] *** Quits: lameboy (Ping timeout: 745 seconds)
[18:38:05] *** Joins: lameboy
[18:38:22] *** Joins: dibas
[18:46:03] *** Quits: nohit (Read error: Operation timed out)
[18:47:27] *** Quits: Snetry (Read error: Operation timed out)
[18:48:16] *** Joins: dibas_
[18:48:26] *** Quits: d3m3vilur (Ping timeout: 493 seconds)
[18:49:31] *** Quits: Whovian9- (Read error: Connection timed out)
[18:51:01] *** Joins: balrog_
[18:51:47] *** Quits: dibas (Ping timeout: 745 seconds)
[18:51:47] *** dibas_ is now known as dibas
[18:52:37] *** Quits: blasty (Read error: Connection reset by peer)
[18:53:21] *** Joins: Whovian93
[18:54:06] *** Joins: gruetzkop
[18:56:56] *** Joins: Snetry
[18:59:30] *** Quits: balrog (Read error: Operation timed out)
[18:59:31] *** balrog_ is now known as balrog
[19:11:49] *** Quits: Snetry (Ping timeout: 857 seconds)
[19:14:25] *** Joins: lex2
[19:14:34] *** Quits: lex1 (Read error: Operation timed out)
[19:14:37] *** lex2 is now known as lex1
[19:15:01] *** Joins: Snetry
[19:16:08] *** Joins: nohit
[19:18:21] *** Joins: blasty
[19:18:52] *** Joins: d3m3vilur
[19:24:48] *** Joins: CCFL_Man_
[19:26:03] *** Quits: CCFL_Man (Read error: Operation timed out)
[19:45:13] *** Quits: CCFL_Man_ (Read error: Connection reset by peer)
[19:49:49] *** Joins: CCFL_Man
[20:19:08] *** Joins: CCFL_Man_
[20:22:16] *** Quits: CCFL_Man (Ping timeout: 265 seconds)
[20:40:40] *** Quits: nohit (Read error: Operation timed out)
[20:41:07] *** Joins: nohit
[20:43:49] *** Quits: d3m3vilur (Ping timeout: 493 seconds)
[20:49:39] *** Quits: lex1 (Read error: Operation timed out)
[20:53:00] *** Joins: lex1
[21:09:45] *** Joins: d3m3vilur
[21:34:54] *** CCFL_Man_ is now known as CCFL_Man
[23:31:03] *** Quits: d3m3vilur (Read error: Operation timed out)
[23:31:31] *** Quits: lex1 (Read error: Operation timed out)
[23:32:12] *** Quits: blasty (Read error: Operation timed out)
[23:33:20] *** Quits: Snetry (Read error: Operation timed out)
[23:33:38] *** Quits: nohit (Ping timeout: 493 seconds)
[23:44:35] *** Joins: Snetry
[23:45:57] *** Joins: nohit
[23:46:16] *** Joins: blasty
[23:46:23] *** Joins: d3m3vilur
[23:47:11] *** Joins: lex1
