[04:39:40] *** Quits: refs (Quit: refs)
[07:12:58] *** Quits: fgsfds (Read error: Connection reset by peer)
[12:17:07] *** Joins: rajkosto
[13:29:08] *** Joins: refs
[14:00:45] *** Quits: rajkosto (Ping timeout: 496 seconds)
[14:03:29] *** Joins: rajkosto
[14:12:02] *** Quits: Phils3r (Ping timeout: 745 seconds)
[14:36:11] *** Joins: fgsfds
[14:58:04] *** Joins: Phils3r
[15:33:30] *** Quits: balrog (Read error: Operation timed out)
[15:33:33] *** Joins: uyjulian_
[15:34:09] *** Joins: balrog
[15:35:29] *** Quits: yls8bot (Read error: Operation timed out)
[15:35:32] *** Joins: yls8bot
[15:35:45] *** yellows8 sets mode: +o yls8bot
[15:36:20] *** Quits: j0hny5 (Read error: Operation timed out)
[15:36:47] *** Quits: Kyouju (Read error: Operation timed out)
[15:36:51] *** Joins: Kyouju
[15:37:16] *** Quits: nich (Read error: Operation timed out)
[15:37:54] *** Quits: uyjulian (Read error: Operation timed out)
[15:37:54] *** uyjulian_ is now known as uyjulian
[15:47:57] *** Joins: yls8bot_
[15:47:57] *** Quits: yls8bot (Read error: Connection reset by peer)
[15:48:04] *** yls8bot_ is now known as yls8bot
[15:48:47] *** Quits: |Shadow| (Remote host closed the connection)
[15:52:25] *** Joins: |Shadow|
[15:55:26] *** Quits: averne (quit)
[15:57:46] *** Joins: averne
[15:57:46] *** Server sets mode: +stn 
[15:58:12] *** Quits: rajkosto (Read error: Operation timed out)
[15:59:57] *** Joins: j0hny5
[16:00:07] *** Joins: bitrot
[16:06:58] *** Quits: rajko (Read error: Operation timed out)
[16:13:19] *** Quits: |Shadow| (ny.us.hub irc.Prison.NET)
[16:15:41] *** Joins: rajkosto
[16:17:33] *** Joins: lemmy
[16:21:33] *** Quits: bitrot (Read error: Operation timed out)
[16:23:31] *** Quits: nohit (Read error: Operation timed out)
[16:25:27] *** Quits: d3m3vilur (Read error: Operation timed out)
[16:25:27] *** Joins: rajko
[16:26:31] *** Quits: blasty (Read error: Connection reset by peer)
[16:27:35] *** Quits: rajkosto (Ping timeout: 496 seconds)
[16:30:44] *** Quits: Snetry (Read error: Connection reset by peer)
[16:31:48] *** Joins: Snetry
[16:31:49] *** Joins: rajkosto
[16:32:45] *** Quits: rajko (Read error: Operation timed out)
[16:39:24] *** Joins: d3m3vilur
[16:41:54] *** Joins: m4ts_
[16:41:54] *** Joins: nohit
[16:41:54] *** Joins: blasty
[16:44:08] *** Quits: m4ts (Ping timeout: 265 seconds)
[16:45:29] *** Joins: rajko
[16:47:28] *** Joins: nich
[16:55:23] *** Quits: rajko (Read error: Connection reset by peer)
[16:56:05] *** Quits: rajkosto (Read error: Operation timed out)
[17:02:06] *** Joins: |Shadow|
[17:30:45] *** Quits: d3m3vilur (Ping timeout: 493 seconds)
[17:32:44] *** Joins: d3m3vilur
[18:25:40] *** Joins: rajkosto
[20:12:09] *** Quits: rajkosto (Read error: Operation timed out)
[20:54:24] *** Quits: |Shadow| (Ping timeout: 240 seconds)
[21:38:06] *** Joins: |Shadow|
[21:52:30] *** Quits: blasty (Read error: Operation timed out)
[21:54:38] *** Quits: nohit (Read error: Operation timed out)
[21:54:38] *** Quits: d3m3vilur (Read error: Operation timed out)
[21:57:00] *** Quits: lex1 (Read error: Operation timed out)
[21:59:41] *** Quits: Snetry (Read error: Connection reset by peer)
[22:05:30] *** Quits: averne (quit)
[22:07:48] *** Joins: averne_
[22:07:48] *** Server sets mode: +stn 
[22:10:09] *** Quits: averne (Read error: Operation timed out)
[22:10:09] *** averne_ is now known as averne
[22:11:38] *** Joins: Snetry
[22:14:20] *** Joins: d3m3vilur
[22:14:29] *** Joins: nohit
[22:18:24] *** Joins: blasty
[23:46:01] *** Quits: |Shadow| (Ping timeout: 240 seconds)
[23:59:33] *** Joins: |Shadow|
