[01:04:57] *** Quits: Whovian93 (Quit: And I'm gone.)
[01:07:56] *** Joins: uyjulian_
[01:08:37] *** Quits: uyjulian (Quit: ZNC - http://znc.in)
[01:08:37] *** uyjulian_ is now known as uyjulian
[01:09:28] *** Joins: flotwig_
[01:17:02] *** Quits: flotwig (Ping timeout: 809 seconds)
[01:17:02] *** flotwig_ is now known as flotwig
[01:21:41] *** Quits: zini- (Ping timeout: 720 seconds)
[01:22:08] *** Joins: zini
[01:24:53] *** Joins: Whovian93
[01:27:34] *** Joins: freundTe-
[01:30:07] *** Quits: freundTec (Ping timeout: 745 seconds)
[02:19:51] *** Joins: jsa_
[02:24:04] *** Joins: Genolol
[02:25:07] *** Joins: derrek_
[02:25:30] *** Quits: Whovian93 (se.hub efnet.port80.se)
[02:25:30] *** Quits: zini (se.hub efnet.port80.se)
[02:25:30] *** Quits: lemmy (se.hub efnet.port80.se)
[02:25:30] *** Quits: Phils3r (se.hub efnet.port80.se)
[02:25:30] *** Quits: dibas (se.hub efnet.port80.se)
[02:25:30] *** Quits: Normmatt (se.hub efnet.port80.se)
[02:25:30] *** Quits: Genolo (se.hub efnet.port80.se)
[02:25:30] *** Quits: derrek (se.hub efnet.port80.se)
[02:25:30] *** Quits: thejsa (se.hub efnet.port80.se)
[02:25:30] *** Quits: mid-kid (se.hub efnet.port80.se)
[02:40:38] *** derrek_ is now known as derrek
[02:41:04] *** Genolol is now known as Genolo
[02:41:32] *** Joins: Normmatt
[02:42:38] *** Quits: refs (Quit: refs)
[02:56:50] *** Joins: lemmy
[03:04:05] *** Quits: d3m3vilur (Ping timeout: 493 seconds)
[03:05:14] *** Quits: blasty (Read error: Connection reset by peer)
[03:10:07] *** Joins: blasty
[03:10:57] *** Joins: d3m3vilur
[03:14:19] *** Joins: Whovian93
[03:14:19] *** Joins: mid-kid
[03:14:19] *** Joins: dibas
[03:14:19] *** Joins: Phils3r
[03:14:19] *** Joins: zini-
[03:24:01] *** Quits: d3m3vilur (Ping timeout: 493 seconds)
[03:27:51] *** Quits: nohit (Ping timeout: 493 seconds)
[03:29:40] *** Joins: nohit
[03:29:43] *** Quits: fgsfds (Ping timeout: 265 seconds)
[03:38:38] *** Joins: Sentry-
[03:38:43] *** Quits: nohit (Read error: Connection reset by peer)
[03:39:09] *** Joins: nohit
[03:39:44] *** Quits: Snetry (Ping timeout: 857 seconds)
[03:43:09] *** Quits: Sentry- (Read error: Connection reset by peer)
[03:45:12] *** Quits: Genolo (Read error: Operation timed out)
[03:46:20] *** Quits: mcj (Read error: Connection reset by peer)
[03:46:55] *** Joins: Genolo
[03:47:58] *** Joins: mcj
[03:48:16] *** Joins: Snetry
[03:51:00] *** Joins: d3m3vilur
[04:18:05] *** Quits: GerbilSof (Windows must now restart because the Remote Procedure Call (RPC) service terminated unexpectedly.)
[04:36:28] *** Joins: GerbilSof
[06:58:51] *** Quits: d3m3vilur (Read error: Operation timed out)
[06:59:23] *** Quits: Snetry (Read error: Connection reset by peer)
[07:00:27] *** Joins: blasty_
[07:00:59] *** Quits: blasty (Read error: Connection reset by peer)
[07:05:29] *** Quits: blasty_ (Remote host closed the connection)
[07:06:39] *** Quits: lex1 (Read error: Operation timed out)
[07:11:40] *** Joins: blasty
[07:13:38] *** Quits: nohit (Ping timeout: 493 seconds)
[07:14:28] *** Joins: nohit
[07:19:04] *** Quits: CCFL_Man (Read error: Operation timed out)
[07:21:20] *** Joins: Snetry
[07:22:09] *** Quits: blasty (Read error: Connection reset by peer)
[07:29:52] *** Joins: d3m3vilur
[07:33:26] *** Joins: lex1
[07:33:51] *** Joins: blasty
[07:41:55] *** Quits: oreo639 (Remote host closed the connection)
[07:43:45] *** Joins: oreo639
[09:37:23] *** Joins: oreo639_
[09:37:23] *** Quits: oreo639 (Read error: Connection reset by peer)
[10:53:22] *** Quits: oreo639_ (Read error: Operation timed out)
[13:32:01] *** Quits: |Shadow| (Ping timeout: 240 seconds)
[13:36:21] *** Joins: fgsfds
[13:52:28] *** Joins: |Shadow|
[14:38:18] *** Quits: nohit (Ping timeout: 493 seconds)
[14:38:27] *** Quits: Snetry (Read error: Connection reset by peer)
[14:49:25] *** Quits: d3m3vilur (Ping timeout: 493 seconds)
[14:50:29] *** Quits: blasty (Read error: Operation timed out)
[14:54:01] *** Quits: lex1 (Ping timeout: 1221 seconds)
[15:06:29] *** Joins: nohit
[15:23:57] *** Quits: nohit (Ping timeout: 494 seconds)
[15:33:31] *** Joins: d3m3vilur
[15:33:31] *** Joins: nohit
[15:35:46] *** Joins: Snetry
[15:38:30] *** Joins: blasty
[15:39:04] *** Joins: lex1
[17:39:41] *** Quits: Whovian93 (Remote host closed the connection)
[18:02:57] *** Joins: Whovian93
[19:01:38] *** Joins: oreo639
[20:01:31] *** Joins: refs
[20:12:23] *** Quits: Surkow (Remote host closed the connection)
[20:13:38] *** Joins: Surkow
[21:35:17] *** Quits: balrog (Remote host closed the connection)
[21:38:08] *** Joins: balrog
[22:45:58] *** Joins: hexkyz
