[00:50:23] *** Joins: oreo639 (~oreo639@130.166.192.18)
[01:03:03] *** Quits: oreo639 (~oreo639@130.166.192.18) (Ping timeout: 620 seconds)
[01:43:44] *** Quits: fgsfds (~figgis@85.191.222.221) (Read error: Connection reset by peer)
[02:30:10] *** Joins: oreo639 (~oreo639@cpe-104-173-210-7.socal.res.rr.com)
[02:39:53] *** Quits: refs (~refs@p4fe75b79.dip0.t-ipconnect.de) (Quit: refs)
[08:05:17] *** Quits: ave_ (~ave_@79.110.170.32) (Read error: Operation timed out)
[08:15:03] *** Joins: ave_ (~ave_@79.110.170.32)
[09:30:51] *** Joins: dibas_ (~dibas@wild.uberspace.de)
[09:30:51] *** Quits: dibas (~dibas@wild.uberspace.de) (Read error: Connection reset by peer)
[09:30:51] *** Quits: oreo639 (~oreo639@cpe-104-173-210-7.socal.res.rr.com) (Read error: Connection reset by peer)
[09:30:55] *** dibas_ is now known as dibas
[09:31:44] *** Joins: oreo639 (~oreo639@cpe-104-173-210-7.socal.res.rr.com)
[09:36:48] *** Joins: dibas_ (~dibas@wild.uberspace.de)
[09:36:48] *** Quits: dibas (~dibas@wild.uberspace.de) (Read error: Connection reset by peer)
[09:36:56] *** dibas_ is now known as dibas
[09:54:49] *** Joins: dibas_ (~dibas@wild.uberspace.de)
[09:54:49] *** Quits: dibas (~dibas@wild.uberspace.de) (Read error: Connection reset by peer)
[09:54:54] *** dibas_ is now known as dibas
[09:59:26] *** Joins: dibas_ (~dibas@wild.uberspace.de)
[09:59:26] *** Quits: dibas (~dibas@wild.uberspace.de) (Read error: Connection reset by peer)
[09:59:31] *** dibas_ is now known as dibas
[10:04:06] *** Joins: dibas_ (~dibas@wild.uberspace.de)
[10:04:06] *** Quits: dibas (~dibas@wild.uberspace.de) (Read error: Connection reset by peer)
[10:04:11] *** dibas_ is now known as dibas
[10:08:46] *** Joins: dibas_ (~dibas@wild.uberspace.de)
[10:08:46] *** Quits: dibas (~dibas@wild.uberspace.de) (Read error: Connection reset by peer)
[10:08:52] *** dibas_ is now known as dibas
[10:10:29] *** Quits: oreo639 (~oreo639@cpe-104-173-210-7.socal.res.rr.com) (Read error: Operation timed out)
[10:13:48] *** Joins: dibas_ (~dibas@wild.uberspace.de)
[10:13:48] *** Quits: dibas (~dibas@wild.uberspace.de) (Read error: Connection reset by peer)
[10:13:53] *** dibas_ is now known as dibas
[10:19:17] *** Joins: dibas_ (~dibas@wild.uberspace.de)
[10:19:17] *** Quits: dibas (~dibas@wild.uberspace.de) (Read error: Connection reset by peer)
[10:19:22] *** dibas_ is now known as dibas
[10:25:58] *** Quits: dibas (~dibas@wild.uberspace.de) (Read error: Connection reset by peer)
[10:26:45] *** Joins: dibas (~dibas@wild.uberspace.de)
[10:29:21] *** Joins: oreo639 (~oreo639@cpe-104-173-210-7.socal.res.rr.com)
[10:33:51] *** Joins: dibas_ (~dibas@wild.uberspace.de)
[10:38:33] *** Joins: dibas- (~dibas@wild.uberspace.de)
[10:38:33] *** Quits: dibas_ (~dibas@wild.uberspace.de) (Read error: Connection reset by peer)
[10:39:58] *** Quits: dibas (~dibas@wild.uberspace.de) (Ping timeout: 745 seconds)
[10:45:13] *** Quits: dibas- (~dibas@wild.uberspace.de) (Read error: Connection reset by peer)
[10:47:51] *** Joins: dibas (~dibas@wild.uberspace.de)
[10:54:33] *** Quits: dibas (~dibas@wild.uberspace.de) (Read error: Connection reset by peer)
[10:54:42] *** Joins: dibas_ (~dibas@wild.uberspace.de)
[10:54:49] *** dibas_ is now known as dibas
[12:30:52] *** Quits: oreo639 (~oreo639@cpe-104-173-210-7.socal.res.rr.com) (Ping timeout: 504 seconds)
[12:39:30] *** Joins: fgsfds (~figgis@85.191.222.221)
[13:27:17] *** Joins: zini- (~zini@aperture.zini.im)
[13:27:50] *** Quits: zini (~zini@aperture.zini.im) (Read error: Connection reset by peer)
[16:38:30] *** Quits: nohit____ (sid334887@id-334887.tinside.irccloud.com) (Ping timeout: 622 seconds)
[16:50:12] *** Joins: nohit____ (sid334887@id-334887.tinside.irccloud.com)
[18:22:58] *** Quits: GerbilSof (~GerbilSof@pool-108-24-159-83.cmdnnj.fios.verizon.net) (Quit: Windows must now restart because the Remote Procedure Call (RPC) service terminated unexpectedly.)
[18:51:47] *** Joins: dibas_ (~dibas@wild.uberspace.de)
[18:51:47] *** Quits: dibas (~dibas@wild.uberspace.de) (Read error: Connection reset by peer)
[18:54:34] *** dibas_ is now known as dibas
[19:19:58] *** Joins: oreo639 (~oreo639@cpe-104-173-210-7.socal.res.rr.com)
[19:39:02] *** Joins: GerbilSof (~GerbilSof@pool-108-24-159-83.cmdnnj.fios.verizon.net)
[20:44:58] *** Joins: n87 (~n87@213162073099.public.t-mobile.at)
[20:48:41] *** Quits: n87 (~n87@213162073099.public.t-mobile.at) (Read error: Connection reset by peer)
[20:49:43] *** Joins: n87 (~n87@213162073099.public.t-mobile.at)
[20:52:12] *** Quits: oreo639 (~oreo639@cpe-104-173-210-7.socal.res.rr.com) (Read error: Operation timed out)
[21:52:49] *** Joins: oreo639 (~oreo639@130.166.192.18)
[21:59:30] *** Joins: jn (~quassel@ip-095-223-044-193.um35.pools.vodafone-ip.de)
[22:10:59] *** CCFL_Man_ is now known as CCFL_Man
[22:28:32] *** Quits: oreo639 (~oreo639@130.166.192.18) (Ping timeout: 240 seconds)
[22:46:36] *** Quits: tertu (~tertu@76.156.48.169) (so long...)
[22:48:23] *** Joins: tertu (~tertu@76.156.48.169)
[22:51:39] *** Joins: oreo639 (~oreo639@130.166.192.18)
[23:08:12] *** Quits: n87 (~n87@213162073099.public.t-mobile.at) (Read error: Connection reset by peer)
[23:23:36] *** Quits: oreo639 (~oreo639@130.166.192.18) (Ping timeout: 483 seconds)
