[00:54:33] *** Joins: oreo639 (~oreo639@cpe-76-174-70-119.socal.res.rr.com)
[01:15:00] *** Joins: GerbilSof (~GerbilSof@pool-108-24-159-83.cmdnnj.fios.verizon.net)
[02:46:41] *** Quits: oreo639 (~oreo639@cpe-76-174-70-119.socal.res.rr.com) (Ping timeout: 260 seconds)
[02:53:01] *** Joins: oreo639 (~oreo639@cpe-76-174-70-119.socal.res.rr.com)
[03:08:51] *** Quits: oreo639 (~oreo639@cpe-76-174-70-119.socal.res.rr.com) (Quit: Quit)
[03:33:19] *** Joins: sentry (~sentry@87.122.105.85)
[03:34:38] *** Quits: Snetry (~sentry@87.122.105.221) (Read error: Connection refused)
[03:34:38] *** sentry is now known as Snetry
[03:38:25] *** Joins: oreo639 (~oreo639@cpe-76-174-70-119.socal.res.rr.com)
[03:43:09] *** Quits: oreo639 (~oreo639@cpe-76-174-70-119.socal.res.rr.com) (Remote host closed the connection)
[03:46:08] *** Joins: oreo639 (~oreo639@cpe-76-174-70-119.socal.res.rr.com)
[03:46:13] *** Quits: oreo639 (~oreo639@cpe-76-174-70-119.socal.res.rr.com) (Client Quit)
[03:51:10] *** Quits: refs (~refs@p4fec87c3.dip0.t-ipconnect.de) (Quit: refs)
[04:01:23] *** Joins: oreo639 (~oreo639@cpe-76-174-70-119.socal.res.rr.com)
[04:59:22] *** Quits: oreo639 (~oreo639@cpe-76-174-70-119.socal.res.rr.com) (Read error: Operation timed out)
[05:34:23] *** Joins: oreo639 (~oreo639@cpe-76-174-70-119.socal.res.rr.com)
[06:18:58] *** Quits: oreo639 (~oreo639@cpe-76-174-70-119.socal.res.rr.com) (Ping timeout: 745 seconds)
[07:41:02] *** Joins: oreo639 (~oreo639@cpe-76-174-70-119.socal.res.rr.com)
[09:48:15] *** Joins: fgsfds (~figgis@85.191.222.221)
[14:27:24] *** Joins: Extrems` (gamecube@expert.extremscorner.org)
[14:37:08] *** Quits: Extrems (gamecube@expert.extremscorner.org) (Ping timeout: 745 seconds)
[14:37:08] *** Extrems` is now known as Extrems
[15:42:48] *** Quits: oreo639 (~oreo639@cpe-76-174-70-119.socal.res.rr.com) (Ping timeout: 622 seconds)
[17:28:56] *** Joins: refs (~refs@p4fe75db1.dip0.t-ipconnect.de)
[18:03:58] *** Quits: GerbilSof (~GerbilSof@pool-108-24-159-83.cmdnnj.fios.verizon.net) (Remote host closed the connection)
[18:07:57] *** Joins: GerbilSof (~GerbilSof@pool-108-24-159-83.cmdnnj.fios.verizon.net)
[18:30:42] *** Joins: oreo639 (~oreo639@cpe-76-174-70-119.socal.res.rr.com)
[18:57:24] *** Quits: oreo639 (~oreo639@cpe-76-174-70-119.socal.res.rr.com) (Ping timeout: 240 seconds)
[19:01:05] *** Joins: oreo639 (~oreo639@cpe-76-174-70-119.socal.res.rr.com)
[19:27:26] *** Quits: oreo639 (~oreo639@cpe-76-174-70-119.socal.res.rr.com) (Ping timeout: 622 seconds)
[21:24:11] *** Joins: n87 (~n87@212095005112.public.telering.at)
[22:11:37] *** Joins: oreo639 (~oreo639@cpe-76-174-70-119.socal.res.rr.com)
[22:22:02] *** Quits: oreo639 (~oreo639@cpe-76-174-70-119.socal.res.rr.com) (Read error: Operation timed out)
[22:27:41] *** Quits: n87 (~n87@212095005112.public.telering.at) (Read error: Connection reset by peer)
