[00:00:38] *** Quits: fgsfds (~figgis@85.191.222.221) (Read error: Connection reset by peer)
[00:40:03] *** Joins: GerbilSof (~GerbilSof@pool-108-24-159-83.cmdnnj.fios.verizon.net)
[00:45:06] *** Quits: Rafa10 (~rafa@2001:690:2100:603::101f) (Quit: Leaving)
[00:46:21] <plutobot> GitHub | New PR: crypto fix ae... | User: liamadvance | https://github.com/switchbrew/libnx/pull/624
[00:58:31] *** Quits: GerbilSof (~GerbilSof@pool-108-24-159-83.cmdnnj.fios.verizon.net) (Quit: Windows must now restart because the Remote Procedure Call (RPC) service terminated unexpectedly.)
[01:03:39] *** Quits: Surkow (~Surkow@83-84-37-151.cable.dynamic.v4.ziggo.nl) (Ping timeout: 240 seconds)
[02:34:27] *** Joins: Surkow (~Surkow@83-84-37-151.cable.dynamic.v4.ziggo.nl)
[04:34:27] *** Joins: lameboy2 (~lameboy@202.47.121.182)
[04:36:53] *** Quits: tpw_rules (~tpw_rules@li1059-135.members.linode.com) (Read error: Operation timed out)
[04:37:07] *** Joins: tpw_rules (~tpw_rules@li1059-135.members.linode.com)
[04:37:44] *** Joins: ihaveama- (~ihaveamac@ihaveahax.net)
[04:38:16] *** Quits: Ghabry (~ghabry@datengurke.mastergk.de) (Read error: Operation timed out)
[04:38:32] *** Joins: Ghabry (~ghabry@datengurke.mastergk.de)
[04:38:34] *** Quits: Extrems (~gamecube@expert.extremscorner.org) (Read error: Operation timed out)
[04:38:45] *** Joins: Extrems (gamecube@expert.extremscorner.org)
[04:39:46] *** Quits: ihaveamac (~ihaveamac@ihaveahax.net) (Read error: Operation timed out)
[04:40:42] *** Quits: lameboy (~lameboy@202.47.121.182) (Ping timeout: 483 seconds)
[04:40:46] *** lameboy2 is now known as lameboy
[04:41:49] *** Quits: averne (~averne@212.195.196.113) (quit)
[04:42:04] *** Joins: averne (~averne@2001:861:5102:3290:dea6:32ff:fe1e:6cd)
[04:42:04] *** Server sets mode: +stn 
[13:58:58] *** Quits: Lightswor (~Lightswor@107.170.253.193) (Read error: Connection reset by peer)
[14:02:39] *** Joins: Lightswor (~Lightswor@107.170.253.193)
[15:37:50] *** Joins: GerbilSof (~GerbilSof@pool-108-24-159-83.cmdnnj.fios.verizon.net)
[15:38:07] *** Quits: GerbilSof (~GerbilSof@pool-108-24-159-83.cmdnnj.fios.verizon.net) (Client Quit)
[15:46:43] *** Joins: GerbilSof (~GerbilSof@pool-108-24-159-83.cmdnnj.fios.verizon.net)
[16:50:11] *** Quits: GerbilSof (~GerbilSof@pool-108-24-159-83.cmdnnj.fios.verizon.net) (Quit: Windows must now restart because the Remote Procedure Call (RPC) service terminated unexpectedly.)
[17:01:41] *** Joins: GerbilSof (~GerbilSof@pool-108-24-159-83.cmdnnj.fios.verizon.net)
[20:32:36] <plutobot> Wiki | Page changed: 17.0.0 | User: yls8 | https://switchbrew.org/w/index.php?curid=482&diff=12557&oldid=12554
[21:08:36] <plutobot> Wiki | Page changed: Switch System Flaws | User: yls8 | https://switchbrew.org/w/index.php?curid=14&diff=12558&oldid=12555
[22:01:20] *** Joins: oreo639 (~oreo639@cpe-104-173-210-7.socal.res.rr.com)
