[00:48:31] *** Quits: fgsfds (~figgis@85.191.222.221) (Read error: Connection reset by peer)
[02:12:34] *** Joins: refs (~refs@p4fe75df0.dip0.t-ipconnect.de)
[02:14:14] *** Quits: refs (~refs@p4fe75df0.dip0.t-ipconnect.de) (Client Quit)
[02:45:42] *** Joins: refs (~refs@p4fe75df0.dip0.t-ipconnect.de)
[03:35:42] *** Joins: sentry (~sentry@87.122.104.116)
[03:37:02] *** Quits: Snetry (~sentry@87.122.117.200) (Read error: Operation timed out)
[03:37:02] *** sentry is now known as Snetry
[04:06:53] *** Quits: refs (~refs@p4fe75df0.dip0.t-ipconnect.de) (Quit: refs)
[05:53:58] *** Quits: oreo639 (~oreo639@2603-8000-0003-13e7-0000-0000-0000-1efd.res6.spectrum.com) (Read error: Operation timed out)
[06:18:30] *** Joins: oreo639 (~oreo639@cpe-76-95-191-78.socal.res.rr.com)
[06:28:11] *** Quits: |Shadow| (~Shadow1@ip24-253-244-123.ok.ok.cox.net) ()
[06:32:22] *** Joins: |Shadow| (~Shadow1@ip24-253-244-123.ok.ok.cox.net)
[07:07:37] *** Quits: |Shadow| (~Shadow1@ip24-253-244-123.ok.ok.cox.net) ()
[07:10:39] *** Joins: |Shadow| (~Shadow1@ip24-253-244-123.ok.ok.cox.net)
[07:19:38] *** Quits: |Shadow| (~Shadow1@ip24-253-244-123.ok.ok.cox.net) ()
[07:22:49] *** Joins: |Shadow| (~Shadow1@ip24-253-244-123.ok.ok.cox.net)
[08:06:59] *** Joins: oreo639_ (~oreo639@cpe-76-95-191-78.socal.res.rr.com)
[08:06:59] *** Quits: oreo639 (~oreo639@cpe-76-95-191-78.socal.res.rr.com) (Read error: Connection reset by peer)
[08:12:54] *** oreo639_ is now known as oreo639
[09:57:04] *** Joins: fgsfds (~figgis@85.191.222.221)
[13:05:09] *** Quits: oreo639 (~oreo639@cpe-76-95-191-78.socal.res.rr.com) (Read error: Operation timed out)
[16:58:16] *** Joins: n87 (~n87@212095005130.public.telering.at)
[18:17:44] *** Quits: Surkow (~Surkow@83-84-37-151.cable.dynamic.v4.ziggo.nl) (Quit: 418 I'm a teapot - NOP NOP NOP)
[18:19:24] *** Joins: Surkow (~Surkow@83-84-37-151.cable.dynamic.v4.ziggo.nl)
[18:46:43] *** Joins: refs (~refs@p4fe7503f.dip0.t-ipconnect.de)
[19:40:18] *** Quits: zini- (~zini@aperture.zini.im) (Quit: -->)
[19:40:55] *** Joins: zini (~zini@aperture.zini.im)
[19:54:14] *** Quits: zini (~zini@aperture.zini.im) (Quit: -->)
[19:55:08] *** Joins: zini (~zini@aperture.zini.im)
[20:22:10] *** Quits: GerbilSof (~GerbilSof@pool-108-24-159-83.cmdnnj.fios.verizon.net) (Quit: Windows must now restart because the Remote Procedure Call (RPC) service terminated unexpectedly.)
[20:32:21] *** Joins: GerbilSof (~GerbilSof@pool-108-24-159-83.cmdnnj.fios.verizon.net)
[21:37:28] *** Joins: oreo639 (~oreo639@2603-8000-0003-13e7-0000-0000-0000-1efd.res6.spectrum.com)
[22:17:14] *** Quits: Maylay (~gren@108-198-59-230.lightspeed.miamfl.sbcglobal.net) (Quit: Pipe Terminated)
[22:20:24] *** Joins: Maylay (~gren@108-198-59-230.lightspeed.miamfl.sbcglobal.net)
[23:04:36] <plutobot> Wiki | Page changed: HID services | User: Hexkyz | https://switchbrew.org/w/index.php?curid=103&diff=12392&oldid=12211
[23:04:36] <plutobot> Wiki | Page changed: Ring-Con | User: Hexkyz | https://switchbrew.org/w/index.php?curid=402&diff=12391&oldid=8978
[23:05:27] <plutobot> Wiki | Page changed: HID services | User: Hexkyz | https://switchbrew.org/w/index.php?curid=103&diff=12393&oldid=12392
[23:05:48] <plutobot> Wiki | Page changed: HID services | User: Hexkyz | https://switchbrew.org/w/index.php?curid=103&diff=12394&oldid=12393
[23:48:37] <plutobot> Wiki | Page changed: HID services | User: Hexkyz | https://switchbrew.org/w/index.php?curid=103&diff=12395&oldid=12394
