[00:08:01] *** Quits: fgsfds (~figgis@85.191.222.221) (Read error: Connection reset by peer)
[00:57:09] *** Joins: refs (~refs@p4fec8b21.dip0.t-ipconnect.de)
[01:37:02] *** Quits: oreo639 (~oreo639@130.166.192.121) (Read error: Operation timed out)
[03:11:50] *** Quits: refs (~refs@p4fec8b21.dip0.t-ipconnect.de) (Quit: refs)
[03:48:36] *** Quits: Extrems (gamecube@expert.extremscorner.org) (Read error: Operation timed out)
[03:48:36] *** Quits: lex1 (lex@yuuh.pw) (Read error: Operation timed out)
[03:49:19] *** Joins: Extrems (~gamecube@expert.extremscorner.org)
[03:50:55] *** Quits: d3m3vilur (sid4654@id-4654.ilkley.irccloud.com) (Read error: Operation timed out)
[04:00:37] *** Joins: oreo639 (~oreo639@cpe-104-173-210-7.socal.res.rr.com)
[04:02:23] *** Quits: GerbilSof (~GerbilSof@pool-108-24-159-83.cmdnnj.fios.verizon.net) (Ping timeout: 857 seconds)
[04:04:18] *** Joins: lex1 (lex@yuuh.pw)
[04:04:22] *** Joins: GerbilSof (~GerbilSof@pool-108-24-159-83.cmdnnj.fios.verizon.net)
[04:13:39] *** Joins: d3m3vilur (sid4654@id-4654.ilkley.irccloud.com)
[08:42:17] *** Quits: oreo639 (~oreo639@cpe-104-173-210-7.socal.res.rr.com) (Read error: Operation timed out)
[09:05:10] *** Joins: oreo639 (~oreo639@cpe-104-173-210-7.socal.res.rr.com)
[13:02:04] *** Quits: oreo639 (~oreo639@cpe-104-173-210-7.socal.res.rr.com) (Ping timeout: 240 seconds)
[13:11:07] *** Joins: oreo639 (~oreo639@cpe-104-173-210-7.socal.res.rr.com)
[15:03:13] *** Quits: oreo639 (~oreo639@cpe-104-173-210-7.socal.res.rr.com) (Ping timeout: 483 seconds)
[17:00:55] *** Joins: fgsfds (~figgis@85.191.222.221)
[22:49:47] *** Joins: oreo639 (~oreo639@cpe-104-173-210-7.socal.res.rr.com)
