[00:03:22] <plutobot> Wiki | Page changed: PTM services | User: Hexkyz | https://switchbrew.org/w/index.php?curid=165&diff=12529&oldid=12504
[00:05:55] <plutobot> Wiki | Page changed: Settings services | User: Hexkyz | https://switchbrew.org/w/index.php?curid=110&diff=12530&oldid=11990
[00:11:33] *** Joins: oreo639 (~oreo639@130.166.192.215)
[00:11:34] *** Quits: oreo639_ (~oreo639@130.166.192.215) (Read error: Connection reset by peer)
[00:17:00] <plutobot> Wiki | Page changed: Sockets services | User: Hexkyz | https://switchbrew.org/w/index.php?curid=128&diff=12531&oldid=12507
[00:18:02] <plutobot> Wiki | Page changed: Sockets services | User: Hexkyz | https://switchbrew.org/w/index.php?curid=128&diff=12532&oldid=12531
[00:18:53] <plutobot> Wiki | Page changed: Sockets services | User: Hexkyz | https://switchbrew.org/w/index.php?curid=128&diff=12533&oldid=12532
[00:22:07] <plutobot> Wiki | Page changed: OMM services | User: Hexkyz | https://switchbrew.org/w/index.php?curid=194&diff=12534&oldid=12525
[00:25:22] <plutobot> Wiki | Page changed: PTM services | User: Hexkyz | https://switchbrew.org/w/index.php?curid=165&diff=12535&oldid=12529
[00:26:54] <plutobot> Wiki | Page changed: Bus services | User: Hexkyz | https://switchbrew.org/w/index.php?curid=152&diff=12536&oldid=12526
[00:29:24] *** Quits: phigcloud (uid13896@lymington.irccloud.com) (Read error: Operation timed out)
[00:30:21] *** Quits: Normmatt (~Normmatt@cloud.normmatt.com) (Ping timeout: 248 seconds)
[00:30:47] *** Joins: CCFL_Man_ (~closet@c-73-130-76-74.hsd1.pa.comcast.net)
[00:30:54] *** Quits: fincs (~fincs@bnc.devkitpro.org) (Ping timeout: 248 seconds)
[00:31:02] *** Quits: CCFL_Man (34ad82d2ca@c-73-130-76-74.hsd1.pa.comcast.net) (Read error: Operation timed out)
[00:31:25] *** Quits: oreo639 (~oreo639@130.166.192.215) (Ping timeout: 248 seconds)
[00:31:31] <plutobot> Wiki | Page changed: WLAN services | User: Hexkyz | https://switchbrew.org/w/index.php?curid=324&diff=12537&oldid=12500
[00:32:53] *** Joins: oreo639 (~oreo639@130.166.192.215)
[00:43:20] *** Joins: fincs (~fincs@bnc.devkitpro.org)
[00:43:33] *** yls8bot sets mode: +o fincs
[00:46:48] *** Joins: phigcloud (~uid13896@lymington.irccloud.com)
[00:48:09] *** Joins: Normmatt (~Normmatt@cloud.normmatt.com)
[00:52:10] <plutobot> Wiki | Page changed: Error Report services | User: Hexkyz | https://switchbrew.org/w/index.php?curid=193&diff=12538&oldid=12511
[01:19:01] *** Joins: refs (~refs@p5de7eecc.dip0.t-ipconnect.de)
[01:21:37] *** Quits: figgis_ (~figgis@85.191.222.221) (Read error: Connection reset by peer)
[01:22:19] *** Quits: oreo639 (~oreo639@130.166.192.215) (Read error: Operation timed out)
[01:28:39] *** Joins: ihaveamac (~ihaveamac@ihaveahax.net)
[01:30:19] *** Quits: flotwig (~flotwig@c-24-30-33-123.hsd1.ga.comcast.net) (Read error: Operation timed out)
[01:31:58] *** Quits: balrog (~balrog@pool-173-62-160-227.phlapa.fios.verizon.net) (Read error: Operation timed out)
[01:31:58] *** Quits: ihaveama- (~ihaveamac@ihaveahax.net) (Read error: Operation timed out)
[01:32:47] *** Quits: averne (~averne@i19-les01-ix2-212-195-196-113.sfr.lns.abo.bbox.fr) (quit)
[01:33:04] *** Joins: averne (~averne@i19-les01-ix2-212-195-196-113.sfr.lns.abo.bbox.fr)
[01:33:04] *** Server sets mode: +stn 
[01:33:14] *** Quits: Normmatt (~Normmatt@cloud.normmatt.com) (Read error: Operation timed out)
[01:46:26] *** Quits: Ghabry (~ghabry@datengurke.mastergk.de) (Ping timeout: 240 seconds)
[01:46:49] *** Joins: GerbilSof (~GerbilSof@pool-108-24-159-83.cmdnnj.fios.verizon.net)
[01:46:51] *** Joins: Ghabry (~ghabry@datengurke.mastergk.de)
[01:52:42] *** Quits: mimoja6 (~Mimoja@mail.mimoja.de) (Quit: Ping timeout (120 seconds))
[01:52:45] *** Joins: mimoja6 (~Mimoja@mail.mimoja.de)
[01:54:23] *** lex1 is now known as lex
[02:22:49] *** Joins: flotwig (~flotwig@c-24-30-33-123.hsd1.ga.comcast.net)
[02:26:48] *** Quits: ihaveamac (~ihaveamac@ihaveahax.net) (Ping timeout: 620 seconds)
[02:31:26] *** Joins: ihaveamac (~ihaveamac@ihaveahax.net)
[02:39:09] *** Quits: Surkow_ (~Surkow@83-84-37-151.cable.dynamic.v4.ziggo.nl) (Read error: Operation timed out)
[02:42:56] *** Joins: Surkow (~Surkow@83-84-37-151.cable.dynamic.v4.ziggo.nl)
[02:47:57] *** Quits: refs (~refs@p5de7eecc.dip0.t-ipconnect.de) (Quit: refs)
[02:53:18] *** Quits: phigcloud (~uid13896@lymington.irccloud.com) (se.hub efnet.deic.eu)
[02:53:18] *** Quits: GeekShado (~antoine@nzf.turmel.info) (se.hub efnet.deic.eu)
[02:53:18] *** Quits: GrecKo (~grecko@static.183.157.9.5.clients.your-server.de) (se.hub efnet.deic.eu)
[02:53:18] *** Quits: nohit____ (sid334887@id-334887.tinside.irccloud.com) (se.hub efnet.deic.eu)
[02:55:20] *** Joins: GrecKo_ (~grecko@static.183.157.9.5.clients.your-server.de)
[02:58:00] *** Joins: GeekShad1 (~antoine@nzf.turmel.info)
[02:59:29] *** Joins: phigcloud (~uid13896@lymington.irccloud.com)
[02:59:29] *** Joins: GeekShado (~antoine@nzf.turmel.info)
[02:59:29] *** Joins: nohit____ (sid334887@id-334887.tinside.irccloud.com)
[03:02:03] *** Quits: GeekShado (~antoine@nzf.turmel.info) (Ping timeout: 622 seconds)
[03:09:15] *** Joins: Normmatt (~Normmatt@cloud.normmatt.com)
[03:20:18] *** Quits: nohit____ (sid334887@id-334887.tinside.irccloud.com) (Read error: Operation timed out)
[03:23:57] *** Joins: nohit____ (sid334887@id-334887.tinside.irccloud.com)
[03:35:36] *** Joins: CCFL_Man (dcce624706@c-73-130-76-74.hsd1.pa.comcast.net)
[03:37:09] *** Quits: tertu (~tertu@65-128-133-28.mpls.qwest.net) (Read error: Operation timed out)
[03:38:30] *** Quits: nich (~not.sure@siwa.securelateral.net) (Read error: Operation timed out)
[03:39:34] *** Quits: CCFL_Man_ (~closet@c-73-130-76-74.hsd1.pa.comcast.net) (Read error: Operation timed out)
[03:39:39] *** Quits: tpw_rules (~tpw_rules@li1059-135.members.linode.com) (Read error: Operation timed out)
[03:40:41] *** Quits: |Shadow| (~Shadow1@ip24-253-244-123.ok.ok.cox.net) (Read error: Operation timed out)
[03:41:32] *** Quits: hexkyz (~hexkyz@ec2-18-179-123-169.ap-northeast-1.compute.amazonaws.com) (Read error: Operation timed out)
[03:44:40] *** Quits: uyjulian (~uyjulian@99-35-187-227.lightspeed.lbcktx.sbcglobal.net) (Ping timeout: 620 seconds)
[03:44:51] *** Joins: hexkyz (~hexkyz@ec2-18-179-123-169.ap-northeast-1.compute.amazonaws.com)
[03:45:37] *** Joins: |Shadow| (~Shadow1@ip24-253-244-123.ok.ok.cox.net)
[03:45:57] *** Joins: tpw_rules (~tpw_rules@li1059-135.members.linode.com)
[03:47:34] *** Joins: uyjulian (~uyjulian@99-35-187-227.lightspeed.lbcktx.sbcglobal.net)
[03:49:41] *** Joins: tertu (~tertu@65-128-133-28.mpls.qwest.net)
[04:01:26] *** Joins: nich (~not.sure@siwa.securelateral.net)
[04:32:49] *** Joins: oreo639 (~oreo639@cpe-104-173-210-7.socal.res.rr.com)
[06:09:59] *** Quits: mimoja6 (~Mimoja@mail.mimoja.de) (Quit: Ping timeout (120 seconds))
[06:10:08] *** Joins: mimoja6 (~Mimoja@mail.mimoja.de)
[06:16:29] *** Joins: oreo639_ (~oreo639@cpe-104-173-210-7.socal.res.rr.com)
[06:16:56] *** Quits: phigcloud (~uid13896@lymington.irccloud.com) (Read error: Operation timed out)
[06:17:08] *** Joins: phigcloud (uid13896@id-13896.lymington.irccloud.com)
[06:19:31] *** Quits: oreo639 (~oreo639@cpe-104-173-210-7.socal.res.rr.com) (Read error: Operation timed out)
[08:09:57] *** Quits: oreo639_ (~oreo639@cpe-104-173-210-7.socal.res.rr.com) (Ping timeout: 483 seconds)
[08:16:17] *** Joins: oreo639 (~oreo639@cpe-104-173-210-7.socal.res.rr.com)
[10:38:53] *** Quits: oreo639 (~oreo639@cpe-104-173-210-7.socal.res.rr.com) (Read error: Operation timed out)
[11:42:18] *** Joins: fgsfds (~figgis@85.191.222.221)
[16:14:22] *** Quits: GerbilSof (~GerbilSof@pool-108-24-159-83.cmdnnj.fios.verizon.net) (Quit: Windows must now restart because the Remote Procedure Call (RPC) service terminated unexpectedly.)
[16:39:51] *** Joins: GerbilSof (~GerbilSof@pool-108-24-159-83.cmdnnj.fios.verizon.net)
[18:43:36] *** Joins: oldtopman (~oldtopman@c-71-205-4-123.hsd1.co.comcast.net)
[18:45:27] *** Quits: |Shadow| (~Shadow1@ip24-253-244-123.ok.ok.cox.net) ()
[18:55:53] *** Joins: |Shadow| (~Shadow1@ip24-253-244-123.ok.ok.cox.net)
[19:53:28] *** Joins: oreo639 (~oreo639@cpe-104-173-210-7.socal.res.rr.com)
