[01:26:17] *** Quits: oreo639 (~oreo639@130.166.192.215) (Ping timeout: 260 seconds)
[01:58:32] *** Quits: GerbilSof (~GerbilSof@pool-108-24-159-83.cmdnnj.fios.verizon.net) (Quit: Windows must now restart because the Remote Procedure Call (RPC) service terminated unexpectedly.)
[01:58:49] *** Joins: GerbilSof (~GerbilSof@pool-108-24-159-83.cmdnnj.fios.verizon.net)
[02:08:24] *** Joins: refs (~refs@p4fec8851.dip0.t-ipconnect.de)
[04:42:12] *** Quits: refs (~refs@p4fec8851.dip0.t-ipconnect.de) (Quit: refs)
[05:03:25] *** Joins: |Shadow|_ (~Shadow1@ip24-253-244-123.ok.ok.cox.net)
[05:06:26] *** Joins: lameboy2 (~lameboy@202.47.121.182)
[05:06:31] *** Quits: DaniNyaa (sid188464@id-188464.helmsley.irccloud.com) (Read error: Operation timed out)
[05:06:40] *** Quits: lex1 (lex@yuuh.pw) (Read error: Operation timed out)
[05:07:08] *** Quits: Retr0id (~Retr0id@208.87.102.169) (Read error: Operation timed out)
[05:07:47] *** Quits: mtheall (~mtheall@mtheall.com) (Read error: Operation timed out)
[05:08:03] *** Joins: mtheall (~mtheall@mtheall.com)
[05:08:19] *** Quits: |Shadow| (~Shadow1@ip24-253-244-123.ok.ok.cox.net) (Read error: Operation timed out)
[05:08:44] *** Quits: d3m3vilur (sid4654@2a03:5180:f:3::122e) (Read error: Operation timed out)
[05:09:30] *** Quits: flagrama_ (flagrama_@id-145621.hampstead.irccloud.com) (Read error: Operation timed out)
[05:10:46] *** Joins: flagrama_ (flagrama_@id-145621.hampstead.irccloud.com)
[05:11:41] *** Joins: CCFL_Man_ (c157d42b1c@71.120.108.43)
[05:12:46] *** Quits: lameboy (~lameboy@202.47.121.182) (Read error: Operation timed out)
[05:12:46] *** lameboy2 is now known as lameboy
[05:18:37] *** Joins: d3m3vilur (sid4654@ilkley.irccloud.com)
[05:19:05] *** Quits: CCFL_Man (eb30c427c7@71.120.108.43) (Read error: Operation timed out)
[05:19:19] *** Joins: Retr0id (~Retr0id@208.87.102.169)
[05:22:34] *** Joins: lex1 (lex@yuuh.pw)
[05:28:09] *** Quits: lex1 (lex@yuuh.pw) (Read error: Operation timed out)
[05:29:28] *** Quits: Retr0id (~Retr0id@208.87.102.169) (Read error: Operation timed out)
[05:30:49] *** |Shadow|_ is now known as |Shadow|
[05:31:02] *** Quits: flotwig (~flotwig@c-24-30-33-123.hsd1.ga.comcast.net) (Read error: Operation timed out)
[05:31:53] *** Quits: d3m3vilur (sid4654@ilkley.irccloud.com) (Ping timeout: 493 seconds)
[05:33:41] *** Quits: Extrems (~gamecube@expert.extremscorner.org) (Read error: Operation timed out)
[05:33:45] *** Joins: Extrems (gamecube@expert.extremscorner.org)
[05:34:49] *** Joins: d3m3vilur (sid4654@ilkley.irccloud.com)
[05:34:57] *** Quits: Normmatt (~Normmatt@cloud.normmatt.com) (Read error: Operation timed out)
[05:35:14] *** Quits: GerbilSof (~GerbilSof@pool-108-24-159-83.cmdnnj.fios.verizon.net) (Read error: Operation timed out)
[05:36:15] *** Quits: balrog (~balrog@pool-173-62-160-227.phlapa.fios.verizon.net) (Read error: Operation timed out)
[05:36:17] *** Quits: mtheall (~mtheall@mtheall.com) (Read error: Operation timed out)
[05:36:54] *** Quits: tpw_rules (~tpw_rules@li1059-135.members.linode.com) (Read error: Operation timed out)
[05:37:30] *** Joins: lex1 (lex@yuuh.pw)
[05:37:33] *** Quits: uyjulian (~uyjulian@99-35-187-227.lightspeed.lbcktx.sbcglobal.net) (Read error: Operation timed out)
[05:37:59] *** Quits: tertu (~tertu@75-168-220-221.mpls.qwest.net) (Read error: Operation timed out)
[05:38:12] *** Quits: ihaveama- (~ihaveamac@ihaveahax.net) (Read error: Operation timed out)
[05:38:27] *** Joins: ihaveamac (~ihaveamac@ihaveahax.net)
[05:38:31] *** Quits: nich (~not.sure@163-172-13-36.rev.poneytelecom.eu) (Read error: Operation timed out)
[05:39:28] *** Joins: balrog (znc@pool-173-62-160-227.phlapa.fios.verizon.net)
[05:40:41] *** Quits: hexkyz (~hexkyz@ec2-18-179-123-169.ap-northeast-1.compute.amazonaws.com) (Read error: Operation timed out)
[05:40:41] *** Quits: |Shadow| (~Shadow1@ip24-253-244-123.ok.ok.cox.net) (Read error: Operation timed out)
[05:41:19] *** Joins: mtheall (~mtheall@mtheall.com)
[05:41:22] *** Joins: flotwig (~flotwig@c-24-30-33-123.hsd1.ga.comcast.net)
[05:42:34] *** Quits: fgsfds (~figgis@85.191.222.221) (Read error: Connection reset by peer)
[05:49:17] *** Joins: uyjulian (~uyjulian@99-35-187-227.lightspeed.lbcktx.sbcglobal.net)
[05:49:22] *** Joins: tertu (~tertu@75-168-220-221.mpls.qwest.net)
[05:49:32] *** Joins: hexkyz (~hexkyz@ec2-18-179-123-169.ap-northeast-1.compute.amazonaws.com)
[05:50:12] *** Joins: nich (~not.sure@163-172-13-36.rev.poneytelecom.eu)
[05:51:17] *** Joins: tpw_rules (~tpw_rules@li1059-135.members.linode.com)
[05:51:18] *** Joins: |Shadow| (~Shadow1@ip24-253-244-123.ok.ok.cox.net)
[05:52:20] *** Joins: GerbilSof (~GerbilSof@pool-108-24-159-83.cmdnnj.fios.verizon.net)
[08:02:46] *** Joins: Normmatt (~Normmatt@cloud.normmatt.com)
[11:35:00] *** Joins: n87 (~n87@046125250084.public.t-mobile.at)
[12:36:50] *** Joins: KuKzz (~KuKzz@46.31.26.36)
[12:51:01] *** Joins: fgsfds (~figgis@85.191.222.221)
[13:44:31] *** Joins: refs (~refs@p4fec8958.dip0.t-ipconnect.de)
[17:20:20] *** Quits: Normmatt (~Normmatt@cloud.normmatt.com) (Read error: Operation timed out)
[17:37:18] *** Joins: Normmatt (~Normmatt@cloud.normmatt.com)
[18:41:43] *** Quits: refs (~refs@p4fec8958.dip0.t-ipconnect.de) (Quit: refs)
[18:57:09] *** Quits: hexkyz (~hexkyz@ec2-18-179-123-169.ap-northeast-1.compute.amazonaws.com) (blargh!)
[18:59:05] *** Joins: hexkyz (~hexkyz@ec2-18-179-123-169.ap-northeast-1.compute.amazonaws.com)
[19:35:00] *** Quits: hexkyz (~hexkyz@ec2-18-179-123-169.ap-northeast-1.compute.amazonaws.com) (blargh!)
[19:39:39] *** Joins: hexkyz (~hexkyz@ec2-18-179-123-169.ap-northeast-1.compute.amazonaws.com)
[21:56:19] <plutobot> Wiki | Page changed: Sockets services | User: yls8 | https://switchbrew.org/w/index.php?curid=128&diff=12569&oldid=12533
[22:15:35] *** Joins: oreo639 (~oreo639@cpe-104-173-210-7.socal.res.rr.com)
[23:59:11] *** Quits: GerbilSof (~GerbilSof@pool-108-24-159-83.cmdnnj.fios.verizon.net) (Quit: Windows must now restart because the Remote Procedure Call (RPC) service terminated unexpectedly.)
