[00:13:44] *** Quits: oreo639 (~oreo639@2603-8000-0003-13e7-0000-0000-0000-1efd.res6.spectrum.com) (Ping timeout: 483 seconds)
[00:24:20] *** Joins: oreo639 (~oreo639@cpe-76-95-191-78.socal.res.rr.com)
[00:25:42] *** Quits: fgsfds (~figgis@85.191.222.221) (Read error: Connection reset by peer)
[01:21:28] <plutobot> Wiki | Page changed: User talk:Hexkyz | User: ZachAR3 | https://switchbrew.org/w/index.php?curid=478&diff=12378&oldid=12377
[01:23:37] *** Joins: refs (~refs@p4fec8abd.dip0.t-ipconnect.de)
[01:50:50] *** Quits: oreo639 (~oreo639@cpe-76-95-191-78.socal.res.rr.com) (Ping timeout: 622 seconds)
[02:06:00] <plutobot> Wiki | Page changed: Joy-Con | User: Imp Uhrfik Simone | https://switchbrew.org/w/index.php?curid=55&diff=12379&oldid=12366
[02:43:58] *** Joins: oreo639 (~oreo639@2603-8000-0003-13e7-0000-0000-0000-1efd.res6.spectrum.com)
[03:02:49] *** Joins: sentry (~sentry@87.122.106.95)
[03:04:08] *** Quits: Snetry (~sentry@87.122.105.43) (Read error: Connection refused)
[03:04:08] *** sentry is now known as Snetry
[03:59:26] *** Joins: sentry (~sentry@87.122.105.43)
[04:00:46] *** Quits: Snetry (~sentry@87.122.106.95) (Read error: Connection refused)
[04:00:46] *** sentry is now known as Snetry
[04:13:09] *** Quits: refs (~refs@p4fec8abd.dip0.t-ipconnect.de) (Quit: refs)
[05:00:50] *** Quits: oreo639 (~oreo639@2603-8000-0003-13e7-0000-0000-0000-1efd.res6.spectrum.com) (Ping timeout: 483 seconds)
[05:44:30] *** Joins: GerbilS0 (~GerbilSof@pool-108-24-159-83.cmdnnj.fios.verizon.net)
[05:49:58] *** Quits: GerbilSof (~GerbilSof@pool-108-24-159-83.cmdnnj.fios.verizon.net) (Read error: Operation timed out)
[06:54:01] *** Quits: GerbilS0 (~GerbilSof@pool-108-24-159-83.cmdnnj.fios.verizon.net) (Ping timeout: 260 seconds)
[08:55:07] *** Joins: oreo639 (~oreo639@cpe-76-95-191-78.socal.res.rr.com)
[11:03:59] *** Quits: oreo639 (~oreo639@cpe-76-95-191-78.socal.res.rr.com) (Ping timeout: 622 seconds)
[12:27:07] <plutobot> Wiki | Page changed: User talk:Hexkyz | User: ZachAR3 | https://switchbrew.org/w/index.php?curid=478&diff=12380&oldid=12378
[12:37:57] *** Joins: oreo639 (~oreo639@2603-8000-0003-13e7-0000-0000-0000-1efd.res6.spectrum.com)
[13:26:57] *** Joins: fgsfds (~figgis@85.191.222.221)
[14:43:28] *** Quits: oreo639 (~oreo639@2603-8000-0003-13e7-0000-0000-0000-1efd.res6.spectrum.com) (Read error: Operation timed out)
[17:51:07] *** Quits: DacoTaco (~DacoTaco@178-119-112-131.access.telenet.be) (ZNC 1.8.2 - https://znc.in)
[18:10:12] *** Joins: DacoTaco (~DacoTaco@178-119-112-131.access.telenet.be)
[18:20:14] *** Joins: refs (~refs@p4fec81e4.dip0.t-ipconnect.de)
[18:54:05] *** Joins: GerbilSof (~GerbilSof@pool-108-24-159-83.cmdnnj.fios.verizon.net)
[19:06:29] *** Joins: oreo639 (~oreo639@cpe-76-95-191-78.socal.res.rr.com)
[21:38:20] *** Quits: DacoTaco (~DacoTaco@178-119-112-131.access.telenet.be) (Quit: ZNC 1.8.2 - https://znc.in)
[21:43:55] *** Joins: DacoTaco (~DacoTaco@178-119-112-131.access.telenet.be)
[21:56:05] *** Quits: DacoTaco (~DacoTaco@178-119-112-131.access.telenet.be) (Quit: ZNC 1.8.2 - https://znc.in)
[21:58:31] *** Joins: DacoTaco (~DacoTaco@178-119-112-131.access.telenet.be)
[22:01:13] *** Quits: DacoTaco (~DacoTaco@178-119-112-131.access.telenet.be) (Client Quit)
[22:02:46] *** Joins: DacoTaco (~DacoTaco@178-119-112-131.access.telenet.be)
