[00:15:09] *** Quits: bluesage (~bluesage@92.223.89.164) (Quit: Quit)
[00:39:42] *** Quits: GerbilSof (~GerbilSof@pool-108-24-159-83.cmdnnj.fios.verizon.net) (Quit: Windows must now restart because the Remote Procedure Call (RPC) service terminated unexpectedly.)
[00:46:57] *** Joins: GerbilSof (~GerbilSof@pool-108-24-159-83.cmdnnj.fios.verizon.net)
[00:48:54] *** Quits: fgsfds (~figgis@85.191.222.221) (Read error: Connection reset by peer)
[02:05:16] *** Joins: refs (~refs@p5de7ec0f.dip0.t-ipconnect.de)
[04:04:11] *** Quits: refs (~refs@p5de7ec0f.dip0.t-ipconnect.de) (Quit: refs)
[05:45:29] *** Quits: oreo639 (~oreo639@cpe-104-173-210-7.socal.res.rr.com) (Ping timeout: 622 seconds)
[08:20:37] *** Joins: oreo639 (~oreo639@cpe-104-173-210-7.socal.res.rr.com)
[09:23:11] *** Quits: oreo639 (~oreo639@cpe-104-173-210-7.socal.res.rr.com) (Read error: Operation timed out)
[09:23:45] *** Quits: nrq (~nrq@ns340910.ip-37-59-40.eu) (Remote host closed the connection)
[09:29:26] *** Joins: nrq (~nrq@ns340910.ip-37-59-40.eu)
[09:54:47] *** Quits: nrq (~nrq@ns340910.ip-37-59-40.eu) (Quit: leaving)
[09:57:23] *** Joins: nrq (~nrq@ns340910.ip-37-59-40.eu)
[10:49:51] *** Joins: fgsfds (~figgis@85.191.222.221)
[11:51:13] *** Quits: Genolo (~fear@151.236.216.141) (ircd.choopa.net irc.servercentral.net)
[11:51:13] *** Quits: yls8bot (~yls8bot@mtheall.com) (ircd.choopa.net irc.servercentral.net)
[11:51:13] *** Quits: ihaveamac (~ihaveamac@ihaveahax.net) (ircd.choopa.net irc.servercentral.net)
[11:51:13] *** Quits: Lightswor (~Lightswor@107.170.253.193) (ircd.choopa.net irc.servercentral.net)
[11:51:13] *** Quits: Surkow (~Surkow@83-84-37-151.cable.dynamic.v4.ziggo.nl) (ircd.choopa.net irc.servercentral.net)
[11:51:13] *** Quits: balrog (znc@pool-96-245-161-89.phlapa.fios.verizon.net) (ircd.choopa.net irc.servercentral.net)
[11:51:13] *** Quits: Normmatt (~Normmatt@cloud.normmatt.com) (ircd.choopa.net irc.servercentral.net)
[11:51:13] *** Quits: CCFL_Man (2af45b064a@c-174-54-245-172.hsd1.pa.comcast.net) (ircd.choopa.net irc.servercentral.net)
[11:51:13] *** Quits: TurtleP (~turtlep@bnc.devkitpro.org) (ircd.choopa.net irc.servercentral.net)
[11:51:13] *** Quits: DacoTaco (~DacoTaco@178-119-112-131.access.telenet.be) (ircd.choopa.net irc.servercentral.net)
[11:51:13] *** Quits: Maylay_ (~gren@108-198-59-230.lightspeed.miamfl.sbcglobal.net) (ircd.choopa.net irc.servercentral.net)
[11:51:13] *** Quits: klock (~efklock@vps1.ksociety.net) (ircd.choopa.net irc.servercentral.net)
[11:51:13] *** Quits: yellows8 (yellows8@adiza.nexticom.net) (ircd.choopa.net irc.servercentral.net)
[11:51:13] *** Quits: tpw_rules (~tpw_rules@li1059-135.members.linode.com) (ircd.choopa.net irc.servercentral.net)
[14:10:44] *** Joins: Genolo (~fear@151.236.216.141)
[14:10:44] *** Joins: yls8bot (~yls8bot@mtheall.com)
[14:10:44] *** Joins: ihaveamac (~ihaveamac@ihaveahax.net)
[14:10:44] *** Joins: Lightswor (~Lightswor@107.170.253.193)
[14:10:44] *** Joins: Surkow (~Surkow@83-84-37-151.cable.dynamic.v4.ziggo.nl)
[14:10:44] *** Joins: balrog (znc@pool-96-245-161-89.phlapa.fios.verizon.net)
[14:10:44] *** Joins: Normmatt (~Normmatt@cloud.normmatt.com)
[14:10:44] *** Joins: CCFL_Man (2af45b064a@c-174-54-245-172.hsd1.pa.comcast.net)
[14:10:44] *** Joins: TurtleP (~turtlep@bnc.devkitpro.org)
[14:10:44] *** Joins: DacoTaco (~DacoTaco@178-119-112-131.access.telenet.be)
[14:10:44] *** Joins: Maylay_ (~gren@108-198-59-230.lightspeed.miamfl.sbcglobal.net)
[14:10:44] *** Joins: klock (~efklock@vps1.ksociety.net)
[14:10:44] *** Joins: yellows8 (yellows8@adiza.nexticom.net)
[14:10:44] *** Joins: tpw_rules (~tpw_rules@li1059-135.members.linode.com)
[14:10:44] *** irc.servercentral.net sets mode: +oo yls8bot yellows8
[15:07:12] *** Quits: DacoTaco (~DacoTaco@178-119-112-131.access.telenet.be) (Remote host closed the connection)
[15:07:24] *** Joins: DacoTaco (~DacoTaco@178-119-112-131.access.telenet.be)
[15:16:08] *** Quits: Genolo (~fear@151.236.216.141) (ircd.choopa.net irc.servercentral.net)
[15:16:08] *** Quits: yls8bot (~yls8bot@mtheall.com) (ircd.choopa.net irc.servercentral.net)
[15:16:08] *** Quits: ihaveamac (~ihaveamac@ihaveahax.net) (ircd.choopa.net irc.servercentral.net)
[15:16:08] *** Quits: Lightswor (~Lightswor@107.170.253.193) (ircd.choopa.net irc.servercentral.net)
[15:16:08] *** Quits: Surkow (~Surkow@83-84-37-151.cable.dynamic.v4.ziggo.nl) (ircd.choopa.net irc.servercentral.net)
[15:16:08] *** Quits: balrog (znc@pool-96-245-161-89.phlapa.fios.verizon.net) (ircd.choopa.net irc.servercentral.net)
[15:16:08] *** Quits: Normmatt (~Normmatt@cloud.normmatt.com) (ircd.choopa.net irc.servercentral.net)
[15:16:08] *** Quits: CCFL_Man (2af45b064a@c-174-54-245-172.hsd1.pa.comcast.net) (ircd.choopa.net irc.servercentral.net)
[15:16:08] *** Quits: TurtleP (~turtlep@bnc.devkitpro.org) (ircd.choopa.net irc.servercentral.net)
[15:16:08] *** Quits: Maylay_ (~gren@108-198-59-230.lightspeed.miamfl.sbcglobal.net) (ircd.choopa.net irc.servercentral.net)
[15:16:08] *** Quits: klock (~efklock@vps1.ksociety.net) (ircd.choopa.net irc.servercentral.net)
[15:16:08] *** Quits: yellows8 (yellows8@adiza.nexticom.net) (ircd.choopa.net irc.servercentral.net)
[15:16:08] *** Quits: tpw_rules (~tpw_rules@li1059-135.members.linode.com) (ircd.choopa.net irc.servercentral.net)
[17:03:00] *** Joins: Genolo (~fear@151.236.216.141)
[17:03:00] *** Joins: yls8bot (~yls8bot@mtheall.com)
[17:03:00] *** Joins: ihaveamac (~ihaveamac@ihaveahax.net)
[17:03:00] *** Joins: Lightswor (~Lightswor@107.170.253.193)
[17:03:00] *** Joins: Surkow (~Surkow@83-84-37-151.cable.dynamic.v4.ziggo.nl)
[17:03:00] *** Joins: balrog (znc@pool-96-245-161-89.phlapa.fios.verizon.net)
[17:03:00] *** Joins: Normmatt (~Normmatt@cloud.normmatt.com)
[17:03:00] *** Joins: CCFL_Man (2af45b064a@c-174-54-245-172.hsd1.pa.comcast.net)
[17:03:00] *** Joins: TurtleP (~turtlep@bnc.devkitpro.org)
[17:03:00] *** Joins: Maylay_ (~gren@108-198-59-230.lightspeed.miamfl.sbcglobal.net)
[17:03:00] *** Joins: klock (~efklock@vps1.ksociety.net)
[17:03:00] *** Joins: yellows8 (yellows8@adiza.nexticom.net)
[17:03:00] *** Joins: tpw_rules (~tpw_rules@li1059-135.members.linode.com)
[17:03:00] *** irc.servercentral.net sets mode: +oo yls8bot yellows8
[18:16:11] *** Joins: refs (~refs@p4fec8979.dip0.t-ipconnect.de)
[19:57:51] *** Quits: averne (~averne@i19-les01-ix2-212-195-196-113.sfr.lns.abo.bbox.fr) (quit)
[19:58:15] *** Joins: averne (~averne@2001:861:5102:3290:dea6:32ff:fe1e:6cd)
[19:58:15] *** Server sets mode: +stn 
[20:43:18] *** Joins: oreo639 (~oreo639@cpe-104-173-210-7.socal.res.rr.com)
[23:06:18] <plutobot> Wiki | Page changed: Joy-Con | User: Hexkyz | https://switchbrew.org/w/index.php?curid=55&diff=12458&oldid=12457
[23:43:41] *** Joins: mimoja64 (~Mimoja@213.160.72.25)
[23:43:41] *** Quits: mimoja6 (~Mimoja@mail.mimoja.de) (Read error: Connection reset by peer)
[23:43:41] *** mimoja64 is now known as mimoja6
