[00:19:55] *** Quits: figgis_ (~figgis@85.191.222.221) (Read error: Connection reset by peer)
[00:40:06] *** Joins: GerbilSof (~GerbilSof@pool-108-24-159-83.cmdnnj.fios.verizon.net)
[01:07:26] *** Quits: Surkow (~Surkow@83-84-37-151.cable.dynamic.v4.ziggo.nl) (Read error: Operation timed out)
[01:11:05] *** Quits: oreo639 (~oreo639@cpe-76-174-70-119.socal.res.rr.com) (Ping timeout: 240 seconds)
[01:37:54] *** Joins: oreo639 (~oreo639@cpe-76-174-70-119.socal.res.rr.com)
[01:52:17] *** Quits: oldtopman (~oldtopman@c-71-205-4-123.hsd1.co.comcast.net) (Ping timeout: 240 seconds)
[02:08:43] *** Quits: ave_ (~ave_@79.110.170.32) (Read error: Operation timed out)
[02:24:16] *** Joins: ave_ (~ave_@79.110.170.32)
[02:55:26] *** Joins: refs (~refs@p4fe75bb7.dip0.t-ipconnect.de)
[04:25:44] *** Quits: oreo639 (~oreo639@cpe-76-174-70-119.socal.res.rr.com) (Ping timeout: 622 seconds)
[04:26:35] *** Quits: refs (~refs@p4fe75bb7.dip0.t-ipconnect.de) (Quit: refs)
[04:54:42] *** Joins: oreo639 (~oreo639@cpe-76-174-70-119.socal.res.rr.com)
[05:26:46] *** Joins: Surkow (~Surkow@83-84-37-151.cable.dynamic.v4.ziggo.nl)
[06:07:42] *** Quits: oreo639 (~oreo639@cpe-76-174-70-119.socal.res.rr.com) (Read error: Operation timed out)
[06:28:38] *** Joins: oreo639 (~oreo639@cpe-76-174-70-119.socal.res.rr.com)
[07:01:53] *** Quits: oreo639 (~oreo639@cpe-76-174-70-119.socal.res.rr.com) (Ping timeout: 240 seconds)
[07:59:58] *** Joins: oreo639 (~oreo639@cpe-76-174-70-119.socal.res.rr.com)
[08:14:29] *** Joins: oreo639_ (~oreo639@cpe-76-174-70-119.socal.res.rr.com)
[09:00:55] *** Joins: oreo639__ (~oreo639@cpe-76-174-70-119.socal.res.rr.com)
[09:00:55] *** Quits: oreo639_ (~oreo639@cpe-76-174-70-119.socal.res.rr.com) (Read error: Connection reset by peer)
[09:00:55] *** Quits: oreo639 (~oreo639@cpe-76-174-70-119.socal.res.rr.com) (Read error: Connection reset by peer)
[09:31:22] *** Joins: fgsfds (~figgis@85.191.222.221)
[09:32:25] *** Quits: n87 (~n87@213142096205.public.telering.at) (Read error: Connection reset by peer)
[13:07:22] *** Quits: oreo639__ (~oreo639@cpe-76-174-70-119.socal.res.rr.com) (Quit)
[13:07:43] *** Joins: oreo639 (~oreo639@cpe-76-174-70-119.socal.res.rr.com)
[13:46:05] *** Quits: |Shadow| (~Shadow1@ip24-253-244-123.ok.ok.cox.net) (Ping timeout: 240 seconds)
[13:49:37] *** Joins: |Shadow| (~Shadow1@ip24-253-244-123.ok.ok.cox.net)
[15:34:14] *** Joins: |Shadow|_ (~Shadow1@ip24-253-244-123.ok.ok.cox.net)
[15:34:35] *** Quits: |Shadow| (~Shadow1@ip24-253-244-123.ok.ok.cox.net) (Ping timeout: 240 seconds)
[15:35:21] *** |Shadow|_ is now known as |Shadow|
[16:26:54] *** Quits: GerbilSof (~GerbilSof@pool-108-24-159-83.cmdnnj.fios.verizon.net) (Quit: Windows must now restart because the Remote Procedure Call (RPC) service terminated unexpectedly.)
[17:06:45] <plutobot> GitHub | New commit | User: Narr the Reg | https://github.com/switchbrew/libnx/commit/4fcdb6eb34
[17:29:07] *** Quits: oreo639 (~oreo639@cpe-76-174-70-119.socal.res.rr.com) (Read error: Operation timed out)
[18:25:22] *** Joins: refs (~refs@p4fec8489.dip0.t-ipconnect.de)
[22:18:32] *** Joins: GerbilSof (~GerbilSof@pool-108-24-159-83.cmdnnj.fios.verizon.net)
[23:32:44] *** Joins: oreo639 (~oreo639@cpe-76-174-70-119.socal.res.rr.com)
