[00:38:30] *** Joins: ihaveamac (~ihaveamac@ihaveahax.net)
[00:38:58] *** Quits: balrog (~balrog@pool-96-245-161-89.phlapa.fios.verizon.net) (Read error: Operation timed out)
[00:41:10] *** Quits: ave_ (~ave_@79.110.170.32) (Read error: Operation timed out)
[00:41:14] *** Quits: nich (~not.sure@siwa.securelateral.net) (Read error: Operation timed out)
[00:41:37] *** Quits: ihaveama- (~ihaveamac@ihaveahax.net) (Read error: Operation timed out)
[00:42:24] *** Joins: balrog (znc@pool-96-245-161-89.phlapa.fios.verizon.net)
[00:44:15] *** Quits: hexkyz (~hexkyz@ec2-18-179-123-169.ap-northeast-1.compute.amazonaws.com) (Read error: Operation timed out)
[01:07:05] *** Joins: nich (~not.sure@siwa.securelateral.net)
[01:07:40] *** Joins: hexkyz (~hexkyz@ec2-18-179-123-169.ap-northeast-1.compute.amazonaws.com)
[01:12:14] *** Joins: ave_ (~ave_@79.110.170.32)
[01:27:16] *** Quits: fgsfds (~figgis@85.191.222.221) (Quit: Leaving)
[02:27:35] *** Quits: |Shadow| (~Shadow1@ip24-253-244-123.ok.ok.cox.net) (Ping timeout: 240 seconds)
[02:40:31] *** Joins: |Shadow| (~Shadow1@ip24-253-244-123.ok.ok.cox.net)
[02:45:08] *** Quits: refs (~refs@p4fec8f8e.dip0.t-ipconnect.de) (Quit: refs)
[03:35:40] *** Joins: oreo639 (~oreo639@cpe-76-174-70-119.socal.res.rr.com)
[03:54:13] *** Quits: flagrama_ (flagrama_@2a03:5180:f:4::2:38d5) (Ping timeout: 260 seconds)
[03:54:20] *** Joins: flagrama_ (flagrama_@id-145621.hampstead.irccloud.com)
[03:56:33] *** Quits: freundTec (~freundTec@freundtech.com) (Ping timeout: 260 seconds)
[03:56:46] *** Joins: freundTec (~freundTec@freundtech.com)
[03:57:01] *** Quits: ris2z (~2ri@129.151.212.230) (Ping timeout: 260 seconds)
[03:57:01] *** Quits: Genolo (~fear@151.236.216.141) (Ping timeout: 260 seconds)
[03:57:22] *** Joins: Genolo (~fear@2a01:7e00::f03c:91ff:fe93:8d42)
[03:59:59] *** Joins: ris2z (~2ri@129.151.212.230)
[06:26:51] *** Quits: GerbilSof (~GerbilSof@pool-108-24-159-83.cmdnnj.fios.verizon.net) (Quit: Windows must now restart because the Remote Procedure Call (RPC) service terminated unexpectedly.)
[07:07:59] *** Joins: GerbilSof (~GerbilSof@pool-108-24-159-83.cmdnnj.fios.verizon.net)
[09:10:42] *** Quits: oreo639 (~oreo639@cpe-76-174-70-119.socal.res.rr.com) (Read error: Operation timed out)
[10:06:51] *** Joins: oreo639 (~oreo639@cpe-76-174-70-119.socal.res.rr.com)
[10:11:55] *** Quits: oreo639 (~oreo639@cpe-76-174-70-119.socal.res.rr.com) (Read error: Connection reset by peer)
[10:13:05] *** Joins: oreo639 (~oreo639@cpe-76-174-70-119.socal.res.rr.com)
[10:59:05] *** Joins: uyjulian_ (~uyjulian@99-35-187-227.lightspeed.lbcktx.sbcglobal.net)
[11:00:04] *** Joins: Extrems` (~gamecube@expert.extremscorner.org)
[11:02:32] *** Joins: CCFL_Man (1f75ca373d@c-174-54-245-172.hsd1.pa.comcast.net)
[11:05:37] *** Joins: Genolol (~fear@2a01:7e00::f03c:91ff:fe93:8d42)
[11:06:12] *** Joins: TurtleP_ (~turtlep@bnc.devkitpro.org)
[11:07:36] *** Quits: Genolo (~fear@2a01:7e00::f03c:91ff:fe93:8d42) (se.hub efnet.port80.se)
[11:07:36] *** Quits: flagrama_ (flagrama_@id-145621.hampstead.irccloud.com) (se.hub efnet.port80.se)
[11:07:36] *** Quits: zombie343 (~zombie343@pool-108-41-130-125.nycmny.fios.verizon.net) (se.hub efnet.port80.se)
[11:07:36] *** Quits: CCFL_Man_ (a917fcd5f3@c-174-54-245-172.hsd1.pa.comcast.net) (se.hub efnet.port80.se)
[11:07:36] *** Quits: Extrems (gamecube@expert.extremscorner.org) (se.hub efnet.port80.se)
[11:07:36] *** Quits: TurtleP (~turtlep@bnc.devkitpro.org) (se.hub efnet.port80.se)
[11:07:36] *** Quits: uyjulian (~uyjulian@99-35-187-227.lightspeed.lbcktx.sbcglobal.net) (se.hub efnet.port80.se)
[11:07:36] *** Quits: zini (~zini@aperture.zini.im) (se.hub efnet.port80.se)
[11:07:36] *** Quits: dibas (~dibas@wild.uberspace.de) (se.hub efnet.port80.se)
[11:07:36] *** Quits: Normmatt (~Normmatt@cloud.normmatt.com) (se.hub efnet.port80.se)
[11:07:36] *** Quits: thejsa (sid573118@id-573118.hampstead.irccloud.com) (se.hub efnet.port80.se)
[11:07:36] *** Quits: mid-kid2 (~mid-kid@136-144-185-148.colo.transip.net) (se.hub efnet.port80.se)
[11:23:05] *** uyjulian_ is now known as uyjulian
[11:23:05] *** Extrems` is now known as Extrems
[11:23:06] *** Genolol is now known as Genolo
[11:23:17] *** Joins: zombie343 (~zombie343@pool-108-41-130-125.nycmny.fios.verizon.net)
[11:26:29] *** Joins: flagrama_ (flagrama_@id-145621.hampstead.irccloud.com)
[11:44:54] *** Joins: Retr0id5 (~Retr0id@208.87.102.169)
[11:46:46] *** Joins: Normmatt (~Normmatt@cloud.normmatt.com)
[11:47:20] *** Joins: nrq_ (~nrq@ns340910.ip-37-59-40.eu)
[11:47:36] *** Joins: mtheall_ (~mtheall@mtheall.com)
[11:47:37] *** Quits: mtheall (~mtheall@mtheall.com) (Read error: Connection reset by peer)
[11:49:01] *** Quits: d3m3vilur (sid4654@id-4654.ilkley.irccloud.com) (Ping timeout: 493 seconds)
[11:49:05] *** Quits: Retr0id (~Retr0id@208.87.102.169) (Read error: Connection reset by peer)
[11:49:12] *** Retr0id5 is now known as Retr0id
[11:49:44] *** Quits: nrq (~nrq@ns340910.ip-37-59-40.eu) (Read error: Connection reset by peer)
[11:49:53] *** Joins: d3m3vilur (sid4654@id-4654.ilkley.irccloud.com)
[12:11:41] *** Quits: oreo639 (~oreo639@cpe-76-174-70-119.socal.res.rr.com) (Ping timeout: 260 seconds)
[12:22:47] *** Joins: oreo639 (~oreo639@cpe-76-174-70-119.socal.res.rr.com)
[15:41:11] *** Quits: |Shadow| (~Shadow1@ip24-253-244-123.ok.ok.cox.net) ()
[15:41:33] *** Joins: |Shadow| (~Shadow1@ip24-253-244-123.ok.ok.cox.net)
[15:43:19] *** Quits: oreo639 (~oreo639@cpe-76-174-70-119.socal.res.rr.com) (Ping timeout: 504 seconds)
[19:33:41] *** Joins: oreo639 (~oreo639@cpe-76-174-70-119.socal.res.rr.com)
[20:21:28] *** Joins: n87 (~n87@213142096205.public.telering.at)
[21:08:22] *** Quits: oreo639 (~oreo639@cpe-76-174-70-119.socal.res.rr.com) (Ping timeout: 504 seconds)
[21:25:05] *** Joins: oreo639 (~oreo639@cpe-76-174-70-119.socal.res.rr.com)
[21:46:04] *** Quits: n87 (~n87@213142096205.public.telering.at) (Read error: Connection reset by peer)
[23:06:04] *** Quits: oreo639 (~oreo639@cpe-76-174-70-119.socal.res.rr.com) (Ping timeout: 504 seconds)
[23:47:53] *** Joins: oreo639 (~oreo639@cpe-76-174-70-119.socal.res.rr.com)
