[00:23:19] *** Quits: d3m3vilur (sid4654@id-4654.ilkley.irccloud.com) (Ping timeout: 493 seconds)
[00:28:12] *** Joins: d3m3vilur (sid4654@ilkley.irccloud.com)
[01:15:11] *** Joins: refs (~refs@p5de7e156.dip0.t-ipconnect.de)
[01:55:18] *** Quits: fgsfds (~figgis@85.191.222.221) (Read error: Connection reset by peer)
[02:18:01] *** Joins: |Shadow|_ (~Shadow1@ip24-253-244-123.ok.ok.cox.net)
[02:22:59] *** Quits: |Shadow| (~Shadow1@ip24-253-244-123.ok.ok.cox.net) (Read error: Operation timed out)
[03:08:39] *** |Shadow|_ is now known as |Shadow|
[04:24:30] *** Quits: refs (~refs@p5de7e156.dip0.t-ipconnect.de) (Quit: refs)
[05:26:46] *** Quits: phigcloud (uid13896@id-13896.lymington.irccloud.com) (Ping timeout: 240 seconds)
[05:27:50] *** Joins: phigcloud (uid13896@lymington.irccloud.com)
[05:57:53] *** Quits: oreo639 (~oreo639@cpe-104-173-210-7.socal.res.rr.com) (Ping timeout: 622 seconds)
[07:03:57] *** Joins: oreo639 (~oreo639@cpe-104-173-210-7.socal.res.rr.com)
[09:18:27] *** Quits: jerry (uid618765@tinside.irccloud.com) (Read error: Operation timed out)
[09:54:05] *** Joins: jerry (uid618765@tinside.irccloud.com)
[10:16:26] *** Quits: GeekShad1 (~antoine@82-64-164-139.subs.proxad.net) (Read error: Operation timed out)
[10:16:45] *** Joins: GeekShado (~antoine@82-64-164-139.subs.proxad.net)
[10:17:42] *** Quits: freundTec (~freundTec@freundtech.com) (Read error: Operation timed out)
[10:17:59] *** Joins: freundTec (~freundTec@freundtech.com)
[10:39:53] *** Quits: oreo639 (~oreo639@cpe-104-173-210-7.socal.res.rr.com) (Ping timeout: 260 seconds)
[10:55:10] *** Joins: fgsfds (~figgis@85.191.222.221)
[13:23:20] *** Joins: refs (~refs@p4fe7563f.dip0.t-ipconnect.de)
[13:58:24] <plutobot> GitHub | New PR: mutex fix svc... | User: xerpi | https://github.com/switchbrew/libnx/pull/620
[15:52:18] *** Joins: DacoTaco_ (~DacoTaco@178.119.112.131)
[15:57:49] *** Quits: DacoTaco (~DacoTaco@178-119-112-131.access.telenet.be) (Read error: Operation timed out)
[21:00:23] *** Quits: GerbilSof (~GerbilSof@pool-108-24-159-83.cmdnnj.fios.verizon.net) (Quit: Windows must now restart because the Remote Procedure Call (RPC) service terminated unexpectedly.)
[21:27:25] *** Joins: GerbilSof (~GerbilSof@pool-108-24-159-83.cmdnnj.fios.verizon.net)
[21:48:57] <plutobot> Wiki | Page changed: Bus services | User: Hexkyz | https://switchbrew.org/w/index.php?curid=152&diff=12466&oldid=12418
[21:54:35] <plutobot> Wiki | Page changed: Error codes | User: Hexkyz | https://switchbrew.org/w/index.php?curid=82&diff=12467&oldid=12427
[22:11:34] *** Joins: oreo639 (~oreo639@cpe-104-173-210-7.socal.res.rr.com)
[23:13:50] *** Quits: ave_ (~ave_@79.110.170.32) (Read error: Connection reset by peer)
[23:13:51] *** Joins: ave_ (~ave_@79.110.170.32)
