[02:19:00] *** Quits: fgsfds (~figgis@85.191.222.221) (Read error: Connection reset by peer)
[02:32:01] *** Joins: oreo639 (~oreo639@cpe-104-173-210-7.socal.res.rr.com)
[02:35:00] *** Joins: nrq (~nrq@ns340910.ip-37-59-40.eu)
[02:35:00] *** Quits: nrq_ (~nrq@ns340910.ip-37-59-40.eu) (Read error: Connection reset by peer)
[02:40:16] *** Joins: refs (~refs@p5de7e475.dip0.t-ipconnect.de)
[04:08:38] *** Quits: refs (~refs@p5de7e475.dip0.t-ipconnect.de) (Quit: refs)
[04:36:19] *** Quits: oreo639 (~oreo639@cpe-104-173-210-7.socal.res.rr.com) (Ping timeout: 240 seconds)
[05:42:07] *** Joins: oreo639 (~oreo639@cpe-104-173-210-7.socal.res.rr.com)
[08:50:37] *** Quits: TurtleP_ (~turtlep@bnc.devkitpro.org) (Ping timeout: 240 seconds)
[08:50:52] *** Joins: TurtleP (~turtlep@bnc.devkitpro.org)
[09:21:30] *** Quits: oreo639 (~oreo639@cpe-104-173-210-7.socal.res.rr.com) (Ping timeout: 240 seconds)
[09:42:21] *** Joins: Extrems` (gamecube@expert.extremscorner.org)
[09:44:30] *** Quits: Extrems (~gamecube@expert.extremscorner.org) (Read error: Operation timed out)
[09:44:30] *** Extrems` is now known as Extrems
[09:45:55] *** Quits: Genolo (~fear@2a01:7e00::f03c:91ff:fe93:8d42) (Read error: Operation timed out)
[09:46:21] *** Joins: Genolo (~fear@151.236.216.141)
[10:10:11] *** Quits: nich (~not.sure@siwa.securelateral.net) (Read error: Operation timed out)
[10:10:47] *** Quits: hexkyz (~hexkyz@ec2-18-179-123-169.ap-northeast-1.compute.amazonaws.com) (Ping timeout: 620 seconds)
[10:10:59] *** Quits: tertu (~tertu@65-128-155-15.mpls.qwest.net) (Read error: Operation timed out)
[10:11:27] *** Quits: uyjulian (~uyjulian@99-35-187-227.lightspeed.lbcktx.sbcglobal.net) (Read error: Operation timed out)
[10:35:50] *** Joins: hexkyz (~hexkyz@ec2-18-179-123-169.ap-northeast-1.compute.amazonaws.com)
[10:35:55] *** Joins: tertu (~tertu@65-128-155-15.mpls.qwest.net)
[10:37:35] *** Joins: uyjulian (~uyjulian@99-35-187-227.lightspeed.lbcktx.sbcglobal.net)
[10:52:18] *** Joins: nich (~not.sure@siwa.securelateral.net)
[11:28:03] *** Joins: fgsfds (~figgis@85.191.222.221)
[11:53:54] *** Quits: balrog (znc@pool-96-245-161-89.phlapa.fios.verizon.net) (Read error: Operation timed out)
[11:55:10] *** Joins: balrog (~balrog@pool-96-245-161-89.phlapa.fios.verizon.net)
[14:23:07] *** Quits: Lightswor (~Lightswor@107.170.253.193) (Read error: Connection reset by peer)
[14:23:30] *** Joins: Lightswor (~Lightswor@107.170.253.193)
[18:58:11] *** Joins: refs (~refs@p4fec8c4f.dip0.t-ipconnect.de)
[22:07:00] *** Joins: oreo639 (~oreo639@cpe-104-173-210-7.socal.res.rr.com)
[23:53:43] *** Quits: fgsfds (~figgis@85.191.222.221) (Quit: Leaving)
