[01:51:09] *** Joins: refs (~refs@p5de7e541.dip0.t-ipconnect.de)
[02:33:40] *** Quits: fgsfds (~figgis@85.191.222.221) (Read error: Connection reset by peer)
[03:41:14] *** Joins: Snetry (~sentry@87.122.106.8)
[03:42:33] *** Quits: Sentry (~sentry@87.122.117.79) (Read error: Connection refused)
[03:42:34] *** Snetry is now known as Sentry
[04:16:02] *** Quits: refs (~refs@p5de7e541.dip0.t-ipconnect.de) (Quit: refs)
[06:00:55] *** Quits: oreo639 (~oreo639@cpe-104-173-210-7.socal.res.rr.com) (Read error: Operation timed out)
[06:36:25] *** Joins: oreo639 (~oreo639@cpe-104-173-210-7.socal.res.rr.com)
[09:18:15] *** Quits: |Shadow| (~Shadow1@ip24-253-244-123.ok.ok.cox.net) (Read error: Connection reset by peer)
[09:19:41] *** Joins: n87 (~n87@046125250005.public.t-mobile.at)
[09:23:09] *** Joins: |Shadow| (~Shadow1@ip24-253-244-123.ok.ok.cox.net)
[10:15:44] *** Quits: oreo639 (~oreo639@cpe-104-173-210-7.socal.res.rr.com) (Ping timeout: 240 seconds)
[10:49:39] *** Quits: flotwig (~flotwig@174.163.13.207) (Read error: Operation timed out)
[10:52:57] *** Joins: flotwig (~flotwig@174.163.13.207)
[11:35:36] *** Quits: DacoTaco (~DacoTaco@178-119-112-131.access.telenet.be) (Quit: ZNC 1.8.2 - https://znc.in)
[11:36:58] *** Joins: DacoTaco (~DacoTaco@178-119-112-131.access.telenet.be)
[12:08:54] *** Joins: fgsfds (~figgis@85.191.222.221)
[14:16:06] *** Quits: n87 (~n87@046125250005.public.t-mobile.at) (Read error: Connection reset by peer)
[15:28:56] *** Quits: DacoTaco (~DacoTaco@178-119-112-131.access.telenet.be) (ZNC 1.8.2 - https://znc.in)
[15:31:07] *** Joins: DacoTaco (~DacoTaco@178-119-112-131.access.telenet.be)
[15:47:37] *** Quits: DacoTaco (~DacoTaco@178-119-112-131.access.telenet.be) (ZNC 1.8.2 - https://znc.in)
[15:50:33] *** Joins: DacoTaco (~DacoTaco@178-119-112-131.access.telenet.be)
[15:51:57] *** Quits: DacoTaco (~DacoTaco@178-119-112-131.access.telenet.be) (Client Quit)
[15:52:43] *** Joins: DacoTaco (~DacoTaco@178-119-112-131.access.telenet.be)
[16:50:26] *** Joins: n87 (~n87@046125250005.public.t-mobile.at)
[20:29:04] *** Joins: oreo639 (~oreo639@cpe-104-173-210-7.socal.res.rr.com)
[20:49:21] *** Joins: refs (~refs@p4fe75dc5.dip0.t-ipconnect.de)
[21:08:29] *** Quits: thejsa (sid573118@id-573118.hampstead.irccloud.com) (Ping timeout: 1230 seconds)
[21:08:41] *** Joins: thejsa (sid573118@id-573118.hampstead.irccloud.com)
[21:57:19] *** Quits: n87 (~n87@046125250005.public.t-mobile.at) (Read error: Connection reset by peer)
[22:01:34] *** Quits: thejsa (sid573118@id-573118.hampstead.irccloud.com) (Ping timeout: 1230 seconds)
[22:01:46] *** Joins: thejsa (sid573118@id-573118.hampstead.irccloud.com)
[22:02:48] *** Joins: n87 (~n87@046125250005.public.t-mobile.at)
