[00:35:41] *** Quits: oreo639 (~oreo639@cpe-76-95-191-78.socal.res.rr.com) (Ping timeout: 622 seconds)
[00:40:58] *** Joins: flotwig (~flotwig@174.163.13.207)
[01:58:38] *** Joins: refs (~refs@p5de7e561.dip0.t-ipconnect.de)
[02:57:34] *** Joins: oreo639 (~oreo639@cpe-76-174-70-119.socal.res.rr.com)
[03:01:44] *** Quits: fgsfds (~figgis@85.191.222.221) (Read error: Connection reset by peer)
[03:16:55] *** Quits: oreo639 (~oreo639@cpe-76-174-70-119.socal.res.rr.com) (Read error: Operation timed out)
[04:26:42] *** Quits: refs (~refs@p5de7e561.dip0.t-ipconnect.de) (Quit: refs)
[08:27:05] *** Joins: oreo639 (~oreo639@cpe-104-173-210-7.socal.res.rr.com)
[09:59:24] *** Joins: n87 (~n87@213162073155.public.t-mobile.at)
[09:59:28] *** Quits: n87 (~n87@213162073155.public.t-mobile.at) (Client Quit)
[11:23:33] <plutobot> GitHub | New commit | User: Dave Murphy | https://github.com/switchbrew/libnx/commit/99a29b97ca
[11:25:49] <plutobot> GitHub | New commit | User: Dave Murphy | https://github.com/switchbrew/libnx/commit/6602c440b4
[11:34:00] <plutobot> GitHub | New PR: quote timezon... | User: WinterMute | https://github.com/switchbrew/libnx/pull/613
[12:55:37] *** Joins: fgsfds (~figgis@85.191.222.221)
[13:10:00] <plutobot> GitHub | New PR: ensure correc... | User: WinterMute | https://github.com/switchbrew/libnx/pull/614
[13:22:28] *** Joins: refs (~refs@p4fec8a1e.dip0.t-ipconnect.de)
[13:49:46] *** Quits: oreo639 (~oreo639@cpe-104-173-210-7.socal.res.rr.com) (Ping timeout: 504 seconds)
[16:16:34] <plutobot> GitHub | New commit | User: Dave Murphy | https://github.com/switchbrew/libnx/commit/95f973fe98
[16:16:44] <plutobot> GitHub | New commit | User: Dave Murphy | https://github.com/switchbrew/libnx/commit/2e80cf9bba
[16:24:36] <plutobot> GitHub | New commit | User: Dave Murphy | https://github.com/switchbrew/libnx/commit/8ce306b9b6
[19:00:44] *** Quits: GerbilSof (~GerbilSof@pool-108-24-159-83.cmdnnj.fios.verizon.net) (Quit: Windows must now restart because the Remote Procedure Call (RPC) service terminated unexpectedly.)
[21:59:34] *** Joins: GerbilSof (~GerbilSof@pool-108-24-159-83.cmdnnj.fios.verizon.net)
[22:43:10] *** Quits: GerbilSof (~GerbilSof@pool-108-24-159-83.cmdnnj.fios.verizon.net) (Read error: Connection reset by peer)
