[00:46:14] *** Quits: oreo639 (~oreo639@cpe-76-174-70-119.socal.res.rr.com) (Ping timeout: 745 seconds)
[01:09:16] *** Quits: fgsfds (~figgis@85.191.222.221) (Read error: Connection reset by peer)
[01:19:34] *** Joins: oreo639 (~oreo639@cpe-76-174-70-119.socal.res.rr.com)
[01:33:29] *** Quits: |Shadow| (~Shadow1@ip24-253-244-123.ok.ok.cox.net) ()
[01:37:02] *** Joins: |Shadow| (~Shadow1@ip24-253-244-123.ok.ok.cox.net)
[01:55:12] *** Joins: refs (~refs@p5de7e387.dip0.t-ipconnect.de)
[02:46:40] *** Quits: refs (~refs@p5de7e387.dip0.t-ipconnect.de) (Quit: refs)
[03:18:08] *** Joins: sentry (~sentry@87.122.107.53)
[03:19:28] *** Quits: Snetry (~sentry@87.122.106.252) (Read error: Connection refused)
[03:19:28] *** sentry is now known as Snetry
[04:16:31] *** Quits: GerbilSof (~GerbilSof@pool-108-24-159-83.cmdnnj.fios.verizon.net) (Quit: Windows must now restart because the Remote Procedure Call (RPC) service terminated unexpectedly.)
[04:19:27] *** Joins: GerbilSof (~GerbilSof@pool-108-24-159-83.cmdnnj.fios.verizon.net)
[05:28:28] *** Quits: oreo639 (~oreo639@cpe-76-174-70-119.socal.res.rr.com) (Read error: Operation timed out)
[07:44:46] *** Quits: tertu (~tertu@c-76-156-48-169.hsd1.mn.comcast.net) (Read error: Operation timed out)
[08:07:40] *** Joins: tertu (~tertu@c-76-156-48-169.hsd1.mn.comcast.net)
[08:38:17] *** Quits: DacoTaco (~DacoTaco@178-119-112-131.access.telenet.be) (Quit: ZNC 1.8.2 - https://znc.in)
[09:03:53] *** Joins: DacoTaco (~DacoTaco@178-119-112-131.access.telenet.be)
[09:10:12] *** Quits: DacoTaco (~DacoTaco@178-119-112-131.access.telenet.be) (Quit: ZNC 1.8.2 - https://znc.in)
[09:11:37] *** Joins: DacoTaco (~DacoTaco@178-119-112-131.access.telenet.be)
[09:39:39] *** Joins: n87 (~n87@212095005130.public.telering.at)
[14:26:22] *** Joins: fgsfds (~figgis@85.191.222.221)
[17:36:11] *** Joins: oreo639 (~oreo639@cpe-76-174-70-119.socal.res.rr.com)
[20:56:14] *** Quits: oreo639 (~oreo639@cpe-76-174-70-119.socal.res.rr.com) (Ping timeout: 240 seconds)
[20:59:37] *** Joins: oreo639 (~oreo639@cpe-76-174-70-119.socal.res.rr.com)
[23:29:47] *** Quits: oreo639 (~oreo639@cpe-76-174-70-119.socal.res.rr.com) (Ping timeout: 622 seconds)
[23:38:11] *** Joins: GrecKo_ (~grecko@static.183.157.9.5.clients.your-server.de)
[23:38:11] *** Quits: GrecKo (~grecko@static.183.157.9.5.clients.your-server.de) (Read error: Connection reset by peer)
