[00:32:58] *** Quits: fgsfds (~figgis@85.191.222.221) (Read error: Connection reset by peer)
[00:34:09] *** Quits: oreo639 (~oreo639@cpe-104-173-210-7.socal.res.rr.com) (Ping timeout: 260 seconds)
[00:44:36] *** Joins: oreo639 (~oreo639@cpe-104-173-210-7.socal.res.rr.com)
[01:49:22] *** Joins: refs (~refs@p4fec8e38.dip0.t-ipconnect.de)
[03:07:35] *** Joins: n87 (~n87@213142096124.public.telering.at)
[04:02:44] *** Quits: refs (~refs@p4fec8e38.dip0.t-ipconnect.de) (Quit: refs)
[06:01:57] *** Joins: ihaveama- (~ihaveamac@ihaveahax.net)
[06:03:41] *** Joins: Genolol (~fear@151.236.216.141)
[06:05:29] *** Joins: freundTe- (~freundTec@freundtech.com)
[06:06:51] *** Joins: TurtleP_ (~turtlep@bnc.devkitpro.org)
[06:07:10] *** Joins: yls8bot_ (~yls8bot@mtheall.com)
[06:07:48] *** Joins: tpw-rules (~tpw_rules@li1059-135.members.linode.com)
[06:15:47] *** Quits: ihaveamac (~ihaveamac@ihaveahax.net) (ny.us.hub irc.servercentral.net)
[06:15:47] *** Quits: Surkow (~Surkow@83-84-37-151.cable.dynamic.v4.ziggo.nl) (ny.us.hub irc.servercentral.net)
[06:15:47] *** Quits: Genolo (~fear@151.236.216.141) (ny.us.hub irc.servercentral.net)
[06:15:47] *** Quits: Lightswor (~Lightswor@107.170.253.193) (ny.us.hub irc.servercentral.net)
[06:15:47] *** Quits: yls8bot (~yls8bot@mtheall.com) (ny.us.hub irc.servercentral.net)
[06:15:47] *** Quits: Cu3PO42 (~Cu3PO42@159.69.208.45) (ny.us.hub irc.servercentral.net)
[06:15:47] *** Quits: TurtleP (~turtlep@bnc.devkitpro.org) (ny.us.hub irc.servercentral.net)
[06:15:47] *** Quits: yellows8 (yellows8@adiza.nexticom.net) (ny.us.hub irc.servercentral.net)
[06:15:47] *** Quits: freundTec (~freundTec@freundtech.com) (ny.us.hub irc.servercentral.net)
[06:15:47] *** Quits: tpw_rules (~tpw_rules@li1059-135.members.linode.com) (ny.us.hub irc.servercentral.net)
[06:18:40] *** Joins: Surkow_ (~Surkow@83-84-37-151.cable.dynamic.v4.ziggo.nl)
[06:31:03] *** yls8bot_ is now known as yls8bot
[06:31:11] *** Genolol is now known as Genolo
[06:31:17] *** tpw-rules is now known as tpw_rules
[07:00:15] *** Quits: oreo639 (~oreo639@cpe-104-173-210-7.socal.res.rr.com) (Read error: Operation timed out)
[07:00:50] *** Joins: lameboy2 (~lameboy@202.47.121.182)
[07:03:43] *** Joins: eggy (eggy@i.eggy.cc)
[07:03:54] *** Quits: lameboy (~lameboy@202.47.121.182) (Ping timeout: 240 seconds)
[07:03:54] *** Quits: eggster (~eggster@i.eggy.cc) (Ping timeout: 240 seconds)
[07:03:56] *** lameboy2 is now known as lameboy
[07:06:20] *** Quits: Surkow_ (~Surkow@83-84-37-151.cable.dynamic.v4.ziggo.nl) (Ping timeout: 240 seconds)
[07:06:20] *** Quits: GrecKo (~grecko@static.183.157.9.5.clients.your-server.de) (Read error: Connection reset by peer)
[07:06:20] *** Joins: Surkow_ (~Surkow@83-84-37-151.cable.dynamic.v4.ziggo.nl)
[07:06:57] *** Joins: GrecKo (~grecko@static.183.157.9.5.clients.your-server.de)
[07:11:30] *** Quits: averne (~averne@2001:861:5102:3290:dea6:32ff:fe1e:6cd) (quit)
[07:11:46] *** Joins: averne_ (~averne@i19-les01-ix2-212-195-196-113.sfr.lns.abo.bbox.fr)
[07:11:46] *** Server sets mode: +stn 
[07:12:45] *** Quits: pieman (sid188464@id-188464.helmsley.irccloud.com) (Read error: Operation timed out)
[07:12:53] *** Quits: averne (~averne@2001:861:5102:3290:dea6:32ff:fe1e:6cd) (Read error: Operation timed out)
[07:12:53] *** averne_ is now known as averne
[07:18:54] *** Joins: Genolol (~fear@2a01:7e00::f03c:91ff:fe93:8d42)
[07:19:30] *** Quits: phigcloud (uid13896@id-13896.lymington.irccloud.com) (Ping timeout: 493 seconds)
[07:19:42] *** Joins: phigcloud (uid13896@id-13896.lymington.irccloud.com)
[07:22:20] *** Quits: lex1 (lex@yuuh.pw) (Read error: Operation timed out)
[07:23:26] *** Joins: lex1 (~lex@yuuh.pw)
[07:26:47] *** Quits: GerbilSof (~GerbilSof@pool-108-24-159-83.cmdnnj.fios.verizon.net) (Ping timeout: 857 seconds)
[07:27:09] *** Joins: GerbilSof (~GerbilSof@pool-108-24-159-83.cmdnnj.fios.verizon.net)
[07:27:15] *** Quits: Genolo (~fear@151.236.216.141) (Read error: Operation timed out)
[07:27:15] *** Genolol is now known as Genolo
[07:29:26] *** Joins: pieman (sid188464@id-188464.helmsley.irccloud.com)
[07:43:32] *** Joins: oreo639 (~oreo639@cpe-104-173-210-7.socal.res.rr.com)
[07:58:48] *** Quits: oreo639 (~oreo639@cpe-104-173-210-7.socal.res.rr.com) (Ping timeout: 240 seconds)
[08:16:11] *** Joins: oreo639 (~oreo639@cpe-104-173-210-7.socal.res.rr.com)
[10:39:17] *** Quits: oreo639 (~oreo639@cpe-104-173-210-7.socal.res.rr.com) (Read error: Operation timed out)
[11:00:58] *** Joins: yellows8 (yellows8@adiza.nexticom.net)
[11:22:00] *** Quits: yellows8 (yellows8@adiza.nexticom.net) (hub.efnet.us irc.servercentral.net)
[11:22:29] *** Joins: yellows8 (yellows8@adiza.nexticom.net)
[11:26:02] *** Joins: fgsfds (~figgis@85.191.222.221)
[11:26:57] *** Quits: yellows8 (yellows8@adiza.nexticom.net) (Read error: Operation timed out)
[11:27:01] *** Joins: yellows8 (yellows8@adiza.nexticom.net)
[12:08:47] *** Joins: lameboy2 (~lameboy@202.47.121.182)
[12:16:44] *** Quits: lameboy (~lameboy@202.47.121.182) (Read error: Operation timed out)
[12:16:47] *** lameboy2 is now known as lameboy
[13:34:51] *** Quits: ihaveama- (~ihaveamac@ihaveahax.net) (Quit: fail)
[13:35:06] *** Joins: ihaveamac (~ihaveamac@ihaveahax.net)
[17:57:21] *** Quits: ihaveamac (~ihaveamac@ihaveahax.net) (fail)
[17:57:43] *** Joins: ihaveamac (~ihaveamac@ihaveahax.net)
[18:26:22] *** Joins: refs (~refs@p4fe75ce2.dip0.t-ipconnect.de)
[20:39:54] *** Joins: oreo639 (~oreo639@cpe-104-173-210-7.socal.res.rr.com)
[20:44:18] *** Quits: n87 (~n87@213142096124.public.telering.at) (Read error: Connection reset by peer)
[21:10:19] *** Joins: Lightswor (~Lightswor@107.170.253.193)
[21:28:36] <plutobot> Wiki | Page changed: Applet Manager services | User: Liamwhite | https://switchbrew.org/w/index.php?curid=132&diff=12474&oldid=12385
[23:00:58] *** Joins: oreo639_ (~oreo639@cpe-104-173-210-7.socal.res.rr.com)
[23:00:58] *** Quits: oreo639 (~oreo639@cpe-104-173-210-7.socal.res.rr.com) (Read error: Connection reset by peer)
[23:02:35] *** oreo639_ is now known as oreo639
