[00:22:51] *** Quits: oreo639 (~oreo639@130.166.192.121) (Read error: Operation timed out)
[01:17:13] *** Joins: refs (~refs@p5de7efda.dip0.t-ipconnect.de)
[03:05:27] *** Joins: oreo639 (~oreo639@cpe-104-173-210-7.socal.res.rr.com)
[03:43:28] *** Quits: balrog (~balrog@pool-173-62-160-227.phlapa.fios.verizon.net) (Bye)
[03:46:16] <plutobot> Wiki | Page changed: Joy-Con | User: SuperFalconBros | https://switchbrew.org/w/index.php?curid=55&diff=12575&oldid=12475
[03:48:53] *** Quits: refs (~refs@p5de7efda.dip0.t-ipconnect.de) (Quit: refs)
[03:54:17] *** Joins: balrog (~balrog@pool-173-62-160-227.phlapa.fios.verizon.net)
[05:06:53] *** Quits: flotwig (~flotwig@c-24-30-33-123.hsd1.ga.comcast.net) (Quit: ZNC - http://znc.in)
[05:15:14] *** Joins: flotwig (~flotwig@c-24-30-33-123.hsd1.ga.comcast.net)
[05:36:55] *** Quits: flotwig (~flotwig@c-24-30-33-123.hsd1.ga.comcast.net) (Quit: ZNC - http://znc.in)
[05:40:59] *** Quits: oreo639 (~oreo639@cpe-104-173-210-7.socal.res.rr.com) (Read error: Operation timed out)
[05:49:19] *** Joins: flotwig (~flotwig@c-24-30-33-123.hsd1.ga.comcast.net)
[06:01:05] *** Joins: oreo639 (~oreo639@cpe-104-173-210-7.socal.res.rr.com)
[08:58:10] *** Quits: |Shadow| (~Shadow1@ip24-253-244-123.ok.ok.cox.net) (Read error: Operation timed out)
[09:16:50] *** Joins: fgsfds (~figgis@85.191.222.221)
[09:31:55] *** Joins: |Shadow| (~Shadow1@ip24-253-244-123.ok.ok.cox.net)
[09:32:47] *** Quits: |Shadow| (~Shadow1@ip24-253-244-123.ok.ok.cox.net) (Client Quit)
[09:33:25] *** Joins: |Shadow| (~Shadow1@ip24-253-244-123.ok.ok.cox.net)
[09:33:47] *** Quits: oreo639 (~oreo639@cpe-104-173-210-7.socal.res.rr.com) (Ping timeout: 496 seconds)
[13:09:43] *** Joins: refs (~refs@p4fec88aa.dip0.t-ipconnect.de)
[15:35:47] *** Quits: tertu (~tertu@75-168-220-221.mpls.qwest.net) (so long...)
[15:38:18] *** Joins: tertu (~tertu@75-168-220-221.mpls.qwest.net)
[17:03:36] *** Quits: refs (~refs@p4fec88aa.dip0.t-ipconnect.de) (Quit: refs)
[19:01:31] *** Quits: fgsfds (~figgis@85.191.222.221) (Read error: Connection reset by peer)
[19:48:51] *** Joins: oreo639 (~oreo639@cpe-104-173-210-7.socal.res.rr.com)
[20:07:09] *** Quits: CCFL_Man (~closet@c-73-101-205-2.hsd1.pa.comcast.net) (Ping timeout: 240 seconds)
[20:24:21] <plutobot> Wiki | Page changed: HID services | User: Hexkyz | https://switchbrew.org/w/index.php?curid=103&diff=12576&oldid=12516
[20:28:39] *** Quits: oreo639 (~oreo639@cpe-104-173-210-7.socal.res.rr.com) (Ping timeout: 240 seconds)
[20:39:54] *** Joins: oreo639 (~oreo639@cpe-104-173-210-7.socal.res.rr.com)
[23:28:45] *** Quits: oreo639 (~oreo639@cpe-104-173-210-7.socal.res.rr.com) (Read error: Operation timed out)
[23:44:51] *** Joins: oreo639 (~oreo639@cpe-104-173-210-7.socal.res.rr.com)
