[00:51:36] *** Quits: fgsfds (~figgis@85.191.222.221) (Read error: Connection reset by peer)
[03:07:29] *** Quits: refs (~refs@p4fe755ea.dip0.t-ipconnect.de) (Quit: refs)
[03:36:55] *** Joins: sentry (~sentry@87.122.117.200)
[03:38:14] *** Quits: Snetry (~sentry@87.122.116.155) (Read error: Operation timed out)
[03:38:14] *** sentry is now known as Snetry
[03:53:08] *** Joins: Maylay (~gren@108-198-59-230.lightspeed.miamfl.sbcglobal.net)
[05:51:09] *** Quits: oreo639 (~oreo639@cpe-76-95-191-78.socal.res.rr.com) (Ping timeout: 622 seconds)
[06:09:07] *** Joins: oreo639 (~oreo639@2603-8000-0003-13e7-0000-0000-0000-1efd.res6.spectrum.com)
[08:17:36] *** Quits: oreo639 (~oreo639@2603-8000-0003-13e7-0000-0000-0000-1efd.res6.spectrum.com) (Ping timeout: 483 seconds)
[08:25:55] *** Joins: oreo639 (~oreo639@cpe-76-95-191-78.socal.res.rr.com)
[11:46:36] *** Joins: n87 (~n87@212095005130.public.telering.at)
[12:06:03] *** Quits: oreo639 (~oreo639@cpe-76-95-191-78.socal.res.rr.com) (Ping timeout: 622 seconds)
[12:47:45] *** Joins: oreo639 (~oreo639@2603-8000-0003-13e7-0000-0000-0000-1efd.res6.spectrum.com)
[13:52:59] *** Quits: oreo639 (~oreo639@2603-8000-0003-13e7-0000-0000-0000-1efd.res6.spectrum.com) (Read error: Operation timed out)
[13:56:18] *** Joins: fgsfds (~figgis@85.191.222.221)
[16:15:19] *** Quits: GerbilSof (~GerbilSof@pool-108-24-159-83.cmdnnj.fios.verizon.net) (Quit: Windows must now restart because the Remote Procedure Call (RPC) service terminated unexpectedly.)
[19:35:03] *** Quits: Surkow (~Surkow@83-84-37-151.cable.dynamic.v4.ziggo.nl) (Ping timeout: 240 seconds)
[19:35:26] *** Joins: Surkow (~Surkow@83-84-37-151.cable.dynamic.v4.ziggo.nl)
[21:00:41] *** Joins: oreo639 (~oreo639@cpe-76-95-191-78.socal.res.rr.com)
[22:01:24] *** Joins: GerbilSof (~GerbilSof@pool-108-24-159-83.cmdnnj.fios.verizon.net)
[22:02:38] *** Quits: GerbilSof (~GerbilSof@pool-108-24-159-83.cmdnnj.fios.verizon.net) (Client Quit)
[22:03:07] *** Joins: GerbilSof (~GerbilSof@pool-108-24-159-83.cmdnnj.fios.verizon.net)
[22:18:45] *** Quits: n87 (~n87@212095005130.public.telering.at) (Read error: Connection reset by peer)
[22:19:00] *** Quits: oreo639 (~oreo639@cpe-76-95-191-78.socal.res.rr.com) (Ping timeout: 622 seconds)
[22:53:08] *** Joins: oreo639 (~oreo639@2603-8000-0003-13e7-0000-0000-0000-1efd.res6.spectrum.com)
[23:01:56] *** Quits: |Shadow| (~Shadow1@ip24-253-244-123.ok.ok.cox.net) ()
[23:06:16] *** Joins: |Shadow| (~Shadow1@ip24-253-244-123.ok.ok.cox.net)
