[00:18:03] *** Joins: n87 (~n87@213142096205.public.telering.at)
[00:18:21] *** Quits: n87 (~n87@213142096205.public.telering.at) (Read error: Connection reset by peer)
[01:30:00] *** Quits: oreo639_ (~oreo639@cpe-76-95-191-78.socal.res.rr.com) (Remote host closed the connection)
[01:31:28] *** Joins: oreo639 (~oreo639@2603-8000-0003-13e7-0000-0000-0000-1efd.res6.spectrum.com)
[01:33:40] *** Quits: oreo639 (~oreo639@2603-8000-0003-13e7-0000-0000-0000-1efd.res6.spectrum.com) (Remote host closed the connection)
[01:35:04] *** Joins: oreo639 (~oreo639@2603-8000-0003-13e7-0000-0000-0000-1efd.res6.spectrum.com)
[02:46:28] *** Joins: oreo639_ (~oreo639@cpe-76-95-191-78.socal.res.rr.com)
[02:47:51] *** Quits: oreo639 (~oreo639@2603-8000-0003-13e7-0000-0000-0000-1efd.res6.spectrum.com) (Read error: Operation timed out)
[03:21:20] *** Joins: sentry (~sentry@87.122.105.227)
[03:22:40] *** Quits: Snetry (~sentry@87.122.116.0) (Read error: Operation timed out)
[03:22:40] *** sentry is now known as Snetry
[03:44:35] *** Quits: |Shadow| (~Shadow1@ip24-253-244-123.ok.ok.cox.net) (Ping timeout: 240 seconds)
[04:03:06] *** Joins: |Shadow| (~Shadow1@ip24-253-244-123.ok.ok.cox.net)
[08:43:32] *** Joins: freundTe- (~freundTec@freundtech.com)
[08:44:04] *** Quits: freundTec (~freundTec@freundtech.com) (Ping timeout: 504 seconds)
[08:45:13] *** Quits: oreo639_ (~oreo639@cpe-76-95-191-78.socal.res.rr.com) (Read error: Operation timed out)
[08:54:07] *** Quits: Extrems (gamecube@expert.extremscorner.org) (se.hub irc.homelien.no)
[08:54:12] *** Quits: Stary (~Stary@thonk.9net.org) (se.hub irc.homelien.no)
[08:54:12] *** Quits: Behemoth (~quassel@2001:8d8:1801:44d::1) (se.hub irc.homelien.no)
[08:57:12] *** Joins: Extrems (gamecube@expert.extremscorner.org)
[08:57:14] *** Joins: Stary (~Stary@thonk.9net.org)
[08:57:14] *** Joins: Behemoth (~quassel@2001:8d8:1801:44d::1)
[09:02:19] *** Joins: oreo639 (~oreo639@2603-8000-0003-13e7-0000-0000-0000-1efd.res6.spectrum.com)
[09:08:50] *** Quits: Stary (~Stary@thonk.9net.org) (ZNC - http://znc.in)
[09:10:43] *** Quits: Extrems (gamecube@expert.extremscorner.org) (se.hub irc.homelien.no)
[09:10:43] *** Quits: Behemoth (~quassel@2001:8d8:1801:44d::1) (se.hub irc.homelien.no)
[09:10:44] *** Joins: Stary (~Stary@2a01:4f8:202:6153::1)
[09:12:58] *** Joins: Extrems (gamecube@expert.extremscorner.org)
[09:12:58] *** Joins: Behemoth (~quassel@2001:8d8:1801:44d::1)
[10:24:54] *** Joins: n87 (~n87@213142096205.public.telering.at)
[10:41:31] *** Quits: fincs (~fincs@bnc.devkitpro.org) (Ping timeout: 240 seconds)
[10:41:41] *** Joins: fincs (~fincs@bnc.devkitpro.org)
[10:41:52] *** yls8bot sets mode: +o fincs
[10:44:19] *** Quits: phigcloud (uid13896@id-13896.lymington.irccloud.com) (Ping timeout: 240 seconds)
[10:47:08] *** Joins: phigcloud (uid13896@lymington.irccloud.com)
[10:48:37] *** Quits: TAL (~TAL@defiant.tlercher.de) (Read error: Connection reset by peer)
[12:34:05] *** Quits: oreo639 (~oreo639@2603-8000-0003-13e7-0000-0000-0000-1efd.res6.spectrum.com) (Ping timeout: 260 seconds)
[14:28:17] *** Quits: Snetry (~sentry@87.122.105.227) (Read error: Connection refused)
[14:35:54] *** Quits: balrog (~balrog@pool-96-245-161-89.phlapa.fios.verizon.net) (Bye)
[14:36:26] *** Joins: Snetry (~sentry@87.122.105.227)
[14:47:27] *** Joins: balrog (~balrog@pool-96-245-161-89.phlapa.fios.verizon.net)
[17:37:53] *** Quits: n87 (~n87@213142096205.public.telering.at) (Read error: Connection reset by peer)
[19:31:39] *** Joins: oreo639 (~oreo639@cpe-76-95-191-78.socal.res.rr.com)
[19:58:58] *** Joins: n87 (~n87@213142096205.public.telering.at)
[21:19:59] *** Quits: n87 (~n87@213142096205.public.telering.at) (Read error: Connection reset by peer)
[21:36:05] *** Joins: n87 (~n87@213142096205.public.telering.at)
