[01:34:58] *** Quits: oreo639 (~oreo639@130.166.192.121) (Ping timeout: 369 seconds)
[01:41:40] *** Joins: refs (~refs@p5de7eff6.dip0.t-ipconnect.de)
[02:14:27] *** Quits: Extrems (gamecube@expert.extremscorner.org) (Read error: Operation timed out)
[02:17:11] *** Joins: Extrems (~gamecube@expert.extremscorner.org)
[02:41:29] *** Quits: refs (~refs@p5de7eff6.dip0.t-ipconnect.de) (Quit: refs)
[04:08:29] *** Joins: oreo639 (~oreo639@cpe-104-173-210-7.socal.res.rr.com)
[06:39:11] *** Quits: ihaveamac (~ihaveamac@ihaveahax.net) (Quit: fail)
[07:52:58] *** Quits: oreo639 (~oreo639@cpe-104-173-210-7.socal.res.rr.com) (Read error: Operation timed out)
[08:16:33] *** Joins: oreo639 (~oreo639@cpe-104-173-210-7.socal.res.rr.com)
[08:57:26] *** Joins: lameboy2 (~lameboy@202.47.121.182)
[09:03:43] *** Quits: lameboy (~lameboy@202.47.121.182) (Read error: Operation timed out)
[09:03:47] *** lameboy2 is now known as lameboy
[09:15:24] *** Quits: freundTec (~freundTec@freundtech.com) (ZNC disconnected. Probably just rebooting my server - ZNC 1.6.6+deb1ubuntu0.2 - http://znc.in)
[09:15:43] *** Joins: freundTec (~freundTec@freundtech.com)
[09:54:58] *** Quits: oreo639 (~oreo639@cpe-104-173-210-7.socal.res.rr.com) (Ping timeout: 483 seconds)
[17:13:48] *** Joins: fgsfds (~figgis@85.191.222.221)
[19:17:44] *** Joins: ihaveamac (~ihaveamac@ihaveahax.net)
[19:21:31] *** Quits: ihaveamac (~ihaveamac@ihaveahax.net) (Client Quit)
[19:23:24] *** Joins: ihaveamac (~ihaveamac@ihaveahax.net)
[20:26:00] *** Joins: oreo639 (~oreo639@cpe-104-173-210-7.socal.res.rr.com)
[20:55:35] *** Quits: averne (~averne@2001:861:5102:3290:dea6:32ff:fe1e:6cd) (quit)
[21:57:01] *** Joins: averne (~averne@i19-les01-ix2-212-195-196-113.sfr.lns.abo.bbox.fr)
[21:57:01] *** Server sets mode: +stn 
