[03:19:46] *** Quits: n87 (~n87@213142096205.public.telering.at) (Read error: Connection reset by peer)
[06:18:19] *** Quits: oreo639 (~oreo639@cpe-76-95-191-78.socal.res.rr.com) (Ping timeout: 622 seconds)
[07:31:26] *** Joins: oreo639 (~oreo639@cpe-104-173-210-7.socal.res.rr.com)
[08:16:11] *** Joins: lameboy2 (~lameboy@202.47.121.182)
[08:24:09] *** Quits: lameboy (~lameboy@202.47.121.182) (Read error: Operation timed out)
[08:24:14] *** lameboy2 is now known as lameboy
[09:58:38] *** Joins: fgsfds (~figgis@85.191.222.221)
[10:49:24] *** Quits: oreo639 (~oreo639@cpe-104-173-210-7.socal.res.rr.com) (Read error: Operation timed out)
[18:16:22] *** Joins: refs (~refs@p5de7ed2b.dip0.t-ipconnect.de)
[18:21:34] *** Quits: eggster (~eggster@i.eggy.cc) (Remote host closed the connection)
[18:53:40] *** Joins: eggster (eggy@i.eggy.cc)
[19:05:27] *** Quits: balrog (~balrog@pool-96-245-161-89.phlapa.fios.verizon.net) (Read error: Operation timed out)
[19:05:50] *** Quits: tertu (~tertu@65-128-155-15.mpls.qwest.net) (Read error: Operation timed out)
[19:07:27] *** Quits: nich (~not.sure@siwa.securelateral.net) (Read error: Operation timed out)
[19:07:50] *** Quits: uyjulian (~uyjulian@99-35-187-227.lightspeed.lbcktx.sbcglobal.net) (Read error: Operation timed out)
[19:08:56] *** Joins: balrog (znc@pool-96-245-161-89.phlapa.fios.verizon.net)
[19:11:20] *** Quits: hexkyz (~hexkyz@ec2-18-179-123-169.ap-northeast-1.compute.amazonaws.com) (Read error: Operation timed out)
[19:23:43] *** Quits: Behemoth (~quassel@2001:8d8:1801:44d::1) (Quit)
[19:24:36] *** Joins: Behemoth (~quassel@2001:8d8:1801:44d::1)
[19:33:01] *** Joins: tertu (~tertu@65-128-155-15.mpls.qwest.net)
[19:33:46] *** Joins: hexkyz (~hexkyz@ec2-18-179-123-169.ap-northeast-1.compute.amazonaws.com)
[19:33:51] *** Joins: uyjulian (~uyjulian@99-35-187-227.lightspeed.lbcktx.sbcglobal.net)
[19:37:51] *** Joins: nich (~not.sure@siwa.securelateral.net)
[20:20:56] *** Joins: n87 (~n87@213142096205.public.telering.at)
[20:42:25] *** Quits: eggster (eggy@i.eggy.cc) (Quit: Got Milk? Don't ask.)
[21:09:29] *** Joins: eggster (~eggster@i.eggy.cc)
[23:31:25] <plutobot> Wiki | Page changed: Joy-Con | User: Hexkyz | https://switchbrew.org/w/index.php?curid=55&diff=12456&oldid=12431
[23:48:47] *** Quits: n87 (~n87@213142096205.public.telering.at) (Read error: Connection reset by peer)
