[00:26:29] *** Quits: d3m3vilur (sid4654@ilkley.irccloud.com) (Ping timeout: 493 seconds)
[00:26:57] *** Joins: d3m3vilur (sid4654@ilkley.irccloud.com)
[04:46:38] *** Joins: lameboy2 (~lameboy@202.47.121.182)
[04:48:33] *** Quits: oldtopman (~oldtopman@c-71-205-4-123.hsd1.co.comcast.net) (Read error: Operation timed out)
[04:49:30] *** Quits: ihaveama- (~ihaveamac@ihaveahax.net) (Read error: Operation timed out)
[04:49:47] *** Joins: ihaveamac (~ihaveamac@ihaveahax.net)
[04:50:23] *** Quits: Cu3PO42 (~Cu3PO42@159.69.208.45) (Read error: Operation timed out)
[04:50:56] *** Joins: oldtopman (~oldtopman@c-71-205-4-123.hsd1.co.comcast.net)
[04:51:06] *** Quits: Normmatt (~Normmatt@cloud.normmatt.com) (Read error: Operation timed out)
[04:53:46] *** Quits: lameboy (~lameboy@202.47.121.182) (Ping timeout: 483 seconds)
[04:53:49] *** lameboy2 is now known as lameboy
[05:14:52] *** Joins: Cu3PO42 (~Cu3PO42@159.69.208.45)
[05:38:11] *** Quits: oreo639 (~oreo639@cpe-104-173-210-7.socal.res.rr.com) (Read error: Operation timed out)
[05:42:34] *** Quits: lex1 (lex@yuuh.pw) (Read error: Operation timed out)
[05:47:43] *** Quits: d3m3vilur (sid4654@ilkley.irccloud.com) (Ping timeout: 493 seconds)
[05:50:04] *** Joins: d3m3vilur (sid4654@id-4654.ilkley.irccloud.com)
[05:52:39] *** Joins: lameboy2 (~lameboy@202.47.121.182)
[05:55:12] *** Quits: GeekShad1 (~antoine@82.64.164.139) (Read error: Operation timed out)
[05:55:30] *** Joins: GeekShado (~antoine@nzf.turmel.info)
[05:57:35] *** Quits: klock (~efklock@vps1.ksociety.net) (Read error: Operation timed out)
[05:58:15] *** Joins: Normmatt (~Normmatt@cloud.normmatt.com)
[05:58:45] *** Joins: ihaveama- (~ihaveamac@ihaveahax.net)
[05:58:47] *** Quits: tpw_rules (~tpw_rules@li1059-135.members.linode.com) (Read error: Operation timed out)
[05:58:58] *** Joins: tpw_rules (~tpw_rules@li1059-135.members.linode.com)
[05:59:35] *** Quits: balrog (~balrog@pool-173-62-160-227.phlapa.fios.verizon.net) (Read error: Operation timed out)
[06:00:18] *** Quits: Maylay (~gren@108-198-59-230.lightspeed.miamfl.sbcglobal.net) (Read error: Operation timed out)
[06:00:19] *** Quits: lameboy (~lameboy@202.47.121.182) (Read error: Operation timed out)
[06:00:19] *** lameboy2 is now known as lameboy
[06:00:22] *** Quits: tertu (~tertu@75-168-220-221.mpls.qwest.net) (Read error: Operation timed out)
[06:00:32] *** Quits: ihaveamac (~ihaveamac@ihaveahax.net) (Read error: Operation timed out)
[06:00:52] *** Joins: balrog (znc@pool-173-62-160-227.phlapa.fios.verizon.net)
[06:01:06] *** Quits: |Shadow| (~Shadow1@ip24-253-244-123.ok.ok.cox.net) (Read error: Operation timed out)
[06:01:38] *** Quits: nich (~not.sure@163-172-13-36.rev.poneytelecom.eu) (Read error: Operation timed out)
[06:02:03] *** Quits: uyjulian (~uyjulian@99-35-187-227.lightspeed.lbcktx.sbcglobal.net) (Read error: Operation timed out)
[06:03:27] *** Quits: hexkyz (~hexkyz@ec2-18-179-123-169.ap-northeast-1.compute.amazonaws.com) (Read error: Operation timed out)
[06:04:44] *** Joins: Maylay (~gren@108-198-59-230.lightspeed.miamfl.sbcglobal.net)
[06:06:22] *** Quits: Normmatt (~Normmatt@cloud.normmatt.com) (Ping timeout: 293 seconds)
[06:06:34] *** Joins: tertu (~tertu@75-168-220-221.mpls.qwest.net)
[06:06:49] *** Joins: nich (~not.sure@163-172-13-36.rev.poneytelecom.eu)
[06:06:54] *** Quits: tpw_rules (~tpw_rules@li1059-135.members.linode.com) (Ping timeout: 241 seconds)
[06:07:10] *** Joins: tpw_rules (~tpw_rules@li1059-135.members.linode.com)
[06:07:14] *** Joins: hexkyz (~hexkyz@ec2-18-179-123-169.ap-northeast-1.compute.amazonaws.com)
[06:08:24] *** Joins: uyjulian (~uyjulian@99-35-187-227.lightspeed.lbcktx.sbcglobal.net)
[06:09:05] *** Joins: |Shadow| (~Shadow1@ip24-253-244-123.ok.ok.cox.net)
[06:09:12] *** Joins: lex1 (lex@yuuh.pw)
[06:20:29] *** Joins: klock (~efklock@vps1.ksociety.net)
[06:42:44] *** Joins: oreo639 (~oreo639@cpe-104-173-210-7.socal.res.rr.com)
[06:58:38] *** Quits: d3m3vilur (sid4654@id-4654.ilkley.irccloud.com) (Ping timeout: 493 seconds)
[06:58:55] *** Joins: klockee (~efklock@vps1.ksociety.net)
[06:59:13] *** Quits: klock (~efklock@vps1.ksociety.net) (Read error: Operation timed out)
[07:01:41] *** Quits: lex1 (lex@yuuh.pw) (Read error: Operation timed out)
[07:04:04] *** Joins: Normmatt (~Normmatt@cloud.normmatt.com)
[07:07:19] *** Joins: lex1 (lex@yuuh.pw)
[07:08:29] *** Joins: d3m3vilur (sid4654@id-4654.ilkley.irccloud.com)
[11:38:10] *** Quits: oreo639 (~oreo639@cpe-104-173-210-7.socal.res.rr.com) (Read error: Operation timed out)
[13:03:10] *** Joins: fgsfds (~figgis@85.191.222.221)
[18:21:30] *** Joins: oreo639 (~oreo639@cpe-104-173-210-7.socal.res.rr.com)
[18:31:28] *** Quits: oreo639 (~oreo639@cpe-104-173-210-7.socal.res.rr.com) (Ping timeout: 483 seconds)
[19:35:39] *** Joins: oreo639 (~oreo639@cpe-104-173-210-7.socal.res.rr.com)
[20:11:47] *** Joins: CCFL_Man (499b020894@c-73-101-205-2.hsd1.pa.comcast.net)
[20:21:50] *** Joins: refs (~refs@p5de7e50d.dip0.t-ipconnect.de)
[20:24:41] *** Joins: KuKzz (~KuKzz@46.31.26.36)
[20:25:34] *** Quits: KuKzz_ (~KuKzz@46.31.26.36) (Ping timeout: 504 seconds)
[22:18:28] *** Quits: oreo639 (~oreo639@cpe-104-173-210-7.socal.res.rr.com) (Read error: Operation timed out)
[22:41:27] *** Joins: oreo639 (~oreo639@cpe-104-173-210-7.socal.res.rr.com)
[23:00:41] *** Quits: TurtleP (~turtlep@bnc.devkitpro.org) (Ping timeout: 240 seconds)
[23:01:01] *** Joins: TurtleP (~turtlep@bnc.devkitpro.org)
[23:02:25] *** Joins: mtheall_ (~mtheall@mtheall.com)
[23:04:50] *** Quits: mtheall (~mtheall@mtheall.com) (Ping timeout: 240 seconds)
