[00:02:55] *** Joins: GerbilSof (~GerbilSof@pool-108-24-159-83.cmdnnj.fios.verizon.net)
[00:06:50] *** Joins: Maylay (~gren@108-198-59-230.lightspeed.miamfl.sbcglobal.net)
[00:32:21] *** Quits: n87 (~n87@046125250084.public.t-mobile.at) (Read error: Connection reset by peer)
[00:50:40] <plutobot> GitHub | New commit | User: fincs | https://github.com/switchbrew/libnx/commit/bb0ae8ac74
[00:50:41] <plutobot> GitHub | New commit | User: fincs | https://github.com/switchbrew/libnx/commit/1bb5a21453
[01:18:08] <plutobot> GitHub | New commit | User: yellows | https://github.com/switchbrew/nx-hbloader/commit/b38421d04a
[01:18:22] <plutobot> GitHub | New commit | User: yellows | https://github.com/switchbrew/nx-hbmenu/commit/85ed66e1ab
[01:37:05] <plutobot> Wiki | Page changed: Homebrew Menu | User: yls8 | https://switchbrew.org/w/index.php?curid=341&diff=12570&oldid=11309
[03:57:19] *** Quits: CCFL_Man_ (c157d42b1c@71.120.108.43) (Ping timeout: 255 seconds)
[03:58:54] *** Joins: CCFL_Man (~closet@c-73-101-205-2.hsd1.pa.comcast.net)
[05:43:57] *** Quits: fgsfds (~figgis@85.191.222.221) (Read error: Connection reset by peer)
[09:20:54] *** Joins: oreo639_ (~oreo639@cpe-104-173-210-7.socal.res.rr.com)
[09:21:15] *** Joins: GrecKo_ (~grecko@static.183.157.9.5.clients.your-server.de)
[09:22:13] *** Quits: GrecKo (~grecko@static.183.157.9.5.clients.your-server.de) (Read error: Operation timed out)
[09:26:36] *** Quits: oreo639 (~oreo639@cpe-104-173-210-7.socal.res.rr.com) (Ping timeout: 622 seconds)
[10:38:51] *** Joins: n87 (~n87@046125250084.public.t-mobile.at)
[11:24:13] *** Quits: oreo639_ (~oreo639@cpe-104-173-210-7.socal.res.rr.com) (Ping timeout: 260 seconds)
[12:51:22] *** Joins: fgsfds (~figgis@85.191.222.221)
[16:36:02] *** Joins: Maylay_ (~gren@108-198-59-230.lightspeed.miamfl.sbcglobal.net)
[16:36:02] *** Quits: Maylay (~gren@108-198-59-230.lightspeed.miamfl.sbcglobal.net) (Read error: Connection reset by peer)
[16:41:07] *** Quits: n87 (~n87@046125250084.public.t-mobile.at) (Read error: Connection reset by peer)
[18:01:29] *** Quits: GerbilSof (~GerbilSof@pool-108-24-159-83.cmdnnj.fios.verizon.net) (Read error: Connection reset by peer)
[18:17:25] *** Joins: Rafa10 (~rafa@a79-168-11-236.cpe.netcabo.pt)
[18:33:14] *** Joins: GerbilSof (~GerbilSof@pool-108-24-159-83.cmdnnj.fios.verizon.net)
[19:29:49] *** Quits: hexkyz (~hexkyz@ec2-18-179-123-169.ap-northeast-1.compute.amazonaws.com) (blargh!)
[19:32:06] *** Joins: hexkyz (~hexkyz@ec2-18-179-123-169.ap-northeast-1.compute.amazonaws.com)
[20:10:31] *** Joins: refs (~refs@p4fec8712.dip0.t-ipconnect.de)
[20:20:09] *** Quits: hexkyz (~hexkyz@ec2-18-179-123-169.ap-northeast-1.compute.amazonaws.com) (blargh!)
[20:22:04] *** Joins: hexkyz (~hexkyz@ec2-18-179-123-169.ap-northeast-1.compute.amazonaws.com)
[20:45:55] *** Quits: hexkyz (~hexkyz@ec2-18-179-123-169.ap-northeast-1.compute.amazonaws.com) (blargh!)
[20:47:18] *** Quits: |Shadow| (~Shadow1@ip24-253-244-123.ok.ok.cox.net) (Read error: Operation timed out)
[20:48:23] *** Joins: hexkyz (~hexkyz@ec2-18-179-123-169.ap-northeast-1.compute.amazonaws.com)
[20:48:31] *** Quits: hexkyz (~hexkyz@ec2-18-179-123-169.ap-northeast-1.compute.amazonaws.com) (Client Quit)
[20:49:43] *** Joins: hexkyz (~hexkyz@ec2-18-179-123-169.ap-northeast-1.compute.amazonaws.com)
[20:52:12] *** Quits: hexkyz (~hexkyz@ec2-18-179-123-169.ap-northeast-1.compute.amazonaws.com) (Client Quit)
[21:02:14] *** Joins: oreo639 (~oreo639@cpe-104-173-210-7.socal.res.rr.com)
[21:02:30] *** Joins: hexkyz (~hexkyz@ec2-18-179-123-169.ap-northeast-1.compute.amazonaws.com)
[23:16:27] *** Quits: mimoja6 (~Mimoja@mail.mimoja.de) (Read error: Connection reset by peer)
[23:17:15] *** Quits: Ghabry (~ghabry@datengurke.mastergk.de) (Ping timeout: 240 seconds)
[23:17:16] *** Quits: Rafa10 (~rafa@a79-168-11-236.cpe.netcabo.pt) (Read error: Connection reset by peer)
[23:18:51] *** Quits: fincs (~fincs@bnc.devkitpro.org) (Ping timeout: 240 seconds)
[23:19:13] *** Joins: fincs (~fincs@bnc.devkitpro.org)
[23:19:34] *** Joins: Ghabry (~ghabry@datengurke.mastergk.de)
[23:19:53] *** Quits: lameboy (~lameboy@202.47.121.182) (Read error: Connection reset by peer)
[23:20:05] *** Joins: lameboy (~lameboy@202.47.121.182)
[23:22:39] *** Quits: klock (~efklock@vps1.ksociety.net) (Read error: Connection reset by peer)
[23:23:56] *** Joins: klock (~efklock@vps1.ksociety.net)
[23:28:54] *** Joins: CHANFIX (chanfix@services.int)
[23:28:54] *** services.int sets mode: +o CHANFIX
[23:28:54] *** CHANFIX sets mode: +o fincs
[23:28:54] <CHANFIX> 1 client should have been opped.
[23:28:54] *** Parts: CHANFIX (chanfix@services.int) ()
[23:38:51] *** Quits: Stary_ (Stary@thonk.9net.org) (Ping timeout: 240 seconds)
[23:39:37] *** Joins: Stary (Stary@thonk.9net.org)
[23:49:22] *** Joins: |Shadow| (~Shadow1@ip24-253-244-123.ok.ok.cox.net)
[23:58:54] *** Joins: CHANFIX (chanfix@services.int)
[23:58:54] *** services.int sets mode: +o CHANFIX
[23:58:54] *** CHANFIX sets mode: +oo yellows8 yls8bot
[23:58:54] <CHANFIX> 2 clients should have been opped.
[23:58:55] *** Parts: CHANFIX (chanfix@services.int) ()
