[01:11:44] *** Joins: refs (~refs@p4fe75076.dip0.t-ipconnect.de)
[02:25:23] *** Quits: fgsfds (~figgis@85.191.222.221) (Read error: Connection reset by peer)
[03:53:11] *** Joins: lameboy2 (~lameboy@202.47.121.182)
[03:55:49] *** Quits: refs (~refs@p4fe75076.dip0.t-ipconnect.de) (Quit: refs)
[03:57:46] *** Quits: lameboy (~lameboy@202.47.121.182) (Ping timeout: 369 seconds)
[03:57:50] *** lameboy2 is now known as lameboy
[06:47:19] *** Quits: oreo639 (~oreo639@cpe-104-173-210-7.socal.res.rr.com) (Read error: Operation timed out)
[07:26:24] *** Joins: oreo639 (~oreo639@cpe-104-173-210-7.socal.res.rr.com)
[07:30:15] *** Quits: lansiir (~oldtopman@c-71-205-4-123.hsd1.co.comcast.net) (Read error: Operation timed out)
[07:30:18] *** Quits: yls8bot (~yls8bot@mtheall.com) (Read error: Operation timed out)
[07:30:34] *** Joins: yls8bot (~yls8bot@mtheall.com)
[07:30:39] *** Joins: lansiir (~oldtopman@c-71-205-4-123.hsd1.co.comcast.net)
[07:31:09] *** Quits: uyjulian (~uyjulian@99-35-187-227.lightspeed.lbcktx.sbcglobal.net) (Read error: Operation timed out)
[07:31:09] *** Quits: tertu (~tertu@65-128-155-113.mpls.qwest.net) (Read error: Operation timed out)
[07:32:31] *** Quits: nich (~not.sure@siwa.securelateral.net) (Read error: Operation timed out)
[07:33:59] *** Quits: |Shadow| (~Shadow1@ip24-253-244-123.ok.ok.cox.net) (Read error: Operation timed out)
[07:34:48] *** Quits: hexkyz (~hexkyz@ec2-18-179-123-169.ap-northeast-1.compute.amazonaws.com) (Read error: Operation timed out)
[07:35:57] *** Quits: tpw_rules (~tpw_rules@li1059-135.members.linode.com) (Read error: Operation timed out)
[07:38:02] *** Joins: |Shadow| (~Shadow1@ip24-253-244-123.ok.ok.cox.net)
[07:38:06] *** Joins: hexkyz (~hexkyz@ec2-18-179-123-169.ap-northeast-1.compute.amazonaws.com)
[07:38:06] *** Joins: uyjulian (~uyjulian@99-35-187-227.lightspeed.lbcktx.sbcglobal.net)
[07:38:12] *** Joins: tpw_rules (~tpw_rules@li1059-135.members.linode.com)
[07:40:16] *** Joins: nich (~not.sure@siwa.securelateral.net)
[07:40:16] *** Joins: tertu (~tertu@65-128-155-113.mpls.qwest.net)
[07:55:37] *** Quits: klock (~efklock@vps1.ksociety.net) (Ping timeout: 240 seconds)
[07:55:53] *** Joins: klock (~efklock@vps1.ksociety.net)
[08:18:01] *** Quits: TAL (znc@defiant.tlercher.de) (Ping timeout: 240 seconds)
[08:18:25] *** Quits: GerbilSof (~GerbilSof@pool-108-24-159-83.cmdnnj.fios.verizon.net) (Ping timeout: 240 seconds)
[08:20:05] *** Joins: GerbilSof (~GerbilSof@pool-108-24-159-83.cmdnnj.fios.verizon.net)
[08:20:40] *** Joins: TAL (~TAL@defiant.tlercher.de)
[08:21:37] *** Quits: freundTe- (~freundTec@freundtech.com) (Ping timeout: 240 seconds)
[08:23:42] *** Joins: freundTec (~freundTec@freundtech.com)
[08:50:25] *** Quits: phigcloud (uid13896@id-13896.lymington.irccloud.com) (Ping timeout: 240 seconds)
[08:50:49] *** Quits: TAL (~TAL@defiant.tlercher.de) (Ping timeout: 240 seconds)
[08:51:13] *** Quits: Ghabry (~ghabry@datengurke.mastergk.de) (Ping timeout: 240 seconds)
[08:51:40] *** Joins: Ghabry (~ghabry@datengurke.mastergk.de)
[08:53:25] *** Joins: TAL (~TAL@defiant.tlercher.de)
[09:06:25] *** Quits: GeekShado (~antoine@82-64-164-139.subs.proxad.net) (Ping timeout: 240 seconds)
[09:06:36] *** Joins: phigcloud (uid13896@lymington.irccloud.com)
[09:06:41] *** Joins: GeekShado (~antoine@nzf.turmel.info)
[12:40:13] *** Joins: fgsfds (~figgis@85.191.222.221)
[13:12:58] *** Quits: Extrems (gamecube@expert.extremscorner.org) (Ping timeout: 504 seconds)
[17:01:16] *** Joins: Extrems (gamecube@expert.extremscorner.org)
[17:48:50] *** Quits: oreo639 (~oreo639@cpe-104-173-210-7.socal.res.rr.com) (Read error: Operation timed out)
[18:10:29] *** Joins: refs (~refs@p4fec8ecb.dip0.t-ipconnect.de)
[18:15:35] *** Joins: KuKzz (~KuKzz@46.31.26.36)
[21:14:28] *** Joins: oreo639 (~oreo639@cpe-104-173-210-7.socal.res.rr.com)
[21:46:47] *** Quits: KuKzz (~KuKzz@46.31.26.36) (Ping timeout: 248 seconds)
[21:51:12] *** Joins: KuKzz (~KuKzz@46.31.26.36)
