[01:15:26] *** Joins: oreo639_ (~oreo639@cpe-104-173-210-7.socal.res.rr.com)
[01:15:26] *** Quits: oreo639 (~oreo639@cpe-104-173-210-7.socal.res.rr.com) (Read error: Connection reset by peer)
[01:17:54] *** Quits: fgsfds (~figgis@85.191.222.221) (Read error: Connection reset by peer)
[01:41:51] *** Quits: oreo639_ (~oreo639@cpe-104-173-210-7.socal.res.rr.com) (Read error: Operation timed out)
[02:55:50] *** Joins: oreo639 (~oreo639@cpe-104-173-210-7.socal.res.rr.com)
[03:13:55] *** Joins: refs (~refs@p5de7e796.dip0.t-ipconnect.de)
[03:17:30] *** Quits: refs (~refs@p5de7e796.dip0.t-ipconnect.de) (Ping timeout: 189 seconds)
[03:21:43] *** Joins: refs (~refs@p5de7e796.dip0.t-ipconnect.de)
[03:41:11] *** Quits: oreo639 (~oreo639@cpe-104-173-210-7.socal.res.rr.com) (Read error: Operation timed out)
[04:31:39] *** Quits: refs (~refs@p5de7e796.dip0.t-ipconnect.de) (Quit: refs)
[05:21:17] *** Joins: oreo639 (~oreo639@cpe-104-173-210-7.socal.res.rr.com)
[10:29:38] *** Joins: n87 (~n87@212095005209.public.telering.at)
[10:52:20] *** Joins: eggster (eggy@i.eggy.cc)
[10:57:49] *** Quits: eggy (eggy@i.eggy.cc) (Ping timeout: 504 seconds)
[12:53:56] *** Joins: fgsfds (~figgis@85.191.222.221)
[13:32:56] *** Joins: refs (~refs@p4fec8b05.dip0.t-ipconnect.de)
[13:49:58] *** Quits: oreo639 (~oreo639@cpe-104-173-210-7.socal.res.rr.com) (Read error: Operation timed out)
[16:23:06] *** Joins: GerbilSof (~GerbilSof@pool-108-24-159-83.cmdnnj.fios.verizon.net)
[17:36:55] *** Quits: n87 (~n87@212095005209.public.telering.at) (Read error: Connection reset by peer)
[18:06:10] *** Quits: KuKzz (~KuKzz@46.31.26.36) ()
[18:50:29] *** Joins: n87 (~n87@212095005209.public.telering.at)
[18:55:39] *** Joins: KuKzz (~KuKzz@46.31.26.36)
[19:15:05] *** Joins: tertu2 (~tertu@75-168-198-4.mpls.qwest.net)
[19:16:42] *** Quits: tertu (~tertu@75-168-220-221.mpls.qwest.net) (Read error: Operation timed out)
[19:16:42] *** tertu2 is now known as tertu
[20:01:57] *** Quits: KuKzz (~KuKzz@46.31.26.36) (Ping timeout: 248 seconds)
[20:06:19] *** Joins: KuKzz (~KuKzz@46.31.26.36)
[20:57:43] <plutobot> Wiki | Page changed: PSC services | User: Hexkyz | https://switchbrew.org/w/index.php?curid=271&diff=12585&oldid=12547
[23:16:36] <plutobot> Wiki | Page changed: PSC services | User: Hexkyz | https://switchbrew.org/w/index.php?curid=271&diff=12586&oldid=12585
[23:28:08] *** Joins: oreo639 (~oreo639@cpe-104-173-210-7.socal.res.rr.com)
[23:52:29] *** Quits: oreo639 (~oreo639@cpe-104-173-210-7.socal.res.rr.com) (Ping timeout: 260 seconds)
[23:57:15] *** Quits: GerbilSof (~GerbilSof@pool-108-24-159-83.cmdnnj.fios.verizon.net) (Quit: Windows must now restart because the Remote Procedure Call (RPC) service terminated unexpectedly.)
