[02:34:08] *** Quits: refs (~refs@p4fec8a55.dip0.t-ipconnect.de) (Quit: refs)
[02:55:27] *** Quits: flotwig (~flotwig@c-24-30-33-123.hsd1.ga.comcast.net) (Quit: ZNC - http://znc.in)
[03:07:54] *** Joins: flotwig (~flotwig@c-24-30-33-123.hsd1.ga.comcast.net)
[03:08:48] *** Joins: GerbilSof (~GerbilSof@pool-108-24-159-83.cmdnnj.fios.verizon.net)
[03:33:00] *** Joins: sentry (~sentry@87.122.106.222)
[03:33:08] *** Quits: nich (~not.sure@siwa.securelateral.net) (Read error: Operation timed out)
[03:34:20] *** Quits: Snetry (~sentry@87.122.106.4) (Read error: Operation timed out)
[03:34:20] *** sentry is now known as Snetry
[03:34:34] *** Quits: tertu (~tertu@65-128-155-15.mpls.qwest.net) (Read error: Operation timed out)
[03:36:39] *** Quits: hexkyz (~hexkyz@ec2-18-179-123-169.ap-northeast-1.compute.amazonaws.com) (Ping timeout: 620 seconds)
[03:37:24] *** Quits: |Shadow| (~Shadow1@ip24-253-244-123.ok.ok.cox.net) (Read error: Operation timed out)
[03:39:07] *** Quits: uyjulian (~uyjulian@99-35-187-227.lightspeed.lbcktx.sbcglobal.net) (Read error: Operation timed out)
[03:48:02] *** Quits: flotwig (~flotwig@c-24-30-33-123.hsd1.ga.comcast.net) (Quit: ZNC - http://znc.in)
[03:54:23] *** Joins: flotwig (~flotwig@c-24-30-33-123.hsd1.ga.comcast.net)
[04:00:36] *** Joins: hexkyz (~hexkyz@ec2-18-179-123-169.ap-northeast-1.compute.amazonaws.com)
[04:01:04] *** Joins: uyjulian (~uyjulian@99-35-187-227.lightspeed.lbcktx.sbcglobal.net)
[04:01:16] *** Joins: tertu (~tertu@65-128-155-15.mpls.qwest.net)
[04:03:12] *** Joins: |Shadow| (~Shadow1@ip24-253-244-123.ok.ok.cox.net)
[04:04:01] *** Joins: nich (~not.sure@siwa.securelateral.net)
[04:08:55] *** Quits: Retr0id (~Retr0id@208.87.102.169) (Read error: Operation timed out)
[04:15:48] *** Quits: d3m3vilur (sid4654@id-4654.ilkley.irccloud.com) (Ping timeout: 493 seconds)
[04:23:51] *** Quits: GerbilSof (~GerbilSof@pool-108-24-159-83.cmdnnj.fios.verizon.net) (Ping timeout: 857 seconds)
[04:24:14] *** Joins: GerbilSof (~GerbilSof@pool-108-24-159-83.cmdnnj.fios.verizon.net)
[04:33:50] *** Quits: Snetry (~sentry@87.122.106.222) (Read error: Connection reset by peer)
[04:34:17] *** Joins: Snetry (~sentry@87.122.106.222)
[04:36:47] *** Joins: d3m3vilur (sid4654@id-4654.ilkley.irccloud.com)
[04:49:55] *** Quits: d3m3vilur (sid4654@id-4654.ilkley.irccloud.com) (Ping timeout: 493 seconds)
[04:53:12] *** Joins: d3m3vilur (~sid4654@id-4654.ilkley.irccloud.com)
[05:06:39] *** Quits: flotwig (~flotwig@c-24-30-33-123.hsd1.ga.comcast.net) (Quit: ZNC - http://znc.in)
[05:33:36] *** Quits: lex (~lex@yuuh.pw) (Read error: Operation timed out)
[05:34:46] *** Quits: d3m3vilur (~sid4654@id-4654.ilkley.irccloud.com) (Ping timeout: 493 seconds)
[05:42:06] *** Joins: d3m3vilur (sid4654@ilkley.irccloud.com)
[05:45:54] *** Quits: Snetry (~sentry@87.122.106.222) (Read error: Operation timed out)
[05:49:42] *** Joins: Snetry (~sentry@87.122.106.222)
[05:50:03] *** Joins: lex1 (lex@yuuh.pw)
[06:02:55] *** Quits: Lightswor (~Lightswor@107.170.253.193) (ny.us.hub ircd.choopa.net)
[06:02:56] *** Quits: Surkow (~Surkow@83-84-37-151.cable.dynamic.v4.ziggo.nl) (ny.us.hub ircd.choopa.net)
[06:02:56] *** Quits: DacoTaco (~DacoTaco@178-119-112-131.access.telenet.be) (ny.us.hub ircd.choopa.net)
[06:02:56] *** Quits: CCFL_Man (1f75ca373d@c-174-54-245-172.hsd1.pa.comcast.net) (ny.us.hub ircd.choopa.net)
[06:02:56] *** Quits: balrog (znc@pool-96-245-161-89.phlapa.fios.verizon.net) (ny.us.hub ircd.choopa.net)
[06:02:56] *** Quits: GrecKo (~grecko@static.183.157.9.5.clients.your-server.de) (ny.us.hub ircd.choopa.net)
[06:02:56] *** Quits: Maylay_ (~gren@108-198-59-230.lightspeed.miamfl.sbcglobal.net) (ny.us.hub ircd.choopa.net)
[06:02:56] *** Quits: klock (~efklock@vps1.ksociety.net) (ny.us.hub ircd.choopa.net)
[06:02:56] *** Quits: yls8bot (~yls8bot@mtheall.com) (ny.us.hub ircd.choopa.net)
[06:02:56] *** Quits: yellows8 (yellows8@adiza.nexticom.net) (ny.us.hub ircd.choopa.net)
[06:02:56] *** Quits: tpw_rules (~tpw_rules@li1059-135.members.linode.com) (ny.us.hub ircd.choopa.net)
[06:02:56] *** Quits: Cu3PO42 (~Cu3PO42@159.69.208.45) (ny.us.hub ircd.choopa.net)
[06:02:56] *** Quits: nich (~not.sure@siwa.securelateral.net) (ny.us.hub ircd.choopa.net)
[06:02:56] *** Quits: |Shadow| (~Shadow1@ip24-253-244-123.ok.ok.cox.net) (ny.us.hub ircd.choopa.net)
[06:02:56] *** Quits: tertu (~tertu@65-128-155-15.mpls.qwest.net) (ny.us.hub ircd.choopa.net)
[06:02:56] *** Quits: uyjulian (~uyjulian@99-35-187-227.lightspeed.lbcktx.sbcglobal.net) (ny.us.hub ircd.choopa.net)
[06:02:56] *** Quits: hexkyz (~hexkyz@ec2-18-179-123-169.ap-northeast-1.compute.amazonaws.com) (ny.us.hub ircd.choopa.net)
[06:05:44] *** Joins: hexkyz (~hexkyz@ec2-18-179-123-169.ap-northeast-1.compute.amazonaws.com)
[06:05:44] *** Joins: uyjulian (~uyjulian@99-35-187-227.lightspeed.lbcktx.sbcglobal.net)
[06:05:44] *** Joins: tertu (~tertu@65-128-155-15.mpls.qwest.net)
[06:05:44] *** Joins: |Shadow| (~Shadow1@ip24-253-244-123.ok.ok.cox.net)
[06:05:44] *** Joins: nich (~not.sure@siwa.securelateral.net)
[06:05:49] *** Joins: Cu3PO42 (~Cu3PO42@159.69.208.45)
[08:03:47] *** Joins: flotwig (~flotwig@c-24-30-33-123.hsd1.ga.comcast.net)
[08:28:37] *** Joins: Lightswor (~Lightswor@107.170.253.193)
[08:28:37] *** Joins: Surkow (~Surkow@83-84-37-151.cable.dynamic.v4.ziggo.nl)
[08:28:37] *** Joins: DacoTaco (~DacoTaco@178-119-112-131.access.telenet.be)
[08:28:37] *** Joins: CCFL_Man (1f75ca373d@c-174-54-245-172.hsd1.pa.comcast.net)
[08:28:37] *** Joins: balrog (znc@pool-96-245-161-89.phlapa.fios.verizon.net)
[08:28:37] *** Joins: GrecKo (~grecko@static.183.157.9.5.clients.your-server.de)
[08:28:37] *** Joins: Maylay_ (~gren@108-198-59-230.lightspeed.miamfl.sbcglobal.net)
[08:28:37] *** Joins: klock (~efklock@vps1.ksociety.net)
[08:28:37] *** Joins: yls8bot (~yls8bot@mtheall.com)
[08:28:37] *** Joins: yellows8 (yellows8@adiza.nexticom.net)
[08:28:37] *** Joins: tpw_rules (~tpw_rules@li1059-135.members.linode.com)
[08:28:37] *** irc.servercentral.net sets mode: +oo yls8bot yellows8
[09:48:27] *** Joins: |Shadow|_ (~Shadow1@ip24-253-244-123.ok.ok.cox.net)
[09:50:22] *** Quits: |Shadow| (~Shadow1@ip24-253-244-123.ok.ok.cox.net) (Read error: Operation timed out)
[10:53:16] *** Quits: lameboy (~lameboy@202.47.121.182) (Read error: Operation timed out)
[10:53:39] *** Joins: lameboy (~lameboy@202.47.121.182)
[11:11:36] *** Joins: fgsfds (~figgis@85.191.222.221)
[12:11:16] *** Quits: oreo639 (~oreo639@cpe-76-174-70-119.socal.res.rr.com) (Ping timeout: 504 seconds)
[12:56:56] *** Quits: nich (~not.sure@siwa.securelateral.net) (Read error: Operation timed out)
[12:58:00] *** Quits: tertu (~tertu@65-128-155-15.mpls.qwest.net) (Read error: Operation timed out)
[12:58:28] *** Quits: uyjulian (~uyjulian@99-35-187-227.lightspeed.lbcktx.sbcglobal.net) (Read error: Operation timed out)
[13:01:27] *** Quits: hexkyz (~hexkyz@ec2-18-179-123-169.ap-northeast-1.compute.amazonaws.com) (Ping timeout: 620 seconds)
[13:01:35] *** Quits: |Shadow|_ (~Shadow1@ip24-253-244-123.ok.ok.cox.net) (Read error: Operation timed out)
[13:22:21] *** Joins: hexkyz (~hexkyz@ec2-18-179-123-169.ap-northeast-1.compute.amazonaws.com)
[13:23:26] *** Joins: uyjulian (~uyjulian@99-35-187-227.lightspeed.lbcktx.sbcglobal.net)
[13:23:46] *** Joins: tertu (~tertu@65-128-155-15.mpls.qwest.net)
[13:25:02] *** Joins: |Shadow| (~Shadow1@ip24-253-244-123.ok.ok.cox.net)
[13:29:45] *** Joins: nich (~not.sure@siwa.securelateral.net)
[13:36:17] *** ihaveama- is now known as ihaveamac
[15:24:19] *** Quits: Lightswor (~Lightswor@107.170.253.193) (ny.us.hub ircd.choopa.net)
[15:24:19] *** Quits: Surkow (~Surkow@83-84-37-151.cable.dynamic.v4.ziggo.nl) (ny.us.hub ircd.choopa.net)
[15:24:19] *** Quits: DacoTaco (~DacoTaco@178-119-112-131.access.telenet.be) (ny.us.hub ircd.choopa.net)
[15:24:19] *** Quits: CCFL_Man (1f75ca373d@c-174-54-245-172.hsd1.pa.comcast.net) (ny.us.hub ircd.choopa.net)
[15:24:19] *** Quits: balrog (znc@pool-96-245-161-89.phlapa.fios.verizon.net) (ny.us.hub ircd.choopa.net)
[15:24:19] *** Quits: GrecKo (~grecko@static.183.157.9.5.clients.your-server.de) (ny.us.hub ircd.choopa.net)
[15:24:19] *** Quits: Maylay_ (~gren@108-198-59-230.lightspeed.miamfl.sbcglobal.net) (ny.us.hub ircd.choopa.net)
[15:24:19] *** Quits: klock (~efklock@vps1.ksociety.net) (ny.us.hub ircd.choopa.net)
[15:24:19] *** Quits: yls8bot (~yls8bot@mtheall.com) (ny.us.hub ircd.choopa.net)
[15:24:19] *** Quits: yellows8 (yellows8@adiza.nexticom.net) (ny.us.hub ircd.choopa.net)
[15:24:19] *** Quits: tpw_rules (~tpw_rules@li1059-135.members.linode.com) (ny.us.hub ircd.choopa.net)
[15:24:19] *** Quits: nich (~not.sure@siwa.securelateral.net) (ny.us.hub ircd.choopa.net)
[15:24:19] *** Quits: |Shadow| (~Shadow1@ip24-253-244-123.ok.ok.cox.net) (ny.us.hub ircd.choopa.net)
[15:24:19] *** Quits: tertu (~tertu@65-128-155-15.mpls.qwest.net) (ny.us.hub ircd.choopa.net)
[15:24:19] *** Quits: uyjulian (~uyjulian@99-35-187-227.lightspeed.lbcktx.sbcglobal.net) (ny.us.hub ircd.choopa.net)
[15:24:19] *** Quits: hexkyz (~hexkyz@ec2-18-179-123-169.ap-northeast-1.compute.amazonaws.com) (ny.us.hub ircd.choopa.net)
[15:46:23] *** Joins: |Shadow| (~Shadow1@ip24-253-244-123.ok.ok.cox.net)
[15:58:55] *** Joins: hexkyz (~hexkyz@ec2-18-179-123-169.ap-northeast-1.compute.amazonaws.com)
[15:58:55] *** Joins: uyjulian (~uyjulian@99-35-187-227.lightspeed.lbcktx.sbcglobal.net)
[15:58:55] *** Joins: tertu (~tertu@65-128-155-15.mpls.qwest.net)
[15:58:55] *** Joins: nich (~not.sure@siwa.securelateral.net)
[16:04:51] *** Joins: Lightswor (~Lightswor@107.170.253.193)
[16:04:52] *** Joins: Surkow (~Surkow@83-84-37-151.cable.dynamic.v4.ziggo.nl)
[16:04:52] *** Joins: DacoTaco (~DacoTaco@178-119-112-131.access.telenet.be)
[16:04:52] *** Joins: CCFL_Man (1f75ca373d@c-174-54-245-172.hsd1.pa.comcast.net)
[16:04:52] *** Joins: balrog (znc@pool-96-245-161-89.phlapa.fios.verizon.net)
[16:04:52] *** Joins: GrecKo (~grecko@static.183.157.9.5.clients.your-server.de)
[16:04:52] *** Joins: Maylay_ (~gren@108-198-59-230.lightspeed.miamfl.sbcglobal.net)
[16:04:52] *** Joins: klock (~efklock@vps1.ksociety.net)
[16:04:52] *** Joins: yls8bot (~yls8bot@mtheall.com)
[16:04:52] *** Joins: yellows8 (yellows8@adiza.nexticom.net)
[16:04:52] *** Joins: tpw_rules (~tpw_rules@li1059-135.members.linode.com)
[16:04:52] *** irc.servercentral.net sets mode: +oo yls8bot yellows8
[19:27:02] *** Quits: GerbilSof (~GerbilSof@pool-108-24-159-83.cmdnnj.fios.verizon.net) (Quit: Windows must now restart because the Remote Procedure Call (RPC) service terminated unexpectedly.)
[19:29:53] *** Joins: GerbilSof (~GerbilSof@pool-108-24-159-83.cmdnnj.fios.verizon.net)
