[00:05:09] *** Quits: fgsfds (~figgis@85.191.222.221) (Read error: Connection reset by peer)
[01:09:00] *** Joins: n87 (~n87@213162080248.public.t-mobile.at)
[01:41:20] *** Quits: oreo639 (~oreo639@cpe-104-173-210-7.socal.res.rr.com) (Remote host closed the connection)
[01:41:46] *** Joins: oreo639 (~oreo639@cpe-104-173-210-7.socal.res.rr.com)
[01:59:34] *** Joins: refs (~refs@p5de7ee77.dip0.t-ipconnect.de)
[03:36:55] *** Quits: refs (~refs@p5de7ee77.dip0.t-ipconnect.de) (Quit: refs)
[03:49:18] *** Joins: sentry (~sentry@87.122.117.43)
[03:50:38] *** Quits: Snetry (~sentry@87.122.117.160) (Read error: Operation timed out)
[03:50:38] *** sentry is now known as Snetry
[04:03:11] *** Quits: oreo639 (~oreo639@cpe-104-173-210-7.socal.res.rr.com) (Ping timeout: 240 seconds)
[04:13:51] *** Joins: oreo639 (~oreo639@cpe-104-173-210-7.socal.res.rr.com)
[06:11:28] *** Quits: oreo639 (~oreo639@cpe-104-173-210-7.socal.res.rr.com) (Read error: Operation timed out)
[07:27:13] *** Joins: oreo639 (~oreo639@cpe-104-173-210-7.socal.res.rr.com)
[08:52:14] *** Quits: DacoTaco_ (~DacoTaco@178-119-112-131.access.telenet.be) (Quit: ZNC 1.8.2 - https://znc.in)
[08:59:05] *** Joins: DacoTaco (~DacoTaco@178-119-112-131.access.telenet.be)
[09:27:17] *** Quits: oreo639 (~oreo639@cpe-104-173-210-7.socal.res.rr.com) (Read error: Operation timed out)
[10:55:41] *** Quits: |Shadow| (~Shadow1@ip24-253-244-123.ok.ok.cox.net) (Read error: Operation timed out)
[11:10:09] *** Joins: |Shadow| (~Shadow1@ip24-253-244-123.ok.ok.cox.net)
[11:30:29] *** Quits: n87 (~n87@213162080248.public.t-mobile.at) (Remote host closed the connection)
[11:32:49] *** Joins: n87 (~n87@213162080248.public.t-mobile.at)
[12:16:06] *** Joins: n87_2 (~n87@213162081142.public.t-mobile.at)
[12:22:32] *** Quits: n87 (~n87@213162080248.public.t-mobile.at) (Ping timeout: 620 seconds)
[12:43:49] *** Joins: fgsfds (~figgis@85.191.222.221)
[12:58:16] *** Quits: n87_2 (~n87@213162081142.public.t-mobile.at) (Ping timeout: 620 seconds)
[13:00:23] *** Joins: n87 (~n87@2001:4bc9:1fb3:d0d:6c22:245:1d7a:4660)
[13:32:45] *** Quits: Genolo (~fear@2a01:7e00::f03c:91ff:fe93:8d42) (Quit: cya)
[13:34:35] *** Joins: Genolo (~fear@2a01:7e00::f03c:91ff:fe93:8d42)
[13:47:09] *** Quits: |Shadow| (~Shadow1@ip24-253-244-123.ok.ok.cox.net) ()
[13:52:46] *** Joins: |Shadow| (~Shadow1@ip24-253-244-123.ok.ok.cox.net)
[13:54:07] *** Quits: Genolo (~fear@2a01:7e00::f03c:91ff:fe93:8d42) (Quit: cya)
[14:05:07] *** Joins: Genolo (~fear@2a01:7e00::f03c:91ff:fe93:8d42)
[14:52:36] *** Quits: Genolo (~fear@2a01:7e00::f03c:91ff:fe93:8d42) (Quit: cya)
[14:54:15] *** Joins: Genolo (~fear@2a01:7e00::f03c:91ff:fe93:8d42)
[15:05:25] *** Quits: Genolo (~fear@2a01:7e00::f03c:91ff:fe93:8d42) (Quit: cya)
[15:07:00] *** Joins: Genolo (~fear@151.236.216.141)
[21:20:12] *** Joins: oreo639 (~oreo639@cpe-104-173-210-7.socal.res.rr.com)
[22:36:48] *** Joins: Extrems` (gamecube@expert.extremscorner.org)
[22:39:46] *** Quits: Extrems (gamecube@expert.extremscorner.org) (Ping timeout: 504 seconds)
[22:39:56] *** Quits: Extrems` (gamecube@expert.extremscorner.org) (Read error: Operation timed out)
[22:42:07] *** Joins: Extrems (~gamecube@expert.extremscorner.org)
[23:03:34] *** Quits: Extrems (~gamecube@expert.extremscorner.org) (Quit: ZNC 1.7.5 - https://znc.in)
[23:03:46] *** Joins: Extrems (gamecube@expert.extremscorner.org)
[23:05:16] *** Quits: n87 (~n87@2001:4bc9:1fb3:d0d:6c22:245:1d7a:4660) (Read error: Connection reset by peer)
[23:09:54] *** Quits: Extrems (gamecube@expert.extremscorner.org) (Read error: Connection reset by peer)
[23:10:21] *** Joins: Extrems (~gamecube@expert.extremscorner.org)
[23:25:08] *** Joins: oreo639_ (~oreo639@cpe-104-173-210-7.socal.res.rr.com)
[23:25:08] *** Quits: oreo639 (~oreo639@cpe-104-173-210-7.socal.res.rr.com) (Read error: Connection reset by peer)
[23:25:09] *** Quits: Extrems (~gamecube@expert.extremscorner.org) (Quit: ZNC 1.7.5 - https://znc.in)
[23:25:30] *** Joins: Extrems (gamecube@expert.extremscorner.org)
[23:39:33] *** Quits: Extrems (gamecube@expert.extremscorner.org) (Remote host closed the connection)
[23:40:42] *** Joins: Extrems (gamecube@expert.extremscorner.org)
