[02:33:31] *** Joins: refs (~refs@p5de7e4ef.dip0.t-ipconnect.de)
[02:39:52] *** Quits: GerbilSof (~GerbilSof@pool-108-24-159-83.cmdnnj.fios.verizon.net) (Quit: Windows must now restart because the Remote Procedure Call (RPC) service terminated unexpectedly.)
[02:43:46] *** Quits: fgsfds (~figgis@85.191.222.221) (Read error: Connection reset by peer)
[02:45:58] *** Joins: GerbilSof (~GerbilSof@pool-108-24-159-83.cmdnnj.fios.verizon.net)
[04:03:27] *** Quits: refs (~refs@p5de7e4ef.dip0.t-ipconnect.de) (Quit: refs)
[04:34:26] *** Quits: oreo639 (~oreo639@cpe-104-173-210-7.socal.res.rr.com) (Read error: Operation timed out)
[05:14:31] *** Joins: oreo639 (~oreo639@cpe-104-173-210-7.socal.res.rr.com)
[10:34:44] *** Quits: oreo639 (~oreo639@cpe-104-173-210-7.socal.res.rr.com) (Read error: Operation timed out)
[11:45:50] *** Joins: fgsfds (~figgis@85.191.222.221)
[15:28:55] *** Joins: ris2z (~2ri@129.151.212.230)
[19:25:58] *** Joins: oreo639 (~oreo639@cpe-104-173-210-7.socal.res.rr.com)
[20:17:16] *** Joins: refs (~refs@p5de7e2bb.dip0.t-ipconnect.de)
[20:53:45] *** Quits: flotwig (~flotwig@c-24-30-33-123.hsd1.ga.comcast.net) (Quit: ZNC - http://znc.in)
[22:02:04] *** Joins: CCFL_Man (~closet@mobile-166-170-35-168.mycingular.net)
[22:07:38] *** Quits: CCFL_Man_ (36475bc9c1@c-73-101-205-2.hsd1.pa.comcast.net) (Read error: Operation timed out)
[22:16:38] *** Quits: CCFL_Man (~closet@mobile-166-170-35-168.mycingular.net) (Read error: Operation timed out)
[22:21:11] *** Quits: averne (~averne@i19-les01-ix2-212-195-196-113.sfr.lns.abo.bbox.fr) (quit)
[22:23:55] *** Joins: averne_ (~averne@i19-les01-ix2-212-195-196-113.sfr.lns.abo.bbox.fr)
[22:23:55] *** Server sets mode: +stn 
[22:26:52] *** Quits: averne (~averne@i19-les01-ix2-212-195-196-113.sfr.lns.abo.bbox.fr) (Read error: Operation timed out)
[22:26:53] *** averne_ is now known as averne
[22:31:09] *** Quits: CCFL_Man (~closet@mobile-166-170-35-168.mycingular.net) (Ping timeout: 240 seconds)
[22:33:19] *** Joins: CCFL_Man (~closet@c-73-101-205-2.hsd1.pa.comcast.net)
[22:39:39] *** Joins: CCFL_Man_ (c9de9ebb15@216.164.5.155)
[22:41:55] *** Quits: CCFL_Man (~closet@c-73-101-205-2.hsd1.pa.comcast.net) (Read error: Operation timed out)
