[00:04:38] *** Quits: fgsfds (~figgis@85.191.222.221) (Read error: Connection reset by peer)
[01:26:10] *** Quits: flotwig (~flotwig@c-24-30-33-123.hsd1.ga.comcast.net) (Read error: Operation timed out)
[01:29:15] *** Quits: GerbilSof (~GerbilSof@pool-108-24-159-83.cmdnnj.fios.verizon.net) (Read error: Operation timed out)
[01:29:41] *** Joins: GerbilSof (~GerbilSof@pool-108-24-159-83.cmdnnj.fios.verizon.net)
[01:31:49] *** Quits: oreo639 (~oreo639@130.166.192.215) (Read error: Operation timed out)
[01:38:04] *** Joins: refs (~refs@p5de7eeef.dip0.t-ipconnect.de)
[01:45:39] *** Quits: Extrems (gamecube@expert.extremscorner.org) (Remote host closed the connection)
[01:45:49] *** Joins: Extrems (gamecube@expert.extremscorner.org)
[01:50:48] *** Joins: flotwig (~flotwig@c-24-30-33-123.hsd1.ga.comcast.net)
[01:59:15] *** Joins: oreo639 (~oreo639@130.166.192.215)
[02:44:02] *** Quits: oreo639 (~oreo639@130.166.192.215) (Read error: Operation timed out)
[02:45:15] *** Quits: refs (~refs@p5de7eeef.dip0.t-ipconnect.de) (Quit: refs)
[03:30:25] *** Joins: sentry (~sentry@87.122.105.177)
[03:31:45] *** Quits: Snetry (~sentry@87.122.117.24) (Read error: Connection refused)
[03:31:45] *** sentry is now known as Snetry
[03:56:13] *** Joins: oreo639 (~oreo639@cpe-104-173-210-7.socal.res.rr.com)
[06:20:09] *** Joins: lameboy2 (~lameboy@202.47.121.182)
[06:22:39] *** Quits: lameboy (~lameboy@202.47.121.182) (Ping timeout: 240 seconds)
[06:22:42] *** lameboy2 is now known as lameboy
[08:43:30] *** Joins: n87 (~n87@089144197009.atnat0006.highway.a1.net)
[08:45:35] *** Quits: n87 (~n87@089144197009.atnat0006.highway.a1.net) (Client Quit)
[09:59:37] *** Quits: oreo639 (~oreo639@cpe-104-173-210-7.socal.res.rr.com) (Ping timeout: 260 seconds)
[16:35:08] *** Joins: fgsfds (~figgis@85.191.222.221)
[19:36:08] *** Joins: oreo639 (~oreo639@cpe-104-173-210-7.socal.res.rr.com)
[20:46:45] *** Quits: uyjulian (~uyjulian@99-35-187-227.lightspeed.lbcktx.sbcglobal.net) (hub.efnet.us ircd.choopa.net)
[20:46:45] *** Quits: tertu (~tertu@65-128-133-28.mpls.qwest.net) (hub.efnet.us ircd.choopa.net)
[20:46:45] *** Quits: mtheall (~mtheall@mtheall.com) (hub.efnet.us ircd.choopa.net)
[20:46:45] *** Quits: klock (~efklock@vps1.ksociety.net) (hub.efnet.us ircd.choopa.net)
[20:46:45] *** Quits: nich (~not.sure@siwa.securelateral.net) (hub.efnet.us ircd.choopa.net)
[20:46:45] *** Quits: tpw_rules (~tpw_rules@li1059-135.members.linode.com) (hub.efnet.us ircd.choopa.net)
[20:46:45] *** Quits: hexkyz (~hexkyz@ec2-18-179-123-169.ap-northeast-1.compute.amazonaws.com) (hub.efnet.us ircd.choopa.net)
[20:46:45] *** Quits: |Shadow| (~Shadow1@ip24-253-244-123.ok.ok.cox.net) (hub.efnet.us ircd.choopa.net)
[20:49:43] *** Joins: uyjulian (~uyjulian@99-35-187-227.lightspeed.lbcktx.sbcglobal.net)
[20:49:43] *** Joins: tertu (~tertu@65-128-133-28.mpls.qwest.net)
[20:49:43] *** Joins: mtheall (~mtheall@mtheall.com)
[20:49:43] *** Joins: klock (~efklock@vps1.ksociety.net)
[20:49:43] *** Joins: nich (~not.sure@siwa.securelateral.net)
[20:49:43] *** Joins: tpw_rules (~tpw_rules@li1059-135.members.linode.com)
[20:49:43] *** Joins: hexkyz (~hexkyz@ec2-18-179-123-169.ap-northeast-1.compute.amazonaws.com)
[20:49:43] *** Joins: |Shadow| (~Shadow1@ip24-253-244-123.ok.ok.cox.net)
[21:28:59] *** Quits: oreo639 (~oreo639@cpe-104-173-210-7.socal.res.rr.com) (Read error: Operation timed out)
[21:39:18] *** Joins: oreo639 (~oreo639@cpe-104-173-210-7.socal.res.rr.com)
[22:55:44] *** Quits: GerbilSof (~GerbilSof@pool-108-24-159-83.cmdnnj.fios.verizon.net) (Ping timeout: 260 seconds)
[23:26:47] *** Quits: averne (~averne@2001:861:5102:3290:dea6:32ff:fe1e:6cd) (quit)
[23:28:38] *** Joins: averne_ (~averne@i19-les01-ix2-212-195-196-113.sfr.lns.abo.bbox.fr)
[23:28:38] *** Server sets mode: +stn 
[23:31:16] *** Quits: averne (~averne@2001:861:5102:3290:dea6:32ff:fe1e:6cd) (Read error: Operation timed out)
[23:31:17] *** averne_ is now known as averne
[23:34:17] *** Quits: oreo639 (~oreo639@cpe-104-173-210-7.socal.res.rr.com) (Read error: Operation timed out)
[23:51:10] *** Joins: oreo639 (~oreo639@cpe-104-173-210-7.socal.res.rr.com)
