[01:17:01] *** Quits: fgsfds (~figgis@85.191.222.221) (Read error: Connection reset by peer)
[02:01:45] *** Joins: substanc3 (~substanc3@88.212.39.91)
[02:28:25] *** Joins: refs (~refs@p5de7ecf7.dip0.t-ipconnect.de)
[02:41:16] <plutobot> Wiki | Page changed: SSL services | User: Hexkyz | https://switchbrew.org/w/index.php?curid=145&diff=12539&oldid=12282
[03:10:20] *** Joins: CCFL_Man_ (~closet@pool-71-181-241-95.sctnpa.east.verizon.net)
[03:11:42] *** Quits: CCFL_Man (dcce624706@c-73-130-76-74.hsd1.pa.comcast.net) (Read error: Operation timed out)
[04:01:24] *** Quits: refs (~refs@p5de7ecf7.dip0.t-ipconnect.de) (Quit: refs)
[04:34:21] *** Joins: oreo639_ (~oreo639@cpe-104-173-210-7.socal.res.rr.com)
[04:34:21] *** Quits: oreo639 (~oreo639@cpe-104-173-210-7.socal.res.rr.com) (Read error: Connection reset by peer)
[07:23:24] *** Quits: oreo639_ (~oreo639@cpe-104-173-210-7.socal.res.rr.com) (Read error: Operation timed out)
[08:13:02] *** Joins: oreo639 (~oreo639@cpe-104-173-210-7.socal.res.rr.com)
[10:08:19] *** Quits: oreo639 (~oreo639@cpe-104-173-210-7.socal.res.rr.com) (Read error: Operation timed out)
[11:06:00] *** Joins: fgsfds (~figgis@85.191.222.221)
[12:51:38] *** Quits: CCFL_Man_ (~closet@pool-71-181-241-95.sctnpa.east.verizon.net) (Read error: Operation timed out)
[12:55:37] *** Joins: CCFL_Man (~closet@pool-71-181-241-95.sctnpa.east.verizon.net)
[17:35:29] <plutobot> Wiki | Page changed: Ticket | User: DarkMatterCore | https://switchbrew.org/w/index.php?curid=156&diff=12540&oldid=12365
[17:57:37] *** Joins: refs (~refs@p4fec8ec3.dip0.t-ipconnect.de)
[20:38:47] *** Joins: oreo639 (~oreo639@cpe-104-173-210-7.socal.res.rr.com)
[20:51:30] *** Quits: oreo639 (~oreo639@cpe-104-173-210-7.socal.res.rr.com) (Remote host closed the connection)
[20:52:44] *** Joins: oreo639 (~oreo639@cpe-104-173-210-7.socal.res.rr.com)
[20:54:30] *** Quits: oreo639 (~oreo639@cpe-104-173-210-7.socal.res.rr.com) (Remote host closed the connection)
[21:22:19] *** Joins: oreo639 (~oreo639@cpe-104-173-210-7.socal.res.rr.com)
[21:38:13] *** Quits: oreo639 (~oreo639@cpe-104-173-210-7.socal.res.rr.com) (Quit: Quit)
[21:38:40] *** Joins: oreo639 (~oreo639@cpe-104-173-210-7.socal.res.rr.com)
[23:00:05] *** Quits: GerbilSof (~GerbilSof@pool-108-24-159-83.cmdnnj.fios.verizon.net) (Quit: Windows must now restart because the Remote Procedure Call (RPC) service terminated unexpectedly.)
[23:02:54] *** Joins: GerbilSof (~GerbilSof@pool-108-24-159-83.cmdnnj.fios.verizon.net)
[23:52:44] *** Quits: oreo639 (~oreo639@cpe-104-173-210-7.socal.res.rr.com) (Quit)
[23:53:16] *** Joins: oreo639 (~oreo639@cpe-104-173-210-7.socal.res.rr.com)
[23:57:03] *** Quits: GrecKo_ (~grecko@static.183.157.9.5.clients.your-server.de) (ircd.choopa.net irc.servercentral.net)
[23:57:03] *** Quits: Surkow (~Surkow@83-84-37-151.cable.dynamic.v4.ziggo.nl) (ircd.choopa.net irc.servercentral.net)
[23:57:03] *** Quits: ihaveamac (~ihaveamac@ihaveahax.net) (ircd.choopa.net irc.servercentral.net)
[23:57:03] *** Quits: balrog (znc@pool-173-62-160-227.phlapa.fios.verizon.net) (ircd.choopa.net irc.servercentral.net)
[23:57:03] *** Quits: yls8bot (~yls8bot@mtheall.com) (ircd.choopa.net irc.servercentral.net)
[23:57:03] *** Quits: Lightswor (~Lightswor@107.170.253.193) (ircd.choopa.net irc.servercentral.net)
[23:57:03] *** Quits: freundTec (~freundTec@freundtech.com) (ircd.choopa.net irc.servercentral.net)
[23:57:04] *** Quits: Cu3PO42 (~Cu3PO42@159.69.208.45) (ircd.choopa.net irc.servercentral.net)
[23:57:04] *** Quits: yellows8 (yellows8@adiza.nexticom.net) (ircd.choopa.net irc.servercentral.net)
[23:59:20] *** Joins: yls8bot_ (~yls8bot@mtheall.com)
