[00:42:15] *** Quits: fgsfds (~figgis@85.191.222.221) (Read error: Connection reset by peer)
[01:41:13] *** Quits: oreo639 (~oreo639@130.166.192.121) (Ping timeout: 620 seconds)
[02:16:09] *** Quits: |Shadow| (~Shadow1@ip24-253-244-123.ok.ok.cox.net) (Read error: Connection reset by peer)
[02:34:19] *** Joins: GerbilSof (~GerbilSof@pool-108-24-159-83.cmdnnj.fios.verizon.net)
[04:05:58] *** Joins: oreo639 (~oreo639@cpe-104-173-210-7.socal.res.rr.com)
[07:23:01] *** Quits: oreo639 (~oreo639@cpe-104-173-210-7.socal.res.rr.com) (Ping timeout: 260 seconds)
[07:34:08] *** Joins: oreo639 (~oreo639@cpe-104-173-210-7.socal.res.rr.com)
[09:08:13] *** Joins: uyjulian_ (~uyjulian@99-35-187-227.lightspeed.lbcktx.sbcglobal.net)
[09:09:41] *** Quits: uyjulian (~uyjulian@99-35-187-227.lightspeed.lbcktx.sbcglobal.net) (Read error: Operation timed out)
[09:09:42] *** uyjulian_ is now known as uyjulian
[10:08:03] *** Joins: fgsfds (~figgis@85.191.222.221)
[14:14:27] *** Quits: oreo639 (~oreo639@cpe-104-173-210-7.socal.res.rr.com) (Read error: Operation timed out)
[14:22:52] *** Joins: refs (~refs@p5de7e796.dip0.t-ipconnect.de)
[15:25:01] *** Joins: |Shadow| (~Shadow1@ip24-253-244-123.ok.ok.cox.net)
[15:52:43] *** Joins: Extrems` (gamecube@expert.extremscorner.org)
[15:58:13] *** Quits: Extrems (gamecube@expert.extremscorner.org) (Ping timeout: 504 seconds)
[15:58:13] *** Extrems` is now known as Extrems
[16:22:22] *** Quits: GerbilSof (~GerbilSof@pool-108-24-159-83.cmdnnj.fios.verizon.net) (Quit: Windows must now restart because the Remote Procedure Call (RPC) service terminated unexpectedly.)
[19:29:55] *** Quits: refs (~refs@p5de7e796.dip0.t-ipconnect.de) (Quit: refs)
[19:47:57] *** Joins: n87 (~n87@212095005209.public.telering.at)
[20:23:06] *** Quits: n87 (~n87@212095005209.public.telering.at) (Leaving)
[20:23:48] *** Joins: n87 (~n87@212095005209.public.telering.at)
[20:53:16] *** Joins: oreo639 (~oreo639@cpe-104-173-210-7.socal.res.rr.com)
[22:00:16] *** Quits: Extrems (gamecube@expert.extremscorner.org) (Read error: Operation timed out)
[22:08:10] *** Joins: Extrems (gamecube@expert.extremscorner.org)
[23:45:36] *** Quits: n87 (~n87@212095005209.public.telering.at) (Read error: Connection reset by peer)
