[01:43:49] <plutobot> Wiki | Page changed: BTM services | User: Hexkyz | https://switchbrew.org/w/index.php?curid=306&diff=12892&oldid=12891
[02:00:22] <plutobot> Wiki | Page changed: Error codes | User: Hexkyz | https://switchbrew.org/w/index.php?curid=82&diff=12893&oldid=12799
[02:48:27] *** Quits: fgsfds (~figgis@56347483.rev.stofanet.dk) (Read error: Connection reset by peer)
[04:22:40] *** Quits: tertu (~tertu@75-168-222-204.mpls.qwest.net) (Read error: Operation timed out)
[04:28:21] *** Quits: hexkyz (~hexkyz@ec2-18-179-123-169.ap-northeast-1.compute.amazonaws.com) (Read error: Operation timed out)
[04:29:09] *** Quits: |Shadow| (~Shadow1@ip24-253-244-123.ok.ok.cox.net) (Read error: Operation timed out)
[04:41:54] *** Joins: hexkyz (~hexkyz@ec2-18-179-123-169.ap-northeast-1.compute.amazonaws.com)
[04:43:10] *** Joins: |Shadow| (~Shadow1@ip24-253-244-123.ok.ok.cox.net)
[04:44:14] *** Joins: tertu (~tertu@75-168-222-204.mpls.qwest.net)
[05:44:49] *** Quits: Stary (Stary@thonk.9net.org) (Quit: ZNC - http://znc.in)
[05:50:33] *** Joins: nohit___ (~sid334887@tinside.irccloud.com)
[05:51:29] *** Joins: Stary (Stary@thonk.9net.org)
[05:54:42] *** Quits: nohit__ (sid334887@id-334887.tinside.irccloud.com) (Ping timeout: 622 seconds)
[05:54:42] *** nohit___ is now known as nohit__
[09:24:09] *** Quits: tertu (~tertu@75-168-222-204.mpls.qwest.net) (Read error: Operation timed out)
[09:27:47] *** Joins: hexkyz_ (~hexkyz@ec2-18-179-123-169.ap-northeast-1.compute.amazonaws.com)
[09:29:54] *** Quits: hexkyz (~hexkyz@ec2-18-179-123-169.ap-northeast-1.compute.amazonaws.com) (Read error: Operation timed out)
[09:33:14] *** Joins: hexkyz (~hexkyz@ec2-18-179-123-169.ap-northeast-1.compute.amazonaws.com)
[09:33:23] *** Joins: tertu (~tertu@75-168-222-204.mpls.qwest.net)
[09:35:13] *** Quits: hexkyz_ (~hexkyz@ec2-18-179-123-169.ap-northeast-1.compute.amazonaws.com) (Read error: Operation timed out)
