[01:07:36] *** Joins: refs (~refs@p4fec8e39.dip0.t-ipconnect.de)
[02:44:19] *** Quits: refs (~refs@p4fec8e39.dip0.t-ipconnect.de) (Quit: refs)
[03:25:51] *** Joins: sentry (~sentry@87.122.105.37)
[03:27:10] *** Quits: Snetry (~sentry@87.122.107.64) (Read error: Operation timed out)
[03:27:10] *** sentry is now known as Snetry
[05:31:07] *** Quits: mendelmun (~mendelmun@97-127-45-241.mpls.qwest.net) (Quit: Leaving)
[05:31:25] *** Joins: mendel_mu (~mendelmun@97-127-45-241.mpls.qwest.net)
[08:57:29] *** Quits: substanc3 (~substanc3@ip-88-212-18-44.antik.sk) (ZNC 1.8.2 - https://znc.in)
[09:45:18] *** Joins: lameboy2 (~lameboy@202.47.121.182)
[09:46:14] *** Quits: lameboy (~lameboy@202.47.121.182) (Ping timeout: 622 seconds)
[09:46:16] *** lameboy2 is now known as lameboy
[09:48:06] *** Quits: |Shadow| (~Shadow1@ip24-253-244-123.ok.ok.cox.net) (Read error: Operation timed out)
[09:58:04] *** Joins: fgsfds (~figgis@56347483.rev.stofanet.dk)
[09:58:24] *** Joins: |Shadow| (~Shadow1@ip24-253-244-123.ok.ok.cox.net)
[10:37:07] *** Quits: uyjulian (~uyjulian@99-35-187-227.lightspeed.lbcktx.sbcglobal.net) (Read error: Operation timed out)
[10:46:02] *** Joins: uyjulian (~uyjulian@99-35-187-227.lightspeed.lbcktx.sbcglobal.net)
[10:56:42] *** Joins: substanc3 (~substanc3@ip-88-212-18-44.antik.sk)
[11:44:09] *** Quits: oreo639 (~oreo639@2603:8000:3:13e7::1efd) (Ping timeout: 260 seconds)
[12:09:12] *** Joins: oreo639 (~oreo639@2603:8000:3:13e7::1efd)
[12:57:25] *** Quits: oreo639 (~oreo639@2603:8000:3:13e7::1efd) (Ping timeout: 260 seconds)
[13:05:08] *** Joins: oreo639 (~oreo639@2603:8000:3:13e7::1efd)
[14:07:57] <plutobot> GitHub | New PR: Add native Ro... | User: Bulmanator | https://github.com/switchbrew/libnx/pull/645
[14:13:54] *** Quits: oreo639 (~oreo639@2603:8000:3:13e7::1efd) (Read error: Operation timed out)
[21:01:52] *** Joins: oreo639 (~oreo639@2603:8000:3:13e7::1efd)
[21:31:23] *** Quits: GerbilSof (~GerbilSof@pool-108-24-159-83.cmdnnj.fios.verizon.net) (Quit: Windows must now restart because the Remote Procedure Call (RPC) service terminated unexpectedly.)
[23:54:15] *** Quits: oreo639 (~oreo639@2603:8000:3:13e7::1efd) (Ping timeout: 483 seconds)
[23:58:31] *** Quits: fgsfds (~figgis@56347483.rev.stofanet.dk) (Read error: Connection reset by peer)
