[01:50:16] *** Quits: fgsfds (~figgis@85.191.222.221) (Read error: Connection reset by peer)
[01:59:14] *** Joins: oreo639 (~oreo639@104-173-210-007.res.spectrum.com)
[02:24:38] *** Joins: refs (~refs@p4fec8809.dip0.t-ipconnect.de)
[03:04:03] *** Joins: sentry (~sentry@87.122.105.59)
[03:05:22] *** Quits: Snetry (~sentry@87.122.107.240) (Read error: Connection refused)
[03:05:22] *** sentry is now known as Snetry
[03:05:48] *** Quits: oreo639 (~oreo639@104-173-210-007.res.spectrum.com) (Read error: Operation timed out)
[03:09:53] *** Joins: oreo639 (~oreo639@104-173-210-007.res.spectrum.com)
[04:16:15] *** Quits: refs (~refs@p4fec8809.dip0.t-ipconnect.de) (Quit: refs)
[09:03:17] *** Quits: Extrems (gamecube@expert.extremscorner.org) (Read error: Operation timed out)
[09:04:33] *** Joins: Extrems (~gamecube@expert.extremscorner.org)
[10:40:34] *** Quits: Snetry (~sentry@87.122.105.59) (efnet.deic.eu se.hub)
[10:40:34] *** Quits: lansiir (~oldtopman@c-71-205-4-123.hsd1.co.comcast.net) (efnet.deic.eu se.hub)
[10:40:34] *** Quits: d3m3vilur (sid4654@id-4654.ilkley.irccloud.com) (efnet.deic.eu se.hub)
[10:40:34] *** Quits: lex1 (lex@yuuh.pw) (efnet.deic.eu se.hub)
[10:40:34] *** Quits: Extrems (~gamecube@expert.extremscorner.org) (efnet.deic.eu se.hub)
[10:40:34] *** Quits: flotwig (~flotwig@c-24-98-124-63.hsd1.ga.comcast.net) (efnet.deic.eu se.hub)
[10:40:34] *** Quits: lameboy (~lameboy@202.47.121.182) (efnet.deic.eu se.hub)
[10:40:34] *** Quits: Cu3PO42 (~Cu3PO42@159.69.208.45) (efnet.deic.eu se.hub)
[10:40:34] *** Quits: theSuess (~theSuess@130.61.74.11) (efnet.deic.eu se.hub)
[10:40:35] *** Quits: yellows8 (yellows8@adiza.nexticom.net) (efnet.deic.eu se.hub)
[10:40:35] *** Quits: Lightswor (~Lightswor@107.170.253.193) (efnet.deic.eu se.hub)
[10:40:35] *** Quits: DacoTaco (~DacoTaco@178-119-112-131.access.telenet.be) (efnet.deic.eu se.hub)
[10:40:35] *** Quits: CCFL_Man (~closet@c-174-54-229-38.hsd1.pa.comcast.net) (efnet.deic.eu se.hub)
[10:40:35] *** Quits: Surkow (~Surkow@83-84-37-151.cable.dynamic.v4.ziggo.nl) (efnet.deic.eu se.hub)
[10:40:35] *** Quits: omlet05_ (~quassel@omlet.ovh) (efnet.deic.eu se.hub)
[10:40:35] *** Quits: eggy (~eggster@i.eggy.cc) (efnet.deic.eu se.hub)
[10:40:35] *** Quits: TurtleP (~turtlep@bnc.devkitpro.org) (efnet.deic.eu se.hub)
[10:40:35] *** Quits: plutobot (~plutobot@188.166.26.149) (efnet.deic.eu se.hub)
[10:40:35] *** Quits: mtheall (~mtheall@mtheall.com) (efnet.deic.eu se.hub)
[10:40:35] *** Quits: Normmatt (~Normmatt@cloud.normmatt.com) (efnet.deic.eu se.hub)
[10:40:35] *** Quits: maylay (~gren@108-198-59-230.lightspeed.miamfl.sbcglobal.net) (efnet.deic.eu se.hub)
[10:40:35] *** Quits: substanc3 (~substanc3@88.212.39.90) (efnet.deic.eu se.hub)
[10:40:35] *** Quits: ihaveamac (~ihaveamac@ihaveahax.net) (efnet.deic.eu se.hub)
[10:40:35] *** Quits: GrecKo (~grecko@static.183.157.9.5.clients.your-server.de) (efnet.deic.eu se.hub)
[10:40:36] *** Quits: tertu (~tertu@65-128-153-56.mpls.qwest.net) (efnet.deic.eu se.hub)
[10:40:36] *** Quits: |Shadow| (~Shadow1@ip24-253-244-123.ok.ok.cox.net) (efnet.deic.eu se.hub)
[10:40:36] *** Quits: uyjulian (~uyjulian@99-35-187-227.lightspeed.lbcktx.sbcglobal.net) (efnet.deic.eu se.hub)
[10:40:36] *** Quits: balrog (~balrog@pool-173-62-160-227.phlapa.fios.verizon.net) (efnet.deic.eu se.hub)
[10:40:36] *** Quits: nrq (~nrq@ns340910.ip-37-59-40.eu) (efnet.deic.eu se.hub)
[10:40:36] *** Quits: tpw_rules (~tpw_rules@li1059-135.members.linode.com) (efnet.deic.eu se.hub)
[10:40:36] *** Quits: yls8bot (~yls8bot@mtheall.com) (efnet.deic.eu se.hub)
[10:40:36] *** Quits: hexkyz (~hexkyz@ec2-18-179-123-169.ap-northeast-1.compute.amazonaws.com) (efnet.deic.eu se.hub)
[10:40:36] *** Quits: mimoja65 (~Mimoja@mail.mimoja.de) (efnet.deic.eu se.hub)
[10:40:36] *** Quits: GeekShado (~antoine@lbf.turmel.info) (efnet.deic.eu se.hub)
[10:40:36] *** Quits: Stary (Stary@thonk.9net.org) (efnet.deic.eu se.hub)
[10:40:36] *** Quits: freundTec (~freundTec@freundtech.com) (efnet.deic.eu se.hub)
[10:40:36] *** Quits: fincs (~fincs@bnc.devkitpro.org) (efnet.deic.eu se.hub)
[10:40:37] *** Quits: klock (~efklock@vps1.ksociety.net) (efnet.deic.eu se.hub)
[10:40:37] *** Quits: Shiz (~shiz@chroma.shiz.me) (efnet.deic.eu se.hub)
[10:40:37] *** Quits: TAL (~TAL@defiant.tlercher.de) (efnet.deic.eu se.hub)
[10:40:37] *** Quits: flagrama_ (flagrama_@2a03:5180:f:4::2:38d5) (efnet.deic.eu se.hub)
[10:40:37] *** Quits: ris2z (~2ri@129.151.212.230) (efnet.deic.eu se.hub)
[10:40:37] *** Quits: Ghabry (~ghabry@datengurke.mastergk.de) (efnet.deic.eu se.hub)
[10:40:38] *** Quits: Genolo (~fear@2a01:7e00::f03c:91ff:fe93:8d42) (efnet.deic.eu se.hub)
[10:44:17] *** Quits: oreo639 (~oreo639@104-173-210-007.res.spectrum.com) (Ping timeout: 622 seconds)
[10:47:23] *** Joins: Extrems (~gamecube@expert.extremscorner.org)
[10:47:23] *** Joins: Snetry (~sentry@87.122.105.59)
[10:47:23] *** Joins: flotwig (~flotwig@c-24-98-124-63.hsd1.ga.comcast.net)
[10:47:23] *** Joins: Normmatt (~Normmatt@cloud.normmatt.com)
[10:47:23] *** Joins: DacoTaco (~DacoTaco@178-119-112-131.access.telenet.be)
[10:47:23] *** Joins: ihaveamac (~ihaveamac@ihaveahax.net)
[10:47:23] *** Joins: GrecKo (~grecko@static.183.157.9.5.clients.your-server.de)
[10:47:23] *** Joins: mimoja65 (~Mimoja@mail.mimoja.de)
[10:47:23] *** Joins: lameboy (~lameboy@202.47.121.182)
[10:47:23] *** Joins: lansiir (~oldtopman@c-71-205-4-123.hsd1.co.comcast.net)
[10:47:23] *** Joins: GeekShado (~antoine@lbf.turmel.info)
[10:47:23] *** Joins: d3m3vilur (sid4654@id-4654.ilkley.irccloud.com)
[10:47:23] *** Joins: maylay (~gren@108-198-59-230.lightspeed.miamfl.sbcglobal.net)
[10:47:23] *** Joins: Stary (Stary@thonk.9net.org)
[10:47:23] *** Joins: flagrama_ (flagrama_@2a03:5180:f:4::2:38d5)
[10:47:23] *** Joins: ris2z (~2ri@129.151.212.230)
[10:47:23] *** Joins: substanc3 (~substanc3@88.212.39.90)
[10:47:23] *** Joins: tertu (~tertu@65-128-153-56.mpls.qwest.net)
[10:47:23] *** Joins: CCFL_Man (~closet@c-174-54-229-38.hsd1.pa.comcast.net)
[10:47:23] *** Joins: Cu3PO42 (~Cu3PO42@159.69.208.45)
[10:47:23] *** Joins: freundTec (~freundTec@freundtech.com)
[10:47:23] *** Joins: Surkow (~Surkow@83-84-37-151.cable.dynamic.v4.ziggo.nl)
[10:47:23] *** Joins: Lightswor (~Lightswor@107.170.253.193)
[10:47:23] *** Joins: yellows8 (yellows8@adiza.nexticom.net)
[10:47:23] *** Joins: theSuess (~theSuess@130.61.74.11)
[10:47:23] *** Joins: omlet05_ (~quassel@omlet.ovh)
[10:47:23] *** Joins: eggy (~eggster@i.eggy.cc)
[10:47:23] *** Joins: |Shadow| (~Shadow1@ip24-253-244-123.ok.ok.cox.net)
[10:47:23] *** Joins: uyjulian (~uyjulian@99-35-187-227.lightspeed.lbcktx.sbcglobal.net)
[10:47:23] *** Joins: balrog (~balrog@pool-173-62-160-227.phlapa.fios.verizon.net)
[10:47:23] *** Joins: lex1 (lex@yuuh.pw)
[10:47:23] *** Joins: fincs (~fincs@bnc.devkitpro.org)
[10:47:23] *** Joins: TurtleP (~turtlep@bnc.devkitpro.org)
[10:47:23] *** Joins: nrq (~nrq@ns340910.ip-37-59-40.eu)
[10:47:23] *** Joins: klock (~efklock@vps1.ksociety.net)
[10:47:23] *** Joins: tpw_rules (~tpw_rules@li1059-135.members.linode.com)
[10:47:23] *** Joins: yls8bot (~yls8bot@mtheall.com)
[10:47:23] *** Joins: hexkyz (~hexkyz@ec2-18-179-123-169.ap-northeast-1.compute.amazonaws.com)
[10:47:23] *** Joins: plutobot (~plutobot@188.166.26.149)
[10:47:23] *** Joins: mtheall (~mtheall@mtheall.com)
[10:47:23] *** Joins: Ghabry (~ghabry@datengurke.mastergk.de)
[10:47:23] *** Joins: Shiz (~shiz@chroma.shiz.me)
[10:47:23] *** Joins: Genolo (~fear@2a01:7e00::f03c:91ff:fe93:8d42)
[10:47:23] *** Joins: TAL (~TAL@defiant.tlercher.de)
[10:47:23] *** se.hub sets mode: +o fincs
[10:48:40] *** Quits: Snetry (~sentry@87.122.105.59) (Read error: Operation timed out)
[10:48:43] *** Joins: Snetry (~sentry@87.122.105.59)
[10:56:24] *** Quits: Snetry (~sentry@87.122.105.59) (Read error: Connection reset by peer)
[10:57:17] *** Joins: Snetry (~sentry@87.122.105.59)
[11:00:33] *** Quits: lex1 (lex@yuuh.pw) (Read error: Operation timed out)
[11:01:26] *** Quits: d3m3vilur (sid4654@id-4654.ilkley.irccloud.com) (Read error: Operation timed out)
[11:01:52] *** Quits: Snetry (~sentry@87.122.105.59) (Read error: Operation timed out)
[11:03:59] *** Joins: d3m3vilur (sid4654@id-4654.ilkley.irccloud.com)
[11:04:06] *** Joins: lex1 (lex@yuuh.pw)
[11:08:12] *** Joins: Snetry (~sentry@87.122.105.59)
[11:27:14] *** Quits: Snetry (~sentry@87.122.105.59) (efnet.deic.eu se.hub)
[11:27:14] *** Quits: lex1 (lex@yuuh.pw) (efnet.deic.eu se.hub)
[11:27:14] *** Quits: d3m3vilur (sid4654@id-4654.ilkley.irccloud.com) (efnet.deic.eu se.hub)
[11:27:14] *** Quits: lansiir (~oldtopman@c-71-205-4-123.hsd1.co.comcast.net) (efnet.deic.eu se.hub)
[11:27:14] *** Quits: Extrems (~gamecube@expert.extremscorner.org) (efnet.deic.eu se.hub)
[11:27:14] *** Quits: flotwig (~flotwig@c-24-98-124-63.hsd1.ga.comcast.net) (efnet.deic.eu se.hub)
[11:27:14] *** Quits: lameboy (~lameboy@202.47.121.182) (efnet.deic.eu se.hub)
[11:27:15] *** Quits: Cu3PO42 (~Cu3PO42@159.69.208.45) (efnet.deic.eu se.hub)
[11:27:15] *** Quits: theSuess (~theSuess@130.61.74.11) (efnet.deic.eu se.hub)
[11:27:15] *** Quits: yellows8 (yellows8@adiza.nexticom.net) (efnet.deic.eu se.hub)
[11:27:15] *** Quits: Lightswor (~Lightswor@107.170.253.193) (efnet.deic.eu se.hub)
[11:27:15] *** Quits: DacoTaco (~DacoTaco@178-119-112-131.access.telenet.be) (efnet.deic.eu se.hub)
[11:27:15] *** Quits: CCFL_Man (~closet@c-174-54-229-38.hsd1.pa.comcast.net) (efnet.deic.eu se.hub)
[11:27:15] *** Quits: Surkow (~Surkow@83-84-37-151.cable.dynamic.v4.ziggo.nl) (efnet.deic.eu se.hub)
[11:27:15] *** Quits: omlet05_ (~quassel@omlet.ovh) (efnet.deic.eu se.hub)
[11:27:15] *** Quits: eggy (~eggster@i.eggy.cc) (efnet.deic.eu se.hub)
[11:27:15] *** Quits: TurtleP (~turtlep@bnc.devkitpro.org) (efnet.deic.eu se.hub)
[11:27:15] *** Quits: plutobot (~plutobot@188.166.26.149) (efnet.deic.eu se.hub)
[11:27:15] *** Quits: mtheall (~mtheall@mtheall.com) (efnet.deic.eu se.hub)
[11:27:15] *** Quits: Normmatt (~Normmatt@cloud.normmatt.com) (efnet.deic.eu se.hub)
[11:27:15] *** Quits: maylay (~gren@108-198-59-230.lightspeed.miamfl.sbcglobal.net) (efnet.deic.eu se.hub)
[11:27:15] *** Quits: substanc3 (~substanc3@88.212.39.90) (efnet.deic.eu se.hub)
[11:27:15] *** Quits: ihaveamac (~ihaveamac@ihaveahax.net) (efnet.deic.eu se.hub)
[11:27:15] *** Quits: GrecKo (~grecko@static.183.157.9.5.clients.your-server.de) (efnet.deic.eu se.hub)
[11:27:16] *** Quits: tertu (~tertu@65-128-153-56.mpls.qwest.net) (efnet.deic.eu se.hub)
[11:27:16] *** Quits: |Shadow| (~Shadow1@ip24-253-244-123.ok.ok.cox.net) (efnet.deic.eu se.hub)
[11:27:16] *** Quits: uyjulian (~uyjulian@99-35-187-227.lightspeed.lbcktx.sbcglobal.net) (efnet.deic.eu se.hub)
[11:27:16] *** Quits: balrog (~balrog@pool-173-62-160-227.phlapa.fios.verizon.net) (efnet.deic.eu se.hub)
[11:27:16] *** Quits: nrq (~nrq@ns340910.ip-37-59-40.eu) (efnet.deic.eu se.hub)
[11:27:16] *** Quits: tpw_rules (~tpw_rules@li1059-135.members.linode.com) (efnet.deic.eu se.hub)
[11:27:16] *** Quits: yls8bot (~yls8bot@mtheall.com) (efnet.deic.eu se.hub)
[11:27:16] *** Quits: hexkyz (~hexkyz@ec2-18-179-123-169.ap-northeast-1.compute.amazonaws.com) (efnet.deic.eu se.hub)
[11:27:16] *** Quits: mimoja65 (~Mimoja@mail.mimoja.de) (efnet.deic.eu se.hub)
[11:27:16] *** Quits: GeekShado (~antoine@lbf.turmel.info) (efnet.deic.eu se.hub)
[11:27:16] *** Quits: Stary (Stary@thonk.9net.org) (efnet.deic.eu se.hub)
[11:27:16] *** Quits: freundTec (~freundTec@freundtech.com) (efnet.deic.eu se.hub)
[11:27:16] *** Quits: fincs (~fincs@bnc.devkitpro.org) (efnet.deic.eu se.hub)
[11:27:16] *** Quits: klock (~efklock@vps1.ksociety.net) (efnet.deic.eu se.hub)
[11:27:16] *** Quits: Shiz (~shiz@chroma.shiz.me) (efnet.deic.eu se.hub)
[11:27:16] *** Quits: TAL (~TAL@defiant.tlercher.de) (efnet.deic.eu se.hub)
[11:27:17] *** Quits: flagrama_ (flagrama_@2a03:5180:f:4::2:38d5) (efnet.deic.eu se.hub)
[11:27:17] *** Quits: ris2z (~2ri@129.151.212.230) (efnet.deic.eu se.hub)
[11:27:17] *** Quits: Ghabry (~ghabry@datengurke.mastergk.de) (efnet.deic.eu se.hub)
[11:27:17] *** Quits: Genolo (~fear@2a01:7e00::f03c:91ff:fe93:8d42) (efnet.deic.eu se.hub)
[11:28:43] *** Joins: Snetry (~sentry@87.122.105.59)
[11:28:43] *** Joins: lex1 (lex@yuuh.pw)
[11:28:43] *** Joins: d3m3vilur (sid4654@id-4654.ilkley.irccloud.com)
[11:28:43] *** Joins: Extrems (~gamecube@expert.extremscorner.org)
[11:28:43] *** Joins: flotwig (~flotwig@c-24-98-124-63.hsd1.ga.comcast.net)
[11:28:43] *** Joins: Normmatt (~Normmatt@cloud.normmatt.com)
[11:28:43] *** Joins: DacoTaco (~DacoTaco@178-119-112-131.access.telenet.be)
[11:28:43] *** Joins: ihaveamac (~ihaveamac@ihaveahax.net)
[11:28:43] *** Joins: GrecKo (~grecko@static.183.157.9.5.clients.your-server.de)
[11:28:43] *** Joins: mimoja65 (~Mimoja@mail.mimoja.de)
[11:28:43] *** Joins: lameboy (~lameboy@202.47.121.182)
[11:28:43] *** Joins: lansiir (~oldtopman@c-71-205-4-123.hsd1.co.comcast.net)
[11:28:43] *** Joins: GeekShado (~antoine@lbf.turmel.info)
[11:28:43] *** Joins: maylay (~gren@108-198-59-230.lightspeed.miamfl.sbcglobal.net)
[11:28:43] *** Joins: Stary (Stary@thonk.9net.org)
[11:28:43] *** Joins: flagrama_ (flagrama_@2a03:5180:f:4::2:38d5)
[11:28:43] *** Joins: ris2z (~2ri@129.151.212.230)
[11:28:43] *** Joins: substanc3 (~substanc3@88.212.39.90)
[11:28:43] *** Joins: tertu (~tertu@65-128-153-56.mpls.qwest.net)
[11:28:43] *** Joins: CCFL_Man (~closet@c-174-54-229-38.hsd1.pa.comcast.net)
[11:28:43] *** Joins: Cu3PO42 (~Cu3PO42@159.69.208.45)
[11:28:43] *** Joins: freundTec (~freundTec@freundtech.com)
[11:28:43] *** Joins: Surkow (~Surkow@83-84-37-151.cable.dynamic.v4.ziggo.nl)
[11:28:43] *** Joins: Lightswor (~Lightswor@107.170.253.193)
[11:28:43] *** Joins: yellows8 (yellows8@adiza.nexticom.net)
[11:28:43] *** Joins: theSuess (~theSuess@130.61.74.11)
[11:28:43] *** Joins: omlet05_ (~quassel@omlet.ovh)
[11:28:43] *** Joins: eggy (~eggster@i.eggy.cc)
[11:28:43] *** Joins: |Shadow| (~Shadow1@ip24-253-244-123.ok.ok.cox.net)
[11:28:43] *** Joins: uyjulian (~uyjulian@99-35-187-227.lightspeed.lbcktx.sbcglobal.net)
[11:28:43] *** Joins: balrog (~balrog@pool-173-62-160-227.phlapa.fios.verizon.net)
[11:28:43] *** Joins: fincs (~fincs@bnc.devkitpro.org)
[11:28:43] *** Joins: TurtleP (~turtlep@bnc.devkitpro.org)
[11:28:43] *** Joins: nrq (~nrq@ns340910.ip-37-59-40.eu)
[11:28:43] *** Joins: klock (~efklock@vps1.ksociety.net)
[11:28:43] *** Joins: tpw_rules (~tpw_rules@li1059-135.members.linode.com)
[11:28:43] *** Joins: yls8bot (~yls8bot@mtheall.com)
[11:28:43] *** Joins: hexkyz (~hexkyz@ec2-18-179-123-169.ap-northeast-1.compute.amazonaws.com)
[11:28:43] *** Joins: plutobot (~plutobot@188.166.26.149)
[11:28:43] *** Joins: mtheall (~mtheall@mtheall.com)
[11:28:43] *** Joins: Ghabry (~ghabry@datengurke.mastergk.de)
[11:28:43] *** Joins: Shiz (~shiz@chroma.shiz.me)
[11:28:43] *** Joins: Genolo (~fear@2a01:7e00::f03c:91ff:fe93:8d42)
[11:28:43] *** Joins: TAL (~TAL@defiant.tlercher.de)
[11:28:43] *** se.hub sets mode: +o fincs
[11:30:40] *** Joins: fgsfds (~figgis@85.191.222.221)
[15:50:49] *** Quits: maylay (~gren@108-198-59-230.lightspeed.miamfl.sbcglobal.net) (Ping timeout: 248 seconds)
[15:53:51] *** Joins: maylay (~gren@108-198-59-230.lightspeed.miamfl.sbcglobal.net)
[18:54:18] *** Joins: n87 (~n87@046125250044.public.t-mobile.at)
[20:21:09] *** Joins: oreo639 (~oreo639@104-173-210-007.res.spectrum.com)
[20:49:01] *** Joins: refs (~refs@p4fec80f0.dip0.t-ipconnect.de)
[21:27:47] *** Quits: oreo639 (~oreo639@104-173-210-007.res.spectrum.com) (Read error: Operation timed out)
[22:23:57] *** Quits: n87 (~n87@046125250044.public.t-mobile.at) (Read error: Connection reset by peer)
[23:17:44] *** Joins: oreo639 (~oreo639@104-173-210-007.res.spectrum.com)
[23:45:25] *** Quits: oreo639 (~oreo639@104-173-210-007.res.spectrum.com) (Quit: Quit)
[23:45:29] *** Joins: oreo639 (~oreo639@104-173-210-007.res.spectrum.com)
[23:57:11] *** Quits: averne (~averne@2001:861:5102:3290:dea6:32ff:fe1e:6cd) (quit)
[23:59:30] *** Joins: averne (~averne@2001:861:5102:3290:dea6:32ff:fe1e:6cd)
[23:59:30] *** Server sets mode: +stn 
