[00:05:56] *** Joins: mendel_mu (~mendelmun@97-127-1-150.mpls.qwest.net)
[02:12:40] *** Quits: DacoTaco_ (~DacoTaco@178-119-112-131.access.telenet.be) (Read error: Operation timed out)
[02:12:56] *** Joins: DacoTaco (~DacoTaco@178-119-112-131.access.telenet.be)
[04:03:53] *** Joins: CCFL_Man (95e6043d72@c-174-60-188-125.hsd1.pa.comcast.net)
[08:10:35] *** Joins: oreo639 (~oreo639@syn-104-173-203-227.res.spectrum.com)
[09:02:13] *** Quits: oreo639 (~oreo639@syn-104-173-203-227.res.spectrum.com) (Ping timeout: 260 seconds)
[09:08:13] *** Quits: GeekShado (~antoine@lbf.turmel.info) (Ping timeout: 240 seconds)
[09:09:27] *** Joins: GeekShado (~antoine@lbf.turmel.info)
[11:18:42] *** Quits: Surkow (~Surkow@83-84-37-151.cable.dynamic.v4.ziggo.nl) (Read error: Operation timed out)
[11:19:08] *** Joins: Surkow (~Surkow@83-84-37-151.cable.dynamic.v4.ziggo.nl)
[13:43:53] *** Quits: omlet05 (~quassel@omlet.ovh) (Quit: http://quassel-irc.org - Chat comfortably. Anywhere.)
[13:48:04] *** Joins: omlet05 (~quassel@omlet.ovh)
[14:15:39] *** Joins: balrog_ (~balrog@pool-96-245-86-170.phlapa.fios.verizon.net)
[14:16:18] *** Quits: balrog (znc@pool-96-245-86-170.phlapa.fios.verizon.net) (Read error: Connection reset by peer)
[14:16:18] *** balrog_ is now known as balrog
[14:22:15] *** Quits: Behemoth_ (~quassel@2a02:247a:22c:f00::) (Ping timeout: 499 seconds)
[14:34:43] *** Joins: Behemoth (~quassel@ip212-227-225-145.pbiaas.com)
[19:17:11] *** Joins: oreo639 (~oreo639@syn-104-173-203-227.res.spectrum.com)
[20:30:45] <plutobot> GitHub | New commit | User: Dave Murphy | https://github.com/switchbrew/switch-examples/commit/5e36dc2902
[20:30:45] <plutobot> GitHub | New commit | User: Dave Murphy | https://github.com/switchbrew/switch-examples/commit/399aa26c6e
[22:48:21] <plutobot> Wiki | Page changed: NPDM | User: Masagrator | https://switchbrew.org/w/index.php?curid=141&diff=13022&oldid=12798
[22:52:41] <plutobot> GitHub | New commit | User: Dave Murphy | https://github.com/switchbrew/nx-hbloader/commit/5ac0dfe82d
