[00:06:32] *** Quits: n87 (~n87@212095008235.public.telering.at) (Read error: Connection reset by peer)
[01:43:30] *** Joins: oreo639 (~oreo639@2603-8000-0003-13e7-0000-0000-0000-1efd.res6.spectrum.com)
[03:33:54] *** Joins: refs (~refs@p4fe750c5.dip0.t-ipconnect.de)
[03:40:35] *** Joins: ihaveama- (~ihaveamac@ihaveahax.net)
[03:40:50] *** Quits: ihaveamac (~ihaveamac@ihaveahax.net) (Read error: Connection reset by peer)
[04:11:23] *** Quits: balrog (znc@pool-173-62-160-227.phlapa.fios.verizon.net) (Read error: Connection reset by peer)
[04:11:37] *** Joins: balrog (znc@pool-173-62-160-227.phlapa.fios.verizon.net)
[04:35:20] *** Quits: refs (~refs@p4fe750c5.dip0.t-ipconnect.de) (Quit: refs)
[06:49:33] *** Quits: KuKzz (~KuKzz@46.39.249.151) (Ping timeout: 260 seconds)
[06:52:50] *** Joins: KuKzz (~KuKzz@46.39.249.151)
[10:47:48] *** Quits: oreo639 (~oreo639@2603-8000-0003-13e7-0000-0000-0000-1efd.res6.spectrum.com) (Ping timeout: 483 seconds)
[11:05:44] *** Joins: oreo639 (~oreo639@2603-8000-0003-13e7-0000-0000-0000-1efd.res6.spectrum.com)
[11:08:12] *** Joins: n87 (~n87@212095008235.public.telering.at)
[13:18:40] *** Joins: refs (~refs@p4fec817d.dip0.t-ipconnect.de)
[13:48:42] *** Quits: oreo639 (~oreo639@2603-8000-0003-13e7-0000-0000-0000-1efd.res6.spectrum.com) (Ping timeout: 483 seconds)
[15:32:49] *** Joins: fgsfds (~figgis@85.191.222.221)
[19:52:47] *** Quits: maylay (~gren@108-198-59-230.lightspeed.miamfl.sbcglobal.net) (Read error: Operation timed out)
[20:04:49] *** Joins: maylay (~gren@108-198-59-230.lightspeed.miamfl.sbcglobal.net)
[21:14:02] *** Quits: maylay (~gren@108-198-59-230.lightspeed.miamfl.sbcglobal.net) (Read error: Operation timed out)
[22:10:18] *** Joins: maylay (~gren@108-198-59-230.lightspeed.miamfl.sbcglobal.net)
[22:36:00] *** Quits: maylay (~gren@108-198-59-230.lightspeed.miamfl.sbcglobal.net) (Read error: Operation timed out)
[23:14:34] *** Quits: Stary (Stary@thonk.9net.org) (Ping timeout: 500 seconds)
[23:20:40] *** Joins: Stary (Stary@thonk.9net.org)
[23:56:16] *** Joins: maylay (~gren@108-198-59-230.lightspeed.miamfl.sbcglobal.net)
