[04:05:17] *** Joins: oreo639 (~oreo639@syn-104-173-203-227.res.spectrum.com)
[06:12:59] *** Joins: GerbilSof (~GerbilSof@108.50.183.242)
[08:42:59] *** Joins: n87 (~n87@212095005061.public.telering.at)
[09:02:02] *** Quits: n87 (~n87@212095005061.public.telering.at) (Read error: Connection reset by peer)
[09:32:46] *** Joins: n87 (~n87@212095005061.public.telering.at)
[09:42:14] *** Joins: n87_2 (~n87@212095005061.public.telering.at)
[09:46:21] *** Quits: n87 (~n87@212095005061.public.telering.at) (Ping timeout: 606 seconds)
[10:00:03] *** Quits: n87_2 (~n87@212095005061.public.telering.at) (Read error: Connection reset by peer)
[10:03:29] *** Joins: n87 (~n87@212095005061.public.telering.at)
[11:29:33] *** Quits: n87 (~n87@212095005061.public.telering.at) (Remote host closed the connection)
[11:29:39] *** Joins: n87 (~n87@212095005061.public.telering.at)
[11:47:25] *** Quits: oreo639 (~oreo639@syn-104-173-203-227.res.spectrum.com) (Ping timeout: 260 seconds)
[16:43:39] *** Quits: n87 (~n87@212095005061.public.telering.at) (Read error: Connection reset by peer)
[16:45:59] *** Joins: n87 (~n87@212095005061.public.telering.at)
[19:40:31] *** Joins: oreo639 (~oreo639@syn-104-173-203-227.res.spectrum.com)
[20:58:42] *** Quits: n87 (~n87@212095005061.public.telering.at) (Read error: Connection reset by peer)
[21:00:49] *** Joins: n87 (~n87@212095005061.public.telering.at)
[21:15:01] *** Joins: Surkow (~Surkow@83-84-37-151.cable.dynamic.v4.ziggo.nl)
[23:54:12] *** Joins: n87_2 (~n87@212095005061.public.telering.at)
[23:58:32] *** Quits: n87_2 (~n87@212095005061.public.telering.at) (Read error: Connection reset by peer)
