[02:29:55] *** Joins: refs (~refs@p4fe75541.dip0.t-ipconnect.de)
[02:51:39] *** Quits: fgsfds (~figgis@85.191.222.221) (Quit: Leaving)
[03:56:00] *** Quits: refs (~refs@p4fe75541.dip0.t-ipconnect.de) (Quit: refs)
[04:07:56] *** Quits: tpw_rules (~tpw_rules@li1059-135.members.linode.com) (Read error: Operation timed out)
[04:09:27] *** Quits: uyjulian (~uyjulian@99-35-187-227.lightspeed.lbcktx.sbcglobal.net) (Read error: Operation timed out)
[04:09:37] *** Quits: tertu (~tertu@65-128-153-56.mpls.qwest.net) (Read error: Operation timed out)
[04:10:34] *** Quits: |Shadow| (~Shadow1@ip24-253-244-123.ok.ok.cox.net) (Read error: Operation timed out)
[04:13:49] *** Quits: hexkyz (~hexkyz@ec2-18-179-123-169.ap-northeast-1.compute.amazonaws.com) (Read error: Operation timed out)
[04:15:07] *** Joins: hexkyz (~hexkyz@ec2-18-179-123-169.ap-northeast-1.compute.amazonaws.com)
[04:15:18] *** Joins: tpw_rules (~tpw_rules@li1059-135.members.linode.com)
[04:15:32] *** Joins: tertu (~tertu@65-128-153-56.mpls.qwest.net)
[04:15:42] *** Joins: uyjulian (~uyjulian@99-35-187-227.lightspeed.lbcktx.sbcglobal.net)
[04:16:29] *** Joins: |Shadow| (~Shadow1@ip24-253-244-123.ok.ok.cox.net)
[04:35:29] *** Quits: oreo639 (~oreo639@104-173-210-007.res.spectrum.com) (Read error: Operation timed out)
[04:37:33] *** Quits: tertu (~tertu@65-128-153-56.mpls.qwest.net) (Read error: Operation timed out)
[04:37:37] *** Quits: tpw_rules (~tpw_rules@li1059-135.members.linode.com) (Read error: Operation timed out)
[04:37:54] *** Joins: tpw_rules (~tpw_rules@li1059-135.members.linode.com)
[04:40:19] *** Quits: uyjulian (~uyjulian@99-35-187-227.lightspeed.lbcktx.sbcglobal.net) (Read error: Operation timed out)
[04:40:25] *** Quits: hexkyz (~hexkyz@ec2-18-179-123-169.ap-northeast-1.compute.amazonaws.com) (Ping timeout: 620 seconds)
[04:40:31] *** Quits: |Shadow| (~Shadow1@ip24-253-244-123.ok.ok.cox.net) (Read error: Operation timed out)
[04:43:03] *** Joins: tertu (~tertu@65-128-153-56.mpls.qwest.net)
[04:43:10] *** Joins: |Shadow| (~Shadow1@ip24-253-244-123.ok.ok.cox.net)
[04:43:13] *** Joins: hexkyz (~hexkyz@ec2-18-179-123-169.ap-northeast-1.compute.amazonaws.com)
[04:43:18] *** Joins: uyjulian (~uyjulian@99-35-187-227.lightspeed.lbcktx.sbcglobal.net)
[05:11:55] *** Quits: tertu (~tertu@65-128-153-56.mpls.qwest.net) (Read error: Operation timed out)
[05:13:17] *** Quits: uyjulian (~uyjulian@99-35-187-227.lightspeed.lbcktx.sbcglobal.net) (Read error: Operation timed out)
[05:14:36] *** Joins: oreo639 (~oreo639@104-173-210-007.res.spectrum.com)
[05:15:16] *** Quits: |Shadow| (~Shadow1@ip24-253-244-123.ok.ok.cox.net) (Read error: Operation timed out)
[05:17:13] *** Quits: hexkyz (~hexkyz@ec2-18-179-123-169.ap-northeast-1.compute.amazonaws.com) (Ping timeout: 620 seconds)
[05:17:45] *** Joins: tertu (~tertu@65-128-153-56.mpls.qwest.net)
[05:17:50] *** Joins: uyjulian (~uyjulian@99-35-187-227.lightspeed.lbcktx.sbcglobal.net)
[05:18:30] *** Joins: hexkyz (~hexkyz@ec2-18-179-123-169.ap-northeast-1.compute.amazonaws.com)
[05:18:43] *** Joins: |Shadow| (~Shadow1@ip24-253-244-123.ok.ok.cox.net)
[06:36:46] *** Quits: uyjulian (~uyjulian@99-35-187-227.lightspeed.lbcktx.sbcglobal.net) (Read error: Operation timed out)
[06:36:51] *** Quits: |Shadow| (~Shadow1@ip24-253-244-123.ok.ok.cox.net) (Read error: Operation timed out)
[06:37:25] *** Quits: tertu (~tertu@65-128-153-56.mpls.qwest.net) (Read error: Operation timed out)
[06:38:22] *** Quits: hexkyz (~hexkyz@ec2-18-179-123-169.ap-northeast-1.compute.amazonaws.com) (Ping timeout: 620 seconds)
[06:42:28] *** Joins: uyjulian (~uyjulian@99-35-187-227.lightspeed.lbcktx.sbcglobal.net)
[06:43:18] *** Joins: tertu (~tertu@65-128-153-56.mpls.qwest.net)
[06:44:08] *** Joins: hexkyz (~hexkyz@ec2-18-179-123-169.ap-northeast-1.compute.amazonaws.com)
[06:47:29] *** Joins: |Shadow| (~Shadow1@ip24-253-244-123.ok.ok.cox.net)
[07:06:56] *** Quits: uyjulian (~uyjulian@99-35-187-227.lightspeed.lbcktx.sbcglobal.net) (Read error: Operation timed out)
[07:07:22] *** Quits: tertu (~tertu@65-128-153-56.mpls.qwest.net) (Read error: Operation timed out)
[07:08:09] *** Quits: |Shadow| (~Shadow1@ip24-253-244-123.ok.ok.cox.net) (Read error: Operation timed out)
[07:09:50] *** Quits: hexkyz (~hexkyz@ec2-18-179-123-169.ap-northeast-1.compute.amazonaws.com) (Ping timeout: 620 seconds)
[07:12:00] *** Joins: uyjulian (~uyjulian@99-35-187-227.lightspeed.lbcktx.sbcglobal.net)
[07:12:00] *** Joins: tertu (~tertu@65-128-153-56.mpls.qwest.net)
[07:14:54] *** Joins: |Shadow| (~Shadow1@ip24-253-244-123.ok.ok.cox.net)
[07:15:05] *** Joins: hexkyz (~hexkyz@ec2-18-179-123-169.ap-northeast-1.compute.amazonaws.com)
[07:42:47] *** Quits: tertu (~tertu@65-128-153-56.mpls.qwest.net) (Read error: Operation timed out)
[07:45:07] *** Quits: |Shadow| (~Shadow1@ip24-253-244-123.ok.ok.cox.net) (Read error: Operation timed out)
[07:45:13] *** Quits: uyjulian (~uyjulian@99-35-187-227.lightspeed.lbcktx.sbcglobal.net) (Read error: Operation timed out)
[07:48:34] *** Quits: hexkyz (~hexkyz@ec2-18-179-123-169.ap-northeast-1.compute.amazonaws.com) (Read error: Operation timed out)
[07:49:54] *** Joins: hexkyz (~hexkyz@ec2-18-179-123-169.ap-northeast-1.compute.amazonaws.com)
[07:49:54] *** Joins: tertu (~tertu@65-128-153-56.mpls.qwest.net)
[07:50:04] *** Joins: uyjulian (~uyjulian@99-35-187-227.lightspeed.lbcktx.sbcglobal.net)
[07:51:15] *** Joins: |Shadow| (~Shadow1@ip24-253-244-123.ok.ok.cox.net)
[10:04:28] *** Joins: n87 (~n87@213162073151.public.t-mobile.at)
[10:19:38] *** Joins: fgsfds (~figgis@85.191.222.221)
[10:40:06] *** Quits: fgsfds (~figgis@85.191.222.221) (Quit: Leaving)
[10:50:49] *** Joins: fgsfds (~figgis@85.191.222.221)
[12:05:30] *** Quits: oreo639 (~oreo639@104-173-210-007.res.spectrum.com) (Read error: Operation timed out)
[13:50:21] *** Quits: CCFL_Man (~closet@mobile-166-171-59-155.mycingular.net) (Read error: Operation timed out)
[15:20:41] *** Joins: CCFL_Man (~closet@mobile-166-171-59-155.mycingular.net)
[17:03:55] *** Quits: freundTec (~freundTec@freundtech.com) (Quit: ZNC disconnected. Probably just rebooting my server - ZNC 1.6.6+deb1ubuntu0.2 - http://znc.in)
[19:43:53] *** Quits: CCFL_Man (~closet@mobile-166-171-59-155.mycingular.net) (Read error: Operation timed out)
[19:46:50] *** Joins: CCFL_Man (~closet@71.120.108.199)
[19:49:11] *** Quits: Surkow (~Surkow@83-84-37-151.cable.dynamic.v4.ziggo.nl) (Ping timeout: 240 seconds)
[20:03:11] *** Joins: Surkow (~Surkow@83-84-37-151.cable.dynamic.v4.ziggo.nl)
[20:09:53] *** Joins: refs (~refs@p4fe75562.dip0.t-ipconnect.de)
[20:12:58] *** Joins: oreo639 (~oreo639@104-173-210-007.res.spectrum.com)
[21:20:52] *** Quits: ihaveama- (~ihaveamac@ihaveahax.net) (Quit: fail)
[21:41:51] *** Joins: ihaveamac (~ihaveamac@ihaveahax.net)
[23:13:43] *** Quits: n87 (~n87@213162073151.public.t-mobile.at) (Read error: Connection reset by peer)
