[00:17:16] *** Quits: fgsfds (~figgis@85.191.222.221) (Read error: Connection reset by peer)
[00:44:19] *** Joins: refs (~refs@p4fe750f3.dip0.t-ipconnect.de)
[01:32:00] *** Joins: oreo639 (~oreo639@076-174-070-119.res.spectrum.com)
[02:46:23] *** Quits: refs (~refs@p4fe750f3.dip0.t-ipconnect.de) (Quit: refs)
[05:21:24] *** Quits: oreo639 (~oreo639@076-174-070-119.res.spectrum.com) (Ping timeout: 622 seconds)
[05:36:34] *** Joins: oreo639 (~oreo639@076-174-070-119.res.spectrum.com)
[05:55:54] *** Quits: oreo639 (~oreo639@076-174-070-119.res.spectrum.com) (Read error: Operation timed out)
[06:32:16] *** Joins: oreo639 (~oreo639@076-174-070-119.res.spectrum.com)
[07:48:58] *** Quits: |Shadow| (~Shadow1@ip24-253-244-123.ok.ok.cox.net) ()
[07:54:41] *** Joins: |Shadow| (~Shadow1@ip24-253-244-123.ok.ok.cox.net)
[08:40:57] *** Quits: mtheall (~mtheall@mtheall.com) (Ping timeout: 260 seconds)
[08:41:12] *** Joins: mtheall (~mtheall@mtheall.com)
[09:09:53] *** Quits: averne (~averne@i19-les01-ix2-212-195-196-113.sfr.lns.abo.bbox.fr) (quit)
[09:10:10] *** Joins: averne (~averne@2001:861:5102:3290:dea6:32ff:fe1e:6cd)
[09:10:10] *** Server sets mode: +stn 
[09:19:31] *** Quits: averne (~averne@2001:861:5102:3290:dea6:32ff:fe1e:6cd) (quit)
[09:19:53] *** Joins: averne (~averne@i19-les01-ix2-212-195-196-113.sfr.lns.abo.bbox.fr)
[09:19:53] *** Server sets mode: +stn 
[13:00:39] *** Quits: oreo639 (~oreo639@076-174-070-119.res.spectrum.com) (Ping timeout: 240 seconds)
[13:02:24] *** Quits: substanc3 (~substanc3@88.212.39.91) (Read error: Operation timed out)
[13:10:17] *** Joins: substanc3 (~substanc3@88.212.39.91)
[13:12:11] *** Joins: oreo639 (~oreo639@076-174-070-119.res.spectrum.com)
[15:13:17] *** Joins: maylay (~gren@108-198-59-230.lightspeed.miamfl.sbcglobal.net)
[15:34:44] *** Quits: oreo639 (~oreo639@076-174-070-119.res.spectrum.com) (Ping timeout: 622 seconds)
[16:59:49] *** Joins: fgsfds (~figgis@85.191.222.221)
[17:42:02] *** Joins: n87 (~n87@212095008235.public.telering.at)
[20:09:12] *** Quits: n87 (~n87@212095008235.public.telering.at) (Read error: Connection reset by peer)
