[00:24:41] *** Joins: oreo639 (~oreo639@syn-076-174-070-119.res.spectrum.com)
[00:45:38] *** Quits: |Shadow| (~Shadow1@ip24-253-244-123.ok.ok.cox.net) ()
[00:50:50] *** Joins: |Shadow| (~Shadow1@ip24-253-244-123.ok.ok.cox.net)
[01:03:32] *** Joins: refs (~refs@p4fec8e9c.dip0.t-ipconnect.de)
[02:50:08] *** Quits: refs (~refs@p4fec8e9c.dip0.t-ipconnect.de) (Quit: refs)
[04:06:10] *** Quits: balrog (~balrog@pool-96-245-161-49.phlapa.fios.verizon.net) (Bye)
[04:06:23] *** Joins: balrog (znc@pool-96-245-161-49.phlapa.fios.verizon.net)
[04:26:34] *** Quits: balrog (znc@pool-96-245-161-49.phlapa.fios.verizon.net) (Remote host closed the connection)
[04:26:43] *** Joins: balrog (znc@pool-96-245-161-49.phlapa.fios.verizon.net)
[04:34:21] *** Quits: balrog (znc@pool-96-245-161-49.phlapa.fios.verizon.net) (Quit: Bye)
[04:34:37] *** Joins: balrog (znc@pool-96-245-161-49.phlapa.fios.verizon.net)
[04:36:35] *** Quits: balrog (znc@pool-96-245-161-49.phlapa.fios.verizon.net) (Remote host closed the connection)
[04:36:52] *** Joins: balrog (~balrog@pool-96-245-161-49.phlapa.fios.verizon.net)
[04:37:19] *** Quits: balrog (~balrog@pool-96-245-161-49.phlapa.fios.verizon.net) (Remote host closed the connection)
[04:37:23] *** Joins: balrog (~balrog@pool-96-245-161-49.phlapa.fios.verizon.net)
[04:38:46] *** Quits: balrog (~balrog@pool-96-245-161-49.phlapa.fios.verizon.net) (Remote host closed the connection)
[04:38:54] *** Joins: balrog (balrog@pool-96-245-161-49.phlapa.fios.verizon.net)
[04:51:05] <plutobot> Wiki | Page changed: Splatoon 3 | User: yls8 | https://switchbrew.org/w/index.php?curid=467&diff=12800&oldid=12764
[09:15:44] *** Joins: n87 (~n87@213142096248.public.telering.at)
[09:16:04] *** Joins: fgsfds (~figgis@56347483.rev.stofanet.dk)
[10:31:19] *** Quits: uyjulian (~uyjulian@99-35-187-227.lightspeed.lbcktx.sbcglobal.net) (Read error: Operation timed out)
[10:38:10] *** Joins: uyjulian (~uyjulian@99-35-187-227.lightspeed.lbcktx.sbcglobal.net)
[11:45:27] *** Joins: oreo639_ (~oreo639@syn-076-174-070-119.res.spectrum.com)
[11:45:27] *** Quits: oreo639 (~oreo639@syn-076-174-070-119.res.spectrum.com) (Read error: Connection reset by peer)
[14:23:34] *** Quits: GerbilSof (~GerbilSof@pool-108-24-159-83.cmdnnj.fios.verizon.net) (Quit: Windows must now restart because the Remote Procedure Call (RPC) service terminated unexpectedly.)
[14:55:47] *** Quits: oreo639_ (~oreo639@syn-076-174-070-119.res.spectrum.com) (Read error: Operation timed out)
[18:14:58] <plutobot> GitHub | New commit | User: Dave Murphy | https://github.com/switchbrew/libnx/commit/52acb9c188
[18:21:09] <plutobot> GitHub | New commit | User: Dave Murphy | https://github.com/switchbrew/libnx/commit/e570e67704
[18:23:06] <plutobot> GitHub | New commit | User: Dave Murphy | https://github.com/switchbrew/libnx/commit/e8341a00fe
[18:28:24] <plutobot> GitHub | New commit | User: Dave Murphy | https://github.com/switchbrew/libnx/commit/c769852631
[19:48:37] *** Quits: phigcloud (uid13896@id-13896.lymington.irccloud.com) (Quit: Connection closed for inactivity)
[22:32:15] *** Quits: n87 (~n87@213142096248.public.telering.at) (Read error: Connection reset by peer)
