[01:03:04] *** Quits: oreo639 (~oreo639@75-46-150-180.lightspeed.irvnca.sbcglobal.net) (Read error: Operation timed out)
[02:31:59] *** Quits: Behemoth (~quassel@2a02:247a:22c:f00::1) (Read error: Operation timed out)
[02:32:31] *** Joins: Behemoth (~quassel@2a02:247a:22c:f00::1)
[02:32:46] *** Quits: averne (~averne@i19-les01-ix2-212-195-196-113.sfr.lns.abo.bbox.fr) (quit)
[02:34:59] *** Joins: averne (~averne@2001:861:5102:3290:dea6:32ff:fe1e:6cd)
[02:34:59] *** Server sets mode: +stn 
[03:45:39] *** Joins: sentry (~sentry@87.122.106.43)
[03:46:58] *** Quits: Snetry (~sentry@87.122.107.250) (Read error: Connection refused)
[03:46:58] *** sentry is now known as Snetry
[04:37:37] *** Joins: oreo639 (~oreo639@syn-104-173-203-227.res.spectrum.com)
[05:24:05] *** Quits: Genolo (~fear@2a01:7e00::f03c:91ff:fe93:8d42) (Quit: cya)
[05:24:25] *** Joins: Genolo (~fear@2a01:7e00::f03c:91ff:fe93:8d42)
[05:36:24] <plutobot> Wiki | Page changed: Manu services | User: yls8 | https://switchbrew.org/w/index.php?curid=207&diff=12876&oldid=12875
[05:37:57] *** Quits: Shiz (~shiz@chroma.shiz.me) (Ping timeout: 260 seconds)
[05:48:25] *** Joins: Shiz (~shiz@chroma.shiz.me)
[06:25:55] *** Quits: oreo639 (~oreo639@syn-104-173-203-227.res.spectrum.com) (Read error: Operation timed out)
[06:54:10] *** Quits: DeusQain (~DeusQain@mx.qainsworld.com) (Read error: Operation timed out)
[06:54:12] *** Joins: DeusQain (quasselcor@mx.qainsworld.com)
[06:54:40] *** Quits: mtheall_ (~mtheall@mtheall.com) (Read error: Operation timed out)
[06:54:54] *** Joins: mtheall (~mtheall@mtheall.com)
[06:55:01] *** Quits: klock (~efklock@vps1.ksociety.net) (Read error: Operation timed out)
[06:57:13] *** Quits: ihaveama- (~ihaveamac@138.68.232.110) (Read error: Operation timed out)
[06:57:30] *** Joins: ihaveamac (~ihaveamac@138.68.232.110)
[06:58:54] *** Quits: DacoTaco (~DacoTaco@ptr-dvl7o182lwpmdg7f53g.18120a2.ip6.access.telenet.be) (Read error: Operation timed out)
[06:59:12] *** Joins: DacoTaco (~DacoTaco@178-119-112-131.access.telenet.be)
[07:01:26] *** Joins: klock (~efklock@vps1.ksociety.net)
[07:11:05] *** Quits: ris2z (~2ri@129.151.212.230) (Remote host closed the connection)
[07:19:01] *** Quits: f_ (s-16abab34@2001:1600:10:100::4b9) (Read error: Operation timed out)
[07:19:02] *** Quits: omlet05 (~quassel@omlet.ovh) (Read error: Connection reset by peer)
[07:19:48] *** Quits: phigcloud (uid13896@id-13896.lymington.irccloud.com) (Ping timeout: 493 seconds)
[07:20:03] *** Joins: phigcloud (uid13896@id-13896.lymington.irccloud.com)
[07:21:21] *** Quits: Snetry (~sentry@87.122.106.43) (Read error: Operation timed out)
[07:21:25] *** Quits: lex1 (lex@yuuh.pw) (Read error: Operation timed out)
[07:22:08] *** Joins: omlet05 (~quassel@omlet.ovh)
[07:22:36] *** Joins: ris2z (~2ri@129.151.212.230)
[07:24:31] *** Quits: Extrems (gamecube@expert.extremscorner.org) (Read error: Operation timed out)
[07:24:59] *** Joins: Behemoth_ (~quassel@2a02:247a:22c:f00::1)
[07:25:59] *** Joins: Genolol (~fear@2a01:7e00::f03c:91ff:fe93:8d42)
[07:29:23] *** Joins: Extrems (gamecube@expert.extremscorner.org)
[07:29:46] *** Quits: Shiz (~shiz@chroma.shiz.me) (Ping timeout: 857 seconds)
[07:32:01] *** Quits: Genolo (~fear@2a01:7e00::f03c:91ff:fe93:8d42) (Read error: Operation timed out)
[07:32:01] *** Genolol is now known as Genolo
[07:32:59] *** Joins: Stary_ (Stary@thonk.9net.org)
[07:34:56] *** Quits: Behemoth (~quassel@2a02:247a:22c:f00::1) (Read error: Operation timed out)
[07:36:23] *** Joins: lex1 (lex@yuuh.pw)
[07:36:39] *** Joins: Snetry (~sentry@87.122.106.43)
[07:38:08] *** Quits: Stary (Stary@thonk.9net.org) (Read error: Operation timed out)
[07:42:11] *** Joins: f_ (s-16abab34@2001:1600:10:100::4b9)
[07:43:18] *** Quits: tertu (~tertu@75-168-222-204.mpls.qwest.net) (Read error: Operation timed out)
[07:43:22] *** Quits: substanc3 (~substanc3@88.212.18.0) (Ping timeout: 245 seconds)
[07:43:24] *** Quits: oldtopman (~oldtopman@c-76-25-241-68.hsd1.co.comcast.net) (Read error: Operation timed out)
[07:43:26] *** Quits: eggster (~eggster@i.eggy.cc) (Read error: Operation timed out)
[07:43:31] *** Quits: yls8bot (~yls8bot@mtheall.com) (Read error: Operation timed out)
[07:43:31] *** Quits: klock (~efklock@vps1.ksociety.net) (Read error: Operation timed out)
[07:43:38] *** Joins: oldtopman (~oldtopman@c-76-25-241-68.hsd1.co.comcast.net)
[07:43:38] *** Joins: yls8bot (~yls8bot@mtheall.com)
[07:43:39] *** Joins: eggster (eggy@i.eggy.cc)
[07:43:43] *** Quits: tpw_rules (~tpw_rules@li1059-135.members.linode.com) (Read error: Operation timed out)
[07:43:47] *** Quits: GeekShad1 (~antoine@lbf.turmel.info) (Ping timeout: 245 seconds)
[07:46:04] *** Quits: ihaveamac (~ihaveamac@138.68.232.110) (Read error: Operation timed out)
[07:46:13] *** Joins: ihaveamac (~ihaveamac@138.68.232.110)
[07:46:35] *** Quits: hexkyz_ (~hexkyz@ec2-18-179-123-169.ap-northeast-1.compute.amazonaws.com) (Read error: Operation timed out)
[07:47:14] *** Joins: |Shadow|_ (~Shadow1@ip24-253-244-123.ok.ok.cox.net)
[07:48:19] *** Joins: klock (~efklock@vps1.ksociety.net)
[07:50:17] *** Quits: |Shadow| (~Shadow1@ip24-253-244-123.ok.ok.cox.net) (Read error: Operation timed out)
[07:51:31] *** Joins: GeekShado (~antoine@lbf.turmel.info)
[07:56:25] *** |Shadow|_ is now known as |Shadow|
[07:59:48] *** Joins: oreo639 (~oreo639@syn-104-173-203-227.res.spectrum.com)
[08:05:22] *** Joins: Shiz (~shiz@chroma.shiz.me)
[08:13:54] *** Joins: hexkyz (~hexkyz@ec2-18-179-123-169.ap-northeast-1.compute.amazonaws.com)
[08:14:38] *** Joins: tertu (~tertu@75-168-222-204.mpls.qwest.net)
[08:15:22] *** Joins: tpw_rules (~tpw_rules@li1059-135.members.linode.com)
[08:40:21] *** Quits: tertu (~tertu@75-168-222-204.mpls.qwest.net) (Read error: Operation timed out)
[08:42:31] *** Quits: tpw_rules (~tpw_rules@li1059-135.members.linode.com) (Read error: Operation timed out)
[08:42:41] *** Quits: hexkyz (~hexkyz@ec2-18-179-123-169.ap-northeast-1.compute.amazonaws.com) (Read error: Operation timed out)
[08:47:27] *** Quits: eggster (eggy@i.eggy.cc) (efnet.deic.eu se.hub)
[08:47:28] *** Quits: Genolo (~fear@2a01:7e00::f03c:91ff:fe93:8d42) (efnet.deic.eu se.hub)
[08:47:28] *** Quits: Behemoth_ (~quassel@2a02:247a:22c:f00::1) (efnet.deic.eu se.hub)
[08:47:28] *** Quits: ris2z (~2ri@129.151.212.230) (efnet.deic.eu se.hub)
[08:47:28] *** Quits: phigcloud (uid13896@id-13896.lymington.irccloud.com) (efnet.deic.eu se.hub)
[08:47:28] *** Quits: uyjulian (~uyjulian@99-35-187-227.lightspeed.lbcktx.sbcglobal.net) (efnet.deic.eu se.hub)
[08:47:28] *** Quits: CCFL_Man (c43f21df7a@c-174-60-188-125.hsd1.pa.comcast.net) (efnet.deic.eu se.hub)
[08:47:28] *** Quits: Ghabry (~ghabry@datengurke.mastergk.de) (efnet.deic.eu se.hub)
[08:47:28] *** Quits: Extrems (gamecube@expert.extremscorner.org) (efnet.deic.eu se.hub)
[08:47:28] *** Quits: oldtopman (~oldtopman@c-76-25-241-68.hsd1.co.comcast.net) (efnet.deic.eu se.hub)
[08:47:28] *** Quits: f_ (s-16abab34@2001:1600:10:100::4b9) (efnet.deic.eu se.hub)
[08:47:28] *** Quits: Snetry (~sentry@87.122.106.43) (efnet.deic.eu se.hub)
[08:47:29] *** Quits: lex1 (lex@yuuh.pw) (efnet.deic.eu se.hub)
[08:47:29] *** Quits: |Shadow| (~Shadow1@ip24-253-244-123.ok.ok.cox.net) (efnet.deic.eu se.hub)
[08:47:29] *** Quits: Surkow (~Surkow@83-84-37-151.cable.dynamic.v4.ziggo.nl) (efnet.deic.eu se.hub)
[08:47:29] *** Quits: oreo639 (~oreo639@syn-104-173-203-227.res.spectrum.com) (efnet.deic.eu se.hub)
[08:47:29] *** Quits: klock (~efklock@vps1.ksociety.net) (efnet.deic.eu se.hub)
[08:47:29] *** Quits: ihaveamac (~ihaveamac@138.68.232.110) (efnet.deic.eu se.hub)
[08:47:29] *** Quits: yls8bot (~yls8bot@mtheall.com) (efnet.deic.eu se.hub)
[08:47:30] *** Quits: Stary_ (Stary@thonk.9net.org) (efnet.deic.eu se.hub)
[08:47:30] *** Quits: DeusQain (quasselcor@mx.qainsworld.com) (efnet.deic.eu se.hub)
[08:47:30] *** Quits: theSuess (~theSuess@141.147.48.189) (efnet.deic.eu se.hub)
[08:47:30] *** Quits: yellows8 (yellows8@adiza.nexticom.net) (efnet.deic.eu se.hub)
[08:47:30] *** Quits: Lightswor (~Lightswor@107.170.253.193) (efnet.deic.eu se.hub)
[08:47:30] *** Quits: Shiz (~shiz@chroma.shiz.me) (efnet.deic.eu se.hub)
[08:47:31] *** Quits: DacoTaco (~DacoTaco@178-119-112-131.access.telenet.be) (efnet.deic.eu se.hub)
[08:47:31] *** Quits: balrog (znc@pool-96-245-161-49.phlapa.fios.verizon.net) (efnet.deic.eu se.hub)
[08:47:31] *** Quits: mendelmun (~mendelmun@2600:4041:5ac9:a100:b225:aaff:fe5e:10eb) (efnet.deic.eu se.hub)
[08:47:31] *** Quits: TAL (~TAL@defiant.tlercher.de) (efnet.deic.eu se.hub)
[08:47:31] *** Quits: plutobot (~plutobot@188.166.26.149) (efnet.deic.eu se.hub)
[08:54:19] *** Joins: n87 (~n87@213142096180.public.telering.at)
[08:54:19] *** Joins: Shiz (~shiz@chroma.shiz.me)
[08:54:19] *** Joins: oreo639 (~oreo639@syn-104-173-203-227.res.spectrum.com)
[08:54:19] *** Joins: klock (~efklock@vps1.ksociety.net)
[08:54:19] *** Joins: |Shadow| (~Shadow1@ip24-253-244-123.ok.ok.cox.net)
[08:54:19] *** Joins: ihaveamac (~ihaveamac@138.68.232.110)
[08:54:19] *** Joins: eggster (eggy@i.eggy.cc)
[08:54:19] *** Joins: yls8bot (~yls8bot@mtheall.com)
[08:54:19] *** Joins: Stary_ (Stary@thonk.9net.org)
[08:54:19] *** Joins: Extrems (gamecube@expert.extremscorner.org)
[08:54:19] *** Joins: Behemoth_ (~quassel@2a02:247a:22c:f00::1)
[08:54:19] *** Joins: ris2z (~2ri@129.151.212.230)
[08:54:19] *** Joins: phigcloud (uid13896@id-13896.lymington.irccloud.com)
[08:54:19] *** Joins: DacoTaco (~DacoTaco@178-119-112-131.access.telenet.be)
[08:54:19] *** Joins: DeusQain (quasselcor@mx.qainsworld.com)
[08:54:19] *** Joins: uyjulian (~uyjulian@99-35-187-227.lightspeed.lbcktx.sbcglobal.net)
[08:54:19] *** Joins: Surkow (~Surkow@83-84-37-151.cable.dynamic.v4.ziggo.nl)
[08:54:19] *** Joins: CCFL_Man (c43f21df7a@c-174-60-188-125.hsd1.pa.comcast.net)
[08:54:19] *** Joins: Ghabry (~ghabry@datengurke.mastergk.de)
[08:54:19] *** Joins: balrog (znc@pool-96-245-161-49.phlapa.fios.verizon.net)
[08:54:19] *** Joins: theSuess (~theSuess@141.147.48.189)
[08:54:19] *** Joins: mendelmun (~mendelmun@2600:4041:5ac9:a100:b225:aaff:fe5e:10eb)
[08:54:20] *** Joins: TAL (~TAL@defiant.tlercher.de)
[08:54:20] *** Joins: yellows8 (yellows8@adiza.nexticom.net)
[08:54:20] *** Joins: Lightswor (~Lightswor@107.170.253.193)
[08:54:20] *** Joins: plutobot (~plutobot@188.166.26.149)
[08:55:06] *** Joins: Genolo (~fear@2a01:7e00::f03c:91ff:fe93:8d42)
[08:55:06] *** Joins: oldtopman (~oldtopman@c-76-25-241-68.hsd1.co.comcast.net)
[08:55:06] *** Joins: f_ (s-16abab34@2001:1600:10:100::4b9)
[08:55:06] *** Joins: Snetry (~sentry@87.122.106.43)
[08:55:06] *** Joins: lex1 (lex@yuuh.pw)
[09:05:32] *** Joins: substanc3 (~substanc3@88.212.18.0)
[09:33:40] *** Joins: tertu (~tertu@75-168-222-204.mpls.qwest.net)
[09:33:54] *** Joins: hexkyz (~hexkyz@ec2-18-179-123-169.ap-northeast-1.compute.amazonaws.com)
[11:01:13] *** Quits: ris2z (~2ri@129.151.212.230) (Quit: ZNC 1.9.0+deb2build3 - https://znc.in)
[11:01:33] *** Joins: ris2z (~2ri@129.151.212.230)
[11:04:56] *** Quits: ris2z (~2ri@129.151.212.230) (Client Quit)
[11:06:06] *** Joins: ris2z (~2ri@129.151.212.230)
[13:28:42] *** Quits: oreo639 (~oreo639@syn-104-173-203-227.res.spectrum.com) (Read error: Operation timed out)
[13:40:47] *** Quits: n87 (~n87@213142096180.public.telering.at) (Read error: Connection reset by peer)
[17:03:44] <plutobot> Wiki | Page changed: Manu services | User: yls8 | https://switchbrew.org/w/index.php?curid=207&diff=12877&oldid=12876
[17:14:31] *** Quits: CCFL_Man (c43f21df7a@c-174-60-188-125.hsd1.pa.comcast.net) (Read error: Connection reset by peer)
[17:32:02] *** Joins: tpw_rules (~tpw_rules@li1059-135.members.linode.com)
[20:45:45] *** Joins: n87 (~n87@213142096180.public.telering.at)
[22:43:46] <plutobot> GitHub | New PR: spl add missi... | User: IrneRacoonovich | https://github.com/switchbrew/libnx/pull/649
[22:51:42] *** Quits: n87 (~n87@213142096180.public.telering.at) (Read error: Connection reset by peer)
[23:44:28] <plutobot> Wiki | Page changed: Manu services | User: Hexkyz | https://switchbrew.org/w/index.php?curid=207&diff=12878&oldid=12877
