[00:01:54] *** oreo639_ is now known as oreo639
[01:16:21] *** Quits: lameboy (~lameboy@202.47.121.182) (Read error: Connection reset by peer)
[01:16:43] *** Joins: lameboy (~lameboy@202.47.121.182)
[01:30:09] *** Quits: fgsfds (~figgis@56347483.rev.stofanet.dk) (Read error: Connection reset by peer)
[03:34:40] *** Joins: sentry (~sentry@87.122.104.122)
[03:35:59] *** Quits: Snetry (~sentry@87.122.105.39) (Read error: Operation timed out)
[03:36:00] *** sentry is now known as Snetry
[05:52:53] *** Quits: Stary (Stary@thonk.9net.org) (Quit: ZNC - http://znc.in)
[06:03:21] *** Joins: Stary (Stary@thonk.9net.org)
[07:37:41] *** Quits: oreo639 (~oreo639@syn-076-174-070-119.res.spectrum.com) (Quit: Quit)
[07:38:25] *** Joins: oreo639 (~oreo639@syn-076-174-070-119.res.spectrum.com)
[08:13:35] *** Joins: n87 (~n87@213142097026.public.telering.at)
[08:30:56] *** Quits: oreo639 (~oreo639@syn-076-174-070-119.res.spectrum.com) (Read error: Operation timed out)
[08:49:41] *** Joins: oreo639 (~oreo639@syn-076-174-070-119.res.spectrum.com)
[08:55:02] *** Joins: n87_2 (~n87@213142097026.public.telering.at)
[08:55:51] *** Joins: n87_3 (~n87@213142097026.public.telering.at)
[09:01:08] *** Quits: n87 (~n87@213142097026.public.telering.at) (Read error: Operation timed out)
[09:01:15] *** Quits: n87_2 (~n87@213142097026.public.telering.at) (Read error: Operation timed out)
[09:17:13] *** Joins: n87_2 (~n87@213142097026.public.telering.at)
[09:24:13] *** Quits: n87_3 (~n87@213142097026.public.telering.at) (Read error: Operation timed out)
[10:42:05] *** Quits: uyjulian (~uyjulian@99-35-187-227.lightspeed.lbcktx.sbcglobal.net) (Ping timeout: 260 seconds)
[11:10:23] *** Joins: uyjulian (~uyjulian@99-35-187-227.lightspeed.lbcktx.sbcglobal.net)
[11:30:39] *** Quits: |Shadow| (~Shadow1@ip24-253-244-123.ok.ok.cox.net) ()
[11:36:45] *** Joins: |Shadow| (~Shadow1@ip24-253-244-123.ok.ok.cox.net)
[12:06:39] *** Quits: oreo639 (~oreo639@syn-076-174-070-119.res.spectrum.com) (Read error: Operation timed out)
[18:32:40] *** Quits: n87_2 (~n87@213142097026.public.telering.at) (Read error: Connection reset by peer)
[19:44:52] *** Joins: oreo639 (~oreo639@99-177-188-58.lightspeed.irvnca.sbcglobal.net)
[23:16:30] *** Quits: oreo639 (~oreo639@99-177-188-58.lightspeed.irvnca.sbcglobal.net) (Remote host closed the connection)
[23:16:47] *** Joins: oreo639 (~oreo639@99-177-188-58.lightspeed.irvnca.sbcglobal.net)
[23:24:34] *** Quits: oreo639 (~oreo639@99-177-188-58.lightspeed.irvnca.sbcglobal.net) (Remote host closed the connection)
[23:24:49] *** Joins: oreo639 (~oreo639@99-177-188-58.lightspeed.irvnca.sbcglobal.net)
