[00:11:59] *** Joins: Maylay (~gren@108-198-59-230.lightspeed.miamfl.sbcglobal.net)
[02:11:46] *** Quits: fgsfds (~figgis@56347483.rev.stofanet.dk) (Read error: Connection reset by peer)
[03:56:05] *** Joins: sentry (~sentry@87.122.104.32)
[03:57:24] *** Quits: Snetry (~sentry@87.122.14.214) (Read error: Operation timed out)
[03:57:25] *** sentry is now known as Snetry
[04:14:34] <plutobot> Wiki | Page changed: Homebrew Themes | User: TownInPanic | https://switchbrew.org/w/index.php?curid=355&diff=12852&oldid=9048
[04:35:34] <plutobot> Wiki | Page changed: Homebrew Themes | User: TownInPanic | https://switchbrew.org/w/index.php?curid=355&diff=12853&oldid=12852
[07:04:06] *** Quits: yls8bot (~yls8bot@mtheall.com) (hub.efnet.us irc.servercentral.net)
[07:04:07] *** Quits: DeusQain (quasselcor@mx.qainsworld.com) (hub.efnet.us irc.servercentral.net)
[07:04:07] *** Quits: yellows8 (~yellows8@adiza.nexticom.net) (hub.efnet.us irc.servercentral.net)
[07:19:56] *** Joins: DeusQain (quasselcor@mx.qainsworld.com)
[08:38:57] *** Joins: yellows8 (~yellows8@adiza.nexticom.net)
[08:39:21] *** Joins: yls8bot (~yls8bot@mtheall.com)
[09:56:05] *** Quits: averne (~averne@2001:861:5102:3290:dea6:32ff:fe1e:6cd) (quit)
[09:59:24] *** Joins: averne (~averne@2001:861:5102:3290:dea6:32ff:fe1e:6cd)
[09:59:24] *** Server sets mode: +stn 
[11:03:45] <plutobot> Wiki | Page changed: Talk:Flog | User: PongGX | https://switchbrew.org/w/index.php?curid=492&diff=12854&oldid=12850
[11:20:53] *** Joins: fgsfds (~figgis@56347483.rev.stofanet.dk)
[17:45:50] *** Joins: mendelmun (~mendelmun@2600:4041:5ac9:a100:b225:aaff:fe5e:10eb)
[17:46:04] *** Quits: mendel_mu (~mendelmun@pool-71-105-57-155.nycmny.fios.verizon.net) (Read error: Operation timed out)
[19:43:15] *** Joins: GerbilSof (~GerbilSof@108.50.183.242)
[22:14:14] *** Joins: sentry (~sentry@87.122.104.32)
[22:14:14] *** Quits: Snetry (~sentry@87.122.104.32) (Read error: Connection reset by peer)
[22:14:21] *** sentry is now known as Snetry
[22:29:49] *** Quits: averne (~averne@2001:861:5102:3290:dea6:32ff:fe1e:6cd) (quit)
[22:32:09] *** Joins: averne_ (~averne@i19-les01-ix2-212-195-196-113.sfr.lns.abo.bbox.fr)
[22:32:09] *** Server sets mode: +stn 
[22:38:15] *** Quits: averne (~averne@2001:861:5102:3290:dea6:32ff:fe1e:6cd) (Read error: Operation timed out)
[22:38:15] *** averne_ is now known as averne
[22:55:03] *** Quits: DeusQain (quasselcor@mx.qainsworld.com) (Read error: Operation timed out)
[22:55:35] *** Joins: DeusQain (quasselcor@mx.qainsworld.com)
[23:28:16] *** Quits: GerbilSof (~GerbilSof@108.50.183.242) (Quit: Windows must now restart because the Remote Procedure Call (RPC) service terminated unexpectedly.)
