[00:12:01] *** Joins: oreo639 (~oreo639@syn-076-174-070-119.res.spectrum.com)
[01:22:05] *** Quits: oreo639 (~oreo639@syn-076-174-070-119.res.spectrum.com) (Ping timeout: 240 seconds)
[01:28:15] *** Joins: oreo639 (~oreo639@syn-076-174-070-119.res.spectrum.com)
[02:39:25] <plutobot> Wiki | Page changed: Flog | User: Hexkyz | https://switchbrew.org/w/index.php?curid=215&diff=12848&oldid=12309
[03:17:32] *** Joins: balrog_ (znc@pool-96-245-161-49.phlapa.fios.verizon.net)
[03:17:32] *** Joins: GerbilSof (~GerbilSof@pool-108-24-159-83.cmdnnj.fios.verizon.net)
[03:23:21] *** Quits: averne (~averne@i19-les01-ix2-212-195-196-113.sfr.lns.abo.bbox.fr) (quit)
[03:25:36] *** Joins: averne_ (~averne@2001:861:5102:3290:dea6:32ff:fe1e:6cd)
[03:25:36] *** Quits: Genolo (~fear@2a01:7e00::f03c:91ff:fe93:8d42) (Ping timeout: 857 seconds)
[03:25:36] *** Server sets mode: +stn 
[03:26:01] *** Joins: Genolo (~fear@151.236.216.141)
[03:30:07] *** Quits: balrog (znc@pool-96-245-161-49.phlapa.fios.verizon.net) (Read error: Operation timed out)
[03:30:07] *** balrog_ is now known as balrog
[03:34:12] *** Quits: averne (~averne@i19-les01-ix2-212-195-196-113.sfr.lns.abo.bbox.fr) (Read error: Operation timed out)
[03:34:13] *** averne_ is now known as averne
[03:56:51] *** Joins: sentry (~sentry@87.122.14.214)
[04:04:09] *** Quits: oreo639 (~oreo639@syn-076-174-070-119.res.spectrum.com) (Quit: Quit)
[04:04:44] *** Quits: yellows8 (~yellows8@adiza.nexticom.net) (hub.efnet.us irc.servercentral.net)
[04:06:40] *** Joins: yellows8 (~yellows8@adiza.nexticom.net)
[04:08:36] *** Quits: Snetry (~sentry@87.122.104.32) (Read error: Connection refused)
[04:08:37] *** sentry is now known as Snetry
[13:36:23] *** Quits: yellows8 (~yellows8@adiza.nexticom.net) (hub.efnet.us irc.servercentral.net)
[14:33:55] *** Joins: yellows8 (~yellows8@adiza.nexticom.net)
[14:36:31] *** Quits: DeusQain_ (quasselcor@mx.qainsworld.com) (Read error: Operation timed out)
[14:36:34] *** Joins: DeusQain (quasselcor@mx.qainsworld.com)
[14:38:09] *** Quits: substanc3 (~substanc3@88.212.18.0) (Read error: Operation timed out)
[15:30:18] <plutobot> Wiki | Page changed: Talk:Flog | User: PongGX | https://switchbrew.org/w/index.php?curid=492&diff=12849&oldid=12847
[15:40:09] *** Joins: substanc3 (~substanc3@88.212.18.0)
[15:59:06] *** Joins: fgsfds (~figgis@56347483.rev.stofanet.dk)
[16:00:35] *** Quits: GerbilSof (~GerbilSof@pool-108-24-159-83.cmdnnj.fios.verizon.net) (Quit: Windows must now restart because the Remote Procedure Call (RPC) service terminated unexpectedly.)
[19:09:36] <plutobot> Wiki | Page changed: Talk:Flog | User: Hexkyz | https://switchbrew.org/w/index.php?curid=492&diff=12850&oldid=12849
[20:50:37] *** Joins: uyjulian_ (~uyjulian@99-35-187-227.lightspeed.lbcktx.sbcglobal.net)
[20:51:56] *** Quits: mendelmun (~mendelmun@pool-71-105-57-155.nycmny.fios.verizon.net) (Read error: Operation timed out)
[20:51:57] *** Quits: yls8bot (~yls8bot@mtheall.com) (Read error: Operation timed out)
[20:51:57] *** Quits: klock (~efklock@vps1.ksociety.net) (Read error: Operation timed out)
[20:52:07] *** Quits: tertu (~tertu@65-128-147-189.mpls.qwest.net) (Read error: Operation timed out)
[20:52:14] *** Joins: yls8bot (~yls8bot@mtheall.com)
[20:52:44] *** Quits: tpw_rules (~tpw_rules@li1059-135.members.linode.com) (Read error: Operation timed out)
[20:52:56] *** Joins: tpw_rules (~tpw_rules@li1059-135.members.linode.com)
[20:53:02] *** Quits: uyjulian (~uyjulian@99-35-187-227.lightspeed.lbcktx.sbcglobal.net) (Read error: Operation timed out)
[20:53:02] *** uyjulian_ is now known as uyjulian
[20:55:31] *** Quits: |Shadow| (~Shadow1@ip24-253-244-123.ok.ok.cox.net) (Read error: Operation timed out)
[20:56:21] *** Quits: hexkyz (~hexkyz@ec2-18-179-123-169.ap-northeast-1.compute.amazonaws.com) (Read error: Operation timed out)
[20:59:26] *** Joins: klock (~efklock@vps1.ksociety.net)
[20:59:34] *** Joins: tertu (~tertu@65-128-147-189.mpls.qwest.net)
[21:01:12] *** Joins: |Shadow| (~Shadow1@ip24-253-244-123.ok.ok.cox.net)
[21:04:14] *** Joins: mendel_mu (~mendelmun@pool-71-105-57-155.nycmny.fios.verizon.net)
[21:04:41] *** Joins: hexkyz (~hexkyz@ec2-18-179-123-169.ap-northeast-1.compute.amazonaws.com)
