[00:37:15] *** Joins: refs (~refs@p4fec8568.dip0.t-ipconnect.de)
[01:09:16] *** Quits: fgsfds (~figgis@85.191.222.221) (Read error: Connection reset by peer)
[02:08:11] *** Quits: Behemoth (~quassel@2001:8d8:1801:44d::1) (Quit: Quit)
[02:09:06] *** Joins: Behemoth (~quassel@2001:8d8:1801:44d::1)
[05:06:55] *** Quits: refs (~refs@p4fec8568.dip0.t-ipconnect.de) (Quit: refs)
[05:12:34] *** Quits: oreo639 (~oreo639@2603-8000-0003-13e7-0000-0000-0000-1efd.res6.spectrum.com) (Read error: Operation timed out)
[06:37:21] *** Joins: oreo639 (~oreo639@2603-8000-0003-13e7-0000-0000-0000-1efd.res6.spectrum.com)
[07:54:23] *** Quits: uyjulian (~uyjulian@99-35-187-227.lightspeed.lbcktx.sbcglobal.net) (Read error: Operation timed out)
[07:55:55] *** Joins: uyjulian (~uyjulian@99-35-187-227.lightspeed.lbcktx.sbcglobal.net)
[08:55:45] *** Quits: oreo639 (~oreo639@2603-8000-0003-13e7-0000-0000-0000-1efd.res6.spectrum.com) (Ping timeout: 483 seconds)
[09:18:41] *** Joins: oreo639 (~oreo639@2603-8000-0003-13e7-0000-0000-0000-1efd.res6.spectrum.com)
[09:21:14] *** Quits: uyjulian (~uyjulian@99-35-187-227.lightspeed.lbcktx.sbcglobal.net) (Read error: Operation timed out)
[09:36:50] *** Joins: uyjulian (~uyjulian@99-35-187-227.lightspeed.lbcktx.sbcglobal.net)
[09:38:12] *** Joins: fgsfds (~figgis@85.191.222.221)
[11:33:09] *** Joins: n87 (~n87@212095008235.public.telering.at)
[14:03:53] *** Quits: oreo639 (~oreo639@2603-8000-0003-13e7-0000-0000-0000-1efd.res6.spectrum.com) (Ping timeout: 260 seconds)
[14:27:54] *** Joins: refs (~refs@p4fe750c5.dip0.t-ipconnect.de)
[16:29:36] *** Quits: fgsfds (~figgis@85.191.222.221) (Read error: Connection reset by peer)
[19:54:15] *** Quits: refs (~refs@p4fe750c5.dip0.t-ipconnect.de) (Quit: refs)
[23:10:17] *** Quits: balrog (znc@pool-173-62-160-227.phlapa.fios.verizon.net) (Read error: Operation timed out)
[23:12:33] *** Joins: balrog (znc@pool-173-62-160-227.phlapa.fios.verizon.net)
