[01:41:16] *** Quits: oreo639 (~oreo639@104-173-210-007.res.spectrum.com) (Ping timeout: 240 seconds)
[01:50:24] *** Joins: oreo639 (~oreo639@104-173-210-007.res.spectrum.com)
[02:36:37] *** Quits: oreo639 (~oreo639@104-173-210-007.res.spectrum.com) (Ping timeout: 260 seconds)
[02:43:58] *** Quits: fgsfds (~figgis@85.191.222.221) (Read error: Connection reset by peer)
[02:50:28] *** Joins: refs (~refs@p5de7e2d0.dip0.t-ipconnect.de)
[03:16:39] *** Joins: sentry (~sentry@87.122.107.24)
[03:17:58] *** Quits: Snetry (~sentry@87.122.107.40) (Read error: Connection refused)
[03:17:58] *** sentry is now known as Snetry
[04:56:59] *** Quits: refs (~refs@p5de7e2d0.dip0.t-ipconnect.de) (Quit: refs)
[06:50:44] *** Joins: oreo639 (~oreo639@104-173-210-007.res.spectrum.com)
[07:53:39] *** Quits: oreo639 (~oreo639@104-173-210-007.res.spectrum.com) (Quit: Quit)
[07:54:07] *** Joins: oreo639 (~oreo639@104-173-210-007.res.spectrum.com)
[07:55:11] *** Quits: theSuess (~theSuess@141.147.48.189) (hub.efnet.us irc.servercentral.net)
[07:55:11] *** Quits: tpw_rules (~tpw_rules@li1059-135.members.linode.com) (hub.efnet.us irc.servercentral.net)
[07:55:11] *** Quits: balrog (znc@pool-96-245-161-49.phlapa.fios.verizon.net) (hub.efnet.us irc.servercentral.net)
[07:55:11] *** Quits: yls8bot (~yls8bot@mtheall.com) (hub.efnet.us irc.servercentral.net)
[07:55:11] *** Quits: yellows8 (~yellows8@adiza.nexticom.net) (hub.efnet.us irc.servercentral.net)
[08:00:43] *** Joins: balrog_ (~balrog@pool-96-245-161-49.phlapa.fios.verizon.net)
[08:02:03] *** Joins: yls8bot_ (~yls8bot@mtheall.com)
[08:05:36] *** Joins: tpw-rules (~tpw_rules@li1059-135.members.linode.com)
[08:10:14] *** yls8bot_ is now known as yls8bot
[08:10:34] *** tpw-rules is now known as tpw_rules
[08:10:42] *** balrog_ is now known as balrog
[08:16:52] *** Joins: yellows8 (~yellows8@adiza.nexticom.net)
[08:19:21] *** Joins: theSuess (~theSuess@141.147.48.189)
[08:26:01] *** Quits: theSuess (~theSuess@141.147.48.189) (hub.efnet.us irc.servercentral.net)
[08:26:01] *** Quits: yellows8 (~yellows8@adiza.nexticom.net) (hub.efnet.us irc.servercentral.net)
[09:01:13] *** Joins: yellows8 (~yellows8@adiza.nexticom.net)
[09:01:54] *** Joins: theSuess (~theSuess@141.147.48.189)
[10:32:05] *** Quits: oreo639 (~oreo639@104-173-210-007.res.spectrum.com) (Ping timeout: 240 seconds)
[11:00:16] *** Joins: n87 (~n87@046125250074.public.t-mobile.at)
[11:36:10] *** Joins: oreo639 (~oreo639@104-173-210-007.res.spectrum.com)
[12:02:00] *** Quits: oreo639 (~oreo639@104-173-210-007.res.spectrum.com) (Read error: Operation timed out)
[12:12:41] *** Quits: n87 (~n87@046125250074.public.t-mobile.at) (Read error: Connection reset by peer)
[13:52:11] *** Joins: fgsfds (~figgis@85.191.222.221)
[20:19:40] *** Joins: refs (~refs@p5de7e6d3.dip0.t-ipconnect.de)
[22:04:08] *** Quits: yls8bot (~yls8bot@mtheall.com) (Read error: Operation timed out)
[22:04:23] *** Joins: yls8bot (~yls8bot@mtheall.com)
[22:05:44] *** Quits: tertu (~tertu@65-128-153-56.mpls.qwest.net) (Read error: Operation timed out)
[22:06:04] *** Quits: |Shadow| (~Shadow1@ip24-253-244-123.ok.ok.cox.net) (Read error: Operation timed out)
[22:06:19] *** Quits: tpw_rules (~tpw_rules@li1059-135.members.linode.com) (Read error: Operation timed out)
[22:07:37] *** Quits: CCFL_Man (~closet@c-174-60-188-125.hsd1.pa.comcast.net) (Read error: Operation timed out)
[22:08:30] *** Quits: hexkyz (~hexkyz@ec2-18-179-123-169.ap-northeast-1.compute.amazonaws.com) (Read error: Operation timed out)
[22:09:17] *** Joins: CCFL_Man (469114d532@c-174-60-188-125.hsd1.pa.comcast.net)
[22:12:05] *** Joins: tertu (~tertu@65-128-153-56.mpls.qwest.net)
[22:12:15] *** Joins: hexkyz (~hexkyz@ec2-18-179-123-169.ap-northeast-1.compute.amazonaws.com)
[22:12:35] *** Joins: tpw_rules (~tpw_rules@li1059-135.members.linode.com)
[22:16:11] *** Joins: |Shadow| (~Shadow1@ip24-253-244-123.ok.ok.cox.net)
[22:27:40] *** Joins: n87 (~n87@046125250046.public.t-mobile.at)
[23:20:37] *** Quits: n87 (~n87@046125250046.public.t-mobile.at) (Read error: Connection reset by peer)
[23:41:29] *** Quits: tpw_rules (~tpw_rules@li1059-135.members.linode.com) (Read error: Operation timed out)
[23:42:58] *** Quits: tertu (~tertu@65-128-153-56.mpls.qwest.net) (Read error: Operation timed out)
[23:44:53] *** Quits: |Shadow| (~Shadow1@ip24-253-244-123.ok.ok.cox.net) (Read error: Operation timed out)
[23:45:35] *** Joins: oreo639 (~oreo639@104-173-210-007.res.spectrum.com)
[23:47:14] *** Quits: hexkyz (~hexkyz@ec2-18-179-123-169.ap-northeast-1.compute.amazonaws.com) (Read error: Operation timed out)
