[02:53:49] *** Joins: refs (~refs@p5de7e3b5.dip0.t-ipconnect.de)
[04:28:27] *** Quits: refs (~refs@p5de7e3b5.dip0.t-ipconnect.de) (Quit: refs)
[04:59:11] *** Quits: fgsfds (~figgis@85.191.222.221) (Read error: Connection reset by peer)
[05:19:31] <plutobot> Wiki | Page changed: 18.0.0 | User: yls8 | https://switchbrew.org/w/index.php?curid=488&diff=12741&oldid=12728
[07:39:06] *** Quits: tertu (~tertu@65-128-153-56.mpls.qwest.net) (Read error: Operation timed out)
[07:44:14] *** Quits: |Shadow| (~Shadow1@ip24-253-244-123.ok.ok.cox.net) (Read error: Operation timed out)
[07:44:59] *** Quits: hexkyz (~hexkyz@ec2-18-179-123-169.ap-northeast-1.compute.amazonaws.com) (Read error: Operation timed out)
[07:58:18] *** Joins: tertu (~tertu@65-128-153-56.mpls.qwest.net)
[07:58:23] *** Joins: hexkyz (~hexkyz@ec2-18-179-123-169.ap-northeast-1.compute.amazonaws.com)
[07:59:38] *** Quits: Snetry (~sentry@87.122.105.236) (Write error: Broken pipe)
[08:02:49] *** Joins: |Shadow| (~Shadow1@ip24-253-244-123.ok.ok.cox.net)
[08:06:26] *** Quits: nrq (~nrq@ns340910.ip-37-59-40.eu) (Quit: -o-)
[08:09:22] *** Joins: nrq (~nrq@ns340910.ip-37-59-40.eu)
[08:16:26] *** Joins: Snetry (~sentry@87.122.105.236)
[09:45:18] *** Quits: oreo639_ (~oreo639@104-173-210-007.res.spectrum.com) (Read error: Operation timed out)
[09:58:29] *** Joins: oreo639 (~oreo639@104-173-210-007.res.spectrum.com)
[12:23:13] *** Quits: oreo639 (~oreo639@104-173-210-007.res.spectrum.com) (Ping timeout: 260 seconds)
[13:03:32] *** Joins: fgsfds (~figgis@85.191.222.221)
[13:12:27] *** Joins: refs (~refs@p5de7e8b4.dip0.t-ipconnect.de)
[14:19:31] *** Quits: refs (~refs@p5de7e8b4.dip0.t-ipconnect.de) (Quit: refs)
[14:49:11] *** Quits: Surkow (~Surkow@83-84-37-151.cable.dynamic.v4.ziggo.nl) (Ping timeout: 240 seconds)
[15:09:19] *** Joins: Surkow (~Surkow@83-84-37-151.cable.dynamic.v4.ziggo.nl)
[21:24:53] <plutobot> Wiki | Page changed: Services API | User: Hexkyz | https://switchbrew.org/w/index.php?curid=85&diff=12742&oldid=12676
[21:48:16] <plutobot> Wiki | Page changed: Sockets services | User: Hexkyz | https://switchbrew.org/w/index.php?curid=128&diff=12743&oldid=12569
[22:29:55] *** Joins: oreo639 (~oreo639@104-173-210-007.res.spectrum.com)
