[00:14:46] *** Quits: tertu (~tertu@65-128-182-103.mpls.qwest.net) (Read error: Operation timed out)
[00:15:50] *** Quits: fgsfds (~figgis@56347483.rev.stofanet.dk) (Read error: Connection reset by peer)
[00:15:50] *** Quits: tpw_rules (~tpw_rules@li1059-135.members.linode.com) (Read error: Operation timed out)
[00:16:54] *** Quits: Stary (~Stary@thonk.9net.org) (Read error: Operation timed out)
[00:18:43] *** Quits: GrecKo (~grecko@static.183.157.9.5.clients.your-server.de) (Read error: Connection reset by peer)
[00:18:43] *** Quits: |Shadow| (~Shadow1@ip24-253-244-123.ok.ok.cox.net) (Read error: Operation timed out)
[00:19:47] *** Joins: Stary (~Stary@thonk.9net.org)
[00:19:47] *** Joins: tpw_rules (~tpw_rules@li1059-135.members.linode.com)
[00:19:48] *** Joins: lameboy2 (~lameboy@202.47.121.182)
[00:20:27] *** Quits: hexkyz (~hexkyz@ec2-18-179-123-169.ap-northeast-1.compute.amazonaws.com) (Read error: Operation timed out)
[00:20:35] *** Quits: lameboy (~lameboy@202.47.121.182) (Read error: Operation timed out)
[00:20:35] *** lameboy2 is now known as lameboy
[00:21:44] *** Joins: hexkyz (~hexkyz@ec2-18-179-123-169.ap-northeast-1.compute.amazonaws.com)
[00:22:23] *** Joins: GrecKo (~grecko@static.183.157.9.5.clients.your-server.de)
[00:22:55] *** Joins: |Shadow| (~Shadow1@ip24-253-244-123.ok.ok.cox.net)
[00:23:09] *** Joins: tertu (~tertu@65-128-182-103.mpls.qwest.net)
[01:11:42] *** Quits: oreo639 (~oreo639@2603:8000:3:13e7::1efd) (Read error: Operation timed out)
[01:22:59] *** Joins: oreo639 (~oreo639@2603:8000:3:13e7::1efd)
[01:42:58] *** Joins: refs (~refs@p4fe75b7a.dip0.t-ipconnect.de)
[02:43:31] *** Quits: refs (~refs@p4fe75b7a.dip0.t-ipconnect.de) (Quit: refs)
[09:31:04] *** Joins: n87 (~n87@213162073176.public.t-mobile.at)
[09:50:08] *** Quits: yls8bot (~yls8bot@mtheall.com) (Read error: Operation timed out)
[09:50:29] *** Quits: klock (~efklock@vps1.ksociety.net) (Read error: Operation timed out)
[09:54:07] *** Joins: yls8bot (~yls8bot@mtheall.com)
[09:54:35] *** Joins: klock (~efklock@vps1.ksociety.net)
[11:02:30] *** Quits: oreo639 (~oreo639@2603:8000:3:13e7::1efd) (Ping timeout: 483 seconds)
[12:02:17] *** Quits: n87 (~n87@213162073176.public.t-mobile.at) (Read error: Connection reset by peer)
[12:16:13] *** Quits: averne (~averne@i19-les01-ix2-212-195-196-113.sfr.lns.abo.bbox.fr) (quit)
[12:18:29] *** Joins: averne_ (~averne@i19-les01-ix2-212-195-196-113.sfr.lns.abo.bbox.fr)
[12:18:29] *** Server sets mode: +stn 
[12:19:40] *** Quits: Maylay (~gren@108-198-59-230.lightspeed.miamfl.sbcglobal.net) (Read error: Operation timed out)
[12:19:57] *** Joins: Maylay (~gren@108-198-59-230.lightspeed.miamfl.sbcglobal.net)
[12:22:23] *** Quits: lameboy (~lameboy@202.47.121.182) (Ping timeout: 622 seconds)
[12:23:55] *** Quits: averne (~averne@i19-les01-ix2-212-195-196-113.sfr.lns.abo.bbox.fr) (Ping timeout: 622 seconds)
[12:23:55] *** averne_ is now known as averne
[13:01:58] *** Joins: tertu2 (~tertu@65-128-147-189.mpls.qwest.net)
[13:03:31] *** Quits: tertu (~tertu@65-128-182-103.mpls.qwest.net) (Read error: Operation timed out)
[13:03:31] *** tertu2 is now known as tertu
[13:04:33] *** Joins: lameboy (~lameboy@202.47.121.182)
[20:29:21] *** Joins: oreo639 (~oreo639@2603:8000:3:13e7::1efd)
[22:54:24] *** Joins: refs (~refs@p4fec8533.dip0.t-ipconnect.de)
[23:18:15] *** Quits: oreo639 (~oreo639@2603:8000:3:13e7::1efd) (Ping timeout: 483 seconds)
[23:44:07] *** Joins: oreo639 (~oreo639@2603:8000:3:13e7::1efd)
