[02:59:28] *** Joins: refs (~refs@p4fe753af.dip0.t-ipconnect.de)
[03:43:42] *** Quits: refs (~refs@p4fe753af.dip0.t-ipconnect.de) (Quit: refs)
[03:58:22] *** Quits: fgsfds (~figgis@56347483.rev.stofanet.dk) (Read error: Connection reset by peer)
[04:02:46] *** Quits: oreo639 (~oreo639@syn-076-174-070-119.res.spectrum.com) (Ping timeout: 622 seconds)
[04:15:51] *** Joins: oreo639 (~oreo639@syn-076-174-070-119.res.spectrum.com)
[04:33:57] *** Quits: oreo639 (~oreo639@syn-076-174-070-119.res.spectrum.com) (Read error: Operation timed out)
[09:53:59] *** Joins: n87 (~n87@213162073176.public.telering.at)
[11:32:22] *** Joins: fgsfds (~figgis@56347483.rev.stofanet.dk)
[13:22:03] *** Joins: nrq (~nrq@ns340910.ip-37-59-40.eu)
[13:41:59] *** Quits: nrq (~nrq@ns340910.ip-37-59-40.eu) (Read error: Connection reset by peer)
[16:06:59] *** Quits: GerbilSof (~GerbilSof@pool-108-24-159-83.cmdnnj.fios.verizon.net) (Quit: Windows must now restart because the Remote Procedure Call (RPC) service terminated unexpectedly.)
[19:57:58] *** Joins: refs (~refs@p5de7e369.dip0.t-ipconnect.de)
[20:50:31] *** Joins: oreo639 (~oreo639@syn-104-173-203-227.res.spectrum.com)
[21:44:03] *** Quits: Lightswor (~Lightswor@107.170.253.193) (hub.efnet.us irc.servercentral.net)
[21:44:03] *** Quits: DeusQain (quasselcor@mx.qainsworld.com) (hub.efnet.us irc.servercentral.net)
[21:44:03] *** Quits: yls8bot (~yls8bot@mtheall.com) (hub.efnet.us irc.servercentral.net)
[21:44:03] *** Quits: yellows8 (~yellows8@adiza.nexticom.net) (hub.efnet.us irc.servercentral.net)
[21:44:03] *** Quits: oldtopman (~oldtopman@c-76-25-241-68.hsd1.co.comcast.net) (hub.efnet.us irc.servercentral.net)
[21:47:28] *** Joins: yls8bot_ (~yls8bot@mtheall.com)
[21:53:44] *** Joins: DeusQain_ (quasselcor@mx.qainsworld.com)
[21:59:07] *** yls8bot_ is now known as yls8bot
[21:59:14] *** Joins: oldtopman (~oldtopman@c-76-25-241-68.hsd1.co.comcast.net)
[22:08:46] *** Joins: yellows8 (~yellows8@adiza.nexticom.net)
[23:21:37] *** Quits: n87 (~n87@213162073176.public.telering.at) (Read error: Connection reset by peer)
