[01:21:43] *** Joins: GerbilSof (~GerbilSof@pool-108-24-159-83.cmdnnj.fios.verizon.net)
[03:53:23] *** Quits: averne (~averne@2001:861:5102:3290:dea6:32ff:fe1e:6cd) (quit)
[03:55:39] *** Joins: averne (~averne@2001:861:5102:3290:dea6:32ff:fe1e:6cd)
[03:55:39] *** Server sets mode: +stn 
[06:01:46] *** Joins: oreo639 (~oreo639@syn-076-174-070-119.res.spectrum.com)
[07:01:54] *** Quits: Extrems (~gamecube@expert.extremscorner.org) (Remote host closed the connection)
[07:01:58] *** Joins: Extrems (gamecube@expert.extremscorner.org)
[08:51:29] *** Quits: substanc3 (~substanc3@88.212.18.0) (Read error: Operation timed out)
[08:54:21] *** Quits: tpw_rules (~tpw_rules@li1059-135.members.linode.com) (Ping timeout: 245 seconds)
[08:54:36] *** Joins: tpw_rules (~tpw_rules@li1059-135.members.linode.com)
[09:54:54] *** Joins: substanc3 (~substanc3@88.212.18.0)
[10:08:39] *** Quits: oreo639 (~oreo639@syn-076-174-070-119.res.spectrum.com) (Ping timeout: 606 seconds)
[10:45:21] *** Quits: uyjulian (~uyjulian@99-35-187-227.lightspeed.lbcktx.sbcglobal.net) (Ping timeout: 260 seconds)
[10:48:32] *** Joins: uyjulian (~uyjulian@99-35-187-227.lightspeed.lbcktx.sbcglobal.net)
[15:14:05] *** Quits: |Shadow| (~Shadow1@ip24-253-244-123.ok.ok.cox.net) ()
[15:14:48] *** Joins: |Shadow| (~Shadow1@ip24-253-244-123.ok.ok.cox.net)
[15:14:49] *** Quits: |Shadow| (~Shadow1@ip24-253-244-123.ok.ok.cox.net) (Excess Flood)
[15:15:20] *** Joins: |Shadow| (~Shadow1@ip24-253-244-123.ok.ok.cox.net)
[15:15:21] *** Quits: |Shadow| (~Shadow1@ip24-253-244-123.ok.ok.cox.net) (Excess Flood)
[15:18:09] *** Joins: |Shadow| (~Shadow1@ip24-253-244-123.ok.ok.cox.net)
[20:00:08] *** Joins: oreo639 (~oreo639@99-177-188-58.lightspeed.irvnca.sbcglobal.net)
[20:57:02] *** Quits: oldtopman (~oldtopman@c-76-25-241-68.hsd1.co.comcast.net) (Read error: Operation timed out)
[21:55:44] *** Joins: oldtopman (~oldtopman@c-76-25-241-68.hsd1.co.comcast.net)
[23:44:39] *** Quits: GerbilSof (~GerbilSof@pool-108-24-159-83.cmdnnj.fios.verizon.net) (Quit: Windows must now restart because the Remote Procedure Call (RPC) service terminated unexpectedly.)
