[00:19:33] *** Quits: oreo639 (~oreo639@99-177-188-58.lightspeed.irvnca.sbcglobal.net) (Ping timeout: 622 seconds)
[01:07:21] *** Joins: oreo639 (~oreo639@syn-076-174-070-119.res.spectrum.com)
[01:18:58] *** Joins: hexkyz (~hexkyz@ec2-18-179-123-169.ap-northeast-1.compute.amazonaws.com)
[01:19:06] *** Parts: hexkyz (~hexkyz@ec2-18-179-123-169.ap-northeast-1.compute.amazonaws.com) ()
[01:19:58] *** Joins: hexkyz (~hexkyz@ec2-18-179-123-169.ap-northeast-1.compute.amazonaws.com)
[01:20:16] *** Parts: hexkyz (~hexkyz@ec2-18-179-123-169.ap-northeast-1.compute.amazonaws.com) ()
[01:20:58] *** Joins: hexkyz (~hexkyz@ec2-18-179-123-169.ap-northeast-1.compute.amazonaws.com)
[01:21:59] *** Quits: hexkyz (~hexkyz@ec2-18-179-123-169.ap-northeast-1.compute.amazonaws.com) (...)
[01:24:51] *** Joins: hexkyz (~hexkyz@ec2-18-179-123-169.ap-northeast-1.compute.amazonaws.com)
[01:31:21] *** Parts: hexkyz (~hexkyz@ec2-18-179-123-169.ap-northeast-1.compute.amazonaws.com) ()
[01:31:37] *** Joins: hexkyz (~hexkyz@ec2-18-179-123-169.ap-northeast-1.compute.amazonaws.com)
[01:32:33] *** Parts: hexkyz (~hexkyz@ec2-18-179-123-169.ap-northeast-1.compute.amazonaws.com) ()
[01:32:36] *** Joins: hexkyz (~hexkyz@ec2-18-179-123-169.ap-northeast-1.compute.amazonaws.com)
[01:32:45] *** Parts: hexkyz (~hexkyz@ec2-18-179-123-169.ap-northeast-1.compute.amazonaws.com) ()
[01:33:37] *** Joins: hexkyz (~hexkyz@ec2-18-179-123-169.ap-northeast-1.compute.amazonaws.com)
[01:36:55] *** Parts: hexkyz (~hexkyz@ec2-18-179-123-169.ap-northeast-1.compute.amazonaws.com) ()
[01:37:37] *** Joins: hexkyz (~hexkyz@ec2-18-179-123-169.ap-northeast-1.compute.amazonaws.com)
[01:37:57] *** Parts: hexkyz (~hexkyz@ec2-18-179-123-169.ap-northeast-1.compute.amazonaws.com) ()
[01:38:37] *** Joins: hexkyz (~hexkyz@ec2-18-179-123-169.ap-northeast-1.compute.amazonaws.com)
[01:38:59] *** Quits: hexkyz (~hexkyz@ec2-18-179-123-169.ap-northeast-1.compute.amazonaws.com) (...)
[01:40:56] *** Joins: hexkyz (~hexkyz@ec2-18-179-123-169.ap-northeast-1.compute.amazonaws.com)
[01:48:30] *** Parts: hexkyz (~hexkyz@ec2-18-179-123-169.ap-northeast-1.compute.amazonaws.com) ()
[01:50:07] *** Joins: hexkyz (~hexkyz@ec2-18-179-123-169.ap-northeast-1.compute.amazonaws.com)
[01:53:34] *** Quits: hexkyz (~hexkyz@ec2-18-179-123-169.ap-northeast-1.compute.amazonaws.com) (...)
[02:02:47] *** Joins: hexkyz (~hexkyz@ec2-18-179-123-169.ap-northeast-1.compute.amazonaws.com)
[02:05:01] *** Quits: hexkyz (~hexkyz@ec2-18-179-123-169.ap-northeast-1.compute.amazonaws.com) (Client Quit)
[02:07:10] *** Joins: hexkyz (~hexkyz@ec2-18-179-123-169.ap-northeast-1.compute.amazonaws.com)
[02:22:13] *** Quits: GeekShado (~antoine@lbf.turmel.info) (Ping timeout: 240 seconds)
[02:23:23] *** Joins: GeekShado (~antoine@lbf.turmel.info)
[02:25:26] *** Quits: hexkyz (~hexkyz@ec2-18-179-123-169.ap-northeast-1.compute.amazonaws.com) (Remote host closed the connection)
[02:46:45] *** Joins: lameboy2 (~lameboy@202.47.121.182)
[02:49:46] *** Joins: hexkyz (~hexkyz@ec2-18-179-123-169.ap-northeast-1.compute.amazonaws.com)
[02:52:32] *** Parts: hexkyz (~hexkyz@ec2-18-179-123-169.ap-northeast-1.compute.amazonaws.com) ()
[02:53:30] *** Joins: hexkyz (~hexkyz@ec2-18-179-123-169.ap-northeast-1.compute.amazonaws.com)
[02:54:24] *** Quits: lameboy (~lameboy@202.47.121.182) (Read error: Operation timed out)
[02:54:28] *** lameboy2 is now known as lameboy
[02:54:42] *** Parts: hexkyz (~hexkyz@ec2-18-179-123-169.ap-northeast-1.compute.amazonaws.com) ()
[02:55:30] *** Joins: hexkyz (~hexkyz@ec2-18-179-123-169.ap-northeast-1.compute.amazonaws.com)
[02:55:52] *** Parts: hexkyz (~hexkyz@ec2-18-179-123-169.ap-northeast-1.compute.amazonaws.com) ()
[02:56:30] *** Joins: hexkyz (~hexkyz@ec2-18-179-123-169.ap-northeast-1.compute.amazonaws.com)
[02:58:23] *** Quits: hexkyz (~hexkyz@ec2-18-179-123-169.ap-northeast-1.compute.amazonaws.com) (...)
[03:15:15] *** Joins: hexkyz (~hexkyz@ec2-18-179-123-169.ap-northeast-1.compute.amazonaws.com)
[03:16:44] *** Quits: hexkyz (~hexkyz@ec2-18-179-123-169.ap-northeast-1.compute.amazonaws.com) (Client Quit)
[03:18:28] *** Joins: hexkyz (~hexkyz@ec2-18-179-123-169.ap-northeast-1.compute.amazonaws.com)
[03:19:03] *** Joins: Miah_Snep (~a_sneppid@2603:6081:6e00:4583:9998:a255:53c:d7fb)
[03:19:58] *** Quits: Miah_Snep (~a_sneppid@2603:6081:6e00:4583:9998:a255:53c:d7fb) (Client Quit)
[03:22:06] *** Joins: Miah_Snep (~a_sneppid@2603:6081:6e00:4583:9998:a255:53c:d7fb)
[04:30:48] *** Quits: oreo639 (~oreo639@syn-076-174-070-119.res.spectrum.com) (Read error: Operation timed out)
[06:51:51] *** Joins: oreo639 (~oreo639@syn-104-173-203-227.res.spectrum.com)
[08:17:05] *** Quits: Miah_Snep (~a_sneppid@2603:6081:6e00:4583:9998:a255:53c:d7fb) (Quit: Leaving)
[08:47:16] *** Quits: oreo639 (~oreo639@syn-104-173-203-227.res.spectrum.com) (Ping timeout: 240 seconds)
[14:42:13] *** Joins: n87 (~n87@213162081202.public.telering.at)
[16:18:45] *** Quits: n87 (~n87@213162081202.public.telering.at) (Read error: Connection reset by peer)
[20:44:04] *** Quits: hexkyz (~hexkyz@ec2-18-179-123-169.ap-northeast-1.compute.amazonaws.com) (...)
[21:19:57] *** Joins: hexkyz (~hexkyz@ec2-18-179-123-169.ap-northeast-1.compute.amazonaws.com)
[21:35:01] *** Joins: oreo639 (~oreo639@syn-104-173-203-227.res.spectrum.com)
