[00:48:48] *** Quits: lansiir (~oldtopman@c-71-205-4-123.hsd1.co.comcast.net) (Read error: Operation timed out)
[01:25:45] *** Joins: oreo639 (~oreo639@104-173-210-007.res.spectrum.com)
[01:30:42] *** Joins: oldtopman (~oldtopman@c-71-205-4-123.hsd1.co.comcast.net)
[01:44:12] *** Joins: refs (~refs@p5de7e6c2.dip0.t-ipconnect.de)
[02:51:55] *** Quits: oreo639 (~oreo639@104-173-210-007.res.spectrum.com) (Read error: Operation timed out)
[03:03:54] *** Joins: oreo639 (~oreo639@104-173-210-007.res.spectrum.com)
[03:19:02] *** Quits: tertu (~tertu@65-128-178-171.mpls.qwest.net) (Read error: Operation timed out)
[03:20:59] *** Quits: ihaveama- (~ihaveamac@ihaveahax.net) (Read error: Operation timed out)
[03:21:14] *** Joins: ihaveamac (~ihaveamac@ihaveahax.net)
[03:22:14] *** Quits: yls8bot (~yls8bot@mtheall.com) (Read error: Operation timed out)
[03:22:28] *** Joins: yls8bot (~yls8bot@mtheall.com)
[03:22:56] *** Joins: tertu (~tertu@65-128-178-171.mpls.qwest.net)
[03:23:50] *** Joins: balrog_ (znc@pool-173-62-160-227.phlapa.fios.verizon.net)
[03:24:06] *** Quits: tpw_rules (~tpw_rules@li1059-135.members.linode.com) (Read error: Operation timed out)
[03:26:49] *** Quits: uyjulian (~uyjulian@99-35-187-227.lightspeed.lbcktx.sbcglobal.net) (Ping timeout: 620 seconds)
[03:26:49] *** Quits: hexkyz (~hexkyz@ec2-18-179-123-169.ap-northeast-1.compute.amazonaws.com) (Ping timeout: 620 seconds)
[03:27:44] *** Quits: tertu (~tertu@65-128-178-171.mpls.qwest.net) (Read error: Operation timed out)
[03:30:17] *** Quits: DacoTaco (~DacoTaco@178-119-112-131.access.telenet.be) (Read error: Operation timed out)
[03:30:28] *** Joins: DacoTaco (~DacoTaco@ptr-dvl7o182lwpmdg7f53g.18120a2.ip6.access.telenet.be)
[03:31:14] *** Quits: balrog (~balrog@pool-173-62-160-227.phlapa.fios.verizon.net) (Read error: Operation timed out)
[03:31:14] *** balrog_ is now known as balrog
[03:36:53] *** Quits: |Shadow| (~Shadow1@ip24-253-244-123.ok.ok.cox.net) (Read error: Operation timed out)
[03:37:16] *** Joins: uyjulian (~uyjulian@99-35-187-227.lightspeed.lbcktx.sbcglobal.net)
[03:38:23] *** Joins: tpw_rules (~tpw_rules@li1059-135.members.linode.com)
[03:38:23] *** Joins: hexkyz (~hexkyz@ec2-18-179-123-169.ap-northeast-1.compute.amazonaws.com)
[03:39:23] *** Joins: tertu (~tertu@65-128-178-171.mpls.qwest.net)
[03:44:03] *** Joins: |Shadow|_ (~Shadow1@ip24-253-244-123.ok.ok.cox.net)
[04:09:05] *** Quits: refs (~refs@p5de7e6c2.dip0.t-ipconnect.de) (Quit: refs)
[05:13:08] *** Quits: fgsfds (~figgis@85.191.222.221) (Read error: Connection reset by peer)
[09:26:30] *** |Shadow|_ is now known as |Shadow|
[09:52:28] *** Joins: n87 (~n87@213162073194.public.t-mobile.at)
[10:55:17] *** Quits: oreo639 (~oreo639@104-173-210-007.res.spectrum.com) (Ping timeout: 240 seconds)
[13:48:26] *** Joins: fgsfds (~figgis@85.191.222.221)
[17:05:51] *** Joins: refs (~refs@p5de7e0be.dip0.t-ipconnect.de)
[20:01:46] *** Quits: d3m3vilur (sid4654@id-4654.ilkley.irccloud.com) (se.hub irc.efnet.nl)
[20:01:46] *** Quits: Extrems (gamecube@expert.extremscorner.org) (se.hub irc.efnet.nl)
[20:01:46] *** Quits: klockee (~efklock@vps1.ksociety.net) (se.hub irc.efnet.nl)
[20:01:46] *** Quits: lex1 (lex@yuuh.pw) (se.hub irc.efnet.nl)
[20:02:03] *** Quits: mimoja65 (~Mimoja@mail.mimoja.de) (Quit: Ping timeout (120 seconds))
[20:02:15] *** Joins: mimoja65 (~Mimoja@mail.mimoja.de)
[20:02:42] *** Joins: d3m3vilur (sid4654@id-4654.ilkley.irccloud.com)
[20:02:42] *** Joins: Extrems (gamecube@expert.extremscorner.org)
[20:02:42] *** Joins: klockee (~efklock@vps1.ksociety.net)
[20:02:42] *** Joins: lex1 (lex@yuuh.pw)
[23:00:07] *** Joins: oreo639 (~oreo639@104-173-210-007.res.spectrum.com)
[23:15:55] *** Joins: tertu2 (~tertu@65-128-156-15.mpls.qwest.net)
[23:17:27] *** Quits: tertu (~tertu@65-128-178-171.mpls.qwest.net) (Read error: Operation timed out)
[23:17:28] *** tertu2 is now known as tertu
