[00:02:56] *** Joins: oreo639 (~oreo639@2603:8000:3:13e7::1efd)
[00:59:11] *** Joins: oreo639_ (~oreo639@2603:8000:3:13e7::1efd)
[00:59:11] *** Quits: oreo639 (~oreo639@2603:8000:3:13e7::1efd) (Read error: Connection reset by peer)
[01:04:41] *** Joins: oreo639 (~oreo639@2603:8000:3:13e7::1efd)
[01:04:42] *** Quits: oreo639_ (~oreo639@2603:8000:3:13e7::1efd) (Read error: Connection reset by peer)
[01:05:59] *** Joins: oreo639_ (~oreo639@2603:8000:3:13e7::1efd)
[01:05:59] *** Quits: oreo639 (~oreo639@2603:8000:3:13e7::1efd) (Read error: Connection reset by peer)
[01:08:39] *** Joins: oreo639 (~oreo639@2603:8000:3:13e7::1efd)
[01:08:39] *** Quits: oreo639_ (~oreo639@2603:8000:3:13e7::1efd) (Read error: Connection reset by peer)
[01:55:19] *** Quits: Snetry (~sentry@87.122.105.37) (Read error: Operation timed out)
[01:58:59] *** Joins: balrog_ (znc@pool-96-245-161-49.phlapa.fios.verizon.net)
[01:58:59] *** Quits: Retr0id (~Retr0id@208.87.102.169) (Read error: Connection reset by peer)
[02:02:13] *** Quits: DacoTaco (~DacoTaco@ptr-dvl7o182lwpmdg7f53g.18120a2.ip6.access.telenet.be) (Read error: Operation timed out)
[02:02:28] *** Joins: DacoTaco (~DacoTaco@178-119-112-131.access.telenet.be)
[02:04:07] *** Joins: Genolol (~fear@2a01:7e00::f03c:91ff:fe93:8d42)
[02:06:10] *** Quits: lex1 (lex@yuuh.pw) (Read error: Operation timed out)
[02:08:16] *** Quits: Genolo (~fear@2a01:7e00::f03c:91ff:fe93:8d42) (Read error: Operation timed out)
[02:08:17] *** Genolol is now known as Genolo
[02:08:26] *** Joins: lex1 (lex@yuuh.pw)
[02:08:40] *** Joins: nrq_ (~nrq@ns340910.ip-37-59-40.eu)
[02:08:41] *** Quits: nrq (~nrq@ns340910.ip-37-59-40.eu) (Read error: Connection reset by peer)
[02:12:28] *** Quits: balrog (znc@pool-96-245-161-49.phlapa.fios.verizon.net) (Read error: Operation timed out)
[02:12:29] *** balrog_ is now known as balrog
[02:13:24] *** Joins: Snetry (~sentry@87.122.105.37)
[02:15:35] *** Joins: refs (~refs@p5de7efae.dip0.t-ipconnect.de)
[02:31:13] *** Joins: GerbilSof (~GerbilSof@pool-108-24-159-83.cmdnnj.fios.verizon.net)
[03:26:33] *** Quits: oreo639 (~oreo639@2603:8000:3:13e7::1efd) (Remote host closed the connection)
[03:28:11] *** Joins: oreo639 (~oreo639@2603:8000:3:13e7::1efd)
[03:29:39] *** Quits: oreo639 (~oreo639@2603:8000:3:13e7::1efd) (Client Quit)
[03:30:58] *** Joins: oreo639 (~oreo639@2603:8000:3:13e7::1efd)
[03:54:17] *** Quits: refs (~refs@p5de7efae.dip0.t-ipconnect.de) (Quit: refs)
[05:50:43] *** Quits: oreo639 (~oreo639@2603:8000:3:13e7::1efd) (Read error: Operation timed out)
[05:59:54] *** Joins: oreo639 (~oreo639@2603:8000:3:13e7::1efd)
[07:14:43] *** Quits: CCFL_Man (~closet@c-174-60-188-125.hsd1.pa.comcast.net) (Ping timeout: 240 seconds)
[07:15:30] *** Joins: CCFL_Man (0032794006@c-174-60-188-125.hsd1.pa.comcast.net)
[09:58:13] *** Quits: oreo639 (~oreo639@2603:8000:3:13e7::1efd) (Remote host closed the connection)
[09:58:43] *** Joins: oreo639 (~oreo639@2603:8000:3:13e7::1efd)
[10:17:57] *** Quits: oreo639 (~oreo639@2603:8000:3:13e7::1efd) (Ping timeout: 260 seconds)
[10:31:06] *** Joins: oreo639 (~oreo639@2603:8000:3:13e7::1efd)
[10:50:04] *** Joins: n87 (~n87@213142096248.public.telering.at)
[11:28:53] *** Joins: fgsfds (~figgis@56347483.rev.stofanet.dk)
[11:55:21] *** Quits: fgsfds (~figgis@56347483.rev.stofanet.dk) (Read error: Connection reset by peer)
[14:26:40] *** Joins: refs (~refs@p5de7e96c.dip0.t-ipconnect.de)
[15:06:08] *** Joins: CCFL_Man_ (a066d64bd8@c-174-60-188-125.hsd1.pa.comcast.net)
[15:08:58] *** Quits: CCFL_Man (0032794006@c-174-60-188-125.hsd1.pa.comcast.net) (Read error: Operation timed out)
[15:37:37] *** Quits: oreo639 (~oreo639@2603:8000:3:13e7::1efd) (Ping timeout: 260 seconds)
[16:11:06] *** Quits: substanc3 (~substanc3@ip-88-212-18-44.antik.sk) (hub.efnet.us irc.colosolutions.net)
[17:15:28] *** Joins: fgsfds (~figgis@56347483.rev.stofanet.dk)
[17:29:13] *** Joins: substanc3 (~substanc3@ip-88-212-18-44.antik.sk)
[22:47:18] *** Quits: n87 (~n87@213142096248.public.telering.at) (Read error: Connection reset by peer)
[23:45:07] *** Quits: GerbilSof (~GerbilSof@pool-108-24-159-83.cmdnnj.fios.verizon.net) (Quit: Windows must now restart because the Remote Procedure Call (RPC) service terminated unexpectedly.)
[23:47:07] *** Joins: GerbilSof (~GerbilSof@pool-108-24-159-83.cmdnnj.fios.verizon.net)
