[01:16:37] *** Joins: averne (~averne@2001:861:5102:3290:dea6:32ff:fe1e:6cd)
[01:16:37] *** Server sets mode: +stn 
[01:27:13] *** Joins: nohit__ (sid334887@id-334887.tinside.irccloud.com)
[01:38:26] *** Joins: oreo639 (~oreo639@130.166.192.142)
[01:48:20] *** Quits: fgsfds (~figgis@56347483.rev.stofanet.dk) (Read error: Connection reset by peer)
[02:24:40] *** Quits: oreo639 (~oreo639@130.166.192.142) (Read error: Operation timed out)
[02:48:20] *** Joins: GerbilSof (~GerbilSof@pool-108-24-159-83.cmdnnj.fios.verizon.net)
[03:56:42] *** Joins: sentry (~sentry@87.122.105.249)
[03:58:01] *** Quits: Snetry (~sentry@87.122.105.167) (Read error: Connection refused)
[03:58:03] *** sentry is now known as Snetry
[04:55:13] *** Joins: oreo639 (~oreo639@syn-104-173-210-007.res.spectrum.com)
[06:12:34] *** Quits: oreo639 (~oreo639@syn-104-173-210-007.res.spectrum.com) (Ping timeout: 622 seconds)
[06:43:04] *** Joins: oreo639 (~oreo639@syn-104-173-210-007.res.spectrum.com)
[09:32:40] *** Quits: oreo639 (~oreo639@syn-104-173-210-007.res.spectrum.com) (Ping timeout: 622 seconds)
[10:05:59] *** Joins: fgsfds (~figgis@56347483.rev.stofanet.dk)
[10:28:43] *** Quits: uyjulian (~uyjulian@99-35-187-227.lightspeed.lbcktx.sbcglobal.net) (Read error: Operation timed out)
[10:30:08] *** Joins: uyjulian (~uyjulian@99-35-187-227.lightspeed.lbcktx.sbcglobal.net)
[12:20:18] *** Quits: GerbilSof (~GerbilSof@pool-108-24-159-83.cmdnnj.fios.verizon.net) (Read error: Operation timed out)
[23:04:39] *** Joins: oreo639 (~oreo639@syn-104-173-210-007.res.spectrum.com)
[23:20:25] *** Joins: mendel_mu (~mendelmun@pool-71-105-57-155.nycmny.fios.verizon.net)
[23:20:44] *** mendel_mu is now known as munkis
