[00:05:41] *** Joins: oreo639 (~oreo639@104-173-210-007.res.spectrum.com)
[00:44:43] *** Quits: fgsfds (~figgis@85.191.222.221) (Read error: Connection reset by peer)
[02:30:49] *** Joins: refs (~refs@p4fec85ee.dip0.t-ipconnect.de)
[03:35:53] *** Joins: sentry (~sentry@87.122.104.232)
[03:37:12] *** Quits: Snetry (~sentry@87.122.107.227) (Read error: Connection refused)
[03:37:13] *** sentry is now known as Snetry
[04:37:10] *** Quits: refs (~refs@p4fec85ee.dip0.t-ipconnect.de) (Quit: refs)
[06:26:26] *** Joins: GerbilSof (~GerbilSof@pool-108-24-159-83.cmdnnj.fios.verizon.net)
[07:15:52] *** Quits: averne (~averne@2001:861:5102:3290:dea6:32ff:fe1e:6cd) (quit)
[07:16:10] *** Joins: averne_ (~averne@i19-les01-ix2-212-195-196-113.sfr.lns.abo.bbox.fr)
[07:16:10] *** Server sets mode: +stn 
[07:20:51] *** Quits: averne (~averne@2001:861:5102:3290:dea6:32ff:fe1e:6cd) (Read error: Operation timed out)
[07:20:51] *** averne_ is now known as averne
[07:38:52] *** Quits: averne (~averne@i19-les01-ix2-212-195-196-113.sfr.lns.abo.bbox.fr) (quit)
[07:41:06] *** Joins: averne_ (~averne@2001:861:5102:3290:dea6:32ff:fe1e:6cd)
[07:41:06] *** Server sets mode: +stn 
[07:42:28] *** Quits: averne (~averne@i19-les01-ix2-212-195-196-113.sfr.lns.abo.bbox.fr) (Read error: Operation timed out)
[07:42:28] *** averne_ is now known as averne
[07:45:39] *** Joins: Shiz_ (~shiz@chroma.shiz.me)
[11:27:41] *** Joins: fgsfds (~figgis@85.191.222.221)
[12:21:30] *** Quits: DacoTaco (~DacoTaco@178-119-112-131.access.telenet.be) (ny.us.hub irc.Prison.NET)
[12:27:24] *** Joins: n87 (~n87@213142096145.public.telering.at)
[12:29:59] *** Joins: DacoTaco_ (~DacoTaco@178-119-112-131.access.telenet.be)
[12:39:37] *** Quits: d3m3vilur (sid4654@id-4654.ilkley.irccloud.com) (Ping timeout: 493 seconds)
[12:40:26] *** Joins: d3m3vilur (sid4654@ilkley.irccloud.com)
[13:23:45] *** Quits: Snetry (~sentry@87.122.104.232) (Read error: Operation timed out)
[13:27:09] *** Quits: d3m3vilur (sid4654@ilkley.irccloud.com) (Ping timeout: 493 seconds)
[13:27:13] *** Joins: d3m3vilur (sid4654@id-4654.ilkley.irccloud.com)
[13:29:03] *** Joins: Snetry (~sentry@87.122.104.232)
[13:43:40] *** Quits: oreo639 (~oreo639@104-173-210-007.res.spectrum.com) (Ping timeout: 240 seconds)
[15:33:50] *** Quits: n87 (~n87@213142096145.public.telering.at) (Read error: Connection reset by peer)
[18:38:14] *** Joins: refs (~refs@p4fec81c2.dip0.t-ipconnect.de)
[20:05:22] *** Joins: n87 (~n87@213142096145.public.telering.at)
[20:46:59] <CCFL_Man> if you want to replace an emmc, doing a restore of boot0/1 and and the whole emmc is not enough, right? you need to restore pod.keys as well to copy your keys?
[22:26:11] <CCFL_Man> so it booted up after i restored boot0/1 and the raw emmc
[23:25:57] *** Quits: n87 (~n87@213142096145.public.telering.at) (Read error: Connection reset by peer)
