[00:50:55] *** Joins: oreo639 (~oreo639@076-174-070-119.res.spectrum.com)
[01:15:51] *** Quits: fgsfds (~figgis@85.191.222.221) (Read error: Connection reset by peer)
[02:39:53] *** Quits: KuKzz (~KuKzz@46.39.249.151) (Ping timeout: 260 seconds)
[02:43:55] *** Joins: KuKzz (~KuKzz@46.39.249.151)
[02:52:43] *** Quits: averne (~averne@i19-les01-ix2-212-195-196-113.sfr.lns.abo.bbox.fr) (quit)
[02:53:00] *** Joins: averne_ (~averne@2001:861:5102:3290:dea6:32ff:fe1e:6cd)
[02:53:00] *** Server sets mode: +stn 
[02:53:32] *** Joins: |Shadow|_ (~Shadow1@ip24-253-244-123.ok.ok.cox.net)
[02:53:47] *** Quits: averne (~averne@i19-les01-ix2-212-195-196-113.sfr.lns.abo.bbox.fr) (Read error: Operation timed out)
[02:53:47] *** averne_ is now known as averne
[02:53:57] *** Quits: flagrama_ (~flagrama_@hampstead.irccloud.com) (Ping timeout: 483 seconds)
[02:54:41] *** Quits: GerbilSof (~GerbilSof@pool-108-24-159-83.cmdnnj.fios.verizon.net) (Read error: Operation timed out)
[02:55:13] *** Quits: CCFL_Man (~closet@c-174-54-229-38.hsd1.pa.comcast.net) (Read error: Operation timed out)
[02:55:45] *** Quits: ihaveama- (~ihaveamac@ihaveahax.net) (Read error: Operation timed out)
[02:55:50] *** Joins: flagrama_ (flagrama_@id-145621.hampstead.irccloud.com)
[02:56:18] *** Quits: mimoja6 (~Mimoja@mail.mimoja.de) (Read error: Operation timed out)
[02:56:18] *** Quits: Normmatt (~Normmatt@cloud.normmatt.com) (Read error: Operation timed out)
[02:56:56] *** Quits: |Shadow| (~Shadow1@ip24-253-244-123.ok.ok.cox.net) (Read error: Operation timed out)
[02:59:13] *** Joins: refs (~refs@p4fec8fdd.dip0.t-ipconnect.de)
[03:05:22] *** Joins: CCFL_Man (~closet@c-174-54-229-38.hsd1.pa.comcast.net)
[03:44:10] *** Joins: mimoja6 (~Mimoja@mail.mimoja.de)
[04:13:55] *** Quits: oreo639 (~oreo639@076-174-070-119.res.spectrum.com) (Read error: Operation timed out)
[04:44:05] *** Quits: refs (~refs@p4fec8fdd.dip0.t-ipconnect.de) (Quit: refs)
[05:08:57] *** Joins: Normmatt (~Normmatt@cloud.normmatt.com)
[05:24:50] *** Joins: GerbilSof (~GerbilSof@pool-108-24-159-83.cmdnnj.fios.verizon.net)
[05:41:45] *** |Shadow|_ is now known as |Shadow|
[06:16:25] *** Joins: oreo639 (~oreo639@104-173-210-007.res.spectrum.com)
[07:42:21] *** Quits: ris2z (~2ri@129.151.212.230) (Remote host closed the connection)
[07:42:35] *** Joins: ris2z (~2ri@129.151.212.230)
[07:50:06] *** Quits: balrog (~balrog@pool-173-62-160-227.phlapa.fios.verizon.net) (Read error: Operation timed out)
[07:50:13] *** Quits: tertu (~tertu@65-128-189-155.mpls.qwest.net) (Read error: Operation timed out)
[07:51:28] *** Joins: balrog (znc@pool-173-62-160-227.phlapa.fios.verizon.net)
[07:51:39] *** Quits: zombie343 (~zombie343@pool-108-41-130-125.nycmny.fios.verizon.net) (Read error: Operation timed out)
[07:51:56] *** Joins: zombie343 (~zombie343@pool-108-41-130-125.nycmny.fios.verizon.net)
[07:54:00] *** Quits: |Shadow| (~Shadow1@ip24-253-244-123.ok.ok.cox.net) (Read error: Operation timed out)
[07:55:14] *** Joins: |Shadow| (~Shadow1@ip24-253-244-123.ok.ok.cox.net)
[07:55:36] *** Joins: tertu (~tertu@65-128-189-155.mpls.qwest.net)
[07:55:37] *** Quits: hexkyz (~hexkyz@ec2-18-179-123-169.ap-northeast-1.compute.amazonaws.com) (Ping timeout: 620 seconds)
[07:58:43] *** Joins: mtheall_ (~mtheall@mtheall.com)
[07:59:00] *** Quits: mtheall (~mtheall@mtheall.com) (Read error: Connection reset by peer)
[08:02:31] *** Joins: ihaveama- (~ihaveamac@ihaveahax.net)
[08:03:52] *** Joins: hexkyz (~hexkyz@ec2-18-179-123-169.ap-northeast-1.compute.amazonaws.com)
[08:04:09] *** Quits: ihaveamac (~ihaveamac@ihaveahax.net) (Ping timeout: 620 seconds)
[08:05:04] *** Quits: uyjulian (~uyjulian@99-35-187-227.lightspeed.lbcktx.sbcglobal.net) (Read error: Operation timed out)
[08:05:51] *** Joins: uyjulian (~uyjulian@99-35-187-227.lightspeed.lbcktx.sbcglobal.net)
[08:56:43] *** Joins: KuKzz_ (~KuKzz@46.39.249.151)
[09:02:38] *** Quits: KuKzz (~KuKzz@46.39.249.151) (Ping timeout: 857 seconds)
[09:44:32] *** Quits: zombie343 (~zombie343@pool-108-41-130-125.nycmny.fios.verizon.net) ()
[11:50:45] *** Joins: fgsfds (~figgis@85.191.222.221)
[12:28:10] *** Quits: oreo639 (~oreo639@104-173-210-007.res.spectrum.com) (Read error: Operation timed out)
[15:44:23] *** Quits: KuKzz_ (~KuKzz@46.39.249.151) (Ping timeout: 248 seconds)
[15:48:49] *** Joins: KuKzz (~KuKzz@46.39.249.151)
[21:53:08] *** Joins: oreo639 (~oreo639@104-173-210-007.res.spectrum.com)
[23:18:16] *** Quits: oreo639 (~oreo639@104-173-210-007.res.spectrum.com) (Read error: Operation timed out)
[23:19:00] *** Quits: flagrama_ (flagrama_@id-145621.hampstead.irccloud.com) (Ping timeout: 493 seconds)
[23:19:44] *** Joins: flagrama_ (flagrama_@id-145621.hampstead.irccloud.com)
