[00:46:14] *** Quits: fgsfds (~figgis@56347483.rev.stofanet.dk) (Read error: Connection reset by peer)
[01:25:18] *** Quits: oreo639 (~oreo639@syn-076-174-070-119.res.spectrum.com) (Ping timeout: 622 seconds)
[01:37:37] *** Joins: oreo639 (~oreo639@syn-076-174-070-119.res.spectrum.com)
[07:42:04] *** Quits: oreo639 (~oreo639@syn-076-174-070-119.res.spectrum.com) (Ping timeout: 240 seconds)
[08:00:23] *** Joins: oreo639 (~oreo639@syn-076-174-070-119.res.spectrum.com)
[08:16:41] *** Joins: n87 (~n87@213162081202.public.telering.at)
[08:42:35] *** Quits: oreo639 (~oreo639@syn-076-174-070-119.res.spectrum.com) (Quit: Quit)
[10:05:34] *** Joins: oreo639 (~oreo639@syn-076-174-070-119.res.spectrum.com)
[10:38:13] *** Quits: oldtopman (~oldtopman@c-76-25-241-68.hsd1.co.comcast.net) (Read error: Connection reset by peer)
[11:52:04] *** Quits: oreo639 (~oreo639@syn-076-174-070-119.res.spectrum.com) (Ping timeout: 240 seconds)
[16:25:36] *** Joins: oldtopman (~oldtopman@c-76-25-241-68.hsd1.co.comcast.net)
[16:56:38] *** Quits: n87 (~n87@213162081202.public.telering.at) (Read error: Connection reset by peer)
[17:04:57] *** Quits: GerbilSof (~GerbilSof@pool-108-24-159-83.cmdnnj.fios.verizon.net) (Quit: Windows must now restart because the Remote Procedure Call (RPC) service terminated unexpectedly.)
[17:16:52] *** Quits: Behemoth (~quassel@82.165.248.46) (Quit: Quit)
[17:33:33] *** Joins: Behemoth (~quassel@ip212-227-225-145.pbiaas.com)
[18:01:40] *** Joins: fgsfds (~figgis@56347483.rev.stofanet.dk)
[18:01:41] *** Quits: Behemoth (~quassel@ip212-227-225-145.pbiaas.com) (Read error: Connection reset by peer)
[18:02:03] *** Joins: Behemoth (~quassel@2a02:247a:22c:f00::1)
[18:13:26] *** Joins: CCFL_Mang (~jonathan@c-174-60-188-125.hsd1.pa.comcast.net)
[18:47:17] *** Joins: CCFL_Man1 (~jonathan@c-174-60-188-125.hsd1.pa.comcast.net)
[18:49:04] *** Quits: CCFL_Mang (~jonathan@c-174-60-188-125.hsd1.pa.comcast.net) (Read error: Operation timed out)
[19:27:52] *** Quits: hexkyz (~hexkyz@ec2-18-179-123-169.ap-northeast-1.compute.amazonaws.com) (blargh!)
[19:29:18] *** Joins: hexkyz (~hexkyz@ec2-18-179-123-169.ap-northeast-1.compute.amazonaws.com)
[19:42:48] *** Quits: hexkyz (~hexkyz@ec2-18-179-123-169.ap-northeast-1.compute.amazonaws.com) (blargh!)
[19:52:16] *** Joins: oreo639 (~oreo639@99-177-188-58.lightspeed.irvnca.sbcglobal.net)
[19:54:53] *** Joins: hexkyz (~hexkyz@ec2-18-179-123-169.ap-northeast-1.compute.amazonaws.com)
[20:30:04] *** Quits: hexkyz (~hexkyz@ec2-18-179-123-169.ap-northeast-1.compute.amazonaws.com) (blargh!)
