[01:40:44] *** Quits: Surkow (~Surkow@83-84-37-151.cable.dynamic.v4.ziggo.nl) (hub.efnet.us irc.Prison.NET)
[01:40:44] *** Quits: mtheall (~mtheall@mtheall.com) (hub.efnet.us irc.Prison.NET)
[01:40:44] *** Quits: GeekShado (~antoine@lbf.turmel.info) (hub.efnet.us irc.Prison.NET)
[01:42:25] *** Joins: GeekShad1 (~antoine@lbf.turmel.info)
[01:43:08] *** Joins: mtheall_ (~mtheall@mtheall.com)
[01:55:04] *** Joins: Surkow (~Surkow@83-84-37-151.cable.dynamic.v4.ziggo.nl)
[02:18:51] *** Quits: oreo639 (~oreo639@syn-076-174-070-119.res.spectrum.com) (Ping timeout: 622 seconds)
[03:30:21] *** Joins: oreo639 (~oreo639@syn-076-174-070-119.res.spectrum.com)
[04:09:16] *** Quits: oreo639 (~oreo639@syn-076-174-070-119.res.spectrum.com) (Ping timeout: 240 seconds)
[04:23:32] *** Joins: oreo639 (~oreo639@syn-076-174-070-119.res.spectrum.com)
[05:03:18] *** Quits: oreo639 (~oreo639@syn-076-174-070-119.res.spectrum.com) (Ping timeout: 622 seconds)
[06:33:07] *** Joins: oreo639 (~oreo639@2603:8000:3:13e7::1efd)
[08:11:26] *** Quits: ris2z (~2ri@129.151.212.230) (Quit: ZNC 1.9.0+deb2build3 - https://znc.in)
[08:12:17] *** Joins: ris2z (~2ri@129.151.212.230)
[08:34:45] *** Quits: |Shadow| (~Shadow1@ip24-253-244-123.ok.ok.cox.net) (Read error: Operation timed out)
[09:45:10] *** Joins: |Shadow| (~Shadow1@ip24-253-244-123.ok.ok.cox.net)
[09:49:12] *** Quits: |Shadow| (~Shadow1@ip24-253-244-123.ok.ok.cox.net) (Client Quit)
[09:49:35] *** Joins: |Shadow| (~Shadow1@ip24-253-244-123.ok.ok.cox.net)
[09:56:49] *** Quits: oreo639 (~oreo639@2603:8000:3:13e7::1efd) (Ping timeout: 260 seconds)
[10:51:20] *** Quits: uyjulian (~uyjulian@99-35-187-227.lightspeed.lbcktx.sbcglobal.net) (Read error: Operation timed out)
[10:56:29] *** Joins: uyjulian (~uyjulian@99-35-187-227.lightspeed.lbcktx.sbcglobal.net)
[15:53:46] *** Joins: n87 (~n87@213142096180.public.telering.at)
[16:28:54] *** Quits: GerbilSof (~GerbilSof@pool-108-24-159-83.cmdnnj.fios.verizon.net) (Quit: Windows must now restart because the Remote Procedure Call (RPC) service terminated unexpectedly.)
[18:49:35] <plutobot> Wiki | Page changed: Manu services | User: yls8 | https://switchbrew.org/w/index.php?curid=207&diff=12872&oldid=12424
[19:07:41] <plutobot> Wiki | Page changed: Manu services | User: yls8 | https://switchbrew.org/w/index.php?curid=207&diff=12873&oldid=12872
[19:53:13] <plutobot> Wiki | Page changed: Manu services | User: yls8 | https://switchbrew.org/w/index.php?curid=207&diff=12874&oldid=12873
[19:57:52] *** Joins: oreo639 (~oreo639@75-46-150-180.lightspeed.irvnca.sbcglobal.net)
[20:20:52] <plutobot> Wiki | Page changed: Manu services | User: yls8 | https://switchbrew.org/w/index.php?curid=207&diff=12875&oldid=12874
[23:55:21] *** Quits: n87 (~n87@213142096180.public.telering.at) (Read error: Connection reset by peer)
