[00:16:52] *** Quits: CCFL_Man (132e91f878@c-174-60-188-125.hsd1.pa.comcast.net) (Ping timeout: 240 seconds)
[00:18:48] *** Joins: CCFL_Man (6ba0d2b3a8@c-174-60-188-125.hsd1.pa.comcast.net)
[01:51:45] *** Quits: fgsfds (~figgis@85.191.222.221) (Read error: Connection reset by peer)
[03:08:03] *** Joins: refs (~refs@p4fe75605.dip0.t-ipconnect.de)
[03:11:59] *** Joins: sentry (~sentry@87.122.106.3)
[03:13:18] *** Quits: Snetry (~sentry@87.122.107.218) (Read error: Operation timed out)
[03:13:18] *** sentry is now known as Snetry
[03:57:24] *** Quits: refs (~refs@p4fe75605.dip0.t-ipconnect.de) (Quit: refs)
[04:14:09] *** Quits: CCFL_Man (6ba0d2b3a8@c-174-60-188-125.hsd1.pa.comcast.net) (Read error: Operation timed out)
[04:16:30] *** Joins: CCFL_Man (~closet@mobile-166-170-35-218.mycingular.net)
[05:46:49] *** Quits: oreo639 (~oreo639@syn-104-173-210-007.res.spectrum.com) (Ping timeout: 260 seconds)
[06:51:01] *** Joins: oreo639 (~oreo639@syn-104-173-210-007.res.spectrum.com)
[09:08:18] *** Quits: tertu (~tertu@75-168-221-127.mpls.qwest.net) (Read error: Operation timed out)
[09:08:26] *** Quits: eggster (~eggster@i.eggy.cc) (Read error: Operation timed out)
[09:08:38] *** Joins: eggster (eggy@i.eggy.cc)
[09:09:59] *** Quits: |Shadow| (~Shadow1@ip24-253-244-123.ok.ok.cox.net) (Read error: Operation timed out)
[09:12:15] *** Quits: hexkyz (~hexkyz@ec2-18-179-123-169.ap-northeast-1.compute.amazonaws.com) (Ping timeout: 620 seconds)
[09:14:34] *** Joins: hexkyz (~hexkyz@ec2-18-179-123-169.ap-northeast-1.compute.amazonaws.com)
[09:14:54] *** Joins: tertu (~tertu@75-168-221-127.mpls.qwest.net)
[09:16:10] *** Joins: |Shadow| (~Shadow1@ip24-253-244-123.ok.ok.cox.net)
[11:19:06] *** Quits: oreo639 (~oreo639@syn-104-173-210-007.res.spectrum.com) (Read error: Operation timed out)
[11:41:05] *** Joins: fgsfds (~figgis@85.191.222.221)
[15:15:41] *** Quits: CCFL_Man (~closet@mobile-166-170-35-218.mycingular.net) (Ping timeout: 260 seconds)
[15:17:07] *** Joins: CCFL_Man (4491d0d80b@c-174-60-188-125.hsd1.pa.comcast.net)
[15:25:48] *** Joins: CCFL_Man_ (85d2750944@c-174-60-188-125.hsd1.pa.comcast.net)
[15:28:52] *** Quits: CCFL_Man (4491d0d80b@c-174-60-188-125.hsd1.pa.comcast.net) (Ping timeout: 240 seconds)
[16:19:31] *** CCFL_Man_ is now known as CCFL_Man
[16:48:06] *** Joins: GerbilSof (~GerbilSof@pool-108-24-159-83.cmdnnj.fios.verizon.net)
[17:33:21] *** Joins: n87 (~n87@213162073011.public.t-mobile.at)
[18:12:53] *** Quits: n87 (~n87@213162073011.public.t-mobile.at) (Read error: Connection reset by peer)
[18:14:55] *** Joins: n87 (~n87@213162073011.public.t-mobile.at)
[18:39:40] *** Joins: refs (~refs@p4fe75f83.dip0.t-ipconnect.de)
[21:24:38] *** Quits: n87 (~n87@213162073011.public.t-mobile.at) (Read error: Connection reset by peer)
[21:31:55] *** Joins: oreo639 (~oreo639@syn-104-173-210-007.res.spectrum.com)
[21:54:08] <plutobot> Wiki | Page changed: GPU Classes | User: Hexkyz | https://switchbrew.org/w/index.php?curid=305&diff=12790&oldid=11884
