[00:21:12] <plutobot> Wiki | Page changed: Settings services | User: Hexkyz | https://switchbrew.org/w/index.php?curid=110&diff=12905&oldid=12904
[01:08:38] <plutobot> Wiki | Page changed: Calibration | User: Hexkyz | https://switchbrew.org/w/index.php?curid=213&diff=12906&oldid=10628
[01:08:48] <plutobot> Wiki | Page changed: Flash Filesystem | User: Hexkyz | https://switchbrew.org/w/index.php?curid=151&diff=12907&oldid=12639
[01:49:55] *** Quits: Retr0id (~Retr0id@208.87.102.169) (Read error: Connection reset by peer)
[01:50:03] *** Quits: Snetry (~sentry@87.122.107.248) (Read error: Operation timed out)
[01:52:30] *** Quits: imax_ (uid58408@id-58408.helmsley.irccloud.com) (Read error: Operation timed out)
[01:58:24] *** Quits: lex1 (lex@yuuh.pw) (Read error: Operation timed out)
[02:01:25] *** Quits: averne (~averne@2a01cb0d06215c00dea632fffe1e06cd.ipv6.abo.wanadoo.fr) (quit)
[02:03:31] *** Joins: averne (~averne@lfbn-rei-1-167-132.w86-225.abo.wanadoo.fr)
[02:03:31] *** Joins: lex1 (lex@yuuh.pw)
[02:03:34] *** Server sets mode: +stn 
[02:03:36] *** Joins: imax_ (uid58408@id-58408.helmsley.irccloud.com)
[02:04:27] *** Quits: maylay (~gren@104-0-22-170.lightspeed.miamfl.sbcglobal.net) (Write error: Broken pipe)
[02:04:57] *** Quits: lameboy (~lameboy@202.47.121.182) (Read error: Operation timed out)
[02:11:25] <plutobot> Wiki | Page changed: Settings services | User: Hexkyz | https://switchbrew.org/w/index.php?curid=110&diff=12909&oldid=12905
[02:11:45] *** Joins: maylay (~gren@104-0-22-170.lightspeed.miamfl.sbcglobal.net)
[02:11:52] *** Joins: lameboy (~lameboy@202.47.121.182)
[02:12:36] <plutobot> Wiki | Page changed: Calibration | User: Hexkyz | https://switchbrew.org/w/index.php?curid=213&diff=12910&oldid=12908
[02:15:20] <plutobot> Wiki | Page changed: Calibration | User: Hexkyz | https://switchbrew.org/w/index.php?curid=213&diff=12911&oldid=12910
[02:35:49] *** Quits: lameboy (~lameboy@202.47.121.182) (Read error: Operation timed out)
[02:41:48] *** Joins: lameboy (~lameboy@202.47.121.182)
[02:43:17] *** Quits: lameboy (~lameboy@202.47.121.182) (se.hub efnet.deic.eu)
[02:43:17] *** Quits: nohit__ (sid334887@id-334887.tinside.irccloud.com) (se.hub efnet.deic.eu)
[02:54:36] *** Joins: uyjulian_ (~uyjulian@99-35-187-227.lightspeed.lbcktx.sbcglobal.net)
[02:55:53] *** Joins: nohit__ (sid334887@id-334887.tinside.irccloud.com)
[02:56:08] *** Quits: tertu (~tertu@75-168-222-204.mpls.qwest.net) (Read error: Operation timed out)
[02:57:17] *** Quits: uyjulian (~uyjulian@99-35-187-227.lightspeed.lbcktx.sbcglobal.net) (Read error: Operation timed out)
[02:57:17] *** uyjulian_ is now known as uyjulian
[03:00:43] *** Joins: mendelmun (~mendelmun@2600:4041:5ac9:a100:b225:aaff:fe5e:10eb)
[03:01:17] *** Joins: tertu (~tertu@75-168-222-204.mpls.qwest.net)
[03:01:29] *** Quits: nohit__ (sid334887@id-334887.tinside.irccloud.com) (se.hub efnet.deic.eu)
[03:02:02] *** Quits: mendel_mu (~mendelmun@2600:4041:5ac9:a100:b225:aaff:fe5e:10eb) (Read error: Operation timed out)
[03:03:14] *** Quits: Extrems (gamecube@expert.extremscorner.org) (Read error: Operation timed out)
[03:03:28] *** Joins: Extrems (~gamecube@expert.extremscorner.org)
[03:06:36] *** Quits: DacoTaco_ (~DacoTaco@178-119-112-131.access.telenet.be) (Ping timeout: 269 seconds)
[03:08:41] *** Quits: IShaDoWl (IShaDoWl@206.red-83-58-157.dynamicip.rima-tde.net) (hub.efnet.us irc.colosolutions.net)
[03:08:41] *** Quits: Stary (Stary@thonk.9net.org) (hub.efnet.us irc.colosolutions.net)
[03:08:41] *** Quits: substanc3 (~substanc3@88.212.18.0) (hub.efnet.us irc.colosolutions.net)
[03:08:41] *** Joins: nohit__ (sid334887@id-334887.tinside.irccloud.com)
[03:09:07] *** Quits: hexkyz (~hexkyz@ec2-18-179-123-169.ap-northeast-1.compute.amazonaws.com) (Ping timeout: 630 seconds)
[03:09:25] *** Joins: DacoTaco (~DacoTaco@178-119-112-131.access.telenet.be)
[03:11:24] *** Quits: tertu (~tertu@75-168-222-204.mpls.qwest.net) (Read error: Operation timed out)
[03:11:42] *** Joins: mendel_mu (~mendelmun@pool-71-105-57-155.nycmny.fios.verizon.net)
[03:13:50] *** Joins: hexkyz (~hexkyz@ec2-18-179-123-169.ap-northeast-1.compute.amazonaws.com)
[03:15:26] *** Joins: tertu (~tertu@75-168-222-204.mpls.qwest.net)
[03:15:43] *** Quits: mendelmun (~mendelmun@2600:4041:5ac9:a100:b225:aaff:fe5e:10eb) (Ping timeout: 630 seconds)
[03:19:38] *** Joins: Stary (Stary@thonk.9net.org)
[03:19:38] *** Joins: substanc3 (~substanc3@88.212.18.0)
[03:21:54] *** Joins: lameboy2 (~lameboy@202.47.121.182)
[03:22:34] *** Joins: IShaDoWl (IShaDoWl@206.red-83-58-157.dynamicip.rima-tde.net)
[03:22:50] *** Quits: lameboy2 (~lameboy@202.47.121.182) (se.hub efnet.deic.eu)
[03:22:50] *** Quits: nohit__ (sid334887@id-334887.tinside.irccloud.com) (se.hub efnet.deic.eu)
[03:26:55] *** Quits: tertu (~tertu@75-168-222-204.mpls.qwest.net) (Read error: Operation timed out)
[03:31:43] *** Joins: oreo639 (~oreo639@syn-104-173-203-227.res.spectrum.com)
[03:32:41] *** Quits: hexkyz (~hexkyz@ec2-18-179-123-169.ap-northeast-1.compute.amazonaws.com) (Read error: Operation timed out)
[03:35:05] *** Joins: nohit__ (sid334887@id-334887.tinside.irccloud.com)
[03:47:55] *** Joins: hexkyz (~hexkyz@ec2-18-179-123-169.ap-northeast-1.compute.amazonaws.com)
[03:49:03] *** Joins: tertu (~tertu@75-168-222-204.mpls.qwest.net)
[04:22:54] *** Joins: maylay_ (~gren@104-0-22-170.lightspeed.miamfl.sbcglobal.net)
[04:22:54] *** Quits: maylay (~gren@104-0-22-170.lightspeed.miamfl.sbcglobal.net) (Read error: Connection reset by peer)
[08:12:18] *** Joins: lameboy (~lameboy@202.47.121.182)
[09:59:35] *** Quits: Extrems (~gamecube@expert.extremscorner.org) (Quit: ZNC 1.7.5 - https://znc.in)
[09:59:39] *** Joins: Extrems (gamecube@expert.extremscorner.org)
[12:39:50] *** Joins: madk (~madk@d104-157-38-95.abhsia.telus.net)
[13:48:32] *** Quits: oreo639 (~oreo639@syn-104-173-203-227.res.spectrum.com) (Read error: Operation timed out)
[20:04:58] *** Joins: oreo639 (~oreo639@syn-104-173-203-227.res.spectrum.com)
[22:10:10] *** Quits: Retr0id (~Retr0id@208.87.102.169) (Read error: Operation timed out)
[22:43:26] *** Joins: Retr0id (~Retr0id@208.87.102.169)
[22:59:26] *** Quits: |Shadow| (~Shadow1@ip24-253-244-123.ok.ok.cox.net) ()
[23:06:14] *** Joins: |Shadow| (~Shadow1@ip24-253-244-123.ok.ok.cox.net)
[23:27:13] *** Joins: TAL (znc@defiant.tlercher.de)
[23:47:52] *** Quits: oreo639 (~oreo639@syn-104-173-203-227.res.spectrum.com) (Read error: Operation timed out)
