[00:53:17] *** Joins: refs (~refs@p4fe7537b.dip0.t-ipconnect.de)
[02:50:29] *** Quits: refs (~refs@p4fe7537b.dip0.t-ipconnect.de) (Quit: refs)
[03:16:28] *** Quits: balrog (znc@pool-96-245-161-49.phlapa.fios.verizon.net) (Ping timeout: 240 seconds)
[03:16:34] *** Joins: balrog (znc@pool-96-245-161-49.phlapa.fios.verizon.net)
[04:04:07] *** Quits: oreo639 (~oreo639@syn-104-173-210-007.res.spectrum.com) (Remote host closed the connection)
[04:05:04] *** Joins: oreo639 (~oreo639@syn-104-173-210-007.res.spectrum.com)
[05:19:43] *** Quits: averne (~averne@2001:861:5102:3290:dea6:32ff:fe1e:6cd) (quit)
[05:19:59] *** Joins: averne_ (~averne@2001:861:5102:3290:dea6:32ff:fe1e:6cd)
[05:19:59] *** Server sets mode: +stn 
[05:21:39] *** Quits: pantsman0 (uid653773@id-653773.lymington.irccloud.com) (Read error: Operation timed out)
[05:24:12] *** Joins: pantsman0 (~uid653773@id-653773.lymington.irccloud.com)
[05:25:28] *** Quits: Snetry (~sentry@87.122.104.10) (Read error: Operation timed out)
[05:25:33] *** Quits: Genolo (~fear@2a01:7e00::f03c:91ff:fe93:8d42) (Read error: Operation timed out)
[05:27:40] *** Joins: Genolo (~fear@151.236.216.141)
[05:27:55] *** Joins: balrog_ (znc@pool-96-245-161-49.phlapa.fios.verizon.net)
[05:29:54] *** Quits: averne (~averne@2001:861:5102:3290:dea6:32ff:fe1e:6cd) (Read error: Operation timed out)
[05:29:54] *** averne_ is now known as averne
[05:32:20] *** Quits: Maylay (~gren@108-198-59-230.lightspeed.miamfl.sbcglobal.net) (Ping timeout: 857 seconds)
[05:33:06] *** Quits: pantsman0 (~uid653773@id-653773.lymington.irccloud.com) (Ping timeout: 493 seconds)
[05:33:27] *** Quits: lex1 (lex@yuuh.pw) (Read error: Operation timed out)
[05:36:37] *** Joins: Maylay (~gren@108-198-59-230.lightspeed.miamfl.sbcglobal.net)
[05:37:40] *** Quits: balrog (znc@pool-96-245-161-49.phlapa.fios.verizon.net) (Read error: Operation timed out)
[05:37:40] *** balrog_ is now known as balrog
[05:38:12] *** Joins: pantsman0 (~uid653773@id-653773.lymington.irccloud.com)
[05:39:41] *** Joins: Retr0id4 (~Retr0id@208.87.102.169)
[05:40:12] *** Quits: Retr0id (~Retr0id@208.87.102.169) (Read error: Connection reset by peer)
[05:40:12] *** Retr0id4 is now known as Retr0id
[05:40:28] *** Joins: Snetry (~sentry@87.122.104.10)
[05:42:45] *** Joins: lex1 (lex@yuuh.pw)
[05:53:41] *** Quits: Ghabry (~ghabry@2a03:4000:2:5e3::1) (Ping timeout: 260 seconds)
[05:53:52] *** Joins: Ghabry (~ghabry@datengurke.mastergk.de)
[05:54:09] *** Quits: eggy (eggy@i.eggy.cc) (Ping timeout: 260 seconds)
[05:54:26] *** Joins: eggster (~eggster@i.eggy.cc)
[05:56:01] *** Quits: Behemoth (~quassel@2001:8d8:1801:44d::1) (Ping timeout: 260 seconds)
[05:56:56] *** Joins: Behemoth (~quassel@82.165.248.46)
[06:01:49] *** Quits: mimoja657 (~Mimoja@mail.mimoja.de) (Read error: Connection reset by peer)
[06:06:45] *** Quits: mtheall_ (~mtheall@mtheall.com) (Ping timeout: 260 seconds)
[06:06:46] *** Joins: mtheall (~mtheall@mtheall.com)
[06:07:13] *** Quits: flagrama_ (flagrama_@id-145621.hampstead.irccloud.com) (Ping timeout: 260 seconds)
[06:32:53] *** Quits: omlet05_ (~quassel@omlet.ovh) (Ping timeout: 260 seconds)
[06:38:04] *** Joins: omlet05 (~quassel@omlet.ovh)
[06:39:24] *** Quits: yls8bot (~yls8bot@mtheall.com) (Read error: Operation timed out)
[06:39:33] *** Quits: tertu (~tertu@65-128-182-103.mpls.qwest.net) (Read error: Operation timed out)
[06:39:37] *** Joins: yls8bot (~yls8bot@mtheall.com)
[06:39:43] *** Quits: ihaveamac (~ihaveamac@ihaveahax.net) (Read error: Operation timed out)
[06:39:57] *** Joins: ihaveamac (~ihaveamac@ihaveahax.net)
[06:40:06] *** Joins: uyjulian_ (~uyjulian@99.35.187.227)
[06:40:58] *** Quits: tpw_rules (~tpw_rules@li1059-135.members.linode.com) (Read error: Operation timed out)
[06:41:13] *** Quits: uyjulian (~uyjulian@99-35-187-227.lightspeed.lbcktx.sbcglobal.net) (Read error: Operation timed out)
[06:41:13] *** uyjulian_ is now known as uyjulian
[06:42:50] *** Quits: |Shadow| (~Shadow1@ip24-253-244-123.ok.ok.cox.net) (Read error: Operation timed out)
[06:44:01] *** Quits: hexkyz (~hexkyz@ec2-18-179-123-169.ap-northeast-1.compute.amazonaws.com) (Read error: Operation timed out)
[06:45:12] *** Joins: tpw_rules (~tpw_rules@li1059-135.members.linode.com)
[06:47:05] *** Joins: |Shadow| (~Shadow1@ip24-253-244-123.ok.ok.cox.net)
[06:49:48] *** Joins: hexkyz (~hexkyz@ec2-18-179-123-169.ap-northeast-1.compute.amazonaws.com)
[06:51:13] *** Joins: tertu (~tertu@65-128-182-103.mpls.qwest.net)
[06:52:04] *** Quits: oreo639 (~oreo639@syn-104-173-210-007.res.spectrum.com) (Ping timeout: 240 seconds)
[06:55:17] *** Quits: plutobot (~plutobot@188.166.26.149) (Ping timeout: 260 seconds)
[06:55:30] *** Joins: plutobot (~plutobot@188.166.26.149)
[06:59:46] *** Quits: tpw_rules (~tpw_rules@li1059-135.members.linode.com) (Read error: Operation timed out)
[07:00:03] *** Joins: tpw_rules (~tpw_rules@li1059-135.members.linode.com)
[07:03:58] *** Quits: plutobot (~plutobot@188.166.26.149) (Ping timeout: 483 seconds)
[07:03:58] *** Quits: GerbilSof (~GerbilSof@pool-108-24-159-83.cmdnnj.fios.verizon.net) (Ping timeout: 483 seconds)
[07:04:01] *** Joins: plutobot (~plutobot@188.166.26.149)
[07:07:06] *** Joins: GerbilSof (~GerbilSof@pool-108-24-159-83.cmdnnj.fios.verizon.net)
[07:17:12] *** Joins: oreo639 (~oreo639@syn-104-173-210-007.res.spectrum.com)
[09:36:36] *** Joins: fgsfds (~figgis@56347483.rev.stofanet.dk)
[09:52:13] *** Quits: tertu (~tertu@65-128-182-103.mpls.qwest.net) (Read error: Operation timed out)
[09:52:14] *** Quits: ihaveamac (~ihaveamac@ihaveahax.net) (ircd.choopa.net hub.efnet.us)
[09:52:14] *** Quits: yls8bot (~yls8bot@mtheall.com) (ircd.choopa.net hub.efnet.us)
[09:52:14] *** Quits: Lightswor (~Lightswor@107.170.253.193) (ircd.choopa.net hub.efnet.us)
[09:52:14] *** Quits: klockee (~efklock@vps1.ksociety.net) (ircd.choopa.net hub.efnet.us)
[09:52:14] *** Quits: Cu3PO42 (~Cu3PO42@159.69.208.45) (ircd.choopa.net hub.efnet.us)
[09:52:14] *** Quits: Surkow (~Surkow@83-84-37-151.cable.dynamic.v4.ziggo.nl) (ircd.choopa.net hub.efnet.us)
[09:52:14] *** Quits: yellows8 (~yellows8@adiza.nexticom.net) (ircd.choopa.net hub.efnet.us)
[09:52:15] *** Quits: mtheall (~mtheall@mtheall.com) (ircd.choopa.net hub.efnet.us)
[09:52:15] *** Quits: Behemoth (~quassel@82.165.248.46) (ircd.choopa.net hub.efnet.us)
[09:52:15] *** Quits: GeekShad1 (~antoine@lbf.turmel.info) (ircd.choopa.net hub.efnet.us)
[09:52:15] *** Quits: CCFL_Man (~closet@c-174-60-188-125.hsd1.pa.comcast.net) (ircd.choopa.net hub.efnet.us)
[09:52:15] *** Quits: GrecKo (~grecko@static.183.157.9.5.clients.your-server.de) (ircd.choopa.net hub.efnet.us)
[09:52:15] *** Quits: substanc3 (~substanc3@ip-88-212-18-44.antik.sk) (ircd.choopa.net hub.efnet.us)
[09:52:15] *** Joins: tertu (~tertu@65-128-182-103.mpls.qwest.net)
[09:55:23] *** Joins: |Shadow|_ (~Shadow1@ip24-253-244-123.ok.ok.cox.net)
[09:55:49] *** Quits: |Shadow| (~Shadow1@ip24-253-244-123.ok.ok.cox.net) (Read error: Operation timed out)
[10:07:33] *** Quits: |Shadow|_ (~Shadow1@ip24-253-244-123.ok.ok.cox.net) ()
[10:07:57] *** Joins: |Shadow| (~Shadow1@ip24-253-244-123.ok.ok.cox.net)
[10:57:45] *** Quits: oreo639 (~oreo639@syn-104-173-210-007.res.spectrum.com) (Read error: Operation timed out)
[11:10:15] *** Joins: ihaveamac (~ihaveamac@ihaveahax.net)
[11:10:15] *** Joins: yls8bot (~yls8bot@mtheall.com)
[11:10:15] *** Joins: mtheall (~mtheall@mtheall.com)
[11:10:15] *** Joins: Behemoth (~quassel@82.165.248.46)
[11:10:15] *** Joins: substanc3 (~substanc3@ip-88-212-18-44.antik.sk)
[11:10:15] *** Joins: GeekShad1 (~antoine@lbf.turmel.info)
[11:10:15] *** Joins: Lightswor (~Lightswor@107.170.253.193)
[11:10:15] *** Joins: klockee (~efklock@vps1.ksociety.net)
[11:10:15] *** Joins: CCFL_Man (~closet@c-174-60-188-125.hsd1.pa.comcast.net)
[11:10:15] *** Joins: yellows8 (~yellows8@adiza.nexticom.net)
[11:10:15] *** Joins: Surkow (~Surkow@83-84-37-151.cable.dynamic.v4.ziggo.nl)
[11:10:15] *** Joins: Cu3PO42 (~Cu3PO42@159.69.208.45)
[11:10:15] *** Joins: GrecKo (~grecko@static.183.157.9.5.clients.your-server.de)
[11:12:56] *** Joins: oreo639 (~oreo639@syn-104-173-210-007.res.spectrum.com)
[12:02:47] *** Quits: |Shadow| (~Shadow1@ip24-253-244-123.ok.ok.cox.net) ()
[12:03:11] *** Joins: |Shadow| (~Shadow1@ip24-253-244-123.ok.ok.cox.net)
[12:28:51] *** Quits: oreo639 (~oreo639@syn-104-173-210-007.res.spectrum.com) (Read error: Operation timed out)
[12:39:25] *** Quits: Cu3PO42 (~Cu3PO42@159.69.208.45) (Ping timeout: 390 seconds)
[13:51:40] *** Quits: GerbilSof (~GerbilSof@pool-108-24-159-83.cmdnnj.fios.verizon.net) (Ping timeout: 240 seconds)
[14:18:03] *** Quits: plutobot (~plutobot@188.166.26.149) (Read error: Operation timed out)
[14:18:37] *** Joins: plutobot (~plutobot@188.166.26.149)
[14:44:24] *** Quits: ihaveamac (~ihaveamac@ihaveahax.net) (se.hub ircd.choopa.net)
[14:44:24] *** Quits: yls8bot (~yls8bot@mtheall.com) (se.hub ircd.choopa.net)
[14:44:25] *** Quits: Lightswor (~Lightswor@107.170.253.193) (se.hub ircd.choopa.net)
[14:44:25] *** Quits: klockee (~efklock@vps1.ksociety.net) (se.hub ircd.choopa.net)
[14:44:25] *** Quits: Surkow (~Surkow@83-84-37-151.cable.dynamic.v4.ziggo.nl) (se.hub ircd.choopa.net)
[14:44:25] *** Quits: yellows8 (~yellows8@adiza.nexticom.net) (se.hub ircd.choopa.net)
[14:44:25] *** Quits: mtheall (~mtheall@mtheall.com) (se.hub ircd.choopa.net)
[14:44:25] *** Quits: Behemoth (~quassel@82.165.248.46) (se.hub ircd.choopa.net)
[14:44:25] *** Quits: GeekShad1 (~antoine@lbf.turmel.info) (se.hub ircd.choopa.net)
[14:44:25] *** Quits: CCFL_Man (~closet@c-174-60-188-125.hsd1.pa.comcast.net) (se.hub ircd.choopa.net)
[14:44:25] *** Quits: GrecKo (~grecko@static.183.157.9.5.clients.your-server.de) (se.hub ircd.choopa.net)
[14:44:25] *** Quits: substanc3 (~substanc3@ip-88-212-18-44.antik.sk) (se.hub ircd.choopa.net)
[14:44:26] *** Quits: |Shadow| (~Shadow1@ip24-253-244-123.ok.ok.cox.net) (se.hub ircd.choopa.net)
[14:44:26] *** Quits: tertu (~tertu@65-128-182-103.mpls.qwest.net) (se.hub ircd.choopa.net)
[14:44:26] *** Quits: tpw_rules (~tpw_rules@li1059-135.members.linode.com) (se.hub ircd.choopa.net)
[14:44:26] *** Quits: hexkyz (~hexkyz@ec2-18-179-123-169.ap-northeast-1.compute.amazonaws.com) (se.hub ircd.choopa.net)
[15:33:25] *** Joins: |Shadow| (~Shadow1@ip24-253-244-123.ok.ok.cox.net)
[15:33:25] *** Joins: hexkyz (~hexkyz@ec2-18-179-123-169.ap-northeast-1.compute.amazonaws.com)
[15:33:25] *** Joins: tpw_rules (~tpw_rules@li1059-135.members.linode.com)
[15:33:25] *** Joins: tertu (~tertu@65-128-182-103.mpls.qwest.net)
[15:33:25] *** Joins: ihaveamac (~ihaveamac@ihaveahax.net)
[15:33:25] *** Joins: yls8bot (~yls8bot@mtheall.com)
[15:33:25] *** Joins: mtheall (~mtheall@mtheall.com)
[15:33:25] *** Joins: Behemoth (~quassel@82.165.248.46)
[15:33:25] *** Joins: substanc3 (~substanc3@ip-88-212-18-44.antik.sk)
[15:33:25] *** Joins: GeekShad1 (~antoine@lbf.turmel.info)
[15:33:25] *** Joins: Lightswor (~Lightswor@107.170.253.193)
[15:33:25] *** Joins: klockee (~efklock@vps1.ksociety.net)
[15:33:25] *** Joins: CCFL_Man (~closet@c-174-60-188-125.hsd1.pa.comcast.net)
[15:33:25] *** Joins: yellows8 (~yellows8@adiza.nexticom.net)
[15:33:25] *** Joins: Surkow (~Surkow@83-84-37-151.cable.dynamic.v4.ziggo.nl)
[15:33:25] *** Joins: GrecKo (~grecko@static.183.157.9.5.clients.your-server.de)
[18:32:08] *** Joins: n87 (~n87@213142096248.public.telering.at)
[20:25:24] *** Joins: GerbilSof (~GerbilSof@pool-108-24-159-83.cmdnnj.fios.verizon.net)
[21:51:09] *** Quits: n87 (~n87@213142096248.public.telering.at) (hub.efnet.us ircd.choopa.net)
[21:51:09] *** Quits: |Shadow| (~Shadow1@ip24-253-244-123.ok.ok.cox.net) (hub.efnet.us ircd.choopa.net)
[21:51:09] *** Quits: tertu (~tertu@65-128-182-103.mpls.qwest.net) (hub.efnet.us ircd.choopa.net)
[21:51:09] *** Quits: tpw_rules (~tpw_rules@li1059-135.members.linode.com) (hub.efnet.us ircd.choopa.net)
[21:51:09] *** Quits: hexkyz (~hexkyz@ec2-18-179-123-169.ap-northeast-1.compute.amazonaws.com) (hub.efnet.us ircd.choopa.net)
[21:52:48] *** Joins: n87 (~n87@213142096248.public.telering.at)
[21:52:48] *** Joins: |Shadow| (~Shadow1@ip24-253-244-123.ok.ok.cox.net)
[21:52:48] *** Joins: tpw_rules (~tpw_rules@li1059-135.members.linode.com)
[21:52:48] *** Joins: hexkyz (~hexkyz@ec2-18-179-123-169.ap-northeast-1.compute.amazonaws.com)
[21:52:48] *** Joins: tertu (~tertu@65-128-182-103.mpls.qwest.net)
[21:53:05] *** Joins: n87_2 (~n87@213142096248.public.telering.at)
[21:56:44] *** Quits: |Shadow| (~Shadow1@ip24-253-244-123.ok.ok.cox.net) (Read error: Operation timed out)
[21:56:45] *** Joins: |Shadow|_ (~Shadow1@ip24-253-244-123.ok.ok.cox.net)
[21:58:07] *** Quits: n87 (~n87@213142096248.public.telering.at) (Read error: Operation timed out)
[22:43:26] *** Quits: n87_2 (~n87@213142096248.public.telering.at) (Read error: Connection reset by peer)
