[00:13:32] *** Joins: oreo639 (~oreo639@syn-104-173-203-227.res.spectrum.com)
[01:48:15] *** Quits: oreo639 (~oreo639@syn-104-173-203-227.res.spectrum.com) (Read error: Operation timed out)
[01:56:46] *** Joins: oreo639 (~oreo639@syn-104-173-203-227.res.spectrum.com)
[02:07:59] *** Quits: madk (~madk@d104-157-38-95.abhsia.telus.net) (Quit: ZNC 1.9.1 - https://znc.in)
[04:01:02] *** Joins: sentry (~sentry@87.122.104.19)
[04:02:21] *** Quits: Snetry (~sentry@87.122.107.248) (Read error: Connection refused)
[04:02:21] *** sentry is now known as Snetry
[04:07:58] *** Quits: oreo639 (~oreo639@syn-104-173-203-227.res.spectrum.com) (Remote host closed the connection)
[04:08:21] *** Joins: oreo639 (~oreo639@syn-104-173-203-227.res.spectrum.com)
[04:57:06] *** Quits: oreo639 (~oreo639@syn-104-173-203-227.res.spectrum.com) (Read error: Operation timed out)
[05:30:26] *** Joins: oreo639 (~oreo639@syn-104-173-203-227.res.spectrum.com)
[07:53:43] *** Quits: balrog (znc@pool-96-245-161-49.phlapa.fios.verizon.net) (Ping timeout: 240 seconds)
[08:06:31] *** Joins: balrog (znc@pool-96-245-161-49.phlapa.fios.verizon.net)
[10:47:28] *** Quits: oreo639 (~oreo639@syn-104-173-203-227.res.spectrum.com) (Read error: Operation timed out)
[19:45:49] *** Quits: maylay_ (~gren@104-0-22-170.lightspeed.miamfl.sbcglobal.net) (Read error: Operation timed out)
[19:49:49] *** Joins: maylay (~gren@104-0-22-170.lightspeed.miamfl.sbcglobal.net)
[20:09:41] *** Quits: maylay (~gren@104-0-22-170.lightspeed.miamfl.sbcglobal.net) (Ping timeout: 260 seconds)
[20:12:03] *** Joins: maylay (~gren@104-0-22-170.lightspeed.miamfl.sbcglobal.net)
[22:10:39] *** Joins: oreo639 (~oreo639@syn-104-173-203-227.res.spectrum.com)
[23:02:59] *** Quits: IShaDoWl (IShaDoWl@206.red-83-58-157.dynamicip.rima-tde.net) ()
[23:10:34] <plutobot> Wiki | Page changed: Calibration | User: Hexkyz | https://switchbrew.org/w/index.php?curid=213&diff=12912&oldid=12911
[23:54:20] *** Quits: oreo639 (~oreo639@syn-104-173-203-227.res.spectrum.com) (Ping timeout: 245 seconds)
