[00:17:33] *** Quits: fgsfds (~figgis@56347483.rev.stofanet.dk) (Read error: Connection reset by peer)
[00:21:45] *** Joins: tertu2 (~tertu@65-128-154-146.mpls.qwest.net)
[00:23:15] *** Quits: tertu (~tertu@75-168-212-122.mpls.qwest.net) (Read error: Operation timed out)
[00:23:15] *** tertu2 is now known as tertu
[01:57:09] *** Joins: mendel_mu (~mendelmun@2600:4041:5ac9:a100:b225:aaff:fe5e:10eb)
[01:57:15] *** Quits: mendelmun (~mendelmun@2600:4041:5ac9:a100:b225:aaff:fe5e:10eb) (Read error: Connection reset by peer)
[02:00:05] *** Quits: mendel_mu (~mendelmun@2600:4041:5ac9:a100:b225:aaff:fe5e:10eb) (Read error: Connection reset by peer)
[02:00:36] *** Joins: mendel_mu (~mendelmun@2600:4041:5ac9:a100:b225:aaff:fe5e:10eb)
[02:01:01] *** Quits: mendel_mu (~mendelmun@2600:4041:5ac9:a100:b225:aaff:fe5e:10eb) (Remote host closed the connection)
[02:02:05] *** Joins: mendel_mu (~mendelmun@2600:4041:5ac9:a100:b225:aaff:fe5e:10eb)
[02:14:44] *** Quits: averne (~averne@2001:861:5102:3290:dea6:32ff:fe1e:6cd) (quit)
[02:17:29] *** Joins: averne_ (~averne@2001:861:5102:3290:dea6:32ff:fe1e:6cd)
[02:17:31] *** Server sets mode: +stn 
[02:22:15] *** Quits: mendel_mu (~mendelmun@2600:4041:5ac9:a100:b225:aaff:fe5e:10eb) (Read error: Operation timed out)
[02:22:19] *** Quits: averne (~averne@2001:861:5102:3290:dea6:32ff:fe1e:6cd) (Ping timeout: 622 seconds)
[02:22:27] *** averne_ is now known as averne
[03:32:25] *** Quits: oreo639 (~oreo639@syn-076-174-070-119.res.spectrum.com) (Ping timeout: 622 seconds)
[03:44:23] *** Joins: oreo639 (~oreo639@syn-076-174-070-119.res.spectrum.com)
[05:06:32] *** Quits: oreo639 (~oreo639@syn-076-174-070-119.res.spectrum.com) (Read error: Operation timed out)
[05:48:14] *** Quits: Stary (~Stary@thonk.9net.org) (Quit: ZNC - http://znc.in)
[06:08:43] *** Joins: Stary (~Stary@thonk.9net.org)
[08:43:51] *** Joins: oreo639 (~oreo639@syn-104-173-210-007.res.spectrum.com)
[10:14:50] *** Joins: n87 (~n87@213142096248.public.telering.at)
[10:39:53] *** Quits: oreo639 (~oreo639@syn-104-173-210-007.res.spectrum.com) (Ping timeout: 260 seconds)
[11:06:51] *** Joins: fgsfds (~figgis@56347483.rev.stofanet.dk)
[12:01:07] *** Quits: lex1 (lex@2a01:4f8:1c17:40b1::1) (Read error: Operation timed out)
[12:01:29] *** Quits: balrog (balrog@pool-96-245-161-49.phlapa.fios.verizon.net) (Read error: Operation timed out)
[12:01:31] *** Quits: Shiz_ (~shiz@chroma.shiz.me) (Read error: Operation timed out)
[12:01:35] *** Joins: balrog (balrog@pool-96-245-161-49.phlapa.fios.verizon.net)
[12:04:36] *** Quits: averne (~averne@2001:861:5102:3290:dea6:32ff:fe1e:6cd) (quit)
[12:06:54] *** Joins: averne (~averne@2001:861:5102:3290:dea6:32ff:fe1e:6cd)
[12:06:54] *** Server sets mode: +stn 
[12:07:27] *** Quits: Snetry (~sentry@87.122.104.10) (Read error: Connection refused)
[12:07:27] *** sentry is now known as Snetry
[13:01:54] *** Joins: tertu2 (~tertu@65-128-182-103.mpls.qwest.net)
[13:03:21] *** Quits: tertu (~tertu@65-128-154-146.mpls.qwest.net) (Read error: Operation timed out)
[13:03:22] *** tertu2 is now known as tertu
[18:11:08] *** Joins: refs (~refs@p4fe7504a.dip0.t-ipconnect.de)
[20:19:42] *** Quits: n87 (~n87@213142096248.public.telering.at) (Read error: Connection reset by peer)
