[00:51:53] *** Quits: oreo639 (~oreo639@syn-104-173-203-227.res.spectrum.com) (Ping timeout: 483 seconds)
[00:54:44] <plutobot> GitHub | New commit | User: fincs | https://github.com/switchbrew/libnx/commit/8cff58d5af
[01:00:08] *** Joins: oreo639 (~oreo639@syn-104-173-203-227.res.spectrum.com)
[02:38:32] *** Quits: oreo639 (~oreo639@syn-104-173-203-227.res.spectrum.com) (Ping timeout: 483 seconds)
[03:02:51] *** Joins: oreo639 (~oreo639@syn-104-173-203-227.res.spectrum.com)
[05:42:02] *** Quits: oreo639 (~oreo639@syn-104-173-203-227.res.spectrum.com) (Read error: Operation timed out)
[07:56:07] *** Joins: oreo639 (~oreo639@syn-104-173-203-227.res.spectrum.com)
[10:18:11] *** Quits: oreo639 (~oreo639@syn-104-173-203-227.res.spectrum.com) (Ping timeout: 857 seconds)
[10:21:43] *** Joins: n87 (~n87@213142097234.public.telering.at)
[10:34:48] *** Quits: n87 (~n87@213142097234.public.telering.at) (Read error: Connection reset by peer)
[10:36:48] *** Joins: n87 (~n87@213142097234.public.telering.at)
[13:39:35] *** Quits: n87 (~n87@213142097234.public.telering.at) (Read error: Connection reset by peer)
[18:51:58] *** CCFL_Man_ is now known as CCFL_Man
[20:24:49] *** Quits: Maylay (~gren@104-0-22-170.lightspeed.miamfl.sbcglobal.net) (Quit: Pipe Terminated)
[22:16:57] *** Joins: Maylay (~gren@104-0-22-170.lightspeed.miamfl.sbcglobal.net)
[23:23:13] *** Quits: Maylay (~gren@104-0-22-170.lightspeed.miamfl.sbcglobal.net) (Read error: Operation timed out)
[23:24:14] *** Quits: lex1 (lex@yuuh.pw) (Read error: Operation timed out)
[23:27:26] *** Joins: Maylay (~gren@104-0-22-170.lightspeed.miamfl.sbcglobal.net)
[23:38:38] *** Quits: Snetry (~sentry@87.122.106.250) (Read error: Operation timed out)
[23:51:04] *** Joins: lex1 (~lex@yuuh.pw)
[23:53:22] *** Joins: Snetry (~sentry@87.122.106.250)
