[01:05:02] *** Quits: fgsfds (Read error: Connection reset by peer)
[02:00:43] *** Quits: Snetry (Read error: Operation timed out)
[02:06:37] *** Joins: Snetry
[02:35:25] <plutobot> Wiki | Page changed: LDN services | User: Hexkyz | https://switchbrew.org/w/index.php?curid=109&diff=12747&oldid=12713
[03:21:57] *** Joins: GerbilSof
[03:39:02] *** Joins: oreo639
[03:47:53] *** Joins: sentry
[03:49:12] *** Quits: Snetry (Read error: Connection refused)
[03:49:12] *** sentry is now known as Snetry
[03:52:22] *** Quits: tpw_rules (Read error: Operation timed out)
[03:52:36] *** Joins: tpw_rules
[03:53:34] *** Quits: substanc3 (Ping timeout: 248 seconds)
[03:54:06] *** Quits: Cu3PO42 (Ping timeout: 248 seconds)
[03:54:06] *** Quits: Normmatt (Ping timeout: 248 seconds)
[03:54:38] *** Quits: Stary (Ping timeout: 248 seconds)
[03:56:31] *** Joins: Stary
[04:03:43] *** Joins: Cu3PO42
[04:43:38] *** Joins: Normmatt
[04:51:48] *** Quits: refs (Quit: refs)
[05:06:07] *** Joins: substanc3
[05:16:38] *** Joins: lameboy2
[05:23:28] *** Quits: lameboy (Ping timeout: 622 seconds)
[05:23:28] *** lameboy2 is now known as lameboy
[05:24:53] *** Quits: oreo639 (Read error: Operation timed out)
[07:48:52] *** Joins: oreo639
[09:47:07] *** Joins: fgsfds
[09:53:33] *** Quits: uyjulian (Ping timeout: 260 seconds)
[09:54:36] *** Joins: uyjulian
[12:15:12] *** Quits: oreo639 (Read error: Operation timed out)
[14:17:33] *** Joins: refs
[18:39:21] *** Quits: refs (Quit: refs)
[20:07:25] *** Joins: n87
[22:04:52] *** Joins: oreo639
[22:45:41] *** Quits: theSuess (Ping timeout: 370 seconds)
[22:45:56] *** Joins: theSuess
[23:00:39] *** Quits: n87 (Read error: Connection reset by peer)
