[01:48:45] *** Quits: Surkow (Ping timeout: 240 seconds)
[01:49:01] *** Joins: Surkow
[01:52:42] *** Quits: DacoTaco (hub.efnet.us irc.Prison.NET)
[01:53:25] *** Quits: Snetry (Read error: Operation timed out)
[01:56:37] *** Joins: Extrems`
[01:57:47] *** Quits: d3m3vilur (Ping timeout: 493 seconds)
[01:58:48] *** Quits: Extrems (Read error: Operation timed out)
[01:58:48] *** Extrems` is now known as Extrems
[02:00:33] *** Quits: lex1 (Read error: Operation timed out)
[02:02:19] *** Joins: DacoTaco
[02:06:21] *** Joins: d3m3vilur
[02:06:26] *** Joins: lex1
[02:07:12] *** Quits: Stary (Read error: Connection reset by peer)
[02:07:57] *** Quits: oreo639 (Ping timeout: 260 seconds)
[02:11:44] *** Joins: Stary
[02:13:41] *** Joins: Snetry
[02:38:25] *** Joins: oreo639
[03:44:45] *** Joins: sentry
[03:46:04] *** Quits: Snetry (Read error: Connection refused)
[03:46:04] *** sentry is now known as Snetry
[05:03:16] *** Quits: fgsfds (Read error: Connection reset by peer)
[06:55:39] *** Quits: oreo639 (Ping timeout: 622 seconds)
[07:37:43] *** Joins: oreo639
[08:30:24] *** Quits: Lightswor (Quit: ZNC)
[08:31:49] *** Joins: Lightswor
[09:12:17] *** Joins: n87
[10:13:23] <n87> #
[11:16:39] *** Quits: |Shadow| ()
[11:22:12] *** Joins: |Shadow|
[12:26:35] *** Joins: |Shadow|_
[12:31:57] *** Quits: |Shadow| (Read error: Operation timed out)
[12:34:18] *** |Shadow|_ is now known as |Shadow|
[13:06:01] *** Quits: oreo639 (Read error: Operation timed out)
[14:29:45] *** Joins: fgsfds
[21:07:01] <plutobot> Wiki | Page changed: Error codes | User: Hexkyz | https://switchbrew.org/w/index.php?curid=82&diff=12748&oldid=12467
[21:10:46] <plutobot> Wiki | Page changed: Error codes | User: Hexkyz | https://switchbrew.org/w/index.php?curid=82&diff=12749&oldid=12748
[23:39:14] *** Joins: oreo639
[23:40:22] *** Quits: n87 (Read error: Connection reset by peer)
