[00:06:47] *** Quits: substanc3 (Read error: Operation timed out)
[00:13:05] *** Quits: fgsfds (Read error: Connection reset by peer)
[02:55:24] *** Joins: substanc3
[03:36:45] *** Joins: sentry
[03:38:04] *** Quits: Snetry (Read error: Connection refused)
[03:38:04] *** sentry is now known as Snetry
[05:48:45] *** Joins: oreo639
[05:53:07] *** Quits: oreo639 (Remote host closed the connection)
[05:53:49] *** Joins: oreo639
[06:54:53] *** Quits: oreo639 (Quit: Quit)
[06:56:06] *** Joins: oreo639
[07:11:22] *** Quits: oreo639 (Quit: No Ping reply in 180 seconds.)
[07:11:53] *** Joins: oreo639
[07:14:52] *** Quits: substanc3 (Read error: Operation timed out)
[07:17:27] <plutobot> Wiki | Page changed: Ethernet services | User: yls8 | https://switchbrew.org/w/index.php?curid=462&diff=12751&oldid=11953
[08:33:23] *** Joins: substanc3
[10:32:37] *** Joins: fgsfds
[11:41:56] *** Quits: oreo639 (Read error: Operation timed out)
[12:07:41] *** Joins: oreo639
[13:28:31] *** Quits: oreo639 (Read error: Operation timed out)
[14:22:17] *** Quits: GerbilSof (Quit: Windows must now restart because the Remote Procedure Call (RPC) service terminated unexpectedly.)
[18:01:06] *** Joins: Rafa10
[18:26:52] *** Quits: Rafa10 (Read error: Connection reset by peer)
[18:28:39] *** Joins: Rafa10
[19:53:13] *** Quits: Rafa10 (Quit: Leaving)
[20:30:37] <plutobot> Wiki | Page changed: Ethernet services | User: Hexkyz | https://switchbrew.org/w/index.php?curid=462&diff=12752&oldid=12751
[20:50:45] <plutobot> Wiki | Page changed: Ethernet services | User: Hexkyz | https://switchbrew.org/w/index.php?curid=462&diff=12753&oldid=12752
[20:58:16] <plutobot> Wiki | Page changed: Sockets services | User: Hexkyz | https://switchbrew.org/w/index.php?curid=128&diff=12754&oldid=12744
[21:00:50] <plutobot> Wiki | Page changed: WLAN services | User: Hexkyz | https://switchbrew.org/w/index.php?curid=324&diff=12755&oldid=12673
[21:16:42] <plutobot> Wiki | Page changed: PSC services | User: Hexkyz | https://switchbrew.org/w/index.php?curid=271&diff=12756&oldid=12687
[21:23:11] <plutobot> Wiki | Page changed: PTM services | User: Hexkyz | https://switchbrew.org/w/index.php?curid=165&diff=12757&oldid=12680
