[01:26:34] *** Quits: fgsfds (Read error: Connection reset by peer)
[01:28:54] *** Joins: refs
[02:07:05] <plutobot> Wiki | Page changed: Sockets services | User: Hexkyz | https://switchbrew.org/w/index.php?curid=128&diff=12766&oldid=12754
[02:07:25] *** Quits: oreo639 (Ping timeout: 483 seconds)
[02:07:36] <plutobot> Wiki | Page changed: Sockets services | User: Hexkyz | https://switchbrew.org/w/index.php?curid=128&diff=12767&oldid=12766
[02:15:06] <plutobot> Wiki | Page changed: PTM services | User: Hexkyz | https://switchbrew.org/w/index.php?curid=165&diff=12768&oldid=12757
[02:46:49] *** Quits: refs (Quit: refs)
[03:28:46] *** Joins: sentry
[03:30:05] *** Quits: Snetry (Read error: Connection refused)
[03:30:05] *** sentry is now known as Snetry
[04:27:24] *** Joins: |Shadow|_
[04:30:09] *** Quits: |Shadow| (Read error: Operation timed out)
[05:39:44] *** Joins: oreo639
[06:24:36] *** |Shadow|_ is now known as |Shadow|
[07:44:49] *** Quits: oreo639 (Quit: Quit)
[08:43:25] *** Joins: oreo639
[09:57:45] *** Quits: uyjulian (Ping timeout: 260 seconds)
[09:57:50] *** Joins: fgsfds
[10:00:14] *** Joins: uyjulian
[13:04:42] *** Quits: oreo639 (Remote host closed the connection)
[13:05:11] *** Joins: oreo639
[13:23:06] *** Quits: oreo639 (Remote host closed the connection)
[13:23:31] *** Joins: oreo639
[13:25:15] *** Quits: oreo639 (Remote host closed the connection)
[13:27:43] *** Joins: oreo639
[13:37:26] *** Quits: oreo639 (Remote host closed the connection)
[13:37:54] *** Joins: oreo639
[14:10:30] *** Quits: oreo639 (Remote host closed the connection)
[14:10:57] *** Joins: oreo639
[14:53:17] *** Quits: oreo639 (Ping timeout: 240 seconds)
[23:06:08] *** Joins: oreo639
