[00:17:02] *** Quits: fgsfds (Read error: Connection reset by peer)
[00:51:42] <plutobot> Wiki | Page changed: Product Information | User: SuperFalconBros | https://switchbrew.org/w/index.php?curid=384&diff=12769&oldid=12390
[01:04:41] *** Quits: oreo639 (Remote host closed the connection)
[01:05:13] *** Joins: oreo639
[01:06:12] *** Quits: oreo639 (Client Quit)
[01:06:33] *** Joins: oreo639
[02:09:36] *** Joins: refs
[03:27:53] *** Joins: sentry
[03:29:12] *** Quits: Snetry (Read error: Connection refused)
[03:29:12] *** sentry is now known as Snetry
[03:59:01] *** Quits: refs (Quit: refs)
[06:17:31] *** Quits: oreo639 (Ping timeout: 370 seconds)
[08:13:14] *** Joins: oreo639
[08:14:46] *** Quits: oreo639 (Client Quit)
[08:46:39] *** Joins: oreo639
[08:58:29] *** Joins: oreo639_
[08:58:29] *** Quits: oreo639 (Read error: Connection reset by peer)
[08:59:37] *** Quits: oreo639_ (Client Quit)
[08:59:56] *** Joins: oreo639
[09:31:19] *** Quits: oreo639 (Ping timeout: 370 seconds)
[11:43:40] *** Quits: averne (quit)
[11:48:00] *** Joins: averne_
[11:48:00] *** Server sets mode: +stn 
[11:48:44] *** Quits: averne (Read error: Operation timed out)
[11:48:44] *** averne_ is now known as averne
[11:51:20] *** Joins: nohit__
[12:49:41] *** Joins: n87
[13:05:16] *** Joins: fgsfds
[18:27:04] *** Joins: refs
[19:35:37] *** Quits: Genolo (Ping timeout: 260 seconds)
[19:35:46] *** Joins: Genolo
[21:06:01] *** Joins: oreo639
[23:28:05] *** Quits: oreo639 (Quit: Quit)
[23:28:48] *** Joins: oreo639
[23:44:25] *** Quits: n87 (Read error: Connection reset by peer)
