[00:03:56] *** Quits: GerbilSof (Quit: Windows must now restart because the Remote Procedure Call (RPC) service terminated unexpectedly.)
[00:55:08] *** Joins: oreo639
[01:10:37] *** Joins: refs
[01:52:39] *** Quits: oreo639 (Read error: Operation timed out)
[02:35:06] *** Quits: refs (Quit: refs)
[03:20:14] *** Joins: oreo639
[03:21:33] *** Joins: sentry
[03:21:33] *** Quits: Snetry (Read error: Connection refused)
[03:21:43] *** sentry is now known as Snetry
[04:54:51] *** Quits: oreo639 (Read error: Operation timed out)
[07:13:09] *** Joins: oreo639
[10:10:04] *** Quits: oreo639 (Ping timeout: 240 seconds)
[10:36:18] *** Joins: oreo639
[11:37:37] *** Quits: oreo639 (Ping timeout: 260 seconds)
[12:50:04] *** Quits: Maylay (Ping timeout: 622 seconds)
[13:38:56] *** Joins: eggster
[13:38:57] *** Quits: eggy (Read error: Connection reset by peer)
[13:46:36] *** Joins: Genolol
[13:49:54] *** Quits: Snetry (se.hub irc.efnet.nl)
[13:49:54] *** Quits: Genolo (se.hub irc.efnet.nl)
[13:51:01] *** Joins: Snetry
[13:51:10] *** Quits: Snetry (se.hub irc.efnet.nl)
[13:53:04] *** Joins: lex1
[13:53:04] *** Joins: Snetry
[14:05:36] *** Genolol is now known as Genolo
[16:35:43] *** Joins: GerbilSof
[16:43:55] *** Joins: n87
[18:04:50] *** Quits: n87 (Read error: Connection reset by peer)
[18:06:56] *** Joins: n87
[19:13:43] <plutobot> Wiki | Page changed: Error codes | User: yls8 | https://switchbrew.org/w/index.php?curid=82&diff=12788&oldid=12785
[20:28:40] *** Quits: omlet05 (Quit: http://quassel-irc.org - Chat comfortably. Anywhere.)
[20:30:00] *** Joins: omlet05
[20:30:01] *** Quits: omlet05 (Read error: Connection reset by peer)
[20:33:28] *** Joins: omlet05
[20:42:40] *** Quits: omlet05 (Quit: http://quassel-irc.org - Chat comfortably. Anywhere.)
[20:43:48] *** Joins: omlet05
[22:44:23] *** Joins: oreo639
[23:08:48] *** Quits: omlet05 (Quit: http://quassel-irc.org - Chat comfortably. Anywhere.)
[23:08:49] *** Quits: n87 (Read error: Connection reset by peer)
[23:13:38] *** Joins: omlet05
