[00:30:45] *** Quits: oreo639 (Ping timeout: 240 seconds)
[00:54:18] *** Joins: oreo639
[02:37:03] *** Joins: refs
[03:24:03] *** Joins: sentry
[03:25:22] *** Quits: Snetry (Read error: Operation timed out)
[03:25:22] *** sentry is now known as Snetry
[04:16:37] *** Quits: refs (Quit: refs)
[05:29:55] *** Quits: oreo639 (Remote host closed the connection)
[05:30:37] *** Joins: oreo639
[06:37:17] *** Quits: oreo639 (Ping timeout: 370 seconds)
[06:46:33] *** Quits: CCFL_Man (Ping timeout: 260 seconds)
[06:48:05] *** Joins: CCFL_Man
[07:45:15] *** Joins: oreo639
[08:16:53] *** Quits: oreo639 (Read error: Operation timed out)
[08:37:08] *** Quits: |Shadow| ()
[08:41:46] *** Joins: |Shadow|
[09:10:06] *** Joins: oreo639
[09:30:46] *** Quits: oreo639 (Read error: Operation timed out)
[12:49:14] *** Joins: fgsfds
[15:57:45] *** Quits: CCFL_Man (Ping timeout: 240 seconds)
[15:58:14] *** Joins: CCFL_Man
[17:45:57] *** Joins: n87
[18:49:10] *** Quits: n87 (Read error: Connection reset by peer)
[18:54:16] *** Joins: n87
[19:30:27] <plutobot> Wiki | Page changed: Pro Controller | User: Meleemeister | https://switchbrew.org/w/index.php?curid=490&diff=12789&oldid=12787
[21:03:15] *** Joins: oreo639
[22:46:06] *** Quits: n87 (Read error: Connection reset by peer)
[23:35:46] *** Quits: oreo639 (Read error: Operation timed out)
