[00:25:29] *** Joins: oreo639
[03:12:08] *** Quits: fgsfds (Read error: Connection reset by peer)
[03:23:23] *** Quits: oreo639 (Read error: Operation timed out)
[03:43:33] *** Joins: sentry
[03:44:52] *** Quits: Snetry (Read error: Connection refused)
[03:44:52] *** sentry is now known as Snetry
[04:31:47] *** Joins: oreo639
[12:00:21] *** Quits: DacoTaco (Ping timeout: 260 seconds)
[12:01:07] *** Joins: DacoTaco
[13:30:05] *** Joins: fgsfds
[14:15:09] *** Joins: refs
[15:26:27] *** Quits: oreo639 (Ping timeout: 483 seconds)
[16:29:14] *** Joins: n87
[16:29:56] <CCFL_Man> what items should i make backups of in hekate? i want to make sure i have everything backed up
[20:27:39] *** Quits: GerbilSof (Read error: Operation timed out)
[20:40:43] *** Joins: GerbilSof
[20:57:43] *** Quits: GerbilSof (Quit: Windows must now restart because the Remote Procedure Call (RPC) service terminated unexpectedly.)
[20:57:50] *** Joins: GerbilSof
[23:07:44] *** Quits: n87 (Read error: Connection reset by peer)
[23:45:51] <plutobot_> GitHub | New commit | User: DarkPugemon | https://github.com/switchbrew/nx-hbmenu/commit/fd92c4d676
