[00:04:54] *** Quits: fgsfds (Read error: Connection reset by peer)
[02:51:39] *** Quits: averne (quit)
[03:15:06] *** Joins: averne
[03:15:06] *** Server sets mode: +stn 
[03:28:15] *** Joins: refs
[03:35:20] *** Joins: sentry
[03:36:39] *** Quits: Snetry (Read error: Connection refused)
[03:36:39] *** sentry is now known as Snetry
[05:04:24] *** Quits: refs (Quit: refs)
[05:51:40] *** Quits: oreo639 (Read error: Operation timed out)
[06:31:29] *** Joins: oreo639
[09:06:32] *** Joins: n87
[10:26:04] *** Quits: oreo639 (Ping timeout: 240 seconds)
[10:34:23] *** Joins: oreo639
[12:07:49] *** Joins: fgsfds
[15:26:26] *** Quits: oreo639 (Read error: Operation timed out)
[17:57:11] *** Joins: refs
[21:02:17] *** Quits: balrog (Read error: Operation timed out)
[21:03:09] *** Joins: balrog
[23:53:20] *** Quits: flotwig (Read error: Operation timed out)
