[00:04:28] *** Quits: n87 (Read error: Connection reset by peer)
[00:40:58] *** Joins: Retr0id
[00:42:54] *** Quits: GrecKo (Remote host closed the connection)
[00:44:09] *** Joins: GrecKo
[02:04:58] *** Quits: fgsfds (Read error: Connection reset by peer)
[02:46:18] *** Joins: refs
[03:05:07] *** Quits: GerbilSof (Quit: Windows must now restart because the Remote Procedure Call (RPC) service terminated unexpectedly.)
[03:51:47] *** Joins: GerbilSof
[04:01:48] *** Quits: refs (Quit: refs)
[05:48:33] *** Quits: oreo639 (Read error: Operation timed out)
[06:10:50] *** Joins: oreo639
[09:21:18] *** Quits: oreo639 (Read error: Operation timed out)
[12:09:23] *** Joins: fgsfds
[16:59:37] *** Quits: KuKzz (Ping timeout: 483 seconds)
[17:00:59] *** Joins: KuKzz
[19:48:06] *** Quits: Stary_ (Quit: ZNC - http://znc.in)
[19:51:27] *** Joins: Stary
[21:29:56] *** Joins: n87
[22:51:38] *** Quits: d3m3vilur (Read error: Connection reset by peer)
[22:51:38] *** Quits: Retr0id (Read error: Connection reset by peer)
[22:55:17] *** Joins: d3m3vilur
[22:57:48] *** Joins: Retr0id
