[00:09:02] *** Quits: fgsfds (Read error: Connection reset by peer)
[00:56:29] *** Joins: oreo639
[01:23:20] *** Joins: refs
[02:02:53] *** Quits: KuKzz (Ping timeout: 260 seconds)
[02:05:41] *** Quits: oreo639 (Ping timeout: 260 seconds)
[02:06:39] *** Joins: KuKzz
[02:39:21] *** Quits: refs (Quit: refs)
[03:20:16] *** Joins: sentry
[03:21:35] *** Quits: Snetry (Read error: Operation timed out)
[03:21:35] *** sentry is now known as Snetry
[04:19:41] *** Quits: maylay (Ping timeout: 240 seconds)
[05:12:15] *** Joins: maylay
[05:18:25] *** Quits: GeekShado (Ping timeout: 260 seconds)
[05:18:40] *** Joins: GeekShado
[05:19:21] *** Quits: ris2z (Ping timeout: 260 seconds)
[05:20:31] *** Joins: oreo639
[05:22:35] *** Joins: ris2z
[05:27:45] *** Quits: ris2z (Ping timeout: 260 seconds)
[05:29:56] *** Joins: ris2z
[05:37:30] *** Quits: omlet05 (Read error: Operation timed out)
[05:37:39] *** Quits: Retr0id (Read error: Operation timed out)
[05:41:09] *** Quits: Snetry (efnet.deic.eu se.hub)
[05:41:10] *** Quits: balrog (efnet.deic.eu se.hub)
[05:41:10] *** Quits: GrecKo (efnet.deic.eu se.hub)
[05:41:12] *** Quits: lex1 (efnet.deic.eu se.hub)
[05:41:12] *** Quits: d3m3vilur (efnet.deic.eu se.hub)
[05:41:12] *** Quits: theSuess (efnet.deic.eu se.hub)
[05:41:15] *** Quits: yellows8 (efnet.deic.eu se.hub)
[05:41:15] *** Quits: Lightswor (efnet.deic.eu se.hub)
[05:41:15] *** Quits: KuKzz (efnet.deic.eu se.hub)
[05:41:15] *** Quits: TurtleP (efnet.deic.eu se.hub)
[05:41:15] *** Quits: Surkow (efnet.deic.eu se.hub)
[05:41:15] *** Quits: plutobot (efnet.deic.eu se.hub)
[05:41:15] *** Quits: mtheall (efnet.deic.eu se.hub)
[05:41:15] *** Quits: maylay (efnet.deic.eu se.hub)
[05:41:15] *** Quits: substanc3 (efnet.deic.eu se.hub)
[05:41:15] *** Quits: Normmatt (efnet.deic.eu se.hub)
[05:41:15] *** Quits: Extrems (efnet.deic.eu se.hub)
[05:41:15] *** Quits: Cu3PO42 (efnet.deic.eu se.hub)
[05:41:15] *** Quits: flotwig (efnet.deic.eu se.hub)
[05:41:15] *** Quits: DacoTaco (efnet.deic.eu se.hub)
[05:42:56] *** Quits: nrq (efnet.deic.eu se.hub)
[05:42:56] *** Quits: |Shadow| (efnet.deic.eu se.hub)
[05:42:56] *** Quits: tertu (efnet.deic.eu se.hub)
[05:42:56] *** Quits: tpw_rules (efnet.deic.eu se.hub)
[05:42:56] *** Quits: yls8bot (efnet.deic.eu se.hub)
[05:42:56] *** Quits: ihaveamac (efnet.deic.eu se.hub)
[05:42:56] *** Quits: hexkyz (efnet.deic.eu se.hub)
[05:42:56] *** Quits: uyjulian (efnet.deic.eu se.hub)
[05:42:56] *** Quits: Stary (efnet.deic.eu se.hub)
[05:42:56] *** Quits: oreo639 (efnet.deic.eu se.hub)
[05:42:56] *** Quits: fincs (efnet.deic.eu se.hub)
[05:42:56] *** Quits: klock (efnet.deic.eu se.hub)
[05:42:56] *** Quits: lansiir (efnet.deic.eu se.hub)
[05:42:56] *** Quits: GerbilSof (efnet.deic.eu se.hub)
[05:42:56] *** Quits: Shiz (efnet.deic.eu se.hub)
[05:42:56] *** Quits: TAL (efnet.deic.eu se.hub)
[05:42:56] *** Quits: ris2z (efnet.deic.eu se.hub)
[05:42:56] *** Quits: freundTec (efnet.deic.eu se.hub)
[05:42:56] *** Quits: Ghabry (efnet.deic.eu se.hub)
[05:42:56] *** Quits: Genolo (efnet.deic.eu se.hub)
[05:42:56] *** Quits: flagrama_ (efnet.deic.eu se.hub)
[05:49:08] *** Quits: lameboy (Read error: Operation timed out)
[05:49:08] *** Quits: GeekShado (Ping timeout: 622 seconds)
[05:50:16] *** Quits: CCFL_Man (Ping timeout: 622 seconds)
[05:52:24] *** Quits: eggster (Ping timeout: 622 seconds)
[05:57:26] *** Quits: averne (quit)
[05:59:43] *** Joins: averne
[05:59:43] *** Server sets mode: +stn 
[06:01:38] *** Quits: Extrems (Read error: Operation timed out)
[06:01:41] *** Joins: Extrems
[06:03:50] *** Quits: Retr0id (Read error: Operation timed out)
[06:03:50] *** Quits: Snetry (Read error: Operation timed out)
[06:05:58] *** Quits: DacoTaco (Read error: Operation timed out)
[06:05:58] *** Joins: DacoTaco
[06:08:06] *** Quits: averne (quit)
[06:13:58] *** Joins: averne
[06:13:58] *** Server sets mode: +stn 
[06:14:56] *** Quits: GrecKo (Read error: Connection reset by peer)
[06:28:32] *** Quits: Retr0id (efnet.deic.eu se.hub)
[06:28:32] *** Quits: d3m3vilur (efnet.deic.eu se.hub)
[06:28:32] *** Quits: Snetry (efnet.deic.eu se.hub)
[06:28:32] *** Quits: lex1 (efnet.deic.eu se.hub)
[06:28:32] *** Quits: omlet05 (efnet.deic.eu se.hub)
[06:28:32] *** Quits: theSuess (efnet.deic.eu se.hub)
[06:28:33] *** Quits: yellows8 (efnet.deic.eu se.hub)
[06:28:33] *** Quits: Lightswor (efnet.deic.eu se.hub)
[06:28:33] *** Quits: KuKzz (efnet.deic.eu se.hub)
[06:28:33] *** Quits: TurtleP (efnet.deic.eu se.hub)
[06:28:33] *** Quits: Surkow (efnet.deic.eu se.hub)
[06:28:33] *** Quits: plutobot (efnet.deic.eu se.hub)
[06:28:33] *** Quits: mtheall (efnet.deic.eu se.hub)
[06:28:33] *** Quits: CCFL_Man (efnet.deic.eu se.hub)
[06:28:33] *** Quits: maylay (efnet.deic.eu se.hub)
[06:28:33] *** Quits: substanc3 (efnet.deic.eu se.hub)
[06:28:33] *** Quits: Normmatt (efnet.deic.eu se.hub)
[06:28:34] *** Quits: Cu3PO42 (efnet.deic.eu se.hub)
[06:28:34] *** Quits: flotwig (efnet.deic.eu se.hub)
[06:28:34] *** Quits: balrog (efnet.deic.eu se.hub)
[06:28:34] *** Quits: nrq (efnet.deic.eu se.hub)
[06:28:34] *** Quits: |Shadow| (efnet.deic.eu se.hub)
[06:28:34] *** Quits: tertu (efnet.deic.eu se.hub)
[06:28:34] *** Quits: tpw_rules (efnet.deic.eu se.hub)
[06:28:34] *** Quits: yls8bot (efnet.deic.eu se.hub)
[06:28:34] *** Quits: ihaveamac (efnet.deic.eu se.hub)
[06:28:34] *** Quits: hexkyz (efnet.deic.eu se.hub)
[06:28:34] *** Quits: uyjulian (efnet.deic.eu se.hub)
[06:28:34] *** Quits: Extrems (efnet.deic.eu se.hub)
[06:28:34] *** Quits: Stary (efnet.deic.eu se.hub)
[06:28:35] *** Quits: oreo639 (efnet.deic.eu se.hub)
[06:28:35] *** Quits: fincs (efnet.deic.eu se.hub)
[06:28:35] *** Quits: klock (efnet.deic.eu se.hub)
[06:28:35] *** Quits: lansiir (efnet.deic.eu se.hub)
[06:28:35] *** Quits: GerbilSof (efnet.deic.eu se.hub)
[06:28:35] *** Quits: Shiz (efnet.deic.eu se.hub)
[06:28:35] *** Quits: TAL (efnet.deic.eu se.hub)
[06:28:35] *** Quits: DacoTaco (efnet.deic.eu se.hub)
[06:28:36] *** Quits: GeekShad1 (efnet.deic.eu se.hub)
[06:28:36] *** Quits: eggy (efnet.deic.eu se.hub)
[06:28:36] *** Quits: ris2z (efnet.deic.eu se.hub)
[06:28:36] *** Quits: freundTec (efnet.deic.eu se.hub)
[06:28:36] *** Quits: Ghabry (efnet.deic.eu se.hub)
[06:28:36] *** Quits: Genolo (efnet.deic.eu se.hub)
[06:28:37] *** Quits: flagrama_ (efnet.deic.eu se.hub)
[07:16:49] *** Joins: Snetry
[07:16:49] *** Joins: GrecKo
[07:16:49] *** Joins: Retr0id
[07:16:49] *** Joins: d3m3vilur
[07:16:49] *** Joins: CCFL_Man
[07:16:49] *** Joins: DacoTaco
[07:16:49] *** Joins: Extrems
[07:16:49] *** Joins: GeekShad1
[07:16:49] *** Joins: eggy
[07:16:49] *** Joins: balrog
[07:16:49] *** Joins: omlet05
[07:16:49] *** Joins: ris2z
[07:16:49] *** Joins: oreo639
[07:16:49] *** Joins: maylay
[07:16:49] *** Joins: KuKzz
[07:16:49] *** Joins: lex1
[07:16:49] *** Joins: substanc3
[07:16:49] *** Joins: Normmatt
[07:16:49] *** Joins: Cu3PO42
[07:16:49] *** Joins: fincs
[07:16:49] *** Joins: TurtleP
[07:16:49] *** Joins: flotwig
[07:16:49] *** Joins: nrq
[07:16:49] *** Joins: |Shadow|
[07:16:49] *** Joins: theSuess
[07:16:49] *** Joins: Surkow
[07:16:49] *** Joins: yellows8
[07:16:49] *** Joins: Lightswor
[07:16:49] *** Joins: klock
[07:16:49] *** Joins: tertu
[07:16:49] *** Joins: tpw_rules
[07:16:49] *** Joins: yls8bot
[07:16:49] *** Joins: ihaveamac
[07:16:49] *** Joins: hexkyz
[07:16:49] *** Joins: uyjulian
[07:16:49] *** Joins: lansiir
[07:16:49] *** Joins: plutobot
[07:16:49] *** Joins: mtheall
[07:16:49] *** Joins: GerbilSof
[07:16:49] *** Joins: Stary
[07:16:49] *** Joins: freundTec
[07:16:49] *** Joins: Ghabry
[07:16:49] *** Joins: Shiz
[07:16:49] *** Joins: Genolo
[07:16:49] *** Joins: flagrama_
[07:16:49] *** Joins: TAL
[07:16:49] *** se.hub sets mode: +o fincs
[08:12:54] *** Quits: flotwig (Read error: Operation timed out)
[08:13:00] *** Joins: flotwig
[09:33:56] *** Quits: oreo639 (Remote host closed the connection)
[09:36:05] *** Joins: oreo639
[09:36:06] *** Quits: oreo639 (Remote host closed the connection)
[09:36:31] *** Joins: oreo639
[10:36:01] *** Joins: lameboy
[10:53:14] *** Quits: oreo639 (Quit: Quit)
[10:54:28] *** Joins: oreo639
[10:55:14] *** Quits: oreo639 (Remote host closed the connection)
[10:55:33] *** Joins: oreo639
[11:03:50] *** Quits: oreo639 (Remote host closed the connection)
[11:04:13] *** Joins: oreo639
[11:04:30] *** Quits: oreo639 (Remote host closed the connection)
[11:04:54] *** Joins: oreo639
[12:33:32] *** Quits: oreo639 (Remote host closed the connection)
[12:33:53] *** Joins: oreo639
[12:33:59] *** Quits: oreo639 (Remote host closed the connection)
[12:35:25] *** Joins: oreo639
[13:23:36] *** Quits: oreo639 (Remote host closed the connection)
[13:24:03] *** Joins: oreo639
[13:24:21] *** Quits: oreo639 (Read error: Connection reset by peer)
[13:25:14] *** Joins: oreo639
[14:41:18] *** Quits: oreo639 (Remote host closed the connection)
[14:41:47] *** Joins: oreo639
[15:18:32] *** Joins: fgsfds
[15:19:24] *** Joins: n87
[15:34:48] *** Quits: oreo639 (Read error: Operation timed out)
[19:35:37] *** Joins: oreo639
[19:48:41] *** Quits: KuKzz (Ping timeout: 240 seconds)
[19:52:49] *** Joins: KuKzz
[19:56:12] *** Quits: oreo639 (Read error: Operation timed out)
[21:41:28] *** Quits: CCFL_Man (Read error: Operation timed out)
[21:47:57] *** Joins: CCFL_Man
