[00:17:14] <plutobot> GitHub | New PR: elfkip add co... | User: SciresM | https://github.com/switchbrew/switch-tools/pull/30
[00:20:58] *** Joins rajkosto
[00:24:33] *** Quits |Shadow|_ (Read error: Operation timed out)
[00:25:38] *** Quits mukunda (Read error: Operation timed out)
[00:32:10] *** Joins |Shadow|
[00:41:17] *** Quits |Shadow| (Read error: Operation timed out)
[01:33:40] *** Joins |Shadow|
[02:12:53] *** Joins mukunda
[02:27:52] *** Quits ris2z (Ping timeout: 246 seconds)
[02:34:45] *** Joins ris2z
[03:40:09] *** Quits ris2z (Ping timeout: 492 seconds)
[03:42:54] *** Joins ris2z
[05:02:06] *** Quits zini (Ping timeout: 745 seconds)
[05:14:12] *** Quits DacoTaco (Ping timeout: 272 seconds)
[05:17:12] *** Quits averne (quit)
[05:18:34] *** Joins averne
[05:18:34] *** Server sets mode: +stn 
[05:28:56] *** Quits refsw` (Ping timeout: 745 seconds)
[05:50:59] *** Quits rajkosto (Read error: Connection reset by peer)
[06:19:12] *** Joins m4ts
[06:19:30] *** Joins plutobot
[06:19:32] *** Joins DacoTaco
[06:19:37] *** Joins Mimoja
[06:19:52] *** Joins madk
[07:24:36] *** Quits mukunda (Ping timeout: 265 seconds)
[07:51:27] *** Quits fgsfds (Leaving)
[08:11:55] *** Quits GerbilSof (Quit: Windows must now restart because the Remote Procedure Call (RPC) service terminated unexpectedly.)
[08:20:49] *** Joins GerbilSof
[08:25:04] *** Quits GerbilSof (Client Quit)
[08:42:11] *** Joins GerbilSof
[08:51:14] *** Quits GerbilSof (Windows must now restart because the Remote Procedure Call (RPC) service terminated unexpectedly.)
[10:39:08] *** Quits KuKzz_ (Ping timeout: 492 seconds)
[12:54:35] *** Joins mukunda
[13:07:10] *** Joins zini
[13:34:05] *** Joins |Shadow|_
[13:37:06] *** Quits |Shadow| (Read error: Connection reset by peer)
[13:37:06] *** Quits |Shadow|_ (Read error: Connection reset by peer)
[13:43:29] *** Joins |Shadow|
[14:04:54] *** Quits |Shadow| (Read error: Operation timed out)
[14:20:01] *** Joins |Shadow|
[14:37:05] *** Quits |Shadow| (Read error: Operation timed out)
[14:46:06] *** Joins |Shadow|
[15:24:00] *** Quits |Shadow| (Read error: Operation timed out)
[15:27:17] *** Quits eggy (Read error: Operation timed out)
[15:28:13] *** Joins eggster
[15:30:54] *** Joins |Shadow|
[15:53:49] *** Joins rajkosto
[15:55:48] *** Joins KuKzz
[17:43:47] *** Joins refs
[18:15:10] *** Quits ris2z (Ping timeout: 265 seconds)
[18:15:40] *** Joins GerbilSof
[18:19:14] *** Joins Retr0id
[18:26:12] *** Joins ris2z
[19:01:59] *** Joins |Shadow|_
[19:06:11] *** Quits |Shadow| (Read error: Operation timed out)
[19:24:27] *** Joins |Shadow|
[19:24:29] *** Quits |Shadow| (Excess Flood)
[19:25:41] *** Quits |Shadow|_ (Read error: Operation timed out)
[19:29:51] *** Joins |Shadow|
[19:37:58] *** Joins |Shadow|_
[19:38:34] *** Quits |Shadow| (Read error: Operation timed out)
[20:39:48] *** Quits rajkosto (Read error: Connection reset by peer)
[20:41:09] *** Quits balrog (Bye)
[20:41:27] *** Joins balrog
[21:24:48] *** Joins fgsfds
[23:22:47] *** |Shadow|_ is now known as |Shadow|
[23:24:53] *** Joins rajkosto
[23:25:48] <plutobot> Wiki | Page changed: BTM services | User: yls8 | https://switchbrew.org/w/index.php?curid=306&diff=9841&oldid=9838
