[00:51:38] *** Quits: eggster (~eggster@irchighway.eggy.cc) (Read error: Operation timed out)
[00:53:23] *** Joins: eggster (~eggster@irchighway.eggy.cc)
[02:42:23] *** Quits: eggster (~eggster@irchighway.eggy.cc) (Read error: Operation timed out)
[02:44:40] *** Joins: eggster (~eggster@irchighway.eggy.cc)
[03:59:30] *** Quits: changO- (~Changolan@ip72-194-70-236.oc.oc.cox.net) (Read error: Operation timed out)
[04:33:57] *** Quits: refs (~refs@p200300dd8730650040afe3ee6a6f3790.dip0.t-ipconnect.de) (Quit: refs)
[04:56:46] *** Quits: phigcloud (uid13896@id-13896.tooting.irccloud.com) (Read error: Connection reset by peer)
[04:57:28] *** Joins: phigcloud (uid13896@id-13896.tooting.irccloud.com)
[05:21:24] *** Quits: miigotu (~miigotu@custip-162-217-53-192.esvabroadband.net) (Quit: ZNC - https://znc.in)
[05:24:45] *** Joins: miigotu (~miigotu@custip-162-217-53-192.esvabroadband.net)
[05:24:45] *** Quits: miigotu (~miigotu@custip-162-217-53-192.esvabroadband.net) (Connection closed)
[05:28:28] *** Joins: miigotu (~miigotu@custip-162-217-53-192.esvabroadband.net)
[05:53:28] *** Quits: fgsfds (~figgis@93.123.144.171) (Read error: Connection reset by peer)
[07:39:14] *** Quits: rajkosto (~rajkosto@cable-178-149-122-96.dynamic.sbb.rs) (Read error: Connection reset by peer)
[08:49:51] *** Quits: mukunda (~mukunda@adsl-074-188-211-074.sip.asm.bellsouth.net) (Ping timeout: 745 seconds)
[08:52:40] *** Quits: GerbilSof (~GerbilSof@pool-108-24-178-92.cmdnnj.fios.verizon.net) (Quit: Windows must now restart because the Remote Procedure Call (RPC) service terminated unexpectedly.)
[10:20:57] *** Quits: madk (~madk@66.222.200.159) (Ping timeout: 272 seconds)
[10:20:57] *** Quits: DacoTaco (~DacoTaco@178-119-112-131.access.telenet.be) (Ping timeout: 272 seconds)
[10:20:57] *** Quits: m4ts (~mats@ti0030a400-6415.bb.online.no) (Ping timeout: 272 seconds)
[10:21:35] *** Quits: plutobot (~plutobot@188.166.26.149) (Ping timeout: 272 seconds)
[10:22:13] *** Quits: zini (~zini@88-113-145-208.elisa-laajakaista.fi) (Ping timeout: 272 seconds)
[10:22:13] *** Quits: Mimoja (~Mimoja@mail.mimoja.de) (Ping timeout: 272 seconds)
[10:22:13] *** Quits: karolherb (~kherbst@2a02:8308:b0be:6900:482c:9537:40:83ba) (Ping timeout: 272 seconds)
[10:22:31] *** Joins: zini (~zini@88-113-145-208.elisa-laajakaista.fi)
[10:22:51] *** Quits: Pieman (sid188464@id-188464.brockwell.irccloud.com) (Ping timeout: 272 seconds)
[10:23:29] *** Quits: nohit (sid334887@id-334887.hathersage.irccloud.com) (Ping timeout: 272 seconds)
[10:23:29] *** Quits: flagrama (flagrama@id-145621.stonehaven.irccloud.com) (Ping timeout: 272 seconds)
[11:24:10] *** Joins: Yario (~Yario@40.133.22.93.rev.sfr.net)
[11:25:18] *** Joins: m4ts (~mats@ti0030a400-6415.bb.online.no)
[11:25:41] *** Joins: plutobot (~plutobot@188.166.26.149)
[11:25:52] *** Joins: Mimoja (~Mimoja@mail.mimoja.de)
[11:25:53] *** Joins: DacoTaco (~DacoTaco@178-119-112-131.access.telenet.be)
[11:25:59] *** Joins: madk (~madk@66.222.200.159)
[11:29:58] *** Joins: nohit (sid334887@hathersage.irccloud.com)
[11:30:10] *** Joins: flagrama (flagrama@stonehaven.irccloud.com)
[11:32:43] *** Joins: changO- (~Changolan@ip72-194-70-236.oc.oc.cox.net)
[11:36:12] *** Joins: Pieman (sid188464@id-188464.brockwell.irccloud.com)
[11:55:08] *** Quits: Yario (~Yario@40.133.22.93.rev.sfr.net) (Ping timeout: 857 seconds)
[11:56:33] *** Joins: Yario (~Yario@214.196.23.93.rev.sfr.net)
[14:28:26] *** Joins: refs (~refs@p200300dd8740f400ed0a65a4228359d0.dip0.t-ipconnect.de)
[15:15:26] *** Quits: Yario (~Yario@214.196.23.93.rev.sfr.net) (Ping timeout: 745 seconds)
[15:16:30] *** Joins: Yario (~Yario@46.164.185.81.rev.sfr.net)
[15:50:40] *** Joins: mukunda (~mukunda@adsl-074-188-211-074.sip.asm.bellsouth.net)
[15:53:35] *** Quits: |Shadow| (~Shadow1@ip68-12-213-93.ok.ok.cox.net) (Read error: Operation timed out)
[15:54:58] *** Joins: |Shadow| (~Shadow1@ip68-12-213-93.ok.ok.cox.net)
[16:54:14] *** Quits: Yario (~Yario@46.164.185.81.rev.sfr.net) (Read error: Connection reset by peer)
[16:55:12] *** Joins: Yario (~Yario@46.164.185.81.rev.sfr.net)
[17:08:01] *** Quits: Yario (~Yario@46.164.185.81.rev.sfr.net) (Ping timeout: 745 seconds)
[17:09:32] *** Joins: Yario (~Yario@229.125.28.109.rev.sfr.net)
[17:29:36] *** Quits: ris2z (~2ri@158.174.119.23) (Ping timeout: 745 seconds)
[17:30:13] *** Joins: ris2z (~2ri@158.174.119.23)
[18:07:09] *** Joins: rajkosto (~rajkosto@cable-178-149-122-96.dynamic.sbb.rs)
[18:22:33] <plutobot> Wiki | Page changed: BTM services | User: yls8 | https://switchbrew.org/w/index.php?curid=306&diff=9842&oldid=9841
[18:59:51] *** Joins: fgsfds (~figgis@93.123.144.171)
[19:41:30] *** Quits: rajkosto (~rajkosto@cable-178-149-122-96.dynamic.sbb.rs) (Read error: Connection reset by peer)
[21:19:01] <plutobot> Wiki | Page changed: BTM services | User: yls8 | https://switchbrew.org/w/index.php?curid=306&diff=9843&oldid=9842
[21:41:09] *** Quits: ris2z (~2ri@158.174.119.23) (Ping timeout: 272 seconds)
[21:58:48] *** Joins: ris2z (~2ri@158.174.119.23)
[23:47:36] *** Quits: Yario (~Yario@229.125.28.109.rev.sfr.net) (Remote host closed the connection)
[23:47:55] *** Joins: Yario (~Yario@229.125.28.109.rev.sfr.net)
