[00:32:56] *** Joins: eggy (~eggster@irchighway.eggy.cc)
[00:35:05] *** Quits: eggster (~eggster@irchighway.eggy.cc) (Read error: Operation timed out)
[01:02:48] <plutobot> Wiki | Page changed: BTM services | User: yls8 | https://switchbrew.org/w/index.php?curid=306&diff=9844&oldid=9843
[01:09:12] *** Joins: eggster (~eggster@irchighway.eggy.cc)
[01:10:47] *** Quits: eggy (~eggster@irchighway.eggy.cc) (Ping timeout: 272 seconds)
[01:19:29] *** Joins: GerbilSof (~GerbilSof@pool-108-24-178-92.cmdnnj.fios.verizon.net)
[01:42:23] <plutobot> Wiki | Page changed: Bluetooth Driver services | User: yls8 | https://switchbrew.org/w/index.php?curid=161&diff=9845&oldid=9833
[01:54:37] <plutobot> Wiki | Page changed: Bluetooth Driver services | User: yls8 | https://switchbrew.org/w/index.php?curid=161&diff=9846&oldid=9845
[02:16:53] <plutobot> Wiki | Page changed: BTM services | User: yls8 | https://switchbrew.org/w/index.php?curid=306&diff=9847&oldid=9844
[02:25:31] *** Quits: changO- (~Changolan@ip72-194-70-236.oc.oc.cox.net) (Read error: Connection reset by peer)
[03:07:51] <plutobot> Wiki | Page changed: BTM services | User: yls8 | https://switchbrew.org/w/index.php?curid=306&diff=9848&oldid=9847
[04:09:23] <plutobot> Wiki | Page changed: BTM services | User: yls8 | https://switchbrew.org/w/index.php?curid=306&diff=9849&oldid=9848
[04:31:08] *** Quits: refs (~refs@p200300dd8740f400ed0a65a4228359d0.dip0.t-ipconnect.de) (Quit: refs)
[05:07:41] *** Quits: ris2z (~2ri@158.174.119.23) (Ping timeout: 492 seconds)
[05:17:33] *** Joins: ris2z (~2ri@158.174.119.23)
[05:18:53] <plutobot> Wiki | Page changed: BTM services | User: yls8 | https://switchbrew.org/w/index.php?curid=306&diff=9850&oldid=9849
[05:24:29] <plutobot> Wiki | Page changed: Bluetooth Driver services | User: yls8 | https://switchbrew.org/w/index.php?curid=161&diff=9851&oldid=9846
[05:28:42] *** Quits: fincs (~fincs@bnc.devkitpro.org) (Ping timeout: 260 seconds)
[05:29:17] *** Joins: fincs (~fincs@bnc.devkitpro.org)
[07:09:19] *** Quits: GerbilSof (~GerbilSof@pool-108-24-178-92.cmdnnj.fios.verizon.net) (Quit: Windows must now restart because the Remote Procedure Call (RPC) service terminated unexpectedly.)
[07:27:32] *** Joins: graffix (~graffix@107-143-9-67.lightspeed.gdrpmi.sbcglobal.net)
[07:30:02] *** Quits: graffix (~graffix@107-143-9-67.lightspeed.gdrpmi.sbcglobal.net) (Client Quit)
[07:54:43] *** Quits: fgsfds (~figgis@93.123.144.171) (Read error: Connection reset by peer)
[08:29:56] *** Joins: Tcm0 (~Tcm0@p4fde7c99.dip0.t-ipconnect.de)
[08:59:47] *** Quits: mukunda (~mukunda@adsl-074-188-211-074.sip.asm.bellsouth.net) (Read error: Operation timed out)
[11:43:27] *** Quits: ris2z (~2ri@158.174.119.23) (Ping timeout: 260 seconds)
[11:55:49] *** Joins: ris2z (~2ri@158.174.119.23)
[12:09:30] *** Joins: |Shadow|_ (~Shadow1@ip68-12-213-93.ok.ok.cox.net)
[12:14:22] *** Quits: |Shadow| (~Shadow1@ip68-12-213-93.ok.ok.cox.net) (Read error: Operation timed out)
[12:22:40] *** |Shadow|_ is now known as |Shadow|
[13:47:36] *** Quits: Yario (~Yario@229.125.28.109.rev.sfr.net) (Ping timeout: 745 seconds)
[13:47:54] *** Joins: Yario (~Yario@211.170.185.81.rev.sfr.net)
[15:51:36] *** Joins: lameboy2 (~lameboy@202-47-121-182.cust.dcsi.net.au)
[15:54:55] *** Quits: lameboy (~lameboy@202-47-121-182.cust.dcsi.net.au) (Ping timeout: 264 seconds)
[15:54:57] *** lameboy2 is now known as lameboy
[17:12:46] <plutobot> Wiki | Page changed: 10.0.0 | User: SciresM | https://switchbrew.org/w/index.php?curid=403&diff=9852&oldid=9808
[17:40:29] *** Joins: fgsfds (~figgis@93.123.144.171)
[19:14:51] *** Quits: Yario (~Yario@211.170.185.81.rev.sfr.net) (Ping timeout: 745 seconds)
[19:14:59] *** Joins: Yario (~Yario@229.125.28.109.rev.sfr.net)
[19:32:56] *** Quits: Yario (~Yario@229.125.28.109.rev.sfr.net) (Ping timeout: 745 seconds)
[19:34:48] *** Joins: Yario (~Yario@229.125.28.109.rev.sfr.net)
[19:36:47] *** Quits: ris2z (~2ri@158.174.119.23) (ris2z)
[20:18:31] *** Joins: eggy (~eggster@irchighway.eggy.cc)
[20:20:17] *** Quits: eggster (~eggster@irchighway.eggy.cc) (Ping timeout: 272 seconds)
[20:55:59] *** Joins: ris2z (~2ri@158.174.119.23)
[21:32:21] *** Joins: refs (~refs@p200300dd870e7300308c448127b57b4b.dip0.t-ipconnect.de)
[21:39:28] *** Joins: mukunda (~mukunda@adsl-074-188-211-074.sip.asm.bellsouth.net)
[21:56:12] *** Joins: foghorn2 (~meh@2600:1700:8af0:a950:c99d:862e:273a:b61)
[22:02:17] *** Quits: foghorn3 (~meh@2600:1700:8af0:a950:b9ae:2dbd:efda:7068) (Read error: Operation timed out)
[22:16:14] *** Joins: GerbilSof (~GerbilSof@pool-108-24-178-92.cmdnnj.fios.verizon.net)
[22:53:43] *** Quits: ris2z (~2ri@158.174.119.23) (Quit: bye)
[22:54:28] *** Joins: ris2z (~2ri@158.174.119.23)
[23:12:32] *** Quits: Tcm0 (~Tcm0@p4fde7c99.dip0.t-ipconnect.de) (Leaving)
[23:44:10] *** Quits: mukunda (~mukunda@adsl-074-188-211-074.sip.asm.bellsouth.net) (Read error: Operation timed out)
