[02:35:35] *** Quits: refs (~refs@p200300dd87165d0059ebeb53c6e2863e.dip0.t-ipconnect.de) (Quit: refs)
[02:39:59] *** Quits: gruetzkop (gruetzkopf@bnc.dont-follow.us) (Read error: Operation timed out)
[02:40:57] *** Joins: gruetzkop (~gruetzkop@bnc.dont-follow.us)
[04:23:43] <plutobot> Wiki | Page changed: SVC | User: SciresM | https://switchbrew.org/w/index.php?curid=81&diff=9855&oldid=9616
[04:45:42] *** Quits: nullstrin (~nullstrin@cermak.nullstring.io) (Read error: Operation timed out)
[04:49:26] *** Joins: nullstrin (~nullstrin@cermak.nullstring.io)
[05:51:34] *** Quits: lameboy (~lameboy@202-47-121-182.cust.dcsi.net.au) (Read error: Connection reset by peer)
[05:51:39] *** Joins: lameboy2 (~lameboy@202-47-121-182.cust.dcsi.net.au)
[05:51:45] *** lameboy2 is now known as lameboy
[06:21:13] *** Quits: Extrems (gamecube@expert.extremscorner.org) (Ping timeout: 492 seconds)
[06:55:47] *** Quits: guardianl (~guardianl@h-72-74.A400.priv.bahnhof.se) (Ping timeout: 186 seconds)
[07:52:57] *** Quits: Surkow (~Surkow@84-104-14-64.cable.dynamic.v4.ziggo.nl) (Read error: Operation timed out)
[08:03:57] *** Joins: Surkow (~Surkow@84-104-14-64.cable.dynamic.v4.ziggo.nl)
[08:22:53] *** Quits: mukunda (~mukunda@adsl-074-188-211-074.sip.asm.bellsouth.net) (Read error: Operation timed out)
[08:33:09] *** Quits: fgsfds (~figgis@93.123.144.171) (Read error: Connection reset by peer)
[09:27:15] *** Joins: guardianl (~guardianl@h-72-74.A400.priv.bahnhof.se)
[10:42:59] *** Quits: guardianl (~guardianl@h-72-74.A400.priv.bahnhof.se) (Ping timeout: 186 seconds)
[10:46:32] *** Joins: guardianl (~guardianl@h-72-74.A400.priv.bahnhof.se)
[10:50:54] *** Quits: guardianl (~guardianl@h-72-74.A400.priv.bahnhof.se) (Read error: Connection reset by peer)
[10:51:00] *** Joins: guardianl (~guardianl@h-72-74.A400.priv.bahnhof.se)
[12:15:37] *** Quits: guardianl (~guardianl@h-72-74.A400.priv.bahnhof.se) (Quit: Leaving)
[12:23:29] *** Joins: mukunda (~mukunda@adsl-074-188-211-074.sip.asm.bellsouth.net)
[15:53:26] *** Joins: Extrems (~gamecube@expert.extremscorner.org)
[17:59:32] <plutobot> Wiki | Page changed: BTM services | User: yls8 | https://switchbrew.org/w/index.php?curid=306&diff=9856&oldid=9854
[19:31:01] *** Joins: fgsfds (~figgis@93.123.144.171)
[20:50:43] *** Joins: ave_ (~ave_@79.110.170.32)
[20:55:23] *** Joins: refs (~refs@p200300dd8715ef000d70dc25bb28c748.dip0.t-ipconnect.de)
[21:06:02] *** Quits: lameboy (~lameboy@202-47-121-182.cust.dcsi.net.au) (Ping timeout: 260 seconds)
[21:15:13] *** Joins: lameboy (~lameboy@202-47-121-182.cust.dcsi.net.au)
[23:33:46] *** Quits: mukunda (~mukunda@adsl-074-188-211-074.sip.asm.bellsouth.net) (Read error: Operation timed out)
