[01:03:22] *** Joins: mukunda (~mukunda@adsl-074-188-211-074.sip.asm.bellsouth.net)
[02:22:10] *** Quits: refs (~refs@p200300dd8715ef000d70dc25bb28c748.dip0.t-ipconnect.de) (Quit: refs)
[02:41:37] *** Joins: rctgamer (~rctgamer3@2a00:f10:121:a00:4ba:60ff:fe00:196c)
[02:41:37] *** Quits: rctgamer3 (~rctgamer3@2a00:f10:121:a00:4ba:60ff:fe00:196c) (Read error: Connection reset by peer)
[02:41:47] *** rctgamer is now known as rctgamer3
[02:45:27] *** Quits: mid-kid1 (~mid-kid@2a01:7c8:aac8:1e8:5054:ff:fe5e:cd48) (Read error: Connection reset by peer)
[02:45:27] *** Joins: mid-kid2 (~mid-kid@136-144-185-148.colo.transip.net)
[02:50:21] *** Quits: SCV_ (sid226262@2001:67c:2f08:3::3:73d6) (Ping timeout: 1230 seconds)
[02:50:25] *** Joins: SCV_ (sid226262@2001:67c:2f08:3::3:73d6)
[02:50:48] *** Joins: changoXPR (~Changolan@ip72-194-70-236.oc.oc.cox.net)
[02:53:57] *** Joins: Phils3r_ (~Phil@2a02:c205:3000:2328::1)
[02:58:20] *** Joins: miigotu (~miigotu@custip-162-217-53-192.esvabroadband.net)
[02:58:47] *** Quits: Phils3r (~Phil@phils3r.de) (Read error: Connection reset by peer)
[03:02:01] *** Quits: changO- (~Changolan@ip72-194-70-236.oc.oc.cox.net) (Ping timeout: 745 seconds)
[04:39:11] <plutobot> Wiki | Page changed: BTM services | User: yls8 | https://switchbrew.org/w/index.php?curid=306&diff=9857&oldid=9856
[04:47:41] <plutobot> Wiki | Page changed: BTM services | User: yls8 | https://switchbrew.org/w/index.php?curid=306&diff=9858&oldid=9857
[05:37:09] *** Joins: aa2038 (~aa2038@130-45-123-66.dyn.grandenetworks.net)
[06:10:18] *** Quits: fgsfds (~figgis@93.123.144.171) (Read error: Connection reset by peer)
[06:12:09] *** Joins: miigotu_ (~miigotu@custip-162-217-53-192.esvabroadband.net)
[06:15:02] *** Quits: miigotu (~miigotu@custip-162-217-53-192.esvabroadband.net) (Read error: Operation timed out)
[06:38:38] <plutobot> Wiki | Page changed: BTM services | User: yls8 | https://switchbrew.org/w/index.php?curid=306&diff=9859&oldid=9858
[06:46:52] *** Quits: aa2038 (~aa2038@130-45-123-66.dyn.grandenetworks.net) (Quit: aa2038)
[06:51:33] *** Quits: mukunda (~mukunda@adsl-074-188-211-074.sip.asm.bellsouth.net) (Read error: Operation timed out)
[06:55:19] *** Joins: mtheall_ (~mtheall@mtheall.com)
[06:55:32] *** Quits: Jdbye (~furry4lif@me.jdbye.com) (ny.us.hub irc.colosolutions.net)
[06:55:32] *** Quits: balrog (~balrog@pool-98-115-168-15.phlapa.fios.verizon.net) (ny.us.hub irc.colosolutions.net)
[06:55:32] *** Quits: b0nez (b0nez@162.248.221.94) (ny.us.hub irc.colosolutions.net)
[06:55:32] *** Quits: Cu3PO42 (~Cu3PO42@159.69.208.45) (ny.us.hub irc.colosolutions.net)
[06:55:32] *** Quits: capin2 (~capin@209.182.233.136) (ny.us.hub irc.colosolutions.net)
[06:55:32] *** Quits: Behemoth_ (~quassel@vmd39331.contaboserver.net) (ny.us.hub irc.colosolutions.net)
[06:55:32] *** Quits: datagutt (~datagutt@mail.guac.live) (ny.us.hub irc.colosolutions.net)
[06:55:32] *** Quits: mtheall (~mtheall@mtheall.com) (ny.us.hub irc.colosolutions.net)
[06:55:32] *** Quits: TurtleP (~turtlep@bnc.devkitpro.org) (ny.us.hub irc.colosolutions.net)
[06:55:32] *** Quits: WntrMute (~wntrmute@bnc.devkitpro.org) (ny.us.hub irc.colosolutions.net)
[06:55:59] *** Joins: Jdbye (~furry4lif@me.jdbye.com)
[06:55:59] *** Joins: balrog (~balrog@pool-98-115-168-15.phlapa.fios.verizon.net)
[06:55:59] *** Joins: b0nez (b0nez@162.248.221.94)
[06:55:59] *** Joins: capin2 (~capin@209.182.233.136)
[06:55:59] *** Joins: Behemoth_ (~quassel@vmd39331.contaboserver.net)
[06:55:59] *** Joins: datagutt (~datagutt@mail.guac.live)
[06:55:59] *** Joins: TurtleP (~turtlep@bnc.devkitpro.org)
[06:55:59] *** Joins: WntrMute (~wntrmute@bnc.devkitpro.org)
[06:55:59] *** irc.colosolutions.net sets mode: +o WntrMute
[06:55:59] *** fincs sets mode: +o WntrMute
[06:56:01] *** WntrMute sets mode: +o fincs
[06:56:01] *** WntrMute sets mode: +o yellows8
[07:02:05] *** Joins: Cu3PO42_ (~Cu3PO42@159.69.208.45)
[07:11:03] *** Cu3PO42_ is now known as Cu3PO42
[08:51:48] *** Joins: lameboy2 (~lameboy@202-47-121-182.cust.dcsi.net.au)
[08:55:31] *** Quits: lameboy (~lameboy@202-47-121-182.cust.dcsi.net.au) (Ping timeout: 246 seconds)
[08:55:35] *** lameboy2 is now known as lameboy
[09:15:30] *** Joins: mukunda (~mukunda@adsl-074-188-211-074.sip.asm.bellsouth.net)
[10:31:34] *** Joins: lameboy2 (~lameboy@202-47-121-182.cust.dcsi.net.au)
[10:34:55] *** Quits: lameboy (~lameboy@202-47-121-182.cust.dcsi.net.au) (Ping timeout: 246 seconds)
[10:35:00] *** lameboy2 is now known as lameboy
[12:10:29] *** Joins: foghorn3 (~meh@2600:1700:8af0:a950:55fa:58a5:d22d:4f7)
[12:13:09] *** Quits: foghorn2 (~meh@2600:1700:8af0:a950:c99d:862e:273a:b61) (Ping timeout: 610 seconds)
[12:13:40] *** Quits: irc1 (~irc@138.68.239.197) (Ping timeout: 610 seconds)
[14:05:46] *** Joins: ds84183 (~ds84182@149.56.6.196)
[14:05:58] *** Quits: awordnot (~awordnot@c-73-74-223-132.hsd1.il.comcast.net) (Read error: Connection reset by peer)
[14:06:03] *** Quits: ds84182 (~ds84182@eos.pc-logix.com) (Read error: Connection reset by peer)
[14:07:04] *** Quits: miigotu_ (~miigotu@custip-162-217-53-192.esvabroadband.net) (Read error: Operation timed out)
[14:07:27] *** Quits: j0hny5 (j0hny5@94.75.242.8) (Read error: Operation timed out)
[14:07:35] *** Quits: nullstrin (~nullstrin@cermak.nullstring.io) (Read error: Operation timed out)
[14:08:02] *** Quits: naehrwert (~naehrwert@8.38.88.201) (Read error: Operation timed out)
[14:08:09] *** Joins: naehrwert (~naehrwert@8.38.88.201)
[14:09:11] *** Quits: nrq_ (~nrq@ns340910.ip-37-59-40.eu) (Read error: Operation timed out)
[14:09:13] *** Joins: nrq (~nrq@ns340910.ip-37-59-40.eu)
[14:10:41] *** Joins: miigotu (~miigotu@custip-162-217-53-192.esvabroadband.net)
[14:13:19] *** Quits: |Shadow| (~Shadow1@ip68-12-213-93.ok.ok.cox.net) (Read error: Operation timed out)
[14:15:37] *** Quits: tpw_rules (~tpw_rules@li1059-135.members.linode.com) (Ping timeout: 622 seconds)
[14:17:32] *** Quits: endrift (~endrift@endrift.com) (Ping timeout: 622 seconds)
[14:17:37] *** Joins: awordnot (~awordnot@c-73-74-223-132.hsd1.il.comcast.net)
[14:17:55] *** Quits: Kyouju (~Kyouju@ks3311808.kimsufi.com) (Ping timeout: 622 seconds)
[14:18:00] *** Joins: Kyouju (~Kyouju@ks3311808.kimsufi.com)
[14:25:20] *** Quits: awordnot (~awordnot@c-73-74-223-132.hsd1.il.comcast.net) (Read error: Connection reset by peer)
[14:25:41] *** Joins: awordnot (~awordnot@c-73-74-223-132.hsd1.il.comcast.net)
[14:26:57] *** Joins: j0hny5 (j0hny5@94.75.242.8)
[14:27:54] *** Joins: nullstrin (~nullstrin@cermak.nullstring.io)
[14:27:56] *** Joins: endrift (~endrift@endrift.com)
[14:30:18] *** Quits: changoXPR (~Changolan@ip72-194-70-236.oc.oc.cox.net) (hub.efnet.us irc.Prison.NET)
[14:30:18] *** Quits: KuKzz (KuKzz@95.143.216.177) (hub.efnet.us irc.Prison.NET)
[14:30:18] *** Quits: oldtopman (~oldtopman@70-59-21-115.hlrn.qwest.net) (hub.efnet.us irc.Prison.NET)
[14:31:03] *** Joins: |Shadow| (~Shadow1@ip68-12-213-93.ok.ok.cox.net)
[14:32:49] *** Joins: KuKzz_ (KuKzz@95.143.216.177)
[14:35:54] *** Joins: lansiir (~oldtopman@70-59-21-115.hlrn.qwest.net)
[14:39:43] *** Joins: changoXPR (~Changolan@ip72-194-70-236.oc.oc.cox.net)
[14:40:43] *** Joins: tpw_rules (~tpw_rules@li1059-135.members.linode.com)
[16:05:39] *** Joins: fgsfds (~figgis@93.123.144.171)
[16:32:17] <plutobot> GitHub | New commit | User: SciresM | https://github.com/switchbrew/switch-tools/commit/48ec411d85
[17:02:25] *** Quits: eggy (~eggster@irchighway.eggy.cc) (Read error: Operation timed out)
[17:03:42] *** Joins: eggster (~eggster@irchighway.eggy.cc)
[17:04:51] <plutobot> GitHub | New commit | User: Dave Murphy | https://github.com/switchbrew/switch-tools/commit/793b056f5b
[17:29:53] *** Quits: zini- (~zini@88-113-145-208.elisa-laajakaista.fi) (Ping timeout: 272 seconds)
[18:08:50] *** Joins: zini (~zini@88-113-145-208.elisa-laajakaista.fi)
[18:15:52] <plutobot> Wiki | Page changed: BTM services | User: yls8 | https://switchbrew.org/w/index.php?curid=306&diff=9860&oldid=9859
[20:06:46] <plutobot> Wiki | Page changed: BTM services | User: yls8 | https://switchbrew.org/w/index.php?curid=306&diff=9861&oldid=9860
[20:39:34] *** Joins: GerbilSof (~GerbilSof@pool-108-24-138-55.cmdnnj.fios.verizon.net)
[21:09:49] <plutobot> Wiki | Page changed: Bluetooth Driver services | User: yls8 | https://switchbrew.org/w/index.php?curid=161&diff=9862&oldid=9851
[21:16:16] <plutobot> Wiki | Page changed: BTM services | User: yls8 | https://switchbrew.org/w/index.php?curid=306&diff=9863&oldid=9861
[21:32:14] *** Joins: refs (~refs@p200300dd87164e003d3784eb56674b06.dip0.t-ipconnect.de)
[22:00:48] <plutobot> Wiki | Page changed: BTM services | User: yls8 | https://switchbrew.org/w/index.php?curid=306&diff=9864&oldid=9863
[22:05:55] *** Quits: mukunda (~mukunda@adsl-074-188-211-074.sip.asm.bellsouth.net) (Read error: Operation timed out)
[22:30:32] <plutobot> Wiki | Page changed: BTM services | User: yls8 | https://switchbrew.org/w/index.php?curid=306&diff=9865&oldid=9864
[23:31:52] *** Quits: Surkow (~Surkow@84-104-14-64.cable.dynamic.v4.ziggo.nl) (Read error: Operation timed out)
[23:37:37] *** Joins: Surkow (~Surkow@84-104-14-64.cable.dynamic.v4.ziggo.nl)
