[00:10:11] *** Quits GerbilSof (Quit: Windows must now restart because the Remote Procedure Call (RPC) service terminated unexpectedly.)
[00:34:30] *** Joins mukunda
[01:24:21] *** Joins lameboy2
[01:27:46] *** Quits lameboy (Ping timeout: 246 seconds)
[01:27:47] *** lameboy2 is now known as lameboy
[01:45:10] <plutobot> Wiki | Page changed: BTM services | User: yls8 | https://switchbrew.org/w/index.php?curid=306&diff=9866&oldid=9865
[02:18:05] *** Quits zini (Ping timeout: 272 seconds)
[02:25:05] *** Joins KuKzz
[02:26:57] *** Quits KuKzz_ (Ping timeout: 272 seconds)
[02:27:35] *** Quits AlxAltea (Ping timeout: 272 seconds)
[02:27:35] *** Quits flagrama (Ping timeout: 272 seconds)
[02:27:37] *** Joins flagrama
[02:28:13] *** Quits plutobot (Ping timeout: 272 seconds)
[02:28:51] *** Quits m4ts (Ping timeout: 272 seconds)
[02:29:29] *** Quits lansiir (Ping timeout: 272 seconds)
[02:29:29] *** Quits madk (Ping timeout: 272 seconds)
[02:29:29] *** Quits DacoTaco (Ping timeout: 272 seconds)
[02:29:29] *** Quits Mimoja (Ping timeout: 272 seconds)
[02:30:07] *** Quits nohit (Ping timeout: 272 seconds)
[02:31:30] *** Joins nohit
[02:35:03] *** Quits refs (Quit: refs)
[02:39:07] *** Joins GerbilSof
[02:44:25] *** Joins AlexAltea
[02:44:47] *** Joins oldtopman
[02:58:08] *** Quits GerbilSof (Windows must now restart because the Remote Procedure Call (RPC) service terminated unexpectedly.)
[02:58:32] *** Joins refsw3
[02:58:58] *** Quits blasty (Read error: Operation timed out)
[03:00:15] *** Joins GerbilSof
[03:00:23] *** Quits CCFL_Man (Read error: Operation timed out)
[03:00:27] *** Joins CCFL_Man
[03:00:59] *** Quits refsw2 (Read error: Operation timed out)
[03:01:44] *** Quits klanc (Read error: Operation timed out)
[03:02:07] *** Quits Sentry- (Read error: Operation timed out)
[03:03:33] *** Quits lex1 (Read error: Operation timed out)
[03:11:16] *** Quits Retr0id (Read error: Operation timed out)
[03:11:39] *** Quits d3m3vilur (Ping timeout: 857 seconds)
[03:12:07] *** Joins m4ts
[03:12:36] *** Joins plutobot
[03:12:39] *** Joins Mimoja
[03:13:07] *** Joins DacoTaco
[03:14:04] *** Joins d3m3vilur
[03:14:51] *** Joins madk
[03:20:14] <plutobot> Wiki | Page changed: BTM services | User: yls8 | https://switchbrew.org/w/index.php?curid=306&diff=9868&oldid=9867
[03:27:17] *** Quits d3m3vilur (Read error: Operation timed out)
[03:27:34] *** Joins d3m3vilur
[03:27:44] *** Joins blasty
[03:27:48] *** Joins klanc
[03:30:01] *** Joins Snetry
[03:30:43] *** Joins lex1
[03:36:17] *** Joins zini
[03:36:21] *** Quits GerbilSof (Quit: Windows must now restart because the Remote Procedure Call (RPC) service terminated unexpectedly.)
[03:38:43] *** Joins GerbilSof
[03:44:39] *** Joins GerbilS5
[03:44:39] *** Quits GerbilSof (Read error: Connection reset by peer)
[04:03:45] *** Quits GerbilS5 (Quit: Windows must now restart because the Remote Procedure Call (RPC) service terminated unexpectedly.)
[05:07:39] <plutobot> Wiki | Page changed: BTM services | User: yls8 | https://switchbrew.org/w/index.php?curid=306&diff=9869&oldid=9868
[06:20:05] <plutobot> Wiki | Page changed: BTM services | User: yls8 | https://switchbrew.org/w/index.php?curid=306&diff=9870&oldid=9869
[09:21:28] *** Quits fgsfds (Remote host closed the connection)
[09:24:36] *** Joins fgsfds
[10:34:38] *** Quits fgsfds (Read error: Connection reset by peer)
[10:50:52] *** Quits mukunda (Read error: Operation timed out)
[13:41:39] *** Joins mukunda
[14:06:56] *** Quits |Shadow| ()
[14:14:57] *** Joins |Shadow|
[15:59:58] *** Joins GerbilSof
[16:55:16] <plutobot> Wiki | Page changed: BTM services | User: yls8 | https://switchbrew.org/w/index.php?curid=306&diff=9871&oldid=9870
[16:57:34] *** Joins zini-
[17:01:42] *** Quits zini (Ping timeout: 745 seconds)
[17:09:46] *** Joins derk0pf
[17:17:47] *** Quits Snetry (Quit: left EFNet)
[17:37:19] *** Joins Snetry
[17:46:12] *** Quits Snetry (Read error: Connection refused)
[17:48:36] *** Joins Snetry
[18:14:45] *** Quits derk0pf (Read error: Operation timed out)
[18:16:48] *** Quits GerbilSof (Quit: Windows must now restart because the Remote Procedure Call (RPC) service terminated unexpectedly.)
[19:09:58] *** Joins fgsfds
[19:53:33] *** Joins GerbilSof
[20:03:01] <plutobot> Wiki | Page changed: BTM services | User: yls8 | https://switchbrew.org/w/index.php?curid=306&diff=9872&oldid=9871
