[00:47:28] *** Quits: mukunda (~mukunda@adsl-074-188-211-074.sip.asm.bellsouth.net) (Remote host closed the connection)
[00:47:49] *** Joins: mukunda (~mukunda@adsl-074-188-211-074.sip.asm.bellsouth.net)
[00:53:49] *** Quits: |Shadow| (~Shadow1@ip68-12-213-93.ok.ok.cox.net) (Read error: Connection reset by peer)
[00:59:10] *** Joins: |Shadow| (~Shadow1@ip68-12-213-93.ok.ok.cox.net)
[01:58:10] *** Joins: |Shadow|_ (~Shadow1@ip68-12-213-93.ok.ok.cox.net)
[02:02:44] *** Quits: |Shadow| (~Shadow1@ip68-12-213-93.ok.ok.cox.net) (Read error: Operation timed out)
[02:13:00] *** Quits: |Shadow|_ (~Shadow1@ip68-12-213-93.ok.ok.cox.net) (Read error: Connection reset by peer)
[02:15:21] *** Joins: refs (~refs@p200300dd8717ff0020e742a249406fa3.dip0.t-ipconnect.de)
[02:20:57] *** Joins: |Shadow| (~Shadow1@ip68-12-213-93.ok.ok.cox.net)
[02:25:34] *** Quits: Surkow (~Surkow@84-104-14-64.cable.dynamic.v4.ziggo.nl) (Remote host closed the connection)
[02:25:57] *** Quits: ave_ (~ave_@79.110.170.32) (Read error: Connection reset by peer)
[02:26:22] *** Joins: ave_ (~ave_@79.110.170.32)
[02:27:23] *** Joins: Surkow (~Surkow@84-104-14-64.cable.dynamic.v4.ziggo.nl)
[02:30:55] *** Quits: |Shadow| (~Shadow1@ip68-12-213-93.ok.ok.cox.net) (Read error: Operation timed out)
[02:31:31] *** Joins: |Shadow| (~Shadow1@ip68-12-213-93.ok.ok.cox.net)
[02:51:29] *** Quits: eggster (~eggster@irchighway.eggy.cc) (Read error: Operation timed out)
[02:53:58] *** Joins: eggster (~eggster@irchighway.eggy.cc)
[02:58:38] *** Quits: |Shadow| (~Shadow1@ip68-12-213-93.ok.ok.cox.net) (Read error: Operation timed out)
[03:10:38] *** Quits: changoXPR (~Changolan@ip72-194-70-236.oc.oc.cox.net) (Read error: Connection reset by peer)
[03:16:47] *** Joins: |Shadow| (~Shadow1@ip68-12-213-93.ok.ok.cox.net)
[03:25:06] *** Quits: |Shadow| (~Shadow1@ip68-12-213-93.ok.ok.cox.net) (Read error: Operation timed out)
[03:32:03] *** Joins: |Shadow| (~Shadow1@ip68-12-213-93.ok.ok.cox.net)
[04:01:31] *** Quits: zini- (~zini@88-113-145-208.elisa-laajakaista.fi) (Ping timeout: 272 seconds)
[04:02:01] *** Quits: ihaveamac (~ihaveamac@ianburgwin.net) (Quit: fail)
[04:02:34] *** Joins: ihaveamac (~ihaveamac@ianburgwin.net)
[04:08:12] *** Joins: zini (~zini@88-113-145-208.elisa-laajakaista.fi)
[04:12:55] *** Quits: zini (~zini@88-113-145-208.elisa-laajakaista.fi) (Ping timeout: 272 seconds)
[04:18:13] *** Joins: zini (~zini@88-113-145-208.elisa-laajakaista.fi)
[04:23:10] *** Quits: refs (~refs@p200300dd8717ff0020e742a249406fa3.dip0.t-ipconnect.de) (Quit: refs)
[04:26:12] *** Quits: SCV_ (sid226262@2001:67c:2f08:3::3:73d6) (Read error: Connection reset by peer)
[04:26:34] *** Joins: SCV_ (sid226262@2001:67c:2f08:3::3:73d6)
[04:30:08] *** Quits: SCV_ (sid226262@2001:67c:2f08:3::3:73d6) (Read error: Connection reset by peer)
[04:31:52] *** Joins: SCV_ (sid226262@2001:67c:2f08:3::3:73d6)
[04:31:55] *** Quits: zini (~zini@88-113-145-208.elisa-laajakaista.fi) (Ping timeout: 272 seconds)
[04:34:56] *** Joins: zini (~zini@88-113-145-208.elisa-laajakaista.fi)
[04:48:23] *** Quits: zini (~zini@88-113-145-208.elisa-laajakaista.fi) (Ping timeout: 272 seconds)
[04:51:37] *** Joins: zini (~zini@88-113-145-208.elisa-laajakaista.fi)
[05:04:26] *** Quits: zini (~zini@88-113-145-208.elisa-laajakaista.fi) (Ping timeout: 745 seconds)
[05:10:41] *** Joins: xx_ns (~neonsea@nns.ee)
[05:10:42] *** Quits: neonsea (~neonsea@nns.ee) (Read error: Connection reset by peer)
[05:15:15] *** Joins: zini (~zini@88-113-145-208.elisa-laajakaista.fi)
[05:20:11] *** Quits: naehrwert (~naehrwert@8.38.88.201) (Ping timeout: 745 seconds)
[05:20:12] *** Quits: hexkyz (~hexkyz@ec2-18-179-123-169.ap-northeast-1.compute.amazonaws.com) (Ping timeout: 745 seconds)
[05:20:18] *** Joins: naehrwert (~naehrwert@8.38.88.201)
[05:20:32] *** Joins: hexkyz (~hexkyz@ec2-18-179-123-169.ap-northeast-1.compute.amazonaws.com)
[05:22:32] *** Quits: mid-kid2 (~mid-kid@136-144-185-148.colo.transip.net) (Read error: Connection reset by peer)
[05:22:50] *** Joins: mid-kid2 (~mid-kid@136-144-185-148.colo.transip.net)
[05:27:01] *** Quits: zini (~zini@88-113-145-208.elisa-laajakaista.fi) (Ping timeout: 272 seconds)
[05:27:20] <plutobot> Wiki | Page changed: BTM services | User: yls8 | https://switchbrew.org/w/index.php?curid=306&diff=9873&oldid=9872
[05:40:19] *** Joins: zini (~zini@88-113-145-208.elisa-laajakaista.fi)
[05:59:57] *** Quits: zini (~zini@88-113-145-208.elisa-laajakaista.fi) (Ping timeout: 272 seconds)
[05:59:57] *** Quits: madk (~madk@66.222.200.159) (Ping timeout: 272 seconds)
[06:00:36] *** Quits: klanc (~klanc@2a00:6d40:40:58a3::1) (Read error: Operation timed out)
[06:01:55] *** Quits: flagrama (flagrama@id-145621.stonehaven.irccloud.com) (Ping timeout: 272 seconds)
[06:01:55] *** Quits: Pieman (sid188464@id-188464.brockwell.irccloud.com) (Ping timeout: 272 seconds)
[06:01:55] *** Quits: Mimoja (~Mimoja@mail.mimoja.de) (Ping timeout: 272 seconds)
[06:01:55] *** Quits: nohit (sid334887@id-334887.hathersage.irccloud.com) (Ping timeout: 272 seconds)
[06:03:56] *** Quits: plutobot (~plutobot@188.166.26.149) (Ping timeout: 272 seconds)
[06:05:09] *** Quits: blasty (~blasty@haxx.in) (Remote host closed the connection)
[06:05:44] *** Quits: usineur (~matthieu@ferb.fr) (Ping timeout: 265 seconds)
[06:05:48] *** Joins: usineur (~matthieu@ferb.fr)
[06:07:58] *** Quits: m4ts (~mats@ti0030a400-6415.bb.online.no) (Ping timeout: 272 seconds)
[06:07:58] *** Quits: DacoTaco (~DacoTaco@178-119-112-131.access.telenet.be) (Ping timeout: 272 seconds)
[06:08:23] *** Joins: mukunda_ (~mukunda@adsl-074-188-211-074.sip.asm.bellsouth.net)
[06:08:38] *** Quits: mukunda (~mukunda@adsl-074-188-211-074.sip.asm.bellsouth.net) (Ping timeout: 265 seconds)
[06:12:06] *** Joins: klanc (~klanc@2a00:6d40:40:58a3::1)
[06:13:07] *** Joins: Sentry- (~sentry@ipservice-092-215-001-002.092.215.pools.vodafone-ip.de)
[06:13:15] *** Quits: Snetry (~sentry@ipservice-092-215-001-002.092.215.pools.vodafone-ip.de) (Read error: Connection reset by peer)
[06:15:21] *** Joins: blasty (~blasty@haxx.in)
[08:01:57] *** Quits: mukunda_ (~mukunda@adsl-074-188-211-074.sip.asm.bellsouth.net) (Ping timeout: 610 seconds)
[08:33:37] *** Quits: fgsfds (~figgis@93.123.144.171) (Read error: Connection reset by peer)
[10:01:11] *** Quits: CCFL_Man (0d7efbaba4@c-73-64-119-64.hsd1.pa.comcast.net) (Read error: Connection reset by peer)
[10:04:26] *** Joins: CCFL_Man (3da925fe7d@c-73-64-119-64.hsd1.pa.comcast.net)
[10:37:20] *** Joins: zini (~zini@88-113-145-208.elisa-laajakaista.fi)
[11:22:48] *** Quits: klock (~efklock@209.97.149.32) (Ping timeout: 265 seconds)
[11:22:48] *** Quits: hordak (hordak@cautio.us) (Ping timeout: 265 seconds)
[11:23:00] *** Joins: hordak (hordak@cautio.us)
[11:26:35] *** Joins: klock (~efklock@vps1.ksociety.net)
[11:26:40] *** Quits: CCFL_Man (3da925fe7d@c-73-64-119-64.hsd1.pa.comcast.net) (Ping timeout: 265 seconds)
[11:26:43] *** Joins: CCFL_Man (2927d81565@c-73-64-119-64.hsd1.pa.comcast.net)
[11:47:28] *** Quits: awordnot (~awordnot@c-73-74-223-132.hsd1.il.comcast.net) (Read error: Operation timed out)
[11:49:02] *** Quits: eggster (~eggster@irchighway.eggy.cc) (Read error: Operation timed out)
[11:49:18] *** Joins: eggster (~eggster@irchighway.eggy.cc)
[11:50:35] *** Quits: naehrwert (~naehrwert@8.38.88.201) (Read error: Operation timed out)
[11:50:39] *** Joins: usineur_ (~matthieu@ferb.fr)
[11:50:43] *** Joins: naehrwert (~naehrwert@8.38.88.201)
[11:51:00] *** Quits: |Shadow| (~Shadow1@ip68-12-213-93.ok.ok.cox.net) (Read error: Operation timed out)
[11:51:03] *** Quits: nullstrin (~nullstrin@cermak.nullstring.io) (Read error: Operation timed out)
[11:51:41] *** Quits: CCFL_Man (2927d81565@c-73-64-119-64.hsd1.pa.comcast.net) (Read error: Operation timed out)
[11:52:25] *** Quits: usineur (~matthieu@ferb.fr) (Read error: Operation timed out)
[11:53:14] *** Quits: endrift (~endrift@endrift.com) (Read error: Operation timed out)
[11:54:32] *** Joins: |Shadow| (~Shadow1@ip68-12-213-93.ok.ok.cox.net)
[11:54:34] *** Joins: endrift (~endrift@endrift.com)
[11:54:34] *** Joins: awordnot (~awordnot@c-73-74-223-132.hsd1.il.comcast.net)
[11:56:24] *** Joins: nullstrin (~nullstrin@cermak.nullstring.io)
[11:57:18] *** Joins: CCFL_Man (ffc94176a5@c-73-64-119-64.hsd1.pa.comcast.net)
[11:58:14] *** Quits: |Shadow| (~Shadow1@ip68-12-213-93.ok.ok.cox.net) (Client Quit)
[11:58:15] *** Quits: klanc (~klanc@2a00:6d40:40:58a3::1) (Read error: Operation timed out)
[11:59:27] *** Joins: |Shadow| (~Shadow1@ip68-12-213-93.ok.ok.cox.net)
[11:59:46] *** Joins: klanc (~klanc@2a00:6d40:40:58a3::1)
[12:00:59] *** Quits: |Shadow| (~Shadow1@ip68-12-213-93.ok.ok.cox.net) (Client Quit)
[12:06:41] *** Quits: AlexAltea (~alexaltea@phi.nz) (Ping timeout: 260 seconds)
[12:06:49] *** Joins: |Shadow| (~Shadow1@ip68-12-213-93.ok.ok.cox.net)
[12:08:24] *** Quits: oldtopman (~oldtopman@70-59-21-115.hlrn.qwest.net) (hub.efnet.us irc.Prison.NET)
[12:11:24] *** Quits: averne (~averne@176-179-35-51.abo.bbox.fr) (quit)
[12:12:48] *** Joins: averne_ (~averne@176-179-35-51.abo.bbox.fr)
[12:12:48] *** Server sets mode: +stn 
[12:14:31] *** Quits: freundTec (~freundTec@freundtech.com) (Read error: Operation timed out)
[12:14:34] *** Quits: omlet05 (~quassel@omlet.ovh) (Read error: Operation timed out)
[12:14:39] *** Joins: omlet05 (~quassel@omlet.ovh)
[12:15:59] *** Quits: Maylay (~gren@108-198-59-230.lightspeed.miamfl.sbcglobal.net) (Read error: Operation timed out)
[12:16:14] *** Joins: Maylay (~gren@108-198-59-230.lightspeed.miamfl.sbcglobal.net)
[12:16:21] *** Quits: miigotu (~miigotu@custip-162-217-53-192.esvabroadband.net) (Read error: Operation timed out)
[12:16:40] *** Quits: plutoo (~plutoo@139.59.44.183) (Ping timeout: 610 seconds)
[12:17:23] *** Quits: averne (~averne@176-179-35-51.abo.bbox.fr) (Read error: Operation timed out)
[12:17:25] *** Quits: GerbilSof (~GerbilSof@pool-108-24-138-55.cmdnnj.fios.verizon.net) (Read error: Operation timed out)
[12:17:41] *** Joins: freundTec (~freundTec@freundtech.com)
[12:18:50] *** Joins: plutoo (~plutoo@139.59.44.183)
[12:22:05] *** Joins: oldtopman (~oldtopman@70-59-21-115.hlrn.qwest.net)
[12:23:31] *** Joins: AlexAltea (~alexaltea@phi.nz)
[12:27:11] *** Joins: GerbilSof (~GerbilSof@108.24.138.55)
[12:36:51] *** Joins: miigotu (~miigotu@custip-162-217-53-192.esvabroadband.net)
[12:37:32] *** Joins: |Shadow|_ (~Shadow1@ip68-12-213-93.ok.ok.cox.net)
[12:42:11] *** Quits: |Shadow| (~Shadow1@ip68-12-213-93.ok.ok.cox.net) (Read error: Operation timed out)
[12:54:32] *** |Shadow|_ is now known as |Shadow|
[13:00:04] *** Quits: Surkow (~Surkow@84-104-14-64.cable.dynamic.v4.ziggo.nl) (Quit: Bye bye - Laptop goes to sleep - NOP NOP NOP)
[13:01:29] *** Joins: Surkow (~Surkow@84-104-14-64.cable.dynamic.v4.ziggo.nl)
[13:17:34] *** Joins: |Shadow|_ (~Shadow1@ip68-12-213-93.ok.ok.cox.net)
[13:20:00] *** Quits: |Shadow| (~Shadow1@ip68-12-213-93.ok.ok.cox.net) (Read error: Operation timed out)
[13:20:24] *** Joins: mukunda (~mukunda@adsl-074-188-211-074.sip.asm.bellsouth.net)
[13:24:48] *** |Shadow|_ is now known as |Shadow|
[13:52:25] *** Quits: |Shadow| (~Shadow1@ip68-12-213-93.ok.ok.cox.net) (Read error: Operation timed out)
[13:53:19] *** Joins: |Shadow| (~Shadow1@ip68-12-213-93.ok.ok.cox.net)
[18:23:28] *** Joins: refs (~refs@p200300dd872ea2009cf75eadbbe04d7c.dip0.t-ipconnect.de)
[19:28:42] *** Quits: GerbilSof (~GerbilSof@108.24.138.55) (Windows must now restart because the Remote Procedure Call (RPC) service terminated unexpectedly.)
[19:31:25] *** Joins: GerbilSof (~GerbilSof@pool-108-24-138-55.cmdnnj.fios.verizon.net)
[19:55:19] *** Quits: eggster (~eggster@irchighway.eggy.cc) (Ping timeout: 272 seconds)
[20:01:17] *** Quits: |Shadow| (~Shadow1@ip68-12-213-93.ok.ok.cox.net) (Read error: Operation timed out)
[20:05:01] *** Joins: eggster (~eggster@irchighway.eggy.cc)
[20:05:50] *** Joins: |Shadow| (~Shadow1@ip68-12-213-93.ok.ok.cox.net)
[20:17:00] *** Quits: |Shadow| (~Shadow1@ip68-12-213-93.ok.ok.cox.net) (Read error: Operation timed out)
[20:43:28] *** Joins: |Shadow| (~Shadow1@ip68-12-213-93.ok.ok.cox.net)
[20:47:21] *** Quits: |Shadow| (~Shadow1@ip68-12-213-93.ok.ok.cox.net) (Read error: Connection reset by peer)
[20:59:59] *** Joins: |Shadow| (~Shadow1@ip68-12-213-93.ok.ok.cox.net)
[21:06:03] *** Quits: |Shadow| (~Shadow1@ip68-12-213-93.ok.ok.cox.net) (Read error: Operation timed out)
[21:06:19] *** Joins: |Shadow| (~Shadow1@ip68-12-213-93.ok.ok.cox.net)
[23:02:24] *** Quits: |Shadow| (~Shadow1@ip68-12-213-93.ok.ok.cox.net) (Read error: Connection reset by peer)
[23:10:11] *** Joins: |Shadow| (~Shadow1@ip68-12-213-93.ok.ok.cox.net)
[23:47:59] *** Joins: karolherb (~kherbst@2a02:8308:b0be:6900:482c:9537:40:83ba)
