[00:26:47] *** Quits: GerbilSof (~GerbilSof@pool-108-24-138-55.cmdnnj.fios.verizon.net) (Read error: No route to host)
[00:27:20] *** Joins: GerbilSof (~GerbilSof@pool-108-24-138-55.cmdnnj.fios.verizon.net)
[00:34:23] *** Quits: Surkow (~Surkow@84-104-14-64.cable.dynamic.v4.ziggo.nl) (Quit: Bye bye - Laptop goes to sleep - NOP NOP NOP)
[00:36:52] *** Joins: Surkow (~Surkow@84-104-14-64.cable.dynamic.v4.ziggo.nl)
[00:38:37] *** Quits: Surkow (~Surkow@84-104-14-64.cable.dynamic.v4.ziggo.nl) (Remote host closed the connection)
[00:42:27] *** Joins: Surkow (~Surkow@84-104-14-64.cable.dynamic.v4.ziggo.nl)
[04:36:22] *** Quits: refs (~refs@p200300dd873f2a008143592b84769d47.dip0.t-ipconnect.de) (Quit: refs)
[10:39:35] *** Joins: cpncok3 (~ice@92-48-84-85.static.as29550.net)
[10:40:10] *** Quits: sh0e- (~sh0e@node1.eisenkopf.info) (Quit: Bye.)
[10:45:37] *** Quits: cpnc0ke (~ice@92-48-84-85.static.as29550.net) (Read error: Operation timed out)
[10:48:11] *** Quits: KuKzz (KuKzz@95.143.216.177) (Ping timeout: 265 seconds)
[10:58:02] *** Quits: mukunda (~mukunda@adsl-074-188-211-074.sip.asm.bellsouth.net) (Ping timeout: 610 seconds)
[10:58:59] *** Joins: sh0e (~sh0e@node1.eisenkopf.info)
[11:09:24] *** Joins: omlet05_ (~quassel@omlet.ovh)
[11:10:50] *** Quits: omlet05 (~quassel@omlet.ovh) (Read error: Connection reset by peer)
[12:41:54] *** Quits: |Shadow| (~Shadow1@ip68-12-213-93.ok.ok.cox.net) ()
[12:53:25] *** Joins: KuKzz (~KuKzz@95.143.216.177)
[12:58:40] *** Joins: |Shadow| (~Shadow1@ip68-12-213-93.ok.ok.cox.net)
[14:26:48] *** Joins: mukunda (~mukunda@adsl-074-188-206-085.sip.asm.bellsouth.net)
[14:29:38] <WntrMute> TheLat, googling is unlikely to tell you anything useful tbh
[14:30:47] <WntrMute> Your problem is @Package SDL2_mixer was not found in the pkg-config search path@
[14:31:15] <WntrMute> meh, keyboard has changed mapping on me again :P
[14:31:48] <WntrMute> anyway, that's the *only* relevant error. *Everything* else stems from that
[15:24:08] *** Quits: fgsfds (~figgis@93.123.144.171) (Read error: Connection reset by peer)
[17:11:07] <TheLat> How do I fix the pkg-config search path?
[17:30:40] *** Joins: KuKzz_ (~KuKzz@95.143.216.177)
[17:30:46] *** Quits: KuKzz (~KuKzz@95.143.216.177) (Ping timeout: 496 seconds)
[17:46:07] *** Joins: Retr0id (~Retr0id@185.122.57.169)
[18:41:17] *** Quits: nullstrin (~nullstrin@cermak.nullstring.io) (Read error: Operation timed out)
[18:45:03] *** Joins: nullstrin (~nullstrin@cermak.nullstring.io)
[20:49:20] *** Joins: fgsfds (~figgis@93.123.144.171)
[21:16:46] *** Quits: GerbilSof (~GerbilSof@pool-108-24-138-55.cmdnnj.fios.verizon.net) (Ping timeout: 272 seconds)
[21:30:12] *** Joins: refs (~refs@p200300dd870df20074347e67c6325591.dip0.t-ipconnect.de)
[21:36:11] *** Joins: GerbilSof (~GerbilSof@pool-108-24-138-55.cmdnnj.fios.verizon.net)
[23:06:44] *** Joins: changO- (~Changolan@ip72-194-70-236.oc.oc.cox.net)
[23:46:31] *** Quits: changO- (~Changolan@ip72-194-70-236.oc.oc.cox.net) (Read error: Connection reset by peer)
[23:51:04] *** Joins: changO- (~Changolan@ip72-194-70-236.oc.oc.cox.net)
