[02:34:43] *** Quits: refs (~refs@p200300dd870df20074347e67c6325591.dip0.t-ipconnect.de) (Quit: refs)
[02:40:33] <TheLat> "PKG_CONFIG_PATH=/opt/devkitpro/msys2/mingw64/lib/pkgconfig:/usr/lib/pkgconfig:/usr/share/pkgconfig:/lib/pkgconfig" doesn't help and an ls in /opt/devkitpro/msys2/mingw64/lib/pkgconfig shows that SDL2_mixer.pc is in that folder.
[07:58:59] *** Quits: DacoTaco (~DacoTaco@178-119-112-131.access.telenet.be) (Ping timeout: 272 seconds)
[10:03:57] *** Quits: oldtopman (~oldtopman@70-59-21-115.hlrn.qwest.net) (hub.efnet.us irc.Prison.NET)
[10:09:35] *** Joins: lansiir (~oldtopman@70-59-21-115.hlrn.qwest.net)
[10:18:38] *** Quits: GerbilSof (~GerbilSof@pool-108-24-138-55.cmdnnj.fios.verizon.net) (Quit: Windows must now restart because the Remote Procedure Call (RPC) service terminated unexpectedly.)
[11:06:51] *** Quits: zini (~zini@88-113-145-208.elisa-laajakaista.fi) (Ping timeout: 745 seconds)
[12:11:32] *** Quits: fgsfds (~figgis@93.123.144.171) (Read error: Connection reset by peer)
[12:17:15] *** Joins: eggy (~eggster@irchighway.eggy.cc)
[12:18:00] *** Quits: lansiir (~oldtopman@70-59-21-115.hlrn.qwest.net) (Ping timeout: 272 seconds)
[12:18:39] *** Quits: eggster (~eggster@irchighway.eggy.cc) (Ping timeout: 272 seconds)
[12:18:39] *** Quits: CCFL_Man (ffc94176a5@c-73-64-119-64.hsd1.pa.comcast.net) (Ping timeout: 272 seconds)
[12:18:39] *** Quits: hordak (hordak@cautio.us) (Ping timeout: 272 seconds)
[12:18:51] *** Joins: hordak (hordak@cautio.us)
[12:19:17] *** Quits: AlexAltea (~alexaltea@phi.nz) (Ping timeout: 272 seconds)
[12:19:55] *** Joins: CCFL_Man (2d29710097@c-73-64-119-64.hsd1.pa.comcast.net)
[12:22:27] *** Joins: derk0pf (~derk0pf@x59cc824a.dyn.telefonica.de)
[12:22:28] *** Quits: derk0pf (~derk0pf@x59cc824a.dyn.telefonica.de) (Connection closed)
[12:26:50] *** Quits: awordnot (~awordnot@c-73-74-223-132.hsd1.il.comcast.net) (Read error: Operation timed out)
[12:27:39] *** Quits: endrift (~endrift@endrift.com) (Read error: Operation timed out)
[12:27:54] *** Joins: awordnot (~awordnot@c-73-74-223-132.hsd1.il.comcast.net)
[12:27:58] *** Joins: endrift (~endrift@endrift.com)
[12:28:30] *** Quits: j0hny5 (j0hny5@94.75.242.8) (Read error: Operation timed out)
[12:29:01] *** Quits: |Shadow| (~Shadow1@ip68-12-213-93.ok.ok.cox.net) (Read error: Operation timed out)
[12:29:32] *** Joins: j0hny5 (j0hny5@94.75.242.8)
[12:30:07] *** Joins: |Shadow| (~Shadow1@ip68-12-213-93.ok.ok.cox.net)
[12:33:10] *** Joins: oldtopman (~oldtopman@70-59-21-115.hlrn.qwest.net)
[13:01:19] *** Joins: plutobot (~plutobot@188.166.26.149)
[13:01:23] *** Joins: Mimoja (~Mimoja@mail.mimoja.de)
[13:03:36] *** Joins: AlexAltea (~alexaltea@phi.nz)
[13:52:06] *** Quits: mukunda (~mukunda@adsl-074-188-206-085.sip.asm.bellsouth.net) (Ping timeout: 610 seconds)
[17:52:12] *** Joins: DacoTaco (~DacoTaco@178-119-112-131.access.telenet.be)
[17:57:23] *** Joins: GerbilSof (~GerbilSof@pool-108-24-138-55.cmdnnj.fios.verizon.net)
[19:43:37] *** Joins: mukunda (~mukunda@adsl-074-188-210-048.sip.asm.bellsouth.net)
[20:11:41] <plutobot> Wiki | Page changed: TSEC | User: Hexkyz | https://switchbrew.org/w/index.php?curid=199&diff=9885&oldid=9882
[20:28:33] *** Quits: b0nez (b0nez@162.248.221.94) (Read error: Operation timed out)
[20:45:02] *** Joins: foghorn2 (~meh@2600:1700:8af0:a950:f0b2:319b:1ee8:9a8e)
[20:47:22] *** Quits: foghorn3 (~meh@2600:1700:8af0:a950:55fa:58a5:d22d:4f7) (Ping timeout: 265 seconds)
[20:50:18] *** Joins: foghorn3 (~meh@2600:1700:8af0:a950:f0b2:319b:1ee8:9a8e)
[20:51:17] *** Quits: foghorn3 (~meh@2600:1700:8af0:a950:f0b2:319b:1ee8:9a8e) (Read error: Connection reset by peer)
[20:51:43] *** Quits: lemmu (lemmy@2600:3c00:e000:2e:0:dead:beef:6) (Ping timeout: 265 seconds)
[20:52:54] *** Joins: foghorn3 (~meh@107-198-163-1.lightspeed.rcsntx.sbcglobal.net)
[20:53:10] *** Quits: foghorn2 (~meh@2600:1700:8af0:a950:f0b2:319b:1ee8:9a8e) (Ping timeout: 265 seconds)
[20:53:19] *** Quits: miigotu (~miigotu@custip-162-217-53-192.esvabroadband.net) (Quit: ZNC - https://znc.in)
[20:53:44] *** Joins: mukunda_ (~mukunda@adsl-074-188-210-048.sip.asm.bellsouth.net)
[20:55:49] *** Joins: lemmy (lemmy@2600:3c00:e000:2e:0:dead:beef:6)
[20:58:13] *** Quits: mukunda (~mukunda@adsl-074-188-210-048.sip.asm.bellsouth.net) (Read error: Operation timed out)
[20:58:50] *** Joins: miigotu (~miigotu@custip-162-217-53-192.esvabroadband.net)
[21:00:17] *** Joins: refs (~refs@p200300dd87168700a9a206d5e899cb3f.dip0.t-ipconnect.de)
[21:15:55] *** Quits: miigotu (~miigotu@custip-162-217-53-192.esvabroadband.net) (Read error: Operation timed out)
[21:20:35] *** Joins: b0nez (~b0nez@162.248.221.94)
[21:52:51] *** Joins: miigotu (~miigotu@custip-162-217-53-192.esvabroadband.net)
[21:55:05] *** Quits: GerbilSof (~GerbilSof@pool-108-24-138-55.cmdnnj.fios.verizon.net) (Read error: Connection reset by peer)
[21:56:31] *** Joins: GerbilSof (~GerbilSof@pool-108-24-138-55.cmdnnj.fios.verizon.net)
[23:50:31] *** Joins: zini (~zini@88-113-145-208.elisa-laajakaista.fi)
