[00:43:33] *** TheLat_ is now known as TheLat
[01:13:10] <plutobot> Wiki | Page changed: Bluetooth Driver services | User: yls8 | https://switchbrew.org/w/index.php?curid=161&diff=9891&oldid=9886
[02:09:24] <plutobot> Wiki | Page changed: Bluetooth Driver services | User: yls8 | https://switchbrew.org/w/index.php?curid=161&diff=9892&oldid=9891
[02:28:02] *** Quits: |Shadow| (~Shadow1@ip68-12-213-93.ok.ok.cox.net) ()
[02:33:35] *** Joins: |Shadow| (~Shadow1@ip68-12-213-93.ok.ok.cox.net)
[02:35:52] *** Quits: refs (~refs@p200300dd8718da004049fcd847f59386.dip0.t-ipconnect.de) (Quit: refs)
[03:37:58] *** Quits: fgsfds (~figgis@93.123.144.171) (Read error: Connection reset by peer)
[07:15:53] *** Quits: hordak (hordak@cautio.us) (Read error: Operation timed out)
[07:15:53] *** Quits: Retr0id (~Retr0id@185.122.57.169) (Read error: Connection reset by peer)
[07:16:06] *** Joins: hordak (~hordak@cautio.us)
[07:19:41] *** Joins: Retr0id (~Retr0id@185.122.57.169)
[07:29:36] *** Quits: lex1 (lex@yuuh.pw) (Read error: Operation timed out)
[07:31:11] *** Joins: lex1 (~lex@yuuh.pw)
[07:31:50] *** Quits: Snetry (~sentry@ipservice-092-215-001-002.092.215.pools.vodafone-ip.de) (Read error: Connection reset by peer)
[07:32:37] *** Joins: Snetry (~sentry@ipservice-092-215-001-002.092.215.pools.vodafone-ip.de)
[07:50:19] *** Quits: TheLat (webchat@c-98-207-138-185.hsd1.ca.comcast.net) (Ping timeout: 252 seconds)
[09:03:05] *** Joins: fgsfds (~figgis@93.123.144.171)
[09:31:47] *** Joins: miigotu_ (~miigotu@custip-162-217-53-192.esvabroadband.net)
[09:37:11] *** Quits: miigotu (~miigotu@custip-162-217-53-192.esvabroadband.net) (Read error: Operation timed out)
[10:28:15] *** Quits: mukunda (~mukunda@adsl-074-188-203-021.sip.asm.bellsouth.net) (Read error: Operation timed out)
[10:59:19] *** Quits: averne (~averne@176-179-35-51.abo.bbox.fr) (quit)
[10:59:36] *** Joins: averne_ (~averne@176-179-35-51.abo.bbox.fr)
[10:59:36] *** Quits: Retr0id (~Retr0id@185.122.57.169) (Read error: Connection reset by peer)
[10:59:36] *** Server sets mode: +stn 
[10:59:37] *** Quits: averne (~averne@176-179-35-51.abo.bbox.fr) (Read error: Connection reset by peer)
[11:00:55] *** Quits: klanc (~klanc@2a00:6d40:40:58a3::1) (Read error: Operation timed out)
[11:01:07] *** Joins: klanc (~klanc@2a00:6d40:40:58a3::1)
[11:01:16] *** Joins: Retr0id (~Retr0id@185.122.57.169)
[11:14:11] *** Quits: lex1 (~lex@yuuh.pw) (Read error: Operation timed out)
[11:14:56] *** Joins: lex1 (~lex@yuuh.pw)
[11:17:47] *** Quits: klanc (~klanc@2a00:6d40:40:58a3::1) (Read error: Operation timed out)
[11:18:03] *** Quits: Retr0id (~Retr0id@185.122.57.169) (Read error: Connection reset by peer)
[11:18:16] *** Quits: d3m3vilur (~sid4654@id-4654.charlton.irccloud.com) (Read error: Operation timed out)
[11:20:00] *** Quits: blasty (~blasty@haxx.in) (Read error: Connection reset by peer)
[11:20:11] *** Joins: klanc (~klanc@2a00:6d40:40:58a3::1)
[11:22:04] *** Quits: plutoo_ (~plutoo@139.59.44.183) (Ping timeout: 857 seconds)
[11:22:21] *** Joins: plutoo (~plutoo@139.59.44.183)
[11:23:06] *** Joins: d3m3vilur (sid4654@id-4654.charlton.irccloud.com)
[11:23:19] *** Joins: Retr0id (~Retr0id@185.122.57.169)
[11:23:20] *** Joins: blasty_ (~blasty@haxx.in)
[13:42:36] *** Joins: Galaxy| (~galaxy@174-083-197-034.res.spectrum.com)
[14:09:36] <Galaxy|> yellows8 https://twitter.com/ylws8bot looks like maybe a proxy issue on N's part?
[14:49:09] *** Joins: eggy (~eggster@irchighway.eggy.cc)
[14:50:37] *** Quits: eggster (~eggster@irchighway.eggy.cc) (Ping timeout: 272 seconds)
[15:12:09] *** Quits: Galaxy| (~galaxy@174-083-197-034.res.spectrum.com) (Quit.)
[15:14:03] *** Joins: Galaxy| (~galaxy@174-083-197-034.res.spectrum.com)
[15:16:25] *** Joins: mukunda (~mukunda@adsl-074-188-203-021.sip.asm.bellsouth.net)
[16:29:30] <yellows8> haven't checked logs but that's probably from CHN fwiw, it started after adding CHN support
[22:01:27] <plutobot> Wiki | Page changed: TSEC | User: Hexkyz | https://switchbrew.org/w/index.php?curid=199&diff=9893&oldid=9885
[22:22:34] *** Quits: thejsa (~eva@lana.core.fs3d.net) (Read error: Operation timed out)
[22:24:07] *** Joins: foghorn3 (~meh@107-198-163-1.lightspeed.rcsntx.sbcglobal.net)
[22:24:29] *** Quits: lex1 (~lex@yuuh.pw) (Read error: Operation timed out)
[22:26:02] *** Quits: KuKzz_ (~KuKzz@95.143.216.177) (Ping timeout: 610 seconds)
[22:26:05] *** Quits: Retr0id (~Retr0id@185.122.57.169) (Read error: Operation timed out)
[22:26:16] *** Quits: d3m3vilur (sid4654@id-4654.charlton.irccloud.com) (Read error: Operation timed out)
[22:26:16] *** Joins: KuKzz (KuKzz@95.143.216.177)
[22:26:19] *** Quits: miigotu_ (~miigotu@custip-162-217-53-192.esvabroadband.net) (Read error: Operation timed out)
[22:26:26] *** Quits: lemmy (lemmy@2600:3c00:e000:2e:0:dead:beef:6) (Read error: Operation timed out)
[22:26:49] *** Quits: hordak (~hordak@cautio.us) (Read error: Operation timed out)
[22:28:12] *** Joins: hordak (hordak@cautio.us)
[22:28:17] *** Joins: miigotu (~miigotu@custip-162-217-53-192.esvabroadband.net)
[22:29:00] *** Quits: foghorn2 (~meh@2600:1700:8af0:a950:ccf3:b5b4:f5cb:9616) (Read error: Operation timed out)
[22:30:51] *** Quits: klanc (~klanc@2a00:6d40:40:58a3::1) (Read error: Operation timed out)
[22:32:19] *** Joins: thejsa (~eva@lana.core.fs3d.net)
[22:32:56] *** Joins: d3m3vilur (sid4654@charlton.irccloud.com)
[22:32:57] *** Joins: Sentry- (~sentry@ipservice-092-215-001-002.092.215.pools.vodafone-ip.de)
[22:33:04] *** Quits: Snetry (~sentry@ipservice-092-215-001-002.092.215.pools.vodafone-ip.de) (Read error: Connection reset by peer)
[22:33:05] *** Joins: klanc (~klanc@2a00:6d40:40:58a3::1)
[22:33:31] *** Joins: lex1 (lex@yuuh.pw)
[22:33:31] *** Quits: blasty_ (~blasty@haxx.in) (Read error: Connection reset by peer)
[22:34:34] *** Joins: Retr0id (~Retr0id@185.122.57.169)
[22:34:42] *** Joins: lemmy (lemmy@2600:3c00:e000:2e:0:dead:beef:6)
[22:38:36] *** Joins: blasty (~blasty@haxx.in)
