[00:02:56] *** Quits: GerbilSof (~GerbilSof@pool-108-24-138-55.cmdnnj.fios.verizon.net) (Quit: Windows must now restart because the Remote Procedure Call (RPC) service terminated unexpectedly.)
[00:40:27] *** Joins: GerbilSof (~GerbilSof@pool-108-24-138-55.cmdnnj.fios.verizon.net)
[00:56:02] *** Joins: TheLat (webchat@c-98-207-138-185.hsd1.ca.comcast.net)
[00:56:32] <TheLat> What's the convention for sharing things you've built?
[01:23:14] <yellows8> github-release with nro, if you mean releases
[01:50:07] *** Joins: refs (~refs@p200300dd8718e00001726139e36bcb22.dip0.t-ipconnect.de)
[04:03:25] *** Quits: refs (~refs@p200300dd8718e00001726139e36bcb22.dip0.t-ipconnect.de) (Quit: refs)
[04:14:27] *** Quits: nullstrin (~nullstrin@cermak.nullstring.io) (Read error: Operation timed out)
[04:18:15] *** Joins: nullstrin (~nullstrin@cermak.nullstring.io)
[04:27:32] *** Quits: kakama (~kakama@heelys.club) (Read error: Connection reset by peer)
[04:29:03] *** Joins: kakama (~kakama@heelys.club)
[04:32:02] *** Quits: kakama (~kakama@heelys.club) (Read error: Connection reset by peer)
[04:37:18] *** Joins: kakama (~kakama@heelys.club)
[04:40:01] *** Quits: kakama (~kakama@heelys.club) (Read error: Connection reset by peer)
[04:43:01] *** Quits: averne_ (~averne@176-179-35-51.abo.bbox.fr) (quit)
[04:43:18] *** Joins: averne (~averne@176-179-35-51.abo.bbox.fr)
[04:43:18] *** Server sets mode: +stn 
[04:43:27] *** Quits: KuKzz (KuKzz@95.143.216.177) (Ping timeout: 272 seconds)
[04:43:27] *** Quits: Stary_ (~Stary@thonk.9net.org) (Ping timeout: 272 seconds)
[04:43:31] *** Joins: KuKzz (KuKzz@95.143.216.177)
[04:43:50] *** Joins: eggster (~eggster@irchighway.eggy.cc)
[04:44:05] *** Quits: eggy (~eggster@irchighway.eggy.cc) (Ping timeout: 272 seconds)
[04:44:05] *** Quits: averne_ (~averne@176-179-35-51.abo.bbox.fr) (Ping timeout: 272 seconds)
[04:44:05] *** Quits: des^ (~des@31.16.129.127) (Ping timeout: 272 seconds)
[04:44:05] *** Quits: zini (~zini@88-113-145-208.elisa-laajakaista.fi) (Ping timeout: 272 seconds)
[04:44:05] *** Quits: Mimoja (~Mimoja@mail.mimoja.de) (Ping timeout: 272 seconds)
[04:44:05] *** Quits: plutobot (~plutobot@188.166.26.149) (Ping timeout: 272 seconds)
[04:45:34] *** Joins: kakama (~kakama@heelys.club)
[04:49:01] *** Quits: kakama (~kakama@heelys.club) (Read error: Connection reset by peer)
[04:49:57] *** Quits: d3m3vilur (sid4654@charlton.irccloud.com) (Read error: Connection reset by peer)
[04:50:18] *** Joins: d3m3vilur (~sid4654@id-4654.charlton.irccloud.com)
[04:51:24] *** Joins: zini (~zini@88-113-145-208.elisa-laajakaista.fi)
[04:52:59] *** Quits: SCV_ (sid226262@2001:67c:2f08:3::3:73d6) (Read error: Connection reset by peer)
[04:54:50] *** Joins: kakama (~kakama@heelys.club)
[04:58:00] *** Quits: d3m3vilur (~sid4654@id-4654.charlton.irccloud.com) (Read error: Connection reset by peer)
[04:58:01] *** Quits: kakama (~kakama@heelys.club) (Read error: Connection reset by peer)
[05:01:45] *** Joins: rajkosto (~rajkosto@cable-178-149-122-96.dynamic.sbb.rs)
[05:04:05] *** Joins: kakama (~kakama@heelys.club)
[05:07:01] *** Quits: kakama (~kakama@heelys.club) (Read error: Connection reset by peer)
[05:12:06] *** Quits: rjeli___ (sid289321@2001:67c:2f08:3::4:6a29) (Read error: Connection reset by peer)
[05:12:24] *** Joins: kakama (~kakama@heelys.club)
[05:12:56] *** Joins: rjeli___ (sid289321@2001:67c:2f08:3::4:6a29)
[05:13:27] *** Quits: averne (~averne@176-179-35-51.abo.bbox.fr) (quit)
[05:13:44] *** Joins: averne (~averne@176-179-35-51.abo.bbox.fr)
[05:13:44] *** Server sets mode: +stn 
[05:14:46] *** Quits: lex1 (lex@yuuh.pw) (Read error: Operation timed out)
[05:14:48] *** Quits: Sentry- (~sentry@ipservice-092-215-001-002.092.215.pools.vodafone-ip.de) (Read error: Operation timed out)
[05:16:13] *** Quits: Retr0id (~Retr0id@185.122.57.169) (Read error: Connection reset by peer)
[05:16:23] *** Joins: Retr0id (~Retr0id@185.122.57.169)
[05:16:47] *** Joins: lex1 (lex@yuuh.pw)
[05:16:49] *** Quits: rjeli___ (sid289321@2001:67c:2f08:3::4:6a29) (Read error: Connection reset by peer)
[05:17:41] *** Quits: kakama (~kakama@heelys.club) (Read error: Connection reset by peer)
[05:18:29] *** Joins: Snetry (~sentry@ipservice-092-215-001-002.092.215.pools.vodafone-ip.de)
[05:23:40] *** Joins: kakama (~kakama@heelys.club)
[05:26:41] *** Quits: kakama (~kakama@heelys.club) (Read error: Connection reset by peer)
[05:29:17] *** Quits: Retr0id (~Retr0id@185.122.57.169) (Read error: Connection reset by peer)
[05:29:19] *** Joins: Retr0id (~Retr0id@185.122.57.169)
[05:30:39] *** Joins: d3m3vilur (sid4654@id-4654.charlton.irccloud.com)
[05:31:57] *** Joins: kakama (~kakama@heelys.club)
[05:40:33] *** Joins: plutobot (~plutobot@188.166.26.149)
[05:40:45] *** Joins: des^ (~des@ip1f10817f.dynamic.kabel-deutschland.de)
[05:40:53] *** Joins: DacoTaco (~DacoTaco@178-119-112-131.access.telenet.be)
[05:41:05] *** Joins: Mimoja (~Mimoja@mail.mimoja.de)
[05:41:34] *** Joins: Stary (~Stary@thonk.9net.org)
[05:42:13] *** Joins: SCV_ (sid226262@192.184.9.112)
[05:45:00] *** Quits: rajkosto (~rajkosto@cable-178-149-122-96.dynamic.sbb.rs) (Read error: Connection reset by peer)
[05:47:44] *** Joins: rjeli___ (sid289321@192.184.9.112)
[06:36:49] *** Quits: fgsfds (~figgis@93.123.144.171) (Read error: Connection reset by peer)
[06:41:50] *** Quits: changO- (~Changolan@ip72-194-70-236.oc.oc.cox.net) (Quit: http://www.twitter.com/changoland/)
[06:44:40] *** Joins: changO- (~Changolan@ip72-194-70-236.oc.oc.cox.net)
[07:53:37] *** Quits: miigotu (~miigotu@custip-162-217-53-192.esvabroadband.net) (ZNC - https://znc.in)
[07:55:37] *** Joins: miigotu (~miigotu@custip-162-217-53-192.esvabroadband.net)
[08:54:08] *** Quits: mukunda (~mukunda@adsl-074-188-203-021.sip.asm.bellsouth.net) (Read error: Operation timed out)
[14:34:36] *** Joins: Sentry- (~sentry@dslb-088-078-076-165.088.078.pools.vodafone-ip.de)
[14:35:56] *** Quits: Snetry (~sentry@ipservice-092-215-001-002.092.215.pools.vodafone-ip.de) (Read error: Operation timed out)
[14:56:33] *** Joins: fgsfds (~figgis@93.123.144.171)
[15:45:24] *** Joins: mukunda (~mukunda@adsl-074-188-203-021.sip.asm.bellsouth.net)
[16:58:34] *** Quits: karolherb (~kherbst@2a02:8308:b0be:6900:482c:9537:40:83ba) (Remote host closed the connection)
[16:59:23] *** Joins: karolherb (~kherbst@2a02:8308:b0be:6900:482c:9537:40:83ba)
[17:37:33] *** Joins: refs (~refs@p200300dd87370c005d40a4d6857b80ed.dip0.t-ipconnect.de)
[18:05:04] *** Quits: lameboy (~lameboy@202-47-121-182.cust.dcsi.net.au) (Read error: Connection reset by peer)
[18:05:20] *** Joins: lameboy (~lameboy@202-47-121-182.cust.dcsi.net.au)
[18:42:42] *** Quits: Maylay (~gren@108-198-59-230.lightspeed.miamfl.sbcglobal.net) (Read error: Operation timed out)
[19:02:07] *** Joins: Maylay (~gren@108-198-59-230.lightspeed.miamfl.sbcglobal.net)
[21:35:23] *** Quits: oldtopman (~oldtopman@70-59-21-115.hlrn.qwest.net) (Read error: Operation timed out)
[21:51:53] *** Joins: oldtopman (~oldtopman@75-166-213-138.hlrn.qwest.net)
