[02:28:38] *** Quits: nullstrin (~nullstrin@cermak.nullstring.io) (Read error: Operation timed out)
[02:32:23] *** Joins: nullstrin (~nullstrin@cermak.nullstring.io)
[04:42:01] *** Quits: refs (~refs@p200300dd87370c005d40a4d6857b80ed.dip0.t-ipconnect.de) (Quit: refs)
[04:51:51] *** Quits: klock (~efklock@vps1.ksociety.net) (Read error: Operation timed out)
[04:52:28] *** Quits: balrog (~balrog@pool-98-115-168-15.phlapa.fios.verizon.net) (Bye)
[04:53:21] *** Joins: balrog (~balrog@pool-98-115-168-15.phlapa.fios.verizon.net)
[04:56:17] *** Joins: klock (~efklock@vps1.ksociety.net)
[05:29:46] *** Quits: xx_ns (~neonsea@nns.ee) (Quit: quit)
[05:29:51] *** Joins: xx_ns (~neonsea@nns.ee)
[07:15:46] *** Quits: fgsfds (~figgis@93.123.144.171) (Read error: Connection reset by peer)
[09:07:43] *** Quits: mukunda (~mukunda@adsl-074-188-203-021.sip.asm.bellsouth.net) (Read error: Operation timed out)
[09:10:16] *** Quits: miigotu (~miigotu@custip-162-217-53-192.esvabroadband.net) (ZNC - https://znc.in)
[09:11:32] *** Joins: miigotu (~miigotu@custip-162-217-53-192.esvabroadband.net)
[09:42:46] *** Joins: foghorn2 (~meh@107-198-163-1.lightspeed.rcsntx.sbcglobal.net)
[09:42:56] *** Quits: endrift (~endrift@endrift.com) (Read error: Operation timed out)
[09:43:01] *** Quits: awordnot (~awordnot@c-73-74-223-132.hsd1.il.comcast.net) (Read error: Operation timed out)
[09:43:50] *** Quits: miigotu (~miigotu@custip-162-217-53-192.esvabroadband.net) (Read error: Operation timed out)
[09:43:56] *** Quits: eggster (~eggster@irchighway.eggy.cc) (Read error: Operation timed out)
[09:44:06] *** Quits: nullstrin (~nullstrin@cermak.nullstring.io) (Read error: Operation timed out)
[09:44:14] *** Joins: eggster (~eggster@irchighway.eggy.cc)
[09:44:17] *** Joins: nullstrin (~nullstrin@cermak.nullstring.io)
[09:44:28] *** Quits: j0hny5 (j0hny5@94.75.242.8) (Read error: Operation timed out)
[09:44:41] *** Joins: j0hny5 (j0hny5@94.75.242.8)
[09:45:09] *** Joins: endrift (~endrift@endrift.com)
[09:45:33] *** Joins: awordnot (~awordnot@c-73-74-223-132.hsd1.il.comcast.net)
[09:47:09] *** Joins: miigotu (~miigotu@custip-162-217-53-192.esvabroadband.net)
[09:47:09] *** Quits: miigotu (~miigotu@custip-162-217-53-192.esvabroadband.net) (Connection closed)
[09:48:28] *** Quits: foghorn3 (~meh@107-198-163-1.lightspeed.rcsntx.sbcglobal.net) (Read error: Operation timed out)
[09:58:06] *** Joins: miigotu (~miigotu@custip-162-217-53-192.esvabroadband.net)
[10:13:14] *** Quits: Cu3PO42 (~Cu3PO42@159.69.208.45) (Ping timeout: 376 seconds)
[10:13:51] *** Joins: Cu3PO42 (~Cu3PO42@159.69.208.45)
[10:14:36] *** Quits: Kyouju (~Kyouju@ks3311808.kimsufi.com) (Read error: Connection reset by peer)
[10:15:12] *** Quits: zombie343 (zombie343@pool-74-108-60-233.nycmny.fios.verizon.net) (Read error: Operation timed out)
[10:15:12] *** Quits: yls8bot (~yls8bot@mtheall.com) (Read error: Connection reset by peer)
[10:15:14] *** Joins: yls8bot_ (~yls8bot@mtheall.com)
[10:15:20] *** Joins: zombie343 (zombie343@pool-74-108-60-233.nycmny.fios.verizon.net)
[10:15:22] *** yls8bot_ is now known as yls8bot
[10:15:35] *** Joins: Kyouju (~Kyouju@ks3311808.kimsufi.com)
[10:15:47] *** Joins: usineur (~matthieu@ferb.fr)
[10:15:47] *** Quits: usineur_ (~matthieu@ferb.fr) (Read error: Connection reset by peer)
[10:16:44] *** Quits: DoozerBot (~DoozerBot@89.7.232.35.bc.googleusercontent.com) (Read error: Operation timed out)
[10:17:34] *** Joins: DoozerBot (~DoozerBot@89.7.232.35.bc.googleusercontent.com)
[10:47:19] *** Quits: foghorn2 (~meh@107-198-163-1.lightspeed.rcsntx.sbcglobal.net) (Leaving)
[11:28:30] *** Joins: eggy (~eggster@irchighway.eggy.cc)
[11:30:15] *** Quits: eggster (~eggster@irchighway.eggy.cc) (Ping timeout: 272 seconds)
[13:19:21] *** Quits: karolherb (~kherbst@2a02:8308:b0be:6900:482c:9537:40:83ba) (Quit: Konversation terminated!)
[13:20:29] *** Joins: karolherb (~kherbst@2a02:8308:b0be:6900:482c:9537:40:83ba)
[13:29:06] *** Joins: refs (~refs@p200300dd874b4a000444c84855426c14.dip0.t-ipconnect.de)
[15:05:57] *** Joins: fgsfds (~figgis@93.123.144.171)
[15:08:49] *** Joins: mukunda (~mukunda@adsl-074-188-203-021.sip.asm.bellsouth.net)
[17:00:12] *** Quits: xx_ns (~neonsea@nns.ee) (Quit: quit)
[17:00:16] *** Joins: xx_ns (~neonsea@nns.ee)
[17:00:32] *** Quits: xx_ns (~neonsea@nns.ee) (Client Quit)
[17:00:36] *** Joins: xx_ns (~neonsea@nns.ee)
[17:00:54] *** Quits: xx_ns (~neonsea@nns.ee) (Client Quit)
[17:00:59] *** Joins: xx_ns (~neonsea@nns.ee)
[17:27:02] *** Joins: anewuser (~alenis@200.75.120.64)
[17:35:16] *** Quits: anewuser (~alenis@200.75.120.64) (Quit: Leaving)
[20:30:24] *** Quits: Maylay (~gren@108-198-59-230.lightspeed.miamfl.sbcglobal.net) (Read error: Connection reset by peer)
[20:32:04] *** Joins: Maylay (~gren@108-198-59-230.lightspeed.miamfl.sbcglobal.net)
