[01:40:23] *** Quits DacoTaco (Ping timeout: 272 seconds)
[01:41:01] *** Quits des^ (Ping timeout: 272 seconds)
[01:41:01] *** Quits Mimoja (Ping timeout: 272 seconds)
[01:41:01] *** Quits plutobot (Ping timeout: 272 seconds)
[01:44:44] *** Joins KuKzz_
[01:46:07] *** Quits oldtopman (Read error: Operation timed out)
[01:46:29] *** Quits AlexAltea (hub.efnet.us irc.Prison.NET)
[01:46:29] *** Quits capin2 (hub.efnet.us irc.Prison.NET)
[01:46:29] *** Quits KuKzz (hub.efnet.us irc.Prison.NET)
[01:48:24] *** Joins capin3
[01:49:12] *** Joins AlxAltea
[01:57:27] *** Joins oldtopman
[02:21:01] *** Quits oldtopman (hub.efnet.us irc.Prison.NET)
[02:21:47] *** Joins plutobot
[02:22:31] *** Joins des^
[02:22:44] *** Joins DacoTaco
[02:22:56] *** Joins Mimoja
[02:24:42] *** Joins lansiir
[02:36:25] *** Quits refs (Quit: refs)
[02:58:55] *** Quits lansiir (Ping timeout: 272 seconds)
[02:58:55] *** Quits Mimoja (Ping timeout: 272 seconds)
[02:58:55] *** Quits DacoTaco (Ping timeout: 272 seconds)
[02:58:55] *** Quits des^ (Ping timeout: 272 seconds)
[02:58:55] *** Quits plutobot (Ping timeout: 272 seconds)
[03:40:17] *** Joins plutobot
[03:40:46] *** Joins des^
[03:40:54] *** Joins DacoTaco
[03:41:19] *** Joins Mimoja
[03:45:47] *** Quits DacoTaco (Ping timeout: 272 seconds)
[03:46:25] *** Quits plutobot (Ping timeout: 272 seconds)
[03:47:41] *** Quits Mimoja (Ping timeout: 272 seconds)
[03:47:41] *** Quits des^ (Ping timeout: 272 seconds)
[04:16:12] *** Quits fgsfds (Read error: Connection reset by peer)
[04:28:47] *** Joins plutobot
[04:29:06] *** Joins des^
[04:29:24] *** Joins DacoTaco
[04:29:44] *** Joins Mimoja
[05:26:22] *** Quits thejsa (Read error: Operation timed out)
[05:26:28] *** Joins thejsa_
[05:36:57] *** Joins Retr0id
[07:17:14] *** Quits TheLat (Ping timeout: 252 seconds)
[07:27:04] *** Quits mukunda (Read error: Operation timed out)
[07:32:33] *** Joins cpncok3
[07:35:34] *** Quits cpnc0ke (Ping timeout: 496 seconds)
[08:40:47] *** Joins oldtopman
[09:20:30] *** Quits Behemoth (Read error: Connection reset by peer)
[09:20:47] *** Joins Behemoth_
[09:34:38] *** Quits Kyouju (Read error: Connection reset by peer)
[09:34:41] *** Joins Kyouju
[09:38:12] *** Quits zombie343 (Read error: Operation timed out)
[09:38:12] *** Quits DoozerBot (Read error: Connection reset by peer)
[09:38:30] *** Quits Lightswor (Ping timeout: 376 seconds)
[09:38:37] *** Joins DoozerBot
[09:39:16] *** Joins zombie343
[09:40:27] *** Quits yls8bot (Read error: Operation timed out)
[09:54:51] *** Quits Cu3PO42 (Ping timeout: 376 seconds)
[09:59:05] *** Joins Cu3PO42
[09:59:35] *** Quits Surkow (Ping timeout: 1216 seconds)
[10:01:12] *** Quits Aaerox (Read error: Operation timed out)
[10:04:53] *** Quits GerbilSof (Remote host closed the connection)
[10:05:09] *** Joins Surkow
[10:10:18] *** Joins yls8bot
[10:11:13] *** yellows8 sets mode: +o yls8bot
[10:17:56] *** Joins Lightswor
[10:18:43] *** Joins eggster
[10:22:43] *** Quits yls8bot (Ping timeout: 376 seconds)
[10:28:18] *** Quits eggy (Read error: Operation timed out)
[10:37:54] *** Quits Lightswor (Read error: Connection reset by peer)
[10:37:54] *** Quits yellows8 (Read error: Connection reset by peer)
[10:38:28] *** Joins Aaerox
[10:38:40] *** Joins Lightswor
[10:40:36] *** Joins yellows8
[10:41:14] *** Joins yls8bot
[10:47:57] *** Joins CHANFIX
[10:47:57] *** services.int sets mode: +o CHANFIX
[10:47:57] *** CHANFIX sets mode: +ooo yellows8 yls8bot naehrwert
[10:47:57] <CHANFIX> 3 clients should have been opped.
[10:47:57] *** Parts CHANFIX ()
[10:48:04] *** yls8bot sets mode: +o fincs
[11:04:39] *** Joins cpnc0ke
[11:06:37] *** Quits cpncok3 (Ping timeout: 492 seconds)
[11:14:11] *** Quits oldtopman (Ping timeout: 272 seconds)
[11:14:11] *** Quits Mimoja (Ping timeout: 272 seconds)
[11:14:11] *** Quits DacoTaco (Ping timeout: 272 seconds)
[11:14:11] *** Quits des^ (Ping timeout: 272 seconds)
[11:14:11] *** Quits plutobot (Ping timeout: 272 seconds)
[11:29:23] *** Joins oldtopman
[11:55:20] *** Joins plutobot
[11:56:01] *** Joins des^
[11:56:16] *** Joins Mimoja
[11:56:48] *** Joins DacoTaco
[12:20:28] *** Quits Retr0id (Read error: Operation timed out)
[12:23:43] *** Joins Retr0id
[12:49:50] *** Joins fgsfds
[15:28:49] *** Joins mukunda
[17:02:08] *** Joins GerbilSof
[19:02:24] *** neonsea is now known as xx_ns
[19:06:31] <plutobot> Wiki | Page changed: Switch System Flaws | User: SciresM | https://switchbrew.org/w/index.php?curid=14&diff=9901&oldid=9758
[19:08:03] <plutobot> Wiki | Page changed: Switch System Flaws | User: SciresM | https://switchbrew.org/w/index.php?curid=14&diff=9902&oldid=9901
[19:32:06] *** Quits nullstrin (Read error: Operation timed out)
[19:35:52] *** Joins nullstrin
[19:55:48] <plutobot> Wiki | Page changed: NS Services | User: Hexkyz | https://switchbrew.org/w/index.php?curid=89&diff=9903&oldid=9697
[21:16:29] *** Quits plutobot (Ping timeout: 272 seconds)
[21:17:07] *** Quits DacoTaco (Ping timeout: 272 seconds)
[21:17:45] *** Quits Mimoja (Ping timeout: 272 seconds)
[21:17:45] *** Quits des^ (Ping timeout: 272 seconds)
[21:27:29] *** Joins Galaxy|_
[21:29:41] *** Quits fgsfds (Remote host closed the connection)
[21:30:10] *** Joins fgsfds
[21:31:10] *** Quits ave_ (Quit: o/ https://thelounge.lasagna.dev)
[21:31:54] *** Quits Galaxy| (Read error: Operation timed out)
[21:33:13] *** Quits eggster (Read error: Operation timed out)
[21:33:18] *** Joins eggster
[21:33:59] *** Joins capin4
[21:34:39] *** Quits Retr0id (Read error: Connection reset by peer)
[21:34:56] *** Quits capin3 (Read error: Connection reset by peer)
[21:35:00] *** Quits klanc (Read error: Operation timed out)
[21:35:05] *** Joins klanc
[21:35:10] *** Joins Retr0id
[21:36:06] *** Quits Galaxy|_ (Ping timeout: 496 seconds)
[21:41:57] *** Joins Galaxy|
[22:01:12] *** Joins plutobot
[22:02:08] *** Joins Mimoja
[22:02:11] *** Joins DacoTaco
[22:21:06] *** Joins ave_
[23:55:39] *** Quits nullstrin (Read error: Operation timed out)
[23:59:26] *** Joins nullstrin
