[00:00:10] *** Joins nohit
[01:13:41] *** Quits rajkosto (Read error: Connection reset by peer)
[03:11:59] *** Quits nullstrin (Read error: Operation timed out)
[03:15:44] *** Joins nullstrin
[03:28:45] *** Joins anewuser
[03:31:48] *** Quits figgis__ (Read error: Connection reset by peer)
[03:44:31] *** Joins mukunda_
[03:48:08] *** Quits anewuser (Remote host closed the connection)
[03:48:29] *** Joins anewuser
[03:51:20] *** Quits mukunda (Read error: Operation timed out)
[03:55:19] *** Joins anewuser_
[03:59:46] *** Quits anewuser (Ping timeout: 376 seconds)
[04:04:26] *** Quits anewuser_ (Read error: Connection reset by peer)
[04:04:55] *** Joins anewuser_
[04:10:12] *** Joins rjeli____
[04:17:44] *** Quits d3m3vilur (Read error: Connection reset by peer)
[04:20:06] *** Quits SCV_ (Ping timeout: 1230 seconds)
[04:23:36] *** Quits rjeli___ (Ping timeout: 1230 seconds)
[04:23:37] *** rjeli____ is now known as rjeli___
[04:27:57] *** Quits rjeli___ (Read error: Connection reset by peer)
[04:32:27] *** Quits anewuser_ (Remote host closed the connection)
[04:37:58] *** Joins anewuser
[04:40:54] *** Joins anewuser_
[04:40:54] *** Quits anewuser_ (Remote host closed the connection)
[04:41:41] *** Joins anewuser_
[04:44:34] *** Quits anewuser (Ping timeout: 376 seconds)
[04:50:54] *** Joins d3m3vilur
[04:52:01] *** Joins anewuser
[04:52:26] *** Quits anewuser (Remote host closed the connection)
[04:56:14] *** Quits anewuser_ (Ping timeout: 376 seconds)
[04:59:10] *** Joins anewuser
[05:01:29] *** Quits miigotu (Read error: Operation timed out)
[05:01:56] *** Joins miigotu
[05:03:41] *** Quits Mimoja (Read error: Connection reset by peer)
[05:14:36] *** Quits Retr0id (Read error: Connection reset by peer)
[05:14:38] *** Joins foghorn3
[05:19:15] *** Quits Snetry (Read error: Connection reset by peer)
[05:20:51] *** Quits miigotu (Read error: Operation timed out)
[05:20:51] *** Quits endrift (Read error: Operation timed out)
[05:20:51] *** Joins Retr0id
[05:20:51] *** Quits nullstrin (Read error: Operation timed out)
[05:20:54] *** Joins SCV_
[05:21:02] *** Quits foghorn2 (Read error: Operation timed out)
[05:22:05] *** Quits Pieman (Read error: Connection reset by peer)
[05:22:06] *** Joins Snetry
[05:22:07] *** Joins miigotu
[05:22:32] *** Joins Pieman
[05:24:12] *** Quits j0hny5 (Read error: Operation timed out)
[05:25:20] *** Quits mukunda_ (Read error: Operation timed out)
[05:25:25] *** Quits awordnot (Read error: Operation timed out)
[05:25:31] *** Quits |Shadow| (Read error: Operation timed out)
[05:25:41] *** Joins mukunda
[05:42:55] *** Quits anewuser (Quit: Leaving)
[06:19:48] *** Joins awordnot
[06:19:48] *** Joins j0hny5
[06:19:54] *** Joins |Shadow|
[06:20:55] *** Joins nullstrin
[06:28:05] *** Joins rjeli___
[06:57:44] *** Joins endrift
[07:44:28] *** Joins miigotu_
[07:48:21] *** Quits mukunda (Ping timeout: 745 seconds)
[07:48:51] *** Quits miigotu (Ping timeout: 610 seconds)
[11:24:09] *** Joins fgsfds
[13:20:23] *** Joins anewuser
[14:26:58] *** Quits anewuser (Ping timeout: 376 seconds)
[14:30:36] *** Joins anewuser
[14:50:50] *** Quits anewuser (Quit: Leaving)
[16:04:19] *** Joins mukunda
[17:49:57] *** Joins refs
[19:23:30] <plutobot> Wiki | Page changed: Services API | User: yls8 | https://switchbrew.org/w/index.php?curid=85&diff=9920&oldid=9114
[19:46:49] *** Quits eggy (Read error: Operation timed out)
[19:47:23] *** Joins eggster
[19:51:32] *** Joins eggy
[19:52:51] *** Quits eggster (Read error: Operation timed out)
[19:54:15] *** Quits eggy (Read error: Operation timed out)
[19:54:56] *** Joins eggster
[19:59:41] *** Joins eggy
[20:04:25] *** Quits eggster (Read error: Operation timed out)
[20:13:56] *** Joins eggster
[20:18:40] *** Quits eggy (Read error: Operation timed out)
[20:20:01] *** Quits eggster (Read error: Operation timed out)
[20:22:32] *** Joins eggster
[20:25:54] *** Joins eggy
[20:25:58] *** Quits eggster (Read error: Operation timed out)
[20:31:47] *** Joins eggster
[20:36:05] *** Quits eggy (Read error: Operation timed out)
[20:57:35] *** Joins eggy
[21:04:31] *** Joins eggster-
[21:05:15] *** Quits eggy (Ping timeout: 272 seconds)
[21:06:21] *** Quits eggster (Ping timeout: 745 seconds)
[21:49:03] *** Joins anewuser
[21:50:19] *** Quits anewuser (Remote host closed the connection)
[21:50:52] *** Joins anewuser
[22:03:21] <plutobot> Wiki | Page changed: TSEC | User: Hexkyz | https://switchbrew.org/w/index.php?curid=199&diff=9921&oldid=9914
[22:03:49] *** Quits anewuser (Read error: Connection reset by peer)
[22:04:27] *** Joins anewuser
[22:17:50] *** Quits anewuser (Remote host closed the connection)
[22:18:19] *** Joins anewuser
[22:41:49] *** Quits anewuser (Remote host closed the connection)
[22:43:30] *** Joins anewuser
[22:44:19] *** Quits anewuser (Remote host closed the connection)
[22:44:44] *** Joins anewuser
[22:59:18] *** Quits changO- (Read error: Connection reset by peer)
[23:04:22] *** Quits anewuser (Quit: Leaving)
[23:41:10] *** Quits karolherb (Quit: Konversation terminated!)
[23:45:59] *** Joins karolherb
[23:54:38] *** Quits averne (quit)
[23:55:27] *** Joins averne
[23:55:27] *** Server sets mode: +stn 
[23:56:07] *** Quits Snetry (Read error: Operation timed out)
[23:56:07] *** Quits blasty (Read error: Operation timed out)
[23:56:54] *** Quits klanc (Read error: Operation timed out)
[23:58:31] *** Quits d3m3vilur (Read error: Operation timed out)
