[00:03:19] *** Quits Retr0id (Read error: Connection reset by peer)
[00:03:29] *** Joins blasty
[00:03:30] *** Joins Retr0id
[00:03:47] *** Quits lex1 (Read error: Operation timed out)
[00:03:50] *** Joins klanc
[00:03:54] *** Joins d3m3vilur
[00:03:56] *** Joins Snetry
[00:04:07] *** Joins lex1
[01:59:54] *** Quits fgsfds (Read error: Connection reset by peer)
[02:13:11] *** Quits eggster- (hub.efnet.us irc.Prison.NET)
[02:24:57] *** Joins eggster-
[03:23:09] *** Quits nullstrin (Read error: Operation timed out)
[03:26:54] *** Joins nullstrin
[04:39:56] *** Quits refs (Quit: refs)
[05:03:03] *** Joins anewuser
[05:07:47] *** Quits anewuser (Remote host closed the connection)
[05:08:25] *** Joins anewuser
[05:14:42] *** Quits lameboy (Read error: Operation timed out)
[05:15:01] *** Joins lameboy
[07:04:37] *** Quits anewuser (Quit: Leaving)
[07:16:47] *** Quits mukunda (Read error: Operation timed out)
[10:25:00] *** Quits flagrama (Read error: Connection reset by peer)
[10:30:36] *** Joins flagrama
[13:34:36] *** Quits Snetry (Read error: Connection refused)
[13:35:26] *** Joins Snetry
[14:01:13] *** Joins refs
[15:39:15] *** Joins mukunda
[16:29:32] *** Joins fgsfds
[17:38:41] *** Joins miigotu
[17:40:01] *** Quits miigotu_ (Read error: Operation timed out)
[20:05:31] *** Joins n00b470
[20:05:57] <n00b470> Hello. I've got a question about switch game updates. Anyone on?
[20:14:35] *** Quits n00b470 (Ping timeout: 252 seconds)
[20:46:43] *** Quits Snetry (Quit: left EFNet)
[20:49:00] *** Joins Snetry
