[01:39:32] *** Joins miigotu_
[01:41:51] *** Quits miigotu (Ping timeout: 265 seconds)
[02:58:54] *** Joins changO-
[04:17:35] *** Quits refs (Quit: refs)
[04:35:11] *** Quits fgsfds (Read error: Connection reset by peer)
[06:05:03] *** Quits Retr0id (Read error: Connection reset by peer)
[06:05:05] *** Joins Retr0id
[06:28:00] *** Joins mukunda_
[06:33:55] *** Quits mukunda (Read error: Operation timed out)
[07:32:13] *** Quits mukunda_ (Ping timeout: 610 seconds)
[07:44:50] *** Joins Miah_Snep
[07:46:01] *** Quits Miah_Snep (Client Quit)
[08:15:45] *** Quits rjeli___ (Read error: Connection reset by peer)
[08:16:18] *** Quits d3m3vilur (Read error: Connection reset by peer)
[08:19:48] *** Joins rjeli___
[08:27:44] *** Joins d3m3vilur
[10:35:52] *** Quits lameboy (hub.efnet.us irc.Prison.NET)
[10:35:52] *** Quits eggster- (hub.efnet.us irc.Prison.NET)
[10:36:08] *** Joins eggster
[10:51:44] *** Joins lameboy
[12:27:03] *** Joins fgsfds
[13:40:00] *** Quits Galaxy| (Quit: Quit.)
[13:41:51] *** Joins Galaxy|
[13:47:12] *** Quits Galaxy| (Quit.)
[13:58:29] *** Quits ave_ (Quit: o/ https://thelounge.lasagna.dev)
[14:00:22] *** Joins ave_
[14:45:58] *** Quits DeusQain (Read error: Connection reset by peer)
[14:47:19] *** Quits GrecKo_ (Read error: Connection reset by peer)
[14:47:49] *** Joins GrecKo
[14:48:44] *** Joins DeusQain
[15:27:59] *** Quits GerbilSof (Read error: Connection reset by peer)
[15:29:08] *** Joins GerbilSof
[15:39:32] *** Joins mukunda
[16:21:39] *** Joins KuKzz_
[16:25:10] *** Quits KuKzz (Ping timeout: 496 seconds)
[16:37:26] *** Quits ihaveamac (Read error: Connection reset by peer)
[16:46:04] *** Quits Snetry (Read error: Connection refused)
[16:49:32] *** Quits b0nez (Read error: Operation timed out)
[16:49:38] *** Joins b0nez
[16:49:47] *** Joins Snetry
[16:50:22] *** Joins datagutt_
[16:50:32] *** Quits Cu3PO42 (Read error: Operation timed out)
[16:50:52] *** Quits ds84182 (Read error: Operation timed out)
[16:52:00] *** Joins m4tsa
[16:52:03] *** Joins ds84182
[16:52:16] *** Quits gruetzkop (Read error: Operation timed out)
[16:52:26] *** Joins gruetzkop
[16:55:04] *** m4tsa is now known as m4ts
[16:55:34] *** Quits datagutt (Ping timeout: 496 seconds)
[16:55:34] *** datagutt_ is now known as datagutt
[17:00:49] *** Quits averne (quit)
[17:01:05] *** Joins averne_
[17:01:05] *** Server sets mode: +stn 
[17:01:58] *** Quits averne (Ping timeout: 258 seconds)
[17:09:19] *** Joins GrecKo_
[17:09:20] *** Quits GrecKo (Ping timeout: 610 seconds)
[17:12:01] *** Quits phigcloud (se.hub irc.nordunet.se)
[17:21:58] *** Joins AlexAltea
[17:39:35] *** Joins Cu3PO42
[17:48:47] *** Joins phigcloud
[19:44:42] *** Joins ihaveamac
[20:20:34] *** Joins mukunda_
[20:25:19] *** Quits mukunda (Read error: Operation timed out)
[20:28:23] <plutobot> Wiki | Page changed: TSEC | User: Hexkyz | https://switchbrew.org/w/index.php?curid=199&diff=9922&oldid=9921
[21:23:09] *** Joins mukunda
[21:31:26] *** Quits mukunda (Ping timeout: 376 seconds)
[21:31:48] *** Joins mukunda
[21:33:06] *** Quits mukunda_ (Ping timeout: 745 seconds)
[21:59:56] *** Quits Cu3PO42 (Ping timeout: 745 seconds)
[22:08:04] *** Joins Cu3PO42
[22:14:40] *** Joins refs
[23:47:10] *** Quits mukunda (Ping timeout: 610 seconds)
[23:56:43] *** Quits |Shadow| (Read error: Operation timed out)
[23:57:22] *** Joins |Shadow|
[23:58:16] *** Joins miigotu
