[00:00:05] *** Quits plutoo_ (Ping timeout: 610 seconds)
[00:02:14] *** Joins plutoo
[00:03:11] *** Quits miigotu_ (Ping timeout: 610 seconds)
[00:25:23] *** Joins KuKzz
[00:30:03] *** Quits KuKzz_ (Ping timeout: 610 seconds)
[00:40:01] *** Joins mukunda
[01:14:31] *** Joins figgis_
[01:22:10] *** Quits fgsfds (Read error: Operation timed out)
[01:30:10] *** Quits awordnot (Read error: Connection reset by peer)
[01:30:46] *** Joins awordnot
[01:41:31] *** Joins Galaxy|
[02:12:42] *** Quits refs (Quit: refs)
[02:24:24] *** Quits figgis_ (Read error: Connection reset by peer)
[03:07:22] *** Joins techmuse
[03:08:13] *** Parts techmuse ()
[03:09:34] *** Joins techmuse_
[04:06:25] *** Joins anewuser
[04:17:49] *** Quits anewuser (Remote host closed the connection)
[04:18:12] *** Joins anewuser
[04:38:43] *** Joins Phils3r
[04:38:44] *** Quits Phils3r_ (Read error: Connection reset by peer)
[04:41:50] *** Quits anewuser (Read error: Connection reset by peer)
[04:42:13] *** Joins anewuser
[04:49:27] *** Quits lameboy (Ping timeout: 745 seconds)
[04:50:02] *** Joins lameboy
[04:52:56] *** Quits coriolis (Ping timeout: 615 seconds)
[04:52:57] *** Quits Genolo (Ping timeout: 745 seconds)
[04:53:12] *** Joins coriolis
[04:55:17] *** Joins Genolo
[04:56:47] *** Quits GerbilSof (Quit: Windows must now restart because the Remote Procedure Call (RPC) service terminated unexpectedly.)
[05:25:55] *** Quits techmuse_ (Ping timeout: 252 seconds)
[05:36:07] *** Quits coriolis (Ping timeout: 615 seconds)
[05:36:21] *** Joins coriolis
[06:02:09] *** Quits miigotu (Read error: Operation timed out)
[06:03:27] *** Joins miigotu
[06:14:51] *** Joins GrecKo
[06:14:56] *** Quits anewuser (Quit: Leaving)
[06:15:25] *** Quits GrecKo_ (Read error: Operation timed out)
[07:00:06] *** Quits coriolis (Ping timeout: 615 seconds)
[07:01:01] *** Joins coriolis
[07:16:26] *** Quits coriolis (Ping timeout: 615 seconds)
[07:16:40] *** Joins coriolis
[07:30:39] *** Joins miigotu_
[07:32:36] *** Quits miigotu (Ping timeout: 265 seconds)
[07:33:56] *** Quits coriolis (Ping timeout: 615 seconds)
[07:34:12] *** Joins coriolis
[07:46:46] *** Quits mukunda (Ping timeout: 496 seconds)
[08:13:36] *** Quits coriolis (Ping timeout: 615 seconds)
[08:15:12] *** Joins coriolis
[10:43:45] <plutobot> Wiki | Page changed: 2.0.0 | User: SciresM | https://switchbrew.org/w/index.php?curid=45&diff=9923&oldid=9074
[10:47:49] <plutobot> Wiki | Page changed: 4.0.0 | User: SciresM | https://switchbrew.org/w/index.php?curid=246&diff=9924&oldid=5295
[12:50:34] *** Quits flagrama (Ping timeout: 272 seconds)
[13:10:37] *** Joins flagrama
[14:29:48] *** Joins mukunda
[15:10:30] *** Quits mukunda (Ping timeout: 622 seconds)
[17:20:16] *** Joins GerbilSof
[18:08:15] *** Joins fgsfds
[18:35:54] *** Quits miigotu_ (Read error: Operation timed out)
[18:37:13] *** Quits nullstrin (Read error: Operation timed out)
[18:39:00] *** Quits j0hny5 (Read error: Operation timed out)
[18:40:03] *** Quits |Shadow| (Read error: Operation timed out)
[18:43:30] *** Quits fgsfds (Read error: Operation timed out)
[18:46:46] *** Quits awordnot (Read error: Operation timed out)
[18:48:23] *** Joins j0hny5
[18:49:23] *** Quits endrift (Ping timeout: 622 seconds)
[18:51:41] *** Joins awordnot
[18:52:22] *** Joins nullstrin
[18:53:54] *** Joins endrift
[18:54:53] *** Quits j0hny5 (Read error: Operation timed out)
[18:55:53] *** Joins j0hny5
[18:56:07] *** Joins |Shadow|
[18:56:15] *** Joins miigotu
[20:10:07] <plutobot> Wiki | Page changed: TSEC | User: Hexkyz | https://switchbrew.org/w/index.php?curid=199&diff=9925&oldid=9922
[20:32:31] *** Joins ave_9
[20:39:36] *** Joins fgsfds
[20:42:37] *** Quits ave_ (Ping timeout: 745 seconds)
[20:42:37] *** ave_9 is now known as ave_
[20:51:46] *** Joins mukunda
[21:03:19] *** Quits flotwig (Read error: Operation timed out)
[21:03:36] *** Quits DeusQain (Read error: Operation timed out)
[21:03:42] *** Quits zombie343 (Read error: Operation timed out)
[21:03:52] *** Joins zombie343
[21:04:18] *** Quits mtheall_ (Read error: Operation timed out)
[21:04:21] *** Quits yls8bot (Write error: Broken pipe)
[21:04:21] *** Quits ds84182 (Write error: Broken pipe)
[21:04:39] *** Quits capin4 (Read error: Operation timed out)
[21:04:42] *** Joins ds84182
[21:05:03] *** Joins capin4
[21:05:22] *** Quits Maylay (Read error: Operation timed out)
[21:05:24] *** Quits Galaxy| (Read error: Operation timed out)
[21:05:39] *** Quits Lightswor (Read error: Operation timed out)
[21:06:01] *** Joins nrq_
[21:06:12] *** Quits sh0e (Read error: Operation timed out)
[21:06:24] *** Joins mtheall
[21:07:22] *** Quits Surkow (Read error: Operation timed out)
[21:07:25] *** Quits nrq (Read error: Operation timed out)
[21:07:51] *** Quits yellows8 (Read error: Operation timed out)
[21:08:22] *** Quits Aaerox (Read error: Operation timed out)
[21:08:34] *** Quits Kyouju (Read error: Operation timed out)
[21:10:41] *** Quits cpncok3 (Read error: Operation timed out)
[21:11:40] *** Joins cpnc0ke
[21:12:23] *** Joins sh0e
[21:16:51] *** Joins DeusQain
[21:17:40] *** Joins Surkow
[21:20:56] *** Joins refs
[21:22:13] *** Joins Aaerox
[21:22:14] *** Joins Lightswor
[21:22:14] *** Joins yellows8
[21:22:14] *** WntrMute sets mode: +o yellows8
[21:22:53] *** Joins Kyouju
[21:24:21] *** Joins yls8bot
[21:24:26] *** yellows8 sets mode: +o yls8bot
[21:24:26] *** Joins Galaxy|
[21:24:50] *** Joins Maylay
[21:24:51] *** Quits Maylay (Remote host closed the connection!)
[23:06:52] *** Quits ave_ (Read error: Connection reset by peer)
[23:07:13] *** Joins ave_
[23:41:34] *** Joins blasty_
[23:46:29] *** Quits blasty (Read error: Connection reset by peer)
