[00:03:56] *** Joins: hordak_ (hordak@208.99.89.129)
[00:04:36] *** Joins: derrek_ (szmqPie0GZ@2001:1a50:11:0:5f:8f:acec:1)
[00:04:42] *** Joins: eggy (~eggster@irchighway.eggy.cc)
[00:04:56] *** Joins: TAL_ (~TAL@defiant.tlercher.de)
[00:05:41] *** Joins: nrq (~nrq@ns340910.ip-37-59-40.eu)
[00:06:03] *** Joins: mid-kid3 (~mid-kid@2a01:7c8:aac8:1e8:5054:ff:fe5e:cd48)
[00:07:52] *** Quits: tpw_rules (~tpw_rules@li1059-135.members.linode.com) (Ping timeout: 745 seconds)
[00:08:08] *** Joins: tpw_rules (~tpw_rules@li1059-135.members.linode.com)
[00:09:40] *** Joins: datagutt_ (~datagutt@mail.guac.live)
[00:10:47] *** Quits: freundTec (~freundTec@freundtech.com) (Ping timeout: 745 seconds)
[00:10:51] *** Joins: freundTec (~freundTec@freundtech.com)
[00:11:56] *** Joins: Genolol (~fear@2a01:7e00::f03c:91ff:fe93:8d42)
[00:11:57] *** Quits: Genolo (~fear@151.236.216.141) (Ping timeout: 745 seconds)
[00:11:57] *** Quits: Jdbye (~furry4lif@me.jdbye.com) (Ping timeout: 745 seconds)
[00:12:21] *** Genolol is now known as Genolo
[00:12:32] *** Quits: datagutt (~datagutt@mail.guac.live) (Ping timeout: 745 seconds)
[00:12:32] *** Quits: dibas (~dibas@wild.uberspace.de) (Ping timeout: 745 seconds)
[00:12:32] *** datagutt_ is now known as datagutt
[00:12:32] *** Quits: nrq_ (~nrq@ns340910.ip-37-59-40.eu) (Ping timeout: 745 seconds)
[00:12:35] *** Quits: klock (~efklock@vps1.ksociety.net) (Ping timeout: 745 seconds)
[00:12:35] *** Quits: hordak (hordak@cautio.us) (Ping timeout: 745 seconds)
[00:12:35] *** Quits: mid-kid2 (~mid-kid@136-144-185-148.colo.transip.net) (Ping timeout: 745 seconds)
[00:12:35] *** hordak_ is now known as hordak
[00:12:35] *** Quits: hthh (~hthh@hh.ht) (Ping timeout: 745 seconds)
[00:12:55] *** Snetry is now known as Sentry
[00:13:07] *** Quits: ave_ (~ave_@79.110.170.32) (Ping timeout: 745 seconds)
[00:13:08] *** Quits: coriolis (~coriolis@ns398009.ip-192-95-24.net) (Ping timeout: 745 seconds)
[00:13:08] *** Quits: gruetzkop (gruetzkopf@bnc.dont-follow.us) (Ping timeout: 745 seconds)
[00:13:08] *** Quits: eggster (~eggster@irchighway.eggy.cc) (Ping timeout: 745 seconds)
[00:13:09] *** Quits: kakama (~kakama@heelys.club) (Ping timeout: 745 seconds)
[00:13:09] *** Quits: TAL (znc@defiant.tlercher.de) (Ping timeout: 745 seconds)
[00:13:09] *** Quits: derrek (4LkGXu8Hwn@sirius.uberspace.de) (Ping timeout: 745 seconds)
[00:13:11] *** derrek_ is now known as derrek
[00:13:28] *** Joins: Jdbye (~furry4lif@me.jdbye.com)
[00:14:13] *** Joins: klock (~efklock@vps1.ksociety.net)
[00:15:40] *** Joins: gruetzkop (~gruetzkop@bnc.dont-follow.us)
[00:18:35] *** Joins: coriolis (~coriolis@2607:5300:60:2885::1)
[00:43:37] *** TAL_ is now known as TAL
[01:22:58] *** Quits: awordnot (~awordnot@c-73-74-223-132.hsd1.il.comcast.net) (Read error: Operation timed out)
[01:23:10] *** Joins: figgis_ (~figgis@93.123.144.171)
[01:24:58] *** Quits: tpw_rules (~tpw_rules@li1059-135.members.linode.com) (Read error: Operation timed out)
[01:25:10] *** Joins: tpw_rules (~tpw_rules@li1059-135.members.linode.com)
[01:25:13] *** Quits: nullstrin (~nullstrin@cermak.nullstring.io) (Read error: Operation timed out)
[01:27:00] *** Quits: j0hny5 (~j0hny5@94.75.242.8) (Read error: Operation timed out)
[01:29:17] *** Quits: |Shadow| (~Shadow1@ip68-12-213-93.ok.ok.cox.net) (Read error: Operation timed out)
[01:29:37] *** Quits: endrift (~endrift@endrift.com) (Read error: Operation timed out)
[01:30:33] *** Quits: fgsfds (~figgis@93.123.144.171) (Read error: Operation timed out)
[01:41:23] *** Joins: figgis__ (~figgis@93.123.144.171)
[01:43:22] *** Quits: figgis_ (~figgis@93.123.144.171) (Ping timeout: 376 seconds)
[01:55:27] *** Joins: nullstrin (~nullstrin@cermak.nullstring.io)
[01:56:57] *** Joins: j0hny5 (~j0hny5@94.75.242.8)
[01:57:56] *** Joins: endrift (~endrift@endrift.com)
[01:58:52] *** Joins: awordnot (~awordnot@c-73-74-223-132.hsd1.il.comcast.net)
[02:10:10] *** Joins: |Shadow| (~Shadow1@ip68-12-213-93.ok.ok.cox.net)
[02:22:57] *** Quits: refs (~refs@p200300dd8713c1002c05520dd786e7aa.dip0.t-ipconnect.de) (Quit: refs)
[03:25:01] *** Joins: dibas (~dibas@wild.uberspace.de)
[03:26:15] *** Joins: kakama (~kakama@heelys.club)
[03:27:48] *** Joins: hthh (~hthh@hh.ht)
[03:28:16] *** Quits: figgis__ (~figgis@93.123.144.171) (Read error: Connection reset by peer)
[09:34:30] *** Quits: |Shadow| (~Shadow1@ip68-12-213-93.ok.ok.cox.net) ()
[09:39:23] *** Joins: |Shadow| (~Shadow1@ip68-12-213-93.ok.ok.cox.net)
[12:20:18] *** Joins: KuKzz (KuKzz@95.143.216.177)
[12:24:58] *** Quits: KuKzz_ (~KuKzz@95.143.216.177) (Ping timeout: 610 seconds)
[16:56:36] *** Joins: foghorn2 (~meh@2600:1700:8af0:a950:c4e5:1d98:598b:ba2e)
[17:03:06] *** Quits: foghorn3 (~meh@2600:1700:8af0:a950:a4a2:df93:b40a:f56f) (Read error: Operation timed out)
[17:29:11] *** Quits: GerbilSof (~GerbilSof@pool-108-24-138-55.cmdnnj.fios.verizon.net) (Read error: Operation timed out)
[17:43:33] *** Joins: GerbilSof (~GerbilSof@pool-108-24-138-55.cmdnnj.fios.verizon.net)
[17:55:42] *** Joins: zini- (~zini@88-113-145-208.elisa-laajakaista.fi)
[18:00:36] *** Quits: zini (~zini@88-113-145-208.elisa-laajakaista.fi) (Ping timeout: 745 seconds)
[19:00:31] *** Joins: fgsfds (~figgis@93.123.144.171)
[19:01:51] *** Quits: yls8bot (~yls8bot@mtheall.com) (Read error: Operation timed out)
[19:01:53] *** Quits: eggy (~eggster@irchighway.eggy.cc) (Write error: Broken pipe)
[19:02:04] *** Joins: eggster (~eggster@irchighway.eggy.cc)
[19:06:53] *** Joins: yls8bot (~yls8bot@mtheall.com)
[19:07:06] *** yellows8 sets mode: +o yls8bot
[19:22:42] *** Joins: miigotu_ (~miigotu@custip-162-217-53-192.esvabroadband.net)
[19:26:22] *** Quits: zini- (~zini@88-113-145-208.elisa-laajakaista.fi) (Ping timeout: 272 seconds)
[19:26:55] *** Joins: zini (~zini@88-113-145-208.elisa-laajakaista.fi)
[19:35:14] *** Quits: zini (~zini@88-113-145-208.elisa-laajakaista.fi) (Ping timeout: 272 seconds)
[20:03:40] *** Joins: zini (~zini@88-113-145-208.elisa-laajakaista.fi)
[20:15:08] *** Quits: zini (~zini@88-113-145-208.elisa-laajakaista.fi) (Ping timeout: 272 seconds)
[20:31:49] *** Joins: zini (~zini@88-113-145-208.elisa-laajakaista.fi)
[20:49:42] *** Joins: averne (~averne@176-179-35-51.abo.bbox.fr)
[20:49:43] *** Server sets mode: +stn 
[21:25:27] *** Quits: zini (~zini@88-113-145-208.elisa-laajakaista.fi) (Ping timeout: 272 seconds)
[21:42:14] *** Joins: zini (~zini@88-113-145-208.elisa-laajakaista.fi)
[23:29:35] *** Quits: zini (~zini@88-113-145-208.elisa-laajakaista.fi) (Ping timeout: 272 seconds)
