[00:00:57] *** Quits: zombie343 (~zombie343@pool-74-108-60-233.nycmny.fios.verizon.net) (Read error: Connection reset by peer)
[00:02:59] *** Joins: zombie343 (zombie343@pool-74-108-60-233.nycmny.fios.verizon.net)
[00:13:39] *** Joins: anewuser (~anewuser@200.8.76.12)
[00:38:15] *** Joins: anewuser_ (~anewuser@200.8.76.12)
[00:41:44] *** Joins: zini (~zini@88-113-145-208.elisa-laajakaista.fi)
[00:43:18] *** Quits: anewuser (~anewuser@200.8.76.12) (Ping timeout: 376 seconds)
[00:59:27] *** Quits: zini (~zini@88-113-145-208.elisa-laajakaista.fi) (Ping timeout: 745 seconds)
[01:02:34] *** Joins: zini (~zini@88-113-145-208.elisa-laajakaista.fi)
[01:06:10] *** Quits: anewuser_ (~anewuser@200.8.76.12) (Ping timeout: 376 seconds)
[01:14:43] *** Quits: zini (~zini@88-113-145-208.elisa-laajakaista.fi) (Ping timeout: 272 seconds)
[01:18:20] <plutobot> Wiki | Page changed: NIM services | User: SciresM | https://switchbrew.org/w/index.php?curid=144&diff=9935&oldid=9929
[01:42:49] *** Joins: zini (~zini@88-113-145-208.elisa-laajakaista.fi)
[01:43:54] *** Joins: refs (~refs@p200300dd8716e80024292d2191dce4fb.dip0.t-ipconnect.de)
[04:08:38] *** Quits: refs (~refs@p200300dd8716e80024292d2191dce4fb.dip0.t-ipconnect.de) (Quit: refs)
[05:13:00] *** Quits: fgsfds (~figgis@93.123.144.171) (Read error: Connection reset by peer)
[05:15:01] *** Joins: dibas_ (~dibas@wild.uberspace.de)
[05:21:22] *** Quits: dibas (~dibas@wild.uberspace.de) (Ping timeout: 745 seconds)
[05:21:22] *** dibas_ is now known as dibas
[06:33:55] *** Quits: zini (~zini@88-113-145-208.elisa-laajakaista.fi) (Ping timeout: 272 seconds)
[06:42:56] *** Quits: averne (~averne@176-179-35-51.abo.bbox.fr) (quit)
[06:49:22] *** Joins: averne_ (~averne@176-179-35-51.abo.bbox.fr)
[06:49:22] *** Server sets mode: +stn 
[06:50:07] *** Quits: averne (~averne@176-179-35-51.abo.bbox.fr) (Ping timeout: 610 seconds)
[06:52:49] *** Quits: changO- (~Changolan@ip72-194-70-236.oc.oc.cox.net) (Read error: Operation timed out)
[06:53:01] *** Joins: changO- (~Changolan@ip72-194-70-236.oc.oc.cox.net)
[06:55:01] *** Quits: blasty_ (~blasty@haxx.in) (Read error: Operation timed out)
[06:55:19] *** Quits: klanc (~klanc@2a00:6d40:40:58a3::1) (Read error: Operation timed out)
[06:56:00] *** Joins: refsw3 (~refsw@80.150.130.51)
[06:56:55] *** Quits: refsw2 (~refsw@80.150.130.51) (Read error: Operation timed out)
[06:57:59] *** Quits: nrq (~nrq@ns340910.ip-37-59-40.eu) (Read error: Operation timed out)
[06:57:59] *** Joins: nrq (~nrq@ns340910.ip-37-59-40.eu)
[06:57:59] *** Quits: Sentry (~sentry@dslb-178-001-206-043.178.001.pools.vodafone-ip.de) (Read error: Operation timed out)
[07:01:11] *** Quits: averne_ (~averne@176-179-35-51.abo.bbox.fr) (quit)
[07:07:31] *** Joins: averne (~averne@176-179-35-51.abo.bbox.fr)
[07:07:31] *** Server sets mode: +stn 
[07:07:40] *** Joins: Snetry (~sentry@dslb-178-001-206-043.178.001.pools.vodafone-ip.de)
[07:09:24] *** Joins: blasty (~blasty@haxx.in)
[07:11:07] *** Quits: plutoo_ (~plutoo@139.59.44.183) (se.hub irc.nordunet.se)
[07:11:08] *** Quits: phigcloud (uid13896@id-13896.tooting.irccloud.com) (se.hub irc.nordunet.se)
[07:11:47] *** Joins: phigcloud (uid13896@id-13896.tooting.irccloud.com)
[07:11:47] *** Joins: plutoo_ (~plutoo@139.59.44.183)
[07:23:00] *** Joins: |Shadow|_ (~Shadow1@ip68-12-213-93.ok.ok.cox.net)
[07:31:01] *** Quits: |Shadow|_ (~Shadow1@ip68-12-213-93.ok.ok.cox.net) ()
[07:34:58] *** Quits: blasty (~blasty@haxx.in) (Remote host closed the connection)
[07:35:04] *** Joins: blasty (~blasty@haxx.in)
[07:38:07] *** Quits: |Shadow| (~Shadow1@ip68-12-213-93.ok.ok.cox.net) (Read error: Operation timed out)
[07:39:58] *** Joins: |Shadow| (~Shadow1@ip68-12-213-93.ok.ok.cox.net)
[07:44:29] *** Quits: Retr0id (~Retr0id@185.122.57.169) (Read error: Operation timed out)
[07:45:28] *** Joins: Retr0id (~Retr0id@185.122.57.169)
[07:45:31] *** Joins: blasty_ (~blasty@haxx.in)
[07:46:22] *** Quits: blasty (~blasty@haxx.in) (Read error: Connection reset by peer)
[07:46:35] *** Quits: Snetry (~sentry@dslb-178-001-206-043.178.001.pools.vodafone-ip.de) (Read error: Connection reset by peer)
[07:48:29] *** Joins: Snetry (~sentry@dslb-178-001-206-043.178.001.pools.vodafone-ip.de)
[07:50:05] *** Quits: d3m3vilur (sid4654@id-4654.charlton.irccloud.com) (Read error: Operation timed out)
[07:50:09] *** Joins: d3m3vilur (sid4654@id-4654.charlton.irccloud.com)
[07:50:09] *** Joins: |Shadow|_ (~Shadow1@ip68-12-213-93.ok.ok.cox.net)
[07:51:44] *** Quits: |Shadow|_ (~Shadow1@ip68-12-213-93.ok.ok.cox.net) (Client Quit)
[08:07:25] *** Quits: Surkow (~Surkow@84-104-14-64.cable.dynamic.v4.ziggo.nl) (hub.efnet.us irc.Prison.NET)
[08:07:27] *** Quits: SCV_ (sid226262@192.184.9.112) (Read error: Connection reset by peer)
[08:09:24] *** Joins: Surkow_ (~Surkow@84-104-14-64.cable.dynamic.v4.ziggo.nl)
[08:11:08] *** Joins: SCV_ (sid226262@2001:67c:2f08:3::3:73d6)
[08:21:54] *** Quits: blasty_ (~blasty@haxx.in) (Remote host closed the connection)
[08:21:55] *** Quits: Retr0id (~Retr0id@185.122.57.169) (Read error: Connection reset by peer)
[08:37:48] *** Joins: blasty (~blasty@haxx.in)
[08:44:52] *** Joins: blasty_ (~blasty@haxx.in)
[08:44:53] *** Quits: Snetry (~sentry@dslb-178-001-206-043.178.001.pools.vodafone-ip.de) (Read error: Connection reset by peer)
[08:45:47] *** Quits: blasty (~blasty@haxx.in) (Read error: Connection reset by peer)
[08:45:51] *** Joins: Snetry (~sentry@dslb-178-001-206-043.178.001.pools.vodafone-ip.de)
[08:51:48] *** Joins: zini (~zini@88-113-145-208.elisa-laajakaista.fi)
[09:00:09] *** Quits: averne (~averne@176-179-35-51.abo.bbox.fr) (quit)
[09:02:26] *** Joins: averne (~averne@176-179-35-51.abo.bbox.fr)
[09:02:26] *** Server sets mode: +stn 
[09:03:45] *** Joins: lex1 (lex@yuuh.pw)
[09:03:48] *** Quits: blasty_ (~blasty@haxx.in) (Read error: Connection reset by peer)
[09:03:52] *** Joins: blasty (~blasty@haxx.in)
[09:05:05] *** Joins: Snetry (~sentry@dslb-178-001-206-043.178.001.pools.vodafone-ip.de)
[10:14:30] *** Joins: miigotu (~miigotu@custip-162-217-53-192.esvabroadband.net)
[10:16:26] *** Quits: miigotu_ (~miigotu@custip-162-217-53-192.esvabroadband.net) (Read error: Operation timed out)
[16:22:28] *** Joins: lilibox (~lilibox@31.192.64.247)
[20:39:26] *** Joins: fgsfds (~figgis@93.123.144.171)
[20:42:07] *** Joins: refs (~refs@p200300dd87322100b0659ce4f1b43624.dip0.t-ipconnect.de)
[22:20:53] *** Quits: refs (~refs@p200300dd87322100b0659ce4f1b43624.dip0.t-ipconnect.de) (Quit: refs)
[23:48:18] *** Joins: anewuser (~anewuser@200.75.120.192)
