[00:14:48] *** Quits: anewuser (~anewuser@200.75.120.192) (Remote host closed the connection)
[00:15:36] *** Joins: anewuser (~anewuser@200.75.120.192)
[00:16:19] *** Quits: anewuser (~anewuser@200.75.120.192) (Remote host closed the connection)
[00:16:51] *** Joins: anewuser (~anewuser@200.75.120.192)
[00:17:49] *** Quits: anewuser (~anewuser@200.75.120.192) (Remote host closed the connection)
[00:18:13] *** Joins: anewuser (~anewuser@200.75.120.192)
[00:27:37] *** Quits: lilibox (~lilibox@31.192.64.247) (Ping timeout: 745 seconds)
[01:04:19] *** Quits: anewuser (~anewuser@200.75.120.192) (Remote host closed the connection)
[01:04:42] *** Joins: anewuser (~anewuser@200.75.120.192)
[01:32:35] *** Joins: figgis_ (~figgis@93.123.144.171)
[01:37:20] *** Quits: |Shadow| (~Shadow1@ip68-12-213-93.ok.ok.cox.net) (Read error: Operation timed out)
[01:37:40] *** Joins: |Shadow| (~Shadow1@ip68-12-213-93.ok.ok.cox.net)
[01:40:06] *** Quits: fgsfds (~figgis@93.123.144.171) (Read error: Operation timed out)
[02:58:05] *** Quits: figgis_ (~figgis@93.123.144.171) (Read error: Connection reset by peer)
[03:42:31] *** Joins: anewuser_ (~anewuser@200.82.217.102)
[03:43:29] *** Quits: anewuser_ (~anewuser@200.82.217.102) (Remote host closed the connection)
[03:43:53] *** Joins: anewuser_ (~anewuser@200.82.217.102)
[03:47:18] *** Quits: anewuser (~anewuser@200.75.120.192) (Ping timeout: 376 seconds)
[04:05:41] *** Quits: blasty (~blasty@haxx.in) (Read error: Operation timed out)
[04:05:49] *** Joins: blasty (~blasty@haxx.in)
[04:09:29] *** Quits: d3m3vilur (sid4654@id-4654.charlton.irccloud.com) (Read error: Operation timed out)
[04:10:54] *** Quits: blasty (~blasty@haxx.in) (Read error: Connection reset by peer)
[04:11:02] *** Joins: blasty (~blasty@haxx.in)
[04:13:04] *** Quits: Snetry (~sentry@dslb-178-001-206-043.178.001.pools.vodafone-ip.de) (Read error: Operation timed out)
[04:15:46] *** Joins: d3m3vilur (sid4654@id-4654.charlton.irccloud.com)
[04:15:59] *** Joins: Snetry (~sentry@dslb-178-001-206-043.178.001.pools.vodafone-ip.de)
[05:30:56] *** Quits: anewuser_ (~anewuser@200.82.217.102) (Quit: Leaving)
[07:43:14] *** Joins: rajkosto (~rajkosto@cable-178-149-122-96.dynamic.sbb.rs)
[09:16:56] *** Quits: plutoo_ (~plutoo@139.59.44.183) (Ping timeout: 258 seconds)
[09:18:51] *** Quits: averne (~averne@176-179-35-51.abo.bbox.fr) (quit)
[09:19:09] *** Joins: averne (~averne@176-179-35-51.abo.bbox.fr)
[09:19:09] *** Server sets mode: +stn 
[09:20:09] *** Quits: klanc (~klanc@2a00:6d40:40:58a3::1) (Read error: Operation timed out)
[09:21:51] *** Joins: klanc (~klanc@2a00:6d40:40:58a3::1)
[09:22:50] *** Quits: nullstrin (~nullstrin@cermak.nullstring.io) (Read error: Operation timed out)
[09:23:57] *** Quits: awordnot (~awordnot@c-73-74-223-132.hsd1.il.comcast.net) (Read error: Operation timed out)
[09:27:10] *** Quits: endrift (~endrift@endrift.com) (Read error: Operation timed out)
[09:29:02] *** Joins: Sentry- (~sentry@dslb-178-001-206-043.178.001.pools.vodafone-ip.de)
[09:32:04] *** Quits: Snetry (~sentry@dslb-178-001-206-043.178.001.pools.vodafone-ip.de) (Read error: Connection reset by peer)
[09:34:32] *** Quits: phigcloud (uid13896@id-13896.tooting.irccloud.com) (se.hub irc.nordunet.se)
[09:35:11] *** Quits: kakama (~kakama@heelys.club) (Read error: Connection reset by peer)
[09:35:11] *** Quits: rajkosto (~rajkosto@cable-178-149-122-96.dynamic.sbb.rs) (Read error: Operation timed out)
[09:35:57] *** Joins: blasty (~blasty@haxx.in)
[09:36:19] *** Joins: kakama (~kakama@heelys.club)
[09:38:46] *** Quits: kakama (~kakama@heelys.club) (Read error: Connection reset by peer)
[09:44:39] *** Joins: kakama (~kakama@heelys.club)
[09:44:57] *** Joins: phigcloud (~uid13896@id-13896.tooting.irccloud.com)
[09:45:12] *** Quits: |Shadow| (~Shadow1@ip68-12-213-93.ok.ok.cox.net) (Ping timeout: 963 seconds)
[09:45:56] *** Quits: kakama (~kakama@heelys.club) (Read error: Connection reset by peer)
[09:51:58] *** Joins: kakama (~kakama@heelys.club)
[09:52:49] *** Joins: endrift (~endrift@endrift.com)
[09:52:51] *** Joins: awordnot (~awordnot@c-73-74-223-132.hsd1.il.comcast.net)
[09:53:06] *** Quits: kakama (~kakama@heelys.club) (Read error: Connection reset by peer)
[09:55:05] *** Joins: nullstrin (~nullstrin@cermak.nullstring.io)
[09:55:22] *** Joins: |Shadow| (~Shadow1@ip68-12-213-93.ok.ok.cox.net)
[09:58:16] *** Joins: kakama (~kakama@heelys.club)
[10:00:17] *** Quits: kakama (~kakama@heelys.club) (Read error: Connection reset by peer)
[10:05:40] *** Joins: kakama (~kakama@heelys.club)
[10:07:28] *** Quits: kakama (~kakama@heelys.club) (Read error: Connection reset by peer)
[10:12:55] *** Joins: kakama (~kakama@heelys.club)
[10:14:36] *** Quits: kakama (~kakama@heelys.club) (Read error: Connection reset by peer)
[10:15:12] *** Quits: phigcloud (~uid13896@id-13896.tooting.irccloud.com) (Ping timeout: 258 seconds)
[10:20:13] *** Joins: kakama (~kakama@heelys.club)
[10:21:46] *** Quits: kakama (~kakama@heelys.club) (Read error: Connection reset by peer)
[10:27:33] *** Joins: kakama (~kakama@heelys.club)
[10:28:24] *** Joins: phigcloud (uid13896@id-13896.tooting.irccloud.com)
[10:28:56] *** Quits: kakama (~kakama@heelys.club) (Read error: Connection reset by peer)
[10:34:45] *** Quits: phigcloud (uid13896@id-13896.tooting.irccloud.com) (Ping timeout: 258 seconds)
[10:34:52] *** Joins: kakama (~kakama@heelys.club)
[10:36:06] *** Quits: kakama (~kakama@heelys.club) (Read error: Connection reset by peer)
[10:37:00] *** Joins: phigcloud (uid13896@tooting.irccloud.com)
[10:38:15] <xx_ns> n00b470: don't ask to ask, just ask
[10:42:09] *** Joins: kakama (~kakama@heelys.club)
[10:43:16] *** Quits: kakama (~kakama@heelys.club) (Read error: Connection reset by peer)
[10:48:28] *** Joins: kakama (~kakama@heelys.club)
[10:50:26] *** Quits: kakama (~kakama@heelys.club) (Read error: Connection reset by peer)
[10:55:46] *** Joins: kakama (~kakama@heelys.club)
[10:57:36] *** Quits: kakama (~kakama@heelys.club) (Read error: Connection reset by peer)
[11:03:06] *** Joins: kakama (~kakama@heelys.club)
[11:04:46] *** Quits: kakama (~kakama@heelys.club) (Read error: Connection reset by peer)
[11:10:25] *** Joins: kakama (~kakama@heelys.club)
[11:11:56] *** Quits: kakama (~kakama@heelys.club) (Read error: Connection reset by peer)
[11:17:44] *** Joins: kakama (~kakama@heelys.club)
[11:19:06] *** Quits: kakama (~kakama@heelys.club) (Read error: Connection reset by peer)
[11:25:04] *** Joins: kakama (~kakama@heelys.club)
[11:26:16] *** Quits: kakama (~kakama@heelys.club) (Read error: Connection reset by peer)
[11:32:21] *** Joins: kakama (~kakama@heelys.club)
[11:33:26] *** Quits: kakama (~kakama@heelys.club) (Read error: Connection reset by peer)
[11:38:40] *** Joins: kakama (~kakama@heelys.club)
[11:40:38] *** Quits: kakama (~kakama@heelys.club) (Read error: Connection reset by peer)
[11:43:25] *** Quits: phigcloud (uid13896@tooting.irccloud.com) (Ping timeout: 258 seconds)
[11:43:25] *** Joins: phigcloud (uid13896@id-13896.tooting.irccloud.com)
[11:45:59] *** Joins: kakama (~kakama@heelys.club)
[11:47:48] *** Quits: kakama (~kakama@heelys.club) (Read error: Connection reset by peer)
[11:53:18] *** Joins: kakama (~kakama@heelys.club)
[11:53:54] *** Quits: d3m3vilur (sid4654@id-4654.charlton.irccloud.com) (Read error: Operation timed out)
[11:54:56] *** Quits: kakama (~kakama@heelys.club) (Read error: Connection reset by peer)
[11:55:15] *** Joins: d3m3vilur (~sid4654@id-4654.charlton.irccloud.com)
[11:57:37] *** Quits: blasty (~blasty@haxx.in) (Read error: Connection reset by peer)
[12:00:02] *** Joins: Snetry (~sentry@dslb-178-001-206-043.178.001.pools.vodafone-ip.de)
[12:00:03] *** Quits: Sentry- (~sentry@dslb-178-001-206-043.178.001.pools.vodafone-ip.de) (Read error: Connection reset by peer)
[12:00:48] *** Joins: kakama (~kakama@heelys.club)
[12:02:06] *** Quits: kakama (~kakama@heelys.club) (Read error: Connection reset by peer)
[12:04:58] *** Joins: eggy (~eggster@irchighway.eggy.cc)
[12:04:58] *** Quits: eggster (~eggster@irchighway.eggy.cc) (Read error: Operation timed out)
[12:04:58] *** Quits: Behemoth_ (~quassel@vmd39331.contaboserver.net) (Read error: Connection reset by peer)
[12:05:00] *** Joins: Galaxy|_ (~galaxy@174.83.197.34)
[12:05:22] *** Quits: sh0e (~sh0e@node1.eisenkopf.info) (Ping timeout: 260 seconds)
[12:05:35] *** Quits: balrog (~balrog@pool-98-115-168-15.phlapa.fios.verizon.net) (Quit: Bye)
[12:05:58] *** Joins: blasty (~blasty@haxx.in)
[12:06:56] *** Quits: Extrems (gamecube@expert.extremscorner.org) (hub.efnet.us irc.homelien.no)
[12:06:56] *** Quits: mha (mha@adiza.nexticom.net) (hub.efnet.us irc.homelien.no)
[12:07:15] *** Quits: nrq (~nrq@ns340910.ip-37-59-40.eu) (hub.efnet.us irc.colosolutions.net)
[12:07:15] *** Quits: tpw_rules (~tpw_rules@li1059-135.members.linode.com) (hub.efnet.us irc.colosolutions.net)
[12:07:15] *** Quits: Jdbye (~furry4lif@me.jdbye.com) (hub.efnet.us irc.colosolutions.net)
[12:07:15] *** Quits: Galaxy| (~galaxy@174-083-197-034.res.spectrum.com) (hub.efnet.us irc.colosolutions.net)
[12:07:15] *** Quits: ds84182 (~ds84182@eos.pc-logix.com) (hub.efnet.us irc.colosolutions.net)
[12:07:15] *** Quits: Cu3PO42 (~Cu3PO42@159.69.208.45) (hub.efnet.us irc.colosolutions.net)
[12:07:15] *** Quits: omlet05_ (~quassel@omlet.ovh) (hub.efnet.us irc.colosolutions.net)
[12:07:15] *** Quits: WntrMute (~wntrmute@bnc.devkitpro.org) (hub.efnet.us irc.colosolutions.net)
[12:07:15] *** Quits: fincs (~fincs@bnc.devkitpro.org) (hub.efnet.us irc.colosolutions.net)
[12:07:21] *** Joins: balrog (~balrog@98.115.168.15)
[12:07:39] *** Joins: sh0e (~sh0e@node1.eisenkopf.info)
[12:08:17] *** Joins: kakama (~kakama@heelys.club)
[12:08:24] *** Quits: DacoTaco (~DacoTaco@178-119-112-131.access.telenet.be) (Quit: ZNC 1.6.5+deb1 - http://znc.in)
[12:08:49] *** Joins: nrq_ (~nrq@ns340910.ip-37-59-40.eu)
[12:09:25] *** Joins: uyjulian_ (~uyjulian@69-110-38-205.lightspeed.lbcktx.sbcglobal.net)
[12:09:25] *** Quits: kakama (~kakama@heelys.club) (Read error: Connection reset by peer)
[12:10:29] *** Quits: uyjulian (~uyjulian@69-110-38-205.lightspeed.lbcktx.sbcglobal.net) (Ping timeout: 745 seconds)
[12:10:29] *** uyjulian_ is now known as uyjulian
[12:10:31] *** Joins: omlet05 (~quassel@omlet.ovh)
[12:12:28] *** Quits: flagrama (flagrama@id-145621.stonehaven.irccloud.com) (Read error: Connection reset by peer)
[12:12:30] *** Quits: phigcloud (uid13896@id-13896.tooting.irccloud.com) (Ping timeout: 258 seconds)
[12:12:52] *** Joins: DacoTaco (~DacoTaco@178-119-112-131.access.telenet.be)
[12:12:53] *** Quits: Pieman (sid188464@id-188464.brockwell.irccloud.com) (Read error: Connection reset by peer)
[12:12:56] *** Quits: nohit (sid334887@id-334887.hathersage.irccloud.com) (Read error: Network is unreachable)
[12:14:35] *** Quits: d3m3vilur (~sid4654@id-4654.charlton.irccloud.com) (Read error: Connection reset by peer)
[12:15:01] *** Joins: tpw_rules (~tpw_rules@li1059-135.members.linode.com)
[12:15:01] *** Joins: WntrMute (~wntrmute@bnc.devkitpro.org)
[12:15:01] *** Joins: fincs (~fincs@bnc.devkitpro.org)
[12:15:01] *** irc.colosolutions.net sets mode: +oo WntrMute fincs
[12:15:02] *** WntrMute sets mode: +o yellows8
[12:15:37] *** Joins: kakama (~kakama@heelys.club)
[12:17:36] *** Joins: ds84183 (~ds84182@149.56.6.196)
[12:17:46] *** Joins: changoXPR (~Changolan@ip72-194-70-236.oc.oc.cox.net)
[12:18:01] *** Quits: changO- (~Changolan@ip72-194-70-236.oc.oc.cox.net) (Ping timeout: 272 seconds)
[12:19:39] *** Quits: cpncok3 (~ice@92-48-84-85.static.as29550.net) (Read error: Operation timed out)
[12:20:06] *** Joins: Cu3PO42_ (~Cu3PO42@159.69.208.45)
[12:20:09] *** Quits: kakama (~kakama@heelys.club) (Read error: Connection reset by peer)
[12:20:09] *** Quits: CCFL_Man (445d6c6c85@c-73-64-119-64.hsd1.pa.comcast.net) (Ping timeout: 745 seconds)
[12:21:01] *** Joins: cpnc0ke (~ice@92-48-84-85.static.as29550.net)
[12:21:34] *** Joins: kakama (~kakama@heelys.club)
[12:22:36] *** Cu3PO42_ is now known as Cu3PO42
[12:23:05] *** Galaxy|_ is now known as Galaxy|
[12:23:36] *** Quits: kakama (~kakama@heelys.club) (Read error: Connection reset by peer)
[12:25:05] *** Joins: Extrems (gamecube@expert.extremscorner.org)
[12:25:05] *** Joins: mha (mha@adiza.nexticom.net)
[12:29:02] *** Joins: kakama (~kakama@heelys.club)
[12:30:46] *** Quits: kakama (~kakama@heelys.club) (Read error: Connection reset by peer)
[12:33:55] *** Joins: Jdbye (~furry4lif@me.jdbye.com)
[12:35:55] *** Joins: Pieman (sid188464@id-188464.brockwell.irccloud.com)
[12:38:05] *** Joins: kakama (~kakama@heelys.club)
[12:38:05] *** Quits: kakama (~kakama@heelys.club) (Read error: Connection reset by peer)
[12:43:29] *** Joins: kakama (~kakama@heelys.club)
[12:44:13] *** Joins: flagrama (flagrama@id-145621.stonehaven.irccloud.com)
[12:44:20] *** Joins: nohit (sid334887@id-334887.hathersage.irccloud.com)
[12:45:06] *** Quits: kakama (~kakama@heelys.club) (Read error: Connection reset by peer)
[12:45:24] *** Joins: phigcloud (uid13896@id-13896.tooting.irccloud.com)
[12:47:52] *** Joins: d3m3vilur (sid4654@id-4654.charlton.irccloud.com)
[12:50:49] *** Joins: kakama (~kakama@heelys.club)
[12:52:16] *** Quits: kakama (~kakama@heelys.club) (Read error: Connection reset by peer)
[12:58:08] *** Joins: kakama (~kakama@heelys.club)
[12:59:26] *** Quits: kakama (~kakama@heelys.club) (Read error: Connection reset by peer)
[13:05:16] *** Joins: CCFL_Man (3b81e191b6@73.64.119.64)
[13:05:25] *** Joins: kakama (~kakama@heelys.club)
[13:06:36] *** Quits: kakama (~kakama@heelys.club) (Read error: Connection reset by peer)
[13:07:19] *** Quits: phigcloud (uid13896@id-13896.tooting.irccloud.com) (Ping timeout: 258 seconds)
[13:08:40] *** Joins: phigcloud (uid13896@id-13896.tooting.irccloud.com)
[13:09:01] *** Quits: lex1 (lex@yuuh.pw) (Read error: Operation timed out)
[13:11:44] *** Joins: kakama (~kakama@heelys.club)
[13:16:26] *** Quits: kakama (~kakama@heelys.club) (Read error: Connection reset by peer)
[13:17:40] *** Quits: blasty (~blasty@haxx.in) (Read error: Connection reset by peer)
[13:19:03] *** Joins: kakama (~kakama@heelys.club)
[13:21:20] *** Quits: Snetry (~sentry@dslb-178-001-206-043.178.001.pools.vodafone-ip.de) (Read error: Connection reset by peer)
[13:21:56] *** Quits: kakama (~kakama@heelys.club) (Read error: Connection reset by peer)
[13:25:10] *** Joins: lex1 (~lex@yuuh.pw)
[13:26:08] *** Quits: nrq_ (~nrq@ns340910.ip-37-59-40.eu) (Read error: Connection reset by peer)
[13:26:12] *** Quits: klanc (~klanc@2a00:6d40:40:58a3::1) (Read error: Connection reset by peer)
[13:27:24] *** Joins: kakama (~kakama@heelys.club)
[13:27:42] *** Joins: klanc (~klanc@2a00:6d40:40:58a3::1)
[13:29:35] *** Quits: nohit (sid334887@id-334887.hathersage.irccloud.com) (Ping timeout: 272 seconds)
[13:29:40] *** Joins: nohit (sid334887@id-334887.hathersage.irccloud.com)
[13:30:01] *** Quits: kakama (~kakama@heelys.club) (Read error: Connection reset by peer)
[13:30:43] *** Joins: Snetry (~sentry@dslb-178-001-206-043.178.001.pools.vodafone-ip.de)
[13:31:27] *** Quits: DacoTaco (~DacoTaco@178-119-112-131.access.telenet.be) (Quit: ZNC 1.6.5+deb1 - http://znc.in)
[13:31:53] *** Joins: blasty (~blasty@haxx.in)
[13:32:16] *** Quits: d3m3vilur (sid4654@id-4654.charlton.irccloud.com) (Ping timeout: 1221 seconds)
[13:34:41] *** Quits: blasty (~blasty@haxx.in) (Read error: Operation timed out)
[13:34:42] *** Joins: kakama (~kakama@heelys.club)
[13:36:16] *** Quits: kakama (~kakama@heelys.club) (Read error: Connection reset by peer)
[13:40:24] *** Quits: changoXPR (~Changolan@ip72-194-70-236.oc.oc.cox.net) (hub.efnet.us irc.Prison.NET)
[13:40:36] *** Quits: flagrama (flagrama@id-145621.stonehaven.irccloud.com) (Read error: Connection reset by peer)
[13:40:52] *** Quits: nohit (sid334887@id-334887.hathersage.irccloud.com) (Read error: Network is unreachable)
[13:41:22] *** Quits: phigcloud (uid13896@id-13896.tooting.irccloud.com) (Read error: Connection reset by peer)
[13:41:28] *** Quits: Pieman (sid188464@id-188464.brockwell.irccloud.com) (Read error: Connection reset by peer)
[13:42:14] *** Quits: klanc (~klanc@2a00:6d40:40:58a3::1) (Ping timeout: 857 seconds)
[13:42:50] *** Joins: kakama (~kakama@heelys.club)
[13:42:57] *** Joins: phigcloud (uid13896@tooting.irccloud.com)
[13:43:01] *** Joins: flagrama (flagrama@id-145621.stonehaven.irccloud.com)
[13:43:07] *** Joins: nohit (sid334887@id-334887.hathersage.irccloud.com)
[13:43:26] *** Quits: kakama (~kakama@heelys.club) (Read error: Connection reset by peer)
[13:43:51] *** Quits: Snetry (~sentry@dslb-178-001-206-043.178.001.pools.vodafone-ip.de) (Read error: Connection reset by peer)
[13:43:58] *** Joins: Pieman (sid188464@id-188464.brockwell.irccloud.com)
[13:46:24] *** Joins: changO- (~Changolan@ip72-194-70-236.oc.oc.cox.net)
[13:49:19] *** Joins: kakama (~kakama@heelys.club)
[13:50:36] *** Quits: kakama (~kakama@heelys.club) (Read error: Connection reset by peer)
[13:53:22] *** Quits: phigcloud (uid13896@tooting.irccloud.com) (Read error: Connection reset by peer)
[13:53:34] *** Joins: phigcloud (uid13896@id-13896.tooting.irccloud.com)
[13:56:36] *** Joins: kakama (~kakama@heelys.club)
[13:57:45] *** Joins: klanc (~klanc@2a00:6d40:40:58a3::1)
[14:05:32] *** Quits: kakama (~kakama@heelys.club) (Read error: Connection reset by peer)
[14:05:32] *** Joins: kakama (~kakama@heelys.club)
[14:05:32] *** Quits: kakama (~kakama@heelys.club) (Read error: Connection reset by peer)
[14:06:07] *** Quits: phigcloud (uid13896@id-13896.tooting.irccloud.com) (Quit: Connection closed for inactivity)
[14:09:49] *** Joins: Snetry (~sentry@dslb-178-001-206-043.178.001.pools.vodafone-ip.de)
[14:10:13] *** Joins: kakama (~kakama@heelys.club)
[14:10:23] *** Joins: d3m3vilur (sid4654@charlton.irccloud.com)
[14:12:06] *** Quits: kakama (~kakama@heelys.club) (Read error: Connection reset by peer)
[14:12:45] *** Joins: blasty (~blasty@haxx.in)
[14:15:08] *** Quits: nohit (sid334887@id-334887.hathersage.irccloud.com) (Read error: Network is unreachable)
[14:15:09] *** Quits: flagrama (flagrama@id-145621.stonehaven.irccloud.com) (Read error: Connection reset by peer)
[14:15:09] *** Quits: Pieman (sid188464@id-188464.brockwell.irccloud.com) (Read error: Connection reset by peer)
[14:15:25] *** Joins: flagrama (flagrama@id-145621.stonehaven.irccloud.com)
[14:15:29] *** Joins: nohit (sid334887@id-334887.hathersage.irccloud.com)
[14:15:48] *** Joins: Pieman (sid188464@id-188464.brockwell.irccloud.com)
[14:16:32] *** Quits: cpnc0ke (~ice@92-48-84-85.static.as29550.net) (Ping timeout: 745 seconds)
[14:17:33] *** Joins: kakama (~kakama@heelys.club)
[14:19:16] *** Quits: kakama (~kakama@heelys.club) (Read error: Connection reset by peer)
[14:27:26] *** Joins: kakama (~kakama@heelys.club)
[14:27:26] *** Quits: kakama (~kakama@heelys.club) (Read error: Connection reset by peer)
[14:32:10] *** Joins: kakama (~kakama@heelys.club)
[14:34:59] *** Quits: kakama (~kakama@heelys.club) (Read error: Connection reset by peer)
[14:37:59] *** Quits: flagrama (flagrama@id-145621.stonehaven.irccloud.com) (Read error: Connection reset by peer)
[14:38:00] *** Quits: Pieman (sid188464@id-188464.brockwell.irccloud.com) (Read error: Connection reset by peer)
[14:38:01] *** Quits: nohit (sid334887@id-334887.hathersage.irccloud.com) (Read error: Connection reset by peer)
[14:40:17] *** Joins: flagrama (flagrama@id-145621.stonehaven.irccloud.com)
[14:40:17] *** Joins: nohit (sid334887@id-334887.hathersage.irccloud.com)
[14:40:35] *** Joins: Pieman (sid188464@id-188464.brockwell.irccloud.com)
[14:40:35] *** Joins: kakama (~kakama@heelys.club)
[14:42:09] *** Quits: kakama (~kakama@heelys.club) (Read error: Connection reset by peer)
[14:42:47] *** Quits: |Shadow| (~Shadow1@ip68-12-213-93.ok.ok.cox.net) ()
[14:44:10] *** Joins: |Shadow| (~Shadow1@ip68-12-213-93.ok.ok.cox.net)
[14:47:50] *** Joins: kakama (~kakama@heelys.club)
[14:49:18] *** Quits: kakama (~kakama@heelys.club) (Read error: Connection reset by peer)
[14:55:09] *** Joins: kakama (~kakama@heelys.club)
[14:56:27] *** Quits: kakama (~kakama@heelys.club) (Read error: Connection reset by peer)
[15:02:29] *** Joins: kakama (~kakama@heelys.club)
[15:03:37] *** Quits: kakama (~kakama@heelys.club) (Read error: Connection reset by peer)
[15:08:46] *** Joins: kakama (~kakama@heelys.club)
[15:10:47] *** Quits: kakama (~kakama@heelys.club) (Read error: Connection reset by peer)
[15:13:53] *** Quits: miigotu (~miigotu@custip-162-217-53-192.esvabroadband.net) (Remote host closed the connection)
[15:16:07] *** Joins: kakama (~kakama@heelys.club)
[15:18:37] *** Quits: kakama (~kakama@heelys.club) (Read error: Connection reset by peer)
[15:23:25] *** Joins: kakama (~kakama@heelys.club)
[15:23:37] *** Quits: hexkyz (~hexkyz@ec2-18-179-123-169.ap-northeast-1.compute.amazonaws.com) (Ping timeout: 745 seconds)
[15:25:07] *** Quits: kakama (~kakama@heelys.club) (Read error: Connection reset by peer)
[15:26:58] *** Joins: hexkyz (~hexkyz@ec2-18-179-123-169.ap-northeast-1.compute.amazonaws.com)
[15:30:45] *** Joins: kakama (~kakama@heelys.club)
[15:32:17] *** Quits: kakama (~kakama@heelys.club) (Read error: Connection reset by peer)
[15:38:04] *** Joins: kakama (~kakama@heelys.club)
[15:39:28] *** Quits: kakama (~kakama@heelys.club) (Read error: Connection reset by peer)
[15:45:21] *** Joins: kakama (~kakama@heelys.club)
[15:54:51] *** Quits: kakama (~kakama@heelys.club) (Read error: Connection reset by peer)
[16:00:49] *** Joins: kakama (~kakama@heelys.club)
[16:02:01] *** Quits: kakama (~kakama@heelys.club) (Read error: Connection reset by peer)
[16:04:31] *** Joins: fgsfds (~figgis@93.123.144.171)
[16:07:33] *** Quits: flagrama (flagrama@id-145621.stonehaven.irccloud.com) (Read error: Connection reset by peer)
[16:07:33] *** Quits: Pieman (sid188464@id-188464.brockwell.irccloud.com) (Read error: Connection reset by peer)
[16:07:36] *** Joins: flagrama (flagrama@id-145621.stonehaven.irccloud.com)
[16:08:00] *** Joins: Pieman (sid188464@id-188464.brockwell.irccloud.com)
[16:08:07] *** Joins: kakama (~kakama@heelys.club)
[16:09:11] *** Quits: kakama (~kakama@heelys.club) (Read error: Connection reset by peer)
[16:13:54] *** Quits: |Shadow| (~Shadow1@ip68-12-213-93.ok.ok.cox.net) ()
[16:15:15] *** Joins: kakama (~kakama@heelys.club)
[16:15:54] *** Joins: phigcloud (uid13896@id-13896.tooting.irccloud.com)
[16:16:21] *** Quits: kakama (~kakama@heelys.club) (Read error: Connection reset by peer)
[16:21:36] *** Joins: |Shadow| (~Shadow1@ip68-12-213-93.ok.ok.cox.net)
[16:21:44] *** Joins: kakama (~kakama@heelys.club)
[16:23:32] *** Quits: kakama (~kakama@heelys.club) (Read error: Connection reset by peer)
[16:24:23] *** Quits: Pieman (sid188464@id-188464.brockwell.irccloud.com) (Ping timeout: 272 seconds)
[16:24:39] *** Quits: flagrama (flagrama@id-145621.stonehaven.irccloud.com) (Read error: Connection reset by peer)
[16:24:40] *** Quits: phigcloud (uid13896@id-13896.tooting.irccloud.com) (Read error: Connection reset by peer)
[16:24:41] *** Joins: flagrama (flagrama@id-145621.stonehaven.irccloud.com)
[16:24:51] *** Joins: phigcloud (uid13896@id-13896.tooting.irccloud.com)
[16:25:06] *** Joins: Pieman (sid188464@id-188464.brockwell.irccloud.com)
[16:27:18] *** Quits: changO- (~Changolan@ip72-194-70-236.oc.oc.cox.net) (Ping timeout: 496 seconds)
[16:28:09] *** Quits: d3m3vilur (sid4654@charlton.irccloud.com) (Read error: Operation timed out)
[16:28:13] *** Joins: d3m3vilur (sid4654@id-4654.charlton.irccloud.com)
[16:29:02] *** Joins: kakama (~kakama@heelys.club)
[16:30:42] *** Quits: kakama (~kakama@heelys.club) (Read error: Connection reset by peer)
[16:36:21] *** Joins: kakama (~kakama@heelys.club)
[16:37:52] *** Quits: kakama (~kakama@heelys.club) (Read error: Connection reset by peer)
[16:43:42] *** Joins: kakama (~kakama@heelys.club)
[16:45:13] *** Quits: kakama (~kakama@heelys.club) (Read error: Connection reset by peer)
[16:49:21] *** Joins: miigotu (~miigotu@custip-162-217-53-192.esvabroadband.net)
[16:51:00] *** Joins: kakama (~kakama@heelys.club)
[16:52:11] *** Quits: kakama (~kakama@heelys.club) (Read error: Connection reset by peer)
[16:55:02] *** Joins: Minus256 (uid346437@2001:67c:2f08:8::5:4945)
[16:58:17] *** Joins: kakama (~kakama@heelys.club)
[16:59:21] *** Quits: kakama (~kakama@heelys.club) (Read error: Connection reset by peer)
[17:01:37] *** Quits: naehrwert (~naehrwert@8.38.88.201) (Ping timeout: 745 seconds)
[17:03:51] *** Joins: naehrwert (~naehrwert@8.38.88.201)
[17:04:34] *** Joins: kakama (~kakama@heelys.club)
[17:06:32] *** Quits: kakama (~kakama@heelys.club) (Read error: Connection reset by peer)
[17:11:54] *** Joins: kakama (~kakama@heelys.club)
[17:12:52] *** Joins: refs (~refs@p200300dd8745a4006c7a14e067312e1f.dip0.t-ipconnect.de)
[17:13:42] *** Quits: kakama (~kakama@heelys.club) (Read error: Connection reset by peer)
[17:17:26] *** Joins: |OMEGA| (~omega@135-23-253-154.cpe.pppoe.ca)
[17:18:07] *** Parts: |OMEGA| (~omega@135-23-253-154.cpe.pppoe.ca) ()
[17:19:13] *** Joins: kakama (~kakama@heelys.club)
[17:20:51] *** Quits: kakama (~kakama@heelys.club) (Read error: Connection reset by peer)
[17:26:31] *** Joins: kakama (~kakama@heelys.club)
[17:28:02] *** Quits: kakama (~kakama@heelys.club) (Read error: Connection reset by peer)
[17:33:51] *** Joins: kakama (~kakama@heelys.club)
[17:35:12] *** Quits: kakama (~kakama@heelys.club) (Read error: Connection reset by peer)
[17:41:09] *** Joins: kakama (~kakama@heelys.club)
[17:42:21] *** Quits: kakama (~kakama@heelys.club) (Read error: Connection reset by peer)
[17:44:38] *** Quits: refs (~refs@p200300dd8745a4006c7a14e067312e1f.dip0.t-ipconnect.de) (Quit: refs)
[17:48:28] *** Joins: kakama (~kakama@heelys.club)
[17:49:31] *** Quits: kakama (~kakama@heelys.club) (Read error: Connection reset by peer)
[17:54:45] *** Joins: kakama (~kakama@heelys.club)
[17:56:41] *** Quits: kakama (~kakama@heelys.club) (Read error: Connection reset by peer)
[18:02:05] *** Joins: kakama (~kakama@heelys.club)
[18:03:52] *** Quits: kakama (~kakama@heelys.club) (Read error: Connection reset by peer)
[18:09:23] *** Joins: kakama (~kakama@heelys.club)
[18:11:02] *** Quits: kakama (~kakama@heelys.club) (Read error: Connection reset by peer)
[18:16:43] *** Joins: kakama (~kakama@heelys.club)
[18:18:12] *** Quits: kakama (~kakama@heelys.club) (Read error: Connection reset by peer)
[18:23:58] *** Quits: phigcloud (uid13896@id-13896.tooting.irccloud.com) (Quit: Connection closed for inactivity)
[18:24:03] *** Joins: kakama (~kakama@heelys.club)
[19:10:11] *** Quits: averne (~averne@176-179-35-51.abo.bbox.fr) (quit)
[19:10:54] *** Joins: averne (~averne@176-179-35-51.abo.bbox.fr)
[19:10:55] *** Server sets mode: +stn 
[20:47:18] *** Joins: refs (~refs@p200300dd8746e200c5ba564b052d12fd.dip0.t-ipconnect.de)
[21:34:52] *** Joins: oldtopman (~oldtopman@75-166-213-138.hlrn.qwest.net)
[22:44:06] *** Quits: Minus256 (uid346437@2001:67c:2f08:8::5:4945) (Quit: Connection closed for inactivity)
