[01:02:31] *** Quits nullstrin (Read error: Operation timed out)
[01:06:19] *** Joins nullstrin
[02:57:27] *** Quits balrog (Bye)
[02:57:55] *** Joins balrog
[04:39:05] *** Quits refs (Quit: refs)
[04:59:19] *** Joins phigcloud
[09:10:49] *** Quits fgsfds (Read error: Connection reset by peer)
[10:12:02] *** Joins Galaxy|_
[10:13:28] *** Joins changO-
[10:17:42] *** Quits Extrems (se.hub irc.homelien.no)
[10:17:42] *** Quits mha (se.hub irc.homelien.no)
[10:18:36] *** Joins Extrems
[10:18:36] *** Joins mha
[10:23:27] *** Quits Galaxy| (Ping timeout: 745 seconds)
[10:23:27] *** Galaxy|_ is now known as Galaxy|
[11:24:24] *** Joins guest7558
[12:53:19] *** Joins nrq
[13:22:19] *** Joins Behemoth_
[14:03:40] *** Quits guest7558 (Quit: Connection closed for inactivity)
[17:17:04] *** Joins fgsfds
[20:16:08] *** Quits fgsfds (Read error: Connection reset by peer)
[20:16:35] *** Joins fgsfds
[22:20:38] *** Joins refs
