[00:11:21] *** Quits: fgsfds (Read error: Connection reset by peer)
[02:03:46] *** Quits: m4ts_ (Ping timeout: 265 seconds)
[02:17:59] *** Joins: oreo639
[03:48:31] *** Joins: Snetry
[03:49:50] *** Quits: Sentry (Read error: Connection refused)
[03:49:51] *** Snetry is now known as Sentry
[04:14:37] *** Parts: balrog ()
[04:56:33] *** Quits: rajkosto (Read error: Connection reset by peer)
[06:48:16] *** Quits: oreo639 (Quit)
[06:52:01] *** Joins: oreo639
[07:47:40] *** Joins: m4ts
[08:33:07] *** Quits: oreo639 (Read error: Operation timed out)
[11:32:15] *** Joins: fgsfds
[11:40:04] *** Joins: rajkosto
[11:46:40] *** Quits: m4ts (Ping timeout: 265 seconds)
[12:04:23] *** Joins: m4ts
[17:08:34] *** Joins: m4ts_
[17:10:01] *** Quits: m4ts (Ping timeout: 265 seconds)
[17:13:37] *** Joins: balrog
[18:54:32] *** Joins: oreo639
