[00:28:15] *** Quits: GeekShado (Read error: Operation timed out)
[00:30:23] *** Joins: GeekShado
[00:45:31] *** Quits: hexkyz (Quit: blargh!)
[00:48:47] *** Joins: hexkyz
[02:24:29] *** Quits: fgsfds (Read error: Connection reset by peer)
[02:59:31] *** Quits: |Shadow| ()
[03:18:14] *** Joins: |Shadow|
[03:26:10] *** Quits: |Shadow| ()
[03:26:44] *** Joins: |Shadow|
[03:48:51] *** Joins: Snetry
[03:50:11] *** Quits: Sentry (Read error: Operation timed out)
[03:50:11] *** Snetry is now known as Sentry
[04:54:17] *** Quits: rajkosto (Read error: Connection reset by peer)
[09:43:33] *** Quits: oreo639 (Read error: Operation timed out)
[10:33:06] *** Quits: zombie343 ()
[11:05:33] *** Joins: fgsfds
[12:54:14] *** Joins: nohit____
[13:10:37] *** Joins: refs
[15:26:05] *** Quits: averne (quit)
[15:26:22] *** Joins: averne
[15:26:22] *** Server sets mode: +stn 
[15:29:18] *** Joins: ris3z
[15:29:21] *** Quits: ris2z (Ping timeout: 260 seconds)
[15:30:45] *** Quits: Mimoja80 (Ping timeout: 260 seconds)
[15:30:48] *** Joins: Mimoja80
[15:41:49] *** Quits: dibas (Read error: Connection reset by peer)
[15:42:49] *** Joins: dibas_
[15:42:55] *** dibas_ is now known as dibas
[16:08:21] *** Quits: pieman (Ping timeout: 319 seconds)
[16:08:21] *** Quits: fincs (Ping timeout: 319 seconds)
[16:08:21] *** Quits: WntrMute (Ping timeout: 319 seconds)
[16:08:33] *** Joins: WntrMute
[16:08:41] *** yls8bot sets mode: +o WntrMute
[16:10:01] *** Joins: fincs
[16:10:01] *** WntrMute sets mode: +o fincs
[16:10:18] *** Joins: pieman
[16:10:56] *** Quits: xperia64 (Ping timeout: 496 seconds)
[16:14:08] *** Quits: fincs (Ping timeout: 248 seconds)
[16:14:19] *** Joins: fincs
[16:14:19] *** WntrMute sets mode: +o fincs
[16:18:24] *** Quits: GerbilS6 (Ping timeout: 496 seconds)
[16:18:51] *** Joins: GerbilS6
[17:16:53] *** Joins: xperia64
[18:42:28] *** Joins: rajkosto
[20:53:35] *** Joins: oreo639
[21:44:39] *** Quits: fgsfds (Read error: Connection reset by peer)
[22:03:34] *** Joins: dibas_
[22:03:34] *** Quits: dibas (Read error: Connection reset by peer)
[22:03:39] *** dibas_ is now known as dibas
[22:10:19] *** Quits: dibas (Read error: Connection reset by peer)
[22:12:18] *** Joins: dibas
[22:18:48] *** Joins: dibas_
[22:18:48] *** Quits: dibas (Read error: Connection reset by peer)
[22:18:53] *** dibas_ is now known as dibas
[22:23:27] *** Joins: dibas_
[22:23:27] *** Quits: dibas (Read error: Connection reset by peer)
[22:23:33] *** dibas_ is now known as dibas
[22:30:09] *** Quits: dibas (Read error: Connection reset by peer)
[22:30:13] *** Joins: dibas_
[22:30:21] *** dibas_ is now known as dibas
