[02:27:24] *** Joins: zombie343
[03:30:56] *** Quits: averne (quit)
[03:31:48] *** Joins: averne
[03:31:57] *** Server sets mode: +stn 
[03:47:49] *** Joins: Snetry
[03:49:06] *** Quits: Sentry (Read error: Operation timed out)
[03:49:06] *** Snetry is now known as Sentry
[05:04:40] *** Quits: refs (Quit: refs)
[05:37:35] *** Quits: rajkosto (Read error: Connection reset by peer)
[08:17:13] *** Quits: |Shadow| ()
[08:20:40] *** Joins: |Shadow|
[11:51:23] *** Quits: Surkow (Remote host closed the connection)
[11:54:18] *** Joins: Surkow
[13:34:34] *** Joins: m4ts
[13:35:36] *** Quits: m4ts_ (Ping timeout: 265 seconds)
[14:17:39] *** Quits: m4ts (Ping timeout: 265 seconds)
[14:17:59] *** Joins: m4ts
[14:52:27] *** Quits: oreo639 (Ping timeout: 265 seconds)
[16:46:15] *** Quits: m4ts (Excess Flood)
[16:46:32] *** Joins: m4ts
[20:32:53] *** Joins: n87
[21:40:22] *** Joins: m4ts_
[21:43:17] *** Quits: m4ts (Ping timeout: 265 seconds)
[21:44:37] *** Joins: refs
[22:19:51] *** Joins: rajkosto
[23:05:15] *** Quits: n87 (Read error: Connection reset by peer)
[23:29:30] *** Joins: oreo639
