[01:14:04] *** Quits: GerbilS6 (Quit: Windows must now restart because the Remote Procedure Call (RPC) service terminated unexpectedly.)
[01:15:43] *** Joins: GerbilSof
[03:06:17] *** Quits: refs (Quit: refs)
[05:08:39] *** Quits: rajkosto (Read error: Connection reset by peer)
[05:15:42] *** Quits: averne (quit)
[05:16:27] *** Joins: averne
[05:16:30] *** Server sets mode: +stn 
[05:59:59] *** Joins: m4ts
[06:02:34] *** Quits: m4ts_ (Ping timeout: 265 seconds)
[06:12:47] *** Quits: xperia64 (Read error: Operation timed out)
[06:54:45] *** Joins: xperia64
[09:20:32] *** Quits: |Shadow| ()
[09:23:38] *** Joins: |Shadow|
[11:01:53] *** Joins: TAL_
[11:01:59] *** Quits: Normmatt (Quit: ZNC - http://znc.in)
[11:02:01] *** Quits: Phils3r (Write error: Connection reset by peer)
[11:02:01] *** Quits: Whovian93 (Quit: And I'm gone.)
[11:02:01] *** Quits: dibas (Write error: Connection reset by peer)
[11:02:03] *** Joins: zini-
[11:02:18] *** Joins: Whovian93
[11:02:35] *** Joins: dibas
[11:03:07] *** Joins: Phils3r
[11:07:30] *** Joins: Normmatt
[11:07:30] *** Quits: dibas (Read error: Connection reset by peer)
[11:09:19] *** Quits: zini (Ping timeout: 745 seconds)
[11:10:11] *** Joins: dibas
[11:13:20] *** Quits: nohit____ (Read error: Operation timed out)
[11:14:04] *** Joins: nohit____
[11:14:34] *** Quits: TAL (Ping timeout: 745 seconds)
[11:16:19] *** Quits: Genolo (Ping timeout: 745 seconds)
[11:20:47] *** Joins: Genolo
[11:20:47] *** Quits: dibas (Read error: Connection reset by peer)
[11:21:17] *** Joins: dibas
[11:27:43] *** Joins: dibas_
[11:27:43] *** Quits: dibas (Read error: Connection reset by peer)
[11:27:48] *** dibas_ is now known as dibas
[11:34:24] *** Quits: dibas (Read error: Connection reset by peer)
[11:35:11] *** Joins: dibas
[11:41:59] *** Quits: dibas (Read error: Connection reset by peer)
[11:42:46] *** Joins: dibas
[11:49:34] *** Quits: dibas (Read error: Connection reset by peer)
[11:50:22] *** Joins: dibas
[11:56:18] *** Joins: dibas_
[11:56:18] *** Quits: dibas (Read error: Connection reset by peer)
[11:56:23] *** dibas_ is now known as dibas
[12:00:57] *** Joins: dibas_
[12:00:57] *** Quits: dibas (Read error: Connection reset by peer)
[12:01:02] *** dibas_ is now known as dibas
[12:05:37] *** Joins: dibas_
[12:05:37] *** Quits: dibas (Read error: Connection reset by peer)
[12:05:43] *** dibas_ is now known as dibas
[12:10:17] *** Joins: dibas_
[12:10:17] *** Quits: dibas (Read error: Connection reset by peer)
[12:10:21] *** dibas_ is now known as dibas
[12:16:59] *** Quits: dibas (Read error: Connection reset by peer)
[12:17:46] *** Joins: dibas
[12:24:17] *** Joins: dibas_
[12:24:17] *** Quits: dibas (Read error: Connection reset by peer)
[12:24:21] *** dibas_ is now known as dibas
[12:30:59] *** Quits: dibas (Read error: Connection reset by peer)
[12:31:00] *** Joins: dibas_
[12:31:07] *** dibas_ is now known as dibas
[13:02:36] *** Quits: oreo639 (Ping timeout: 480 seconds)
[13:08:43] *** Joins: fgsfds
[13:47:00] *** Quits: |Shadow| ()
[13:51:40] *** Joins: |Shadow|
[14:05:36] *** Quits: ris3z (Ping timeout: 186 seconds)
[15:05:19] *** Joins: ris2z
[15:18:08] *** Quits: ris2z (Ping timeout: 186 seconds)
[17:12:25] *** TAL_ is now known as TAL
[17:25:03] *** Joins: ris2z
[17:28:12] *** Joins: rajkosto
[18:58:03] *** Joins: n87
[19:20:55] *** Quits: Cu3PO42 (Ping timeout: 376 seconds)
[19:21:27] *** Quits: Stary_ (Read error: Operation timed out)
[19:22:44] *** Joins: Stary
[19:24:36] *** Quits: sh0e (Read error: Operation timed out)
[19:25:39] *** Quits: freundTe- (Read error: Operation timed out)
[19:25:54] *** Joins: freundTec
[19:27:23] *** Joins: Cu3PO42
[19:29:37] *** Joins: oreo639
[20:13:04] *** Quits: n87 (Read error: Connection reset by peer)
[21:51:13] *** Joins: refs
[23:22:51] *** Quits: fgsfds (Read error: Connection reset by peer)
