[01:17:36] *** Quits: refs (Ping timeout: 186 seconds)
[01:20:46] *** Joins: refs`
[02:49:38] *** Quits: refs` (Quit: refs`)
[03:44:20] *** Joins: Snetry
[03:45:40] *** Quits: Sentry (Read error: Connection refused)
[03:45:40] *** Snetry is now known as Sentry
[07:15:07] *** Quits: rajkosto (Read error: Connection reset by peer)
[08:15:44] *** Quits: Cu3PO42 (Ping timeout: 745 seconds)
[08:15:53] *** Joins: Cu3PO42
[09:01:14] *** Quits: Cu3PO42 (Ping timeout: 745 seconds)
[09:11:43] *** Joins: Cu3PO42
[09:35:31] *** Quits: lemmy (Read error: Connection reset by peer)
[09:36:29] *** Quits: nohit____ (Ping timeout: 612 seconds)
[09:48:43] *** Joins: nohit____
[10:35:28] *** Joins: lemmy
[11:03:39] *** Quits: oreo639 (Read error: Operation timed out)
[17:45:00] *** Joins: n87
[17:55:33] *** Joins: fgsfds
[19:24:08] *** Quits: lemmy (Write error: Broken pipe)
[19:41:57] *** Quits: nohit____ (se.hub efnet.deic.eu)
[19:42:45] *** Quits: oldtopman (Quit: *poof*)
[19:53:04] *** Joins: nohit____
[20:27:08] *** Joins: lemmy
[20:36:53] *** Joins: rajkosto
[21:09:29] *** Joins: oldtopman
[21:31:01] *** Joins: refs
[21:38:13] *** Joins: oreo639
[22:48:54] *** Quits: n87 (Read error: Connection reset by peer)
[22:51:44] *** Quits: oreo639 (Read error: Operation timed out)
[22:55:06] *** Quits: rajkosto (Read error: Connection reset by peer)
[23:49:09] *** Quits: fgsfds (Read error: Connection reset by peer)
