[00:19:02] *** Quits: ris2z (Excess Flood)
[00:20:23] *** Joins: ris2z
[00:49:41] *** Joins: oreo639
[01:18:12] *** Quits: oreo639 (Ping timeout: 480 seconds)
[01:38:35] *** Joins: oreo639
[01:50:19] *** Quits: Extrems (Remote host closed the connection)
[01:50:21] *** Joins: Extrems`
[01:50:50] *** Extrems` is now known as Extrems
[01:53:13] *** Quits: oreo639 (Ping timeout: 260 seconds)
[02:07:51] *** Joins: oreo639
[02:45:59] *** Quits: refs (Quit: refs)
[03:26:23] *** Quits: oreo639 (Ping timeout: 612 seconds)
[03:42:39] *** Joins: Snetry
[03:43:59] *** Quits: Sentry (Read error: Connection refused)
[03:43:59] *** Snetry is now known as Sentry
[04:47:45] *** Joins: oreo639
[06:26:40] *** Quits: |Shadow| ()
[06:30:10] *** Joins: |Shadow|
[06:53:34] *** Joins: rajkosto
[08:27:22] *** Quits: |Shadow| ()
[08:34:20] *** Joins: |Shadow|
[11:39:28] *** Quits: rajkosto (Read error: Connection reset by peer)
[12:20:14] *** Quits: m4ts (Ping timeout: 265 seconds)
[12:23:29] *** Joins: m4ts
[13:42:35] *** Quits: oreo639 (Ping timeout: 612 seconds)
[16:19:56] *** Joins: m4ts_
[16:21:54] *** Quits: m4ts (Ping timeout: 265 seconds)
[17:40:52] *** Joins: n87
[17:48:53] *** Joins: fgsfds
[20:29:34] *** Joins: oreo639
[21:26:42] *** Joins: refs
[21:49:41] *** Quits: n87 (Read error: Connection reset by peer)
[22:22:25] *** Quits: oreo639 (Ping timeout: 260 seconds)
[23:19:11] *** Joins: oreo639
