[00:44:04] *** Quits: fgsfds (Read error: Connection reset by peer)
[01:04:46] *** Quits: oreo639 (Read error: Operation timed out)
[02:52:22] *** Joins: oreo639
[02:59:34] *** Quits: refs (Quit: refs)
[03:10:02] *** Quits: Extrems (Remote host closed the connection)
[03:10:06] *** Joins: Extrems
[03:41:43] *** Joins: Snetry
[03:43:02] *** Quits: Sentry (Read error: Connection refused)
[03:43:02] *** Snetry is now known as Sentry
[04:07:08] *** Quits: GerbilSof (Quit: Windows must now restart because the Remote Procedure Call (RPC) service terminated unexpectedly.)
[04:07:22] *** Joins: GerbilSof
[04:27:45] *** Quits: GerbilSof (Quit: Windows must now restart because the Remote Procedure Call (RPC) service terminated unexpectedly.)
[04:30:57] *** Joins: GerbilSof
[05:37:00] *** Joins: rajkosto
[06:25:12] *** Quits: GerbilSof (Windows must now restart because the Remote Procedure Call (RPC) service terminated unexpectedly.)
[06:28:15] *** Joins: GerbilSof
[06:40:22] *** Quits: GerbilSof (Windows must now restart because the Remote Procedure Call (RPC) service terminated unexpectedly.)
[06:46:05] *** Joins: GerbilSof
[07:35:10] *** Quits: rajkosto (Read error: Connection reset by peer)
[09:50:04] *** Quits: Extrems (Quit: ZNC 1.7.5 - https://znc.in)
[09:50:20] *** Joins: Extrems
[09:58:54] *** Quits: oreo639 (Ping timeout: 745 seconds)
[12:07:23] *** Joins: fgsfds
[13:56:09] *** Quits: fgsfds (Quit: Leaving)
[20:44:09] *** Joins: n87
[23:03:45] *** Joins: GerbilS6
[23:03:45] *** Quits: GerbilSof (Read error: Connection reset by peer)
[23:05:52] *** Quits: n87 (Read error: Connection reset by peer)
[23:39:15] *** Quits: GerbilS6 (Quit: Windows must now restart because the Remote Procedure Call (RPC) service terminated unexpectedly.)
[23:42:05] *** Joins: GerbilSof
