[00:03:09] *** Quits: GerbilSof (Read error: Connection reset by peer)
[00:45:13] *** Joins: oreo639
[01:09:38] *** Quits: oreo639 (Quit: Quit)
[01:09:59] *** Joins: oreo639
[01:10:03] *** Quits: oreo639 (Remote host closed the connection)
[01:10:27] *** Joins: oreo639
[01:10:32] *** Quits: oreo639 (Remote host closed the connection)
[01:14:25] *** Joins: oreo639
[01:23:19] *** Quits: oreo639 (Remote host closed the connection)
[01:23:58] *** Joins: oreo639
[01:26:18] *** Quits: oreo639 (Remote host closed the connection)
[01:26:43] *** Joins: oreo639
[01:29:49] *** Joins: GerbilSof
[01:42:13] *** Quits: oreo639 (Remote host closed the connection)
[01:45:55] *** Joins: oreo639
[02:03:31] *** Joins: GerbilS9
[02:05:10] *** Quits: GerbilSof (Read error: Operation timed out)
[02:06:15] *** Quits: GerbilS9 (Client Quit)
[02:11:05] *** Joins: GerbilSof
[02:31:48] *** Quits: oreo639 (Read error: Operation timed out)
[03:40:21] *** Joins: Snetry
[03:41:41] *** Quits: Sentry (Read error: Operation timed out)
[03:41:41] *** Snetry is now known as Sentry
[03:43:18] *** Joins: oreo639
[03:52:28] *** Joins: Snetry
[03:57:55] *** Quits: Sentry (Read error: Operation timed out)
[03:57:55] *** Snetry is now known as Sentry
[06:14:34] *** Quits: oreo639 (Remote host closed the connection)
[06:14:57] *** Joins: oreo639
[06:50:50] *** Quits: oreo639 (Remote host closed the connection)
[06:51:21] *** Joins: oreo639
[07:06:59] *** Quits: oreo639 (Remote host closed the connection)
[07:08:29] *** Joins: oreo639
[07:40:24] *** Joins: m4ts
[07:42:30] *** Quits: m4ts_ (Ping timeout: 265 seconds)
[07:58:19] *** Quits: oreo639 (Remote host closed the connection)
[07:58:45] *** Joins: oreo639
[09:14:04] *** Quits: oreo639 (Remote host closed the connection)
[09:14:27] *** Joins: oreo639
[09:19:48] *** Quits: oreo639 (Remote host closed the connection)
[09:35:55] *** Joins: oreo639
[10:13:13] *** Joins: rajkosto
[11:04:54] *** Quits: rajkosto (Read error: Connection reset by peer)
[11:15:45] *** Joins: n87
[12:44:12] *** Quits: oreo639 (Read error: Operation timed out)
[13:38:05] *** Joins: fgsfds
[17:01:04] *** Quits: n87 (Quit: Leaving)
[17:11:17] *** Quits: GerbilSof (Windows must now restart because the Remote Procedure Call (RPC) service terminated unexpectedly.)
[17:46:28] *** Joins: GerbilSof
[18:55:39] *** Joins: oreo639
[20:43:26] *** Quits: oreo639 (Remote host closed the connection)
[20:43:48] *** Joins: oreo639
[21:31:40] *** Joins: rajkosto
[21:31:58] *** Quits: rajkosto (Read error: Connection reset by peer)
