[02:08:10] *** Quits: |Shadow| ()
[02:11:07] *** Joins: |Shadow|
[02:15:03] *** Quits: |Shadow| (Client Quit)
[02:18:36] *** Joins: |Shadow|
[03:24:19] *** Quits: fgsfds (Read error: Connection reset by peer)
[03:51:26] *** Joins: Snetry
[03:52:48] *** Quits: Sentry (Read error: Operation timed out)
[03:52:48] *** Snetry is now known as Sentry
[04:25:06] *** Joins: CCFL_Man
[04:45:03] *** Quits: Extrems (Read error: Operation timed out)
[04:45:04] *** Joins: Extrems`
[04:45:33] *** Extrems` is now known as Extrems
[07:44:33] *** Quits: zombie343 (Ping timeout: 260 seconds)
[07:44:58] *** Joins: zombie343
[09:23:10] *** Joins: derk0pf
[09:58:35] <plutobot> GitHub | New PR: graphicsdekod... | User: scturtle | https://github.com/switchbrew/switch-examples/pull/101
[10:03:16] *** Joins: n87
[10:16:41] *** Quits: derk0pf (Ping timeout: 260 seconds)
[10:18:34] *** Joins: derk0pf
[12:29:13] *** Quits: oreo639 (Ping timeout: 260 seconds)
[12:35:34] *** Quits: Mimoja80 (Quit: The Lounge - https://thelounge.github.io)
[12:36:22] *** Joins: Mimoja80
[13:09:34] *** Quits: hexkyz (Ping timeout: 745 seconds)
[13:12:31] *** Joins: hexkyz
[13:25:19] *** Quits: hexkyz (Ping timeout: 745 seconds)
[13:25:38] *** Joins: hexkyz
[13:47:46] *** Joins: CCFL_Man_
[13:50:14] *** Quits: CCFL_Man (Read error: Operation timed out)
[14:21:01] *** Joins: refs
[14:25:33] *** Joins: fgsfds
[16:51:35] *** Joins: Mimoja804
[16:51:38] *** Quits: Mimoja80 (Read error: Connection reset by peer)
[16:51:38] *** Mimoja804 is now known as Mimoja80
[16:52:39] *** Quits: GeekShado (Read error: Operation timed out)
[16:53:29] *** Joins: GeekShado
[17:18:26] *** Quits: fgsfds (Quit: Leaving)
[19:09:16] *** CCFL_Man_ is now known as CCFL_Man
[19:47:49] *** Quits: dibas (Remote host closed the connection)
[19:48:11] *** Joins: dibas
[21:11:11] *** Joins: oreo639
[21:13:05] *** Quits: oreo639 (Remote host closed the connection)
[21:13:50] *** Joins: oreo639
[21:55:04] *** Quits: n87 (Read error: Connection reset by peer)
[22:24:42] *** Joins: fgsfds
[22:30:34] *** Quits: oreo639 (Remote host closed the connection)
[22:30:58] *** Joins: oreo639
[22:51:26] *** Quits: fgsfds (Quit: Leaving)
