[00:15:36] *** Quits: m4ts (Ping timeout: 265 seconds)
[00:29:56] *** Joins: CCFL_Man_
[00:32:12] *** Quits: CCFL_Man (Ping timeout: 493 seconds)
[00:39:23] *** Joins: CCFL_Man
[00:43:18] *** Quits: CCFL_Man_ (Read error: Operation timed out)
[00:55:36] *** Quits: oreo639 (Remote host closed the connection)
[00:58:35] *** Joins: oreo639
[01:17:32] *** Joins: CCFL_Man_
[01:24:43] *** Quits: CCFL_Man (Ping timeout: 493 seconds)
[03:09:36] *** Joins: derk0pf_
[03:13:05] *** Quits: derk0pf (Ping timeout: 260 seconds)
[03:50:47] *** Joins: Snetry
[03:52:06] *** Quits: Sentry (Read error: Operation timed out)
[03:52:07] *** Snetry is now known as Sentry
[05:13:28] *** Quits: refs (Quit: refs)
[07:41:03] *** Quits: derk0pf_ (leaving)
[07:45:23] *** nrq_ is now known as nrq
[10:03:11] *** Quits: oreo639 (Read error: Operation timed out)
[13:36:31] *** Joins: fgsfds
[13:59:12] *** Quits: fgsfds (Quit: Leaving)
[16:28:08] *** Joins: m4ts
[16:40:23] *** Joins: CCFL_Man
[16:40:29] *** Joins: m4ts_
[16:41:07] *** Quits: m4ts (Ping timeout: 265 seconds)
[16:42:23] *** Quits: CCFL_Man_ (Read error: Operation timed out)
[18:03:52] *** Quits: GerbilSof (Quit: Windows must now restart because the Remote Procedure Call (RPC) service terminated unexpectedly.)
[18:05:30] *** Joins: GerbilSof
[18:39:04] *** Quits: CCFL_Man (Read error: Operation timed out)
[18:41:21] *** Joins: CCFL_Man
[19:24:17] *** Quits: GerbilSof (Quit: Windows must now restart because the Remote Procedure Call (RPC) service terminated unexpectedly.)
[19:53:32] *** Joins: GerbilSof
[19:58:17] *** Quits: CCFL_Man (Ping timeout: 260 seconds)
[20:00:11] *** Joins: CCFL_Man
[20:21:51] *** Joins: oreo639
[20:43:55] *** Quits: oreo639 (Ping timeout: 493 seconds)
[21:19:59] *** Joins: n87
[21:36:57] *** Joins: oreo639
[21:53:21] *** Quits: n87 (Ping timeout: 265 seconds)
[21:54:19] *** Quits: oreo639 (Read error: Operation timed out)
[21:57:23] *** Joins: n87
[21:58:49] *** Quits: n87 (Client Quit)
[22:12:01] *** Joins: refs
[23:47:55] *** Quits: GerbilSof (Quit: Windows must now restart because the Remote Procedure Call (RPC) service terminated unexpectedly.)
[23:48:15] *** Joins: GerbilSof
