[00:21:44] *** Quits: DacoTaco (Ping timeout: 265 seconds)
[00:26:12] *** Joins: DacoTaco
[00:41:58] *** Joins: CCFL_Man_
[00:42:49] *** Quits: CCFL_Man (Read error: Operation timed out)
[00:51:20] *** Joins: CCFL_Man
[00:55:38] *** Quits: CCFL_Man_ (Ping timeout: 612 seconds)
[02:01:29] *** Joins: oreo639
[02:02:57] *** Quits: oreo639 (Client Quit)
[02:19:32] *** Joins: oreo639
[02:19:37] *** Quits: oreo639 (Client Quit)
[02:57:04] *** Quits: refs (Quit: refs)
[05:45:42] *** Joins: oreo639
[05:57:26] *** Quits: oreo639 (Remote host closed the connection)
[05:57:55] *** Joins: oreo639
[06:03:15] *** Quits: oreo639 (Remote host closed the connection)
[06:03:40] *** Joins: oreo639
[06:04:20] *** Quits: oreo639 (Remote host closed the connection)
[06:04:55] *** Joins: oreo639
[06:05:09] *** Quits: oreo639 (Client Quit)
[06:05:26] *** Joins: oreo639
[06:06:06] *** Quits: oreo639 (Client Quit)
[06:09:28] *** Joins: oreo639
[06:16:06] *** Quits: oreo639 (Remote host closed the connection)
[06:16:33] *** Joins: oreo639
[07:25:43] *** Quits: oreo639 (Remote host closed the connection)
[07:26:06] *** Joins: oreo639
[08:21:14] *** Quits: oreo639 (Quit)
[08:21:37] *** Joins: oreo639
[08:42:54] *** Quits: oreo639 (Remote host closed the connection)
[08:43:19] *** Joins: oreo639
[08:44:12] *** Quits: oreo639 (Remote host closed the connection)
[08:44:34] *** Joins: oreo639
[10:24:38] *** Quits: oreo639 (Quit)
[10:25:21] *** Joins: oreo639
[10:31:09] *** Quits: oreo639 (Remote host closed the connection)
[10:31:50] *** Joins: oreo639
[10:33:09] *** Quits: oreo639 (Remote host closed the connection)
[10:33:17] *** Joins: oreo639
[11:11:22] *** Quits: oreo639 (Quit: Quit)
[11:11:43] *** Joins: oreo639
[11:31:18] *** Quits: oreo639 (Read error: Operation timed out)
[19:00:25] *** Joins: oreo639
[19:06:37] *** Quits: oreo639 (Remote host closed the connection)
[19:06:43] *** Joins: n87
[19:07:00] *** Joins: oreo639
[19:07:08] *** Quits: oreo639 (Remote host closed the connection)
[19:08:02] *** Joins: oreo639
[19:08:08] *** Quits: oreo639 (Remote host closed the connection)
[19:08:35] *** Joins: oreo639
[19:23:10] *** Quits: oreo639 (Quit: Quit)
[19:23:49] *** Joins: oreo639
[19:24:24] *** Quits: oreo639 (Remote host closed the connection)
[19:24:47] *** Joins: oreo639
[20:19:33] *** Quits: oreo639 (Remote host closed the connection)
[20:19:40] *** Joins: oreo639
[20:19:55] *** Quits: oreo639 (Remote host closed the connection)
[20:22:45] *** Joins: oreo639
[20:23:07] *** Quits: oreo639 (Remote host closed the connection)
[20:23:13] *** Joins: oreo639
[21:14:09] *** Joins: refs
[21:45:00] *** Quits: n87 (Read error: Connection reset by peer)
[22:17:39] *** Quits: oreo639 (Read error: Operation timed out)
[23:18:39] *** Joins: oreo639
