[01:09:17] *** Quits: oreo639 (Ping timeout: 612 seconds)
[03:22:49] *** Quits: refs (Quit: refs)
[04:16:44] *** Quits: Lightswor (Read error: Connection reset by peer)
[04:19:07] *** Joins: Lightswor
[06:07:30] *** Joins: oreo639
[06:14:55] *** Quits: oreo639 (Quit: Quit)
[06:15:33] *** Joins: oreo639
[06:28:34] *** Quits: oreo639 (Remote host closed the connection)
[06:29:11] *** Joins: oreo639
[06:40:17] *** Quits: oreo639 (Remote host closed the connection)
[06:41:21] *** Joins: oreo639
[14:42:11] *** Quits: oreo639 (Ping timeout: 612 seconds)
[15:10:24] *** Joins: fgsfds
[15:19:53] *** Quits: |Shadow| ()
[15:23:43] *** Joins: |Shadow|
[15:29:19] *** Joins: |Shadow|_
[15:34:39] *** Quits: |Shadow| (Read error: Operation timed out)
[15:48:07] *** |Shadow|_ is now known as |Shadow|
[17:45:05] *** Joins: n87
[18:19:09] *** Quits: CCFL_Man (Ping timeout: 260 seconds)
[18:20:46] *** Joins: CCFL_Man
[19:16:38] <plutobot> GitHub | New commit | User: scturtle | https://github.com/switchbrew/switch-examples/commit/0947425fc5
[20:37:00] *** Quits: Extrems (Ping timeout: 493 seconds)
[20:39:06] *** Joins: Extrems
[21:22:08] *** Quits: fgsfds (Quit: Leaving)
[21:27:54] *** Joins: fgsfds
[21:38:06] *** Joins: refs
[22:09:53] *** Joins: Extrems`
[22:12:23] *** Quits: fgsfds (Ping timeout: 265 seconds)
[22:15:54] *** Quits: Extrems (Ping timeout: 493 seconds)
[22:15:54] *** Extrems` is now known as Extrems
[22:24:18] *** Quits: n87 (Read error: Connection reset by peer)
[23:04:26] *** Joins: fgsfds
[23:06:24] *** Quits: fgsfds (Client Quit)
