[00:04:53] *** Joins: fgsfds
[00:16:02] *** Quits: Extrems (Quit: ZNC 1.7.5 - https://znc.in)
[00:16:08] *** Joins: Extrems
[00:54:14] *** Quits: CCFL_Man (Read error: Connection reset by peer)
[00:56:46] *** Joins: CCFL_Man
[01:05:19] *** Quits: fgsfds (Read error: Connection reset by peer)
[02:43:48] *** Quits: refs (Quit: refs)
[06:10:18] *** Quits: oldtopman (Read error: Operation timed out)
[06:16:11] *** Quits: |Shadow| ()
[06:17:43] *** Joins: oreo639
[06:19:27] *** Joins: |Shadow|
[06:21:54] *** Quits: |Shadow| (Client Quit)
[06:33:43] *** Joins: |Shadow|
[06:37:12] *** Joins: oldtopman
[08:05:25] *** Quits: GerbilSof (Quit: Windows must now restart because the Remote Procedure Call (RPC) service terminated unexpectedly.)
[08:05:45] *** Joins: GerbilSof
[08:12:43] *** Joins: fgsfds
[08:17:08] *** Quits: fgsfds (Read error: Connection reset by peer)
[10:52:35] *** Joins: |Shadow|_
[10:52:52] *** Quits: |Shadow| (Read error: Operation timed out)
[11:13:21] *** |Shadow|_ is now known as |Shadow|
[11:46:17] *** Quits: oreo639 (Quit: Quit)
[11:46:36] *** Joins: oreo639
[12:00:05] *** Quits: oreo639 (Ping timeout: 612 seconds)
[18:39:47] *** Joins: n87
[21:45:19] *** Joins: refs
[22:07:12] *** Joins: fgsfds
[22:16:42] *** Quits: fgsfds (Quit: Leaving)
[22:27:03] *** Quits: n87 (Read error: Connection reset by peer)
[23:17:21] *** Joins: oreo639
