[00:50:11] *** Quits: oreo639 (Read error: Operation timed out)
[02:32:36] *** Quits: averne (quit)
[02:33:21] *** Joins: averne_
[02:33:21] *** Server sets mode: +stn 
[02:33:57] *** Quits: averne (Ping timeout: 260 seconds)
[02:33:57] *** averne_ is now known as averne
[02:57:18] *** Quits: refs (Quit: refs)
[04:37:36] *** Joins: |Shadow|_
[04:42:38] *** Quits: |Shadow| (Read error: Operation timed out)
[05:01:07] *** Joins: oreo639
[05:11:00] *** |Shadow|_ is now known as |Shadow|
[10:39:09] *** Joins: |Shadow|_
[10:42:50] *** Quits: |Shadow| (Read error: Operation timed out)
[12:35:25] *** Joins: |Shadow|
[12:35:58] *** Quits: |Shadow| (Read error: Connection reset by peer)
[12:39:07] *** Quits: |Shadow|_ (Read error: Operation timed out)
[12:39:53] *** Joins: |Shadow|
[15:45:46] *** Quits: oreo639 (Read error: Operation timed out)
[15:49:48] *** Joins: oreo639
[15:49:53] *** Quits: oreo639 (Client Quit)
[21:14:30] *** Joins: Maylay
[23:31:03] *** Quits: Surkow (Read error: Operation timed out)
[23:36:47] *** Quits: GerbilSof (Quit: Windows must now restart because the Remote Procedure Call (RPC) service terminated unexpectedly.)
[23:39:42] *** Joins: GerbilSof
