[04:24:26] *** Quits: oreo639 (Ping timeout: 240 seconds)
[11:04:01] *** Quits: ihaveamac (Quit: fail)
[11:05:13] *** Joins: ihaveamac
[13:07:00] *** Joins: fgsfds
[13:10:20] *** Joins: Behemoth
[13:19:13] *** Joins: refs
[18:41:03] *** Quits: m4ts_ (Ping timeout: 265 seconds)
[18:47:55] *** Joins: m4ts
[19:34:14] *** Joins: n87
[19:38:10] *** Quits: Maylay (Read error: Operation timed out)
[19:54:46] *** Joins: Maylay
[20:02:15] *** Quits: m4ts (Ping timeout: 265 seconds)
[20:03:59] *** Joins: m4ts
[20:07:42] *** Joins: m4ts_
[20:10:28] *** Quits: m4ts (Ping timeout: 265 seconds)
[21:00:15] *** Quits: m4ts_ (Ping timeout: 265 seconds)
[21:02:39] *** Joins: m4ts
[22:47:16] *** Quits: fgsfds (Quit: Leaving)
[23:00:24] *** Quits: n87 (Read error: Connection reset by peer)
[23:14:09] *** Joins: oreo639
[23:58:15] *** Joins: fgsfds
