[00:09:46] *** Quits: fgsfds (Quit: Leaving)
[02:58:05] *** Quits: |Shadow| ()
[03:00:40] *** Joins: |Shadow|
[03:42:49] *** Joins: Snetry
[03:44:09] *** Quits: Sentry (Read error: Connection refused)
[03:44:09] *** Snetry is now known as Sentry
[05:36:17] *** Quits: refs (Quit: refs)
[10:58:38] *** Quits: oreo639 (Ping timeout: 612 seconds)
[11:10:08] *** Joins: oreo639
[12:19:53] *** Quits: oreo639 (Ping timeout: 612 seconds)
[13:36:27] *** Quits: |Shadow| ()
[13:50:28] *** Joins: |Shadow|
[15:10:27] *** Joins: fgsfds
[16:42:00] *** Quits: m4ts (Ping timeout: 265 seconds)
[16:42:15] *** Joins: m4ts
[17:00:53] *** Quits: fgsfds (Read error: Connection reset by peer)
[18:26:53] *** Joins: n87
[19:48:05] *** Quits: Maylay (Ping timeout: 493 seconds)
[19:48:31] *** Joins: Maylay
[19:53:23] *** Joins: oreo639
[19:55:43] *** Quits: oreo639 (Remote host closed the connection)
[19:56:09] *** Joins: oreo639
[19:57:09] *** Quits: oreo639 (Remote host closed the connection)
[19:57:21] *** Joins: oreo639
[19:57:56] *** Quits: oreo639 (Remote host closed the connection)
[19:58:06] *** Joins: oreo639
[20:02:38] *** Quits: oreo639 (Remote host closed the connection)
[20:02:57] *** Joins: oreo639
[20:03:15] *** Quits: oreo639 (Remote host closed the connection)
[20:03:28] *** Joins: oreo639
[20:03:36] *** Quits: oreo639 (Client Quit)
[20:06:00] *** Joins: oreo639
[20:06:01] *** Joins: oreo639_
[20:06:04] *** Quits: oreo639 (Client Quit)
[20:06:06] *** Quits: oreo639_ (Client Quit)
[20:10:16] *** Joins: oreo639
[20:29:20] *** Quits: oreo639 (Ping timeout: 612 seconds)
[21:19:10] *** Joins: oreo639
[21:25:06] *** Quits: oreo639 (Remote host closed the connection)
[21:27:05] *** Joins: oreo639
[21:49:34] *** Quits: oreo639 (Remote host closed the connection)
[21:49:59] *** Joins: oreo639
[21:50:15] *** Quits: oreo639 (Remote host closed the connection)
[21:50:39] *** Joins: oreo639
[22:08:35] *** Joins: fgsfds
[22:25:09] *** Quits: n87 (Read error: Connection reset by peer)
[22:31:27] *** Joins: refs
[22:50:18] *** Quits: oreo639 (Ping timeout: 265 seconds)
