[00:40:06] *** Joins: oreo639
[01:15:01] *** Quits: fgsfds (Quit: Leaving)
[02:39:28] *** Joins: Snetry
[02:40:48] *** Quits: Sentry (Read error: Connection refused)
[02:40:48] *** Snetry is now known as Sentry
[02:45:04] *** Quits: refs (Quit: refs)
[03:38:34] *** Joins: Snetry
[03:39:53] *** Quits: Sentry (Read error: Connection refused)
[03:39:53] *** Snetry is now known as Sentry
[03:44:27] *** Quits: oreo639 (Read error: Operation timed out)
[04:57:21] *** Joins: m4ts_
[04:59:05] *** Quits: m4ts (Ping timeout: 265 seconds)
[05:00:14] *** Joins: oreo639
[05:04:28] *** Quits: |Shadow| ()
[05:06:54] *** Joins: |Shadow|
[06:30:59] *** Quits: GerbilSof (Read error: Operation timed out)
[12:30:41] *** Quits: oreo639 (Ping timeout: 612 seconds)
[12:44:16] *** Quits: averne (quit)
[12:44:35] *** Joins: averne_
[12:44:35] *** Server sets mode: +stn 
[12:46:45] *** Quits: averne (Read error: Operation timed out)
[12:46:46] *** averne_ is now known as averne
[12:47:49] *** Quits: zombie343 (Read error: Operation timed out)
[12:48:43] *** Joins: zombie343
[13:44:52] *** Quits: Maylay (Ping timeout: 493 seconds)
[13:57:09] *** Joins: Maylay
[15:23:09] *** Joins: GerbilSof
[17:57:12] *** Joins: n87
[19:15:01] *** Quits: ris2z (Ping timeout: 260 seconds)
[19:27:41] *** Joins: fgsfds
[19:30:40] *** Joins: oreo639
[20:29:39] *** Joins: ris2z
[21:06:46] *** Joins: n87_2
[21:06:56] *** Quits: ris2z (Ping timeout: 186 seconds)
[21:07:41] *** Quits: n87 (Ping timeout: 265 seconds)
[21:20:45] *** Joins: n87_3
[21:23:12] *** Joins: refs
[21:24:36] *** Quits: n87_2 (Ping timeout: 265 seconds)
[21:32:26] *** Joins: ris2z
[21:51:49] *** Quits: ris2z (Ping timeout: 260 seconds)
[22:08:06] *** Joins: n87_2
[22:08:10] *** Quits: n87_2 (Client Quit)
[22:08:31] *** Joins: n87
[22:11:58] *** Quits: n87_3 (Ping timeout: 265 seconds)
[22:12:27] *** Quits: n87 (Client Quit)
[22:33:05] *** Quits: oreo639 (Read error: Operation timed out)
[23:30:41] *** Quits: fgsfds (Read error: Connection reset by peer)
[23:36:22] *** Joins: oreo639
[23:39:07] *** Joins: ris2z
