[00:15:02] *** Quits: Phils3r (Quit: ZNC - https://znc.in)
[00:15:12] *** Joins: Phils3r
[01:20:38] *** Quits: oreo639 (Quit: Quit)
[01:28:05] *** Quits: DacoTaco (Ping timeout: 612 seconds)
[03:05:50] *** Quits: refs (Quit: refs)
[03:11:16] *** Joins: DacoTaco
[03:38:54] *** Joins: Snetry
[03:40:13] *** Quits: Sentry (Read error: Operation timed out)
[03:40:13] *** Snetry is now known as Sentry
[04:24:55] *** Joins: oreo639
[07:23:40] *** Quits: averne (quit)
[07:23:58] *** Joins: averne_
[07:23:58] *** Server sets mode: +stn 
[07:24:26] *** averne_ is now known as averne
[09:10:58] *** Quits: ris2z (Excess Flood)
[09:13:19] *** Joins: ris2z
[10:47:42] *** Quits: oreo639 (Read error: Operation timed out)
[11:30:40] *** Joins: fgsfds
[11:35:33] *** Quits: averne (quit)
[11:37:47] *** Joins: averne_
[11:37:47] *** Server sets mode: +stn 
[11:39:07] *** Quits: averne (Read error: Operation timed out)
[11:39:07] *** averne_ is now known as averne
[13:22:43] *** Quits: Surkow (Quit: 418 I'm a teapot - NOP NOP NOP)
[13:24:26] *** Joins: Surkow
[14:03:54] *** Joins: m4ts
[14:05:06] *** Quits: m4ts_ (Ping timeout: 265 seconds)
[17:22:41] *** Quits: m4ts (Excess Flood)
[17:23:00] *** Joins: m4ts
[18:04:38] *** Quits: m4ts (Excess Flood)
[18:05:31] *** Joins: m4ts
[19:26:48] *** Joins: n87
[19:26:54] *** Quits: n87 (Client Quit)
[21:47:42] *** Joins: refs
