[00:00:04] *** Quits: fgsfds (Read error: Connection reset by peer)
[00:14:55] *** Quits: |Shadow| (Read error: Operation timed out)
[00:15:04] *** Joins: |Shadow|
[02:03:55] *** Quits: m4ts (Excess Flood)
[02:08:05] *** Joins: m4ts
[02:46:28] *** Quits: |Shadow| ()
[02:51:10] *** Joins: |Shadow|
[03:31:29] *** Quits: refs (Quit: refs)
[03:37:44] *** Joins: Snetry
[03:39:03] *** Quits: Sentry (Read error: Operation timed out)
[03:39:03] *** Snetry is now known as Sentry
[05:40:22] *** Quits: lameboy (Read error: Operation timed out)
[05:47:01] *** Joins: oreo639
[06:57:37] *** Joins: lameboy
[08:16:16] *** Joins: mtheall_
[08:17:44] *** Quits: mtheall (Ping timeout: 745 seconds)
[08:48:37] *** Quits: |Shadow| ()
[08:58:02] *** Joins: |Shadow|
[09:02:09] *** Quits: |Shadow| (Client Quit)
[09:04:54] *** Joins: |Shadow|
[09:24:09] *** Quits: flotwig (Quit: ZNC - http://znc.in)
[09:28:04] *** Joins: uyjulian_
[09:30:50] *** Quits: uyjulian (Read error: Operation timed out)
[09:30:51] *** uyjulian_ is now known as uyjulian
[09:32:55] *** Joins: flotwig
[10:24:33] *** Quits: nrq (Ping timeout: 265 seconds)
[10:30:56] *** Joins: nrq
[11:29:45] *** Joins: Extrems`
[11:37:56] *** Quits: Extrems (Ping timeout: 493 seconds)
[11:37:56] *** Extrems` is now known as Extrems
[11:56:50] *** Joins: lameboy2
[12:03:21] *** Quits: lameboy (Read error: Operation timed out)
[12:03:21] *** lameboy2 is now known as lameboy
[12:04:50] *** Quits: Maylay (Ping timeout: 612 seconds)
[12:05:08] *** Joins: Maylay
[12:07:50] *** Quits: m4ts (Excess Flood)
[12:08:54] *** Joins: m4ts
[13:00:22] *** Quits: Surkow (Quit: 418 I'm a teapot - NOP NOP NOP)
[13:07:18] *** Quits: oreo639 (Quit: Quit)
[13:08:23] *** Joins: oreo639
[13:22:11] *** Quits: oreo639 (Ping timeout: 612 seconds)
[13:44:44] *** Joins: Surkow
[15:23:34] *** Joins: Maylay_
[15:23:34] *** Quits: Maylay (Read error: Connection reset by peer)
[15:28:29] *** Quits: Maylay_ (Ping timeout: 240 seconds)
[15:53:54] *** Joins: Maylay
[16:48:28] *** Quits: Maylay (Ping timeout: 493 seconds)
[17:17:53] *** Quits: m4ts (Excess Flood)
[17:18:15] *** Joins: m4ts
[17:28:58] *** Joins: fgsfds
[17:38:00] *** Joins: Maylay
[19:04:09] *** Quits: Surkow (Read error: Operation timed out)
[19:06:11] *** Joins: Surkow
[19:17:47] *** Quits: Surkow (Read error: Operation timed out)
[19:18:23] *** Joins: Surkow
[19:28:05] *** Quits: Surkow (Read error: Operation timed out)
[19:29:44] *** Joins: Surkow
[20:40:24] *** Joins: n87
[21:06:56] *** Joins: oreo639
[22:04:59] *** Quits: n87 (Read error: Connection reset by peer)
[22:22:20] *** Joins: refs
[22:40:45] *** Quits: oreo639 (Ping timeout: 493 seconds)
[23:38:21] *** Joins: oreo639
[23:55:31] *** Quits: IShaDoWl ()
