[00:09:00] *** Quits: fgsfds (Read error: Connection reset by peer)
[00:38:21] *** Quits: oreo639 (Read error: Operation timed out)
[01:44:05] *** Quits: m4ts (Excess Flood)
[01:44:37] *** Joins: m4ts
[03:06:16] *** Quits: refs (Quit: refs)
[03:09:35] *** Quits: |Shadow| ()
[03:12:12] *** Joins: |Shadow|
[03:36:35] *** Joins: Snetry
[03:37:55] *** Quits: Sentry (Read error: Operation timed out)
[03:37:59] *** Snetry is now known as Sentry
[04:11:14] *** Joins: oreo639
[04:28:28] *** Quits: m4ts (Excess Flood)
[04:30:20] *** Joins: m4ts
[08:49:55] *** Quits: |Shadow| ()
[08:52:25] *** Joins: |Shadow|
[09:10:37] *** Joins: IShaDoWl
[11:04:57] *** Quits: oreo639 (Read error: Operation timed out)
[11:46:27] *** Joins: fgsfds
[17:28:34] *** Joins: n87
[18:52:38] *** Joins: oreo639
[19:55:44] *** Quits: m4ts (Excess Flood)
[19:58:05] *** Joins: m4ts
[20:43:45] *** Quits: oreo639 (Read error: Operation timed out)
[23:17:01] *** Quits: |Shadow| ()
[23:19:55] *** Joins: |Shadow|
