[00:03:25] *** Quits: n87 (Read error: Connection reset by peer)
[00:15:38] *** Quits: fgsfds (Read error: Connection reset by peer)
[01:27:24] *** Quits: |Shadow| ()
[01:29:38] *** Joins: |Shadow|
[01:46:31] *** Quits: GerbilSof (Read error: Connection reset by peer)
[01:50:12] *** Joins: oreo639
[01:53:56] *** Joins: GerbilSof
[03:33:55] *** Joins: Snetry
[03:35:15] *** Quits: Sentry (Read error: Operation timed out)
[03:35:15] *** Snetry is now known as Sentry
[04:09:44] *** Quits: Surkow (Read error: Operation timed out)
[04:10:17] *** Joins: Surkow
[04:21:55] *** Quits: Surkow (Read error: Operation timed out)
[04:23:40] *** Joins: Surkow
[04:52:57] *** Quits: Surkow (Read error: Operation timed out)
[04:53:28] *** Joins: Surkow
[06:34:44] *** Quits: oreo639 (Ping timeout: 493 seconds)
[06:57:41] *** Joins: oreo639
[08:06:15] *** Quits: zombie343 ()
[09:52:53] *** Quits: oreo639 (Read error: Operation timed out)
[13:38:51] *** Quits: m4ts (Excess Flood)
[13:40:12] *** Joins: m4ts
[14:09:11] *** Joins: fgsfds
[18:09:13] *** Quits: oldtopman (Remote host closed the connection)
[18:17:36] *** Joins: oldtopman
[18:24:40] *** Joins: refs
[19:10:57] *** Joins: Snetry
[19:10:57] *** Quits: Sentry (Read error: Connection reset by peer)
[19:11:08] *** Snetry is now known as Sentry
[19:48:03] *** Joins: Snetry
[19:49:23] *** Quits: Sentry (Read error: Connection refused)
[19:49:23] *** Snetry is now known as Sentry
[19:50:50] *** Quits: m4ts (Excess Flood)
[19:51:09] *** Joins: m4ts
[20:44:17] *** Joins: n87
[21:42:54] *** Joins: m4ts_
[21:46:43] *** Quits: m4ts (Ping timeout: 265 seconds)
[21:48:25] *** Joins: oreo639
[21:49:40] *** Quits: oreo639 (Client Quit)
[21:50:23] *** Joins: oreo639
[21:54:44] *** Quits: Maylay (Read error: Operation timed out)
[21:57:48] *** Joins: Maylay
[22:13:03] *** Quits: oreo639 (Quit)
[22:13:21] *** Quits: IShaDoWl ()
[22:13:27] *** Joins: oreo639
[22:13:44] *** Quits: oreo639 (Remote host closed the connection)
[22:14:36] *** Joins: oreo639
[22:23:03] *** Quits: n87 (Read error: Connection reset by peer)
[23:04:49] *** Quits: Maylay (Ping timeout: 240 seconds)
[23:17:13] *** Joins: Maylay
