[00:14:35] *** Joins: IShaDoWl
[00:18:05] *** Quits: oreo639 (Remote host closed the connection)
[00:18:33] *** Joins: oreo639
[00:18:37] *** Quits: oreo639 (Remote host closed the connection)
[00:19:01] *** Joins: oreo639
[00:22:45] *** Quits: fgsfds (Read error: Connection reset by peer)
[01:50:19] *** Joins: GerbilS5
[01:56:14] *** Quits: GerbilSof (Read error: Operation timed out)
[04:37:40] *** Quits: Behemoth (Quit: Quit)
[04:38:22] *** Joins: Behemoth
[05:07:02] *** Quits: refs (Quit: refs)
[11:05:35] *** Quits: oreo639 (Ping timeout: 612 seconds)
[12:54:21] *** Joins: n87
[13:03:54] *** Joins: fgsfds
[13:23:33] *** Joins: Rafa10
[13:31:01] *** Joins: refs
[13:38:34] *** Quits: Rafa10 (Quit: Leaving)
[14:03:46] *** Quits: n87 (Quit: Leaving)
[22:46:35] *** Quits: Maylay (Quit: No Ping reply in 300 seconds.)
[22:47:12] *** Joins: Maylay
[22:53:52] *** Quits: fgsfds (Quit: Leaving)
[23:08:00] *** Joins: oreo639
[23:45:18] *** Quits: oreo639 (Remote host closed the connection)
[23:45:42] *** Joins: oreo639
[23:45:56] *** Quits: oreo639 (Remote host closed the connection)
[23:46:49] *** Joins: oreo639
[23:54:36] *** Joins: fgsfds
