[00:00:05] *** Quits: oreo639 (Remote host closed the connection)
[00:00:47] *** Joins: oreo639
[00:08:58] *** Quits: fgsfds (Quit: Leaving)
[00:25:54] *** Quits: oreo639 (Remote host closed the connection)
[00:26:16] *** Joins: oreo639
[03:44:44] *** Joins: Snetry
[03:46:04] *** Quits: Sentry (Read error: Connection refused)
[03:46:08] *** Snetry is now known as Sentry
[03:58:55] *** Joins: lameboy2
[04:10:49] *** Quits: lameboy (Ping timeout: 745 seconds)
[04:10:53] *** lameboy2 is now known as lameboy
[05:06:08] *** Quits: refs (Quit: refs)
[05:22:27] *** Joins: zombie343
[10:34:10] *** Quits: Behemoth (Quit: Quit)
[10:34:28] *** Joins: Behemoth
[11:38:54] *** Joins: fgsfds
[11:53:16] *** Quits: oreo639 (Read error: Operation timed out)
[13:37:01] *** Quits: |Shadow| ()
[13:39:14] *** Joins: |Shadow|
[15:11:31] *** Quits: |Shadow| ()
[15:14:09] *** Joins: |Shadow|
[16:41:09] *** Joins: m4ts
[16:41:55] *** Quits: m4ts_ (Ping timeout: 265 seconds)
[21:20:40] *** Quits: Mimoja80 (Quit: The Lounge - https://thelounge.github.io)
[21:21:22] *** Joins: Mimoja80
[21:50:39] *** Joins: refs
[22:40:09] *** Quits: Maylay (Ping timeout: 240 seconds)
[22:40:51] *** Joins: Maylay
