[01:04:45] *** Quits: fgsfds (Read error: Connection reset by peer)
[01:46:20] *** Joins: dibas_
[01:46:21] *** Quits: dibas (Read error: Connection reset by peer)
[01:46:24] *** dibas_ is now known as dibas
[01:50:08] *** Joins: dibas_
[01:50:09] *** Quits: dibas (Read error: Connection reset by peer)
[01:50:11] *** dibas_ is now known as dibas
[01:53:56] *** Joins: dibas_
[01:53:56] *** Quits: dibas (Read error: Connection reset by peer)
[01:54:00] *** dibas_ is now known as dibas
[01:58:23] *** Joins: dibas_
[02:02:11] *** Joins: dibas-
[02:02:11] *** Quits: dibas_ (Read error: Connection reset by peer)
[02:06:33] *** Joins: dibas_
[02:07:24] *** Quits: dibas (Ping timeout: 745 seconds)
[02:12:22] *** Joins: dibas
[02:15:34] *** Quits: dibas- (Ping timeout: 745 seconds)
[02:19:02] *** Joins: dibas-
[02:19:02] *** Quits: dibas (Read error: Connection reset by peer)
[02:19:09] *** dibas- is now known as dibas
[02:19:39] *** Quits: dibas_ (Ping timeout: 745 seconds)
[02:25:13] *** Joins: dibas_
[02:29:01] *** Joins: dibas-
[02:29:01] *** Quits: dibas_ (Read error: Connection reset by peer)
[02:31:54] *** Quits: dibas (Ping timeout: 745 seconds)
[02:36:29] *** Joins: dibas
[02:37:55] *** Quits: refs (Quit: refs)
[02:41:27] *** Joins: dibas_
[02:41:28] *** Quits: dibas (Read error: Connection reset by peer)
[02:41:30] *** dibas_ is now known as dibas
[02:42:24] *** Quits: dibas- (Ping timeout: 745 seconds)
[02:45:56] *** Joins: dibas_
[02:45:57] *** Quits: dibas (Read error: Connection reset by peer)
[02:45:59] *** dibas_ is now known as dibas
[02:49:44] *** Joins: dibas_
[02:49:44] *** Quits: dibas (Read error: Connection reset by peer)
[02:49:48] *** dibas_ is now known as dibas
[02:53:27] *** Joins: dibas_
[02:53:28] *** Quits: dibas (Read error: Connection reset by peer)
[02:53:33] *** dibas_ is now known as dibas
[02:57:11] *** Joins: dibas_
[02:57:11] *** Quits: dibas (Read error: Connection reset by peer)
[02:57:15] *** dibas_ is now known as dibas
[03:02:30] *** Joins: dibas_
[03:02:31] *** Quits: dibas (Read error: Connection reset by peer)
[03:02:34] *** dibas_ is now known as dibas
[03:06:14] *** Joins: dibas_
[03:06:16] *** Quits: dibas (Read error: Connection reset by peer)
[03:06:18] *** dibas_ is now known as dibas
[03:10:01] *** Joins: dibas_
[03:10:01] *** Quits: dibas (Read error: Connection reset by peer)
[03:10:06] *** dibas_ is now known as dibas
[03:13:49] *** Joins: dibas_
[03:13:49] *** Quits: dibas (Read error: Connection reset by peer)
[03:13:53] *** dibas_ is now known as dibas
[03:17:36] *** Joins: dibas_
[03:17:36] *** Quits: dibas (Read error: Connection reset by peer)
[03:17:41] *** dibas_ is now known as dibas
[03:21:23] *** Joins: dibas_
[03:21:23] *** Quits: dibas (Read error: Connection reset by peer)
[03:21:28] *** dibas_ is now known as dibas
[03:25:53] *** Joins: dibas_
[03:25:53] *** Quits: dibas (Read error: Connection reset by peer)
[03:25:57] *** dibas_ is now known as dibas
[03:28:06] *** Quits: Maylay (Read error: Operation timed out)
[03:30:01] *** Joins: Maylay
[03:35:53] *** Joins: dibas_
[03:35:54] *** Quits: dibas (Read error: Connection reset by peer)
[03:35:58] *** dibas_ is now known as dibas
[03:39:39] *** Joins: dibas_
[03:39:39] *** Quits: dibas (Read error: Connection reset by peer)
[03:39:44] *** dibas_ is now known as dibas
[03:43:25] *** Joins: dibas_
[03:43:25] *** Quits: dibas (Read error: Connection reset by peer)
[03:43:30] *** dibas_ is now known as dibas
[03:50:04] *** Quits: dibas (Read error: Connection reset by peer)
[03:50:22] *** Joins: dibas
[03:54:08] *** Joins: dibas_
[03:54:08] *** Quits: dibas (Read error: Connection reset by peer)
[03:54:13] *** dibas_ is now known as dibas
[03:58:31] *** Joins: dibas_
[03:58:31] *** Quits: dibas (Read error: Connection reset by peer)
[03:58:36] *** dibas_ is now known as dibas
[04:04:20] *** Joins: dibas_
[04:04:20] *** Quits: dibas (Read error: Connection reset by peer)
[04:04:24] *** dibas_ is now known as dibas
[04:09:37] *** Joins: dibas_
[04:09:37] *** Quits: dibas (Read error: Connection reset by peer)
[04:09:43] *** dibas_ is now known as dibas
[04:13:24] *** Joins: dibas_
[04:13:24] *** Quits: dibas (Read error: Connection reset by peer)
[04:13:29] *** dibas_ is now known as dibas
[04:17:12] *** Joins: dibas_
[04:17:13] *** Quits: dibas (Read error: Connection reset by peer)
[04:17:17] *** dibas_ is now known as dibas
[04:20:59] *** Joins: dibas_
[04:20:59] *** Quits: dibas (Read error: Connection reset by peer)
[04:21:04] *** dibas_ is now known as dibas
[04:25:22] *** Joins: dibas_
[04:25:22] *** Quits: dibas (Read error: Connection reset by peer)
[04:25:28] *** dibas_ is now known as dibas
[04:29:09] *** Joins: dibas_
[04:29:09] *** Quits: dibas (Read error: Connection reset by peer)
[04:29:14] *** dibas_ is now known as dibas
[04:32:56] *** Joins: dibas_
[04:32:56] *** Quits: dibas (Read error: Connection reset by peer)
[04:33:02] *** dibas_ is now known as dibas
[04:38:48] *** Joins: dibas_
[04:38:50] *** Quits: dibas (Read error: Connection reset by peer)
[04:38:54] *** dibas_ is now known as dibas
[04:42:35] *** Joins: dibas_
[04:42:38] *** Quits: dibas (Read error: Connection reset by peer)
[04:42:40] *** dibas_ is now known as dibas
[04:46:22] *** Joins: dibas_
[04:46:24] *** Quits: dibas (Read error: Connection reset by peer)
[04:46:27] *** dibas_ is now known as dibas
[04:50:10] *** Joins: dibas_
[04:50:13] *** Quits: dibas (Read error: Connection reset by peer)
[04:50:16] *** dibas_ is now known as dibas
[04:53:58] *** Joins: dibas_
[04:54:00] *** Quits: dibas (Read error: Connection reset by peer)
[04:54:02] *** dibas_ is now known as dibas
[04:57:45] *** Joins: dibas_
[04:57:48] *** Quits: dibas (Read error: Connection reset by peer)
[04:57:51] *** dibas_ is now known as dibas
[05:01:32] *** Joins: dibas_
[05:01:34] *** Quits: dibas (Read error: Connection reset by peer)
[05:01:37] *** dibas_ is now known as dibas
[05:07:23] *** Joins: dibas_
[05:07:23] *** Quits: dibas (Read error: Connection reset by peer)
[05:07:28] *** dibas_ is now known as dibas
[05:11:10] *** Joins: dibas_
[05:11:12] *** Quits: dibas (Read error: Connection reset by peer)
[05:11:15] *** dibas_ is now known as dibas
[05:14:58] *** Joins: dibas_
[05:14:58] *** Quits: dibas (Read error: Connection reset by peer)
[05:15:02] *** dibas_ is now known as dibas
[05:18:45] *** Joins: dibas_
[05:18:47] *** Quits: dibas (Read error: Connection reset by peer)
[05:18:50] *** dibas_ is now known as dibas
[05:22:31] *** Joins: dibas_
[05:22:34] *** Quits: dibas (Read error: Connection reset by peer)
[05:22:37] *** dibas_ is now known as dibas
[05:26:18] *** Joins: dibas_
[05:26:20] *** Quits: dibas (Read error: Connection reset by peer)
[05:26:23] *** dibas_ is now known as dibas
[05:30:04] *** Joins: dibas_
[05:30:07] *** Quits: dibas (Read error: Connection reset by peer)
[05:30:10] *** dibas_ is now known as dibas
[05:35:23] *** Joins: dibas_
[05:35:28] *** Quits: dibas (Read error: Connection reset by peer)
[05:35:32] *** dibas_ is now known as dibas
[05:39:10] *** Joins: dibas_
[05:39:13] *** Quits: dibas (Read error: Connection reset by peer)
[05:39:17] *** dibas_ is now known as dibas
[05:42:58] *** Joins: dibas_
[05:43:01] *** Quits: dibas (Read error: Connection reset by peer)
[05:43:03] *** dibas_ is now known as dibas
[05:48:48] *** Joins: dibas_
[05:48:48] *** Quits: dibas (Read error: Connection reset by peer)
[05:48:53] *** dibas_ is now known as dibas
[05:52:36] *** Joins: dibas_
[05:52:36] *** Quits: dibas (Read error: Connection reset by peer)
[05:52:41] *** dibas_ is now known as dibas
[05:56:58] *** Joins: dibas_
[05:56:58] *** Quits: dibas (Read error: Connection reset by peer)
[05:57:03] *** dibas_ is now known as dibas
[06:00:47] *** Joins: dibas_
[06:00:47] *** Quits: dibas (Read error: Connection reset by peer)
[06:00:52] *** dibas_ is now known as dibas
[06:04:33] *** Joins: dibas_
[06:04:33] *** Quits: dibas (Read error: Connection reset by peer)
[06:04:38] *** dibas_ is now known as dibas
[06:10:23] *** Joins: dibas_
[06:10:23] *** Quits: dibas (Read error: Connection reset by peer)
[06:10:27] *** dibas_ is now known as dibas
[06:14:10] *** Joins: dibas_
[06:14:10] *** Quits: dibas (Read error: Connection reset by peer)
[06:14:16] *** dibas_ is now known as dibas
[06:18:32] *** Joins: dibas_
[06:18:32] *** Quits: dibas (Read error: Connection reset by peer)
[06:18:38] *** dibas_ is now known as dibas
[06:22:20] *** Joins: dibas_
[06:22:20] *** Quits: dibas (Read error: Connection reset by peer)
[06:22:25] *** dibas_ is now known as dibas
[06:26:07] *** Joins: dibas_
[06:26:07] *** Quits: dibas (Read error: Connection reset by peer)
[06:26:13] *** dibas_ is now known as dibas
[06:29:53] *** Joins: dibas_
[06:29:53] *** Quits: dibas (Read error: Connection reset by peer)
[06:29:59] *** dibas_ is now known as dibas
[06:33:40] *** Joins: dibas_
[06:33:40] *** Quits: dibas (Read error: Connection reset by peer)
[06:33:45] *** dibas_ is now known as dibas
[06:38:58] *** Joins: dibas_
[06:38:59] *** Quits: dibas (Read error: Connection reset by peer)
[06:39:04] *** dibas_ is now known as dibas
[06:42:46] *** Joins: dibas_
[06:42:46] *** Quits: dibas (Read error: Connection reset by peer)
[06:42:51] *** dibas_ is now known as dibas
[06:47:09] *** Joins: dibas_
[06:47:09] *** Quits: dibas (Read error: Connection reset by peer)
[06:47:14] *** dibas_ is now known as dibas
[06:50:55] *** Joins: dibas_
[06:50:56] *** Quits: dibas (Read error: Connection reset by peer)
[06:51:01] *** dibas_ is now known as dibas
[06:54:43] *** Joins: dibas_
[06:54:43] *** Quits: dibas (Read error: Connection reset by peer)
[06:54:47] *** dibas_ is now known as dibas
[06:58:30] *** Joins: dibas_
[06:58:30] *** Quits: dibas (Read error: Connection reset by peer)
[06:58:35] *** dibas_ is now known as dibas
[07:02:17] *** Joins: dibas_
[07:02:17] *** Quits: dibas (Read error: Connection reset by peer)
[07:02:24] *** dibas_ is now known as dibas
[07:06:04] *** Joins: dibas_
[07:06:04] *** Quits: dibas (Read error: Connection reset by peer)
[07:06:09] *** dibas_ is now known as dibas
[07:09:52] *** Joins: dibas_
[07:09:52] *** Quits: dibas (Read error: Connection reset by peer)
[07:09:56] *** dibas_ is now known as dibas
[07:13:41] *** Joins: dibas_
[07:13:41] *** Quits: dibas (Read error: Connection reset by peer)
[07:13:45] *** dibas_ is now known as dibas
[07:18:02] *** Joins: dibas_
[07:18:02] *** Quits: dibas (Read error: Connection reset by peer)
[07:18:08] *** dibas_ is now known as dibas
[07:21:50] *** Joins: dibas_
[07:21:51] *** Quits: dibas (Read error: Connection reset by peer)
[07:21:56] *** dibas_ is now known as dibas
[07:25:37] *** Joins: dibas_
[07:25:37] *** Quits: dibas (Read error: Connection reset by peer)
[07:25:44] *** dibas_ is now known as dibas
[07:31:27] *** Joins: dibas_
[07:31:27] *** Quits: dibas (Read error: Connection reset by peer)
[07:31:33] *** dibas_ is now known as dibas
[07:37:18] *** Joins: dibas_
[07:37:18] *** Quits: dibas (Read error: Connection reset by peer)
[07:37:24] *** dibas_ is now known as dibas
[07:41:05] *** Joins: dibas_
[07:41:05] *** Quits: dibas (Read error: Connection reset by peer)
[07:41:11] *** dibas_ is now known as dibas
[07:45:28] *** Joins: dibas_
[07:45:28] *** Quits: dibas (Read error: Connection reset by peer)
[07:45:32] *** dibas_ is now known as dibas
[07:49:16] *** Joins: dibas_
[07:49:16] *** Quits: dibas (Read error: Connection reset by peer)
[07:49:21] *** dibas_ is now known as dibas
[07:53:38] *** Joins: dibas_
[07:53:38] *** Quits: dibas (Read error: Connection reset by peer)
[07:53:43] *** dibas_ is now known as dibas
[07:59:28] *** Joins: dibas_
[07:59:28] *** Quits: dibas (Read error: Connection reset by peer)
[07:59:32] *** dibas_ is now known as dibas
[08:05:18] *** Joins: dibas_
[08:05:18] *** Quits: dibas (Read error: Connection reset by peer)
[08:05:22] *** dibas_ is now known as dibas
[08:09:06] *** Joins: dibas_
[08:09:06] *** Quits: dibas (Read error: Connection reset by peer)
[08:09:11] *** dibas_ is now known as dibas
[08:12:52] *** Joins: Snetry
[08:12:52] *** Quits: dibas (Read error: Connection reset by peer)
[08:13:27] *** Joins: dibas
[08:14:11] *** Quits: Sentry (Read error: Connection refused)
[08:14:15] *** Quits: Snetry (Read error: Operation timed out)
[08:16:56] *** Joins: Sentry
[08:20:09] *** Quits: dibas (Read error: Connection reset by peer)
[08:22:25] *** Joins: oreo639
[08:22:26] *** Quits: Sentry (Quit: left EFNet)
[08:22:37] *** Joins: Sentry
[08:22:47] *** Joins: dibas
[08:28:38] *** Joins: dibas_
[08:28:39] *** Quits: dibas (Read error: Connection reset by peer)
[08:28:45] *** dibas_ is now known as dibas
[08:29:00] *** Joins: Snetry
[08:29:58] *** Quits: Sentry (Read error: Operation timed out)
[08:29:58] *** Snetry is now known as Sentry
[08:34:28] *** Joins: dibas_
[08:34:28] *** Quits: dibas (Read error: Connection reset by peer)
[08:34:32] *** dibas_ is now known as dibas
[08:35:19] *** Quits: Sentry (Read error: Connection refused)
[08:35:46] *** Joins: Sentry
[08:40:18] *** Joins: dibas_
[08:40:18] *** Quits: dibas (Read error: Connection reset by peer)
[08:40:22] *** dibas_ is now known as dibas
[08:41:38] *** Quits: Sentry (Read error: Operation timed out)
[08:46:07] *** Joins: dibas_
[08:46:07] *** Quits: dibas (Read error: Connection reset by peer)
[08:46:12] *** dibas_ is now known as dibas
[08:51:58] *** Joins: dibas_
[08:51:58] *** Quits: dibas (Read error: Connection reset by peer)
[08:52:03] *** dibas_ is now known as dibas
[08:57:48] *** Joins: dibas_
[08:57:49] *** Quits: dibas (Read error: Connection reset by peer)
[08:57:54] *** dibas_ is now known as dibas
[09:02:46] *** Joins: Sentry
[09:02:46] *** Quits: dibas (Read error: Connection reset by peer)
[09:03:37] *** Joins: dibas
[09:09:29] *** Joins: dibas_
[09:09:29] *** Quits: dibas (Read error: Connection reset by peer)
[09:09:35] *** dibas_ is now known as dibas
[09:15:17] *** Joins: dibas_
[09:15:17] *** Quits: dibas (Read error: Connection reset by peer)
[09:15:22] *** dibas_ is now known as dibas
[09:21:08] *** Joins: dibas_
[09:21:08] *** Quits: dibas (Read error: Connection reset by peer)
[09:21:12] *** dibas_ is now known as dibas
[09:21:47] *** Joins: Snetry
[09:22:28] *** Quits: Sentry (Read error: Operation timed out)
[09:22:28] *** Snetry is now known as Sentry
[09:26:58] *** Joins: dibas_
[09:26:58] *** Quits: dibas (Read error: Connection reset by peer)
[09:27:02] *** dibas_ is now known as dibas
[09:28:18] *** Quits: Sentry (Read error: Operation timed out)
[09:30:08] *** Joins: Sentry
[09:33:26] *** Joins: dibas_
[09:33:26] *** Quits: dibas (Read error: Connection reset by peer)
[09:33:31] *** dibas_ is now known as dibas
[09:34:46] *** Quits: Sentry (Read error: Connection refused)
[09:39:48] *** Joins: dibas_
[09:39:48] *** Quits: dibas (Read error: Connection reset by peer)
[09:39:52] *** dibas_ is now known as dibas
[09:43:08] *** Joins: Sentry
[09:46:30] *** Quits: dibas (Read error: Connection reset by peer)
[09:47:21] *** Joins: dibas
[09:47:49] *** Quits: Sentry (Read error: Operation timed out)
[09:53:13] *** Joins: dibas_
[09:53:13] *** Quits: dibas (Read error: Connection reset by peer)
[09:53:18] *** dibas_ is now known as dibas
[09:55:17] *** Joins: Sentry
[09:58:36] *** Joins: dibas_
[09:58:36] *** Quits: dibas (Read error: Connection reset by peer)
[09:58:41] *** dibas_ is now known as dibas
[09:59:56] *** Quits: Sentry (Read error: Operation timed out)
[10:01:08] *** Joins: Sentry
[10:05:10] *** Quits: dibas (Read error: Connection reset by peer)
[10:05:26] *** Joins: dibas
[10:06:29] *** Quits: Sentry (Read error: Operation timed out)
[10:07:35] *** Joins: Sentry
[10:10:53] *** Joins: dibas_
[10:10:53] *** Quits: dibas (Read error: Connection reset by peer)
[10:10:58] *** dibas_ is now known as dibas
[10:14:40] *** Joins: dibas_
[10:14:40] *** Quits: dibas (Read error: Connection reset by peer)
[10:14:47] *** dibas_ is now known as dibas
[10:20:03] *** Joins: dibas_
[10:20:03] *** Quits: dibas (Read error: Connection reset by peer)
[10:20:07] *** dibas_ is now known as dibas
[10:25:52] *** Joins: dibas_
[10:25:52] *** Quits: dibas (Read error: Connection reset by peer)
[10:25:57] *** dibas_ is now known as dibas
[10:31:43] *** Joins: dibas_
[10:31:43] *** Quits: dibas (Read error: Connection reset by peer)
[10:31:48] *** dibas_ is now known as dibas
[10:37:31] *** Joins: dibas_
[10:37:31] *** Quits: dibas (Read error: Connection reset by peer)
[10:37:37] *** dibas_ is now known as dibas
[10:43:23] *** Joins: dibas_
[10:43:23] *** Quits: dibas (Read error: Connection reset by peer)
[10:43:29] *** dibas_ is now known as dibas
[10:49:13] *** Joins: dibas_
[10:49:13] *** Quits: dibas (Read error: Connection reset by peer)
[10:49:17] *** dibas_ is now known as dibas
[10:55:03] *** Joins: dibas_
[10:55:03] *** Quits: dibas (Read error: Connection reset by peer)
[10:55:08] *** dibas_ is now known as dibas
[11:00:53] *** Joins: dibas_
[11:00:53] *** Quits: dibas (Read error: Connection reset by peer)
[11:00:58] *** dibas_ is now known as dibas
[11:06:42] *** Joins: dibas_
[11:06:42] *** Quits: dibas (Read error: Connection reset by peer)
[11:06:47] *** dibas_ is now known as dibas
[11:10:30] *** Joins: dibas_
[11:10:30] *** Quits: dibas (Read error: Connection reset by peer)
[11:10:34] *** dibas_ is now known as dibas
[11:14:53] *** Joins: dibas_
[11:14:53] *** Quits: dibas (Read error: Connection reset by peer)
[11:14:59] *** dibas_ is now known as dibas
[11:15:02] *** Quits: oreo639 (Ping timeout: 265 seconds)
[11:20:43] *** Joins: dibas_
[11:20:44] *** Quits: dibas (Read error: Connection reset by peer)
[11:20:49] *** dibas_ is now known as dibas
[11:26:33] *** Joins: dibas_
[11:26:33] *** Quits: dibas (Read error: Connection reset by peer)
[11:26:38] *** dibas_ is now known as dibas
[11:32:24] *** Joins: dibas_
[11:32:24] *** Quits: dibas (Read error: Connection reset by peer)
[11:32:29] *** dibas_ is now known as dibas
[11:38:13] *** Joins: dibas_
[11:38:13] *** Quits: dibas (Read error: Connection reset by peer)
[11:38:19] *** dibas_ is now known as dibas
[11:44:04] *** Joins: dibas_
[11:44:04] *** Quits: dibas (Read error: Connection reset by peer)
[11:44:09] *** dibas_ is now known as dibas
[11:50:28] *** Joins: dibas_
[11:50:28] *** Quits: dibas (Read error: Connection reset by peer)
[11:50:32] *** dibas_ is now known as dibas
[11:56:17] *** Joins: dibas_
[11:56:17] *** Quits: dibas (Read error: Connection reset by peer)
[11:56:23] *** dibas_ is now known as dibas
[12:02:08] *** Joins: dibas_
[12:02:08] *** Quits: dibas (Read error: Connection reset by peer)
[12:02:13] *** dibas_ is now known as dibas
[12:07:58] *** Joins: dibas_
[12:07:58] *** Quits: dibas (Read error: Connection reset by peer)
[12:08:02] *** dibas_ is now known as dibas
[12:13:47] *** Joins: dibas_
[12:13:47] *** Quits: dibas (Read error: Connection reset by peer)
[12:13:52] *** dibas_ is now known as dibas
[12:19:38] *** Joins: dibas_
[12:19:38] *** Quits: dibas (Read error: Connection reset by peer)
[12:19:44] *** dibas_ is now known as dibas
[12:25:27] *** Joins: dibas_
[12:25:27] *** Quits: dibas (Read error: Connection reset by peer)
[12:25:32] *** dibas_ is now known as dibas
[12:31:18] *** Joins: dibas_
[12:31:18] *** Quits: dibas (Read error: Connection reset by peer)
[12:31:22] *** dibas_ is now known as dibas
[12:35:06] *** Joins: dibas_
[12:35:06] *** Quits: dibas (Read error: Connection reset by peer)
[12:35:10] *** dibas_ is now known as dibas
[12:39:27] *** Joins: dibas_
[12:39:27] *** Quits: dibas (Read error: Connection reset by peer)
[12:39:32] *** dibas_ is now known as dibas
[12:45:18] *** Joins: dibas_
[12:45:18] *** Quits: dibas (Read error: Connection reset by peer)
[12:45:22] *** dibas_ is now known as dibas
[12:51:43] *** Joins: dibas_
[12:51:43] *** Quits: dibas (Read error: Connection reset by peer)
[12:51:48] *** dibas_ is now known as dibas
[12:57:31] *** Joins: dibas_
[12:57:31] *** Quits: dibas (Read error: Connection reset by peer)
[12:57:36] *** dibas_ is now known as dibas
[13:03:23] *** Joins: dibas_
[13:03:23] *** Quits: dibas (Read error: Connection reset by peer)
[13:03:27] *** dibas_ is now known as dibas
[13:09:12] *** Joins: dibas_
[13:09:12] *** Quits: dibas (Read error: Connection reset by peer)
[13:09:20] *** dibas_ is now known as dibas
[13:15:03] *** Joins: dibas_
[13:15:03] *** Quits: dibas (Read error: Connection reset by peer)
[13:15:08] *** dibas_ is now known as dibas
[13:20:53] *** Joins: dibas_
[13:20:53] *** Quits: dibas (Read error: Connection reset by peer)
[13:20:57] *** dibas_ is now known as dibas
[13:26:43] *** Joins: dibas_
[13:26:43] *** Quits: dibas (Read error: Connection reset by peer)
[13:26:50] *** dibas_ is now known as dibas
[13:32:31] *** Joins: dibas_
[13:32:31] *** Quits: dibas (Read error: Connection reset by peer)
[13:32:36] *** dibas_ is now known as dibas
[13:38:23] *** Joins: dibas_
[13:38:23] *** Quits: dibas (Read error: Connection reset by peer)
[13:38:28] *** dibas_ is now known as dibas
[13:44:48] *** Joins: dibas_
[13:44:48] *** Quits: dibas (Read error: Connection reset by peer)
[13:44:53] *** dibas_ is now known as dibas
[13:46:08] *** Quits: DacoTaco (Read error: Operation timed out)
[13:46:54] *** Quits: d3m3vilur (Read error: Operation timed out)
[13:47:13] *** Joins: DacoTaco
[13:49:00] *** Quits: Extrems (Read error: Operation timed out)
[13:49:25] *** Joins: Extrems
[13:51:52] *** Quits: Genolo (Read error: Operation timed out)
[13:51:58] *** Joins: Mimoja806
[13:52:26] *** Quits: Sentry (Read error: Operation timed out)
[13:52:27] *** Joins: Genolo
[13:52:47] *** Quits: Mimoja80 (Read error: Connection reset by peer)
[13:52:47] *** Mimoja806 is now known as Mimoja80
[13:52:51] *** Joins: Sentry
[13:53:10] *** Joins: d3m3vilur
[13:57:54] *** Quits: dibas (Ping timeout: 745 seconds)
[13:58:12] *** Joins: dibas
[14:04:38] *** Joins: dibas_
[14:04:38] *** Quits: dibas (Read error: Connection reset by peer)
[14:04:43] *** dibas_ is now known as dibas
[14:11:03] *** Joins: dibas_
[14:11:03] *** Quits: dibas (Read error: Connection reset by peer)
[14:11:07] *** dibas_ is now known as dibas
[14:17:28] *** Joins: dibas_
[14:17:28] *** Quits: dibas (Read error: Connection reset by peer)
[14:17:33] *** dibas_ is now known as dibas
[14:23:18] *** Joins: dibas_
[14:23:18] *** Quits: dibas (Read error: Connection reset by peer)
[14:23:22] *** dibas_ is now known as dibas
[14:29:07] *** Joins: dibas_
[14:29:08] *** Quits: dibas (Read error: Connection reset by peer)
[14:29:13] *** dibas_ is now known as dibas
[14:35:33] *** Joins: dibas_
[14:35:33] *** Quits: dibas (Read error: Connection reset by peer)
[14:35:38] *** dibas_ is now known as dibas
[14:41:58] *** Joins: dibas_
[14:41:58] *** Quits: dibas (Read error: Connection reset by peer)
[14:42:03] *** dibas_ is now known as dibas
[14:45:46] *** Joins: dibas_
[14:45:46] *** Quits: dibas (Read error: Connection reset by peer)
[14:45:51] *** dibas_ is now known as dibas
[14:50:08] *** Joins: dibas_
[14:50:08] *** Quits: dibas (Read error: Connection reset by peer)
[14:50:12] *** dibas_ is now known as dibas
[14:55:58] *** Joins: dibas_
[14:55:58] *** Quits: dibas (Read error: Connection reset by peer)
[14:56:02] *** dibas_ is now known as dibas
[15:02:23] *** Joins: dibas_
[15:02:23] *** Quits: dibas (Read error: Connection reset by peer)
[15:02:28] *** dibas_ is now known as dibas
[15:08:48] *** Joins: dibas_
[15:08:48] *** Quits: dibas (Read error: Connection reset by peer)
[15:08:53] *** dibas_ is now known as dibas
[15:15:12] *** Joins: dibas_
[15:15:12] *** Quits: dibas (Read error: Connection reset by peer)
[15:15:16] *** dibas_ is now known as dibas
[15:21:03] *** Joins: dibas_
[15:21:03] *** Quits: dibas (Read error: Connection reset by peer)
[15:21:07] *** dibas_ is now known as dibas
[15:22:23] *** Quits: GerbilS5 (Read error: Operation timed out)
[15:27:28] *** Joins: dibas_
[15:27:29] *** Quits: dibas (Read error: Connection reset by peer)
[15:27:34] *** dibas_ is now known as dibas
[15:33:53] *** Joins: dibas_
[15:33:53] *** Quits: dibas (Read error: Connection reset by peer)
[15:33:57] *** dibas_ is now known as dibas
[15:40:18] *** Joins: dibas_
[15:40:18] *** Quits: dibas (Read error: Connection reset by peer)
[15:40:22] *** dibas_ is now known as dibas
[15:44:13] *** Joins: dibas_
[15:44:14] *** Quits: dibas (Read error: Connection reset by peer)
[15:44:16] *** dibas_ is now known as dibas
[15:49:38] *** Joins: dibas_
[15:49:38] *** Quits: dibas (Read error: Connection reset by peer)
[15:49:43] *** dibas_ is now known as dibas
[15:55:27] *** Joins: dibas_
[15:55:27] *** Quits: dibas (Read error: Connection reset by peer)
[15:55:32] *** dibas_ is now known as dibas
[16:01:53] *** Joins: dibas_
[16:01:53] *** Quits: dibas (Read error: Connection reset by peer)
[16:01:58] *** dibas_ is now known as dibas
[16:06:39] *** Quits: Surkow (Read error: Operation timed out)
[16:06:39] *** Quits: dibas (Read error: Connection reset by peer)
[16:07:42] *** Joins: dibas
[16:13:33] *** Joins: dibas_
[16:13:33] *** Quits: dibas (Read error: Connection reset by peer)
[16:13:38] *** dibas_ is now known as dibas
[16:19:58] *** Joins: dibas_
[16:19:58] *** Quits: dibas (Read error: Connection reset by peer)
[16:20:03] *** dibas_ is now known as dibas
[16:20:20] *** Joins: Surkow
[16:26:23] *** Joins: dibas_
[16:26:23] *** Quits: dibas (Read error: Connection reset by peer)
[16:26:29] *** dibas_ is now known as dibas
[16:32:48] *** Joins: dibas_
[16:32:48] *** Quits: dibas (Read error: Connection reset by peer)
[16:32:53] *** dibas_ is now known as dibas
[16:39:13] *** Joins: dibas_
[16:39:14] *** Quits: dibas (Read error: Connection reset by peer)
[16:39:19] *** dibas_ is now known as dibas
[16:45:37] *** Joins: dibas_
[16:45:37] *** Quits: dibas (Read error: Connection reset by peer)
[16:45:42] *** dibas_ is now known as dibas
[16:51:27] *** Joins: dibas_
[16:51:27] *** Quits: dibas (Read error: Connection reset by peer)
[16:51:33] *** dibas_ is now known as dibas
[16:57:18] *** Joins: dibas_
[16:57:18] *** Quits: dibas (Read error: Connection reset by peer)
[16:57:23] *** dibas_ is now known as dibas
[17:03:43] *** Joins: dibas_
[17:03:43] *** Quits: dibas (Read error: Connection reset by peer)
[17:03:49] *** dibas_ is now known as dibas
[17:10:08] *** Joins: dibas_
[17:10:08] *** Quits: dibas (Read error: Connection reset by peer)
[17:10:13] *** dibas_ is now known as dibas
[17:16:34] *** Joins: dibas_
[17:16:34] *** Quits: dibas (Read error: Connection reset by peer)
[17:16:39] *** dibas_ is now known as dibas
[17:22:58] *** Joins: dibas_
[17:22:58] *** Quits: dibas (Read error: Connection reset by peer)
[17:23:02] *** dibas_ is now known as dibas
[17:28:46] *** Joins: dibas_
[17:28:46] *** Quits: dibas (Read error: Connection reset by peer)
[17:28:52] *** dibas_ is now known as dibas
[17:29:20] *** Joins: GerbilSof
[17:29:23] *** Joins: fgsfds
[17:32:41] *** Joins: dibas_
[17:32:42] *** Quits: dibas (Read error: Connection reset by peer)
[17:32:47] *** dibas_ is now known as dibas
[17:37:31] *** Joins: dibas_
[17:37:31] *** Quits: dibas (Read error: Connection reset by peer)
[17:37:36] *** dibas_ is now known as dibas
[17:43:23] *** Joins: dibas_
[17:43:24] *** Quits: dibas (Read error: Connection reset by peer)
[17:43:29] *** dibas_ is now known as dibas
[17:49:48] *** Joins: dibas_
[17:49:48] *** Quits: dibas (Read error: Connection reset by peer)
[17:49:53] *** dibas_ is now known as dibas
[17:56:12] *** Joins: dibas_
[17:56:12] *** Quits: dibas (Read error: Connection reset by peer)
[17:56:17] *** dibas_ is now known as dibas
[18:02:38] *** Joins: dibas_
[18:02:38] *** Quits: dibas (Read error: Connection reset by peer)
[18:02:43] *** dibas_ is now known as dibas
[18:09:03] *** Joins: dibas_
[18:09:03] *** Quits: dibas (Read error: Connection reset by peer)
[18:09:08] *** dibas_ is now known as dibas
[18:14:15] *** Joins: oreo639
[18:14:15] *** Quits: dibas (Read error: Connection reset by peer)
[18:15:27] *** Joins: dibas
[18:21:18] *** Joins: dibas_
[18:21:19] *** Quits: dibas (Read error: Connection reset by peer)
[18:21:24] *** dibas_ is now known as dibas
[18:27:41] *** Joins: dibas_
[18:27:41] *** Quits: dibas (Read error: Connection reset by peer)
[18:27:45] *** dibas_ is now known as dibas
[18:34:06] *** Joins: dibas_
[18:34:06] *** Quits: dibas (Read error: Connection reset by peer)
[18:34:11] *** dibas_ is now known as dibas
[18:39:54] *** Joins: dibas_
[18:39:54] *** Quits: dibas (Read error: Connection reset by peer)
[18:39:59] *** dibas_ is now known as dibas
[18:45:48] *** Joins: dibas_
[18:45:48] *** Quits: dibas (Read error: Connection reset by peer)
[18:45:52] *** dibas_ is now known as dibas
[18:52:13] *** Joins: dibas_
[18:52:13] *** Quits: dibas (Read error: Connection reset by peer)
[18:52:19] *** dibas_ is now known as dibas
[18:58:38] *** Joins: dibas_
[18:58:38] *** Quits: dibas (Read error: Connection reset by peer)
[18:58:42] *** dibas_ is now known as dibas
[19:05:03] *** Joins: dibas_
[19:05:03] *** Quits: dibas (Read error: Connection reset by peer)
[19:05:09] *** dibas_ is now known as dibas
[19:11:28] *** Joins: dibas_
[19:11:28] *** Quits: dibas (Read error: Connection reset by peer)
[19:11:34] *** dibas_ is now known as dibas
[19:17:53] *** Joins: dibas_
[19:17:53] *** Quits: dibas (Read error: Connection reset by peer)
[19:17:59] *** dibas_ is now known as dibas
[19:24:18] *** Joins: dibas_
[19:24:18] *** Quits: dibas (Read error: Connection reset by peer)
[19:24:23] *** dibas_ is now known as dibas
[19:30:43] *** Joins: dibas_
[19:30:43] *** Quits: dibas (Read error: Connection reset by peer)
[19:30:47] *** dibas_ is now known as dibas
[19:37:08] *** Joins: dibas_
[19:37:08] *** Quits: dibas (Read error: Connection reset by peer)
[19:37:13] *** dibas_ is now known as dibas
[19:43:32] *** Joins: dibas_
[19:43:32] *** Quits: dibas (Read error: Connection reset by peer)
[19:43:37] *** dibas_ is now known as dibas
[19:49:58] *** Joins: dibas_
[19:49:58] *** Quits: dibas (Read error: Connection reset by peer)
[19:50:02] *** dibas_ is now known as dibas
[19:56:23] *** Joins: dibas_
[19:56:23] *** Quits: dibas (Read error: Connection reset by peer)
[19:56:27] *** dibas_ is now known as dibas
[20:02:48] *** Joins: dibas_
[20:02:48] *** Quits: dibas (Read error: Connection reset by peer)
[20:02:52] *** dibas_ is now known as dibas
[20:07:08] *** Quits: zini- (Quit: -->)
[20:07:08] *** Quits: dibas (Read error: Connection reset by peer)
[20:07:48] *** Joins: zini
[20:07:53] *** Quits: zini (Client Quit)
[20:08:42] *** Joins: zini
[20:09:47] *** Joins: dibas
[20:16:13] *** Joins: dibas_
[20:16:13] *** Quits: dibas (Read error: Connection reset by peer)
[20:16:20] *** dibas_ is now known as dibas
[20:22:37] *** Joins: dibas_
[20:22:37] *** Quits: dibas (Read error: Connection reset by peer)
[20:22:42] *** dibas_ is now known as dibas
[20:29:03] *** Joins: dibas_
[20:29:03] *** Quits: dibas (Read error: Connection reset by peer)
[20:29:08] *** dibas_ is now known as dibas
[20:35:44] *** Quits: dibas (Read error: Connection reset by peer)
[20:37:21] *** Joins: dibas_
[20:37:27] *** dibas_ is now known as dibas
[22:26:20] *** Quits: oreo639 (Ping timeout: 493 seconds)
[23:00:06] *** Quits: lex1 (Read error: Operation timed out)
[23:01:28] *** Quits: Sentry (Write error: Broken pipe)
[23:01:50] *** Quits: d3m3vilur (Ping timeout: 493 seconds)
[23:04:01] *** Joins: d3m3vilur
[23:05:24] *** Quits: GeekShado (Read error: Connection reset by peer)
[23:05:24] *** Joins: GeekShad1
[23:05:27] *** Joins: Sentry
[23:05:45] *** Joins: lex1
[23:19:18] *** Joins: refs
[23:23:39] *** Joins: oreo639
[23:42:13] *** Quits: oreo639 (Quit: Quit)
[23:42:27] *** Joins: oreo639
