[00:34:05] *** Quits: fgsfds (Quit: Leaving)
[00:54:24] *** Quits: oreo639 (Read error: Operation timed out)
[01:04:53] *** Joins: oreo639
[01:35:45] *** Quits: oreo639 (Read error: Operation timed out)
[02:31:24] *** Joins: oreo639
[02:56:57] *** Quits: refs (Quit: refs)
[05:27:01] *** Quits: IShaDoWl (Read error: Operation timed out)
[05:27:19] *** Joins: IShaDoWl
[06:32:47] *** Quits: oreo639 (Quit: Quit)
[06:33:26] *** Joins: oreo639
[07:08:12] *** Quits: oreo639 (Quit: Quit)
[07:09:28] *** Joins: oreo639
[07:09:46] *** Quits: oreo639 (Remote host closed the connection)
[07:10:17] *** Joins: oreo639
[07:31:24] *** Joins: Snetry
[07:31:24] *** Quits: Sentry (Read error: Connection reset by peer)
[07:31:29] *** Snetry is now known as Sentry
[07:34:30] *** Quits: Sentry (Read error: Operation timed out)
[07:35:40] *** Joins: Sentry
[07:38:57] *** Joins: Snetry
[07:40:17] *** Quits: Sentry (Read error: Operation timed out)
[07:40:17] *** Snetry is now known as Sentry
[08:02:17] *** Joins: Snetry
[08:03:37] *** Quits: Sentry (Read error: Operation timed out)
[08:03:37] *** Snetry is now known as Sentry
[08:09:58] *** Joins: Snetry
[08:11:17] *** Quits: Sentry (Read error: Operation timed out)
[08:11:17] *** Snetry is now known as Sentry
[08:16:16] *** Joins: Snetry
[08:16:16] *** Quits: Sentry (Read error: Connection reset by peer)
[08:16:21] *** Snetry is now known as Sentry
[08:30:00] *** Joins: Snetry
[08:31:19] *** Quits: Sentry (Read error: Operation timed out)
[08:31:19] *** Snetry is now known as Sentry
[08:37:33] *** Joins: Snetry
[08:38:53] *** Quits: Sentry (Read error: Operation timed out)
[08:38:53] *** Snetry is now known as Sentry
[08:48:57] *** Joins: Snetry
[08:48:57] *** Quits: Sentry (Read error: Connection reset by peer)
[08:49:02] *** Snetry is now known as Sentry
[09:05:00] *** Quits: Maylay (Ping timeout: 480 seconds)
[09:10:51] *** Joins: Maylay
[09:14:34] *** Joins: Snetry
[09:14:34] *** Quits: Sentry (Read error: Connection reset by peer)
[09:14:39] *** Snetry is now known as Sentry
[09:17:54] *** Joins: Snetry
[09:19:13] *** Quits: Sentry (Read error: Operation timed out)
[09:20:33] *** Quits: Snetry (Read error: Connection refused)
[09:21:00] *** Joins: Sentry
[09:44:47] *** Joins: Snetry
[09:46:06] *** Quits: Sentry (Read error: Operation timed out)
[09:46:07] *** Snetry is now known as Sentry
[09:56:37] *** Joins: Snetry
[09:56:37] *** Quits: Sentry (Read error: Connection reset by peer)
[09:56:43] *** Snetry is now known as Sentry
[10:02:33] *** Joins: Snetry
[10:02:34] *** Quits: Sentry (Read error: Connection reset by peer)
[10:02:39] *** Snetry is now known as Sentry
[10:29:14] *** Quits: Sentry (Read error: Operation timed out)
[10:30:30] *** Joins: Sentry
[10:38:27] *** Joins: Snetry
[10:38:54] *** Quits: Sentry (Read error: Connection refused)
[10:38:54] *** Snetry is now known as Sentry
[10:45:44] *** Joins: Snetry
[10:45:44] *** Quits: Sentry (Read error: Connection reset by peer)
[10:45:49] *** Snetry is now known as Sentry
[10:47:41] *** Quits: Sentry (Read error: Operation timed out)
[10:55:32] *** Joins: Sentry
[10:58:59] *** Quits: Maylay (Read error: Connection reset by peer)
[11:00:18] *** Quits: Sentry (Read error: Operation timed out)
[11:03:04] *** Joins: Maylay
[11:03:47] *** Joins: Sentry
[11:07:06] *** Joins: Sentry-
[11:08:25] *** Quits: Sentry (Read error: Operation timed out)
[11:08:26] *** Sentry- is now known as Sentry
[11:17:56] *** Joins: Snetry
[11:19:16] *** Quits: Sentry (Read error: Operation timed out)
[11:19:16] *** Snetry is now known as Sentry
[11:25:53] *** Joins: Snetry
[11:27:13] *** Quits: Sentry (Read error: Operation timed out)
[11:27:13] *** Snetry is now known as Sentry
[11:27:48] *** Quits: Maylay (Read error: Connection reset by peer)
[11:28:49] *** Joins: Maylay
[11:31:24] *** Quits: oreo639 (Ping timeout: 493 seconds)
[12:13:28] *** Quits: Sentry (Read error: Operation timed out)
[12:41:29] *** Joins: Sentry
[12:49:15] *** Joins: Snetry
[12:49:30] *** Joins: fgsfds
[12:50:00] *** Quits: Sentry (Read error: Operation timed out)
[12:50:49] *** Quits: Snetry (Read error: Operation timed out)
[13:13:02] *** Joins: Sentry
[13:22:08] *** Quits: Sentry (Read error: Operation timed out)
[13:25:43] *** Joins: Sentry
[13:30:01] *** Joins: Snetry
[13:31:20] *** Quits: Sentry (Read error: Operation timed out)
[13:31:20] *** Snetry is now known as Sentry
[13:41:48] *** Joins: Snetry
[13:42:32] *** Quits: Sentry (Read error: Operation timed out)
[13:43:51] *** Quits: Snetry (Read error: Operation timed out)
[13:49:55] *** Joins: Sentry
[14:01:33] *** Quits: Sentry (Read error: Operation timed out)
[14:12:05] *** Quits: |Shadow| ()
[14:13:10] *** Joins: Sentry
[14:14:34] *** Joins: |Shadow|
[17:50:26] *** Joins: oreo639
[19:47:13] *** Quits: oreo639 (Remote host closed the connection)
[19:47:27] *** Joins: oreo639
[19:47:38] *** Quits: oreo639 (Remote host closed the connection)
[19:47:49] *** Joins: oreo639
[20:59:11] *** Joins: figgis_
[21:02:37] *** Quits: fgsfds (Ping timeout: 265 seconds)
[21:05:13] *** Joins: fgsfds
[21:09:29] *** Quits: oreo639 (Ping timeout: 240 seconds)
[21:10:37] *** Quits: figgis_ (Read error: Operation timed out)
[21:10:52] *** Quits: balrog (Bye)
[21:11:48] *** Quits: fgsfds (Ping timeout: 265 seconds)
[21:13:49] *** Joins: balrog
[21:36:06] *** Joins: Maylay_
[21:39:53] *** Quits: Maylay (Ping timeout: 612 seconds)
[21:44:25] *** Joins: refs
[21:46:32] *** Joins: n87
[21:46:34] *** Quits: n87 (Client Quit)
[21:57:22] *** Joins: n87
[22:03:29] *** Joins: oreo639
[22:27:58] *** Joins: Maylay
[22:28:00] *** Quits: Maylay_ (Read error: Connection reset by peer)
[22:31:22] *** Quits: n87 (Read error: Connection reset by peer)
[22:52:27] *** Quits: oreo639 (Ping timeout: 376 seconds)
