[00:39:23] *** Joins: oreo639
[01:29:17] *** Quits: oreo639 (Remote host closed the connection)
[01:29:38] *** Joins: oreo639
[03:10:36] *** Joins: Snetry
[03:11:56] *** Quits: Sentry (Read error: Operation timed out)
[03:11:56] *** Snetry is now known as Sentry
[03:25:13] *** Quits: oreo639 (Read error: Operation timed out)
[03:28:50] *** Quits: refs (Quit: refs)
[03:31:11] *** Joins: oreo639
[03:46:37] *** Quits: oreo639 (Ping timeout: 260 seconds)
[05:33:27] *** Joins: oreo639
[05:59:51] *** Joins: lameboy2
[06:02:09] *** Quits: lameboy (Ping timeout: 240 seconds)
[06:02:11] *** lameboy2 is now known as lameboy
[06:05:09] *** Quits: DacoTaco (Ping timeout: 240 seconds)
[06:08:08] *** Joins: DacoTaco
[07:56:48] *** Joins: oreo639_
[07:58:10] *** Quits: oreo639_ (Remote host closed the connection)
[08:01:28] *** Joins: uyjulian_
[08:01:36] *** Quits: uyjulian (Quit: ZNC - http://znc.in)
[08:01:38] *** uyjulian_ is now known as uyjulian
[08:27:28] *** Quits: oreo639 (Quit: Quit)
[08:28:18] *** Joins: oreo639
[09:10:42] *** Joins: lameboy2
[09:11:10] *** Quits: dibas (Excess Flood)
[09:11:10] *** Quits: lameboy (Remote host closed the connection)
[09:11:11] *** lameboy2 is now known as lameboy
[09:14:15] *** Joins: dibas
[09:18:40] *** Joins: dibas_
[09:18:40] *** Quits: dibas (Read error: Connection reset by peer)
[09:18:45] *** dibas_ is now known as dibas
[09:24:33] *** Joins: dibas_
[09:24:34] *** Quits: dibas (Read error: Connection reset by peer)
[09:24:38] *** dibas_ is now known as dibas
[09:29:08] *** Joins: dibas_
[09:29:08] *** Quits: dibas (Read error: Connection reset by peer)
[09:29:12] *** dibas_ is now known as dibas
[09:35:03] *** Joins: dibas_
[09:35:03] *** Quits: dibas (Read error: Connection reset by peer)
[09:35:07] *** dibas_ is now known as dibas
[09:41:28] *** Joins: dibas_
[09:41:28] *** Quits: dibas (Read error: Connection reset by peer)
[09:41:32] *** dibas_ is now known as dibas
[09:47:52] *** Joins: dibas_
[09:47:52] *** Quits: dibas (Read error: Connection reset by peer)
[09:47:58] *** dibas_ is now known as dibas
[09:54:18] *** Joins: dibas_
[09:54:19] *** Quits: dibas (Read error: Connection reset by peer)
[09:54:23] *** dibas_ is now known as dibas
[09:58:53] *** Joins: dibas_
[09:58:53] *** Quits: dibas (Read error: Connection reset by peer)
[09:58:57] *** dibas_ is now known as dibas
[10:05:23] *** Joins: dibas_
[10:05:23] *** Quits: dibas (Read error: Connection reset by peer)
[10:05:27] *** dibas_ is now known as dibas
[10:12:05] *** Quits: dibas (Read error: Connection reset by peer)
[10:13:12] *** Joins: dibas_
[10:13:18] *** dibas_ is now known as dibas
[11:08:33] *** Joins: m4ts_
[11:08:56] *** Quits: m4ts (Ping timeout: 265 seconds)
[13:30:25] *** Quits: oreo639 (Ping timeout: 260 seconds)
[15:06:15] *** Quits: Maylay (Ping timeout: 493 seconds)
[15:08:24] *** Joins: Maylay
[16:04:00] *** Quits: Maylay (Read error: Connection reset by peer)
[16:04:27] *** Joins: Maylay
[16:48:54] *** Joins: nichfury
[16:48:54] *** Quits: nich (Read error: Connection reset by peer)
[19:32:35] *** Joins: n87
[20:20:28] *** Quits: n87 (Read error: Connection reset by peer)
[20:23:47] *** Joins: n87
[21:34:01] *** Joins: fgsfds
[21:41:11] *** Quits: n87 (Read error: Connection reset by peer)
[22:09:12] *** Joins: refs
[22:59:53] *** Joins: oreo639
[23:47:39] *** Quits: Maylay (Read error: Operation timed out)
[23:53:10] *** Joins: Maylay
