[00:03:09] *** Quits: Maylay (Read error: Operation timed out)
[00:04:20] *** Joins: Maylay
[00:11:00] *** Quits: fgsfds (Quit: Leaving)
[00:55:56] *** Quits: oreo639 (Ping timeout: 612 seconds)
[01:45:14] *** Quits: Maylay (Read error: Operation timed out)
[01:47:03] *** Joins: Maylay
[02:06:08] *** Quits: Maylay (Ping timeout: 612 seconds)
[02:08:39] *** Joins: Maylay
[02:16:38] *** Quits: Maylay (Ping timeout: 265 seconds)
[02:19:25] *** Joins: Maylay
[02:30:31] *** Joins: Snetry
[02:31:50] *** Quits: Sentry (Read error: Connection refused)
[02:31:50] *** Snetry is now known as Sentry
[02:33:11] *** Quits: Maylay (Ping timeout: 493 seconds)
[02:40:01] *** Joins: Maylay
[02:43:46] *** Quits: refs (Quit: refs)
[03:16:04] *** Joins: Snetry
[03:17:24] *** Quits: Sentry (Read error: Connection refused)
[03:17:24] *** Snetry is now known as Sentry
[04:01:57] *** Joins: oreo639
[08:21:15] *** Quits: Surkow (Read error: Operation timed out)
[12:50:10] *** Quits: oreo639 (Read error: Operation timed out)
[14:30:53] *** Quits: Maylay (Read error: Connection reset by peer)
[14:36:24] *** Joins: Maylay
[14:55:28] *** Quits: m4ts_ (Ping timeout: 265 seconds)
[14:55:50] *** Joins: m4ts
[18:07:58] *** Joins: fgsfds
[18:45:53] *** Joins: n87
[20:30:10] *** Joins: Surkow
[22:09:26] *** Quits: n87 (Read error: Connection reset by peer)
[23:30:37] *** Quits: fgsfds (Quit: Leaving)
