[00:09:00] *** Joins: Phils3r_ (~Phil@2a02:c205:3000:2328::1)
[00:11:31] *** Joins: TAL_ (~TAL@2a01:4f8:1c1c:116c::1)
[00:16:05] *** Quits: hordak (hordak@cautio.us) (Ping timeout: 272 seconds)
[00:16:05] *** Quits: GerbilS2 (~GerbilSof@pool-108-24-138-55.cmdnnj.fios.verizon.net) (Ping timeout: 272 seconds)
[00:16:05] *** Quits: plutobot (~plutobot@188.166.26.149) (Ping timeout: 272 seconds)
[00:16:43] *** Quits: Stary (~Stary@thonk.9net.org) (Ping timeout: 272 seconds)
[00:16:52] *** Joins: DeusQain_ (quasselcor@mx.qainsworld.com)
[00:17:38] *** Joins: GerbilSof (~GerbilSof@pool-108-24-138-55.cmdnnj.fios.verizon.net)
[00:17:49] *** Joins: Stary (~Stary@thonk.9net.org)
[00:17:59] *** Quits: DacoTaco (~DacoTaco@178-119-112-131.access.telenet.be) (Ping timeout: 272 seconds)
[00:18:08] *** Quits: Phils3r (~Phil@phils3r.de) (Ping timeout: 745 seconds)
[00:18:08] *** Quits: dibas (~dibas@wild.uberspace.de) (Ping timeout: 745 seconds)
[00:18:19] *** Joins: hordak (hordak@cautio.us)
[00:18:37] *** Quits: des^ (~des@ip1f108006.dynamic.kabel-deutschland.de) (Ping timeout: 272 seconds)
[00:18:43] *** Quits: DeusQain (quasselcor@mx.qainsworld.com) (Ping timeout: 745 seconds)
[00:18:44] *** Quits: TAL (~TAL@defiant.tlercher.de) (Ping timeout: 745 seconds)
[00:18:44] *** Quits: hthh (~hthh@hh.ht) (Ping timeout: 745 seconds)
[00:27:01] *** Joins: CCFL_Man (a782cf8b70@c-73-64-119-64.hsd1.pa.comcast.net)
[01:28:08] *** Joins: plutobot (~plutobot@188.166.26.149)
[01:28:42] *** Joins: DacoTaco (~DacoTaco@178-119-112-131.access.telenet.be)
[01:33:15] *** Joins: des^ (~des@31.16.128.6)
[01:35:07] *** Quits: naehrwert (~naehrwert@8.38.88.201) (Ping timeout: 745 seconds)
[01:35:12] *** Joins: naehrwert (~naehrwert@8.38.88.201)
[02:24:04] *** Quits: refs (~refs@p200300dd87149d00816a79cf6c267e10.dip0.t-ipconnect.de) (Quit: refs)
[03:12:15] *** Quits: blasty (~blasty@haxx.in) (Read error: Operation timed out)
[03:12:41] *** Joins: refsw` (~refsw@80.150.130.51)
[03:13:18] <plutobot> Wiki | Page changed: JIT services | User: yls8 | https://switchbrew.org/w/index.php?curid=330&diff=9979&oldid=9260
[03:14:13] *** Quits: refsw (~refsw@80.150.130.51) (Read error: Operation timed out)
[03:22:57] *** Joins: hordak_ (~hordak@cautio.us)
[03:24:49] *** Quits: d3m3vilur (sid4654@charlton.irccloud.com) (Ping timeout: 1221 seconds)
[03:25:14] *** Quits: lex1 (lex@yuuh.pw) (Read error: Operation timed out)
[03:33:30] *** Quits: hordak (hordak@cautio.us) (Read error: Operation timed out)
[03:33:30] *** hordak_ is now known as hordak
[03:35:04] *** Joins: lex1 (lex@yuuh.pw)
[03:36:32] *** Quits: IShaDoWl (~IShaDoWl@131.red-79-150-215.dynamicip.rima-tde.net) ()
[03:39:48] *** Joins: d3m3vilur (sid4654@id-4654.charlton.irccloud.com)
[03:40:18] *** Joins: blasty (~blasty@haxx.in)
[04:20:41] *** Joins: dibas (~dibas@wild.uberspace.de)
[04:22:51] *** Joins: hthh (~hthh@hh.ht)
[04:47:51] *** Joins: changO- (~Changolan@ip70-187-147-196.oc.oc.cox.net)
[04:50:01] *** Joins: rajkosto (~rajkosto@cable-178-149-112-48.dynamic.sbb.rs)
[05:14:22] *** Quits: fgsfds (~figgis@93.123.144.171) (Read error: Connection reset by peer)
[06:31:41] *** Quits: GerbilSof (~GerbilSof@pool-108-24-138-55.cmdnnj.fios.verizon.net) (Quit: Windows must now restart because the Remote Procedure Call (RPC) service terminated unexpectedly.)
[06:52:48] *** Joins: GerbilSof (~GerbilSof@pool-108-24-138-55.cmdnnj.fios.verizon.net)
[06:57:27] *** Quits: |Shadow| (~Shadow1@ip68-12-213-93.ok.ok.cox.net) (Read error: Operation timed out)
[07:07:31] *** Joins: foghorn3 (~meh@107-198-163-1.lightspeed.rcsntx.sbcglobal.net)
[07:08:51] *** Quits: foghorn3 (~meh@107-198-163-1.lightspeed.rcsntx.sbcglobal.net) (Remote host closed the connection)
[07:13:56] *** Quits: foghorn2 (~meh@107-198-163-1.lightspeed.rcsntx.sbcglobal.net) (Read error: Operation timed out)
[07:14:39] *** Joins: foghorn3 (~meh@107-198-163-1.lightspeed.rcsntx.sbcglobal.net)
[07:14:50] *** Quits: foghorn3 (~meh@107-198-163-1.lightspeed.rcsntx.sbcglobal.net) (Remote host closed the connection)
[07:15:10] *** Joins: foghorn3 (~meh@107-198-163-1.lightspeed.rcsntx.sbcglobal.net)
[07:16:06] *** Joins: |Shadow| (~Shadow1@ip68-12-213-93.ok.ok.cox.net)
[07:55:20] *** TAL_ is now known as TAL
[07:58:06] <plutobot> Wiki | Page changed: JIT services | User: yls8 | https://switchbrew.org/w/index.php?curid=330&diff=9980&oldid=9979
[08:23:14] <plutobot> Wiki | Page changed: JIT services | User: yls8 | https://switchbrew.org/w/index.php?curid=330&diff=9981&oldid=9980
[08:53:45] *** Quits: rajkosto (~rajkosto@cable-178-149-112-48.dynamic.sbb.rs) (Read error: Connection reset by peer)
[09:51:16] <plutobot> Wiki | Page changed: PTM services | User: Endrift | https://switchbrew.org/w/index.php?curid=165&diff=9982&oldid=9977
[10:31:50] *** Joins: IShaDoWl (~IShaDoWl@131.red-79-150-215.dynamicip.rima-tde.net)
[10:54:03] <plutobot> GitHub | New PR: Add targets p... | User: endrift | https://github.com/switchbrew/switch-examples/pull/86
[12:50:52] *** Joins: xx_ns (~neonsea@nns.ee)
[12:50:53] *** Quits: neonsea (~neonsea@nns.ee) (Read error: Connection reset by peer)
[13:58:18] *** Surkow_ is now known as Surkow
[14:07:13] *** Quits: |Shadow| (~Shadow1@ip68-12-213-93.ok.ok.cox.net) ()
[14:13:40] *** Joins: |Shadow| (~Shadow1@ip68-12-213-93.ok.ok.cox.net)
[16:07:47] *** Quits: lameboy (~lameboy@202-47-121-182.cust.dcsi.net.au) (Ping timeout: 186 seconds)
[16:14:44] *** Joins: fgsfds (~figgis@93.123.144.171)
[17:33:41] *** Joins: changoXPR (~Changolan@ip70-187-147-196.oc.oc.cox.net)
[17:34:20] *** Quits: changO- (~Changolan@ip70-187-147-196.oc.oc.cox.net) (ny.us.hub irc.Prison.NET)
[17:35:01] *** Quits: nullstrin (~nullstrin@cermak.nullstring.io) (Read error: Operation timed out)
[17:39:05] *** Joins: nullstrin (~nullstrin@cermak.nullstring.io)
[17:53:42] *** Joins: figgis_ (~figgis@93.123.144.171)
[17:55:29] *** Joins: refsw2 (~refsw@80.150.130.51)
[17:56:55] *** Quits: plutobot (~plutobot@188.166.26.149) (Ping timeout: 272 seconds)
[17:58:11] *** Quits: refsw` (~refsw@80.150.130.51) (Ping timeout: 272 seconds)
[17:58:11] *** Quits: des^ (~des@31.16.128.6) (Ping timeout: 272 seconds)
[17:58:11] *** Quits: DacoTaco (~DacoTaco@178-119-112-131.access.telenet.be) (Ping timeout: 272 seconds)
[17:59:26] *** Quits: fgsfds (~figgis@93.123.144.171) (Ping timeout: 622 seconds)
[19:22:59] *** Joins: plutobot (~plutobot@188.166.26.149)
[19:24:02] <plutobot> Wiki | Page changed: JIT services | User: yls8 | https://switchbrew.org/w/index.php?curid=330&diff=9984&oldid=9983
[19:24:30] *** Joins: DacoTaco (~DacoTaco@178-119-112-131.access.telenet.be)
[19:27:34] *** Joins: des^ (~des@ip1f108006.dynamic.kabel-deutschland.de)
[19:32:22] <plutobot> Wiki | Page changed: JIT services | User: yls8 | https://switchbrew.org/w/index.php?curid=330&diff=9985&oldid=9984
[19:37:38] <plutobot> Wiki | Page changed: JIT services | User: yls8 | https://switchbrew.org/w/index.php?curid=330&diff=9986&oldid=9985
[22:05:09] *** Joins: refs (~refs@p200300dd87084d00b57c819122f573e4.dip0.t-ipconnect.de)
