[00:46:22] *** Quits: KuKzz (KuKzz@95.143.216.177) (Ping timeout: 745 seconds)
[00:53:48] *** Joins: KuKzz (~KuKzz@95.143.216.177)
[02:21:47] *** Quits: nohit (sid334887@id-334887.hathersage.irccloud.com) (Quit: Connection closed for inactivity)
[02:46:15] *** Quits: refs (~refs@p200300dd87084d00b57c819122f573e4.dip0.t-ipconnect.de) (Quit: refs)
[03:39:49] *** Quits: averne (~averne@176-179-35-51.abo.bbox.fr) (quit)
[03:43:31] *** Joins: averne (~averne@176-179-35-51.abo.bbox.fr)
[03:43:31] *** Server sets mode: +stn 
[03:50:28] *** Quits: averne (~averne@176-179-35-51.abo.bbox.fr) (quit)
[03:58:18] *** Joins: averne (~averne@176-179-35-51.abo.bbox.fr)
[03:58:18] *** Server sets mode: +stn 
[04:59:56] *** Joins: lameboy (~lameboy@202-47-121-182.cust.dcsi.net.au)
[05:41:08] *** Quits: figgis_ (~figgis@93.123.144.171) (Read error: Connection reset by peer)
[07:03:38] *** Quits: nullstrin (~nullstrin@cermak.nullstring.io) (Read error: Operation timed out)
[07:07:25] *** Joins: nullstrin (~nullstrin@cermak.nullstring.io)
[11:41:44] *** Quits: Normmatt (~Normmatt@cloud.normmatt.com) (Quit: ZNC - http://znc.in)
[11:42:50] *** Joins: Galaxy|_ (~galaxy@174-083-197-034.res.spectrum.com)
[11:43:37] *** Quits: Galaxy| (~galaxy@174-083-197-034.res.spectrum.com) (Read error: Operation timed out)
[11:43:37] *** Galaxy|_ is now known as Galaxy|
[12:01:06] *** Joins: Normmatt (~Normmatt@cloud.normmatt.com)
[12:54:17] *** Joins: nohit (sid334887@id-334887.hathersage.irccloud.com)
[13:41:59] *** Quits: xx_ns (~neonsea@nns.ee) (Quit: quit)
[16:41:56] *** Quits: Galaxy| (~galaxy@174-083-197-034.res.spectrum.com) (Quit: Quit.)
[17:07:08] *** Joins: Galaxy| (~galaxy@174-083-197-034.res.spectrum.com)
[17:26:00] *** Joins: zini- (~zini@88-113-145-208.elisa-laajakaista.fi)
[17:32:24] *** Quits: zini- (~zini@88-113-145-208.elisa-laajakaista.fi) (Ping timeout: 272 seconds)
[17:34:00] *** Joins: zini- (~zini@88-113-145-208.elisa-laajakaista.fi)
[17:34:22] *** Quits: zini (~zini@88-113-145-208.elisa-laajakaista.fi) (Ping timeout: 745 seconds)
[17:39:21] *** Quits: Stary (~Stary@thonk.9net.org) (se.hub irc.underworld.no)
[17:39:21] *** Quits: TAL (~TAL@2a01:4f8:1c1c:116c::1) (se.hub irc.underworld.no)
[17:39:21] *** Quits: m4ts (~mats@s17612523596.blix.com) (se.hub irc.underworld.no)
[17:40:32] *** Joins: TAL (~TAL@2a01:4f8:1c1c:116c::1)
[17:40:32] *** Joins: m4ts (~mats@s17612523596.blix.com)
[17:40:33] *** Joins: fgsfds (~figgis@93.123.144.171)
[17:44:51] *** Joins: Stary_ (~Stary@thonk.9net.org)
[17:45:42] *** Quits: zini- (~zini@88-113-145-208.elisa-laajakaista.fi) (Ping timeout: 272 seconds)
[18:10:33] *** Joins: zini (~zini@88-113-145-208.elisa-laajakaista.fi)
[18:17:22] *** Quits: zini (~zini@88-113-145-208.elisa-laajakaista.fi) (Ping timeout: 272 seconds)
[18:19:54] *** Quits: Stary_ (~Stary@thonk.9net.org) (Ping timeout: 272 seconds)
[18:20:33] *** Quits: DacoTaco (~DacoTaco@178-119-112-131.access.telenet.be) (Ping timeout: 272 seconds)
[18:20:33] *** Quits: plutobot (~plutobot@188.166.26.149) (Ping timeout: 272 seconds)
[18:21:11] *** Quits: des^ (~des@ip1f108006.dynamic.kabel-deutschland.de) (Ping timeout: 272 seconds)
[18:22:00] *** Joins: Stary (~Stary@thonk.9net.org)
[18:44:15] *** Quits: awordnot (~awordnot@c-71-194-7-27.hsd1.il.comcast.net) (Read error: Operation timed out)
[18:45:20] *** Quits: endrift (~endrift@endrift.com) (Read error: Operation timed out)
[18:45:25] *** Joins: figgis_ (~figgis@93.123.144.171)
[18:46:23] *** Quits: nullstrin (~nullstrin@cermak.nullstring.io) (Read error: Operation timed out)
[18:50:32] *** Joins: awordnot (~awordnot@c-71-194-7-27.hsd1.il.comcast.net)
[18:51:12] *** Quits: naehrwert (~naehrwert@8.38.88.201) (Read error: Operation timed out)
[18:51:16] *** Quits: fgsfds (~figgis@93.123.144.171) (Read error: Operation timed out)
[18:51:18] *** Joins: naehrwert (~naehrwert@8.38.88.201)
[18:51:28] *** Joins: nullstrin (~nullstrin@cermak.nullstring.io)
[18:54:05] *** Joins: endrift (~endrift@endrift.com)
[19:20:28] *** Quits: nullstrin (~nullstrin@cermak.nullstring.io) (Read error: Operation timed out)
[19:23:36] *** Joins: plutobot (~plutobot@188.166.26.149)
[19:24:17] *** Joins: DacoTaco (~DacoTaco@178-119-112-131.access.telenet.be)
[19:29:29] *** Joins: des^ (~des@ip1f108006.dynamic.kabel-deutschland.de)
[19:49:15] *** Joins: nullstrin (~nullstrin@cermak.nullstring.io)
[19:54:52] *** Joins: zini (~zini@88-113-145-208.elisa-laajakaista.fi)
[19:59:58] *** Quits: zini (~zini@88-113-145-208.elisa-laajakaista.fi) (Ping timeout: 272 seconds)
[21:30:31] *** Joins: zini (~zini@88-113-145-208.elisa-laajakaista.fi)
[21:39:01] *** Quits: oldtopman (~oldtopman@97-118-95-21.hlrn.qwest.net) (Read error: Operation timed out)
[21:48:42] *** Quits: zini (~zini@88-113-145-208.elisa-laajakaista.fi) (Ping timeout: 745 seconds)
[21:54:51] *** Joins: oldtopman (~oldtopman@75-166-196-176.hlrn.qwest.net)
