[00:40:42] *** Quits Tcm0 (Leaving)
[02:37:41] *** Quits plutobot (Ping timeout: 272 seconds)
[02:38:19] *** Quits DacoTaco (Ping timeout: 272 seconds)
[02:39:08] *** Quits refs (Quit: refs)
[02:52:41] *** Quits nullstrin (Read error: Operation timed out)
[02:56:28] *** Joins nullstrin
[03:34:24] *** Joins figgis__
[03:39:24] *** Joins plutobot
[03:40:02] *** Joins DacoTaco
[03:41:59] *** Quits figgis_ (Read error: Operation timed out)
[05:27:59] *** Quits Normmatt (Quit: ZNC - http://znc.in)
[05:29:08] *** Joins Normmatt
[05:30:52] *** Quits Extrems (Ping timeout: 745 seconds)
[07:11:32] *** Quits figgis__ (Read error: Connection reset by peer)
[07:27:12] *** Joins KuKzz
[07:27:35] *** Quits KuKzz_ (Ping timeout: 496 seconds)
[07:33:59] *** Quits averne_ (quit)
[07:34:16] *** Joins averne
[07:34:16] *** Server sets mode: +stn 
[07:37:41] *** Quits blasty (Read error: Connection reset by peer)
[07:39:23] *** Joins refsw`
[07:43:24] *** Joins GrecKo
[07:43:27] *** Quits GrecKo_ (Read error: Connection reset by peer)
[07:49:39] *** Quits balrog (Read error: Operation timed out)
[07:49:49] *** Quits nullstrin (Read error: Operation timed out)
[07:49:53] *** Joins balrog
[07:50:42] *** Quits refsw (Read error: Operation timed out)
[07:52:55] *** Joins CCFL_Man_
[07:53:47] *** Quits |Shadow| (Read error: Operation timed out)
[07:55:20] *** Quits awordnot (Read error: Operation timed out)
[07:59:20] *** Joins blasty
[08:00:49] *** Quits endrift (Ping timeout: 622 seconds)
[08:02:07] *** Quits CCFL_Man (Read error: Operation timed out)
[08:03:31] *** Quits d3m3vilur (Read error: Operation timed out)
[08:04:16] *** Quits tpw_rules (Ping timeout: 622 seconds)
[08:04:28] *** Quits blasty (Remote host closed the connection)
[08:04:34] *** Joins blasty_
[08:09:05] *** Joins d3m3vilur
[08:09:07] *** Quits j0hny5 (Read error: Operation timed out)
[08:10:11] *** Quits KuKzz (Ping timeout: 272 seconds)
[08:10:45] *** Quits blasty_ (Remote host closed the connection)
[08:11:02] *** Joins blasty
[08:15:06] *** Joins KuKzz
[08:17:59] *** Joins j0hny5
[08:18:00] *** Joins endrift
[08:19:57] *** Joins tpw_rules
[08:20:13] *** Joins awordnot
[08:21:15] *** Joins nullstrin
[08:23:31] *** Joins |Shadow|
[08:56:24] *** Quits DacoTaco (Ping timeout: 272 seconds)
[08:56:24] *** Quits averne (quit)
[08:58:44] *** Joins averne
[08:58:44] *** Server sets mode: +stn 
[09:12:52] *** Joins Galaxy|
[10:00:09] *** Joins plutobot
[10:00:28] *** Joins DacoTaco
[10:09:03] *** Joins Extrems
[13:40:00] *** Quits nullstrin (Read error: Operation timed out)
[13:43:46] *** Joins nullstrin
[15:34:43] *** Quits GerbilSof (Quit: Windows must now restart because the Remote Procedure Call (RPC) service terminated unexpectedly.)
[15:37:15] *** Joins GerbilSof
[16:04:40] *** Quits karolherb (Quit: Konversation terminated!)
[16:14:05] *** Joins karolherb
[18:12:19] *** Joins lilibox
[18:16:28] *** Quits endrift (Read error: Operation timed out)
[18:16:29] *** Quits awordnot (Read error: Connection reset by peer)
[18:16:33] *** Joins awordnot
[18:16:36] *** Joins endrift
[18:19:10] *** Quits |Shadow| (Read error: Operation timed out)
[18:19:57] *** Joins |Shadow|
[19:11:39] *** Quits lilibox ()
[20:39:42] *** Joins Tcm0
[21:07:22] *** Joins refs
[22:33:22] *** Quits karolherb (Quit: Konversation terminated!)
[22:38:51] *** Joins karolherb
[22:39:19] *** Joins lilibox
[23:26:33] *** Quits lilibox ()
