[00:46:27] *** Quits: Tcm0 (~Tcm0@p4fde7244.dip0.t-ipconnect.de) (Leaving)
[02:07:51] *** CCFL_Man_ is now known as CCFL_Man
[02:11:16] *** Quits: karolherb (~kherbst@2a02:8308:b088:c000:2bdf:b7aa:eede:d65f) (Ping timeout: 272 seconds)
[02:17:04] *** Quits: refs (~refs@p200300dd87196d005c74a413701abc5a.dip0.t-ipconnect.de) (Quit: refs)
[02:20:01] *** Joins: fgsfds (~figgis@93.123.144.171)
[02:23:08] *** Joins: karolherb (~kherbst@2a02:8308:b088:c000:2bdf:b7aa:eede:d65f)
[03:14:15] *** Quits: Galaxy| (~galaxy@174-083-197-034.res.spectrum.com) (Quit: Quit.)
[05:00:30] *** Quits: fgsfds (~figgis@93.123.144.171) (Read error: Connection reset by peer)
[05:31:11] *** Joins: Galaxy| (~galaxy@174-083-197-034.res.spectrum.com)
[06:19:54] *** Quits: Galaxy| (~galaxy@174-083-197-034.res.spectrum.com) (Quit.)
[06:25:21] *** Joins: Galaxy| (~galaxy@174-083-197-034.res.spectrum.com)
[06:33:36] *** Quits: Galaxy| (~galaxy@174-083-197-034.res.spectrum.com) (Quit: Quit.)
[06:39:51] *** Joins: Galaxy| (~galaxy@174-083-197-034.res.spectrum.com)
[06:58:36] *** Quits: derk0pf (~derk0pf@p5b2e5d3a.dip0.t-ipconnect.de) (Ping timeout: 265 seconds)
[07:02:52] *** Joins: anewuser (~anewuser@200.75.120.235)
[07:13:02] *** Quits: anewuser (~anewuser@200.75.120.235) (Ping timeout: 376 seconds)
[07:26:41] *** Quits: plutobot (~plutobot@188.166.26.149) (Ping timeout: 272 seconds)
[07:27:57] *** Quits: GerbilSof (~GerbilSof@pool-108-24-138-55.cmdnnj.fios.verizon.net) (Ping timeout: 272 seconds)
[07:27:57] *** Quits: DacoTaco (~DacoTaco@178-119-112-131.access.telenet.be) (Ping timeout: 272 seconds)
[07:28:25] *** Joins: GerbilSof (~GerbilSof@pool-108-24-138-55.cmdnnj.fios.verizon.net)
[08:04:16] *** Quits: Galaxy| (~galaxy@174-083-197-034.res.spectrum.com) (Write error: Broken pipe)
[08:04:22] *** Quits: balrog (~balrog@pool-98-115-168-15.phlapa.fios.verizon.net) (Remote host closed the connection)
[08:05:29] *** Joins: balrog (~balrog@pool-98-115-168-15.phlapa.fios.verizon.net)
[08:16:10] *** Quits: endrift (~endrift@endrift.com) (Read error: Operation timed out)
[08:17:30] *** Quits: nullstrin (~nullstrin@cermak.nullstring.io) (Read error: Operation timed out)
[08:17:53] *** Joins: nullstrin (~nullstrin@cermak.nullstring.io)
[08:17:56] *** Quits: j0hny5 (j0hny5@94.75.242.8) (Read error: Operation timed out)
[08:17:59] *** Joins: GrecKo_ (~grecko@static.183.157.9.5.clients.your-server.de)
[08:19:06] *** Quits: GrecKo (~grecko@static.183.157.9.5.clients.your-server.de) (Read error: Connection reset by peer)
[08:19:19] *** Quits: awordnot (~awordnot@c-71-194-7-27.hsd1.il.comcast.net) (Read error: Connection reset by peer)
[08:19:29] *** Joins: j0hny5 (~j0hny5@94.75.242.8)
[08:19:38] *** Joins: endrift (~endrift@endrift.com)
[08:20:12] *** Joins: awordnot (~awordnot@c-71-194-7-27.hsd1.il.comcast.net)
[08:20:44] *** Joins: |Shadow|_ (~Shadow1@ip68-12-213-93.ok.ok.cox.net)
[08:21:12] *** Quits: |Shadow| (~Shadow1@ip68-12-213-93.ok.ok.cox.net) (Read error: Operation timed out)
[08:21:42] *** |Shadow|_ is now known as |Shadow|
[08:29:35] *** Joins: Galaxy| (~galaxy@174-083-197-034.res.spectrum.com)
[08:32:11] *** Joins: plutobot (~plutobot@188.166.26.149)
[08:33:40] *** Joins: DacoTaco (~DacoTaco@178-119-112-131.access.telenet.be)
[09:19:01] *** Quits: tpw_rules (~tpw_rules@li1059-135.members.linode.com) (Read error: Operation timed out)
[09:19:16] *** Joins: tpw_rules (~tpw_rules@li1059-135.members.linode.com)
[09:22:10] *** Joins: |Shadow|_ (~Shadow1@ip68-12-213-93.ok.ok.cox.net)
[09:22:44] *** Quits: |Shadow| (~Shadow1@ip68-12-213-93.ok.ok.cox.net) (Read error: Operation timed out)
[10:20:12] *** Quits: Galaxy| (~galaxy@174-083-197-034.res.spectrum.com) (Quit: Quit.)
[10:25:44] *** Joins: Galaxy| (~galaxy@174-083-197-034.res.spectrum.com)
[10:36:32] *** Joins: derk0pf (~derk0pf@p5b2e5d3a.dip0.t-ipconnect.de)
[10:44:58] *** Quits: averne (~averne@176-179-35-51.abo.bbox.fr) (quit)
[10:53:17] *** Quits: averne (averne@) (quit)
[10:53:34] *** Joins: averne_ (~averne@176-179-35-51.abo.bbox.fr)
[10:53:34] *** Server sets mode: +stn 
[10:54:00] *** Joins: d3m3vilur (~sid4654@id-4654.charlton.irccloud.com)
[10:55:53] *** Quits: lex1 (lex@yuuh.pw) (Read error: Operation timed out)
[10:56:29] *** Joins: lex1 (~lex@yuuh.pw)
[11:00:49] *** Quits: foghorn3 (~meh@107-198-163-1.lightspeed.rcsntx.sbcglobal.net) (Read error: Connection reset by peer)
[11:00:50] *** Quits: DoozerBot (~DoozerBot@89.7.232.35.bc.googleusercontent.com) (Read error: Connection reset by peer)
[11:01:36] *** Joins: DoozerBot (~DoozerBot@89.7.232.35.bc.googleusercontent.com)
[11:02:27] *** Joins: foghorn (~meh@107-198-163-1.lightspeed.rcsntx.sbcglobal.net)
[11:05:09] *** Quits: b0nez_ (b0nez@162.248.221.94) (Ping timeout: 857 seconds)
[11:07:32] *** Joins: b0nez (~b0nez@162.248.221.94)
[11:08:00] *** Quits: blasty (~blasty@haxx.in) (Read error: Connection reset by peer)
[11:13:44] *** Joins: blasty (~blasty@haxx.in)
[11:29:40] *** Joins: Galaxy| (~galaxy@174-083-197-034.res.spectrum.com)
[11:29:42] *** Joins: plutobot (~plutobot@188.166.26.149)
[11:30:10] *** Joins: DacoTaco (~DacoTaco@178-119-112-131.access.telenet.be)
[11:34:32] *** Quits: hexkyz (~hexkyz@ec2-18-179-123-169.ap-northeast-1.compute.amazonaws.com) (Ping timeout: 745 seconds)
[11:35:20] *** Joins: hexkyz (~hexkyz@ec2-18-179-123-169.ap-northeast-1.compute.amazonaws.com)
[11:36:52] *** Quits: KuKzz_ (KuKzz@95.143.216.177) (Ping timeout: 745 seconds)
[11:37:05] *** Joins: KuKzz (KuKzz@95.143.216.177)
[11:39:47] *** Quits: DoozerBot (~DoozerBot@89.7.232.35.bc.googleusercontent.com) (Ping timeout: 745 seconds)
[11:41:03] *** Joins: DoozerBot (~DoozerBot@89.7.232.35.bc.googleusercontent.com)
[12:16:29] *** Quits: Normmatt (~Normmatt@cloud.normmatt.com) (Quit: ZNC - http://znc.in)
[13:00:36] *** Joins: Normmatt (~Normmatt@cloud.normmatt.com)
[13:09:11] *** |Shadow|_ is now known as |Shadow|
[20:53:18] *** Joins: Kyouju- (~Kyouju@ks3311808.kimsufi.com)
[20:53:18] *** Quits: Kyouju (~Kyouju@ks3311808.kimsufi.com) (Read error: Connection reset by peer)
[20:53:27] *** Kyouju- is now known as Kyouju
[21:02:53] *** Joins: refs (~refs@p200300dd87198c00b09394bef4ed3c94.dip0.t-ipconnect.de)
[21:26:18] *** Quits: WntrMute (~wntrmute@bnc.devkitpro.org) (hub.efnet.us irc.colosolutions.net)
[21:26:18] *** Quits: changO- (~Changolan@ip70-187-147-196.oc.oc.cox.net) (hub.efnet.us irc.colosolutions.net)
[21:26:27] *** Joins: WntrDeaf (~wntrmute@bnc.devkitpro.org)
[21:31:35] *** Joins: changO- (~Changolan@ip70-187-147-196.oc.oc.cox.net)
[21:41:57] *** WntrDeaf is now known as WntrMute
[22:15:14] *** Quits: DacoTaco (~DacoTaco@178-119-112-131.access.telenet.be) (Ping timeout: 272 seconds)
[22:15:15] *** Quits: plutobot (~plutobot@188.166.26.149) (Ping timeout: 272 seconds)
[22:16:32] *** Quits: GrecKo_ (~grecko@static.183.157.9.5.clients.your-server.de) (Read error: Operation timed out)
[22:17:35] *** Joins: GrecKo (~grecko@static.183.157.9.5.clients.your-server.de)
[22:23:38] *** Joins: changoXPR (~Changolan@ip70-187-147-196.oc.oc.cox.net)
[22:28:16] *** Quits: changO- (~Changolan@ip70-187-147-196.oc.oc.cox.net) (Ping timeout: 563 seconds)
[22:28:16] *** changoXPR is now known as changO-
[22:33:19] *** Joins: nullstri1 (~nullstrin@cermak.nullstring.io)
[22:33:35] *** Quits: nullstrin (~nullstrin@cermak.nullstring.io) (Read error: Connection reset by peer)
[22:49:09] *** Joins: nullstrin (~nullstrin@cermak.nullstring.io)
[22:50:12] *** Quits: nullstri1 (~nullstrin@cermak.nullstring.io) (Read error: Operation timed out)
[22:53:35] *** Quits: awordnot (~awordnot@c-71-194-7-27.hsd1.il.comcast.net) (Read error: Operation timed out)
[22:55:33] *** Quits: j0hny5 (~j0hny5@94.75.242.8) (Read error: Operation timed out)
[22:57:30] *** Joins: j0hny5 (j0hny5@94.75.242.8)
[22:57:54] *** Joins: awordnot (~awordnot@c-71-194-7-27.hsd1.il.comcast.net)
[23:00:19] *** Joins: plutobot (~plutobot@188.166.26.149)
[23:00:26] *** Joins: DacoTaco (~DacoTaco@178-119-112-131.access.telenet.be)
[23:07:10] *** Quits: DacoTaco (~DacoTaco@178-119-112-131.access.telenet.be) (Ping timeout: 272 seconds)
[23:07:48] *** Quits: plutobot (~plutobot@188.166.26.149) (Ping timeout: 272 seconds)
[23:13:02] *** Quits: awordnot (~awordnot@c-71-194-7-27.hsd1.il.comcast.net) (Read error: Connection reset by peer)
[23:18:23] *** Quits: j0hny5 (j0hny5@94.75.242.8) (Read error: Operation timed out)
[23:20:53] *** Joins: nullstri1 (~nullstrin@cermak.nullstring.io)
[23:21:04] *** Joins: j0hny5 (j0hny5@94.75.242.8)
[23:21:27] *** Quits: nullstrin (~nullstrin@cermak.nullstring.io) (Read error: Connection reset by peer)
[23:23:14] *** Joins: awordnot (~awordnot@c-71-194-7-27.hsd1.il.comcast.net)
[23:50:39] *** Joins: plutobot (~plutobot@188.166.26.149)
[23:50:55] *** Joins: DacoTaco (~DacoTaco@178-119-112-131.access.telenet.be)
