[00:40:18] *** Quits: Kyouju (~Kyouju@ks3311808.kimsufi.com) (Quit: ZNC 1.7.4+deb0+bionic0 - https://znc.in)
[00:42:10] *** Joins: Kyouju (~Kyouju@ks3311808.kimsufi.com)
[01:18:47] *** Quits: klock (~efklock@vps1.ksociety.net) (Read error: Operation timed out)
[02:16:19] *** Quits: refs (~refs@p200300dd87198c00b09394bef4ed3c94.dip0.t-ipconnect.de) (Quit: refs)
[02:26:45] *** Quits: lameboy (~lameboy@202-47-121-182.cust.dcsi.net.au) (Quit: Astalabyebye...)
[03:01:13] *** Joins: klock (~efklock@vps1.ksociety.net)
[03:58:43] *** Quits: balrog (~balrog@pool-98-115-168-15.phlapa.fios.verizon.net) (Quit: Bye)
[03:59:58] *** Joins: balrog (~balrog@98.115.168.15)
[04:01:42] *** Quits: balrog (~balrog@98.115.168.15) (Client Quit)
[04:02:05] *** Joins: balrog (~balrog@pool-98-115-168-15.phlapa.fios.verizon.net)
[04:38:55] *** Quits: awordnot (~awordnot@c-71-194-7-27.hsd1.il.comcast.net) (Read error: Connection reset by peer)
[04:40:53] *** Joins: awordnot (~awordnot@c-71-194-7-27.hsd1.il.comcast.net)
[04:45:41] *** Quits: tpw_rules (~tpw_rules@li1059-135.members.linode.com) (Ping timeout: 622 seconds)
[04:48:13] *** Joins: tpw_rules (~tpw_rules@li1059-135.members.linode.com)
[04:59:24] *** Quits: awordnot (~awordnot@c-71-194-7-27.hsd1.il.comcast.net) (Read error: Connection reset by peer)
[05:00:06] *** Joins: awordnot (~awordnot@c-71-194-7-27.hsd1.il.comcast.net)
[06:07:13] *** Joins: foghorn2 (~meh@107-198-163-1.lightspeed.rcsntx.sbcglobal.net)
[06:10:18] *** Quits: foghorn (~meh@107-198-163-1.lightspeed.rcsntx.sbcglobal.net) (Ping timeout: 265 seconds)
[06:12:10] *** Quits: m4ts (~mats@s17612523596.blix.com) (Ping timeout: 265 seconds)
[06:12:45] *** Joins: m4ts (~mats@s17612523596.blix.com)
[08:16:46] *** Joins: lameboy (~lameboy@202-47-121-182.cust.dcsi.net.au)
[09:15:24] *** Joins: derk0pf (~derk0pf@p5b2e5d3a.dip0.t-ipconnect.de)
[10:56:26] *** Joins: fgsfds (~figgis@93.123.144.171)
[12:06:25] *** Quits: lameboy (~lameboy@202-47-121-182.cust.dcsi.net.au) (Read error: Connection reset by peer)
[12:06:48] *** Joins: lameboy (~lameboy@202-47-121-182.cust.dcsi.net.au)
[12:29:21] *** Quits: lameboy (~lameboy@202-47-121-182.cust.dcsi.net.au) (Read error: Connection reset by peer)
[12:38:19] *** Joins: lameboy (~lameboy@202-47-121-182.cust.dcsi.net.au)
[12:54:18] *** Quits: lameboy (~lameboy@202-47-121-182.cust.dcsi.net.au) (Read error: Connection reset by peer)
[12:54:40] *** Joins: lameboy (~lameboy@202-47-121-182.cust.dcsi.net.au)
[13:06:59] *** Quits: lameboy (~lameboy@202-47-121-182.cust.dcsi.net.au) (Read error: Connection reset by peer)
[13:07:39] *** Joins: lameboy (~lameboy@202-47-121-182.cust.dcsi.net.au)
[15:23:33] *** Quits: balrog (~balrog@pool-98-115-168-15.phlapa.fios.verizon.net) (se.hub ny.us.hub)
[15:23:33] *** Quits: changO- (~Changolan@ip70-187-147-196.oc.oc.cox.net) (se.hub ny.us.hub)
[15:23:33] *** Quits: b0nez (~b0nez@162.248.221.94) (se.hub ny.us.hub)
[15:23:33] *** Quits: Extrems (~gamecube@expert.extremscorner.org) (se.hub ny.us.hub)
[15:23:33] *** Quits: IShaDoWl (~IShaDoWl@131.red-79-150-215.dynamicip.rima-tde.net) (se.hub ny.us.hub)
[15:23:33] *** Quits: AlexAltea (~alexaltea@phi.nz) (se.hub ny.us.hub)
[15:23:33] *** Quits: zombie343 (~zombie343@pool-74-108-60-233.nycmny.fios.verizon.net) (se.hub ny.us.hub)
[15:23:33] *** Quits: cpncok3 (~ice@92-48-84-85.static.as29550.net) (se.hub ny.us.hub)
[15:23:33] *** Quits: nrq (~nrq@ns340910.ip-37-59-40.eu) (se.hub ny.us.hub)
[15:23:33] *** Quits: omlet05 (~quassel@omlet.ovh) (se.hub ny.us.hub)
[15:23:33] *** Quits: ihaveamac (~ihaveamac@ianburgwin.net) (se.hub ny.us.hub)
[15:23:33] *** Quits: Cu3PO42 (~Cu3PO42@159.69.208.45) (se.hub ny.us.hub)
[15:23:33] *** Quits: capin4 (~capin@209.182.233.136) (se.hub ny.us.hub)
[15:23:33] *** Quits: fgsfds (~figgis@93.123.144.171) (se.hub ny.us.hub)
[15:23:33] *** Quits: awordnot (~awordnot@c-71-194-7-27.hsd1.il.comcast.net) (se.hub ny.us.hub)
[15:23:33] *** Quits: tpw_rules (~tpw_rules@li1059-135.members.linode.com) (se.hub ny.us.hub)
[15:23:33] *** Quits: nullstri1 (~nullstrin@cermak.nullstring.io) (se.hub ny.us.hub)
[15:23:33] *** Quits: j0hny5 (j0hny5@94.75.242.8) (se.hub ny.us.hub)
[15:23:33] *** Quits: |Shadow| (~Shadow1@ip68-12-213-93.ok.ok.cox.net) (se.hub ny.us.hub)
[15:23:33] *** Quits: endrift (~endrift@endrift.com) (se.hub ny.us.hub)
[15:23:33] *** Quits: Kyouju (~Kyouju@ks3311808.kimsufi.com) (se.hub ny.us.hub)
[15:23:33] *** Quits: DoozerBot (~DoozerBot@89.7.232.35.bc.googleusercontent.com) (se.hub ny.us.hub)
[15:23:33] *** Quits: Galaxy| (~galaxy@174-083-197-034.res.spectrum.com) (se.hub ny.us.hub)
[15:23:33] *** Quits: CCFL_Man (229f68b967@c-73-64-119-64.hsd1.pa.comcast.net) (se.hub ny.us.hub)
[15:23:33] *** Quits: oldtopman (~oldtopman@75-166-196-176.hlrn.qwest.net) (se.hub ny.us.hub)
[15:23:33] *** Quits: Behemoth_ (~quassel@vmd39331.contaboserver.net) (se.hub ny.us.hub)
[15:23:33] *** Quits: DeusQain_ (quasselcor@mx.qainsworld.com) (se.hub ny.us.hub)
[15:23:33] *** Quits: Surkow (~Surkow@84-104-14-64.cable.dynamic.v4.ziggo.nl) (se.hub ny.us.hub)
[15:23:33] *** Quits: Aaerox (Aaerox@fuckyou.k.thnx.org) (se.hub ny.us.hub)
[15:23:33] *** Quits: giglife (giglife@CPE0492268436b0-CM688f2e1dc9d0.cpe.net.cable.rogers.com) (se.hub ny.us.hub)
[15:23:33] *** Quits: sh0e- (~sh0e@node1.eisenkopf.info) (se.hub ny.us.hub)
[15:23:33] *** Quits: Maylay (~gren@108-198-59-230.lightspeed.miamfl.sbcglobal.net) (se.hub ny.us.hub)
[15:23:33] *** Quits: eggster (~eggster@irchighway.eggy.cc) (se.hub ny.us.hub)
[15:23:33] *** Quits: freundTec (~freundTec@freundtech.com) (se.hub ny.us.hub)
[15:23:33] *** Quits: mtheall (~mtheall@mtheall.com) (se.hub ny.us.hub)
[15:23:33] *** Quits: datagutt (~datagutt@mail.guac.live) (se.hub ny.us.hub)
[15:23:33] *** Quits: TurtleP (~turtlep@bnc.devkitpro.org) (se.hub ny.us.hub)
[15:23:33] *** Quits: yls8bot (~yls8bot@mtheall.com) (se.hub ny.us.hub)
[15:23:33] *** Quits: yellows8 (~yellows8@adiza.nexticom.net) (se.hub ny.us.hub)
[15:23:33] *** Quits: Lightswor (~Lightswor@107.170.253.193) (se.hub ny.us.hub)
[15:24:25] *** Joins: fgsfds (~figgis@93.123.144.171)
[15:24:25] *** Joins: awordnot (~awordnot@c-71-194-7-27.hsd1.il.comcast.net)
[15:24:25] *** Joins: tpw_rules (~tpw_rules@li1059-135.members.linode.com)
[15:24:25] *** Joins: balrog (~balrog@pool-98-115-168-15.phlapa.fios.verizon.net)
[15:24:25] *** Joins: Kyouju (~Kyouju@ks3311808.kimsufi.com)
[15:24:25] *** Joins: j0hny5 (j0hny5@94.75.242.8)
[15:24:25] *** Joins: nullstri1 (~nullstrin@cermak.nullstring.io)
[15:24:25] *** Joins: changO- (~Changolan@ip70-187-147-196.oc.oc.cox.net)
[15:24:25] *** Joins: DoozerBot (~DoozerBot@89.7.232.35.bc.googleusercontent.com)
[15:24:25] *** Joins: Galaxy| (~galaxy@174-083-197-034.res.spectrum.com)
[15:24:25] *** Joins: b0nez (~b0nez@162.248.221.94)
[15:24:25] *** Joins: |Shadow| (~Shadow1@ip68-12-213-93.ok.ok.cox.net)
[15:24:25] *** Joins: endrift (~endrift@endrift.com)
[15:24:25] *** Joins: Extrems (~gamecube@expert.extremscorner.org)
[15:24:25] *** Joins: CCFL_Man (229f68b967@c-73-64-119-64.hsd1.pa.comcast.net)
[15:24:25] *** Joins: IShaDoWl (~IShaDoWl@131.red-79-150-215.dynamicip.rima-tde.net)
[15:24:25] *** Joins: AlexAltea (~alexaltea@phi.nz)
[15:24:25] *** Joins: oldtopman (~oldtopman@75-166-196-176.hlrn.qwest.net)
[15:24:25] *** Joins: zombie343 (~zombie343@pool-74-108-60-233.nycmny.fios.verizon.net)
[15:24:25] *** Joins: cpncok3 (~ice@92-48-84-85.static.as29550.net)
[15:24:25] *** Joins: Behemoth_ (~quassel@vmd39331.contaboserver.net)
[15:24:25] *** Joins: nrq (~nrq@ns340910.ip-37-59-40.eu)
[15:24:25] *** Joins: omlet05 (~quassel@omlet.ovh)
[15:24:25] *** Joins: DeusQain_ (quasselcor@mx.qainsworld.com)
[15:24:25] *** Joins: Surkow (~Surkow@84-104-14-64.cable.dynamic.v4.ziggo.nl)
[15:24:25] *** Joins: Aaerox (Aaerox@fuckyou.k.thnx.org)
[15:24:25] *** Joins: giglife (giglife@CPE0492268436b0-CM688f2e1dc9d0.cpe.net.cable.rogers.com)
[15:24:25] *** Joins: ihaveamac (~ihaveamac@ianburgwin.net)
[15:24:25] *** Joins: sh0e- (~sh0e@node1.eisenkopf.info)
[15:24:25] *** Joins: Maylay (~gren@108-198-59-230.lightspeed.miamfl.sbcglobal.net)
[15:24:25] *** Joins: eggster (~eggster@irchighway.eggy.cc)
[15:24:25] *** Joins: freundTec (~freundTec@freundtech.com)
[15:24:25] *** Joins: capin4 (~capin@209.182.233.136)
[15:24:25] *** Joins: Cu3PO42 (~Cu3PO42@159.69.208.45)
[15:24:25] *** Joins: mtheall (~mtheall@mtheall.com)
[15:24:25] *** Joins: datagutt (~datagutt@mail.guac.live)
[15:24:25] *** Joins: TurtleP (~turtlep@bnc.devkitpro.org)
[15:24:25] *** Joins: yls8bot (~yls8bot@mtheall.com)
[15:24:25] *** Joins: yellows8 (~yellows8@adiza.nexticom.net)
[15:24:25] *** Joins: Lightswor (~Lightswor@107.170.253.193)
[15:24:25] *** hub.efnet.us sets mode: +oo yls8bot yellows8
[15:24:37] *** yls8bot sets mode: +o WntrMute
[15:46:59] *** Quits: ris2z (~2ri@static.200.38.9.176.clients.your-server.de) (Ping timeout: 186 seconds)
[15:51:03] *** Joins: ris2z (~2ri@static.200.38.9.176.clients.your-server.de)
[15:53:25] *** Quits: Normmatt (~Normmatt@cloud.normmatt.com) (se.hub efnet.port80.se)
[15:53:25] *** Quits: hexkyz (~hexkyz@ec2-18-179-123-169.ap-northeast-1.compute.amazonaws.com) (se.hub efnet.port80.se)
[15:53:25] *** Quits: refsw` (~refsw@80.150.130.51) (se.hub efnet.port80.se)
[15:53:25] *** Quits: TAL (~TAL@defiant.tlercher.de) (se.hub efnet.port80.se)
[15:53:25] *** Quits: zini (~zini@88-113-145-208.elisa-laajakaista.fi) (se.hub efnet.port80.se)
[15:53:25] *** Quits: gruetzkop (gruetzkopf@bnc.dont-follow.us) (se.hub efnet.port80.se)
[15:53:25] *** Quits: Jdbye (~furry4lif@me.jdbye.com) (se.hub efnet.port80.se)
[15:53:25] *** Quits: hordak (hordak@cautio.us) (se.hub efnet.port80.se)
[15:53:25] *** Quits: naehrwert (~naehrwert@8.38.88.201) (se.hub efnet.port80.se)
[15:53:25] *** Quits: hthh (~hthh@hh.ht) (se.hub efnet.port80.se)
[15:53:25] *** Quits: dibas (~dibas@wild.uberspace.de) (se.hub efnet.port80.se)
[15:53:25] *** Quits: Phils3r_ (~Phil@2a02:c205:3000:2328::1) (se.hub efnet.port80.se)
[15:53:25] *** Quits: SCV_ (sid226262@id-226262.charlton.irccloud.com) (se.hub efnet.port80.se)
[15:53:25] *** Quits: rjeli___ (sid289321@id-289321.charlton.irccloud.com) (se.hub efnet.port80.se)
[15:53:25] *** Quits: Genolo (~fear@2a01:7e00::f03c:91ff:fe93:8d42) (se.hub efnet.port80.se)
[15:53:25] *** Quits: mid-kid (~mid-kid@2a01:7c8:aac8:1e8:5054:ff:fe5e:cd48) (se.hub efnet.port80.se)
[15:53:25] *** Quits: derrek (PeFOm88DFy@2001:1a50:11:0:5f:8f:acec:1) (se.hub efnet.port80.se)
[15:53:25] *** Quits: lemmu (lemmy@2600:3c00:e000:2e:0:dead:beef:6) (se.hub efnet.port80.se)
[15:53:25] *** Quits: uyjulian (~uyjulian@69-110-38-205.lightspeed.lbcktx.sbcglobal.net) (se.hub efnet.port80.se)
[15:53:25] *** Quits: coriolis (~coriolis@2607:5300:60:2885::1) (se.hub efnet.port80.se)
[15:53:25] *** Quits: MasterGK (~ghabry@datengurke.mastergk.de) (se.hub efnet.port80.se)
[15:53:25] *** Quits: rctgamer3 (~rctgamer3@2a00:f10:121:a00:4ba:60ff:fe00:196c) (se.hub efnet.port80.se)
[15:53:25] *** Quits: Summeli (summeli@irc.summeli.com) (se.hub efnet.port80.se)
[15:55:02] *** Joins: Normmatt (~Normmatt@cloud.normmatt.com)
[15:55:02] *** Joins: hexkyz (~hexkyz@ec2-18-179-123-169.ap-northeast-1.compute.amazonaws.com)
[15:55:02] *** Joins: refsw` (~refsw@80.150.130.51)
[15:55:02] *** Joins: TAL (~TAL@defiant.tlercher.de)
[15:55:02] *** Joins: zini (~zini@88-113-145-208.elisa-laajakaista.fi)
[15:55:02] *** Joins: gruetzkop (gruetzkopf@bnc.dont-follow.us)
[15:55:02] *** Joins: Jdbye (~furry4lif@me.jdbye.com)
[15:55:02] *** Joins: hordak (hordak@cautio.us)
[15:55:02] *** Joins: naehrwert (~naehrwert@8.38.88.201)
[15:55:02] *** Joins: hthh (~hthh@hh.ht)
[15:55:02] *** Joins: dibas (~dibas@wild.uberspace.de)
[15:55:02] *** Joins: Phils3r_ (~Phil@2a02:c205:3000:2328::1)
[15:55:02] *** Joins: SCV_ (sid226262@id-226262.charlton.irccloud.com)
[15:55:02] *** Joins: rjeli___ (sid289321@id-289321.charlton.irccloud.com)
[15:55:02] *** Joins: Genolo (~fear@2a01:7e00::f03c:91ff:fe93:8d42)
[15:55:02] *** Joins: mid-kid (~mid-kid@2a01:7c8:aac8:1e8:5054:ff:fe5e:cd48)
[15:55:02] *** Joins: derrek (PeFOm88DFy@2001:1a50:11:0:5f:8f:acec:1)
[15:55:02] *** Joins: lemmu (lemmy@2600:3c00:e000:2e:0:dead:beef:6)
[15:55:02] *** Joins: uyjulian (~uyjulian@69-110-38-205.lightspeed.lbcktx.sbcglobal.net)
[15:55:02] *** Joins: coriolis (~coriolis@2607:5300:60:2885::1)
[15:55:02] *** Joins: MasterGK (~ghabry@datengurke.mastergk.de)
[15:55:02] *** Joins: rctgamer3 (~rctgamer3@2a00:f10:121:a00:4ba:60ff:fe00:196c)
[15:55:02] *** Joins: Summeli (summeli@irc.summeli.com)
[16:10:54] *** Quits: lameboy (~lameboy@202-47-121-182.cust.dcsi.net.au) (Ping timeout: 265 seconds)
[16:11:10] *** Joins: lameboy (~lameboy@202-47-121-182.cust.dcsi.net.au)
[17:55:29] *** Quits: karolherb (~kherbst@2a02:8308:b088:c000:2bdf:b7aa:eede:d65f) (Quit: Konversation terminated!)
[17:59:10] *** Joins: karolherb (~kherbst@2a02:8308:b088:c000:2bdf:b7aa:eede:d65f)
[18:22:32] *** Quits: lameboy (~lameboy@202-47-121-182.cust.dcsi.net.au) (Read error: Connection reset by peer)
[18:23:03] *** Joins: lameboy (~lameboy@202-47-121-182.cust.dcsi.net.au)
[20:44:56] *** Quits: lameboy (~lameboy@202-47-121-182.cust.dcsi.net.au) (hub.efnet.us irc.Prison.NET)
[21:00:45] *** Joins: lameboy (~lameboy@202-47-121-182.cust.dcsi.net.au)
[21:16:50] *** Quits: fgsfds (~figgis@93.123.144.171) (Remote host closed the connection)
[21:19:33] *** Joins: fgsfds (~figgis@93.123.144.171)
[21:27:22] *** Quits: |Shadow| (~Shadow1@ip68-12-213-93.ok.ok.cox.net) (Read error: Operation timed out)
[21:36:11] *** Joins: |Shadow| (~Shadow1@ip68-12-213-93.ok.ok.cox.net)
[21:38:48] *** Quits: zini (~zini@88-113-145-208.elisa-laajakaista.fi) (Quit: -->)
[21:43:53] *** Joins: zini (~zini@88-113-145-208.elisa-laajakaista.fi)
[21:44:00] *** Quits: |Shadow| (~Shadow1@ip68-12-213-93.ok.ok.cox.net) (Read error: Operation timed out)
[21:47:17] *** Joins: |Shadow| (~Shadow1@ip68-12-213-93.ok.ok.cox.net)
[22:04:01] *** Joins: refs (~refs@p200300dd87173700f854667712fbc584.dip0.t-ipconnect.de)
[23:24:37] *** Quits: tpw_rules (~tpw_rules@li1059-135.members.linode.com) (Read error: Operation timed out)
[23:33:39] *** Joins: tpw_rules (~tpw_rules@li1059-135.members.linode.com)
[23:38:31] *** Quits: awordnot (~awordnot@c-71-194-7-27.hsd1.il.comcast.net) (Read error: Operation timed out)
[23:41:04] *** Joins: awordnot (~awordnot@c-71-194-7-27.hsd1.il.comcast.net)
