[00:03:44] *** Quits: averne_ (~averne@176-179-35-51.abo.bbox.fr) (quit)
[00:07:44] *** Joins: averne (~averne@176-179-35-51.abo.bbox.fr)
[00:07:44] *** Server sets mode: +stn 
[00:19:21] *** Quits: averne (~averne@176-179-35-51.abo.bbox.fr) (quit)
[00:25:32] *** Joins: averne (~averne@176-179-35-51.abo.bbox.fr)
[00:25:32] *** Server sets mode: +stn 
[00:31:15] *** Quits: averne (~averne@176-179-35-51.abo.bbox.fr) (quit)
[00:40:32] *** Joins: averne (~averne@176-179-35-51.abo.bbox.fr)
[00:41:18] *** Server sets mode: +stn 
[00:44:18] *** Quits: averne (~averne@176-179-35-51.abo.bbox.fr) (quit)
[01:22:19] *** Joins: averne (~averne@176-179-35-51.abo.bbox.fr)
[01:22:19] *** Server sets mode: +stn 
[01:25:19] *** Quits: averne (~averne@176-179-35-51.abo.bbox.fr) (quit)
[01:45:52] *** Joins: averne (~averne@176-179-35-51.abo.bbox.fr)
[01:45:52] *** Server sets mode: +stn 
[01:50:24] *** Quits: averne (~averne@176-179-35-51.abo.bbox.fr) (quit)
[02:04:02] *** Joins: averne (~averne@176-179-35-51.abo.bbox.fr)
[02:04:02] *** Server sets mode: +stn 
[02:07:03] *** Quits: averne (~averne@176-179-35-51.abo.bbox.fr) (quit)
[02:13:58] *** Joins: averne (~averne@176-179-35-51.abo.bbox.fr)
[02:16:42] *** Server sets mode: +stn 
[02:37:30] *** Quits: refs (~refs@p200300dd87173700f854667712fbc584.dip0.t-ipconnect.de) (Quit: refs)
[03:04:35] <plutobot> Wiki | Page changed: Error codes | User: KiwiBird97 | https://switchbrew.org/w/index.php?curid=82&diff=10002&oldid=9951
[03:51:23] *** Quits: nullstri1 (~nullstrin@cermak.nullstring.io) (Read error: Operation timed out)
[03:55:09] *** Joins: nullstrin (~nullstrin@cermak.nullstring.io)
[05:17:57] *** phigcloud is now known as phigan
[05:22:51] *** Quits: averne (~averne@176-179-35-51.abo.bbox.fr) (quit)
[05:35:20] *** Joins: averne (~averne@176-179-35-51.abo.bbox.fr)
[05:35:26] *** Server sets mode: +stn 
[05:40:28] *** Quits: averne (~averne@176-179-35-51.abo.bbox.fr) (quit)
[05:49:09] *** Joins: averne (~averne@176-179-35-51.abo.bbox.fr)
[05:52:09] *** Quits: averne (~averne@176-179-35-51.abo.bbox.fr) (quit)
[05:57:54] *** Joins: averne (~averne@176-179-35-51.abo.bbox.fr)
[05:57:56] *** Server sets mode: +stn 
[06:00:57] *** Quits: averne (~averne@176-179-35-51.abo.bbox.fr) (quit)
[06:03:43] *** Joins: averne (~averne@176-179-35-51.abo.bbox.fr)
[06:03:43] *** Server sets mode: +stn 
[06:05:29] *** Joins: figgis_ (~figgis@93.123.144.171)
[06:08:39] *** Quits: averne (~averne@176-179-35-51.abo.bbox.fr) (quit)
[06:15:37] *** Joins: averne (~averne@176-179-35-51.abo.bbox.fr)
[06:15:42] *** Server sets mode: +stn 
[06:20:25] *** Joins: fgsfds (~figgis@93.123.144.171)
[06:21:08] *** phigan is now known as phigcloud
[06:23:30] *** Quits: figgis_ (~figgis@93.123.144.171) (Ping timeout: 265 seconds)
[06:47:46] *** Quits: fgsfds (~figgis@93.123.144.171) (Read error: Connection reset by peer)
[06:57:48] *** Joins: foghorn (~meh@107-198-163-1.lightspeed.rcsntx.sbcglobal.net)
[07:00:49] *** Quits: averne (~averne@176-179-35-51.abo.bbox.fr) (quit)
[07:01:06] *** Joins: averne_ (~averne@176-179-35-51.abo.bbox.fr)
[07:01:06] *** Server sets mode: +stn 
[07:04:09] *** Quits: averne (~averne@176-179-35-51.abo.bbox.fr) (Read error: Operation timed out)
[07:04:16] *** Quits: foghorn2 (~meh@107-198-163-1.lightspeed.rcsntx.sbcglobal.net) (Read error: Operation timed out)
[09:07:19] *** Quits: changO- (~Changolan@ip70-187-147-196.oc.oc.cox.net) (Read error: Connection reset by peer)
[19:30:27] *** Joins: fgsfds (~figgis@93.123.144.171)
[20:07:42] *** Joins: derk0pf_ (~derk0pf@p5b2e5d3a.dip0.t-ipconnect.de)
[20:07:42] *** Quits: averne_ (~averne@176-179-35-51.abo.bbox.fr) (quit)
[20:07:59] *** Joins: averne (~averne@176-179-35-51.abo.bbox.fr)
[20:07:59] *** Server sets mode: +stn 
[20:08:21] *** Quits: DacoTaco (~DacoTaco@178-119-112-131.access.telenet.be) (Ping timeout: 272 seconds)
[20:08:59] *** Quits: derk0pf (~derk0pf@p5b2e5d3a.dip0.t-ipconnect.de) (Ping timeout: 272 seconds)
[21:12:47] *** Joins: plutobot (~plutobot@188.166.26.149)
[21:13:08] *** Joins: DacoTaco (~DacoTaco@178-119-112-131.access.telenet.be)
[21:16:14] *** Quits: derk0pf_ (~derk0pf@p5b2e5d3a.dip0.t-ipconnect.de) (Read error: Operation timed out)
