[01:18:15] *** Quits fgsfds (Remote host closed the connection)
[01:18:51] *** Joins fgsfds
[01:19:45] *** Quits fgsfds (Remote host closed the connection)
[01:20:08] *** Joins fgsfds
[01:35:03] *** Quits endrift (Read error: Operation timed out)
[01:37:03] *** Quits tpw_rules (Read error: Operation timed out)
[01:39:25] *** Joins tpw_rules
[01:43:07] *** Joins foghorn3
[01:43:16] *** Joins endrift
[01:46:27] *** Quits awordnot (Read error: Connection reset by peer)
[01:48:59] *** Joins figgis_
[01:49:23] *** Joins awordnot
[01:51:38] *** Quits foghorn (Ping timeout: 622 seconds)
[01:55:51] *** Quits fgsfds (Ping timeout: 622 seconds)
[08:29:53] *** Quits figgis_ (Read error: Connection reset by peer)
[08:51:31] *** Quits plutobot (Ping timeout: 272 seconds)
[08:52:09] *** Quits DacoTaco (Ping timeout: 272 seconds)
[08:54:11] *** Quits lameboy (Ping timeout: 186 seconds)
[08:54:53] *** Joins lameboy
[09:54:54] *** Joins plutobot
[09:55:26] *** Joins DacoTaco
[14:06:30] *** Quits giglife (Read error: Operation timed out)
[14:49:56] *** Joins giglife
[17:53:37] *** Quits Surkow (Remote host closed the connection)
[17:56:33] *** Joins Surkow
[18:05:14] *** Joins fgsfds
[18:23:42] *** Joins refs
[19:00:52] <plutobot> Wiki | Page changed: PTM services | User: Masagrator | https://switchbrew.org/w/index.php?curid=165&diff=10003&oldid=9982
[20:32:30] *** Joins changO-
[20:42:55] <plutobot> Wiki | Page changed: PTM services | User: Masagrator | https://switchbrew.org/w/index.php?curid=165&diff=10004&oldid=10003
[22:14:55] *** Joins WntrDeaf
[22:15:56] *** Joins fincs_
[22:18:11] *** Quits m4ts (se.hub irc.underworld.no)
[22:18:11] *** Quits klock (se.hub irc.underworld.no)
[22:18:11] *** Quits WntrMute (se.hub irc.underworld.no)
[22:18:11] *** Quits GerbilSof (se.hub irc.underworld.no)
[22:18:11] *** Quits fincs (se.hub irc.underworld.no)
[22:18:11] *** Quits Stary (se.hub irc.underworld.no)
[22:19:26] *** Joins GerbilS4
[22:25:36] *** Joins klockee
[22:29:27] *** Joins Stary_
[22:33:55] *** WntrDeaf is now known as WntrMute
[22:33:56] *** fincs_ is now known as fincs
