[02:28:40] <plutobot> Wiki | Page changed: PTM services | User: Ctcaer | https://switchbrew.org/w/index.php?curid=165&diff=10005&oldid=10004
[03:58:47] *** Joins changoXPR
[03:59:05] *** Quits changO- (ny.us.hub irc.Prison.NET)
[04:58:19] *** Quits refs (Quit: refs)
[05:47:14] *** Joins figgis_
[05:47:59] *** Joins foghorn
[05:48:15] *** Quits endrift (Read error: Operation timed out)
[05:48:34] *** Quits nullstrin (Read error: Operation timed out)
[05:48:42] *** Quits giglife (Read error: Operation timed out)
[05:48:45] *** Joins giglife
[05:49:10] *** Quits awordnot (Read error: Operation timed out)
[05:50:30] *** Joins endrift
[05:50:40] *** Joins awordnot
[05:53:14] *** Quits foghorn3 (Read error: Operation timed out)
[05:53:39] *** Joins nullstrin
[05:54:43] *** Quits fgsfds (Read error: Operation timed out)
[06:53:54] *** Joins rajkosto
[06:56:54] *** Quits averne (quit)
[07:05:17] *** Joins averne
[07:05:17] *** Server sets mode: +stn 
[07:20:13] *** Quits rajkosto (ircd.choopa.net irc.Prison.NET)
[07:21:17] *** Joins rajko
[07:46:08] *** Joins m4ts
[08:04:12] *** Quits averne (quit)
[08:04:30] *** Joins averne
[08:04:30] *** Server sets mode: +stn 
[08:04:38] *** Joins GerbilS4
[08:04:43] *** Joins Stary
[08:04:51] *** Quits GrecKo_ (Ping timeout: 272 seconds)
[08:04:54] *** Joins GrecKo
[08:05:31] *** Quits plutobot (Ping timeout: 272 seconds)
[09:07:53] *** Joins plutobot
[09:08:56] *** Joins DacoTaco
[09:28:42] *** Quits rajko (Read error: Connection reset by peer)
[09:44:01] *** Quits figgis_ (Read error: Connection reset by peer)
[10:15:57] *** Quits DacoTaco (Ping timeout: 272 seconds)
[10:16:35] *** Quits plutobot (Ping timeout: 272 seconds)
[11:20:45] *** Joins plutobot
[11:22:41] *** Joins DacoTaco
[13:35:43] *** Joins refs
[14:43:13] *** Quits DacoTaco (Ping timeout: 272 seconds)
[14:43:13] *** Quits plutobot (Ping timeout: 272 seconds)
[15:46:30] *** Joins zipperhea
[15:46:36] *** Joins plutobot
[15:46:51] *** Joins DacoTaco
[15:51:37] *** Quits zipperhea ()
[22:49:59] *** Joins fgsfds
[23:16:44] *** Quits IShaDoWl ()
[23:17:41] *** Joins IShaDoWl
