[01:05:01] *** Quits: m4ts (~mats@176.125.235.96) (Ping timeout: 265 seconds)
[01:20:03] *** Joins: m4ts_ (~mats@176.125.235.106)
[04:15:31] *** Quits: karolherb (~kherbst@2a02:8308:b088:c000:2bdf:b7aa:eede:d65f) (Remote host closed the connection)
[04:16:14] *** Joins: karolherb (~kherbst@2a02:8308:b088:c000:2bdf:b7aa:eede:d65f)
[04:27:32] *** Joins: changO- (~Changolan@ip70-187-147-196.oc.oc.cox.net)
[04:35:47] *** Quits: changoXPR (~Changolan@ip70-187-147-196.oc.oc.cox.net) (Ping timeout: 745 seconds)
[04:35:47] *** Quits: awordnot (~awordnot@c-71-194-7-27.hsd1.il.comcast.net) (Read error: Connection reset by peer)
[04:35:55] *** Joins: awordnot (~awordnot@c-71-194-7-27.hsd1.il.comcast.net)
[04:40:31] *** Quits: refs (~refs@p200300dd87479900c959c7798f8e55d4.dip0.t-ipconnect.de) (Quit: refs)
[05:17:00] *** Quits: CCFL_Man (229f68b967@c-73-64-119-64.hsd1.pa.comcast.net) (Read error: Operation timed out)
[05:24:48] *** Joins: CCFL_Man (fa82510327@c-73-64-119-64.hsd1.pa.comcast.net)
[05:40:45] *** Quits: CCFL_Man (fa82510327@c-73-64-119-64.hsd1.pa.comcast.net) (Read error: Operation timed out)
[05:54:18] *** Joins: CCFL_Man (ded8d86e4f@c-73-64-119-64.hsd1.pa.comcast.net)
[06:18:07] *** Quits: CCFL_Man (ded8d86e4f@c-73-64-119-64.hsd1.pa.comcast.net) (Read error: Operation timed out)
[06:20:10] *** Joins: CCFL_Man (4a6ae030be@c-73-64-119-64.hsd1.pa.comcast.net)
[08:36:17] *** Quits: fgsfds (~figgis@93.123.144.171) (Read error: Connection reset by peer)
[08:49:24] *** Joins: m4ts- (~mats@s176125235116.blix.com)
[08:52:24] *** Quits: m4ts_ (~mats@176.125.235.106) (Ping timeout: 265 seconds)
[10:43:01] *** Quits: m4ts- (~mats@s176125235116.blix.com) (se.hub irc.underworld.no)
[10:43:01] *** Quits: Stary (~Stary@thonk.9net.org) (se.hub irc.underworld.no)
[11:25:28] *** Joins: Stary (~Stary@thonk.9net.org)
[14:50:10] <plutobot> Wiki | Page changed: PTM services | User: Masagrator | https://switchbrew.org/w/index.php?curid=165&diff=10006&oldid=10005
[14:50:20] <plutobot> Wiki | Page changed: PTM services | User: Masagrator | https://switchbrew.org/w/index.php?curid=165&diff=10007&oldid=10006
[15:32:38] <plutobot> Wiki | Page changed: PTM services | User: Masagrator | https://switchbrew.org/w/index.php?curid=165&diff=10008&oldid=10007
[15:35:11] <plutobot> Wiki | Page changed: PTM services | User: Masagrator | https://switchbrew.org/w/index.php?curid=165&diff=10009&oldid=10008
[15:54:04] *** Joins: fgsfds (~figgis@93.123.144.171)
[15:56:32] *** Quits: IShaDoWl (~IShaDoWl@131.red-79-150-215.dynamicip.rima-tde.net) ()
[16:05:58] *** Joins: IShaDoWl (~IShaDoWl@131.red-79-150-215.dynamicip.rima-tde.net)
[18:32:05] *** Joins: zini- (~zini@88-113-145-208.elisa-laajakaista.fi)
[18:32:05] *** Quits: zini (~zini@88-113-145-208.elisa-laajakaista.fi) (Read error: Connection reset by peer)
[18:53:52] *** Quits: naehrwert (~naehrwert@8.38.88.201) (Ping timeout: 745 seconds)
[18:54:00] *** Joins: naehrwert (~naehrwert@8.38.88.201)
[19:40:33] *** Quits: karolherb (~kherbst@2a02:8308:b088:c000:2bdf:b7aa:eede:d65f) (Quit: Konversation terminated!)
[19:50:37] *** Joins: m4ts- (~mats@s17612523583.blix.com)
[19:55:17] *** Joins: karolherb (~kherbst@2a02:8308:b088:c000:2bdf:b7aa:eede:d65f)
[20:16:51] *** Quits: ris2z (~2ri@static.200.38.9.176.clients.your-server.de) (Ping timeout: 186 seconds)
[20:24:49] *** Joins: ris2z (~2ri@static.200.38.9.176.clients.your-server.de)
[21:03:45] *** Quits: GerbilS4 (~GerbilSof@pool-108-24-138-55.cmdnnj.fios.verizon.net) (Remote host closed the connection)
[21:06:37] *** Joins: GerbilSof (~GerbilSof@pool-108-24-138-55.cmdnnj.fios.verizon.net)
[21:26:41] *** Joins: ave_ (~ave_@79.110.170.32)
[21:44:26] *** Joins: refs (~refs@p200300dd87114500148e31e8c9d076e4.dip0.t-ipconnect.de)
[23:15:35] *** Quits: karolherb (~kherbst@2a02:8308:b088:c000:2bdf:b7aa:eede:d65f) (Quit: Konversation terminated!)
[23:20:03] *** Joins: karolherb (~kherbst@2a02:8308:b088:c000:2bdf:b7aa:eede:d65f)
[23:47:25] *** Quits: GerbilSof (~GerbilSof@pool-108-24-138-55.cmdnnj.fios.verizon.net) (Read error: Connection reset by peer)
[23:48:30] *** Joins: GerbilSof (~GerbilSof@pool-108-24-138-55.cmdnnj.fios.verizon.net)
