[01:42:14] *** Quits averne (quit)
[01:44:35] *** Joins averne_
[01:44:35] *** Server sets mode: +stn 
[01:47:10] *** Quits lex1 (Read error: Operation timed out)
[01:47:38] *** Quits KuKzz (Read error: Operation timed out)
[01:47:47] *** Joins KuKzz
[01:48:06] *** Quits averne (Read error: Operation timed out)
[01:57:56] *** Quits blasty (Read error: Operation timed out)
[02:03:04] *** Quits d3m3vilur (Ping timeout: 857 seconds)
[02:06:10] *** Joins d3m3vilur
[02:08:22] *** Quits zombie343 (Read error: Operation timed out)
[02:08:40] *** Quits capin4 (Read error: Operation timed out)
[02:08:44] *** Joins zombie343
[02:08:49] *** Joins capin4
[02:12:21] *** Joins blasty
[02:13:48] *** Joins lex1
[02:14:13] *** Joins foghorn2
[02:14:45] *** Joins omlet05_
[02:15:19] *** Quits b0nez (Read error: Operation timed out)
[02:15:28] *** Joins b0nez
[02:17:03] *** Joins cpnc0ke
[02:17:43] *** Quits AlexAltea (Read error: Operation timed out)
[02:18:04] *** Joins AlexAltea
[02:18:12] *** Joins nrq_
[02:18:15] *** Quits omlet05 (Ping timeout: 496 seconds)
[02:18:47] *** Quits Extrems (Ping timeout: 496 seconds)
[02:18:50] *** Joins Extrems
[02:19:19] *** Quits cpncok3 (Ping timeout: 496 seconds)
[02:20:12] *** Quits Cu3PO42 (Read error: Operation timed out)
[02:21:27] *** Quits foghorn (Ping timeout: 496 seconds)
[02:24:39] *** Quits nrq (Ping timeout: 744 seconds)
[02:25:37] *** Quits refs (Quit: refs)
[02:26:20] *** Joins Cu3PO42
[03:42:12] *** Quits blasty (Read error: Operation timed out)
[03:43:32] *** Quits lex1 (Read error: Operation timed out)
[03:43:45] *** Quits d3m3vilur (Read error: Operation timed out)
[03:52:48] *** Joins d3m3vilur
[03:52:51] *** Joins blasty
[03:52:53] *** Joins lex1
[06:21:31] *** Quits capin4 (hub.efnet.us irc.Prison.NET)
[06:21:31] *** Quits IShaDoWl (hub.efnet.us irc.Prison.NET)
[06:21:40] *** Joins capin
[06:34:05] *** Quits lex1 (Read error: Operation timed out)
[06:35:05] *** Joins CCFL_Man_
[06:37:11] *** Joins IShaDoWl
[06:37:20] *** Joins lex1
[06:37:26] *** Quits IShaDoWl (Client Quit)
[06:37:49] *** Joins IShaDoWl
[06:38:27] *** Quits IShaDoWl (Client Quit)
[06:38:43] *** Joins blasty_
[06:38:43] *** Quits blasty (Read error: Connection reset by peer)
[06:38:44] *** Joins IShaDoWl
[06:41:27] *** Quits CCFL_Man (Ping timeout: 745 seconds)
[06:42:02] *** CCFL_Man_ is now known as CCFL_Man
[07:00:08] *** Joins CCFL_Man_
[07:02:22] *** Quits CCFL_Man (Read error: Operation timed out)
[07:11:01] *** Quits averne_ (quit)
[07:17:21] *** Joins averne
[07:17:21] *** Server sets mode: +stn 
[08:21:10] *** Quits DeusQain_ (Read error: Operation timed out)
[08:22:51] *** Quits fgsfds (Read error: Connection reset by peer)
[08:35:00] *** Joins DeusQain
[10:52:17] *** Quits Cu3PO42 (Ping timeout: 745 seconds)
[10:58:25] *** Joins Cu3PO42
[14:32:56] *** Quits nullstrin (Read error: Operation timed out)
[14:36:43] *** Joins nullstrin
[16:20:47] *** Joins fgsfds
[18:36:02] *** Quits Cu3PO42 (Ping timeout: 745 seconds)
[18:56:16] *** Joins Cu3PO42
[20:32:05] *** Joins figgis_
[20:39:11] *** Quits fgsfds (Ping timeout: 622 seconds)
[21:17:13] *** Joins CCFL_Man
[21:18:00] *** Quits CCFL_Man_ (Ping timeout: 265 seconds)
[21:35:06] *** Joins refs
[23:27:54] *** Joins anewuser
[23:56:05] *** Quits anewuser (Remote host closed the connection)
[23:56:27] *** Joins anewuser
