[00:14:06] *** Quits: anewuser (~anewuser@200.75.120.9) (Remote host closed the connection)
[00:14:29] *** Joins: anewuser (~anewuser@200.75.120.9)
[00:29:36] *** Quits: anewuser (~anewuser@200.75.120.9) (Remote host closed the connection)
[00:30:12] *** Joins: anewuser (~anewuser@200.75.120.9)
[00:39:02] *** Quits: anewuser (~anewuser@200.75.120.9) (Read error: Operation timed out)
[00:54:59] *** Joins: CCFL_Man_ (~closet@mobile-166-171-57-101.mycingular.net)
[00:59:50] *** Joins: CCFL_Man1 (434e0e0270@c-73-64-119-64.hsd1.pa.comcast.net)
[01:00:11] *** Quits: CCFL_Man_ (~closet@mobile-166-171-57-101.mycingular.net) (Ping timeout: 265 seconds)
[01:00:30] *** Quits: CCFL_Man (~closet@c-73-64-119-64.hsd1.pa.comcast.net) (Read error: Operation timed out)
[02:24:56] *** Quits: refs (~refs@p200300dd87174200b01d1f382f642ca8.dip0.t-ipconnect.de) (Quit: refs)
[03:42:02] *** Joins: fgsfds (~figgis@93.123.144.171)
[03:50:48] *** Quits: figgis_ (~figgis@93.123.144.171) (se.hub irc.underworld.no)
[03:50:48] *** Quits: m4ts- (~mats@s17612523583.blix.com) (se.hub irc.underworld.no)
[03:50:48] *** Quits: Stary (~Stary@thonk.9net.org) (se.hub irc.underworld.no)
[04:13:56] *** Joins: Stary (~Stary@thonk.9net.org)
[05:43:06] *** CCFL_Man1 is now known as CCFL_Man
[06:23:53] *** Quits: fgsfds (~figgis@93.123.144.171) (Read error: Connection reset by peer)
[08:36:46] *** Joins: m4ts- (~mats@s176125235116.blix.com)
[13:45:32] *** Quits: zini- (~zini@88-113-145-208.elisa-laajakaista.fi) (Ping timeout: 272 seconds)
[15:30:02] *** Joins: fgsfds (~figgis@93.123.144.171)
[15:42:05] *** Quits: Galaxy| (~galaxy@174-083-197-034.res.spectrum.com) (Quit: Quit.)
[15:49:48] *** Joins: Galaxy| (~galaxy@174-083-197-034.res.spectrum.com)
[15:54:07] *** Quits: Galaxy| (~galaxy@174-083-197-034.res.spectrum.com) (Client Quit)
[16:15:17] *** Joins: Galaxy| (~galaxy@174-083-197-034.res.spectrum.com)
[16:39:58] *** Quits: m4ts- (~mats@s176125235116.blix.com) (Ping timeout: 265 seconds)
[16:46:03] *** Quits: GerbilSof (~GerbilSof@pool-108-24-138-55.cmdnnj.fios.verizon.net) (Ping timeout: 272 seconds)
[17:04:20] *** Joins: zini (~zini@88-113-145-208.elisa-laajakaista.fi)
[17:26:17] *** Quits: zini (~zini@88-113-145-208.elisa-laajakaista.fi) (Ping timeout: 745 seconds)
[17:49:43] *** Joins: GerbilSof (~GerbilSof@pool-108-24-138-55.cmdnnj.fios.verizon.net)
[17:53:32] *** Joins: zini (~zini@88-113-145-208.elisa-laajakaista.fi)
[18:17:14] *** Quits: zini (~zini@88-113-145-208.elisa-laajakaista.fi) (Ping timeout: 272 seconds)
[18:42:49] *** Joins: zini (~zini@88-113-145-208.elisa-laajakaista.fi)
[18:48:31] *** Quits: GerbilSof (~GerbilSof@pool-108-24-138-55.cmdnnj.fios.verizon.net) (Quit: Windows must now restart because the Remote Procedure Call (RPC) service terminated unexpectedly.)
[19:04:06] *** Quits: zini (~zini@88-113-145-208.elisa-laajakaista.fi) (Ping timeout: 272 seconds)
[19:04:25] *** Joins: zini (~zini@88-113-145-208.elisa-laajakaista.fi)
[19:06:39] *** Joins: GerbilSof (~GerbilSof@pool-108-24-138-55.cmdnnj.fios.verizon.net)
[19:21:12] *** Quits: zini (~zini@88-113-145-208.elisa-laajakaista.fi) (Ping timeout: 745 seconds)
[19:49:33] *** Joins: zini (~zini@88-113-145-208.elisa-laajakaista.fi)
[20:28:20] *** Quits: DacoTaco (~DacoTaco@178-119-112-131.access.telenet.be) (Ping timeout: 272 seconds)
[20:28:20] *** Quits: averne (~averne@176-179-35-51.abo.bbox.fr) (quit)
[20:28:34] *** Joins: averne (~averne@176-179-35-51.abo.bbox.fr)
[20:28:34] *** Server sets mode: +stn 
[20:28:59] *** Quits: Stary (~Stary@thonk.9net.org) (Ping timeout: 272 seconds)
[20:28:59] *** Quits: AlexAltea (~alexaltea@phi.nz) (Ping timeout: 272 seconds)
[20:28:59] *** Quits: omlet05_ (~quassel@omlet.ovh) (Ping timeout: 272 seconds)
[20:28:59] *** Quits: plutobot (~plutobot@188.166.26.149) (Ping timeout: 272 seconds)
[20:29:01] *** Joins: omlet05 (~quassel@omlet.ovh)
[20:30:55] *** Joins: Stary (~Stary@thonk.9net.org)
[20:31:25] *** Quits: blasty_ (~blasty@haxx.in) (Read error: Operation timed out)
[20:33:15] *** Quits: d3m3vilur (sid4654@charlton.irccloud.com) (Read error: Operation timed out)
[20:36:15] *** Quits: averne (~averne@176-179-35-51.abo.bbox.fr) (quit)
[20:36:28] *** Joins: averne_ (~averne@176-179-35-51.abo.bbox.fr)
[20:36:28] *** Server sets mode: +stn 
[20:36:28] *** Quits: averne (~averne@176-179-35-51.abo.bbox.fr) (Read error: Connection reset by peer)
[20:39:58] *** Joins: blasty (~blasty@haxx.in)
[20:40:30] *** Quits: lex1 (~lex@yuuh.pw) (Read error: Operation timed out)
[20:40:58] *** Joins: lex1 (lex@yuuh.pw)
[20:43:40] *** Joins: AlexAltea (~alexaltea@phi.nz)
[20:48:49] *** Joins: d3m3vilur (sid4654@id-4654.charlton.irccloud.com)
[21:02:31] *** Quits: blasty (~blasty@haxx.in) (Read error: Connection reset by peer)
[21:05:07] *** Quits: averne_ (~averne@176-179-35-51.abo.bbox.fr) (quit)
[21:07:22] *** Joins: averne (~averne@176-179-35-51.abo.bbox.fr)
[21:07:22] *** Server sets mode: +stn 
[21:08:42] *** Joins: blasty (~blasty@haxx.in)
[21:10:36] *** Quits: zini (~zini@88-113-145-208.elisa-laajakaista.fi) (Read error: Connection reset by peer)
[21:12:46] *** Joins: zini (~zini@88-113-145-208.elisa-laajakaista.fi)
[21:24:35] *** Joins: refs (~refs@p200300dd871ac700d5ca9e31c9775ad6.dip0.t-ipconnect.de)
[21:33:24] *** Joins: plutobot (~plutobot@188.166.26.149)
[21:33:57] *** Joins: DacoTaco (~DacoTaco@178-119-112-131.access.telenet.be)
[21:42:47] *** Quits: refsw` (~refsw@80.150.130.51) (Quit: refsw`)
[22:18:40] *** Joins: Snetry (~sentry@dslb-178-001-203-104.178.001.pools.vodafone-ip.de)
[23:13:23] *** Quits: lameboy (~lameboy@202-47-121-182.cust.dcsi.net.au) (Ping timeout: 186 seconds)
[23:42:44] *** Joins: lameboy (~lameboy@202-47-121-182.cust.dcsi.net.au)
