[00:05:56] *** Joins: sh0e (~sh0e@node1.eisenkopf.info)
[00:05:56] *** Quits: sh0e- (~sh0e@node1.eisenkopf.info) (Read error: Connection reset by peer)
[01:57:21] *** Quits: |Shadow| (~Shadow1@ip68-12-213-93.ok.ok.cox.net) ()
[02:15:58] *** Joins: |Shadow| (~Shadow1@ip68-12-213-93.ok.ok.cox.net)
[02:49:59] *** Quits: refs (~refs@p200300dd871ac700d5ca9e31c9775ad6.dip0.t-ipconnect.de) (Quit: refs)
[05:03:38] *** Joins: changoXPR (~Changolan@ip70-187-147-196.oc.oc.cox.net)
[05:08:32] *** Quits: changO- (~Changolan@ip70-187-147-196.oc.oc.cox.net) (Ping timeout: 501 seconds)
[05:08:33] *** changoXPR is now known as changO-
[08:08:20] *** Quits: fgsfds (~figgis@93.123.144.171) (Read error: Connection reset by peer)
[08:21:48] *** Quits: giglife (giglife@CPE0492268436b0-CM688f2e1dc9d0.cpe.net.cable.rogers.com) (Read error: Connection reset by peer)
[08:21:48] *** Joins: giglife_ (giglife@CPE0492268436b0-CM688f2e1dc9d0.cpe.net.cable.rogers.com)
[08:21:58] *** giglife_ is now known as giglife
[13:44:23] *** Joins: refsw (~refsw@80.150.130.51)
[15:29:06] *** Quits: foghorn2 (~meh@107-198-163-1.lightspeed.rcsntx.sbcglobal.net) (Quit: Leaving)
[15:55:20] *** Joins: m4ts_ (~mats@ti0030a400-1616.bb.online.no)
[15:59:02] *** Joins: m4ts- (~mats@s17612523583.blix.com)
[16:02:07] *** Quits: m4ts_ (~mats@ti0030a400-1616.bb.online.no) (Ping timeout: 383 seconds)
[16:36:28] *** Joins: mafcadio (~mafcadio@cpc152593-smal20-2-0-cust83.19-1.cable.virginm.net)
[17:01:55] *** Quits: mafcadio (~mafcadio@cpc152593-smal20-2-0-cust83.19-1.cable.virginm.net) (Quit: mafcadio)
[17:04:25] *** Joins: mafcadio (~mafcadio@cpc152593-smal20-2-0-cust83.19-1.cable.virginm.net)
[18:30:35] *** Joins: des^ (~des@ip1f108006.dynamic.kabel-deutschland.de)
[19:31:28] *** Joins: KuKzz_ (KuKzz@95.143.216.177)
[19:35:55] *** Quits: KuKzz (KuKzz@95.143.216.177) (Ping timeout: 622 seconds)
[19:37:41] *** Joins: foghorn (~meh@107-198-163-1.lightspeed.rcsntx.sbcglobal.net)
[20:00:56] *** Joins: fgsfds (~figgis@93.123.144.171)
[21:28:39] *** Quits: Snetry (~sentry@dslb-178-001-203-104.178.001.pools.vodafone-ip.de) (Quit: left EFNet)
[21:29:55] *** Joins: Snetry (~sentry@dslb-178-001-203-104.178.001.pools.vodafone-ip.de)
[21:35:30] *** Joins: foghorn2 (~meh@107-198-163-1.lightspeed.rcsntx.sbcglobal.net)
[21:37:23] *** Joins: refs (~refs@p200300dd8716160038f31772e3411874.dip0.t-ipconnect.de)
[21:41:05] *** Quits: foghorn (~meh@107-198-163-1.lightspeed.rcsntx.sbcglobal.net) (Ping timeout: 610 seconds)
[21:44:40] *** Joins: foghorn (~meh@2600:1700:8af0:a950:b094:7d00:e04:2b0e)
[21:47:38] *** Quits: foghorn2 (~meh@107-198-163-1.lightspeed.rcsntx.sbcglobal.net) (Read error: Operation timed out)
[22:59:14] *** Quits: foghorn (~meh@2600:1700:8af0:a950:b094:7d00:e04:2b0e) (Ping timeout: 265 seconds)
[22:59:20] *** Joins: foghorn (~meh@107-198-163-1.lightspeed.rcsntx.sbcglobal.net)
[23:31:02] *** Quits: IShaDoWl (~IShaDoWl@131.red-79-150-215.dynamicip.rima-tde.net) ()
[23:56:58] *** Quits: lameboy (~lameboy@202-47-121-182.cust.dcsi.net.au) (Ping timeout: 610 seconds)
[23:57:52] *** Joins: lameboy (~lameboy@202-47-121-182.cust.dcsi.net.au)
[23:59:25] <plutobot> Wiki | Page changed: JIT services | User: yls8 | https://switchbrew.org/w/index.php?curid=330&diff=10010&oldid=9987
