[02:45:48] *** Quits refs (Quit: refs)
[05:51:38] *** Quits GerbilSof (Quit: Windows must now restart because the Remote Procedure Call (RPC) service terminated unexpectedly.)
[06:08:36] *** Quits balrog (Read error: Operation timed out)
[06:09:37] *** Joins balrog
[06:17:33] *** Joins CCFL_Man_
[06:18:17] *** Quits CCFL_Man (Read error: Connection reset by peer)
[06:40:20] *** Quits nullstrin (Read error: Operation timed out)
[06:44:06] *** Joins nullstrin
[07:17:17] <plutobot> Wiki | Page changed: Super Mario 3D All-Stars | User: yls8 | https://switchbrew.org/w/index.php?curid=419&diff=10011&oldid=10001
[09:19:40] *** Quits CCFL_Man_ (Read error: No route to host)
[09:22:08] *** Joins CCFL_Man
[09:31:53] *** Quits awordnot (Read error: Operation timed out)
[09:32:01] *** Quits endrift (Read error: Operation timed out)
[09:32:09] *** Quits giglife (Read error: Operation timed out)
[09:32:12] *** Joins giglife
[09:32:14] *** Quits zombie343 (Read error: Operation timed out)
[09:32:39] *** Joins figgis_
[09:32:39] *** Joins zombie343
[09:33:18] *** Joins GrecKo_
[09:33:28] *** Quits nullstrin (Read error: Operation timed out)
[09:33:52] *** Quits tpw_rules (Read error: Operation timed out)
[09:33:57] *** Joins KuKzz
[09:34:19] *** Quits |Shadow| (Read error: Operation timed out)
[09:34:53] *** Quits naehrwert (Read error: Operation timed out)
[09:35:31] *** Quits GrecKo (Read error: Operation timed out)
[09:35:41] *** Quits j0hny5 (Read error: Operation timed out)
[09:36:40] *** Quits KuKzz_ (Read error: Operation timed out)
[09:38:13] *** Joins tpw_rules
[09:39:15] *** Quits fgsfds (Ping timeout: 622 seconds)
[09:40:38] *** Quits figgis_ (Read error: Connection reset by peer)
[09:41:11] *** Joins naehrwert
[09:54:47] *** Joins |Shadow|
[10:07:51] *** Joins endrift
[10:07:52] *** Joins awordnot
[10:08:14] *** Joins j0hny5
[10:08:32] *** Joins nullstrin
[10:50:14] *** Quits Galaxy| (Remote host closed the connection)
[10:51:04] *** Joins Galaxy|
[12:09:09] *** Quits Galaxy| (Quit: Quit.)
[12:33:21] *** Joins Galaxy|
[15:26:04] *** Joins GerbilSof
[15:29:40] *** Quits GerbilSof (Client Quit)
[15:32:54] *** Joins GerbilSof
[16:34:04] *** Joins m4ts_
[16:35:49] <plutobot> Wiki | Page changed: Title list/Games | User: yls8 | https://switchbrew.org/w/index.php?curid=118&diff=10012&oldid=9988
[16:36:50] <plutobot> Wiki | Page changed: LDN services | User: yls8 | https://switchbrew.org/w/index.php?curid=109&diff=10013&oldid=9682
[16:36:55] *** Joins m4ts|
[16:37:15] *** Quits m4ts- (Ping timeout: 265 seconds)
[16:40:09] *** Quits m4ts_ (Ping timeout: 265 seconds)
[17:14:03] <plutobot> Wiki | New page: Mario Kart Live: Home Circuit | User: yls8 | https://switchbrew.org/w/index.php?curid=420
[18:06:33] <plutobot> Wiki | Page changed: Mario Kart Live: Home Circuit | User: yls8 | https://switchbrew.org/w/index.php?curid=420&diff=10015&oldid=10014
[18:20:08] <plutobot> Wiki | Page changed: Mario Kart Live: Home Circuit | User: yls8 | https://switchbrew.org/w/index.php?curid=420&diff=10016&oldid=10015
[18:45:07] <plutobot> Wiki | Page changed: Mario Kart Live: Home Circuit | User: yls8 | https://switchbrew.org/w/index.php?curid=420&diff=10017&oldid=10016
[20:00:47] *** Joins m4ts_
[20:02:11] *** Quits m4ts| (Ping timeout: 265 seconds)
[21:10:07] <plutobot> Wiki | Page changed: Mario Kart Live: Home Circuit | User: yls8 | https://switchbrew.org/w/index.php?curid=420&diff=10018&oldid=10017
[21:57:03] *** Quits foghorn (Ping timeout: 610 seconds)
[21:58:53] <plutobot> Wiki | Page changed: Mario Kart Live: Home Circuit | User: yls8 | https://switchbrew.org/w/index.php?curid=420&diff=10019&oldid=10018
[22:45:37] <plutobot> Wiki | Page changed: Mario Kart Live: Home Circuit | User: yls8 | https://switchbrew.org/w/index.php?curid=420&diff=10020&oldid=10019
[22:55:33] *** Joins foghorn
[23:24:46] *** Joins IShaDoWl
[23:51:39] *** Joins rmaw
