[00:02:50] *** Quits: mafcadio (~mafcadio@cpc152593-smal20-2-0-cust83.19-1.cable.virginm.net) (Read error: Operation timed out)
[00:06:05] *** Joins: mafcadio (~mafcadio@cpc152593-smal20-2-0-cust83.19-1.cable.virginm.net)
[02:21:08] *** Joins: rajkosto (~rajkosto@cable-178-149-112-48.dynamic.sbb.rs)
[03:57:39] *** Quits: zombie343 (~zombie343@pool-74-108-60-233.nycmny.fios.verizon.net) (Ping timeout: 265 seconds)
[03:58:06] *** Joins: zombie343 (~zombie343@pool-74-108-60-233.nycmny.fios.verizon.net)
[03:58:30] *** Quits: GerbilSof (~GerbilSof@pool-108-24-152-152.cmdnnj.fios.verizon.net) (Ping timeout: 265 seconds)
[03:58:34] *** Joins: GerbilS1 (~GerbilSof@pool-108-24-152-152.cmdnnj.fios.verizon.net)
[05:17:10] <plutobot> Wiki | Page changed: LDN services | User: yls8 | https://switchbrew.org/w/index.php?curid=109&diff=10021&oldid=10013
[05:23:57] <plutobot> Wiki | Page changed: LDN services | User: yls8 | https://switchbrew.org/w/index.php?curid=109&diff=10022&oldid=10021
[05:29:46] *** Quits: rajkosto (~rajkosto@cable-178-149-112-48.dynamic.sbb.rs) (Read error: Connection reset by peer)
[05:31:05] <plutobot> Wiki | Page changed: BCAT services | User: Behemoth | https://switchbrew.org/w/index.php?curid=108&diff=10023&oldid=9732
[05:34:39] <plutobot> Wiki | Page changed: LDN services | User: yls8 | https://switchbrew.org/w/index.php?curid=109&diff=10024&oldid=10022
[06:35:34] *** Quits: GerbilS1 (~GerbilSof@pool-108-24-152-152.cmdnnj.fios.verizon.net) (Quit: Windows must now restart because the Remote Procedure Call (RPC) service terminated unexpectedly.)
[06:52:29] <plutobot> Wiki | Page changed: Mario Kart Live: Home Circuit | User: yls8 | https://switchbrew.org/w/index.php?curid=420&diff=10025&oldid=10020
[06:57:25] <plutobot> Wiki | Page changed: LDN services | User: yls8 | https://switchbrew.org/w/index.php?curid=109&diff=10026&oldid=10024
[07:08:24] *** Joins: GerbilSof (~GerbilSof@pool-108-24-152-152.cmdnnj.fios.verizon.net)
[07:28:31] <plutobot> Wiki | Page changed: LDN services | User: yls8 | https://switchbrew.org/w/index.php?curid=109&diff=10027&oldid=10026
[07:43:48] <plutobot> Wiki | Page changed: LDN services | User: yls8 | https://switchbrew.org/w/index.php?curid=109&diff=10028&oldid=10027
[14:30:19] *** Joins: Not-Aus (~Not-Aus@62.113.194.88)
[14:59:37] *** Quits: Not-Aus (~Not-Aus@62.113.194.88) (Remote host closed the connection)
[16:17:00] <plutobot> Wiki | Page changed: BCAT services | User: Behemoth | https://switchbrew.org/w/index.php?curid=108&diff=10029&oldid=10023
[16:19:02] <plutobot> Wiki | Page changed: BCAT services | User: Behemoth | https://switchbrew.org/w/index.php?curid=108&diff=10030&oldid=10029
[18:11:22] *** Quits: coriolis (~coriolis@2607:5300:60:2885::1) (Ping timeout: 615 seconds)
[18:20:32] *** Joins: coriolis (~coriolis@ns398009.ip-192-95-24.net)
[20:35:54] *** Quits: foghorn (~meh@107-198-163-1.lightspeed.rcsntx.sbcglobal.net) (Ping timeout: 265 seconds)
[20:40:16] *** Joins: foghorn (~meh@2600:1700:8af0:a950:5134:c26c:49dd:4021)
[21:01:04] *** Quits: foghorn (~meh@2600:1700:8af0:a950:5134:c26c:49dd:4021) (Quit: Leaving)
[21:23:42] *** Quits: |Shadow| (~Shadow1@ip68-12-213-93.ok.ok.cox.net) (Remote host closed the connection)
[21:29:17] *** Joins: |Shadow| (~Shadow1@ip68-12-213-93.ok.ok.cox.net)
[21:29:18] *** Quits: |Shadow| (~Shadow1@ip68-12-213-93.ok.ok.cox.net) (Read error: Connection reset by peer)
[21:30:37] *** Quits: nullstrin (~nullstrin@cermak.nullstring.io) (Read error: Operation timed out)
[21:32:40] *** Joins: foghorn (~meh@2600:1700:8af0:a950:1d3c:ba5d:e928:d80a)
[21:34:40] *** Joins: nullstrin (~nullstrin@cermak.nullstring.io)
[21:36:50] *** Joins: |Shadow| (~Shadow1@ip68-12-213-93.ok.ok.cox.net)
[21:37:25] *** Quits: |Shadow| (~Shadow1@ip68-12-213-93.ok.ok.cox.net) (Read error: Connection reset by peer)
[21:57:34] *** Joins: |Shadow| (~Shadow1@ip68-12-213-93.ok.ok.cox.net)
[22:36:13] *** Quits: IShaDoWl (~IShaDoWl@131.red-79-150-215.dynamicip.rima-tde.net) (Ping timeout: 265 seconds)
[22:36:31] *** Joins: IShaDoWl (~IShaDoWl@131.red-79-150-215.dynamicip.rima-tde.net)
[23:28:16] <plutobot> Wiki | Page changed: Mario Kart Live: Home Circuit | User: yls8 | https://switchbrew.org/w/index.php?curid=420&diff=10031&oldid=10025
[23:53:31] *** Joins: Generic (~Thunderbi@2a02:8109:8b80:79d0:3cbf:1129:953:e02)
[23:54:00] <Generic> hello, I'm trying to get resolution switching for docked mode with deko3d going
[23:54:42] <Generic> my current approach is to create a 1920*1080 framebuffer
[23:55:49] <Generic> and then using Swapchain::SetCrop with the proper resolution
[23:56:14] <Generic> of course I also take the higher resolution into accoutn when setting the viewport/scissors
[23:57:51] <Generic> in the end the image is weirdly zoomed in docked mode
[23:57:59] <Generic> while everything works fine in handheld mode
[23:59:41] <Generic> if I remove the setCrop call it works in docked mode
[23:59:58] <Generic> but as expected in handheld mode the full hd framebuffer is drawn
