[00:03:31] *** Quits: ris2z (~2ri@static.200.38.9.176.clients.your-server.de) (Ping timeout: 186 seconds)
[00:11:21] *** Joins: ris2z (~2ri@static.200.38.9.176.clients.your-server.de)
[00:15:31] *** Joins: refsw2 (~refsw@80.150.130.51)
[00:18:24] *** Quits: refsw` (~refsw@80.150.130.51) (Ping timeout: 272 seconds)
[00:22:00] *** Joins: Extrems (gamecube@expert.extremscorner.org)
[00:30:57] *** Quits: Extrems (gamecube@expert.extremscorner.org) (Ping timeout: 492 seconds)
[00:33:05] *** Joins: Extrems (~gamecube@expert.extremscorner.org)
[04:14:12] <plutobot> Wiki | Page changed: LDN services | User: yls8 | https://switchbrew.org/w/index.php?curid=109&diff=10041&oldid=10040
[04:47:30] *** Quits: refs (~refs@p200300dd874228003c76fd4746620623.dip0.t-ipconnect.de) (Quit: refs)
[07:21:27] *** Quits: |Shadow| (~Shadow1@ip68-12-213-93.ok.ok.cox.net) (Ping timeout: 745 seconds)
[07:52:47] *** Joins: |Shadow| (~Shadow1@ip24-253-241-112.ok.ok.cox.net)
[08:12:57] *** Joins: m4ts_ (~mats@s176125235106.blix.com)
[08:16:33] *** Quits: m4ts- (~mats@s176125235116.blix.com) (Ping timeout: 265 seconds)
[08:28:23] *** Joins: m4ts- (~mats@s17612523596.blix.com)
[08:30:05] *** Quits: m4ts_ (~mats@s176125235106.blix.com) (Ping timeout: 265 seconds)
[09:18:27] *** Joins: TheLat (webchat@c-98-207-138-185.hsd1.ca.comcast.net)
[09:22:58] *** Quits: TheLat (webchat@c-98-207-138-185.hsd1.ca.comcast.net) (Ping timeout: 252 seconds)
[10:09:37] *** Quits: lameboy (~lameboy@202-47-121-182.cust.dcsi.net.au) (Read error: Connection reset by peer)
[10:10:13] *** Joins: lameboy (~lameboy@202-47-121-182.cust.dcsi.net.au)
[11:03:36] *** Joins: IShaDoWl (~IShaDoWl@131.red-79-150-215.dynamicip.rima-tde.net)
[11:14:38] *** Joins: derk0pf (~derk0pf@p5b2e5943.dip0.t-ipconnect.de)
[11:15:05] *** Quits: |Shadow| (~Shadow1@ip24-253-241-112.ok.ok.cox.net) ()
[11:20:12] *** Joins: |Shadow| (~Shadow1@ip24-253-241-112.ok.ok.cox.net)
[14:10:17] *** Quits: nullstrin (~nullstrin@cermak.nullstring.io) (Read error: Operation timed out)
[14:14:03] *** Joins: nullstrin (~nullstrin@cermak.nullstring.io)
[21:35:12] *** Joins: refs (~refs@p200300dd87105500443201615d653522.dip0.t-ipconnect.de)
[22:29:30] <plutobot> Wiki | Page changed: LDN services | User: yls8 | https://switchbrew.org/w/index.php?curid=109&diff=10042&oldid=10041
[23:04:39] *** Quits: IShaDoWl (~IShaDoWl@131.red-79-150-215.dynamicip.rima-tde.net) ()
