[00:57:19] <plutobot> Wiki | Page changed: LDN services | User: yls8 | https://switchbrew.org/w/index.php?curid=109&diff=10043&oldid=10042
[00:58:30] <plutobot> Wiki | Page changed: LDN services | User: yls8 | https://switchbrew.org/w/index.php?curid=109&diff=10044&oldid=10043
[01:16:31] <plutobot> Wiki | Page changed: LDN services | User: yls8 | https://switchbrew.org/w/index.php?curid=109&diff=10045&oldid=10044
[01:37:35] <plutobot> Wiki | Page changed: LDN services | User: yls8 | https://switchbrew.org/w/index.php?curid=109&diff=10046&oldid=10045
[02:28:36] *** Quits: refs (~refs@p200300dd87105500443201615d653522.dip0.t-ipconnect.de) (Quit: refs)
[02:57:47] <plutobot> Wiki | Page changed: LDN services | User: yls8 | https://switchbrew.org/w/index.php?curid=109&diff=10047&oldid=10046
[03:08:30] <plutobot> Wiki | Page changed: LDN services | User: yls8 | https://switchbrew.org/w/index.php?curid=109&diff=10048&oldid=10047
[03:22:09] *** Joins: miigotu (~miigotu@custip-162-217-53-192.esvabroadband.net)
[03:27:19] *** Quits: miigotu_ (~miigotu@custip-162-217-53-192.esvabroadband.net) (Read error: Operation timed out)
[03:30:04] <plutobot> Wiki | Page changed: LDN services | User: yls8 | https://switchbrew.org/w/index.php?curid=109&diff=10049&oldid=10048
[04:21:36] *** Joins: anewuser (~anewuser@200.82.241.189)
[05:01:10] *** Quits: nullstrin (~nullstrin@cermak.nullstring.io) (Read error: Operation timed out)
[05:04:57] *** Joins: nullstrin (~nullstrin@cermak.nullstring.io)
[05:16:42] *** Quits: anewuser (~anewuser@200.82.241.189) (Ping timeout: 376 seconds)
[06:05:29] *** Quits: DeusQain (~DeusQain@mx.qainsworld.com) (Read error: Connection reset by peer)
[06:09:00] *** Joins: DeusQain (quasselcor@mx.qainsworld.com)
[06:10:15] *** Quits: Extrems (~gamecube@expert.extremscorner.org) (Ping timeout: 496 seconds)
[06:10:30] *** Joins: Extrems (gamecube@expert.extremscorner.org)
[06:15:33] *** Joins: KuKzz_ (KuKzz@95.143.216.177)
[06:18:07] <plutobot> Wiki | Page changed: LDN services | User: yls8 | https://switchbrew.org/w/index.php?curid=109&diff=10050&oldid=10049
[06:18:47] *** Quits: KuKzz (~KuKzz@95.143.216.177) (Ping timeout: 496 seconds)
[06:47:31] <plutobot> Wiki | Page changed: LDN services | User: yls8 | https://switchbrew.org/w/index.php?curid=109&diff=10051&oldid=10050
[06:56:41] <plutobot> Wiki | Page changed: LDN services | User: yls8 | https://switchbrew.org/w/index.php?curid=109&diff=10052&oldid=10051
[08:17:04] *** Joins: TAL_ (~TAL@defiant.tlercher.de)
[08:26:27] *** Quits: TAL (~TAL@defiant.tlercher.de) (Ping timeout: 745 seconds)
[08:36:30] *** Quits: ihaveamac (~ihaveamac@ianburgwin.net) (ircd.choopa.net irc.mzima.net)
[08:48:15] *** Joins: ihaveamac (~ihaveamac@ianburgwin.net)
[09:43:30] *** TAL_ is now known as TAL
[10:18:25] *** Joins: |Shadow|_ (~Shadow1@ip24-253-241-112.ok.ok.cox.net)
[10:18:42] *** Quits: |Shadow| (~Shadow1@ip24-253-241-112.ok.ok.cox.net) (Read error: Operation timed out)
[10:30:22] *** Joins: Snetry (~sentry@dslb-088-078-065-116.088.078.pools.vodafone-ip.de)
[10:36:05] *** Quits: Sentry- (~sentry@dslb-094-220-215-236.094.220.pools.vodafone-ip.de) (Read error: Connection refused)
[10:36:11] *** |Shadow|_ is now known as |Shadow|
[14:37:27] *** Quits: hexkyz (~hexkyz@ec2-18-179-123-169.ap-northeast-1.compute.amazonaws.com) (Ping timeout: 745 seconds)
[14:37:48] *** Joins: hexkyz (~hexkyz@ec2-18-179-123-169.ap-northeast-1.compute.amazonaws.com)
[14:50:52] *** Quits: hexkyz (~hexkyz@ec2-18-179-123-169.ap-northeast-1.compute.amazonaws.com) (Ping timeout: 745 seconds)
[14:51:43] *** Joins: hexkyz (~hexkyz@ec2-18-179-123-169.ap-northeast-1.compute.amazonaws.com)
[14:57:17] *** Quits: naehrwert (~naehrwert@8.38.88.201) (Ping timeout: 745 seconds)
[14:57:24] *** Joins: naehrwert (~naehrwert@8.38.88.201)
[15:57:30] *** Quits: Snetry (~sentry@dslb-088-078-065-116.088.078.pools.vodafone-ip.de) (Read error: Connection refused)
[16:57:36] <plutobot> Wiki | Page changed: LDN services | User: yls8 | https://switchbrew.org/w/index.php?curid=109&diff=10053&oldid=10052
[17:20:22] <plutobot> Wiki | Page changed: LDN services | User: yls8 | https://switchbrew.org/w/index.php?curid=109&diff=10054&oldid=10053
[17:37:11] *** Joins: Snetry (~sentry@dslb-088-078-074-247.088.078.pools.vodafone-ip.de)
[18:05:57] <plutobot> Wiki | Page changed: LDN services | User: yls8 | https://switchbrew.org/w/index.php?curid=109&diff=10055&oldid=10054
[18:31:31] <plutobot> Wiki | Page changed: LDN services | User: Hexkyz | https://switchbrew.org/w/index.php?curid=109&diff=10056&oldid=10055
[18:32:53] <plutobot> Wiki | Page changed: LDN services | User: yls8 | https://switchbrew.org/w/index.php?curid=109&diff=10057&oldid=10056
[18:34:55] <plutobot> Wiki | Page changed: LDN services | User: Hexkyz | https://switchbrew.org/w/index.php?curid=109&diff=10058&oldid=10057
[19:00:35] <plutobot> Wiki | Page changed: LDN services | User: Hexkyz | https://switchbrew.org/w/index.php?curid=109&diff=10059&oldid=10058
[19:02:58] <plutobot> Wiki | Page changed: LDN services | User: Hexkyz | https://switchbrew.org/w/index.php?curid=109&diff=10060&oldid=10059
[19:06:11] <plutobot> Wiki | Page changed: LDN services | User: Hexkyz | https://switchbrew.org/w/index.php?curid=109&diff=10061&oldid=10060
[19:28:37] <plutobot> Wiki | Page changed: LDN services | User: Hexkyz | https://switchbrew.org/w/index.php?curid=109&diff=10062&oldid=10061
[19:52:34] *** Joins: Sentry- (~sentry@ipservice-092-209-082-116.092.209.pools.vodafone-ip.de)
[19:53:54] *** Quits: Snetry (~sentry@dslb-088-078-074-247.088.078.pools.vodafone-ip.de) (Read error: Operation timed out)
[20:07:14] *** Joins: Snetry (~sentry@ipservice-092-209-154-033.092.209.pools.vodafone-ip.de)
[20:08:34] *** Quits: Sentry- (~sentry@ipservice-092-209-082-116.092.209.pools.vodafone-ip.de) (Read error: Operation timed out)
[20:17:00] *** Quits: Snetry (~sentry@ipservice-092-209-154-033.092.209.pools.vodafone-ip.de) (Quit: left EFNet)
[20:17:44] *** Joins: Snetry (~sentry@ipservice-092-209-154-033.092.209.pools.vodafone-ip.de)
[20:50:26] *** Joins: anewuser (~anewuser@200.82.241.189)
[21:01:04] *** Joins: refs (~refs@p200300dd8719d800a9f36e749a607af4.dip0.t-ipconnect.de)
[21:05:09] *** Joins: Sentry- (~sentry@dslb-094-220-209-121.094.220.pools.vodafone-ip.de)
[21:07:34] *** Quits: Snetry (~sentry@ipservice-092-209-154-033.092.209.pools.vodafone-ip.de) (Read error: Connection refused)
[21:23:06] *** Quits: anewuser (~anewuser@200.82.241.189) (Remote host closed the connection)
[21:23:34] *** Joins: anewuser (~anewuser@200.82.241.189)
[21:50:59] *** Joins: Snetry (~sentry@dslb-188-101-124-200.188.101.pools.vodafone-ip.de)
[21:52:37] *** Quits: Sentry- (~sentry@dslb-094-220-209-121.094.220.pools.vodafone-ip.de) (Read error: Operation timed out)
[22:05:33] *** Joins: Tcm0 (~Tcm0@p4fde7352.dip0.t-ipconnect.de)
[22:06:53] *** Quits: Snetry (~sentry@dslb-188-101-124-200.188.101.pools.vodafone-ip.de) (Read error: Operation timed out)
[22:10:49] *** Joins: Snetry (~sentry@dslb-088-078-074-062.088.078.pools.vodafone-ip.de)
[22:28:43] *** Joins: Sentry- (~sentry@dslb-094-220-214-144.094.220.pools.vodafone-ip.de)
[22:29:36] *** Quits: Snetry (~sentry@dslb-088-078-074-062.088.078.pools.vodafone-ip.de) (Read error: Connection refused)
[22:39:36] *** Joins: Snetry (~sentry@dslb-092-072-098-051.092.072.pools.vodafone-ip.de)
[22:39:38] *** Quits: Sentry- (~sentry@dslb-094-220-214-144.094.220.pools.vodafone-ip.de) (Read error: Connection refused)
[23:23:17] *** Joins: Retr0id (~Retr0id@185.122.57.169)
[23:37:07] *** Joins: n00b448 (webchat@flh2-133-206-98-224.osk.mesh.ad.jp)
[23:41:30] *** Quits: n00b448 (webchat@flh2-133-206-98-224.osk.mesh.ad.jp) (Ping timeout: 252 seconds)
