[00:07:35] *** Quits: Tcm0 (~Tcm0@p4fde7352.dip0.t-ipconnect.de) (Leaving)
[00:51:22] *** Quits: anewuser (~anewuser@200.82.241.189) (Quit: Leaving)
[02:15:54] <plutobot> Wiki | Page changed: LDN services | User: yls8 | https://switchbrew.org/w/index.php?curid=109&diff=10063&oldid=10062
[02:16:52] *** Quits: changO- (~Changolan@ip70-187-147-196.oc.oc.cox.net) (Ping timeout: 745 seconds)
[02:23:18] *** Quits: refs (~refs@p200300dd8719d800a9f36e749a607af4.dip0.t-ipconnect.de) (Quit: refs)
[02:43:51] *** Joins: changO- (~Changolan@ip70-187-147-196.oc.oc.cox.net)
[02:47:57] *** Quits: Behemoth_ (~quassel@vmd39331.contaboserver.net) (Read error: Connection reset by peer)
[02:52:15] *** Joins: Behemoth (~quassel@vmd39331.contaboserver.net)
[03:11:29] *** Joins: miigotu_ (~miigotu@custip-162-217-53-192.esvabroadband.net)
[03:12:49] *** Quits: miigotu (~miigotu@custip-162-217-53-192.esvabroadband.net) (Read error: Operation timed out)
[03:21:30] <plutobot> Wiki | Page changed: LDN services | User: yls8 | https://switchbrew.org/w/index.php?curid=109&diff=10064&oldid=10063
[03:52:15] <plutobot> Wiki | Page changed: LDN services | User: yls8 | https://switchbrew.org/w/index.php?curid=109&diff=10065&oldid=10064
[03:58:12] <plutobot> Wiki | Page changed: LDN services | User: yls8 | https://switchbrew.org/w/index.php?curid=109&diff=10066&oldid=10065
[04:14:00] <plutobot> Wiki | Page changed: LDN services | User: yls8 | https://switchbrew.org/w/index.php?curid=109&diff=10067&oldid=10066
[06:30:23] *** Joins: rajkosto (~rajkosto@cable-178-149-112-48.dynamic.sbb.rs)
[06:56:57] *** Quits: nullstrin (~nullstrin@cermak.nullstring.io) (Read error: Operation timed out)
[07:00:43] *** Joins: nullstrin (~nullstrin@cermak.nullstring.io)
[07:22:24] *** Quits: rajkosto (~rajkosto@cable-178-149-112-48.dynamic.sbb.rs) (Read error: Connection reset by peer)
[08:13:12] *** Quits: ihaveamac (~ihaveamac@ianburgwin.net) (Read error: Operation timed out)
[12:07:33] *** Quits: Surkow (~Surkow@84-104-14-64.cable.dynamic.v4.ziggo.nl) (Quit: Bye bye - Laptop goes to sleep - NOP NOP NOP)
[12:08:01] *** Joins: Surkow (~Surkow@84-104-14-64.cable.dynamic.v4.ziggo.nl)
[14:23:06] *** Quits: derk0pf (~derk0pf@p5b2e5943.dip0.t-ipconnect.de) (Ping timeout: 265 seconds)
[14:34:59] *** Joins: derk0pf (~derk0pf@p5b2e5943.dip0.t-ipconnect.de)
[16:38:01] *** Joins: ihaveamac (~ihaveamac@ianburgwin.net)
[16:50:47] <plutobot> Wiki | Page changed: LDN services | User: yls8 | https://switchbrew.org/w/index.php?curid=109&diff=10068&oldid=10067
[17:06:01] *** Joins: miigotu (~miigotu@custip-162-217-53-192.esvabroadband.net)
[17:11:10] *** Quits: miigotu_ (~miigotu@custip-162-217-53-192.esvabroadband.net) (Read error: Operation timed out)
[17:41:15] <plutobot> Wiki | Page changed: LDN services | User: yls8 | https://switchbrew.org/w/index.php?curid=109&diff=10069&oldid=10068
[20:49:47] *** Quits: derk0pf (~derk0pf@p5b2e5943.dip0.t-ipconnect.de) (Read error: Operation timed out)
[21:12:13] *** Joins: refs (~refs@p200300dd8718c500499dca53e6642d0f.dip0.t-ipconnect.de)
[21:16:58] *** Joins: fgsfds (~figgis@93.123.144.171)
[21:51:42] *** Quits: b0nez (b0nez@162.248.221.94) (Read error: Operation timed out)
