[00:56:54] *** Quits: nullstrin (~nullstrin@cermak.nullstring.io) (Read error: Operation timed out)
[01:00:38] *** Joins: nullstrin (~nullstrin@cermak.nullstring.io)
[01:25:13] *** Joins: |Shadow|_ (~Shadow1@ip24-253-241-112.ok.ok.cox.net)
[01:30:09] *** Quits: |Shadow| (~Shadow1@ip24-253-241-112.ok.ok.cox.net) (Read error: Operation timed out)
[02:39:57] *** Quits: refs (~refs@p200300dd8718c500499dca53e6642d0f.dip0.t-ipconnect.de) (Quit: refs)
[04:02:11] *** Quits: Titan (ohai@drybones.grimnorth.se) (bai)
[05:04:07] *** Quits: fgsfds (~figgis@93.123.144.171) (Read error: Connection reset by peer)
[06:06:05] *** |Shadow|_ is now known as |Shadow|
[07:52:02] <plutobot> Wiki | Page changed: LDN services | User: yls8 | https://switchbrew.org/w/index.php?curid=109&diff=10070&oldid=10069
[08:13:58] <plutobot> Wiki | Page changed: LDN services | User: yls8 | https://switchbrew.org/w/index.php?curid=109&diff=10071&oldid=10070
[08:32:40] *** Quits: sh0e (~sh0e@node1.eisenkopf.info) (Quit: Bye.)
[08:40:08] <plutobot> Wiki | Page changed: LDN services | User: yls8 | https://switchbrew.org/w/index.php?curid=109&diff=10072&oldid=10071
[08:45:46] *** Joins: sh0e (~sh0e@node1.eisenkopf.info)
[12:27:26] *** Quits: nullstrin (~nullstrin@cermak.nullstring.io) (Read error: Operation timed out)
[12:31:11] *** Joins: nullstrin (~nullstrin@cermak.nullstring.io)
[16:33:57] *** Joins: fgsfds (~figgis@93.123.144.171)
[17:19:23] <plutobot> Wiki | Page changed: LDN services | User: yls8 | https://switchbrew.org/w/index.php?curid=109&diff=10073&oldid=10072
[18:07:49] <plutobot> Wiki | Page changed: LDN services | User: yls8 | https://switchbrew.org/w/index.php?curid=109&diff=10074&oldid=10073
[18:27:11] <plutobot> Wiki | Page changed: LDN services | User: yls8 | https://switchbrew.org/w/index.php?curid=109&diff=10075&oldid=10074
[18:40:16] <plutobot> Wiki | Page changed: LDN services | User: yls8 | https://switchbrew.org/w/index.php?curid=109&diff=10076&oldid=10075
[19:32:41] <plutobot> Wiki | Page changed: LDN services | User: yls8 | https://switchbrew.org/w/index.php?curid=109&diff=10077&oldid=10076
[19:46:52] *** Quits: karolherb (~kherbst@2a02:8308:b088:c000:2bdf:b7aa:eede:d65f) (Ping timeout: 272 seconds)
[21:01:40] *** Joins: foghorn2 (~meh@2600:1700:8af0:a950:cd56:f5e6:1c06:1c01)
[21:06:41] <plutobot> Wiki | Page changed: LDN services | User: yls8 | https://switchbrew.org/w/index.php?curid=109&diff=10078&oldid=10077
[21:08:08] *** Quits: foghorn (~meh@2600:1700:8af0:a950:1d3c:ba5d:e928:d80a) (Read error: Operation timed out)
[21:09:34] <plutobot> Wiki | Page changed: LDN services | User: yls8 | https://switchbrew.org/w/index.php?curid=109&diff=10079&oldid=10078
[21:27:43] *** Joins: refs (~refs@p200300dd8718ab0044bc2888d1c87f83.dip0.t-ipconnect.de)
[22:28:32] *** Quits: nullstrin (~nullstrin@cermak.nullstring.io) (Read error: Operation timed out)
[22:32:17] *** Joins: nullstrin (~nullstrin@cermak.nullstring.io)
[22:54:47] *** Joins: miigotu_ (~miigotu@custip-162-217-53-192.esvabroadband.net)
[22:55:46] *** Quits: miigotu (~miigotu@custip-162-217-53-192.esvabroadband.net) (Ping timeout: 265 seconds)
