[00:56:31] *** Quits: changO- (~Changolan@ip70-187-147-196.oc.oc.cox.net) (Remote host closed the connection)
[00:57:28] *** Joins: changO- (~Changolan@ip70-187-147-196.oc.oc.cox.net)
[02:02:07] <plutobot> Wiki | Page changed: LDN services | User: yls8 | https://switchbrew.org/w/index.php?curid=109&diff=10080&oldid=10079
[02:15:58] *** Joins: miigotu (~miigotu@custip-162-217-53-192.esvabroadband.net)
[02:21:22] *** Quits: miigotu_ (~miigotu@custip-162-217-53-192.esvabroadband.net) (Read error: Operation timed out)
[02:36:45] *** Quits: miigotu (~miigotu@custip-162-217-53-192.esvabroadband.net) (Read error: Operation timed out)
[02:38:57] *** Quits: refs (~refs@p200300dd8718ab0044bc2888d1c87f83.dip0.t-ipconnect.de) (Quit: refs)
[03:04:15] *** Joins: miigotu (~miigotu@custip-162-217-53-192.esvabroadband.net)
[03:04:15] *** Quits: miigotu (~miigotu@custip-162-217-53-192.esvabroadband.net) (Connection closed)
[03:04:46] *** Joins: miigotu (~miigotu@custip-162-217-53-192.esvabroadband.net)
[03:23:40] *** Joins: changoXPR (~Changolan@ip70-187-147-196.oc.oc.cox.net)
[03:30:20] *** Quits: changO- (~Changolan@ip70-187-147-196.oc.oc.cox.net) (Read error: Operation timed out)
[03:30:20] *** changoXPR is now known as changO-
[05:05:46] *** Quits: |Shadow| (~Shadow1@ip24-253-241-112.ok.ok.cox.net) (Read error: Operation timed out)
[05:08:01] <plutobot> Wiki | Page changed: LDN services | User: yls8 | https://switchbrew.org/w/index.php?curid=109&diff=10081&oldid=10080
[05:08:44] *** Joins: |Shadow| (~Shadow1@ip24-253-241-112.ok.ok.cox.net)
[05:40:41] *** Quits: klockee (~efklock@vps1.ksociety.net) (Read error: Operation timed out)
[05:41:02] *** Joins: klock (~efklock@vps1.ksociety.net)
[06:46:34] <plutobot> Wiki | Page changed: LDN services | User: yls8 | https://switchbrew.org/w/index.php?curid=109&diff=10082&oldid=10081
[07:02:22] <plutobot> Wiki | Page changed: LDN services | User: yls8 | https://switchbrew.org/w/index.php?curid=109&diff=10083&oldid=10082
[07:29:22] *** Quits: fgsfds (~figgis@93.123.144.171) (Read error: Connection reset by peer)
[09:09:56] *** Quits: GerbilSof (~GerbilSof@pool-108-24-152-152.cmdnnj.fios.verizon.net) (Ping timeout: 272 seconds)
[09:22:46] *** Joins: GerbilSof (~GerbilSof@pool-108-24-152-152.cmdnnj.fios.verizon.net)
[13:25:36] *** Joins: derk0pf (~derk0pf@p5b2e5943.dip0.t-ipconnect.de)
[16:23:01] *** Joins: fgsfds (~figgis@93.123.144.171)
[17:53:34] <plutobot> Wiki | Page changed: Gamecard ASIC | User: Hexkyz | https://switchbrew.org/w/index.php?curid=349&diff=10084&oldid=7882
[17:56:57] <plutobot> Wiki | Page changed: Gamecard ASIC | User: Hexkyz | https://switchbrew.org/w/index.php?curid=349&diff=10085&oldid=10084
[18:01:23] <plutobot> Wiki | Page changed: Bus services | User: Hexkyz | https://switchbrew.org/w/index.php?curid=152&diff=10086&oldid=9958
[18:57:40] <plutobot> Wiki | Page changed: LDN services | User: Hexkyz | https://switchbrew.org/w/index.php?curid=109&diff=10087&oldid=10083
[19:00:43] <plutobot> Wiki | Page changed: LDN services | User: Hexkyz | https://switchbrew.org/w/index.php?curid=109&diff=10088&oldid=10087
[19:55:41] <plutobot> Wiki | Page changed: LDN services | User: yls8 | https://switchbrew.org/w/index.php?curid=109&diff=10089&oldid=10088
[19:57:23] <plutobot> Wiki | Page changed: LDN services | User: yls8 | https://switchbrew.org/w/index.php?curid=109&diff=10090&oldid=10089
[20:27:22] *** Quits: Maylay (~gren@108-198-59-230.lightspeed.miamfl.sbcglobal.net) (Quit: Pipe Terminated)
[20:32:47] *** Joins: Maylay (~gren@108-198-59-230.lightspeed.miamfl.sbcglobal.net)
[20:48:02] *** Joins: karolherb (~kherbst@2a02:8308:b088:c000:2bdf:b7aa:eede:d65f)
[21:13:12] *** Quits: karolherb (~kherbst@2a02:8308:b088:c000:2bdf:b7aa:eede:d65f) (Ping timeout: 272 seconds)
[22:00:07] <plutobot> Wiki | Page changed: LDN services | User: yls8 | https://switchbrew.org/w/index.php?curid=109&diff=10091&oldid=10090
[22:03:09] *** Quits: miigotu (~miigotu@custip-162-217-53-192.esvabroadband.net) (Quit: ZNC - https://znc.in)
[22:08:02] *** Joins: miigotu (~miigotu@custip-162-217-53-192.esvabroadband.net)
[22:13:02] <plutobot> Wiki | Page changed: LDN services | User: yls8 | https://switchbrew.org/w/index.php?curid=109&diff=10092&oldid=10091
[22:36:26] *** Quits: Surkow (~Surkow@84-104-14-64.cable.dynamic.v4.ziggo.nl) (Read error: Connection reset by peer)
[22:38:54] *** Quits: des^ (~des@ip1f108006.dynamic.kabel-deutschland.de) (Quit: The Lounge - https://thelounge.github.io)
[22:39:17] *** Joins: des^ (~des@ip1f108006.dynamic.kabel-deutschland.de)
[22:41:06] *** Joins: Surkow (~Surkow@84-104-14-64.cable.dynamic.v4.ziggo.nl)
[23:38:26] *** Joins: karolherb (~kherbst@2a02:8308:b088:c000:2bdf:b7aa:eede:d65f)
