[01:27:23] *** Quits: derk0pf (~derk0pf@p5b2e5943.dip0.t-ipconnect.de) (Ping timeout: 265 seconds)
[01:52:00] *** Joins: derk0pf (~derk0pf@p5b2e5943.dip0.t-ipconnect.de)
[02:04:58] *** Quits: derk0pf (~derk0pf@p5b2e5943.dip0.t-ipconnect.de) (Ping timeout: 501 seconds)
[02:10:47] <plutobot> Wiki | Page changed: LDN services | User: yls8 | https://switchbrew.org/w/index.php?curid=109&diff=10093&oldid=10092
[02:26:40] *** Joins: derk0pf (~derk0pf@p5b2e5943.dip0.t-ipconnect.de)
[02:28:58] <plutobot> Wiki | Page changed: LDN services | User: yls8 | https://switchbrew.org/w/index.php?curid=109&diff=10094&oldid=10093
[02:31:40] *** Quits: derk0pf (~derk0pf@p5b2e5943.dip0.t-ipconnect.de) (Ping timeout: 265 seconds)
[02:44:32] *** Joins: derk0pf (~derk0pf@p5b2e5943.dip0.t-ipconnect.de)
[02:48:20] <plutobot> Wiki | Page changed: LDN services | User: yls8 | https://switchbrew.org/w/index.php?curid=109&diff=10095&oldid=10094
[03:28:56] *** Quits: derk0pf (~derk0pf@p5b2e5943.dip0.t-ipconnect.de) (Read error: Operation timed out)
[04:31:15] *** Joins: rajkosto (~rajkosto@cable-178-149-112-48.dynamic.sbb.rs)
[04:47:47] <plutobot> Wiki | Page changed: LDN services | User: yls8 | https://switchbrew.org/w/index.php?curid=109&diff=10096&oldid=10095
[04:58:11] *** Quits: fgsfds (~figgis@93.123.144.171) (Read error: Connection reset by peer)
[05:14:03] *** Joins: derk0pf (~derk0pf@p5b2e5943.dip0.t-ipconnect.de)
[05:56:51] *** Quits: rajkosto (~rajkosto@cable-178-149-112-48.dynamic.sbb.rs) (Read error: Connection reset by peer)
[06:01:26] *** Quits: derk0pf (~derk0pf@p5b2e5943.dip0.t-ipconnect.de) (Ping timeout: 265 seconds)
[06:41:33] *** Quits: miigotu (~miigotu@custip-162-217-53-192.esvabroadband.net) (Ping timeout: 265 seconds)
[07:57:24] *** Joins: derk0pf (~derk0pf@p5b2e5943.dip0.t-ipconnect.de)
[09:05:06] *** Quits: derk0pf (~derk0pf@p5b2e5943.dip0.t-ipconnect.de) (Read error: Operation timed out)
[12:47:49] *** Quits: ave_ (~ave_@79.110.170.32) (Read error: Connection reset by peer)
[12:48:13] *** Joins: ave_ (~ave_@79.110.170.32)
[16:04:25] *** Joins: fgsfds (~figgis@93.123.144.171)
[17:49:29] <plutobot> Wiki | Page changed: LDN services | User: yls8 | https://switchbrew.org/w/index.php?curid=109&diff=10097&oldid=10096
[18:27:53] <plutobot> Wiki | Page changed: LDN services | User: yls8 | https://switchbrew.org/w/index.php?curid=109&diff=10098&oldid=10097
[19:15:49] <plutobot> Wiki | Page changed: Bus services | User: Hexkyz | https://switchbrew.org/w/index.php?curid=152&diff=10099&oldid=10086
[19:32:15] *** Joins: refs (~refs@p200300dd8738cc00cd4589350fc38920.dip0.t-ipconnect.de)
[23:03:40] <plutobot> Wiki | Page changed: LDN services | User: yls8 | https://switchbrew.org/w/index.php?curid=109&diff=10100&oldid=10098
[23:57:27] *** Joins: derk0pf (~derk0pf@dynamic-046-114-039-188.46.114.pool.telefonica.de)
