[00:44:36] *** Quits: GerbilSof (~GerbilSof@pool-108-24-152-152.cmdnnj.fios.verizon.net) (Quit: Windows must now restart because the Remote Procedure Call (RPC) service terminated unexpectedly.)
[00:50:32] *** Joins: GerbilSof (~GerbilSof@pool-108-24-152-152.cmdnnj.fios.verizon.net)
[02:30:54] *** Quits: refs (~refs@p200300dd870fa500642c8c6f51cb9b5e.dip0.t-ipconnect.de) (Quit: refs)
[07:04:31] *** Quits: fgsfds (~figgis@93.123.144.171) (Read error: Connection reset by peer)
[08:00:07] *** Quits: nullstrin (~nullstrin@cermak.nullstring.io) (Read error: Operation timed out)
[08:01:09] *** Joins: nullstrin (~nullstrin@cermak.nullstring.io)
[08:01:42] *** Quits: endrift (~endrift@endrift.com) (Read error: Operation timed out)
[08:02:29] *** Quits: averne (~averne@176-179-35-51.abo.bbox.fr) (quit)
[08:04:45] *** Joins: averne (~averne@176-179-35-51.abo.bbox.fr)
[08:04:45] *** Server sets mode: +stn 
[08:05:14] *** Quits: nullstrin (~nullstrin@cermak.nullstring.io) (Read error: Operation timed out)
[08:06:12] *** Quits: j0hny5 (j0hny5@94.75.242.8) (Read error: Operation timed out)
[08:10:54] *** Quits: Snetry (~sentry@dslb-092-072-098-051.092.072.pools.vodafone-ip.de) (Read error: Operation timed out)
[08:11:16] *** Quits: lex1 (lex@yuuh.pw) (Read error: Operation timed out)
[08:12:03] *** Joins: Snetry (~sentry@dslb-092-072-098-051.092.072.pools.vodafone-ip.de)
[08:15:15] *** Quits: usineur (~matthieu@ferb.fr) (Read error: Connection reset by peer)
[08:17:24] *** Joins: endrift (~endrift@endrift.com)
[08:19:11] *** Joins: usineur (~matthieu@ferb.fr)
[08:22:23] *** Quits: Snetry (~sentry@dslb-092-072-098-051.092.072.pools.vodafone-ip.de) (Read error: Connection reset by peer)
[08:23:42] *** Quits: endrift (~endrift@endrift.com) (Read error: Operation timed out)
[08:24:07] *** Joins: endrift (~endrift@endrift.com)
[08:24:50] *** Quits: awordnot (~awordnot@c-71-194-7-27.hsd1.il.comcast.net) (Read error: Connection reset by peer)
[08:28:36] *** Joins: j0hny5 (j0hny5@94.75.242.8)
[08:30:51] *** Joins: awordnot (~awordnot@c-71-194-7-27.hsd1.il.comcast.net)
[08:31:03] *** Quits: Retr0id (~Retr0id@185.122.57.169) (Read error: Connection reset by peer)
[08:35:17] *** Quits: d3m3vilur (sid4654@id-4654.charlton.irccloud.com) (Ping timeout: 1221 seconds)
[08:35:27] *** Joins: d3m3vilur (sid4654@id-4654.charlton.irccloud.com)
[08:35:31] *** Joins: rmaw (~rmaw@163.172.57.156)
[08:35:52] *** Joins: nullstrin (~nullstrin@cermak.nullstring.io)
[08:37:11] *** Joins: blasty (~blasty@haxx.in)
[08:37:48] *** Joins: lex1 (lex@yuuh.pw)
[08:39:48] *** Joins: Snetry (~sentry@dslb-092-072-098-051.092.072.pools.vodafone-ip.de)
[15:04:14] *** Joins: |Shadow|_ (~Shadow1@ip24-253-241-112.ok.ok.cox.net)
[15:04:16] *** Quits: |Shadow| (~Shadow1@ip24-253-241-112.ok.ok.cox.net) (Read error: Operation timed out)
[15:07:16] *** |Shadow|_ is now known as |Shadow|
[17:45:32] *** Joins: fgsfds (~figgis@93.123.144.171)
[20:50:38] *** Quits: phigcloud (~uid13896@192.184.10.9) (Read error: Connection reset by peer)
[20:50:52] *** Joins: phigcloud (uid13896@id-13896.tooting.irccloud.com)
[21:03:09] *** Joins: refs (~refs@p200300dd871aec00e81c5f770b4735ad.dip0.t-ipconnect.de)
[21:18:18] *** Quits: derrek (iCM5FAUeBm@sirius.uberspace.de) (Remote host closed the connection)
[21:29:56] *** Joins: derrek (QwvKPQUH3p@sirius.uberspace.de)
