[00:41:37] *** Joins |Shadow|_
[00:42:28] *** Quits |Shadow| (Read error: Operation timed out)
[00:54:11] *** Quits Galaxy| (Quit.)
[01:13:00] *** Joins Galaxy|
[01:15:01] *** Quits Galaxy| (Client Quit)
[01:15:18] *** |Shadow|_ is now known as |Shadow|
[01:24:30] *** Joins Galaxy|
[01:40:03] *** Quits Galaxy| (Quit: Quit.)
[01:58:40] *** Joins Galaxy|
[02:30:19] *** Quits refs (Quit: refs)
[02:39:50] *** Quits GerbilSof (Quit: Windows must now restart because the Remote Procedure Call (RPC) service terminated unexpectedly.)
[02:42:06] *** Joins GerbilSof
[03:01:40] *** Quits GerbilSof (Remote host closed the connection)
[03:02:38] *** Joins GerbilSof
[03:09:34] *** Joins mafcadio2
[03:11:12] *** Quits mafcadio (Ping timeout: 745 seconds)
[04:24:09] <plutobot> Wiki | Page changed: Mario Kart Live: Home Circuit | User: yls8 | https://switchbrew.org/w/index.php?curid=420&diff=10112&oldid=10033
[06:12:13] *** Joins |Shadow|_
[06:13:51] *** Quits |Shadow| (Read error: Operation timed out)
[07:39:43] *** Quits Galaxy| (Quit: Quit.)
[07:41:23] *** Quits fgsfds (Read error: Connection reset by peer)
[07:43:33] *** |Shadow|_ is now known as |Shadow|
[08:04:08] *** Joins Galaxy|
[09:42:27] *** Quits ris2z (Ping timeout: 186 seconds)
[09:45:42] *** Joins ris2z
[13:59:25] *** Joins IShaDoWl
[14:30:47] *** Quits IShaDoWl (Read error: Operation timed out)
[15:29:31] <plutobot> Wiki | Page changed: Mario Kart Live: Home Circuit | User: yls8 | https://switchbrew.org/w/index.php?curid=420&diff=10113&oldid=10112
[15:50:52] *** Joins rajkosto
[16:08:21] *** Joins fgsfds
[16:45:56] *** Quits rajkosto (Read error: Connection reset by peer)
[18:42:31] *** Quits fgsfds (Ping timeout: 622 seconds)
[19:30:08] *** Joins t0m8te
[19:33:19] *** Parts t0m8te (Closing Window)
[19:54:13] *** Quits |Shadow| (Read error: Operation timed out)
[19:59:24] *** Joins |Shadow|
[20:16:54] *** Quits capin (Quit: WeeChat 2.3)
[20:37:00] *** Joins fgsfds
[21:00:39] *** Joins refs
[21:19:04] *** Quits usineur (leaving)
[21:30:30] *** Joins IShaDoWl
[23:18:29] *** Quits fgsfds (Ping timeout: 265 seconds)
[23:24:01] *** Quits refsw3 (Read error: Connection reset by peer)
[23:24:38] *** Joins refsw3
[23:25:12] *** Quits rctgamer3 (Quit: Meh.)
[23:25:28] *** Quits lemmu (Quit: Bye)
[23:26:25] *** Quits Normmatt (Quit: ZNC - http://znc.in)
[23:26:25] *** Joins Phils3r_
[23:26:50] *** Quits KuKzz_ (Read error: Connection reset by peer)
[23:26:55] *** Joins KuKzz
[23:27:07] *** Joins hordak_
[23:27:16] *** Quits balrog (Read error: Connection reset by peer)
[23:27:31] *** Joins rctgamer3
[23:28:25] *** Joins ave_9
[23:29:32] *** Quits CCFL_Man (Remote host closed the connection)
[23:30:34] *** Joins CCFL_Man
[23:31:46] *** Joins Normmatt
[23:35:48] *** Joins lemmy
[23:36:13] *** Quits tpw_rules (Ping timeout: 745 seconds)
[23:36:29] *** Joins tpw_rules
[23:36:47] *** Quits Phils3r (Ping timeout: 745 seconds)
[23:36:48] *** Quits ave_ (Ping timeout: 745 seconds)
[23:36:48] *** ave_9 is now known as ave_
[23:36:51] *** Joins fgsfds
[23:37:58] *** Quits hordak (Ping timeout: 745 seconds)
[23:37:58] *** hordak_ is now known as hordak
[23:39:15] *** Joins balrog
[23:40:17] *** Quits hexkyz (Ping timeout: 745 seconds)
[23:40:36] *** Joins hexkyz
[23:56:05] *** Quits balrog (Ping timeout: 622 seconds)
