[00:12:01] *** Joins: oreo639
[01:22:05] *** Quits: oreo639 (Ping timeout: 240 seconds)
[01:28:15] *** Joins: oreo639
[02:39:25] <plutobot> Wiki | Page changed: Flog | User: Hexkyz | https://switchbrew.org/w/index.php?curid=215&diff=12848&oldid=12309
[03:17:32] *** Joins: balrog_
[03:17:32] *** Joins: GerbilSof
[03:23:21] *** Quits: averne (quit)
[03:25:36] *** Joins: averne_
[03:25:36] *** Quits: Genolo (Ping timeout: 857 seconds)
[03:25:36] *** Server sets mode: +stn 
[03:26:01] *** Joins: Genolo
[03:30:07] *** Quits: balrog (Read error: Operation timed out)
[03:30:07] *** balrog_ is now known as balrog
[03:34:12] *** Quits: averne (Read error: Operation timed out)
[03:34:13] *** averne_ is now known as averne
[03:56:51] *** Joins: sentry
[04:04:09] *** Quits: oreo639 (Quit: Quit)
[04:04:44] *** Quits: yellows8 (hub.efnet.us irc.servercentral.net)
[04:06:40] *** Joins: yellows8
[04:08:36] *** Quits: Snetry (Read error: Connection refused)
[04:08:37] *** sentry is now known as Snetry
[13:36:23] *** Quits: yellows8 (hub.efnet.us irc.servercentral.net)
[14:33:55] *** Joins: yellows8
[14:36:31] *** Quits: DeusQain_ (Read error: Operation timed out)
[14:36:34] *** Joins: DeusQain
[14:38:09] *** Quits: substanc3 (Read error: Operation timed out)
[15:30:18] <plutobot> Wiki | Page changed: Talk:Flog | User: PongGX | https://switchbrew.org/w/index.php?curid=492&diff=12849&oldid=12847
[15:40:09] *** Joins: substanc3
[15:59:06] *** Joins: fgsfds
[16:00:35] *** Quits: GerbilSof (Quit: Windows must now restart because the Remote Procedure Call (RPC) service terminated unexpectedly.)
[19:09:36] <plutobot> Wiki | Page changed: Talk:Flog | User: Hexkyz | https://switchbrew.org/w/index.php?curid=492&diff=12850&oldid=12849
[20:50:37] *** Joins: uyjulian_
[20:51:56] *** Quits: mendelmun (Read error: Operation timed out)
[20:51:57] *** Quits: yls8bot (Read error: Operation timed out)
[20:51:57] *** Quits: klock (Read error: Operation timed out)
[20:52:07] *** Quits: tertu (Read error: Operation timed out)
[20:52:14] *** Joins: yls8bot
[20:52:44] *** Quits: tpw_rules (Read error: Operation timed out)
[20:52:56] *** Joins: tpw_rules
[20:53:02] *** Quits: uyjulian (Read error: Operation timed out)
[20:53:02] *** uyjulian_ is now known as uyjulian
[20:55:31] *** Quits: |Shadow| (Read error: Operation timed out)
[20:56:21] *** Quits: hexkyz (Read error: Operation timed out)
[20:59:26] *** Joins: klock
[20:59:34] *** Joins: tertu
[21:01:12] *** Joins: |Shadow|
[21:04:14] *** Joins: mendel_mu
[21:04:41] *** Joins: hexkyz
