[00:11:59] *** Joins: Maylay
[02:11:46] *** Quits: fgsfds (Read error: Connection reset by peer)
[03:56:05] *** Joins: sentry
[03:57:24] *** Quits: Snetry (Read error: Operation timed out)
[03:57:25] *** sentry is now known as Snetry
[04:14:34] <plutobot> Wiki | Page changed: Homebrew Themes | User: TownInPanic | https://switchbrew.org/w/index.php?curid=355&diff=12852&oldid=9048
[04:35:34] <plutobot> Wiki | Page changed: Homebrew Themes | User: TownInPanic | https://switchbrew.org/w/index.php?curid=355&diff=12853&oldid=12852
[07:04:06] *** Quits: yls8bot (hub.efnet.us irc.servercentral.net)
[07:04:07] *** Quits: DeusQain (hub.efnet.us irc.servercentral.net)
[07:04:07] *** Quits: yellows8 (hub.efnet.us irc.servercentral.net)
[07:19:56] *** Joins: DeusQain
[08:38:57] *** Joins: yellows8
[08:39:21] *** Joins: yls8bot
[09:56:05] *** Quits: averne (quit)
[09:59:24] *** Joins: averne
[09:59:24] *** Server sets mode: +stn 
[11:03:45] <plutobot> Wiki | Page changed: Talk:Flog | User: PongGX | https://switchbrew.org/w/index.php?curid=492&diff=12854&oldid=12850
[11:20:53] *** Joins: fgsfds
[17:45:50] *** Joins: mendelmun
[17:46:04] *** Quits: mendel_mu (Read error: Operation timed out)
[19:43:15] *** Joins: GerbilSof
[22:14:14] *** Joins: sentry
[22:14:14] *** Quits: Snetry (Read error: Connection reset by peer)
[22:14:21] *** sentry is now known as Snetry
[22:29:49] *** Quits: averne (quit)
[22:32:09] *** Joins: averne_
[22:32:09] *** Server sets mode: +stn 
[22:38:15] *** Quits: averne (Read error: Operation timed out)
[22:38:15] *** averne_ is now known as averne
[22:55:03] *** Quits: DeusQain (Read error: Operation timed out)
[22:55:35] *** Joins: DeusQain
[23:28:16] *** Quits: GerbilSof (Quit: Windows must now restart because the Remote Procedure Call (RPC) service terminated unexpectedly.)
