[00:27:56] *** Quits: |Shadow| (Read error: Operation timed out)
[01:08:20] *** Joins: |Shadow|
[02:06:12] *** Quits: Maylay (Read error: Connection reset by peer)
[02:11:46] *** Joins: Maylay
[02:50:54] <plutobot> Wiki | Page changed: 18.1.0 | User: yls8 | https://switchbrew.org/w/index.php?curid=491&diff=12855&oldid=12841
[02:53:07] <plutobot> Wiki | Page changed: 18.0.1 | User: yls8 | https://switchbrew.org/w/index.php?curid=489&diff=12856&oldid=12782
[03:03:11] <plutobot> Wiki | Page changed: 18.0.0 | User: yls8 | https://switchbrew.org/w/index.php?curid=488&diff=12857&oldid=12741
[03:21:14] *** Quits: oreo639 (Ping timeout: 622 seconds)
[03:41:44] *** Joins: oreo639
[03:48:53] *** Joins: sentry
[03:50:12] *** Quits: Snetry (Read error: Connection refused)
[03:50:13] *** sentry is now known as Snetry
[04:05:40] *** Quits: Maylay (Read error: Operation timed out)
[04:11:52] *** Joins: Maylay
[04:52:17] *** Quits: oreo639 (Read error: Operation timed out)
[04:52:46] *** Quits: Maylay (Ping timeout: 245 seconds)
[04:56:43] *** Joins: Maylay
[05:29:17] *** Joins: oreo639
[06:09:08] *** Quits: oreo639 (Ping timeout: 622 seconds)
[06:10:04] *** Quits: Maylay (Ping timeout: 240 seconds)
[06:18:28] *** Joins: Maylay
[06:57:27] *** Joins: oreo639
[08:32:08] *** Joins: n87
[09:35:11] *** Joins: balrog_
[09:35:50] *** Quits: klock (hub.efnet.us irc.servercentral.net)
[09:35:50] *** Quits: balrog (hub.efnet.us irc.servercentral.net)
[09:35:50] *** Quits: theSuess (hub.efnet.us irc.servercentral.net)
[09:35:50] *** Quits: yellows8 (hub.efnet.us irc.servercentral.net)
[09:35:50] *** Quits: yls8bot (hub.efnet.us irc.servercentral.net)
[09:39:27] *** Joins: klockee
[09:49:07] *** Joins: yellows8
[09:49:23] *** Joins: yls8bot
[09:51:09] *** balrog_ is now known as balrog
[10:27:51] *** Joins: fgsfds
[11:20:01] *** Quits: Maylay (Ping timeout: 260 seconds)
[11:23:06] *** Joins: Maylay
[12:21:49] *** Joins: DynamoDra
[12:46:25] *** Quits: DynamoDra (Remote host closed the connection)
[12:47:00] *** Joins: DynamoDra
[12:53:12] *** Quits: oreo639 (Read error: Operation timed out)
[13:08:23] *** Quits: DynamoDra (Remote host closed the connection)
[13:08:51] *** Joins: DynamoDra
[13:25:25] *** Joins: Maylay_
[13:25:25] *** Quits: Maylay (Read error: Connection reset by peer)
[15:07:18] *** Quits: Extrems (Read error: Operation timed out)
[15:10:09] *** Joins: Extrems
[15:50:45] *** Quits: Extrems (Quit: ZNC 1.7.5 - https://znc.in)
[15:50:48] *** Joins: Extrems
[16:24:14] *** Quits: DynamoDra (Read error: Connection reset by peer)
[16:25:07] *** Joins: DynamoDra
[16:32:30] *** Quits: DynamoDra (Read error: Connection reset by peer)
[16:33:20] *** Joins: DynamoDra
[16:41:02] *** Quits: DynamoDra (Foo)
[20:09:06] *** Quits: n87 (Read error: Connection reset by peer)
[23:20:07] *** Joins: oreo639
[23:40:39] *** Quits: fgsfds (Read error: Connection reset by peer)
