[00:02:08] *** Joins: Stary
[00:39:37] *** Quits: GerbilSof (Quit: Windows must now restart because the Remote Procedure Call (RPC) service terminated unexpectedly.)
[00:52:59] *** Joins: GerbilSof
[02:11:30] *** Quits: theSuess (Ping timeout: 360 seconds)
[02:14:34] *** Joins: theSuess
[02:31:54] *** Quits: theSuess (Ping timeout: 360 seconds)
[02:35:37] *** Joins: theSuess
[02:49:18] *** Quits: theSuess (Ping timeout: 360 seconds)
[02:56:26] *** Joins: theSuess
[03:09:42] *** Quits: theSuess (Ping timeout: 360 seconds)
[03:16:42] *** Joins: theSuess
[03:30:06] *** Quits: theSuess (Ping timeout: 360 seconds)
[03:36:58] *** Joins: theSuess
[03:50:30] *** Quits: theSuess (Ping timeout: 360 seconds)
[03:57:14] *** Joins: theSuess
[04:10:54] *** Quits: theSuess (Ping timeout: 360 seconds)
[04:13:56] *** Joins: theSuess
[04:31:18] *** Quits: theSuess (Ping timeout: 360 seconds)
[04:35:06] *** Joins: theSuess
[04:52:18] *** Quits: theSuess (Ping timeout: 360 seconds)
[04:55:22] *** Joins: theSuess
[05:09:06] *** Quits: theSuess (Ping timeout: 360 seconds)
[05:16:13] *** Joins: theSuess
[05:25:10] *** Quits: klockee (Read error: Operation timed out)
[05:26:30] *** Quits: yls8bot (Read error: Operation timed out)
[05:26:43] *** Quits: tertu (Read error: Operation timed out)
[05:28:43] *** Quits: ihaveama- (Read error: Operation timed out)
[05:29:30] *** Quits: theSuess (Ping timeout: 360 seconds)
[05:29:41] *** Joins: balrog_
[05:31:09] *** Quits: hexkyz (Read error: Operation timed out)
[05:31:45] *** Quits: |Shadow| (Read error: Operation timed out)
[05:32:14] *** Quits: balrog (Ping timeout: 483 seconds)
[05:32:14] *** balrog_ is now known as balrog
[05:35:37] *** Joins: klock
[05:35:38] *** Joins: tertu
[05:36:26] *** Joins: theSuess
[05:37:11] *** Joins: yls8bot
[05:37:40] *** Joins: |Shadow|
[05:39:27] *** Joins: hexkyz
[05:49:54] *** Quits: theSuess (Ping timeout: 360 seconds)
[05:51:14] *** Quits: yls8bot (Read error: Operation timed out)
[05:51:31] *** Joins: yls8bot
[05:53:41] *** Quits: GerbilSof (Ping timeout: 260 seconds)
[05:54:49] *** Joins: GerbilSof
[05:56:46] *** Joins: theSuess
[06:10:18] *** Quits: theSuess (Ping timeout: 360 seconds)
[06:11:22] *** Joins: yls8bot_
[06:11:22] *** Quits: yls8bot (Read error: Connection reset by peer)
[06:11:30] *** yls8bot_ is now known as yls8bot
[06:13:37] *** Joins: theSuess
[06:29:37] *** Quits: GrecKo_ (Ping timeout: 260 seconds)
[06:29:49] *** Joins: GrecKo
[06:30:42] *** Quits: theSuess (Ping timeout: 360 seconds)
[06:30:57] *** Quits: yls8bot (Read error: Operation timed out)
[06:31:14] *** Joins: yls8bot
[06:32:44] *** Joins: theSuess
[06:49:54] *** Quits: theSuess (Ping timeout: 360 seconds)
[06:51:40] *** Joins: yls8bot_
[06:51:41] *** Quits: yls8bot (Read error: Connection reset by peer)
[06:51:52] *** yls8bot_ is now known as yls8bot
[06:53:29] *** Joins: theSuess
[07:10:18] *** Quits: theSuess (Ping timeout: 360 seconds)
[07:13:20] *** Joins: theSuess
[07:23:45] *** Quits: phigcloud (Ping timeout: 260 seconds)
[07:24:09] *** Joins: phigcloud
[07:30:42] *** Quits: theSuess (Ping timeout: 360 seconds)
[07:34:54] *** Joins: theSuess
[07:39:52] *** Joins: n87
[07:48:42] *** Quits: theSuess (Ping timeout: 360 seconds)
[07:55:42] *** Joins: theSuess
[07:56:53] *** Quits: GeekShado (Ping timeout: 260 seconds)
[07:57:08] *** Joins: GeekShado
[08:09:06] *** Quits: theSuess (Ping timeout: 360 seconds)
[08:15:59] *** Joins: theSuess
[08:29:30] *** Quits: theSuess (Ping timeout: 360 seconds)
[08:36:15] *** Joins: theSuess
[08:49:54] *** Quits: theSuess (Ping timeout: 360 seconds)
[08:53:16] *** Joins: theSuess
[09:10:18] *** Quits: theSuess (Ping timeout: 360 seconds)
[09:12:28] *** Joins: theSuess
[09:29:30] *** Quits: theSuess (Ping timeout: 360 seconds)
[09:33:03] *** Joins: theSuess
[09:34:26] *** Joins: uyjulian_
[09:35:21] *** Quits: uyjulian (Ping timeout: 260 seconds)
[09:35:21] *** uyjulian_ is now known as uyjulian
[09:36:17] *** Quits: ris2z (Ping timeout: 260 seconds)
[09:36:33] *** Joins: ris2z
[09:49:54] *** Quits: theSuess (Ping timeout: 360 seconds)
[09:52:54] *** Joins: theSuess
[10:10:18] *** Quits: theSuess (Ping timeout: 360 seconds)
[10:12:40] *** Quits: GrecKo (Read error: Operation timed out)
[10:14:25] *** Joins: theSuess
[10:15:04] *** Quits: Surkow (ircd.choopa.net irc.Prison.NET)
[10:15:04] *** Quits: Genolo (ircd.choopa.net irc.Prison.NET)
[10:15:04] *** Quits: CCFL_Man (ircd.choopa.net irc.Prison.NET)
[10:15:04] *** Quits: mtheall (ircd.choopa.net irc.Prison.NET)
[10:15:04] *** Quits: Behemoth (ircd.choopa.net irc.Prison.NET)
[10:15:32] *** Joins: GrecKo
[10:16:17] *** Joins: Behemoth_
[10:28:14] *** Joins: Genolo
[10:31:18] *** Quits: theSuess (Ping timeout: 360 seconds)
[10:34:06] *** Joins: theSuess
[10:35:39] *** Joins: mtheall
[10:36:09] *** Joins: CCFL_Man
[10:45:19] *** Joins: mtheall_
[10:47:06] *** Quits: mtheall (ircd.choopa.net irc.Prison.NET)
[10:47:06] *** Quits: Genolo (ircd.choopa.net irc.Prison.NET)
[11:04:35] *** Joins: Genolo
[11:10:54] *** Quits: theSuess (Ping timeout: 360 seconds)
[11:14:10] *** Joins: theSuess
[11:27:42] *** Quits: theSuess (Ping timeout: 360 seconds)
[11:31:18] *** Quits: oreo639 (Quit: Quit)
[11:34:59] *** Joins: theSuess
[11:48:42] *** Quits: theSuess (Ping timeout: 360 seconds)
[11:52:32] *** Joins: theSuess
[12:09:42] *** Quits: theSuess (Ping timeout: 360 seconds)
[12:11:57] *** Joins: theSuess
[12:21:49] *** Quits: f_ (Remote host closed the connection)
[12:23:42] *** Joins: f_
[12:28:54] *** Quits: theSuess (Ping timeout: 360 seconds)
[12:31:43] *** Quits: f_ (Remote host closed the connection)
[12:32:02] *** Joins: f_
[12:32:27] *** Joins: theSuess
[12:49:18] *** Quits: theSuess (Ping timeout: 360 seconds)
[12:52:20] *** Joins: theSuess
[13:09:42] *** Quits: theSuess (Ping timeout: 360 seconds)
[13:13:40] *** Joins: theSuess
[13:30:42] *** Quits: theSuess (Ping timeout: 360 seconds)
[13:33:25] *** Joins: theSuess
[13:50:13] *** Quits: f_ (Remote host closed the connection)
[13:50:19] *** Joins: f_
[13:50:30] *** Quits: theSuess (Ping timeout: 360 seconds)
[13:53:14] *** Joins: theSuess
[14:10:18] *** Quits: theSuess (Ping timeout: 360 seconds)
[14:13:28] *** Joins: theSuess
[14:27:06] *** Quits: theSuess (Ping timeout: 360 seconds)
[14:34:13] *** Joins: theSuess
[14:47:30] *** Quits: theSuess (Ping timeout: 360 seconds)
[14:54:33] *** Joins: theSuess
[15:07:54] *** Quits: theSuess (Ping timeout: 360 seconds)
[15:14:50] *** Joins: theSuess
[15:28:18] *** Quits: theSuess (Ping timeout: 360 seconds)
[15:31:53] *** Joins: theSuess
[15:48:42] *** Quits: theSuess (Ping timeout: 360 seconds)
[15:51:49] *** Joins: theSuess
[16:00:25] *** Joins: fgsfds
[16:09:06] *** Quits: theSuess (Ping timeout: 360 seconds)
[16:12:59] *** Joins: theSuess
[16:30:06] *** Quits: theSuess (Ping timeout: 360 seconds)
[16:32:45] *** Joins: theSuess
[16:49:54] *** Quits: theSuess (Ping timeout: 360 seconds)
[16:53:01] *** Joins: theSuess
[17:06:42] *** Quits: theSuess (Ping timeout: 360 seconds)
[17:13:47] *** Joins: theSuess
[18:46:01] *** Quits: Shiz (Ping timeout: 260 seconds)
[18:48:46] *** Joins: Shiz
[19:24:44] *** Joins: Surkow
[21:34:39] *** Quits: n87 (Read error: Connection reset by peer)
[23:59:57] *** Quits: fgsfds (Read error: Connection reset by peer)
