[00:01:54] *** oreo639_ is now known as oreo639
[01:16:21] *** Quits: lameboy (Read error: Connection reset by peer)
[01:16:43] *** Joins: lameboy
[01:30:09] *** Quits: fgsfds (Read error: Connection reset by peer)
[03:34:40] *** Joins: sentry
[03:35:59] *** Quits: Snetry (Read error: Operation timed out)
[03:36:00] *** sentry is now known as Snetry
[05:52:53] *** Quits: Stary (Quit: ZNC - http://znc.in)
[06:03:21] *** Joins: Stary
[07:37:41] *** Quits: oreo639 (Quit: Quit)
[07:38:25] *** Joins: oreo639
[08:13:35] *** Joins: n87
[08:30:56] *** Quits: oreo639 (Read error: Operation timed out)
[08:49:41] *** Joins: oreo639
[08:55:02] *** Joins: n87_2
[08:55:51] *** Joins: n87_3
[09:01:08] *** Quits: n87 (Read error: Operation timed out)
[09:01:15] *** Quits: n87_2 (Read error: Operation timed out)
[09:17:13] *** Joins: n87_2
[09:24:13] *** Quits: n87_3 (Read error: Operation timed out)
[10:42:05] *** Quits: uyjulian (Ping timeout: 260 seconds)
[11:10:23] *** Joins: uyjulian
[11:30:39] *** Quits: |Shadow| ()
[11:36:45] *** Joins: |Shadow|
[12:06:39] *** Quits: oreo639 (Read error: Operation timed out)
[18:32:40] *** Quits: n87_2 (Read error: Connection reset by peer)
[19:44:52] *** Joins: oreo639
[23:16:30] *** Quits: oreo639 (Remote host closed the connection)
[23:16:47] *** Joins: oreo639
[23:24:34] *** Quits: oreo639 (Remote host closed the connection)
[23:24:49] *** Joins: oreo639
