[00:08:44] *** Quits: oreo639 (Read error: Operation timed out)
[01:16:27] *** Joins: ihaveamac
[02:05:41] *** Quits: GerbilSof (Quit: Windows must now restart because the Remote Procedure Call (RPC) service terminated unexpectedly.)
[02:19:29] *** Quits: DacoTaco (Read error: Connection reset by peer)
[02:19:32] *** Joins: lameboy2
[02:23:57] *** Quits: Snetry (Read error: Connection reset by peer)
[02:25:00] *** Joins: DacoTaco
[02:26:00] *** Quits: lameboy (Read error: Operation timed out)
[02:26:03] *** lameboy2 is now known as lameboy
[02:30:37] *** Quits: omlet05 (Read error: Connection reset by peer)
[02:32:07] *** Joins: omlet05
[02:33:06] *** Joins: Snetry
[02:34:32] *** Quits: Stary (Read error: Connection reset by peer)
[02:37:29] *** Joins: Stary
[03:13:39] *** Joins: Extrems`
[03:13:40] *** Quits: Extrems (Read error: Connection reset by peer)
[03:14:08] *** Extrems` is now known as Extrems
[03:19:23] *** Joins: klockee
[03:25:25] *** Quits: klock (Read error: Operation timed out)
[03:25:35] *** Quits: Extrems (Read error: Connection reset by peer)
[03:25:39] *** Joins: Extrems`
[03:26:08] *** Extrems` is now known as Extrems
[04:23:07] *** Joins: GerbilSof
[04:36:25] *** Joins: oreo639
[05:02:01] *** Quits: oreo639 (Ping timeout: 260 seconds)
[06:38:00] *** Joins: lameboy2
[06:38:23] *** Quits: DacoTaco (hub.efnet.us irc.mzima.net)
[06:38:23] *** Quits: lameboy (hub.efnet.us irc.mzima.net)
[06:39:24] *** Joins: DacoTaco_
[06:53:59] *** lameboy2 is now known as lameboy
[07:31:44] *** Joins: oreo639
[10:17:25] *** Quits: oreo639 (Ping timeout: 622 seconds)
[10:57:40] *** Joins: fgsfds
[12:23:21] *** Quits: substanc3 (ZNC 1.8.2 - https://znc.in)
[12:36:13] *** Joins: substanc3
[18:23:58] *** Quits: f_ (Ping timeout: 857 seconds)
[18:34:30] *** Joins: f_
[20:03:07] *** Joins: n87
[22:56:34] *** Quits: n87 (Read error: Connection reset by peer)
