[00:54:33] *** Quits: fgsfds (Read error: Connection reset by peer)
[03:34:53] *** Joins: Snetry
[03:36:12] *** Quits: Sentry (Read error: Operation timed out)
[03:36:12] *** Snetry is now known as Sentry
[04:13:03] *** Quits: zombie343 ()
[04:48:26] *** Quits: refs (Quit: refs)
[05:50:21] *** Joins: zombie343
[12:19:19] *** Joins: fgsfds
[13:35:38] *** Joins: refs
[14:51:52] *** Joins: rajkosto
[16:13:59] *** Quits: rajkosto (Read error: Connection reset by peer)
[16:56:45] *** Joins: n87
[19:21:50] *** Joins: Rafa10
[19:22:47] *** Joins: rajkosto
[19:26:10] *** Quits: Rafa10 (Client Quit)
[19:37:42] *** Joins: Rafa10
[20:05:22] *** Quits: Rafa10 (Ping timeout: 265 seconds)
[20:09:19] *** Joins: Rafa10
[21:08:29] *** Joins: oreo639
[21:25:36] *** Quits: oreo639 (Remote host closed the connection)
[22:07:47] *** Quits: n87 (Read error: Connection reset by peer)
[23:56:16] *** Quits: Rafa10 (Quit: Leaving)
