[01:52:20] *** Quits: fgsfds (Read error: Connection reset by peer)
[02:03:19] *** Quits: Rafa10 (Quit: Leaving)
[02:31:14] *** Joins: Snetry
[02:32:34] *** Quits: Sentry (Read error: Connection refused)
[02:32:34] *** Snetry is now known as Sentry
[03:30:23] *** Joins: Snetry
[03:31:42] *** Quits: Sentry (Read error: Operation timed out)
[03:31:42] *** Snetry is now known as Sentry
[08:41:18] *** Joins: Extrems`
[08:46:40] *** Quits: Extrems (Ping timeout: 492 seconds)
[08:46:40] *** Extrems` is now known as Extrems
[10:54:05] *** Quits: Lightswor (Quit: ZNC)
[10:54:11] *** Joins: Lightswor
[11:51:20] *** Joins: fgsfds
[17:11:14] *** Joins: Rafa10
[17:14:43] *** Quits: Rafa10 (Client Quit)
[21:03:48] *** Joins: refs
[23:03:29] *** Joins: rajkosto
[23:07:17] *** Quits: balrog (Bye)
[23:10:18] *** Joins: balrog
