[00:13:08] *** Joins: figgis_
[00:17:51] *** Quits: fgsfds (Ping timeout: 376 seconds)
[02:03:56] *** Quits: uyjulian (Read error: Operation timed out)
[02:18:01] *** Quits: figgis_ (Read error: Connection reset by peer)
[02:23:03] *** Joins: uyjulian
[02:31:49] *** Quits: refs (Quit: refs)
[03:28:03] *** Joins: Snetry
[03:29:22] *** Quits: Sentry (Read error: Operation timed out)
[03:29:22] *** Snetry is now known as Sentry
[10:04:19] *** Joins: Extrems`
[10:08:58] *** Joins: Extrems-
[10:09:05] *** Quits: Extrems` (Read error: Connection reset by peer)
[10:12:35] *** Quits: Extrems (Read error: Operation timed out)
[10:12:36] *** Extrems- is now known as Extrems
[12:04:18] *** Joins: Snetry
[12:04:54] *** Quits: Sentry (Read error: Operation timed out)
[12:04:54] *** Snetry is now known as Sentry
[12:22:51] *** Quits: Sentry (Read error: Operation timed out)
[12:35:24] *** Joins: Sentry
[12:50:27] *** Joins: Snetry
[12:51:29] *** Quits: Sentry (Read error: Operation timed out)
[12:51:29] *** Snetry is now known as Sentry
[12:51:34] *** Joins: fgsfds
[15:36:48] *** Quits: Behemoth (Ping timeout: 252 seconds)
[15:37:02] *** Joins: Behemoth
[16:05:41] *** Joins: Behemoth_
[16:09:52] *** Quits: Behemoth (Ping timeout: 492 seconds)
[18:29:21] *** Joins: n87
[18:33:53] *** Joins: figgis_
[18:36:51] *** Quits: fgsfds (Ping timeout: 376 seconds)
[21:22:37] *** Quits: Behemoth_ (No Ping reply in 180 seconds.)
[21:23:11] *** Joins: Behemoth
[21:26:51] *** Joins: refs
[22:23:04] *** Quits: n87 (Read error: Connection reset by peer)
