[02:27:31] *** Joins: oreo639
[03:03:17] *** Quits: fgsfds (Read error: Connection reset by peer)
[03:40:46] *** Quits: oreo639 (Ping timeout: 612 seconds)
[03:46:04] *** Joins: Snetry
[03:47:23] *** Quits: Sentry (Read error: Connection refused)
[03:47:23] *** Snetry is now known as Sentry
[04:22:01] *** Joins: oreo639
[04:45:08] *** Quits: oreo639 (Read error: Operation timed out)
[05:11:10] *** Joins: oreo639
[05:12:28] *** Quits: refs (Quit: refs)
[09:52:22] *** Quits: oreo639 (Ping timeout: 745 seconds)
[12:24:38] *** Joins: fgsfds
[13:58:40] *** Quits: Maylay (Pipe Terminated)
[13:59:12] *** Joins: Maylay
[18:24:21] *** Joins: n87
[20:31:44] *** Joins: oreo639
[20:41:14] *** Joins: refs
[20:47:48] *** Quits: oreo639 (Read error: Connection reset by peer)
[21:57:16] *** Quits: n87 (Read error: Connection reset by peer)
[22:05:22] *** Quits: Maylay (se.hub efnet.deic.eu)
[22:05:23] *** Quits: lansiir (se.hub efnet.deic.eu)
[22:05:23] *** Quits: thejsa (se.hub efnet.deic.eu)
[22:05:23] *** Quits: nohit (se.hub efnet.deic.eu)
[22:05:23] *** Quits: lemmy (se.hub efnet.deic.eu)
[22:16:23] *** Joins: Maylay
[22:16:23] *** Joins: lansiir
[22:16:23] *** Joins: thejsa
[22:16:23] *** Joins: nohit
[22:16:23] *** Joins: lemmy
