[00:11:05] *** Joins: figgis_
[00:14:11] *** Quits: fgsfds (Ping timeout: 376 seconds)
[02:12:22] *** Quits: averne (quit)
[02:31:15] *** Joins: averne
[02:31:15] *** Server sets mode: +stn 
[03:22:13] *** Joins: oreo639
[03:30:12] *** Joins: lameboy2
[03:36:24] *** Quits: oreo639 (Remote host closed the connection)
[03:37:44] *** Quits: lameboy (Read error: Operation timed out)
[03:37:46] *** lameboy2 is now known as lameboy
[03:44:57] *** Joins: Snetry
[03:46:16] *** Quits: Sentry (Read error: Connection refused)
[03:46:16] *** Snetry is now known as Sentry
[04:34:23] *** Quits: refs (Quit: refs)
[13:28:10] *** Joins: fgsfds
[13:28:28] *** Joins: m4ts_
[13:29:46] *** Quits: m4ts (Ping timeout: 265 seconds)
[14:20:57] *** Quits: hexkyz (Ping timeout: 745 seconds)
[14:22:43] *** Quits: DacoTaco (Ping timeout: 745 seconds)
[14:24:54] *** Joins: hexkyz
[14:25:37] *** Joins: DacoTaco
[21:28:03] *** Joins: refs
