[02:11:29] *** Quits: refs (Quit: refs)
[02:49:32] *** Quits: lameboy (Quit: bbl)
[03:02:30] *** Joins: lameboy
[03:06:33] *** Quits: fgsfds (Read error: Connection reset by peer)
[03:43:50] *** Joins: Snetry
[03:45:09] *** Quits: Sentry (Read error: Operation timed out)
[03:45:09] *** Snetry is now known as Sentry
[08:21:13] *** Joins: oreo639
[12:31:42] *** Quits: zini (Quit: -->)
[12:32:24] *** Joins: zini
[12:32:31] *** Quits: zini (Client Quit)
[12:33:15] *** Joins: zini
[12:39:34] *** Joins: fgsfds
[12:56:04] *** Joins: Rafa10
[12:59:28] *** Quits: Rafa10 (Client Quit)
[12:59:43] *** Quits: oreo639 (Read error: Operation timed out)
[18:20:02] *** Joins: m4ts
[18:23:29] *** Quits: m4ts_ (Ping timeout: 265 seconds)
[21:49:43] *** Joins: refs
[22:47:15] *** Quits: |Shadow| (Ping timeout: 268 seconds)
[22:50:15] *** Joins: |Shadow|
