[02:08:08] *** Quits: averne (quit)
[02:46:32] *** Joins: averne
[02:46:32] *** Server sets mode: +stn 
[02:51:09] *** Quits: averne (quit)
[02:51:25] *** Joins: averne_
[02:51:25] *** Server sets mode: +stn 
[02:51:33] *** Quits: refs (Quit: refs)
[02:52:42] *** Quits: averne (Ping timeout: 252 seconds)
[02:52:42] *** averne_ is now known as averne
[03:41:30] *** Joins: Snetry
[03:42:50] *** Quits: Sentry (Read error: Connection refused)
[03:42:50] *** Snetry is now known as Sentry
[13:27:13] *** Joins: fgsfds
[13:42:18] *** Joins: figgis_
[13:46:14] *** Quits: fgsfds (Ping timeout: 265 seconds)
[20:21:36] *** Joins: n87
[20:37:11] *** lansiir is now known as oldtopman
[20:47:31] *** Quits: Lightswor (Read error: Connection reset by peer)
[20:47:37] *** Joins: Lightswor
[22:28:52] *** Joins: refs
[23:15:34] *** Quits: n87 (Read error: Connection reset by peer)
