[00:08:58] *** Quits: |Shadow| ()
[00:09:30] *** Joins: Snetry
[00:10:18] *** Quits: Sentry (Read error: Operation timed out)
[00:10:18] *** Snetry is now known as Sentry
[00:30:52] *** Joins: |Shadow|
[01:48:55] *** Quits: figgis_ (Read error: Connection reset by peer)
[02:48:18] *** Quits: refs (Quit: refs)
[03:09:19] *** Joins: Snetry
[03:10:39] *** Quits: Sentry (Read error: Operation timed out)
[03:10:39] *** Snetry is now known as Sentry
[07:10:00] *** Quits: GerbilSof (Ping timeout: 252 seconds)
[07:10:18] *** Joins: GerbilSof
[09:07:47] *** Quits: Retr0id (Read error: Operation timed out)
[09:08:28] *** Joins: Retr0id
[12:40:28] *** Joins: n87
[12:57:47] *** Joins: fgsfds
[14:25:23] *** Quits: n87 (Read error: Connection reset by peer)
[15:49:26] *** Quits: GerbilSof (Quit: Windows must now restart because the Remote Procedure Call (RPC) service terminated unexpectedly.)
[15:49:31] *** Joins: GerbilSof
[22:31:25] *** Joins: freundTe-
[22:38:59] *** Quits: |Shadow| (ny.us.hub irc.Prison.NET)
[22:38:59] *** Quits: freundTec (ny.us.hub irc.Prison.NET)
[22:38:59] *** Quits: Surkow (ny.us.hub irc.Prison.NET)
[22:40:51] *** Joins: Surkow_
[23:07:42] *** Joins: |Shadow|
