[00:02:22] *** Surkow_ is now known as Surkow
[00:14:49] *** Quits: flotwig (Quit: ZNC - http://znc.in)
[00:15:48] *** Joins: flotwig
[00:23:06] *** Quits: flotwig (Quit: ZNC - http://znc.in)
[00:25:06] *** Joins: flotwig
[00:33:45] *** Quits: flotwig (ZNC - http://znc.in)
[00:36:18] *** Joins: flotwig
[00:44:52] *** Quits: flotwig (Quit: ZNC - http://znc.in)
[00:52:16] *** Joins: flotwig
[02:03:51] *** Quits: fgsfds (Read error: Connection reset by peer)
[03:07:49] *** Joins: Snetry
[03:09:08] *** Quits: Sentry (Read error: Operation timed out)
[03:09:08] *** Snetry is now known as Sentry
[04:18:24] *** Quits: GerbilSof (Quit: Windows must now restart because the Remote Procedure Call (RPC) service terminated unexpectedly.)
[04:21:32] *** Joins: GerbilSof
[11:30:04] *** Joins: n87
[12:16:21] *** Joins: fgsfds
[14:46:20] *** Joins: m4ts_
[14:48:17] *** Quits: m4ts (Ping timeout: 265 seconds)
[15:31:17] *** Quits: phigcloud (Quit: Connection closed for inactivity)
[16:30:41] *** Quits: n87 (Read error: Connection reset by peer)
[17:40:06] *** Joins: phigcloud
[17:50:22] *** Joins: refs
[20:28:45] *** Joins: n87
[20:53:42] *** Quits: Mimoja8 (Read error: Connection reset by peer)
[20:56:10] *** Joins: Mimoja8
[20:57:04] *** Quits: fincs (Ping timeout: 265 seconds)
[20:57:20] *** Joins: fincs
[20:57:20] *** WntrMute sets mode: +o fincs
[21:01:34] *** Joins: n87_2
[21:04:19] *** Quits: n87 (Ping timeout: 265 seconds)
[21:04:20] *** Quits: GrecKo_ (Ping timeout: 265 seconds)
[21:04:50] *** Quits: DacoTaco (Ping timeout: 265 seconds)
[21:05:39] *** Joins: DacoTaco
[21:08:33] *** Joins: GrecKo
[23:21:07] *** Quits: n87_2 (Read error: Connection reset by peer)
