[00:14:23] *** Quits: TurtleP (Read error: Operation timed out)
[00:15:42] *** Joins: TurtleP
[03:00:14] *** Quits: refs (Quit: refs)
[03:05:17] *** Joins: Snetry
[03:06:36] *** Quits: Sentry (Read error: Operation timed out)
[03:06:36] *** Snetry is now known as Sentry
[03:07:47] *** Quits: fincs (Ping timeout: 248 seconds)
[03:08:16] *** Joins: fincs
[03:08:16] *** WntrMute sets mode: +o fincs
[03:19:50] *** Quits: fgsfds (Read error: Connection reset by peer)
[06:30:07] *** Quits: Maylay (Remote host closed the connection)
[06:35:25] *** Joins: Maylay
[10:59:46] *** Joins: zini-
[10:59:59] *** Quits: zini (Read error: Connection reset by peer)
[12:10:20] *** Joins: zini
[12:15:47] *** Quits: zini- (Ping timeout: 745 seconds)
[13:53:52] *** Joins: fgsfds
[14:08:43] *** Quits: |Shadow| ()
[14:25:50] *** Joins: |Shadow|
[14:34:04] *** Quits: |Shadow| ()
[14:35:22] *** Joins: |Shadow|
[18:51:48] *** Joins: rajkosto
[21:16:39] *** Joins: n87
[21:43:07] *** Quits: n87 (Read error: Connection reset by peer)
[21:45:48] *** Joins: refs
[23:17:48] *** Quits: GrecKo (Quit: GrecKo)
[23:18:59] *** Joins: GrecKo
