[00:57:14] *** Quits: fgsfds (Read error: Connection reset by peer)
[02:41:47] *** Quits: refs (Quit: refs)
[03:59:05] *** Joins: Snetry
[04:00:25] *** Quits: Sentry (Read error: Connection refused)
[04:00:25] *** Snetry is now known as Sentry
[07:08:59] *** Joins: |Shadow|_
[07:09:46] *** Quits: |Shadow| (Read error: Operation timed out)
[07:16:57] *** Quits: Surkow (efnet.deic.eu se.hub)
[07:16:59] *** Quits: freundTe- (efnet.deic.eu se.hub)
[07:16:59] *** Quits: Lightswor (efnet.deic.eu se.hub)
[07:16:59] *** Quits: Kyouju_ (efnet.deic.eu se.hub)
[07:16:59] *** Quits: yellows8 (efnet.deic.eu se.hub)
[07:16:59] *** Quits: Jdbye (efnet.deic.eu se.hub)
[07:16:59] *** Quits: sh0e (efnet.deic.eu se.hub)
[07:16:59] *** Quits: Maylay (efnet.deic.eu se.hub)
[07:16:59] *** Quits: |Shadow|_ (efnet.deic.eu se.hub)
[07:16:59] *** Quits: DacoTaco (efnet.deic.eu se.hub)
[07:16:59] *** Quits: uyjulian (efnet.deic.eu se.hub)
[07:16:59] *** Quits: balrog (efnet.deic.eu se.hub)
[07:16:59] *** Quits: zombie343 (efnet.deic.eu se.hub)
[07:16:59] *** Quits: KuKzz (efnet.deic.eu se.hub)
[07:16:59] *** Quits: yls8bot (efnet.deic.eu se.hub)
[07:16:59] *** Quits: djorz (efnet.deic.eu se.hub)
[07:16:59] *** Quits: nich (efnet.deic.eu se.hub)
[07:16:59] *** Quits: j0hny5 (efnet.deic.eu se.hub)
[07:16:59] *** Quits: tpw_rules (efnet.deic.eu se.hub)
[07:16:59] *** Quits: Sentry (efnet.deic.eu se.hub)
[07:16:59] *** Quits: Retr0id (efnet.deic.eu se.hub)
[07:18:31] *** Quits: lex1 (efnet.deic.eu se.hub)
[07:18:31] *** Quits: d3m3vilur (efnet.deic.eu se.hub)
[07:18:31] *** Quits: flotwig (efnet.deic.eu se.hub)
[07:18:31] *** Quits: Extrems (efnet.deic.eu se.hub)
[07:18:31] *** Quits: ihaveamac (efnet.deic.eu se.hub)
[07:18:31] *** Quits: nrq (efnet.deic.eu se.hub)
[07:18:31] *** Quits: Cu3PO42 (efnet.deic.eu se.hub)
[07:18:31] *** Quits: eggster (efnet.deic.eu se.hub)
[07:18:31] *** Quits: Normmatt (efnet.deic.eu se.hub)
[07:18:31] *** Quits: zini (efnet.deic.eu se.hub)
[07:18:31] *** Quits: TurtleP (efnet.deic.eu se.hub)
[07:18:31] *** Quits: hexkyz (efnet.deic.eu se.hub)
[07:18:31] *** Quits: dibas (efnet.deic.eu se.hub)
[07:18:31] *** Quits: mtheall (efnet.deic.eu se.hub)
[07:18:31] *** Quits: Phils3r_ (efnet.deic.eu se.hub)
[07:18:31] *** Quits: klock (efnet.deic.eu se.hub)
[07:18:31] *** Quits: mid-kid4 (efnet.deic.eu se.hub)
[07:18:31] *** Quits: Genolo (efnet.deic.eu se.hub)
[07:18:31] *** Quits: Whovian93 (efnet.deic.eu se.hub)
[07:18:31] *** Quits: GrecKo (efnet.deic.eu se.hub)
[07:18:31] *** Quits: Behemoth (efnet.deic.eu se.hub)
[07:18:31] *** Quits: derrek (efnet.deic.eu se.hub)
[07:18:31] *** Quits: GerbilSof (efnet.deic.eu se.hub)
[07:18:31] *** Quits: GeekShado (efnet.deic.eu se.hub)
[07:18:31] *** Quits: fincs (efnet.deic.eu se.hub)
[07:18:31] *** Quits: m4ts (efnet.deic.eu se.hub)
[07:18:31] *** Quits: phigcloud (efnet.deic.eu se.hub)
[07:18:31] *** Quits: CCFL_Man (efnet.deic.eu se.hub)
[07:18:31] *** Quits: WntrMute (efnet.deic.eu se.hub)
[07:18:31] *** Quits: Stary (efnet.deic.eu se.hub)
[07:18:31] *** Quits: TAL (efnet.deic.eu se.hub)
[07:18:31] *** Quits: Ghabry (efnet.deic.eu se.hub)
[07:18:31] *** Quits: Mimoja8 (efnet.deic.eu se.hub)
[07:18:31] *** Quits: ris2z (efnet.deic.eu se.hub)
[07:18:31] *** Quits: pieman (efnet.deic.eu se.hub)
[07:18:31] *** Quits: flagrama_ (efnet.deic.eu se.hub)
[07:27:28] *** Quits: oldtopman (Ping timeout: 612 seconds)
[07:28:50] *** Quits: lameboy (Ping timeout: 612 seconds)
[07:36:56] *** Joins: lansiir
[07:36:56] *** Joins: lameboy
[07:36:56] *** Joins: |Shadow|
[07:36:56] *** Joins: Sentry
[07:36:56] *** Joins: Surkow
[07:36:56] *** Joins: GerbilSof
[07:36:56] *** Joins: GeekShado
[07:36:56] *** Joins: GrecKo
[07:36:56] *** Joins: zini
[07:36:56] *** Joins: Maylay
[07:36:56] *** Joins: fincs
[07:36:56] *** Joins: TurtleP
[07:36:56] *** Joins: m4ts
[07:36:56] *** Joins: DacoTaco
[07:36:56] *** Joins: Mimoja8
[07:36:56] *** Joins: phigcloud
[07:36:56] *** Joins: flotwig
[07:36:56] *** Joins: freundTe-
[07:36:56] *** Joins: Retr0id
[07:36:56] *** Joins: Lightswor
[07:36:56] *** Joins: sh0e
[07:36:56] *** Joins: hexkyz
[07:36:56] *** Joins: Kyouju_
[07:36:56] *** Joins: Behemoth
[07:36:56] *** Joins: Extrems
[07:36:56] *** Joins: uyjulian
[07:36:56] *** Joins: dibas
[07:36:56] *** Joins: balrog
[07:36:56] *** Joins: zombie343
[07:36:56] *** Joins: mtheall
[07:36:56] *** Joins: CCFL_Man
[07:36:56] *** Joins: ris2z
[07:36:56] *** Joins: ihaveamac
[07:36:56] *** Joins: Phils3r_
[07:36:56] *** Joins: lex1
[07:36:56] *** Joins: d3m3vilur
[07:36:56] *** Joins: KuKzz
[07:36:56] *** Joins: Jdbye
[07:36:56] *** Joins: yellows8
[07:36:56] *** Joins: tpw_rules
[07:36:56] *** Joins: nich
[07:36:56] *** Joins: j0hny5
[07:36:56] *** Joins: djorz
[07:36:56] *** Joins: yls8bot
[07:36:56] *** Joins: klock
[07:36:56] *** Joins: nrq
[07:36:56] *** se.hub sets mode: +ooo fincs yellows8 yls8bot
[07:36:56] *** Joins: mid-kid4
[07:36:56] *** Joins: Cu3PO42
[07:36:56] *** Joins: Genolo
[07:36:56] *** Joins: WntrMute
[07:36:56] *** Joins: Stary
[07:36:56] *** Joins: Normmatt
[07:36:56] *** Joins: eggster
[07:36:56] *** Joins: TAL
[07:36:56] *** Joins: Ghabry
[07:36:56] *** Joins: Whovian93
[07:36:56] *** Joins: pieman
[07:36:56] *** Joins: flagrama_
[07:36:56] *** Joins: derrek
[07:36:56] *** se.hub sets mode: +o WntrMute
[08:15:13] *** Quits: lameboy (efnet.deic.eu se.hub)
[08:15:16] *** Quits: Surkow (efnet.deic.eu se.hub)
[08:15:16] *** Quits: freundTe- (efnet.deic.eu se.hub)
[08:15:16] *** Quits: Lightswor (efnet.deic.eu se.hub)
[08:15:16] *** Quits: Kyouju_ (efnet.deic.eu se.hub)
[08:15:16] *** Quits: yellows8 (efnet.deic.eu se.hub)
[08:15:16] *** Quits: Jdbye (efnet.deic.eu se.hub)
[08:15:16] *** Quits: sh0e (efnet.deic.eu se.hub)
[08:15:16] *** Quits: lansiir (efnet.deic.eu se.hub)
[08:15:16] *** Quits: Maylay (efnet.deic.eu se.hub)
[08:15:16] *** Quits: |Shadow| (efnet.deic.eu se.hub)
[08:15:16] *** Quits: DacoTaco (efnet.deic.eu se.hub)
[08:15:16] *** Quits: uyjulian (efnet.deic.eu se.hub)
[08:15:16] *** Quits: balrog (efnet.deic.eu se.hub)
[08:15:16] *** Quits: zombie343 (efnet.deic.eu se.hub)
[08:15:16] *** Quits: KuKzz (efnet.deic.eu se.hub)
[08:15:16] *** Quits: yls8bot (efnet.deic.eu se.hub)
[08:15:16] *** Quits: djorz (efnet.deic.eu se.hub)
[08:15:16] *** Quits: nich (efnet.deic.eu se.hub)
[08:15:16] *** Quits: j0hny5 (efnet.deic.eu se.hub)
[08:15:16] *** Quits: tpw_rules (efnet.deic.eu se.hub)
[08:15:16] *** Quits: Sentry (efnet.deic.eu se.hub)
[08:15:16] *** Quits: Retr0id (efnet.deic.eu se.hub)
[08:15:16] *** Quits: lex1 (efnet.deic.eu se.hub)
[08:15:16] *** Quits: d3m3vilur (efnet.deic.eu se.hub)
[08:15:16] *** Quits: flotwig (efnet.deic.eu se.hub)
[08:15:16] *** Quits: Extrems (efnet.deic.eu se.hub)
[08:15:16] *** Quits: ihaveamac (efnet.deic.eu se.hub)
[08:15:16] *** Quits: nrq (efnet.deic.eu se.hub)
[08:15:16] *** Quits: Cu3PO42 (efnet.deic.eu se.hub)
[08:15:16] *** Quits: eggster (efnet.deic.eu se.hub)
[08:15:16] *** Quits: Normmatt (efnet.deic.eu se.hub)
[08:15:16] *** Quits: zini (efnet.deic.eu se.hub)
[08:15:16] *** Quits: TurtleP (efnet.deic.eu se.hub)
[08:15:16] *** Quits: hexkyz (efnet.deic.eu se.hub)
[08:15:16] *** Quits: dibas (efnet.deic.eu se.hub)
[08:15:16] *** Quits: mtheall (efnet.deic.eu se.hub)
[08:15:16] *** Quits: Phils3r_ (efnet.deic.eu se.hub)
[08:15:16] *** Quits: klock (efnet.deic.eu se.hub)
[08:15:16] *** Quits: mid-kid4 (efnet.deic.eu se.hub)
[08:15:16] *** Quits: Genolo (efnet.deic.eu se.hub)
[08:15:16] *** Quits: Whovian93 (efnet.deic.eu se.hub)
[08:15:16] *** Quits: GrecKo (efnet.deic.eu se.hub)
[08:15:16] *** Quits: Behemoth (efnet.deic.eu se.hub)
[08:15:16] *** Quits: derrek (efnet.deic.eu se.hub)
[08:15:16] *** Quits: GerbilSof (efnet.deic.eu se.hub)
[08:15:16] *** Quits: GeekShado (efnet.deic.eu se.hub)
[08:15:16] *** Quits: fincs (efnet.deic.eu se.hub)
[08:15:16] *** Quits: m4ts (efnet.deic.eu se.hub)
[08:15:16] *** Quits: phigcloud (efnet.deic.eu se.hub)
[08:15:16] *** Quits: CCFL_Man (efnet.deic.eu se.hub)
[08:15:16] *** Quits: WntrMute (efnet.deic.eu se.hub)
[08:15:16] *** Quits: Stary (efnet.deic.eu se.hub)
[08:15:16] *** Quits: TAL (efnet.deic.eu se.hub)
[08:15:16] *** Quits: Ghabry (efnet.deic.eu se.hub)
[08:15:16] *** Quits: Mimoja8 (efnet.deic.eu se.hub)
[08:15:16] *** Quits: ris2z (efnet.deic.eu se.hub)
[08:15:16] *** Quits: pieman (efnet.deic.eu se.hub)
[08:15:16] *** Quits: flagrama_ (efnet.deic.eu se.hub)
[08:44:49] *** Quits: nohit (Ping timeout: 612 seconds)
[08:47:25] *** Quits: lemmy (Ping timeout: 612 seconds)
[08:48:04] *** Quits: thejsa (Ping timeout: 612 seconds)
[09:27:53] *** Joins: lansiir
[09:27:53] *** Joins: lameboy
[09:27:53] *** Joins: |Shadow|
[09:27:53] *** Joins: Sentry
[09:27:53] *** Joins: Surkow
[09:27:53] *** Joins: GerbilSof
[09:27:53] *** Joins: GeekShado
[09:27:53] *** Joins: GrecKo
[09:27:53] *** Joins: zini
[09:27:53] *** Joins: Maylay
[09:27:53] *** Joins: fincs
[09:27:53] *** Joins: TurtleP
[09:27:53] *** Joins: m4ts
[09:27:53] *** Joins: DacoTaco
[09:27:53] *** Joins: Mimoja8
[09:27:53] *** Joins: phigcloud
[09:27:53] *** Joins: flotwig
[09:27:53] *** Joins: freundTe-
[09:27:53] *** Joins: Retr0id
[09:27:53] *** Joins: Lightswor
[09:27:53] *** Joins: sh0e
[09:27:53] *** Joins: hexkyz
[09:27:53] *** Joins: Kyouju_
[09:27:53] *** Joins: Behemoth
[09:27:53] *** Joins: Extrems
[09:27:53] *** Joins: uyjulian
[09:27:53] *** Joins: dibas
[09:27:53] *** Joins: balrog
[09:27:53] *** Joins: zombie343
[09:27:53] *** Joins: mtheall
[09:27:53] *** Joins: CCFL_Man
[09:27:53] *** Joins: ris2z
[09:27:53] *** Joins: ihaveamac
[09:27:53] *** Joins: Phils3r_
[09:27:53] *** Joins: lex1
[09:27:53] *** Joins: d3m3vilur
[09:27:53] *** Joins: KuKzz
[09:27:53] *** Joins: Jdbye
[09:27:53] *** Joins: yellows8
[09:27:53] *** Joins: tpw_rules
[09:27:53] *** Joins: nich
[09:27:53] *** Joins: j0hny5
[09:27:53] *** Joins: djorz
[09:27:53] *** Joins: yls8bot
[09:27:53] *** Joins: klock
[09:27:53] *** Joins: nrq
[09:27:53] *** se.hub sets mode: +ooo fincs yellows8 yls8bot
[09:27:53] *** Joins: mid-kid4
[09:27:53] *** Joins: Cu3PO42
[09:27:53] *** Joins: Genolo
[09:27:53] *** Joins: WntrMute
[09:27:53] *** Joins: Stary
[09:27:53] *** Joins: Normmatt
[09:27:53] *** Joins: eggster
[09:27:53] *** Joins: TAL
[09:27:53] *** Joins: Ghabry
[09:27:53] *** Joins: Whovian93
[09:27:53] *** Joins: pieman
[09:27:53] *** Joins: flagrama_
[09:27:53] *** Joins: derrek
[09:27:53] *** se.hub sets mode: +o WntrMute
[09:43:35] *** Joins: lemmy
[10:29:45] *** Joins: fgsfds
[11:58:37] *** Joins: n87
[15:09:01] *** Quits: n87 (Read error: Connection reset by peer)
[15:13:31] *** Joins: n87
[15:27:41] *** Quits: balrog (Bye)
[15:31:03] *** Joins: balrog
[16:56:55] *** Joins: n87_2
[16:59:29] *** Quits: n87 (Ping timeout: 265 seconds)
[17:09:38] *** Quits: GeekShado (Ping timeout: 265 seconds)
[17:09:52] *** Joins: GeekShado
[17:13:30] *** Quits: CCFL_Man (Ping timeout: 265 seconds)
[17:13:32] *** Joins: CCFL_Man
[17:47:31] *** Quits: n87_2 (Read error: Connection reset by peer)
[20:37:45] *** Joins: n87
[21:35:29] *** Joins: refs
[23:08:54] *** Quits: n87 (Read error: Connection reset by peer)
