[00:49:26] *** Joins: oreo639
[01:57:00] *** Quits: oreo639 (Ping timeout: 480 seconds)
[02:10:29] *** Joins: oreo639
[02:55:50] *** Quits: oreo639 (Read error: Operation timed out)
[03:17:36] *** Quits: fgsfds (Read error: Connection reset by peer)
[03:46:53] *** Quits: Sentry (efnet.deic.eu se.hub)
[03:46:54] *** Quits: lex1 (efnet.deic.eu se.hub)
[03:46:54] *** Quits: Retr0id (efnet.deic.eu se.hub)
[03:46:54] *** Quits: d3m3vilur (efnet.deic.eu se.hub)
[03:46:54] *** Quits: flotwig (efnet.deic.eu se.hub)
[03:46:54] *** Quits: Extrems (efnet.deic.eu se.hub)
[03:46:54] *** Quits: ihaveamac (efnet.deic.eu se.hub)
[03:46:54] *** Quits: Cu3PO42 (efnet.deic.eu se.hub)
[03:46:54] *** Quits: eggster (efnet.deic.eu se.hub)
[03:46:54] *** Quits: Normmatt (efnet.deic.eu se.hub)
[03:46:54] *** Quits: Surkow (efnet.deic.eu se.hub)
[03:46:54] *** Quits: freundTe- (efnet.deic.eu se.hub)
[03:46:54] *** Quits: Lightswor (efnet.deic.eu se.hub)
[03:46:54] *** Quits: Kyouju_ (efnet.deic.eu se.hub)
[03:46:54] *** Quits: yellows8 (efnet.deic.eu se.hub)
[03:46:54] *** Quits: Jdbye (efnet.deic.eu se.hub)
[03:46:54] *** Quits: GeekShado (efnet.deic.eu se.hub)
[03:46:54] *** Quits: sh0e (efnet.deic.eu se.hub)
[03:46:54] *** Quits: CCFL_Man (efnet.deic.eu se.hub)
[03:46:54] *** Quits: lansiir (efnet.deic.eu se.hub)
[03:46:54] *** Quits: Maylay (efnet.deic.eu se.hub)
[03:46:54] *** Quits: uyjulian (efnet.deic.eu se.hub)
[03:46:54] *** Quits: |Shadow| (efnet.deic.eu se.hub)
[03:46:54] *** Quits: DacoTaco (efnet.deic.eu se.hub)
[03:46:54] *** Quits: balrog (efnet.deic.eu se.hub)
[03:46:54] *** Quits: zombie343 (efnet.deic.eu se.hub)
[03:46:54] *** Quits: KuKzz (efnet.deic.eu se.hub)
[03:46:54] *** Quits: yls8bot (efnet.deic.eu se.hub)
[03:46:54] *** Quits: djorz (efnet.deic.eu se.hub)
[03:46:54] *** Quits: nich (efnet.deic.eu se.hub)
[03:46:54] *** Quits: j0hny5 (efnet.deic.eu se.hub)
[03:46:54] *** Quits: tpw_rules (efnet.deic.eu se.hub)
[03:46:54] *** Quits: refs (efnet.deic.eu se.hub)
[03:46:54] *** Quits: lameboy (efnet.deic.eu se.hub)
[03:46:54] *** Quits: zini (efnet.deic.eu se.hub)
[03:46:54] *** Quits: nrq (efnet.deic.eu se.hub)
[03:46:54] *** Quits: Phils3r (efnet.deic.eu se.hub)
[03:46:54] *** Quits: TurtleP (efnet.deic.eu se.hub)
[03:46:54] *** Quits: hexkyz (efnet.deic.eu se.hub)
[03:46:54] *** Quits: dibas (efnet.deic.eu se.hub)
[03:46:54] *** Quits: mtheall (efnet.deic.eu se.hub)
[03:46:54] *** Quits: klock (efnet.deic.eu se.hub)
[03:46:54] *** Quits: mid-kid4 (efnet.deic.eu se.hub)
[03:46:54] *** Quits: Genolo (efnet.deic.eu se.hub)
[03:46:54] *** Quits: Whovian93 (efnet.deic.eu se.hub)
[03:46:54] *** Quits: GrecKo (efnet.deic.eu se.hub)
[03:46:55] *** Quits: Behemoth (efnet.deic.eu se.hub)
[03:46:55] *** Quits: derrek (efnet.deic.eu se.hub)
[03:46:55] *** Quits: fincs (efnet.deic.eu se.hub)
[03:46:55] *** Quits: m4ts (efnet.deic.eu se.hub)
[03:46:55] *** Quits: phigcloud (efnet.deic.eu se.hub)
[03:46:55] *** Quits: WntrMute (efnet.deic.eu se.hub)
[03:46:55] *** Quits: Stary (efnet.deic.eu se.hub)
[03:46:55] *** Quits: TAL (efnet.deic.eu se.hub)
[03:46:55] *** Quits: Ghabry (efnet.deic.eu se.hub)
[03:46:55] *** Quits: GerbilSof (efnet.deic.eu se.hub)
[03:46:55] *** Quits: Mimoja8 (efnet.deic.eu se.hub)
[03:46:55] *** Quits: ris2z (efnet.deic.eu se.hub)
[03:46:55] *** Quits: pieman (efnet.deic.eu se.hub)
[03:46:55] *** Quits: flagrama_ (efnet.deic.eu se.hub)
[13:47:04] *** Joins: refs
[13:47:05] *** Joins: n87
[13:47:05] *** Joins: m4ts_
[13:47:05] *** Joins: lex1
[13:47:05] *** Joins: Normmatt
[13:47:05] *** Joins: eggster
[13:47:05] *** Joins: Cu3PO42
[13:47:05] *** Joins: d3m3vilur
[13:47:05] *** Joins: ihaveamac
[13:47:05] *** Joins: Extrems
[13:47:05] *** Joins: Retr0id
[13:47:05] *** Joins: flotwig
[13:47:05] *** Joins: Sentry
[13:47:05] *** Joins: zini
[13:47:05] *** Joins: uyjulian
[13:47:05] *** Joins: GerbilSof
[13:47:05] *** Joins: |Shadow|
[13:47:05] *** Joins: Phils3r
[13:47:05] *** Joins: yls8bot
[13:47:05] *** Joins: djorz
[13:47:05] *** Joins: j0hny5
[13:47:05] *** Joins: nich
[13:47:05] *** Joins: tpw_rules
[13:47:05] *** Joins: KuKzz
[13:47:05] *** Joins: zombie343
[13:47:05] *** Joins: Maylay
[13:47:05] *** Joins: lansiir
[13:47:05] *** Joins: balrog
[13:47:05] *** Joins: CCFL_Man
[13:47:05] *** Joins: DacoTaco
[13:47:05] *** Joins: GeekShado
[13:47:05] *** Joins: Surkow
[13:47:05] *** Joins: freundTe-
[13:47:05] *** Joins: Lightswor
[13:47:05] *** Joins: sh0e
[13:47:05] *** Joins: Kyouju_
[13:47:05] *** Joins: Jdbye
[13:47:05] *** Joins: yellows8
[13:47:05] *** Joins: lameboy
[13:47:05] *** Joins: GrecKo
[13:47:05] *** Joins: fincs
[13:47:05] *** Joins: TurtleP
[13:47:05] *** Joins: Mimoja8
[13:47:05] *** Joins: phigcloud
[13:47:05] *** Joins: hexkyz
[13:47:05] *** Joins: Behemoth
[13:47:05] *** se.hub sets mode: +ooo yls8bot yellows8 fincs
[13:47:05] *** Joins: dibas
[13:47:05] *** Joins: mtheall
[13:47:05] *** Joins: ris2z
[13:47:05] *** Joins: klock
[13:47:05] *** Joins: mid-kid4
[13:47:05] *** Joins: Genolo
[13:47:05] *** Joins: WntrMute
[13:47:05] *** Joins: Stary
[13:47:05] *** Joins: TAL
[13:47:05] *** Joins: Ghabry
[13:47:05] *** Joins: Whovian93
[13:47:05] *** Joins: pieman
[13:47:05] *** Joins: flagrama_
[13:47:05] *** Joins: derrek
[13:47:05] *** se.hub sets mode: +o WntrMute
[13:51:52] *** Joins: nrq
[14:23:44] *** Joins: fgsfds
[14:54:53] *** Quits: lex1 (efnet.deic.eu se.hub)
[14:54:53] *** Quits: Sentry (efnet.deic.eu se.hub)
[14:54:53] *** Quits: Retr0id (efnet.deic.eu se.hub)
[14:54:53] *** Quits: d3m3vilur (efnet.deic.eu se.hub)
[14:54:53] *** Quits: flotwig (efnet.deic.eu se.hub)
[14:54:53] *** Quits: Extrems (efnet.deic.eu se.hub)
[14:54:53] *** Quits: ihaveamac (efnet.deic.eu se.hub)
[14:54:53] *** Quits: Cu3PO42 (efnet.deic.eu se.hub)
[14:54:53] *** Quits: eggster (efnet.deic.eu se.hub)
[14:54:54] *** Quits: Normmatt (efnet.deic.eu se.hub)
[14:54:54] *** Quits: Surkow (efnet.deic.eu se.hub)
[14:54:54] *** Quits: freundTe- (efnet.deic.eu se.hub)
[14:54:54] *** Quits: Lightswor (efnet.deic.eu se.hub)
[14:54:54] *** Quits: Kyouju_ (efnet.deic.eu se.hub)
[14:54:54] *** Quits: yellows8 (efnet.deic.eu se.hub)
[14:54:54] *** Quits: Jdbye (efnet.deic.eu se.hub)
[14:54:54] *** Quits: GeekShado (efnet.deic.eu se.hub)
[14:54:54] *** Quits: sh0e (efnet.deic.eu se.hub)
[14:54:54] *** Quits: CCFL_Man (efnet.deic.eu se.hub)
[14:54:54] *** Quits: lansiir (efnet.deic.eu se.hub)
[14:54:54] *** Quits: Maylay (efnet.deic.eu se.hub)
[14:54:54] *** Quits: uyjulian (efnet.deic.eu se.hub)
[14:54:54] *** Quits: |Shadow| (efnet.deic.eu se.hub)
[14:54:54] *** Quits: DacoTaco (efnet.deic.eu se.hub)
[14:54:54] *** Quits: balrog (efnet.deic.eu se.hub)
[14:54:54] *** Quits: zombie343 (efnet.deic.eu se.hub)
[14:54:54] *** Quits: KuKzz (efnet.deic.eu se.hub)
[14:54:54] *** Quits: yls8bot (efnet.deic.eu se.hub)
[14:54:54] *** Quits: djorz (efnet.deic.eu se.hub)
[14:54:54] *** Quits: nich (efnet.deic.eu se.hub)
[14:54:54] *** Quits: j0hny5 (efnet.deic.eu se.hub)
[14:54:54] *** Quits: tpw_rules (efnet.deic.eu se.hub)
[14:54:54] *** Quits: refs (efnet.deic.eu se.hub)
[14:54:54] *** Quits: lameboy (efnet.deic.eu se.hub)
[14:54:54] *** Quits: zini (efnet.deic.eu se.hub)
[14:54:54] *** Quits: Phils3r (efnet.deic.eu se.hub)
[14:54:54] *** Quits: TurtleP (efnet.deic.eu se.hub)
[14:54:54] *** Quits: hexkyz (efnet.deic.eu se.hub)
[14:54:54] *** Quits: dibas (efnet.deic.eu se.hub)
[14:54:54] *** Quits: mtheall (efnet.deic.eu se.hub)
[14:54:54] *** Quits: klock (efnet.deic.eu se.hub)
[14:54:54] *** Quits: mid-kid4 (efnet.deic.eu se.hub)
[14:54:54] *** Quits: Genolo (efnet.deic.eu se.hub)
[14:54:54] *** Quits: Whovian93 (efnet.deic.eu se.hub)
[14:54:54] *** Quits: GrecKo (efnet.deic.eu se.hub)
[14:54:54] *** Quits: Behemoth (efnet.deic.eu se.hub)
[14:54:54] *** Quits: derrek (efnet.deic.eu se.hub)
[14:54:54] *** Quits: fgsfds (efnet.deic.eu se.hub)
[14:54:54] *** Quits: n87 (efnet.deic.eu se.hub)
[14:54:54] *** Quits: m4ts_ (efnet.deic.eu se.hub)
[14:54:54] *** Quits: fincs (efnet.deic.eu se.hub)
[14:54:54] *** Quits: phigcloud (efnet.deic.eu se.hub)
[14:54:54] *** Quits: WntrMute (efnet.deic.eu se.hub)
[14:54:54] *** Quits: Stary (efnet.deic.eu se.hub)
[14:54:54] *** Quits: TAL (efnet.deic.eu se.hub)
[14:54:54] *** Quits: Ghabry (efnet.deic.eu se.hub)
[14:54:54] *** Quits: GerbilSof (efnet.deic.eu se.hub)
[14:54:54] *** Quits: Mimoja8 (efnet.deic.eu se.hub)
[14:54:54] *** Quits: ris2z (efnet.deic.eu se.hub)
[14:54:54] *** Quits: pieman (efnet.deic.eu se.hub)
[14:54:54] *** Quits: flagrama_ (efnet.deic.eu se.hub)
[16:32:32] *** Joins: fgsfds
[16:32:32] *** Joins: refs
[16:32:32] *** Joins: m4ts_
[16:32:32] *** Joins: lex1
[16:32:32] *** Joins: Normmatt
[16:32:32] *** Joins: eggster
[16:32:32] *** Joins: Cu3PO42
[16:32:32] *** Joins: d3m3vilur
[16:32:32] *** Joins: ihaveamac
[16:32:32] *** Joins: Extrems
[16:32:32] *** Joins: Retr0id
[16:32:32] *** Joins: flotwig
[16:32:32] *** Joins: Sentry
[16:32:32] *** Joins: zini
[16:32:32] *** Joins: uyjulian
[16:32:32] *** Joins: GerbilSof
[16:32:32] *** Joins: |Shadow|
[16:32:32] *** Joins: Phils3r
[16:32:32] *** Joins: yls8bot
[16:32:32] *** Joins: djorz
[16:32:32] *** Joins: j0hny5
[16:32:32] *** Joins: nich
[16:32:32] *** Joins: tpw_rules
[16:32:32] *** Joins: KuKzz
[16:32:32] *** Joins: zombie343
[16:32:32] *** Joins: Maylay
[16:32:32] *** Joins: lansiir
[16:32:32] *** Joins: balrog
[16:32:32] *** Joins: CCFL_Man
[16:32:32] *** Joins: DacoTaco
[16:32:32] *** Joins: GeekShado
[16:32:32] *** Joins: Surkow
[16:32:32] *** Joins: freundTe-
[16:32:32] *** Joins: Lightswor
[16:32:32] *** Joins: sh0e
[16:32:32] *** Joins: Kyouju_
[16:32:32] *** Joins: Jdbye
[16:32:32] *** Joins: yellows8
[16:32:32] *** Joins: lameboy
[16:32:32] *** Joins: GrecKo
[16:32:32] *** Joins: fincs
[16:32:32] *** Joins: TurtleP
[16:32:32] *** Joins: Mimoja8
[16:32:32] *** Joins: phigcloud
[16:32:32] *** Joins: hexkyz
[16:32:32] *** Joins: Behemoth
[16:32:32] *** se.hub sets mode: +ooo yls8bot yellows8 fincs
[16:32:32] *** Joins: dibas
[16:32:32] *** Joins: mtheall
[16:32:32] *** Joins: ris2z
[16:32:32] *** Joins: klock
[16:32:32] *** Joins: mid-kid4
[16:32:32] *** Joins: Genolo
[16:32:32] *** Joins: WntrMute
[16:32:32] *** Joins: Stary
[16:32:32] *** Joins: TAL
[16:32:32] *** Joins: Ghabry
[16:32:32] *** Joins: Whovian93
[16:32:32] *** Joins: pieman
[16:32:32] *** Joins: flagrama_
[16:32:32] *** Joins: derrek
[16:32:32] *** se.hub sets mode: +o WntrMute
[18:35:48] *** Quits: Surkow (Quit: 418 I'm a teapot - NOP NOP NOP)
[18:37:17] *** Joins: Surkow
[19:55:27] *** Quits: TAL (Ping timeout: 265 seconds)
[19:58:49] *** Quits: Cu3PO42 (Read error: Operation timed out)
[20:12:32] *** Joins: TAL
[20:14:35] *** Joins: Cu3PO42
[20:25:36] *** Quits: TAL (Quit: ZNC - http://znc.in)
[20:25:50] *** Joins: TAL
[20:46:46] *** Joins: oreo639
[23:56:43] *** Quits: lex1 (efnet.deic.eu se.hub)
[23:56:43] *** Quits: Sentry (efnet.deic.eu se.hub)
[23:56:43] *** Quits: Retr0id (efnet.deic.eu se.hub)
[23:56:43] *** Quits: d3m3vilur (efnet.deic.eu se.hub)
[23:56:43] *** Quits: flotwig (efnet.deic.eu se.hub)
[23:56:43] *** Quits: Extrems (efnet.deic.eu se.hub)
[23:56:43] *** Quits: ihaveamac (efnet.deic.eu se.hub)
[23:56:43] *** Quits: eggster (efnet.deic.eu se.hub)
[23:56:43] *** Quits: Normmatt (efnet.deic.eu se.hub)
[23:56:43] *** Quits: Surkow (efnet.deic.eu se.hub)
[23:56:43] *** Quits: freundTe- (efnet.deic.eu se.hub)
[23:56:43] *** Quits: Lightswor (efnet.deic.eu se.hub)
[23:56:43] *** Quits: Kyouju_ (efnet.deic.eu se.hub)
[23:56:43] *** Quits: yellows8 (efnet.deic.eu se.hub)
[23:56:43] *** Quits: Jdbye (efnet.deic.eu se.hub)
[23:56:43] *** Quits: Cu3PO42 (efnet.deic.eu se.hub)
[23:56:43] *** Quits: GeekShado (efnet.deic.eu se.hub)
[23:56:43] *** Quits: sh0e (efnet.deic.eu se.hub)
[23:56:43] *** Quits: CCFL_Man (efnet.deic.eu se.hub)
[23:56:43] *** Quits: lansiir (efnet.deic.eu se.hub)
[23:56:43] *** Quits: Maylay (efnet.deic.eu se.hub)
[23:56:43] *** Quits: oreo639 (efnet.deic.eu se.hub)
[23:56:43] *** Quits: uyjulian (efnet.deic.eu se.hub)
[23:56:43] *** Quits: |Shadow| (efnet.deic.eu se.hub)
[23:56:43] *** Quits: DacoTaco (efnet.deic.eu se.hub)
[23:56:44] *** Quits: balrog (efnet.deic.eu se.hub)
[23:56:44] *** Quits: zombie343 (efnet.deic.eu se.hub)
[23:56:44] *** Quits: KuKzz (efnet.deic.eu se.hub)
[23:56:44] *** Quits: yls8bot (efnet.deic.eu se.hub)
[23:56:44] *** Quits: djorz (efnet.deic.eu se.hub)
[23:56:44] *** Quits: nich (efnet.deic.eu se.hub)
[23:56:44] *** Quits: j0hny5 (efnet.deic.eu se.hub)
[23:56:44] *** Quits: tpw_rules (efnet.deic.eu se.hub)
[23:56:44] *** Quits: refs (efnet.deic.eu se.hub)
[23:56:44] *** Quits: lameboy (efnet.deic.eu se.hub)
[23:56:44] *** Quits: TAL (efnet.deic.eu se.hub)
[23:56:44] *** Quits: zini (efnet.deic.eu se.hub)
[23:56:44] *** Quits: Phils3r (efnet.deic.eu se.hub)
[23:56:44] *** Quits: TurtleP (efnet.deic.eu se.hub)
[23:56:44] *** Quits: hexkyz (efnet.deic.eu se.hub)
[23:56:44] *** Quits: dibas (efnet.deic.eu se.hub)
[23:56:44] *** Quits: mtheall (efnet.deic.eu se.hub)
[23:56:44] *** Quits: klock (efnet.deic.eu se.hub)
[23:56:44] *** Quits: mid-kid4 (efnet.deic.eu se.hub)
[23:56:44] *** Quits: Genolo (efnet.deic.eu se.hub)
[23:56:44] *** Quits: Whovian93 (efnet.deic.eu se.hub)
[23:56:44] *** Quits: GrecKo (efnet.deic.eu se.hub)
[23:56:44] *** Quits: Behemoth (efnet.deic.eu se.hub)
[23:56:44] *** Quits: derrek (efnet.deic.eu se.hub)
[23:56:44] *** Quits: fgsfds (efnet.deic.eu se.hub)
[23:56:44] *** Quits: m4ts_ (efnet.deic.eu se.hub)
[23:56:44] *** Quits: fincs (efnet.deic.eu se.hub)
[23:56:44] *** Quits: phigcloud (efnet.deic.eu se.hub)
[23:56:44] *** Quits: WntrMute (efnet.deic.eu se.hub)
[23:56:44] *** Quits: Stary (efnet.deic.eu se.hub)
[23:56:44] *** Quits: Ghabry (efnet.deic.eu se.hub)
[23:56:44] *** Quits: GerbilSof (efnet.deic.eu se.hub)
[23:56:44] *** Quits: Mimoja8 (efnet.deic.eu se.hub)
[23:56:44] *** Quits: ris2z (efnet.deic.eu se.hub)
[23:56:44] *** Quits: pieman (efnet.deic.eu se.hub)
[23:56:44] *** Quits: flagrama_ (efnet.deic.eu se.hub)
