[00:03:04] *** Joins: oreo639
[00:03:05] *** Joins: TAL
[00:03:05] *** Joins: Cu3PO42
[00:03:05] *** Joins: Surkow
[00:03:05] *** Joins: refs
[00:03:05] *** Joins: lex1
[00:03:05] *** Joins: Normmatt
[00:03:05] *** Joins: eggster
[00:03:05] *** Joins: d3m3vilur
[00:03:05] *** Joins: ihaveamac
[00:03:05] *** Joins: Extrems
[00:03:05] *** Joins: Retr0id
[00:03:05] *** Joins: flotwig
[00:03:05] *** Joins: Sentry
[00:03:05] *** Joins: zini
[00:03:05] *** Joins: uyjulian
[00:03:05] *** Joins: GerbilSof
[00:03:05] *** Joins: |Shadow|
[00:03:05] *** Joins: Phils3r
[00:03:05] *** Joins: yls8bot
[00:03:05] *** Joins: djorz
[00:03:05] *** Joins: j0hny5
[00:03:05] *** Joins: nich
[00:03:05] *** Joins: tpw_rules
[00:03:08] *** Joins: KuKzz
[00:03:08] *** Joins: zombie343
[00:03:08] *** Joins: Maylay
[00:03:08] *** Joins: lansiir
[00:03:08] *** Joins: balrog
[00:03:08] *** Joins: CCFL_Man
[00:03:08] *** Joins: DacoTaco
[00:03:08] *** Joins: GeekShado
[00:03:08] *** Joins: freundTe-
[00:03:08] *** Joins: Lightswor
[00:03:08] *** Joins: sh0e
[00:03:08] *** Joins: Kyouju_
[00:03:08] *** Joins: Jdbye
[00:03:08] *** Joins: yellows8
[00:03:08] *** Joins: lameboy
[00:03:08] *** Joins: GrecKo
[00:03:08] *** Joins: TurtleP
[00:03:08] *** Joins: Mimoja8
[00:03:08] *** Joins: hexkyz
[00:03:08] *** Joins: Behemoth
[00:03:08] *** Joins: dibas
[00:03:08] *** Joins: mtheall
[00:03:08] *** se.hub sets mode: +oo yls8bot yellows8
[00:03:08] *** Joins: ris2z
[00:03:08] *** Joins: klock
[00:03:08] *** Joins: mid-kid4
[00:03:08] *** Joins: Genolo
[00:03:08] *** Joins: Whovian93
[00:03:08] *** Joins: pieman
[00:03:08] *** Joins: flagrama_
[00:03:08] *** Joins: derrek
[00:04:01] *** Quits: lex1 (efnet.deic.eu se.hub)
[00:04:01] *** Quits: Sentry (efnet.deic.eu se.hub)
[00:04:01] *** Quits: Retr0id (efnet.deic.eu se.hub)
[00:04:01] *** Quits: d3m3vilur (efnet.deic.eu se.hub)
[00:04:01] *** Quits: flotwig (efnet.deic.eu se.hub)
[00:04:01] *** Quits: Extrems (efnet.deic.eu se.hub)
[00:04:01] *** Quits: ihaveamac (efnet.deic.eu se.hub)
[00:04:01] *** Quits: eggster (efnet.deic.eu se.hub)
[00:04:01] *** Quits: Normmatt (efnet.deic.eu se.hub)
[00:04:01] *** Quits: Surkow (efnet.deic.eu se.hub)
[00:04:01] *** Quits: freundTe- (efnet.deic.eu se.hub)
[00:04:01] *** Quits: Lightswor (efnet.deic.eu se.hub)
[00:04:01] *** Quits: Kyouju_ (efnet.deic.eu se.hub)
[00:04:01] *** Quits: yellows8 (efnet.deic.eu se.hub)
[00:04:01] *** Quits: Jdbye (efnet.deic.eu se.hub)
[00:04:01] *** Quits: Cu3PO42 (efnet.deic.eu se.hub)
[00:04:01] *** Quits: GeekShado (efnet.deic.eu se.hub)
[00:04:01] *** Quits: sh0e (efnet.deic.eu se.hub)
[00:04:01] *** Quits: CCFL_Man (efnet.deic.eu se.hub)
[00:04:01] *** Quits: lansiir (efnet.deic.eu se.hub)
[00:04:01] *** Quits: Maylay (efnet.deic.eu se.hub)
[00:04:03] *** Quits: oreo639 (efnet.deic.eu se.hub)
[00:04:03] *** Quits: uyjulian (efnet.deic.eu se.hub)
[00:04:03] *** Quits: |Shadow| (efnet.deic.eu se.hub)
[00:04:03] *** Quits: DacoTaco (efnet.deic.eu se.hub)
[00:04:03] *** Quits: balrog (efnet.deic.eu se.hub)
[00:04:03] *** Quits: zombie343 (efnet.deic.eu se.hub)
[00:04:03] *** Quits: KuKzz (efnet.deic.eu se.hub)
[00:04:03] *** Quits: yls8bot (efnet.deic.eu se.hub)
[00:04:03] *** Quits: djorz (efnet.deic.eu se.hub)
[00:04:03] *** Quits: nich (efnet.deic.eu se.hub)
[00:04:03] *** Quits: j0hny5 (efnet.deic.eu se.hub)
[00:04:03] *** Quits: tpw_rules (efnet.deic.eu se.hub)
[00:04:03] *** Quits: refs (efnet.deic.eu se.hub)
[00:04:03] *** Quits: lameboy (efnet.deic.eu se.hub)
[00:04:03] *** Quits: TAL (efnet.deic.eu se.hub)
[00:04:03] *** Quits: zini (efnet.deic.eu se.hub)
[00:04:03] *** Quits: Phils3r (efnet.deic.eu se.hub)
[00:04:03] *** Quits: TurtleP (efnet.deic.eu se.hub)
[00:04:03] *** Quits: hexkyz (efnet.deic.eu se.hub)
[00:04:03] *** Quits: dibas (efnet.deic.eu se.hub)
[00:04:05] *** Quits: mtheall (efnet.deic.eu se.hub)
[00:04:05] *** Quits: klock (efnet.deic.eu se.hub)
[00:04:05] *** Quits: mid-kid4 (efnet.deic.eu se.hub)
[00:04:05] *** Quits: Genolo (efnet.deic.eu se.hub)
[00:04:05] *** Quits: Whovian93 (efnet.deic.eu se.hub)
[00:04:05] *** Quits: GrecKo (efnet.deic.eu se.hub)
[00:04:05] *** Quits: Behemoth (efnet.deic.eu se.hub)
[00:04:05] *** Quits: derrek (efnet.deic.eu se.hub)
[00:04:05] *** Quits: GerbilSof (efnet.deic.eu se.hub)
[00:04:05] *** Quits: Mimoja8 (efnet.deic.eu se.hub)
[00:04:05] *** Quits: ris2z (efnet.deic.eu se.hub)
[00:04:05] *** Quits: pieman (efnet.deic.eu se.hub)
[00:04:05] *** Quits: flagrama_ (efnet.deic.eu se.hub)
[00:04:59] *** Joins: oreo639
[00:04:59] *** Joins: TAL
[00:04:59] *** Joins: Cu3PO42
[00:04:59] *** Joins: Surkow
[00:04:59] *** Joins: refs
[00:04:59] *** Joins: lex1
[00:04:59] *** Joins: Normmatt
[00:04:59] *** Joins: eggster
[00:04:59] *** Joins: d3m3vilur
[00:04:59] *** Joins: ihaveamac
[00:04:59] *** Joins: Extrems
[00:04:59] *** Joins: Retr0id
[00:04:59] *** Joins: flotwig
[00:04:59] *** Joins: Sentry
[00:04:59] *** Joins: zini
[00:04:59] *** Joins: uyjulian
[00:04:59] *** Joins: GerbilSof
[00:04:59] *** Joins: |Shadow|
[00:04:59] *** Joins: Phils3r
[00:04:59] *** Joins: yls8bot
[00:04:59] *** Joins: djorz
[00:04:59] *** Joins: j0hny5
[00:04:59] *** Joins: nich
[00:04:59] *** Joins: tpw_rules
[00:04:59] *** Joins: KuKzz
[00:04:59] *** Joins: zombie343
[00:04:59] *** Joins: Maylay
[00:04:59] *** Joins: lansiir
[00:04:59] *** Joins: balrog
[00:04:59] *** Joins: CCFL_Man
[00:04:59] *** Joins: DacoTaco
[00:04:59] *** Joins: GeekShado
[00:04:59] *** Joins: freundTe-
[00:04:59] *** Joins: Lightswor
[00:04:59] *** Joins: sh0e
[00:04:59] *** Joins: Kyouju_
[00:04:59] *** Joins: Jdbye
[00:04:59] *** Joins: yellows8
[00:04:59] *** Joins: lameboy
[00:04:59] *** Joins: GrecKo
[00:04:59] *** Joins: TurtleP
[00:04:59] *** Joins: Mimoja8
[00:04:59] *** Joins: hexkyz
[00:04:59] *** Joins: Behemoth
[00:04:59] *** Joins: dibas
[00:04:59] *** Joins: mtheall
[00:04:59] *** se.hub sets mode: +oo yls8bot yellows8
[00:04:59] *** Joins: ris2z
[00:04:59] *** Joins: klock
[00:04:59] *** Joins: mid-kid4
[00:04:59] *** Joins: Genolo
[00:04:59] *** Joins: Whovian93
[00:04:59] *** Joins: pieman
[00:04:59] *** Joins: flagrama_
[00:04:59] *** Joins: derrek
[00:05:09] *** Joins: fgsfds
[00:05:09] *** Joins: m4ts_
[00:05:09] *** Joins: fincs
[00:05:09] *** Joins: phigcloud
[00:05:09] *** Joins: WntrMute
[00:05:09] *** Joins: Stary
[00:05:09] *** Joins: Ghabry
[00:05:09] *** irc.underworld.no sets mode: +oo fincs WntrMute
[00:05:10] *** WntrMute sets mode: +o yellows8
[01:05:06] *** Quits: oreo639 (Remote host closed the connection)
[02:14:46] *** Joins: figgis_
[02:18:15] *** Quits: fgsfds (Ping timeout: 265 seconds)
[02:45:40] *** Quits: zombie343 ()
[02:58:45] *** Joins: Snetry
[03:00:04] *** Quits: Sentry (Read error: Connection refused)
[03:00:04] *** Snetry is now known as Sentry
[03:21:13] *** Joins: zombie343
[03:57:10] *** Joins: Snetry
[03:58:30] *** Quits: Sentry (Read error: Connection refused)
[03:58:30] *** Snetry is now known as Sentry
[04:00:28] *** Quits: figgis_ (Read error: Connection reset by peer)
[04:47:46] *** Quits: refs (Quit: refs)
[06:45:55] *** Quits: GerbilSof (Remote host closed the connection)
[06:55:04] *** Joins: GerbilSof
[07:05:02] *** Quits: GerbilSof (Windows must now restart because the Remote Procedure Call (RPC) service terminated unexpectedly.)
[07:13:14] *** Joins: GerbilSof
[09:31:40] *** Quits: flotwig (Read error: Operation timed out)
[09:40:42] *** Joins: flotwig
[13:30:51] *** Joins: m4ts
[13:31:32] *** Quits: m4ts_ (Ping timeout: 265 seconds)
[13:38:11] *** Joins: fgsfds
[17:04:45] *** Quits: Sentry (Read error: Operation timed out)
[17:05:11] *** Joins: Sentry
[17:08:27] *** Joins: Snetry
[17:10:53] *** Quits: Sentry (Read error: Operation timed out)
[17:10:53] *** Snetry is now known as Sentry
[21:34:27] *** Joins: refs
