[00:42:55] *** Quits: GeekShado (Read error: Operation timed out)
[01:00:44] *** Joins: GeekShado
[01:29:50] *** Quits: fgsfds (Read error: Connection reset by peer)
[02:44:56] *** Quits: refs (Quit: refs)
[03:11:13] *** Joins: KuKzz_
[03:11:51] *** Quits: KuKzz (Ping timeout: 600 seconds)
[03:37:00] *** Quits: KuKzz_ (Ping timeout: 480 seconds)
[03:42:12] *** Joins: KuKzz
[03:57:38] *** Joins: Snetry
[04:03:34] *** Quits: Sentry (Read error: Operation timed out)
[04:03:34] *** Snetry is now known as Sentry
[11:25:44] *** Joins: m4ts_
[11:29:35] *** Quits: m4ts (Ping timeout: 265 seconds)
[13:18:41] *** Joins: fgsfds
[16:51:59] *** Quits: GerbilSof (Read error: Connection reset by peer)
[17:08:25] *** Quits: flotwig (Quit: ZNC - http://znc.in)
[17:19:42] *** Joins: flotwig
[19:51:02] *** Joins: GerbilSof
[21:30:37] *** Joins: refs
[22:21:21] *** lansiir is now known as oldtopman
