[00:29:11] *** Quits: GerbilSof (Quit: Windows must now restart because the Remote Procedure Call (RPC) service terminated unexpectedly.)
[00:36:49] *** Joins: GerbilSof
[02:39:52] *** Quits: fgsfds (Read error: Connection reset by peer)
[03:45:58] *** Quits: oreo639 (Read error: Connection reset by peer)
[03:55:55] *** Joins: Snetry
[03:57:14] *** Quits: Sentry (Read error: Operation timed out)
[03:57:14] *** Snetry is now known as Sentry
[05:02:59] *** Quits: GerbilSof (Quit: Windows must now restart because the Remote Procedure Call (RPC) service terminated unexpectedly.)
[05:21:41] *** Joins: GerbilSof
[05:27:07] *** Joins: oreo639
[07:51:37] *** Quits: Lightswor (Quit: ZNC)
[07:52:02] *** Joins: Lightswor
[07:59:34] *** Quits: Lightswor (Quit: ZNC)
[08:00:01] *** Joins: Lightswor
[08:55:06] *** Quits: Lightswor (Quit: ZNC)
[08:55:45] *** Joins: Lightswor
[09:53:55] *** Quits: oreo639 (Ping timeout: 612 seconds)
[13:09:04] *** Joins: fgsfds
[14:04:03] *** Quits: GerbilSof (Quit: Windows must now restart because the Remote Procedure Call (RPC) service terminated unexpectedly.)
[14:29:38] *** Joins: GerbilSof
[20:34:18] *** Joins: oreo639
[22:43:08] *** Quits: oldtopman (Read error: Connection reset by peer)
[22:44:41] *** Joins: oldtopman
