[02:32:02] *** Quits: fgsfds (Read error: Connection reset by peer)
[03:53:52] *** Joins: Snetry
[03:55:11] *** Quits: Sentry (Read error: Operation timed out)
[03:55:12] *** Snetry is now known as Sentry
[04:01:08] *** Quits: oreo639 (Quit: Quit)
[04:23:05] *** Joins: oreo639
[04:40:03] *** Quits: oreo639 (Quit)
[10:30:25] *** Quits: Extrems (Read error: Operation timed out)
[10:31:19] *** Joins: Extrems
[10:37:01] *** Quits: CCFL_Man (Ping timeout: 252 seconds)
[10:37:29] *** Joins: CCFL_Man
[10:52:12] *** Joins: Extrems`
[10:52:18] *** Quits: Extrems (Read error: Connection reset by peer)
[10:52:30] *** Extrems` is now known as Extrems
[11:33:31] *** Joins: fgsfds
[12:18:08] *** Joins: n87
[13:50:33] *** Joins: refs
[15:12:01] *** Quits: refs (Quit: refs)
[15:44:51] *** Quits: yellows8 (Read error: Operation timed out)
[15:45:24] *** Quits: Lightswor (Read error: Operation timed out)
[15:46:42] *** Quits: Surkow (Read error: Operation timed out)
[15:49:22] *** Joins: Surkow
[15:50:27] *** Quits: flotwig (Read error: Operation timed out)
[15:53:19] *** Joins: yellows8
[15:53:19] *** WntrMute sets mode: +o yellows8
[15:58:46] *** Joins: flotwig
[19:27:00] *** Joins: Lightswor
[21:48:28] *** Joins: n00b990
[21:52:58] *** Quits: n00b990 (Ping timeout: 252 seconds)
[22:32:16] *** Quits: yellows8 (Ping timeout: 600 seconds)
[22:32:19] *** Joins: yellows8
[22:32:19] *** WntrMute sets mode: +o yellows8
