[00:29:37] *** Quits: n87 (Read error: Connection reset by peer)
[01:40:57] *** Quits: |Shadow| (Read error: Operation timed out)
[01:47:06] *** Joins: |Shadow|
[02:03:18] *** Quits: GerbilSof (Windows must now restart because the Remote Procedure Call (RPC) service terminated unexpectedly.)
[02:32:07] *** Quits: fgsfds (Read error: Connection reset by peer)
[03:39:09] *** Joins: GerbilSof
[03:45:52] *** Joins: GerbilS9
[03:45:52] *** Quits: GerbilSof (Read error: Connection reset by peer)
[03:52:34] *** Joins: Snetry
[03:53:53] *** Quits: Sentry (Read error: Operation timed out)
[03:53:53] *** Snetry is now known as Sentry
[04:10:40] *** Quits: |Shadow| ()
[04:13:43] *** Joins: |Shadow|
[05:40:12] *** Joins: rajkosto
[10:32:26] *** Quits: rajkosto (Ping timeout: 265 seconds)
[11:49:46] *** Joins: rajkosto
[13:16:06] *** Joins: refs
[13:58:09] *** Joins: fgsfds
[14:49:16] *** Joins: n87
[15:25:49] *** Quits: rajkosto (Ping timeout: 265 seconds)
[16:18:45] *** Quits: n87 (Read error: Connection reset by peer)
[18:10:36] *** Quits: Behemoth (No Ping reply in 180 seconds.)
[18:11:38] *** Joins: Behemoth
[20:44:27] *** Joins: rajkosto
[20:46:14] *** Joins: m4ts
[20:49:39] *** Quits: m4ts_ (Ping timeout: 265 seconds)
[22:33:36] *** Quits: ris2z (Ping timeout: 252 seconds)
[22:54:26] *** Joins: n87
