[00:02:08] *** Joins: rajkosto
[02:38:23] *** Quits: fgsfds (Read error: Connection reset by peer)
[03:49:41] *** Joins: Snetry
[03:51:00] *** Quits: Sentry (Read error: Operation timed out)
[03:51:01] *** Snetry is now known as Sentry
[04:41:35] *** Quits: rajkosto (Read error: Operation timed out)
[04:45:47] *** Quits: refs (Quit: refs)
[05:47:21] *** Joins: rajkosto
[07:17:23] *** Quits: averne (quit)
[07:17:44] *** Joins: averne_
[07:17:45] *** Server sets mode: +stn 
[07:23:55] *** Joins: nrq_
[07:24:30] *** Quits: averne (Read error: Operation timed out)
[07:24:30] *** averne_ is now known as averne
[07:28:22] *** Quits: nrq (Ping timeout: 612 seconds)
[10:06:49] *** Joins: m4ts_
[10:09:45] *** Quits: m4ts (Ping timeout: 265 seconds)
[10:18:31] *** Quits: rajkosto (Read error: Connection reset by peer)
[12:27:18] *** Quits: Retr0id (Read error: Connection reset by peer)
[12:27:20] *** Joins: Retr0id
[12:45:11] *** Joins: fgsfds
[13:16:18] *** Quits: Retr0id (Read error: Operation timed out)
[13:42:52] *** Joins: refs
[19:07:38] *** Joins: rajkosto
[19:09:16] *** Quits: rajkosto (Read error: Connection reset by peer)
