[00:13:44] *** Quits: oreo639 (Ping timeout: 483 seconds)
[00:24:20] *** Joins: oreo639
[00:25:42] *** Quits: fgsfds (Read error: Connection reset by peer)
[01:21:28] <plutobot> Wiki | Page changed: User talk:Hexkyz | User: ZachAR3 | https://switchbrew.org/w/index.php?curid=478&diff=12378&oldid=12377
[01:23:37] *** Joins: refs
[01:50:50] *** Quits: oreo639 (Ping timeout: 622 seconds)
[02:06:00] <plutobot> Wiki | Page changed: Joy-Con | User: Imp Uhrfik Simone | https://switchbrew.org/w/index.php?curid=55&diff=12379&oldid=12366
[02:43:58] *** Joins: oreo639
[03:02:49] *** Joins: sentry
[03:04:08] *** Quits: Snetry (Read error: Connection refused)
[03:04:08] *** sentry is now known as Snetry
[03:59:26] *** Joins: sentry
[04:00:46] *** Quits: Snetry (Read error: Connection refused)
[04:00:46] *** sentry is now known as Snetry
[04:13:09] *** Quits: refs (Quit: refs)
[05:00:50] *** Quits: oreo639 (Ping timeout: 483 seconds)
[05:44:30] *** Joins: GerbilS0
[05:49:58] *** Quits: GerbilSof (Read error: Operation timed out)
[06:54:01] *** Quits: GerbilS0 (Ping timeout: 260 seconds)
[08:55:07] *** Joins: oreo639
[11:03:59] *** Quits: oreo639 (Ping timeout: 622 seconds)
[12:27:07] <plutobot> Wiki | Page changed: User talk:Hexkyz | User: ZachAR3 | https://switchbrew.org/w/index.php?curid=478&diff=12380&oldid=12378
[12:37:57] *** Joins: oreo639
[13:26:57] *** Joins: fgsfds
[14:43:28] *** Quits: oreo639 (Read error: Operation timed out)
[17:51:07] *** Quits: DacoTaco (ZNC 1.8.2 - https://znc.in)
[18:10:12] *** Joins: DacoTaco
[18:20:14] *** Joins: refs
[18:54:05] *** Joins: GerbilSof
[19:06:29] *** Joins: oreo639
[21:38:20] *** Quits: DacoTaco (Quit: ZNC 1.8.2 - https://znc.in)
[21:43:55] *** Joins: DacoTaco
[21:56:05] *** Quits: DacoTaco (Quit: ZNC 1.8.2 - https://znc.in)
[21:58:31] *** Joins: DacoTaco
[22:01:13] *** Quits: DacoTaco (Client Quit)
[22:02:46] *** Joins: DacoTaco
