[01:19:29] *** Quits: |Shadow| ()
[01:51:50] *** Joins: |Shadow|
[02:36:40] *** Quits: refs (Quit: refs)
[03:23:48] *** Quits: Snetry (Read error: Operation timed out)
[03:33:17] *** Joins: Snetry
[05:58:29] *** Quits: GerbilSof (Quit: Windows must now restart because the Remote Procedure Call (RPC) service terminated unexpectedly.)
[08:48:07] *** Quits: oreo639 (Ping timeout: 504 seconds)
[08:59:17] *** Joins: oreo639
[11:35:50] *** Quits: oreo639 (Read error: Operation timed out)
[13:38:31] *** Joins: n87
[15:25:52] *** Joins: fgsfds
[16:58:06] *** Quits: Maylay (Quit: Pipe Terminated)
[17:07:15] *** Joins: Maylay
[19:54:43] *** Quits: CCFL_Man (Ping timeout: 504 seconds)
[19:58:06] *** Joins: CCFL_Man
[22:50:38] *** Joins: refs
[23:01:33] *** Quits: n87 (Read error: Connection reset by peer)
[23:16:30] *** Quits: zini (Quit: -->)
[23:17:10] *** Joins: zini
[23:47:54] *** Quits: fgsfds (Read error: Connection reset by peer)
