[00:54:33] *** Joins: oreo639
[01:15:00] *** Joins: GerbilSof
[02:46:41] *** Quits: oreo639 (Ping timeout: 260 seconds)
[02:53:01] *** Joins: oreo639
[03:08:51] *** Quits: oreo639 (Quit: Quit)
[03:33:19] *** Joins: sentry
[03:34:38] *** Quits: Snetry (Read error: Connection refused)
[03:34:38] *** sentry is now known as Snetry
[03:38:25] *** Joins: oreo639
[03:43:09] *** Quits: oreo639 (Remote host closed the connection)
[03:46:08] *** Joins: oreo639
[03:46:13] *** Quits: oreo639 (Client Quit)
[03:51:10] *** Quits: refs (Quit: refs)
[04:01:23] *** Joins: oreo639
[04:59:22] *** Quits: oreo639 (Read error: Operation timed out)
[05:34:23] *** Joins: oreo639
[06:18:58] *** Quits: oreo639 (Ping timeout: 745 seconds)
[07:41:02] *** Joins: oreo639
[09:48:15] *** Joins: fgsfds
[14:27:24] *** Joins: Extrems`
[14:37:08] *** Quits: Extrems (Ping timeout: 745 seconds)
[14:37:08] *** Extrems` is now known as Extrems
[15:42:48] *** Quits: oreo639 (Ping timeout: 622 seconds)
[17:28:56] *** Joins: refs
[18:03:58] *** Quits: GerbilSof (Remote host closed the connection)
[18:07:57] *** Joins: GerbilSof
[18:30:42] *** Joins: oreo639
[18:57:24] *** Quits: oreo639 (Ping timeout: 240 seconds)
[19:01:05] *** Joins: oreo639
[19:27:26] *** Quits: oreo639 (Ping timeout: 622 seconds)
[21:24:11] *** Joins: n87
[22:11:37] *** Joins: oreo639
[22:22:02] *** Quits: oreo639 (Read error: Operation timed out)
[22:27:41] *** Quits: n87 (Read error: Connection reset by peer)
