[00:20:50] *** Quits: oreo639 (Ping timeout: 622 seconds)
[01:31:38] *** Joins: oreo639
[01:34:31] *** Joins: refs
[02:14:19] *** Quits: fgsfds (Read error: Connection reset by peer)
[02:53:43] *** Quits: refs (Quit: refs)
[03:25:35] *** Joins: sentry
[03:26:55] *** Quits: Snetry (Read error: Connection refused)
[03:26:55] *** sentry is now known as Snetry
[10:59:19] *** Quits: oreo639 (Ping timeout: 745 seconds)
[11:03:49] *** Joins: oreo639
[11:43:33] *** Quits: oreo639 (Ping timeout: 622 seconds)
[15:46:23] *** Joins: n87
[18:02:36] *** Joins: fgsfds
[18:11:19] *** Quits: fgsfds (Quit: Leaving)
[18:42:25] *** Quits: Snetry (Quit: left EFNet)
[18:50:17] *** Joins: Snetry
[19:09:26] *** Quits: Snetry (Quit: left EFNet)
[19:11:00] *** Joins: Snetry
[19:50:00] *** Quits: Snetry (Quit: left EFNet)
[19:51:04] *** Joins: Snetry
[19:54:18] *** Joins: sentry
[19:55:37] *** Quits: Snetry (Read error: Operation timed out)
[19:55:37] *** sentry is now known as Snetry
[20:19:19] *** Joins: oreo639
[20:49:58] *** Quits: ris2z (Quit: ZNC 1.8.2+deb2build5 - https://znc.in)
[20:51:16] *** Joins: ris2z
[21:55:05] *** Quits: Snetry (Quit: left EFNet)
[21:57:14] *** Joins: Snetry
[23:44:45] *** Joins: fgsfds
