[00:28:58] *** Quits: fgsfds (Read error: Connection reset by peer)
[01:24:15] *** Quits: n87 (Read error: Connection reset by peer)
[02:13:42] *** Joins: Extrems`
[02:16:54] *** Quits: Extrems (Ping timeout: 745 seconds)
[02:16:54] *** Extrems` is now known as Extrems
[03:23:34] *** Joins: sentry
[03:24:54] *** Quits: Snetry (Read error: Connection refused)
[03:24:54] *** sentry is now known as Snetry
[04:40:25] *** Quits: oreo639 (Read error: Operation timed out)
[07:54:19] *** Joins: oreo639
[08:40:25] *** Joins: n87
[12:28:23] *** Joins: fgsfds
[12:28:58] *** Quits: oreo639 (Ping timeout: 622 seconds)
[18:06:51] *** Joins: refs
[18:38:07] *** Quits: Behemoth (Quit: Quit)
[18:39:46] *** Joins: Behemoth
[18:41:51] *** Quits: Behemoth (Quit)
[18:42:01] *** Joins: Behemoth
[18:42:41] *** Quits: Behemoth (Client Quit)
[18:43:34] *** Joins: Behemoth
