[00:46:14] *** Quits: oreo639 (Ping timeout: 745 seconds)
[01:09:16] *** Quits: fgsfds (Read error: Connection reset by peer)
[01:19:34] *** Joins: oreo639
[01:33:29] *** Quits: |Shadow| ()
[01:37:02] *** Joins: |Shadow|
[01:55:12] *** Joins: refs
[02:46:40] *** Quits: refs (Quit: refs)
[03:18:08] *** Joins: sentry
[03:19:28] *** Quits: Snetry (Read error: Connection refused)
[03:19:28] *** sentry is now known as Snetry
[04:16:31] *** Quits: GerbilSof (Quit: Windows must now restart because the Remote Procedure Call (RPC) service terminated unexpectedly.)
[04:19:27] *** Joins: GerbilSof
[05:28:28] *** Quits: oreo639 (Read error: Operation timed out)
[07:44:46] *** Quits: tertu (Read error: Operation timed out)
[08:07:40] *** Joins: tertu
[08:38:17] *** Quits: DacoTaco (Quit: ZNC 1.8.2 - https://znc.in)
[09:03:53] *** Joins: DacoTaco
[09:10:12] *** Quits: DacoTaco (Quit: ZNC 1.8.2 - https://znc.in)
[09:11:37] *** Joins: DacoTaco
[09:39:39] *** Joins: n87
[14:26:22] *** Joins: fgsfds
[17:36:11] *** Joins: oreo639
[20:56:14] *** Quits: oreo639 (Ping timeout: 240 seconds)
[20:59:37] *** Joins: oreo639
[23:29:47] *** Quits: oreo639 (Ping timeout: 622 seconds)
[23:38:11] *** Joins: GrecKo_
[23:38:11] *** Quits: GrecKo (Read error: Connection reset by peer)
