[00:09:51] *** Quits: n87 (Read error: Connection reset by peer)
[00:21:02] *** Joins: oreo639
[01:34:19] *** Quits: oreo639 (Ping timeout: 504 seconds)
[01:35:20] *** Quits: fgsfds (Read error: Connection reset by peer)
[02:03:04] *** Joins: refs
[02:03:44] *** Joins: oreo639
[02:05:51] *** Quits: refs (Client Quit)
[02:18:50] *** Joins: refs
[02:53:14] *** Joins: DacoTaco_
[02:53:14] *** Quits: DacoTaco (Read error: Connection reset by peer)
[03:14:52] *** Joins: sentry
[03:16:11] *** Quits: Snetry (Read error: Connection refused)
[03:16:11] *** sentry is now known as Snetry
[03:29:58] *** Quits: refs (Quit: refs)
[04:33:00] *** Quits: oreo639 (Ping timeout: 622 seconds)
[05:36:22] *** Joins: oreo639
[05:58:57] *** Quits: oreo639 (Ping timeout: 260 seconds)
[06:44:22] *** Joins: oreo639
[06:45:41] *** Quits: |Shadow| (Ping timeout: 258 seconds)
[06:53:37] *** Quits: lameboy (se.hub efnet.deic.eu)
[06:53:37] *** Quits: GeekShado (se.hub efnet.deic.eu)
[06:53:37] *** Quits: nohit____ (se.hub efnet.deic.eu)
[06:55:36] *** Joins: lameboy
[06:55:36] *** Joins: GeekShado
[06:55:36] *** Joins: nohit____
[06:55:45] *** Joins: lameboy2
[06:58:29] *** Joins: |Shadow|
[07:01:29] *** Quits: lameboy (Read error: Operation timed out)
[07:01:33] *** lameboy2 is now known as lameboy
[07:03:36] *** Quits: TurtleP (hub.efnet.us irc.colosolutions.net)
[07:03:36] *** Quits: fincs (hub.efnet.us irc.colosolutions.net)
[07:03:36] *** Quits: WntrMute (hub.efnet.us irc.colosolutions.net)
[07:06:22] *** Quits: lameboy (Quit: Astalabyebye...)
[07:06:54] *** Joins: lameboy
[07:10:38] *** Quits: d3m3vilur (Ping timeout: 493 seconds)
[07:10:39] *** Quits: phigcloud (Read error: Operation timed out)
[07:10:43] *** Quits: DacoTaco_ (Read error: Operation timed out)
[07:11:02] *** Joins: phigcloud
[07:13:03] *** Joins: d3m3vilur
[07:13:03] *** Joins: DacoTaco
[07:13:03] *** Quits: Retr0id (Read error: Connection reset by peer)
[07:13:18] *** Joins: Retr0id
[07:15:03] *** Joins: fincs
[07:15:03] *** Joins: TurtleP
[07:15:03] *** Joins: WntrMute
[07:15:03] *** irc.colosolutions.net sets mode: +oo fincs WntrMute
[07:15:05] *** WntrMute sets mode: +o yellows8
[07:51:02] *** Quits: eggy (Excess Flood)
[07:51:32] *** Joins: eggster
[08:06:04] *** Quits: flotwig (Read error: Operation timed out)
[08:08:35] *** Quits: DacoTaco (Read error: Operation timed out)
[08:08:54] *** Joins: DacoTaco
[08:08:56] *** Quits: ihaveamac (Ping timeout: 483 seconds)
[08:09:03] *** Quits: Cu3PO42 (Read error: Operation timed out)
[08:09:10] *** Joins: ihaveamac
[08:09:40] *** Quits: GerbilSof (Read error: Operation timed out)
[08:17:25] *** Joins: Cu3PO42
[08:18:31] *** Joins: flotwig
[08:20:35] *** Joins: GerbilSof
[10:24:54] *** Joins: dibas_
[10:32:44] *** Quits: dibas (Ping timeout: 745 seconds)
[10:32:44] *** dibas_ is now known as dibas
[10:48:32] *** Joins: fgsfds
[10:57:02] *** Joins: n87
[11:39:49] *** Quits: Cu3PO42 (Ping timeout: 745 seconds)
[11:39:49] *** Quits: freundTec (Ping timeout: 745 seconds)
[11:43:22] *** Joins: freundTec
[11:49:39] *** Joins: Cu3PO42
[12:08:31] *** Quits: flotwig (Quit: ZNC - http://znc.in)
[12:15:20] *** Quits: oreo639 (Read error: Operation timed out)
[12:57:17] *** Joins: flotwig
[13:07:28] *** Quits: nrq (Read error: Operation timed out)
[13:29:43] *** Joins: nrq
[18:24:57] *** Joins: n87_2
[18:31:11] *** Quits: n87 (Read error: Operation timed out)
[21:24:10] *** Quits: GerbilSof (Quit: Windows must now restart because the Remote Procedure Call (RPC) service terminated unexpectedly.)
[21:28:10] *** Joins: GerbilSof
[23:03:43] *** Joins: oreo639
