[00:51:36] *** Quits: fgsfds (Read error: Connection reset by peer)
[03:07:29] *** Quits: refs (Quit: refs)
[03:36:55] *** Joins: sentry
[03:38:14] *** Quits: Snetry (Read error: Operation timed out)
[03:38:14] *** sentry is now known as Snetry
[03:53:08] *** Joins: Maylay
[05:51:09] *** Quits: oreo639 (Ping timeout: 622 seconds)
[06:09:07] *** Joins: oreo639
[08:17:36] *** Quits: oreo639 (Ping timeout: 483 seconds)
[08:25:55] *** Joins: oreo639
[11:46:36] *** Joins: n87
[12:06:03] *** Quits: oreo639 (Ping timeout: 622 seconds)
[12:47:45] *** Joins: oreo639
[13:52:59] *** Quits: oreo639 (Read error: Operation timed out)
[13:56:18] *** Joins: fgsfds
[16:15:19] *** Quits: GerbilSof (Quit: Windows must now restart because the Remote Procedure Call (RPC) service terminated unexpectedly.)
[19:35:03] *** Quits: Surkow (Ping timeout: 240 seconds)
[19:35:26] *** Joins: Surkow
[21:00:41] *** Joins: oreo639
[22:01:24] *** Joins: GerbilSof
[22:02:38] *** Quits: GerbilSof (Client Quit)
[22:03:07] *** Joins: GerbilSof
[22:18:45] *** Quits: n87 (Read error: Connection reset by peer)
[22:19:00] *** Quits: oreo639 (Ping timeout: 622 seconds)
[22:53:08] *** Joins: oreo639
[23:01:56] *** Quits: |Shadow| ()
[23:06:16] *** Joins: |Shadow|
