[00:48:31] *** Quits: fgsfds (Read error: Connection reset by peer)
[02:12:34] *** Joins: refs
[02:14:14] *** Quits: refs (Client Quit)
[02:45:42] *** Joins: refs
[03:35:42] *** Joins: sentry
[03:37:02] *** Quits: Snetry (Read error: Operation timed out)
[03:37:02] *** sentry is now known as Snetry
[04:06:53] *** Quits: refs (Quit: refs)
[05:53:58] *** Quits: oreo639 (Read error: Operation timed out)
[06:18:30] *** Joins: oreo639
[06:28:11] *** Quits: |Shadow| ()
[06:32:22] *** Joins: |Shadow|
[07:07:37] *** Quits: |Shadow| ()
[07:10:39] *** Joins: |Shadow|
[07:19:38] *** Quits: |Shadow| ()
[07:22:49] *** Joins: |Shadow|
[08:06:59] *** Joins: oreo639_
[08:06:59] *** Quits: oreo639 (Read error: Connection reset by peer)
[08:12:54] *** oreo639_ is now known as oreo639
[09:57:04] *** Joins: fgsfds
[13:05:09] *** Quits: oreo639 (Read error: Operation timed out)
[16:58:16] *** Joins: n87
[18:17:44] *** Quits: Surkow (Quit: 418 I'm a teapot - NOP NOP NOP)
[18:19:24] *** Joins: Surkow
[18:46:43] *** Joins: refs
[19:40:18] *** Quits: zini- (Quit: -->)
[19:40:55] *** Joins: zini
[19:54:14] *** Quits: zini (Quit: -->)
[19:55:08] *** Joins: zini
[20:22:10] *** Quits: GerbilSof (Quit: Windows must now restart because the Remote Procedure Call (RPC) service terminated unexpectedly.)
[20:32:21] *** Joins: GerbilSof
[21:37:28] *** Joins: oreo639
[22:17:14] *** Quits: Maylay (Quit: Pipe Terminated)
[22:20:24] *** Joins: Maylay
[23:04:36] <plutobot> Wiki | Page changed: HID services | User: Hexkyz | https://switchbrew.org/w/index.php?curid=103&diff=12392&oldid=12211
[23:04:36] <plutobot> Wiki | Page changed: Ring-Con | User: Hexkyz | https://switchbrew.org/w/index.php?curid=402&diff=12391&oldid=8978
[23:05:27] <plutobot> Wiki | Page changed: HID services | User: Hexkyz | https://switchbrew.org/w/index.php?curid=103&diff=12393&oldid=12392
[23:05:48] <plutobot> Wiki | Page changed: HID services | User: Hexkyz | https://switchbrew.org/w/index.php?curid=103&diff=12394&oldid=12393
[23:48:37] <plutobot> Wiki | Page changed: HID services | User: Hexkyz | https://switchbrew.org/w/index.php?curid=103&diff=12395&oldid=12394
