[00:06:46] *** Joins mukunda
[00:21:52] *** Joins matteo
[01:06:29] *** Joins derk0pf
[01:55:18] *** Joins AuroraWri
[02:26:42] *** Quits matteo (Quit: per aspera ad upstream)
[02:36:02] *** Quits fgsfds (Read error: Connection reset by peer)
[03:16:37] *** Quits derk0pf (Read error: Operation timed out)
[04:55:19] *** Quits refs (Quit: refs)
[06:06:25] *** Joins KuKzz_
[06:07:29] *** Joins GrecKo_
[06:07:30] *** Quits GrecKo (Read error: Connection reset by peer)
[06:08:10] *** Quits kyaputen (Read error: Operation timed out)
[06:08:11] *** Quits ZeZu (Ping timeout: 610 seconds)
[06:09:37] *** Joins ZeZu
[06:10:46] *** Quits KuKzz (Ping timeout: 610 seconds)
[06:11:03] *** Joins kyaputen
[06:16:11] *** Quits kyaputen (Read error: Connection reset by peer)
[06:25:50] *** Joins eggster
[06:26:47] *** Quits b0nez_ (Ping timeout: 610 seconds)
[06:27:01] *** Joins b0nez
[06:30:06] *** Quits eggy (Read error: Connection reset by peer)
[06:32:04] *** Joins kyaputen
[06:35:23] *** Joins kyaputen9
[06:35:23] *** Quits kyaputen (Read error: Connection reset by peer)
[07:54:36] *** Joins dcnick3
[09:56:44] *** Quits mukunda (Ping timeout: 492 seconds)
[13:14:21] *** Quits CCFL_Man (Ping timeout: 265 seconds)
[13:17:59] *** Joins fgsfds
[13:31:46] *** Quits Snetry (Read error: Operation timed out)
[13:55:26] *** Joins BlueBrown
[13:56:05] *** BlueBrown is now known as BlueBread
[13:56:28] *** Quits BlueBread (Client Quit)
[13:57:09] *** Joins BlueBread
[14:43:11] *** Quits coggy9_Y5 (Read error: Connection reset by peer)
[14:51:27] *** Joins ds84183
[14:52:15] *** Joins figgis_
[14:52:16] *** giglife_ is now known as giglife
[14:52:43] *** Quits ds84182 (Read error: Operation timed out)
[14:52:43] *** Quits eggster (Read error: Operation timed out)
[14:52:56] *** Joins eggster
[14:53:17] *** Quits awordnot (Read error: Operation timed out)
[14:53:42] *** Quits endrift (Read error: Operation timed out)
[14:54:22] *** Quits Kyouju (Read error: Operation timed out)
[14:54:31] *** Quits AlexAltea (Read error: Operation timed out)
[14:54:49] *** Quits AuroraWri (Read error: Operation timed out)
[14:55:13] *** Quits |Shadow| (Read error: Operation timed out)
[14:55:32] *** Joins Kyouju
[14:55:58] *** Quits freundTec (Read error: Operation timed out)
[14:56:02] *** Quits j0hny5 (Read error: Operation timed out)
[14:59:03] *** Joins AlexAltea
[14:59:11] *** Quits fgsfds (Read error: Operation timed out)
[15:03:27] *** Joins freundTec
[15:10:41] *** Joins CCFL_Man
[15:12:31] *** Joins |Shadow|
[16:16:00] *** Joins mukunda
[16:30:55] *** Quits BlueBread (Quit: Konversation terminated!)
[18:08:55] *** Joins Snetry
[21:28:44] *** Joins refs
