[00:28:56] *** Quits ris2z (Ping timeout: 745 seconds)
[00:34:35] *** Joins ris2z
[00:50:43] *** Quits dcnick3 (Read error: Operation timed out)
[01:08:57] *** Quits refs (Quit: refs)
[01:55:56] *** Quits |Shadow| ()
[02:04:22] *** Joins |Shadow|
[02:23:50] *** Quits ris2z (Ping timeout: 248 seconds)
[02:28:58] *** Joins ris2z
[03:05:21] *** Joins awordnot
[03:05:30] *** Joins j0hny5
[04:31:29] *** Quits averne (quit)
[04:34:19] *** Joins averne_
[04:34:19] *** Server sets mode: +stn 
[04:40:10] *** Quits averne (Read error: Operation timed out)
[07:47:16] *** Quits mukunda (Read error: Operation timed out)
[09:18:05] *** Joins dcnick3
[10:34:28] *** Quits averne_ (quit)
[10:35:16] *** Joins averne
[10:35:16] *** Server sets mode: +stn 
[10:59:06] *** Joins n00b764
[11:06:32] *** Quits n00b764 (Ping timeout: 252 seconds)
[12:15:27] *** Quits freundTec (ny.us.hub ircd.choopa.net)
[12:15:27] *** Quits b0nez (ny.us.hub ircd.choopa.net)
[12:15:27] *** Quits ZeZu (ny.us.hub ircd.choopa.net)
[12:15:27] *** Quits KuKzz_ (ny.us.hub ircd.choopa.net)
[12:15:27] *** Quits Maylay (ny.us.hub ircd.choopa.net)
[12:15:27] *** Quits GeekShado (ny.us.hub ircd.choopa.net)
[12:15:27] *** Quits ihaveamac (ny.us.hub ircd.choopa.net)
[12:15:27] *** Quits omlet05 (ny.us.hub ircd.choopa.net)
[12:15:27] *** Quits lameboy (ny.us.hub ircd.choopa.net)
[12:15:27] *** Quits j0hny5 (ny.us.hub ircd.choopa.net)
[12:15:27] *** Quits awordnot (ny.us.hub ircd.choopa.net)
[12:50:27] *** Quits panicbit (Ping timeout: 186 seconds)
[13:34:51] *** Joins panicbit
[14:29:13] *** Joins j0hny5
[14:29:13] *** Joins awordnot
[14:29:13] *** Joins freundTec
[14:29:13] *** Joins b0nez
[14:29:13] *** Joins ZeZu
[14:29:13] *** Joins KuKzz_
[14:29:13] *** Joins Maylay
[14:29:13] *** Joins GeekShado
[14:29:13] *** Joins ihaveamac
[14:29:13] *** Joins omlet05
[14:29:13] *** Joins lameboy
[14:51:35] *** Joins BlueBread
[14:54:52] *** Joins mukunda
[15:14:00] *** Quits BlueBread (Quit: Konversation terminated!)
[15:48:11] *** Quits GerbilSof (Quit: Windows must now restart because the Remote Procedure Call (RPC) service terminated unexpectedly.)
[15:48:30] *** Joins GerbilSof
[17:22:32] *** Joins AuroraWri
[18:37:06] *** Quits dibas (Quit: Leaving...)
[18:37:17] *** Joins dibas
[18:38:51] *** Quits GerbilSof (Read error: Operation timed out)
[19:01:05] *** Quits chang0- (Quit: http://www.changoland.com)
[20:00:59] *** Joins chang0-
[20:45:14] *** Joins refs
[22:42:46] *** Quits balrog (Ping timeout: 492 seconds)
[22:43:49] *** Joins endrift
[23:40:20] *** Quits dcnick3 (Read error: Operation timed out)
[23:40:47] *** Joins balrog
