[00:00:09] *** Joins SCV_
[00:04:27] *** Joins flewkey
[00:04:29] *** Joins m4ts
[00:04:40] *** Joins plutobot
[00:05:10] *** Joins madk
[00:05:26] *** Quits derk0pf (Ping timeout: 744 seconds)
[00:05:50] *** Joins DacoTaco
[00:06:01] *** Joins des^
[00:31:01] *** Joins derrek_
[00:37:25] *** Quits derrek (Ping timeout: 745 seconds)
[00:37:26] *** derrek_ is now known as derrek
[00:42:41] *** Quits DacoTaco (Ping timeout: 272 seconds)
[00:42:41] *** Quits plutobot (Ping timeout: 272 seconds)
[00:43:19] *** Quits madk (Ping timeout: 272 seconds)
[00:43:19] *** Quits m4ts (Ping timeout: 272 seconds)
[00:43:57] *** Quits des^ (Ping timeout: 272 seconds)
[00:43:57] *** Quits flewkey (Ping timeout: 272 seconds)
[00:46:35] *** Joins Behemoth_
[00:52:59] *** Quits Stary (se.hub irc.underworld.no)
[00:52:59] *** Quits Behemoth (se.hub irc.underworld.no)
[00:57:48] *** Joins Stary
[01:24:44] *** Joins m4ts
[01:24:47] *** Joins flewkey
[01:25:04] *** Joins plutobot
[01:25:21] *** Joins des^
[01:25:25] *** Joins madk
[01:26:15] *** Joins DacoTaco
[01:38:33] *** Joins coggy9
[01:40:26] *** Quits CCFL_Man (Ping timeout: 745 seconds)
[02:21:10] *** Quits refs (Quit: refs)
[02:57:02] *** Joins |Shadow|_
[02:58:15] *** Quits |Shadow| (Read error: Operation timed out)
[03:03:38] *** |Shadow|_ is now known as |Shadow|
[03:24:02] *** Quits tpw_rules (Read error: Operation timed out)
[03:26:31] *** Joins figgis_
[03:27:54] *** Quits awordnot (Read error: Operation timed out)
[03:29:25] *** Quits j0hny5 (Ping timeout: 622 seconds)
[03:29:47] *** Quits fgsfds (Read error: Operation timed out)
[03:34:56] *** Joins tpw_rules
[03:37:21] *** Quits |Shadow| (Read error: Operation timed out)
[03:39:07] *** Quits AuroraWri (Read error: Operation timed out)
[03:49:46] *** Joins |Shadow|
[03:50:43] *** Quits panicbit (Ping timeout: 186 seconds)
[03:55:03] *** Joins awordnot
[03:55:43] *** Joins j0hny5
[03:56:20] *** Joins AuroraWri
[04:00:38] *** Quits DeusQain (Read error: Connection reset by peer)
[04:01:24] *** Joins irc1
[04:03:27] *** Joins DeusQain
[04:04:05] *** Joins panicbit
[04:06:29] *** Quits irc (Read error: Operation timed out)
[04:07:02] *** Quits ihaveamac (Ping timeout: 496 seconds)
[04:08:23] *** Joins GeekShad1
[04:08:38] *** Quits datagutt (Ping timeout: 496 seconds)
[04:10:46] *** Quits GeekShado (Ping timeout: 496 seconds)
[04:17:06] *** Joins datagutt
[04:36:13] *** Joins rajkosto
[05:16:44] *** Quits coggy9 (Ping timeout: 265 seconds)
[06:17:51] *** Joins coggy9
[06:29:27] *** Joins fgsfds
[06:30:37] *** Joins coggy9_Y5
[06:33:44] *** Quits figgis_ (Ping timeout: 265 seconds)
[06:37:08] *** Joins Stary_
[06:43:48] *** Quits coggy9 (se.hub irc.underworld.no)
[06:43:48] *** Quits Stary (se.hub irc.underworld.no)
[07:55:53] *** Quits madk (Ping timeout: 272 seconds)
[07:56:30] *** Quits Stary_ (Ping timeout: 272 seconds)
[07:57:09] *** Quits flewkey (Ping timeout: 272 seconds)
[07:57:09] *** Quits m4ts (Ping timeout: 272 seconds)
[07:57:10] *** Joins Stary
[07:57:47] *** Quits DacoTaco (Ping timeout: 272 seconds)
[07:57:47] *** Quits des^ (Ping timeout: 272 seconds)
[07:57:47] *** Quits plutobot (Ping timeout: 272 seconds)
[07:59:38] *** Joins rajko
[08:01:04] *** Quits rajkosto (hub.efnet.us irc.Prison.NET)
[08:01:04] *** Quits Surkow (hub.efnet.us irc.Prison.NET)
[08:01:04] *** Quits oldtopman (hub.efnet.us irc.Prison.NET)
[08:10:13] *** Joins oldtopman
[08:10:13] *** Joins Surkow
[08:14:30] *** Quits oldtopman (hub.efnet.us irc.Prison.NET)
[08:14:30] *** Quits Surkow (hub.efnet.us irc.Prison.NET)
[08:16:46] *** Joins Surkow_
[08:33:20] *** Joins foghorn3
[08:34:39] *** Quits thejsa (Read error: Operation timed out)
[08:34:43] *** Joins thejsa
[08:34:47] *** Quits GrecKo (Read error: Operation timed out)
[08:35:05] *** Joins GrecKo
[08:36:04] *** Joins figgis_
[08:36:04] *** Quits lex1 (Read error: Operation timed out)
[08:36:04] *** Quits blasty (Read error: Operation timed out)
[08:39:05] *** Quits averne (quit)
[09:09:42] *** Joins averne
[09:09:42] *** Server sets mode: +stn 
[09:09:53] *** Joins Snetry
[09:10:07] *** Joins noirscape
[09:10:27] *** Joins d3m3vilur
[09:13:45] *** Joins lex1
[09:14:02] *** Joins blasty
[13:13:18] *** Surkow_ is now known as Surkow
[14:00:41] *** Joins KuKzz
[14:02:18] *** Joins ihaveamac
[15:44:55] *** Quits coggy9_Y5 (Read error: Connection reset by peer)
[15:47:58] *** Joins coggy9
[16:10:59] *** Quits lameboy (Ping timeout: 255 seconds)
[16:12:21] *** Quits rajko (Read error: Operation timed out)
[16:20:10] *** Joins lameboy
[17:48:34] *** Joins derk0pf
[18:51:02] *** Joins fgsfds
[20:46:05] *** Joins l1quid
[21:09:18] *** Joins refs
[22:46:11] *** Joins figgis_
[22:49:54] *** Quits oldtopman (hub.efnet.us irc.Prison.NET)
[22:53:45] *** Joins lansiir
[22:53:48] *** Quits fgsfds (Read error: Operation timed out)
[22:59:41] *** Quits dibas (Ping timeout: 745 seconds)
