[00:24:04] *** Joins kyaputen9
[01:25:16] *** Joins figgis_
[01:32:53] *** Quits fgsfds (Read error: Operation timed out)
[02:17:30] *** Quits refs (Quit: refs)
[04:19:43] *** Quits chang0- (Read error: Operation timed out)
[04:20:35] *** Joins chang0-
[04:20:54] *** Quits Behemoth_ (Read error: Connection reset by peer)
[04:22:20] *** Joins Behemoth_
[04:50:09] *** Quits coggy9 (Read error: Connection reset by peer)
[05:49:57] *** Quits ihaveamac (Quit: fail)
[05:50:38] *** Joins ihaveamac
[06:34:47] *** Joins j0hny5
[08:18:21] *** Joins rajkosto
[08:19:14] *** Joins coggy9
[08:59:52] *** Quits ihaveamac (Remote host closed the connection)
[09:04:09] *** Joins ihaveamac
[11:50:44] *** Joins figgis__
[11:57:00] *** Joins foghorn2
[11:58:31] *** Quits figgis_ (Read error: Operation timed out)
[12:01:39] *** Quits foghorn3 (Ping timeout: 610 seconds)
[14:12:48] *** Joins |OMEGA|
[15:10:06] *** Quits foghorn2 (Quit: Leaving)
[15:13:32] *** Quits |OMEGA| (quit)
[15:19:22] *** Quits coggy9 (Read error: Connection reset by peer)
[15:22:12] *** Joins foghorn2
[16:10:35] *** Joins coggy9
[16:25:49] *** Joins coggy9_Y5
[16:26:23] *** Quits coggy9_Y5 (Client Quit)
[16:29:43] *** Quits coggy9 (Ping timeout: 265 seconds)
[17:32:38] *** Joins GerbilSof
[17:37:15] <plutobot> Wiki | Page changed: Flash Filesystem | User: Shchmue | https://switchbrew.org/w/index.php?curid=151&diff=9658&oldid=9039
[17:50:41] <plutobot> Wiki | Page changed: Network Interface services | User: yls8 | https://switchbrew.org/w/index.php?curid=112&diff=9659&oldid=9475
[18:01:43] *** Quits figgis__ (Leaving)
[18:02:02] *** Joins fgsfds
[18:33:56] <plutobot> Wiki | Page changed: Memory layout | User: Hexkyz | https://switchbrew.org/w/index.php?curid=100&diff=9660&oldid=7534
[18:35:18] *** Quits CCFL_Man (Ping timeout: 496 seconds)
[18:55:39] *** Joins KuKzz_
[18:56:06] *** Quits KuKzz (Ping timeout: 496 seconds)
[19:22:39] <plutobot> Wiki | Page changed: Fuses | User: Hexkyz | https://switchbrew.org/w/index.php?curid=186&diff=9661&oldid=9653
[19:34:35] *** Joins Maylay
[20:26:53] *** Joins derk0pf
[21:20:52] <plutobot> Wiki | Page changed: Fuses | User: Hexkyz | https://switchbrew.org/w/index.php?curid=186&diff=9662&oldid=9661
[21:38:00] *** Quits derk0pf (Read error: Connection reset by peer)
[21:38:48] *** Joins refs
[22:04:51] *** Joins derk0pf
[23:55:11] *** Joins CCFL_Man
