[00:47:49] *** Joins: coggy9 (~coggy9@static-97-67-244-189.earthlinkbusiness.net)
[01:05:20] *** Quits: flewkey (flewkey@173.231.63.70) (Quit: Ping timeout (120 seconds))
[01:05:35] *** Joins: flewkey (flewkey@173.231.63.70)
[02:34:32] *** Quits: um-velho- (~um-velho-@a79-168-139-64.cpe.netcabo.pt) (Leaving)
[04:28:34] *** Quits: refs (~refs@p200300dd871667008138181e4d7e1628.dip0.t-ipconnect.de) (Quit: refs)
[04:34:22] *** Quits: rjeli___ (sid289321@2001:67c:2f08:3::4:6a29) (Read error: Connection reset by peer)
[04:37:43] *** Quits: d3m3vilur (sid4654@id-4654.charlton.irccloud.com) (Read error: Connection reset by peer)
[04:54:32] *** Quits: SCV_ (sid226262@2001:67c:2f08:3::3:73d6) (Read error: Connection timed out)
[05:03:02] *** Joins: SCV_ (sid226262@2001:67c:2f08:3::3:73d6)
[05:03:21] *** Joins: d3m3vilur (sid4654@id-4654.charlton.irccloud.com)
[05:06:33] *** Quits: SCV_ (sid226262@2001:67c:2f08:3::3:73d6) (Read error: Connection reset by peer)
[05:13:29] *** Quits: IShaDoWl (~IShaDoWl@130.red-79-145-224.dynamicip.rima-tde.net) (Read error: Operation timed out)
[05:14:12] *** Joins: IShaDoWl (~IShaDoWl@130.red-79-145-224.dynamicip.rima-tde.net)
[05:16:28] *** Joins: SCV_ (sid226262@2001:67c:2f08:3::3:73d6)
[05:21:03] *** Joins: rjeli___ (sid289321@2001:67c:2f08:3::4:6a29)
[05:29:06] *** Joins: rajkosto (~rajkosto@cable-178-149-122-96.dynamic.sbb.rs)
[05:58:30] *** Quits: rjeli___ (sid289321@2001:67c:2f08:3::4:6a29) (Read error: Connection timed out)
[05:59:06] *** Quits: giglife (giglife@CPE0492268436b0-CM688f2e1dc9d0.cpe.net.cable.rogers.com) (Read error: Operation timed out)
[05:59:11] *** Joins: giglife (giglife@CPE0492268436b0-CM688f2e1dc9d0.cpe.net.cable.rogers.com)
[05:59:49] *** Quits: yls8bot (~yls8bot@mtheall.com) (Read error: Operation timed out)
[06:03:40] *** Quits: Aaerox (Aaerox@fuckyou.k.thnx.org) (Read error: Operation timed out)
[06:04:43] *** Quits: GerbilSof (~GerbilSof@pool-108-24-134-99.cmdnnj.fios.verizon.net) (Read error: Operation timed out)
[06:07:18] *** Quits: Surkow (~Surkow@84-104-14-64.cable.dynamic.v4.ziggo.nl) (Read error: Operation timed out)
[06:07:49] *** Quits: tpw_rules (~tpw_rules@li1059-135.members.linode.com) (Read error: Operation timed out)
[06:08:06] *** Joins: tpw_rules (~tpw_rules@li1059-135.members.linode.com)
[06:08:31] *** Quits: AlexAltea (~alexaltea@phi.nz) (Read error: Operation timed out)
[06:10:11] *** Quits: DeusQain (quasselcor@mx.qainsworld.com) (Read error: Operation timed out)
[06:13:13] *** Quits: SCV_ (sid226262@2001:67c:2f08:3::3:73d6) (Read error: Connection reset by peer)
[06:13:51] *** Joins: SCV_ (sid226262@2001:67c:2f08:3::3:73d6)
[06:15:52] *** Joins: DeusQain (~DeusQain@mx.qainsworld.com)
[06:17:14] *** Joins: rjeli___ (sid289321@2001:67c:2f08:3::4:6a29)
[06:17:31] *** Joins: Surkow (~Surkow@84-104-14-64.cable.dynamic.v4.ziggo.nl)
[06:18:29] *** Joins: Aaerox (Aaerox@fuckyou.k.thnx.org)
[06:19:53] *** Joins: yls8bot (~yls8bot@mtheall.com)
[06:19:56] *** yellows8 sets mode: +o yls8bot
[06:26:10] *** Joins: AlexAltea (~alexaltea@phi.nz)
[11:04:50] *** Quits: fgsfds (~figgis@93.123.144.171) (Read error: Connection reset by peer)
[11:53:53] *** Quits: m4ts (~mats@ti0030a400-2881.bb.online.no) (Quit: bye)
[12:01:25] *** Joins: refs (~refs@p200300dd872f9100ad104c10bc4d9317.dip0.t-ipconnect.de)
[12:12:05] *** Joins: m4ts (~mats@ti0030a400-2881.bb.online.no)
[14:06:13] *** Quits: rajkosto (~rajkosto@cable-178-149-122-96.dynamic.sbb.rs) (Read error: Connection reset by peer)
[15:47:16] *** Quits: zini (~zini@88-113-159-202.elisa-laajakaista.fi) (Ping timeout: 745 seconds)
[17:52:04] *** Quits: lameboy (~lameboy@202-47-121-182.cust.dcsi.net.au) (Ping timeout: 265 seconds)
[18:23:18] *** Joins: lameboy (~lameboy@202-47-121-182.cust.dcsi.net.au)
[18:23:48] *** Quits: lameboy (~lameboy@202-47-121-182.cust.dcsi.net.au) (Client Quit)
[18:25:54] *** Joins: lameboy (~lameboy@202-47-121-182.cust.dcsi.net.au)
[19:21:33] *** Joins: lameboy2 (~lameboy@202-47-121-182.cust.dcsi.net.au)
[19:29:03] *** Quits: lameboy (~lameboy@202-47-121-182.cust.dcsi.net.au) (Read error: Operation timed out)
[19:29:05] *** lameboy2 is now known as lameboy
[19:39:22] *** Joins: freundTec (~freundTec@freundtech.com)
[21:04:29] *** Joins: fgsfds (~figgis@93.123.144.171)
[21:05:55] *** Joins: zini (~zini@88-113-159-202.elisa-laajakaista.fi)
