[00:14:48] *** Quits: jason0597 (~jason0597@cpc95214-derb16-2-0-cust759.8-3.cable.virginm.net) (Read error: Operation timed out)
[01:47:07] *** Joins: Sentry- (~sentry@dslb-188-109-209-062.188.109.pools.vodafone-ip.de)
[01:48:12] *** Quits: Snetry (~sentry@dslb-094-220-221-039.094.220.pools.vodafone-ip.de) (Read error: Connection refused)
[02:20:25] *** Quits: refs (~refs@p200300dd870d1e0084113913b1f2797b.dip0.t-ipconnect.de) (Quit: refs)
[02:39:55] *** Quits: madk (~madk@184.69.197.50) (Quit: ZNC 1.7.1 - https://znc.in)
[02:41:12] *** Joins: madk (~madk@184.69.197.50)
[02:56:46] *** Quits: rajkosto (~rajkosto@cable-178-149-122-96.dynamic.sbb.rs) (Read error: Connection reset by peer)
[04:28:26] *** Quits: DoozerBot (~DoozerBot@89.7.232.35.bc.googleusercontent.com) (Ping timeout: 745 seconds)
[04:29:24] *** Joins: DoozerBot (~DoozerBot@89.7.232.35.bc.googleusercontent.com)
[06:00:55] <DoozerBot> PR-#487: Add fucntion to write to the motion controls, rather than read, building targets: 02lib
[06:00:58] <plutobot> GitHub | New PR: Add fucntion ... | User: shakkar | https://github.com/switchbrew/libnx/pull/487
[06:05:10] <DoozerBot> 02lib: 03 v3.3.0.14 Build OK - https://doozer.io/build/5m8u2ptp0m
[07:13:55] *** Quits: panicbit (~panicbit@p5b09e3e0.dip0.t-ipconnect.de) (Ping timeout: 186 seconds)
[07:14:07] *** Joins: panicbit (~panicbit@p5b09e3e0.dip0.t-ipconnect.de)
[07:55:31] *** Quits: panicbit (~panicbit@p5b09e3e0.dip0.t-ipconnect.de) (Ping timeout: 186 seconds)
[07:56:05] *** Joins: panicbit (~panicbit@p5b09e3e0.dip0.t-ipconnect.de)
[08:54:12] *** Quits: panicbit (~panicbit@p5b09e3e0.dip0.t-ipconnect.de) (Ping timeout: 186 seconds)
[08:54:23] *** Joins: panicbit (~panicbit@p5b09e3e0.dip0.t-ipconnect.de)
[12:07:47] *** Quits: panicbit (~panicbit@p5b09e3e0.dip0.t-ipconnect.de) (Ping timeout: 186 seconds)
[12:09:47] *** Joins: panicbit (~panicbit@p5b09e3e0.dip0.t-ipconnect.de)
[12:17:35] *** Quits: fgsfds (~figgis@93.123.144.171) (Read error: Connection reset by peer)
[12:35:32] *** Quits: KuKzz (KuKzz@95.143.216.177) (Ping timeout: 255 seconds)
[12:36:05] *** Quits: AlexAltea (~alexaltea@phi.nz) (Read error: Operation timed out)
[12:40:16] *** Joins: KuKzz (KuKzz@95.143.216.177)
[12:42:38] *** Joins: AlexAltea (~alexaltea@phi.nz)
[12:47:47] *** Quits: yls8bot (~yls8bot@mtheall.com) (Read error: Operation timed out)
[12:52:33] *** Quits: Aaerox (Aaerox@fuckyou.k.thnx.org) (Read error: Operation timed out)
[12:54:19] *** Quits: freundTec (~freundTec@freundtech.com) (Read error: Operation timed out)
[12:54:25] *** Joins: freundTec (~freundTec@freundtech.com)
[13:05:56] *** Joins: Aaerox (Aaerox@fuckyou.k.thnx.org)
[13:07:50] *** Joins: yls8bot (~yls8bot@mtheall.com)
[13:08:06] *** yellows8 sets mode: +o yls8bot
[13:21:07] *** Joins: fgsfds (~figgis@93.123.144.171)
[13:21:18] *** Quits: fgsfds (~figgis@93.123.144.171) (Client Quit)
[14:57:12] *** Joins: jason0597 (~jason0597@cpc95214-derb16-2-0-cust759.8-3.cable.virginm.net)
[14:58:43] *** Joins: rajkosto (~rajkosto@cable-178-149-122-96.dynamic.sbb.rs)
[15:26:37] *** Joins: derk0pf (~derk0pf@p5b2e5ea8.dip0.t-ipconnect.de)
[16:13:38] *** Joins: foghorn3 (~meh@107-198-163-1.lightspeed.rcsntx.sbcglobal.net)
[16:20:06] *** Quits: foghorn2 (~meh@2600:1700:8af0:a950:c004:545a:183e:2298) (Read error: Operation timed out)
[16:20:55] *** Joins: foghorn2 (~meh@2600:1700:8af0:a950:fde0:670:184:ae37)
[16:24:23] *** Quits: foghorn3 (~meh@107-198-163-1.lightspeed.rcsntx.sbcglobal.net) (Ping timeout: 610 seconds)
[16:37:07] *** Quits: derk0pf (~derk0pf@p5b2e5ea8.dip0.t-ipconnect.de) (Read error: Operation timed out)
[19:36:41] *** Joins: derk0pf (~derk0pf@p5b2e5ea8.dip0.t-ipconnect.de)
[19:38:02] *** Quits: jason0597 (~jason0597@cpc95214-derb16-2-0-cust759.8-3.cable.virginm.net) (Remote host closed the connection)
[19:38:12] *** Joins: jason0597 (~jason0597@cpc95214-derb16-2-0-cust759.8-3.cable.virginm.net)
[20:59:45] *** Joins: fgsfds (~figgis@93.123.144.171)
[21:11:15] *** Joins: refs (~refs@p200300dd8714d0007ce22af7f8fc03db.dip0.t-ipconnect.de)
[23:16:01] *** Quits: zini (~zini@88-113-159-202.elisa-laajakaista.fi) (Ping timeout: 745 seconds)
[23:46:56] *** Quits: derk0pf (~derk0pf@p5b2e5ea8.dip0.t-ipconnect.de) (Read error: Operation timed out)
