[01:56:39] *** Joins: zini (~zini@88-113-145-208.elisa-laajakaista.fi)
[02:21:25] *** Quits: rajkosto (~rajkosto@cable-178-149-122-96.dynamic.sbb.rs) (Read error: Connection reset by peer)
[02:21:31] *** Quits: refs (~refs@p200300dd8714d0007ce22af7f8fc03db.dip0.t-ipconnect.de) (Quit: refs)
[02:38:14] *** Quits: lameboy (~lameboy@202-47-121-182.cust.dcsi.net.au) (Read error: Connection reset by peer)
[02:38:19] *** Joins: lameboy2 (~lameboy@202-47-121-182.cust.dcsi.net.au)
[02:38:21] *** lameboy2 is now known as lameboy
[02:38:27] *** Quits: jason0597 (~jason0597@cpc95214-derb16-2-0-cust759.8-3.cable.virginm.net) (Read error: Operation timed out)
[03:31:10] *** Quits: changoXPR (~Changolan@ip72-194-70-236.oc.oc.cox.net) (Ping timeout: 255 seconds)
[03:37:53] *** Joins: chang0- (~Changolan@ip72-194-70-236.oc.oc.cox.net)
[07:58:55] *** Joins: Snetry (~sentry@dslb-178-001-201-087.178.001.pools.vodafone-ip.de)
[08:00:15] *** Quits: Sentry- (~sentry@dslb-188-109-209-062.188.109.pools.vodafone-ip.de) (Read error: Connection refused)
[08:45:36] *** Quits: Snetry (~sentry@dslb-178-001-201-087.178.001.pools.vodafone-ip.de) (Read error: Operation timed out)
[09:00:07] *** Quits: fgsfds (~figgis@93.123.144.171) (Read error: Connection reset by peer)
[09:18:27] *** Joins: Snetry (~sentry@dslb-146-060-140-153.146.060.pools.vodafone-ip.de)
[09:36:56] *** Quits: averne (~averne@176-179-35-51.abo.bbox.fr) (quit)
[09:48:54] *** Joins: averne (~averne@176-179-35-51.abo.bbox.fr)
[09:48:55] *** Server sets mode: +stn 
[09:51:33] *** Quits: noirscape (~noirscape@catgirlsin.space) (Read error: Connection refused)
[09:53:51] *** Joins: lex1 (lex@yuuh.pw)
[09:55:45] *** Joins: rajkosto (~rajkosto@cable-178-149-122-96.dynamic.sbb.rs)
[14:15:06] *** Quits: karolherb (~kherbst@2a02:8308:b0be:6900:482c:9537:40:83ba) (Quit: Konversation terminated!)
[14:17:51] *** Joins: karolherb (~kherbst@2a02:8308:b0be:6900:482c:9537:40:83ba)
[14:51:37] *** Quits: averne (~averne@176-179-35-51.abo.bbox.fr) (quit)
[15:08:12] *** Joins: averne (~averne@176-179-35-51.abo.bbox.fr)
[15:08:12] *** Server sets mode: +stn 
[15:11:51] *** Quits: jason0597 (~jason0597@cpc95214-derb16-2-0-cust759.8-3.cable.virginm.net) (Remote host closed the connection)
[15:12:13] *** Joins: jason0597 (~jason0597@cpc95214-derb16-2-0-cust759.8-3.cable.virginm.net)
[15:20:53] *** Quits: jason0597 (~jason0597@cpc95214-derb16-2-0-cust759.8-3.cable.virginm.net) (Remote host closed the connection)
[15:21:15] *** Joins: jason0597 (~jason0597@cpc95214-derb16-2-0-cust759.8-3.cable.virginm.net)
[17:02:50] *** Quits: rajkosto (~rajkosto@cable-178-149-122-96.dynamic.sbb.rs) (Read error: Operation timed out)
[17:29:31] *** Joins: fgsfds (~figgis@93.123.144.171)
[18:34:27] *** Quits: panicbit (~panicbit@p5b09e3e0.dip0.t-ipconnect.de) (Ping timeout: 186 seconds)
[18:35:53] *** Joins: panicbit (~panicbit@p5b09e3e0.dip0.t-ipconnect.de)
[20:14:20] *** Quits: jason0597 (~jason0597@cpc95214-derb16-2-0-cust759.8-3.cable.virginm.net) (Read error: Operation timed out)
[21:05:17] *** Joins: jason0597 (~jason0597@cpc95214-derb16-2-0-cust759.8-3.cable.virginm.net)
[21:32:55] *** Joins: refs (~refs@p200300dd8714ac00c5f313830e0126f9.dip0.t-ipconnect.de)
[21:53:29] *** Quits: Surkow (~Surkow@84-104-14-64.cable.dynamic.v4.ziggo.nl) (Ping timeout: 255 seconds)
[21:53:51] *** Joins: irc3 (~irc@138.68.239.197)
[21:54:04] *** Joins: Surkow (~Surkow@84-104-14-64.cable.dynamic.v4.ziggo.nl)
[21:55:44] *** Quits: irc2 (~irc@138.68.239.197) (Ping timeout: 255 seconds)
[22:00:41] *** Quits: Surkow (~Surkow@84-104-14-64.cable.dynamic.v4.ziggo.nl) (Ping timeout: 255 seconds)
[22:01:20] *** Joins: Surkow (~Surkow@84-104-14-64.cable.dynamic.v4.ziggo.nl)
[22:28:10] *** Quits: jason0597 (~jason0597@cpc95214-derb16-2-0-cust759.8-3.cable.virginm.net) (Read error: Operation timed out)
[22:31:01] *** Quits: foghorn2 (~meh@2600:1700:8af0:a950:fde0:670:184:ae37) (Quit: Leaving)
[22:43:47] *** Joins: foghorn2 (~meh@2600:1700:8af0:a950:1da8:6487:bca9:7c25)
[22:43:48] *** Joins: foghorn3 (~meh@2600:1700:8af0:a950:1da8:6487:bca9:7c25)
[22:44:06] *** Quits: foghorn3 (~meh@2600:1700:8af0:a950:1da8:6487:bca9:7c25) (Client Quit)
[23:13:13] *** Joins: jason0597 (~jason0597@cpc95214-derb16-2-0-cust759.8-3.cable.virginm.net)
[23:18:46] *** Quits: capin3 (capin@107.170.40.252) (WeeChat 2.8)
[23:18:59] *** Quits: flagrama (flagrama@id-145621.stonehaven.irccloud.com) (Ping timeout: 272 seconds)
[23:44:23] *** Joins: flagrama (~flagrama@id-145621.stonehaven.irccloud.com)
