[00:03:53] *** Joins: jason0597 (~jason0597@cpc95214-derb16-2-0-cust759.8-3.cable.virginm.net)
[00:04:09] *** Quits: jason0597 (~jason0597@cpc95214-derb16-2-0-cust759.8-3.cable.virginm.net) (Read error: Connection reset by peer)
[00:04:28] *** Joins: jason0597 (~jason0597@cpc95214-derb16-2-0-cust759.8-3.cable.virginm.net)
[00:33:23] *** Quits: fgsfds (~figgis@93.123.144.171) (Ping timeout: 622 seconds)
[00:33:58] *** Joins: fgsfds (~figgis@93.123.144.171)
[00:40:13] *** Joins: jn (~quassel@2a02:908:1062:f900:20d:b9ff:fe49:15fc)
[00:46:33] *** Joins: figgis_ (~figgis@93.123.144.171)
[00:48:06] *** Quits: jn_ (~quassel@5.146.194.186) (Ping timeout: 745 seconds)
[00:49:53] *** Quits: fgsfds (~figgis@93.123.144.171) (Ping timeout: 265 seconds)
[01:09:01] *** Joins: figgis__ (~figgis@93.123.144.171)
[01:12:36] *** Quits: figgis_ (~figgis@93.123.144.171) (Ping timeout: 265 seconds)
[01:28:43] *** Joins: miigotu_ (~miigotu@custip-162-217-53-64.esvabroadband.net)
[01:33:58] *** Quits: Pieman (sid188464@192.184.10.118) (se.hub efnet.portlane.se)
[01:33:58] *** Quits: flagrama (flagrama@stonehaven.irccloud.com) (se.hub efnet.portlane.se)
[01:33:58] *** Quits: DacoTaco (~DacoTaco@178-119-112-131.access.telenet.be) (se.hub efnet.portlane.se)
[01:33:58] *** Quits: des^ (~des@ip1f10817f.dynamic.kabel-deutschland.de) (se.hub efnet.portlane.se)
[01:33:58] *** Quits: nohit (sid334887@2001:67c:2f08:2::5:1c27) (se.hub efnet.portlane.se)
[01:33:58] *** Quits: karolherb (~kherbst@2a02:8308:b0be:6900:482c:9537:40:83ba) (se.hub efnet.portlane.se)
[01:33:58] *** Quits: refs (~refs@p200300dd8713e300a4289fb80f577165.dip0.t-ipconnect.de) (se.hub efnet.portlane.se)
[01:33:58] *** Quits: miigotu (~miigotu@custip-162-217-53-64.esvabroadband.net) (se.hub efnet.portlane.se)
[01:33:58] *** Quits: AlexAltea (~alexaltea@phi.nz) (se.hub efnet.portlane.se)
[01:33:58] *** Quits: madk (~madk@184.69.197.50) (se.hub efnet.portlane.se)
[01:33:58] *** Quits: mtheall_ (~mtheall@mtheall.com) (se.hub efnet.portlane.se)
[01:33:58] *** Quits: flewkey (flewkey@173.231.63.70) (se.hub efnet.portlane.se)
[01:33:58] *** Quits: plutobot (~plutobot@188.166.26.149) (se.hub efnet.portlane.se)
[01:33:58] *** Quits: m4ts (~mats@ti0030a400-2881.bb.online.no) (se.hub efnet.portlane.se)
[01:37:46] *** Joins: karolherb (~kherbst@2a02:8308:b0be:6900:482c:9537:40:83ba)
[01:37:46] *** Joins: Pieman (sid188464@brockwell.irccloud.com)
[01:37:46] *** Joins: refs (~refs@p200300dd8713e300a4289fb80f577165.dip0.t-ipconnect.de)
[01:37:46] *** Joins: madk (~madk@184.69.197.50)
[01:37:46] *** Joins: DacoTaco (~DacoTaco@178-119-112-131.access.telenet.be)
[01:37:46] *** Joins: nohit (sid334887@id-334887.ealing.irccloud.com)
[01:37:46] *** Joins: mtheall (~mtheall@mtheall.com)
[01:37:46] *** Joins: flagrama (flagrama@stonehaven.irccloud.com)
[01:37:46] *** Joins: plutobot (~plutobot@188.166.26.149)
[01:37:46] *** Joins: m4ts (~mats@ti0030a400-2881.bb.online.no)
[01:42:58] *** Joins: AlexAltea (~alexaltea@phi.nz)
[02:17:35] *** Quits: refs (~refs@p200300dd8713e300a4289fb80f577165.dip0.t-ipconnect.de) (Quit: refs)
[02:19:54] <Behemoth_> On my photoViewer replacement "glfwGetWindowAttrib(Application::window, GLFW_ICONIFIED)" never returns false.
[02:19:54] <Behemoth_> Since it works under hbloader ABI I thought that I might miss the focus event somehow and the only time it ever checks it's not already in focus.
[02:19:54] <Behemoth_> ifdef would work but I don't want to mess up the library I'm using.
[02:23:47] <Behemoth_> Here's the busy loop for reference: https://github.com/natinusala/borealis/blob/master/library/lib/application.cpp#L334
[02:53:36] *** Quits: jason0597 (~jason0597@cpc95214-derb16-2-0-cust759.8-3.cable.virginm.net) (Read error: Operation timed out)
[03:07:39] <plutobot> Wiki | Page changed: EMMC pinout | User: Stuckpixel | https://switchbrew.org/w/index.php?curid=60&diff=9667&oldid=8657
[03:11:34] *** Quits: chang0- (~Changolan@ip72-194-70-236.oc.oc.cox.net) ()
[03:22:57] *** Joins: chang0- (~Changolan@ip72-194-70-236.oc.oc.cox.net)
[03:53:25] *** Quits: rajkosto (~rajkosto@cable-178-149-122-96.dynamic.sbb.rs) (Read error: Connection reset by peer)
[04:52:34] *** Joins: CCFL_Man (5172b17329@c-73-64-119-64.hsd1.pa.comcast.net)
[08:05:07] *** Quits: panicbit (~panicbit@p5b09e3e0.dip0.t-ipconnect.de) (Ping timeout: 186 seconds)
[08:06:20] *** Joins: panicbit (~panicbit@p5b09e3e0.dip0.t-ipconnect.de)
[09:06:22] *** Joins: mukunda (~mukunda@adsl-074-188-210-065.sip.asm.bellsouth.net)
[09:43:23] *** Joins: CCFL_Man_ (62ec76964b@c-73-64-119-64.hsd1.pa.comcast.net)
[09:48:40] *** Quits: CCFL_Man (5172b17329@c-73-64-119-64.hsd1.pa.comcast.net) (Read error: Operation timed out)
[10:28:08] *** Joins: Adubbz (~Adubbz@119-17-134-185.771186.mel.nbn.aussiebb.net)
[13:12:43] *** Quits: mukunda (~mukunda@adsl-074-188-210-065.sip.asm.bellsouth.net) (Read error: Operation timed out)
[15:19:30] *** Joins: IShaDoWl (~IShaDoWl@195.red-79-145-208.dynamicip.rima-tde.net)
[15:26:02] *** Joins: jason0597 (~jason0597@cpc95214-derb16-2-0-cust759.8-3.cable.virginm.net)
[17:27:40] *** Joins: mukunda (~mukunda@adsl-074-188-210-065.sip.asm.bellsouth.net)
[19:20:23] *** miigotu_ is now known as miigotu
[19:20:46] *** Quits: Adubbz (~Adubbz@119-17-134-185.771186.mel.nbn.aussiebb.net) (Ping timeout: 622 seconds)
[20:08:45] *** Quits: flagrama (flagrama@stonehaven.irccloud.com) (Ping timeout: 272 seconds)
[20:08:56] *** Joins: flagrama (flagrama@2001:67c:2f08:8::2:38d5)
[20:09:23] *** Quits: Pieman (sid188464@brockwell.irccloud.com) (Ping timeout: 272 seconds)
[20:09:23] *** Quits: m4ts (~mats@ti0030a400-2881.bb.online.no) (Ping timeout: 272 seconds)
[20:10:01] *** Quits: madk (~madk@184.69.197.50) (Ping timeout: 272 seconds)
[20:10:01] *** Quits: mtheall (~mtheall@mtheall.com) (Ping timeout: 272 seconds)
[20:10:19] *** Joins: mtheall (~mtheall@mtheall.com)
[20:10:39] *** Quits: AlexAltea (~alexaltea@phi.nz) (Ping timeout: 272 seconds)
[20:10:39] *** Quits: DacoTaco (~DacoTaco@178-119-112-131.access.telenet.be) (Ping timeout: 272 seconds)
[20:10:39] *** Quits: plutobot (~plutobot@188.166.26.149) (Ping timeout: 272 seconds)
[20:11:15] *** Joins: Pieman (sid188464@id-188464.brockwell.irccloud.com)
[20:13:07] *** Joins: AlexAltea (~alexaltea@phi.nz)
[20:18:06] *** Quits: averne (~averne@176-179-35-51.abo.bbox.fr) (quit)
[20:19:51] *** Joins: averne_ (~averne@176-179-35-51.abo.bbox.fr)
[20:19:51] *** Server sets mode: +stn 
[20:22:13] *** Quits: averne (~averne@176-179-35-51.abo.bbox.fr) (Read error: Operation timed out)
[21:10:55] *** Joins: refs (~refs@p200300dd8714f6001d10c148e9b932d5.dip0.t-ipconnect.de)
[21:17:17] *** Joins: m4ts (~mats@ti0030a400-2881.bb.online.no)
[21:17:29] *** Joins: plutobot (~plutobot@188.166.26.149)
[21:18:02] *** Joins: DacoTaco (~DacoTaco@178-119-112-131.access.telenet.be)
[21:22:19] *** Joins: madk (~madk@184.69.197.50)
[21:47:25] *** Quits: jason0597 (~jason0597@cpc95214-derb16-2-0-cust759.8-3.cable.virginm.net) (Read error: Operation timed out)
[22:08:24] *** Quits: |Shadow| (~Shadow1@ip24-253-253-71.ok.ok.cox.net) (Read error: Operation timed out)
[22:10:28] *** Joins: |Shadow| (~Shadow1@ip24-253-253-71.ok.ok.cox.net)
[22:11:57] *** Quits: mukunda (~mukunda@adsl-074-188-210-065.sip.asm.bellsouth.net) (Read error: Operation timed out)
[23:34:45] *** Joins: jason0597 (~jason0597@cpc95214-derb16-2-0-cust759.8-3.cable.virginm.net)
