[00:57:37] *** Joins: mukunda (~mukunda@adsl-074-188-210-065.sip.asm.bellsouth.net)
[01:17:56] *** CCFL_Man_ is now known as CCFL_Man
[01:36:33] *** Quits: Maylay (~gren@108-198-59-230.lightspeed.miamfl.sbcglobal.net) (Ping timeout: 610 seconds)
[01:54:13] *** Joins: Maylay (~gren@108-198-59-230.lightspeed.miamfl.sbcglobal.net)
[01:54:14] *** Quits: Maylay (~gren@108-198-59-230.lightspeed.miamfl.sbcglobal.net) (Remote host closed the connection!)
[01:56:29] *** Joins: rajkosto (~rajkosto@cable-178-149-122-96.dynamic.sbb.rs)
[01:58:56] *** Quits: awordnot (~awordnot@c-73-210-60-203.hsd1.il.comcast.net) (Read error: Connection reset by peer)
[01:59:13] *** Joins: awordnot (~awordnot@c-73-210-60-203.hsd1.il.comcast.net)
[02:00:01] *** Joins: Adubbz (~Adubbz@119-17-134-185.771186.mel.nbn.aussiebb.net)
[02:15:28] *** Joins: Maylay (~gren@108-198-59-230.lightspeed.miamfl.sbcglobal.net)
[02:30:38] *** Quits: jason0597 (~jason0597@cpc95214-derb16-2-0-cust759.8-3.cable.virginm.net) (Read error: Operation timed out)
[04:00:28] *** Quits: rajkosto (~rajkosto@cable-178-149-122-96.dynamic.sbb.rs) (Read error: Connection reset by peer)
[04:17:52] *** Quits: refs (~refs@p200300dd8714f6001d10c148e9b932d5.dip0.t-ipconnect.de) (Quit: refs)
[04:47:38] *** Quits: d3m3vilur (sid4654@id-4654.charlton.irccloud.com) (Read error: Connection reset by peer)
[04:47:38] *** Quits: SCV_ (sid226262@2001:67c:2f08:3::3:73d6) (Read error: Connection reset by peer)
[04:47:56] *** Quits: rjeli___ (sid289321@2001:67c:2f08:3::4:6a29) (Read error: Connection reset by peer)
[05:05:29] *** Quits: figgis__ (~figgis@93.123.144.171) (Read error: Connection reset by peer)
[05:13:13] *** Joins: rjeli___ (sid289321@2001:67c:2f08:3::4:6a29)
[05:16:23] *** Joins: SCV_ (sid226262@2001:67c:2f08:3::3:73d6)
[05:22:43] *** Joins: d3m3vilur (sid4654@id-4654.charlton.irccloud.com)
[07:07:11] *** Quits: awordnot (~awordnot@c-73-210-60-203.hsd1.il.comcast.net) (Read error: Connection reset by peer)
[07:07:25] *** Joins: awordnot (~awordnot@c-73-210-60-203.hsd1.il.comcast.net)
[07:19:48] *** Joins: refsw (~refsw@80.150.130.51)
[07:30:51] *** Quits: refsw3 (~refsw@80.150.130.51) (Ping timeout: 745 seconds)
[08:53:15] *** Quits: tsr (~tsr@anfoog.org) (Quit: foo)
[10:54:39] *** Quits: mukunda (~mukunda@adsl-074-188-210-065.sip.asm.bellsouth.net) (Read error: Operation timed out)
[13:06:34] *** Joins: xx_ns (~neonsea@mail.neonsea.uk)
[13:07:36] *** Quits: xx_ns (~neonsea@mail.neonsea.uk) (Client Quit)
[13:07:41] *** Joins: xx_ns (~neonsea@mail.neonsea.uk)
[13:44:28] *** Joins: fgsfds (~figgis@93.123.144.171)
[14:06:45] *** Quits: Maylay (~gren@108-198-59-230.lightspeed.miamfl.sbcglobal.net) (Ping timeout: 265 seconds)
[14:18:43] *** Joins: Maylay (~gren@108-198-59-230.lightspeed.miamfl.sbcglobal.net)
[14:58:43] *** Joins: jason0597 (~jason0597@cpc95214-derb16-2-0-cust759.8-3.cable.virginm.net)
[15:14:11] *** Quits: xx_ns (~neonsea@mail.neonsea.uk) (Quit: quit)
[15:14:46] *** Joins: xx_ns (~neonsea@2a03:b0c0:1:a1::1937:b001)
[15:21:37] *** Quits: Phils3r (~Phil@phils3r.de) (Quit: ZNC - https://znc.in)
[15:24:58] *** Quits: foghorn2 (~meh@107-198-163-1.lightspeed.rcsntx.sbcglobal.net) (Leaving)
[15:25:22] *** Joins: foghorn2 (~meh@2600:1700:8af0:a950:f079:10b3:cc55:a2b8)
[15:48:53] *** Joins: Phils3r (~Phil@phils3r.de)
[15:54:54] *** Quits: xx_ns (~neonsea@2a03:b0c0:1:a1::1937:b001) (Quit: quit)
[15:55:00] *** Joins: xx_ns (~neonsea@nns.ee)
[16:23:12] *** Quits: Phils3r (~Phil@phils3r.de) (Quit: ZNC - https://znc.in)
[16:23:50] *** Joins: Phils3r (~Phil@phils3r.de)
[16:56:57] *** Joins: derk0pf (~derk0pf@p5b2e5ea8.dip0.t-ipconnect.de)
[17:30:01] *** Quits: nullstrin (~nullstrin@cermak.nullstring.io) (Read error: Operation timed out)
[17:33:47] *** Joins: nullstrin (~nullstrin@cermak.nullstring.io)
[18:12:26] *** Quits: jason0597 (~jason0597@cpc95214-derb16-2-0-cust759.8-3.cable.virginm.net) (Read error: Operation timed out)
[18:31:06] *** Joins: refs (~refs@p200300dd872c3a00842b5d6b9162ef15.dip0.t-ipconnect.de)
[18:50:39] *** Joins: des^ (~des@ip1f10817f.dynamic.kabel-deutschland.de)
[19:01:24] *** Quits: Adubbz (~Adubbz@119-17-134-185.771186.mel.nbn.aussiebb.net) (Ping timeout: 622 seconds)
[19:28:19] *** Joins: mukunda (~mukunda@adsl-074-188-210-065.sip.asm.bellsouth.net)
[19:37:53] *** Quits: miigotu (~miigotu@custip-162-217-53-64.esvabroadband.net) (Quit: ZNC - https://znc.in)
[19:38:15] *** Joins: miigotu (~miigotu@custip-162-217-53-64.esvabroadband.net)
[23:15:08] *** Quits: derk0pf (~derk0pf@p5b2e5ea8.dip0.t-ipconnect.de) (Ping timeout: 272 seconds)
[23:16:27] *** Joins: derk0pf (~derk0pf@p5b2e5ea8.dip0.t-ipconnect.de)
[23:21:02] *** Quits: derk0pf (~derk0pf@p5b2e5ea8.dip0.t-ipconnect.de) (Ping timeout: 255 seconds)
[23:45:08] *** Quits: mukunda (~mukunda@adsl-074-188-210-065.sip.asm.bellsouth.net) (Read error: Operation timed out)
[23:56:46] *** Joins: derk0pf (~derk0pf@p5b2e5ea8.dip0.t-ipconnect.de)
