[00:33:52] *** Joins: Retr0id (~Retr0id@185.122.57.169)
[01:19:29] *** Quits: m4ts (~mats@ti0030a400-2881.bb.online.no) (Ping timeout: 272 seconds)
[01:25:46] *** Quits: Mimoja (~Mimoja@mail.mimoja.de) (irc.efnet.nl se.hub)
[01:25:46] *** Quits: refs (~refs@p200300dd873d1f00e1ebe70944fdd9fc.dip0.t-ipconnect.de) (irc.efnet.nl se.hub)
[01:25:46] *** Quits: madk (~madk@66.222.200.159) (irc.efnet.nl se.hub)
[01:25:46] *** Quits: des^ (~des@ip1f10817f.dynamic.kabel-deutschland.de) (irc.efnet.nl se.hub)
[01:25:46] *** Quits: DacoTaco (~DacoTaco@178-119-112-131.access.telenet.be) (irc.efnet.nl se.hub)
[01:25:46] *** Quits: plutobot (~plutobot@188.166.26.149) (irc.efnet.nl se.hub)
[01:25:46] *** Quits: Pieman (sid188464@id-188464.brockwell.irccloud.com) (irc.efnet.nl se.hub)
[01:25:46] *** Quits: flagrama (flagrama@2001:67c:2f08:8::2:38d5) (irc.efnet.nl se.hub)
[01:25:46] *** Quits: karolherb (~kherbst@2a02:8308:b0be:6900:482c:9537:40:83ba) (irc.efnet.nl se.hub)
[01:25:46] *** Quits: nohit (sid334887@id-334887.ealing.irccloud.com) (irc.efnet.nl se.hub)
[01:25:46] *** Quits: Behemoth_ (~quassel@vmd39331.contaboserver.net) (irc.efnet.nl se.hub)
[01:25:46] *** Quits: foghorn2 (~meh@2600:1700:8af0:a950:f079:10b3:cc55:a2b8) (irc.efnet.nl se.hub)
[01:25:46] *** Quits: irc3 (~irc@138.68.239.197) (irc.efnet.nl se.hub)
[01:25:46] *** Quits: kyaputen9 (~kayputen@163.172.191.41) (irc.efnet.nl se.hub)
[01:25:46] *** Quits: mukunda (~mukunda@adsl-074-188-210-065.sip.asm.bellsouth.net) (irc.efnet.nl se.hub)
[01:25:46] *** Quits: IShaDoWl (~IShaDoWl@195.red-79-145-208.dynamicip.rima-tde.net) (irc.efnet.nl se.hub)
[01:25:46] *** Quits: freundTec (~freundTec@freundtech.com) (irc.efnet.nl se.hub)
[01:25:46] *** Quits: Stary (~Stary@thonk.9net.org) (irc.efnet.nl se.hub)
[01:25:46] *** Quits: mtheall (~mtheall@mtheall.com) (irc.efnet.nl se.hub)
[01:25:46] *** Quits: oldtopman (~oldtopman@97-118-95-228.hlrn.qwest.net) (irc.efnet.nl se.hub)
[01:25:46] *** Quits: AlexAltea (~alexaltea@phi.nz) (irc.efnet.nl se.hub)
[01:25:46] *** Quits: DeusQain (~DeusQain@mx.qainsworld.com) (irc.efnet.nl se.hub)
[01:25:46] *** Quits: flotwig (~flotwig@136.55.47.176) (irc.efnet.nl se.hub)
[01:25:46] *** Quits: ihaveamac (~ihaveamac@ianburgwin.net) (irc.efnet.nl se.hub)
[01:25:46] *** Quits: Cu3PO42 (~Cu3PO42@159.69.208.45) (irc.efnet.nl se.hub)
[01:25:46] *** Quits: nrq (~nrq@ns340910.ip-37-59-40.eu) (irc.efnet.nl se.hub)
[01:25:46] *** Quits: ds84182 (~ds84182@149.56.6.196) (irc.efnet.nl se.hub)
[01:25:46] *** Quits: ZeZu (~null@140-211-168-73-openstack.osuosl.org) (irc.efnet.nl se.hub)
[01:25:46] *** Quits: datagutt (~datagutt@mail.guac.live) (irc.efnet.nl se.hub)
[01:25:46] *** Quits: GrecKo (~grecko@static.9.103.4.46.clients.your-server.de) (irc.efnet.nl se.hub)
[01:25:46] *** Quits: usineur (~matthieu@ferb.fr) (irc.efnet.nl se.hub)
[01:25:46] *** Quits: gruetzko- (~gruetzkop@bnc.dont-follow.us) (irc.efnet.nl se.hub)
[01:25:46] *** Quits: b0nez (~b0nez@162.248.221.94) (irc.efnet.nl se.hub)
[01:25:46] *** Quits: chang0- (~Changolan@ip72-194-70-236.oc.oc.cox.net) (irc.efnet.nl se.hub)
[01:25:46] *** Quits: um-velho- (~um-velho-@a79-168-139-64.cpe.netcabo.pt) (irc.efnet.nl se.hub)
[01:25:46] *** Quits: nullstrin (~nullstrin@cermak.nullstring.io) (irc.efnet.nl se.hub)
[01:25:46] *** Quits: tpw_rules (~tpw_rules@li1059-135.members.linode.com) (irc.efnet.nl se.hub)
[01:25:46] *** Quits: giglife (giglife@CPE0492268436b0-CM688f2e1dc9d0.cpe.net.cable.rogers.com) (irc.efnet.nl se.hub)
[01:25:46] *** Quits: j0hny5 (j0hny5@94.75.242.8) (irc.efnet.nl se.hub)
[01:25:46] *** Quits: miigotu (~miigotu@custip-162-217-53-64.esvabroadband.net) (irc.efnet.nl se.hub)
[01:25:46] *** Quits: endrift (~endrift@endrift.com) (irc.efnet.nl se.hub)
[01:25:46] *** Quits: capin (~capin@209.182.233.136) (irc.efnet.nl se.hub)
[01:25:46] *** Quits: awordnot (~awordnot@c-73-210-60-203.hsd1.il.comcast.net) (irc.efnet.nl se.hub)
[01:25:46] *** Quits: |Shadow| (~Shadow1@ip24-253-253-71.ok.ok.cox.net) (irc.efnet.nl se.hub)
[01:25:46] *** Quits: ris2z (~2ri@158.174.119.23) (irc.efnet.nl se.hub)
[01:25:46] *** Quits: Maylay (~gren@108-198-59-230.lightspeed.miamfl.sbcglobal.net) (irc.efnet.nl se.hub)
[01:25:46] *** Quits: CCFL_Man (62ec76964b@c-73-64-119-64.hsd1.pa.comcast.net) (irc.efnet.nl se.hub)
[01:25:46] *** Quits: Surkow (~Surkow@84-104-14-64.cable.dynamic.v4.ziggo.nl) (irc.efnet.nl se.hub)
[01:25:46] *** Quits: yls8bot (~yls8bot@mtheall.com) (irc.efnet.nl se.hub)
[01:25:46] *** Quits: Aaerox (Aaerox@fuckyou.k.thnx.org) (irc.efnet.nl se.hub)
[01:25:46] *** Quits: DoozerBot (~DoozerBot@89.7.232.35.bc.googleusercontent.com) (irc.efnet.nl se.hub)
[01:25:46] *** Quits: Kyouju (~Kyouju@2001:41d0:8:e68a::) (irc.efnet.nl se.hub)
[01:25:46] *** Quits: yellows8 (yellows8@adiza.nexticom.net) (irc.efnet.nl se.hub)
[01:25:46] *** Quits: Lightswor (~Lightswor@2604:a880:1:20::1d3:9001) (irc.efnet.nl se.hub)
[01:25:47] *** Quits: TurtleP (~turtlep@bnc.devkitpro.org) (irc.efnet.nl se.hub)
[01:25:47] *** Quits: figgis_ (~figgis@93.123.144.171) (irc.efnet.nl se.hub)
[01:25:47] *** Quits: GerbilSof (~GerbilSof@pool-108-24-134-99.cmdnnj.fios.verizon.net) (irc.efnet.nl se.hub)
[01:25:47] *** Quits: KuKzz (KuKzz@95.143.216.177) (irc.efnet.nl se.hub)
[01:25:47] *** Quits: fincs (~fincs@bnc.devkitpro.org) (irc.efnet.nl se.hub)
[01:25:47] *** Quits: WntrMute (~wntrmute@bnc.devkitpro.org) (irc.efnet.nl se.hub)
[01:25:47] *** Quits: l1quid (~lq@ns3290571.ip-5-135-185.eu) (irc.efnet.nl se.hub)
[01:25:47] *** Quits: Phils3r (~Phil@phils3r.de) (irc.efnet.nl se.hub)
[01:25:47] *** Quits: xx_ns (~neonsea@nns.ee) (irc.efnet.nl se.hub)
[01:25:47] *** Quits: SCV_ (sid226262@2001:67c:2f08:3::3:73d6) (irc.efnet.nl se.hub)
[01:25:47] *** Quits: rjeli___ (sid289321@2001:67c:2f08:3::4:6a29) (irc.efnet.nl se.hub)
[01:25:47] *** Quits: jn (~quassel@2a02:908:1062:f900:20d:b9ff:fe49:15fc) (irc.efnet.nl se.hub)
[01:25:47] *** Quits: thejsa (~eva@lana.core.fs3d.net) (irc.efnet.nl se.hub)
[01:25:47] *** Quits: uyjulian (~uyjulian@69-110-38-205.lightspeed.lbcktx.sbcglobal.net) (irc.efnet.nl se.hub)
[01:25:47] *** Quits: zini (~zini@88-113-145-208.elisa-laajakaista.fi) (irc.efnet.nl se.hub)
[01:25:47] *** Quits: lemmy (lemmy@2600:3c00:e000:2e:0:dead:beef:6) (irc.efnet.nl se.hub)
[01:25:47] *** Quits: omlet05_ (~quassel@omlet.ovh) (irc.efnet.nl se.hub)
[01:25:47] *** Quits: Jdbye (~furry4lif@me.jdbye.com) (irc.efnet.nl se.hub)
[01:25:47] *** Quits: cpnc0ke (~ice@92-48-84-85.static.as29550.net) (irc.efnet.nl se.hub)
[01:25:47] *** Quits: balrog (~balrog@pool-98-115-168-15.phlapa.fios.verizon.net) (irc.efnet.nl se.hub)
[01:25:47] *** Quits: dibas (~dibas@wild.uberspace.de) (irc.efnet.nl se.hub)
[01:25:47] *** Quits: Genolo (~fear@2a01:7e00::f03c:91ff:fe93:8d42) (irc.efnet.nl se.hub)
[01:25:47] *** Quits: eggy (~eggster@irchighway.eggy.cc) (irc.efnet.nl se.hub)
[01:25:47] *** Quits: carsten1 (86oigeDEgr@2001:1a50:11:0:5f:8f:accb:19b) (irc.efnet.nl se.hub)
[01:25:47] *** Quits: hordak (hordak@cautio.us) (irc.efnet.nl se.hub)
[01:25:47] *** Quits: derrek (BnJG3vpyjs@2001:1a50:11:0:5f:8f:acec:1) (irc.efnet.nl se.hub)
[01:25:47] *** Quits: yuriks (sid369190@2001:67c:2f08:5::5:a226) (irc.efnet.nl se.hub)
[01:25:47] *** Quits: Summeli (summeli@irc.summeli.com) (irc.efnet.nl se.hub)
[01:25:47] *** Quits: hexkyz (~hexkyz@ec2-18-179-123-169.ap-northeast-1.compute.amazonaws.com) (irc.efnet.nl se.hub)
[01:25:47] *** Quits: klockee (~efklock@vps1.ksociety.net) (irc.efnet.nl se.hub)
[01:25:47] *** Quits: TAL (znc@defiant.tlercher.de) (irc.efnet.nl se.hub)
[01:25:47] *** Quits: Ghabry (~ghabry@datengurke.mastergk.de) (irc.efnet.nl se.hub)
[01:25:47] *** Quits: coriolis (~coriolis@ns398009.ip-192-95-24.net) (irc.efnet.nl se.hub)
[01:25:47] *** Quits: rctgamer (~rctgamer3@185.66.251.249) (irc.efnet.nl se.hub)
[01:25:47] *** Quits: mid-kid2 (~mid-kid@136-144-185-148.colo.transip.net) (irc.efnet.nl se.hub)
[01:25:47] *** Quits: hthh (~hthh@hh.ht) (irc.efnet.nl se.hub)
[01:25:47] *** Quits: Normmatt (~Normmatt@cloud.normmatt.com) (irc.efnet.nl se.hub)
[01:25:47] *** Quits: naehrwert (~naehrwert@8.38.88.201) (irc.efnet.nl se.hub)
[01:25:47] *** Quits: panicbit (~panicbit@p5b09e3e0.dip0.t-ipconnect.de) (irc.efnet.nl se.hub)
[01:25:47] *** Quits: lameboy (~lameboy@202-47-121-182.cust.dcsi.net.au) (irc.efnet.nl se.hub)
[01:25:47] *** Quits: Extrems (gamecube@expert.extremscorner.org) (irc.efnet.nl se.hub)
[01:25:47] *** Quits: mha (mha@adiza.nexticom.net) (irc.efnet.nl se.hub)
[01:31:26] *** Joins: mukunda (~mukunda@adsl-074-188-210-065.sip.asm.bellsouth.net)
[01:31:26] *** Joins: chang0- (~Changolan@ip72-194-70-236.oc.oc.cox.net)
[01:31:26] *** Joins: um-velho- (~um-velho-@a79-168-139-64.cpe.netcabo.pt)
[01:31:26] *** Joins: nullstrin (~nullstrin@cermak.nullstring.io)
[01:31:26] *** Joins: Behemoth_ (~quassel@vmd39331.contaboserver.net)
[01:31:26] *** Joins: tpw_rules (~tpw_rules@li1059-135.members.linode.com)
[01:31:26] *** Joins: j0hny5 (j0hny5@94.75.242.8)
[01:31:26] *** Joins: giglife (giglife@CPE0492268436b0-CM688f2e1dc9d0.cpe.net.cable.rogers.com)
[01:31:26] *** Joins: miigotu (~miigotu@custip-162-217-53-64.esvabroadband.net)
[01:31:26] *** Joins: l1quid (~lq@ns3290571.ip-5-135-185.eu)
[01:31:26] *** Joins: endrift (~endrift@endrift.com)
[01:31:26] *** Joins: awordnot (~awordnot@c-73-210-60-203.hsd1.il.comcast.net)
[01:31:26] *** Joins: capin (~capin@209.182.233.136)
[01:31:26] *** Joins: mtheall (~mtheall@mtheall.com)
[01:31:26] *** Joins: figgis_ (~figgis@93.123.144.171)
[01:31:26] *** Joins: Mimoja (~Mimoja@mail.mimoja.de)
[01:31:26] *** Joins: refs (~refs@p200300dd873d1f00e1ebe70944fdd9fc.dip0.t-ipconnect.de)
[01:31:26] *** Joins: madk (~madk@66.222.200.159)
[01:31:26] *** Joins: GerbilSof (~GerbilSof@pool-108-24-134-99.cmdnnj.fios.verizon.net)
[01:31:26] *** Joins: des^ (~des@ip1f10817f.dynamic.kabel-deutschland.de)
[01:31:26] *** Joins: Phils3r (~Phil@phils3r.de)
[01:31:26] *** Joins: xx_ns (~neonsea@nns.ee)
[01:31:26] *** Joins: foghorn2 (~meh@2600:1700:8af0:a950:f079:10b3:cc55:a2b8)
[01:31:26] *** Joins: Maylay (~gren@108-198-59-230.lightspeed.miamfl.sbcglobal.net)
[01:31:26] *** Joins: SCV_ (sid226262@2001:67c:2f08:3::3:73d6)
[01:31:26] *** Joins: rjeli___ (sid289321@2001:67c:2f08:3::4:6a29)
[01:31:26] *** Joins: |Shadow| (~Shadow1@ip24-253-253-71.ok.ok.cox.net)
[01:31:26] *** Joins: DacoTaco (~DacoTaco@178-119-112-131.access.telenet.be)
[01:31:26] *** Joins: plutobot (~plutobot@188.166.26.149)
[01:31:26] *** Joins: AlexAltea (~alexaltea@phi.nz)
[01:31:26] *** Joins: Pieman (sid188464@id-188464.brockwell.irccloud.com)
[01:31:26] *** Joins: flagrama (flagrama@2001:67c:2f08:8::2:38d5)
[01:31:26] *** Joins: CCFL_Man (62ec76964b@c-73-64-119-64.hsd1.pa.comcast.net)
[01:31:26] *** Joins: panicbit (~panicbit@p5b09e3e0.dip0.t-ipconnect.de)
[01:31:26] *** Joins: nohit (sid334887@id-334887.ealing.irccloud.com)
[01:31:26] *** Joins: karolherb (~kherbst@2a02:8308:b0be:6900:482c:9537:40:83ba)
[01:31:26] *** Joins: jn (~quassel@2a02:908:1062:f900:20d:b9ff:fe49:15fc)
[01:31:26] *** Joins: thejsa (~eva@lana.core.fs3d.net)
[01:31:26] *** Joins: oldtopman (~oldtopman@97-118-95-228.hlrn.qwest.net)
[01:31:26] *** Joins: lameboy (~lameboy@202-47-121-182.cust.dcsi.net.au)
[01:31:26] *** Joins: Surkow (~Surkow@84-104-14-64.cable.dynamic.v4.ziggo.nl)
[01:31:26] *** Joins: uyjulian (~uyjulian@69-110-38-205.lightspeed.lbcktx.sbcglobal.net)
[01:31:26] *** Joins: kyaputen9 (~kayputen@163.172.191.41)
[01:31:26] *** Joins: irc3 (~irc@138.68.239.197)
[01:31:26] *** Joins: KuKzz (KuKzz@95.143.216.177)
[01:31:26] *** Joins: zini (~zini@88-113-145-208.elisa-laajakaista.fi)
[01:31:26] *** Joins: yls8bot (~yls8bot@mtheall.com)
[01:31:26] *** Joins: Aaerox (Aaerox@fuckyou.k.thnx.org)
[01:31:26] *** Joins: freundTec (~freundTec@freundtech.com)
[01:31:26] *** Joins: DoozerBot (~DoozerBot@89.7.232.35.bc.googleusercontent.com)
[01:31:26] *** Joins: lemmy (lemmy@2600:3c00:e000:2e:0:dead:beef:6)
[01:31:26] *** Joins: Stary (~Stary@thonk.9net.org)
[01:31:26] *** Joins: fincs (~fincs@bnc.devkitpro.org)
[01:31:26] *** Joins: WntrMute (~wntrmute@bnc.devkitpro.org)
[01:31:26] *** Joins: hordak (hordak@cautio.us)
[01:31:26] *** Joins: DeusQain (~DeusQain@mx.qainsworld.com)
[01:31:26] *** Joins: flotwig (~flotwig@136.55.47.176)
[01:31:26] *** Joins: ihaveamac (~ihaveamac@ianburgwin.net)
[01:31:26] *** Joins: omlet05_ (~quassel@omlet.ovh)
[01:31:26] *** Joins: ris2z (~2ri@158.174.119.23)
[01:31:26] *** Joins: Jdbye (~furry4lif@me.jdbye.com)
[01:31:26] *** Joins: Cu3PO42 (~Cu3PO42@159.69.208.45)
[01:31:26] *** Joins: cpnc0ke (~ice@92-48-84-85.static.as29550.net)
[01:31:26] *** Joins: nrq (~nrq@ns340910.ip-37-59-40.eu)
[01:31:26] *** Joins: ds84182 (~ds84182@149.56.6.196)
[01:31:26] *** Joins: balrog (~balrog@pool-98-115-168-15.phlapa.fios.verizon.net)
[01:31:26] *** Joins: dibas (~dibas@wild.uberspace.de)
[01:31:26] *** Joins: Genolo (~fear@2a01:7e00::f03c:91ff:fe93:8d42)
[01:31:26] *** Joins: eggy (~eggster@irchighway.eggy.cc)
[01:31:26] *** Joins: ZeZu (~null@140-211-168-73-openstack.osuosl.org)
[01:31:26] *** Joins: carsten1 (86oigeDEgr@2001:1a50:11:0:5f:8f:accb:19b)
[01:31:26] *** Joins: datagutt (~datagutt@mail.guac.live)
[01:31:26] *** Joins: GrecKo (~grecko@static.9.103.4.46.clients.your-server.de)
[01:31:26] *** Joins: derrek (BnJG3vpyjs@2001:1a50:11:0:5f:8f:acec:1)
[01:31:26] *** Joins: yuriks (sid369190@2001:67c:2f08:5::5:a226)
[01:31:26] *** Joins: Summeli (summeli@irc.summeli.com)
[01:31:26] *** Joins: hexkyz (~hexkyz@ec2-18-179-123-169.ap-northeast-1.compute.amazonaws.com)
[01:31:26] *** Joins: usineur (~matthieu@ferb.fr)
[01:31:26] *** Joins: klockee (~efklock@vps1.ksociety.net)
[01:31:26] *** Joins: TAL (znc@defiant.tlercher.de)
[01:31:26] *** Joins: Kyouju (~Kyouju@2001:41d0:8:e68a::)
[01:31:26] *** Joins: yellows8 (yellows8@adiza.nexticom.net)
[01:31:26] *** Joins: Lightswor (~Lightswor@2604:a880:1:20::1d3:9001)
[01:31:26] *** Joins: Ghabry (~ghabry@datengurke.mastergk.de)
[01:31:26] *** Joins: coriolis (~coriolis@ns398009.ip-192-95-24.net)
[01:31:26] *** Joins: rctgamer (~rctgamer3@185.66.251.249)
[01:31:26] *** Joins: mid-kid2 (~mid-kid@136-144-185-148.colo.transip.net)
[01:31:26] *** Joins: hthh (~hthh@hh.ht)
[01:31:26] *** Joins: gruetzko- (~gruetzkop@bnc.dont-follow.us)
[01:31:26] *** Joins: TurtleP (~turtlep@bnc.devkitpro.org)
[01:31:26] *** Joins: b0nez (~b0nez@162.248.221.94)
[01:31:26] *** Joins: Extrems (gamecube@expert.extremscorner.org)
[01:31:26] *** se.hub sets mode: +oo yls8bot yellows8
[01:31:26] *** Joins: Normmatt (~Normmatt@cloud.normmatt.com)
[01:31:26] *** Joins: naehrwert (~naehrwert@8.38.88.201)
[01:31:26] *** Joins: mha (mha@adiza.nexticom.net)
[01:31:26] *** se.hub sets mode: +o naehrwert
[01:42:50] *** Joins: Adubbz_ (~Adubbz@119-17-134-185.771186.mel.nbn.aussiebb.net)
[01:45:47] *** Joins: Adubbz (~Adubbz@119-17-134-185.771186.mel.nbn.aussiebb.net)
[01:47:05] *** Joins: mukunda_ (~mukunda@adsl-074-188-210-065.sip.asm.bellsouth.net)
[01:47:55] *** Quits: Adubbz_ (~Adubbz@119-17-134-185.771186.mel.nbn.aussiebb.net) (Ping timeout: 265 seconds)
[01:48:24] *** Quits: mukunda (~mukunda@adsl-074-188-210-065.sip.asm.bellsouth.net) (Ping timeout: 265 seconds)
[01:53:37] *** Joins: m4ts (~mats@ti0030a400-4887.bb.online.no)
[02:33:34] *** Quits: um-velho- (~um-velho-@a79-168-139-64.cpe.netcabo.pt) (Leaving)
[03:55:52] *** Quits: mukunda_ (~mukunda@adsl-074-188-210-065.sip.asm.bellsouth.net) (Read error: Operation timed out)
[04:30:11] *** Quits: lameboy (~lameboy@202-47-121-182.cust.dcsi.net.au) (Ping timeout: 186 seconds)
[04:35:32] *** Joins: lameboy (~lameboy@202-47-121-182.cust.dcsi.net.au)
[04:37:12] *** Quits: refs (~refs@p200300dd873d1f00e1ebe70944fdd9fc.dip0.t-ipconnect.de) (Quit: refs)
[06:10:35] *** Joins: mukunda (~mukunda@adsl-074-188-210-065.sip.asm.bellsouth.net)
[07:25:22] *** Joins: Snetry (~sentry@dslb-088-078-071-123.088.078.pools.vodafone-ip.de)
[07:26:42] *** Quits: Sentry- (~sentry@dslb-188-101-120-050.188.101.pools.vodafone-ip.de) (Read error: Connection refused)
[10:00:51] *** Quits: panicbit (~panicbit@p5b09e3e0.dip0.t-ipconnect.de) (Ping timeout: 186 seconds)
[10:24:05] *** Quits: Extrems (gamecube@expert.extremscorner.org) (se.hub irc.homelien.no)
[10:24:05] *** Quits: mha (mha@adiza.nexticom.net) (se.hub irc.homelien.no)
[10:24:22] *** Joins: Extrems (gamecube@expert.extremscorner.org)
[10:24:22] *** Joins: mha (mha@adiza.nexticom.net)
[10:28:22] *** Quits: mukunda (~mukunda@adsl-074-188-210-065.sip.asm.bellsouth.net) (Read error: Operation timed out)
[10:45:03] *** Joins: panicbit (~panicbit@p5b09e3e0.dip0.t-ipconnect.de)
[10:46:59] *** Joins: mukunda (~mukunda@adsl-074-188-210-065.sip.asm.bellsouth.net)
[11:45:44] <plutobot> Wiki | Page changed: CNMT | User: Hiccup | https://switchbrew.org/w/index.php?curid=134&diff=9676&oldid=9324
[13:27:13] *** Quits: mukunda (~mukunda@adsl-074-188-210-065.sip.asm.bellsouth.net) (Read error: Operation timed out)
[14:05:50] *** Joins: rajkosto (~rajkosto@cable-178-149-122-96.dynamic.sbb.rs)
[15:51:11] *** Quits: mid-kid2 (~mid-kid@136-144-185-148.colo.transip.net) (Quit: merp)
[15:51:42] *** Joins: mid-kid (~mid-kid@2a01:7c8:aac8:1e8:5054:ff:fe5e:cd48)
[15:58:14] *** Joins: Sentry- (~sentry@dslb-178-001-205-061.178.001.pools.vodafone-ip.de)
[15:59:34] *** Quits: Snetry (~sentry@dslb-088-078-071-123.088.078.pools.vodafone-ip.de) (Read error: Operation timed out)
[16:47:26] *** Joins: lilibox (~lilibox@31.192.64.247)
[17:24:01] *** Quits: Adubbz (~Adubbz@119-17-134-185.771186.mel.nbn.aussiebb.net) (Ping timeout: 610 seconds)
[17:48:43] *** Joins: Snetry (~sentry@dslb-178-001-119-244.178.001.pools.vodafone-ip.de)
[17:49:05] *** Quits: Sentry- (~sentry@dslb-178-001-205-061.178.001.pools.vodafone-ip.de) (Read error: Operation timed out)
[18:31:01] *** Quits: Snetry (~sentry@dslb-178-001-119-244.178.001.pools.vodafone-ip.de) (Read error: Connection refused)
[19:15:14] *** Joins: Snetry (~sentry@dslb-178-001-207-139.178.001.pools.vodafone-ip.de)
[19:32:41] *** Quits: Snetry (~sentry@dslb-178-001-207-139.178.001.pools.vodafone-ip.de) (Read error: Operation timed out)
[19:36:39] *** Joins: mukunda (~mukunda@adsl-074-188-210-065.sip.asm.bellsouth.net)
[20:02:34] <plutobot> Wiki | Page changed: CNMT | User: Hiccup | https://switchbrew.org/w/index.php?curid=134&diff=9677&oldid=9676
[20:48:22] *** Quits: ds84182 (~ds84182@149.56.6.196) (Read error: Operation timed out)
[21:03:05] *** Quits: Stary (~Stary@thonk.9net.org) (Ping timeout: 265 seconds)
[21:04:54] *** Joins: rajko (~rajkosto@cable-178-149-122-96.dynamic.sbb.rs)
[21:05:01] *** Quits: rajkosto (~rajkosto@cable-178-149-122-96.dynamic.sbb.rs) (Ping timeout: 265 seconds)
[21:06:57] *** Quits: freundTec (~freundTec@freundtech.com) (Ping timeout: 265 seconds)
[21:07:00] *** Joins: Stary (~Stary@thonk.9net.org)
[21:10:02] *** Joins: freundTec (~freundTec@freundtech.com)
[21:32:05] *** Joins: ds84182 (~ds84182@149.56.6.196)
[21:41:57] *** Joins: Snetry (~sentry@dslb-094-220-213-025.094.220.pools.vodafone-ip.de)
[21:46:05] *** Joins: refs (~refs@p200300dd870b9d0015fc1026c2e799d7.dip0.t-ipconnect.de)
[21:48:27] *** Quits: Snetry (~sentry@dslb-094-220-213-025.094.220.pools.vodafone-ip.de) (Read error: Connection refused)
[21:51:35] *** Quits: DacoTaco (~DacoTaco@178-119-112-131.access.telenet.be) (Quit: ZNC 1.6.5+deb1 - http://znc.in)
[22:03:02] *** Joins: jason0597 (~jason0597@cpc95214-derb16-2-0-cust759.8-3.cable.virginm.net)
[23:07:50] *** Quits: mukunda (~mukunda@adsl-074-188-210-065.sip.asm.bellsouth.net) (Ping timeout: 492 seconds)
[23:22:22] *** Quits: chang0- (~Changolan@ip72-194-70-236.oc.oc.cox.net) ()
