[00:20:05] *** Joins: Snetry (~sentry@dslb-092-072-255-199.092.072.pools.vodafone-ip.de)
[00:21:30] *** Quits: lameboy (~lameboy@202-47-121-182.cust.dcsi.net.au) (Read error: Operation timed out)
[00:26:45] *** Joins: lameboy (~lameboy@202-47-121-182.cust.dcsi.net.au)
[00:49:46] *** Joins: mukunda (~mukunda@adsl-074-188-210-065.sip.asm.bellsouth.net)
[01:02:36] *** Quits: Snetry (~sentry@dslb-092-072-255-199.092.072.pools.vodafone-ip.de) (Read error: Connection refused)
[01:15:15] *** Joins: lameboy2 (~lameboy@202-47-121-182.cust.dcsi.net.au)
[01:21:16] *** Quits: ris2z (~2ri@158.174.119.23) (Ping timeout: 622 seconds)
[01:22:49] *** Quits: lameboy (~lameboy@202-47-121-182.cust.dcsi.net.au) (Read error: Operation timed out)
[01:22:51] *** lameboy2 is now known as lameboy
[01:24:11] *** Joins: ris2z (~2ri@158.174.119.23)
[02:21:16] *** Quits: lilibox (~lilibox@31.192.64.247) (Ping timeout: 745 seconds)
[02:30:45] *** Quits: refs (~refs@p200300dd870b9d0015fc1026c2e799d7.dip0.t-ipconnect.de) (Quit: refs)
[02:49:42] *** Joins: Adubbz (~Adubbz@119-17-134-185.771186.mel.nbn.aussiebb.net)
[02:53:35] *** Quits: jason0597 (~jason0597@cpc95214-derb16-2-0-cust759.8-3.cable.virginm.net) (Read error: Operation timed out)
[03:25:27] *** Quits: usineur (~matthieu@ferb.fr) (Read error: Connection reset by peer)
[03:28:25] *** Joins: usineur (~matthieu@ferb.fr)
[03:35:56] *** Quits: uyjulian (~uyjulian@69-110-38-205.lightspeed.lbcktx.sbcglobal.net) (Ping timeout: 745 seconds)
[03:56:11] *** Joins: mukunda_ (~mukunda@adsl-074-188-212-033.sip.asm.bellsouth.net)
[03:58:16] *** Quits: mukunda (~mukunda@adsl-074-188-210-065.sip.asm.bellsouth.net) (Ping timeout: 265 seconds)
[04:14:54] *** Joins: mukunda (~mukunda@adsl-074-188-205-139.sip.asm.bellsouth.net)
[04:22:03] *** Quits: mukunda_ (~mukunda@adsl-074-188-212-033.sip.asm.bellsouth.net) (Read error: Operation timed out)
[05:20:06] *** Joins: uyjulian (~uyjulian@69-110-38-205.lightspeed.lbcktx.sbcglobal.net)
[06:08:30] *** Joins: chang0- (~Changolan@ip72-194-70-236.oc.oc.cox.net)
[06:45:31] *** Quits: Maylay (~gren@108-198-59-230.lightspeed.miamfl.sbcglobal.net) (Read error: Operation timed out)
[06:50:41] *** Joins: Maylay (~gren@108-198-59-230.lightspeed.miamfl.sbcglobal.net)
[07:05:13] *** Quits: rajko (~rajkosto@cable-178-149-122-96.dynamic.sbb.rs) (Read error: Connection reset by peer)
[07:09:26] *** Quits: Maylay (~gren@108-198-59-230.lightspeed.miamfl.sbcglobal.net) (Ping timeout: 745 seconds)
[07:37:26] *** Joins: Maylay (~gren@108-198-59-230.lightspeed.miamfl.sbcglobal.net)
[07:37:27] *** Quits: Maylay (~gren@108-198-59-230.lightspeed.miamfl.sbcglobal.net) (Remote host closed the connection!)
[07:38:18] *** Joins: Maylay (~gren@108-198-59-230.lightspeed.miamfl.sbcglobal.net)
[08:59:11] *** Quits: mukunda (~mukunda@adsl-074-188-205-139.sip.asm.bellsouth.net) (Ping timeout: 610 seconds)
[13:23:39] *** Joins: mukunda (~mukunda@adsl-074-188-205-139.sip.asm.bellsouth.net)
[14:04:45] *** Quits: |Shadow| (~Shadow1@ip24-253-253-71.ok.ok.cox.net) (Read error: Connection reset by peer)
[14:12:49] *** Joins: |Shadow| (~Shadow1@ip24-253-253-71.ok.ok.cox.net)
[14:26:46] *** Joins: jason0597 (~jason0597@cpc95214-derb16-2-0-cust759.8-3.cable.virginm.net)
[15:00:20] *** Quits: Adubbz (~Adubbz@119-17-134-185.771186.mel.nbn.aussiebb.net) (Ping timeout: 610 seconds)
[17:10:18] *** Quits: mukunda (~mukunda@adsl-074-188-205-139.sip.asm.bellsouth.net) (Ping timeout: 272 seconds)
[17:12:01] *** Quits: ris2z (~2ri@158.174.119.23) (Ping timeout: 745 seconds)
[17:13:17] *** Joins: ris2z (~2ri@158.174.119.23)
[17:28:02] *** Quits: ris2z (~2ri@158.174.119.23) (Ping timeout: 272 seconds)
[17:28:20] *** Joins: rajkosto (~rajkosto@cable-178-149-122-96.dynamic.sbb.rs)
[17:35:13] *** Joins: ris2z (~2ri@158.174.119.23)
[19:44:17] *** Joins: mukunda (~mukunda@adsl-074-188-205-139.sip.asm.bellsouth.net)
[20:19:15] *** Joins: giglife_ (giglife@CPE0492268436b0-CM688f2e1dc9d0.cpe.net.cable.rogers.com)
[20:19:21] *** Quits: giglife (giglife@CPE0492268436b0-CM688f2e1dc9d0.cpe.net.cable.rogers.com) (Read error: Connection reset by peer)
[20:19:24] *** giglife_ is now known as giglife
[20:19:28] *** Quits: awordnot (~awordnot@c-73-210-60-203.hsd1.il.comcast.net) (Read error: Connection reset by peer)
[20:19:43] *** Quits: endrift (~endrift@endrift.com) (Read error: Operation timed out)
[20:19:48] *** Joins: endrift (~endrift@endrift.com)
[20:20:22] *** Joins: awordnot (~awordnot@c-73-210-60-203.hsd1.il.comcast.net)
[20:21:21] *** Quits: |Shadow| (~Shadow1@ip24-253-253-71.ok.ok.cox.net) (Read error: Operation timed out)
[20:22:11] *** Joins: |Shadow| (~Shadow1@ip24-253-253-71.ok.ok.cox.net)
[21:05:31] *** Joins: refs (~refs@p200300dd871423005174e62eab346fcd.dip0.t-ipconnect.de)
[21:18:31] *** Quits: awordnot (~awordnot@c-73-210-60-203.hsd1.il.comcast.net) (Read error: Operation timed out)
[21:19:05] *** Quits: tpw_rules (~tpw_rules@li1059-135.members.linode.com) (Read error: Operation timed out)
[21:19:19] *** Joins: tpw_rules (~tpw_rules@li1059-135.members.linode.com)
[21:20:02] *** Quits: endrift (~endrift@endrift.com) (Read error: Operation timed out)
[21:20:34] *** Joins: capin1 (~capin@209.182.233.136)
[21:22:03] *** Quits: j0hny5 (j0hny5@94.75.242.8) (Read error: Operation timed out)
[21:23:36] *** Quits: nullstrin (~nullstrin@cermak.nullstring.io) (Read error: Operation timed out)
[21:24:28] *** Quits: miigotu (~miigotu@custip-162-217-53-64.esvabroadband.net) (Read error: Operation timed out)
[21:24:33] *** Quits: capin (~capin@209.182.233.136) (Ping timeout: 622 seconds)
[21:26:21] *** Quits: |Shadow| (~Shadow1@ip24-253-253-71.ok.ok.cox.net) (Read error: Operation timed out)
[21:26:58] *** Joins: miigotu (~miigotu@custip-162-217-53-64.esvabroadband.net)
[21:30:12] *** Quits: jason0597 (~jason0597@cpc95214-derb16-2-0-cust759.8-3.cable.virginm.net) (Read error: Operation timed out)
[21:39:28] *** Joins: j0hny5 (~j0hny5@94.75.242.8)
[21:40:33] *** Quits: blasty (~blasty@haxx.in) (Read error: Operation timed out)
[21:40:59] *** Quits: mtheall (~mtheall@mtheall.com) (Ping timeout: 255 seconds)
[21:40:59] *** Joins: mtheall (~mtheall@mtheall.com)
[21:41:47] *** Quits: usineur (~matthieu@ferb.fr) (Read error: Operation timed out)
[21:41:47] *** Joins: usineur (~matthieu@ferb.fr)
[21:41:47] *** Joins: endrift (~endrift@endrift.com)
[21:42:17] *** Joins: awordnot (~awordnot@c-73-210-60-203.hsd1.il.comcast.net)
[21:42:46] *** Joins: nullstrin (~nullstrin@cermak.nullstring.io)
[21:42:46] *** Quits: chang0- (~Changolan@ip72-194-70-236.oc.oc.cox.net) (hub.efnet.us irc.Prison.NET)
[21:42:46] *** Quits: oldtopman (~oldtopman@97-118-95-228.hlrn.qwest.net) (hub.efnet.us irc.Prison.NET)
[21:45:48] *** Quits: averne (~averne@176-179-35-51.abo.bbox.fr) (quit)
[22:40:11] *** Joins: averne (~averne@176-179-35-51.abo.bbox.fr)
[22:40:11] *** Server sets mode: +stn 
[22:43:34] *** Joins: jason0597 (~jason0597@cpc95214-derb16-2-0-cust759.8-3.cable.virginm.net)
[23:42:05] *** Quits: mukunda (~mukunda@adsl-074-188-205-139.sip.asm.bellsouth.net) (Ping timeout: 492 seconds)
[23:44:30] *** Quits: Maylay (~gren@108-198-59-230.lightspeed.miamfl.sbcglobal.net) (Read error: Connection reset by peer)
[23:46:27] *** Joins: Maylay (~gren@108-198-59-230.lightspeed.miamfl.sbcglobal.net)
[23:52:56] *** Joins: mukunda (~mukunda@adsl-074-188-205-139.sip.asm.bellsouth.net)
