[00:12:29] *** Quits mukunda (Read error: Operation timed out)
[00:36:47] *** Quits derk0pf (Ping timeout: 622 seconds)
[00:55:08] *** Joins mukunda
[01:03:29] *** Quits mukunda (Ping timeout: 492 seconds)
[01:10:54] *** Quits awordnot (Read error: Operation timed out)
[01:11:31] *** Joins awordnot
[02:18:17] *** Quits refs (Quit: refs)
[02:36:19] *** Joins miigotu
[02:39:38] *** Joins miigotu-
[02:41:52] *** Joins mukunda
[02:49:11] *** Quits miigotu (Ping timeout: 745 seconds)
[02:49:37] *** Quits miigotu_ (se.hub irc.efnet.nl)
[02:49:37] *** Quits lex1 (se.hub irc.efnet.nl)
[02:49:37] *** Quits blasty (se.hub irc.efnet.nl)
[02:49:37] *** Quits noirscape (se.hub irc.efnet.nl)
[02:49:37] *** Quits d3m3vilur (se.hub irc.efnet.nl)
[02:49:37] *** Quits Retr0id (se.hub irc.efnet.nl)
[02:49:37] *** Quits theKlanc (se.hub irc.efnet.nl)
[02:49:41] *** Quits refsw (Write error: Connection reset by peer)
[02:50:45] *** Joins lex1
[02:50:56] *** Joins refsw
[02:54:46] *** Joins blasty
[04:34:10] *** Quits DoozerBot (Read error: Operation timed out)
[04:35:22] *** Joins DoozerBot
[05:18:38] *** Quits fgsfds (Read error: Connection reset by peer)
[06:19:09] *** Quits Surkow (Read error: Operation timed out)
[06:30:45] *** Joins Surkow
[07:21:12] *** Quits mukunda (Read error: Operation timed out)
[07:50:04] *** Quits Aaerox (Read error: Operation timed out)
[07:59:39] *** Joins Aaerox
[09:03:24] *** Quits rajkosto (Read error: Connection reset by peer)
[09:52:02] *** Joins derk0pf
[12:40:12] *** Joins fgsfds
[13:46:22] <plutobot> GitHub | New commit | User: AdaLovegirls | https://github.com/switchbrew/switch-examples/commit/ea27fe123d
[15:20:26] *** Joins mukunda
[16:16:41] *** Joins rajkosto
[16:19:17] *** Quits refsw (Read error: Connection reset by peer)
[16:20:09] *** Joins refsw
[16:46:02] *** Quits Surkow (Quit: Bye bye - Laptop goes to sleep - NOP NOP NOP)
[17:48:28] *** Joins Surkow
[18:30:54] *** Quits fgsfds (Leaving)
[18:31:40] *** Joins fgsfds
[18:47:20] *** Quits fgsfds (Leaving)
[18:48:18] *** Joins fgsfds
[20:13:31] *** Quits Stary (Ping timeout: 265 seconds)
[20:15:44] *** Joins Stary
[21:35:26] *** Quits mukunda (Read error: Operation timed out)
[21:40:26] *** Joins refs
[22:44:24] *** Quits Surkow (Quit: Bye bye - Laptop goes to sleep - NOP NOP NOP)
[23:10:26] *** Joins Surkow
[23:47:27] *** Quits derk0pf (Ping timeout: 255 seconds)
[23:50:42] <plutobot> GitHub | New PR: Fixed SDL dem... | User: NicholeMattera | https://github.com/switchbrew/switch-examples/pull/81
