[00:03:15] *** Quits: averne (~averne@176-179-35-51.abo.bbox.fr) (quit)
[00:10:09] *** Joins: averne (~averne@176-179-35-51.abo.bbox.fr)
[00:10:09] *** Server sets mode: +stn 
[01:02:42] *** Joins: miigotu (~miigotu@custip-162-217-53-64.esvabroadband.net)
[01:05:28] *** Quits: miigotu- (~miigotu@custip-162-217-53-64.esvabroadband.net) (Ping timeout: 272 seconds)
[01:05:57] *** Joins: miigotu_ (~miigotu@custip-162-217-53-64.esvabroadband.net)
[01:15:26] *** Quits: miigotu (~miigotu@custip-162-217-53-64.esvabroadband.net) (Ping timeout: 745 seconds)
[01:27:50] *** Joins: coggy9_Y5 (~coggy9@static-97-67-244-189.earthlinkbusiness.net)
[01:30:06] *** Quits: coggy9 (~coggy9@static-97-67-244-189.earthlinkbusiness.net) (Ping timeout: 265 seconds)
[01:33:29] *** Quits: refsw (~refsw@80.150.130.51) (Read error: Operation timed out)
[01:34:26] *** Joins: refsw (~refsw@80.150.130.51)
[01:35:06] *** Quits: rajkosto (~rajkosto@cable-178-149-122-96.dynamic.sbb.rs) (Read error: Connection reset by peer)
[01:36:20] *** Joins: Retr0id1 (~Retr0id@185.122.57.169)
[01:37:23] *** Quits: panicbit (~panicbit@p5b09e3e0.dip0.t-ipconnect.de) (Ping timeout: 186 seconds)
[01:38:17] *** Joins: d3m3vilur (~sid4654@id-4654.charlton.irccloud.com)
[01:39:16] *** Quits: blasty (~blasty@haxx.in) (Read error: Operation timed out)
[01:39:20] *** Joins: panicbit (~panicbit@p5b09e3e0.dip0.t-ipconnect.de)
[01:45:02] *** Joins: blasty (~blasty@haxx.in)
[01:50:06] *** Quits: blasty (~blasty@haxx.in) (Remote host closed the connection)
[01:50:07] *** Quits: lex1 (lex@yuuh.pw) (Read error: Connection reset by peer)
[01:52:40] *** Joins: blasty (~blasty@haxx.in)
[01:53:01] *** Joins: lex1 (lex@yuuh.pw)
[01:53:33] *** miigotu_ is now known as miigotu
[02:05:17] *** Joins: coggy9 (~coggy9@static-97-67-244-189.earthlinkbusiness.net)
[02:07:40] *** Quits: coggy9_Y5 (~coggy9@static-97-67-244-189.earthlinkbusiness.net) (Ping timeout: 610 seconds)
[02:18:27] *** Quits: panicbit (~panicbit@p5b09e3e0.dip0.t-ipconnect.de) (Ping timeout: 186 seconds)
[02:18:39] *** Joins: panicbit (~panicbit@p5b09e3e0.dip0.t-ipconnect.de)
[04:11:54] *** Quits: refs (~refs@p200300dd872ff50058d1d242815a1c03.dip0.t-ipconnect.de) (Quit: refs)
[06:30:27] *** Quits: coggy9 (~coggy9@static-97-67-244-189.earthlinkbusiness.net) (Quit: Leaving)
[07:03:52] *** Quits: fgsfds (~figgis@93.123.144.171) (Read error: Connection reset by peer)
[07:08:05] *** Joins: coggy9 (~coggy9@static-97-67-244-189.earthlinkbusiness.net)
[08:23:47] *** Quits: panicbit (~panicbit@p5b09e3e0.dip0.t-ipconnect.de) (Ping timeout: 186 seconds)
[08:33:03] *** Joins: derk0pf (~derk0pf@x527179d2.dyn.telefonica.de)
[08:33:06] *** Joins: derk0pf_ (~derk0pf@x527179d2.dyn.telefonica.de)
[09:08:28] *** Joins: panicbit (~panicbit@p5b09e3e0.dip0.t-ipconnect.de)
[09:11:41] *** Quits: derk0pf_ (~derk0pf@x527179d2.dyn.telefonica.de) (Ping timeout: 265 seconds)
[09:13:38] *** Quits: derk0pf (~derk0pf@x527179d2.dyn.telefonica.de) (Read error: Operation timed out)
[11:33:13] *** Quits: miigotu (~miigotu@custip-162-217-53-64.esvabroadband.net) (Quit: ZNC - https://znc.in)
[11:37:18] *** Joins: miigotu (~miigotu@custip-162-217-53-64.esvabroadband.net)
[11:43:49] *** Quits: ris2z (~2ri@158.174.119.23) (Ping timeout: 248 seconds)
[11:49:30] *** Joins: ris2z (~2ri@158.174.119.23)
[12:20:37] *** Quits: mukunda (~mukunda@adsl-074-188-205-139.sip.asm.bellsouth.net) (Ping timeout: 272 seconds)
[13:20:39] *** Joins: derk0pf (~derk0pf@x59cc8272.dyn.telefonica.de)
[13:20:42] *** Joins: derk0pf_ (~derk0pf@x59cc8272.dyn.telefonica.de)
[13:37:04] *** Joins: refs (~refs@p200300dd87409700680fa33a0a4ed533.dip0.t-ipconnect.de)
[13:56:35] *** Joins: fgsfds (~figgis@93.123.144.171)
[14:28:50] *** Quits: foghorn3 (~meh@2600:1700:8af0:a950:95a1:25ff:89b3:81a1) (Quit: Leaving)
[14:56:31] *** Joins: foghorn2 (~meh@2600:1700:8af0:a950:4b8:d562:6676:43a4)
[15:23:35] *** Joins: Tcm0 (~Tcm0@p4fde795a.dip0.t-ipconnect.de)
[15:57:45] *** Joins: mukunda (~mukunda@adsl-074-188-205-139.sip.asm.bellsouth.net)
[16:27:19] *** Quits: foghorn2 (~meh@2600:1700:8af0:a950:4b8:d562:6676:43a4) (Read error: Connection reset by peer)
[16:27:32] *** Joins: foghorn2 (~meh@2600:1700:8af0:a950:4b8:d562:6676:43a4)
[16:29:34] *** Joins: foghorn3 (~meh@2600:1700:8af0:a950:4b8:d562:6676:43a4)
[16:32:47] *** Quits: foghorn3 (~meh@2600:1700:8af0:a950:4b8:d562:6676:43a4) (Read error: Connection reset by peer)
[16:33:00] *** Joins: foghorn3 (~meh@2600:1700:8af0:a950:4b8:d562:6676:43a4)
[16:36:04] *** Quits: foghorn2 (~meh@2600:1700:8af0:a950:4b8:d562:6676:43a4) (Read error: Operation timed out)
[16:38:17] *** Quits: foghorn3 (~meh@2600:1700:8af0:a950:4b8:d562:6676:43a4) (Read error: Connection reset by peer)
[16:39:07] *** Joins: foghorn3 (~meh@107-198-163-1.lightspeed.rcsntx.sbcglobal.net)
[16:54:13] *** Quits: averne (~averne@176-179-35-51.abo.bbox.fr) (quit)
[18:02:11] *** Joins: averne (~averne@176-179-35-51.abo.bbox.fr)
[18:02:11] *** Server sets mode: +stn 
[18:46:08] *** Quits: mukunda (~mukunda@adsl-074-188-205-139.sip.asm.bellsouth.net) (Read error: Operation timed out)
[19:14:03] <plutobot> Wiki | Page changed: LDN services | User: yls8 | https://switchbrew.org/w/index.php?curid=109&diff=9682&oldid=9681
[20:38:37] *** Joins: coggy9_Y5 (~coggy9@static-97-67-244-189.earthlinkbusiness.net)
[20:40:56] *** Quits: CCFL_Man (9a772656c9@c-73-64-119-64.hsd1.pa.comcast.net) (Ping timeout: 265 seconds)
[20:41:14] *** Joins: CCFL_Man (~closet@c-73-64-119-64.hsd1.pa.comcast.net)
[20:41:24] *** Quits: coggy9 (~coggy9@static-97-67-244-189.earthlinkbusiness.net) (Ping timeout: 265 seconds)
[21:01:59] *** Joins: Maylay (~gren@108-198-59-230.lightspeed.miamfl.sbcglobal.net)
[21:02:01] *** Quits: Maylay_ (~gren@108-198-59-230.lightspeed.miamfl.sbcglobal.net) (Ping timeout: 265 seconds)
[21:04:07] *** Quits: GerbilS5 (~GerbilSof@pool-108-24-134-99.cmdnnj.fios.verizon.net) (se.hub irc.underworld.no)
[21:04:07] *** Quits: Stary (~Stary@88.198.16.186) (se.hub irc.underworld.no)
[21:11:08] *** Joins: GerbilS5 (~GerbilSof@pool-108-24-134-99.cmdnnj.fios.verizon.net)
[21:11:08] *** Joins: Stary (~Stary@88.198.16.186)
[21:31:36] *** Quits: oldtopman (~oldtopman@97-118-95-228.hlrn.qwest.net) (Ping timeout: 272 seconds)
[21:36:27] *** Joins: oldtopman (~oldtopman@75-166-193-175.hlrn.qwest.net)
[21:58:53] *** Joins: mukunda (~mukunda@adsl-074-188-205-139.sip.asm.bellsouth.net)
[22:51:01] *** Quits: derk0pf_ (~derk0pf@x59cc8272.dyn.telefonica.de) (Read error: Operation timed out)
[22:52:30] *** Quits: derk0pf (~derk0pf@x59cc8272.dyn.telefonica.de) (Ping timeout: 1216 seconds)
[23:04:42] *** Joins: rajkosto (~rajkosto@cable-178-149-122-96.dynamic.sbb.rs)
[23:36:27] *** Quits: Surkow (~Surkow@84-104-14-64.cable.dynamic.v4.ziggo.nl) (Quit: Bye bye - Laptop goes to sleep - NOP NOP NOP)
[23:38:27] *** Joins: Surkow (~Surkow@84-104-14-64.cable.dynamic.v4.ziggo.nl)
[23:53:33] *** Quits: coggy9_Y5 (~coggy9@static-97-67-244-189.earthlinkbusiness.net) (Read error: Connection reset by peer)
