[00:04:40] <plutobot> Wiki | Page changed: Package1 | User: Liam | https://switchbrew.org/w/index.php?curid=180&diff=9683&oldid=9615
[00:26:51] *** Quits: |Shadow| (~Shadow1@ip24-253-253-71.ok.ok.cox.net) (Read error: Operation timed out)
[00:35:19] *** Quits: averne (~averne@176-179-35-51.abo.bbox.fr) (quit)
[00:37:11] *** Joins: averne (~averne@176-179-35-51.abo.bbox.fr)
[00:37:11] *** Server sets mode: +stn 
[00:38:26] *** Quits: ris2z (~2ri@158.174.119.23) (Ping timeout: 492 seconds)
[00:42:05] *** Joins: ris2z (~2ri@158.174.119.23)
[00:42:05] *** Quits: ris2z (~2ri@158.174.119.23) (Remote host closed the connection!)
[00:42:46] *** Joins: ris2z (~2ri@158.174.119.23)
[00:44:06] *** Joins: |Shadow| (Shadow1@ip24-253-253-71.ok.ok.cox.net)
[00:48:13] *** Quits: averne (~averne@176-179-35-51.abo.bbox.fr) (quit)
[00:49:07] *** Joins: averne (~averne@176-179-35-51.abo.bbox.fr)
[00:49:08] *** Server sets mode: +stn 
[00:49:08] *** Server sets mode: +stn 
[00:51:51] *** Quits: |Shadow| (Shadow1@ip24-253-253-71.ok.ok.cox.net) (Read error: Operation timed out)
[00:52:28] *** Joins: |Shadow| (~Shadow1@ip24-253-253-71.ok.ok.cox.net)
[01:12:39] *** Quits: Tcm0 (~Tcm0@p4fde795a.dip0.t-ipconnect.de) (Leaving)
[01:24:28] *** Joins: coggy9 (~coggy9@static-97-67-244-189.earthlinkbusiness.net)
[02:11:18] *** Quits: ris2z (~2ri@158.174.119.23) (Ping timeout: 376 seconds)
[02:15:58] *** Joins: ris2z (~2ri@158.174.119.23)
[02:39:25] *** Quits: Pieman (sid188464@id-188464.brockwell.irccloud.com) (Ping timeout: 272 seconds)
[02:39:58] *** Joins: Pieman (sid188464@id-188464.brockwell.irccloud.com)
[02:51:04] *** Quits: fgsfds (~figgis@93.123.144.171) (Read error: Connection reset by peer)
[04:22:17] *** Quits: refs (~refs@p200300dd87409700680fa33a0a4ed533.dip0.t-ipconnect.de) (Quit: refs)
[04:22:18] *** Quits: yuriks (sid369190@2001:67c:2f08:5::5:a226) (Read error: Connection timed out)
[04:23:14] *** Joins: yuriks (sid369190@2001:67c:2f08:5::5:a226)
[04:26:22] *** Quits: coggy9 (~coggy9@static-97-67-244-189.earthlinkbusiness.net) (Ping timeout: 265 seconds)
[04:32:42] *** Joins: coggy9 (~coggy9@static-97-67-244-189.earthlinkbusiness.net)
[06:24:51] *** Quits: panicbit (~panicbit@p5b09e3e0.dip0.t-ipconnect.de) (Ping timeout: 186 seconds)
[06:25:03] *** Joins: panicbit (~panicbit@p5b09e3e0.dip0.t-ipconnect.de)
[06:48:14] *** Quits: mukunda (~mukunda@adsl-074-188-205-139.sip.asm.bellsouth.net) (Read error: Operation timed out)
[08:20:02] *** Joins: zini- (~zini@88-113-145-208.elisa-laajakaista.fi)
[08:26:11] *** Quits: zini (~zini@88-113-145-208.elisa-laajakaista.fi) (Ping timeout: 745 seconds)
[09:15:20] *** Joins: mukunda (~mukunda@adsl-074-188-205-139.sip.asm.bellsouth.net)
[09:33:02] *** Quits: lameboy (~lameboy@202-47-121-182.cust.dcsi.net.au) (Read error: Connection reset by peer)
[09:33:28] *** Joins: lameboy (~lameboy@202-47-121-182.cust.dcsi.net.au)
[09:33:32] *** Joins: refsw` (~refsw@80.150.130.51)
[09:44:21] *** Quits: refsw (~refsw@80.150.130.51) (Ping timeout: 745 seconds)
[09:53:43] *** Joins: fgsfds (~figgis@93.123.144.171)
[10:05:11] *** Quits: rajkosto (~rajkosto@cable-178-149-122-96.dynamic.sbb.rs) (Read error: Connection reset by peer)
[10:46:31] *** Joins: derk0pf (~derk0pf@x59cc8272.dyn.telefonica.de)
[10:46:33] *** Joins: derk0pf_ (~derk0pf@x59cc8272.dyn.telefonica.de)
[11:05:07] *** Quits: derk0pf_ (~derk0pf@x59cc8272.dyn.telefonica.de) (Read error: Connection reset by peer)
[11:12:00] *** Quits: derk0pf (~derk0pf@x59cc8272.dyn.telefonica.de) (Read error: Operation timed out)
[13:25:44] *** Joins: BlueBread (~BlueBrown@51.37.80.110)
[14:26:06] *** Quits: lameboy (~lameboy@202-47-121-182.cust.dcsi.net.au) (Ping timeout: 745 seconds)
[15:06:32] *** Joins: lameboy (~lameboy@202-47-121-182.cust.dcsi.net.au)
[15:22:46] *** Quits: mukunda (~mukunda@adsl-074-188-205-139.sip.asm.bellsouth.net) (Ping timeout: 610 seconds)
[15:33:41] *** Joins: sh0e (~sh0e@node1.eisenkopf.info)
[16:27:35] *** Quits: zini- (~zini@88-113-145-208.elisa-laajakaista.fi) (Quit: -->)
[16:29:06] *** Joins: zini (~zini@88-113-145-208.elisa-laajakaista.fi)
[17:15:35] *** Joins: mukunda (~mukunda@adsl-074-188-205-139.sip.asm.bellsouth.net)
[18:07:18] *** Joins: lameboy2 (~lameboy@202-47-121-182.cust.dcsi.net.au)
[18:14:00] *** Quits: lameboy (~lameboy@202-47-121-182.cust.dcsi.net.au) (Read error: Operation timed out)
[18:14:01] *** lameboy2 is now known as lameboy
[19:19:15] <plutobot> GitHub | New PR: Added a keybo... | User: NateDogg | https://github.com/switchbrew/switch-examples/pull/82
[19:29:12] *** Quits: refsw` (~refsw@80.150.130.51) (Quit: refsw`)
[19:49:46] *** Joins: lameboy2 (~lameboy@202-47-121-182.cust.dcsi.net.au)
[19:55:37] *** Joins: refsw (~refsw@80.150.130.51)
[19:57:09] *** Quits: lameboy (~lameboy@202-47-121-182.cust.dcsi.net.au) (Read error: Operation timed out)
[19:57:11] *** lameboy2 is now known as lameboy
[20:35:00] *** Quits: BlueBread (~BlueBrown@51.37.80.110) (Quit: Konversation terminated!)
[20:46:00] *** Joins: coggy9_Y5 (~coggy9@static-97-67-244-189.earthlinkbusiness.net)
[20:48:01] *** Quits: coggy9 (~coggy9@static-97-67-244-189.earthlinkbusiness.net) (Ping timeout: 265 seconds)
[20:52:16] *** Quits: lameboy (~lameboy@202-47-121-182.cust.dcsi.net.au) (Read error: Connection reset by peer)
[20:52:22] *** Joins: lameboy2 (~lameboy@202-47-121-182.cust.dcsi.net.au)
[20:52:23] *** lameboy2 is now known as lameboy
[21:20:56] *** Quits: Maylay (~gren@108-198-59-230.lightspeed.miamfl.sbcglobal.net) (Read error: Connection reset by peer)
[21:24:57] *** Joins: Maylay (~gren@108-198-59-230.lightspeed.miamfl.sbcglobal.net)
[21:33:05] *** Joins: refs (~refs@p200300dd870a9400054d373cadb021b3.dip0.t-ipconnect.de)
[21:36:25] <plutobot> Wiki | Page changed: Package1 | User: Hexkyz | https://switchbrew.org/w/index.php?curid=180&diff=9684&oldid=9683
[21:56:07] *** Quits: des^ (~des@ip1f10817f.dynamic.kabel-deutschland.de) (Quit: The Lounge - https://thelounge.github.io)
[21:56:35] *** Joins: des^ (~des@ip1f10817f.dynamic.kabel-deutschland.de)
[22:14:46] *** Quits: mukunda (~mukunda@adsl-074-188-205-139.sip.asm.bellsouth.net) (Read error: Operation timed out)
