[00:50:23] *** Joins: oreo639
[01:03:03] *** Quits: oreo639 (Ping timeout: 620 seconds)
[01:43:44] *** Quits: fgsfds (Read error: Connection reset by peer)
[02:30:10] *** Joins: oreo639
[02:39:53] *** Quits: refs (Quit: refs)
[08:05:17] *** Quits: ave_ (Read error: Operation timed out)
[08:15:03] *** Joins: ave_
[09:30:51] *** Joins: dibas_
[09:30:51] *** Quits: dibas (Read error: Connection reset by peer)
[09:30:51] *** Quits: oreo639 (Read error: Connection reset by peer)
[09:30:55] *** dibas_ is now known as dibas
[09:31:44] *** Joins: oreo639
[09:36:48] *** Joins: dibas_
[09:36:48] *** Quits: dibas (Read error: Connection reset by peer)
[09:36:56] *** dibas_ is now known as dibas
[09:54:49] *** Joins: dibas_
[09:54:49] *** Quits: dibas (Read error: Connection reset by peer)
[09:54:54] *** dibas_ is now known as dibas
[09:59:26] *** Joins: dibas_
[09:59:26] *** Quits: dibas (Read error: Connection reset by peer)
[09:59:31] *** dibas_ is now known as dibas
[10:04:06] *** Joins: dibas_
[10:04:06] *** Quits: dibas (Read error: Connection reset by peer)
[10:04:11] *** dibas_ is now known as dibas
[10:08:46] *** Joins: dibas_
[10:08:46] *** Quits: dibas (Read error: Connection reset by peer)
[10:08:52] *** dibas_ is now known as dibas
[10:10:29] *** Quits: oreo639 (Read error: Operation timed out)
[10:13:48] *** Joins: dibas_
[10:13:48] *** Quits: dibas (Read error: Connection reset by peer)
[10:13:53] *** dibas_ is now known as dibas
[10:19:17] *** Joins: dibas_
[10:19:17] *** Quits: dibas (Read error: Connection reset by peer)
[10:19:22] *** dibas_ is now known as dibas
[10:25:58] *** Quits: dibas (Read error: Connection reset by peer)
[10:26:45] *** Joins: dibas
[10:29:21] *** Joins: oreo639
[10:33:51] *** Joins: dibas_
[10:38:33] *** Joins: dibas-
[10:38:33] *** Quits: dibas_ (Read error: Connection reset by peer)
[10:39:58] *** Quits: dibas (Ping timeout: 745 seconds)
[10:45:13] *** Quits: dibas- (Read error: Connection reset by peer)
[10:47:51] *** Joins: dibas
[10:54:33] *** Quits: dibas (Read error: Connection reset by peer)
[10:54:42] *** Joins: dibas_
[10:54:49] *** dibas_ is now known as dibas
[12:30:52] *** Quits: oreo639 (Ping timeout: 504 seconds)
[12:39:30] *** Joins: fgsfds
[13:27:17] *** Joins: zini-
[13:27:50] *** Quits: zini (Read error: Connection reset by peer)
[16:38:30] *** Quits: nohit____ (Ping timeout: 622 seconds)
[16:50:12] *** Joins: nohit____
[18:22:58] *** Quits: GerbilSof (Quit: Windows must now restart because the Remote Procedure Call (RPC) service terminated unexpectedly.)
[18:51:47] *** Joins: dibas_
[18:51:47] *** Quits: dibas (Read error: Connection reset by peer)
[18:54:34] *** dibas_ is now known as dibas
[19:19:58] *** Joins: oreo639
[19:39:02] *** Joins: GerbilSof
[20:44:58] *** Joins: n87
[20:48:41] *** Quits: n87 (Read error: Connection reset by peer)
[20:49:43] *** Joins: n87
[20:52:12] *** Quits: oreo639 (Read error: Operation timed out)
[21:52:49] *** Joins: oreo639
[21:59:30] *** Joins: jn
[22:10:59] *** CCFL_Man_ is now known as CCFL_Man
[22:28:32] *** Quits: oreo639 (Ping timeout: 240 seconds)
[22:46:36] *** Quits: tertu (so long...)
[22:48:23] *** Joins: tertu
[22:51:39] *** Joins: oreo639
[23:08:12] *** Quits: n87 (Read error: Connection reset by peer)
[23:23:36] *** Quits: oreo639 (Ping timeout: 483 seconds)
