[00:43:29] *** Joins: GerbilS4
[00:43:29] *** Quits: GerbilSof (Read error: Connection reset by peer)
[01:55:15] *** Joins: oreo639
[02:42:18] *** Quits: fgsfds (Read error: Connection reset by peer)
[03:38:52] *** Joins: Snetry
[03:40:11] *** Quits: Sentry (Read error: Operation timed out)
[03:40:11] *** Snetry is now known as Sentry
[04:29:42] *** Quits: Lightswor (Read error: Connection reset by peer)
[04:30:59] *** Joins: Lightswor
[04:34:57] *** Quits: oreo639 (Read error: Operation timed out)
[04:52:58] *** Joins: oreo639
[05:24:38] *** Quits: oreo639 (Ping timeout: 745 seconds)
[07:15:35] *** Joins: oreo639
[09:05:04] *** Quits: oreo639 (Ping timeout: 504 seconds)
[10:28:42] *** Joins: Snetry
[10:30:02] *** Quits: Sentry (Read error: Connection refused)
[10:30:02] *** Snetry is now known as Sentry
[10:39:38] *** Joins: Snetry
[10:40:58] *** Quits: Sentry (Read error: Connection refused)
[10:40:58] *** Snetry is now known as Sentry
[10:51:43] *** Joins: n87
[11:51:29] *** Quits: n87 (Read error: Connection reset by peer)
[11:52:14] *** Joins: n87
[11:59:00] *** Quits: n87 (Read error: Connection reset by peer)
[11:59:42] *** Joins: n87
[12:06:53] *** Quits: Sentry (Read error: Connection refused)
[12:18:15] *** Joins: Sentry
[12:48:49] *** Joins: fgsfds
[13:15:49] *** Quits: n87 (Read error: Connection reset by peer)
[20:43:18] *** Joins: n87
[21:04:06] *** Joins: oreo639
[23:25:49] *** Quits: n87 (Read error: Connection reset by peer)
