[00:55:52] *** Quits: oreo639 (Ping timeout: 622 seconds)
[02:29:26] <plutobot> Wiki | Page changed: 16.0.0 | User: Pranked | https://switchbrew.org/w/index.php?curid=469&diff=12335&oldid=12268
[02:30:20] *** Joins: oreo639
[02:30:37] <plutobot> Wiki | New page: User:Pranked | User: Pranked | https://switchbrew.org/w/index.php?curid=474
[02:31:29] <plutobot> Wiki | New page: User talk:Pranked | User: Pranked | https://switchbrew.org/w/index.php?curid=475
[02:36:15] <plutobot> Wiki | Page changed: 16.0.0 | User: yls8 | https://switchbrew.org/w/index.php?curid=469&diff=12338&oldid=12335
[02:44:11] *** Quits: fgsfds (Read error: Connection reset by peer)
[03:52:37] *** Joins: Snetry
[03:53:57] *** Quits: Sentry (Read error: Connection refused)
[03:53:57] *** Snetry is now known as Sentry
[04:37:15] *** Quits: Lightswor (Read error: Connection reset by peer)
[04:37:25] *** Joins: Lightswor
[07:53:22] *** Quits: oreo639 (Read error: Operation timed out)
[08:02:03] *** Joins: oreo639
[09:37:48] *** Joins: Retr0id
[09:43:02] *** Joins: n87
[11:55:50] *** Quits: n87 (Read error: Connection reset by peer)
[12:36:14] *** Quits: oreo639 (Read error: Operation timed out)
[14:17:47] *** Joins: lameboy2
[14:20:03] *** Quits: lameboy (Ping timeout: 240 seconds)
[14:20:04] *** lameboy2 is now known as lameboy
[15:03:07] *** Joins: fgsfds
[15:03:22] *** Joins: refs
[17:05:31] *** Joins: n87
[17:27:02] *** Quits: n87 (Read error: Connection reset by peer)
[17:33:20] *** Joins: n87
[21:25:12] *** Joins: oreo639
[21:43:38] *** Quits: n87 (Read error: Connection reset by peer)
[23:46:36] *** Quits: GerbilS4 (Quit: Windows must now restart because the Remote Procedure Call (RPC) service terminated unexpectedly.)
[23:49:58] *** Joins: GerbilSof
