[04:46:07] *** Quits: refs (Quit: refs)
[09:32:43] *** Quits: fgsfds (Read error: Connection reset by peer)
[12:45:33] *** Quits: oreo639 (Ping timeout: 745 seconds)
[17:25:13] *** Quits: GerbilSof (Read error: Connection reset by peer)
[17:43:00] *** Joins: fgsfds
[18:32:53] *** Joins: n87
[18:46:27] *** Quits: Retr0id (se.hub irc.efnet.nl)
[18:46:27] *** Quits: Sentry (se.hub irc.efnet.nl)
[18:46:27] *** Quits: DacoTaco (se.hub irc.efnet.nl)
[18:46:27] *** Quits: CCFL_Man (se.hub irc.efnet.nl)
[18:46:27] *** Quits: pieman (se.hub irc.efnet.nl)
[18:46:27] *** Quits: flagrama_ (se.hub irc.efnet.nl)
[18:46:27] *** Quits: d3m3vilur (se.hub irc.efnet.nl)
[18:46:27] *** Quits: lex1 (se.hub irc.efnet.nl)
[18:48:25] *** Joins: Retr0id
[18:48:25] *** Joins: Sentry
[18:48:25] *** Joins: DacoTaco
[18:48:25] *** Joins: CCFL_Man
[18:48:25] *** Joins: pieman
[18:48:25] *** Joins: flagrama_
[18:48:25] *** Joins: d3m3vilur
[18:48:25] *** Joins: lex1
[20:05:55] *** Joins: GerbilSof
[20:37:48] *** Joins: oreo639
[21:11:00] *** Quits: Sentry (Quit: left EFNet)
[21:11:40] *** Joins: Sentry
[21:19:40] *** Quits: n87 (Read error: Connection reset by peer)
[22:07:55] *** Joins: refs
[22:25:44] *** Quits: oreo639 (Ping timeout: 240 seconds)
