[00:45:15] *** Joins: oreo639
[00:59:58] *** Quits: fgsfds (Read error: Connection reset by peer)
[01:43:35] *** Quits: oreo639 (Read error: Operation timed out)
[01:55:11] *** Joins: oreo639
[02:32:49] *** Quits: refs (Quit: refs)
[03:41:04] *** Quits: oreo639 (Ping timeout: 622 seconds)
[03:46:13] *** Joins: oreo639
[04:45:41] *** Joins: lameboy2
[04:46:32] *** Joins: thejsa_
[04:47:40] *** Quits: dibas (Excess Flood)
[04:53:35] *** Joins: dibas_
[04:57:23] *** Quits: lameboy (Ping timeout: 745 seconds)
[04:57:23] *** Quits: dibas_ (Read error: Connection reset by peer)
[04:57:24] *** lameboy2 is now known as lameboy
[04:58:15] *** Joins: dibas
[05:00:53] *** Quits: thejsa (Ping timeout: 1230 seconds)
[05:00:53] *** thejsa_ is now known as thejsa
[05:06:27] *** Joins: dibas_
[05:11:08] *** Joins: dibas-
[05:11:08] *** Quits: dibas_ (Read error: Connection reset by peer)
[05:11:23] *** Quits: dibas (Ping timeout: 745 seconds)
[05:11:24] *** dibas- is now known as dibas
[05:15:47] *** Joins: dibas_
[05:15:47] *** Quits: dibas (Read error: Connection reset by peer)
[05:15:52] *** dibas_ is now known as dibas
[05:20:27] *** Joins: dibas_
[05:20:27] *** Quits: dibas (Read error: Connection reset by peer)
[05:20:32] *** dibas_ is now known as dibas
[05:25:07] *** Joins: dibas_
[05:25:07] *** Quits: dibas (Read error: Connection reset by peer)
[05:25:11] *** dibas_ is now known as dibas
[05:31:48] *** Quits: dibas (Read error: Connection reset by peer)
[05:33:16] *** Joins: dibas
[05:37:57] *** Joins: dibas_
[05:37:57] *** Quits: dibas (Read error: Connection reset by peer)
[05:38:02] *** dibas_ is now known as dibas
[05:42:36] *** Joins: dibas_
[05:42:37] *** Quits: dibas (Read error: Connection reset by peer)
[05:42:42] *** dibas_ is now known as dibas
[05:47:16] *** Joins: dibas_
[05:47:16] *** Quits: dibas (Read error: Connection reset by peer)
[05:47:22] *** dibas_ is now known as dibas
[05:48:43] *** Quits: oreo639 (Ping timeout: 745 seconds)
[05:53:58] *** Quits: dibas (Read error: Connection reset by peer)
[05:55:12] *** Joins: dibas_
[05:55:19] *** dibas_ is now known as dibas
[07:07:03] *** Joins: oreo639
[09:20:29] *** Quits: oreo639 (Ping timeout: 260 seconds)
[10:04:11] *** Joins: oreo639
[11:50:43] *** Joins: fgsfds
[13:41:21] *** Quits: oreo639 (Ping timeout: 260 seconds)
[16:12:09] *** Quits: GerbilSof (Read error: Connection reset by peer)
[16:20:30] *** Joins: figgis_
[16:22:56] *** Quits: fgsfds (Ping timeout: 240 seconds)
[17:55:19] *** Joins: n87
[18:04:07] *** Quits: n87 (Leaving)
[18:45:21] *** Quits: figgis_ (Read error: Connection reset by peer)
[19:36:03] <plutobot> Wiki | Page changed: PCV services | User: Hexkyz | https://switchbrew.org/w/index.php?curid=126&diff=12339&oldid=12137
[19:37:25] <plutobot> Wiki | Page changed: PCV services | User: Hexkyz | https://switchbrew.org/w/index.php?curid=126&diff=12340&oldid=12339
[19:37:35] <plutobot> Wiki | Page changed: PCV services | User: Hexkyz | https://switchbrew.org/w/index.php?curid=126&diff=12341&oldid=12340
[19:41:15] *** Joins: fgsfds
[19:43:34] *** Quits: fgsfds (Read error: Connection reset by peer)
[19:47:13] *** Joins: fgsfds
[20:01:20] *** Quits: fgsfds (Read error: Connection reset by peer)
[20:25:23] *** Joins: fgsfds
[20:28:12] *** Joins: oreo639
[20:44:24] *** Quits: fgsfds (Read error: Connection reset by peer)
[21:08:26] *** Joins: fgsfds
[21:21:29] *** Quits: oreo639 (Ping timeout: 260 seconds)
[21:27:20] *** Joins: oreo639
[22:26:59] *** Joins: refs
[22:35:39] *** Joins: oreo639_
[22:35:39] *** Quits: oreo639 (Read error: Connection reset by peer)
[23:13:54] *** Quits: fgsfds (Read error: Connection reset by peer)
[23:17:27] *** Quits: oreo639_ (Ping timeout: 620 seconds)
