[02:04:17] *** Joins: oreo639
[02:46:30] *** Quits: refs (Quit: refs)
[03:42:19] *** Joins: dibas_
[03:42:19] *** Quits: dibas (Read error: Connection reset by peer)
[03:42:24] *** dibas_ is now known as dibas
[03:48:00] *** Joins: dibas_
[03:48:00] *** Quits: dibas (Read error: Connection reset by peer)
[03:48:05] *** dibas_ is now known as dibas
[03:50:08] *** Quits: Sentry (Read error: Connection refused)
[03:50:17] *** Joins: Sentry
[03:57:56] *** Joins: dibas_
[03:57:56] *** Quits: dibas (Read error: Connection reset by peer)
[03:58:01] *** dibas_ is now known as dibas
[04:02:36] *** Quits: dibas (Read error: Connection reset by peer)
[04:03:46] *** Joins: dibas_
[04:03:54] *** dibas_ is now known as dibas
[04:24:39] *** Quits: averne (quit)
[04:24:57] *** Joins: averne_
[04:24:57] *** Server sets mode: +stn 
[04:27:08] *** Quits: averne (Read error: Operation timed out)
[04:27:08] *** averne_ is now known as averne
[04:38:04] *** Joins: dibas_
[04:38:04] *** Quits: dibas (Read error: Connection reset by peer)
[04:38:11] *** dibas_ is now known as dibas
[04:42:47] *** Joins: dibas_
[04:42:47] *** Quits: dibas (Read error: Connection reset by peer)
[04:42:51] *** dibas_ is now known as dibas
[04:49:28] *** Quits: dibas (Read error: Connection reset by peer)
[04:50:16] *** Joins: dibas
[04:57:03] *** Quits: dibas (Read error: Connection reset by peer)
[04:58:40] *** Joins: dibas_
[04:58:46] *** dibas_ is now known as dibas
[05:16:00] *** Quits: oreo639 (Read error: Operation timed out)
[05:29:07] *** Joins: oreo639
[07:49:37] *** Joins: GerbilSof
[08:27:03] *** Joins: Lightswo-
[08:28:13] *** Quits: zombie343 (Read error: Operation timed out)
[08:28:28] *** Joins: zombie343
[08:30:03] *** Quits: Lightswor (Ping timeout: 376 seconds)
[08:30:03] *** Lightswo- is now known as Lightswor
[08:46:49] *** Quits: Behemoth_ (Ping timeout: 240 seconds)
[08:47:19] *** Quits: |Shadow| (Ping timeout: 240 seconds)
[08:48:06] *** Joins: Behemoth
[08:48:33] *** Quits: DacoTaco (Read error: Operation timed out)
[08:48:49] *** Joins: DacoTaco
[08:50:27] *** Quits: flagrama_ (Read error: Operation timed out)
[08:51:26] *** Joins: flagrama_
[08:58:52] *** Quits: balrog (Read error: Operation timed out)
[08:59:42] *** Joins: balrog
[09:00:12] *** Quits: yls8bot (Read error: Operation timed out)
[09:01:01] *** Quits: tpw_rules (Read error: Operation timed out)
[09:01:19] *** Joins: tpw_rules
[09:02:07] *** Quits: lansiir (Read error: Operation timed out)
[09:02:38] *** Joins: yls8bot
[09:02:48] *** Joins: lansiir
[09:02:57] *** Joins: GeekShado
[09:03:11] *** Quits: Cu3PO42 (Ping timeout: 376 seconds)
[09:03:26] *** Quits: yellows8 (Read error: Operation timed out)
[09:03:27] *** Quits: Surkow (Read error: Operation timed out)
[09:04:54] *** Joins: |Shadow|
[09:06:07] *** Joins: Surkow
[09:06:10] *** Quits: GeekShad1 (Read error: Operation timed out)
[09:11:34] *** Quits: TurtleP_ (Read error: Operation timed out)
[09:11:49] *** Joins: TurtleP
[09:19:37] *** Joins: Cu3PO42
[09:33:37] *** Joins: yellows8
[09:33:37] *** WntrMute sets mode: +o yellows8
[09:40:22] *** Joins: oreo639_
[09:49:12] *** Quits: oreo639 (Read error: Operation timed out)
[09:53:20] *** Quits: yls8bot (Read error: Operation timed out)
[09:53:21] *** Quits: djorz (Read error: Operation timed out)
[09:53:24] *** Joins: yls8bot
[09:53:33] *** yellows8 sets mode: +o yls8bot
[09:55:03] *** Quits: cpnc0ke (Read error: Operation timed out)
[09:55:27] *** Quits: tertu (Read error: Operation timed out)
[09:56:21] *** Quits: DacoTaco (Read error: Operation timed out)
[09:56:23] *** Quits: ave_ (Read error: Operation timed out)
[09:56:37] *** Quits: tpw_rules (Read error: Operation timed out)
[09:56:49] *** Joins: tpw_rules
[09:56:54] *** Quits: nich (Read error: Operation timed out)
[09:59:08] *** Joins: DacoTaco
[10:08:54] *** Quits: yellows8 (Read error: Operation timed out)
[10:09:00] *** Joins: yellows8
[10:09:01] *** WntrMute sets mode: +o yellows8
[10:21:08] *** Joins: cpnc0ke
[10:22:07] *** Joins: tertu
[10:26:24] *** Joins: ave_
[10:35:54] *** Joins: nich
[10:44:55] *** Quits: lansiir (Ping timeout: 376 seconds)
[10:48:29] *** Joins: oldtopman
[10:52:54] *** Quits: lex1 (Read error: Operation timed out)
[10:53:37] *** Quits: Sentry (Read error: Operation timed out)
[10:53:40] *** Quits: Retr0id (Read error: Connection reset by peer)
[10:55:09] *** Quits: pieman (Read error: Operation timed out)
[10:55:32] *** Quits: CCFL_Man (Read error: Operation timed out)
[10:55:39] *** Joins: CCFL_Man
[10:56:01] *** Quits: d3m3vilur (Read error: Operation timed out)
[10:56:21] *** Joins: pieman
[10:58:28] *** Quits: flagrama_ (Ping timeout: 493 seconds)
[11:00:37] *** Joins: flagrama_
[11:09:38] *** Joins: lex1
[11:21:22] *** Joins: Retr0id
[11:22:08] *** Joins: Sentry
[11:24:50] *** Joins: d3m3vilur
[11:29:11] *** Quits: oreo639_ (Read error: Operation timed out)
[11:48:01] *** Quits: tertu (Read error: Operation timed out)
[11:48:56] *** Quits: ave_ (Read error: Operation timed out)
[11:49:00] *** Quits: cpnc0ke (Read error: Operation timed out)
[11:49:10] *** Quits: nich (Read error: Operation timed out)
[12:16:09] *** Joins: cpnc0ke
[12:16:10] *** Joins: ave_
[12:17:59] *** Joins: tertu
[12:25:26] *** Joins: nich
[12:42:24] *** Quits: nich (I QUIT)
[12:54:01] *** Joins: nich
[17:31:44] *** Joins: fgsfds
[18:00:18] *** Quits: fgsfds (Quit: Leaving)
[20:53:15] *** Joins: fgsfds
[21:41:12] *** Joins: refs
[22:56:35] *** Quits: mtheall_ (Read error: Operation timed out)
[22:56:48] *** Joins: mtheall
[22:58:03] *** Quits: ihaveamac (Read error: Operation timed out)
[22:58:18] *** Joins: ihaveamac
[22:58:37] *** Quits: GerbilSof (Read error: Operation timed out)
[22:59:12] *** Quits: Cu3PO42 (Read error: Operation timed out)
[22:59:49] *** Quits: balrog (Read error: Operation timed out)
[23:01:06] *** Quits: tpw_rules (Ping timeout: 483 seconds)
[23:01:56] *** Joins: tpw_rules
[23:01:59] *** Joins: balrog
[23:08:57] *** Joins: GerbilSof
[23:11:59] *** Joins: Cu3PO42
