[00:43:28] *** Quits: rajkosto (Read error: Operation timed out)
[02:25:17] *** Quits: refs (Quit: refs)
[02:27:36] *** Joins: CCFL_Man
[03:33:06] *** Joins: Ghabry
[03:39:58] *** Quits: MasterGK (Ping timeout: 745 seconds)
[03:54:20] *** Joins: dibas_
[03:54:20] *** Quits: dibas (Read error: Connection reset by peer)
[03:54:24] *** dibas_ is now known as dibas
[05:05:45] *** Quits: lilibox (Read error: Connection reset by peer)
[05:06:28] *** Joins: lilibox
[05:56:34] *** Joins: lameboy2
[06:07:33] *** Quits: lameboy (Ping timeout: 745 seconds)
[06:07:34] *** lameboy2 is now known as lameboy
[08:04:02] *** Quits: figgis_ (Ping timeout: 376 seconds)
[10:38:02] *** Joins: rajkosto
[15:42:37] *** Quits: Surkow (Quit: 418 I'm a teapot - NOP NOP NOP)
[15:58:09] *** Joins: Surkow
[16:57:04] *** Quits: GerbilS1 (Windows must now restart because the Remote Procedure Call (RPC) service terminated unexpectedly.)
[16:57:22] *** Joins: GerbilSof
[18:10:47] *** Quits: rajkosto (Read error: Operation timed out)
[18:43:58] *** Joins: fgsfds
[19:37:00] *** Joins: rajkosto
[21:36:08] *** Joins: refs
[22:29:57] *** Joins: ground_
[23:13:46] *** Quits: ihaveamac (Quit: fail)
[23:16:07] *** Joins: ihaveamac
