[00:02:55] *** Quits: rajkosto (Read error: Operation timed out)
[00:34:09] *** Joins: ground__
[00:40:04] *** Quits: ground_ (Read error: Operation timed out)
[01:10:46] *** Quits: Surkow (Remote host closed the connection)
[01:13:11] *** Joins: Surkow
[01:13:57] *** Quits: changO- (diarrhea in a shitty womans mouth fetish)
[01:49:28] *** Joins: changO-
[02:33:09] *** Quits: ground__ (Ping timeout: 604 seconds)
[03:17:02] *** Quits: refs (Quit: refs)
[03:30:51] *** Quits: changO- (Read error: Connection reset by peer)
[08:15:50] *** Quits: fgsfds (Ping timeout: 376 seconds)
[08:35:24] *** Joins: rajkosto
[10:35:51] *** Joins: changO-
[11:20:59] *** Quits: changO- (Read error: Operation timed out)
[11:21:15] *** Joins: changO-
[12:53:31] *** Joins: lameboy2
[12:57:21] *** Quits: lameboy (Ping timeout: 260 seconds)
[12:57:23] *** lameboy2 is now known as lameboy
[15:49:40] *** Joins: changoXPR
[15:56:38] *** Quits: changO- (Ping timeout: 501 seconds)
[16:17:29] *** Joins: refsw
[16:22:39] *** Quits: rajkosto (Read error: Operation timed out)
[16:24:57] *** Joins: rajkosto
[16:28:28] *** Quits: refsw3 (Ping timeout: 745 seconds)
[16:52:23] *** Joins: rajko
[16:54:43] *** Quits: SCV______ (Ping timeout: 1230 seconds)
[16:54:56] *** Joins: SCV______
[17:02:53] *** Quits: rajkosto (Ping timeout: 745 seconds)
[17:03:49] *** Joins: bitrot
[17:06:52] *** Quits: rajko (Read error: Operation timed out)
[17:10:15] *** Quits: bitrot (Read error: Operation timed out)
[17:50:43] *** Quits: SCV______ (Ping timeout: 1230 seconds)
[17:50:56] *** Joins: SCV______
[19:07:43] *** Quits: SCV______ (Ping timeout: 1230 seconds)
[19:07:56] *** Joins: SCV______
[19:12:53] *** Quits: GerbilSof (Windows must now restart because the Remote Procedure Call (RPC) service terminated unexpectedly.)
[19:22:34] *** Joins: GerbilSof
[19:40:08] *** Joins: fgsfds
[19:40:23] *** Quits: rjeli____ (Ping timeout: 1230 seconds)
[19:40:36] *** Joins: rjeli____
[19:43:28] *** Quits: GerbilSof (Quit: Windows must now restart because the Remote Procedure Call (RPC) service terminated unexpectedly.)
[19:52:10] *** Joins: GerbilSof
[19:53:13] *** Quits: SCV______ (Ping timeout: 1230 seconds)
[19:53:29] *** Joins: SCV______
[21:20:43] *** Quits: SCV______ (Ping timeout: 1230 seconds)
[21:20:56] *** Joins: SCV______
[22:03:29] *** Joins: rajkosto
[22:09:58] *** Joins: n87
[22:13:26] *** Quits: rajkosto (Ping timeout: 252 seconds)
[22:48:13] *** Quits: SCV______ (Ping timeout: 1230 seconds)
[22:48:27] *** Joins: SCV______
[23:41:35] *** Quits: flagrama_ (Read error: Connection reset by peer)
[23:42:12] *** Quits: SCV______ (Read error: Connection reset by peer)
[23:42:25] *** Joins: SCV______
[23:53:04] *** Joins: flagrama_
[23:54:08] *** Quits: rjeli____ (Ping timeout: 1230 seconds)
[23:54:21] *** Joins: rjeli____
