[00:10:51] *** Joins: n87_2
[00:12:51] *** Quits: n87 (Ping timeout: 265 seconds)
[00:13:20] *** Quits: thomasnet (Ping timeout: 265 seconds)
[00:14:07] *** Joins: thomasnet
[00:21:54] *** Quits: n87_2 (Read error: Connection reset by peer)
[00:48:23] *** Quits: SCV______ (Ping timeout: 1230 seconds)
[00:48:37] *** Joins: SCV______
[02:15:53] *** Quits: SCV______ (Ping timeout: 1230 seconds)
[02:16:06] *** Joins: SCV______
[02:41:48] *** Joins: refs
[03:04:36] *** Quits: SCV______ (Read error: Connection timed out)
[03:18:59] *** Joins: SCV______
[04:00:53] *** Quits: rjeli____ (Ping timeout: 1230 seconds)
[04:01:06] *** Joins: rjeli____
[04:16:34] *** Quits: fgsfds (Ping timeout: 376 seconds)
[04:35:44] *** Quits: refs (Quit: refs)
[04:55:28] *** Quits: ihaveamac (Quit: fail)
[04:57:04] *** Joins: ihaveamac
[07:20:28] *** Quits: j0hny5 (Read error: Operation timed out)
[07:21:59] *** Joins: GrecKo
[07:22:10] *** Quits: Pokemod97 (Read error: Operation timed out)
[07:25:20] *** Quits: nich (Ping timeout: 600 seconds)
[07:27:50] *** Quits: GrecKo_ (Ping timeout: 600 seconds)
[07:29:54] *** Quits: changoXPR (Read error: Operation timed out)
[07:30:18] *** Joins: changO-
[07:32:58] *** Quits: CCFL_Man (Read error: Operation timed out)
[07:36:36] *** Joins: nich
[07:37:11] *** Joins: Pokemod97
[07:37:37] *** Joins: j0hny5
[08:11:02] *** Quits: lilibox (Read error: Connection reset by peer)
[08:28:58] *** Quits: Pokemod97 (Read error: Operation timed out)
[08:32:08] *** Quits: nich (Read error: Connection reset by peer)
[08:32:08] *** Joins: Pokemod97
[08:40:17] *** Joins: nich
[08:47:18] *** Quits: rjeli____ (Ping timeout: 1230 seconds)
[08:47:31] *** Joins: rjeli____
[09:56:00] *** Joins: n87
[10:11:18] *** Quits: SCV______ (Ping timeout: 1230 seconds)
[10:11:33] *** Joins: SCV______
[12:12:46] *** Quits: n87 (Read error: Connection reset by peer)
[12:25:59] *** Quits: gruetzkop (Remote host closed the connection)
[12:30:43] *** Quits: rjeli____ (Ping timeout: 1230 seconds)
[12:30:56] *** Joins: rjeli____
[12:34:01] *** Joins: gruetzkop
[12:38:53] *** Quits: SCV______ (Ping timeout: 1230 seconds)
[12:39:06] *** Joins: SCV______
[14:19:56] *** Joins: fgsfds
[15:35:03] *** Joins: ground__
[15:58:58] *** Quits: rjeli____ (Ping timeout: 1230 seconds)
[15:59:15] *** Joins: rjeli____
[16:13:20] *** Quits: ground__ (se.hub efnet.deic.eu)
[16:13:20] *** Quits: RaYmAn (se.hub efnet.deic.eu)
[16:13:20] *** Quits: jsa_ (se.hub efnet.deic.eu)
[16:13:20] *** Quits: lemmy (se.hub efnet.deic.eu)
[16:15:52] *** Joins: ground_
[16:18:16] *** Joins: ground__
[16:19:20] *** Quits: ground__ (Read error: Operation timed out)
[16:20:21] *** Joins: thejsa
[16:21:12] *** Joins: CCFL_Man
[16:44:58] *** Joins: RaYmAn
[17:05:28] *** Quits: rjeli____ (Ping timeout: 1230 seconds)
[17:05:41] *** Joins: rjeli____
[17:10:31] *** Joins: lemmy
[17:19:49] *** Quits: ground_ (Remote host closed the connection)
[17:56:44] *** Joins: n87
[18:09:29] *** Joins: refs
[18:13:25] *** Quits: SCV______ (Read error: Connection timed out)
[18:23:44] *** Joins: SCV______
[18:55:50] *** Quits: n87 (Read error: Connection reset by peer)
[19:57:47] *** Quits: CCFL_Man (Quit: leaving)
[20:04:20] <plutobot> Wiki | Page changed: Bus services | User: Hexkyz | https://switchbrew.org/w/index.php?curid=152&diff=11010&oldid=10906
[21:32:13] *** Joins: n87
[22:24:33] *** Quits: rjeli____ (Ping timeout: 1230 seconds)
[22:24:46] *** Joins: rjeli____
[23:44:40] *** Quits: n87 (Read error: Connection reset by peer)
