[00:02:33] *** Quits: rjeli____ (Ping timeout: 1230 seconds)
[00:02:46] *** Joins: rjeli____
[00:27:38] *** Quits: SCV______ (Ping timeout: 1230 seconds)
[00:27:51] *** Joins: SCV______
[03:18:21] *** Joins: CCFL_Man
[05:02:57] *** Quits: refs (Quit: refs)
[05:15:48] *** Quits: rjeli____ (Ping timeout: 1230 seconds)
[05:16:02] *** Joins: rjeli____
[05:22:13] *** Quits: SCV______ (Ping timeout: 1230 seconds)
[05:22:26] *** Joins: SCV______
[06:35:51] *** Joins: changoXPR
[06:42:43] *** Quits: changO- (Ping timeout: 745 seconds)
[08:00:13] *** Quits: fgsfds (Read error: Connection reset by peer)
[10:57:52] *** Joins: n87
[11:06:19] *** Quits: Kyouju (Quit: ZNC 1.7.2+deb3~bpo9+1 - https://znc.in)
[11:08:27] *** Joins: Kyouju
[12:58:12] *** Quits: IShaDoWl ()
[12:59:23] *** Joins: IShaDoWl
[13:29:13] *** Quits: n87 (Read error: Connection reset by peer)
[13:54:01] *** Joins: refs
[14:21:41] *** Joins: m4ts_
[14:24:49] *** Quits: m4ts (Ping timeout: 265 seconds)
[16:06:16] *** Quits: |Shadow| (Ping timeout: 260 seconds)
[16:08:46] *** Joins: |Shadow|
[16:50:36] *** Joins: n87
[16:52:39] *** Quits: n87 (Read error: Connection reset by peer)
[17:36:02] *** Quits: Surkow (Quit: 418 I'm a teapot - NOP NOP NOP)
[17:47:05] *** Joins: Surkow
[19:15:04] *** Joins: fgsfds
[19:35:41] *** Joins: n87
[20:39:30] *** Quits: Behemoth (Ping timeout: 376 seconds)
[20:40:26] *** Quits: Cu3PO42 (Ping timeout: 376 seconds)
[20:41:26] *** Joins: Behemoth
[20:44:36] *** Joins: Cu3PO42
[23:00:43] *** Joins: oreo639
[23:13:24] *** Joins: rajkosto
[23:35:23] *** Quits: n87 (Read error: Connection reset by peer)
