[00:08:09] *** Quits: rajkosto (Read error: Connection reset by peer)
[00:20:02] *** Quits: oreo639 (Quit: Quit)
[02:52:49] *** Quits: GerbilSof (Quit: Windows must now restart because the Remote Procedure Call (RPC) service terminated unexpectedly.)
[02:53:08] *** Joins: GerbilSof
[04:40:48] *** Joins: oreo639
[04:45:22] *** Quits: refs (Quit: refs)
[05:08:28] *** Quits: Cu3PO42 (Ping timeout: 745 seconds)
[05:14:51] *** Joins: Cu3PO42
[08:12:18] *** Quits: giglife (Read error: Operation timed out)
[08:20:17] <plutobot> Wiki | Page changed: 12.0.3 | User: Moosehunter | https://switchbrew.org/w/index.php?curid=437&diff=11011&oldid=10986
[08:28:32] *** Joins: giglife
[10:44:35] *** Quits: IShaDoWl (Ping timeout: 604 seconds)
[10:45:01] *** Joins: IShaDoWl
[11:00:42] *** Joins: giglife_
[11:01:40] *** Quits: giglife (Ping timeout: 265 seconds)
[11:01:40] *** giglife_ is now known as giglife
[11:29:19] *** Quits: fgsfds (Read error: Connection reset by peer)
[11:35:30] *** Quits: oreo639 (Ping timeout: 252 seconds)
[12:55:07] *** Joins: lilibox
[13:19:28] *** Joins: m4ts
[13:19:54] *** Quits: m4ts_ (Ping timeout: 265 seconds)
[14:02:45] *** Joins: n87
[16:27:33] *** Joins: uyjulian_
[16:36:13] *** Quits: uyjulian (Ping timeout: 745 seconds)
[16:36:13] *** uyjulian_ is now known as uyjulian
[17:04:21] *** Joins: Mimoja8
[17:11:46] *** Quits: Mimoja (se.hub irc.du.se)
[17:11:46] *** Quits: ris2z (se.hub irc.du.se)
[17:11:46] *** Quits: tchpriest (se.hub irc.du.se)
[18:13:45] <plutobot> Wiki | Page changed: NV services | User: ByLaws | https://switchbrew.org/w/index.php?curid=88&diff=11012&oldid=10955
[18:57:22] <plutobot> Wiki | Page changed: NV services | User: Hexkyz | https://switchbrew.org/w/index.php?curid=88&diff=11013&oldid=11012
[20:59:08] *** Joins: fgsfds
[21:33:20] *** Joins: refs
[22:08:24] *** Joins: oreo639
[22:51:41] *** Quits: oreo639 (Ping timeout: 492 seconds)
[23:02:31] *** Quits: DacoTaco (Quit: ZNC 1.6.5+deb1 - http://znc.in)
[23:03:57] *** Joins: oreo639
[23:05:03] *** Joins: DacoTaco
[23:07:20] *** Quits: DacoTaco (Client Quit)
[23:08:07] *** Joins: DacoTaco
[23:36:43] *** Quits: DacoTaco (Quit: ZNC 1.6.5+deb1 - http://znc.in)
[23:36:55] *** Joins: DacoTaco
[23:37:08] *** Quits: n87 (Read error: Connection reset by peer)
[23:39:09] *** Quits: DacoTaco (Client Quit)
[23:40:55] *** Joins: DacoTaco
