[00:07:39] *** Joins: ground_
[01:12:09] *** Quits: ground_ (Remote host closed the connection)
[01:15:16] *** Joins: ground_
[02:05:17] <yls8bot> https://yls8.mtheall.com/ninupdates/reports.php?date=2021-07-06_00-05-06&sys=hac 
[02:05:38] *** Quits: fgsfds (Remote host closed the connection)
[02:05:47] <yls8bot> Update-details for the following hac report is now available/updated: https://yls8.mtheall.com/ninupdates/reports.php?date=2021-07-06_00-05-06&sys=hac Sysmodule SwIPC-generation .info files for the following hac report is now available/updated: https://yls8.mtheall.com/ninupdates/reports.php?date=2021-07-06_00-05-06&sys=hac 
[02:06:07] *** Joins: fgsfds
[02:09:20] <ihaveamac> 12.1.0
[02:15:12] <yls8bot> https://yls8.mtheall.com/ninupdates/reports.php?date=2021-07-06_00-15-05&sys=hac 
[02:15:13] <plutobot> Wiki | Page changed: News/Archive | User: Yls8bot | https://switchbrew.org/w/index.php?curid=114&diff=11015&oldid=10988
[02:15:13] <plutobot> Wiki | Page changed: News | User: Yls8bot | https://switchbrew.org/w/index.php?curid=41&diff=11014&oldid=10989
[02:15:23] <plutobot> Wiki | Page changed: FirmwareNews | User: Yls8bot | https://switchbrew.org/w/index.php?curid=43&diff=11018&oldid=10974
[02:15:23] <plutobot> Wiki | New page: 12.1.0 | User: Yls8bot | https://switchbrew.org/w/index.php?curid=438
[02:15:23] <plutobot> Wiki | Page changed: Template:NavboxVersions | User: Yls8bot | https://switchbrew.org/w/index.php?curid=183&diff=11016&oldid=10972
[02:15:37] <yls8bot> Update-details for the following hac report is now available/updated: https://yls8.mtheall.com/ninupdates/reports.php?date=2021-07-06_00-15-05&sys=hac Sysmodule SwIPC-generation .info files for the following hac report is now available/updated: https://yls8.mtheall.com/ninupdates/reports.php?date=2021-07-06_00-15-05&sys=hac 
[02:21:31] <plutobot> Wiki | Page changed: System Version Title | User: Zachycatgames | https://switchbrew.org/w/index.php?curid=116&diff=11019&oldid=11008
[02:28:50] <plutobot> Wiki | Page changed: 12.1.0 | User: yls8 | https://switchbrew.org/w/index.php?curid=438&diff=11020&oldid=11017
[02:32:15] <plutobot> Wiki | Page changed: Title list | User: Zachycatgames | https://switchbrew.org/w/index.php?curid=84&diff=11021&oldid=11006
[02:37:38] *** Quits: ground_ (Remote host closed the connection)
[02:48:35] *** Quits: refs (Quit: refs)
[03:23:27] *** Quits: fgsfds (Read error: Connection reset by peer)
[03:51:56] <plutobot> Wiki | Page changed: 12.0.3 | User: Moosehunter | https://switchbrew.org/w/index.php?curid=437&diff=11022&oldid=11011
[04:18:03] <yls8bot> Update-details for the following hac report is now available/updated: https://yls8.mtheall.com/ninupdates/reports.php?date=2021-07-06_00-05-06&sys=hac 
[04:33:03] *** Quits: Cu3PO42 (se.hub ny.us.hub)
[04:33:03] *** Quits: ihaveamac (se.hub ny.us.hub)
[04:33:03] *** Quits: nich (se.hub ny.us.hub)
[04:33:03] *** Quits: Pokemod97 (se.hub ny.us.hub)
[04:33:03] *** Quits: j0hny5 (se.hub ny.us.hub)
[04:33:03] *** Quits: |Shadow| (se.hub ny.us.hub)
[04:33:03] *** Quits: changoXPR (se.hub ny.us.hub)
[04:33:03] *** Quits: GrecKo (se.hub ny.us.hub)
[04:33:03] *** Quits: lameboy (se.hub ny.us.hub)
[04:33:03] *** Quits: oldtopman (se.hub ny.us.hub)
[04:33:03] *** Quits: DacoTaco (se.hub ny.us.hub)
[04:33:03] *** Quits: WntrMute (se.hub ny.us.hub)
[04:33:03] *** Quits: fincs (se.hub ny.us.hub)
[04:33:03] *** Quits: zombie343 (se.hub ny.us.hub)
[04:33:03] *** Quits: giglife (se.hub ny.us.hub)
[04:33:03] *** Quits: Surkow (se.hub ny.us.hub)
[04:33:03] *** Quits: Kyouju (se.hub ny.us.hub)
[04:33:03] *** Quits: cpnc0ke (se.hub ny.us.hub)
[04:33:03] *** Quits: Lightswor (se.hub ny.us.hub)
[04:33:03] *** Quits: Maylay (se.hub ny.us.hub)
[04:33:03] *** Quits: plutobot (se.hub ny.us.hub)
[04:33:03] *** Quits: tpw_rules (se.hub ny.us.hub)
[04:33:03] *** Quits: derk0pf_ (se.hub ny.us.hub)
[04:33:03] *** Quits: eggy (se.hub ny.us.hub)
[04:33:03] *** Quits: Jdbye (se.hub ny.us.hub)
[04:33:03] *** Quits: TurtleP (se.hub ny.us.hub)
[04:33:03] *** Quits: omlet05 (se.hub ny.us.hub)
[04:33:03] *** Quits: yls8bot (se.hub ny.us.hub)
[04:33:03] *** Quits: yellows8 (se.hub ny.us.hub)
[04:40:45] *** Joins: yellows8
[04:40:45] *** Joins: yls8bot
[04:40:45] *** Joins: omlet05
[04:40:45] *** Joins: TurtleP
[04:40:45] *** Joins: Jdbye
[04:40:45] *** Joins: eggy
[04:40:45] *** Joins: derk0pf_
[04:40:45] *** Joins: tpw_rules
[04:40:45] *** Joins: plutobot
[04:40:45] *** Joins: Maylay
[04:40:45] *** Joins: Lightswor
[04:40:45] *** Joins: cpnc0ke
[04:40:45] *** Joins: zombie343
[04:40:45] *** Joins: fincs
[04:40:45] *** Joins: oldtopman
[04:40:45] *** Joins: WntrMute
[04:40:45] *** Joins: lameboy
[04:40:45] *** Joins: GrecKo
[04:40:45] *** Joins: changoXPR
[04:40:45] *** Joins: Kyouju
[04:40:45] *** Joins: Surkow
[04:40:45] *** Joins: giglife
[04:40:45] *** Joins: DacoTaco
[04:40:45] *** Joins: |Shadow|
[04:40:45] *** Joins: Cu3PO42
[04:40:45] *** Joins: nich
[04:40:45] *** Joins: Pokemod97
[04:40:45] *** Joins: j0hny5
[04:40:45] *** Joins: ihaveamac
[04:40:45] *** ny.us.hub sets mode: +ooo yellows8 yls8bot WntrMute
[04:40:57] <plutobot> Wiki | Page changed: 12.1.0 | User: yls8 | https://switchbrew.org/w/index.php?curid=438&diff=11024&oldid=11023
[04:50:40] *** Quits: |Shadow| ()
[04:51:12] *** Joins: |Shadow|
[05:00:32] <plutobot> Wiki | Page changed: 12.1.0 | User: yls8 | https://switchbrew.org/w/index.php?curid=438&diff=11025&oldid=11024
[06:22:45] <plutobot> Wiki | Page changed: Bluetooth Driver services | User: yls8 | https://switchbrew.org/w/index.php?curid=161&diff=11026&oldid=10965
[06:42:40] <plutobot> Wiki | Page changed: 12.1.0 | User: yls8 | https://switchbrew.org/w/index.php?curid=438&diff=11027&oldid=11025
[07:30:00] <plutobot> Wiki | Page changed: Switch System Flaws | User: yls8 | https://switchbrew.org/w/index.php?curid=14&diff=11028&oldid=10941
[07:30:00] *** Quits: lilibox (Read error: Connection reset by peer)
[07:30:45] *** Joins: lilibox
[07:59:27] <plutobot> Wiki | Page changed: 12.1.0 | User: yls8 | https://switchbrew.org/w/index.php?curid=438&diff=11029&oldid=11027
[08:00:07] <plutobot> Wiki | Page changed: 12.1.0 | User: yls8 | https://switchbrew.org/w/index.php?curid=438&diff=11030&oldid=11029
[08:10:00] <plutobot> Wiki | Page changed: 12.1.0 | User: yls8 | https://switchbrew.org/w/index.php?curid=438&diff=11031&oldid=11030
[08:54:29] *** Joins: n87
[11:53:10] *** Quits: oreo639 (Quit: No Ping reply in 180 seconds.)
[11:53:29] *** Joins: oreo639
[12:19:01] *** Quits: n87 (Read error: Connection reset by peer)
[13:12:13] *** Quits: oreo639 (Ping timeout: 492 seconds)
[15:08:52] <ihaveamac> https://youtu.be/4mHq6Y7JSmg
[16:26:19] <plutobot> Wiki | Page changed: System Versions | User: yls8 | https://switchbrew.org/w/index.php?curid=105&diff=11032&oldid=10936
[16:51:36] *** Joins: n87
[17:19:16] <plutobot> Wiki | Page changed: Product Information | User: Hexkyz | https://switchbrew.org/w/index.php?curid=384&diff=11033&oldid=10953
[17:21:09] <plutobot> Wiki | Page changed: Product Information | User: Hexkyz | https://switchbrew.org/w/index.php?curid=384&diff=11034&oldid=11033
[17:24:13] <plutobot> Wiki | Page changed: Product Information | User: Zachycatgames | https://switchbrew.org/w/index.php?curid=384&diff=11035&oldid=11034
[17:24:33] <plutobot> Wiki | Page changed: Product Information | User: Zachycatgames | https://switchbrew.org/w/index.php?curid=384&diff=11036&oldid=11035
[17:38:10] <plutobot> Wiki | Page changed: Product Information | User: Hexkyz | https://switchbrew.org/w/index.php?curid=384&diff=11037&oldid=11036
[17:54:41] *** Joins: fgsfds
[18:39:48] *** Quits: Pokemod97 (Ping timeout (120 seconds))
[18:57:18] *** Parts: lilibox ()
[19:06:52] <plutobot> Wiki | Page changed: Package2 | User: Hexkyz | https://switchbrew.org/w/index.php?curid=279&diff=11038&oldid=10946
[19:08:44] <plutobot> Wiki | Page changed: Fuses | User: Hexkyz | https://switchbrew.org/w/index.php?curid=186&diff=11039&oldid=11007
[19:10:57] <plutobot> Wiki | Page changed: WLAN services | User: yls8 | https://switchbrew.org/w/index.php?curid=324&diff=11040&oldid=10755
[19:13:51] <plutobot> Wiki | Page changed: NCA | User: Hexkyz | https://switchbrew.org/w/index.php?curid=168&diff=11041&oldid=10727
[20:22:51] *** Joins: Pokemod97
[21:04:28] *** Joins: refs
[21:30:57] *** Joins: oreo639
[22:35:43] *** Joins: changO-
[22:38:46] *** Quits: changoXPR (Ping timeout: 260 seconds)
[22:48:30] <plutobot> Wiki | Page changed: 12.1.0 | User: yls8 | https://switchbrew.org/w/index.php?curid=438&diff=11042&oldid=11031
[23:03:08] *** Quits: oreo639 (Read error: Operation timed out)
[23:03:12] *** Quits: Extrems (Remote host closed the connection)
[23:03:29] *** Joins: Extrems
[23:05:05] *** Joins: oreo639
[23:48:02] *** Quits: n87 (Read error: Connection reset by peer)
