[00:59:14] <plutobot> Wiki | Page changed: USB services | User: yls8 | https://switchbrew.org/w/index.php?curid=195&diff=11043&oldid=10723
[01:00:50] *** Joins: Surkow_
[01:04:20] *** Quits: fgsfds (Read error: Connection reset by peer)
[01:04:45] *** Joins: fgsfds
[01:06:17] *** Quits: Surkow (Read error: Operation timed out)
[01:19:08] *** Joins: ground_
[02:38:27] *** Quits: refs (Quit: refs)
[03:14:49] *** Quits: ground_ (Remote host closed the connection)
[04:40:11] *** Quits: fgsfds (Read error: Connection reset by peer)
[05:24:38] <plutobot> GitHub | New PR: ChargerType -... | User: kenballus | https://github.com/switchbrew/switch-examples/pull/90
[10:39:34] *** Joins: n87
[12:58:36] *** Quits: oreo639 (Read error: Operation timed out)
[13:15:20] *** Quits: n87 (Read error: Connection reset by peer)
[16:36:42] *** Surkow_ is now known as Surkow
[16:55:36] <plutobot> Wiki | Page changed: NV services | User: ByLaws | https://switchbrew.org/w/index.php?curid=88&diff=11044&oldid=11013
[20:40:19] *** Quits: Pokemod97 (Ping timeout (120 seconds))
[21:23:12] *** Joins: refs
[21:42:48] *** Joins: oreo639
[22:07:26] *** Joins: changoXPR
[22:08:06] *** Quits: changO- (Ping timeout: 260 seconds)
[22:55:21] *** Quits: changoXPR (Ping timeout: 260 seconds)
[23:26:47] *** Joins: fgsfds
[23:43:28] *** Joins: changO-
