[02:16:06] *** Joins: ground_
[02:53:08] *** Quits: refs (Quit: refs)
[03:39:09] *** Quits: ground_ (Remote host closed the connection)
[04:07:11] *** Joins: jn_
[04:12:38] *** Quits: jn (Ping timeout: 615 seconds)
[06:28:56] *** Quits: |Shadow| ()
[06:44:55] *** Joins: |Shadow|
[06:49:22] *** Quits: fgsfds (Ping timeout: 376 seconds)
[07:03:04] *** Quits: refsw (Read error: Operation timed out)
[07:03:04] *** Quits: klock (Read error: Connection reset by peer)
[07:03:36] *** Joins: refsw
[07:05:36] *** Joins: klock
[09:34:52] *** Quits: IShaDoWl ()
[09:52:19] *** Joins: IShaDoWl
[10:14:25] *** Joins: rajkosto
[11:34:48] *** Quits: oreo639 (Quit: Quit)
[12:46:53] *** Quits: rajkosto (Read error: Connection reset by peer)
[14:20:31] *** Joins: fgsfds
[14:26:49] *** Quits: Retr0id (Read error: Connection reset by peer)
[14:26:53] *** Joins: Retr0id
[14:36:00] *** Quits: oldtopman (Read error: Operation timed out)
[14:51:18] *** Joins: oldtopman
[14:57:35] *** Quits: fgsfds (Remote host closed the connection)
[14:57:50] *** Joins: fgsfds
[15:00:41] *** Quits: fgsfds (Remote host closed the connection)
[15:00:48] *** Joins: fgsfds
[15:14:10] *** Quits: fgsfds (Read error: Connection reset by peer)
[15:15:08] *** Joins: fgsfds
[15:18:26] *** Quits: fgsfds (Remote host closed the connection)
[15:18:44] *** Joins: fgsfds
[15:21:43] *** Joins: figgis_
[15:30:11] *** Quits: fgsfds (Ping timeout: 604 seconds)
[16:40:09] *** Joins: Pokemod97
[18:03:51] *** Quits: figgis_ (Read error: Connection reset by peer)
[18:07:09] *** Joins: fgsfds
[21:07:27] *** Joins: oreo639
[21:34:45] *** Joins: refs
[21:57:12] <plutobot> Wiki | Page changed: NV services | User: Hexkyz | https://switchbrew.org/w/index.php?curid=88&diff=11045&oldid=11044
[21:59:15] <plutobot> Wiki | Page changed: NV services | User: Hexkyz | https://switchbrew.org/w/index.php?curid=88&diff=11046&oldid=11045
[22:08:06] <plutobot> Wiki | Page changed: NV services | User: Hexkyz | https://switchbrew.org/w/index.php?curid=88&diff=11047&oldid=11046
[22:13:40] *** Joins: oreo639_
[22:19:05] *** Quits: oreo639 (Ping timeout: 600 seconds)
[23:01:31] <plutobot> GitHub | New commit | User: Ben Kallus | https://github.com/switchbrew/switch-examples/commit/5980937bdf
[23:42:19] *** Joins: figgis_
[23:46:14] *** Quits: fgsfds (Ping timeout: 376 seconds)
