[00:02:46] *** Joins: figgis__
[00:06:46] *** Quits: figgis_ (Ping timeout: 376 seconds)
[01:43:33] *** Joins: ground_
[01:46:39] *** Quits: ground_ (Read error: Connection reset by peer)
[01:46:48] *** Joins: ground_
[02:46:30] *** Quits: refs (Quit: refs)
[03:16:15] *** Quits: ground_ (Remote host closed the connection)
[03:41:54] *** Quits: figgis__ (Ping timeout: 376 seconds)
[07:17:31] *** Joins: fgsfds
[09:07:10] *** Quits: fgsfds (Ping timeout: 376 seconds)
[10:01:21] *** Quits: TuxSH (Connection closed)
[10:04:49] *** Quits: Stary (Read error: Operation timed out)
[10:04:50] *** Quits: blasty (Read error: Operation timed out)
[10:04:51] *** Quits: klock (Read error: Operation timed out)
[10:05:03] *** Quits: Mimoja8 (Read error: Operation timed out)
[10:05:11] *** Joins: klock
[10:05:42] *** Quits: lex (Read error: Operation timed out)
[10:06:08] *** Joins: refsw`
[10:06:09] *** Quits: rmaw (Read error: Operation timed out)
[10:06:11] *** Quits: freundTec (Write error: Broken pipe)
[10:06:19] *** Joins: Stary
[10:06:59] *** Quits: d3m3vilur (Read error: Operation timed out)
[10:07:34] *** Quits: refsw (Read error: Operation timed out)
[10:08:14] *** Joins: freundTec
[10:11:06] *** Quits: Sentry (Read error: Operation timed out)
[10:11:16] *** Quits: Retr0id (Read error: Operation timed out)
[10:15:04] *** Joins: Snetry
[10:16:44] *** Joins: rmaw
[10:17:17] *** Joins: TuxSH
[10:19:13] *** Joins: blasty
[10:20:55] *** Joins: lex
[10:21:57] *** Joins: d3m3vilur
[10:32:15] *** Quits: blasty (Read error: Operation timed out)
[10:34:06] *** Quits: d3m3vilur (Read error: Operation timed out)
[10:43:13] *** Quits: TuxSH (Read error: Connection reset by peer)
[10:43:33] *** Quits: rmaw (Ping timeout: 857 seconds)
[10:50:11] *** Quits: nohit_ (Read error: Operation timed out)
[10:54:13] *** Quits: lex (Read error: Operation timed out)
[10:56:03] *** Quits: Snetry (Read error: Operation timed out)
[11:05:43] *** Joins: n87
[11:09:24] *** Joins: TuxSH
[11:09:27] *** Joins: blasty
[11:09:50] *** Joins: rmaw
[11:10:12] *** Joins: nohit_
[11:10:31] *** Joins: lex
[11:10:56] *** Joins: d3m3vilur
[11:11:23] *** Joins: Snetry
[11:12:58] *** Quits: n87 (Read error: Connection reset by peer)
[12:01:40] *** Quits: |Shadow| ()
[12:03:07] *** Quits: oreo639_ (Quit)
[12:18:29] *** Joins: |Shadow|
[12:19:17] *** Quits: |Shadow| (Read error: Connection reset by peer)
[12:24:14] *** Joins: |Shadow|
[15:54:30] *** Joins: Sentry-
[15:58:30] *** Quits: Snetry (Read error: Operation timed out)
[16:38:59] <plutobot> Wiki | Page changed: System Version Title | User: Zachycatgames | https://switchbrew.org/w/index.php?curid=116&diff=11048&oldid=11019
[16:44:50] *** Joins: n87
[17:01:47] *** Quits: Lightswor (Read error: Connection reset by peer)
[17:41:09] *** Quits: changO- (Read error: Operation timed out)
[17:48:00] *** Joins: changO-
[18:13:49] <plutobot> Wiki | Page changed: PSC services | User: Hexkyz | https://switchbrew.org/w/index.php?curid=271&diff=11049&oldid=10961
[18:19:36] <plutobot> Wiki | Page changed: Error codes | User: Hexkyz | https://switchbrew.org/w/index.php?curid=82&diff=11050&oldid=11004
[18:27:18] *** Joins: fgsfds
[19:27:31] <plutobot> Wiki | Page changed: USB services | User: Hexkyz | https://switchbrew.org/w/index.php?curid=195&diff=11051&oldid=11043
[20:06:15] *** Joins: Tcm0
