[00:15:03] *** Quits: Tcm0 (Leaving)
[00:25:26] *** Quits: n87 (Read error: Connection reset by peer)
[01:21:13] *** Joins: ground_
[01:26:53] *** Quits: ground_ (Quit: Leaving)
[01:41:28] *** Quits: changO- (Ping timeout: 745 seconds)
[02:08:09] *** Joins: tomha66
[02:09:43] *** Quits: tomha66 (Remote host closed the connection)
[03:53:41] *** Joins: Lightswor
[03:56:18] *** Joins: Hyralak
[04:05:43] *** Joins: changO-
[05:01:25] *** Joins: changoXPR
[05:06:49] *** Quits: changO- (Read error: Operation timed out)
[05:16:33] *** Joins: zini
[05:18:03] *** Joins: Extrems`
[05:18:05] *** Joins: sh0e-
[05:18:15] *** Joins: TAL_
[05:18:24] *** Quits: Phils3r (Quit: ZNC - https://znc.in)
[05:18:24] *** Quits: sh0e (Write error: Connection reset by peer)
[05:18:24] *** Quits: zini- (Write error: Connection reset by peer)
[05:18:27] *** Quits: Normmatt (Read error: Connection reset by peer)
[05:18:27] *** Quits: gruetzkop (Write error: Connection reset by peer)
[05:18:27] *** Quits: TAL (Write error: Connection reset by peer)
[05:18:35] *** Quits: derrek (Read error: Connection reset by peer)
[05:18:52] *** Joins: uyjulian_
[05:19:18] *** Joins: dibas_
[05:19:33] *** Joins: Whovian93
[05:20:23] *** Joins: jn
[05:21:39] *** Joins: gruetzkop
[05:22:57] *** Joins: changO-
[05:23:49] *** Joins: derrek
[05:25:28] *** Quits: jn_ (Ping timeout: 615 seconds)
[05:26:03] *** Joins: Normmatt
[05:26:38] *** Quits: DoozerBot (Ping timeout: 745 seconds)
[05:27:13] *** Quits: Extrems (Ping timeout: 745 seconds)
[05:27:13] *** Quits: dibas (Ping timeout: 745 seconds)
[05:27:14] *** dibas_ is now known as dibas
[05:27:32] *** Extrems` is now known as Extrems
[05:28:19] *** Joins: DoozerBot
[05:30:08] *** Quits: changoXPR (Ping timeout: 745 seconds)
[05:31:18] *** Quits: uyjulian (Ping timeout: 745 seconds)
[05:31:18] *** Quits: rjeli____ (Ping timeout: 1230 seconds)
[05:31:19] *** Quits: Genolo (Ping timeout: 745 seconds)
[05:31:19] *** Quits: Whovian9- (Ping timeout: 745 seconds)
[05:31:19] *** uyjulian_ is now known as uyjulian
[05:31:37] *** Joins: Genolo
[05:34:02] *** Joins: Phils3r
[05:44:08] *** Quits: hexkyz (Ping timeout: 745 seconds)
[05:46:22] *** Joins: hexkyz
[05:49:38] *** Joins: rjeli____
[05:52:25] *** Quits: Extrems (Ping timeout: 600 seconds)
[05:52:33] *** Joins: Extrems
[06:29:22] *** Quits: fgsfds (Read error: Connection reset by peer)
[07:21:33] *** Quits: hexkyz (Ping timeout: 745 seconds)
[07:21:51] *** Joins: hexkyz
[08:42:09] *** Quits: Hyralak (Remote host closed the connection)
[08:42:35] *** Joins: Hyralak
[08:48:31] *** Quits: Hyralak (Remote host closed the connection)
[08:48:55] *** Joins: Hyralak
[09:17:40] *** Quits: Genolo (se.hub irc.efnet.nl)
[09:17:40] *** Quits: Sentry- (se.hub irc.efnet.nl)
[09:17:40] *** Quits: d3m3vilur (se.hub irc.efnet.nl)
[09:17:40] *** Quits: lex (se.hub irc.efnet.nl)
[09:17:40] *** Quits: nohit_ (se.hub irc.efnet.nl)
[09:17:40] *** Quits: rmaw (se.hub irc.efnet.nl)
[09:17:40] *** Quits: blasty (se.hub irc.efnet.nl)
[09:17:40] *** Quits: TuxSH (se.hub irc.efnet.nl)
[09:22:58] *** Joins: Genolo
[09:22:58] *** Joins: Sentry-
[09:22:58] *** Joins: d3m3vilur
[09:22:58] *** Joins: lex
[09:22:58] *** Joins: nohit_
[09:22:58] *** Joins: rmaw
[09:22:58] *** Joins: blasty
[09:22:58] *** Joins: TuxSH
[09:39:50] *** TAL_ is now known as TAL
[09:40:58] *** Quits: SCV______ (Ping timeout: 1230 seconds)
[09:48:01] *** Joins: SCV______
[10:50:36] *** Joins: n87
[11:08:28] *** Quits: hexkyz (Ping timeout: 745 seconds)
[11:09:16] *** Joins: hexkyz
[11:22:28] *** Quits: hexkyz (Ping timeout: 745 seconds)
[11:23:18] *** Joins: hexkyz
[11:46:23] *** Quits: SCV______ (Ping timeout: 1230 seconds)
[11:46:37] *** Joins: SCV______
[12:45:53] *** Quits: hexkyz (Ping timeout: 745 seconds)
[12:46:43] *** Joins: hexkyz
[13:03:58] *** Quits: hexkyz (Ping timeout: 745 seconds)
[13:04:19] *** Joins: hexkyz
[13:17:23] *** Quits: hexkyz (Ping timeout: 745 seconds)
[13:18:13] *** Joins: hexkyz
[13:31:23] *** Quits: hexkyz (Ping timeout: 745 seconds)
[13:33:12] *** Joins: hexkyz
[13:45:58] *** Quits: hexkyz (Ping timeout: 745 seconds)
[13:47:14] *** Joins: hexkyz
[13:55:18] *** Quits: SCV______ (Ping timeout: 1230 seconds)
[13:55:31] *** Joins: SCV______
[13:59:58] *** Quits: hexkyz (Ping timeout: 745 seconds)
[14:00:16] *** Joins: hexkyz
[14:13:23] *** Quits: hexkyz (Ping timeout: 745 seconds)
[14:13:43] *** Joins: hexkyz
[14:26:48] *** Quits: hexkyz (Ping timeout: 745 seconds)
[14:27:35] *** Joins: hexkyz
[14:30:18] *** Quits: SCV______ (Ping timeout: 1230 seconds)
[14:30:31] *** Joins: SCV______
[14:39:39] *** Joins: hexkyz_
[14:40:13] *** Quits: hexkyz (Ping timeout: 745 seconds)
[14:52:28] *** Quits: hexkyz_ (Ping timeout: 745 seconds)
[14:52:47] *** Joins: hexkyz
[15:05:53] *** Quits: hexkyz (Ping timeout: 745 seconds)
[15:06:13] *** Joins: hexkyz
[15:23:58] *** Quits: hexkyz (Ping timeout: 745 seconds)
[15:27:46] *** Joins: hexkyz
[16:00:08] *** Quits: SCV______ (Ping timeout: 1230 seconds)
[16:00:21] *** Joins: SCV______
[16:12:58] *** Quits: hexkyz (Ping timeout: 745 seconds)
[16:13:45] *** Joins: hexkyz
[16:31:38] *** Quits: hexkyz (Ping timeout: 745 seconds)
[16:32:00] *** Joins: hexkyz
[16:45:03] *** Quits: n87 (Read error: Connection reset by peer)
[17:45:45] *** Joins: fgsfds
[17:57:03] *** Joins: refs
[18:30:54] *** Joins: changoXPR
[18:34:52] *** Quits: changO- (Read error: Operation timed out)
[19:47:10] <plutobot> Wiki | Page changed: Title list | User: Zachycatgames | https://switchbrew.org/w/index.php?curid=84&diff=11052&oldid=11021
[22:38:13] <plutobot> Wiki | Page changed: PSC services | User: Hexkyz | https://switchbrew.org/w/index.php?curid=271&diff=11053&oldid=11049
[22:51:27] *** Quits: changoXPR (Ping timeout: 496 seconds)
[23:11:26] <plutobot> Wiki | Page changed: System Version Title | User: Hexkyz | https://switchbrew.org/w/index.php?curid=116&diff=11054&oldid=11048
[23:49:24] *** Joins: changO-
