[01:27:43] *** Quits: hexkyz (Ping timeout: 745 seconds)
[01:30:04] *** Joins: hexkyz
[01:39:53] *** Joins: changoXPR
[01:46:35] *** Quits: changO- (Read error: Operation timed out)
[01:53:58] *** Quits: hexkyz (Ping timeout: 745 seconds)
[01:55:18] *** Joins: hexkyz
[04:53:43] *** Joins: Snetry
[04:55:03] *** Quits: Sentry- (Read error: Connection refused)
[04:55:15] *** Quits: refs (Quit: refs)
[07:04:32] *** Quits: fgsfds (Read error: Connection reset by peer)
[07:07:24] *** Joins: rajkosto
[07:18:50] <plutobot> Wiki | Page changed: System Version Title | User: Zachycatgames | https://switchbrew.org/w/index.php?curid=116&diff=11055&oldid=11054
[07:30:33] *** Quits: SCV______ (Ping timeout: 1230 seconds)
[07:30:46] *** Joins: SCV______
[08:16:16] *** Quits: oldtopman (Read error: Operation timed out)
[08:28:00] *** Joins: oldtopman
[08:29:49] *** Joins: oreo639
[10:20:21] *** Joins: m4ts_
[10:21:02] *** Quits: m4ts (Read error: Connection reset by peer)
[10:21:42] *** Joins: m4ts
[10:25:00] *** Quits: m4ts_ (Ping timeout: 265 seconds)
[10:35:05] *** Quits: rajkosto (Read error: Connection reset by peer)
[11:38:09] *** Joins: n87
[12:46:09] *** Quits: oreo639 (Read error: No route to host)
[13:35:57] *** Quits: n87 (Read error: Connection reset by peer)
[14:01:55] *** Joins: refs
[15:24:07] *** Joins: tomha66
[16:12:07] *** Joins: fgsfds
[16:12:37] *** Quits: Snetry (Read error: Operation timed out)
[16:30:37] *** Joins: figgis_
[16:34:58] *** Quits: fgsfds (Ping timeout: 376 seconds)
[16:35:42] *** Joins: Snetry
[16:46:18] *** Quits: Snetry (Read error: Operation timed out)
[17:01:02] *** Joins: Snetry
[17:41:42] <plutobot> Wiki | Page changed: System Version Title | User: Zachycatgames | https://switchbrew.org/w/index.php?curid=116&diff=11056&oldid=11055
[18:02:57] *** Quits: GeekShado (Quit: leaving)
[18:03:20] *** Joins: GeekShado
[18:19:08] *** Joins: n87
[19:24:31] <plutobot> Wiki | Page changed: System Version Title | User: Hexkyz | https://switchbrew.org/w/index.php?curid=116&diff=11057&oldid=11056
[21:38:36] *** Joins: changO-
[21:43:38] *** Quits: changoXPR (Read error: Operation timed out)
[23:24:12] *** Quits: n87 (Read error: Connection reset by peer)
