[00:46:08] *** Joins: changoXPR
[00:51:19] *** Quits: changO- (Ping timeout: 501 seconds)
[02:46:47] *** Joins: ggdsge4er
[02:49:22] *** Quits: ggdsge4er (Remote host closed the connection)
[02:52:16] *** Quits: tomha66 (Read error: Operation timed out)
[05:08:13] *** Quits: refs (Quit: refs)
[08:05:58] *** Quits: figgis_ (Ping timeout: 376 seconds)
[08:21:06] *** Joins: n00b604
[08:25:32] *** Quits: n00b604 (Ping timeout: 252 seconds)
[11:32:45] *** Joins: n87
[13:18:25] *** Joins: m4ts_
[13:19:49] *** Quits: m4ts (Ping timeout: 265 seconds)
[14:03:14] *** Joins: TuxSH_
[14:03:14] *** Quits: TuxSH (Read error: Connection reset by peer)
[14:04:42] *** Quits: lex (Read error: Operation timed out)
[14:05:32] *** Joins: lex1
[16:23:07] *** Joins: flotwig
[18:33:03] *** Joins: fgsfds
[19:02:39] <plutobot> Wiki | Page changed: System Version Title | User: Hexkyz | https://switchbrew.org/w/index.php?curid=116&diff=11058&oldid=11057
[19:03:50] <plutobot> Wiki | Page changed: System Version Title | User: Hexkyz | https://switchbrew.org/w/index.php?curid=116&diff=11059&oldid=11058
[19:04:10] <plutobot> Wiki | Page changed: System Version Title | User: Hexkyz | https://switchbrew.org/w/index.php?curid=116&diff=11060&oldid=11059
[19:50:41] *** Joins: balrog
[20:10:13] <plutobot> Wiki | Page changed: System Version Title | User: Zachycatgames | https://switchbrew.org/w/index.php?curid=116&diff=11061&oldid=11060
[21:38:24] <plutobot> Wiki | Page changed: Title list | User: Zachycatgames | https://switchbrew.org/w/index.php?curid=84&diff=11062&oldid=11052
[21:39:16] *** Quits: n87 (Read error: Connection reset by peer)
[21:40:00] *** Joins: refs
[22:08:19] *** Joins: changO-
[22:13:16] *** Quits: changoXPR (Read error: Operation timed out)
[22:15:11] *** Quits: changO- (Ping timeout: 260 seconds)
