[00:39:15] <plutobot> Wiki | Page changed: Boot2 | User: Zachycatgames | https://switchbrew.org/w/index.php?curid=146&diff=11063&oldid=10845
[00:42:20] *** Joins: rajkosto
[01:14:45] *** Joins: rajko
[01:14:45] *** Quits: rajko (Connection closed)
[01:20:25] *** Quits: rajkosto (Read error: Operation timed out)
[01:42:00] *** Joins: tomha66
[02:45:50] *** Quits: refs (Quit: refs)
[03:04:13] *** Quits: fgsfds (Read error: Connection reset by peer)
[03:05:46] *** Joins: rajkosto
[03:05:49] *** Joins: fgsfds
[03:18:10] *** Quits: tomha66 (Remote host closed the connection)
[03:37:42] *** Quits: rajkosto (Read error: Operation timed out)
[05:41:12] *** Joins: rajkosto
[07:11:57] *** Joins: rajko
[07:18:23] *** Quits: rajkosto (Read error: Operation timed out)
[07:19:37] *** Joins: rajkosto
[07:24:33] *** Joins: bitrot
[07:24:33] *** Quits: rajkosto (Read error: Connection reset by peer)
[07:25:40] *** Quits: rajko (Read error: Operation timed out)
[07:33:54] *** Joins: rajko
[07:40:13] *** Quits: bitrot (Read error: Operation timed out)
[07:56:05] *** Joins: bitrot
[08:02:31] *** Quits: rajko (Read error: Operation timed out)
[08:19:22] *** Joins: rajko
[08:25:24] *** Quits: bitrot (Read error: Operation timed out)
[08:33:10] *** Quits: fgsfds (Ping timeout: 376 seconds)
[09:19:34] *** Joins: bitrot
[09:23:44] *** Quits: rajko (Read error: Operation timed out)
[09:28:50] *** Joins: rajko
[09:34:45] *** Quits: bitrot (Read error: Operation timed out)
[09:47:08] *** Joins: bitrot
[09:50:10] *** Quits: rajko (Read error: Operation timed out)
[09:51:31] *** Joins: rajko
[09:54:40] *** Quits: bitrot (Read error: Operation timed out)
[10:17:14] *** Quits: rajko (Ping timeout: 376 seconds)
[14:34:35] *** Joins: jn_
[14:39:48] *** Quits: jn (Ping timeout: 615 seconds)
[14:43:53] *** Quits: SCV______ (Ping timeout: 1230 seconds)
[15:14:27] *** Quits: rjeli____ (Read error: Connection timed out)
[16:03:43] *** Joins: rjeli____
[16:15:22] *** Quits: Normmatt (Quit: ZNC - http://znc.in)
[16:29:26] *** Joins: Normmatt
[16:33:05] *** Quits: rjeli____ (Read error: Connection reset by peer)
[17:03:24] *** Joins: rjeli____
[17:03:30] *** Quits: rjeli____ (Read error: Connection reset by peer)
[17:16:30] *** Quits: Whovian93 (Quit: And I'm gone.)
[17:18:05] *** Joins: Whovian93
[17:49:13] *** Joins: rjeli____
[17:53:18] *** Quits: rjeli____ (Read error: Connection reset by peer)
[18:00:19] *** Joins: fgsfds
[18:13:06] *** Joins: rjeli____
[18:13:27] *** Quits: rjeli____ (Read error: Connection reset by peer)
[18:20:24] *** Quits: Pokemod97 (Ping timeout (120 seconds))
[18:25:54] *** Joins: rjeli____
[18:32:58] *** Quits: rjeli____ (Read error: Connection reset by peer)
[19:24:29] *** Joins: rjeli____
[19:34:46] *** Joins: SCV______
[20:30:58] *** Quits: rjeli____ (Ping timeout: 1230 seconds)
[20:32:43] *** Quits: SCV______ (Ping timeout: 1230 seconds)
[21:40:34] *** Snetry is now known as Sentry
[21:58:35] *** Joins: refs
[22:18:28] *** Joins: rjeli____
[22:18:48] *** Quits: rjeli____ (Read error: Connection reset by peer)
[22:52:06] *** Joins: rjeli____
[23:08:19] *** Joins: rajko
[23:19:34] *** Joins: SCV______
