[00:38:43] *** Quits: fgsfds (Remote host closed the connection)
[00:40:10] *** Joins: fgsfds
[00:48:25] *** Joins: jn
[00:52:18] *** Quits: jn_ (Ping timeout: 745 seconds)
[01:26:32] *** Joins: bitrot
[01:31:27] *** Quits: rajko (Ping timeout: 496 seconds)
[01:45:37] *** Quits: bitrot (Leaving)
[01:45:54] *** Joins: rajkosto
[01:52:54] *** Quits: balrog (Ping timeout: 1216 seconds)
[02:06:05] *** Joins: tomha66
[02:06:31] *** Joins: balrog
[02:32:16] *** Quits: rajkosto (Quit: Leaving)
[02:51:51] *** Quits: refs (Quit: refs)
[03:32:11] *** Quits: tomha66 (Remote host closed the connection)
[03:32:44] *** Quits: SCV______ (Read error: Connection reset by peer)
[03:52:26] *** Quits: rjeli____ (Read error: Connection reset by peer)
[03:57:51] *** Joins: Pokemod97
[03:58:54] *** Joins: rjeli____
[04:02:57] *** Quits: rjeli____ (Read error: Connection reset by peer)
[04:09:11] *** Joins: rjeli____
[04:13:28] *** Quits: rjeli____ (Read error: Connection reset by peer)
[04:33:06] *** Joins: rjeli____
[04:34:41] *** Joins: SCV______
[04:34:55] *** Quits: rjeli____ (Read error: Connection reset by peer)
[04:39:26] *** Quits: |Shadow| ()
[04:53:53] *** Joins: |Shadow|
[04:55:12] *** Joins: rjeli____
[05:09:16] *** Quits: |Shadow| (Read error: Connection reset by peer)
[05:14:56] *** Joins: |Shadow|
[05:35:31] *** Quits: rjeli____ (Read error: Connection reset by peer)
[05:35:31] *** Quits: SCV______ (Read error: Connection reset by peer)
[05:45:50] *** Joins: rjeli____
[05:55:07] *** Joins: SCV______
[05:55:23] *** Quits: rjeli____ (Read error: Connection reset by peer)
[06:00:34] *** Joins: rjeli____
[06:20:18] *** Quits: DacoTaco (Ping timeout: 265 seconds)
[06:23:07] *** Joins: DacoTaco
[06:36:14] *** Quits: SCV______ (Read error: Connection reset by peer)
[06:55:45] *** Quits: rjeli____ (Read error: Connection reset by peer)
[07:00:54] *** Joins: rjeli____
[07:06:21] *** Joins: SCV______
[07:34:07] *** Quits: fgsfds (Ping timeout: 376 seconds)
[07:36:48] *** Quits: SCV______ (Read error: Connection reset by peer)
[07:36:48] *** Quits: rjeli____ (Read error: Connection reset by peer)
[08:17:35] *** Joins: SCV______
[08:17:36] *** Joins: rjeli____
[08:33:22] *** Quits: d3m3vilur (Ping timeout: 493 seconds)
[08:34:03] *** Quits: Sentry (Read error: Connection reset by peer)
[08:34:05] *** Quits: blasty (Remote host closed the connection)
[08:34:15] *** Joins: rmaw_
[08:34:41] *** Quits: rmaw (Read error: Operation timed out)
[08:36:15] *** Joins: balrog_
[08:37:12] *** Quits: nohit_ (Ping timeout: 493 seconds)
[08:46:29] *** Quits: balrog (Read error: Operation timed out)
[08:49:28] *** Quits: rjeli____ (Ping timeout: 1230 seconds)
[08:49:28] *** Quits: SCV______ (Ping timeout: 1230 seconds)
[08:50:25] *** Joins: SCV______
[08:50:53] *** Quits: lex1 (Read error: Operation timed out)
[08:51:51] *** Joins: lex1
[08:52:16] *** Joins: rjeli____
[08:52:44] *** balrog_ is now known as balrog
[08:57:16] *** Joins: TuxSH
[08:57:49] *** Quits: TuxSH_ (Read error: Connection reset by peer)
[08:58:29] *** Joins: d3m3vilur
[08:58:49] *** Joins: nohit_
[09:00:02] *** Joins: Sentry
[09:02:57] *** Joins: blasty
[09:27:09] *** Quits: Normmatt (Read error: Connection reset by peer)
[09:27:24] *** Joins: Normmatt
[12:03:38] *** Quits: m4ts_ (Ping timeout: 265 seconds)
[12:32:12] *** Joins: m4ts
[17:31:49] *** Joins: fgsfds
[17:32:40] *** Joins: changO-
[20:43:54] *** Quits: changO- (Read error: Operation timed out)
[20:51:55] *** Joins: changO-
[21:21:31] *** Joins: Mimoja8
[21:30:01] *** Joins: refs
[21:34:22] *** Quits: flotwig (Quit: ZNC - http://znc.in)
[21:48:30] *** Quits: Mimoja8 (Quit: The Lounge - https://thelounge.github.io)
[22:36:56] *** Quits: Sentry (Read error: Operation timed out)
[22:37:38] *** Joins: Sentry
[22:37:46] <plutobot> Wiki | Page changed: NS Services | User: Hexkyz | https://switchbrew.org/w/index.php?curid=89&diff=11064&oldid=10820
