[00:04:07] *** Joins: changoXPR
[00:10:55] *** Quits: changO- (Ping timeout: 496 seconds)
[01:05:40] *** Quits: changoXPR (Ping timeout: 252 seconds)
[01:21:10] *** Joins: changO-
[02:09:15] *** Joins: tomha66
[02:56:01] *** Quits: refs (Quit: refs)
[03:33:35] *** Joins: cpncok3
[03:35:37] *** Quits: zombie343 ()
[03:37:52] *** Quits: cpnc0ke (Read error: Operation timed out)
[03:40:17] *** Quits: tomha66 (Remote host closed the connection)
[04:38:33] *** Joins: osum4est
[04:39:12] <osum4est> Hi! Starting a new gui app. Would you guys recommend borealis or plutonium?
[07:23:09] *** Quits: cpncok3 (Read error: Operation timed out)
[07:23:22] *** Joins: cpnc0ke
[07:42:40] *** Quits: fgsfds (Quit: Leaving)
[10:53:35] *** Quits: changO- (Read error: Operation timed out)
[12:15:42] *** Quits: Surkow (Remote host closed the connection)
[13:54:10] *** Joins: Surkow
[15:59:20] *** Quits: osum4est (Ping timeout: 252 seconds)
[16:37:57] *** Joins: apau
[18:15:18] *** Joins: fgsfds
[18:29:51] *** Joins: changO-
[18:54:14] *** Quits: GerbilSof (Quit: Windows must now restart because the Remote Procedure Call (RPC) service terminated unexpectedly.)
[18:54:29] *** Joins: GerbilSof
[20:11:10] *** Joins: changoXPR
[20:14:48] *** Quits: changO- (Ping timeout: 252 seconds)
[22:02:22] <plutobot> GitHub | New commit | User: fincs | https://github.com/switchbrew/nx-hbmenu/commit/47fd18cabb
