[00:38:49] *** Quits: n87 (Read error: Connection reset by peer)
[01:39:12] *** CCFL_Man is now known as CCLF_Man
[04:54:18] *** Joins: Pokemod97
[04:58:16] *** Joins: changO-
[05:22:52] *** Quits: changO- (Ping timeout: 252 seconds)
[06:57:24] *** Joins: changO-
[07:02:14] *** Quits: changO- (Ping timeout: 252 seconds)
[07:03:27] *** Joins: changO-
[08:31:50] *** Quits: fgsfds (Ping timeout: 376 seconds)
[10:59:46] *** Quits: ut0pia ()
[16:02:14] <plutobot> GitHub | New commit | User: Michael Scire | https://github.com/switchbrew/switch-tools/commit/6f1d635208
[16:02:14] <plutobot> GitHub | New commit | User: Michael Scire | https://github.com/switchbrew/switch-tools/commit/f6561ef910
[16:34:07] *** Quits: Normmatt (Quit: ZNC - http://znc.in)
[16:39:22] *** Joins: n87
[16:43:45] *** Joins: Normmatt
[17:15:44] *** Joins: Lightswo-
[17:16:37] *** Joins: eggster
[17:16:50] *** Quits: Lightswor (Ping timeout: 376 seconds)
[17:16:50] *** Lightswo- is now known as Lightswor
[17:20:02] *** Quits: DoozerBot (Read error: Operation timed out)
[17:20:05] *** Joins: DoozerBot
[17:27:07] *** Quits: eggy (Read error: Operation timed out)
[18:45:04] *** Joins: refs
[19:37:02] *** Quits: changO- (Ping timeout: 265 seconds)
[19:38:26] *** Joins: changO-
[20:07:55] *** Joins: changoXPR
[20:12:31] *** Quits: changO- (Ping timeout: 496 seconds)
[20:14:01] *** Joins: fgsfds
[20:14:14] *** Joins: changO-
[21:07:42] *** Quits: oldtopman (Remote host closed the connection)
[22:33:32] *** Quits: changoXPR (Read error: Operation timed out)
[22:33:51] *** Quits: changO- (Ping timeout: 496 seconds)
[22:34:12] *** Joins: changO-
[22:34:43] *** Joins: changoXPR
[23:05:09] *** Joins: figgis_
[23:09:10] *** Quits: fgsfds (Ping timeout: 376 seconds)
[23:25:13] *** Quits: Surkow (Read error: Operation timed out)
[23:28:57] *** Joins: Surkow
