[00:21:01] *** Quits: n87 (Read error: Connection reset by peer)
[01:45:53] *** Joins: flotwig
[01:57:42] *** Quits: balrog (Remote host closed the connection)
[02:32:41] *** Quits: GerbilSof (Read error: Operation timed out)
[02:49:16] *** Joins: GerbilSof
[03:23:25] *** Quits: |Shadow| ()
[03:25:11] *** Joins: |Shadow|
[04:13:06] *** Joins: balrog
[04:43:05] *** Quits: refs (Quit: refs)
[05:20:56] *** Quits: changoXPR (Ping timeout: 252 seconds)
[05:21:11] *** Joins: changoXPR
[05:21:19] *** Quits: changO- (Ping timeout: 496 seconds)
[05:21:51] *** Joins: changO-
[07:02:39] *** Quits: changO- (Read error: Connection reset by peer)
[07:02:39] *** Quits: changoXPR (Read error: Connection reset by peer)
[08:05:50] *** Quits: figgis_ (Ping timeout: 376 seconds)
[11:09:16] *** Joins: n87
[11:45:51] *** Quits: n87 (Read error: Connection reset by peer)
[11:49:28] *** Joins: n87
[13:21:49] *** Joins: refs
[14:07:53] *** Joins: changO-
[14:10:06] *** Joins: changoXPR
[14:15:40] *** Quits: changO- (Read error: Operation timed out)
[14:21:52] *** Joins: changO-
[14:26:10] *** Quits: changoXPR (Ping timeout: 501 seconds)
[14:37:55] *** Quits: changO- (Read error: Operation timed out)
[14:39:17] *** Joins: changO-
[14:45:35] *** Joins: changoXPR
[14:51:24] *** Quits: changO- (Read error: Operation timed out)
[14:52:12] *** Quits: changoXPR (Ping timeout: 252 seconds)
[14:56:49] *** Joins: changO-
[15:06:14] *** Joins: changoXPR
[15:08:59] *** Quits: changO- (Read error: Operation timed out)
[15:51:23] *** Joins: rajkosto
[16:12:28] <plutobot> Wiki | Page changed: Joy-Con | User: Imp Uhrfik Simone | https://switchbrew.org/w/index.php?curid=55&diff=11066&oldid=11065
[16:32:14] <plutobot> Wiki | Page changed: Joy-Con | User: Imp Uhrfik Simone | https://switchbrew.org/w/index.php?curid=55&diff=11067&oldid=11066
[17:11:23] *** Quits: rajkosto (Read error: Operation timed out)
[17:55:49] *** Joins: changO-
[17:56:50] *** Quits: changoXPR (Read error: Operation timed out)
[18:19:36] *** Joins: rajkosto
[18:21:47] *** Joins: fgsfds
[18:37:54] *** CCLF_Man is now known as CCFL_Man
[19:05:32] *** Quits: n87 (Read error: Connection reset by peer)
[19:07:23] *** Quits: DoozerBot (Read error: Operation timed out)
[19:07:26] *** Joins: DoozerBot
[19:09:41] *** Joins: n87
[21:03:07] *** Quits: GerbilSof (Windows must now restart because the Remote Procedure Call (RPC) service terminated unexpectedly.)
[21:06:28] *** Joins: GerbilSof
[21:13:48] *** Quits: rajkosto (Read error: Connection reset by peer)
[23:21:09] *** Quits: n87 (Ping timeout: 265 seconds)
