[04:02:39] *** Quits: changO- (Read error: Connection reset by peer)
[04:52:23] *** Quits: balrog (Read error: Operation timed out)
[04:52:39] *** Joins: balrog
[04:52:51] *** Quits: apau (Remote host closed the connection)
[04:53:07] *** Joins: apau
[04:54:39] *** Joins: apau_
[04:54:51] *** Quits: apau (Read error: Connection reset by peer)
[04:59:36] *** Quits: refs (Quit: refs)
[04:59:38] *** Quits: apau_ (Read error: Connection reset by peer)
[05:00:14] *** Quits: Pokemod97 (Read error: Operation timed out)
[05:00:40] *** Joins: Pokemod97
[05:01:33] *** Joins: apau
[05:14:30] *** Quits: Pokemod97 (Ping timeout: 600 seconds)
[08:10:38] *** Quits: fgsfds (Ping timeout: 376 seconds)
[09:42:03] *** Quits: CCFL_Man (Ping timeout: 745 seconds)
[12:47:24] *** Joins: changO-
[13:20:42] *** Quits: m4ts (Ping timeout: 265 seconds)
[13:20:48] *** Joins: m4ts
[14:05:19] *** Quits: SCV______ (Quit: Connection closed for inactivity)
[15:11:51] *** Joins: rajkosto
[15:28:48] *** Joins: n87
[15:46:29] *** Quits: n87 (Read error: Connection reset by peer)
[16:26:17] *** Joins: n87
[17:07:12] *** Joins: fgsfds
[17:43:55] *** Joins: ris2z
[18:22:18] *** Joins: figgis_
[18:26:38] *** Quits: fgsfds (Ping timeout: 376 seconds)
[19:24:16] *** Quits: rajkosto (Read error: Operation timed out)
[21:27:54] *** Joins: refs
[23:17:23] *** Quits: IShaDoWl ()
[23:22:43] *** Joins: IShaDoWl
[23:43:18] *** Quits: n87 (Read error: Connection reset by peer)
