[00:23:24] *** Joins: SCV______
[00:23:42] *** SCV______ is now known as SCV
[00:50:41] *** Quits: SCV (Read error: Connection timed out)
[01:03:11] *** Joins: SCV
[02:05:03] *** Joins: CCFL_Man
[02:44:20] *** Quits: refs (Quit: refs)
[02:54:44] *** Quits: SCV (Quit: Connection closed for inactivity)
[03:05:02] *** Quits: Lightswor (Quit: ZNC)
[03:05:10] *** Joins: Lightswor
[03:49:09] *** Joins: refsw2
[03:56:23] *** Quits: refsw` (Ping timeout: 745 seconds)
[05:01:14] *** Quits: Normmatt (Read error: Connection reset by peer)
[05:01:14] *** Quits: derrek (Read error: Connection reset by peer)
[05:01:14] *** Quits: uyjulian (Read error: Connection reset by peer)
[05:01:30] *** Joins: uyjulian
[05:07:11] *** Joins: derrek
[05:08:01] *** Quits: rmaw_ (Read error: Operation timed out)
[05:08:31] *** Quits: Sentry (Read error: Operation timed out)
[05:08:31] *** Quits: TuxSH (Read error: Operation timed out)
[05:08:31] *** Joins: Normmatt
[05:09:44] *** Quits: nohit_ (Read error: Operation timed out)
[05:10:45] *** Quits: d3m3vilur (Read error: Operation timed out)
[05:11:21] *** Joins: refsw3
[05:13:20] *** Quits: blasty (Read error: Operation timed out)
[05:14:34] *** Quits: lex1 (Read error: Operation timed out)
[05:16:55] *** Quits: GerbilSof (Read error: Operation timed out)
[05:17:17] *** Joins: GerbilSof
[05:22:29] *** Joins: TuxSH
[05:22:51] *** Quits: refsw2 (Read error: Operation timed out)
[05:27:46] *** Joins: TuxSH_
[05:33:30] *** Quits: TuxSH (Read error: Operation timed out)
[05:34:07] *** Quits: Genolo (Read error: Connection reset by peer)
[05:36:25] *** Joins: Genolo
[05:39:24] *** Joins: Sentry
[05:52:10] *** Joins: nohit_
[05:52:54] *** Joins: lex1
[05:55:22] *** Joins: blasty
[05:59:25] *** Joins: d3m3vilur
[06:01:31] *** Joins: rmaw
[06:22:30] *** Quits: figgis_ (Ping timeout: 376 seconds)
[06:47:35] *** Joins: rajkosto
[07:34:12] <plutobot> GitHub | New PR: Use DWARFv fo... | User: SciresM | https://github.com/switchbrew/libnx/pull/562
[07:35:36] <plutobot> GitHub | New PR: thread set ar... | User: SciresM | https://github.com/switchbrew/libnx/pull/563
[09:35:44] *** Joins: CCFL_Man_
[09:37:14] *** Quits: CCFL_Man (Read error: Operation timed out)
[09:58:53] *** Joins: oldtopman
[10:06:51] *** Quits: CCFL_Man_ (Ping timeout: 260 seconds)
[10:13:11] *** Joins: CCFL_Man
[11:51:27] *** Joins: derk0pf
[11:56:37] <derk0pf> *_*
[12:42:43] *** Quits: derk0pf (Quit: leaving)
[14:45:10] *** Quits: rajkosto (Read error: Operation timed out)
[16:10:11] *** Joins: rajkosto
[18:31:23] *** Joins: fgsfds
[18:33:46] <plutobot> GitHub | New commit | User: Michael Scire | https://github.com/switchbrew/libnx/commit/d90afaacde
[19:01:16] *** Joins: n87
[19:27:53] *** Quits: oldtopman (Ping timeout: 265 seconds)
[19:37:41] *** Quits: Lightswor (Quit: ZNC)
[21:23:53] *** Joins: refs
