[00:05:04] *** Quits: n87 (Read error: Connection reset by peer)
[00:15:02] *** Quits: Phils3r (Quit: ZNC - https://znc.in)
[00:15:11] *** Joins: Phils3r
[00:30:27] *** Quits: rajkosto (Ping timeout: 265 seconds)
[00:54:42] *** Joins: Lightswor
[00:54:57] *** Joins: arnor
[01:28:07] *** Quits: ihaveamac (Quit: fail)
[01:29:10] *** Joins: ihaveamac
[03:06:42] *** Quits: refs (Quit: refs)
[03:18:50] *** Joins: oreo639
[03:20:30] *** Quits: oreo639 (Client Quit)
[03:21:19] *** Joins: oreo639
[03:28:42] *** Joins: changoXPR
[03:31:59] *** Quits: changO- (Ping timeout: 496 seconds)
[03:32:51] *** Joins: changO-
[03:35:10] *** Quits: changoXPR (Read error: Operation timed out)
[03:39:15] *** Quits: changO- (Read error: Operation timed out)
[03:56:26] *** Joins: graffix
[04:03:45] *** Quits: graffix (Quit: I'm out like a large trout!)
[04:20:28] *** Joins: changO-
[06:04:23] *** Quits: rjeli____ (Ping timeout: 1230 seconds)
[06:04:32] *** Joins: rjeli____
[06:13:32] *** Quits: TuxSH_ (Quit: ZNC - http://znc.in)
[07:19:58] *** Quits: fgsfds (Read error: Connection reset by peer)
[08:00:03] *** Joins: changoXPR
[08:05:48] *** Quits: changO- (Read error: Operation timed out)
[09:00:43] *** Joins: changO-
[09:04:52] *** Joins: CCFL_Man_
[09:07:36] *** Quits: changO- (Ping timeout: 260 seconds)
[09:08:23] *** Joins: changO-
[09:10:03] *** Quits: changoXPR (Read error: Operation timed out)
[09:10:13] *** Joins: rajkosto
[09:10:26] *** Quits: CCFL_Man (Read error: Operation timed out)
[09:10:44] *** Quits: CCFL_Man_ (Ping timeout: 265 seconds)
[09:11:43] *** Joins: changoXPR
[09:20:47] *** Quits: changoXPR (Ping timeout: 496 seconds)
[09:21:33] *** Quits: changO- (Ping timeout: 745 seconds)
[09:27:13] *** Joins: CCFL_Man
[10:16:12] *** Joins: n87
[10:27:51] *** Quits: n87 (Ping timeout: 265 seconds)
[10:39:45] *** Quits: oreo639 (Quit: Quit)
[10:47:41] *** Joins: rajko
[10:51:03] *** Quits: rajkosto (Ping timeout: 265 seconds)
[11:10:10] *** Joins: bitrot
[11:14:15] *** Quits: rajko (Ping timeout: 265 seconds)
[12:15:16] *** Joins: n87
[14:41:20] *** Quits: arnor (Ping timeout: 265 seconds)
[14:55:27] <plutobot> GitHub | New PR: nxlink receiv... | User: DarkMatterCore | https://github.com/switchbrew/nx-hbmenu/pull/139
[14:56:10] <plutobot> GitHub | New PR: nxlink send s... | User: DarkMatterCore | https://github.com/switchbrew/switch-tools/pull/36
[14:57:58] <plutobot> GitHub | New PR: nxlink only c... | User: DarkMatterCore | https://github.com/switchbrew/libnx/pull/564
[16:07:50] *** Joins: Pokemod97
[16:10:44] *** Quits: balrog (Bye)
[16:14:15] *** Joins: balrog
[18:11:34] *** Quits: bitrot (Quit: Leaving)
[18:32:38] *** Joins: fgsfds
[18:55:08] *** Joins: arnor
[19:47:09] *** Parts: Hyralak (WeeChat 3.2)
[19:47:47] *** Joins: oreo639
[21:19:46] *** Joins: figgis_
[21:23:46] *** Quits: fgsfds (Ping timeout: 376 seconds)
[21:26:20] *** Joins: figgis__
[21:29:50] *** Quits: figgis_ (Ping timeout: 376 seconds)
[21:48:33] *** Joins: refs
[23:22:50] *** Quits: n87 (Read error: Connection reset by peer)
