[00:27:38] *** Joins: jn_
[00:35:03] *** Quits: jn (Ping timeout: 745 seconds)
[01:06:29] *** Quits: Behemoth (Read error: Operation timed out)
[01:06:29] *** Quits: apau (Read error: Connection reset by peer)
[01:07:03] *** Joins: apau
[01:08:04] *** Quits: ris2z (Remote host closed the connection)
[01:08:39] *** Joins: ris2z
[01:11:40] *** Joins: Behemoth_
[02:24:03] *** Joins: Phils3r_
[02:24:03] *** Quits: Phils3r (Read error: Connection reset by peer)
[02:31:08] *** Quits: hexkyz (Ping timeout: 745 seconds)
[02:31:54] *** Joins: hexkyz
[02:49:44] *** Quits: refs (Quit: refs)
[03:18:23] *** Quits: rjeli____ (Ping timeout: 1230 seconds)
[03:18:36] *** Joins: rjeli____
[04:11:10] *** Quits: figgis__ (Ping timeout: 376 seconds)
[05:20:53] *** Quits: rjeli____ (Ping timeout: 1230 seconds)
[05:21:07] *** Joins: rjeli____
[06:30:53] *** Quits: hexkyz (Ping timeout: 745 seconds)
[06:32:40] *** Joins: hexkyz
[06:45:28] *** Quits: hexkyz (Ping timeout: 745 seconds)
[06:46:47] *** Joins: hexkyz
[06:59:28] *** Quits: hexkyz (Ping timeout: 745 seconds)
[07:00:49] *** Joins: hexkyz
[07:13:28] *** Quits: hexkyz (Ping timeout: 745 seconds)
[07:18:18] *** Joins: hexkyz
[07:31:33] *** Quits: hexkyz (Ping timeout: 745 seconds)
[07:32:23] *** Joins: hexkyz
[07:40:53] *** Quits: rjeli____ (Ping timeout: 1230 seconds)
[07:41:06] *** Joins: rjeli____
[07:44:58] *** Quits: hexkyz (Ping timeout: 745 seconds)
[07:46:17] *** Joins: hexkyz
[07:55:42] *** Joins: uyjulian_
[07:58:58] *** Quits: hexkyz (Ping timeout: 745 seconds)
[07:59:18] *** Joins: hexkyz
[08:04:13] *** Quits: uyjulian (Ping timeout: 745 seconds)
[08:04:13] *** uyjulian_ is now known as uyjulian
[08:12:23] *** Quits: hexkyz (Ping timeout: 745 seconds)
[08:12:41] *** Joins: hexkyz
[08:35:57] *** Quits: oreo639 (Read error: Connection reset by peer)
[08:41:33] *** Quits: hexkyz (Ping timeout: 745 seconds)
[08:42:22] *** Joins: hexkyz
[08:55:33] *** Quits: hexkyz (Ping timeout: 745 seconds)
[08:55:54] *** Joins: hexkyz
[09:13:03] *** Quits: hexkyz (Ping timeout: 745 seconds)
[09:13:52] *** Joins: hexkyz
[09:18:18] *** Quits: rjeli____ (Ping timeout: 1230 seconds)
[09:18:31] *** Joins: rjeli____
[09:37:33] *** Quits: hexkyz (Ping timeout: 745 seconds)
[09:37:53] *** Joins: hexkyz
[09:50:58] *** Quits: hexkyz (Ping timeout: 745 seconds)
[09:51:14] *** Joins: hexkyz
[10:04:23] *** Quits: hexkyz (Ping timeout: 745 seconds)
[10:04:44] *** Joins: hexkyz
[10:17:48] *** Quits: hexkyz (Ping timeout: 745 seconds)
[10:18:38] *** Joins: hexkyz
[10:31:48] *** Quits: hexkyz (Ping timeout: 745 seconds)
[10:32:08] *** Joins: hexkyz
[10:49:53] *** Quits: hexkyz (Ping timeout: 745 seconds)
[10:52:14] *** Joins: hexkyz
[11:05:03] *** Quits: hexkyz (Ping timeout: 745 seconds)
[11:05:23] *** Joins: hexkyz
[13:21:27] *** Quits: sh0e- (Read error: Operation timed out)
[13:33:13] *** Quits: rjeli____ (Ping timeout: 1230 seconds)
[13:33:26] *** Joins: rjeli____
[13:38:47] *** Joins: n87
[14:32:49] *** Joins: sh0e
[15:39:48] *** Quits: rjeli____ (Ping timeout: 1230 seconds)
[15:40:01] *** Joins: rjeli____
[16:38:07] *** Joins: fgsfds
[17:10:52] *** Quits: Surkow (Remote host closed the connection)
[17:12:30] *** Joins: Surkow
[17:16:39] *** Quits: arnor (Read error: Operation timed out)
[17:28:18] *** Quits: rjeli____ (Ping timeout: 1230 seconds)
[17:28:31] *** Joins: rjeli____
[18:55:26] *** Quits: Genolo (Quit: cya)
[18:58:32] *** Joins: Genolo
[19:31:51] *** Joins: arnor
[19:36:47] <plutobot> GitHub | New PR: Added SystemV... | User: Ericvf | https://github.com/switchbrew/nx-hbmenu/pull/140
[20:12:51] *** Quits: lameboy (Ping timeout: 260 seconds)
[20:15:24] *** Joins: oreo639
[20:24:28] *** Quits: rjeli____ (Ping timeout: 1230 seconds)
[20:24:41] *** Joins: rjeli____
[20:35:59] *** Joins: lameboy
[21:02:27] *** Quits: rjeli____ (Read error: Connection timed out)
[21:17:04] *** Joins: rjeli____
[21:39:49] *** Joins: refs
[23:44:33] *** Quits: rjeli____ (Ping timeout: 1230 seconds)
[23:44:46] *** Joins: rjeli____
[23:59:36] *** Quits: n87 (Read error: Connection reset by peer)
