[02:35:10] *** Quits: refs (Quit: refs)
[09:53:31] *** Joins: n87
[10:16:55] *** Quits: n87 (Read error: Connection reset by peer)
[11:07:56] *** Quits: oreo639 (Quit: Quit)
[11:23:40] *** Quits: arnor (Quit: Leaving)
[12:22:06] *** Joins: n87
[15:31:56] *** Joins: rajkosto
[15:34:42] *** Joins: n87_2
[15:35:26] *** Quits: n87 (Ping timeout: 265 seconds)
[15:36:11] <plutobot> Wiki | Page changed: Homebrew Applications | User: Mary | https://switchbrew.org/w/index.php?curid=293&diff=11068&oldid=10897
[15:46:04] *** Joins: n87_3
[15:48:58] *** Quits: n87_2 (Ping timeout: 265 seconds)
[16:12:38] *** Quits: rajkosto (Read error: Connection reset by peer)
[16:50:59] *** Quits: n87_3 (Read error: Connection reset by peer)
[21:32:11] *** Joins: lameboy2
[21:33:02] *** Quits: lameboy (hub.efnet.us irc.Prison.NET)
[21:33:03] *** Quits: |Shadow| (hub.efnet.us irc.Prison.NET)
[21:33:03] *** Quits: GeekShado (hub.efnet.us irc.Prison.NET)
[21:33:03] *** Quits: GrecKo (hub.efnet.us irc.Prison.NET)
[21:35:10] *** Joins: GrecKo_
[21:36:58] *** Joins: GeekShad1
[21:48:21] *** lameboy2 is now known as lameboy
[21:52:30] *** Joins: oreo639
[22:00:23] <plutobot> Wiki | Page changed: HID services | User: Hexkyz | https://switchbrew.org/w/index.php?curid=103&diff=11069&oldid=10887
[22:03:07] <plutobot> Wiki | Page changed: HID services | User: Hexkyz | https://switchbrew.org/w/index.php?curid=103&diff=11070&oldid=11069
[22:29:11] *** Joins: |Shadow|
[22:47:26] *** Quits: |Shadow| (Ping timeout: 240 seconds)
[22:51:07] *** Joins: |Shadow|
[23:12:57] *** Joins: n87
