[00:34:45] *** Quits: n87 (Read error: Connection reset by peer)
[02:34:17] *** Joins: refs
[03:46:06] <plutobot> GitHub | New PR: Update langua... | User: qazrfv | https://github.com/switchbrew/nx-hbmenu/pull/141
[04:05:28] *** Quits: giglife (Quit: ZNC - http://znc.in)
[04:05:36] *** Joins: giglife
[04:05:39] *** Quits: klock (Read error: Operation timed out)
[04:05:44] *** Quits: Lightswor (Quit: ZNC)
[04:06:24] *** Quits: yls8bot (Read error: Operation timed out)
[04:06:37] *** Joins: yls8bot
[04:06:45] *** yellows8 sets mode: +o yls8bot
[04:06:52] *** yls8bot sets mode: +o fincs
[04:09:09] *** Joins: klock
[04:27:00] *** Quits: refs (Quit: refs)
[05:27:03] *** Joins: Lightswor
[07:09:27] <plutobot> Wiki | Page changed: System Version Title | User: Zachycatgames | https://switchbrew.org/w/index.php?curid=116&diff=11071&oldid=11061
[07:24:29] *** Quits: fgsfds (Read error: Connection reset by peer)
[09:08:45] *** Quits: oreo639 (Quit: Quit)
[11:05:15] *** Joins: n87
[12:19:40] *** Joins: changO-
[14:50:10] *** Quits: n87 (Read error: Connection reset by peer)
[16:55:42] *** Joins: oldtopman
[17:07:27] *** Joins: rajkosto
[18:13:20] *** Joins: refs
[18:41:14] *** Joins: fgsfds
[19:27:16] *** Quits: Pokemod97 (Ping timeout (120 seconds))
[19:38:05] *** Joins: Tcm0
[20:55:15] *** Joins: oreo639
[20:56:29] *** Joins: zini-
[21:00:49] *** Quits: zini (Read error: Operation timed out)
[21:06:01] *** Joins: n87
[21:20:44] *** Quits: rajkosto (Read error: Operation timed out)
[22:29:40] *** Quits: n87 (Read error: Connection reset by peer)
[22:57:13] *** Joins: rajkosto
[23:02:17] *** Quits: oreo639 (Read error: Operation timed out)
