[00:18:37] *** Quits: Tcm0 (Leaving)
[00:24:21] *** Quits: DoozerBot (Read error: Operation timed out)
[00:25:35] *** Joins: DoozerBot
[00:50:04] *** Joins: oreo639
[00:55:56] *** Joins: Pokemod97
[01:45:54] *** Quits: rajkosto (Read error: Operation timed out)
[04:38:54] *** Quits: refs (Quit: refs)
[06:50:22] *** Quits: fgsfds (Read error: Connection reset by peer)
[07:51:17] *** Joins: oreo639_
[08:00:17] *** Quits: oreo639 (Read error: Operation timed out)
[08:14:43] *** Quits: oreo639_ (Quit: Quit)
[08:15:29] *** Joins: oreo639
[10:16:14] *** Quits: oreo639 (Ping timeout: 240 seconds)
[12:19:08] *** Joins: rajkosto
[13:37:37] *** Joins: refs
[13:50:16] *** Quits: Sentry (Read error: Operation timed out)
[16:15:51] *** Joins: lameboy2
[16:16:35] *** Quits: lameboy (Ping timeout: 845 seconds)
[16:16:37] *** lameboy2 is now known as lameboy
[16:41:43] *** Joins: Sentry
[18:36:41] *** Joins: fgsfds
[18:55:29] *** Quits: rajkosto (Read error: Operation timed out)
[19:44:46] *** Quits: klock (Quit: ZNC - https://znc.in)
[20:20:26] *** Joins: rajkosto
[20:59:08] *** Quits: Sentry (Read error: Operation timed out)
[21:04:02] *** Quits: nohit_ (Ping timeout: 493 seconds)
[21:04:07] *** Quits: blasty (Read error: Connection reset by peer)
[21:04:49] *** Quits: Genolo (Read error: Operation timed out)
[21:05:04] *** Joins: Genolo
[21:05:57] *** Quits: d3m3vilur (Ping timeout: 493 seconds)
[21:07:14] *** Quits: rmaw (Read error: Operation timed out)
[21:08:44] *** Joins: d3m3vilur
[21:09:04] *** Joins: nohit_
[21:10:08] *** Joins: Sentry
[21:13:07] *** Joins: blasty
[21:14:32] *** Joins: rmaw
[21:55:50] *** Quits: |Shadow| (Ping timeout: 240 seconds)
[22:09:57] *** Quits: balrog (Read error: Operation timed out)
[22:10:16] *** Joins: balrog
[22:11:17] *** Quits: Pokemod97 (Read error: Operation timed out)
[22:14:38] *** Quits: IShaDoWl (Read error: Operation timed out)
[22:15:06] *** Joins: IShaDoWl
[22:16:22] *** Joins: |Shadow|
[22:20:01] *** Joins: Pokemod97
[22:35:24] *** Joins: oreo639
[22:52:14] *** Quits: |Shadow| (Ping timeout: 240 seconds)
[22:55:27] *** Joins: |Shadow|
[23:00:54] *** Quits: oldtopman (Read error: Operation timed out)
