[03:57:18] *** Quits: oreo639 (Quit)
[04:18:14] *** Quits: rajkosto (Read error: Operation timed out)
[04:48:12] *** Quits: refs (Quit: refs)
[05:12:26] *** Quits: fgsfds (Read error: Connection reset by peer)
[05:56:28] *** Quits: averne (quit)
[05:57:22] *** Joins: averne_
[05:57:22] *** Server sets mode: +stn 
[05:57:54] *** Quits: averne (Ping timeout: 252 seconds)
[05:57:54] *** averne_ is now known as averne
[07:01:50] *** Quits: changO- (Ping timeout: 240 seconds)
[07:05:23] *** Joins: changO-
[07:33:41] *** Quits: averne (quit)
[07:33:58] *** Joins: averne
[07:33:58] *** Server sets mode: +stn 
[08:24:28] *** Joins: lameboy2
[08:25:59] *** Quits: lameboy (se.hub efnet.deic.eu)
[08:26:00] *** Quits: Behemoth_ (se.hub efnet.deic.eu)
[08:26:00] *** Quits: Maylay (se.hub efnet.deic.eu)
[08:26:00] *** Quits: DacoTaco (se.hub efnet.deic.eu)
[08:26:00] *** Quits: lemmy (se.hub efnet.deic.eu)
[08:26:00] *** Quits: RaYmAn (se.hub efnet.deic.eu)
[08:26:00] *** Quits: thejsa (se.hub efnet.deic.eu)
[08:27:34] *** Joins: jsa_
[08:41:14] *** lameboy2 is now known as lameboy
[09:07:02] *** Quits: |Shadow| (Ping timeout: 240 seconds)
[09:11:48] *** Joins: Maylay
[09:11:48] *** Joins: lemmy
[09:15:23] *** Joins: |Shadow|
[09:56:14] *** Quits: |Shadow| (Ping timeout: 240 seconds)
[09:59:15] *** Joins: |Shadow|
[10:13:12] *** Quits: Surkow (Remote host closed the connection)
[12:10:24] *** Joins: rajkosto
[12:16:47] *** Joins: RaYmAn
[12:37:22] *** Joins: Surkow
[13:20:38] *** Joins: m4ts_
[13:21:06] *** Quits: m4ts (Ping timeout: 265 seconds)
[13:54:22] *** Joins: Retr0id
[16:00:35] *** Quits: Phils3r_ (Quit: ZNC - https://znc.in)
[16:02:36] *** Joins: Phils3r
[16:27:47] *** Joins: fgsfds
[16:37:56] *** Joins: figgis_
[16:40:02] *** Quits: figgis_ (Client Quit)
[16:41:12] *** Quits: fgsfds (Ping timeout: 265 seconds)
[16:58:50] *** Joins: DacoTaco
[18:11:46] <plutobot> Wiki | Page changed: Boot2 | User: Zachycatgames | https://switchbrew.org/w/index.php?curid=146&diff=11072&oldid=11063
[20:46:57] *** Quits: rajkosto (Read error: Operation timed out)
[22:09:36] *** Joins: rajkosto
[23:04:03] <plutobot> Wiki | Page changed: Boot2 | User: Zachycatgames | https://switchbrew.org/w/index.php?curid=146&diff=11073&oldid=11072
