[01:39:21] *** Joins: oreo639
[02:22:14] *** Joins: fgsfds
[04:40:47] *** Joins: arnor
[05:20:24] *** Quits: |Shadow| (Read error: Operation timed out)
[05:21:43] *** Quits: lex1 (Read error: Operation timed out)
[05:22:01] *** Joins: lex1
[05:23:36] *** Joins: |Shadow|
[05:45:26] *** Quits: rajkosto (Ping timeout: 240 seconds)
[06:11:08] *** Quits: GerbilSof (Quit: Windows must now restart because the Remote Procedure Call (RPC) service terminated unexpectedly.)
[06:32:32] *** Joins: GerbilSof
[06:48:15] *** Quits: ihaveamac (Ping timeout: 496 seconds)
[06:50:13] *** Joins: cpncok3
[06:51:27] *** Quits: cpnc0ke (Ping timeout: 496 seconds)
[06:53:03] *** Quits: CCFL_Man (Ping timeout: 496 seconds)
[06:53:17] *** Joins: CCFL_Man
[06:56:48] *** Quits: flotwig (Ping timeout: 496 seconds)
[06:57:39] *** Quits: Cu3PO42 (Read error: Operation timed out)
[06:59:56] *** Joins: Cu3PO42
[07:47:50] *** Quits: |Shadow| (Ping timeout: 240 seconds)
[07:49:37] *** Joins: |Shadow|
[08:06:36] *** Joins: zini
[08:08:23] *** Quits: zini- (Ping timeout: 745 seconds)
[08:19:21] *** Quits: zini (Ping timeout: 265 seconds)
[08:19:28] *** Joins: zini
[08:48:42] *** Quits: fgsfds (Read error: Connection reset by peer)
[09:05:59] *** Quits: changO- (Read error: Operation timed out)
[10:10:19] *** Joins: changO-
[12:01:23] *** Joins: Behemoth_
[12:21:15] *** Quits: |Shadow| (Ping timeout: 240 seconds)
[12:34:24] *** Joins: |Shadow|
[13:59:50] *** Quits: |Shadow| (Ping timeout: 240 seconds)
[14:03:08] *** Joins: |Shadow|
[15:17:36] *** Joins: rajkosto
[15:26:37] *** Quits: arnor (Ping timeout: 265 seconds)
[15:49:31] *** Joins: fgsfds
[16:48:04] *** Joins: oldtopman
[16:55:03] *** Quits: oreo639 (Ping timeout: 604 seconds)
[17:36:52] *** Joins: arnor
[17:50:10] *** Quits: giglife (Read error: Connection reset by peer)
[17:51:55] *** Joins: giglife
[20:21:02] *** Quits: rajkosto (Ping timeout: 240 seconds)
[21:05:33] *** Joins: refs
[21:22:03] *** Quits: DoozerBot (Remote host closed the connection)
[21:38:14] *** Joins: ihaveamac
[22:07:42] *** Joins: oreo639
[22:23:24] *** Quits: Genolo (Ping timeout: 252 seconds)
[22:28:02] *** Quits: plutobot (Ping timeout: 376 seconds)
[22:28:05] *** Joins: plutobot
[22:28:46] *** Quits: yellows8 (Read error: Operation timed out)
[22:29:03] *** Quits: Cu3PO42 (Read error: Operation timed out)
[22:29:16] *** Joins: Cu3PO42
[22:30:25] *** Joins: Genolo
[22:31:34] *** Joins: yellows8
[22:31:34] *** WntrMute sets mode: +o yellows8
[22:50:18] *** Joins: arnor2
[22:50:48] *** Quits: arnor (Ping timeout: 265 seconds)
[22:53:15] *** Quits: yellows8 (Ping timeout: 600 seconds)
[22:54:03] *** Joins: yellows8
[22:54:03] *** WntrMute sets mode: +o yellows8
[23:11:35] *** Quits: yellows8 (Ping timeout: 600 seconds)
[23:11:40] *** Joins: yellows8
[23:11:40] *** WntrMute sets mode: +o yellows8
