[00:26:57] *** Joins: arnor3
[00:29:16] *** Quits: arnor3 (se.hub efnet.deic.eu)
[00:29:16] *** Quits: arnor2 (se.hub efnet.deic.eu)
[00:29:16] *** Quits: RaYmAn (se.hub efnet.deic.eu)
[00:29:16] *** Quits: DacoTaco (se.hub efnet.deic.eu)
[00:29:16] *** Quits: Behemoth_ (se.hub efnet.deic.eu)
[00:29:16] *** Quits: Maylay (se.hub efnet.deic.eu)
[00:29:16] *** Quits: lemmy (se.hub efnet.deic.eu)
[00:30:40] *** Joins: DacoTaco_
[00:33:13] *** Joins: Behemoth
[00:36:51] *** Joins: Maylay_
[01:16:50] *** Joins: arnor3
[01:16:50] *** Joins: lemmy
[02:29:34] <plutobot> Wiki | Page changed: Homebrew Applications | User: LucaSkyer | https://switchbrew.org/w/index.php?curid=293&diff=11074&oldid=11068
[02:50:11] *** Quits: refs (Quit: refs)
[03:39:38] *** Quits: arnor3 (Read error: Operation timed out)
[03:54:16] *** Joins: arnor3
[04:00:38] *** Quits: oreo639 (Ping timeout: 240 seconds)
[06:08:21] *** Joins: oreo639
[06:28:06] *** Joins: RaYmAn
[08:51:38] *** Quits: averne (quit)
[08:53:53] *** Joins: averne
[08:53:53] *** Server sets mode: +stn 
[08:53:57] *** Quits: rmaw (Read error: Operation timed out)
[08:55:37] *** Quits: Retr0id (Read error: Connection reset by peer)
[08:56:20] *** Quits: lex1 (Read error: Operation timed out)
[08:56:38] *** Quits: GerbilSof (Read error: Operation timed out)
[08:56:56] *** Joins: lex1
[08:57:02] *** Joins: GerbilSof
[08:58:12] *** Joins: Retr0id
[08:59:40] *** Joins: d3m3vilur
[09:08:58] *** Quits: d3m3vilur (Read error: Connection reset by peer)
[09:11:17] *** Joins: d3m3vilur
[09:16:25] *** Joins: nohit_
[09:19:07] *** Joins: rmaw
[09:27:02] *** Quits: Retr0id (Read error: Connection reset by peer)
[09:30:45] *** Quits: nohit_ (Ping timeout: 493 seconds)
[09:33:26] *** Quits: rmaw (Ping timeout: 857 seconds)
[09:38:35] *** Quits: blasty (Read error: Operation timed out)
[09:43:14] *** Quits: Sentry (Read error: Connection reset by peer)
[09:50:37] *** Joins: rmaw
[09:51:25] *** Joins: nohit_
[09:52:38] *** Joins: blasty
[09:56:05] *** Joins: Sentry
[10:15:37] *** Quits: fgsfds (Read error: Connection reset by peer)
[11:26:33] *** Quits: oreo639 (Ping timeout: 604 seconds)
[14:14:00] <plutobot> Wiki | Page changed: Homebrew Applications | User: LucaSkyer | https://switchbrew.org/w/index.php?curid=293&diff=11075&oldid=11074
[14:25:46] *** Joins: changoXPR
[14:27:30] *** Quits: changO- (Ping timeout: 265 seconds)
[15:44:57] *** Quits: arnor3 (Ping timeout: 604 seconds)
[17:12:35] *** Joins: arnor3
[17:30:43] *** Joins: n87
[17:57:23] <plutobot> Wiki | Page changed: System Version Title | User: Hexkyz | https://switchbrew.org/w/index.php?curid=116&diff=11076&oldid=11071
[17:57:43] <plutobot> Wiki | Page changed: System Version Title | User: Hexkyz | https://switchbrew.org/w/index.php?curid=116&diff=11077&oldid=11076
[17:57:53] <plutobot> Wiki | Page changed: System Version Title | User: Hexkyz | https://switchbrew.org/w/index.php?curid=116&diff=11078&oldid=11077
[18:03:42] *** Quits: mtheall (Ping timeout: 252 seconds)
[18:05:02] *** Quits: yls8bot (Read error: Operation timed out)
[18:12:22] *** Joins: mtheall
[18:12:23] *** Joins: yls8bot
[18:12:39] *** yellows8 sets mode: +o yls8bot
[18:26:10] *** Joins: fgsfds
[18:40:28] *** Joins: n87_2
[18:44:38] *** Quits: n87 (Ping timeout: 265 seconds)
[19:29:20] *** Joins: KuKzz
[21:41:06] *** Joins: eggy
[21:41:18] *** Joins: zini-
[21:41:23] *** Quits: changoXPR (hub.efnet.us irc.colosolutions.net)
[21:41:23] *** Quits: zini (hub.efnet.us irc.colosolutions.net)
[21:41:23] *** Quits: cpncok3 (hub.efnet.us irc.colosolutions.net)
[21:41:23] *** Quits: balrog (hub.efnet.us irc.colosolutions.net)
[21:41:23] *** Quits: sh0e (hub.efnet.us irc.colosolutions.net)
[21:41:23] *** Quits: eggster (hub.efnet.us irc.colosolutions.net)
[21:41:23] *** Quits: gruetzkop (hub.efnet.us irc.colosolutions.net)
[21:41:23] *** Quits: WntrMute (hub.efnet.us irc.colosolutions.net)
[21:41:23] *** Quits: fincs (hub.efnet.us irc.colosolutions.net)
[21:41:57] *** Joins: changO-
[21:42:02] *** Joins: changoXPR
[21:42:02] *** Joins: cpncok3
[21:42:02] *** Joins: WntrMute
[21:42:02] *** irc.colosolutions.net sets mode: +o WntrMute
[21:42:11] *** Joins: sh0e
[21:42:21] *** Joins: gruetzko-
[21:42:22] *** Quits: WntrMute (Read error: Operation timed out)
[21:42:37] *** Quits: changoXPR (Read error: Operation timed out)
[21:42:42] *** Joins: balrog_
[21:44:35] *** Joins: WntrMute
[21:44:40] *** yls8bot sets mode: +o WntrMute
[21:44:43] *** Joins: fincs
[21:44:43] *** WntrMute sets mode: +o fincs
[21:56:41] *** balrog_ is now known as balrog
[22:04:15] *** Joins: refs
[22:14:45] *** Joins: rajkosto
[23:26:41] *** Joins: figgis_
[23:30:42] *** Quits: fgsfds (Ping timeout: 376 seconds)
[23:32:14] *** Quits: n87_2 (Read error: Connection reset by peer)
[23:38:22] *** Joins: figgis__
[23:44:57] *** Quits: figgis_ (Read error: Operation timed out)
