[00:59:05] *** Quits: rajkosto (Read error: Connection reset by peer)
[01:26:10] *** Joins: arnor2
[01:30:47] *** Quits: arnor3 (Ping timeout: 604 seconds)
[01:56:07] *** Quits: oldtopman (Read error: Operation timed out)
[02:10:52] *** Joins: oldtopman
[02:21:48] *** Quits: figgis__ (Quit: Leaving)
[02:24:41] *** Joins: fgsfds
[02:49:39] *** Quits: refs (Quit: refs)
[05:46:19] *** Quits: fgsfds (Ping timeout: 265 seconds)
[06:17:17] *** Quits: Whovian93 (Quit: And I'm gone.)
[06:19:08] *** Joins: Whovian93
[10:59:03] *** Joins: n87
[11:37:44] *** Quits: KuKzz (Read error: Operation timed out)
[12:04:54] *** Joins: eggster
[12:18:46] *** Quits: oldtopman (ny.us.hub irc.Prison.NET)
[12:18:46] *** Quits: eggy (ny.us.hub irc.Prison.NET)
[12:18:46] *** Quits: |Shadow| (ny.us.hub irc.Prison.NET)
[12:21:05] *** Joins: lansiir
[12:30:01] *** Joins: |Shadow|_
[12:49:31] *** |Shadow|_ is now known as |Shadow|
[17:31:33] *** Quits: arnor2 (Ping timeout: 604 seconds)
[18:42:54] *** Joins: fgsfds
[19:18:46] *** Joins: oreo639
[19:20:46] *** Joins: giglife_
[19:21:36] *** Quits: giglife (Read error: Operation timed out)
[19:21:36] *** giglife_ is now known as giglife
[19:54:58] *** Joins: changoXPR
[20:00:19] *** Quits: changO- (Read error: Operation timed out)
[20:47:25] *** Joins: zini
[20:54:48] *** Quits: zini- (Ping timeout: 745 seconds)
[21:19:23] *** Joins: arnor2
[21:23:35] *** Joins: changO-
[21:28:38] *** Quits: changoXPR (Ping timeout: 745 seconds)
[21:35:53] <plutobot> Wiki | Page changed: System Version Title | User: Zachycatgames | https://switchbrew.org/w/index.php?curid=116&diff=11079&oldid=11078
[21:36:13] <plutobot> Wiki | Page changed: System Version Title | User: Zachycatgames | https://switchbrew.org/w/index.php?curid=116&diff=11080&oldid=11079
[22:01:14] *** Joins: refs
[22:09:26] *** Quits: oreo639 (Read error: Connection reset by peer)
[22:22:25] *** Quits: n87 (Read error: Connection reset by peer)
