[00:07:35] *** Quits: fgsfds (Read error: Connection reset by peer)
[00:26:26] *** Quits: n87 (Read error: Connection reset by peer)
[02:58:23] *** Quits: refs (Quit: refs)
[09:57:36] *** Quits: |Shadow| (Ping timeout: 240 seconds)
[10:04:55] *** Joins: |Shadow|
[10:12:03] *** Joins: fgsfds
[10:53:39] *** Joins: n87
[10:58:54] *** Quits: n87 (Read error: Connection reset by peer)
[11:02:36] *** Joins: n87
[11:49:58] *** Joins: GrecKo_
[11:50:15] *** Quits: GrecKo (Read error: Connection reset by peer)
[12:00:17] *** Joins: eggy
[12:01:25] *** Quits: eggster (Ping timeout: 612 seconds)
[12:15:36] *** Quits: oreo639 (Read error: Operation timed out)
[13:21:52] *** Quits: m4ts (Ping timeout: 265 seconds)
[13:22:13] *** Joins: m4ts
[15:45:53] *** Quits: Sentry (Read error: Operation timed out)
[15:47:18] *** Quits: Shiz (Read error: Operation timed out)
[15:47:18] *** Quits: GrecKo_ (Read error: Operation timed out)
[15:48:22] *** Joins: GrecKo
[15:49:26] *** Quits: blasty (Read error: Connection reset by peer)
[15:50:30] *** Quits: nohit (Ping timeout: 493 seconds)
[15:50:30] *** Quits: CCFL_Man (Remote host closed the connection)
[15:50:30] *** Joins: nohit
[15:50:30] *** Joins: CCFL_Man
[15:53:13] *** Joins: Sentry
[15:55:24] *** Joins: blasty
[16:23:44] *** Joins: Shiz
[18:22:25] *** Quits: tertu (ny.us.hub irc.choopa.net)
[18:22:25] *** Quits: djorz (ny.us.hub irc.choopa.net)
[18:22:25] *** Quits: nich (ny.us.hub irc.choopa.net)
[18:22:25] *** Quits: j0hny5 (ny.us.hub irc.choopa.net)
[18:22:47] *** Joins: tertu
[18:22:47] *** Joins: djorz
[18:22:47] *** Joins: nich
[18:22:47] *** Joins: j0hny5
[20:48:13] *** Joins: oreo639
[21:56:03] *** Joins: refs
[22:57:39] *** Quits: n87 (Read error: Connection reset by peer)
