[02:48:18] *** Quits: refs (Quit: refs)
[03:38:30] *** Quits: fgsfds (Read error: Connection reset by peer)
[03:43:54] *** Joins: GrecKo_
[03:46:58] *** Quits: GrecKo (Ping timeout: 492 seconds)
[04:17:48] *** Quits: oreo639 (Read error: Connection reset by peer)
[05:43:12] *** Joins: oreo639
[14:08:46] *** Joins: fgsfds
[14:12:54] *** Quits: oreo639 (Ping timeout: 252 seconds)
[17:14:49] *** Joins: m4ts_
[17:18:04] *** Quits: m4ts (Ping timeout: 265 seconds)
[19:19:15] *** Quits: |Shadow| (se.hub hub.efnet.us)
[19:19:15] *** Quits: eggy (se.hub hub.efnet.us)
[19:19:15] *** Quits: GrecKo_ (se.hub hub.efnet.us)
[19:19:15] *** Quits: Surkow (se.hub hub.efnet.us)
[19:19:15] *** Quits: balrog (se.hub hub.efnet.us)
[19:19:15] *** Quits: sh0e- (se.hub hub.efnet.us)
[19:19:15] *** Quits: Behemoth (se.hub hub.efnet.us)
[19:19:15] *** Quits: freundTec (se.hub hub.efnet.us)
[19:19:15] *** Quits: oldtopman (se.hub hub.efnet.us)
[19:19:15] *** Quits: TurtleP (se.hub hub.efnet.us)
[19:19:15] *** Quits: yellows8 (se.hub hub.efnet.us)
[19:19:15] *** Quits: Lightswor (se.hub hub.efnet.us)
[19:19:15] *** Quits: yls8bot (se.hub hub.efnet.us)
[19:19:15] *** Quits: Kyouju (se.hub hub.efnet.us)
[19:19:15] *** Quits: Jdbye (se.hub hub.efnet.us)
[19:19:15] *** Quits: tertu (se.hub hub.efnet.us)
[19:19:15] *** Quits: djorz (se.hub hub.efnet.us)
[19:19:15] *** Quits: nich (se.hub hub.efnet.us)
[19:19:15] *** Quits: j0hny5 (se.hub hub.efnet.us)
[19:29:07] *** Joins: j0hny5
[19:29:07] *** Joins: nich
[19:29:07] *** Joins: djorz
[19:29:07] *** Joins: tertu
[19:29:08] *** Joins: |Shadow|
[19:30:57] *** Joins: eggy
[19:32:48] *** Joins: GrecKo_
[19:32:48] *** Joins: Surkow
[19:32:48] *** Joins: balrog
[19:32:48] *** Joins: sh0e-
[19:32:48] *** Joins: Behemoth
[19:32:48] *** Joins: freundTec
[19:32:48] *** Joins: oldtopman
[19:32:48] *** Joins: Lightswor
[19:32:48] *** Joins: TurtleP
[19:32:48] *** Joins: yellows8
[19:32:48] *** Joins: yls8bot
[19:32:48] *** Joins: Kyouju
[19:32:48] *** Joins: Jdbye
[19:32:48] *** irc.servercentral.net sets mode: +oo yellows8 yls8bot
[19:32:48] *** WntrMute sets mode: +o yellows8
[20:53:05] *** Joins: n87
[21:18:51] *** Joins: refs
[21:25:34] *** Joins: GrecKo
[21:25:37] *** Quits: GrecKo_ (Read error: Connection reset by peer)
[21:26:59] *** Joins: oreo639
[21:50:22] *** Quits: hexkyz (Ping timeout: 745 seconds)
[21:51:44] *** Joins: hexkyz
[22:04:26] *** Quits: Surkow (Remote host closed the connection)
[22:05:56] *** Joins: Surkow
[22:39:26] *** Quits: n87 (Read error: Connection reset by peer)
[22:50:27] *** Quits: hexkyz (Ping timeout: 745 seconds)
[22:53:20] *** Joins: hexkyz
