[00:15:52] *** Quits: balrog (Read error: Operation timed out)
[00:27:19] *** Joins: balrog_
[00:49:25] *** balrog_ is now known as balrog
[01:53:47] *** Quits: karolherb (Ping timeout: 265 seconds)
[01:56:53] *** Joins: Extrems`
[02:04:54] *** Quits: Extrems (se.hub irc.homelien.no)
[02:20:22] *** Extrems` is now known as Extrems
[02:55:46] *** Quits: refs (Quit: refs)
[03:22:31] *** Quits: fgsfds (Read error: Connection reset by peer)
[03:48:15] *** Quits: balrog (Read error: Operation timed out)
[04:01:16] *** Joins: balrog
[11:15:12] *** Quits: |Shadow| (Ping timeout: 240 seconds)
[11:58:40] *** Joins: |Shadow|
[12:42:03] *** Quits: oreo639 (Ping timeout: 496 seconds)
[13:53:26] *** Joins: oui6
[14:00:33] *** Quits: oui6 (Ping timeout: 252 seconds)
[16:42:22] *** Joins: fgsfds
[16:56:07] *** Joins: n87
[19:17:17] *** Joins: figgis_
[19:20:07] *** Quits: fgsfds (Ping timeout: 376 seconds)
[21:46:04] *** Joins: oreo639
