[00:43:30] *** Joins: duo8
[01:13:21] *** Quits: duo8 (Quit: duo8)
[01:20:38] *** Joins: rajkosto
[01:49:32] *** Quits: GerbilSof (Windows must now restart because the Remote Procedure Call (RPC) service terminated unexpectedly.)
[01:49:52] *** Joins: GerbilSof
[01:51:15] *** Quits: oreo639 (Ping timeout: 492 seconds)
[02:00:28] *** Quits: rajkosto (Read error: Connection reset by peer)
[02:27:03] *** Joins: oreo639
[03:31:00] *** Quits: fgsfds (Read error: Connection reset by peer)
[04:56:32] *** Quits: refs (Quit: refs)
[08:15:16] *** Quits: oreo639 (Read error: Operation timed out)
[10:21:24] *** Joins: rajkosto
[10:40:47] *** Joins: lameboy2
[10:42:15] *** Quits: lameboy (Ping timeout: 265 seconds)
[10:42:18] *** lameboy2 is now known as lameboy
[10:59:35] *** Joins: eggster
[10:59:38] *** Quits: eggy (Read error: Connection reset by peer)
[13:21:19] *** Joins: refs
[15:39:43] *** Joins: fgsfds
[18:39:32] *** Joins: |OMEGA|
[18:42:46] *** Joins: n87
[18:50:40] *** Joins: oreo639
[20:22:58] *** Quits: rajkosto (Read error: Connection reset by peer)
[23:14:43] *** Quits: oreo639 (Read error: Operation timed out)
[23:37:28] *** Joins: oreo639
[23:39:13] *** Quits: n87 (Read error: Connection reset by peer)
[23:41:49] *** Quits: |OMEGA| (Quit: quit)
