[01:09:14] *** Joins: figgis_
[01:09:46] *** Joins: figgis__
[01:13:13] *** Quits: fgsfds (Ping timeout: 265 seconds)
[01:14:11] *** Quits: figgis_ (Ping timeout: 265 seconds)
[01:52:25] *** Quits: oreo639 (Ping timeout: 612 seconds)
[03:15:55] *** Joins: oreo639
[03:16:06] *** Quits: figgis__ (Read error: Connection reset by peer)
[04:12:48] *** Quits: |Shadow| (Ping timeout: 240 seconds)
[04:17:09] *** Joins: |Shadow|
[04:57:14] *** Quits: refs (Quit: refs)
[05:53:04] *** Quits: oreo639 (Ping timeout: 265 seconds)
[06:02:14] *** Joins: oreo639
[08:12:46] *** Quits: |Shadow| (Read error: Operation timed out)
[08:17:29] *** Joins: |Shadow|
[08:22:38] *** Quits: |Shadow| (Read error: Operation timed out)
[08:26:16] *** Joins: |Shadow|
[09:35:11] *** Quits: |Shadow| (Read error: Operation timed out)
[09:50:57] *** Joins: |Shadow|
[11:49:42] *** Quits: oreo639 (Ping timeout: 492 seconds)
[12:25:34] *** Joins: m4ts
[12:26:59] *** Quits: m4ts_ (Ping timeout: 265 seconds)
[13:01:13] *** Joins: rajkosto
[13:44:57] *** Joins: Tcm0
[14:31:08] *** Quits: rajkosto (Read error: Connection reset by peer)
[17:11:48] *** Quits: Tcm0 (Read error: Connection reset by peer)
[17:12:09] *** Joins: Tcm0
[17:20:02] *** Quits: balrog (Read error: Operation timed out)
[17:22:15] *** Joins: n87
[18:16:52] *** Joins: fgsfds
[18:53:49] *** Quits: n87 (Quit: Leaving)
[19:36:25] *** Joins: oreo639
[20:06:28] *** Quits: oreo639 (Read error: Connection reset by peer)
[20:14:58] *** Joins: refs
[20:20:03] *** Joins: balrog
