[03:01:31] *** Quits: refs (Quit: refs)
[03:38:52] *** Quits: fgsfds (Read error: Connection reset by peer)
[06:02:19] *** Joins: oreo639
[07:40:19] *** Quits: |Shadow| (Read error: Operation timed out)
[07:42:18] *** Joins: |Shadow|
[07:49:12] *** Quits: |Shadow| (Ping timeout: 240 seconds)
[07:51:42] *** Joins: |Shadow|
[11:34:07] *** Quits: oreo639 (Read error: Operation timed out)
[11:39:07] *** Quits: |Shadow| ()
[11:59:29] *** Joins: oreo639
[12:24:59] *** Joins: fgsfds
[12:45:22] *** Joins: |Shadow|
[13:11:21] *** Quits: oreo639 (Read error: Operation timed out)
[13:56:26] *** Quits: lameboy (Quit: brb)
[14:01:36] *** Joins: lameboy
[15:04:13] *** Joins: tastymeat
[15:20:33] *** Quits: tastymeat (Quit: Page closed)
[18:41:36] *** Quits: |Shadow| (Ping timeout: 240 seconds)
[18:44:55] *** Joins: |Shadow|
[20:21:09] *** Joins: refs
[20:24:02] *** Joins: oreo639
[20:52:49] *** Joins: n00b544
[20:53:32] *** Parts: n00b544 ()
