[03:07:33] *** Quits: refs (Quit: refs)
[03:35:55] *** Joins: Phils3r
[03:35:55] *** Quits: Phils3r_ (Read error: Connection reset by peer)
[04:15:50] *** Quits: fgsfds (Read error: Connection reset by peer)
[05:10:34] *** Quits: GerbilSof (Quit: Windows must now restart because the Remote Procedure Call (RPC) service terminated unexpectedly.)
[05:33:42] *** Joins: GerbilSof
[11:32:09] *** Joins: GerbilS5
[11:33:15] *** Quits: GerbilSof (Ping timeout: 240 seconds)
[11:33:15] *** Quits: |Shadow| (Ping timeout: 240 seconds)
[11:33:16] *** Quits: oreo639 (Read error: Connection reset by peer)
[11:33:20] *** Joins: oreo639
[11:40:41] *** Joins: |Shadow|
[12:17:21] *** Quits: oreo639 (Ping timeout: 265 seconds)
[13:49:07] *** Joins: fgsfds
[15:06:11] *** Quits: eggster (Read error: Operation timed out)
[15:06:14] *** Joins: eggster
[15:06:17] *** Quits: tertu (Read error: Operation timed out)
[15:07:29] *** Quits: djorz (Read error: Operation timed out)
[15:07:37] *** Joins: n87
[15:07:40] *** Quits: j0hny5 (Read error: Operation timed out)
[15:09:46] *** Joins: balrog_
[15:10:26] *** Quits: balrog (Read error: Operation timed out)
[15:10:26] *** balrog_ is now known as balrog
[15:12:45] *** Quits: nich (Read error: Operation timed out)
[15:13:11] *** Joins: tertu
[15:13:44] *** Joins: j0hny5
[15:16:00] *** Quits: |Shadow| (Ping timeout: 240 seconds)
[15:17:02] *** Joins: nich
[15:24:38] *** Joins: |Shadow|
[15:42:55] *** Quits: tertu (so long...)
[15:43:49] *** Joins: tertu
[16:55:01] *** Quits: Surkow (Remote host closed the connection)
[16:56:19] *** Joins: Surkow
[17:27:06] *** Quits: n87 (Read error: Connection reset by peer)
[17:34:30] *** Joins: djorz
[18:57:54] *** Joins: n87
[19:22:36] *** Joins: oreo639
[19:25:57] *** Quits: jsa_ (Read error: Operation timed out)
[19:26:01] *** Joins: thejsa
[19:30:31] *** Quits: lemmy (Ping timeout: 612 seconds)
[19:49:41] *** Joins: lemmy
[20:11:12] *** Joins: refs
[20:27:40] *** Joins: tertu2
[20:27:40] *** Quits: tertu (Read error: Connection reset by peer)
[20:27:40] *** tertu2 is now known as tertu
[21:15:31] *** Joins: lameboy2
[21:25:48] *** Quits: lameboy (Read error: Operation timed out)
[21:25:49] *** lameboy2 is now known as lameboy
[22:10:33] *** Quits: nich (Read error: Connection reset by peer)
[22:11:17] *** Quits: n87 (Read error: Connection reset by peer)
[22:16:36] *** Quits: djorz (Ping timeout: 600 seconds)
[22:17:17] *** Joins: djorz
[22:36:53] *** Joins: nich
[23:17:51] *** Joins: rajkosto
