[00:25:48] *** Quits: oldtopman (Read error: Operation timed out)
[00:26:13] *** Joins: oldtopman
[02:38:47] *** Quits: fgsfds (Read error: Connection reset by peer)
[02:58:48] *** Quits: refs (Quit: refs)
[03:02:25] *** Joins: ris3z
[03:02:34] *** Quits: ris2z (Ping timeout: 252 seconds)
[03:03:40] *** Quits: oldtopman (Ping timeout: 252 seconds)
[03:04:24] *** Quits: Shiz (Ping timeout: 252 seconds)
[03:05:52] *** Quits: flagrama_ (Ping timeout: 252 seconds)
[03:05:58] *** Joins: flagrama_
[03:06:55] *** Joins: Shiz
[03:09:16] *** Joins: oldtopman
[03:15:27] *** Quits: rajkosto (Read error: Connection reset by peer)
[03:26:36] *** Quits: oreo639 (Read error: Operation timed out)
[03:41:17] *** Joins: oreo639
[05:19:35] *** Quits: nich (Read error: Operation timed out)
[05:25:27] *** Joins: tertu2
[05:27:33] *** Quits: tertu (Read error: Operation timed out)
[05:27:33] *** tertu2 is now known as tertu
[05:39:55] *** Joins: oreo639_
[05:42:03] *** Joins: nich
[05:42:55] *** Quits: oreo639 (se.hub efnet.deic.eu)
[06:34:00] *** Quits: |Shadow| (Ping timeout: 240 seconds)
[06:47:35] *** Joins: |Shadow|
[07:32:06] *** Quits: djorz (Read error: Operation timed out)
[08:34:51] *** Joins: djorz
[11:41:24] *** Quits: oreo639_ (Ping timeout: 252 seconds)
[13:08:44] *** Joins: fgsfds
[14:05:17] *** ris3z is now known as ris2z
[14:26:46] *** Joins: m4ts_
[14:29:09] *** Quits: m4ts (Ping timeout: 265 seconds)
[16:53:06] *** Joins: n87
[20:19:41] *** Quits: n87 (Quit: Leaving)
[20:48:41] *** Joins: oreo639
[22:53:43] *** Quits: oreo639 (Ping timeout: 612 seconds)
