[00:40:13] *** Joins: tertu2
[00:42:13] *** Quits: tertu (Read error: Operation timed out)
[00:42:13] *** tertu2 is now known as tertu
[02:29:21] *** Quits: oreo639 (Read error: Operation timed out)
[02:44:33] *** Joins: oreo639
[03:22:03] *** Quits: fgsfds (Read error: Connection reset by peer)
[03:25:54] *** Quits: rajkosto (Read error: Connection reset by peer)
[04:34:54] *** Quits: refs (Quit: refs)
[04:42:13] *** Quits: Maylay_ (Quit: Pipe Terminated)
[04:54:37] *** Joins: Maylay
[13:09:32] *** Joins: refs
[13:32:41] *** Quits: tertu (so long...)
[14:13:45] *** Joins: fgsfds
[14:13:52] *** Quits: thomasnet (Ping timeout: 265 seconds)
[14:16:10] *** Joins: thomasnet
[14:21:37] *** Quits: oreo639 (Read error: Operation timed out)
[19:12:09] *** Quits: lameboy (Read error: Connection reset by peer)
[19:12:15] *** Joins: lameboy2
[19:12:21] *** lameboy2 is now known as lameboy
[22:00:25] *** Joins: rajkosto
