[00:10:01] *** Joins: rajko
[00:10:01] *** Quits: rajkosto (Read error: Connection reset by peer)
[00:25:08] *** Quits: rajko (Ping timeout: 265 seconds)
[00:57:07] *** Quits: Maylay (se.hub efnet.deic.eu)
[01:01:51] *** Joins: Maylay_
[01:25:23] *** Joins: rajkosto
[01:34:54] *** Quits: rajkosto (Quit: Leaving)
[01:49:21] *** Joins: rajkosto
[02:08:11] *** Quits: rajkosto (Quit: Leaving)
[02:24:02] *** Joins: oreo639
[02:36:31] *** Joins: rajkosto
[02:48:21] *** Quits: refs (Quit: refs)
[02:50:00] *** Quits: rajkosto (Read error: Operation timed out)
[05:26:20] *** Joins: uyjulian_
[05:26:37] *** Joins: derrek_
[05:28:08] *** Joins: klock
[05:28:11] *** Joins: jsa_
[05:28:59] *** Joins: nrq_
[05:29:30] *** Quits: mid-kid1 (Read error: Connection reset by peer)
[05:29:30] *** Quits: Normmatt (Read error: Connection reset by peer)
[05:29:30] *** Quits: Phils3r (Read error: Connection reset by peer)
[05:29:30] *** Quits: nrq (Read error: Connection reset by peer)
[05:29:30] *** Quits: thejsa (Read error: Connection reset by peer)
[05:29:30] *** Quits: lemmy (Read error: Connection reset by peer)
[05:29:30] *** Joins: mid-kid1
[05:29:30] *** Joins: dibas_
[05:29:30] *** Joins: zini-
[05:29:30] *** Joins: Whovian9-
[05:29:30] *** Joins: Phils3r
[05:30:38] *** Joins: Normmatt
[05:31:42] *** Joins: pieman_
[05:32:13] *** Quits: uyjulian (Ping timeout: 745 seconds)
[05:32:13] *** uyjulian_ is now known as uyjulian
[05:35:08] *** Quits: zini (Ping timeout: 745 seconds)
[05:36:18] *** Quits: dibas (Ping timeout: 745 seconds)
[05:36:18] *** Quits: Whovian93 (Ping timeout: 745 seconds)
[05:36:19] *** Quits: klockee (Ping timeout: 745 seconds)
[05:36:19] *** Quits: derrek (Ping timeout: 745 seconds)
[05:36:19] *** derrek_ is now known as derrek
[05:36:19] *** dibas_ is now known as dibas
[05:42:43] *** Quits: hexkyz (Ping timeout: 745 seconds)
[05:43:02] *** Joins: hexkyz
[05:43:18] *** Quits: Genolo (Ping timeout: 745 seconds)
[05:43:18] *** Quits: tpw_rules (Ping timeout: 745 seconds)
[05:43:29] *** Quits: pieman (Read error: Connection timed out)
[05:43:29] *** pieman_ is now known as pieman
[05:43:33] *** Joins: tpw_rules
[05:43:35] *** Joins: Genolo
[05:53:18] *** Joins: lemmy
[05:59:15] *** Joins: rajkosto
[06:19:42] *** Quits: rajkosto (Ping timeout: 496 seconds)
[06:35:55] *** Quits: lemmy (se.hub efnet.deic.eu)
[06:35:55] *** Quits: jsa_ (se.hub efnet.deic.eu)
[06:42:39] *** Joins: rajkosto
[06:58:50] *** Quits: rajkosto (Read error: Connection reset by peer)
[07:26:02] *** Quits: fgsfds (Read error: Connection reset by peer)
[07:51:43] *** Quits: oreo639 (Read error: Operation timed out)
[08:13:18] *** Joins: lemmy
[08:13:18] *** Joins: jsa_
[08:16:32] *** Joins: oreo639
[08:27:59] *** Quits: uyjulian (Read error: Operation timed out)
[08:31:02] *** Joins: uyjulian
[08:56:30] *** Quits: m4ts (Ping timeout: 265 seconds)
[08:58:24] *** Joins: m4ts
[10:07:33] *** Quits: m4ts (Ping timeout: 265 seconds)
[10:13:27] *** Quits: lameboy (Quit: bbl)
[10:15:06] *** Joins: lameboy
[11:05:53] *** Quits: oreo639 (Ping timeout: 745 seconds)
[16:58:16] *** Joins: m4ts
[20:07:16] *** Joins: oreo639
[20:54:58] *** Joins: refs
[21:19:39] *** Quits: Behemoth (Ping timeout: 376 seconds)
[21:21:36] *** Joins: Behemoth
[21:26:50] *** Quits: Behemoth (se.hub efnet.deic.eu)
[21:26:51] *** Quits: lameboy (se.hub efnet.deic.eu)
[21:26:51] *** Quits: lemmy (se.hub efnet.deic.eu)
[21:26:51] *** Quits: jsa_ (se.hub efnet.deic.eu)
[21:27:04] *** Joins: lameboy2
[21:27:39] *** Joins: Behemoth_
[21:40:50] *** Joins: lemmy
[21:40:50] *** Joins: jsa_
[21:42:17] *** lameboy2 is now known as lameboy
[21:48:34] *** Quits: oreo639 (Ping timeout: 252 seconds)
[22:02:14] *** Quits: lemmy (se.hub efnet.deic.eu)
[22:02:14] *** Quits: jsa_ (se.hub efnet.deic.eu)
[22:21:11] *** Joins: lemmy
[22:21:11] *** Joins: jsa_
