[01:18:46] *** Joins: KuKzz_
[01:20:19] *** Quits: flotwig (Read error: Operation timed out)
[01:22:12] *** Quits: KuKzz (Ping timeout: 480 seconds)
[01:22:48] *** Quits: Cu3PO42 (Read error: Operation timed out)
[01:36:25] *** Joins: flotwig
[01:41:14] *** Joins: Cu3PO42
[01:57:22] *** Joins: fgsfds
[02:35:34] *** Quits: lemmy (se.hub efnet.deic.eu)
[02:35:34] *** Quits: jsa_ (se.hub efnet.deic.eu)
[02:46:15] *** Quits: refs (Quit: refs)
[02:49:09] *** Joins: lemmy
[02:49:09] *** Joins: jsa_
[02:51:16] *** Joins: oreo639
[03:58:11] *** Joins: rajkosto
[05:43:28] *** Quits: fgsfds (Quit: Leaving)
[07:08:30] *** Quits: rajkosto (Read error: Connection reset by peer)
[08:19:23] *** Quits: zombie343 (Read error: Operation timed out)
[11:04:10] *** Quits: oreo639 (Read error: Connection reset by peer)
[11:29:36] *** Joins: n87
[11:38:24] *** Quits: |Shadow| (Ping timeout: 240 seconds)
[11:55:33] *** Joins: |Shadow|
[13:24:39] *** Quits: n87 (Read error: Connection reset by peer)
[14:43:07] *** Joins: n87
[16:11:29] *** Joins: fgsfds
[16:24:52] *** Quits: lemmy (se.hub efnet.deic.eu)
[16:24:52] *** Quits: jsa_ (se.hub efnet.deic.eu)
[16:56:50] *** Joins: lemmy
[16:56:50] *** Joins: jsa_
[21:25:01] *** Quits: djorz (Read error: Operation timed out)
[21:26:02] *** Quits: uyjulian (Read error: Operation timed out)
[21:26:12] *** Joins: djorz
[21:26:19] *** Joins: uyjulian
[21:27:13] *** Quits: balrog (Read error: Operation timed out)
[21:27:42] *** Joins: balrog
[21:32:26] *** Quits: djorz (Read error: Operation timed out)
[21:41:00] *** Quits: lemmy (se.hub efnet.deic.eu)
[21:41:00] *** Quits: jsa_ (se.hub efnet.deic.eu)
[21:49:05] *** Joins: refs
[22:04:37] *** Joins: lemmy
[22:04:37] *** Joins: jsa_
[23:09:33] *** Joins: djorz
[23:20:48] *** Quits: |Shadow| (Ping timeout: 240 seconds)
[23:28:58] *** Joins: n87_2
[23:32:38] *** Quits: n87 (Ping timeout: 265 seconds)
[23:36:06] *** Quits: lemmy (se.hub efnet.deic.eu)
[23:36:06] *** Quits: jsa_ (se.hub efnet.deic.eu)
