[00:00:52] *** Joins: lemmy
[00:00:52] *** Joins: jsa_
[00:10:29] *** Joins: |Shadow|
[00:20:16] *** Quits: n87_2 (Read error: Connection reset by peer)
[00:35:10] *** Quits: phigcloud (Read error: Connection reset by peer)
[00:35:15] *** Quits: flagrama_ (Read error: Connection reset by peer)
[00:35:31] *** Quits: d3m3vilur (Read error: Connection reset by peer)
[00:35:38] *** Quits: nohit (Read error: Connection reset by peer)
[00:35:59] *** Joins: flagrama_
[00:35:59] *** Joins: nohit
[00:36:18] *** Joins: d3m3vilur
[00:36:39] *** Joins: phigcloud
[00:51:18] *** Joins: nichfury
[00:54:46] *** Quits: nich (Read error: Operation timed out)
[00:58:31] *** Quits: nichfury (Read error: Operation timed out)
[00:59:22] *** Quits: j0hny5 (Read error: Operation timed out)
[01:00:54] *** Joins: nich
[01:01:08] *** Joins: j0hny5
[01:07:44] *** Quits: refs (Ping timeout: 186 seconds)
[01:23:20] *** Joins: Snetry
[01:24:39] *** Quits: Sentry (Read error: Operation timed out)
[01:24:39] *** Snetry is now known as Sentry
[02:35:25] *** Quits: phigcloud (Ping timeout: 612 seconds)
[02:35:36] *** Joins: phigcloud
[02:54:10] *** Joins: oreo639
[04:08:29] *** Joins: zombie343
[05:21:49] *** Quits: oreo639 (Quit: Quit)
[05:22:18] *** Joins: oreo639
[06:01:27] *** Quits: nrq_ (Read error: Operation timed out)
[06:01:59] *** Joins: nrq
[06:05:21] *** Quits: flagrama_ (Ping timeout: 493 seconds)
[06:05:37] *** Joins: Extrems`
[06:07:12] *** Joins: flagrama_
[06:10:12] *** Quits: averne (quit)
[06:10:30] *** Joins: averne_
[06:10:30] *** Quits: averne (Read error: Connection reset by peer)
[06:10:30] *** Server sets mode: +stn 
[06:10:30] *** averne_ is now known as averne
[06:11:06] *** Joins: Genolol
[06:12:32] *** Quits: Genolo (Read error: Operation timed out)
[06:12:33] *** Quits: blasty (Read error: Connection reset by peer)
[06:12:33] *** Genolol is now known as Genolo
[06:14:04] *** Quits: Sentry (Read error: Operation timed out)
[06:14:17] *** Joins: Sentry
[06:17:14] *** Quits: Extrems (Ping timeout: 1221 seconds)
[06:17:14] *** Extrems` is now known as Extrems
[06:25:01] *** Quits: lex1 (Read error: Operation timed out)
[06:25:39] *** Joins: lex1
[06:29:59] *** Joins: blasty
[06:30:46] *** Quits: fgsfds (Read error: Connection reset by peer)
[06:39:35] *** Quits: blasty (Read error: Operation timed out)
[06:40:49] *** Quits: Sentry (Read error: Connection reset by peer)
[06:42:15] *** Quits: GrecKo (Read error: Operation timed out)
[06:42:30] *** Joins: GrecKo
[06:43:41] *** Quits: d3m3vilur (Ping timeout: 493 seconds)
[06:44:04] *** Quits: nohit (Ping timeout: 493 seconds)
[06:44:39] *** Joins: nohit
[06:45:27] *** Quits: lex1 (Read error: Operation timed out)
[06:50:26] *** Joins: d3m3vilur
[06:51:37] *** Joins: lex1
[06:52:19] *** Joins: Sentry
[06:56:51] *** Joins: blasty
[07:39:07] *** Quits: d3m3vilur (Read error: Operation timed out)
[07:41:09] *** Quits: blasty (Read error: Operation timed out)
[07:51:32] *** Quits: Sentry (Ping timeout: 857 seconds)
[07:52:09] *** Quits: lex1 (Read error: Operation timed out)
[08:11:51] *** Quits: nohit (Ping timeout: 493 seconds)
[08:20:48] *** Quits: |Shadow| (Ping timeout: 240 seconds)
[08:22:02] *** Joins: d3m3vilur
[08:27:50] *** Joins: lex1
[08:31:01] *** Quits: d3m3vilur (Ping timeout: 493 seconds)
[08:32:57] *** Joins: blasty
[08:33:10] *** Joins: d3m3vilur
[08:33:13] *** Joins: Sentry
[08:34:44] *** Joins: nohit
[08:41:35] *** Joins: rajkosto
[09:53:55] *** Joins: |Shadow|
[10:05:30] *** Quits: |Shadow| ()
[10:07:05] *** Joins: |Shadow|
[11:12:33] *** Quits: rajkosto (Read error: Connection reset by peer)
[11:14:18] *** Quits: oreo639 (Read error: Operation timed out)
[11:51:45] *** Joins: n87
[14:10:40] *** Quits: lameboy (Ping timeout: 186 seconds)
[14:33:38] *** Quits: n87 (Read error: Connection reset by peer)
[15:55:43] *** Quits: uyjulian (Ping timeout: 745 seconds)
[15:56:43] *** Quits: Whovian9- (Remote host closed the connection)
[16:00:25] *** Joins: uyjulian
[16:16:56] *** Joins: Whovian93
[16:20:09] *** Quits: uyjulian (Read error: Operation timed out)
[16:35:45] *** Joins: fgsfds
[17:44:18] *** Joins: uyjulian
[17:49:28] *** Joins: uyjulian_
[17:57:03] *** Quits: uyjulian (Ping timeout: 745 seconds)
[17:57:03] *** uyjulian_ is now known as uyjulian
[18:52:43] *** Quits: Surkow (Remote host closed the connection)
[18:54:08] *** Joins: Surkow
[19:53:35] *** Joins: oreo639
[21:17:02] *** Joins: n87
[21:38:31] *** Quits: oreo639 (Read error: Operation timed out)
[22:06:13] *** Joins: refs
[22:33:34] *** Quits: nohit (Read error: Connection reset by peer)
[22:33:38] *** Joins: nohit
[23:22:48] *** Joins: lameboy
