[01:18:53] *** Quits: n87 (Read error: Connection reset by peer)
[02:01:59] *** Quits: averne (quit)
[02:13:34] *** Joins: averne
[02:13:34] *** Server sets mode: +stn 
[02:24:17] *** Quits: Surkow (Read error: Operation timed out)
[02:35:05] *** Joins: Surkow
[02:54:34] *** Quits: refs (Quit: refs)
[03:14:35] *** Joins: oreo639
[05:11:51] *** Quits: fgsfds (Read error: Connection reset by peer)
[06:22:21] *** Quits: oreo639 (Ping timeout: 265 seconds)
[06:22:38] *** Joins: oreo639
[11:30:12] *** Joins: n87
[12:30:52] *** Quits: GerbilS5 (Read error: Operation timed out)
[12:48:44] *** Joins: GerbilS5
[13:17:16] *** Quits: oreo639 (Read error: Operation timed out)
[14:04:02] *** Quits: GerbilS5 (Read error: Operation timed out)
[14:17:05] *** Joins: GerbilS5
[15:33:41] *** Quits: thomasnet (Quit: Bye!)
[15:33:54] *** Joins: thomasnet
[15:41:13] *** Quits: GerbilS5 (Windows must now restart because the Remote Procedure Call (RPC) service terminated unexpectedly.)
[15:41:28] *** Joins: GerbilSof
[15:42:38] *** Quits: |Shadow| ()
[15:54:59] *** Joins: fgsfds
[16:30:43] *** Quits: d3m3vilur (Read error: Connection reset by peer)
[16:30:51] *** Joins: d3m3vilur
[16:30:51] *** Quits: nohit (Read error: Connection reset by peer)
[16:30:55] *** Joins: nohit
[17:18:07] *** Quits: nohit (Read error: Connection reset by peer)
[17:18:27] *** Joins: nohit
[17:30:53] *** Quits: nohit (Read error: Connection reset by peer)
[17:31:08] *** Quits: d3m3vilur (Read error: Connection reset by peer)
[17:31:39] *** Joins: nohit
[17:31:55] *** Joins: d3m3vilur
[18:09:13] *** Quits: nohit (Read error: Connection reset by peer)
[18:09:14] *** Quits: d3m3vilur (Read error: Connection reset by peer)
[18:10:40] *** Joins: d3m3vilur
[18:10:40] *** Joins: nohit
[21:03:28] *** Joins: oreo639
[22:23:51] *** Quits: averne (quit)
[22:28:01] *** Joins: averne_
[22:28:01] *** Server sets mode: +stn 
[22:28:02] *** Server sets mode: +stn 
[22:30:28] *** Quits: averne (Read error: Operation timed out)
[22:30:29] *** averne_ is now known as averne
[22:36:59] *** Quits: averne (quit)
[23:09:09] *** Quits: averne (quit)
[23:11:31] *** Joins: averne
[23:11:31] *** Server sets mode: +stn 
[23:16:01] *** Quits: averne (quit)
[23:16:32] *** Joins: averne
[23:16:32] *** Server sets mode: +stn 
[23:31:37] *** Quits: zini- (Quit: -->)
[23:32:21] *** Joins: zini
[23:34:04] *** Joins: |Shadow|
[23:54:38] *** Quits: averne (quit)
