[00:23:36] *** Joins: averne
[00:23:36] *** Server sets mode: +stn 
[00:58:40] *** Quits: n87 (Read error: Connection reset by peer)
[01:08:47] *** Quits: phigcloud (Read error: Connection reset by peer)
[01:10:32] *** Joins: phigcloud
[02:08:46] *** Quits: oreo639 (Read error: Operation timed out)
[02:14:42] *** Joins: oreo639
[03:43:12] *** Quits: |Shadow| (Ping timeout: 240 seconds)
[03:56:27] *** Joins: |Shadow|
[04:34:45] *** Quits: oreo639 (Read error: Operation timed out)
[05:29:36] *** Joins: oreo639
[05:33:09] *** Joins: |Shadow|_
[05:33:50] *** Quits: |Shadow|_ (Remote host closed the connection)
[06:22:59] *** Quits: fgsfds (Read error: Connection reset by peer)
[10:15:07] *** Quits: oreo639 (Ping timeout: 612 seconds)
[10:38:37] *** Joins: n87
[13:19:31] *** Joins: refs
[15:41:56] *** Quits: thomasnet (Quit: Bye!)
[18:11:23] *** Joins: oreo639
[19:56:22] *** Joins: graffix
[21:40:57] *** Quits: n87 (Read error: Connection reset by peer)
[22:18:05] *** Joins: fgsfds
[22:51:13] *** Quits: fgsfds (Read error: Connection reset by peer)
[22:54:54] *** Joins: fgsfds
