[00:08:19] *** Quits: rajkosto (Read error: Connection reset by peer)
[00:15:03] *** Quits: Phils3r (Quit: ZNC - https://znc.in)
[00:15:11] *** Joins: Phils3r
[03:40:12] *** Joins: rajkosto
[04:54:03] *** Quits: refs (Quit: refs)
[05:09:28] *** Quits: rajkosto (Read error: Operation timed out)
[05:12:19] *** Joins: rajkosto
[06:32:28] *** Quits: fgsfds (Read error: Connection reset by peer)
[07:03:09] *** Quits: GerbilSof (Windows must now restart because the Remote Procedure Call (RPC) service terminated unexpectedly.)
[07:12:16] *** Quits: rajkosto (Read error: Connection reset by peer)
[07:15:10] *** Joins: GerbilSof
[10:11:18] *** Joins: rajkosto
[11:15:21] *** Quits: rajkosto (Ping timeout: 600 seconds)
[12:25:46] *** Joins: m4ts_
[12:27:18] *** Quits: m4ts (Ping timeout: 265 seconds)
[13:50:05] *** Quits: Sentry (Read error: Connection refused)
[13:51:07] *** Joins: Sentry
[14:04:58] *** Joins: Tcm0
[16:29:50] *** Joins: fgsfds
[21:41:00] *** Joins: rajkosto
[21:57:35] *** Joins: refs
[23:38:49] *** Quits: Tcm0 (Remote host closed the connection)
[23:39:08] *** Joins: Tcm0
