[00:12:30] *** Quits: Tcm0 (Leaving)
[02:59:25] *** Quits: refs (Quit: refs)
[04:01:43] *** Quits: fgsfds (Read error: Connection reset by peer)
[04:38:36] *** Quits: rajkosto (Ping timeout: 480 seconds)
[05:02:06] *** Quits: uyjulian (Read error: Operation timed out)
[05:02:24] *** Joins: uyjulian
[05:02:59] *** Joins: GrecKo_
[05:07:31] *** Quits: GrecKo (Read error: Operation timed out)
[07:06:33] *** Joins: rajkosto
[07:48:46] *** Quits: rajkosto (Read error: Connection reset by peer)
[08:33:35] *** Joins: Snetry
[08:34:54] *** Quits: Sentry (Read error: Operation timed out)
[08:34:54] *** Snetry is now known as Sentry
[09:45:39] *** Joins: rajkosto
[14:09:36] *** Quits: |Shadow| (Ping timeout: 240 seconds)
[14:11:19] *** Joins: |Shadow|
[14:18:27] *** Quits: rajkosto (Read error: Connection reset by peer)
[14:39:37] *** Quits: |Shadow| ()
[14:39:54] *** Joins: fgsfds
[14:39:59] *** Joins: |Shadow|
[14:40:52] *** Quits: |Shadow| (Client Quit)
[14:41:13] *** Joins: |Shadow|
[18:17:14] *** Joins: Tcm0
[19:42:33] *** Quits: Sentry (Read error: Connection refused)
[19:44:49] *** Joins: Sentry
[19:51:10] *** Quits: Sentry (Read error: Connection refused)
[21:16:28] *** Joins: Sentry
[21:25:18] *** Quits: Sentry (Read error: Connection refused)
[21:37:37] *** Joins: refs
[22:22:30] *** Joins: Tcm0_
[22:23:44] *** Joins: Sentry
[22:24:21] *** Joins: n87
[22:25:21] *** Quits: Sentry (Client Quit)
[22:27:26] *** Joins: Sentry
[22:30:01] *** Quits: Tcm0 (Read error: Operation timed out)
[22:30:58] *** Quits: Sentry (Client Quit)
[22:44:42] *** Joins: Sentry
[22:46:18] *** Quits: GerbilSof (Ping timeout: 265 seconds)
[22:46:30] *** Quits: Sentry (Client Quit)
[22:47:32] *** Joins: Sentry
[23:30:08] *** Joins: GerbilSof
[23:55:28] *** Quits: n87 (Read error: Connection reset by peer)
