[00:17:57] *** Quits: Tcm0_ (Leaving)
[01:55:09] *** Quits: Sentry (Read error: Connection refused)
[02:03:07] *** Joins: Sentry
[02:11:14] *** Joins: Snetry
[02:12:04] *** Quits: Sentry (Read error: Connection refused)
[02:12:04] *** Snetry is now known as Sentry
[02:14:36] *** Quits: nich (ny.us.hub ircd.choopa.net)
[02:14:36] *** Quits: j0hny5 (ny.us.hub ircd.choopa.net)
[02:14:36] *** Quits: djorz (ny.us.hub ircd.choopa.net)
[02:14:36] *** Quits: tpw_rules (ny.us.hub ircd.choopa.net)
[02:16:19] *** Quits: Sentry (Read error: Operation timed out)
[02:17:42] *** Joins: j0hny5
[02:17:42] *** Joins: nich
[02:17:42] *** Joins: djorz
[02:17:42] *** Joins: tpw_rules
[02:24:07] *** Joins: Sentry
[02:37:20] *** Quits: Sentry (Read error: Operation timed out)
[02:45:28] *** Joins: Sentry
[02:55:36] *** Quits: refs (Quit: refs)
[03:07:13] *** Quits: Sentry (Read error: Operation timed out)
[03:15:55] *** Joins: Sentry
[04:14:01] *** Quits: fgsfds (Read error: Connection reset by peer)
[05:27:50] *** Joins: Snetry
[05:29:09] *** Quits: Sentry (Read error: Operation timed out)
[05:29:09] *** Snetry is now known as Sentry
[05:40:56] *** Quits: Sentry (Read error: Connection refused)
[05:47:09] *** Joins: Sentry
[06:13:08] *** Quits: Sentry (Read error: Operation timed out)
[06:31:50] *** Joins: Sentry
[06:38:54] *** Joins: Snetry
[06:46:19] *** Quits: Sentry (Ping timeout: 857 seconds)
[06:46:49] *** Joins: Sentry
[06:49:01] *** Quits: Snetry (Read error: Connection refused)
[07:01:21] *** Joins: Snetry
[07:08:33] *** Quits: Sentry (Ping timeout: 857 seconds)
[07:08:33] *** Snetry is now known as Sentry
[08:04:07] *** Joins: Snetry
[08:05:26] *** Quits: Sentry (Read error: Operation timed out)
[08:05:27] *** Snetry is now known as Sentry
[08:23:09] *** Joins: Snetry
[08:24:20] *** Quits: Sentry (Read error: Connection refused)
[08:24:20] *** Snetry is now known as Sentry
[08:43:47] *** Quits: Sentry (Read error: Operation timed out)
[08:45:51] *** Joins: Sentry
[08:50:51] *** Joins: rajkosto
[08:51:11] *** Quits: Sentry (Read error: Operation timed out)
[08:52:54] *** Joins: Sentry
[09:01:33] *** Quits: Sentry (Read error: Operation timed out)
[09:24:20] *** Joins: Sentry
[09:36:42] *** Quits: Sentry (Read error: Operation timed out)
[09:37:55] *** Joins: Sentry
[10:08:30] *** Quits: Sentry (Read error: Operation timed out)
[10:09:08] *** Quits: rajkosto (Read error: Connection reset by peer)
[10:10:34] *** Joins: Sentry
[10:17:34] *** Joins: Snetry
[10:18:53] *** Quits: Sentry (Read error: Operation timed out)
[10:18:54] *** Snetry is now known as Sentry
[10:19:48] *** Joins: n87
[10:30:50] *** Joins: Snetry
[10:31:48] *** Quits: Sentry (Read error: Operation timed out)
[10:31:49] *** Snetry is now known as Sentry
[10:49:25] *** Joins: Snetry
[10:50:44] *** Quits: Sentry (Read error: Connection refused)
[10:52:04] *** Quits: Snetry (Read error: Operation timed out)
[10:56:17] *** Joins: Sentry
[11:07:56] *** Quits: Sentry (Read error: Connection refused)
[11:19:43] *** Joins: Sentry
[11:29:16] *** Joins: Snetry
[11:31:01] *** Quits: Sentry (Read error: Connection refused)
[11:32:20] *** Quits: Snetry (Read error: Operation timed out)
[11:51:50] *** Joins: Sentry
[11:53:12] *** Quits: Sentry (Read error: Operation timed out)
[11:58:27] *** Joins: Sentry
[12:01:23] *** Joins: rajkosto
[12:03:26] *** Quits: n87 (Read error: Connection reset by peer)
[12:04:46] *** Quits: Sentry (Read error: Operation timed out)
[12:09:01] *** Joins: Sentry
[12:16:42] *** Joins: Snetry
[12:18:33] *** Quits: Sentry (Read error: Connection refused)
[12:18:33] *** Snetry is now known as Sentry
[12:19:48] *** Quits: rajkosto (Read error: Connection reset by peer)
[12:31:06] *** Quits: Sentry (Read error: Connection refused)
[12:35:20] *** Joins: Sentry
[12:50:02] *** Quits: Sentry (Read error: Connection refused)
[12:53:10] *** Joins: Sentry
[12:53:13] *** Joins: |Shadow|_
[12:54:00] *** Quits: |Shadow| (Ping timeout: 240 seconds)
[12:54:26] *** |Shadow|_ is now known as |Shadow|
[13:01:46] *** Quits: Sentry (Read error: Connection refused)
[13:02:18] *** Quits: phigcloud (se.hub efnet.deic.eu)
[13:02:18] *** Quits: lemmy (se.hub efnet.deic.eu)
[13:02:18] *** Quits: jsa_ (se.hub efnet.deic.eu)
[13:06:42] *** Joins: Sentry
[13:13:04] *** Joins: phigcloud
[13:13:04] *** Joins: lemmy
[13:13:04] *** Joins: jsa_
[13:14:22] *** Quits: Sentry (Read error: Connection refused)
[13:14:41] *** Joins: Sentry
[13:24:41] *** Joins: fgsfds
[14:01:11] *** Quits: Sentry (Read error: Operation timed out)
[14:05:49] *** Joins: Sentry
[14:57:27] *** Joins: n87
[15:24:38] *** Joins: rajkosto
[15:27:02] *** Quits: rajkosto (Client Quit)
[15:27:06] *** Joins: rajkosto
[20:48:56] *** Quits: rajkosto (Ping timeout: 248 seconds)
[22:31:15] *** Joins: refs
