[00:06:48] *** Joins: Snetry
[00:08:00] *** Quits: Sentry (Read error: Operation timed out)
[00:08:00] *** Snetry is now known as Sentry
[01:16:58] *** Joins: Snetry
[01:19:24] *** Quits: Sentry (Read error: Connection refused)
[01:19:24] *** Snetry is now known as Sentry
[02:59:56] *** Quits: refs (Quit: refs)
[03:14:07] *** Quits: fgsfds (Read error: Connection reset by peer)
[03:22:08] *** Quits: fincs (Ping timeout: 265 seconds)
[03:22:08] *** Quits: WntrMute (Ping timeout: 265 seconds)
[03:22:23] *** Joins: fincs
[03:22:27] *** yls8bot sets mode: +o fincs
[03:22:29] *** Joins: WntrMute
[03:22:29] *** fincs sets mode: +o WntrMute
[15:19:33] *** Quits: Surkow (Remote host closed the connection)
[15:20:45] *** Joins: Surkow
[18:20:11] *** Joins: Snetry
[18:21:50] *** Quits: Sentry (Read error: Connection refused)
[18:21:50] *** Snetry is now known as Sentry
[20:15:54] *** Joins: Tcm0
[21:24:39] *** Quits: n87 (Read error: Connection reset by peer)
[21:40:04] *** Joins: n87
[21:40:06] *** Quits: n87 (Client Quit)
[21:49:07] *** Joins: refs
[22:09:42] *** Joins: n00b604
[22:13:59] *** Quits: n00b604 (Ping timeout: 252 seconds)
