[00:07:55] *** Quits: rajkosto (~rajkosto@cable-178-149-122-96.dynamic.sbb.rs) (Read error: Connection reset by peer)
[00:22:06] *** Joins: rajkosto (~rajkosto@cable-178-149-122-96.dynamic.sbb.rs)
[00:27:15] *** Quits: Tcm0 (~Tcm0@p4fde74a5.dip0.t-ipconnect.de) (Leaving)
[01:32:02] *** Quits: rajkosto (~rajkosto@cable-178-149-122-96.dynamic.sbb.rs) (Read error: Connection reset by peer)
[01:36:18] *** Joins: rajkosto (~rajkosto@cable-178-149-122-96.dynamic.sbb.rs)
[01:49:04] *** Quits: rajkosto (~rajkosto@cable-178-149-122-96.dynamic.sbb.rs) (Read error: Connection reset by peer)
[02:01:35] *** Joins: rajkosto (~rajkosto@cable-178-149-122-96.dynamic.sbb.rs)
[02:06:06] *** Quits: rajkosto (~rajkosto@cable-178-149-122-96.dynamic.sbb.rs) (Read error: Connection reset by peer)
[02:07:49] *** Joins: rajkosto (~rajkosto@cable-178-149-122-96.dynamic.sbb.rs)
[02:15:22] *** Quits: rajkosto (~rajkosto@cable-178-149-122-96.dynamic.sbb.rs) (Read error: Connection reset by peer)
[02:19:16] *** Quits: refs (~refs@p200300dd8713d200397aaac304ce7842.dip0.t-ipconnect.de) (Quit: refs)
[02:28:24] *** Joins: rajkosto (~rajkosto@cable-178-149-122-96.dynamic.sbb.rs)
[02:36:12] *** Quits: rajkosto (~rajkosto@cable-178-149-122-96.dynamic.sbb.rs) (Read error: Connection reset by peer)
[02:47:54] *** Joins: rajkosto (~rajkosto@cable-178-149-122-96.dynamic.sbb.rs)
[05:37:56] *** Quits: changoXPR (~Changolan@ip72-194-70-236.oc.oc.cox.net) ()
[05:42:58] *** Quits: mukunda (~mukunda@adsl-074-188-205-139.sip.asm.bellsouth.net) (Ping timeout: 610 seconds)
[05:54:08] *** Quits: lameboy (~lameboy@202-47-121-182.cust.dcsi.net.au) (Read error: Connection reset by peer)
[05:54:13] *** Joins: lameboy2 (~lameboy@202-47-121-182.cust.dcsi.net.au)
[05:54:19] *** lameboy2 is now known as lameboy
[06:20:08] *** Quits: fgsfds (~figgis@93.123.144.171) (Leaving)
[06:20:45] *** Joins: chang0- (~Changolan@ip72-194-70-236.oc.oc.cox.net)
[07:47:36] *** Quits: DoozerBot (~DoozerBot@89.7.232.35.bc.googleusercontent.com) (Read error: Connection reset by peer)
[07:49:26] *** Joins: DoozerBot (~DoozerBot@89.7.232.35.bc.googleusercontent.com)
[08:03:38] *** Quits: rajkosto (~rajkosto@cable-178-149-122-96.dynamic.sbb.rs) (Read error: Connection reset by peer)
[08:11:19] *** Joins: mukunda (~mukunda@adsl-074-188-205-139.sip.asm.bellsouth.net)
[08:37:39] *** Quits: panicbit (~panicbit@p5b09e3e0.dip0.t-ipconnect.de) (Ping timeout: 186 seconds)
[09:22:20] *** Joins: panicbit (~panicbit@p5b09e3e0.dip0.t-ipconnect.de)
[09:28:44] *** Joins: lameboy2 (~lameboy@202-47-121-182.cust.dcsi.net.au)
[09:35:53] *** Quits: lameboy (~lameboy@202-47-121-182.cust.dcsi.net.au) (Read error: Operation timed out)
[09:35:55] *** lameboy2 is now known as lameboy
[09:59:03] <plutobot> Wiki | Page changed: NFC services | User: VolcaEM | https://switchbrew.org/w/index.php?curid=329&diff=9685&oldid=8214
[10:03:24] *** Quits: hexkyz (~hexkyz@ec2-18-179-123-169.ap-northeast-1.compute.amazonaws.com) (Quit: blargh!)
[10:24:39] *** Joins: hexkyz (~hexkyz@ec2-18-179-123-169.ap-northeast-1.compute.amazonaws.com)
[12:11:49] *** Quits: Behemoth_ (~quassel@vmd39331.contaboserver.net) (Read error: Connection reset by peer)
[12:29:21] *** Joins: fgsfds (~figgis@93.123.144.171)
[12:36:57] *** Quits: miigotu (~miigotu@custip-162-217-53-64.esvabroadband.net) (Quit: ZNC - https://znc.in)
[12:39:38] *** Joins: miigotu (~miigotu@custip-162-217-53-64.esvabroadband.net)
[12:53:01] *** Joins: Behemoth_ (~quassel@vmd39331.contaboserver.net)
[14:19:29] *** Quits: nrq (~nrq@ns340910.ip-37-59-40.eu) (Quit: ...)
[14:28:21] *** Quits: coriolis (~coriolis@ns398009.ip-192-95-24.net) (Ping timeout: 745 seconds)
[14:34:11] *** Joins: coriolis (~coriolis@2607:5300:60:2885::1)
[14:37:12] *** Quits: averne (~averne@176-179-35-51.abo.bbox.fr) (quit)
[14:38:31] *** Joins: averne (~averne@176-179-35-51.abo.bbox.fr)
[14:38:32] *** Server sets mode: +stn 
[14:39:19] *** Joins: Kyouju (~Kyouju@ks3311808.kimsufi.com)
[14:42:47] *** Quits: Kyouju (~Kyouju@ks3311808.kimsufi.com) (Remote host closed the connection)
[14:44:59] *** Joins: Kyouju (~Kyouju@2001:41d0:8:e68a::)
[15:20:51] *** Joins: lameboy2 (~lameboy@202-47-121-182.cust.dcsi.net.au)
[15:32:31] *** Quits: lameboy (~lameboy@202-47-121-182.cust.dcsi.net.au) (Ping timeout: 745 seconds)
[15:32:31] *** lameboy2 is now known as lameboy
[15:34:03] *** Quits: chang0- (~Changolan@ip72-194-70-236.oc.oc.cox.net) ()
[15:48:53] *** Quits: foghorn2 (~meh@107-198-163-1.lightspeed.rcsntx.sbcglobal.net) (Read error: Connection reset by peer)
[15:49:38] *** Joins: foghorn2 (~meh@107-198-163-1.lightspeed.rcsntx.sbcglobal.net)
[16:21:30] *** Quits: mukunda (~mukunda@adsl-074-188-205-139.sip.asm.bellsouth.net) (Read error: Operation timed out)
[18:30:00] *** Joins: spx (~spx@188.25.119.148)
[18:31:59] *** Quits: spx (~spx@188.25.119.148) (Client Quit)
[18:41:32] *** Joins: mukunda (~mukunda@adsl-074-188-205-139.sip.asm.bellsouth.net)
[19:40:26] *** Quits: coriolis (~coriolis@2607:5300:60:2885::1) (Ping timeout: 615 seconds)
[20:01:17] *** Joins: coriolis (~coriolis@2607:5300:60:2885::1)
[21:03:50] *** Joins: refs (~refs@p200300dd87118600685c6aa1a9e0bbc8.dip0.t-ipconnect.de)
[21:23:18] *** Joins: zini (~zini@88-113-145-208.elisa-laajakaista.fi)
[22:00:03] *** Quits: mukunda (~mukunda@adsl-074-188-205-139.sip.asm.bellsouth.net) (Read error: Operation timed out)
[22:59:26] *** Joins: rajkosto (~rajkosto@cable-178-149-122-96.dynamic.sbb.rs)
[23:56:51] *** Quits: CCFL_Man (~closet@c-73-64-119-64.hsd1.pa.comcast.net) (Read error: Connection reset by peer)
[23:59:42] *** Joins: CCFL_Man (76e36c7aa7@c-73-64-119-64.hsd1.pa.comcast.net)
