[00:13:31] *** Joins mukunda
[00:14:07] *** Quits CCFL_Man (Read error: Operation timed out)
[00:15:21] *** Joins CCFL_Man
[00:18:21] *** Quits averne (quit)
[00:24:13] *** Joins averne
[00:24:13] *** Server sets mode: +stn 
[00:38:15] *** Joins CCFL_Man_
[00:40:17] *** Quits CCFL_Man (Read error: Operation timed out)
[01:50:31] *** Joins theKlanc
[02:05:13] *** Joins chang0-
[02:18:43] *** Quits fgsfds (Read error: Connection reset by peer)
[02:22:22] *** Quits refs (Quit: refs)
[02:51:31] *** CCFL_Man_ is now known as CCFL_Man
[08:12:24] *** Quits mukunda (Read error: Operation timed out)
[08:36:09] *** Quits miigotu (Read error: Operation timed out)
[09:20:10] *** Quits ris2z (Ping timeout: 622 seconds)
[09:25:16] *** Quits |Shadow| ()
[09:28:20] *** Joins ris2z
[09:31:41] *** Joins |Shadow|
[10:30:18] *** Joins miigotu
[11:10:58] *** Joins fgsfds
[11:35:50] *** Quits chang0- (Read error: Operation timed out)
[11:42:35] *** Joins chang0-
[12:05:40] *** Joins mukunda
[14:45:01] *** Joins figgis_
[14:47:59] *** Joins figgis__
[14:52:41] *** Quits fgsfds (Read error: Operation timed out)
[14:55:23] *** Quits figgis_ (Read error: Operation timed out)
[15:10:22] *** Quits mukunda (Read error: Operation timed out)
[15:47:58] *** Quits averne (quit)
[18:27:08] *** Joins averne
[18:27:08] *** Server sets mode: +stn 
[18:27:08] *** Server sets mode: +stn 
[19:21:07] *** Quits figgis__ (Read error: Connection reset by peer)
[19:22:50] *** Joins fgsfds
[21:32:27] *** Joins refs
[21:34:26] *** Quits zini (Ping timeout: 745 seconds)
[22:19:51] *** Quits mukunda (Read error: Operation timed out)
[23:11:30] <DoozerBot> PR-#491: fs: add missing AccessLog functions., building targets: 02lib
[23:16:07] <DoozerBot> 02lib: 03 v3.3.0.18 Build OK - https://doozer.io/build/sz7qadkz4k
