[00:24:00] *** Joins averne
[00:24:05] *** Server sets mode: +stn 
[00:29:47] *** Joins averne
[00:29:47] *** Server sets mode: +stn 
[00:34:34] *** Joins chang0-
[00:36:02] *** Joins averne
[00:36:02] *** Server sets mode: +stn 
[00:46:02] *** Quits Surkow (Read error: Operation timed out)
[00:54:51] *** Quits Tcm0 (Leaving)
[01:04:21] *** Joins mukunda
[01:06:38] *** Joins Surkow
[01:18:16] *** Quits fgsfds (Remote host closed the connection)
[01:20:58] *** Joins fgsfds
[01:21:15] *** Quits fgsfds (Read error: Connection reset by peer)
[01:21:37] *** Joins fgsfds
[01:33:07] *** Quits panicbit (Ping timeout: 186 seconds)
[03:00:55] *** Joins refs
[03:02:02] *** eggster is now known as eggy
[03:58:35] *** Quits refs (Quit: refs)
[04:55:15] *** Joins rajkosto
[05:09:37] *** Quits fgsfds (Remote host closed the connection)
[05:11:44] *** Joins fgsfds
[05:56:59] *** Quits rajkosto (Read error: Connection reset by peer)
[07:00:04] *** Quits fgsfds (Read error: Connection reset by peer)
[07:35:12] *** Quits |Shadow| ()
[07:44:42] *** Joins |Shadow|
[10:01:35] *** Quits mukunda (Read error: Operation timed out)
[14:36:35] *** Joins mukunda
[15:21:34] *** Joins fgsfds
[18:34:03] *** Joins refs
[20:10:57] *** Joins KuKzz_
[20:11:22] *** Quits KuKzz (Ping timeout: 492 seconds)
[20:19:54] *** KuKzz_ is now known as KuKzz
[20:48:36] *** Quits fgsfds (Read error: Connection reset by peer)
[21:13:23] *** Quits GerbilSof (Windows must now restart because the Remote Procedure Call (RPC) service terminated unexpectedly.)
[21:16:31] *** Joins GerbilSof
[22:20:01] *** Joins Snetry
[22:23:54] *** Quits mukunda (Read error: Operation timed out)
[22:35:44] <plutobot> Wiki | Page changed: Error codes | User: SammiHusky | https://switchbrew.org/w/index.php?curid=82&diff=9692&oldid=9601
[23:57:15] *** Quits Maylay_ (Read error: Operation timed out)
