[00:01:41] *** Joins: Maylay (~gren@108-198-59-230.lightspeed.miamfl.sbcglobal.net)
[00:59:34] *** Joins: fgsfds (~figgis@93.123.144.171)
[01:26:49] <plutobot> Wiki | Page changed: System Settings | User: Zachycatgames | https://switchbrew.org/w/index.php?curid=102&diff=9693&oldid=8693
[01:35:09] <plutobot> Wiki | Page changed: Boot2 | User: Zachycatgames | https://switchbrew.org/w/index.php?curid=146&diff=9694&oldid=9191
[02:00:28] <plutobot> Wiki | Page changed: Boot2 | User: Zachycatgames | https://switchbrew.org/w/index.php?curid=146&diff=9695&oldid=9694
[03:07:19] *** Joins: mukunda (~mukunda@adsl-074-188-203-046.sip.asm.bellsouth.net)
[04:10:27] *** Quits: refs (~refs@p200300dd872d0300696d7b73c4374b9c.dip0.t-ipconnect.de) (Quit: refs)
[04:23:44] *** Quits: fgsfds (~figgis@93.123.144.171) (Read error: Connection reset by peer)
[06:40:22] *** Quits: KuKzz (KuKzz@95.143.216.177) ()
[09:32:45] *** Quits: |Shadow| (~Shadow1@ip24-253-253-71.ok.ok.cox.net) ()
[09:33:09] *** Joins: |Shadow| (~Shadow1@ip24-253-253-71.ok.ok.cox.net)
[13:05:18] *** Joins: fgsfds (~figgis@93.123.144.171)
[13:42:11] *** Joins: Tcm0 (~Tcm0@p4fde75fd.dip0.t-ipconnect.de)
[13:43:40] *** Joins: refs (~refs@p200300dd873d9e0064fada09873715e9.dip0.t-ipconnect.de)
[15:33:34] *** Quits: |Shadow| (~Shadow1@ip24-253-253-71.ok.ok.cox.net) (Read error: Operation timed out)
[15:33:51] *** Joins: |Shadow| (~Shadow1@ip24-253-253-71.ok.ok.cox.net)
[15:39:21] *** Quits: mukunda (~mukunda@adsl-074-188-203-046.sip.asm.bellsouth.net) (Ping timeout: 745 seconds)
[15:47:48] *** Quits: |Shadow| (~Shadow1@ip24-253-253-71.ok.ok.cox.net) (Read error: Operation timed out)
[15:49:12] *** Joins: |Shadow| (~Shadow1@ip24-253-253-71.ok.ok.cox.net)
[15:49:15] *** Quits: |Shadow| (~Shadow1@ip24-253-253-71.ok.ok.cox.net) (Excess Flood)
[15:54:36] *** Joins: |Shadow| (~Shadow1@ip24-253-253-71.ok.ok.cox.net)
[16:13:57] *** Joins: refs` (~refs@p200300dd873d9e00a4a533c26f954a0c.dip0.t-ipconnect.de)
[16:17:09] *** Quits: refs` (~refs@p200300dd873d9e00a4a533c26f954a0c.dip0.t-ipconnect.de) (Client Quit)
[16:17:37] *** Quits: refs (~refs@p200300dd873d9e0064fada09873715e9.dip0.t-ipconnect.de) (Ping timeout: 272 seconds)
[16:39:32] *** Quits: |Shadow| (~Shadow1@ip24-253-253-71.ok.ok.cox.net) (Read error: Operation timed out)
[16:41:36] *** Joins: refs (~refs@p200300dd873d9e00603613ce9d266178.dip0.t-ipconnect.de)
[16:54:16] *** Joins: |Shadow| (~Shadow1@ip24-253-253-71.ok.ok.cox.net)
[17:45:52] *** Joins: Tcm0_ (~Tcm0@p4fde7181.dip0.t-ipconnect.de)
[17:52:06] *** Quits: Tcm0 (~Tcm0@p4fde75fd.dip0.t-ipconnect.de) (Read error: Operation timed out)
[20:08:51] *** Quits: eggy (~eggster@irchighway.eggy.cc) (Quit: Got Milk? Don't ask.)
[20:09:30] *** Joins: eggster (~eggster@irchighway.eggy.cc)
[20:12:18] *** eggster is now known as eggy
[20:34:18] *** Joins: mukunda (~mukunda@adsl-074-188-203-046.sip.asm.bellsouth.net)
[22:48:06] *** Quits: ris2z (~2ri@158.174.119.23) (Ping timeout: 745 seconds)
[22:51:23] *** Joins: ris2z (~2ri@158.174.119.23)
