[01:49:33] *** Quits Tcm0_ (Quit: Leaving)
[02:57:42] *** Quits fgsfds (Read error: Connection reset by peer)
[04:28:40] *** Quits refs (Quit: refs)
[05:04:29] *** Joins |Shadow|_
[05:04:53] *** Quits |Shadow| (Read error: Operation timed out)
[05:15:45] *** |Shadow|_ is now known as |Shadow|
[05:55:00] *** Joins |Shadow|_
[05:57:44] *** Quits |Shadow| (Ping timeout: 963 seconds)
[05:57:57] *** |Shadow|_ is now known as |Shadow|
[06:24:05] *** Quits nullstrin (Read error: Operation timed out)
[06:27:12] *** Joins nullstrin
[07:27:42] *** Quits ris2z (Ping timeout: 272 seconds)
[07:32:58] *** Joins ris2z
[08:31:23] *** Joins rajkosto
[09:00:35] *** Quits mukunda (Read error: Operation timed out)
[09:25:55] *** Quits ris2z (Ping timeout: 246 seconds)
[09:30:03] *** Joins ris2z
[10:14:27] *** Quits rajkosto (Read error: Connection reset by peer)
[10:15:03] *** Joins rajkosto
[11:12:18] *** Quits refsw (Quit: refsw)
[11:24:58] *** Quits rajkosto (Read error: Connection reset by peer)
[11:39:01] *** Joins refsw
[12:50:35] *** Quits m4ts (Quit: bye)
[13:09:40] *** Joins m4ts
[13:48:39] *** Joins fgsfds
[14:39:24] *** Joins mukunda
[14:55:52] *** Quits lameboy (Ping timeout: 255 seconds)
[14:58:28] *** Quits |Shadow| (Read error: Operation timed out)
[14:59:24] *** Joins |Shadow|
[15:03:47] *** Joins lameboy
[15:32:03] *** Quits lameboy (Read error: Connection reset by peer)
[15:32:09] *** Joins lameboy2
[15:32:14] *** lameboy2 is now known as lameboy
[15:52:23] *** Joins Tcm0
[15:59:43] *** Joins Kyouju-
[16:01:42] *** Quits Lightswor (Read error: Operation timed out)
[16:02:26] *** Quits Kyouju (Ping timeout: 376 seconds)
[16:02:26] *** Kyouju- is now known as Kyouju
[16:03:50] *** Joins Lightswor
[16:04:45] *** Quits yellows8 (Read error: Operation timed out)
[16:06:32] *** Quits TurtleP (Read error: Operation timed out)
[16:06:40] *** Joins TurtleP
[16:25:57] *** Quits fgsfds (Leaving)
[16:26:16] *** Joins fgsfds
[17:12:24] *** Joins mukunda_
[17:18:00] *** Quits mukunda (Read error: Operation timed out)
[18:21:01] *** Joins yellows8
[18:21:09] *** yls8bot sets mode: +o yellows8
[20:17:58] *** Quits GerbilSof (Ping timeout: 265 seconds)
[21:29:55] *** Joins refs
[22:24:26] *** Quits mukunda_ (Ping timeout: 745 seconds)
[23:02:22] *** Joins mukunda
