[00:25:56] *** Quits: |Shadow| (~Shadow1@ip24-253-253-79.ok.ok.cox.net) (Read error: Operation timed out)
[00:26:38] *** Joins: |Shadow| (~Shadow1@ip24-253-253-79.ok.ok.cox.net)
[00:51:01] *** Quits: Pieman (sid188464@id-188464.brockwell.irccloud.com) (Ping timeout: 272 seconds)
[00:51:39] *** Quits: flagrama (flagrama@2001:67c:2f08:8::2:38d5) (Ping timeout: 272 seconds)
[00:52:17] *** Quits: nohit (sid334887@id-334887.ealing.irccloud.com) (Ping timeout: 272 seconds)
[00:53:40] *** Quits: d3m3vilur (~sid4654@id-4654.charlton.irccloud.com) (Read error: Operation timed out)
[01:00:28] *** Quits: Tcm0 (~Tcm0@p4fde7cc3.dip0.t-ipconnect.de) (Leaving)
[01:01:01] *** Quits: yuriks (sid369190@2001:67c:2f08:5::5:a226) (Ping timeout: 1230 seconds)
[01:06:16] *** Quits: rjeli___ (sid289321@2001:67c:2f08:3::4:6a29) (Ping timeout: 1230 seconds)
[01:08:20] *** Quits: SCV_ (sid226262@192.184.9.112) (Read error: Connection timed out)
[02:11:54] *** Quits: |Shadow| (~Shadow1@ip24-253-253-79.ok.ok.cox.net) ()
[02:12:06] *** Quits: ris2z (~2ri@158.174.119.23) (Ping timeout: 265 seconds)
[02:12:23] *** Joins: |Shadow| (~Shadow1@ip24-253-253-79.ok.ok.cox.net)
[02:15:43] *** Joins: ris2z (~2ri@158.174.119.23)
[02:15:44] *** Quits: ris2z (~2ri@158.174.119.23) (Remote host closed the connection!)
[02:16:11] *** Joins: ris2z (~2ri@158.174.119.23)
[02:51:49] *** Quits: refs (~refs@p200300dd87181c00f40c79126cf9e55b.dip0.t-ipconnect.de) (Quit: refs)
[02:59:37] *** Quits: nullstrin (~nullstrin@cermak.nullstring.io) (Read error: Operation timed out)
[03:03:25] *** Joins: nullstrin (~nullstrin@cermak.nullstring.io)
[03:35:55] *** Quits: fgsfds (~figgis@93.123.144.171) (Read error: Connection reset by peer)
[03:50:57] <plutobot> Wiki | Page changed: Bluetooth Driver services | User: yls8 | https://switchbrew.org/w/index.php?curid=161&diff=9698&oldid=9153
[03:51:27] <plutobot> Wiki | Page changed: BTM services | User: yls8 | https://switchbrew.org/w/index.php?curid=306&diff=9699&oldid=9181
[04:13:02] *** Quits: oldtopman (~oldtopman@75-166-193-175.hlrn.qwest.net) (Ping timeout: 272 seconds)
[04:14:39] *** Joins: oldtopman (~oldtopman@75-166-193-175.hlrn.qwest.net)
[08:02:18] *** Quits: miigotu (~miigotu@custip-162-217-53-192.esvabroadband.net) (ZNC - https://znc.in)
[08:18:04] *** Joins: miigotu (~miigotu@custip-162-217-53-192.esvabroadband.net)
[08:39:54] *** Quits: miigotu (~miigotu@custip-162-217-53-192.esvabroadband.net) (Quit: ZNC - https://znc.in)
[08:40:34] *** Joins: miigotu (~miigotu@custip-162-217-53-192.esvabroadband.net)
[09:19:39] *** Joins: zombie343 (zombie343@pool-74-108-60-233.nycmny.fios.verizon.net)
[09:32:32] *** Quits: miigotu (~miigotu@custip-162-217-53-192.esvabroadband.net) (Quit: ZNC - https://znc.in)
[09:45:57] *** Joins: miigotu (~miigotu@custip-162-217-53-192.esvabroadband.net)
[09:45:59] *** Quits: miigotu (~miigotu@custip-162-217-53-192.esvabroadband.net) (Remote host closed the connection)
[09:46:27] *** Joins: miigotu (~miigotu@custip-162-217-53-192.esvabroadband.net)
[09:57:38] *** Quits: miigotu (~miigotu@custip-162-217-53-192.esvabroadband.net) (Quit: ZNC - https://znc.in)
[09:58:19] *** Joins: miigotu (~miigotu@custip-162-217-53-192.esvabroadband.net)
[10:00:23] *** Quits: miigotu (~miigotu@custip-162-217-53-192.esvabroadband.net) (Client Quit)
[10:00:57] *** Joins: miigotu (~miigotu@custip-162-217-53-192.esvabroadband.net)
[10:02:10] *** Quits: miigotu (~miigotu@custip-162-217-53-192.esvabroadband.net) (Client Quit)
[10:03:52] *** Joins: miigotu (~miigotu@custip-162-217-53-192.esvabroadband.net)
[10:18:34] *** Quits: miigotu (~miigotu@custip-162-217-53-192.esvabroadband.net) (Quit: ZNC - https://znc.in)
[10:19:10] *** Joins: miigotu (~miigotu@custip-162-217-53-192.esvabroadband.net)
[10:44:17] *** Quits: miigotu (~miigotu@custip-162-217-53-192.esvabroadband.net) (ZNC - https://znc.in)
[10:46:43] *** Quits: Snetry (~sentry@ipservice-092-209-130-215.092.209.pools.vodafone-ip.de) (Quit: left EFNet)
[10:47:13] *** Joins: miigotu (~miigotu@custip-162-217-53-192.esvabroadband.net)
[10:47:27] *** Joins: Snetry (~sentry@ipservice-092-209-130-215.092.209.pools.vodafone-ip.de)
[10:53:23] *** Quits: miigotu (~miigotu@custip-162-217-53-192.esvabroadband.net) (Quit: ZNC - https://znc.in)
[11:30:28] *** Joins: fgsfds (~figgis@93.123.144.171)
[13:18:02] *** Joins: figgis_ (~figgis@93.123.144.171)
[13:25:37] *** Quits: fgsfds (~figgis@93.123.144.171) (Read error: Operation timed out)
[13:31:43] *** Quits: Snetry (~sentry@ipservice-092-209-130-215.092.209.pools.vodafone-ip.de) (se.hub irc.efnet.nl)
[13:31:43] *** Quits: GerbilSof (~GerbilSof@pool-108-24-178-92.cmdnnj.fios.verizon.net) (se.hub irc.efnet.nl)
[13:31:43] *** Quits: refsw (~refsw@80.150.130.51) (se.hub irc.efnet.nl)
[13:31:43] *** Quits: theKlanc (~klanc@2a00:6d40:40:58a3::1) (se.hub irc.efnet.nl)
[13:31:43] *** Quits: CCFL_Man (e1d3f43fbf@c-73-64-119-64.hsd1.pa.comcast.net) (se.hub irc.efnet.nl)
[13:31:43] *** Quits: Retr0id (~Retr0id@185.122.57.169) (se.hub irc.efnet.nl)
[13:31:43] *** Quits: lex (lex@yuuh.pw) (se.hub irc.efnet.nl)
[13:31:43] *** Quits: blasty (~blasty@haxx.in) (se.hub irc.efnet.nl)
[13:34:58] *** Joins: figgis__ (~figgis@93.123.144.171)
[13:35:59] *** Joins: Snetry (~sentry@ipservice-092-209-130-215.092.209.pools.vodafone-ip.de)
[13:35:59] *** Joins: GerbilSof (~GerbilSof@pool-108-24-178-92.cmdnnj.fios.verizon.net)
[13:35:59] *** Joins: refsw (~refsw@80.150.130.51)
[13:35:59] *** Joins: theKlanc (~klanc@2a00:6d40:40:58a3::1)
[13:35:59] *** Joins: CCFL_Man (e1d3f43fbf@c-73-64-119-64.hsd1.pa.comcast.net)
[13:35:59] *** Joins: Retr0id (~Retr0id@185.122.57.169)
[13:35:59] *** Joins: lex (lex@yuuh.pw)
[13:35:59] *** Joins: blasty (~blasty@haxx.in)
[13:42:34] *** Quits: figgis_ (~figgis@93.123.144.171) (Read error: Operation timed out)
[14:15:00] *** Quits: mukunda (~mukunda@adsl-074-188-211-074.sip.asm.bellsouth.net) (Read error: Operation timed out)
[14:28:06] *** Quits: figgis__ (~figgis@93.123.144.171) (Leaving)
[14:32:19] *** Quits: lameboy (~lameboy@202-47-121-182.cust.dcsi.net.au) (Quit: Astalabyebye...)
[14:59:21] *** Joins: lameboy (~lameboy@202-47-121-182.cust.dcsi.net.au)
[15:25:23] *** Quits: Snetry (~sentry@ipservice-092-209-130-215.092.209.pools.vodafone-ip.de) (efnet.deic.eu se.hub)
[15:25:23] *** Quits: GerbilSof (~GerbilSof@pool-108-24-178-92.cmdnnj.fios.verizon.net) (efnet.deic.eu se.hub)
[15:25:23] *** Quits: refsw (~refsw@80.150.130.51) (efnet.deic.eu se.hub)
[15:25:23] *** Quits: theKlanc (~klanc@2a00:6d40:40:58a3::1) (efnet.deic.eu se.hub)
[15:25:23] *** Quits: CCFL_Man (e1d3f43fbf@c-73-64-119-64.hsd1.pa.comcast.net) (efnet.deic.eu se.hub)
[15:25:23] *** Quits: Retr0id (~Retr0id@185.122.57.169) (efnet.deic.eu se.hub)
[15:25:23] *** Quits: lex (lex@yuuh.pw) (efnet.deic.eu se.hub)
[15:25:23] *** Quits: blasty (~blasty@haxx.in) (efnet.deic.eu se.hub)
[15:25:23] *** Quits: chang0- (~Changolan@ip72-194-70-236.oc.oc.cox.net) (efnet.deic.eu se.hub)
[15:25:23] *** Quits: Extrems (gamecube@expert.extremscorner.org) (efnet.deic.eu se.hub)
[15:25:23] *** Quits: mha (mha@adiza.nexticom.net) (efnet.deic.eu se.hub)
[15:25:23] *** Quits: usineur (~matthieu@ferb.fr) (efnet.deic.eu se.hub)
[15:25:23] *** Quits: capin1 (~capin@209.182.233.136) (efnet.deic.eu se.hub)
[15:25:23] *** Quits: tpw_rules (~tpw_rules@li1059-135.members.linode.com) (efnet.deic.eu se.hub)
[15:25:23] *** Quits: AlexAltea (~alexaltea@phi.nz) (efnet.deic.eu se.hub)
[15:25:23] *** Quits: DeusQain (~DeusQain@mx.qainsworld.com) (efnet.deic.eu se.hub)
[15:25:23] *** Quits: flotwig (~flotwig@136.55.47.176) (efnet.deic.eu se.hub)
[15:25:23] *** Quits: ihaveamac (~ihaveamac@ianburgwin.net) (efnet.deic.eu se.hub)
[15:25:23] *** Quits: Cu3PO42 (~Cu3PO42@159.69.208.45) (efnet.deic.eu se.hub)
[15:25:23] *** Quits: ZeZu (~null@140-211-168-73-openstack.osuosl.org) (efnet.deic.eu se.hub)
[15:25:23] *** Quits: datagutt (~datagutt@mail.guac.live) (efnet.deic.eu se.hub)
[15:25:23] *** Quits: GrecKo (~grecko@static.9.103.4.46.clients.your-server.de) (efnet.deic.eu se.hub)
[15:25:23] *** Quits: gruetzko- (~gruetzkop@bnc.dont-follow.us) (efnet.deic.eu se.hub)
[15:25:23] *** Quits: b0nez (~b0nez@162.248.221.94) (efnet.deic.eu se.hub)
[15:25:23] *** Quits: zombie343 (zombie343@pool-74-108-60-233.nycmny.fios.verizon.net) (efnet.deic.eu se.hub)
[15:25:23] *** Quits: nullstrin (~nullstrin@cermak.nullstring.io) (efnet.deic.eu se.hub)
[15:25:23] *** Quits: |Shadow| (~Shadow1@ip24-253-253-79.ok.ok.cox.net) (efnet.deic.eu se.hub)
[15:25:23] *** Quits: Kyouju (~Kyouju@ks3311808.kimsufi.com) (efnet.deic.eu se.hub)
[15:25:23] *** Quits: foghorn2 (~meh@107-198-163-1.lightspeed.rcsntx.sbcglobal.net) (efnet.deic.eu se.hub)
[15:25:23] *** Quits: Behemoth_ (~quassel@vmd39331.contaboserver.net) (efnet.deic.eu se.hub)
[15:25:23] *** Quits: awordnot (~awordnot@c-73-74-223-132.hsd1.il.comcast.net) (efnet.deic.eu se.hub)
[15:25:23] *** Quits: endrift (~endrift@endrift.com) (efnet.deic.eu se.hub)
[15:25:23] *** Quits: j0hny5 (~j0hny5@94.75.242.8) (efnet.deic.eu se.hub)
[15:25:24] *** Quits: ris2z (~2ri@158.174.119.23) (efnet.deic.eu se.hub)
[15:25:24] *** Quits: giglife (giglife@CPE0492268436b0-CM688f2e1dc9d0.cpe.net.cable.rogers.com) (efnet.deic.eu se.hub)
[15:25:24] *** Quits: yellows8 (~yellows8@adiza.nexticom.net) (efnet.deic.eu se.hub)
[15:25:24] *** Quits: Lightswor (~Lightswor@107.170.253.193) (efnet.deic.eu se.hub)
[15:25:24] *** Quits: Surkow (~Surkow@84-104-14-64.cable.dynamic.v4.ziggo.nl) (efnet.deic.eu se.hub)
[15:25:24] *** Quits: Aaerox (Aaerox@fuckyou.k.thnx.org) (efnet.deic.eu se.hub)
[15:25:24] *** Quits: mtheall (~mtheall@mtheall.com) (efnet.deic.eu se.hub)
[15:25:24] *** Quits: ds84182 (~ds84182@149.56.6.196) (efnet.deic.eu se.hub)
[15:25:24] *** Quits: yls8bot (~yls8bot@mtheall.com) (efnet.deic.eu se.hub)
[15:25:24] *** Quits: TurtleP (~turtlep@bnc.devkitpro.org) (efnet.deic.eu se.hub)
[15:25:24] *** Quits: sh0e (~sh0e@node1.eisenkopf.info) (efnet.deic.eu se.hub)
[15:25:24] *** Quits: fincs (~fincs@bnc.devkitpro.org) (efnet.deic.eu se.hub)
[15:25:24] *** Quits: WntrMute (~wntrmute@bnc.devkitpro.org) (efnet.deic.eu se.hub)
[15:25:24] *** Quits: Stary (~Stary@88.198.16.186) (efnet.deic.eu se.hub)
[15:25:24] *** Quits: oldtopman (~oldtopman@75-166-193-175.hlrn.qwest.net) (efnet.deic.eu se.hub)
[15:25:24] *** Quits: m4ts (~mats@ti0030a400-4887.bb.online.no) (efnet.deic.eu se.hub)
[15:25:24] *** Quits: karolherb (~kherbst@ip-86-49-248-228.net.upcbroadband.cz) (efnet.deic.eu se.hub)
[15:25:24] *** Quits: des^ (~des@ip1f10817f.dynamic.kabel-deutschland.de) (efnet.deic.eu se.hub)
[15:25:24] *** Quits: irc4 (~irc@138.68.239.197) (efnet.deic.eu se.hub)
[15:25:24] *** Quits: DacoTaco (~DacoTaco@178-119-112-131.access.telenet.be) (efnet.deic.eu se.hub)
[15:25:24] *** Quits: freundTec (~freundTec@freundtech.com) (efnet.deic.eu se.hub)
[15:25:24] *** Quits: Mimoja (~Mimoja@mail.mimoja.de) (efnet.deic.eu se.hub)
[15:25:24] *** Quits: madk (~madk@66.222.200.159) (efnet.deic.eu se.hub)
[15:25:24] *** Quits: plutobot (~plutobot@188.166.26.149) (efnet.deic.eu se.hub)
[15:25:24] *** Quits: zini (~zini@88-113-145-208.elisa-laajakaista.fi) (efnet.deic.eu se.hub)
[15:25:24] *** Quits: coriolis (~coriolis@2607:5300:60:2885::1) (efnet.deic.eu se.hub)
[15:25:24] *** Quits: nrq (~nrq@ns340910.ip-37-59-40.eu) (efnet.deic.eu se.hub)
[15:25:24] *** Quits: hexkyz (~hexkyz@ec2-18-179-123-169.ap-northeast-1.compute.amazonaws.com) (efnet.deic.eu se.hub)
[15:25:24] *** Quits: DoozerBot (~DoozerBot@89.7.232.35.bc.googleusercontent.com) (efnet.deic.eu se.hub)
[15:25:24] *** Quits: Phils3r (~Phil@phils3r.de) (efnet.deic.eu se.hub)
[15:25:24] *** Quits: jn (~quassel@2a02:908:1062:f900:20d:b9ff:fe49:15fc) (efnet.deic.eu se.hub)
[15:25:24] *** Quits: uyjulian (~uyjulian@69-110-38-205.lightspeed.lbcktx.sbcglobal.net) (efnet.deic.eu se.hub)
[15:25:24] *** Quits: mid-kid (~mid-kid@2a01:7c8:aac8:1e8:5054:ff:fe5e:cd48) (efnet.deic.eu se.hub)
[15:25:24] *** Quits: l1quid (~lq@ns3290571.ip-5-135-185.eu) (efnet.deic.eu se.hub)
[15:25:24] *** Quits: xx_ns (~neonsea@nns.ee) (efnet.deic.eu se.hub)
[15:25:24] *** Quits: thejsa (~eva@lana.core.fs3d.net) (efnet.deic.eu se.hub)
[15:25:24] *** Quits: lemmy (lemmy@2600:3c00:e000:2e:0:dead:beef:6) (efnet.deic.eu se.hub)
[15:25:24] *** Quits: omlet05_ (~quassel@omlet.ovh) (efnet.deic.eu se.hub)
[15:25:24] *** Quits: Jdbye (~furry4lif@me.jdbye.com) (efnet.deic.eu se.hub)
[15:25:24] *** Quits: cpnc0ke (~ice@92-48-84-85.static.as29550.net) (efnet.deic.eu se.hub)
[15:25:24] *** Quits: balrog (~balrog@pool-98-115-168-15.phlapa.fios.verizon.net) (efnet.deic.eu se.hub)
[15:25:24] *** Quits: dibas (~dibas@wild.uberspace.de) (efnet.deic.eu se.hub)
[15:25:24] *** Quits: Genolo (~fear@2a01:7e00::f03c:91ff:fe93:8d42) (efnet.deic.eu se.hub)
[15:25:24] *** Quits: carsten1 (86oigeDEgr@2001:1a50:11:0:5f:8f:accb:19b) (efnet.deic.eu se.hub)
[15:25:24] *** Quits: derrek (BnJG3vpyjs@2001:1a50:11:0:5f:8f:acec:1) (efnet.deic.eu se.hub)
[15:25:24] *** Quits: Summeli (summeli@irc.summeli.com) (efnet.deic.eu se.hub)
[15:25:24] *** Quits: klockee (~efklock@vps1.ksociety.net) (efnet.deic.eu se.hub)
[15:25:24] *** Quits: TAL (znc@defiant.tlercher.de) (efnet.deic.eu se.hub)
[15:25:24] *** Quits: Ghabry (~ghabry@datengurke.mastergk.de) (efnet.deic.eu se.hub)
[15:25:24] *** Quits: rctgamer (~rctgamer3@185.66.251.249) (efnet.deic.eu se.hub)
[15:25:24] *** Quits: hthh (~hthh@hh.ht) (efnet.deic.eu se.hub)
[15:25:24] *** Quits: Normmatt (~Normmatt@cloud.normmatt.com) (efnet.deic.eu se.hub)
[15:25:24] *** Quits: naehrwert (~naehrwert@8.38.88.201) (efnet.deic.eu se.hub)
[15:42:07] *** Quits: lameboy (~lameboy@202-47-121-182.cust.dcsi.net.au) (Read error: Connection reset by peer)
[15:45:42] *** Joins: lameboy (~lameboy@202-47-121-182.cust.dcsi.net.au)
[15:45:42] *** Joins: blasty (~blasty@haxx.in)
[15:45:42] *** Joins: lex (lex@yuuh.pw)
[15:45:42] *** Joins: Retr0id (~Retr0id@185.122.57.169)
[15:45:42] *** Joins: CCFL_Man (e1d3f43fbf@c-73-64-119-64.hsd1.pa.comcast.net)
[15:45:42] *** Joins: theKlanc (~klanc@2a00:6d40:40:58a3::1)
[15:45:42] *** Joins: refsw (~refsw@80.150.130.51)
[15:45:42] *** Joins: GerbilSof (~GerbilSof@pool-108-24-178-92.cmdnnj.fios.verizon.net)
[15:45:42] *** Joins: Snetry (~sentry@ipservice-092-209-130-215.092.209.pools.vodafone-ip.de)
[15:45:42] *** Joins: zombie343 (zombie343@pool-74-108-60-233.nycmny.fios.verizon.net)
[15:45:42] *** Joins: oldtopman (~oldtopman@75-166-193-175.hlrn.qwest.net)
[15:45:42] *** Joins: nullstrin (~nullstrin@cermak.nullstring.io)
[15:45:42] *** Joins: ris2z (~2ri@158.174.119.23)
[15:45:42] *** Joins: |Shadow| (~Shadow1@ip24-253-253-79.ok.ok.cox.net)
[15:45:42] *** Joins: giglife (giglife@CPE0492268436b0-CM688f2e1dc9d0.cpe.net.cable.rogers.com)
[15:45:42] *** Joins: foghorn2 (~meh@107-198-163-1.lightspeed.rcsntx.sbcglobal.net)
[15:45:42] *** Joins: Behemoth_ (~quassel@vmd39331.contaboserver.net)
[15:45:42] *** Joins: sh0e (~sh0e@node1.eisenkopf.info)
[15:45:42] *** Joins: Aaerox (Aaerox@fuckyou.k.thnx.org)
[15:45:42] *** Joins: awordnot (~awordnot@c-73-74-223-132.hsd1.il.comcast.net)
[15:45:42] *** Joins: endrift (~endrift@endrift.com)
[15:45:42] *** Joins: usineur (~matthieu@ferb.fr)
[15:45:42] *** Joins: mtheall (~mtheall@mtheall.com)
[15:45:42] *** Joins: j0hny5 (~j0hny5@94.75.242.8)
[15:45:42] *** Joins: capin1 (~capin@209.182.233.136)
[15:45:42] *** Joins: tpw_rules (~tpw_rules@li1059-135.members.linode.com)
[15:45:42] *** Joins: ds84182 (~ds84182@149.56.6.196)
[15:45:42] *** Joins: mha (mha@adiza.nexticom.net)
[15:45:42] *** Joins: Extrems (gamecube@expert.extremscorner.org)
[15:45:42] *** Joins: AlexAltea (~alexaltea@phi.nz)
[15:45:42] *** Joins: yls8bot (~yls8bot@mtheall.com)
[15:45:42] *** Joins: fincs (~fincs@bnc.devkitpro.org)
[15:45:42] *** Joins: WntrMute (~wntrmute@bnc.devkitpro.org)
[15:45:42] *** Joins: DeusQain (~DeusQain@mx.qainsworld.com)
[15:45:42] *** Joins: flotwig (~flotwig@136.55.47.176)
[15:45:42] *** Joins: ihaveamac (~ihaveamac@ianburgwin.net)
[15:45:42] *** Joins: Cu3PO42 (~Cu3PO42@159.69.208.45)
[15:45:42] *** Joins: ZeZu (~null@140-211-168-73-openstack.osuosl.org)
[15:45:42] *** Joins: datagutt (~datagutt@mail.guac.live)
[15:45:42] *** Joins: GrecKo (~grecko@static.9.103.4.46.clients.your-server.de)
[15:45:42] *** Joins: gruetzko- (~gruetzkop@bnc.dont-follow.us)
[15:45:42] *** Joins: b0nez (~b0nez@162.248.221.94)
[15:45:42] *** Joins: chang0- (~Changolan@ip72-194-70-236.oc.oc.cox.net)
[15:45:42] *** Joins: Surkow (~Surkow@84-104-14-64.cable.dynamic.v4.ziggo.nl)
[15:45:42] *** Joins: Kyouju (~Kyouju@ks3311808.kimsufi.com)
[15:45:42] *** Joins: Lightswor (~Lightswor@107.170.253.193)
[15:45:42] *** se.hub sets mode: +o yls8bot
[15:45:42] *** Joins: TurtleP (~turtlep@bnc.devkitpro.org)
[15:45:42] *** Joins: yellows8 (~yellows8@adiza.nexticom.net)
[15:45:42] *** Joins: m4ts (~mats@ti0030a400-4887.bb.online.no)
[15:45:42] *** Joins: zini (~zini@88-113-145-208.elisa-laajakaista.fi)
[15:45:42] *** Joins: coriolis (~coriolis@2607:5300:60:2885::1)
[15:45:42] *** Joins: nrq (~nrq@ns340910.ip-37-59-40.eu)
[15:45:42] *** Joins: hexkyz (~hexkyz@ec2-18-179-123-169.ap-northeast-1.compute.amazonaws.com)
[15:45:42] *** Joins: DoozerBot (~DoozerBot@89.7.232.35.bc.googleusercontent.com)
[15:45:42] *** Joins: karolherb (~kherbst@ip-86-49-248-228.net.upcbroadband.cz)
[15:45:42] *** Joins: des^ (~des@ip1f10817f.dynamic.kabel-deutschland.de)
[15:45:42] *** Joins: Stary (~Stary@88.198.16.186)
[15:45:42] *** Joins: irc4 (~irc@138.68.239.197)
[15:45:42] *** Joins: Phils3r (~Phil@phils3r.de)
[15:45:42] *** Joins: jn (~quassel@2a02:908:1062:f900:20d:b9ff:fe49:15fc)
[15:45:42] *** Joins: DacoTaco (~DacoTaco@178-119-112-131.access.telenet.be)
[15:45:42] *** Joins: uyjulian (~uyjulian@69-110-38-205.lightspeed.lbcktx.sbcglobal.net)
[15:45:42] *** Joins: freundTec (~freundTec@freundtech.com)
[15:45:42] *** Joins: mid-kid (~mid-kid@2a01:7c8:aac8:1e8:5054:ff:fe5e:cd48)
[15:45:42] *** Joins: l1quid (~lq@ns3290571.ip-5-135-185.eu)
[15:45:42] *** Joins: Mimoja (~Mimoja@mail.mimoja.de)
[15:45:42] *** Joins: madk (~madk@66.222.200.159)
[15:45:42] *** Joins: xx_ns (~neonsea@nns.ee)
[15:45:42] *** Joins: plutobot (~plutobot@188.166.26.149)
[15:45:42] *** Joins: thejsa (~eva@lana.core.fs3d.net)
[15:45:42] *** Joins: lemmy (lemmy@2600:3c00:e000:2e:0:dead:beef:6)
[15:45:42] *** Joins: omlet05_ (~quassel@omlet.ovh)
[15:45:42] *** Joins: Jdbye (~furry4lif@me.jdbye.com)
[15:45:42] *** Joins: cpnc0ke (~ice@92-48-84-85.static.as29550.net)
[15:45:42] *** Joins: balrog (~balrog@pool-98-115-168-15.phlapa.fios.verizon.net)
[15:45:42] *** Joins: dibas (~dibas@wild.uberspace.de)
[15:45:42] *** Joins: Genolo (~fear@2a01:7e00::f03c:91ff:fe93:8d42)
[15:45:42] *** Joins: carsten1 (86oigeDEgr@2001:1a50:11:0:5f:8f:accb:19b)
[15:45:42] *** Joins: derrek (BnJG3vpyjs@2001:1a50:11:0:5f:8f:acec:1)
[15:45:42] *** Joins: Summeli (summeli@irc.summeli.com)
[15:45:42] *** Joins: klockee (~efklock@vps1.ksociety.net)
[15:45:42] *** Joins: TAL (znc@defiant.tlercher.de)
[15:45:42] *** Joins: Ghabry (~ghabry@datengurke.mastergk.de)
[15:45:42] *** Joins: rctgamer (~rctgamer3@185.66.251.249)
[15:45:42] *** Joins: hthh (~hthh@hh.ht)
[15:45:42] *** Joins: Normmatt (~Normmatt@cloud.normmatt.com)
[15:45:42] *** Joins: naehrwert (~naehrwert@8.38.88.201)
[15:45:42] *** se.hub sets mode: +oo yellows8 naehrwert
[15:55:14] *** Quits: ris2z (~2ri@158.174.119.23) (Ping timeout: 376 seconds)
[15:58:17] *** Joins: mukunda (~mukunda@adsl-074-188-211-074.sip.asm.bellsouth.net)
[15:58:26] *** Joins: ris2z (~2ri@158.174.119.23)
[15:59:57] *** Quits: Snetry (~sentry@ipservice-092-209-130-215.092.209.pools.vodafone-ip.de) (efnet.deic.eu se.hub)
[15:59:57] *** Quits: GerbilSof (~GerbilSof@pool-108-24-178-92.cmdnnj.fios.verizon.net) (efnet.deic.eu se.hub)
[15:59:57] *** Quits: refsw (~refsw@80.150.130.51) (efnet.deic.eu se.hub)
[15:59:57] *** Quits: theKlanc (~klanc@2a00:6d40:40:58a3::1) (efnet.deic.eu se.hub)
[15:59:57] *** Quits: CCFL_Man (e1d3f43fbf@c-73-64-119-64.hsd1.pa.comcast.net) (efnet.deic.eu se.hub)
[15:59:57] *** Quits: Retr0id (~Retr0id@185.122.57.169) (efnet.deic.eu se.hub)
[15:59:57] *** Quits: lex (lex@yuuh.pw) (efnet.deic.eu se.hub)
[15:59:57] *** Quits: blasty (~blasty@haxx.in) (efnet.deic.eu se.hub)
[15:59:57] *** Quits: chang0- (~Changolan@ip72-194-70-236.oc.oc.cox.net) (efnet.deic.eu se.hub)
[15:59:57] *** Quits: Extrems (gamecube@expert.extremscorner.org) (efnet.deic.eu se.hub)
[15:59:57] *** Quits: mha (mha@adiza.nexticom.net) (efnet.deic.eu se.hub)
[15:59:57] *** Quits: lameboy (~lameboy@202-47-121-182.cust.dcsi.net.au) (efnet.deic.eu se.hub)
[15:59:57] *** Quits: usineur (~matthieu@ferb.fr) (efnet.deic.eu se.hub)
[15:59:57] *** Quits: capin1 (~capin@209.182.233.136) (efnet.deic.eu se.hub)
[15:59:57] *** Quits: tpw_rules (~tpw_rules@li1059-135.members.linode.com) (efnet.deic.eu se.hub)
[15:59:57] *** Quits: AlexAltea (~alexaltea@phi.nz) (efnet.deic.eu se.hub)
[15:59:57] *** Quits: DeusQain (~DeusQain@mx.qainsworld.com) (efnet.deic.eu se.hub)
[15:59:57] *** Quits: flotwig (~flotwig@136.55.47.176) (efnet.deic.eu se.hub)
[15:59:57] *** Quits: ihaveamac (~ihaveamac@ianburgwin.net) (efnet.deic.eu se.hub)
[15:59:57] *** Quits: Cu3PO42 (~Cu3PO42@159.69.208.45) (efnet.deic.eu se.hub)
[15:59:57] *** Quits: ZeZu (~null@140-211-168-73-openstack.osuosl.org) (efnet.deic.eu se.hub)
[15:59:57] *** Quits: datagutt (~datagutt@mail.guac.live) (efnet.deic.eu se.hub)
[15:59:57] *** Quits: GrecKo (~grecko@static.9.103.4.46.clients.your-server.de) (efnet.deic.eu se.hub)
[15:59:57] *** Quits: gruetzko- (~gruetzkop@bnc.dont-follow.us) (efnet.deic.eu se.hub)
[15:59:57] *** Quits: b0nez (~b0nez@162.248.221.94) (efnet.deic.eu se.hub)
[15:59:57] *** Quits: zombie343 (zombie343@pool-74-108-60-233.nycmny.fios.verizon.net) (efnet.deic.eu se.hub)
[15:59:57] *** Quits: nullstrin (~nullstrin@cermak.nullstring.io) (efnet.deic.eu se.hub)
[15:59:57] *** Quits: |Shadow| (~Shadow1@ip24-253-253-79.ok.ok.cox.net) (efnet.deic.eu se.hub)
[15:59:57] *** Quits: Kyouju (~Kyouju@ks3311808.kimsufi.com) (efnet.deic.eu se.hub)
[15:59:57] *** Quits: foghorn2 (~meh@107-198-163-1.lightspeed.rcsntx.sbcglobal.net) (efnet.deic.eu se.hub)
[15:59:57] *** Quits: Behemoth_ (~quassel@vmd39331.contaboserver.net) (efnet.deic.eu se.hub)
[15:59:57] *** Quits: awordnot (~awordnot@c-73-74-223-132.hsd1.il.comcast.net) (efnet.deic.eu se.hub)
[15:59:57] *** Quits: endrift (~endrift@endrift.com) (efnet.deic.eu se.hub)
[15:59:57] *** Quits: j0hny5 (~j0hny5@94.75.242.8) (efnet.deic.eu se.hub)
[15:59:57] *** Quits: mukunda (~mukunda@adsl-074-188-211-074.sip.asm.bellsouth.net) (efnet.deic.eu se.hub)
[15:59:57] *** Quits: giglife (giglife@CPE0492268436b0-CM688f2e1dc9d0.cpe.net.cable.rogers.com) (efnet.deic.eu se.hub)
[15:59:57] *** Quits: yellows8 (~yellows8@adiza.nexticom.net) (efnet.deic.eu se.hub)
[15:59:57] *** Quits: Lightswor (~Lightswor@107.170.253.193) (efnet.deic.eu se.hub)
[15:59:57] *** Quits: Surkow (~Surkow@84-104-14-64.cable.dynamic.v4.ziggo.nl) (efnet.deic.eu se.hub)
[15:59:57] *** Quits: Aaerox (Aaerox@fuckyou.k.thnx.org) (efnet.deic.eu se.hub)
[15:59:57] *** Quits: mtheall (~mtheall@mtheall.com) (efnet.deic.eu se.hub)
[15:59:57] *** Quits: ds84182 (~ds84182@149.56.6.196) (efnet.deic.eu se.hub)
[15:59:57] *** Quits: yls8bot (~yls8bot@mtheall.com) (efnet.deic.eu se.hub)
[15:59:57] *** Quits: TurtleP (~turtlep@bnc.devkitpro.org) (efnet.deic.eu se.hub)
[15:59:57] *** Quits: sh0e (~sh0e@node1.eisenkopf.info) (efnet.deic.eu se.hub)
[15:59:57] *** Quits: fincs (~fincs@bnc.devkitpro.org) (efnet.deic.eu se.hub)
[15:59:57] *** Quits: WntrMute (~wntrmute@bnc.devkitpro.org) (efnet.deic.eu se.hub)
[15:59:57] *** Quits: Stary (~Stary@88.198.16.186) (efnet.deic.eu se.hub)
[15:59:57] *** Quits: oldtopman (~oldtopman@75-166-193-175.hlrn.qwest.net) (efnet.deic.eu se.hub)
[15:59:57] *** Quits: m4ts (~mats@ti0030a400-4887.bb.online.no) (efnet.deic.eu se.hub)
[15:59:57] *** Quits: karolherb (~kherbst@ip-86-49-248-228.net.upcbroadband.cz) (efnet.deic.eu se.hub)
[15:59:57] *** Quits: des^ (~des@ip1f10817f.dynamic.kabel-deutschland.de) (efnet.deic.eu se.hub)
[15:59:57] *** Quits: irc4 (~irc@138.68.239.197) (efnet.deic.eu se.hub)
[15:59:57] *** Quits: DacoTaco (~DacoTaco@178-119-112-131.access.telenet.be) (efnet.deic.eu se.hub)
[15:59:57] *** Quits: freundTec (~freundTec@freundtech.com) (efnet.deic.eu se.hub)
[15:59:57] *** Quits: Mimoja (~Mimoja@mail.mimoja.de) (efnet.deic.eu se.hub)
[15:59:57] *** Quits: madk (~madk@66.222.200.159) (efnet.deic.eu se.hub)
[15:59:57] *** Quits: plutobot (~plutobot@188.166.26.149) (efnet.deic.eu se.hub)
[15:59:57] *** Quits: ris2z (~2ri@158.174.119.23) (efnet.deic.eu se.hub)
[15:59:57] *** Quits: zini (~zini@88-113-145-208.elisa-laajakaista.fi) (efnet.deic.eu se.hub)
[15:59:57] *** Quits: coriolis (~coriolis@2607:5300:60:2885::1) (efnet.deic.eu se.hub)
[15:59:57] *** Quits: nrq (~nrq@ns340910.ip-37-59-40.eu) (efnet.deic.eu se.hub)
[15:59:58] *** Quits: hexkyz (~hexkyz@ec2-18-179-123-169.ap-northeast-1.compute.amazonaws.com) (efnet.deic.eu se.hub)
[15:59:58] *** Quits: DoozerBot (~DoozerBot@89.7.232.35.bc.googleusercontent.com) (efnet.deic.eu se.hub)
[15:59:58] *** Quits: Phils3r (~Phil@phils3r.de) (efnet.deic.eu se.hub)
[15:59:58] *** Quits: jn (~quassel@2a02:908:1062:f900:20d:b9ff:fe49:15fc) (efnet.deic.eu se.hub)
[15:59:58] *** Quits: uyjulian (~uyjulian@69-110-38-205.lightspeed.lbcktx.sbcglobal.net) (efnet.deic.eu se.hub)
[15:59:58] *** Quits: mid-kid (~mid-kid@2a01:7c8:aac8:1e8:5054:ff:fe5e:cd48) (efnet.deic.eu se.hub)
[15:59:58] *** Quits: l1quid (~lq@ns3290571.ip-5-135-185.eu) (efnet.deic.eu se.hub)
[15:59:58] *** Quits: xx_ns (~neonsea@nns.ee) (efnet.deic.eu se.hub)
[15:59:58] *** Quits: thejsa (~eva@lana.core.fs3d.net) (efnet.deic.eu se.hub)
[15:59:58] *** Quits: lemmy (lemmy@2600:3c00:e000:2e:0:dead:beef:6) (efnet.deic.eu se.hub)
[15:59:58] *** Quits: omlet05_ (~quassel@omlet.ovh) (efnet.deic.eu se.hub)
[15:59:58] *** Quits: Jdbye (~furry4lif@me.jdbye.com) (efnet.deic.eu se.hub)
[15:59:58] *** Quits: cpnc0ke (~ice@92-48-84-85.static.as29550.net) (efnet.deic.eu se.hub)
[15:59:58] *** Quits: balrog (~balrog@pool-98-115-168-15.phlapa.fios.verizon.net) (efnet.deic.eu se.hub)
[15:59:58] *** Quits: dibas (~dibas@wild.uberspace.de) (efnet.deic.eu se.hub)
[15:59:58] *** Quits: Genolo (~fear@2a01:7e00::f03c:91ff:fe93:8d42) (efnet.deic.eu se.hub)
[15:59:58] *** Quits: carsten1 (86oigeDEgr@2001:1a50:11:0:5f:8f:accb:19b) (efnet.deic.eu se.hub)
[15:59:58] *** Quits: derrek (BnJG3vpyjs@2001:1a50:11:0:5f:8f:acec:1) (efnet.deic.eu se.hub)
[15:59:58] *** Quits: Summeli (summeli@irc.summeli.com) (efnet.deic.eu se.hub)
[15:59:58] *** Quits: klockee (~efklock@vps1.ksociety.net) (efnet.deic.eu se.hub)
[15:59:58] *** Quits: TAL (znc@defiant.tlercher.de) (efnet.deic.eu se.hub)
[15:59:58] *** Quits: Ghabry (~ghabry@datengurke.mastergk.de) (efnet.deic.eu se.hub)
[15:59:58] *** Quits: rctgamer (~rctgamer3@185.66.251.249) (efnet.deic.eu se.hub)
[15:59:58] *** Quits: hthh (~hthh@hh.ht) (efnet.deic.eu se.hub)
[15:59:58] *** Quits: Normmatt (~Normmatt@cloud.normmatt.com) (efnet.deic.eu se.hub)
[15:59:58] *** Quits: naehrwert (~naehrwert@8.38.88.201) (efnet.deic.eu se.hub)
[16:02:38] *** Joins: foghorn2 (~meh@107-198-163-1.lightspeed.rcsntx.sbcglobal.net)
[16:02:38] *** Joins: Behemoth_ (~quassel@vmd39331.contaboserver.net)
[16:02:38] *** Joins: sh0e (~sh0e@node1.eisenkopf.info)
[16:02:38] *** Joins: Aaerox (Aaerox@fuckyou.k.thnx.org)
[16:02:38] *** Joins: awordnot (~awordnot@c-73-74-223-132.hsd1.il.comcast.net)
[16:02:38] *** Joins: endrift (~endrift@endrift.com)
[16:02:38] *** Joins: usineur (~matthieu@ferb.fr)
[16:02:38] *** Joins: mtheall (~mtheall@mtheall.com)
[16:02:38] *** Joins: j0hny5 (~j0hny5@94.75.242.8)
[16:02:38] *** Joins: capin1 (~capin@209.182.233.136)
[16:02:38] *** Joins: tpw_rules (~tpw_rules@li1059-135.members.linode.com)
[16:02:38] *** Joins: ds84182 (~ds84182@149.56.6.196)
[16:02:38] *** Joins: mha (mha@adiza.nexticom.net)
[16:02:38] *** Joins: Extrems (gamecube@expert.extremscorner.org)
[16:02:38] *** Joins: AlexAltea (~alexaltea@phi.nz)
[16:02:38] *** Joins: yls8bot (~yls8bot@mtheall.com)
[16:02:38] *** Joins: fincs (~fincs@bnc.devkitpro.org)
[16:02:38] *** Joins: WntrMute (~wntrmute@bnc.devkitpro.org)
[16:02:38] *** Joins: DeusQain (~DeusQain@mx.qainsworld.com)
[16:02:38] *** Joins: flotwig (~flotwig@136.55.47.176)
[16:02:38] *** Joins: ihaveamac (~ihaveamac@ianburgwin.net)
[16:02:38] *** Joins: Cu3PO42 (~Cu3PO42@159.69.208.45)
[16:02:38] *** Joins: ZeZu (~null@140-211-168-73-openstack.osuosl.org)
[16:02:38] *** Joins: datagutt (~datagutt@mail.guac.live)
[16:02:38] *** Joins: GrecKo (~grecko@static.9.103.4.46.clients.your-server.de)
[16:02:38] *** Joins: gruetzko- (~gruetzkop@bnc.dont-follow.us)
[16:02:38] *** Joins: b0nez (~b0nez@162.248.221.94)
[16:02:38] *** Joins: chang0- (~Changolan@ip72-194-70-236.oc.oc.cox.net)
[16:02:38] *** Joins: Surkow (~Surkow@84-104-14-64.cable.dynamic.v4.ziggo.nl)
[16:02:38] *** Joins: Kyouju (~Kyouju@ks3311808.kimsufi.com)
[16:02:38] *** Joins: Lightswor (~Lightswor@107.170.253.193)
[16:02:38] *** Joins: TurtleP (~turtlep@bnc.devkitpro.org)
[16:02:38] *** Joins: yellows8 (~yellows8@adiza.nexticom.net)
[16:02:38] *** Joins: m4ts (~mats@ti0030a400-4887.bb.online.no)
[16:02:38] *** Joins: zini (~zini@88-113-145-208.elisa-laajakaista.fi)
[16:02:38] *** Joins: coriolis (~coriolis@2607:5300:60:2885::1)
[16:02:38] *** Joins: nrq (~nrq@ns340910.ip-37-59-40.eu)
[16:02:38] *** Joins: hexkyz (~hexkyz@ec2-18-179-123-169.ap-northeast-1.compute.amazonaws.com)
[16:02:38] *** Joins: DoozerBot (~DoozerBot@89.7.232.35.bc.googleusercontent.com)
[16:02:38] *** Joins: karolherb (~kherbst@ip-86-49-248-228.net.upcbroadband.cz)
[16:02:38] *** Joins: des^ (~des@ip1f10817f.dynamic.kabel-deutschland.de)
[16:02:38] *** Joins: Stary (~Stary@88.198.16.186)
[16:02:38] *** Joins: irc4 (~irc@138.68.239.197)
[16:02:38] *** Joins: Phils3r (~Phil@phils3r.de)
[16:02:38] *** Joins: jn (~quassel@2a02:908:1062:f900:20d:b9ff:fe49:15fc)
[16:02:38] *** Joins: DacoTaco (~DacoTaco@178-119-112-131.access.telenet.be)
[16:02:38] *** irc.efnet.nl sets mode: +oo yls8bot yellows8
[16:02:38] *** Joins: uyjulian (~uyjulian@69-110-38-205.lightspeed.lbcktx.sbcglobal.net)
[16:02:38] *** Joins: freundTec (~freundTec@freundtech.com)
[16:02:38] *** Joins: mid-kid (~mid-kid@2a01:7c8:aac8:1e8:5054:ff:fe5e:cd48)
[16:02:38] *** Joins: l1quid (~lq@ns3290571.ip-5-135-185.eu)
[16:02:38] *** Joins: Mimoja (~Mimoja@mail.mimoja.de)
[16:02:38] *** Joins: madk (~madk@66.222.200.159)
[16:02:38] *** Joins: xx_ns (~neonsea@nns.ee)
[16:02:38] *** Joins: plutobot (~plutobot@188.166.26.149)
[16:02:38] *** Joins: thejsa (~eva@lana.core.fs3d.net)
[16:02:38] *** Joins: lemmy (lemmy@2600:3c00:e000:2e:0:dead:beef:6)
[16:02:38] *** Joins: omlet05_ (~quassel@omlet.ovh)
[16:02:38] *** Joins: Jdbye (~furry4lif@me.jdbye.com)
[16:02:38] *** Joins: cpnc0ke (~ice@92-48-84-85.static.as29550.net)
[16:02:38] *** Joins: balrog (~balrog@pool-98-115-168-15.phlapa.fios.verizon.net)
[16:02:38] *** Joins: dibas (~dibas@wild.uberspace.de)
[16:02:38] *** Joins: Genolo (~fear@2a01:7e00::f03c:91ff:fe93:8d42)
[16:02:38] *** Joins: carsten1 (86oigeDEgr@2001:1a50:11:0:5f:8f:accb:19b)
[16:02:38] *** Joins: derrek (BnJG3vpyjs@2001:1a50:11:0:5f:8f:acec:1)
[16:02:38] *** Joins: Summeli (summeli@irc.summeli.com)
[16:02:38] *** Joins: klockee (~efklock@vps1.ksociety.net)
[16:02:38] *** Joins: TAL (znc@defiant.tlercher.de)
[16:02:38] *** Joins: Ghabry (~ghabry@datengurke.mastergk.de)
[16:02:38] *** Joins: rctgamer (~rctgamer3@185.66.251.249)
[16:02:38] *** Joins: hthh (~hthh@hh.ht)
[16:02:38] *** Joins: Normmatt (~Normmatt@cloud.normmatt.com)
[16:02:38] *** Joins: naehrwert (~naehrwert@8.38.88.201)
[16:02:38] *** Joins: giglife (giglife@CPE0492268436b0-CM688f2e1dc9d0.cpe.net.cable.rogers.com)
[16:02:38] *** Joins: |Shadow| (~Shadow1@ip24-253-253-79.ok.ok.cox.net)
[16:02:38] *** Joins: nullstrin (~nullstrin@cermak.nullstring.io)
[16:02:38] *** Joins: oldtopman (~oldtopman@75-166-193-175.hlrn.qwest.net)
[16:02:38] *** Joins: zombie343 (zombie343@pool-74-108-60-233.nycmny.fios.verizon.net)
[16:02:38] *** Joins: lameboy (~lameboy@202-47-121-182.cust.dcsi.net.au)
[16:02:38] *** Joins: mukunda (~mukunda@adsl-074-188-211-074.sip.asm.bellsouth.net)
[16:02:38] *** Joins: ris2z (~2ri@158.174.119.23)
[16:02:38] *** Joins: Snetry (~sentry@ipservice-092-209-130-215.092.209.pools.vodafone-ip.de)
[16:02:38] *** Joins: GerbilSof (~GerbilSof@pool-108-24-178-92.cmdnnj.fios.verizon.net)
[16:02:38] *** Joins: refsw (~refsw@80.150.130.51)
[16:02:38] *** Joins: theKlanc (~klanc@2a00:6d40:40:58a3::1)
[16:02:38] *** Joins: CCFL_Man (e1d3f43fbf@c-73-64-119-64.hsd1.pa.comcast.net)
[16:02:38] *** Joins: Retr0id (~Retr0id@185.122.57.169)
[16:02:38] *** Joins: lex (lex@yuuh.pw)
[16:02:38] *** Joins: blasty (~blasty@haxx.in)
[16:02:38] *** irc.efnet.nl sets mode: +o naehrwert
[16:04:07] *** Quits: lameboy (~lameboy@202-47-121-182.cust.dcsi.net.au) (Read error: Connection reset by peer)
[16:04:35] *** Joins: lameboy (~lameboy@202-47-121-182.cust.dcsi.net.au)
[17:19:04] <plutobot> Wiki | Page changed: Bluetooth Driver services | User: yls8 | https://switchbrew.org/w/index.php?curid=161&diff=9700&oldid=9698
[17:38:16] <plutobot> Wiki | Page changed: Bluetooth Driver services | User: yls8 | https://switchbrew.org/w/index.php?curid=161&diff=9701&oldid=9700
[18:05:29] <plutobot> Wiki | Page changed: Bluetooth Driver services | User: yls8 | https://switchbrew.org/w/index.php?curid=161&diff=9702&oldid=9701
[18:10:55] <plutobot> Wiki | Page changed: Bluetooth Driver services | User: yls8 | https://switchbrew.org/w/index.php?curid=161&diff=9703&oldid=9702
[19:12:47] <plutobot> Wiki | Page changed: Bluetooth Driver services | User: yls8 | https://switchbrew.org/w/index.php?curid=161&diff=9704&oldid=9703
[19:13:35] *** Quits: CCFL_Man (e1d3f43fbf@c-73-64-119-64.hsd1.pa.comcast.net) (Read error: Operation timed out)
[19:15:45] *** Joins: CCFL_Man (4f6f81e047@c-73-64-119-64.hsd1.pa.comcast.net)
[19:45:15] <plutobot> Wiki | Page changed: Bluetooth Driver services | User: yls8 | https://switchbrew.org/w/index.php?curid=161&diff=9705&oldid=9704
[20:10:48] *** rctgamer is now known as rctgamer3
[20:50:25] *** Quits: Snetry (~sentry@ipservice-092-209-130-215.092.209.pools.vodafone-ip.de) (efnet.deic.eu irc.efnet.nl)
[20:50:25] *** Quits: GerbilSof (~GerbilSof@pool-108-24-178-92.cmdnnj.fios.verizon.net) (efnet.deic.eu irc.efnet.nl)
[20:50:25] *** Quits: refsw (~refsw@80.150.130.51) (efnet.deic.eu irc.efnet.nl)
[20:50:25] *** Quits: theKlanc (~klanc@2a00:6d40:40:58a3::1) (efnet.deic.eu irc.efnet.nl)
[20:50:25] *** Quits: Retr0id (~Retr0id@185.122.57.169) (efnet.deic.eu irc.efnet.nl)
[20:50:25] *** Quits: lex (lex@yuuh.pw) (efnet.deic.eu irc.efnet.nl)
[20:50:25] *** Quits: blasty (~blasty@haxx.in) (efnet.deic.eu irc.efnet.nl)
[20:50:25] *** Quits: Stary (~Stary@88.198.16.186) (efnet.deic.eu irc.efnet.nl)
[20:50:25] *** Quits: oldtopman (~oldtopman@75-166-193-175.hlrn.qwest.net) (efnet.deic.eu irc.efnet.nl)
[20:50:25] *** Quits: m4ts (~mats@ti0030a400-4887.bb.online.no) (efnet.deic.eu irc.efnet.nl)
[20:50:25] *** Quits: karolherb (~kherbst@ip-86-49-248-228.net.upcbroadband.cz) (efnet.deic.eu irc.efnet.nl)
[20:50:25] *** Quits: des^ (~des@ip1f10817f.dynamic.kabel-deutschland.de) (efnet.deic.eu irc.efnet.nl)
[20:50:25] *** Quits: irc4 (~irc@138.68.239.197) (efnet.deic.eu irc.efnet.nl)
[20:50:25] *** Quits: DacoTaco (~DacoTaco@178-119-112-131.access.telenet.be) (efnet.deic.eu irc.efnet.nl)
[20:50:25] *** Quits: freundTec (~freundTec@freundtech.com) (efnet.deic.eu irc.efnet.nl)
[20:50:25] *** Quits: Mimoja (~Mimoja@mail.mimoja.de) (efnet.deic.eu irc.efnet.nl)
[20:50:25] *** Quits: madk (~madk@66.222.200.159) (efnet.deic.eu irc.efnet.nl)
[20:50:25] *** Quits: plutobot (~plutobot@188.166.26.149) (efnet.deic.eu irc.efnet.nl)
[20:50:25] *** Quits: CCFL_Man (4f6f81e047@c-73-64-119-64.hsd1.pa.comcast.net) (efnet.deic.eu irc.efnet.nl)
[20:50:25] *** Quits: ris2z (~2ri@158.174.119.23) (efnet.deic.eu irc.efnet.nl)
[20:50:25] *** Quits: zini (~zini@88-113-145-208.elisa-laajakaista.fi) (efnet.deic.eu irc.efnet.nl)
[20:50:25] *** Quits: coriolis (~coriolis@2607:5300:60:2885::1) (efnet.deic.eu irc.efnet.nl)
[20:50:25] *** Quits: nrq (~nrq@ns340910.ip-37-59-40.eu) (efnet.deic.eu irc.efnet.nl)
[20:50:25] *** Quits: hexkyz (~hexkyz@ec2-18-179-123-169.ap-northeast-1.compute.amazonaws.com) (efnet.deic.eu irc.efnet.nl)
[20:50:25] *** Quits: DoozerBot (~DoozerBot@89.7.232.35.bc.googleusercontent.com) (efnet.deic.eu irc.efnet.nl)
[20:50:25] *** Quits: Phils3r (~Phil@phils3r.de) (efnet.deic.eu irc.efnet.nl)
[20:50:25] *** Quits: jn (~quassel@2a02:908:1062:f900:20d:b9ff:fe49:15fc) (efnet.deic.eu irc.efnet.nl)
[20:50:25] *** Quits: uyjulian (~uyjulian@69-110-38-205.lightspeed.lbcktx.sbcglobal.net) (efnet.deic.eu irc.efnet.nl)
[20:50:25] *** Quits: mid-kid (~mid-kid@2a01:7c8:aac8:1e8:5054:ff:fe5e:cd48) (efnet.deic.eu irc.efnet.nl)
[20:50:25] *** Quits: l1quid (~lq@ns3290571.ip-5-135-185.eu) (efnet.deic.eu irc.efnet.nl)
[20:50:25] *** Quits: xx_ns (~neonsea@nns.ee) (efnet.deic.eu irc.efnet.nl)
[20:50:25] *** Quits: thejsa (~eva@lana.core.fs3d.net) (efnet.deic.eu irc.efnet.nl)
[20:50:25] *** Quits: lemmy (lemmy@2600:3c00:e000:2e:0:dead:beef:6) (efnet.deic.eu irc.efnet.nl)
[20:50:25] *** Quits: omlet05_ (~quassel@omlet.ovh) (efnet.deic.eu irc.efnet.nl)
[20:50:25] *** Quits: Jdbye (~furry4lif@me.jdbye.com) (efnet.deic.eu irc.efnet.nl)
[20:50:25] *** Quits: cpnc0ke (~ice@92-48-84-85.static.as29550.net) (efnet.deic.eu irc.efnet.nl)
[20:50:25] *** Quits: balrog (~balrog@pool-98-115-168-15.phlapa.fios.verizon.net) (efnet.deic.eu irc.efnet.nl)
[20:50:25] *** Quits: dibas (~dibas@wild.uberspace.de) (efnet.deic.eu irc.efnet.nl)
[20:50:25] *** Quits: Genolo (~fear@2a01:7e00::f03c:91ff:fe93:8d42) (efnet.deic.eu irc.efnet.nl)
[20:50:25] *** Quits: carsten1 (86oigeDEgr@2001:1a50:11:0:5f:8f:accb:19b) (efnet.deic.eu irc.efnet.nl)
[20:50:25] *** Quits: derrek (BnJG3vpyjs@2001:1a50:11:0:5f:8f:acec:1) (efnet.deic.eu irc.efnet.nl)
[20:50:25] *** Quits: Summeli (summeli@irc.summeli.com) (efnet.deic.eu irc.efnet.nl)
[20:50:25] *** Quits: klockee (~efklock@vps1.ksociety.net) (efnet.deic.eu irc.efnet.nl)
[20:50:25] *** Quits: TAL (znc@defiant.tlercher.de) (efnet.deic.eu irc.efnet.nl)
[20:50:25] *** Quits: Ghabry (~ghabry@datengurke.mastergk.de) (efnet.deic.eu irc.efnet.nl)
[20:50:25] *** Quits: rctgamer3 (~rctgamer3@185.66.251.249) (efnet.deic.eu irc.efnet.nl)
[20:50:25] *** Quits: hthh (~hthh@hh.ht) (efnet.deic.eu irc.efnet.nl)
[20:50:25] *** Quits: Normmatt (~Normmatt@cloud.normmatt.com) (efnet.deic.eu irc.efnet.nl)
[20:50:26] *** Quits: naehrwert (~naehrwert@8.38.88.201) (efnet.deic.eu irc.efnet.nl)
[20:50:26] *** Quits: chang0- (~Changolan@ip72-194-70-236.oc.oc.cox.net) (efnet.deic.eu irc.efnet.nl)
[20:50:26] *** Quits: Extrems (gamecube@expert.extremscorner.org) (efnet.deic.eu irc.efnet.nl)
[20:50:26] *** Quits: mha (mha@adiza.nexticom.net) (efnet.deic.eu irc.efnet.nl)
[20:50:26] *** Quits: lameboy (~lameboy@202-47-121-182.cust.dcsi.net.au) (efnet.deic.eu irc.efnet.nl)
[20:50:26] *** Quits: usineur (~matthieu@ferb.fr) (efnet.deic.eu irc.efnet.nl)
[20:50:26] *** Quits: capin1 (~capin@209.182.233.136) (efnet.deic.eu irc.efnet.nl)
[20:50:26] *** Quits: tpw_rules (~tpw_rules@li1059-135.members.linode.com) (efnet.deic.eu irc.efnet.nl)
[20:50:26] *** Quits: AlexAltea (~alexaltea@phi.nz) (efnet.deic.eu irc.efnet.nl)
[20:50:26] *** Quits: DeusQain (~DeusQain@mx.qainsworld.com) (efnet.deic.eu irc.efnet.nl)
[20:50:26] *** Quits: flotwig (~flotwig@136.55.47.176) (efnet.deic.eu irc.efnet.nl)
[20:50:26] *** Quits: ihaveamac (~ihaveamac@ianburgwin.net) (efnet.deic.eu irc.efnet.nl)
[20:50:26] *** Quits: Cu3PO42 (~Cu3PO42@159.69.208.45) (efnet.deic.eu irc.efnet.nl)
[20:50:26] *** Quits: ZeZu (~null@140-211-168-73-openstack.osuosl.org) (efnet.deic.eu irc.efnet.nl)
[20:50:26] *** Quits: datagutt (~datagutt@mail.guac.live) (efnet.deic.eu irc.efnet.nl)
[20:50:26] *** Quits: GrecKo (~grecko@static.9.103.4.46.clients.your-server.de) (efnet.deic.eu irc.efnet.nl)
[20:50:26] *** Quits: gruetzko- (~gruetzkop@bnc.dont-follow.us) (efnet.deic.eu irc.efnet.nl)
[20:50:26] *** Quits: b0nez (~b0nez@162.248.221.94) (efnet.deic.eu irc.efnet.nl)
[20:50:26] *** Quits: zombie343 (zombie343@pool-74-108-60-233.nycmny.fios.verizon.net) (efnet.deic.eu irc.efnet.nl)
[20:50:26] *** Quits: nullstrin (~nullstrin@cermak.nullstring.io) (efnet.deic.eu irc.efnet.nl)
[20:50:26] *** Quits: |Shadow| (~Shadow1@ip24-253-253-79.ok.ok.cox.net) (efnet.deic.eu irc.efnet.nl)
[20:50:26] *** Quits: Kyouju (~Kyouju@ks3311808.kimsufi.com) (efnet.deic.eu irc.efnet.nl)
[20:50:26] *** Quits: foghorn2 (~meh@107-198-163-1.lightspeed.rcsntx.sbcglobal.net) (efnet.deic.eu irc.efnet.nl)
[20:50:26] *** Quits: Behemoth_ (~quassel@vmd39331.contaboserver.net) (efnet.deic.eu irc.efnet.nl)
[20:50:26] *** Quits: awordnot (~awordnot@c-73-74-223-132.hsd1.il.comcast.net) (efnet.deic.eu irc.efnet.nl)
[20:50:26] *** Quits: endrift (~endrift@endrift.com) (efnet.deic.eu irc.efnet.nl)
[20:50:26] *** Quits: j0hny5 (~j0hny5@94.75.242.8) (efnet.deic.eu irc.efnet.nl)
[20:50:26] *** Quits: mukunda (~mukunda@adsl-074-188-211-074.sip.asm.bellsouth.net) (efnet.deic.eu irc.efnet.nl)
[20:50:26] *** Quits: giglife (giglife@CPE0492268436b0-CM688f2e1dc9d0.cpe.net.cable.rogers.com) (efnet.deic.eu irc.efnet.nl)
[20:50:26] *** Quits: yellows8 (~yellows8@adiza.nexticom.net) (efnet.deic.eu irc.efnet.nl)
[20:50:26] *** Quits: Lightswor (~Lightswor@107.170.253.193) (efnet.deic.eu irc.efnet.nl)
[20:50:26] *** Quits: Surkow (~Surkow@84-104-14-64.cable.dynamic.v4.ziggo.nl) (efnet.deic.eu irc.efnet.nl)
[20:50:26] *** Quits: Aaerox (Aaerox@fuckyou.k.thnx.org) (efnet.deic.eu irc.efnet.nl)
[20:50:26] *** Quits: mtheall (~mtheall@mtheall.com) (efnet.deic.eu irc.efnet.nl)
[20:50:26] *** Quits: ds84182 (~ds84182@149.56.6.196) (efnet.deic.eu irc.efnet.nl)
[20:50:26] *** Quits: yls8bot (~yls8bot@mtheall.com) (efnet.deic.eu irc.efnet.nl)
[20:50:26] *** Quits: TurtleP (~turtlep@bnc.devkitpro.org) (efnet.deic.eu irc.efnet.nl)
[20:50:26] *** Quits: sh0e (~sh0e@node1.eisenkopf.info) (efnet.deic.eu irc.efnet.nl)
[20:50:26] *** Quits: fincs (~fincs@bnc.devkitpro.org) (efnet.deic.eu irc.efnet.nl)
[20:50:26] *** Quits: WntrMute (~wntrmute@bnc.devkitpro.org) (efnet.deic.eu irc.efnet.nl)
[20:54:56] *** Joins: CCFL_Man (4f6f81e047@c-73-64-119-64.hsd1.pa.comcast.net)
[20:54:56] *** Joins: lameboy (~lameboy@202-47-121-182.cust.dcsi.net.au)
[20:54:56] *** Joins: foghorn2 (~meh@107-198-163-1.lightspeed.rcsntx.sbcglobal.net)
[20:54:56] *** Joins: Behemoth_ (~quassel@vmd39331.contaboserver.net)
[20:54:56] *** Joins: sh0e (~sh0e@node1.eisenkopf.info)
[20:54:56] *** Joins: Aaerox (Aaerox@fuckyou.k.thnx.org)
[20:54:56] *** Joins: awordnot (~awordnot@c-73-74-223-132.hsd1.il.comcast.net)
[20:54:56] *** Joins: endrift (~endrift@endrift.com)
[20:54:56] *** Joins: usineur (~matthieu@ferb.fr)
[20:54:56] *** Joins: mtheall (~mtheall@mtheall.com)
[20:54:56] *** Joins: j0hny5 (~j0hny5@94.75.242.8)
[20:54:56] *** Joins: capin1 (~capin@209.182.233.136)
[20:54:56] *** Joins: tpw_rules (~tpw_rules@li1059-135.members.linode.com)
[20:54:56] *** Joins: ds84182 (~ds84182@149.56.6.196)
[20:54:56] *** Joins: mha (mha@adiza.nexticom.net)
[20:54:56] *** Joins: Extrems (gamecube@expert.extremscorner.org)
[20:54:56] *** Joins: AlexAltea (~alexaltea@phi.nz)
[20:54:56] *** Joins: yls8bot (~yls8bot@mtheall.com)
[20:54:56] *** Joins: fincs (~fincs@bnc.devkitpro.org)
[20:54:56] *** Joins: WntrMute (~wntrmute@bnc.devkitpro.org)
[20:54:56] *** Joins: DeusQain (~DeusQain@mx.qainsworld.com)
[20:54:56] *** Joins: flotwig (~flotwig@136.55.47.176)
[20:54:56] *** Joins: ihaveamac (~ihaveamac@ianburgwin.net)
[20:54:56] *** Joins: Cu3PO42 (~Cu3PO42@159.69.208.45)
[20:54:56] *** Joins: ZeZu (~null@140-211-168-73-openstack.osuosl.org)
[20:54:56] *** Joins: datagutt (~datagutt@mail.guac.live)
[20:54:56] *** Joins: GrecKo (~grecko@static.9.103.4.46.clients.your-server.de)
[20:54:56] *** Joins: gruetzko- (~gruetzkop@bnc.dont-follow.us)
[20:54:56] *** Joins: b0nez (~b0nez@162.248.221.94)
[20:54:56] *** Joins: chang0- (~Changolan@ip72-194-70-236.oc.oc.cox.net)
[20:54:56] *** Joins: Surkow (~Surkow@84-104-14-64.cable.dynamic.v4.ziggo.nl)
[20:54:56] *** Joins: Kyouju (~Kyouju@ks3311808.kimsufi.com)
[20:54:56] *** Joins: Lightswor (~Lightswor@107.170.253.193)
[20:54:56] *** Joins: TurtleP (~turtlep@bnc.devkitpro.org)
[20:54:56] *** Joins: yellows8 (~yellows8@adiza.nexticom.net)
[20:54:56] *** Joins: m4ts (~mats@ti0030a400-4887.bb.online.no)
[20:54:56] *** Joins: zini (~zini@88-113-145-208.elisa-laajakaista.fi)
[20:54:56] *** Joins: coriolis (~coriolis@2607:5300:60:2885::1)
[20:54:56] *** Joins: nrq (~nrq@ns340910.ip-37-59-40.eu)
[20:54:56] *** Joins: hexkyz (~hexkyz@ec2-18-179-123-169.ap-northeast-1.compute.amazonaws.com)
[20:54:56] *** Joins: DoozerBot (~DoozerBot@89.7.232.35.bc.googleusercontent.com)
[20:54:56] *** Joins: karolherb (~kherbst@ip-86-49-248-228.net.upcbroadband.cz)
[20:54:56] *** Joins: des^ (~des@ip1f10817f.dynamic.kabel-deutschland.de)
[20:54:56] *** Joins: Stary (~Stary@88.198.16.186)
[20:54:56] *** Joins: irc4 (~irc@138.68.239.197)
[20:54:56] *** Joins: Phils3r (~Phil@phils3r.de)
[20:54:56] *** irc.efnet.nl sets mode: +oo yls8bot yellows8
[20:54:56] *** Joins: jn (~quassel@2a02:908:1062:f900:20d:b9ff:fe49:15fc)
[20:54:56] *** Joins: DacoTaco (~DacoTaco@178-119-112-131.access.telenet.be)
[20:54:56] *** Joins: uyjulian (~uyjulian@69-110-38-205.lightspeed.lbcktx.sbcglobal.net)
[20:54:56] *** Joins: freundTec (~freundTec@freundtech.com)
[20:54:56] *** Joins: mid-kid (~mid-kid@2a01:7c8:aac8:1e8:5054:ff:fe5e:cd48)
[20:54:56] *** Joins: l1quid (~lq@ns3290571.ip-5-135-185.eu)
[20:54:56] *** Joins: Mimoja (~Mimoja@mail.mimoja.de)
[20:54:56] *** Joins: madk (~madk@66.222.200.159)
[20:54:56] *** Joins: xx_ns (~neonsea@nns.ee)
[20:54:56] *** Joins: plutobot (~plutobot@188.166.26.149)
[20:54:56] *** Joins: thejsa (~eva@lana.core.fs3d.net)
[20:54:56] *** Joins: lemmy (lemmy@2600:3c00:e000:2e:0:dead:beef:6)
[20:54:56] *** Joins: omlet05_ (~quassel@omlet.ovh)
[20:54:56] *** Joins: Jdbye (~furry4lif@me.jdbye.com)
[20:54:56] *** Joins: cpnc0ke (~ice@92-48-84-85.static.as29550.net)
[20:54:56] *** Joins: balrog (~balrog@pool-98-115-168-15.phlapa.fios.verizon.net)
[20:54:56] *** Joins: dibas (~dibas@wild.uberspace.de)
[20:54:56] *** Joins: Genolo (~fear@2a01:7e00::f03c:91ff:fe93:8d42)
[20:54:56] *** Joins: carsten1 (86oigeDEgr@2001:1a50:11:0:5f:8f:accb:19b)
[20:54:56] *** Joins: derrek (BnJG3vpyjs@2001:1a50:11:0:5f:8f:acec:1)
[20:54:56] *** Joins: Summeli (summeli@irc.summeli.com)
[20:54:56] *** Joins: klockee (~efklock@vps1.ksociety.net)
[20:54:56] *** Joins: TAL (znc@defiant.tlercher.de)
[20:54:56] *** Joins: Ghabry (~ghabry@datengurke.mastergk.de)
[20:54:56] *** Joins: rctgamer3 (~rctgamer3@185.66.251.249)
[20:54:56] *** Joins: hthh (~hthh@hh.ht)
[20:54:56] *** Joins: Normmatt (~Normmatt@cloud.normmatt.com)
[20:54:56] *** Joins: naehrwert (~naehrwert@8.38.88.201)
[20:54:56] *** Joins: giglife (giglife@CPE0492268436b0-CM688f2e1dc9d0.cpe.net.cable.rogers.com)
[20:54:56] *** Joins: |Shadow| (~Shadow1@ip24-253-253-79.ok.ok.cox.net)
[20:54:56] *** Joins: nullstrin (~nullstrin@cermak.nullstring.io)
[20:54:56] *** Joins: oldtopman (~oldtopman@75-166-193-175.hlrn.qwest.net)
[20:54:56] *** Joins: zombie343 (zombie343@pool-74-108-60-233.nycmny.fios.verizon.net)
[20:54:56] *** Joins: mukunda (~mukunda@adsl-074-188-211-074.sip.asm.bellsouth.net)
[20:54:56] *** Joins: ris2z (~2ri@158.174.119.23)
[20:54:56] *** Joins: Snetry (~sentry@ipservice-092-209-130-215.092.209.pools.vodafone-ip.de)
[20:54:56] *** Joins: GerbilSof (~GerbilSof@pool-108-24-178-92.cmdnnj.fios.verizon.net)
[20:54:56] *** Joins: refsw (~refsw@80.150.130.51)
[20:54:56] *** Joins: theKlanc (~klanc@2a00:6d40:40:58a3::1)
[20:54:56] *** Joins: Retr0id (~Retr0id@185.122.57.169)
[20:54:56] *** Joins: lex (lex@yuuh.pw)
[20:54:56] *** Joins: blasty (~blasty@haxx.in)
[20:54:56] *** irc.efnet.nl sets mode: +o naehrwert
[21:06:06] <plutobot> Wiki | Page changed: Bluetooth Driver services | User: yls8 | https://switchbrew.org/w/index.php?curid=161&diff=9706&oldid=9705
[21:13:35] <plutobot> Wiki | Page changed: Settings services | User: yls8 | https://switchbrew.org/w/index.php?curid=110&diff=9707&oldid=9388
[21:20:00] *** Joins: refs (~refs@p200300dd87181600cd8012e90deed87f.dip0.t-ipconnect.de)
[21:22:05] <plutobot> Wiki | Page changed: Bluetooth Driver services | User: yls8 | https://switchbrew.org/w/index.php?curid=161&diff=9708&oldid=9706
[21:23:16] <plutobot> Wiki | Page changed: Bluetooth Driver services | User: yls8 | https://switchbrew.org/w/index.php?curid=161&diff=9709&oldid=9708
[21:30:15] *** Joins: fgsfds (~figgis@93.123.144.171)
[21:30:18] *** Joins: nohit (sid334887@ealing.irccloud.com)
[21:35:17] *** Joins: flagrama (flagrama@id-145621.stonehaven.irccloud.com)
[21:44:02] *** Joins: rjeli___ (sid289321@2001:67c:2f08:3::4:6a29)
[21:48:21] *** Joins: Pieman (sid188464@id-188464.brockwell.irccloud.com)
[21:49:04] *** Quits: mukunda (~mukunda@adsl-074-188-211-074.sip.asm.bellsouth.net) (Read error: Operation timed out)
[21:49:38] *** Joins: SCV_ (sid226262@2001:67c:2f08:3::3:73d6)
[21:59:08] *** Joins: CCFL_Man_ (~closet@c-73-64-119-64.hsd1.pa.comcast.net)
[22:05:41] *** Quits: CCFL_Man (4f6f81e047@c-73-64-119-64.hsd1.pa.comcast.net) (Ping timeout: 745 seconds)
[22:09:43] *** Joins: CCFL_Man (1934ba41ac@c-73-64-119-64.hsd1.pa.comcast.net)
[22:10:32] *** Quits: CCFL_Man_ (~closet@c-73-64-119-64.hsd1.pa.comcast.net) (Read error: Operation timed out)
[22:15:57] *** Joins: d3m3vilur (sid4654@id-4654.charlton.irccloud.com)
[22:20:31] *** Quits: TAL (znc@defiant.tlercher.de) (Quit: ZNC - http://znc.in)
[22:20:57] *** Joins: KuKzz (KuKzz@95.143.216.177)
[22:22:08] *** Joins: yuriks (sid369190@2001:67c:2f08:5::5:a226)
[23:05:17] *** Quits: lameboy (~lameboy@202-47-121-182.cust.dcsi.net.au) (Remote host closed the connection)
[23:05:19] *** Joins: zini- (~zini@88-113-145-208.elisa-laajakaista.fi)
[23:05:55] *** Quits: Phils3r (~Phil@phils3r.de) (Quit: ZNC - https://znc.in)
[23:05:58] *** Quits: zini (~zini@88-113-145-208.elisa-laajakaista.fi) (Write error: Connection reset by peer)
[23:05:58] *** Joins: Phils3r (~Phil@2a02:c205:3000:2328::1)
[23:05:59] *** Quits: uyjulian (~uyjulian@69-110-38-205.lightspeed.lbcktx.sbcglobal.net) (Write error: Connection reset by peer)
[23:06:01] *** Joins: uyjulian (~uyjulian@69.110.38.205)
[23:44:49] *** Joins: CCFL_Man_ (e73c81cdec@c-73-64-119-64.hsd1.pa.comcast.net)
[23:47:26] *** Quits: CCFL_Man (1934ba41ac@c-73-64-119-64.hsd1.pa.comcast.net) (Read error: Operation timed out)
[23:50:44] *** Joins: mukunda (~mukunda@adsl-074-188-211-074.sip.asm.bellsouth.net)
