[00:04:21] *** Quits SCV_ (Ping timeout: 1230 seconds)
[00:05:10] *** Quits fincs (Ping timeout: 265 seconds)
[00:05:17] *** Joins fincs
[00:08:49] *** Joins SCV_
[00:21:58] *** Quits Genolo (Quit: cya)
[00:22:15] *** Joins Genolo
[00:25:18] *** Quits SCV_ (Read error: Connection reset by peer)
[00:25:49] *** Joins SCV_
[00:29:26] *** Quits ris2z (Ping timeout: 745 seconds)
[00:32:37] *** Joins ris2z
[00:43:31] *** Quits Tcm0 (Leaving)
[00:57:58] *** Quits refs (Read error: Connection reset by peer)
[00:59:04] *** Joins refs
[01:03:37] *** Joins mukunda
[01:33:53] <plutobot> Wiki | Page changed: Bluetooth Driver services | User: yls8 | https://switchbrew.org/w/index.php?curid=161&diff=9719&oldid=9718
[01:51:57] *** Joins rjeli___
[02:28:07] *** Quits lameboy (Remote host closed the connection)
[02:31:40] <plutobot> Wiki | Page changed: Bluetooth Driver services | User: yls8 | https://switchbrew.org/w/index.php?curid=161&diff=9720&oldid=9719
[02:35:32] *** Quits refs (Quit: refs)
[02:39:56] *** Joins lameboy
[02:42:23] <plutobot> Wiki | Page changed: Bluetooth Driver services | User: yls8 | https://switchbrew.org/w/index.php?curid=161&diff=9721&oldid=9720
[04:26:50] <plutobot> Wiki | Page changed: Bluetooth Driver services | User: yls8 | https://switchbrew.org/w/index.php?curid=161&diff=9722&oldid=9721
[04:36:52] *** Quits fgsfds (Read error: Connection reset by peer)
[05:27:15] *** Quits lameboy (Ping timeout: 186 seconds)
[05:29:59] *** Joins lameboy
[05:57:42] *** Quits |Shadow| ()
[06:04:46] *** Joins |Shadow|
[07:27:15] *** Quits ris2z (Ping timeout: 272 seconds)
[07:34:21] *** Joins ris2z
[09:39:58] *** Quits rjeli___ (Read error: Connection reset by peer)
[09:59:08] *** Quits SCV_ (Read error: Connection reset by peer)
[10:05:22] *** Joins SCV_
[10:09:55] *** Quits SCV_ (Read error: Connection reset by peer)
[10:28:33] *** Joins SCV_
[10:29:14] *** Quits l1quid (Read error: Connection reset by peer)
[10:50:06] *** Quits SCV_ (Ping timeout: 1230 seconds)
[10:50:36] *** Joins SCV_
[11:02:58] *** Joins BlueBread
[11:25:18] *** Joins Summeli
[11:42:24] *** Quits SCV_ (Read error: Connection reset by peer)
[11:45:01] *** Joins SCV_
[12:10:59] *** Quits DacoTaco (Ping timeout: 272 seconds)
[12:11:04] *** Joins rjeli___
[12:11:41] *** Joins rajkosto
[12:18:36] *** Joins DacoTaco
[12:51:22] *** Quits BlueBread (Read error: Connection reset by peer)
[13:10:00] *** Quits chang0- (Ping timeout: 255 seconds)
[13:12:01] *** Joins chang0-
[13:48:54] *** Quits mukunda (Ping timeout: 496 seconds)
[14:37:38] *** Joins fgsfds
[14:40:53] *** Quits Retr0id (Read error: Operation timed out)
[14:41:25] *** Joins Retr0id
[14:48:38] *** Quits Stary (Ping timeout: 265 seconds)
[14:51:01] *** Quits Maylay (Ping timeout: 745 seconds)
[14:51:17] *** Joins Maylay
[14:54:17] *** Joins Stary
[18:14:21] *** Joins mukunda
[18:26:09] *** Quits chang0- ()
[18:33:55] *** Joins chang0-
[19:08:49] <plutobot> Wiki | New page: User:Gamemaster64665 | User: Gamemaster64665 | https://switchbrew.org/w/index.php?curid=413
[19:10:01] <plutobot> Wiki | New page: User talk:Gamemaster64665 | User: Gamemaster64665 | https://switchbrew.org/w/index.php?curid=414
[20:40:50] <plutobot> Wiki | Page changed: Bluetooth Driver services | User: yls8 | https://switchbrew.org/w/index.php?curid=161&diff=9725&oldid=9722
[23:18:11] <plutobot> Wiki | Page changed: Bluetooth Driver services | User: yls8 | https://switchbrew.org/w/index.php?curid=161&diff=9726&oldid=9725
[23:29:24] <plutobot> Wiki | Page changed: Bluetooth Driver services | User: yls8 | https://switchbrew.org/w/index.php?curid=161&diff=9727&oldid=9726
[23:30:58] *** Joins KuKzz
[23:31:18] *** Quits KuKzz_ (Ping timeout: 496 seconds)
