[00:22:30] *** Quits: chang0- (~Changolan@ip72-194-70-236.oc.oc.cox.net) (Ping timeout: 496 seconds)
[02:05:13] <plutobot> Wiki | Page changed: News/Archive | User: Yls8bot | https://switchbrew.org/w/index.php?curid=114&diff=9737&oldid=9622
[02:05:13] <plutobot> Wiki | Page changed: News | User: Yls8bot | https://switchbrew.org/w/index.php?curid=41&diff=9736&oldid=9621
[02:05:13] <yls8bot> https://yls8.mtheall.com/ninupdates/reports.php?date=2020-07-14_00-05-05&sys=hac 
[02:05:23] <plutobot> Wiki | Page changed: FirmwareNews | User: Yls8bot | https://switchbrew.org/w/index.php?curid=43&diff=9740&oldid=9625
[02:05:23] <plutobot> Wiki | New page: 10.1.0 | User: Yls8bot | https://switchbrew.org/w/index.php?curid=415
[02:05:23] <plutobot> Wiki | Page changed: Template:NavboxVersions | User: Yls8bot | https://switchbrew.org/w/index.php?curid=183&diff=9738&oldid=9623
[02:05:38] <yls8bot> Update-details for the following hac report is now available/updated: https://yls8.mtheall.com/ninupdates/reports.php?date=2020-07-14_00-05-05&sys=hac 
[02:12:38] <yls8bot> Sysmodule SwIPC-generation .info files for the following hac report is now available/updated: https://yls8.mtheall.com/ninupdates/reports.php?date=2020-07-14_00-05-05&sys=hac 
[02:20:07] *** Quits: refs (~refs@p200300dd87114d004ddd32b95bbb8f4e.dip0.t-ipconnect.de) (Quit: refs)
[02:22:35] <plutobot> Wiki | Page changed: 10.1.0 | User: yls8 | https://switchbrew.org/w/index.php?curid=415&diff=9741&oldid=9739
[02:28:53] <plutobot> Wiki | Page changed: 10.1.0 | User: yls8 | https://switchbrew.org/w/index.php?curid=415&diff=9742&oldid=9741
[03:26:55] <plutobot> Wiki | Page changed: 10.1.0 | User: yls8 | https://switchbrew.org/w/index.php?curid=415&diff=9743&oldid=9742
[03:55:40] <plutobot> Wiki | Page changed: System Settings | User: yls8 | https://switchbrew.org/w/index.php?curid=102&diff=9744&oldid=9731
[03:56:10] <plutobot> Wiki | Page changed: 10.1.0 | User: yls8 | https://switchbrew.org/w/index.php?curid=415&diff=9745&oldid=9743
[03:58:47] *** Quits: rajkosto (~rajkosto@cable-178-149-122-96.dynamic.sbb.rs) (Quit: Leaving)
[04:15:24] <plutobot> Wiki | Page changed: SSL services | User: yls8 | https://switchbrew.org/w/index.php?curid=145&diff=9746&oldid=9675
[04:16:05] <plutobot> Wiki | Page changed: 10.1.0 | User: yls8 | https://switchbrew.org/w/index.php?curid=415&diff=9747&oldid=9745
[04:27:29] <plutobot> Wiki | Page changed: Settings services | User: yls8 | https://switchbrew.org/w/index.php?curid=110&diff=9748&oldid=9707
[04:29:52] <plutobot> Wiki | Page changed: Applet Manager services | User: yls8 | https://switchbrew.org/w/index.php?curid=132&diff=9749&oldid=9654
[04:31:54] <plutobot> Wiki | Page changed: NIM services | User: yls8 | https://switchbrew.org/w/index.php?curid=144&diff=9750&oldid=9203
[04:45:00] <plutobot> Wiki | Page changed: OLSC services | User: yls8 | https://switchbrew.org/w/index.php?curid=347&diff=9751&oldid=9648
[04:49:46] <plutobot> Wiki | Page changed: System Versions | User: yls8 | https://switchbrew.org/w/index.php?curid=105&diff=9752&oldid=9628
[04:51:59] <plutobot> Wiki | Page changed: System Version Title | User: yls8 | https://switchbrew.org/w/index.php?curid=116&diff=9753&oldid=9733
[05:37:34] <plutobot> Wiki | Page changed: 10.1.0 | User: yls8 | https://switchbrew.org/w/index.php?curid=415&diff=9754&oldid=9747
[05:44:33] <plutobot> Wiki | Page changed: Settings services | User: yls8 | https://switchbrew.org/w/index.php?curid=110&diff=9755&oldid=9748
[05:45:03] <plutobot> Wiki | Page changed: Settings services | User: yls8 | https://switchbrew.org/w/index.php?curid=110&diff=9756&oldid=9755
[07:07:30] *** Quits: mukunda (~mukunda@adsl-074-188-211-074.sip.asm.bellsouth.net) (Read error: Operation timed out)
[07:53:51] <plutobot> Wiki | Page changed: 10.1.0 | User: yls8 | https://switchbrew.org/w/index.php?curid=415&diff=9757&oldid=9754
[08:13:39] *** Quits: cmd (~cmd@76.242.164.80) (Quit: Leaving)
[08:30:15] <plutobot> Wiki | Page changed: Switch System Flaws | User: yls8 | https://switchbrew.org/w/index.php?curid=14&diff=9758&oldid=9646
[08:34:40] <plutobot> Wiki | Page changed: HID services | User: yls8 | https://switchbrew.org/w/index.php?curid=103&diff=9759&oldid=9618
[09:45:03] *** Joins: Tcm0 (~Tcm0@p4fde7239.dip0.t-ipconnect.de)
[10:12:39] *** Quits: Phils3r_ (~Phil@phils3r.de) (Quit: ZNC - https://znc.in)
[10:13:17] *** Joins: Phils3r (~Phil@phils3r.de)
[10:14:10] *** Quits: Phils3r (~Phil@phils3r.de) (Client Quit)
[10:14:45] *** Joins: Phils3r (~Phil@phils3r.de)
[12:34:02] *** Quits: Tcm0 (~Tcm0@p4fde7239.dip0.t-ipconnect.de) (Ping timeout: 622 seconds)
[12:40:09] *** Joins: mukunda (~mukunda@adsl-074-188-211-074.sip.asm.bellsouth.net)
[13:40:31] *** Joins: Tcm0 (~Tcm0@p4fde7239.dip0.t-ipconnect.de)
[16:37:20] *** Quits: ris2z (~2ri@158.174.119.23) (Ping timeout: 265 seconds)
[16:52:33] *** Joins: ris2z (~2ri@158.174.119.23)
[17:07:21] *** Quits: fgsfds (~figgis@93.123.144.171) (Ping timeout: 622 seconds)
[18:08:36] *** Joins: fgsfds (~figgis@93.123.144.171)
[18:24:04] <plutobot> Wiki | Page changed: Settings services | User: yls8 | https://switchbrew.org/w/index.php?curid=110&diff=9760&oldid=9756
[18:49:46] <plutobot> Wiki | Page changed: Applet Manager services | User: Hexkyz | https://switchbrew.org/w/index.php?curid=132&diff=9761&oldid=9749
[18:50:57] <plutobot> Wiki | Page changed: Settings services | User: Hexkyz | https://switchbrew.org/w/index.php?curid=110&diff=9762&oldid=9760
[18:52:19] <plutobot> Wiki | Page changed: Settings services | User: Hexkyz | https://switchbrew.org/w/index.php?curid=110&diff=9763&oldid=9762
[21:14:22] *** Joins: hordak (hordak@cautio.us)
[21:18:33] *** Quits: mukunda (~mukunda@adsl-074-188-211-074.sip.asm.bellsouth.net) (Read error: Operation timed out)
[21:24:22] *** Joins: refs (~refs@p200300dd8716b00049710fa991c518f8.dip0.t-ipconnect.de)
[22:54:05] <plutobot> Wiki | Page changed: 10.1.0 | User: yls8 | https://switchbrew.org/w/index.php?curid=415&diff=9764&oldid=9757
[23:35:01] *** Joins: mukunda (~mukunda@adsl-074-188-211-074.sip.asm.bellsouth.net)
