[00:45:45] *** Quits: Tcm0 (~Tcm0@p4fde7239.dip0.t-ipconnect.de) (Leaving)
[02:20:39] *** Quits: refs (~refs@p200300dd8716b00049710fa991c518f8.dip0.t-ipconnect.de) (Quit: refs)
[03:04:46] *** phigan is now known as phigcloud
[05:07:29] *** Quits: fgsfds (~figgis@93.123.144.171) (Read error: Connection reset by peer)
[06:01:34] *** Quits: foghorn2 (~meh@2600:1700:8af0:a950:e590:7aff:d401:84e0) (Quit: Leaving)
[06:37:12] *** Quits: GerbilSof (~GerbilSof@pool-108-24-178-92.cmdnnj.fios.verizon.net) (Windows must now restart because the Remote Procedure Call (RPC) service terminated unexpectedly.)
[06:48:41] *** Joins: GerbilSof (~GerbilSof@pool-108-24-178-92.cmdnnj.fios.verizon.net)
[08:04:24] *** Quits: |Shadow| (~Shadow1@ip24-253-253-79.ok.ok.cox.net) ()
[08:16:14] *** Joins: |Shadow| (~Shadow1@ip24-253-253-79.ok.ok.cox.net)
[08:21:07] *** Quits: |Shadow| (~Shadow1@ip24-253-253-79.ok.ok.cox.net) ()
[08:21:40] *** Joins: |Shadow| (~Shadow1@ip24-253-253-79.ok.ok.cox.net)
[08:27:17] *** Joins: foghorn2 (~meh@2600:1700:8af0:a950:5d0c:cb7:e3f3:cafd)
[08:50:36] *** Quits: jn_ (~quassel@5.146.195.26) (Ping timeout: 745 seconds)
[09:47:34] *** Quits: mukunda (~mukunda@adsl-074-188-211-074.sip.asm.bellsouth.net) (Read error: Operation timed out)
[10:06:50] *** Joins: Tcm0 (~Tcm0@p4fde75da.dip0.t-ipconnect.de)
[15:01:55] *** Joins: mukunda (~mukunda@adsl-074-188-211-074.sip.asm.bellsouth.net)
[15:44:11] *** Joins: fgsfds (~figgis@93.123.144.171)
[16:50:34] *** Quits: mukunda (~mukunda@adsl-074-188-211-074.sip.asm.bellsouth.net) (Read error: Operation timed out)
[17:21:53] *** Quits: hexkyz (~hexkyz@ec2-18-179-123-169.ap-northeast-1.compute.amazonaws.com) (Quit: blargh!)
[17:25:11] *** Joins: hexkyz (~hexkyz@ec2-18-179-123-169.ap-northeast-1.compute.amazonaws.com)
[17:37:38] *** Quits: hexkyz (~hexkyz@ec2-18-179-123-169.ap-northeast-1.compute.amazonaws.com) (Remote host closed the connection)
[17:40:20] *** Joins: hexkyz (~hexkyz@ec2-18-179-123-169.ap-northeast-1.compute.amazonaws.com)
[17:42:04] *** Joins: mukunda (~mukunda@adsl-074-188-211-074.sip.asm.bellsouth.net)
[17:49:08] *** Joins: plutoo (~plutoo@139.59.44.183)
[17:53:11] *** Quits: hexkyz (~hexkyz@ec2-18-179-123-169.ap-northeast-1.compute.amazonaws.com) (Quit: blargh!)
[17:56:10] *** Joins: hexkyz (~hexkyz@ec2-18-179-123-169.ap-northeast-1.compute.amazonaws.com)
[18:23:11] *** Quits: hexkyz (~hexkyz@ec2-18-179-123-169.ap-northeast-1.compute.amazonaws.com) (Quit: blargh!)
[18:27:34] *** Joins: hexkyz (~hexkyz@ec2-18-179-123-169.ap-northeast-1.compute.amazonaws.com)
[18:44:54] *** Quits: hexkyz (~hexkyz@ec2-18-179-123-169.ap-northeast-1.compute.amazonaws.com) (Remote host closed the connection)
[18:47:16] *** Joins: hexkyz (~hexkyz@ec2-18-179-123-169.ap-northeast-1.compute.amazonaws.com)
[18:50:00] *** Quits: hexkyz (~hexkyz@ec2-18-179-123-169.ap-northeast-1.compute.amazonaws.com) (Client Quit)
[18:57:19] *** Joins: hexkyz (~hexkyz@ec2-18-179-123-169.ap-northeast-1.compute.amazonaws.com)
[19:15:12] *** Quits: lameboy (~lameboy@202-47-121-182.cust.dcsi.net.au) (Quit: bbl)
[19:45:35] *** Joins: lameboy (~lameboy@202-47-121-182.cust.dcsi.net.au)
[21:22:00] *** Joins: refs (~refs@p200300dd8716a700ecf478bb92620a57.dip0.t-ipconnect.de)
[22:04:22] *** Quits: mukunda (~mukunda@adsl-074-188-211-074.sip.asm.bellsouth.net) (Ping timeout: 496 seconds)
