[00:12:59] *** Joins: mukunda (~mukunda@adsl-074-188-211-074.sip.asm.bellsouth.net)
[00:50:58] *** Quits: ris2z (~2ri@158.174.119.23) (Ping timeout: 376 seconds)
[00:53:41] *** Quits: Tcm0 (~Tcm0@p4fde75da.dip0.t-ipconnect.de) (Leaving)
[01:06:11] *** Joins: ris2z (~2ri@158.174.119.23)
[02:20:41] *** Quits: refs (~refs@p200300dd8716a700ecf478bb92620a57.dip0.t-ipconnect.de) (Quit: refs)
[04:29:09] *** Quits: foghorn2 (~meh@2600:1700:8af0:a950:5d0c:cb7:e3f3:cafd) (Quit: Leaving)
[04:40:28] *** Joins: foghorn2 (~meh@2600:1700:8af0:a950:3d0f:720e:a751:8af1)
[05:02:23] <plutobot> Wiki | Page changed: Bluetooth Driver services | User: yls8 | https://switchbrew.org/w/index.php?curid=161&diff=9765&oldid=9735
[06:23:38] *** Quits: fgsfds (~figgis@93.123.144.171) (Read error: Connection reset by peer)
[08:09:31] <plutobot> Wiki | Page changed: Title list | User: Zachycatgames | https://switchbrew.org/w/index.php?curid=84&diff=9766&oldid=9689
[11:09:43] *** Quits: mukunda (~mukunda@adsl-074-188-211-074.sip.asm.bellsouth.net) (Read error: Operation timed out)
[15:38:18] *** Joins: fgsfds (~figgis@93.123.144.171)
[16:25:01] *** Joins: mukunda (~mukunda@adsl-074-188-211-074.sip.asm.bellsouth.net)
[17:51:47] *** Joins: Tcm0 (~Tcm0@p4fde773c.dip0.t-ipconnect.de)
[20:52:24] <plutobot> Wiki | Page changed: Bluetooth Driver services | User: yls8 | https://switchbrew.org/w/index.php?curid=161&diff=9767&oldid=9765
[21:06:11] *** Quits: lameboy (~lameboy@202-47-121-182.cust.dcsi.net.au) (Read error: Connection reset by peer)
[21:06:37] *** Joins: lameboy (~lameboy@202-47-121-182.cust.dcsi.net.au)
[21:30:26] *** Joins: refs (~refs@p200300dd871567000136d2a0ed1a77a5.dip0.t-ipconnect.de)
[21:41:23] <plutobot> Wiki | Page changed: Error codes | User: Cai miao | https://switchbrew.org/w/index.php?curid=82&diff=9768&oldid=9692
[22:51:27] *** Quits: averne_ (~averne@176-179-35-51.abo.bbox.fr) (quit)
[22:54:48] *** Joins: averne (~averne@176-179-35-51.abo.bbox.fr)
[22:54:48] *** Server sets mode: +stn 
[22:55:07] *** Quits: averne_ (~averne@176-179-35-51.abo.bbox.fr) (Read error: Operation timed out)
[23:43:08] *** Quits: mukunda (~mukunda@adsl-074-188-211-074.sip.asm.bellsouth.net) (Read error: Operation timed out)
