[00:31:17] *** Quits: Tcm0 (~Tcm0@p4fde773c.dip0.t-ipconnect.de) (Leaving)
[00:50:25] <plutobot> Wiki | Page changed: Bluetooth Driver services | User: yls8 | https://switchbrew.org/w/index.php?curid=161&diff=9769&oldid=9767
[01:28:02] <plutobot> Wiki | Page changed: Bluetooth Driver services | User: yls8 | https://switchbrew.org/w/index.php?curid=161&diff=9770&oldid=9769
[01:42:28] <plutobot> Wiki | Page changed: Bluetooth Driver services | User: yls8 | https://switchbrew.org/w/index.php?curid=161&diff=9771&oldid=9770
[01:58:12] *** Quits: Surkow (~Surkow@84-104-14-64.cable.dynamic.v4.ziggo.nl) (Ping timeout: 255 seconds)
[02:11:51] *** Joins: Surkow (~Surkow@84-104-14-64.cable.dynamic.v4.ziggo.nl)
[02:27:23] *** Joins: mukunda (~mukunda@adsl-074-188-211-074.sip.asm.bellsouth.net)
[02:33:48] *** Quits: refs (~refs@p200300dd871567000136d2a0ed1a77a5.dip0.t-ipconnect.de) (Quit: refs)
[03:12:53] <plutobot> Wiki | Page changed: Bluetooth Driver services | User: yls8 | https://switchbrew.org/w/index.php?curid=161&diff=9772&oldid=9771
[03:40:45] <plutobot> Wiki | Page changed: Bluetooth Driver services | User: yls8 | https://switchbrew.org/w/index.php?curid=161&diff=9773&oldid=9772
[03:42:27] <plutobot> Wiki | Page changed: Bluetooth Driver services | User: yls8 | https://switchbrew.org/w/index.php?curid=161&diff=9774&oldid=9773
[03:50:04] *** Quits: lameboy (~lameboy@202-47-121-182.cust.dcsi.net.au) (Read error: Operation timed out)
[03:57:17] <plutobot> Wiki | Page changed: Bluetooth Driver services | User: yls8 | https://switchbrew.org/w/index.php?curid=161&diff=9775&oldid=9774
[04:17:31] *** Joins: lameboy (~lameboy@202-47-121-182.cust.dcsi.net.au)
[04:18:16] *** Quits: fgsfds (~figgis@93.123.144.171) (Read error: Connection reset by peer)
[04:23:27] <plutobot> Wiki | Page changed: Bluetooth Driver services | User: yls8 | https://switchbrew.org/w/index.php?curid=161&diff=9776&oldid=9775
[04:24:00] *** Joins: Minus256 (uid346437@2001:67c:2f08:8::5:4945)
[05:03:06] *** Quits: foghorn2 (~meh@2600:1700:8af0:a950:3d0f:720e:a751:8af1) (Quit: Leaving)
[05:11:02] <plutobot> Wiki | Page changed: Bluetooth Driver services | User: yls8 | https://switchbrew.org/w/index.php?curid=161&diff=9777&oldid=9776
[05:15:03] *** Joins: foghorn2 (~meh@2600:1700:8af0:a950:20a8:bcd7:c7e4:5a6a)
[05:15:48] <plutobot> Wiki | Page changed: Bluetooth Driver services | User: yls8 | https://switchbrew.org/w/index.php?curid=161&diff=9778&oldid=9777
[05:38:59] *** Quits: foghorn2 (~meh@2600:1700:8af0:a950:20a8:bcd7:c7e4:5a6a) (Read error: Connection reset by peer)
[05:48:46] <plutobot> Wiki | Page changed: Bluetooth Driver services | User: yls8 | https://switchbrew.org/w/index.php?curid=161&diff=9779&oldid=9778
[08:48:14] <plutobot> Wiki | Page changed: Title list | User: Zachycatgames | https://switchbrew.org/w/index.php?curid=84&diff=9780&oldid=9766
[11:42:21] *** Quits: mukunda (~mukunda@adsl-074-188-211-074.sip.asm.bellsouth.net) (Read error: Operation timed out)
[13:30:44] *** Joins: karolherb (~kherbst@2a02:8308:b0be:6900:482c:9537:40:83ba)
[13:31:47] *** Joins: miigotu_ (~miigotu@custip-162-217-53-192.esvabroadband.net)
[13:33:08] *** Quits: miigotu (~miigotu@custip-162-217-53-192.esvabroadband.net) (Read error: Operation timed out)
[13:37:14] *** Joins: foghorn2 (~meh@2600:1700:8af0:a950:bcc3:7538:5c37:28de)
[15:47:19] *** Joins: fgsfds (~figgis@93.123.144.171)
[16:03:47] *** Joins: mukunda (~mukunda@adsl-074-188-211-074.sip.asm.bellsouth.net)
[16:28:26] *** Quits: ris2z (~2ri@158.174.119.23) (Ping timeout: 622 seconds)
[16:29:11] *** Joins: ris2z (~2ri@158.174.119.23)
[18:53:09] *** Quits: Minus256 (uid346437@2001:67c:2f08:8::5:4945) (Quit: Connection closed for inactivity)
[18:58:51] *** eggy is now known as eggster
[19:13:49] *** Joins: learjet60 (uid177643@2001:67c:2f08:4::2:b5eb)
[19:27:40] *** Quits: zombie343 (zombie343@pool-74-108-60-233.nycmny.fios.verizon.net) ()
[19:37:47] *** Joins: zombie343 (zombie343@pool-74-108-60-233.nycmny.fios.verizon.net)
[19:44:17] *** Quits: Surkow (~Surkow@84-104-14-64.cable.dynamic.v4.ziggo.nl) (Ping timeout: 255 seconds)
[19:48:35] *** Joins: Surkow (~Surkow@84-104-14-64.cable.dynamic.v4.ziggo.nl)
[19:52:21] *** Quits: oldtopman (~oldtopman@75-166-193-175.hlrn.qwest.net) (Ping timeout: 255 seconds)
[19:54:28] *** Joins: oldtopman (~oldtopman@75-166-193-175.hlrn.qwest.net)
[19:56:52] *** Quits: Surkow (~Surkow@84-104-14-64.cable.dynamic.v4.ziggo.nl) (Ping timeout: 255 seconds)
[20:08:57] <plutobot> Wiki | Page changed: Bluetooth Driver services | User: yls8 | https://switchbrew.org/w/index.php?curid=161&diff=9781&oldid=9779
[20:10:29] <plutobot> Wiki | Page changed: Bluetooth Driver services | User: yls8 | https://switchbrew.org/w/index.php?curid=161&diff=9782&oldid=9781
[20:14:41] *** Joins: Surkow (~Surkow@84-104-14-64.cable.dynamic.v4.ziggo.nl)
[20:18:34] *** Quits: karolherb (~kherbst@2a02:8308:b0be:6900:482c:9537:40:83ba) (Remote host closed the connection)
[20:19:21] *** Joins: karolherb (~kherbst@2a02:8308:b0be:6900:482c:9537:40:83ba)
[21:23:41] *** Quits: learjet60 (uid177643@2001:67c:2f08:4::2:b5eb) (Quit: Connection closed for inactivity)
[22:51:30] *** Quits: nohit (~sid334887@id-334887.ealing.irccloud.com) ()
[22:51:40] *** Joins: nohit (sid334887@id-334887.hathersage.irccloud.com)
[23:31:29] *** Quits: mukunda (~mukunda@adsl-074-188-211-074.sip.asm.bellsouth.net) (Read error: Operation timed out)
[23:38:59] *** Joins: ris2z_ (~2ri@158.174.119.23)
[23:47:59] *** Joins: mukunda (~mukunda@adsl-074-188-211-074.sip.asm.bellsouth.net)
[23:48:16] *** Quits: ris2z (~2ri@158.174.119.23) (Ping timeout: 745 seconds)
