[00:16:35] <plutobot> Wiki | Page changed: Settings services | User: yls8 | https://switchbrew.org/w/index.php?curid=110&diff=9783&oldid=9763
[00:56:30] *** Quits: Kyouju (~Kyouju@ks3311808.kimsufi.com) (Quit: ZNC 1.7.4+deb0+bionic0 - https://znc.in)
[00:58:33] *** Joins: Kyouju (~Kyouju@ks3311808.kimsufi.com)
[02:57:04] <plutobot> Wiki | Page changed: BCT | User: Liam | https://switchbrew.org/w/index.php?curid=203&diff=9784&oldid=9614
[03:18:40] <plutobot> Wiki | Page changed: CNMT | User: Liam | https://switchbrew.org/w/index.php?curid=134&diff=9785&oldid=9677
[04:33:09] *** Quits: mukunda (~mukunda@adsl-074-188-211-074.sip.asm.bellsouth.net) (Read error: Operation timed out)
[06:39:12] *** Quits: fgsfds (~figgis@93.123.144.171) (Read error: Connection reset by peer)
[07:48:11] *** Joins: mukunda (~mukunda@adsl-074-188-211-074.sip.asm.bellsouth.net)
[15:59:07] *** Quits: Surkow (~Surkow@84-104-14-64.cable.dynamic.v4.ziggo.nl) (Quit: Bye bye - Laptop goes to sleep - NOP NOP NOP)
[15:59:29] *** Joins: Surkow (~Surkow@84-104-14-64.cable.dynamic.v4.ziggo.nl)
[17:11:40] *** Quits: oldtopman (~oldtopman@75-166-193-175.hlrn.qwest.net) (hub.efnet.us irc.Prison.NET)
[17:29:09] *** Joins: oldtopman (~oldtopman@75-166-193-175.hlrn.qwest.net)
[19:39:32] *** Joins: fgsfds (~figgis@93.123.144.171)
[20:54:48] *** Quits: refsw (~refsw@80.150.130.51) (Read error: Operation timed out)
[20:56:34] *** Joins: refsw (~refsw@80.150.130.51)
[20:58:26] *** Quits: d3m3vilur (sid4654@id-4654.charlton.irccloud.com) (Read error: Operation timed out)
[21:01:27] *** Quits: averne (~averne@176-179-35-51.abo.bbox.fr) (quit)
[21:02:45] *** Joins: averne (~averne@176-179-35-51.abo.bbox.fr)
[21:02:45] *** Server sets mode: +stn 
[21:05:46] *** Quits: averne (~averne@176-179-35-51.abo.bbox.fr) (quit)
[21:07:38] *** Joins: averne_ (~averne@176-179-35-51.abo.bbox.fr)
[21:07:38] *** Server sets mode: +stn 
[21:07:45] *** Quits: averne (~averne@176-179-35-51.abo.bbox.fr) (Ping timeout: 272 seconds)
[21:10:25] *** Joins: GerbilSof (~GerbilSof@pool-108-24-178-92.cmdnnj.fios.verizon.net)
[21:11:50] *** Joins: lex1 (lex@yuuh.pw)
[21:12:26] *** Quits: Snetry (~sentry@ipservice-092-209-131-136.092.209.pools.vodafone-ip.de) (Ping timeout: 857 seconds)
[21:12:29] *** Quits: lex (lex@yuuh.pw) (Read error: Connection reset by peer)
[21:12:40] *** Joins: Snetry (~sentry@ipservice-092-209-131-136.092.209.pools.vodafone-ip.de)
[21:15:03] *** Joins: d3m3vilur (sid4654@charlton.irccloud.com)
[21:16:12] *** Joins: blasty (~blasty@haxx.in)
[23:53:27] <plutobot> Wiki | Page changed: 10.1.0 | User: yls8 | https://switchbrew.org/w/index.php?curid=415&diff=9786&oldid=9764
