[01:42:02] *** Joins: lameboy2 (~lameboy@202-47-121-182.cust.dcsi.net.au)
[01:46:17] *** Quits: lameboy (~lameboy@202-47-121-182.cust.dcsi.net.au) (Ping timeout: 265 seconds)
[01:46:18] *** lameboy2 is now known as lameboy
[02:00:11] *** Quits: b0nez (~b0nez@162.248.221.94) (Read error: Operation timed out)
[02:00:15] *** Joins: b0nez (b0nez@162.248.221.94)
[02:00:25] *** Quits: miigotu_ (~miigotu@custip-162-217-53-192.esvabroadband.net) (Read error: Operation timed out)
[02:00:35] *** Quits: flotwig (~flotwig@136.55.47.176) (Read error: Operation timed out)
[02:00:59] *** Joins: miigotu (~miigotu@custip-162-217-53-192.esvabroadband.net)
[02:01:47] *** Joins: capin2 (~capin@209.182.233.136)
[02:01:47] *** Quits: capin1 (~capin@209.182.233.136) (Read error: Connection reset by peer)
[02:02:56] *** Quits: tpw_rules (~tpw_rules@li1059-135.members.linode.com) (Read error: Operation timed out)
[02:03:14] *** Joins: tpw_rules (~tpw_rules@li1059-135.members.linode.com)
[02:03:31] *** Quits: Cu3PO42 (~Cu3PO42@159.69.208.45) (Read error: Operation timed out)
[02:03:35] *** Joins: Cu3PO42 (~Cu3PO42@159.69.208.45)
[02:03:45] *** Quits: usineur (~matthieu@ferb.fr) (Read error: Operation timed out)
[02:03:47] *** Joins: usineur (~matthieu@ferb.fr)
[02:04:12] *** Quits: DeusQain (~DeusQain@mx.qainsworld.com) (Read error: Operation timed out)
[02:04:15] *** Joins: DeusQain (quasselcor@mx.qainsworld.com)
[02:05:03] *** Joins: CCFL_Man_ (8bc94131fe@c-73-64-119-64.hsd1.pa.comcast.net)
[02:05:07] *** Quits: ZeZu (~null@140-211-168-73-openstack.osuosl.org) (Read error: Operation timed out)
[02:06:41] *** Joins: irc (~irc@138.68.239.197)
[02:08:38] *** Quits: CCFL_Man (~closet@c-73-64-119-64.hsd1.pa.comcast.net) (Ping timeout: 496 seconds)
[02:08:58] *** Quits: eggster (~eggster@irchighway.eggy.cc) (Read error: Operation timed out)
[02:09:10] *** Quits: gruetzko- (~gruetzkop@bnc.dont-follow.us) (Ping timeout: 496 seconds)
[02:09:12] *** Joins: eggster (~eggster@irchighway.eggy.cc)
[02:09:13] *** Joins: gruetzkop (gruetzkopf@bnc.dont-follow.us)
[02:11:10] *** Quits: AlexAltea (~alexaltea@phi.nz) (Read error: Operation timed out)
[02:12:22] *** Quits: irc4 (~irc@138.68.239.197) (Ping timeout: 496 seconds)
[02:12:56] *** Joins: ihaveama- (~ihaveamac@ianburgwin.net)
[02:13:16] *** Quits: GrecKo (~grecko@static.9.103.4.46.clients.your-server.de) (Read error: Operation timed out)
[02:13:38] *** Joins: AlexAltea (~alexaltea@phi.nz)
[02:13:58] *** Quits: ihaveamac (~ihaveamac@ianburgwin.net) (Ping timeout: 496 seconds)
[02:34:17] *** Joins: GrecKo (~grecko@static.9.103.4.46.clients.your-server.de)
[03:15:35] *** Quits: averne_ (~averne@176-179-35-51.abo.bbox.fr) (quit)
[03:16:22] *** Joins: averne (~averne@176-179-35-51.abo.bbox.fr)
[03:16:22] *** Server sets mode: +stn 
[03:20:03] *** Quits: fgsfds (~figgis@93.123.144.171) (Read error: Connection reset by peer)
[03:39:10] *** CCFL_Man_ is now known as CCFL_Man
[04:42:23] <plutobot> Wiki | Page changed: Bluetooth Driver services | User: yls8 | https://switchbrew.org/w/index.php?curid=161&diff=9787&oldid=9782
[06:55:14] *** Quits: blasty (~blasty@haxx.in) (Read error: Operation timed out)
[06:59:51] *** Quits: d3m3vilur (sid4654@charlton.irccloud.com) (Read error: Operation timed out)
[07:01:01] *** Joins: Sentry- (~sentry@ipservice-092-209-131-136.092.209.pools.vodafone-ip.de)
[07:03:30] *** Quits: Snetry (~sentry@ipservice-092-209-131-136.092.209.pools.vodafone-ip.de) (Read error: Connection reset by peer)
[07:06:15] *** Joins: d3m3vilur (~sid4654@id-4654.charlton.irccloud.com)
[07:14:27] *** Joins: blasty (~blasty@haxx.in)
[07:21:30] *** Quits: blasty (~blasty@haxx.in) (Remote host closed the connection)
[07:24:28] *** Joins: Snetry (~sentry@ipservice-092-209-131-136.092.209.pools.vodafone-ip.de)
[07:24:53] *** Quits: Sentry- (~sentry@ipservice-092-209-131-136.092.209.pools.vodafone-ip.de) (Read error: Operation timed out)
[07:28:46] *** Joins: blasty (~blasty@haxx.in)
[10:27:51] *** Quits: mukunda (~mukunda@adsl-074-188-211-074.sip.asm.bellsouth.net) (Ping timeout: 745 seconds)
[10:41:51] *** ris2z_ is now known as ris2z
[13:42:47] *** Joins: mukunda (~mukunda@adsl-074-188-211-074.sip.asm.bellsouth.net)
[13:47:55] *** Joins: refs (~refs@p200300dd873b25006d259d6f2bdec580.dip0.t-ipconnect.de)
[15:15:41] *** Quits: foghorn2 (~meh@2600:1700:8af0:a950:bcc3:7538:5c37:28de) (Quit: Leaving)
[17:11:25] *** Joins: fgsfds (~figgis@93.123.144.171)
[17:58:47] *** Quits: nullstrin (~nullstrin@cermak.nullstring.io) (Read error: Operation timed out)
[18:02:35] *** Joins: nullstrin (~nullstrin@cermak.nullstring.io)
[20:20:34] *** Joins: Tcm0 (~Tcm0@p4fde7e9a.dip0.t-ipconnect.de)
[21:44:03] *** Joins: foghorn2 (~meh@2600:1700:8af0:a950:68d0:25dd:7b81:3f56)
[23:57:29] *** Quits: Tcm0 (~Tcm0@p4fde7e9a.dip0.t-ipconnect.de) (Leaving)
