[00:12:12] *** Quits phigcloud (Read error: Connection reset by peer)
[00:18:29] *** Joins phigcloud
[02:06:35] *** Quits awordnot (Read error: Connection reset by peer)
[02:07:26] *** Joins awordnot
[02:15:16] *** Quits rjeli___ (Read error: Connection reset by peer)
[02:15:16] *** Quits SCV_ (Read error: Connection reset by peer)
[02:43:41] *** Quits fgsfds (Read error: Connection reset by peer)
[02:48:24] *** Quits refs (Quit: refs)
[03:06:23] *** Joins SCV_
[03:06:26] *** Quits SCV_ (Read error: Connection reset by peer)
[03:09:20] *** Quits ris2z (Ping timeout: 272 seconds)
[03:11:25] *** Joins ris2z
[03:13:14] *** Joins SCV_
[03:15:48] *** Quits SCV_ (Read error: Connection reset by peer)
[03:36:05] *** Joins SCV_
[04:17:39] *** Joins rjeli___
[04:17:41] *** Quits rjeli___ (Read error: Connection reset by peer)
[04:17:41] *** Quits SCV_ (Read error: Connection reset by peer)
[04:30:31] *** Joins rjeli___
[04:51:05] *** Joins SCV_
[04:52:01] *** Quits rjeli___ (Ping timeout: 1230 seconds)
[04:57:29] *** Joins rjeli___
[05:11:16] *** Quits ihaveama- (Quit: fail)
[05:11:51] *** Joins ihaveamac
[05:18:14] *** Quits SCV_ (Read error: Connection reset by peer)
[05:29:21] *** Quits rjeli___ (Ping timeout: 1230 seconds)
[05:30:19] *** Joins rjeli___
[05:37:54] *** Joins SCV_
[05:38:08] *** Quits SCV_ (Read error: Connection reset by peer)
[05:49:00] *** Quits rjeli___ (Read error: Connection reset by peer)
[05:54:47] *** Joins SCV_
[05:55:06] *** Joins rjeli___
[06:02:43] *** Quits ris2z (Ping timeout: 246 seconds)
[06:12:18] *** Joins ris2z
[06:18:57] *** Quits rjeli___ (Read error: Connection reset by peer)
[06:18:57] *** Quits SCV_ (Read error: Connection reset by peer)
[06:38:27] *** Joins SCV_
[06:49:11] *** Quits SCV_ (Read error: Connection reset by peer)
[06:55:10] *** Joins SCV_
[06:59:03] *** Quits SCV_ (Read error: Connection reset by peer)
[07:05:25] *** Joins SCV_
[07:10:37] *** Joins rjeli___
[07:10:44] *** Quits rjeli___ (Read error: Connection reset by peer)
[07:10:44] *** Quits SCV_ (Read error: Connection reset by peer)
[07:25:30] *** Quits mukunda (Read error: Operation timed out)
[07:27:32] *** Joins rjeli___
[07:31:27] *** Joins SCV_
[07:56:27] *** Quits usineur (ny.us.hub irc.colosolutions.net)
[07:56:27] *** Quits Cu3PO42 (ny.us.hub irc.colosolutions.net)
[07:56:27] *** Quits capin2 (ny.us.hub irc.colosolutions.net)
[07:56:27] *** Quits miigotu (ny.us.hub irc.colosolutions.net)
[07:56:27] *** Quits Behemoth_ (ny.us.hub irc.colosolutions.net)
[07:56:27] *** Quits ds84182 (ny.us.hub irc.colosolutions.net)
[07:56:27] *** Quits fincs (ny.us.hub irc.colosolutions.net)
[07:56:27] *** Quits datagutt (ny.us.hub irc.colosolutions.net)
[07:56:27] *** Quits mtheall (ny.us.hub irc.colosolutions.net)
[07:56:27] *** Quits TurtleP (ny.us.hub irc.colosolutions.net)
[07:56:27] *** Quits WntrMute (ny.us.hub irc.colosolutions.net)
[07:56:33] *** Quits SCV_ (Read error: Connection reset by peer)
[07:56:33] *** Quits rjeli___ (Read error: Connection reset by peer)
[07:58:05] *** Joins usineur
[07:58:05] *** Joins Cu3PO42
[07:58:05] *** Joins capin2
[07:58:05] *** Joins miigotu
[07:58:05] *** Joins Behemoth_
[07:58:05] *** Joins ds84182
[07:58:05] *** Joins fincs
[07:58:05] *** Joins datagutt
[07:58:05] *** Joins mtheall
[07:58:05] *** Joins TurtleP
[07:58:05] *** Joins WntrMute
[08:15:00] <plutobot> Wiki | Page changed: Bluetooth Driver services | User: yls8 | https://switchbrew.org/w/index.php?curid=161&diff=9795&oldid=9787
[08:31:39] <plutobot> Wiki | Page changed: Bluetooth Driver services | User: yls8 | https://switchbrew.org/w/index.php?curid=161&diff=9796&oldid=9795
[09:35:42] *** Joins miigotu_
[09:36:13] *** Quits miigotu (Read error: Operation timed out)
[09:57:59] *** Quits ihaveamac (Quit: fail)
[09:58:38] *** Joins ihaveamac
[09:59:51] *** Joins SCV_
[10:01:45] *** Quits SCV_ (Read error: Connection reset by peer)
[10:06:24] *** Joins SCV_
[10:06:57] *** Joins Summeli
[10:19:20] *** Joins dibas_
[10:19:20] *** Quits dibas (Read error: Connection reset by peer)
[10:19:24] *** dibas_ is now known as dibas
[10:25:32] *** Joins rjeli___
[11:28:52] *** Quits ihaveamac (Quit: fail)
[11:29:26] *** Joins ihaveamac
[12:29:54] *** Quits GerbilSof (Ping timeout: 610 seconds)
[12:42:35] *** Joins GerbilSof
[12:59:16] *** Joins mukunda
[13:52:28] *** Joins fgsfds
[14:39:45] *** Joins Genolol
[14:41:11] *** Quits Genolo (Ping timeout: 745 seconds)
[14:41:11] *** Genolol is now known as Genolo
[15:36:17] *** Quits GerbilSof (Quit: Windows must now restart because the Remote Procedure Call (RPC) service terminated unexpectedly.)
[15:36:33] *** Joins GerbilSof
[15:47:09] *** Quits mukunda ()
[15:52:44] *** Joins mukunda
[16:31:48] <plutobot> Wiki | Page changed: Bluetooth Driver services | User: yls8 | https://switchbrew.org/w/index.php?curid=161&diff=9797&oldid=9796
[17:28:05] *** Quits ris2z (Ping timeout: 492 seconds)
[17:29:48] *** Joins ris2z
[19:21:48] <plutobot> Wiki | Page changed: NPNS services | User: Behemoth | https://switchbrew.org/w/index.php?curid=327&diff=9798&oldid=9794
[19:22:19] <plutobot> Wiki | Page changed: NPNS services | User: Behemoth | https://switchbrew.org/w/index.php?curid=327&diff=9799&oldid=9798
[19:23:20] <plutobot> Wiki | Page changed: NPNS services | User: Behemoth | https://switchbrew.org/w/index.php?curid=327&diff=9800&oldid=9799
[19:34:53] <plutobot> Wiki | Page changed: NPNS services | User: Behemoth | https://switchbrew.org/w/index.php?curid=327&diff=9801&oldid=9800
[21:05:50] <plutobot> Wiki | Page changed: Bluetooth Driver services | User: yls8 | https://switchbrew.org/w/index.php?curid=161&diff=9802&oldid=9797
[21:16:35] *** Joins refs
[21:36:24] *** Quits oldtopman (Ping timeout: 272 seconds)
[21:36:37] *** Joins oldtopman
[21:45:07] *** Quits giglife (Read error: Operation timed out)
[22:51:17] *** Joins oreo639
[23:51:54] *** Joins Mimoja2
[23:51:54] *** Quits Mimoja (Read error: Connection reset by peer)
[23:51:54] *** Mimoja2 is now known as Mimoja
[23:55:03] <plutobot> Wiki | Page changed: Bluetooth Driver services | User: yls8 | https://switchbrew.org/w/index.php?curid=161&diff=9803&oldid=9802
