[01:27:15] *** Quits karolherb (Quit: Konversation terminated!)
[01:31:19] *** Joins karolherb
[02:20:42] *** Quits refs (Quit: refs)
[03:46:01] *** Quits ris2z (Ping timeout: 745 seconds)
[03:47:18] *** Joins ris2z
[03:51:31] *** Quits fgsfds (Read error: Connection reset by peer)
[04:44:17] *** Joins miigotu
[04:44:43] *** Quits miigotu_ (Read error: Operation timed out)
[05:35:58] *** Quits mukunda (Read error: Operation timed out)
[07:49:09] <plutobot> Wiki | Page changed: Bluetooth Driver services | User: yls8 | https://switchbrew.org/w/index.php?curid=161&diff=9806&oldid=9803
[09:31:13] *** Joins mukunda
[10:31:24] *** Quits CCFL_Man (Ping timeout: 265 seconds)
[10:32:52] *** Joins CCFL_Man
[10:41:21] *** Joins CCFL_Man_
[10:43:50] *** Quits CCFL_Man (Read error: Operation timed out)
[11:18:08] *** Quits mukunda (Read error: Operation timed out)
[12:56:43] *** Joins lameboy2
[13:03:35] *** Quits lameboy (Read error: Operation timed out)
[13:03:39] *** lameboy2 is now known as lameboy
[13:15:28] *** Joins miigotu_
[13:21:13] *** Quits miigotu (Read error: Operation timed out)
[13:31:18] *** Joins mukunda
[15:03:30] *** Quits karolherb (Ping timeout: 272 seconds)
[15:26:12] *** Joins fgsfds
[18:04:22] *** mid-kid1 is now known as mid-kid
[19:00:32] *** Joins derk0pf
[19:07:59] *** Quits plutobot (Ping timeout: 272 seconds)
[19:07:59] *** Quits m4ts (Ping timeout: 272 seconds)
[19:08:08] *** Joins ris2z_
[19:08:37] *** Quits Mimoja (Ping timeout: 272 seconds)
[19:08:37] *** Quits DacoTaco (Ping timeout: 272 seconds)
[19:09:14] *** Quits ris2z (Ping timeout: 272 seconds)
[19:09:15] *** Quits madk (Ping timeout: 272 seconds)
[20:17:14] *** Joins m4ts
[20:17:42] *** Joins plutobot
[20:17:54] *** Joins Mimoja
[20:18:00] *** Joins DacoTaco
[20:20:31] *** Joins madk
[20:21:33] *** Quits derk0pf (Ping timeout: 265 seconds)
[22:30:57] *** Joins changO-
[23:05:03] *** CCFL_Man_ is now known as CCFL_Man
[23:19:24] *** Quits madk (Ping timeout: 272 seconds)
[23:19:25] *** Quits DacoTaco (Ping timeout: 272 seconds)
[23:19:25] *** Quits m4ts (Ping timeout: 272 seconds)
[23:20:03] *** Quits Mimoja (Ping timeout: 272 seconds)
[23:20:03] *** Quits plutobot (Ping timeout: 272 seconds)
