[00:01:20] *** Joins karolherb
[00:07:22] *** Quits karolherb (Quit: Konversation terminated!)
[00:08:58] *** Joins karolherb
[00:15:01] *** Quits Phils3r (Quit: ZNC - https://znc.in)
[00:15:08] *** Joins Phils3r
[03:36:36] *** Quits dibas (Ping timeout: 745 seconds)
[04:00:03] *** Quits refs (Quit: refs)
[04:21:37] *** Joins dibas
[05:44:06] *** Quits mukunda (Read error: Operation timed out)
[05:48:03] *** Quits fgsfds (Read error: Connection reset by peer)
[05:51:47] *** Joins foghorn3
[05:58:15] *** Quits foghorn2 (Read error: Operation timed out)
[06:18:35] *** Joins lameboy2
[06:18:53] *** Quits lameboy (Read error: Operation timed out)
[06:18:58] *** lameboy2 is now known as lameboy
[06:45:32] *** Quits Lightswor (Read error: Operation timed out)
[06:46:09] *** Quits changO- (Read error: Operation timed out)
[06:46:52] *** Quits yls8bot (Read error: Operation timed out)
[06:50:47] *** Quits yellows8 (Read error: Operation timed out)
[06:50:55] *** Quits Aaerox (Read error: Operation timed out)
[07:01:05] *** Joins Aaerox
[07:01:22] *** Joins Lightswor
[07:01:38] *** Joins yls8bot
[07:05:11] *** Joins yellows8
[10:34:44] *** Quits ris2z (Ping timeout: 260 seconds)
[10:42:58] *** Joins ris2z
[11:02:13] *** Joins mukunda
[13:40:15] *** Joins refs
[15:46:38] *** Joins fgsfds
[18:10:12] *** Quits fgsfds (Read error: Connection reset by peer)
[18:57:36] *** Quits karolherb (Quit: Konversation terminated!)
[19:07:33] *** Joins karolherb
[19:26:12] *** Joins fgsfds
[19:51:44] *** Quits fgsfds (Read error: Connection reset by peer)
[19:52:14] *** Joins fgsfds
[21:46:27] *** Quits foghorn3 (Read error: Connection reset by peer)
[21:46:45] *** Joins foghorn3
[22:04:45] *** Quits foghorn3 (Ping timeout: 610 seconds)
[22:08:37] *** Quits mukunda (Read error: Operation timed out)
[22:10:16] *** Quits eggster (Got Milk? Don't ask.)
[22:22:05] *** Joins foghorn2
[23:43:44] *** Joins eggster
[23:57:33] *** Joins mukunda
