[00:26:29] *** Quits: karolherb (~kherbst@2a02:8308:b0be:6900:482c:9537:40:83ba) (Quit: Konversation terminated!)
[00:35:22] *** Joins: karolherb (~kherbst@2a02:8308:b0be:6900:482c:9537:40:83ba)
[00:53:38] *** Quits: leo60228 (~leo60228@098-121-248-025.res.spectrum.com) (Quit: Lost terminal)
[01:00:01] *** Quits: Stary (~Stary@thonk.9net.org) (Quit: ZNC - http://znc.in)
[01:07:54] *** Joins: Stary (~Stary@thonk.9net.org)
[02:08:03] *** Joins: changO- (~Changolan@ip72-194-70-236.oc.oc.cox.net)
[02:08:39] <plutobot> Wiki | Page changed: Bluetooth Driver services | User: yls8 | https://switchbrew.org/w/index.php?curid=161&diff=9812&oldid=9811
[02:15:47] <plutobot> Wiki | Page changed: Bluetooth Driver services | User: yls8 | https://switchbrew.org/w/index.php?curid=161&diff=9813&oldid=9812
[02:37:31] *** Quits: fgsfds (~figgis@93.123.144.171) (Read error: Connection reset by peer)
[03:26:56] *** Quits: changO- (~Changolan@ip72-194-70-236.oc.oc.cox.net) (Ping timeout: 745 seconds)
[04:47:53] *** Quits: refs (~refs@p200300dd873af900e0e51370d9edf353.dip0.t-ipconnect.de) (Quit: refs)
[05:50:47] *** Quits: mukunda (~mukunda@adsl-074-188-211-074.sip.asm.bellsouth.net) (Ping timeout: 610 seconds)
[07:33:26] *** Joins: changO- (~Changolan@ip72-194-70-236.oc.oc.cox.net)
[07:33:46] *** Joins: changoXPR (~Changolan@ip72-194-70-236.oc.oc.cox.net)
[08:35:52] *** Quits: changoXPR (~Changolan@ip72-194-70-236.oc.oc.cox.net) (Read error: Connection reset by peer)
[08:36:36] *** Joins: changoXPR (~Changolan@ip72-194-70-236.oc.oc.cox.net)
[08:36:36] *** Quits: DoozerBot (~DoozerBot@89.7.232.35.bc.googleusercontent.com) (Read error: Connection reset by peer)
[08:36:49] *** Joins: DoozerBot (~DoozerBot@89.7.232.35.bc.googleusercontent.com)
[08:49:31] *** Quits: DoozerBot (~DoozerBot@89.7.232.35.bc.googleusercontent.com) (Ping timeout: 745 seconds)
[08:50:08] *** Joins: DoozerBot (~DoozerBot@89.7.232.35.bc.googleusercontent.com)
[09:43:38] *** Quits: m4ts (~mats@ti0030a400-4887.bb.online.no) (Ping timeout: 272 seconds)
[10:08:59] *** Joins: mukunda (~mukunda@adsl-074-188-211-074.sip.asm.bellsouth.net)
[10:09:20] *** Joins: m4ts (~mats@ti0030a400-6415.bb.online.no)
[16:23:28] *** Joins: fgsfds (~figgis@93.123.144.171)
[21:33:51] *** Joins: refs (~refs@p200300dd870d370039ce1daae0ea733e.dip0.t-ipconnect.de)
[22:04:32] *** Quits: |Shadow| (~Shadow1@ip24-253-253-79.ok.ok.cox.net) (Read error: Operation timed out)
[22:11:34] <plutobot> Wiki | Page changed: PSC services | User: yls8 | https://switchbrew.org/w/index.php?curid=271&diff=9814&oldid=9202
[23:43:41] <plutobot> Wiki | Page changed: Bluetooth Driver services | User: yls8 | https://switchbrew.org/w/index.php?curid=161&diff=9815&oldid=9813
[23:52:10] *** Joins: |Shadow| (~Shadow1@ip68-12-213-93.ok.ok.cox.net)
