[00:06:46] *** Quits: eggster (~eggster@irchighway.eggy.cc) (Read error: Operation timed out)
[00:07:42] *** Joins: eggster (~eggster@irchighway.eggy.cc)
[00:27:15] *** Joins: Snetry (~sentry@dslb-178-001-119-136.178.001.pools.vodafone-ip.de)
[00:28:35] *** Quits: Sentry (~sentry@ipservice-092-209-131-136.092.209.pools.vodafone-ip.de) (Read error: Operation timed out)
[00:28:35] *** Snetry is now known as Sentry
[00:44:47] *** Quits: changO- (~Changolan@ip72-194-70-236.oc.oc.cox.net) (Quit: http://www.twitter.com/changoland/)
[00:44:47] *** changoXPR is now known as changO-
[01:06:15] *** Quits: |Shadow| (~Shadow1@ip68-12-213-93.ok.ok.cox.net) ()
[01:06:43] *** Joins: |Shadow| (~Shadow1@ip68-12-213-93.ok.ok.cox.net)
[01:11:18] *** Quits: |Shadow| (~Shadow1@ip68-12-213-93.ok.ok.cox.net) (Client Quit)
[01:11:44] *** Joins: |Shadow| (~Shadow1@ip68-12-213-93.ok.ok.cox.net)
[01:20:58] *** Quits: DacoTaco (~DacoTaco@178-119-112-131.access.telenet.be) (Ping timeout: 272 seconds)
[01:22:00] *** Joins: DacoTaco (~DacoTaco@178-119-112-131.access.telenet.be)
[01:50:03] *** Quits: miigotu_ (~miigotu@custip-162-217-53-192.esvabroadband.net) (Read error: Operation timed out)
[02:17:27] *** Quits: refs (~refs@p200300dd870d370039ce1daae0ea733e.dip0.t-ipconnect.de) (Quit: refs)
[03:14:07] *** Joins: miigotu (~miigotu@custip-162-217-53-192.esvabroadband.net)
[04:27:08] *** Quits: nullstrin (~nullstrin@cermak.nullstring.io) (Read error: Operation timed out)
[04:30:53] *** Joins: nullstrin (~nullstrin@cermak.nullstring.io)
[05:25:24] *** Quits: mukunda (~mukunda@adsl-074-188-211-074.sip.asm.bellsouth.net) (Read error: Operation timed out)
[05:44:48] *** Quits: fgsfds (~figgis@93.123.144.171) (Read error: Connection reset by peer)
[06:40:31] *** Joins: miigotu_ (~miigotu@custip-162-217-53-192.esvabroadband.net)
[06:41:51] *** Quits: miigotu (~miigotu@custip-162-217-53-192.esvabroadband.net) (Read error: Operation timed out)
[08:29:29] *** Joins: Snetry (~sentry@dslb-178-001-207-025.178.001.pools.vodafone-ip.de)
[08:30:48] *** Quits: Sentry (~sentry@dslb-178-001-119-136.178.001.pools.vodafone-ip.de) (Read error: Operation timed out)
[08:30:48] *** Quits: Snetry (~sentry@dslb-178-001-207-025.178.001.pools.vodafone-ip.de) (Killed (se.hub (Nick change collision)))
[08:31:25] *** Joins: Snetry (~sentry@dslb-178-001-207-025.178.001.pools.vodafone-ip.de)
[08:59:35] *** Quits: Snetry (~sentry@dslb-178-001-207-025.178.001.pools.vodafone-ip.de) (Read error: Operation timed out)
[09:07:02] *** Quits: lameboy (~lameboy@202-47-121-182.cust.dcsi.net.au) (hub.efnet.us irc.Prison.NET)
[09:07:03] *** Quits: oldtopman (~oldtopman@70-59-21-115.hlrn.qwest.net) (hub.efnet.us irc.Prison.NET)
[09:07:03] *** Quits: Surkow (~Surkow@84-104-14-64.cable.dynamic.v4.ziggo.nl) (hub.efnet.us irc.Prison.NET)
[09:07:03] *** Quits: irc (~irc@138.68.239.197) (hub.efnet.us irc.Prison.NET)
[09:07:59] *** Joins: irc1 (~irc@138.68.239.197)
[09:09:08] *** Joins: Snetry (~sentry@dslb-188-101-114-141.188.101.pools.vodafone-ip.de)
[09:10:06] *** Joins: lameboy (~lameboy@202-47-121-182.cust.dcsi.net.au)
[09:10:06] *** Joins: oldtopman (~oldtopman@70-59-21-115.hlrn.qwest.net)
[09:10:06] *** Joins: Surkow (~Surkow@84-104-14-64.cable.dynamic.v4.ziggo.nl)
[09:21:05] *** Joins: Sentry- (~sentry@dslb-188-109-211-078.188.109.pools.vodafone-ip.de)
[09:22:24] *** Quits: Snetry (~sentry@dslb-188-101-114-141.188.101.pools.vodafone-ip.de) (Read error: Operation timed out)
[09:27:18] *** Quits: ris2z (~2ri@158.174.119.23) (Ping timeout: 376 seconds)
[09:34:09] *** Quits: |Shadow| (~Shadow1@ip68-12-213-93.ok.ok.cox.net) (Read error: Operation timed out)
[09:34:35] *** Joins: Snetry (~sentry@ipservice-092-209-110-018.092.209.pools.vodafone-ip.de)
[09:35:50] *** Quits: Sentry- (~sentry@dslb-188-109-211-078.188.109.pools.vodafone-ip.de) (Read error: Connection refused)
[09:36:55] *** Joins: ris2z (~2ri@158.174.119.23)
[09:36:57] *** Joins: |Shadow| (~Shadow1@ip68-12-213-93.ok.ok.cox.net)
[09:44:14] *** Joins: mukunda (~mukunda@adsl-074-188-211-074.sip.asm.bellsouth.net)
[14:39:40] *** Joins: foghorn3 (~meh@2600:1700:8af0:a950:b9ae:2dbd:efda:7068)
[14:46:00] *** Quits: foghorn2 (~meh@2600:1700:8af0:a950:98d7:8776:31df:f344) (Read error: Operation timed out)
[16:36:30] *** Joins: fgsfds (~figgis@93.123.144.171)
[18:30:42] *** Quits: Maylay (~gren@108-198-59-230.lightspeed.miamfl.sbcglobal.net) (Read error: Connection reset by peer)
[18:34:18] *** Joins: Maylay (~gren@108-198-59-230.lightspeed.miamfl.sbcglobal.net)
[19:23:59] <plutobot> Wiki | Page changed: Bluetooth Driver services | User: yls8 | https://switchbrew.org/w/index.php?curid=161&diff=9816&oldid=9815
[21:15:53] *** Joins: refs (~refs@p200300dd8716ae007c07179bed41c854.dip0.t-ipconnect.de)
[21:36:39] *** Quits: balrog (~balrog@pool-98-115-168-15.phlapa.fios.verizon.net) (Remote host closed the connection)
[21:37:16] <plutobot> Wiki | Page changed: Title list | User: Zachycatgames | https://switchbrew.org/w/index.php?curid=84&diff=9817&oldid=9780
[21:39:59] *** Joins: balrog (~balrog@98.115.168.15)
[23:24:13] *** Joins: giglife (~giglife@cpe-72-226-99-230.nyc.res.rr.com)
[23:37:37] *** Quits: mukunda (~mukunda@adsl-074-188-211-074.sip.asm.bellsouth.net) (Read error: Operation timed out)
