[00:50:50] *** Joins: mukunda (~mukunda@adsl-074-188-211-074.sip.asm.bellsouth.net)
[02:11:42] <plutobot> Wiki | Page changed: BTM services | User: yls8 | https://switchbrew.org/w/index.php?curid=306&diff=9818&oldid=9699
[02:35:55] *** Quits: refs (~refs@p200300dd8716ae007c07179bed41c854.dip0.t-ipconnect.de) (Quit: refs)
[02:49:10] *** Quits: averne (~averne@176-179-35-51.abo.bbox.fr) (quit)
[02:49:28] *** Joins: averne (~averne@176-179-35-51.abo.bbox.fr)
[02:49:29] *** Server sets mode: +stn 
[02:52:58] <plutobot> Wiki | Page changed: Network | User: SciresM | https://switchbrew.org/w/index.php?curid=136&diff=9819&oldid=8084
[02:56:01] <plutobot> Wiki | Page changed: BTM services | User: yls8 | https://switchbrew.org/w/index.php?curid=306&diff=9820&oldid=9818
[03:48:33] *** Quits: ris2z (~2ri@158.174.119.23) (Ping timeout: 622 seconds)
[03:49:14] *** Quits: blasty (~blasty@haxx.in) (Read error: Operation timed out)
[03:49:47] *** Joins: ris2z (~2ri@158.174.119.23)
[03:49:53] *** Quits: lex1 (lex@yuuh.pw) (Read error: Operation timed out)
[03:49:53] *** Quits: theKlanc (~klanc@2a00:6d40:40:58a3::1) (Read error: Operation timed out)
[03:49:56] *** Quits: Genolo (~fear@151.236.216.141) (Write error: Broken pipe)
[03:50:13] *** Quits: carsten1 (H5qcmZYrhx@2001:1a50:11:0:5f:8f:accb:19b) (Read error: Operation timed out)
[03:50:14] *** Joins: Genolo (~fear@2a01:7e00::f03c:91ff:fe93:8d42)
[03:50:19] *** Joins: carsten1 (sZgTPy8RBY@2001:1a50:11:0:5f:8f:accb:19b)
[03:52:24] *** Quits: d3m3vilur (~sid4654@id-4654.charlton.irccloud.com) (Read error: Operation timed out)
[03:53:59] *** Joins: eggy (~eggster@irchighway.eggy.cc)
[03:54:23] *** Quits: Snetry (~sentry@ipservice-092-209-110-018.092.209.pools.vodafone-ip.de) (Read error: Operation timed out)
[03:56:02] *** Quits: eggster (~eggster@irchighway.eggy.cc) (Read error: Operation timed out)
[04:06:04] *** Joins: lex1 (lex@yuuh.pw)
[04:06:34] *** Joins: Snetry (~sentry@ipservice-092-209-110-018.092.209.pools.vodafone-ip.de)
[04:06:46] *** Joins: klanc (~klanc@2a00:6d40:40:58a3::1)
[04:07:30] *** Joins: d3m3vilur (sid4654@2001:67c:2f08:3::122e)
[04:10:53] *** Joins: blasty (~blasty@haxx.in)
[04:43:25] *** Quits: changO- (~Changolan@ip72-194-70-236.oc.oc.cox.net) (Read error: Operation timed out)
[04:44:16] *** Joins: changO- (~Changolan@ip72-194-70-236.oc.oc.cox.net)
[06:06:39] <plutobot> Wiki | Page changed: Network | User: SciresM | https://switchbrew.org/w/index.php?curid=136&diff=9821&oldid=9819
[06:11:55] *** Quits: fgsfds (~figgis@93.123.144.171) (Read error: Connection reset by peer)
[06:38:28] *** Quits: mukunda (~mukunda@adsl-074-188-211-074.sip.asm.bellsouth.net) (Read error: Operation timed out)
[07:35:05] *** Quits: ris2z (~2ri@158.174.119.23) (Read error: Connection reset by peer)
[07:35:30] *** Quits: d3m3vilur (sid4654@2001:67c:2f08:3::122e) (Read error: Operation timed out)
[07:36:59] *** Joins: ris2z (~2ri@158.174.119.23)
[07:38:16] *** Quits: klanc (~klanc@2a00:6d40:40:58a3::1) (Read error: Operation timed out)
[07:40:17] *** Quits: blasty (~blasty@haxx.in) (Read error: Operation timed out)
[07:40:44] *** Quits: Snetry (~sentry@ipservice-092-209-110-018.092.209.pools.vodafone-ip.de) (Read error: Operation timed out)
[07:44:14] *** Quits: Maylay (~gren@108-198-59-230.lightspeed.miamfl.sbcglobal.net) (Quit: No Ping reply in 300 seconds.)
[07:44:57] *** Quits: lex1 (lex@yuuh.pw) (Read error: Operation timed out)
[07:50:49] *** Joins: lex1 (lex@yuuh.pw)
[07:51:39] *** Joins: klanc (~klanc@2a00:6d40:40:58a3::1)
[07:54:35] *** Quits: b0nez (b0nez@162.248.221.94) (Read error: Connection reset by peer)
[07:54:59] *** Joins: blasty (~blasty@haxx.in)
[07:54:59] *** Joins: Snetry (~sentry@ipservice-092-209-110-018.092.209.pools.vodafone-ip.de)
[07:56:28] *** Joins: d3m3vilur (sid4654@2001:67c:2f08:3::122e)
[08:03:18] *** Joins: b0nez (b0nez@162.248.221.94)
[08:11:40] *** Quits: lex1 (lex@yuuh.pw) (Read error: Operation timed out)
[08:14:12] *** Quits: Snetry (~sentry@ipservice-092-209-110-018.092.209.pools.vodafone-ip.de) (Read error: Operation timed out)
[08:21:36] *** Quits: blasty (~blasty@haxx.in) (Read error: Connection reset by peer)
[08:24:36] *** Joins: Snetry (~sentry@ipservice-092-209-110-018.092.209.pools.vodafone-ip.de)
[08:26:50] *** Joins: blasty (~blasty@haxx.in)
[08:27:18] *** Joins: lex1 (lex@yuuh.pw)
[09:09:09] *** Quits: blasty (~blasty@haxx.in) (Read error: Operation timed out)
[09:10:03] *** Quits: lex1 (lex@yuuh.pw) (Read error: Operation timed out)
[09:20:18] *** Quits: d3m3vilur (sid4654@2001:67c:2f08:3::122e) (Ping timeout: 857 seconds)
[09:21:20] *** Quits: Snetry (~sentry@ipservice-092-209-110-018.092.209.pools.vodafone-ip.de) (Read error: Operation timed out)
[09:24:08] *** Quits: klanc (~klanc@2a00:6d40:40:58a3::1) (Read error: Operation timed out)
[09:37:00] *** Joins: lex1 (lex@yuuh.pw)
[09:37:39] *** Joins: Snetry (~sentry@ipservice-092-209-110-018.092.209.pools.vodafone-ip.de)
[09:37:44] *** Joins: klanc (~klanc@2a00:6d40:40:58a3::1)
[09:38:01] *** Joins: blasty (~blasty@haxx.in)
[09:40:54] *** Joins: d3m3vilur (sid4654@charlton.irccloud.com)
[12:57:18] *** Joins: lameboy2 (~lameboy@202-47-121-182.cust.dcsi.net.au)
[13:01:18] *** Quits: lameboy (~lameboy@202-47-121-182.cust.dcsi.net.au) (Ping timeout: 260 seconds)
[13:01:23] *** lameboy2 is now known as lameboy
[16:05:16] *** Joins: mukunda (~mukunda@adsl-074-188-211-074.sip.asm.bellsouth.net)
[16:19:22] *** Joins: fgsfds (~figgis@93.123.144.171)
[18:29:42] *** Quits: ris2z (~2ri@158.174.119.23) (Ping timeout: 272 seconds)
[18:33:53] *** Joins: ris2z (~2ri@158.174.119.23)
[19:15:56] *** Joins: derk0pf (~derk0pf@x59cc8254.dyn.telefonica.de)
[20:48:31] *** Quits: derk0pf (~derk0pf@x59cc8254.dyn.telefonica.de) (Ping timeout: 492 seconds)
[20:59:16] *** Joins: refs (~refs@p200300dd87185600a41098d39711a830.dip0.t-ipconnect.de)
[22:31:28] *** Quits: ris2z (~2ri@158.174.119.23) (Ping timeout: 246 seconds)
[23:20:18] *** Joins: ris2z (~2ri@158.174.119.23)
