[00:56:03] *** Quits: giglife (~giglife@cpe-72-226-99-230.nyc.res.rr.com) ()
[01:47:31] *** Joins: TheLat (webchat@c-98-207-138-185.hsd1.ca.comcast.net)
[01:49:45] *** Joins: lameboy2 (~lameboy@202-47-121-182.cust.dcsi.net.au)
[01:53:49] *** Quits: lameboy (~lameboy@202-47-121-182.cust.dcsi.net.au) (Ping timeout: 260 seconds)
[01:53:49] *** lameboy2 is now known as lameboy
[02:35:25] *** Quits: refs (~refs@p200300dd87185600a41098d39711a830.dip0.t-ipconnect.de) (Quit: refs)
[02:42:33] *** Quits: TheLat (webchat@c-98-207-138-185.hsd1.ca.comcast.net) (Ping timeout: 252 seconds)
[04:23:55] *** Joins: refsw` (~refsw@80.150.130.51)
[04:24:23] *** Joins: neonsea (~neonsea@nns.ee)
[04:26:24] *** Quits: uyjulian (~uyjulian@69.110.38.205) (Read error: Connection reset by peer)
[04:26:32] *** Joins: uyjulian (~uyjulian@69-110-38-205.lightspeed.lbcktx.sbcglobal.net)
[04:26:42] *** Joins: MasterGK (~ghabry@datengurke.mastergk.de)
[04:26:47] *** Joins: rctgamer (~rctgamer3@185.66.251.249)
[04:27:02] *** Joins: sh0e- (~sh0e@node1.eisenkopf.info)
[04:27:07] *** Quits: rctgamer3 (~rctgamer3@185.66.251.249) (Read error: Connection reset by peer)
[04:27:12] *** Joins: zini- (~zini@88-113-145-208.elisa-laajakaista.fi)
[04:27:27] *** Quits: Ghabry (~ghabry@datengurke.mastergk.de) (Read error: Connection reset by peer)
[04:28:01] *** Joins: hthh_ (~hthh@hh.ht)
[04:28:36] *** Quits: hthh (~hthh@hh.ht) (Read error: Connection reset by peer)
[04:29:27] *** Joins: derrek_ (cq4V1gbTJ5@sirius.uberspace.de)
[04:30:06] *** Quits: KuKzz (KuKzz@95.143.216.177) (Ping timeout: 745 seconds)
[04:31:14] *** Joins: KuKzz (KuKzz@95.143.216.177)
[04:31:16] *** Quits: hexkyz (~hexkyz@ec2-18-179-123-169.ap-northeast-1.compute.amazonaws.com) (Ping timeout: 745 seconds)
[04:31:16] *** Quits: naehrwert (~naehrwert@8.38.88.201) (Ping timeout: 745 seconds)
[04:32:17] *** Joins: naehrwert (~naehrwert@8.38.88.201)
[04:33:37] *** Quits: xx_ns (~neonsea@nns.ee) (Ping timeout: 745 seconds)
[04:34:11] *** Quits: zombie343 (zombie343@pool-74-108-60-233.nycmny.fios.verizon.net) (Ping timeout: 745 seconds)
[04:34:12] *** Quits: sh0e (~sh0e@node1.eisenkopf.info) (Ping timeout: 745 seconds)
[04:34:27] *** Joins: hexkyz (~hexkyz@ec2-18-179-123-169.ap-northeast-1.compute.amazonaws.com)
[04:34:47] *** Quits: zini (~zini@88-113-145-208.elisa-laajakaista.fi) (Ping timeout: 745 seconds)
[04:34:47] *** Quits: refsw (~refsw@80.150.130.51) (Ping timeout: 745 seconds)
[04:34:47] *** Quits: derrek (2pXM6x3C8j@sirius.uberspace.de) (Ping timeout: 745 seconds)
[04:34:49] *** derrek_ is now known as derrek
[04:36:38] *** Joins: zombie343 (zombie343@pool-74-108-60-233.nycmny.fios.verizon.net)
[04:41:17] *** Joins: CHANFIX (chanfix@services.int)
[04:41:17] *** services.int sets mode: +o CHANFIX
[04:41:17] *** CHANFIX sets mode: +o naehrwert
[04:41:17] <CHANFIX> 1 client should have been opped.
[04:41:17] *** Parts: CHANFIX (chanfix@services.int) ()
[05:30:02] <plutobot> Wiki | Page changed: FirmwareNews | User: Yls8bot | https://switchbrew.org/w/index.php?curid=43&diff=9826&oldid=9740
[05:30:03] <plutobot> Wiki | New page: 10.1.1 | User: Yls8bot | https://switchbrew.org/w/index.php?curid=416
[05:30:03] <plutobot> Wiki | Page changed: Template:NavboxVersions | User: Yls8bot | https://switchbrew.org/w/index.php?curid=183&diff=9824&oldid=9738
[05:31:17] *** Joins: CHANFIX (chanfix@services.int)
[05:31:17] *** services.int sets mode: +o CHANFIX
[05:31:17] *** CHANFIX sets mode: +o yls8bot
[05:31:17] <CHANFIX> 1 client should have been opped.
[05:31:17] *** Parts: CHANFIX (chanfix@services.int) ()
[05:31:28] *** yls8bot sets mode: +o yellows8
[05:41:06] <plutobot> Wiki | Page changed: 10.1.1 | User: yls8 | https://switchbrew.org/w/index.php?curid=416&diff=9827&oldid=9825
[05:46:11] <plutobot> Wiki | Page changed: System Version Title | User: yls8 | https://switchbrew.org/w/index.php?curid=116&diff=9828&oldid=9753
[05:48:14] <plutobot> Wiki | Page changed: System Versions | User: yls8 | https://switchbrew.org/w/index.php?curid=105&diff=9829&oldid=9752
[05:56:47] *** Quits: fgsfds (~figgis@93.123.144.171) (Read error: Connection reset by peer)
[08:57:04] *** Quits: refsw` (~refsw@80.150.130.51) (Read error: Operation timed out)
[08:59:03] *** Joins: refsw` (~refsw@80.150.130.51)
[09:01:33] *** Quits: d3m3vilur (sid4654@charlton.irccloud.com) (Read error: Operation timed out)
[09:02:28] *** Quits: blasty (~blasty@haxx.in) (Read error: Operation timed out)
[09:05:00] *** Quits: lex1 (lex@yuuh.pw) (Read error: Operation timed out)
[09:06:24] *** Quits: Snetry (~sentry@ipservice-092-209-110-018.092.209.pools.vodafone-ip.de) (Read error: Operation timed out)
[09:10:47] *** Quits: klanc (~klanc@2a00:6d40:40:58a3::1) (Read error: Operation timed out)
[09:11:12] *** Joins: klanc (~klanc@2a00:6d40:40:58a3::1)
[09:14:22] *** Joins: lex1 (lex@yuuh.pw)
[09:16:32] *** Joins: d3m3vilur (sid4654@2001:67c:2f08:3::122e)
[09:17:28] *** Joins: blasty (~blasty@haxx.in)
[09:18:13] *** Joins: Snetry (~sentry@ipservice-092-209-110-018.092.209.pools.vodafone-ip.de)
[09:58:49] *** Quits: ris2z (~2ri@158.174.119.23) (Ping timeout: 492 seconds)
[10:01:30] *** Joins: ris2z (~2ri@158.174.119.23)
[10:16:00] *** Quits: ris2z (~2ri@158.174.119.23) (Ping timeout: 265 seconds)
[11:22:52] *** Quits: mukunda (~mukunda@adsl-074-188-211-074.sip.asm.bellsouth.net) (Ping timeout: 610 seconds)
[11:38:13] *** Joins: Sentry- (~sentry@ipservice-092-209-110-018.092.209.pools.vodafone-ip.de)
[11:38:13] *** Quits: Snetry (~sentry@ipservice-092-209-110-018.092.209.pools.vodafone-ip.de) (Read error: Connection reset by peer)
[11:38:46] *** rctgamer is now known as rctgamer3
[11:42:42] *** Quits: d3m3vilur (sid4654@2001:67c:2f08:3::122e) (Ping timeout: 857 seconds)
[11:42:53] *** Joins: d3m3vilur (sid4654@192.184.9.112)
[13:13:21] *** Quits: dibas (~dibas@wild.uberspace.de) (Ping timeout: 745 seconds)
[13:59:01] *** Joins: dibas (~dibas@wild.uberspace.de)
[14:08:34] *** Joins: Warpen (~Warpen@89.187.178.93)
[14:08:52] *** Parts: Warpen (~Warpen@89.187.178.93) ()
[14:25:57] *** Joins: rajkosto (~rajkosto@cable-178-149-122-96.dynamic.sbb.rs)
[15:00:06] *** Quits: rajkosto (~rajkosto@cable-178-149-122-96.dynamic.sbb.rs) (Read error: Connection reset by peer)
[15:00:51] *** Joins: rajkosto (~rajkosto@cable-178-149-122-96.dynamic.sbb.rs)
[16:13:33] *** Joins: fgsfds (~figgis@93.123.144.171)
[16:57:24] *** Quits: rajkosto (~rajkosto@cable-178-149-122-96.dynamic.sbb.rs) (Read error: Connection reset by peer)
[17:11:20] *** Joins: mukunda (~mukunda@adsl-074-188-211-074.sip.asm.bellsouth.net)
[17:20:18] *** Quits: |Shadow| (~Shadow1@ip68-12-213-93.ok.ok.cox.net) (Read error: Connection reset by peer)
[17:25:57] *** Joins: |Shadow| (~Shadow1@ip68-12-213-93.ok.ok.cox.net)
[17:35:48] <plutobot> Wiki | Page changed: BTM services | User: yls8 | https://switchbrew.org/w/index.php?curid=306&diff=9830&oldid=9820
[17:54:40] <plutobot> Wiki | Page changed: BTM services | User: yls8 | https://switchbrew.org/w/index.php?curid=306&diff=9831&oldid=9830
[18:15:15] *** Joins: Tcm0 (~Tcm0@p4fde7cc7.dip0.t-ipconnect.de)
[18:16:34] *** Joins: rajkosto (~rajkosto@cable-178-149-122-96.dynamic.sbb.rs)
[18:39:45] <plutobot> Wiki | Page changed: BTM services | User: yls8 | https://switchbrew.org/w/index.php?curid=306&diff=9832&oldid=9831
[18:51:19] <plutobot> Wiki | Page changed: Bluetooth Driver services | User: yls8 | https://switchbrew.org/w/index.php?curid=161&diff=9833&oldid=9816
[18:51:29] <plutobot> Wiki | Page changed: BTM services | User: yls8 | https://switchbrew.org/w/index.php?curid=306&diff=9834&oldid=9832
[19:10:42] *** Quits: rajkosto (~rajkosto@cable-178-149-122-96.dynamic.sbb.rs) (Read error: Connection reset by peer)
[19:11:04] *** Joins: rajkosto (~rajkosto@cable-178-149-122-96.dynamic.sbb.rs)
[19:20:09] *** Quits: rajkosto (~rajkosto@cable-178-149-122-96.dynamic.sbb.rs) (Read error: Connection reset by peer)
[19:20:32] *** Joins: rajkosto (~rajkosto@cable-178-149-122-96.dynamic.sbb.rs)
[20:28:50] *** Quits: rajkosto (~rajkosto@cable-178-149-122-96.dynamic.sbb.rs) (Read error: Connection reset by peer)
[21:44:38] *** Joins: refs (~refs@p200300dd8715c50038a4ff15deb74cda.dip0.t-ipconnect.de)
[22:04:27] *** Quits: |Shadow| (~Shadow1@ip68-12-213-93.ok.ok.cox.net) (Read error: Operation timed out)
[22:04:57] *** Joins: |Shadow| (~Shadow1@ip68-12-213-93.ok.ok.cox.net)
[22:24:52] <plutobot> Wiki | Page changed: BTM services | User: yls8 | https://switchbrew.org/w/index.php?curid=306&diff=9835&oldid=9834
[22:51:13] *** Quits: mukunda (~mukunda@adsl-074-188-211-074.sip.asm.bellsouth.net) (Read error: Operation timed out)
[23:17:35] *** Quits: |Shadow| (~Shadow1@ip68-12-213-93.ok.ok.cox.net) ()
[23:18:04] *** Joins: |Shadow| (~Shadow1@ip68-12-213-93.ok.ok.cox.net)
[23:46:45] <plutobot> Wiki | Page changed: BTM services | User: yls8 | https://switchbrew.org/w/index.php?curid=306&diff=9836&oldid=9835
