[00:08:34] *** Joins mukunda
[00:33:26] *** Quits Tcm0 (Leaving)
[01:23:16] <plutobot> Wiki | Page changed: Applet Manager services | User: yls8 | https://switchbrew.org/w/index.php?curid=132&diff=9837&oldid=9761
[02:28:07] *** Quits Surkow (Ping timeout: 260 seconds)
[02:35:09] *** Quits refs (Quit: refs)
[02:49:39] *** Joins Surkow
[03:01:19] <plutobot> Wiki | Page changed: BTM services | User: yls8 | https://switchbrew.org/w/index.php?curid=306&diff=9838&oldid=9836
[04:46:39] *** Quits fgsfds (Read error: Connection reset by peer)
[06:48:52] *** Quits mukunda (Read error: Operation timed out)
[08:32:10] *** Joins ris2z
[09:22:05] *** Joins miigotu
[09:22:50] *** Quits miigotu_ (Read error: Operation timed out)
[09:40:48] *** Quits usineur (Read error: Operation timed out)
[10:01:47] *** Quits endrift (Read error: Operation timed out)
[10:02:53] *** Joins endrift
[10:30:58] *** Joins usineur
[10:42:16] *** Joins mukunda
[12:05:25] *** Joins flotwig
[12:08:23] *** Quits mukunda (Read error: Operation timed out)
[12:09:43] *** Quits flotwig (Read error: Operation timed out)
[12:10:23] *** Joins flotwig
[12:16:05] *** Quits flotwig (Read error: Operation timed out)
[12:24:08] *** Joins flotwig
[12:26:07] *** Quits flotwig (Read error: Operation timed out)
[12:30:55] *** Quits |Shadow| (Read error: Connection reset by peer)
[12:31:16] *** Joins flotwig
[12:35:45] *** Joins |Shadow|
[12:42:20] *** Joins flotwig_
[12:43:51] *** Quits flotwig (Ping timeout: 745 seconds)
[12:44:30] *** Quits flotwig_ (Read error: Operation timed out)
[12:48:35] *** Joins flotwig
[12:52:48] *** Joins flotwig_
[12:54:00] *** Joins flotwig-
[13:01:21] *** Quits flotwig (Ping timeout: 745 seconds)
[13:05:26] *** Quits flotwig_ (Ping timeout: 745 seconds)
[13:06:36] *** Quits flotwig- (Ping timeout: 745 seconds)
[13:13:08] *** Joins flotwig
[13:14:46] *** Joins flotwig_
[13:14:58] *** Joins flotwig-
[13:16:01] *** Quits flotwig (Read error: Operation timed out)
[13:16:41] *** Quits flotwig_ (Read error: Operation timed out)
[13:21:40] *** Quits zini- (Ping timeout: 272 seconds)
[13:28:11] *** Quits flotwig- (Ping timeout: 745 seconds)
[13:31:36] *** Joins flotwig
[13:37:26] *** Quits flotwig (Read error: Operation timed out)
[13:41:34] *** Quits |Shadow| (Read error: Operation timed out)
[13:44:51] *** Joins flotwig
[13:57:56] *** Quits flotwig (Ping timeout: 745 seconds)
[13:59:29] *** Joins flotwig
[14:04:40] *** Joins flotwig_
[14:05:16] *** Joins flotwig-
[14:06:36] *** Quits flotwig_ (Read error: Operation timed out)
[14:12:31] *** Quits flotwig (Ping timeout: 745 seconds)
[14:18:21] *** Quits flotwig- (Ping timeout: 745 seconds)
[14:19:44] *** Joins zini
[14:22:33] *** Quits zini (Client Quit)
[14:23:14] *** Joins zini
[14:30:18] *** Joins |Shadow|
[14:40:22] *** Joins mukunda
[14:51:37] *** Quits |Shadow| (Read error: Connection reset by peer)
[15:05:27] *** Joins |Shadow|
[15:05:32] *** Quits |Shadow| (Excess Flood)
[15:47:33] *** Joins |Shadow|
[15:58:10] *** Quits |Shadow| (Read error: Operation timed out)
[16:11:35] *** Joins |Shadow|
[16:15:55] *** Quits |Shadow| (Read error: Connection reset by peer)
[16:21:16] *** Joins |Shadow|
[16:23:11] *** Joins Maylay
[16:30:39] *** Quits |Shadow| (Read error: Operation timed out)
[16:37:46] *** Quits ris2z (Ping timeout: 745 seconds)
[16:41:54] *** Joins |Shadow|
[16:45:43] *** Joins ris2z
[16:50:42] *** Quits |Shadow| (Read error: Connection reset by peer)
[16:59:15] *** Joins |Shadow|
[17:05:12] *** Joins fgsfds
[17:09:28] *** Quits |Shadow| (Read error: Operation timed out)
[17:17:51] *** Joins |Shadow|
[17:28:03] *** Quits |Shadow| (Read error: Operation timed out)
[18:01:50] *** Joins |Shadow|
[18:49:58] *** Quits |Shadow| (Read error: Operation timed out)
[18:50:45] *** Joins |Shadow|
[18:57:47] *** Quits |Shadow| (Read error: Connection reset by peer)
[19:05:23] *** Joins |Shadow|
[19:11:08] *** Quits |Shadow| (Read error: Operation timed out)
[19:37:04] *** Joins |Shadow|
[20:28:17] <plutobot> Wiki | Page changed: Fuses | User: Nikovillarino | https://switchbrew.org/w/index.php?curid=186&diff=9839&oldid=9662
[21:09:47] <plutobot> Wiki | Page changed: Fuses | User: yls8 | https://switchbrew.org/w/index.php?curid=186&diff=9840&oldid=9839
[21:36:03] *** Quits |Shadow| (Read error: Operation timed out)
[21:47:29] *** Joins |Shadow|
[21:55:50] *** Quits |Shadow| (Read error: Operation timed out)
[22:05:59] *** Joins |Shadow|
[22:36:32] *** Quits |Shadow| (Read error: Operation timed out)
[22:37:10] *** Joins |Shadow|
[22:57:48] *** Quits |Shadow| (Read error: Operation timed out)
[23:19:45] *** Joins |Shadow|
[23:29:01] *** Quits |Shadow| (Read error: Operation timed out)
[23:30:26] *** Joins |Shadow|
[23:43:06] *** Joins |Shadow|_
[23:44:18] *** Quits |Shadow| (Read error: Operation timed out)
