[00:22:51] *** Quits: oreo639 (Read error: Operation timed out)
[01:17:13] *** Joins: refs
[03:05:27] *** Joins: oreo639
[03:43:28] *** Quits: balrog (Bye)
[03:46:16] <plutobot> Wiki | Page changed: Joy-Con | User: SuperFalconBros | https://switchbrew.org/w/index.php?curid=55&diff=12575&oldid=12475
[03:48:53] *** Quits: refs (Quit: refs)
[03:54:17] *** Joins: balrog
[05:06:53] *** Quits: flotwig (Quit: ZNC - http://znc.in)
[05:15:14] *** Joins: flotwig
[05:36:55] *** Quits: flotwig (Quit: ZNC - http://znc.in)
[05:40:59] *** Quits: oreo639 (Read error: Operation timed out)
[05:49:19] *** Joins: flotwig
[06:01:05] *** Joins: oreo639
[08:58:10] *** Quits: |Shadow| (Read error: Operation timed out)
[09:16:50] *** Joins: fgsfds
[09:31:55] *** Joins: |Shadow|
[09:32:47] *** Quits: |Shadow| (Client Quit)
[09:33:25] *** Joins: |Shadow|
[09:33:47] *** Quits: oreo639 (Ping timeout: 496 seconds)
[13:09:43] *** Joins: refs
[15:35:47] *** Quits: tertu (so long...)
[15:38:18] *** Joins: tertu
[17:03:36] *** Quits: refs (Quit: refs)
[19:01:31] *** Quits: fgsfds (Read error: Connection reset by peer)
[19:48:51] *** Joins: oreo639
[20:07:09] *** Quits: CCFL_Man (Ping timeout: 240 seconds)
[20:24:21] <plutobot> Wiki | Page changed: HID services | User: Hexkyz | https://switchbrew.org/w/index.php?curid=103&diff=12576&oldid=12516
[20:28:39] *** Quits: oreo639 (Ping timeout: 240 seconds)
[20:39:54] *** Joins: oreo639
[23:28:45] *** Quits: oreo639 (Read error: Operation timed out)
[23:44:51] *** Joins: oreo639
