[00:26:29] *** Quits: d3m3vilur (Ping timeout: 493 seconds)
[00:26:57] *** Joins: d3m3vilur
[04:46:38] *** Joins: lameboy2
[04:48:33] *** Quits: oldtopman (Read error: Operation timed out)
[04:49:30] *** Quits: ihaveama- (Read error: Operation timed out)
[04:49:47] *** Joins: ihaveamac
[04:50:23] *** Quits: Cu3PO42 (Read error: Operation timed out)
[04:50:56] *** Joins: oldtopman
[04:51:06] *** Quits: Normmatt (Read error: Operation timed out)
[04:53:46] *** Quits: lameboy (Ping timeout: 483 seconds)
[04:53:49] *** lameboy2 is now known as lameboy
[05:14:52] *** Joins: Cu3PO42
[05:38:11] *** Quits: oreo639 (Read error: Operation timed out)
[05:42:34] *** Quits: lex1 (Read error: Operation timed out)
[05:47:43] *** Quits: d3m3vilur (Ping timeout: 493 seconds)
[05:50:04] *** Joins: d3m3vilur
[05:52:39] *** Joins: lameboy2
[05:55:12] *** Quits: GeekShad1 (Read error: Operation timed out)
[05:55:30] *** Joins: GeekShado
[05:57:35] *** Quits: klock (Read error: Operation timed out)
[05:58:15] *** Joins: Normmatt
[05:58:45] *** Joins: ihaveama-
[05:58:47] *** Quits: tpw_rules (Read error: Operation timed out)
[05:58:58] *** Joins: tpw_rules
[05:59:35] *** Quits: balrog (Read error: Operation timed out)
[06:00:18] *** Quits: Maylay (Read error: Operation timed out)
[06:00:19] *** Quits: lameboy (Read error: Operation timed out)
[06:00:19] *** lameboy2 is now known as lameboy
[06:00:22] *** Quits: tertu (Read error: Operation timed out)
[06:00:32] *** Quits: ihaveamac (Read error: Operation timed out)
[06:00:52] *** Joins: balrog
[06:01:06] *** Quits: |Shadow| (Read error: Operation timed out)
[06:01:38] *** Quits: nich (Read error: Operation timed out)
[06:02:03] *** Quits: uyjulian (Read error: Operation timed out)
[06:03:27] *** Quits: hexkyz (Read error: Operation timed out)
[06:04:44] *** Joins: Maylay
[06:06:22] *** Quits: Normmatt (Ping timeout: 293 seconds)
[06:06:34] *** Joins: tertu
[06:06:49] *** Joins: nich
[06:06:54] *** Quits: tpw_rules (Ping timeout: 241 seconds)
[06:07:10] *** Joins: tpw_rules
[06:07:14] *** Joins: hexkyz
[06:08:24] *** Joins: uyjulian
[06:09:05] *** Joins: |Shadow|
[06:09:12] *** Joins: lex1
[06:20:29] *** Joins: klock
[06:42:44] *** Joins: oreo639
[06:58:38] *** Quits: d3m3vilur (Ping timeout: 493 seconds)
[06:58:55] *** Joins: klockee
[06:59:13] *** Quits: klock (Read error: Operation timed out)
[07:01:41] *** Quits: lex1 (Read error: Operation timed out)
[07:04:04] *** Joins: Normmatt
[07:07:19] *** Joins: lex1
[07:08:29] *** Joins: d3m3vilur
[11:38:10] *** Quits: oreo639 (Read error: Operation timed out)
[13:03:10] *** Joins: fgsfds
[18:21:30] *** Joins: oreo639
[18:31:28] *** Quits: oreo639 (Ping timeout: 483 seconds)
[19:35:39] *** Joins: oreo639
[20:11:47] *** Joins: CCFL_Man
[20:21:50] *** Joins: refs
[20:24:41] *** Joins: KuKzz
[20:25:34] *** Quits: KuKzz_ (Ping timeout: 504 seconds)
[22:18:28] *** Quits: oreo639 (Read error: Operation timed out)
[22:41:27] *** Joins: oreo639
[23:00:41] *** Quits: TurtleP (Ping timeout: 240 seconds)
[23:01:01] *** Joins: TurtleP
[23:02:25] *** Joins: mtheall_
[23:04:50] *** Quits: mtheall (Ping timeout: 240 seconds)
