[00:42:15] *** Quits: fgsfds (Read error: Connection reset by peer)
[01:41:13] *** Quits: oreo639 (Ping timeout: 620 seconds)
[02:16:09] *** Quits: |Shadow| (Read error: Connection reset by peer)
[02:34:19] *** Joins: GerbilSof
[04:05:58] *** Joins: oreo639
[07:23:01] *** Quits: oreo639 (Ping timeout: 260 seconds)
[07:34:08] *** Joins: oreo639
[09:08:13] *** Joins: uyjulian_
[09:09:41] *** Quits: uyjulian (Read error: Operation timed out)
[09:09:42] *** uyjulian_ is now known as uyjulian
[10:08:03] *** Joins: fgsfds
[14:14:27] *** Quits: oreo639 (Read error: Operation timed out)
[14:22:52] *** Joins: refs
[15:25:01] *** Joins: |Shadow|
[15:52:43] *** Joins: Extrems`
[15:58:13] *** Quits: Extrems (Ping timeout: 504 seconds)
[15:58:13] *** Extrems` is now known as Extrems
[16:22:22] *** Quits: GerbilSof (Quit: Windows must now restart because the Remote Procedure Call (RPC) service terminated unexpectedly.)
[19:29:55] *** Quits: refs (Quit: refs)
[19:47:57] *** Joins: n87
[20:23:06] *** Quits: n87 (Leaving)
[20:23:48] *** Joins: n87
[20:53:16] *** Joins: oreo639
[22:00:16] *** Quits: Extrems (Read error: Operation timed out)
[22:08:10] *** Joins: Extrems
[23:45:36] *** Quits: n87 (Read error: Connection reset by peer)
