[01:15:26] *** Joins: oreo639_
[01:15:26] *** Quits: oreo639 (Read error: Connection reset by peer)
[01:17:54] *** Quits: fgsfds (Read error: Connection reset by peer)
[01:41:51] *** Quits: oreo639_ (Read error: Operation timed out)
[02:55:50] *** Joins: oreo639
[03:13:55] *** Joins: refs
[03:17:30] *** Quits: refs (Ping timeout: 189 seconds)
[03:21:43] *** Joins: refs
[03:41:11] *** Quits: oreo639 (Read error: Operation timed out)
[04:31:39] *** Quits: refs (Quit: refs)
[05:21:17] *** Joins: oreo639
[10:29:38] *** Joins: n87
[10:52:20] *** Joins: eggster
[10:57:49] *** Quits: eggy (Ping timeout: 504 seconds)
[12:53:56] *** Joins: fgsfds
[13:32:56] *** Joins: refs
[13:49:58] *** Quits: oreo639 (Read error: Operation timed out)
[16:23:06] *** Joins: GerbilSof
[17:36:55] *** Quits: n87 (Read error: Connection reset by peer)
[18:06:10] *** Quits: KuKzz ()
[18:50:29] *** Joins: n87
[18:55:39] *** Joins: KuKzz
[19:15:05] *** Joins: tertu2
[19:16:42] *** Quits: tertu (Read error: Operation timed out)
[19:16:42] *** tertu2 is now known as tertu
[20:01:57] *** Quits: KuKzz (Ping timeout: 248 seconds)
[20:06:19] *** Joins: KuKzz
[20:57:43] <plutobot> Wiki | Page changed: PSC services | User: Hexkyz | https://switchbrew.org/w/index.php?curid=271&diff=12585&oldid=12547
[23:16:36] <plutobot> Wiki | Page changed: PSC services | User: Hexkyz | https://switchbrew.org/w/index.php?curid=271&diff=12586&oldid=12585
[23:28:08] *** Joins: oreo639
[23:52:29] *** Quits: oreo639 (Ping timeout: 260 seconds)
[23:57:15] *** Quits: GerbilSof (Quit: Windows must now restart because the Remote Procedure Call (RPC) service terminated unexpectedly.)
