[00:08:01] *** Quits: fgsfds (Read error: Connection reset by peer)
[00:57:09] *** Joins: refs
[01:37:02] *** Quits: oreo639 (Read error: Operation timed out)
[03:11:50] *** Quits: refs (Quit: refs)
[03:48:36] *** Quits: Extrems (Read error: Operation timed out)
[03:48:36] *** Quits: lex1 (Read error: Operation timed out)
[03:49:19] *** Joins: Extrems
[03:50:55] *** Quits: d3m3vilur (Read error: Operation timed out)
[04:00:37] *** Joins: oreo639
[04:02:23] *** Quits: GerbilSof (Ping timeout: 857 seconds)
[04:04:18] *** Joins: lex1
[04:04:22] *** Joins: GerbilSof
[04:13:39] *** Joins: d3m3vilur
[08:42:17] *** Quits: oreo639 (Read error: Operation timed out)
[09:05:10] *** Joins: oreo639
[13:02:04] *** Quits: oreo639 (Ping timeout: 240 seconds)
[13:11:07] *** Joins: oreo639
[15:03:13] *** Quits: oreo639 (Ping timeout: 483 seconds)
[17:00:55] *** Joins: fgsfds
[22:49:47] *** Joins: oreo639
