[01:51:09] *** Joins: refs
[02:33:40] *** Quits: fgsfds (Read error: Connection reset by peer)
[03:41:14] *** Joins: Snetry
[03:42:33] *** Quits: Sentry (Read error: Connection refused)
[03:42:34] *** Snetry is now known as Sentry
[04:16:02] *** Quits: refs (Quit: refs)
[06:00:55] *** Quits: oreo639 (Read error: Operation timed out)
[06:36:25] *** Joins: oreo639
[09:18:15] *** Quits: |Shadow| (Read error: Connection reset by peer)
[09:19:41] *** Joins: n87
[09:23:09] *** Joins: |Shadow|
[10:15:44] *** Quits: oreo639 (Ping timeout: 240 seconds)
[10:49:39] *** Quits: flotwig (Read error: Operation timed out)
[10:52:57] *** Joins: flotwig
[11:35:36] *** Quits: DacoTaco (Quit: ZNC 1.8.2 - https://znc.in)
[11:36:58] *** Joins: DacoTaco
[12:08:54] *** Joins: fgsfds
[14:16:06] *** Quits: n87 (Read error: Connection reset by peer)
[15:28:56] *** Quits: DacoTaco (ZNC 1.8.2 - https://znc.in)
[15:31:07] *** Joins: DacoTaco
[15:47:37] *** Quits: DacoTaco (ZNC 1.8.2 - https://znc.in)
[15:50:33] *** Joins: DacoTaco
[15:51:57] *** Quits: DacoTaco (Client Quit)
[15:52:43] *** Joins: DacoTaco
[16:50:26] *** Joins: n87
[20:29:04] *** Joins: oreo639
[20:49:21] *** Joins: refs
[21:08:29] *** Quits: thejsa (Ping timeout: 1230 seconds)
[21:08:41] *** Joins: thejsa
[21:57:19] *** Quits: n87 (Read error: Connection reset by peer)
[22:01:34] *** Quits: thejsa (Ping timeout: 1230 seconds)
[22:01:46] *** Joins: thejsa
[22:02:48] *** Joins: n87
