[00:54:37] *** Joins: oreo639
[01:06:31] *** Quits: fgsfds (Read error: Connection reset by peer)
[01:16:12] *** Joins: oreo639_
[01:18:25] *** Quits: oreo639 (Read error: Operation timed out)
[01:52:08] *** Quits: oreo639_ (Read error: Operation timed out)
[03:13:33] *** Joins: oreo639
[08:37:29] *** Quits: oreo639 (Ping timeout: 745 seconds)
[08:44:47] *** Joins: oreo639
[10:10:44] *** Joins: fgsfds
[11:44:29] *** Quits: |Shadow| ()
[11:52:15] *** Joins: |Shadow|
[12:28:14] *** Quits: fgsfds (Quit: Leaving)
[12:31:30] *** Quits: oreo639 (Read error: Operation timed out)
[13:17:49] *** Joins: fgsfds
[17:01:11] <plutobot> Wiki | Page changed: Title list/Games | User: yls8 | https://switchbrew.org/w/index.php?curid=118&diff=12360&oldid=12060
[18:37:46] *** Joins: CCFL_Man
[21:16:15] *** Joins: oreo639
[21:31:39] *** Joins: n87
[21:52:12] *** Quits: n87 (Read error: Connection reset by peer)
[22:31:21] *** Quits: iamtim (Leaving)
