[00:35:30] *** Quits: fgsfds (Read error: Connection reset by peer)
[01:07:22] *** Quits: jn (Remote host closed the connection)
[01:08:40] *** Joins: jn
[01:29:35] *** Quits: flotwig (Quit: ZNC - http://znc.in)
[01:38:33] *** Joins: flotwig
[03:50:08] *** Joins: Snetry
[03:51:27] *** Quits: Sentry (Read error: Connection refused)
[03:51:27] *** Snetry is now known as Sentry
[10:02:37] *** Quits: lameboy (Read error: Connection reset by peer)
[10:02:42] *** Joins: lameboy2
[10:02:46] *** lameboy2 is now known as lameboy
[10:10:20] *** Quits: GerbilSof (Ping timeout: 622 seconds)
[10:11:56] *** Joins: GerbilSof
[10:14:56] *** Quits: lameboy (Ping timeout: 622 seconds)
[10:17:05] *** Joins: lameboy
[10:59:30] *** Joins: n87
[11:37:59] *** Joins: fgsfds
[13:24:53] *** Quits: n87 (Read error: Connection reset by peer)
[13:25:35] *** Joins: n87
[14:42:25] <plutobot> Wiki | Page changed: Fuses | User: Deejay87 | https://switchbrew.org/w/index.php?curid=186&diff=12361&oldid=12303
[16:50:19] *** Joins: averne
[16:50:19] *** Server sets mode: +stn 
[19:29:25] *** Quits: GerbilSof (Read error: Connection reset by peer)
[20:05:51] *** Joins: GerbilSof
[20:22:07] *** Quits: fgsfds (Quit: Leaving)
[21:12:37] *** Joins: fgsfds
[21:22:30] *** Quits: fgsfds (Quit: Leaving)
[21:22:50] *** Joins: fgsfds
[23:09:22] *** Quits: n87 (Read error: Connection reset by peer)
[23:53:11] *** Quits: GerbilSof (Read error: Connection reset by peer)
