[00:22:14] *** Joins: GerbilSof
[01:35:22] *** Quits: fgsfds (Read error: Connection reset by peer)
[04:36:43] *** Quits: Maylay (Read error: Connection reset by peer)
[04:52:00] *** Joins: Maylay
[08:59:40] *** Joins: n87
[09:04:40] *** Quits: n87 (Read error: Connection reset by peer)
[11:16:10] *** Joins: oreo639
[11:32:35] *** Joins: fgsfds
[12:16:58] *** Quits: Sentry (efnet.deic.eu se.hub)
[12:16:59] *** Quits: GrecKo (efnet.deic.eu se.hub)
[12:16:59] *** Quits: phigcloud (efnet.deic.eu se.hub)
[12:16:59] *** Quits: d3m3vilur (efnet.deic.eu se.hub)
[12:16:59] *** Quits: Retr0id (efnet.deic.eu se.hub)
[12:16:59] *** Quits: lex (efnet.deic.eu se.hub)
[12:16:59] *** Quits: jn (efnet.deic.eu se.hub)
[12:16:59] *** Quits: freundTec (efnet.deic.eu se.hub)
[12:16:59] *** Quits: zini (efnet.deic.eu se.hub)
[12:16:59] *** Quits: Normmatt (efnet.deic.eu se.hub)
[12:16:59] *** Quits: thejsa (efnet.deic.eu se.hub)
[12:16:59] *** Quits: hexkyz (efnet.deic.eu se.hub)
[12:16:59] *** Quits: dibas (efnet.deic.eu se.hub)
[12:16:59] *** Quits: mid-kid2 (efnet.deic.eu se.hub)
[12:16:59] *** Quits: GerbilSof (efnet.deic.eu se.hub)
[12:16:59] *** Quits: Stary_ (efnet.deic.eu se.hub)
[12:16:59] *** Quits: Extrems (efnet.deic.eu se.hub)
[12:16:59] *** Quits: fgsfds (efnet.deic.eu se.hub)
[12:16:59] *** Quits: plutobot (efnet.deic.eu se.hub)
[12:16:59] *** Quits: GeekShado (efnet.deic.eu se.hub)
[12:16:59] *** Quits: Ghabry (efnet.deic.eu se.hub)
[12:16:59] *** Quits: TAL (efnet.deic.eu se.hub)
[12:16:59] *** Quits: flotwig (efnet.deic.eu se.hub)
[12:16:59] *** Quits: mimoja6 (efnet.deic.eu se.hub)
[12:16:59] *** Quits: ihaveamac (efnet.deic.eu se.hub)
[12:16:59] *** Quits: oreo639 (efnet.deic.eu se.hub)
[12:16:59] *** Quits: |Shadow| (efnet.deic.eu se.hub)
[12:16:59] *** Quits: eggster (efnet.deic.eu se.hub)
[12:16:59] *** Quits: oldtopman (efnet.deic.eu se.hub)
[12:16:59] *** Quits: DacoTaco (efnet.deic.eu se.hub)
[12:16:59] *** Quits: Behemoth (efnet.deic.eu se.hub)
[12:16:59] *** Quits: ave_ (efnet.deic.eu se.hub)
[12:16:59] *** Quits: uyjulian (efnet.deic.eu se.hub)
[12:16:59] *** Quits: tertu (efnet.deic.eu se.hub)
[12:16:59] *** Quits: iamtim (efnet.deic.eu se.hub)
[12:16:59] *** Quits: cpnc0ke (efnet.deic.eu se.hub)
[12:16:59] *** Quits: balrog (efnet.deic.eu se.hub)
[12:16:59] *** Quits: klock (efnet.deic.eu se.hub)
[12:17:00] *** Quits: mtheall (efnet.deic.eu se.hub)
[12:17:00] *** Quits: nich (efnet.deic.eu se.hub)
[12:17:00] *** Quits: TurtleP (efnet.deic.eu se.hub)
[12:17:00] *** Quits: nrq (efnet.deic.eu se.hub)
[12:17:00] *** Quits: fincs (efnet.deic.eu se.hub)
[12:17:00] *** Quits: WntrMute (efnet.deic.eu se.hub)
[12:17:00] *** Quits: tpw_rules (efnet.deic.eu se.hub)
[12:17:00] *** Quits: Cu3PO42 (efnet.deic.eu se.hub)
[12:17:00] *** Quits: Surkow (efnet.deic.eu se.hub)
[12:17:00] *** Quits: yellows8 (efnet.deic.eu se.hub)
[12:17:00] *** Quits: yls8bot (efnet.deic.eu se.hub)
[12:17:00] *** Quits: Lightswor (efnet.deic.eu se.hub)
[12:17:00] *** Quits: CCFL_Man (efnet.deic.eu se.hub)
[12:17:00] *** Quits: flagrama_ (efnet.deic.eu se.hub)
[12:17:00] *** Quits: pieman (efnet.deic.eu se.hub)
[12:17:00] *** Quits: Genolo (efnet.deic.eu se.hub)
[12:17:00] *** Quits: ris3z (efnet.deic.eu se.hub)
[12:17:00] *** Quits: ris2z (efnet.deic.eu se.hub)
[12:21:20] *** Quits: lameboy (Quit: Astalabyebye...)
[12:33:30] *** Quits: Maylay (Ping timeout: 622 seconds)
[12:34:06] *** Joins: Maylay
[12:34:06] *** Joins: fgsfds
[12:34:06] *** Joins: oreo639
[12:34:06] *** Joins: GerbilSof
[12:34:06] *** Joins: Sentry
[12:34:06] *** Joins: flotwig
[12:34:06] *** Joins: jn
[12:34:06] *** Joins: |Shadow|
[12:34:06] *** Joins: ave_
[12:34:06] *** Joins: freundTec
[12:34:06] *** Joins: eggster
[12:34:06] *** Joins: GrecKo
[12:34:06] *** Joins: plutobot
[12:34:06] *** Joins: Stary_
[12:34:06] *** Joins: uyjulian
[12:34:06] *** Joins: tertu
[12:34:06] *** Joins: iamtim
[12:34:06] *** Joins: cpnc0ke
[12:34:06] *** Joins: mimoja6
[12:34:06] *** Joins: CCFL_Man
[12:34:06] *** Joins: oldtopman
[12:34:06] *** Joins: zini
[12:34:06] *** Joins: Normmatt
[12:34:06] *** Joins: tpw_rules
[12:34:06] *** Joins: ihaveamac
[12:34:06] *** Joins: balrog
[12:34:06] *** Joins: phigcloud
[12:34:06] *** Joins: thejsa
[12:34:06] *** Joins: DacoTaco
[12:34:06] *** Joins: hexkyz
[12:34:06] *** Joins: Cu3PO42
[12:34:06] *** Joins: dibas
[12:34:06] *** Joins: klock
[12:34:06] *** Joins: flagrama_
[12:34:06] *** Joins: Surkow
[12:34:06] *** Joins: mtheall
[12:34:06] *** Joins: nich
[12:34:06] *** Joins: d3m3vilur
[12:34:06] *** Joins: Retr0id
[12:34:06] *** Joins: lex
[12:34:06] *** Joins: pieman
[12:34:06] *** Joins: yellows8
[12:34:06] *** Joins: yls8bot
[12:34:06] *** Joins: TurtleP
[12:34:06] *** Joins: GeekShado
[12:34:06] *** Joins: Behemoth
[12:34:06] *** se.hub sets mode: +oo yellows8 yls8bot
[12:34:06] *** Joins: Lightswor
[12:34:06] *** Joins: Ghabry
[12:34:06] *** Joins: nrq
[12:34:06] *** Joins: Extrems
[12:34:06] *** Joins: fincs
[12:34:06] *** Joins: TAL
[12:34:06] *** Joins: mid-kid2
[12:34:06] *** Joins: Genolo
[12:34:06] *** Joins: ris3z
[12:34:06] *** Joins: WntrMute
[12:34:06] *** Joins: ris2z
[12:34:06] *** se.hub sets mode: +oo fincs WntrMute
[12:35:24] *** Joins: lameboy
[12:37:02] *** Quits: ris3z (Quit: ZNC 1.9.x-git-156-ac57c0e5 - https://znc.in)
[12:44:14] *** Quits: averne (quit)
[12:44:34] *** Joins: averne_
[12:44:34] *** Server sets mode: +stn 
[12:52:24] *** Quits: lameboy (se.hub efnet.deic.eu)
[12:52:24] *** Quits: averne (se.hub efnet.deic.eu)
[12:52:24] *** Quits: nohit____ (se.hub efnet.deic.eu)
[12:53:42] *** Joins: lameboy
[12:53:43] *** Joins: nohit____
[12:53:51] *** Joins: lameboy2
[12:58:49] *** Quits: lameboy (Ping timeout: 622 seconds)
[12:58:51] *** lameboy2 is now known as lameboy
[13:00:53] *** Joins: ris3z
[13:08:05] *** averne_ is now known as averne
[13:11:10] *** Quits: lameboy (Quit: Astalabyebye...)
[13:12:30] *** Joins: lameboy
[13:46:54] *** Joins: refs
[14:34:42] *** Quits: oreo639 (Read error: Operation timed out)
[16:37:23] *** Quits: refs (Quit: refs)
[18:40:06] *** Joins: n87
[20:34:43] *** Quits: n87 (Read error: Connection reset by peer)
