[02:35:55] *** Quits: fgsfds (Read error: Connection reset by peer)
[05:40:09] <plutobot> Wiki | Page changed: Product Information | User: CapNem | https://switchbrew.org/w/index.php?curid=384&diff=12363&oldid=11881
[07:12:46] *** Quits: GerbilSof (Read error: Connection reset by peer)
[09:05:20] *** Quits: yellows8 (hub.efnet.us irc.servercentral.net)
[09:05:20] *** Quits: tpw_rules (hub.efnet.us irc.servercentral.net)
[09:05:20] *** Quits: Lightswor (hub.efnet.us irc.servercentral.net)
[09:16:04] *** Joins: fgsfds
[09:32:33] *** Joins: n87
[12:31:25] *** Joins: yellows8
[12:31:25] *** Joins: tpw_rules
[12:31:25] *** Joins: Lightswor
[12:31:25] *** WntrMute sets mode: +o yellows8
[12:31:31] *** yellows8 sets mode: +o yls8bot
[13:29:24] *** Quits: oreo639 (Read error: Operation timed out)
[14:17:35] *** Quits: flotwig (Ping timeout: 745 seconds)
[14:34:12] *** Joins: flotwig
[14:38:39] *** Quits: zini (Quit: -->)
[14:39:19] *** Joins: zini
[16:44:59] *** Joins: GerbilSof
[18:11:15] *** Quits: flotwig (Read error: Operation timed out)
[21:42:56] *** Quits: yellows8 (Read error: Operation timed out)
[21:58:28] *** Joins: yellows8
[21:58:28] *** WntrMute sets mode: +o yellows8
[22:29:38] *** Quits: n87 (Read error: Connection reset by peer)
[23:23:37] *** Joins: oreo639
[23:31:31] *** Joins: flotwig
[23:39:51] *** Quits: flotwig (Ping timeout: 376 seconds)
