[00:15:32] <plutobot> Wiki | Page changed: Switch Userland Flaws | User: yls8 | https://switchbrew.org/w/index.php?curid=56&diff=10547&oldid=10397
[01:08:52] *** Quits: Tcm0 (~Tcm0@p5dc45afc.dip0.t-ipconnect.de) (Leaving)
[02:29:17] *** Quits: phigcloud (uid13896@tooting.irccloud.com) (Read error: Connection reset by peer)
[02:29:30] *** Joins: phigcloud (uid13896@2001:67c:2f08:4::3648)
[03:35:58] *** Quits: nullstrin (~nullstrin@cermak.nullstring.io) (Read error: Operation timed out)
[03:39:44] *** Joins: nullstrin (~nullstrin@cermak.nullstring.io)
[06:02:03] *** Quits: flotwig (~flotwig@136.55.38.10) (se.hub efnet.port80.se)
[06:02:03] *** Quits: d0k3 (uid151205@2001:67c:2f08:3::2:4ea5) (se.hub efnet.port80.se)
[06:02:03] *** Quits: lemmy (lemmy@2600:3c00:e000:2e:0:dead:beef:6) (se.hub efnet.port80.se)
[06:02:03] *** Quits: Summeli (summeli@irc.summeli.com) (se.hub efnet.port80.se)
[06:02:03] *** Quits: rjeli____ (sid289321@charlton.irccloud.com) (se.hub efnet.port80.se)
[06:02:03] *** Quits: SCV__ (sid226262@charlton.irccloud.com) (se.hub efnet.port80.se)
[06:02:03] *** Quits: Phils3r (~Phil@phils3r.de) (se.hub efnet.port80.se)
[06:02:03] *** Quits: mid-kid1 (~mid-kid@136-144-185-148.colo.transip.net) (se.hub efnet.port80.se)
[06:02:03] *** Quits: dibas (~dibas@wild.uberspace.de) (se.hub efnet.port80.se)
[06:02:03] *** Quits: pewz (~PewZ@115.38.91.34.bc.googleusercontent.com) (se.hub efnet.port80.se)
[06:02:03] *** Quits: changO- (~Changolan@ip70-187-147-196.oc.oc.cox.net) (se.hub efnet.port80.se)
[06:02:03] *** Quits: derrek (~derrek@hyrrokkin.uberspace.de) (se.hub efnet.port80.se)
[06:02:03] *** Quits: zini (~zini@88-113-154-53.elisa-laajakaista.fi) (se.hub efnet.port80.se)
[06:02:03] *** Quits: gruetzkop (gruetzkopf@bnc.dont-follow.us) (se.hub efnet.port80.se)
[06:02:03] *** Quits: rctgamer3 (~rctgamer3@185.66.251.249) (se.hub efnet.port80.se)
[06:02:04] *** Quits: Normmatt (~Normmatt@cloud.normmatt.com) (se.hub efnet.port80.se)
[06:02:04] *** Quits: datagutt (~datagutt@mail.guac.live) (se.hub efnet.port80.se)
[06:02:04] *** Quits: ave_ (~ave_@79.110.170.32) (se.hub efnet.port80.se)
[06:02:04] *** Quits: uyjulian (~uyjulian@69-110-38-205.lightspeed.lbcktx.sbcglobal.net) (se.hub efnet.port80.se)
[06:02:04] *** Quits: klock (~efklock@vps1.ksociety.net) (se.hub efnet.port80.se)
[06:02:04] *** Quits: TAL (~TAL@defiant.tlercher.de) (se.hub efnet.port80.se)
[06:02:04] *** Quits: mafcadio3 (~mafcadio@cpc158505-smal20-2-0-cust226.19-1.cable.virginm.net) (se.hub efnet.port80.se)
[06:02:04] *** Quits: Ghabry (~ghabry@datengurke.mastergk.de) (se.hub efnet.port80.se)
[06:02:04] *** Quits: hexkyz (~hexkyz@ec2-18-179-123-169.ap-northeast-1.compute.amazonaws.com) (se.hub efnet.port80.se)
[06:02:04] *** Quits: hordak (hordak@cautio.us) (se.hub efnet.port80.se)
[06:02:04] *** Quits: hthh_ (~hthh@hh.ht) (se.hub efnet.port80.se)
[06:02:04] *** Quits: coriolis (~coriolis@ns398009.ip-192-95-24.net) (se.hub efnet.port80.se)
[06:04:27] *** Joins: flotwig (~flotwig@136.55.38.10)
[06:04:27] *** Joins: d0k3 (uid151205@2001:67c:2f08:3::2:4ea5)
[06:04:27] *** Joins: lemmy (lemmy@2600:3c00:e000:2e:0:dead:beef:6)
[06:04:27] *** Joins: Summeli (summeli@irc.summeli.com)
[06:04:27] *** Joins: rjeli____ (sid289321@charlton.irccloud.com)
[06:04:27] *** Joins: SCV__ (sid226262@charlton.irccloud.com)
[06:04:27] *** Joins: Phils3r (~Phil@phils3r.de)
[06:04:27] *** Joins: mid-kid1 (~mid-kid@136-144-185-148.colo.transip.net)
[06:04:28] *** Joins: dibas (~dibas@wild.uberspace.de)
[06:04:28] *** Joins: pewz (~PewZ@115.38.91.34.bc.googleusercontent.com)
[06:04:28] *** Joins: changO- (~Changolan@ip70-187-147-196.oc.oc.cox.net)
[06:04:28] *** Joins: derrek (~derrek@hyrrokkin.uberspace.de)
[06:04:28] *** Joins: zini (~zini@88-113-154-53.elisa-laajakaista.fi)
[06:04:28] *** Joins: gruetzkop (gruetzkopf@bnc.dont-follow.us)
[06:04:28] *** Joins: rctgamer3 (~rctgamer3@185.66.251.249)
[06:04:28] *** Joins: Normmatt (~Normmatt@cloud.normmatt.com)
[06:04:28] *** Joins: datagutt (~datagutt@mail.guac.live)
[06:04:28] *** Joins: ave_ (~ave_@79.110.170.32)
[06:04:28] *** Joins: uyjulian (~uyjulian@69-110-38-205.lightspeed.lbcktx.sbcglobal.net)
[06:04:28] *** Joins: klock (~efklock@vps1.ksociety.net)
[06:04:28] *** Joins: TAL (~TAL@defiant.tlercher.de)
[06:04:28] *** Joins: mafcadio3 (~mafcadio@cpc158505-smal20-2-0-cust226.19-1.cable.virginm.net)
[06:04:28] *** Joins: Ghabry (~ghabry@datengurke.mastergk.de)
[06:04:28] *** Joins: hexkyz (~hexkyz@ec2-18-179-123-169.ap-northeast-1.compute.amazonaws.com)
[06:04:28] *** Joins: hordak (hordak@cautio.us)
[06:04:28] *** Joins: hthh_ (~hthh@hh.ht)
[06:04:28] *** Joins: coriolis (~coriolis@ns398009.ip-192-95-24.net)
[06:09:47] *** Quits: rajkosto (~rajkosto@cable-178-149-125-126.dynamic.sbb.rs) (Read error: Connection reset by peer)
[07:33:30] *** Quits: fgsfds (~figgis@93.123.144.171) (Read error: Connection reset by peer)
[13:38:48] *** Quits: flotwig (~flotwig@136.55.38.10) (se.hub efnet.port80.se)
[13:38:48] *** Quits: d0k3 (uid151205@2001:67c:2f08:3::2:4ea5) (se.hub efnet.port80.se)
[13:38:48] *** Quits: lemmy (lemmy@2600:3c00:e000:2e:0:dead:beef:6) (se.hub efnet.port80.se)
[13:38:48] *** Quits: Summeli (summeli@irc.summeli.com) (se.hub efnet.port80.se)
[13:38:48] *** Quits: rjeli____ (sid289321@charlton.irccloud.com) (se.hub efnet.port80.se)
[13:38:48] *** Quits: SCV__ (sid226262@charlton.irccloud.com) (se.hub efnet.port80.se)
[13:38:48] *** Quits: Phils3r (~Phil@phils3r.de) (se.hub efnet.port80.se)
[13:38:48] *** Quits: mid-kid1 (~mid-kid@136-144-185-148.colo.transip.net) (se.hub efnet.port80.se)
[13:38:48] *** Quits: dibas (~dibas@wild.uberspace.de) (se.hub efnet.port80.se)
[13:38:48] *** Quits: pewz (~PewZ@115.38.91.34.bc.googleusercontent.com) (se.hub efnet.port80.se)
[13:38:48] *** Quits: changO- (~Changolan@ip70-187-147-196.oc.oc.cox.net) (se.hub efnet.port80.se)
[13:38:48] *** Quits: derrek (~derrek@hyrrokkin.uberspace.de) (se.hub efnet.port80.se)
[13:38:48] *** Quits: zini (~zini@88-113-154-53.elisa-laajakaista.fi) (se.hub efnet.port80.se)
[13:38:48] *** Quits: gruetzkop (gruetzkopf@bnc.dont-follow.us) (se.hub efnet.port80.se)
[13:38:48] *** Quits: rctgamer3 (~rctgamer3@185.66.251.249) (se.hub efnet.port80.se)
[13:38:48] *** Quits: Normmatt (~Normmatt@cloud.normmatt.com) (se.hub efnet.port80.se)
[13:38:48] *** Quits: datagutt (~datagutt@mail.guac.live) (se.hub efnet.port80.se)
[13:38:48] *** Quits: ave_ (~ave_@79.110.170.32) (se.hub efnet.port80.se)
[13:38:48] *** Quits: uyjulian (~uyjulian@69-110-38-205.lightspeed.lbcktx.sbcglobal.net) (se.hub efnet.port80.se)
[13:38:48] *** Quits: klock (~efklock@vps1.ksociety.net) (se.hub efnet.port80.se)
[13:38:48] *** Quits: TAL (~TAL@defiant.tlercher.de) (se.hub efnet.port80.se)
[13:38:48] *** Quits: mafcadio3 (~mafcadio@cpc158505-smal20-2-0-cust226.19-1.cable.virginm.net) (se.hub efnet.port80.se)
[13:38:48] *** Quits: Ghabry (~ghabry@datengurke.mastergk.de) (se.hub efnet.port80.se)
[13:38:48] *** Quits: hexkyz (~hexkyz@ec2-18-179-123-169.ap-northeast-1.compute.amazonaws.com) (se.hub efnet.port80.se)
[13:38:48] *** Quits: hordak (hordak@cautio.us) (se.hub efnet.port80.se)
[13:38:48] *** Quits: hthh_ (~hthh@hh.ht) (se.hub efnet.port80.se)
[13:38:48] *** Quits: coriolis (~coriolis@ns398009.ip-192-95-24.net) (se.hub efnet.port80.se)
[13:54:34] *** Joins: flotwig (~flotwig@136.55.38.10)
[13:54:34] *** Joins: d0k3 (uid151205@2001:67c:2f08:3::2:4ea5)
[13:54:34] *** Joins: lemmy (lemmy@2600:3c00:e000:2e:0:dead:beef:6)
[13:54:34] *** Joins: Summeli (summeli@irc.summeli.com)
[13:54:34] *** Joins: rjeli____ (sid289321@charlton.irccloud.com)
[13:54:34] *** Joins: SCV__ (sid226262@charlton.irccloud.com)
[13:54:34] *** Joins: Phils3r (~Phil@phils3r.de)
[13:54:34] *** Joins: mid-kid1 (~mid-kid@136-144-185-148.colo.transip.net)
[13:54:34] *** Joins: dibas (~dibas@wild.uberspace.de)
[13:54:34] *** Joins: pewz (~PewZ@115.38.91.34.bc.googleusercontent.com)
[13:54:34] *** Joins: changO- (~Changolan@ip70-187-147-196.oc.oc.cox.net)
[13:54:34] *** Joins: derrek (~derrek@hyrrokkin.uberspace.de)
[13:54:34] *** Joins: zini (~zini@88-113-154-53.elisa-laajakaista.fi)
[13:54:34] *** Joins: gruetzkop (gruetzkopf@bnc.dont-follow.us)
[13:54:34] *** Joins: rctgamer3 (~rctgamer3@185.66.251.249)
[13:54:34] *** Joins: Normmatt (~Normmatt@cloud.normmatt.com)
[13:54:34] *** Joins: datagutt (~datagutt@mail.guac.live)
[13:54:34] *** Joins: ave_ (~ave_@79.110.170.32)
[13:54:34] *** Joins: uyjulian (~uyjulian@69-110-38-205.lightspeed.lbcktx.sbcglobal.net)
[13:54:34] *** Joins: klock (~efklock@vps1.ksociety.net)
[13:54:34] *** Joins: TAL (~TAL@defiant.tlercher.de)
[13:54:34] *** Joins: mafcadio3 (~mafcadio@cpc158505-smal20-2-0-cust226.19-1.cable.virginm.net)
[13:54:34] *** Joins: Ghabry (~ghabry@datengurke.mastergk.de)
[13:54:34] *** Joins: hexkyz (~hexkyz@ec2-18-179-123-169.ap-northeast-1.compute.amazonaws.com)
[13:54:34] *** Joins: hordak (hordak@cautio.us)
[13:54:34] *** Joins: hthh_ (~hthh@hh.ht)
[13:54:34] *** Joins: coriolis (~coriolis@ns398009.ip-192-95-24.net)
[17:52:34] <plutobot> Wiki | Page changed: Homebrew Applications | User: Chilling | https://switchbrew.org/w/index.php?curid=293&diff=10548&oldid=10522
[17:54:39] *** Joins: lameboy2 (~lameboy@202-47-121-182.cust.dcsi.net.au)
[17:57:03] *** Quits: lameboy (~lameboy@202-47-121-182.cust.dcsi.net.au) (Ping timeout: 255 seconds)
[17:57:06] *** lameboy2 is now known as lameboy
[18:08:06] *** Joins: Not-Aus (~Not-Aus@aftr-95-222-24-152.unity-media.net)
[18:27:53] *** Joins: fgsfds (~figgis@93.123.144.171)
[18:41:39] *** Quits: Not-Aus (~Not-Aus@aftr-95-222-24-152.unity-media.net) (Remote host closed the connection)
[19:56:56] *** Joins: rmaw_ (~rmaw@163.172.57.156)
[19:56:57] *** Quits: rmaw (~rmaw@163.172.57.156) (Read error: Connection reset by peer)
[20:10:29] *** Quits: d3m3vilur (~sid4654@2001:67c:2f08:3::122e) (Read error: Operation timed out)
[20:10:41] *** Joins: d3m3vilur (sid4654@charlton.irccloud.com)
[20:56:59] *** Joins: derk0pf (~derk0pf@ip5b413570.dynamic.kabel-deutschland.de)
[23:36:51] <giglife> happy new year
