[00:12:07] *** Quits: derk0pf (~derk0pf@ip5b413570.dynamic.kabel-deutschland.de) (Ping timeout: 744 seconds)
[00:29:57] *** Joins: derk0pf (~derk0pf@ip5b413570.dynamic.kabel-deutschland.de)
[00:34:53] *** Quits: derk0pf (~derk0pf@ip5b413570.dynamic.kabel-deutschland.de) (Ping timeout: 265 seconds)
[00:41:49] *** Quits: changO- (~Changolan@ip70-187-147-196.oc.oc.cox.net) (Read error: Connection reset by peer)
[01:14:40] *** Joins: changO- (~Changolan@ip70-187-147-196.oc.oc.cox.net)
[01:26:23] *** Quits: d0k3 (uid151205@2001:67c:2f08:3::2:4ea5) (Ping timeout: 1230 seconds)
[01:26:49] *** Joins: d0k3 (uid151205@2001:67c:2f08:3::2:4ea5)
[04:32:51] *** Joins: dibas_ (~dibas@wild.uberspace.de)
[04:32:51] *** Quits: dibas (~dibas@wild.uberspace.de) (Read error: Connection reset by peer)
[04:32:54] *** dibas_ is now known as dibas
[04:33:46] *** Quits: d0k3 (uid151205@2001:67c:2f08:3::2:4ea5) (Read error: Connection timed out)
[04:35:03] *** Joins: d0k3 (uid151205@2001:67c:2f08:3::2:4ea5)
[04:40:07] *** Joins: hordak_ (hordak@cautio.us)
[04:41:05] *** Quits: hordak (hordak@cautio.us) (Read error: Connection reset by peer)
[04:41:05] *** hordak_ is now known as hordak
[04:45:09] *** Quits: SCV__ (sid226262@charlton.irccloud.com) (Read error: Connection reset by peer)
[04:45:09] *** Quits: rjeli____ (sid289321@charlton.irccloud.com) (Read error: Connection reset by peer)
[04:45:09] *** Quits: d3m3vilur (sid4654@charlton.irccloud.com) (Read error: Connection reset by peer)
[04:45:13] *** Joins: d3m3vilur (sid4654@2001:67c:2f08:3::122e)
[04:45:21] *** Joins: SCV__ (sid226262@2001:67c:2f08:3::3:73d6)
[04:45:24] *** Joins: rjeli____ (sid289321@2001:67c:2f08:3::4:6a29)
[04:51:14] *** Joins: derk0pf (~derk0pf@ip5b413570.dynamic.kabel-deutschland.de)
[04:55:25] *** Quits: fgsfds (~figgis@93.123.144.171) (Read error: Connection reset by peer)
[05:01:21] *** Quits: derk0pf (~derk0pf@ip5b413570.dynamic.kabel-deutschland.de) (Read error: Operation timed out)
[05:05:34] *** Joins: zini- (~zini@88-113-154-53.elisa-laajakaista.fi)
[05:15:03] *** Quits: zini (~zini@88-113-154-53.elisa-laajakaista.fi) (Ping timeout: 745 seconds)
[05:26:43] *** Quits: Normmatt (~Normmatt@cloud.normmatt.com) (Read error: Connection reset by peer)
[05:26:53] *** Joins: Normmatt (~Normmatt@cloud.normmatt.com)
[06:16:33] *** Quits: GerbilSof (~GerbilSof@pool-108-24-152-152.cmdnnj.fios.verizon.net) (Quit: Windows must now restart because the Remote Procedure Call (RPC) service terminated unexpectedly.)
[06:27:04] *** Joins: GerbilSof (~GerbilSof@pool-108-24-152-152.cmdnnj.fios.verizon.net)
[06:44:53] *** Quits: rjeli____ (sid289321@2001:67c:2f08:3::4:6a29) (Ping timeout: 1230 seconds)
[06:45:07] *** Joins: rjeli____ (sid289321@2001:67c:2f08:3::4:6a29)
[06:59:14] <plutobot> Wiki | Page changed: Bluetooth Driver services | User: yls8 | https://switchbrew.org/w/index.php?curid=161&diff=10549&oldid=10544
[08:25:04] *** Joins: SCV___ (sid226262@charlton.irccloud.com)
[08:25:38] *** Joins: lemmu (lemmy@2600:3c00:e000:2e:0:dead:beef:6)
[08:29:18] *** Quits: lemmy (lemmy@2600:3c00:e000:2e:0:dead:beef:6) (Ping timeout: 615 seconds)
[08:32:48] *** Quits: d0k3 (uid151205@2001:67c:2f08:3::2:4ea5) (Ping timeout: 1230 seconds)
[08:32:48] *** Quits: Summeli (summeli@irc.summeli.com) (Ping timeout: 745 seconds)
[08:33:58] *** Joins: d0k3 (uid151205@charlton.irccloud.com)
[08:36:18] *** Quits: rjeli____ (sid289321@2001:67c:2f08:3::4:6a29) (Ping timeout: 1230 seconds)
[08:37:46] *** Joins: rjeli____ (sid289321@charlton.irccloud.com)
[08:41:01] *** Quits: SCV__ (sid226262@2001:67c:2f08:3::3:73d6) (Read error: Connection timed out)
[08:41:02] *** SCV___ is now known as SCV__
[08:47:26] *** Quits: rjeli____ (sid289321@charlton.irccloud.com) (Read error: Connection reset by peer)
[08:47:26] *** Quits: d0k3 (uid151205@charlton.irccloud.com) (Read error: Connection reset by peer)
[08:47:26] *** Quits: SCV__ (sid226262@charlton.irccloud.com) (Read error: Connection reset by peer)
[08:52:47] *** Joins: SCV__ (sid226262@charlton.irccloud.com)
[08:53:42] *** Joins: derk0pf (~derk0pf@ip5b413570.dynamic.kabel-deutschland.de)
[08:54:57] *** Joins: d0k3 (uid151205@charlton.irccloud.com)
[08:55:03] *** Joins: rjeli____ (sid289321@charlton.irccloud.com)
[09:12:13] *** Quits: derk0pf (~derk0pf@ip5b413570.dynamic.kabel-deutschland.de) (Read error: Operation timed out)
[09:16:28] *** Joins: derk0pf (~derk0pf@ip5b413570.dynamic.kabel-deutschland.de)
[10:03:53] *** Joins: rajkosto (~rajkosto@cable-178-149-125-126.dynamic.sbb.rs)
[12:24:15] *** Quits: derk0pf (~derk0pf@ip5b413570.dynamic.kabel-deutschland.de) (Ping timeout: 265 seconds)
[12:27:27] *** Joins: m4ts (~mats@176.125.235.96)
[12:37:55] *** Joins: lameboy2 (~lameboy@202-47-121-182.cust.dcsi.net.au)
[12:38:55] *** Quits: d0k3 (uid151205@charlton.irccloud.com) ()
[12:40:56] *** Quits: blasty (~blasty@haxx.in) (Read error: Connection reset by peer)
[12:41:25] *** Joins: blasty (~blasty@haxx.in)
[12:44:16] *** Quits: lameboy (~lameboy@202-47-121-182.cust.dcsi.net.au) (Read error: Operation timed out)
[12:44:18] *** lameboy2 is now known as lameboy
[12:48:28] *** Joins: Sentry- (~sentry@dslb-094-220-214-245.094.220.pools.vodafone-ip.de)
[12:48:28] *** Quits: Snetry (~sentry@dslb-094-220-214-245.094.220.pools.vodafone-ip.de) (Read error: Connection reset by peer)
[13:06:52] *** Joins: derk0pf (~derk0pf@ip5b413570.dynamic.kabel-deutschland.de)
[13:11:40] *** Quits: derk0pf (~derk0pf@ip5b413570.dynamic.kabel-deutschland.de) (Ping timeout: 265 seconds)
[13:57:40] *** Joins: derk0pf (~derk0pf@ip5b413570.dynamic.kabel-deutschland.de)
[14:25:33] *** Quits: rajkosto (~rajkosto@cable-178-149-125-126.dynamic.sbb.rs) (Read error: Connection reset by peer)
[14:52:50] *** Quits: derk0pf (~derk0pf@ip5b413570.dynamic.kabel-deutschland.de) (Ping timeout: 1216 seconds)
[15:07:20] *** Joins: derk0pf (~derk0pf@ip5b413570.dynamic.kabel-deutschland.de)
[16:28:38] *** Quits: derk0pf (~derk0pf@ip5b413570.dynamic.kabel-deutschland.de) (Ping timeout: 272 seconds)
[16:29:34] *** Joins: changoXPR (~Changolan@ip70-187-147-196.oc.oc.cox.net)
[16:34:58] *** Quits: changO- (~Changolan@ip70-187-147-196.oc.oc.cox.net) (Read error: Operation timed out)
[16:34:59] *** changoXPR is now known as changO-
[16:35:34] *** Joins: changoXPR (~Changolan@ip70-187-147-196.oc.oc.cox.net)
[16:50:31] *** Quits: changO- (~Changolan@ip70-187-147-196.oc.oc.cox.net) (Quit: http://www.twitter.com/changoland/)
[16:50:31] *** changoXPR is now known as changO-
[17:00:34] *** Joins: fgsfds (~figgis@93.123.144.171)
[17:58:28] *** Joins: derk0pf (~derk0pf@ip5b413570.dynamic.kabel-deutschland.de)
[18:07:34] *** Quits: derk0pf (~derk0pf@ip5b413570.dynamic.kabel-deutschland.de) (Read error: Operation timed out)
[18:14:16] *** Joins: derk0pf (~derk0pf@ip5b413570.dynamic.kabel-deutschland.de)
[18:27:13] *** Quits: derk0pf (~derk0pf@ip5b413570.dynamic.kabel-deutschland.de) (Ping timeout: 745 seconds)
[18:30:12] *** Joins: Tcm0 (~Tcm0@p5dc45397.dip0.t-ipconnect.de)
[19:04:00] *** Joins: derk0pf (~derk0pf@ip5b413570.dynamic.kabel-deutschland.de)
[19:14:24] *** Joins: zini (~zini@88-113-154-53.elisa-laajakaista.fi)
[19:15:13] *** Quits: Maylay_ (~gren@108-198-59-230.lightspeed.miamfl.sbcglobal.net) (Ping timeout: 272 seconds)
[19:15:27] *** Joins: Maylay (~gren@108-198-59-230.lightspeed.miamfl.sbcglobal.net)
[19:15:28] *** Quits: Maylay (~gren@108-198-59-230.lightspeed.miamfl.sbcglobal.net) (Remote host closed the connection!)
[19:15:50] *** Quits: zini- (~zini@88-113-154-53.elisa-laajakaista.fi) (Ping timeout: 272 seconds)
[19:18:50] *** Joins: Maylay (~gren@108-198-59-230.lightspeed.miamfl.sbcglobal.net)
[20:00:27] *** Joins: changoXPR (~Changolan@ip70-187-147-196.oc.oc.cox.net)
[20:02:08] *** Quits: changO- (~Changolan@ip70-187-147-196.oc.oc.cox.net) (Read error: Operation timed out)
[20:02:08] *** changoXPR is now known as changO-
[20:02:37] *** Joins: changoXPR (~Changolan@ip70-187-147-196.oc.oc.cox.net)
[21:11:48] *** Quits: derk0pf (~derk0pf@ip5b413570.dynamic.kabel-deutschland.de) (Ping timeout: 604 seconds)
[21:19:58] *** Joins: derk0pf (~derk0pf@ip5b413570.dynamic.kabel-deutschland.de)
[22:38:23] *** Joins: m4ts_ (~mats@s176125235106.blix.com)
[22:39:38] *** Quits: changoXPR (~Changolan@ip70-187-147-196.oc.oc.cox.net) (Quit: http://www.twitter.com/changoland/)
[22:40:55] *** Quits: changO- (~Changolan@ip70-187-147-196.oc.oc.cox.net) (Quit: http://www.twitter.com/changoland/)
[22:41:31] *** Quits: m4ts (~mats@176.125.235.96) (Ping timeout: 265 seconds)
[23:57:57] *** Quits: derk0pf (~derk0pf@ip5b413570.dynamic.kabel-deutschland.de) (Read error: Operation timed out)
