[00:44:20] *** Quits: nullstrin (~nullstrin@cermak.nullstring.io) (Read error: Operation timed out)
[00:48:08] *** Joins: nullstrin (~nullstrin@cermak.nullstring.io)
[00:54:14] *** Quits: derk0pf (~derk0pf@ip5b413570.dynamic.kabel-deutschland.de) (Ping timeout: 272 seconds)
[00:56:31] *** Quits: Tcm0 (~Tcm0@p4fde7c6f.dip0.t-ipconnect.de) (Leaving)
[01:20:17] *** Joins: derk0pf (~derk0pf@ip5b413570.dynamic.kabel-deutschland.de)
[01:25:16] *** Quits: derk0pf (~derk0pf@ip5b413570.dynamic.kabel-deutschland.de) (Ping timeout: 272 seconds)
[01:38:30] *** Joins: derk0pf (~derk0pf@ip5b413570.dynamic.kabel-deutschland.de)
[01:43:35] *** Quits: derk0pf (~derk0pf@ip5b413570.dynamic.kabel-deutschland.de) (Ping timeout: 265 seconds)
[01:51:10] *** Joins: derk0pf (~derk0pf@ip5b413570.dynamic.kabel-deutschland.de)
[01:59:56] *** Quits: derk0pf (~derk0pf@ip5b413570.dynamic.kabel-deutschland.de) (Ping timeout: 501 seconds)
[02:06:42] *** Quits: lameboy (~lameboy@202-47-121-182.cust.dcsi.net.au) (Quit: bbl)
[02:16:06] *** Joins: lameboy (~lameboy@202-47-121-182.cust.dcsi.net.au)
[03:51:50] *** Joins: derk0pf (~derk0pf@ip5b413570.dynamic.kabel-deutschland.de)
[03:56:26] *** Quits: derk0pf (~derk0pf@ip5b413570.dynamic.kabel-deutschland.de) (Ping timeout: 265 seconds)
[04:37:10] *** Quits: DacoTaco (~DacoTaco@178-119-112-131.access.telenet.be) (Ping timeout: 272 seconds)
[05:14:26] *** Quits: refs (~refs@p200300dd873e67005c2c49096a9eb637.dip0.t-ipconnect.de) (Quit: refs)
[05:17:59] *** Quits: fgsfds (~figgis@93.123.144.171) (Read error: Connection reset by peer)
[06:23:44] *** Joins: rajkosto (~rajkosto@cable-178-149-125-126.dynamic.sbb.rs)
[06:43:25] *** Joins: derk0pf (~derk0pf@ip5b413570.dynamic.kabel-deutschland.de)
[06:53:56] *** Quits: derk0pf (~derk0pf@ip5b413570.dynamic.kabel-deutschland.de) (Ping timeout: 604 seconds)
[07:12:18] *** Quits: rajkosto (~rajkosto@cable-178-149-125-126.dynamic.sbb.rs) (Read error: Connection reset by peer)
[07:41:34] *** Joins: derk0pf (~derk0pf@ip5b413570.dynamic.kabel-deutschland.de)
[07:45:28] *** Joins: DacoTaco (~DacoTaco@178-119-112-131.access.telenet.be)
[07:53:17] *** Quits: derk0pf (~derk0pf@ip5b413570.dynamic.kabel-deutschland.de) (Read error: Operation timed out)
[07:54:24] *** Quits: lameboy (~lameboy@202-47-121-182.cust.dcsi.net.au) (Read error: Operation timed out)
[07:56:32] *** Joins: lameboy (~lameboy@202-47-121-182.cust.dcsi.net.au)
[09:10:04] *** Joins: derk0pf (~derk0pf@ip5b413570.dynamic.kabel-deutschland.de)
[09:22:46] *** Joins: derk0pf_ (~derk0pf@dynamic-046-114-035-019.46.114.pool.telefonica.de)
[09:25:10] *** Quits: derk0pf (~derk0pf@ip5b413570.dynamic.kabel-deutschland.de) (Ping timeout: 265 seconds)
[09:38:38] *** Quits: derk0pf_ (~derk0pf@dynamic-046-114-035-019.46.114.pool.telefonica.de) (Ping timeout: 501 seconds)
[10:36:45] *** Joins: derk0pf (~derk0pf@ip5b413570.dynamic.kabel-deutschland.de)
[11:13:53] *** Quits: derk0pf (~derk0pf@ip5b413570.dynamic.kabel-deutschland.de) (Ping timeout: 857 seconds)
[12:08:42] *** Joins: m4ts (~mats@s17612523595.blix.com)
[12:09:59] *** Quits: m4ts_ (~mats@s176125235106.blix.com) (Ping timeout: 265 seconds)
[12:28:23] *** Joins: derk0pf (~derk0pf@ip5b413570.dynamic.kabel-deutschland.de)
[13:10:53] *** Joins: refs (~refs@p200300dd870dbc00c8afcb81f47a8f82.dip0.t-ipconnect.de)
[14:28:43] *** Quits: Galaxy| (~galaxy@174-083-197-034.res.spectrum.com) (Quit: Quit.)
[14:29:40] *** Joins: Galaxy| (~galaxy@174-083-197-034.res.spectrum.com)
[14:34:43] *** Quits: derk0pf (~derk0pf@ip5b413570.dynamic.kabel-deutschland.de) (Read error: Operation timed out)
[15:47:14] *** Quits: Maylay_ (~gren@108-198-59-230.lightspeed.miamfl.sbcglobal.net) (Ping timeout: 272 seconds)
[15:51:13] *** Joins: Maylay (~gren@108-198-59-230.lightspeed.miamfl.sbcglobal.net)
[15:59:51] *** Joins: fgsfds (~figgis@93.123.144.171)
[16:26:42] *** Joins: derk0pf (~derk0pf@ip5b413570.dynamic.kabel-deutschland.de)
[16:42:48] *** Joins: derk0pf_ (~derk0pf@ip5b413570.dynamic.kabel-deutschland.de)
[16:47:11] *** Quits: derk0pf (~derk0pf@ip5b413570.dynamic.kabel-deutschland.de) (Read error: Operation timed out)
[17:58:11] *** Quits: derk0pf_ (~derk0pf@ip5b413570.dynamic.kabel-deutschland.de) (Read error: Operation timed out)
[18:15:15] *** Joins: derk0pf (~derk0pf@ip5b413570.dynamic.kabel-deutschland.de)
[18:15:52] <plutobot> Wiki | Page changed: Bluetooth Driver services | User: yls8 | https://switchbrew.org/w/index.php?curid=161&diff=10551&oldid=10550
[18:32:50] *** Quits: derk0pf (~derk0pf@ip5b413570.dynamic.kabel-deutschland.de) (Read error: Operation timed out)
[18:33:00] *** Joins: derk0pf (~derk0pf@ip5b413570.dynamic.kabel-deutschland.de)
[18:38:06] *** Quits: derk0pf (~derk0pf@ip5b413570.dynamic.kabel-deutschland.de) (Ping timeout: 265 seconds)
[18:50:10] *** Joins: derk0pf (~derk0pf@ip5b413570.dynamic.kabel-deutschland.de)
[18:51:43] *** Joins: test47676 (~b0c7d29c@ircip2.mibbit.com)
[18:55:20] *** Quits: derk0pf (~derk0pf@ip5b413570.dynamic.kabel-deutschland.de) (Ping timeout: 272 seconds)
[19:00:04] <plutobot> Wiki | Page changed: Bluetooth Driver services | User: yls8 | https://switchbrew.org/w/index.php?curid=161&diff=10552&oldid=10551
[19:10:32] *** Quits: DacoTaco (~DacoTaco@178-119-112-131.access.telenet.be) (Ping timeout: 272 seconds)
[19:10:34] *** Quits: giglife (giglife@cpe244bfed15a98-cm688f2e1dc9d0.cpe.net.cable.rogers.com) (Read error: Connection reset by peer)
[19:10:37] *** Joins: giglife_ (giglife@cpe244bfed15a98-cm688f2e1dc9d0.cpe.net.cable.rogers.com)
[19:11:05] *** giglife_ is now known as giglife
[19:11:16] *** Quits: test47676 (~b0c7d29c@ircip2.mibbit.com) (https://mibbit.com Online IRC Client)
[20:51:03] *** Joins: derk0pf (~derk0pf@ip5b413570.dynamic.kabel-deutschland.de)
[21:43:04] <plutobot> Wiki | Page changed: Gamecard ASIC | User: Hexkyz | https://switchbrew.org/w/index.php?curid=349&diff=10553&oldid=10345
[23:16:35] *** Joins: shinyquag (~maxamilli@136.36.45.195)
