[00:04:50] *** Quits: Tcm0 (~Tcm0@p4fde79b7.dip0.t-ipconnect.de) (Leaving)
[03:58:03] *** Quits: Summeli (summeli@irc.summeli.com) (se.hub efnet.port80.se)
[03:58:03] *** Quits: rjeli____ (sid289321@charlton.irccloud.com) (se.hub efnet.port80.se)
[03:58:03] *** Quits: SCV__ (sid226262@charlton.irccloud.com) (se.hub efnet.port80.se)
[03:58:03] *** Quits: zini (~zini@88-113-154-53.elisa-laajakaista.fi) (se.hub efnet.port80.se)
[03:58:03] *** Quits: Normmatt (~Normmatt@cloud.normmatt.com) (se.hub efnet.port80.se)
[03:58:03] *** Quits: dibas (~dibas@wild.uberspace.de) (se.hub efnet.port80.se)
[03:58:03] *** Quits: Phils3r (~Phil@phils3r.de) (se.hub efnet.port80.se)
[03:58:03] *** Quits: mid-kid1 (~mid-kid@136-144-185-148.colo.transip.net) (se.hub efnet.port80.se)
[03:58:03] *** Quits: pewz (~PewZ@115.38.91.34.bc.googleusercontent.com) (se.hub efnet.port80.se)
[03:58:03] *** Quits: derrek (~derrek@hyrrokkin.uberspace.de) (se.hub efnet.port80.se)
[03:58:03] *** Quits: gruetzkop (gruetzkopf@bnc.dont-follow.us) (se.hub efnet.port80.se)
[03:58:03] *** Quits: rctgamer3 (~rctgamer3@185.66.251.249) (se.hub efnet.port80.se)
[03:58:03] *** Quits: datagutt (~datagutt@mail.guac.live) (se.hub efnet.port80.se)
[03:58:03] *** Quits: ave_ (~ave_@79.110.170.32) (se.hub efnet.port80.se)
[03:58:03] *** Quits: uyjulian (~uyjulian@69-110-38-205.lightspeed.lbcktx.sbcglobal.net) (se.hub efnet.port80.se)
[03:58:03] *** Quits: klock (~efklock@vps1.ksociety.net) (se.hub efnet.port80.se)
[03:58:03] *** Quits: TAL (~TAL@defiant.tlercher.de) (se.hub efnet.port80.se)
[03:58:03] *** Quits: mafcadio3 (~mafcadio@cpc158505-smal20-2-0-cust226.19-1.cable.virginm.net) (se.hub efnet.port80.se)
[03:58:03] *** Quits: Ghabry (~ghabry@datengurke.mastergk.de) (se.hub efnet.port80.se)
[03:58:03] *** Quits: hexkyz (~hexkyz@ec2-18-179-123-169.ap-northeast-1.compute.amazonaws.com) (se.hub efnet.port80.se)
[03:58:03] *** Quits: hthh_ (~hthh@hh.ht) (se.hub efnet.port80.se)
[03:58:03] *** Quits: coriolis (~coriolis@ns398009.ip-192-95-24.net) (se.hub efnet.port80.se)
[04:03:30] *** Joins: Summeli (summeli@irc.summeli.com)
[04:03:30] *** Joins: zini (~zini@88-113-154-53.elisa-laajakaista.fi)
[04:03:30] *** Joins: Normmatt (~Normmatt@cloud.normmatt.com)
[04:03:30] *** Joins: dibas (~dibas@wild.uberspace.de)
[04:03:30] *** Joins: Phils3r (~Phil@phils3r.de)
[04:03:30] *** Joins: mid-kid1 (~mid-kid@136-144-185-148.colo.transip.net)
[04:03:30] *** Joins: pewz (~PewZ@115.38.91.34.bc.googleusercontent.com)
[04:03:30] *** Joins: derrek (~derrek@hyrrokkin.uberspace.de)
[04:03:30] *** Joins: gruetzkop (gruetzkopf@bnc.dont-follow.us)
[04:03:30] *** Joins: rctgamer3 (~rctgamer3@185.66.251.249)
[04:03:30] *** Joins: datagutt (~datagutt@mail.guac.live)
[04:03:30] *** Joins: ave_ (~ave_@79.110.170.32)
[04:03:30] *** Joins: uyjulian (~uyjulian@69-110-38-205.lightspeed.lbcktx.sbcglobal.net)
[04:03:30] *** Joins: klock (~efklock@vps1.ksociety.net)
[04:03:30] *** Joins: TAL (~TAL@defiant.tlercher.de)
[04:03:30] *** Joins: mafcadio3 (~mafcadio@cpc158505-smal20-2-0-cust226.19-1.cable.virginm.net)
[04:03:30] *** Joins: Ghabry (~ghabry@datengurke.mastergk.de)
[04:03:30] *** Joins: hexkyz (~hexkyz@ec2-18-179-123-169.ap-northeast-1.compute.amazonaws.com)
[04:03:30] *** Joins: hthh_ (~hthh@hh.ht)
[04:03:30] *** Joins: coriolis (~coriolis@ns398009.ip-192-95-24.net)
[04:04:22] *** Joins: SCV__ (sid226262@2001:67c:2f08:3::3:73d6)
[04:04:41] *** Joins: rjeli____ (sid289321@2001:67c:2f08:3::4:6a29)
[04:53:36] *** Quits: refs (~refs@p200300dd8715ea00e955b53706bb67ad.dip0.t-ipconnect.de) (Quit: refs)
[06:02:36] *** Quits: derk0pf (~derk0pf@ip5b413570.dynamic.kabel-deutschland.de) (Ping timeout: 604 seconds)
[06:56:46] *** Quits: fgsfds (~figgis@93.123.144.171) (Read error: Connection reset by peer)
[07:13:33] *** Quits: SCV__ (sid226262@2001:67c:2f08:3::3:73d6) (Ping timeout: 1230 seconds)
[07:13:47] *** Joins: SCV__ (sid226262@2001:67c:2f08:3::3:73d6)
[09:15:02] *** Joins: derk0pf (~derk0pf@ip5b413570.dynamic.kabel-deutschland.de)
[09:34:08] *** Quits: rjeli____ (sid289321@2001:67c:2f08:3::4:6a29) (Ping timeout: 1230 seconds)
[09:34:23] *** Joins: rjeli____ (sid289321@2001:67c:2f08:3::4:6a29)
[10:14:30] *** Joins: rajkosto (~rajkosto@cable-178-149-125-126.dynamic.sbb.rs)
[10:33:38] *** Quits: SCV__ (sid226262@2001:67c:2f08:3::3:73d6) (Ping timeout: 1230 seconds)
[10:33:51] *** Joins: SCV__ (sid226262@2001:67c:2f08:3::3:73d6)
[12:49:08] *** Joins: Tcm0 (~Tcm0@p4fde7a10.dip0.t-ipconnect.de)
[13:38:38] *** Quits: derk0pf (~derk0pf@ip5b413570.dynamic.kabel-deutschland.de) (Ping timeout: 272 seconds)
[13:45:51] *** Joins: derk0pf (~derk0pf@ip5b413570.dynamic.kabel-deutschland.de)
[14:24:03] *** Quits: rjeli____ (sid289321@2001:67c:2f08:3::4:6a29) (Ping timeout: 1230 seconds)
[14:24:16] *** Joins: rjeli____ (sid289321@2001:67c:2f08:3::4:6a29)
[14:52:02] *** Quits: derk0pf (~derk0pf@ip5b413570.dynamic.kabel-deutschland.de) (Read error: Operation timed out)
[15:08:00] *** Joins: derk0pf (~derk0pf@ip5b413570.dynamic.kabel-deutschland.de)
[15:14:16] *** Quits: derk0pf (~derk0pf@ip5b413570.dynamic.kabel-deutschland.de) (Ping timeout: 272 seconds)
[15:24:28] *** Joins: derk0pf (~derk0pf@ip5b413570.dynamic.kabel-deutschland.de)
[15:32:31] *** Quits: rajkosto (~rajkosto@cable-178-149-125-126.dynamic.sbb.rs) (Read error: Connection reset by peer)
[15:49:13] *** Quits: SCV__ (sid226262@2001:67c:2f08:3::3:73d6) (Ping timeout: 1230 seconds)
[15:49:26] *** Joins: SCV__ (sid226262@2001:67c:2f08:3::3:73d6)
[15:54:10] *** Quits: derk0pf (~derk0pf@ip5b413570.dynamic.kabel-deutschland.de) (Ping timeout: 272 seconds)
[16:05:18] *** Joins: derk0pf (~derk0pf@ip5b413570.dynamic.kabel-deutschland.de)
[16:09:38] *** Quits: rjeli____ (sid289321@2001:67c:2f08:3::4:6a29) (Ping timeout: 1230 seconds)
[16:09:51] *** Joins: rjeli____ (sid289321@2001:67c:2f08:3::4:6a29)
[16:15:17] *** Joins: flotwig (~flotwig@136.55.38.10)
[16:16:09] *** Quits: derk0pf (~derk0pf@ip5b413570.dynamic.kabel-deutschland.de) (Read error: Operation timed out)
[16:58:19] *** Quits: flotwig (~flotwig@136.55.38.10) (Read error: Operation timed out)
[17:25:23] *** Joins: flotwig (~flotwig@136.55.38.10)
[17:32:08] *** Joins: derk0pf (~derk0pf@ip5b413570.dynamic.kabel-deutschland.de)
[18:05:45] *** Joins: lameboy2 (~lameboy@202-47-121-182.cust.dcsi.net.au)
[18:08:26] *** Quits: lameboy (~lameboy@202-47-121-182.cust.dcsi.net.au) (Ping timeout: 272 seconds)
[18:08:28] *** lameboy2 is now known as lameboy
[18:21:43] *** Quits: derk0pf (~derk0pf@ip5b413570.dynamic.kabel-deutschland.de) (Ping timeout: 744 seconds)
[18:39:10] *** Joins: derk0pf (~derk0pf@ip5b413570.dynamic.kabel-deutschland.de)
[18:54:43] *** Quits: rjeli____ (sid289321@2001:67c:2f08:3::4:6a29) (Ping timeout: 1230 seconds)
[18:54:57] *** Joins: rjeli____ (sid289321@2001:67c:2f08:3::4:6a29)
[18:56:30] *** Quits: derk0pf (~derk0pf@ip5b413570.dynamic.kabel-deutschland.de) (Read error: Operation timed out)
[18:57:11] *** Joins: derk0pf (~derk0pf@ip5b413570.dynamic.kabel-deutschland.de)
[19:02:16] *** Quits: derk0pf (~derk0pf@ip5b413570.dynamic.kabel-deutschland.de) (Ping timeout: 272 seconds)
[19:14:32] *** Joins: derk0pf (~derk0pf@ip5b413570.dynamic.kabel-deutschland.de)
[19:22:57] *** Joins: rajkosto (~rajkosto@cable-178-149-125-126.dynamic.sbb.rs)
[19:56:39] *** Quits: derk0pf (~derk0pf@ip5b413570.dynamic.kabel-deutschland.de) (Ping timeout: 265 seconds)
[21:13:56] *** Quits: rajkosto (~rajkosto@cable-178-149-125-126.dynamic.sbb.rs) (Read error: Connection reset by peer)
[21:57:53] *** Quits: rjeli____ (sid289321@2001:67c:2f08:3::4:6a29) (Ping timeout: 1230 seconds)
[21:58:07] *** Joins: rjeli____ (sid289321@2001:67c:2f08:3::4:6a29)
[22:16:04] *** Joins: derk0pf (~derk0pf@ip5b413570.dynamic.kabel-deutschland.de)
[22:21:15] *** Joins: derk0pf_ (~derk0pf@ip5b413570.dynamic.kabel-deutschland.de)
[22:26:50] *** Quits: derk0pf (~derk0pf@ip5b413570.dynamic.kabel-deutschland.de) (Read error: Operation timed out)
[22:34:03] *** Quits: SCV__ (sid226262@2001:67c:2f08:3::3:73d6) (Ping timeout: 1230 seconds)
[22:34:16] *** Joins: SCV__ (sid226262@2001:67c:2f08:3::3:73d6)
[23:27:44] *** Quits: rjeli____ (sid289321@2001:67c:2f08:3::4:6a29) (Ping timeout: 1230 seconds)
[23:27:57] *** Joins: rjeli____ (sid289321@2001:67c:2f08:3::4:6a29)
[23:39:52] *** Quits: Tcm0 (~Tcm0@p4fde7a10.dip0.t-ipconnect.de) (Leaving)
