[02:06:30] *** Quits: nullstrin (~nullstrin@cermak.nullstring.io) (Read error: Operation timed out)
[02:10:16] *** Joins: nullstrin (~nullstrin@cermak.nullstring.io)
[02:30:53] *** Quits: SCV__ (sid226262@2001:67c:2f08:3::3:73d6) (Ping timeout: 1230 seconds)
[02:31:07] *** Joins: SCV__ (sid226262@2001:67c:2f08:3::3:73d6)
[03:18:08] *** Quits: derk0pf_ (~derk0pf@ip5b413570.dynamic.kabel-deutschland.de) (Ping timeout: 857 seconds)
[03:34:20] *** Joins: derk0pf (~derk0pf@ip5b413570.dynamic.kabel-deutschland.de)
[03:47:03] *** Quits: derk0pf (~derk0pf@ip5b413570.dynamic.kabel-deutschland.de) (Ping timeout: 744 seconds)
[03:48:29] *** Quits: rjeli____ (sid289321@2001:67c:2f08:3::4:6a29) (Ping timeout: 1230 seconds)
[03:48:41] *** Joins: rjeli____ (sid289321@2001:67c:2f08:3::4:6a29)
[03:51:26] *** Joins: derk0pf (~derk0pf@ip5b413570.dynamic.kabel-deutschland.de)
[04:01:50] *** Quits: derk0pf (~derk0pf@ip5b413570.dynamic.kabel-deutschland.de) (Ping timeout: 604 seconds)
[05:15:58] *** Quits: rjeli____ (sid289321@2001:67c:2f08:3::4:6a29) (Ping timeout: 1230 seconds)
[05:16:12] *** Joins: rjeli____ (sid289321@2001:67c:2f08:3::4:6a29)
[06:08:48] *** Joins: derk0pf (~derk0pf@ip5b413570.dynamic.kabel-deutschland.de)
[06:13:36] *** Quits: derk0pf (~derk0pf@ip5b413570.dynamic.kabel-deutschland.de) (Ping timeout: 272 seconds)
[08:09:50] *** Joins: derk0pf (~derk0pf@ip5b413570.dynamic.kabel-deutschland.de)
[08:09:50] *** Quits: GrecKo_ (~grecko@static.183.157.9.5.clients.your-server.de) (Read error: Connection reset by peer)
[08:10:25] *** Joins: GrecKo (~grecko@static.183.157.9.5.clients.your-server.de)
[08:16:00] *** Quits: derk0pf (~derk0pf@ip5b413570.dynamic.kabel-deutschland.de) (Read error: Operation timed out)
[09:16:13] *** Joins: derk0pf (~derk0pf@ip5b413570.dynamic.kabel-deutschland.de)
[09:40:48] *** Quits: rjeli____ (sid289321@2001:67c:2f08:3::4:6a29) (Ping timeout: 1230 seconds)
[09:41:02] *** Joins: rjeli____ (sid289321@2001:67c:2f08:3::4:6a29)
[09:55:36] *** Joins: Tcm0 (~Tcm0@p5dc459fb.dip0.t-ipconnect.de)
[10:13:28] *** Quits: SCV__ (sid226262@2001:67c:2f08:3::3:73d6) (Ping timeout: 1230 seconds)
[10:13:41] *** Joins: SCV__ (sid226262@2001:67c:2f08:3::3:73d6)
[10:31:33] *** Quits: derk0pf (~derk0pf@ip5b413570.dynamic.kabel-deutschland.de) (Ping timeout: 745 seconds)
[10:33:36] *** Joins: derk0pf (~derk0pf@ip5b413570.dynamic.kabel-deutschland.de)
[12:02:26] *** Quits: Maylay (~gren@108-198-59-230.lightspeed.miamfl.sbcglobal.net) (se.hub efnet.deic.eu)
[12:06:44] *** Joins: Maylay_ (~gren@108-198-59-230.lightspeed.miamfl.sbcglobal.net)
[13:15:35] *** Joins: derk0pf_ (~derk0pf@dynamic-046-114-035-216.46.114.pool.telefonica.de)
[13:23:03] *** Quits: derk0pf (~derk0pf@ip5b413570.dynamic.kabel-deutschland.de) (Ping timeout: 745 seconds)
[13:24:51] *** Joins: refs (~refs@p200300dd87182100154b9018c126aca1.dip0.t-ipconnect.de)
[13:51:51] *** Quits: derk0pf_ (~derk0pf@dynamic-046-114-035-216.46.114.pool.telefonica.de) (Read error: Connection reset by peer)
[13:53:21] *** Joins: derk0pf (~derk0pf@ip5b413570.dynamic.kabel-deutschland.de)
[14:42:30] *** Quits: Mimoja (~Mimoja@mail.mimoja.de) (Quit: Ping timeout (120 seconds))
[14:42:45] *** Joins: Mimoja (~Mimoja@mail.mimoja.de)
[14:44:48] *** Quits: Mimoja (~Mimoja@mail.mimoja.de) (Client Quit)
[14:45:09] *** Joins: Mimoja (~Mimoja@mail.mimoja.de)
[15:13:37] *** Quits: Mimoja (~Mimoja@mail.mimoja.de) (Quit: Ping timeout (120 seconds))
[15:16:11] *** Joins: Mimoja (~Mimoja@mail.mimoja.de)
[15:18:40] *** Quits: Mimoja (~Mimoja@mail.mimoja.de) (Client Quit)
[15:21:39] *** Joins: Mimoja (~Mimoja@mail.mimoja.de)
[15:23:42] *** Quits: Mimoja (~Mimoja@mail.mimoja.de) (Client Quit)
[15:27:46] *** Quits: Maylay_ (~gren@108-198-59-230.lightspeed.miamfl.sbcglobal.net) (Quit: Pipe Terminated)
[15:28:28] *** Quits: SCV__ (sid226262@2001:67c:2f08:3::3:73d6) (Ping timeout: 1230 seconds)
[15:28:41] *** Joins: SCV__ (sid226262@2001:67c:2f08:3::3:73d6)
[15:29:10] *** Joins: Mimoja (~Mimoja@mail.mimoja.de)
[15:31:11] *** Quits: Mimoja (~Mimoja@mail.mimoja.de) (Client Quit)
[15:44:09] *** Quits: derk0pf (~derk0pf@ip5b413570.dynamic.kabel-deutschland.de) (Read error: Connection refused)
[15:47:09] *** Joins: Mimoja (~Mimoja@mail.mimoja.de)
[15:59:58] *** Quits: rjeli____ (sid289321@2001:67c:2f08:3::4:6a29) (Ping timeout: 1230 seconds)
[16:00:11] *** Joins: rjeli____ (sid289321@2001:67c:2f08:3::4:6a29)
[16:37:38] *** Quits: Mimoja (~Mimoja@mail.mimoja.de) (Quit: Ping timeout (120 seconds))
[16:39:53] *** Joins: Mimoja (~Mimoja@mail.mimoja.de)
[16:42:24] *** Quits: Mimoja (~Mimoja@mail.mimoja.de) (Client Quit)
[16:55:29] *** Joins: derk0pf (~derk0pf@ip5b413570.dynamic.kabel-deutschland.de)
[16:58:58] *** Joins: Mimoja (~Mimoja@mail.mimoja.de)
[17:02:27] *** Quits: Mimoja (~Mimoja@mail.mimoja.de) (Client Quit)
[17:03:19] *** Joins: Mimoja (~Mimoja@mail.mimoja.de)
[17:06:20] *** Quits: Mimoja (~Mimoja@mail.mimoja.de) (Client Quit)
[17:06:44] *** Joins: Mimoja (~Mimoja@mail.mimoja.de)
[20:03:53] *** Quits: refs (~refs@p200300dd87182100154b9018c126aca1.dip0.t-ipconnect.de) (Quit: refs)
[20:15:28] *** Quits: rjeli____ (sid289321@2001:67c:2f08:3::4:6a29) (Ping timeout: 1230 seconds)
[20:15:28] *** Quits: SCV__ (sid226262@2001:67c:2f08:3::3:73d6) (Ping timeout: 1230 seconds)
[20:15:41] *** Joins: SCV__ (sid226262@2001:67c:2f08:3::3:73d6)
[20:15:41] *** Joins: rjeli____ (sid289321@2001:67c:2f08:3::4:6a29)
[22:06:10] *** Joins: foghorn2 (~meh@107-198-163-1.lightspeed.rcsntx.sbcglobal.net)
[22:06:35] *** Joins: hordak_ (hordak@cautio.us)
[22:07:30] *** Quits: nullstrin (~nullstrin@cermak.nullstring.io) (Read error: Operation timed out)
[22:08:13] *** Quits: tpw_rules (~tpw_rules@li1059-135.members.linode.com) (Read error: Operation timed out)
[22:08:34] *** Quits: omlet05 (~quassel@omlet.ovh) (Read error: Operation timed out)
[22:09:11] *** Quits: j0hny5 (j0hny5@94.75.242.8) (Read error: Operation timed out)
[22:09:22] *** Quits: Behemoth_ (~quassel@82.165.248.46) (Read error: Operation timed out)
[22:09:55] *** Quits: freundTec (~freundTec@freundtech.com) (Read error: Operation timed out)
[22:10:07] *** Joins: Behemoth_ (~quassel@82.165.248.46)
[22:10:11] *** Joins: mtheall_ (~mtheall@mtheall.com)
[22:11:00] *** Quits: hordak (hordak@cautio.us) (Read error: Operation timed out)
[22:11:00] *** hordak_ is now known as hordak
[22:11:11] *** Quits: foghorn (~meh@107-198-163-1.lightspeed.rcsntx.sbcglobal.net) (Read error: Operation timed out)
[22:11:12] *** Quits: |Shadow| (~Shadow1@ip24-253-244-123.ok.ok.cox.net) (Read error: Operation timed out)
[22:11:34] *** Quits: mtheall (~mtheall@mtheall.com) (Read error: Operation timed out)
[22:11:37] *** Quits: Tcm0 (~Tcm0@p5dc459fb.dip0.t-ipconnect.de) (Read error: Operation timed out)
[22:11:53] *** Joins: omlet05 (~quassel@omlet.ovh)
[22:15:44] *** Joins: |Shadow| (~Shadow1@ip24-253-244-123.ok.ok.cox.net)
[22:15:55] *** Joins: j0hny5 (j0hny5@94.75.242.8)
[22:16:35] *** Joins: tpw_rules (~tpw_rules@li1059-135.members.linode.com)
[22:16:45] *** Joins: freundTec (~freundTec@freundtech.com)
[22:17:33] *** Joins: nullstrin (~nullstrin@cermak.nullstring.io)
[22:51:13] *** Quits: rjeli____ (sid289321@2001:67c:2f08:3::4:6a29) (Ping timeout: 1230 seconds)
[22:51:26] *** Joins: rjeli____ (sid289321@2001:67c:2f08:3::4:6a29)
