[00:02:18] *** Quits: derk0pf (~derk0pf@ip5b413570.dynamic.kabel-deutschland.de) (Ping timeout: 265 seconds)
[00:03:23] *** Quits: changO- (~Changolan@ip70-187-147-196.oc.oc.cox.net) (Read error: Operation timed out)
[00:27:55] *** Joins: derk0pf (~derk0pf@ip5b413570.dynamic.kabel-deutschland.de)
[00:34:46] *** Joins: changO- (chango@ip70-187-150-73.oc.oc.cox.net)
[00:34:46] *** Quits: changO- (chango@ip70-187-150-73.oc.oc.cox.net) (Excess Flood)
[00:34:52] *** Joins: changO- (chango@ip70-187-150-73.oc.oc.cox.net)
[00:49:03] *** Quits: SCV__ (sid226262@2001:67c:2f08:3::3:73d6) (Ping timeout: 1230 seconds)
[00:49:20] *** Joins: SCV__ (sid226262@2001:67c:2f08:3::3:73d6)
[01:02:12] *** Quits: derk0pf (~derk0pf@ip5b413570.dynamic.kabel-deutschland.de) (Ping timeout: 272 seconds)
[01:15:40] *** Joins: derk0pf (~derk0pf@ip5b413570.dynamic.kabel-deutschland.de)
[01:18:48] *** Quits: rjeli____ (sid289321@2001:67c:2f08:3::4:6a29) (Ping timeout: 1230 seconds)
[01:19:01] *** Joins: rjeli____ (sid289321@2001:67c:2f08:3::4:6a29)
[01:20:36] *** Quits: derk0pf (~derk0pf@ip5b413570.dynamic.kabel-deutschland.de) (Ping timeout: 265 seconds)
[01:31:58] *** Joins: derk0pf (~derk0pf@ip5b413570.dynamic.kabel-deutschland.de)
[01:40:37] *** Quits: derk0pf (~derk0pf@ip5b413570.dynamic.kabel-deutschland.de) (Ping timeout: 501 seconds)
[01:55:26] *** Joins: GrecKo_ (~grecko@static.183.157.9.5.clients.your-server.de)
[01:55:26] *** Quits: GrecKo (~grecko@static.183.157.9.5.clients.your-server.de) (Read error: Connection reset by peer)
[02:05:28] *** Quits: rjeli____ (sid289321@2001:67c:2f08:3::4:6a29) (Ping timeout: 1230 seconds)
[02:05:41] *** Joins: rjeli____ (sid289321@2001:67c:2f08:3::4:6a29)
[02:33:26] *** Joins: refs (~refs@p200300dd87182100a535510e8f13f14e.dip0.t-ipconnect.de)
[03:12:05] *** Joins: derk0pf (~derk0pf@ip5b413570.dynamic.kabel-deutschland.de)
[03:28:06] *** Quits: derk0pf (~derk0pf@ip5b413570.dynamic.kabel-deutschland.de) (Read error: Operation timed out)
[03:29:26] *** Quits: SCV__ (sid226262@2001:67c:2f08:3::3:73d6) (Read error: Connection timed out)
[03:29:54] *** Joins: SCV__ (sid226262@2001:67c:2f08:3::3:73d6)
[04:28:37] *** Joins: changoXPR (~Changolan@ip70-187-150-73.oc.oc.cox.net)
[04:32:12] *** Quits: changO- (chango@ip70-187-150-73.oc.oc.cox.net) (Ping timeout: 501 seconds)
[04:32:13] *** changoXPR is now known as changO-
[04:48:07] *** Quits: refs (~refs@p200300dd87182100a535510e8f13f14e.dip0.t-ipconnect.de) (Quit: refs)
[05:14:37] *** Joins: derk0pf (~derk0pf@ip5b413570.dynamic.kabel-deutschland.de)
[05:28:23] *** Quits: derk0pf (~derk0pf@ip5b413570.dynamic.kabel-deutschland.de) (Read error: Operation timed out)
[05:48:53] *** Quits: SCV__ (sid226262@2001:67c:2f08:3::3:73d6) (Ping timeout: 1230 seconds)
[05:48:53] *** Quits: rjeli____ (sid289321@2001:67c:2f08:3::4:6a29) (Ping timeout: 1230 seconds)
[05:49:06] *** Joins: rjeli____ (sid289321@2001:67c:2f08:3::4:6a29)
[05:49:06] *** Joins: SCV__ (sid226262@2001:67c:2f08:3::3:73d6)
[07:15:15] *** Joins: derk0pf (~derk0pf@ip5b413570.dynamic.kabel-deutschland.de)
[07:20:18] *** Quits: derk0pf (~derk0pf@ip5b413570.dynamic.kabel-deutschland.de) (Ping timeout: 272 seconds)
[08:46:52] *** Joins: derk0pf (~derk0pf@ip5b413570.dynamic.kabel-deutschland.de)
[08:51:32] *** Quits: derk0pf (~derk0pf@ip5b413570.dynamic.kabel-deutschland.de) (Ping timeout: 265 seconds)
[09:02:03] *** Joins: derk0pf (~derk0pf@ip5b413570.dynamic.kabel-deutschland.de)
[09:31:29] *** Quits: derk0pf (~derk0pf@ip5b413570.dynamic.kabel-deutschland.de) (Read error: Operation timed out)
[10:23:36] *** Joins: derk0pf (~derk0pf@ip5b413570.dynamic.kabel-deutschland.de)
[10:53:29] *** Joins: rajkosto (~rajkosto@cable-178-149-125-126.dynamic.sbb.rs)
[11:44:35] *** Quits: derk0pf (~derk0pf@ip5b413570.dynamic.kabel-deutschland.de) (Ping timeout: 265 seconds)
[12:06:29] *** Quits: changO- (~Changolan@ip70-187-150-73.oc.oc.cox.net) (Ping timeout: 265 seconds)
[12:06:47] *** Joins: changO- (chango@ip68-5-8-75.oc.oc.cox.net)
[12:10:15] *** Joins: derk0pf (~derk0pf@ip5b413570.dynamic.kabel-deutschland.de)
[12:15:27] *** Quits: derk0pf (~derk0pf@ip5b413570.dynamic.kabel-deutschland.de) (Ping timeout: 272 seconds)
[12:26:21] *** Joins: derk0pf (~derk0pf@ip5b413570.dynamic.kabel-deutschland.de)
[12:36:15] *** Quits: derk0pf (~derk0pf@ip5b413570.dynamic.kabel-deutschland.de) (Read error: Connection refused)
[13:55:49] *** Joins: derk0pf (~derk0pf@ip5b413570.dynamic.kabel-deutschland.de)
[14:13:11] *** Joins: derk0pf_ (~derk0pf@dynamic-046-114-036-167.46.114.pool.telefonica.de)
[14:20:00] *** Quits: derk0pf (~derk0pf@ip5b413570.dynamic.kabel-deutschland.de) (Read error: Operation timed out)
[15:53:43] *** Quits: derk0pf_ (~derk0pf@dynamic-046-114-036-167.46.114.pool.telefonica.de) (Ping timeout: 501 seconds)
[15:58:48] *** Joins: derk0pf (~derk0pf@dynamic-046-114-037-100.46.114.pool.telefonica.de)
[16:09:12] *** Quits: foghorn2 (~meh@107-198-163-1.lightspeed.rcsntx.sbcglobal.net) (Read error: Connection reset by peer)
[16:09:46] *** Joins: foghorn (~meh@107-198-163-1.lightspeed.rcsntx.sbcglobal.net)
[16:14:33] *** Quits: derk0pf (~derk0pf@dynamic-046-114-037-100.46.114.pool.telefonica.de) (Read error: Connection reset by peer)
[16:59:25] *** Joins: derk0pf (~derk0pf@dynamic-046-114-033-069.46.114.pool.telefonica.de)
[17:39:09] *** Joins: refs (~refs@p200300dd873463001d9dd4ab0b58cd0e.dip0.t-ipconnect.de)
[17:43:21] *** Quits: rajkosto (~rajkosto@cable-178-149-125-126.dynamic.sbb.rs) (Read error: Operation timed out)
[18:37:23] <plutobot> Wiki | Page changed: HID services | User: Hexkyz | https://switchbrew.org/w/index.php?curid=103&diff=10558&oldid=10527
[19:01:02] *** Quits: derk0pf (~derk0pf@dynamic-046-114-033-069.46.114.pool.telefonica.de) (Ping timeout: 265 seconds)
[19:01:03] *** Joins: derk0pf (~derk0pf@ip5b413570.dynamic.kabel-deutschland.de)
[19:22:18] *** Quits: derk0pf (~derk0pf@ip5b413570.dynamic.kabel-deutschland.de) (Ping timeout: 272 seconds)
[19:38:17] *** Joins: derk0pf (~derk0pf@ip5b413570.dynamic.kabel-deutschland.de)
[19:42:37] *** Joins: rajkosto (~rajkosto@cable-178-149-125-126.dynamic.sbb.rs)
[19:44:03] *** Quits: derk0pf (~derk0pf@ip5b413570.dynamic.kabel-deutschland.de) (Ping timeout: 265 seconds)
[19:45:48] *** Joins: derk0pf (~derk0pf@dynamic-046-114-033-149.46.114.pool.telefonica.de)
[20:18:22] *** Quits: rajkosto (~rajkosto@cable-178-149-125-126.dynamic.sbb.rs) (Ping timeout: 265 seconds)
[20:22:22] *** Joins: rajkosto (~rajkosto@cable-178-149-125-126.dynamic.sbb.rs)
[20:54:06] *** Joins: derk0pf_ (~derk0pf@ip5b413570.dynamic.kabel-deutschland.de)
[20:56:02] *** Quits: derk0pf (~derk0pf@dynamic-046-114-033-149.46.114.pool.telefonica.de) (Ping timeout: 272 seconds)
[21:19:37] *** Joins: derk0pf (~derk0pf@dynamic-046-114-037-129.46.114.pool.telefonica.de)
[21:26:20] *** Quits: derk0pf_ (~derk0pf@ip5b413570.dynamic.kabel-deutschland.de) (Read error: Operation timed out)
[22:42:06] *** Quits: changO- (chango@ip68-5-8-75.oc.oc.cox.net) (Read error: Connection reset by peer)
[22:42:28] *** Joins: changO- (~Changolan@ip68-5-8-75.oc.oc.cox.net)
[23:00:33] *** Joins: derk0pf_ (~derk0pf@ip5b413570.dynamic.kabel-deutschland.de)
[23:06:25] *** Quits: derk0pf (~derk0pf@dynamic-046-114-037-129.46.114.pool.telefonica.de) (Read error: Operation timed out)
[23:21:27] *** Quits: rajkosto (~rajkosto@cable-178-149-125-126.dynamic.sbb.rs) (Read error: Connection reset by peer)
[23:39:48] *** Quits: Galaxy| (~galaxy@174-083-197-034.res.spectrum.com) (Quit.)
[23:40:40] *** Quits: derk0pf_ (~derk0pf@ip5b413570.dynamic.kabel-deutschland.de) (Ping timeout: 604 seconds)
