[00:22:45] *** Joins: Galaxy| (~galaxy@174-083-197-034.res.spectrum.com)
[02:24:10] *** Joins: Maylay (~gren@108-198-59-230.lightspeed.miamfl.sbcglobal.net)
[04:25:48] *** Joins: datagutt_ (~datagutt@datagutt1.com)
[04:25:48] *** Quits: datagutt (~datagutt@mail.guac.live) (Read error: Connection reset by peer)
[04:25:57] *** datagutt_ is now known as datagutt
[04:30:08] *** Quits: flotwig (~flotwig@136.55.38.10) (Read error: Operation timed out)
[05:04:23] *** Quits: refs (~refs@p200300dd873463001d9dd4ab0b58cd0e.dip0.t-ipconnect.de) (Quit: refs)
[08:15:16] *** Joins: lameboy2 (~lameboy@202-47-121-182.cust.dcsi.net.au)
[08:15:45] *** Quits: lameboy (~lameboy@202-47-121-182.cust.dcsi.net.au) (Read error: Operation timed out)
[08:15:46] *** lameboy2 is now known as lameboy
[08:20:13] *** Joins: rajkosto (~rajkosto@cable-178-149-125-126.dynamic.sbb.rs)
[08:48:00] *** Joins: lameboy2 (~lameboy@202-47-121-182.cust.dcsi.net.au)
[08:55:00] *** Quits: lameboy (~lameboy@202-47-121-182.cust.dcsi.net.au) (Read error: Operation timed out)
[08:55:01] *** lameboy2 is now known as lameboy
[11:31:34] *** Joins: rajko (~rajkosto@cable-178-149-125-126.dynamic.sbb.rs)
[11:32:53] *** Quits: omlet05 (~quassel@omlet.ovh) (Read error: Operation timed out)
[11:32:57] *** Joins: omlet05 (~quassel@omlet.ovh)
[11:36:18] *** Quits: rajkosto (~rajkosto@cable-178-149-125-126.dynamic.sbb.rs) (Read error: Operation timed out)
[11:55:51] *** Quits: rajko (~rajkosto@cable-178-149-125-126.dynamic.sbb.rs) (Leaving)
[13:30:21] *** Joins: refs (~refs@p200300dd87457f005168db980a1fa9ef.dip0.t-ipconnect.de)
[16:11:26] *** Quits: oldtopman (~oldtopman@97-118-72-128.hlrn.qwest.net) (Read error: Connection reset by peer)
[16:11:33] *** Joins: fgsfds (~figgis@93.123.144.171)
[16:15:27] *** Joins: oldtopman (~oldtopman@70-59-30-244.hlrn.qwest.net)
[18:32:45] *** Quits: lameboy (~lameboy@202-47-121-182.cust.dcsi.net.au) (Read error: Operation timed out)
[20:21:42] *** Joins: TuxSH (tuxsh@2a01:4f8:141:1272::2)
[21:23:03] *** Quits: rjeli____ (sid289321@2001:67c:2f08:3::4:6a29) (Ping timeout: 1230 seconds)
[21:23:16] *** Joins: rjeli____ (sid289321@2001:67c:2f08:3::4:6a29)
[21:38:49] <plutobot> Wiki | Page changed: NV services | User: Hexkyz | https://switchbrew.org/w/index.php?curid=88&diff=10559&oldid=10545
[22:13:47] *** Joins: rajkosto (~rajkosto@cable-178-149-125-126.dynamic.sbb.rs)
[22:50:33] *** Quits: rjeli____ (sid289321@2001:67c:2f08:3::4:6a29) (Ping timeout: 1230 seconds)
[22:50:46] *** Joins: rjeli____ (sid289321@2001:67c:2f08:3::4:6a29)
[23:59:37] *** Joins: lameboy (~lameboy@202-47-121-182.cust.dcsi.net.au)
