[00:22:51] *** Quits: rajkosto (~rajkosto@cable-178-149-125-126.dynamic.sbb.rs) (Read error: Connection reset by peer)
[00:39:03] *** Quits: SCV__ (sid226262@2001:67c:2f08:3::3:73d6) (Read error: Connection timed out)
[00:47:21] *** Joins: SCV__ (sid226262@2001:67c:2f08:3::3:73d6)
[01:50:55] *** Quits: rjeli____ (sid289321@2001:67c:2f08:3::4:6a29) (Read error: Connection timed out)
[02:05:25] *** Joins: rjeli____ (sid289321@2001:67c:2f08:3::4:6a29)
[02:48:33] *** Quits: derrek (~derrek@hyrrokkin.uberspace.de) (Ping timeout: 745 seconds)
[02:52:38] *** Quits: dibas (~dibas@wild.uberspace.de) (Ping timeout: 745 seconds)
[03:01:23] *** Quits: rjeli____ (sid289321@2001:67c:2f08:3::4:6a29) (Ping timeout: 1230 seconds)
[03:01:36] *** Joins: rjeli____ (sid289321@2001:67c:2f08:3::4:6a29)
[03:04:18] *** Quits: SCV__ (sid226262@2001:67c:2f08:3::3:73d6) (Ping timeout: 1230 seconds)
[03:04:31] *** Joins: SCV__ (sid226262@2001:67c:2f08:3::3:73d6)
[03:29:41] *** Joins: dibas (~dibas@wild.uberspace.de)
[03:33:26] *** Joins: derrek (~derrek@hyrrokkin.uberspace.de)
[04:18:23] *** Quits: rjeli____ (sid289321@2001:67c:2f08:3::4:6a29) (Ping timeout: 1230 seconds)
[04:18:37] *** Joins: rjeli____ (sid289321@2001:67c:2f08:3::4:6a29)
[04:36:07] *** Quits: refs (~refs@p200300dd87457f005168db980a1fa9ef.dip0.t-ipconnect.de) (Quit: refs)
[06:22:46] *** Quits: GerbilSof (~GerbilSof@pool-108-24-152-152.cmdnnj.fios.verizon.net) (Quit: Windows must now restart because the Remote Procedure Call (RPC) service terminated unexpectedly.)
[06:34:37] *** Joins: GerbilSof (~GerbilSof@pool-108-24-152-152.cmdnnj.fios.verizon.net)
[06:41:53] *** Quits: SCV__ (sid226262@2001:67c:2f08:3::3:73d6) (Ping timeout: 1230 seconds)
[06:42:06] *** Joins: SCV__ (sid226262@2001:67c:2f08:3::3:73d6)
[07:07:06] *** Joins: rajkosto (~rajkosto@cable-178-149-125-126.dynamic.sbb.rs)
[07:23:18] *** Quits: rjeli____ (sid289321@2001:67c:2f08:3::4:6a29) (Ping timeout: 1230 seconds)
[07:23:32] *** Joins: rjeli____ (sid289321@2001:67c:2f08:3::4:6a29)
[07:35:07] *** Quits: fgsfds (~figgis@93.123.144.171) (Read error: Connection reset by peer)
[08:05:53] *** Quits: rjeli____ (sid289321@2001:67c:2f08:3::4:6a29) (Ping timeout: 1230 seconds)
[08:06:06] *** Joins: rjeli____ (sid289321@2001:67c:2f08:3::4:6a29)
[08:43:19] *** Quits: rjeli____ (sid289321@2001:67c:2f08:3::4:6a29) (Read error: Connection timed out)
[08:58:28] *** Joins: rjeli____ (sid289321@2001:67c:2f08:3::4:6a29)
[11:08:55] *** Joins: refsw (~refsw@80.150.130.51)
[11:37:03] *** Quits: rjeli____ (sid289321@2001:67c:2f08:3::4:6a29) (Ping timeout: 1230 seconds)
[11:37:16] *** Joins: rjeli____ (sid289321@2001:67c:2f08:3::4:6a29)
[12:08:37] *** Joins: m4ts_ (~mats@s176125235101.blix.com)
[12:10:23] *** Quits: m4ts (~mats@s17612523595.blix.com) (Ping timeout: 265 seconds)
[13:46:33] *** Quits: rjeli____ (sid289321@2001:67c:2f08:3::4:6a29) (Ping timeout: 1230 seconds)
[13:46:46] *** Joins: rjeli____ (sid289321@2001:67c:2f08:3::4:6a29)
[13:49:32] *** Quits: GerbilSof (~GerbilSof@pool-108-24-152-152.cmdnnj.fios.verizon.net) (Ping timeout: 604 seconds)
[13:55:07] *** Joins: GerbilSof (~GerbilSof@pool-108-24-152-152.cmdnnj.fios.verizon.net)
[14:22:32] *** Quits: refsw (~refsw@80.150.130.51) (Quit: refsw)
[14:25:26] *** Joins: X-Scale` (~ARM@153.211.137.78.rev.vodafone.pt)
[14:27:21] *** Quits: X-Scale (~ARM@153.211.137.78.rev.vodafone.pt) (Ping timeout: 255 seconds)
[14:27:21] *** X-Scale` is now known as X-Scale
[14:42:35] *** Joins: refsw (~refsw@80.150.130.51)
[14:43:36] *** Quits: Galaxy| (~galaxy@174-083-197-034.res.spectrum.com) (Quit: Quit.)
[14:50:04] *** Joins: Galaxy| (~galaxy@174-083-197-034.res.spectrum.com)
[15:09:23] *** Quits: SCV__ (sid226262@2001:67c:2f08:3::3:73d6) (Ping timeout: 1230 seconds)
[15:09:36] *** Joins: SCV__ (sid226262@2001:67c:2f08:3::3:73d6)
[15:30:22] *** Quits: Surkow (~Surkow@84-104-14-64.cable.dynamic.v4.ziggo.nl) (Quit: 418 I'm a teapot - NOP NOP NOP)
[15:43:29] *** Joins: Surkow (~Surkow@84-104-14-64.cable.dynamic.v4.ziggo.nl)
[16:28:43] *** Quits: rjeli____ (sid289321@2001:67c:2f08:3::4:6a29) (Ping timeout: 1230 seconds)
[16:28:57] *** Joins: rjeli____ (sid289321@2001:67c:2f08:3::4:6a29)
[17:02:40] <plutobot> Wiki | Page changed: Bluetooth Driver services | User: yls8 | https://switchbrew.org/w/index.php?curid=161&diff=10560&oldid=10554
[17:47:56] *** Quits: rajkosto (~rajkosto@cable-178-149-125-126.dynamic.sbb.rs) (Read error: Connection reset by peer)
[18:22:28] *** Quits: rjeli____ (sid289321@2001:67c:2f08:3::4:6a29) (Ping timeout: 1230 seconds)
[18:22:41] *** Joins: rjeli____ (sid289321@2001:67c:2f08:3::4:6a29)
[21:01:08] *** Quits: rjeli____ (sid289321@2001:67c:2f08:3::4:6a29) (Ping timeout: 1230 seconds)
[21:01:22] *** Joins: rjeli____ (sid289321@2001:67c:2f08:3::4:6a29)
[21:39:56] *** Joins: refs (~refs@p200300dd870d570059837287b3645ab5.dip0.t-ipconnect.de)
[21:56:33] *** Quits: SCV__ (sid226262@2001:67c:2f08:3::3:73d6) (Ping timeout: 1230 seconds)
[21:56:50] *** Joins: SCV__ (sid226262@2001:67c:2f08:3::3:73d6)
[22:25:32] *** Quits: |Shadow| (~Shadow1@ip24-253-244-123.ok.ok.cox.net) (Read error: Connection reset by peer)
[22:25:51] *** Joins: |Shadow| (~Shadow1@ip24-253-244-123.ok.ok.cox.net)
[22:34:22] *** Quits: lameboy (~lameboy@202-47-121-182.cust.dcsi.net.au) (Ping timeout: 265 seconds)
[22:35:01] *** Joins: lameboy (~lameboy@202-47-121-182.cust.dcsi.net.au)
[22:45:18] *** Joins: hordak_ (hordak@cautio.us)
[22:46:27] *** Quits: hordak (hordak@cautio.us) (Ping timeout: 265 seconds)
[22:46:27] *** hordak_ is now known as hordak
[23:17:34] *** Quits: Surkow (~Surkow@84-104-14-64.cable.dynamic.v4.ziggo.nl) (Remote host closed the connection)
[23:20:14] *** Joins: Surkow (~Surkow@84-104-14-64.cable.dynamic.v4.ziggo.nl)
