[01:11:24] *** Quits: SCV__ (sid226262@2001:67c:2f08:3::3:73d6) (Read error: Connection timed out)
[01:28:55] *** Joins: SCV__ (sid226262@2001:67c:2f08:3::3:73d6)
[01:35:17] *** Joins: thejsa (~eva@lana.core.fs3d.net)
[01:49:06] *** Quits: thejsa (~eva@lana.core.fs3d.net) (se.hub efnet.deic.eu)
[02:21:13] *** Quits: refs (~refs@p200300dd870d570059837287b3645ab5.dip0.t-ipconnect.de) (Quit: refs)
[02:43:36] *** Quits: rjeli____ (sid289321@2001:67c:2f08:3::4:6a29) (Read error: Connection timed out)
[02:44:23] *** Quits: SCV__ (sid226262@2001:67c:2f08:3::3:73d6) (se.hub efnet.port80.se)
[02:44:23] *** Quits: lameboy (~lameboy@202-47-121-182.cust.dcsi.net.au) (se.hub efnet.port80.se)
[02:44:23] *** Quits: Galaxy| (~galaxy@174-083-197-034.res.spectrum.com) (se.hub efnet.port80.se)
[02:44:23] *** Quits: derrek (~derrek@hyrrokkin.uberspace.de) (se.hub efnet.port80.se)
[02:44:23] *** Quits: dibas (~dibas@wild.uberspace.de) (se.hub efnet.port80.se)
[02:44:23] *** Quits: tpw_rules (~tpw_rules@li1059-135.members.linode.com) (se.hub efnet.port80.se)
[02:44:23] *** Quits: Summeli (summeli@irc.summeli.com) (se.hub efnet.port80.se)
[02:44:23] *** Quits: zini (~zini@88-113-154-53.elisa-laajakaista.fi) (se.hub efnet.port80.se)
[02:44:23] *** Quits: Normmatt (~Normmatt@cloud.normmatt.com) (se.hub efnet.port80.se)
[02:44:23] *** Quits: Phils3r (~Phil@phils3r.de) (se.hub efnet.port80.se)
[02:44:23] *** Quits: mid-kid1 (~mid-kid@136-144-185-148.colo.transip.net) (se.hub efnet.port80.se)
[02:44:23] *** Quits: pewz (~PewZ@115.38.91.34.bc.googleusercontent.com) (se.hub efnet.port80.se)
[02:44:23] *** Quits: gruetzkop (gruetzkopf@bnc.dont-follow.us) (se.hub efnet.port80.se)
[02:44:23] *** Quits: rctgamer3 (~rctgamer3@185.66.251.249) (se.hub efnet.port80.se)
[02:44:23] *** Quits: ave_ (~ave_@79.110.170.32) (se.hub efnet.port80.se)
[02:44:23] *** Quits: uyjulian (~uyjulian@69-110-38-205.lightspeed.lbcktx.sbcglobal.net) (se.hub efnet.port80.se)
[02:44:23] *** Quits: klock (~efklock@vps1.ksociety.net) (se.hub efnet.port80.se)
[02:44:23] *** Quits: TAL (~TAL@defiant.tlercher.de) (se.hub efnet.port80.se)
[02:44:23] *** Quits: mafcadio3 (~mafcadio@cpc158505-smal20-2-0-cust226.19-1.cable.virginm.net) (se.hub efnet.port80.se)
[02:44:23] *** Quits: Ghabry (~ghabry@datengurke.mastergk.de) (se.hub efnet.port80.se)
[02:44:23] *** Quits: hexkyz (~hexkyz@ec2-18-179-123-169.ap-northeast-1.compute.amazonaws.com) (se.hub efnet.port80.se)
[02:44:23] *** Quits: hthh_ (~hthh@hh.ht) (se.hub efnet.port80.se)
[02:44:23] *** Quits: coriolis (~coriolis@ns398009.ip-192-95-24.net) (se.hub efnet.port80.se)
[02:45:52] *** Joins: SCV__ (sid226262@2001:67c:2f08:3::3:73d6)
[02:45:52] *** Joins: lameboy (~lameboy@202-47-121-182.cust.dcsi.net.au)
[02:45:52] *** Joins: Galaxy| (~galaxy@174-083-197-034.res.spectrum.com)
[02:45:52] *** Joins: derrek (~derrek@hyrrokkin.uberspace.de)
[02:45:52] *** Joins: dibas (~dibas@wild.uberspace.de)
[02:45:52] *** Joins: tpw_rules (~tpw_rules@li1059-135.members.linode.com)
[02:45:52] *** Joins: Summeli (summeli@irc.summeli.com)
[02:45:52] *** Joins: zini (~zini@88-113-154-53.elisa-laajakaista.fi)
[02:45:52] *** Joins: Normmatt (~Normmatt@cloud.normmatt.com)
[02:45:52] *** Joins: Phils3r (~Phil@phils3r.de)
[02:45:52] *** Joins: mid-kid1 (~mid-kid@136-144-185-148.colo.transip.net)
[02:45:52] *** Joins: pewz (~PewZ@115.38.91.34.bc.googleusercontent.com)
[02:45:52] *** Joins: gruetzkop (gruetzkopf@bnc.dont-follow.us)
[02:45:52] *** Joins: rctgamer3 (~rctgamer3@185.66.251.249)
[02:45:52] *** Joins: ave_ (~ave_@79.110.170.32)
[02:45:52] *** Joins: uyjulian (~uyjulian@69-110-38-205.lightspeed.lbcktx.sbcglobal.net)
[02:45:52] *** Joins: klock (~efklock@vps1.ksociety.net)
[02:45:52] *** Joins: TAL (~TAL@defiant.tlercher.de)
[02:45:52] *** Joins: mafcadio3 (~mafcadio@cpc158505-smal20-2-0-cust226.19-1.cable.virginm.net)
[02:45:52] *** Joins: Ghabry (~ghabry@datengurke.mastergk.de)
[02:45:52] *** Joins: hexkyz (~hexkyz@ec2-18-179-123-169.ap-northeast-1.compute.amazonaws.com)
[02:45:52] *** Joins: hthh_ (~hthh@hh.ht)
[02:45:52] *** Joins: coriolis (~coriolis@ns398009.ip-192-95-24.net)
[02:46:00] *** Quits: SCV__ (sid226262@2001:67c:2f08:3::3:73d6) (Ping timeout: 1230 seconds)
[02:46:15] *** Joins: rjeli____ (sid289321@charlton.irccloud.com)
[02:47:50] *** Quits: rjeli____ (sid289321@charlton.irccloud.com) (se.hub efnet.port80.se)
[02:47:50] *** Quits: lameboy (~lameboy@202-47-121-182.cust.dcsi.net.au) (se.hub efnet.port80.se)
[02:47:50] *** Quits: Galaxy| (~galaxy@174-083-197-034.res.spectrum.com) (se.hub efnet.port80.se)
[02:47:50] *** Quits: derrek (~derrek@hyrrokkin.uberspace.de) (se.hub efnet.port80.se)
[02:47:50] *** Quits: dibas (~dibas@wild.uberspace.de) (se.hub efnet.port80.se)
[02:47:50] *** Quits: tpw_rules (~tpw_rules@li1059-135.members.linode.com) (se.hub efnet.port80.se)
[02:47:51] *** Quits: Summeli (summeli@irc.summeli.com) (se.hub efnet.port80.se)
[02:47:51] *** Quits: zini (~zini@88-113-154-53.elisa-laajakaista.fi) (se.hub efnet.port80.se)
[02:47:51] *** Quits: Normmatt (~Normmatt@cloud.normmatt.com) (se.hub efnet.port80.se)
[02:47:51] *** Quits: Phils3r (~Phil@phils3r.de) (se.hub efnet.port80.se)
[02:47:51] *** Quits: mid-kid1 (~mid-kid@136-144-185-148.colo.transip.net) (se.hub efnet.port80.se)
[02:47:51] *** Quits: pewz (~PewZ@115.38.91.34.bc.googleusercontent.com) (se.hub efnet.port80.se)
[02:47:51] *** Quits: gruetzkop (gruetzkopf@bnc.dont-follow.us) (se.hub efnet.port80.se)
[02:47:51] *** Quits: rctgamer3 (~rctgamer3@185.66.251.249) (se.hub efnet.port80.se)
[02:47:51] *** Quits: ave_ (~ave_@79.110.170.32) (se.hub efnet.port80.se)
[02:47:51] *** Quits: uyjulian (~uyjulian@69-110-38-205.lightspeed.lbcktx.sbcglobal.net) (se.hub efnet.port80.se)
[02:47:51] *** Quits: klock (~efklock@vps1.ksociety.net) (se.hub efnet.port80.se)
[02:47:51] *** Quits: TAL (~TAL@defiant.tlercher.de) (se.hub efnet.port80.se)
[02:47:51] *** Quits: mafcadio3 (~mafcadio@cpc158505-smal20-2-0-cust226.19-1.cable.virginm.net) (se.hub efnet.port80.se)
[02:47:51] *** Quits: Ghabry (~ghabry@datengurke.mastergk.de) (se.hub efnet.port80.se)
[02:47:51] *** Quits: hexkyz (~hexkyz@ec2-18-179-123-169.ap-northeast-1.compute.amazonaws.com) (se.hub efnet.port80.se)
[02:47:51] *** Quits: hthh_ (~hthh@hh.ht) (se.hub efnet.port80.se)
[02:47:51] *** Quits: coriolis (~coriolis@ns398009.ip-192-95-24.net) (se.hub efnet.port80.se)
[02:51:07] *** Joins: rjeli____ (sid289321@charlton.irccloud.com)
[02:51:07] *** Joins: lameboy (~lameboy@202-47-121-182.cust.dcsi.net.au)
[02:51:07] *** Joins: Galaxy| (~galaxy@174-083-197-034.res.spectrum.com)
[02:51:07] *** Joins: derrek (~derrek@hyrrokkin.uberspace.de)
[02:51:07] *** Joins: dibas (~dibas@wild.uberspace.de)
[02:51:07] *** Joins: tpw_rules (~tpw_rules@li1059-135.members.linode.com)
[02:51:07] *** Joins: zini (~zini@88-113-154-53.elisa-laajakaista.fi)
[02:51:07] *** Joins: Normmatt (~Normmatt@cloud.normmatt.com)
[02:51:07] *** Joins: Phils3r (~Phil@phils3r.de)
[02:51:07] *** Joins: mid-kid1 (~mid-kid@136-144-185-148.colo.transip.net)
[02:51:07] *** Joins: pewz (~PewZ@115.38.91.34.bc.googleusercontent.com)
[02:51:07] *** Joins: gruetzkop (gruetzkopf@bnc.dont-follow.us)
[02:51:07] *** Joins: rctgamer3 (~rctgamer3@185.66.251.249)
[02:51:07] *** Joins: ave_ (~ave_@79.110.170.32)
[02:51:07] *** Joins: uyjulian (~uyjulian@69-110-38-205.lightspeed.lbcktx.sbcglobal.net)
[02:51:07] *** Joins: klock (~efklock@vps1.ksociety.net)
[02:51:07] *** Joins: TAL (~TAL@defiant.tlercher.de)
[02:51:07] *** Joins: mafcadio3 (~mafcadio@cpc158505-smal20-2-0-cust226.19-1.cable.virginm.net)
[02:51:07] *** Joins: Ghabry (~ghabry@datengurke.mastergk.de)
[02:51:07] *** Joins: hexkyz (~hexkyz@ec2-18-179-123-169.ap-northeast-1.compute.amazonaws.com)
[02:51:07] *** Joins: hthh_ (~hthh@hh.ht)
[02:51:07] *** Joins: coriolis (~coriolis@ns398009.ip-192-95-24.net)
[02:51:16] *** Joins: SCV__ (sid226262@2001:67c:2f08:3::3:73d6)
[02:51:16] *** Quits: SCV__ (sid226262@2001:67c:2f08:3::3:73d6) (ny.us.hub efnet.port80.se)
[02:51:16] *** Quits: rjeli____ (sid289321@charlton.irccloud.com) (ny.us.hub efnet.port80.se)
[02:51:16] *** Quits: lameboy (~lameboy@202-47-121-182.cust.dcsi.net.au) (ny.us.hub efnet.port80.se)
[02:51:16] *** Quits: Galaxy| (~galaxy@174-083-197-034.res.spectrum.com) (ny.us.hub efnet.port80.se)
[02:51:16] *** Quits: derrek (~derrek@hyrrokkin.uberspace.de) (ny.us.hub efnet.port80.se)
[02:51:16] *** Quits: dibas (~dibas@wild.uberspace.de) (ny.us.hub efnet.port80.se)
[02:51:16] *** Quits: tpw_rules (~tpw_rules@li1059-135.members.linode.com) (ny.us.hub efnet.port80.se)
[02:51:16] *** Quits: zini (~zini@88-113-154-53.elisa-laajakaista.fi) (ny.us.hub efnet.port80.se)
[02:51:16] *** Quits: Normmatt (~Normmatt@cloud.normmatt.com) (ny.us.hub efnet.port80.se)
[02:51:16] *** Quits: Phils3r (~Phil@phils3r.de) (ny.us.hub efnet.port80.se)
[02:51:16] *** Quits: mid-kid1 (~mid-kid@136-144-185-148.colo.transip.net) (ny.us.hub efnet.port80.se)
[02:51:16] *** Quits: pewz (~PewZ@115.38.91.34.bc.googleusercontent.com) (ny.us.hub efnet.port80.se)
[02:51:16] *** Quits: gruetzkop (gruetzkopf@bnc.dont-follow.us) (ny.us.hub efnet.port80.se)
[02:51:16] *** Quits: rctgamer3 (~rctgamer3@185.66.251.249) (ny.us.hub efnet.port80.se)
[02:51:16] *** Quits: ave_ (~ave_@79.110.170.32) (ny.us.hub efnet.port80.se)
[02:51:16] *** Quits: uyjulian (~uyjulian@69-110-38-205.lightspeed.lbcktx.sbcglobal.net) (ny.us.hub efnet.port80.se)
[02:51:16] *** Quits: klock (~efklock@vps1.ksociety.net) (ny.us.hub efnet.port80.se)
[02:51:16] *** Quits: TAL (~TAL@defiant.tlercher.de) (ny.us.hub efnet.port80.se)
[02:51:16] *** Quits: mafcadio3 (~mafcadio@cpc158505-smal20-2-0-cust226.19-1.cable.virginm.net) (ny.us.hub efnet.port80.se)
[02:51:16] *** Quits: Ghabry (~ghabry@datengurke.mastergk.de) (ny.us.hub efnet.port80.se)
[02:51:16] *** Quits: hexkyz (~hexkyz@ec2-18-179-123-169.ap-northeast-1.compute.amazonaws.com) (ny.us.hub efnet.port80.se)
[02:51:16] *** Quits: hthh_ (~hthh@hh.ht) (ny.us.hub efnet.port80.se)
[02:51:16] *** Quits: coriolis (~coriolis@ns398009.ip-192-95-24.net) (ny.us.hub efnet.port80.se)
[02:55:15] *** Joins: SCV__ (sid226262@2001:67c:2f08:3::3:73d6)
[02:55:15] *** Joins: rjeli____ (sid289321@charlton.irccloud.com)
[02:55:15] *** Joins: lameboy (~lameboy@202-47-121-182.cust.dcsi.net.au)
[02:55:15] *** Joins: Galaxy| (~galaxy@174-083-197-034.res.spectrum.com)
[02:55:15] *** Joins: derrek (~derrek@hyrrokkin.uberspace.de)
[02:55:15] *** Joins: dibas (~dibas@wild.uberspace.de)
[02:55:15] *** Joins: tpw_rules (~tpw_rules@li1059-135.members.linode.com)
[02:55:15] *** Joins: zini (~zini@88-113-154-53.elisa-laajakaista.fi)
[02:55:15] *** Joins: Normmatt (~Normmatt@cloud.normmatt.com)
[02:55:15] *** Joins: Phils3r (~Phil@phils3r.de)
[02:55:15] *** Joins: mid-kid1 (~mid-kid@136-144-185-148.colo.transip.net)
[02:55:15] *** Joins: pewz (~PewZ@115.38.91.34.bc.googleusercontent.com)
[02:55:15] *** Joins: gruetzkop (gruetzkopf@bnc.dont-follow.us)
[02:55:15] *** Joins: rctgamer3 (~rctgamer3@185.66.251.249)
[02:55:15] *** Joins: ave_ (~ave_@79.110.170.32)
[02:55:15] *** Joins: uyjulian (~uyjulian@69-110-38-205.lightspeed.lbcktx.sbcglobal.net)
[02:55:15] *** Joins: klock (~efklock@vps1.ksociety.net)
[02:55:15] *** Joins: TAL (~TAL@defiant.tlercher.de)
[02:55:15] *** Joins: mafcadio3 (~mafcadio@cpc158505-smal20-2-0-cust226.19-1.cable.virginm.net)
[02:55:15] *** Joins: Ghabry (~ghabry@datengurke.mastergk.de)
[02:55:15] *** Joins: hexkyz (~hexkyz@ec2-18-179-123-169.ap-northeast-1.compute.amazonaws.com)
[02:55:15] *** Joins: hthh_ (~hthh@hh.ht)
[02:55:15] *** Joins: coriolis (~coriolis@ns398009.ip-192-95-24.net)
[03:06:43] *** Joins: Galaxy|_ (~galaxy@174-083-197-034.res.spectrum.com)
[03:07:29] *** Quits: Galaxy| (~galaxy@174-083-197-034.res.spectrum.com) (Ping timeout: 745 seconds)
[03:07:29] *** Galaxy|_ is now known as Galaxy|
[03:13:06] *** Quits: Galaxy| (~galaxy@174-083-197-034.res.spectrum.com) (Quit.)
[03:22:38] *** Quits: SCV__ (sid226262@2001:67c:2f08:3::3:73d6) (Ping timeout: 1230 seconds)
[03:22:51] *** Joins: SCV__ (sid226262@2001:67c:2f08:3::3:73d6)
[03:34:35] *** Joins: Galaxy| (~galaxy@174-083-197-034.res.spectrum.com)
[04:16:54] *** Quits: ave_ (~ave_@79.110.170.32) (Read error: Connection reset by peer)
[04:17:08] *** Joins: ave_ (~ave_@79.110.170.32)
[04:26:56] *** Joins: Galaxy|_ (~galaxy@174-083-197-034.res.spectrum.com)
[04:29:29] *** Quits: Galaxy| (~galaxy@174-083-197-034.res.spectrum.com) (Read error: Operation timed out)
[04:29:30] *** Galaxy|_ is now known as Galaxy|
[05:44:23] *** Quits: SCV__ (sid226262@2001:67c:2f08:3::3:73d6) (Ping timeout: 1230 seconds)
[05:48:28] *** Quits: hexkyz (~hexkyz@ec2-18-179-123-169.ap-northeast-1.compute.amazonaws.com) (Ping timeout: 745 seconds)
[05:50:40] *** Joins: SCV__ (sid226262@2001:67c:2f08:3::3:73d6)
[05:51:24] *** Joins: hexkyz (~hexkyz@ec2-18-179-123-169.ap-northeast-1.compute.amazonaws.com)
[05:59:12] *** Joins: lameboy2 (~lameboy@202-47-121-182.cust.dcsi.net.au)
[06:04:13] *** Quits: hexkyz (~hexkyz@ec2-18-179-123-169.ap-northeast-1.compute.amazonaws.com) (Ping timeout: 745 seconds)
[06:04:33] *** Joins: hexkyz (~hexkyz@ec2-18-179-123-169.ap-northeast-1.compute.amazonaws.com)
[06:10:38] *** Quits: lameboy (~lameboy@202-47-121-182.cust.dcsi.net.au) (Ping timeout: 745 seconds)
[06:10:39] *** lameboy2 is now known as lameboy
[06:37:50] *** Quits: Genolo (~fear@2a01:7e00::f03c:91ff:fe93:8d42) (Read error: Operation timed out)
[06:38:09] *** Joins: Genolo (~fear@151.236.216.141)
[06:40:07] *** Quits: mha (~mha@adiza.nexticom.net) (Read error: Operation timed out)
[06:40:25] *** Quits: DoozerBot (~DoozerBot@89.7.232.35.bc.googleusercontent.com) (Read error: Operation timed out)
[06:40:28] *** Quits: ihaveamac (~ihaveamac@138.68.232.110) (Read error: Operation timed out)
[06:41:11] *** Joins: DoozerBot (~DoozerBot@89.7.232.35.bc.googleusercontent.com)
[06:42:09] *** Joins: mha (mha@adiza.nexticom.net)
[07:04:54] *** Quits: hexkyz (~hexkyz@ec2-18-179-123-169.ap-northeast-1.compute.amazonaws.com) (Ping timeout: 745 seconds)
[07:05:47] *** Joins: hexkyz (~hexkyz@ec2-18-179-123-169.ap-northeast-1.compute.amazonaws.com)
[07:08:09] *** Quits: ave_ (~ave_@79.110.170.32) (Read error: Connection reset by peer)
[07:08:11] *** Joins: ave_7 (~ave_@79.110.170.32)
[07:14:35] *** Joins: Phils3r_ (~Phil@phils3r.de)
[07:14:36] *** Quits: Phils3r (~Phil@phils3r.de) (Read error: Connection reset by peer)
[07:18:12] *** Joins: noirscap- (~noirscape@catgirlsin.space)
[07:18:30] *** Quits: noirscape (~noirscape@catgirlsin.space) (Read error: Connection reset by peer)
[07:29:40] *** Joins: rmaw (~rmaw@163.172.57.156)
[07:29:40] *** Quits: rmaw_ (~rmaw@163.172.57.156) (Read error: Connection reset by peer)
[07:44:59] *** Joins: ihaveamac (~ihaveamac@138.68.232.110)
[08:15:59] *** Quits: DoozerBot (~DoozerBot@89.7.232.35.bc.googleusercontent.com) (Read error: Operation timed out)
[08:18:35] *** Joins: DoozerBot (~DoozerBot@89.7.232.35.bc.googleusercontent.com)
[08:44:38] *** Quits: rjeli____ (sid289321@charlton.irccloud.com) (Read error: Connection reset by peer)
[08:47:44] *** Joins: rjeli____ (sid289321@2001:67c:2f08:3::4:6a29)
[08:50:13] *** Quits: DoozerBot (~DoozerBot@89.7.232.35.bc.googleusercontent.com) (Read error: Operation timed out)
[08:52:10] *** Joins: DoozerBot (~DoozerBot@89.7.232.35.bc.googleusercontent.com)
[08:55:51] *** Quits: ihaveamac (~ihaveamac@138.68.232.110) (Ping timeout: 496 seconds)
[09:25:07] *** Quits: rjeli____ (sid289321@2001:67c:2f08:3::4:6a29) (ny.us.hub efnet.port80.se)
[09:25:07] *** Quits: Phils3r_ (~Phil@phils3r.de) (ny.us.hub efnet.port80.se)
[09:25:07] *** Quits: ave_7 (~ave_@79.110.170.32) (ny.us.hub efnet.port80.se)
[09:25:07] *** Quits: hexkyz (~hexkyz@ec2-18-179-123-169.ap-northeast-1.compute.amazonaws.com) (ny.us.hub efnet.port80.se)
[09:25:07] *** Quits: Genolo (~fear@151.236.216.141) (ny.us.hub efnet.port80.se)
[09:25:07] *** Quits: lameboy (~lameboy@202-47-121-182.cust.dcsi.net.au) (ny.us.hub efnet.port80.se)
[09:25:07] *** Quits: SCV__ (sid226262@2001:67c:2f08:3::3:73d6) (ny.us.hub efnet.port80.se)
[09:25:08] *** Quits: derrek (~derrek@hyrrokkin.uberspace.de) (ny.us.hub efnet.port80.se)
[09:25:08] *** Quits: dibas (~dibas@wild.uberspace.de) (ny.us.hub efnet.port80.se)
[09:25:08] *** Quits: tpw_rules (~tpw_rules@li1059-135.members.linode.com) (ny.us.hub efnet.port80.se)
[09:25:08] *** Quits: zini (~zini@88-113-154-53.elisa-laajakaista.fi) (ny.us.hub efnet.port80.se)
[09:25:08] *** Quits: Normmatt (~Normmatt@cloud.normmatt.com) (ny.us.hub efnet.port80.se)
[09:25:08] *** Quits: mid-kid1 (~mid-kid@136-144-185-148.colo.transip.net) (ny.us.hub efnet.port80.se)
[09:25:08] *** Quits: pewz (~PewZ@115.38.91.34.bc.googleusercontent.com) (ny.us.hub efnet.port80.se)
[09:25:08] *** Quits: gruetzkop (gruetzkopf@bnc.dont-follow.us) (ny.us.hub efnet.port80.se)
[09:25:08] *** Quits: rctgamer3 (~rctgamer3@185.66.251.249) (ny.us.hub efnet.port80.se)
[09:25:08] *** Quits: uyjulian (~uyjulian@69-110-38-205.lightspeed.lbcktx.sbcglobal.net) (ny.us.hub efnet.port80.se)
[09:25:08] *** Quits: klock (~efklock@vps1.ksociety.net) (ny.us.hub efnet.port80.se)
[09:25:08] *** Quits: TAL (~TAL@defiant.tlercher.de) (ny.us.hub efnet.port80.se)
[09:25:08] *** Quits: mafcadio3 (~mafcadio@cpc158505-smal20-2-0-cust226.19-1.cable.virginm.net) (ny.us.hub efnet.port80.se)
[09:25:08] *** Quits: Ghabry (~ghabry@datengurke.mastergk.de) (ny.us.hub efnet.port80.se)
[09:25:08] *** Quits: hthh_ (~hthh@hh.ht) (ny.us.hub efnet.port80.se)
[09:25:08] *** Quits: coriolis (~coriolis@ns398009.ip-192-95-24.net) (ny.us.hub efnet.port80.se)
[09:40:06] *** Joins: rjeli____ (sid289321@2001:67c:2f08:3::4:6a29)
[09:40:06] *** Joins: Phils3r_ (~Phil@phils3r.de)
[09:40:06] *** Joins: ave_7 (~ave_@79.110.170.32)
[09:40:06] *** Joins: hexkyz (~hexkyz@ec2-18-179-123-169.ap-northeast-1.compute.amazonaws.com)
[09:40:06] *** Joins: Genolo (~fear@151.236.216.141)
[09:40:06] *** Joins: lameboy (~lameboy@202-47-121-182.cust.dcsi.net.au)
[09:40:06] *** Joins: SCV__ (sid226262@2001:67c:2f08:3::3:73d6)
[09:40:06] *** Joins: derrek (~derrek@hyrrokkin.uberspace.de)
[09:40:06] *** Joins: dibas (~dibas@wild.uberspace.de)
[09:40:06] *** Joins: tpw_rules (~tpw_rules@li1059-135.members.linode.com)
[09:40:06] *** Joins: zini (~zini@88-113-154-53.elisa-laajakaista.fi)
[09:40:06] *** Joins: Normmatt (~Normmatt@cloud.normmatt.com)
[09:40:06] *** Joins: mid-kid1 (~mid-kid@136-144-185-148.colo.transip.net)
[09:40:06] *** Joins: pewz (~PewZ@115.38.91.34.bc.googleusercontent.com)
[09:40:06] *** Joins: gruetzkop (gruetzkopf@bnc.dont-follow.us)
[09:40:06] *** Joins: rctgamer3 (~rctgamer3@185.66.251.249)
[09:40:07] *** Joins: uyjulian (~uyjulian@69-110-38-205.lightspeed.lbcktx.sbcglobal.net)
[09:40:07] *** Joins: klock (~efklock@vps1.ksociety.net)
[09:40:07] *** Joins: TAL (~TAL@defiant.tlercher.de)
[09:40:07] *** Joins: mafcadio3 (~mafcadio@cpc158505-smal20-2-0-cust226.19-1.cable.virginm.net)
[09:40:07] *** Joins: Ghabry (~ghabry@datengurke.mastergk.de)
[09:40:07] *** Joins: hthh_ (~hthh@hh.ht)
[09:40:07] *** Joins: coriolis (~coriolis@ns398009.ip-192-95-24.net)
[09:48:37] *** Joins: ihaveamac (~ihaveamac@138.68.232.110)
[10:35:28] *** Quits: rjeli____ (sid289321@2001:67c:2f08:3::4:6a29) (Ping timeout: 1230 seconds)
[10:35:44] *** Joins: rjeli____ (sid289321@2001:67c:2f08:3::4:6a29)
[10:57:03] *** Quits: SCV__ (sid226262@2001:67c:2f08:3::3:73d6) (Ping timeout: 1230 seconds)
[10:57:16] *** Joins: SCV__ (sid226262@2001:67c:2f08:3::3:73d6)
[11:46:30] *** Joins: derk0pf (~derk0pf@dynamic-046-114-037-022.46.114.pool.telefonica.de)
[12:03:33] *** Quits: SCV__ (sid226262@2001:67c:2f08:3::3:73d6) (Ping timeout: 1230 seconds)
[12:05:00] *** Joins: SCV__ (sid226262@charlton.irccloud.com)
[12:06:35] *** Quits: d3m3vilur (sid4654@2001:67c:2f08:3::122e) (Read error: Connection reset by peer)
[12:06:36] *** Quits: phigcloud (uid13896@2001:67c:2f08:4::3648) (Read error: Connection reset by peer)
[12:06:52] *** Joins: d3m3vilur (~sid4654@2001:67c:2f08:3::122e)
[12:07:00] *** Joins: phigcloud (~uid13896@2001:67c:2f08:4::3648)
[12:09:23] *** Quits: rjeli____ (sid289321@2001:67c:2f08:3::4:6a29) (Ping timeout: 1230 seconds)
[12:11:50] *** Joins: derk0pf_ (~derk0pf@ip5b413570.dynamic.kabel-deutschland.de)
[12:12:29] *** Joins: rjeli____ (sid289321@charlton.irccloud.com)
[12:14:15] *** Quits: derk0pf (~derk0pf@dynamic-046-114-037-022.46.114.pool.telefonica.de) (Read error: Operation timed out)
[13:33:18] *** Quits: derk0pf_ (~derk0pf@ip5b413570.dynamic.kabel-deutschland.de) (Ping timeout: 272 seconds)
[13:34:37] *** Joins: derk0pf (~derk0pf@dynamic-046-114-035-015.46.114.pool.telefonica.de)
[15:20:08] *** Quits: lameboy (~lameboy@202-47-121-182.cust.dcsi.net.au) (Ping timeout: 745 seconds)
[15:22:06] *** Joins: lameboy (~lameboy@202-47-121-182.cust.dcsi.net.au)
[15:27:22] *** Quits: refsw (~refsw@80.150.130.51) (Read error: Connection reset by peer)
[15:27:52] *** Joins: refsw (~refsw@80.150.130.51)
[16:57:27] *** Quits: derk0pf (~derk0pf@dynamic-046-114-035-015.46.114.pool.telefonica.de) (Read error: Connection reset by peer)
[17:05:27] *** Joins: derk0pf (~derk0pf@dynamic-046-114-036-048.46.114.pool.telefonica.de)
[17:15:49] *** Joins: derk0pf_ (~derk0pf@dynamic-046-114-037-076.46.114.pool.telefonica.de)
[17:21:24] *** Quits: derk0pf (~derk0pf@dynamic-046-114-036-048.46.114.pool.telefonica.de) (Ping timeout: 501 seconds)
[17:28:55] *** Quits: derk0pf_ (~derk0pf@dynamic-046-114-037-076.46.114.pool.telefonica.de) (Ping timeout: 744 seconds)
[19:52:47] *** Joins: Summeli (summeli@irc.summeli.com)
[21:28:39] *** Joins: TAL_ (~TAL@defiant.tlercher.de)
[21:28:56] *** Joins: zini- (~zini@88-113-154-53.elisa-laajakaista.fi)
[21:29:16] *** Joins: Normmatt_ (~Normmatt@cloud.normmatt.com)
[21:29:40] *** Joins: klockee (~efklock@209.97.149.32)
[21:32:04] *** Joins: MasterGK (~ghabry@datengurke.mastergk.de)
[21:34:43] *** Joins: tpw-rules (~tpw_rules@li1059-135.members.linode.com)
[21:35:57] *** Quits: Summeli (summeli@irc.summeli.com) (se.hub efnet.port80.se)
[21:35:57] *** Quits: rjeli____ (sid289321@charlton.irccloud.com) (se.hub efnet.port80.se)
[21:35:57] *** Quits: SCV__ (sid226262@charlton.irccloud.com) (se.hub efnet.port80.se)
[21:35:57] *** Quits: Phils3r_ (~Phil@phils3r.de) (se.hub efnet.port80.se)
[21:35:57] *** Quits: ave_7 (~ave_@79.110.170.32) (se.hub efnet.port80.se)
[21:35:57] *** Quits: hexkyz (~hexkyz@ec2-18-179-123-169.ap-northeast-1.compute.amazonaws.com) (se.hub efnet.port80.se)
[21:35:57] *** Quits: Genolo (~fear@151.236.216.141) (se.hub efnet.port80.se)
[21:35:57] *** Quits: derrek (~derrek@hyrrokkin.uberspace.de) (se.hub efnet.port80.se)
[21:35:57] *** Quits: dibas (~dibas@wild.uberspace.de) (se.hub efnet.port80.se)
[21:35:57] *** Quits: tpw_rules (~tpw_rules@li1059-135.members.linode.com) (se.hub efnet.port80.se)
[21:35:57] *** Quits: zini (~zini@88-113-154-53.elisa-laajakaista.fi) (se.hub efnet.port80.se)
[21:35:57] *** Quits: Normmatt (~Normmatt@cloud.normmatt.com) (se.hub efnet.port80.se)
[21:35:57] *** Quits: mid-kid1 (~mid-kid@136-144-185-148.colo.transip.net) (se.hub efnet.port80.se)
[21:35:57] *** Quits: pewz (~PewZ@115.38.91.34.bc.googleusercontent.com) (se.hub efnet.port80.se)
[21:35:57] *** Quits: gruetzkop (gruetzkopf@bnc.dont-follow.us) (se.hub efnet.port80.se)
[21:35:57] *** Quits: rctgamer3 (~rctgamer3@185.66.251.249) (se.hub efnet.port80.se)
[21:35:57] *** Quits: uyjulian (~uyjulian@69-110-38-205.lightspeed.lbcktx.sbcglobal.net) (se.hub efnet.port80.se)
[21:35:57] *** Quits: klock (~efklock@vps1.ksociety.net) (se.hub efnet.port80.se)
[21:35:57] *** Quits: TAL (~TAL@defiant.tlercher.de) (se.hub efnet.port80.se)
[21:35:57] *** Quits: mafcadio3 (~mafcadio@cpc158505-smal20-2-0-cust226.19-1.cable.virginm.net) (se.hub efnet.port80.se)
[21:35:57] *** Quits: Ghabry (~ghabry@datengurke.mastergk.de) (se.hub efnet.port80.se)
[21:35:57] *** Quits: hthh_ (~hthh@hh.ht) (se.hub efnet.port80.se)
[21:35:57] *** Quits: coriolis (~coriolis@ns398009.ip-192-95-24.net) (se.hub efnet.port80.se)
[21:42:56] *** Joins: mafcadio4 (~mafcadio@cpc158505-smal20-2-0-cust226.19-1.cable.virginm.net)
[21:50:21] *** Joins: refs (~refs@p200300dd87182c00a5ea64ffde42cde3.dip0.t-ipconnect.de)
[21:51:13] *** tpw-rules is now known as tpw_rules
[21:51:17] *** Normmatt_ is now known as Normmatt
[21:52:17] *** Quits: giglife (giglife@cpe244bfed15a98-cm688f2e1dc9d0.cpe.net.cable.rogers.com) (Read error: Operation timed out)
[21:53:21] *** Joins: giglife (giglife@cpe244bfed15a98-cm688f2e1dc9d0.cpe.net.cable.rogers.com)
[22:27:44] *** TAL_ is now known as TAL
[22:49:50] *** Quits: giglife (giglife@cpe244bfed15a98-cm688f2e1dc9d0.cpe.net.cable.rogers.com) (Read error: Operation timed out)
[22:50:18] *** Joins: gruetzkop (~gruetzkop@bnc.dont-follow.us)
[23:48:55] *** Joins: giglife (giglife@cpe244bfed15a98-cm688f2e1dc9d0.cpe.net.cable.rogers.com)
