[00:16:18] *** Joins: dibas (~dibas@wild.uberspace.de)
[00:16:18] *** Joins: coriolis (~coriolis@2607:5300:60:2885::1)
[00:16:18] *** Joins: Genolo (~fear@2a01:7e00::f03c:91ff:fe93:8d42)
[00:16:18] *** Joins: mid-kid1 (~mid-kid@2a01:7c8:aac8:1e8:5054:ff:fe5e:cd48)
[00:16:18] *** Joins: derrek (~derrek@2a00:d0c0:200:0:4ce3:8fff:fec4:d61f)
[00:16:18] *** Joins: Phils3r (~Phil@2a02:c205:3000:2328::1)
[00:16:18] *** Joins: rctgamer3 (~rctgamer3@2a00:f10:121:a00:4ba:60ff:fe00:196c)
[00:16:18] *** Joins: rjeli____ (sid289321@2001:67c:2f08:3::4:6a29)
[00:16:18] *** Joins: SCV__ (sid226262@2001:67c:2f08:3::3:73d6)
[00:16:18] *** Joins: Summeli (summeli@irc.summeli.com)
[00:16:31] *** Joins: uyjulian (~uyjulian@69-110-38-205.lightspeed.lbcktx.sbcglobal.net)
[00:16:43] *** Joins: ave_7 (~ave_@79.110.170.32)
[00:17:47] *** Joins: hexkyz (~hexkyz@ec2-18-179-123-169.ap-northeast-1.compute.amazonaws.com)
[00:20:39] *** Joins: pewz (~PewZ@115.38.91.34.bc.googleusercontent.com)
[00:21:57] *** Joins: hthh (~hthh@hh.ht)
[00:41:12] *** Joins: fgsfds (~figgis@93.123.144.171)
[00:55:52] <Behemoth_> Hey @WntrMute Could you please update the docker dka64 image? I've been wanting to get a CI back up with libnx master and updated portlibs.
[00:56:32] <Behemoth_> s/master/4.0.0/
[01:30:57] *** Joins: giglife_ (giglife@cpe244bfed15a98-cm688f2e1dc9d0.cpe.net.cable.rogers.com)
[01:32:17] *** Quits: nullstrin (~nullstrin@cermak.nullstring.io) (Read error: Operation timed out)
[01:32:35] *** Quits: GerbilSof (~GerbilSof@pool-108-24-152-152.cmdnnj.fios.verizon.net) (Read error: Operation timed out)
[01:32:53] *** Joins: foghorn2 (~meh@2600:1700:8af0:a950:8084:7092:fb4a:6c04)
[01:33:24] *** Joins: figgis_ (~figgis@93.123.144.171)
[01:33:46] *** Quits: j0hny5 (j0hny5@94.75.242.8) (Read error: Operation timed out)
[01:34:28] *** Quits: giglife (giglife@cpe244bfed15a98-cm688f2e1dc9d0.cpe.net.cable.rogers.com) (Read error: Operation timed out)
[01:34:28] *** giglife_ is now known as giglife
[01:35:26] *** Joins: GerbilSof (~GerbilSof@pool-108-24-152-152.cmdnnj.fios.verizon.net)
[01:37:55] *** Quits: foghorn (~meh@107-198-163-1.lightspeed.rcsntx.sbcglobal.net) (Read error: Operation timed out)
[01:38:29] *** Joins: j0hny5 (j0hny5@94.75.242.8)
[01:38:32] *** Quits: fgsfds (~figgis@93.123.144.171) (Read error: Operation timed out)
[01:42:21] *** Joins: nullstrin (~nullstrin@cermak.nullstring.io)
[02:37:34] *** Quits: refs (~refs@p200300dd87182c00a5ea64ffde42cde3.dip0.t-ipconnect.de) (Quit: refs)
[02:44:24] *** Quits: Extrems (gamecube@expert.extremscorner.org) (ZNC 1.7.5 - https://znc.in)
[02:48:08] *** Joins: Extrems (~gamecube@expert.extremscorner.org)
[03:14:52] *** Quits: Extrems (~gamecube@expert.extremscorner.org) (ZNC 1.7.5 - https://znc.in)
[03:19:11] *** Joins: Extrems (gamecube@expert.extremscorner.org)
[03:26:30] *** Quits: Extrems (gamecube@expert.extremscorner.org) (ZNC 1.7.5 - https://znc.in)
[04:12:13] *** Joins: X-Scale` (~ARM@153.211.137.78.rev.vodafone.pt)
[04:12:39] *** Quits: X-Scale (~ARM@153.211.137.78.rev.vodafone.pt) (Ping timeout: 255 seconds)
[04:13:32] *** X-Scale` is now known as X-Scale
[04:30:50] *** Quits: averne (~averne@2001:861:5102:3290:9952:d870:185e:c44c) (quit)
[04:33:13] *** Joins: averne (~averne@176-179-35-51.abo.bbox.fr)
[04:33:13] *** Server sets mode: +stn 
[04:35:59] *** Joins: Walter (~Walter@189.40.88.234)
[04:41:21] *** Quits: Walter (~Walter@189.40.88.234) (Leaving)
[04:42:33] *** Joins: Walter (~Walter@189.40.88.234)
[04:51:10] *** Quits: Walter (~Walter@189.40.88.234) (Leaving)
[05:44:34] *** Joins: Extrems (gamecube@expert.extremscorner.org)
[06:31:12] *** Quits: figgis_ (~figgis@93.123.144.171) (Read error: Connection reset by peer)
[07:25:33] *** Quits: hordak (hordak@cautio.us) (Ping timeout: 272 seconds)
[07:25:33] *** Quits: Stary_ (~Stary@thonk.9net.org) (Ping timeout: 272 seconds)
[07:26:49] *** Quits: DacoTaco (~DacoTaco@178-119-112-131.access.telenet.be) (Ping timeout: 272 seconds)
[07:27:07] *** Joins: Stary (~Stary@thonk.9net.org)
[07:27:20] *** Joins: hordak (hordak@cautio.us)
[07:27:27] *** Quits: Mimoja (~Mimoja@mail.mimoja.de) (Ping timeout: 272 seconds)
[07:28:05] *** Quits: zini- (~zini@88-113-154-53.elisa-laajakaista.fi) (Ping timeout: 272 seconds)
[07:28:19] *** Joins: zini (~zini@88-113-154-53.elisa-laajakaista.fi)
[07:28:43] *** Quits: Normmatt (~Normmatt@cloud.normmatt.com) (Ping timeout: 272 seconds)
[07:28:43] *** Quits: plutobot (~plutobot@188.166.26.149) (Ping timeout: 272 seconds)
[07:34:58] *** Joins: Normmatt (~Normmatt@cloud.normmatt.com)
[07:50:35] *** Quits: DoozerBot (~DoozerBot@89.7.232.35.bc.googleusercontent.com) (Read error: Connection reset by peer)
[07:52:20] *** Joins: DoozerBot (~DoozerBot@89.7.232.35.bc.googleusercontent.com)
[08:04:59] *** Quits: Galaxy| (~galaxy@174-083-197-034.res.spectrum.com) (Read error: Connection reset by peer)
[08:13:25] *** Joins: Mimoja (~Mimoja@mail.mimoja.de)
[08:13:25] *** Joins: plutobot (~plutobot@188.166.26.149)
[08:14:23] *** Joins: DacoTaco (~DacoTaco@178-119-112-131.access.telenet.be)
[08:14:45] *** Quits: Aaerox (Aaerox@fuckyou.k.thnx.org) (Read error: Operation timed out)
[08:19:26] *** Joins: Galaxy| (~galaxy@174-083-197-034.res.spectrum.com)
[08:26:54] *** Quits: giglife (giglife@cpe244bfed15a98-cm688f2e1dc9d0.cpe.net.cable.rogers.com) (Read error: Operation timed out)
[08:27:03] *** Joins: giglife (giglife@cpe244bfed15a98-cm688f2e1dc9d0.cpe.net.cable.rogers.com)
[08:28:16] *** Joins: Aaerox (Aaerox@fuckyou.k.thnx.org)
[08:35:33] *** Quits: giglife (giglife@cpe244bfed15a98-cm688f2e1dc9d0.cpe.net.cable.rogers.com) (ZNC - http://znc.in)
[08:35:51] *** Quits: nullstrin (~nullstrin@cermak.nullstring.io) (Read error: Operation timed out)
[08:38:44] *** Quits: GrecKo_ (~grecko@static.183.157.9.5.clients.your-server.de) (Read error: Operation timed out)
[08:39:07] *** Joins: GrecKo (~grecko@static.183.157.9.5.clients.your-server.de)
[08:43:17] *** Quits: j0hny5 (j0hny5@94.75.242.8) (Read error: Operation timed out)
[08:44:59] *** Joins: j0hny5 (~j0hny5@94.75.242.8)
[08:47:36] *** Quits: averne (~averne@176-179-35-51.abo.bbox.fr) (quit)
[08:47:53] *** Joins: averne (~averne@176-179-35-51.abo.bbox.fr)
[08:47:53] *** Server sets mode: +stn 
[08:48:21] *** Joins: thejsa_ (~eva@lana.core.fs3d.net)
[08:53:43] *** Quits: GerbilSof (~GerbilSof@pool-108-24-152-152.cmdnnj.fios.verizon.net) (Ping timeout: 604 seconds)
[08:55:20] *** Joins: GerbilSof (~GerbilSof@pool-108-24-152-152.cmdnnj.fios.verizon.net)
[08:59:33] *** Joins: giglife (~giglife@cpe244bfed15a98-cm688f2e1dc9d0.cpe.net.cable.rogers.com)
[09:01:59] *** Quits: Galaxy| (~galaxy@174-083-197-034.res.spectrum.com) (se.hub efnet.port80.se)
[09:01:59] *** Quits: DoozerBot (~DoozerBot@89.7.232.35.bc.googleusercontent.com) (se.hub efnet.port80.se)
[09:01:59] *** Quits: Normmatt (~Normmatt@cloud.normmatt.com) (se.hub efnet.port80.se)
[09:01:59] *** Quits: zini (~zini@88-113-154-53.elisa-laajakaista.fi) (se.hub efnet.port80.se)
[09:01:59] *** Quits: hthh (~hthh@hh.ht) (se.hub efnet.port80.se)
[09:01:59] *** Quits: pewz (~PewZ@115.38.91.34.bc.googleusercontent.com) (se.hub efnet.port80.se)
[09:01:59] *** Quits: hexkyz (~hexkyz@ec2-18-179-123-169.ap-northeast-1.compute.amazonaws.com) (se.hub efnet.port80.se)
[09:01:59] *** Quits: ave_7 (~ave_@79.110.170.32) (se.hub efnet.port80.se)
[09:01:59] *** Quits: uyjulian (~uyjulian@69-110-38-205.lightspeed.lbcktx.sbcglobal.net) (se.hub efnet.port80.se)
[09:01:59] *** Quits: dibas (~dibas@wild.uberspace.de) (se.hub efnet.port80.se)
[09:01:59] *** Quits: coriolis (~coriolis@2607:5300:60:2885::1) (se.hub efnet.port80.se)
[09:01:59] *** Quits: Genolo (~fear@2a01:7e00::f03c:91ff:fe93:8d42) (se.hub efnet.port80.se)
[09:01:59] *** Quits: mid-kid1 (~mid-kid@2a01:7c8:aac8:1e8:5054:ff:fe5e:cd48) (se.hub efnet.port80.se)
[09:01:59] *** Quits: derrek (~derrek@2a00:d0c0:200:0:4ce3:8fff:fec4:d61f) (se.hub efnet.port80.se)
[09:01:59] *** Quits: Phils3r (~Phil@2a02:c205:3000:2328::1) (se.hub efnet.port80.se)
[09:01:59] *** Quits: rctgamer3 (~rctgamer3@2a00:f10:121:a00:4ba:60ff:fe00:196c) (se.hub efnet.port80.se)
[09:01:59] *** Quits: rjeli____ (sid289321@2001:67c:2f08:3::4:6a29) (se.hub efnet.port80.se)
[09:01:59] *** Quits: SCV__ (sid226262@2001:67c:2f08:3::3:73d6) (se.hub efnet.port80.se)
[09:01:59] *** Quits: Summeli (summeli@irc.summeli.com) (se.hub efnet.port80.se)
[09:07:48] *** Joins: refsw` (~refsw@80.150.130.51)
[09:11:19] *** Quits: Snetry (~sentry@dslb-094-220-214-245.094.220.pools.vodafone-ip.de) (Read error: Operation timed out)
[09:11:38] *** Quits: refsw (~refsw@80.150.130.51) (Read error: Operation timed out)
[09:11:49] *** Quits: TuxSH (tuxsh@2a01:4f8:141:1272::2) (Read error: Operation timed out)
[09:12:19] *** Joins: hordak_ (~hordak@cautio.us)
[09:13:12] *** Quits: thomasnet (~thomasnet@133.27.216.185.static.reverse.proxgroup.fr) (Read error: Operation timed out)
[09:13:35] *** Quits: d3m3vilur (~sid4654@2001:67c:2f08:3::122e) (Read error: Operation timed out)
[09:14:21] *** Quits: hordak (hordak@cautio.us) (Read error: Operation timed out)
[09:14:21] *** hordak_ is now known as hordak
[09:14:40] *** Quits: phigcloud (~uid13896@2001:67c:2f08:4::3648) (Read error: Operation timed out)
[09:15:41] *** Quits: thejsa_ (~eva@lana.core.fs3d.net) (Read error: Operation timed out)
[09:16:56] *** Quits: rmaw (~rmaw@163.172.57.156) (Read error: Operation timed out)
[09:17:53] *** Joins: thejsa_ (~eva@lana.core.fs3d.net)
[09:17:53] *** Joins: SCV__ (sid226262@2001:67c:2f08:3::3:73d6)
[09:17:53] *** Joins: rjeli____ (sid289321@2001:67c:2f08:3::4:6a29)
[09:17:53] *** Joins: Galaxy| (~galaxy@174-083-197-034.res.spectrum.com)
[09:17:53] *** Joins: DoozerBot (~DoozerBot@89.7.232.35.bc.googleusercontent.com)
[09:17:53] *** Joins: Normmatt (~Normmatt@cloud.normmatt.com)
[09:17:53] *** Joins: zini (~zini@88-113-154-53.elisa-laajakaista.fi)
[09:17:53] *** Joins: hthh (~hthh@hh.ht)
[09:17:53] *** Joins: pewz (~PewZ@115.38.91.34.bc.googleusercontent.com)
[09:17:53] *** Joins: hexkyz (~hexkyz@ec2-18-179-123-169.ap-northeast-1.compute.amazonaws.com)
[09:17:53] *** Joins: ave_7 (~ave_@79.110.170.32)
[09:17:53] *** Joins: uyjulian (~uyjulian@69-110-38-205.lightspeed.lbcktx.sbcglobal.net)
[09:17:53] *** Joins: dibas (~dibas@wild.uberspace.de)
[09:17:53] *** Joins: coriolis (~coriolis@2607:5300:60:2885::1)
[09:17:53] *** Joins: Genolo (~fear@2a01:7e00::f03c:91ff:fe93:8d42)
[09:17:53] *** Joins: mid-kid1 (~mid-kid@2a01:7c8:aac8:1e8:5054:ff:fe5e:cd48)
[09:17:53] *** Joins: derrek (~derrek@2a00:d0c0:200:0:4ce3:8fff:fec4:d61f)
[09:17:53] *** Joins: Phils3r (~Phil@2a02:c205:3000:2328::1)
[09:17:53] *** Joins: rctgamer3 (~rctgamer3@2a00:f10:121:a00:4ba:60ff:fe00:196c)
[09:17:53] *** Joins: Summeli (summeli@irc.summeli.com)
[09:18:39] *** Joins: thomasnet (~thomasnet@133.27.216.185.static.reverse.proxgroup.fr)
[09:18:39] *** Joins: noirscape (~noirscape@catgirlsin.space)
[09:18:46] *** Quits: blasty (~blasty@haxx.in) (Read error: Connection reset by peer)
[09:18:58] *** Joins: Snetry (~sentry@dslb-094-220-214-245.094.220.pools.vodafone-ip.de)
[09:19:00] *** Joins: TuxSH (tuxsh@2a01:4f8:141:1272::2)
[09:19:09] *** Joins: d3m3vilur (sid4654@charlton.irccloud.com)
[09:20:07] *** Joins: phigcloud (uid13896@tooting.irccloud.com)
[09:21:14] *** Joins: rmaw (~rmaw@163.172.57.156)
[09:21:38] *** Quits: hexkyz (~hexkyz@ec2-18-179-123-169.ap-northeast-1.compute.amazonaws.com) (Ping timeout: 745 seconds)
[09:21:45] *** Joins: blasty (~blasty@haxx.in)
[09:24:32] *** Joins: hexkyz (~hexkyz@ec2-18-179-123-169.ap-northeast-1.compute.amazonaws.com)
[09:27:33] *** Joins: refsw2 (~refsw@80.150.130.51)
[09:30:33] *** Quits: averne (~averne@176-179-35-51.abo.bbox.fr) (quit)
[09:30:49] *** Joins: averne_ (~averne@2001:861:5102:3290:9952:d870:185e:c44c)
[09:30:49] *** Server sets mode: +stn 
[09:30:57] *** Quits: refsw` (~refsw@80.150.130.51) (Ping timeout: 272 seconds)
[09:30:57] *** Quits: averne (~averne@176-179-35-51.abo.bbox.fr) (Ping timeout: 272 seconds)
[09:31:35] *** Quits: Mimoja (~Mimoja@mail.mimoja.de) (Ping timeout: 272 seconds)
[09:34:10] *** Quits: j0hny5 (~j0hny5@94.75.242.8) (Read error: Operation timed out)
[09:35:30] *** Joins: j0hny5 (~j0hny5@94.75.242.8)
[09:39:57] *** Quits: hordak (~hordak@cautio.us) (Ping timeout: 604 seconds)
[09:40:39] *** Joins: hordak (hordak@cautio.us)
[09:46:35] *** Quits: |Shadow| (~Shadow1@ip24-253-244-123.ok.ok.cox.net) (Read error: Operation timed out)
[09:51:09] *** Joins: |Shadow| (~Shadow1@ip24-253-244-123.ok.ok.cox.net)
[09:51:35] *** Quits: giglife (~giglife@cpe244bfed15a98-cm688f2e1dc9d0.cpe.net.cable.rogers.com) (Ping timeout: 963 seconds)
[09:52:33] *** Joins: giglife (~giglife@cpe244bfed15a98-cm688f2e1dc9d0.cpe.net.cable.rogers.com)
[09:53:08] *** Quits: hexkyz (~hexkyz@ec2-18-179-123-169.ap-northeast-1.compute.amazonaws.com) (Ping timeout: 745 seconds)
[09:53:28] *** Joins: hexkyz (~hexkyz@ec2-18-179-123-169.ap-northeast-1.compute.amazonaws.com)
[09:56:57] *** Joins: |Shadow|_ (~Shadow1@ip24-253-244-123.ok.ok.cox.net)
[09:59:55] *** Quits: |Shadow| (~Shadow1@ip24-253-244-123.ok.ok.cox.net) (Read error: Operation timed out)
[10:02:25] *** Quits: |Shadow|_ (~Shadow1@ip24-253-244-123.ok.ok.cox.net) (Read error: Connection reset by peer)
[10:02:42] *** Joins: |Shadow| (~Shadow1@ip24-253-244-123.ok.ok.cox.net)
[10:06:19] *** Quits: giglife (~giglife@cpe244bfed15a98-cm688f2e1dc9d0.cpe.net.cable.rogers.com) (ZNC - http://znc.in)
[10:12:04] *** Joins: giglife (giglife@cpe244bfed15a98-cm688f2e1dc9d0.cpe.net.cable.rogers.com)
[10:14:51] *** Joins: plutobot (~plutobot@188.166.26.149)
[10:15:38] *** Joins: DacoTaco (~DacoTaco@178-119-112-131.access.telenet.be)
[10:17:31] *** Joins: Mimoja (~Mimoja@mail.mimoja.de)
[10:18:45] *** Quits: mtheall_ (~mtheall@mtheall.com) (Read error: Operation timed out)
[10:18:47] *** Quits: capin3 (~capin@209.182.233.136) (Read error: Operation timed out)
[10:18:58] *** Joins: capin3 (~capin@209.182.233.136)
[10:19:30] *** Quits: nrq (~nrq@ns340910.ip-37-59-40.eu) (Read error: Operation timed out)
[10:19:31] *** Joins: nrq (~nrq@ns340910.ip-37-59-40.eu)
[10:20:01] *** Quits: Cu3PO42 (~Cu3PO42@159.69.208.45) (Read error: Operation timed out)
[10:20:01] *** Snetry is now known as Sentry
[10:20:11] *** Quits: WntrMute (~wntrmute@bnc.devkitpro.org) (Read error: Operation timed out)
[10:20:18] *** Joins: WntrMute (~wntrmute@bnc.devkitpro.org)
[10:20:31] *** yls8bot sets mode: +o WntrMute
[10:20:38] *** Quits: hordak (hordak@cautio.us) (Ping timeout: 265 seconds)
[10:20:38] *** Quits: sh0e- (~sh0e@node1.eisenkopf.info) (Ping timeout: 265 seconds)
[10:20:38] *** Quits: fincs (~fincs@bnc.devkitpro.org) (Ping timeout: 265 seconds)
[10:20:38] *** Quits: TurtleP (~turtlep@bnc.devkitpro.org) (Ping timeout: 265 seconds)
[10:21:07] *** Quits: AlexAltea (~alexaltea@phi.nz) (Ping timeout: 265 seconds)
[10:21:07] *** Quits: Jdbye (~furry4lif@me.jdbye.com) (Ping timeout: 265 seconds)
[10:22:30] *** Joins: hordak (hordak@cautio.us)
[10:22:44] *** Joins: TurtleP (~turtlep@bnc.devkitpro.org)
[10:23:19] *** Joins: fincs (~fincs@bnc.devkitpro.org)
[10:23:19] *** WntrMute sets mode: +o fincs
[10:23:32] *** Quits: KuKzz (KuKzz@95.143.216.177) (Ping timeout: 501 seconds)
[10:24:02] *** Joins: mtheall (~mtheall@mtheall.com)
[10:26:02] *** Joins: sh0e (~sh0e@node1.eisenkopf.info)
[10:26:08] *** Joins: KuKzz (~KuKzz@95.143.216.177)
[10:26:13] *** Joins: AlexAltea (~alexaltea@phi.nz)
[10:34:13] *** Joins: Cu3PO42 (~Cu3PO42@159.69.208.45)
[10:48:33] *** Quits: hexkyz (~hexkyz@ec2-18-179-123-169.ap-northeast-1.compute.amazonaws.com) (Ping timeout: 745 seconds)
[10:51:20] *** Joins: hexkyz (~hexkyz@ec2-18-179-123-169.ap-northeast-1.compute.amazonaws.com)
[11:08:56] *** Joins: Jdbye (~furry4lif@me.jdbye.com)
[12:18:57] *** Joins: rajkosto (~rajkosto@cable-178-149-125-126.dynamic.sbb.rs)
[14:04:46] *** Quits: |Shadow| (~Shadow1@ip24-253-244-123.ok.ok.cox.net) ()
[14:24:08] *** Joins: |Shadow| (~Shadow1@ip24-253-244-123.ok.ok.cox.net)
[15:44:51] *** Joins: fgsfds (~figgis@93.123.144.171)
[16:50:48] *** Quits: Cu3PO42 (~Cu3PO42@159.69.208.45) (Ping timeout: 745 seconds)
[16:55:27] *** Joins: Cu3PO42 (~Cu3PO42@159.69.208.45)
[16:59:13] *** Joins: n87 (~n87@213-147-164-176.nat.highway.webapn.at)
[17:04:16] *** Joins: n87_2 (~n87@089144221056.atnat0030.highway.webapn.at)
[17:07:49] *** Quits: n87 (~n87@213-147-164-176.nat.highway.webapn.at) (Ping timeout: 265 seconds)
[18:14:53] *** Quits: rajkosto (~rajkosto@cable-178-149-125-126.dynamic.sbb.rs) (Read error: Connection reset by peer)
[21:52:41] *** Joins: refs (~refs@p200300dd8716980071949f8df4db9fcb.dip0.t-ipconnect.de)
[22:01:04] *** Quits: n87_2 (~n87@089144221056.atnat0030.highway.webapn.at) (Read error: Connection reset by peer)
[22:20:35] *** Quits: KuKzz (~KuKzz@95.143.216.177) (Ping timeout: 604 seconds)
[22:24:10] *** Quits: Maylay (~gren@108-198-59-230.lightspeed.miamfl.sbcglobal.net) (Ping timeout: 1216 seconds)
[22:31:42] *** Joins: KuKzz (~KuKzz@95.143.216.177)
[23:46:12] *** Joins: Maylay (~gren@108-198-59-230.lightspeed.miamfl.sbcglobal.net)
[23:46:13] *** Quits: Maylay (~gren@108-198-59-230.lightspeed.miamfl.sbcglobal.net) (Remote host closed the connection!)
[23:47:33] *** Joins: Maylay (~gren@108-198-59-230.lightspeed.miamfl.sbcglobal.net)
