[02:21:49] *** Quits: refs (~refs@p200300dd8716980071949f8df4db9fcb.dip0.t-ipconnect.de) (Quit: refs)
[02:38:48] *** Quits: Jdbye (~furry4lif@me.jdbye.com) (Ping timeout: 745 seconds)
[02:38:58] *** Joins: Jdbye (~furry4lif@me.jdbye.com)
[02:45:48] *** Quits: hexkyz (~hexkyz@ec2-18-179-123-169.ap-northeast-1.compute.amazonaws.com) (Ping timeout: 745 seconds)
[02:46:34] *** Joins: hexkyz (~hexkyz@ec2-18-179-123-169.ap-northeast-1.compute.amazonaws.com)
[02:59:13] *** Quits: hexkyz (~hexkyz@ec2-18-179-123-169.ap-northeast-1.compute.amazonaws.com) (Ping timeout: 745 seconds)
[03:00:03] *** Joins: hexkyz (~hexkyz@ec2-18-179-123-169.ap-northeast-1.compute.amazonaws.com)
[05:47:13] *** Quits: rjeli____ (sid289321@2001:67c:2f08:3::4:6a29) (Ping timeout: 1230 seconds)
[05:47:27] *** Joins: rjeli____ (sid289321@2001:67c:2f08:3::4:6a29)
[05:56:49] *** Quits: fgsfds (~figgis@93.123.144.171) (Leaving)
[06:34:28] *** Quits: hexkyz (~hexkyz@ec2-18-179-123-169.ap-northeast-1.compute.amazonaws.com) (Ping timeout: 745 seconds)
[06:36:18] *** Joins: hexkyz (~hexkyz@ec2-18-179-123-169.ap-northeast-1.compute.amazonaws.com)
[06:49:03] *** Quits: hexkyz (~hexkyz@ec2-18-179-123-169.ap-northeast-1.compute.amazonaws.com) (Ping timeout: 745 seconds)
[06:49:23] *** Joins: hexkyz (~hexkyz@ec2-18-179-123-169.ap-northeast-1.compute.amazonaws.com)
[07:33:58] *** Quits: hexkyz (~hexkyz@ec2-18-179-123-169.ap-northeast-1.compute.amazonaws.com) (Ping timeout: 745 seconds)
[07:37:20] *** Joins: hexkyz (~hexkyz@ec2-18-179-123-169.ap-northeast-1.compute.amazonaws.com)
[07:50:18] *** Quits: hexkyz (~hexkyz@ec2-18-179-123-169.ap-northeast-1.compute.amazonaws.com) (Ping timeout: 745 seconds)
[07:51:28] *** Quits: SCV__ (sid226262@2001:67c:2f08:3::3:73d6) (Ping timeout: 1230 seconds)
[07:51:38] *** Joins: hexkyz (~hexkyz@ec2-18-179-123-169.ap-northeast-1.compute.amazonaws.com)
[07:51:41] *** Joins: SCV__ (sid226262@2001:67c:2f08:3::3:73d6)
[08:04:18] *** Quits: hexkyz (~hexkyz@ec2-18-179-123-169.ap-northeast-1.compute.amazonaws.com) (Ping timeout: 745 seconds)
[08:05:04] *** Joins: hexkyz (~hexkyz@ec2-18-179-123-169.ap-northeast-1.compute.amazonaws.com)
[08:17:43] *** Quits: hexkyz (~hexkyz@ec2-18-179-123-169.ap-northeast-1.compute.amazonaws.com) (Ping timeout: 745 seconds)
[08:20:35] *** Joins: hexkyz (~hexkyz@ec2-18-179-123-169.ap-northeast-1.compute.amazonaws.com)
[08:33:28] *** Quits: hexkyz (~hexkyz@ec2-18-179-123-169.ap-northeast-1.compute.amazonaws.com) (Ping timeout: 745 seconds)
[08:33:48] *** Joins: hexkyz (~hexkyz@ec2-18-179-123-169.ap-northeast-1.compute.amazonaws.com)
[08:46:53] *** Quits: hexkyz (~hexkyz@ec2-18-179-123-169.ap-northeast-1.compute.amazonaws.com) (Ping timeout: 745 seconds)
[08:47:13] *** Joins: hexkyz (~hexkyz@ec2-18-179-123-169.ap-northeast-1.compute.amazonaws.com)
[09:00:18] *** Quits: hexkyz (~hexkyz@ec2-18-179-123-169.ap-northeast-1.compute.amazonaws.com) (Ping timeout: 745 seconds)
[09:01:08] *** Joins: hexkyz (~hexkyz@ec2-18-179-123-169.ap-northeast-1.compute.amazonaws.com)
[09:14:18] *** Quits: hexkyz (~hexkyz@ec2-18-179-123-169.ap-northeast-1.compute.amazonaws.com) (Ping timeout: 745 seconds)
[09:14:38] *** Joins: hexkyz (~hexkyz@ec2-18-179-123-169.ap-northeast-1.compute.amazonaws.com)
[09:20:13] *** Quits: Maylay (~gren@108-198-59-230.lightspeed.miamfl.sbcglobal.net) (se.hub efnet.portlane.se)
[09:20:13] *** Quits: AlexAltea (~alexaltea@phi.nz) (se.hub efnet.portlane.se)
[09:20:13] *** Quits: nrq (~nrq@ns340910.ip-37-59-40.eu) (se.hub efnet.portlane.se)
[09:20:13] *** Quits: capin3 (~capin@209.182.233.136) (se.hub efnet.portlane.se)
[09:20:13] *** Quits: Mimoja (~Mimoja@mail.mimoja.de) (se.hub efnet.portlane.se)
[09:20:13] *** Quits: DacoTaco (~DacoTaco@178-119-112-131.access.telenet.be) (se.hub efnet.portlane.se)
[09:20:13] *** Quits: plutobot (~plutobot@188.166.26.149) (se.hub efnet.portlane.se)
[09:20:14] *** Quits: Pieman (~sid188464@2001:67c:2f08:5::2:e030) (se.hub efnet.portlane.se)
[09:20:14] *** Quits: flagrama (flagrama@2001:67c:2f08:8::2:38d5) (se.hub efnet.portlane.se)
[09:20:14] *** Quits: nohit (sid334887@2001:67c:2f08:2::5:1c27) (se.hub efnet.portlane.se)
[09:20:19] *** Joins: nrq_ (~nrq@ns340910.ip-37-59-40.eu)
[09:20:27] *** Joins: capin4 (~capin@209.182.233.136)
[09:20:31] *** Joins: Maylay_ (~gren@108-198-59-230.lightspeed.miamfl.sbcglobal.net)
[09:24:09] *** Quits: foghorn2 (~meh@2600:1700:8af0:a950:8084:7092:fb4a:6c04) (Ping timeout: 265 seconds)
[09:25:14] *** Joins: DacoTaco (~DacoTaco@178-119-112-131.access.telenet.be)
[09:26:34] *** Quits: GrecKo (~grecko@static.183.157.9.5.clients.your-server.de) (Ping timeout: 265 seconds)
[09:26:37] *** Joins: GrecKo (~grecko@static.183.157.9.5.clients.your-server.de)
[09:27:03] *** Quits: MasterGK (~ghabry@datengurke.mastergk.de) (Ping timeout: 265 seconds)
[09:27:43] *** Quits: hexkyz (~hexkyz@ec2-18-179-123-169.ap-northeast-1.compute.amazonaws.com) (Ping timeout: 745 seconds)
[09:28:53] *** Quits: SCV__ (sid226262@2001:67c:2f08:3::3:73d6) (Ping timeout: 1230 seconds)
[09:29:16] *** Joins: foghorn (~meh@2600:1700:8af0:a950:51b1:1037:fc18:b209)
[09:29:24] *** Joins: hexkyz (~hexkyz@ec2-18-179-123-169.ap-northeast-1.compute.amazonaws.com)
[09:30:29] *** Joins: Ghabry (~ghabry@datengurke.mastergk.de)
[09:31:53] *** Quits: mafcadio4 (~mafcadio@cpc158505-smal20-2-0-cust226.19-1.cable.virginm.net) (Ping timeout: 265 seconds)
[09:34:19] *** Joins: mafcadio4 (~mafcadio@cpc158505-smal20-2-0-cust226.19-1.cable.virginm.net)
[09:35:56] *** Joins: SCV__ (sid226262@2001:67c:2f08:3::3:73d6)
[09:36:43] *** Quits: Stary (~Stary@thonk.9net.org) (Ping timeout: 265 seconds)
[09:38:48] *** Quits: rjeli____ (sid289321@2001:67c:2f08:3::4:6a29) (Ping timeout: 1230 seconds)
[09:41:35] *** Joins: AlexAltea (~alexaltea@phi.nz)
[09:43:29] *** Quits: klockee (~efklock@209.97.149.32) (Ping timeout: 265 seconds)
[09:44:18] *** Joins: rjeli____ (sid289321@2001:67c:2f08:3::4:6a29)
[09:48:42] *** Joins: Stary (~Stary@thonk.9net.org)
[09:48:43] *** Quits: hexkyz (~hexkyz@ec2-18-179-123-169.ap-northeast-1.compute.amazonaws.com) (Ping timeout: 745 seconds)
[09:49:03] *** Joins: hexkyz (~hexkyz@ec2-18-179-123-169.ap-northeast-1.compute.amazonaws.com)
[09:52:48] *** Quits: uyjulian (~uyjulian@69-110-38-205.lightspeed.lbcktx.sbcglobal.net) (Ping timeout: 745 seconds)
[10:00:30] *** Quits: X-Scale (~ARM@153.211.137.78.rev.vodafone.pt) (se.hub irc.nordunet.se)
[10:01:34] *** Joins: klock (~efklock@vps1.ksociety.net)
[10:02:08] *** Quits: hexkyz (~hexkyz@ec2-18-179-123-169.ap-northeast-1.compute.amazonaws.com) (Ping timeout: 745 seconds)
[10:02:54] *** Quits: lex1 (lex@yuuh.pw) (Read error: Operation timed out)
[10:02:54] *** Quits: GrecKo (~grecko@static.183.157.9.5.clients.your-server.de) (Read error: Operation timed out)
[10:02:54] *** Quits: thomasnet (~thomasnet@133.27.216.185.static.reverse.proxgroup.fr) (Read error: Operation timed out)
[10:02:54] *** Quits: blasty (~blasty@haxx.in) (Read error: Operation timed out)
[10:02:54] *** Quits: TuxSH (tuxsh@2a01:4f8:141:1272::2) (Read error: Operation timed out)
[10:02:55] *** Quits: noirscape (~noirscape@catgirlsin.space) (Write error: Broken pipe)
[10:02:55] *** Quits: rmaw (~rmaw@163.172.57.156) (Write error: Broken pipe)
[10:04:09] *** Joins: hexkyz (~hexkyz@ec2-18-179-123-169.ap-northeast-1.compute.amazonaws.com)
[10:05:13] *** Joins: refsw3 (~refsw@80.150.130.51)
[10:05:13] *** Quits: refsw2 (~refsw@80.150.130.51) (Read error: Operation timed out)
[10:06:17] *** Quits: d3m3vilur (sid4654@charlton.irccloud.com) (Read error: Operation timed out)
[10:06:17] *** Joins: GrecKo (~grecko@static.183.157.9.5.clients.your-server.de)
[10:08:25] *** Quits: averne_ (~averne@2001:861:5102:3290:9952:d870:185e:c44c) (quit)
[10:10:43] *** Joins: averne (~averne@176-179-35-51.abo.bbox.fr)
[10:10:43] *** Server sets mode: +stn 
[10:18:06] *** Joins: uyjulian (~uyjulian@69-110-38-205.lightspeed.lbcktx.sbcglobal.net)
[10:20:06] *** Quits: nullstrin (~nullstrin@cermak.nullstring.io) (Read error: Operation timed out)
[10:20:22] *** Quits: GerbilSof (~GerbilSof@pool-108-24-152-152.cmdnnj.fios.verizon.net) (Read error: Operation timed out)
[10:20:36] *** Quits: tpw_rules (~tpw_rules@li1059-135.members.linode.com) (Read error: Operation timed out)
[10:20:48] *** Joins: GerbilSof (~GerbilSof@pool-108-24-152-152.cmdnnj.fios.verizon.net)
[10:22:13] *** Quits: j0hny5 (~j0hny5@94.75.242.8) (Read error: Operation timed out)
[10:23:08] *** Quits: hexkyz (~hexkyz@ec2-18-179-123-169.ap-northeast-1.compute.amazonaws.com) (Ping timeout: 745 seconds)
[10:24:04] *** Joins: hexkyz (~hexkyz@ec2-18-179-123-169.ap-northeast-1.compute.amazonaws.com)
[10:25:27] *** Joins: TuxSH (tuxsh@2a01:4f8:141:1272::2)
[10:25:27] *** Joins: nullstrin (~nullstrin@cermak.nullstring.io)
[10:25:32] *** Joins: blasty (~blasty@haxx.in)
[10:25:33] *** Joins: thomasnet (~thomasnet@133.27.216.185.static.reverse.proxgroup.fr)
[10:25:53] *** Joins: noirscape (~noirscape@catgirlsin.space)
[10:26:04] *** Joins: d3m3vilur (sid4654@charlton.irccloud.com)
[10:26:23] *** Quits: KuKzz (~KuKzz@95.143.216.177) (Ping timeout: 604 seconds)
[10:26:30] *** Joins: j0hny5 (j0hny5@94.75.242.8)
[10:26:43] *** Joins: rmaw (~rmaw@163.172.57.156)
[10:26:58] *** Joins: foghorn2 (~meh@2600:1700:8af0:a950:51b1:1037:fc18:b209)
[10:28:07] *** Joins: |Shadow|_ (~Shadow1@ip24-253-244-123.ok.ok.cox.net)
[10:28:32] *** Quits: nrq_ (~nrq@ns340910.ip-37-59-40.eu) (Read error: Operation timed out)
[10:28:50] *** Joins: Snetry (~sentry@dslb-094-220-214-245.094.220.pools.vodafone-ip.de)
[10:28:57] *** Joins: tpw_rules (~tpw_rules@li1059-135.members.linode.com)
[10:29:18] *** Joins: KuKzz (~KuKzz@95.143.216.177)
[10:29:33] *** Joins: lex1 (lex@yuuh.pw)
[10:30:04] *** Joins: phigcloud (uid13896@tooting.irccloud.com)
[10:30:22] *** Quits: foghorn (~meh@2600:1700:8af0:a950:51b1:1037:fc18:b209) (Ping timeout: 265 seconds)
[10:31:45] *** Quits: |Shadow| (~Shadow1@ip24-253-244-123.ok.ok.cox.net) (Read error: Operation timed out)
[10:33:10] *** Joins: nrq (~nrq@ns340910.ip-37-59-40.eu)
[10:43:33] *** Quits: hexkyz (~hexkyz@ec2-18-179-123-169.ap-northeast-1.compute.amazonaws.com) (Ping timeout: 745 seconds)
[10:44:23] *** Joins: hexkyz (~hexkyz@ec2-18-179-123-169.ap-northeast-1.compute.amazonaws.com)
[10:52:18] *** Quits: SCV__ (sid226262@2001:67c:2f08:3::3:73d6) (Ping timeout: 1230 seconds)
[10:52:32] *** Joins: SCV__ (sid226262@2001:67c:2f08:3::3:73d6)
[10:56:58] *** Quits: hexkyz (~hexkyz@ec2-18-179-123-169.ap-northeast-1.compute.amazonaws.com) (Ping timeout: 745 seconds)
[10:57:18] *** Joins: hexkyz (~hexkyz@ec2-18-179-123-169.ap-northeast-1.compute.amazonaws.com)
[11:03:26] *** Quits: Cu3PO42 (~Cu3PO42@159.69.208.45) (Ping timeout: 376 seconds)
[11:03:31] *** Joins: Cu3PO42 (~Cu3PO42@159.69.208.45)
[11:05:19] *** |Shadow|_ is now known as |Shadow|
[11:26:52] *** Snetry is now known as Sentry
[11:27:35] *** Joins: GrecKo_ (~grecko@5.9.157.183)
[11:27:38] *** Joins: hexkyz_ (~hexkyz@ec2-18-179-123-169.ap-northeast-1.compute.amazonaws.com)
[11:27:53] *** Quits: hexkyz (~hexkyz@ec2-18-179-123-169.ap-northeast-1.compute.amazonaws.com) (Ping timeout: 745 seconds)
[11:27:58] *** Joins: capin1 (~capin@209.182.233.136)
[11:28:37] *** Quits: GrecKo (~grecko@static.183.157.9.5.clients.your-server.de) (Read error: Operation timed out)
[11:32:15] *** Quits: capin (~capin@209.182.233.136) (Ping timeout: 604 seconds)
[11:47:08] *** Quits: hexkyz_ (~hexkyz@ec2-18-179-123-169.ap-northeast-1.compute.amazonaws.com) (Ping timeout: 745 seconds)
[11:48:28] *** Joins: hexkyz (~hexkyz@ec2-18-179-123-169.ap-northeast-1.compute.amazonaws.com)
[11:50:51] *** Joins: KuKzz_ (KuKzz@95.143.216.177)
[11:58:36] *** Quits: KuKzz (~KuKzz@95.143.216.177) (Read error: Operation timed out)
[12:00:12] *** Joins: hexkyz_ (~hexkyz@ec2-18-179-123-169.ap-northeast-1.compute.amazonaws.com)
[12:01:08] *** Quits: hexkyz (~hexkyz@ec2-18-179-123-169.ap-northeast-1.compute.amazonaws.com) (Ping timeout: 745 seconds)
[13:14:37] *** Joins: fgsfds (~figgis@93.123.144.171)
[13:32:08] *** Quits: Cu3PO42 (~Cu3PO42@159.69.208.45) (Ping timeout: 745 seconds)
[13:40:15] *** Joins: Cu3PO42 (~Cu3PO42@159.69.208.45)
[14:00:43] *** Quits: SCV__ (sid226262@2001:67c:2f08:3::3:73d6) (Ping timeout: 1230 seconds)
[14:00:56] *** Joins: SCV__ (sid226262@2001:67c:2f08:3::3:73d6)
[14:14:43] *** Quits: rjeli____ (sid289321@2001:67c:2f08:3::4:6a29) (Ping timeout: 1230 seconds)
[14:14:56] *** Joins: rjeli____ (sid289321@2001:67c:2f08:3::4:6a29)
[14:39:13] *** Quits: SCV__ (sid226262@2001:67c:2f08:3::3:73d6) (Read error: Connection timed out)
[14:53:19] *** Joins: SCV__ (sid226262@2001:67c:2f08:3::3:73d6)
[15:00:59] *** Joins: rajkosto (~rajkosto@cable-178-149-125-126.dynamic.sbb.rs)
[16:41:37] *** Joins: nohit (sid334887@2001:67c:2f08:2::5:1c27)
[18:28:21] *** Joins: KuKzz (~KuKzz@95.143.216.177)
[18:31:08] *** Quits: KuKzz_ (KuKzz@95.143.216.177) (Ping timeout: 258 seconds)
[18:31:58] *** Quits: rjeli____ (sid289321@2001:67c:2f08:3::4:6a29) (Ping timeout: 1230 seconds)
[18:32:11] *** Joins: rjeli____ (sid289321@2001:67c:2f08:3::4:6a29)
[18:58:31] *** Joins: n87 (~n87@213-147-164-141.nat.highway.webapn.at)
[19:15:08] *** Quits: SCV__ (sid226262@2001:67c:2f08:3::3:73d6) (Ping timeout: 1230 seconds)
[19:15:21] *** Joins: SCV__ (sid226262@2001:67c:2f08:3::3:73d6)
[20:50:58] *** Quits: n87 (~n87@213-147-164-141.nat.highway.webapn.at) (Ping timeout: 265 seconds)
[20:52:34] *** Joins: n87 (~n87@213-147-164-141.nat.highway.webapn.at)
[21:04:01] *** Quits: n87 (~n87@213-147-164-141.nat.highway.webapn.at) (Read error: Connection reset by peer)
[22:10:17] *** Joins: refs (~refs@p200300dd871cac004424d15bf37a9994.dip0.t-ipconnect.de)
[22:13:20] *** Quits: rajkosto (~rajkosto@cable-178-149-125-126.dynamic.sbb.rs) (Read error: Connection reset by peer)
[22:21:00] *** Joins: CCFL_Man_ (071769d3fc@c-73-64-119-64.hsd1.pa.comcast.net)
[22:21:02] *** Quits: CCFL_Man (80446b1933@c-73-64-119-64.hsd1.pa.comcast.net) (Read error: Connection reset by peer)
[22:21:48] *** Quits: rjeli____ (sid289321@2001:67c:2f08:3::4:6a29) (Ping timeout: 1230 seconds)
[22:22:01] *** Joins: rjeli____ (sid289321@2001:67c:2f08:3::4:6a29)
[22:29:58] *** Quits: oldtopman (~oldtopman@70-59-30-244.hlrn.qwest.net) (Ping timeout: 265 seconds)
[22:33:55] *** Joins: oldtopman (~oldtopman@70-59-30-244.hlrn.qwest.net)
[23:02:56] *** Joins: zini- (~zini@88-113-154-53.elisa-laajakaista.fi)
[23:03:40] *** Joins: rajkosto (~rajkosto@cable-178-149-125-126.dynamic.sbb.rs)
[23:12:33] *** Quits: zini (~zini@88-113-154-53.elisa-laajakaista.fi) (Ping timeout: 745 seconds)
[23:17:22] *** Quits: rajkosto (~rajkosto@cable-178-149-125-126.dynamic.sbb.rs) (Read error: Connection reset by peer)
