[00:35:14] *** Quits GrecKo_ (Ping timeout: 265 seconds)
[00:35:17] *** Joins GrecKo
[02:29:16] *** Quits refs (Quit: refs)
[02:47:13] *** Quits SCV__ (Ping timeout: 1230 seconds)
[02:47:26] *** Joins SCV__
[03:02:58] *** Quits rjeli____ (Ping timeout: 1230 seconds)
[03:03:15] *** Joins rjeli____
[03:47:28] *** Joins Pieman
[05:13:43] *** Quits fgsfds (Read error: Connection reset by peer)
[05:18:53] *** Quits rjeli____ (Ping timeout: 1230 seconds)
[05:19:06] *** Joins rjeli____
[09:12:24] *** Quits m4ts_ (Ping timeout: 265 seconds)
[09:18:40] *** Joins m4ts
[09:43:18] *** Quits Behemoth_ (Ping timeout: 376 seconds)
[09:45:13] *** Joins Behemoth
[09:50:05] *** Quits Aaerox (Quit: Nice Boat)
[10:11:21] *** Joins Aaerox
[10:35:03] *** Quits hexkyz_ (Ping timeout: 745 seconds)
[10:36:54] *** Joins hexkyz
[10:49:38] *** Quits hexkyz (Ping timeout: 745 seconds)
[10:49:54] *** Joins hexkyz
[10:50:42] *** Quits capin1 (Read error: Operation timed out)
[10:51:08] *** Joins capin1
[10:52:40] *** Quits Cu3PO42 (Ping timeout: 265 seconds)
[11:09:28] *** Quits hexkyz (Ping timeout: 745 seconds)
[11:11:18] *** Joins hexkyz
[11:11:36] *** Quits Surkow (Ping timeout: 265 seconds)
[11:14:18] *** Joins Surkow
[11:17:11] *** Joins Cu3PO42
[11:25:29] *** Quits datagutt (Ping timeout: 265 seconds)
[11:30:28] *** Quits hexkyz (Ping timeout: 745 seconds)
[11:32:16] *** Joins hexkyz
[11:37:41] *** Joins datagutt
[11:45:03] *** Quits hexkyz (Ping timeout: 745 seconds)
[11:46:44] *** Joins hexkyz
[11:59:38] *** Quits hexkyz (Ping timeout: 745 seconds)
[12:05:00] *** Joins hexkyz
[13:59:47] *** Joins jn
[14:25:52] *** Joins m4ts_
[14:28:30] *** Quits m4ts (Ping timeout: 265 seconds)
[14:45:12] *** Joins n87
[14:50:44] *** Quits m4ts_ (Ping timeout: 265 seconds)
[15:10:58] *** Quits Cu3PO42 (Ping timeout: 745 seconds)
[15:15:02] *** Joins Cu3PO42
[15:20:36] *** Joins m4ts
[16:10:29] *** Quits m4ts (Ping timeout: 265 seconds)
[17:29:32] *** Joins Tcm0
[18:11:26] *** Quits Sentry (Quit: left EFNet)
[18:13:08] *** Joins Snetry
[18:34:47] *** Joins fgsfds
[23:04:54] *** Joins figgis_
[23:11:35] *** Quits fgsfds (Ping timeout: 622 seconds)
[23:45:33] *** Parts hordak ()
[23:47:45] *** Quits Tcm0 (Leaving)
[23:48:18] *** Quits n87 (Read error: Connection reset by peer)
