[00:33:59] *** Joins: X-Scale` (~ARM@153.211.137.78.rev.vodafone.pt)
[00:35:45] *** Quits: X-Scale (~ARM@153.211.137.78.rev.vodafone.pt) (Ping timeout: 255 seconds)
[00:35:48] *** X-Scale` is now known as X-Scale
[00:44:55] *** Quits: Tcm0 (~Tcm0@p5dc4588e.dip0.t-ipconnect.de) (Leaving)
[00:56:19] *** Joins: refsw2 (~refsw@80.150.130.51)
[01:00:31] *** Joins: capin3 (~capin@209.182.233.136)
[01:00:39] *** Quits: refsw` (~refsw@80.150.130.51) (Read error: Connection reset by peer)
[01:00:39] *** Quits: SCV__ (sid226262@2001:67c:2f08:3::3:73d6) (Read error: Connection reset by peer)
[01:00:39] *** Quits: Phils3r (~Phil@2a02:c205:3000:2328::1) (Quit: ZNC - https://znc.in)
[01:00:39] *** Joins: SCV__ (sid226262@2001:67c:2f08:3::3:73d6)
[01:00:39] *** Joins: Phils3r (~Phil@2a02:c205:3000:2328::1)
[01:00:39] *** Quits: capin2 (~capin@209.182.233.136) (Remote host closed the connection)
[01:02:41] *** Joins: ave_75 (~ave_@79.110.170.32)
[01:03:14] *** Quits: hexkyz (~hexkyz@ec2-18-179-123-169.ap-northeast-1.compute.amazonaws.com) (Read error: Connection reset by peer)
[01:03:39] *** Joins: hexkyz (~hexkyz@ec2-18-179-123-169.ap-northeast-1.compute.amazonaws.com)
[01:05:43] *** Quits: Normmatt (~Normmatt@cloud.normmatt.com) (Read error: Connection reset by peer)
[01:07:49] *** Quits: ave_7 (~ave_@79.110.170.32) (Ping timeout: 745 seconds)
[01:07:49] *** ave_75 is now known as ave_7
[01:13:50] *** Joins: Normmatt (~Normmatt@cloud.normmatt.com)
[01:25:54] *** Quits: ave_7 (~ave_@79.110.170.32) (Read error: Connection reset by peer)
[01:26:03] *** Joins: Extrems` (~gamecube@expert.extremscorner.org)
[01:27:43] *** Joins: ave_7 (~ave_@79.110.170.32)
[01:27:49] *** Quits: Extrems (gamecube@expert.extremscorner.org) (Read error: Connection reset by peer)
[01:27:49] *** Extrems` is now known as Extrems
[02:07:57] *** Quits: hthh (~hthh@hh.ht) (Remote host closed the connection)
[02:15:22] *** Joins: hthh (~hthh@hh.ht)
[02:21:20] *** Quits: refs (~refs@p200300dd87178900d07d15b2c460c545.dip0.t-ipconnect.de) (Quit: refs)
[02:35:08] *** Joins: changoXPR (~Changolan@ip68-5-8-75.oc.oc.cox.net)
[02:39:49] *** Quits: changO- (~Changolan@ip68-5-8-75.oc.oc.cox.net) (Read error: Operation timed out)
[02:39:49] *** changoXPR is now known as changO-
[05:09:43] *** Quits: fgsfds (~figgis@93.123.144.171) (Read error: Connection reset by peer)
[05:50:24] *** Joins: refsw3 (~refsw@80.150.130.51)
[05:50:43] *** Quits: thomasnet (~thomasnet@133.27.216.185.static.reverse.proxgroup.fr) (Read error: Operation timed out)
[05:51:10] *** Quits: lex1 (lex@yuuh.pw) (Read error: Operation timed out)
[05:51:43] *** Quits: noirscape (~noirscape@catgirlsin.space) (Read error: Operation timed out)
[05:51:43] *** Quits: TuxSH (~TuxSH@2a01:4f8:141:1272::2) (Read error: Operation timed out)
[05:53:27] *** Quits: refsw2 (~refsw@80.150.130.51) (Read error: Operation timed out)
[05:53:29] *** Joins: thomasnet (~thomasnet@133.27.216.185.static.reverse.proxgroup.fr)
[05:53:43] *** Joins: lex1 (lex@yuuh.pw)
[05:54:04] *** Joins: noirscape (~noirscape@catgirlsin.space)
[05:54:08] *** Joins: TuxSH (tuxsh@2a01:4f8:141:1272::2)
[06:26:39] *** Joins: foghorn2 (~meh@107-198-163-1.lightspeed.rcsntx.sbcglobal.net)
[06:31:06] *** Joins: thejsa_ (~eva@lana.core.fs3d.net)
[06:34:51] *** Quits: lameboy (~lameboy@202-47-121-182.cust.dcsi.net.au) (se.hub efnet.deic.eu)
[06:34:51] *** Quits: thejsa (~eva@lana.core.fs3d.net) (se.hub efnet.deic.eu)
[06:34:51] *** Quits: foghorn (~meh@2600:1700:8af0:a950:2410:10b:132c:96e4) (se.hub efnet.deic.eu)
[07:13:52] *** Joins: lameboy (~lameboy@202-47-121-182.cust.dcsi.net.au)
[09:39:46] *** Joins: zini- (~zini@88-113-154-255.elisa-laajakaista.fi)
[09:50:28] *** Quits: zini (~zini@88-113-154-53.elisa-laajakaista.fi) (Ping timeout: 745 seconds)
[10:04:56] *** Quits: Galaxy| (~galaxy@174-083-206-118.res.spectrum.com) (Quit: Quit.)
[10:06:01] *** Joins: Galaxy| (~galaxy@174-083-206-118.res.spectrum.com)
[10:34:54] *** Joins: X-Scale` (~ARM@153.211.137.78.rev.vodafone.pt)
[10:36:57] *** Quits: X-Scale (~ARM@153.211.137.78.rev.vodafone.pt) (Ping timeout: 255 seconds)
[10:36:57] *** X-Scale` is now known as X-Scale
[14:45:38] *** Joins: fgsfds (~figgis@93.123.144.171)
[16:52:08] *** Joins: n87 (~n87@089144198178.atnat0007.highway.a1.net)
[17:56:01] *** Quits: averne (~averne@2001:861:5102:3290:9952:d870:185e:c44c) (quit)
[21:51:09] *** Joins: averne (~averne@176-179-35-51.abo.bbox.fr)
[21:51:09] *** Server sets mode: +stn 
[21:52:07] *** Joins: refs (~refs@p200300dd871cdf00e9cb9f4f0d2a06a3.dip0.t-ipconnect.de)
[22:18:54] *** Joins: X-Scale` (~ARM@153.211.137.78.rev.vodafone.pt)
[22:21:12] *** Quits: X-Scale (~ARM@153.211.137.78.rev.vodafone.pt) (Ping timeout: 255 seconds)
[22:21:12] *** X-Scale` is now known as X-Scale
[23:17:13] *** Quits: averne (~averne@176-179-35-51.abo.bbox.fr) (quit)
[23:23:33] *** Joins: averne (~averne@176-179-35-51.abo.bbox.fr)
[23:23:34] *** Server sets mode: +stn 
[23:36:50] *** Quits: lex1 (lex@yuuh.pw) (Read error: Operation timed out)
[23:43:00] *** Quits: blasty (~blasty@haxx.in) (Read error: Operation timed out)
[23:47:34] *** Joins: TuxSH (tuxsh@2a01:4f8:141:1272::2)
[23:47:40] *** Joins: phigcloud (uid13896@id-13896.tooting.irccloud.com)
[23:47:48] *** Joins: lex2 (lex@yuuh.pw)
[23:47:49] *** Joins: d3m3vilur (sid4654@charlton.irccloud.com)
[23:47:55] *** Joins: noirscape (~noirscape@catgirlsin.space)
[23:48:15] *** Joins: thomasnet (~thomasnet@133.27.216.185.static.reverse.proxgroup.fr)
[23:48:50] *** Joins: Snetry (~sentry@dslb-094-220-214-245.094.220.pools.vodafone-ip.de)
[23:49:55] *** Joins: rmaw (~rmaw@163.172.57.156)
[23:53:45] *** Joins: blasty (~blasty@haxx.in)
[23:54:54] *** lex2 is now known as lex1
