[00:19:55] *** Quits: n87_2 (~n87@213162073072.public.t-mobile.at) (Read error: Connection reset by peer)
[00:52:58] *** Quits: averne (~averne@176-179-35-51.abo.bbox.fr) (quit)
[00:55:14] *** Joins: averne (~averne@176-179-35-51.abo.bbox.fr)
[00:55:14] *** Server sets mode: +stn 
[00:55:20] *** Quits: Sentry (~sentry@dslb-094-220-214-245.094.220.pools.vodafone-ip.de) (Read error: Operation timed out)
[00:55:42] *** Quits: Genolo (~fear@2a01:7e00::f03c:91ff:fe93:8d42) (Read error: Operation timed out)
[00:56:01] *** Joins: Genolo (~fear@2a01:7e00::f03c:91ff:fe93:8d42)
[00:57:06] *** Joins: Snetry (~sentry@dslb-094-220-214-245.094.220.pools.vodafone-ip.de)
[01:03:56] *** Joins: Sentry- (~sentry@dslb-094-220-214-245.094.220.pools.vodafone-ip.de)
[01:03:56] *** Quits: Snetry (~sentry@dslb-094-220-214-245.094.220.pools.vodafone-ip.de) (Read error: Connection reset by peer)
[01:05:26] *** Joins: blasty (~blasty@haxx.in)
[01:07:54] *** Quits: d3m3vilur (~sid4654@charlton.irccloud.com) (Read error: Operation timed out)
[01:08:58] *** Joins: d3m3vilur (sid4654@charlton.irccloud.com)
[03:52:37] *** Quits: Phils3r (~Phil@phils3r.de) (Read error: Connection reset by peer)
[03:52:37] *** Quits: Summeli (summeli@irc.summeli.com) (Read error: Connection reset by peer)
[03:53:03] *** Joins: Phils3r (~Phil@2a02:c205:3000:2328::1)
[03:53:03] *** Joins: dibas_ (~dibas@wild.uberspace.de)
[03:53:03] *** Joins: Summeli_ (summeli@irc.summeli.com)
[03:54:24] *** Joins: DeusQain_ (quasselcor@mx.qainsworld.com)
[03:57:44] *** Quits: rctgamer3 (~rctgamer3@2a00:f10:121:a00:4ba:60ff:fe00:196c) (Ping timeout: 606 seconds)
[03:58:42] *** Quits: SCV__ (sid226262@charlton.irccloud.com) (Ping timeout: 1233 seconds)
[03:58:42] *** Quits: derrek (~derrek@hyrrokkin.uberspace.de) (Ping timeout: 736 seconds)
[03:58:42] *** Quits: uyjulian (~uyjulian@69-110-38-205.lightspeed.lbcktx.sbcglobal.net) (Ping timeout: 736 seconds)
[03:58:42] *** Quits: dibas (~dibas@wild.uberspace.de) (Ping timeout: 736 seconds)
[03:58:42] *** dibas_ is now known as dibas
[04:00:55] *** Quits: DeusQain (quasselcor@mx.qainsworld.com) (Ping timeout: 745 seconds)
[04:00:55] *** Quits: jn (~quassel@aftr-37-201-215-209.unity-media.net) (Ping timeout: 745 seconds)
[04:01:19] *** Joins: rctgamer3 (~rctgamer3@2a00:f10:121:a00:4ba:60ff:fe00:196c)
[04:01:21] *** Joins: jn (~quassel@2a02:908:1062:f900:20d:b9ff:fe49:15fc)
[04:01:22] *** Joins: uyjulian (~uyjulian@69-110-38-205.lightspeed.lbcktx.sbcglobal.net)
[04:02:24] *** Quits: rjeli____ (sid289321@charlton.irccloud.com) (Ping timeout: 1221 seconds)
[04:03:05] *** Joins: derrek (~derrek@hyrrokkin.uberspace.de)
[04:03:55] *** Joins: SCV__ (sid226262@id-226262.charlton.irccloud.com)
[04:05:37] *** Joins: rjeli____ (sid289321@id-289321.charlton.irccloud.com)
[04:06:26] *** Joins: foghorn (~meh@2600:1700:8af0:a950:bca3:87a:76a3:f29d)
[04:08:09] *** Quits: uyjulian (~uyjulian@69-110-38-205.lightspeed.lbcktx.sbcglobal.net) (Read error: Connection timed out)
[04:08:26] *** Joins: uyjulian (~uyjulian@69-110-38-205.lightspeed.lbcktx.sbcglobal.net)
[04:09:27] *** Quits: foghorn2 (~meh@2600:1700:8af0:a950:21b5:a58c:b419:bf00) (Ping timeout: 265 seconds)
[04:09:47] *** Quits: uyjulian (~uyjulian@69-110-38-205.lightspeed.lbcktx.sbcglobal.net) (Read error: Connection timed out)
[04:10:13] *** Joins: uyjulian (~uyjulian@69-110-38-205.lightspeed.lbcktx.sbcglobal.net)
[04:12:20] *** Quits: rjeli____ (sid289321@id-289321.charlton.irccloud.com) (Read error: Connection timed out)
[04:12:25] *** Joins: rjeli____ (sid289321@id-289321.charlton.irccloud.com)
[04:37:21] *** Joins: lameboy2 (~lameboy@202-47-121-182.cust.dcsi.net.au)
[04:38:40] *** Quits: mtheall_ (~mtheall@mtheall.com) (Read error: Operation timed out)
[04:38:41] *** Quits: nullstrin (~nullstrin@cermak.nullstring.io) (Read error: Operation timed out)
[04:38:41] *** Quits: klock (~efklock@vps1.ksociety.net) (Read error: Operation timed out)
[04:38:41] *** Quits: GerbilSof (~GerbilSof@pool-108-24-152-152.cmdnnj.fios.verizon.net) (Write error: Broken pipe)
[04:38:54] *** Joins: mtheall (~mtheall@mtheall.com)
[04:39:50] *** Joins: nullstrin (~nullstrin@cermak.nullstring.io)
[04:39:57] *** Joins: klock (~efklock@vps1.ksociety.net)
[04:40:29] *** Joins: GerbilSof (~GerbilSof@pool-108-24-152-152.cmdnnj.fios.verizon.net)
[04:44:27] *** Quits: lameboy (~lameboy@202-47-121-182.cust.dcsi.net.au) (Read error: Operation timed out)
[04:44:30] *** lameboy2 is now known as lameboy
[04:56:23] *** Quits: hthh (~hthh@hh.ht) (Write error: Connection reset by peer)
[04:56:23] *** Quits: Summeli_ (summeli@irc.summeli.com) (Read error: Connection reset by peer)
[04:56:23] *** Quits: Phils3r (~Phil@2a02:c205:3000:2328::1) (Write error: Connection reset by peer)
[04:56:31] *** Joins: Summeli (summeli@irc.summeli.com)
[04:56:31] *** Quits: mid-kid1 (~mid-kid@136-144-185-148.colo.transip.net) (Write error: Connection reset by peer)
[04:57:07] *** Joins: dibas_ (~dibas@wild.uberspace.de)
[04:57:23] *** Joins: Phils3r (~Phil@2a02:c205:3000:2328::1)
[04:57:43] *** Quits: refs (~refs@p200300dd8736ab0025a12a2138f094e6.dip0.t-ipconnect.de) (Quit: refs)
[05:01:51] *** Joins: hthh (~hthh@hh.ht)
[05:01:51] *** Quits: jn (~quassel@2a02:908:1062:f900:20d:b9ff:fe49:15fc) (Ping timeout: 602 seconds)
[05:01:51] *** Quits: rctgamer3 (~rctgamer3@2a00:f10:121:a00:4ba:60ff:fe00:196c) (Ping timeout: 602 seconds)
[05:02:47] *** Quits: uyjulian (~uyjulian@69-110-38-205.lightspeed.lbcktx.sbcglobal.net) (Ping timeout: 732 seconds)
[05:02:47] *** Quits: derrek (~derrek@hyrrokkin.uberspace.de) (Ping timeout: 732 seconds)
[05:02:47] *** Quits: dibas (~dibas@wild.uberspace.de) (Ping timeout: 732 seconds)
[05:02:47] *** dibas_ is now known as dibas
[05:04:29] *** Joins: rctgamer3 (~rctgamer3@2a00:f10:121:a00:4ba:60ff:fe00:196c)
[05:04:33] *** Joins: uyjulian (~uyjulian@69-110-38-205.lightspeed.lbcktx.sbcglobal.net)
[05:04:34] *** Joins: jn (~quassel@2a02:908:1062:f900:20d:b9ff:fe49:15fc)
[05:04:35] *** Joins: derrek (~derrek@hyrrokkin.uberspace.de)
[05:06:08] *** Joins: SCV___ (sid226262@id-226262.charlton.irccloud.com)
[05:06:35] *** Quits: rjeli____ (sid289321@id-289321.charlton.irccloud.com) (Ping timeout: 1217 seconds)
[05:06:35] *** Quits: SCV__ (sid226262@id-226262.charlton.irccloud.com) (Ping timeout: 1217 seconds)
[05:06:36] *** SCV___ is now known as SCV__
[05:06:43] *** Joins: rjeli____ (sid289321@id-289321.charlton.irccloud.com)
[05:08:09] *** Joins: mid-kid1 (~mid-kid@136-144-185-148.colo.transip.net)
[05:13:36] *** Quits: mid-kid1 (~mid-kid@136-144-185-148.colo.transip.net) (Read error: Connection timed out)
[05:14:26] *** Joins: mid-kid1 (~mid-kid@2a01:7c8:aac8:1e8:5054:ff:fe5e:cd48)
[05:15:23] *** Joins: madk (~madk@66.222.200.185)
[07:00:48] *** Quits: hthh (~hthh@hh.ht) (Read error: Connection reset by peer)
[07:00:48] *** Quits: hexkyz_ (~hexkyz@ec2-18-179-123-169.ap-northeast-1.compute.amazonaws.com) (Write error: Connection reset by peer)
[07:00:48] *** Quits: Summeli (summeli@irc.summeli.com) (Write error: Connection reset by peer)
[07:00:48] *** Quits: Phils3r (~Phil@2a02:c205:3000:2328::1) (Write error: Connection reset by peer)
[07:00:48] *** Quits: mid-kid1 (~mid-kid@2a01:7c8:aac8:1e8:5054:ff:fe5e:cd48) (Remote host closed the connection)
[07:00:56] *** Joins: Summeli (summeli@irc.summeli.com)
[07:01:42] *** Joins: hexkyz (~hexkyz@ec2-18-179-123-169.ap-northeast-1.compute.amazonaws.com)
[07:01:42] *** Joins: dibas_ (~dibas@wild.uberspace.de)
[07:02:03] *** Joins: Phils3r (~Phil@phils3r.de)
[07:06:23] *** Quits: jn (~quassel@2a02:908:1062:f900:20d:b9ff:fe49:15fc) (Ping timeout: 603 seconds)
[07:06:54] *** Joins: hthh (~hthh@hh.ht)
[07:07:13] *** Quits: uyjulian (~uyjulian@69-110-38-205.lightspeed.lbcktx.sbcglobal.net) (Ping timeout: 732 seconds)
[07:08:14] *** Joins: mid-kid1 (~mid-kid@2a01:7c8:aac8:1e8:5054:ff:fe5e:cd48)
[07:08:31] *** Joins: rctgamer (~rctgamer3@2a00:f10:121:a00:4ba:60ff:fe00:196c)
[07:08:34] *** Joins: jn (~quassel@2a02:908:1062:f900:20d:b9ff:fe49:15fc)
[07:09:05] *** Quits: dibas (~dibas@wild.uberspace.de) (Ping timeout: 746 seconds)
[07:09:05] *** dibas_ is now known as dibas
[07:10:10] *** Joins: derrek_ (~derrek@hyrrokkin.uberspace.de)
[07:10:24] *** Joins: SCV___ (sid226262@id-226262.charlton.irccloud.com)
[07:10:49] *** Quits: rctgamer3 (~rctgamer3@2a00:f10:121:a00:4ba:60ff:fe00:196c) (Ping timeout: 614 seconds)
[07:12:34] *** Quits: SCV__ (sid226262@id-226262.charlton.irccloud.com) (Ping timeout: 1230 seconds)
[07:12:34] *** SCV___ is now known as SCV__
[07:13:10] *** Quits: rjeli____ (sid289321@id-289321.charlton.irccloud.com) (Ping timeout: 1230 seconds)
[07:13:10] *** Quits: derrek (~derrek@hyrrokkin.uberspace.de) (Ping timeout: 745 seconds)
[07:13:11] *** derrek_ is now known as derrek
[07:16:24] *** Quits: mid-kid1 (~mid-kid@2a01:7c8:aac8:1e8:5054:ff:fe5e:cd48) (Read error: Connection timed out)
[07:16:38] *** Joins: mid-kid1 (~mid-kid@2a01:7c8:aac8:1e8:5054:ff:fe5e:cd48)
[07:17:01] *** Quits: derrek (~derrek@hyrrokkin.uberspace.de) (Read error: Connection timed out)
[07:17:20] *** Joins: rjeli____ (sid289321@charlton.irccloud.com)
[07:17:45] *** Quits: mid-kid1 (~mid-kid@2a01:7c8:aac8:1e8:5054:ff:fe5e:cd48) (Read error: Connection timed out)
[07:17:58] *** Quits: rjeli____ (sid289321@charlton.irccloud.com) (Read error: Connection timed out)
[07:18:23] *** Joins: mid-kid1 (~mid-kid@2a01:7c8:aac8:1e8:5054:ff:fe5e:cd48)
[07:18:28] *** Joins: rjeli____ (sid289321@id-289321.charlton.irccloud.com)
[07:19:17] *** Joins: derrek (~derrek@hyrrokkin.uberspace.de)
[08:01:47] *** Joins: changoXPR (~Changolan@ip68-5-8-75.oc.oc.cox.net)
[08:02:51] *** Quits: changO- (~Changolan@ip68-5-8-75.oc.oc.cox.net) (Read error: Operation timed out)
[08:02:51] *** changoXPR is now known as changO-
[08:02:54] *** Quits: mtheall (~mtheall@mtheall.com) (Ping timeout: 265 seconds)
[08:08:07] *** Joins: mtheall (~mtheall@mtheall.com)
[10:05:18] *** Joins: foghorn2 (~meh@2600:1700:8af0:a950:bca3:87a:76a3:f29d)
[10:09:54] *** Joins: foghorn3 (~meh@107-198-163-1.lightspeed.rcsntx.sbcglobal.net)
[10:11:46] *** Quits: foghorn (~meh@2600:1700:8af0:a950:bca3:87a:76a3:f29d) (Read error: Operation timed out)
[10:16:50] *** Quits: foghorn2 (~meh@2600:1700:8af0:a950:bca3:87a:76a3:f29d) (Read error: Operation timed out)
[10:27:18] *** Joins: Genolol (~fear@151.236.216.141)
[10:33:15] *** Quits: derrek (~derrek@hyrrokkin.uberspace.de) (se.hub efnet.port80.se)
[10:33:15] *** Quits: rjeli____ (sid289321@id-289321.charlton.irccloud.com) (se.hub efnet.port80.se)
[10:33:15] *** Quits: mid-kid1 (~mid-kid@2a01:7c8:aac8:1e8:5054:ff:fe5e:cd48) (se.hub efnet.port80.se)
[10:33:15] *** Quits: SCV__ (sid226262@id-226262.charlton.irccloud.com) (se.hub efnet.port80.se)
[10:33:15] *** Quits: jn (~quassel@2a02:908:1062:f900:20d:b9ff:fe49:15fc) (se.hub efnet.port80.se)
[10:33:15] *** Quits: rctgamer (~rctgamer3@2a00:f10:121:a00:4ba:60ff:fe00:196c) (se.hub efnet.port80.se)
[10:33:15] *** Quits: hthh (~hthh@hh.ht) (se.hub efnet.port80.se)
[10:33:15] *** Quits: Phils3r (~Phil@phils3r.de) (se.hub efnet.port80.se)
[10:33:15] *** Quits: dibas (~dibas@wild.uberspace.de) (se.hub efnet.port80.se)
[10:33:15] *** Quits: hexkyz (~hexkyz@ec2-18-179-123-169.ap-northeast-1.compute.amazonaws.com) (se.hub efnet.port80.se)
[10:33:15] *** Quits: Summeli (summeli@irc.summeli.com) (se.hub efnet.port80.se)
[10:33:15] *** Quits: Genolo (~fear@2a01:7e00::f03c:91ff:fe93:8d42) (se.hub efnet.port80.se)
[10:33:15] *** Quits: coriolis (~coriolis@ns398009.ip-192-95-24.net) (se.hub efnet.port80.se)
[10:47:53] *** Joins: rjeli____ (sid289321@id-289321.charlton.irccloud.com)
[10:47:53] *** Joins: hthh (~hthh@hh.ht)
[10:47:53] *** Joins: derrek (~derrek@hyrrokkin.uberspace.de)
[10:47:53] *** Joins: SCV__ (sid226262@charlton.irccloud.com)
[10:47:53] *** Joins: jn (~quassel@2a02:908:1062:f900:20d:b9ff:fe49:15fc)
[10:47:53] *** Joins: uyjulian (~uyjulian@69-110-38-205.lightspeed.lbcktx.sbcglobal.net)
[10:47:53] *** Joins: dibas (~dibas@wild.uberspace.de)
[10:47:53] *** Joins: hexkyz (~hexkyz@ec2-18-179-123-169.ap-northeast-1.compute.amazonaws.com)
[10:47:53] *** Joins: Summeli (summeli@irc.summeli.com)
[10:47:53] *** Joins: Phils3r (~Phil@2a02:c205:3000:2328::1)
[10:47:53] *** Joins: coriolis (~coriolis@ns398009.ip-192-95-24.net)
[10:48:48] *** Genolol is now known as Genolo
[10:49:47] *** Joins: mid-kid1 (~mid-kid@2a01:7c8:aac8:1e8:5054:ff:fe5e:cd48)
[10:50:20] *** Quits: rjeli____ (sid289321@id-289321.charlton.irccloud.com) (Read error: Connection timed out)
[10:50:25] *** Joins: rjeli____ (sid289321@id-289321.charlton.irccloud.com)
[10:51:00] *** Quits: jn (~quassel@2a02:908:1062:f900:20d:b9ff:fe49:15fc) (Read error: Connection timed out)
[10:51:11] *** Quits: uyjulian (~uyjulian@69-110-38-205.lightspeed.lbcktx.sbcglobal.net) (Read error: Connection timed out)
[10:51:15] *** Joins: jn (~quassel@2a02:908:1062:f900:20d:b9ff:fe49:15fc)
[10:51:27] *** Joins: uyjulian (~uyjulian@69-110-38-205.lightspeed.lbcktx.sbcglobal.net)
[10:51:54] *** Quits: uyjulian (~uyjulian@69-110-38-205.lightspeed.lbcktx.sbcglobal.net) (se.hub efnet.port80.se)
[10:51:54] *** Quits: jn (~quassel@2a02:908:1062:f900:20d:b9ff:fe49:15fc) (se.hub efnet.port80.se)
[10:51:54] *** Quits: rjeli____ (sid289321@id-289321.charlton.irccloud.com) (se.hub efnet.port80.se)
[10:51:54] *** Quits: mid-kid1 (~mid-kid@2a01:7c8:aac8:1e8:5054:ff:fe5e:cd48) (se.hub efnet.port80.se)
[10:51:54] *** Quits: hthh (~hthh@hh.ht) (se.hub efnet.port80.se)
[10:51:54] *** Quits: derrek (~derrek@hyrrokkin.uberspace.de) (se.hub efnet.port80.se)
[10:51:54] *** Quits: SCV__ (sid226262@charlton.irccloud.com) (se.hub efnet.port80.se)
[10:51:54] *** Quits: dibas (~dibas@wild.uberspace.de) (se.hub efnet.port80.se)
[10:51:54] *** Quits: hexkyz (~hexkyz@ec2-18-179-123-169.ap-northeast-1.compute.amazonaws.com) (se.hub efnet.port80.se)
[10:51:54] *** Quits: Summeli (summeli@irc.summeli.com) (se.hub efnet.port80.se)
[10:51:54] *** Quits: Phils3r (~Phil@2a02:c205:3000:2328::1) (se.hub efnet.port80.se)
[10:51:54] *** Quits: coriolis (~coriolis@ns398009.ip-192-95-24.net) (se.hub efnet.port80.se)
[10:55:15] *** Joins: uyjulian (~uyjulian@69-110-38-205.lightspeed.lbcktx.sbcglobal.net)
[10:55:15] *** Joins: jn (~quassel@2a02:908:1062:f900:20d:b9ff:fe49:15fc)
[10:55:15] *** Joins: rjeli____ (sid289321@id-289321.charlton.irccloud.com)
[10:55:15] *** Joins: mid-kid1 (~mid-kid@2a01:7c8:aac8:1e8:5054:ff:fe5e:cd48)
[10:55:15] *** Joins: hthh (~hthh@hh.ht)
[10:55:15] *** Joins: derrek (~derrek@hyrrokkin.uberspace.de)
[10:55:15] *** Joins: SCV__ (sid226262@charlton.irccloud.com)
[10:55:15] *** Joins: dibas (~dibas@wild.uberspace.de)
[10:55:15] *** Joins: hexkyz (~hexkyz@ec2-18-179-123-169.ap-northeast-1.compute.amazonaws.com)
[10:55:15] *** Joins: Summeli (summeli@irc.summeli.com)
[10:55:15] *** Joins: Phils3r (~Phil@2a02:c205:3000:2328::1)
[10:55:15] *** Joins: coriolis (~coriolis@ns398009.ip-192-95-24.net)
[11:02:37] *** Joins: foghorn (~meh@107-198-163-1.lightspeed.rcsntx.sbcglobal.net)
[11:06:54] *** Quits: foghorn3 (~meh@107-198-163-1.lightspeed.rcsntx.sbcglobal.net) (Read error: Operation timed out)
[11:18:51] *** Joins: n87 (~n87@46.125.250.16)
[13:48:45] *** Joins: n87_2 (~n87@213162073177.public.t-mobile.at)
[13:50:54] *** Quits: n87 (~n87@46.125.250.16) (Ping timeout: 265 seconds)
[13:59:34] *** Joins: refs (~refs@p200300dd874b2400f5e48ec7d58bbc7d.dip0.t-ipconnect.de)
[16:16:44] *** Quits: n87_2 (~n87@213162073177.public.t-mobile.at) (Ping timeout: 604 seconds)
[16:22:12] *** Joins: n87 (~n87@046125250126.public.t-mobile.at)
[17:05:06] *** Joins: SCV___ (sid226262@id-226262.charlton.irccloud.com)
[17:05:35] *** Joins: uyjulian_ (~uyjulian@69-110-38-205.lightspeed.lbcktx.sbcglobal.net)
[17:06:55] *** Joins: derrek_ (~derrek@hyrrokkin.uberspace.de)
[17:08:05] *** Joins: hthh_ (~hthh@hh.ht)
[17:08:34] *** Joins: dibas_ (~dibas@wild.uberspace.de)
[17:09:11] *** Quits: hthh (~hthh@hh.ht) (Read error: Connection reset by peer)
[17:11:00] *** Quits: dibas (~dibas@wild.uberspace.de) (Read error: Connection reset by peer)
[17:11:00] *** dibas_ is now known as dibas
[17:11:38] *** Quits: hexkyz (~hexkyz@ec2-18-179-123-169.ap-northeast-1.compute.amazonaws.com) (Ping timeout: 745 seconds)
[17:11:59] *** Joins: hexkyz (~hexkyz@ec2-18-179-123-169.ap-northeast-1.compute.amazonaws.com)
[17:13:58] *** Quits: derrek (~derrek@hyrrokkin.uberspace.de) (Ping timeout: 745 seconds)
[17:13:59] *** derrek_ is now known as derrek
[17:14:33] *** Quits: uyjulian (~uyjulian@69-110-38-205.lightspeed.lbcktx.sbcglobal.net) (Ping timeout: 745 seconds)
[17:14:34] *** Quits: coriolis (~coriolis@ns398009.ip-192-95-24.net) (Ping timeout: 745 seconds)
[17:14:34] *** uyjulian_ is now known as uyjulian
[17:20:06] *** Joins: coriolis (~coriolis@2607:5300:60:2885::1)
[17:20:37] *** Quits: SCV__ (sid226262@charlton.irccloud.com) (Read error: Connection timed out)
[17:20:37] *** SCV___ is now known as SCV__
[17:47:42] *** Joins: foghorn2 (~meh@107-198-163-1.lightspeed.rcsntx.sbcglobal.net)
[17:50:39] *** Quits: foghorn (~meh@107-198-163-1.lightspeed.rcsntx.sbcglobal.net) (Ping timeout: 265 seconds)
[19:04:13] *** Quits: rjeli____ (sid289321@id-289321.charlton.irccloud.com) (Ping timeout: 1230 seconds)
[19:04:26] *** Joins: rjeli____ (sid289321@id-289321.charlton.irccloud.com)
[19:18:41] *** Joins: fgsfds (~figgis@93.123.144.171)
[19:51:07] *** Joins: n87_2 (~n87@046125250004.public.t-mobile.at)
[19:57:17] *** Quits: n87 (~n87@046125250126.public.t-mobile.at) (Read error: Operation timed out)
[21:31:23] *** Joins: X-Scale` (~ARM@153.211.137.78.rev.vodafone.pt)
[21:32:09] *** Quits: X-Scale (~ARM@153.211.137.78.rev.vodafone.pt) (Ping timeout: 255 seconds)
[21:32:42] *** X-Scale` is now known as X-Scale
[21:39:40] *** Joins: foghorn3 (~meh@107-198-163-1.lightspeed.rcsntx.sbcglobal.net)
[21:45:27] *** Quits: foghorn2 (~meh@107-198-163-1.lightspeed.rcsntx.sbcglobal.net) (Ping timeout: 496 seconds)
[21:54:33] *** Quits: SCV__ (sid226262@id-226262.charlton.irccloud.com) (Ping timeout: 1230 seconds)
[21:54:46] *** Joins: SCV__ (sid226262@id-226262.charlton.irccloud.com)
[22:27:37] *** Quits: n87_2 (~n87@046125250004.public.t-mobile.at) (Read error: Connection reset by peer)
