[01:29:49] *** Joins: KuKzz_ (KuKzz@95.143.216.177)
[01:30:20] *** Quits: KuKzz (KuKzz@95.143.216.177) (Ping timeout: 501 seconds)
[01:52:31] *** Joins: Phils3r_ (~Phil@2a02:c205:3000:2328::1)
[01:52:31] *** Quits: Phils3r (~Phil@2a02:c205:3000:2328::1) (Read error: Connection reset by peer)
[01:52:45] *** Joins: SCV___ (sid226262@id-226262.charlton.irccloud.com)
[01:54:50] *** Joins: derrek_ (~derrek@hyrrokkin.uberspace.de)
[01:57:46] *** Joins: dibas_ (~dibas@wild.uberspace.de)
[01:58:21] *** Joins: uyjulian_ (~uyjulian@69-110-38-205.lightspeed.lbcktx.sbcglobal.net)
[02:01:53] *** Quits: dibas (~dibas@wild.uberspace.de) (Ping timeout: 745 seconds)
[02:01:54] *** Quits: hthh_ (~hthh@hh.ht) (Ping timeout: 745 seconds)
[02:01:54] *** dibas_ is now known as dibas
[02:02:25] *** Joins: hthh (~hthh@hh.ht)
[02:02:29] *** Quits: derrek (~derrek@hyrrokkin.uberspace.de) (Ping timeout: 745 seconds)
[02:02:29] *** Quits: uyjulian (~uyjulian@69-110-38-205.lightspeed.lbcktx.sbcglobal.net) (Ping timeout: 745 seconds)
[02:02:29] *** derrek_ is now known as derrek
[02:02:29] *** uyjulian_ is now known as uyjulian
[02:07:08] *** Quits: SCV__ (sid226262@id-226262.charlton.irccloud.com) (Ping timeout: 1230 seconds)
[02:07:08] *** SCV___ is now known as SCV__
[02:10:18] <plutobot> Wiki | Page changed: Bluetooth Driver services | User: yls8 | https://switchbrew.org/w/index.php?curid=161&diff=10597&oldid=10581
[03:13:00] <plutobot> Wiki | Page changed: Bluetooth Driver services | User: yls8 | https://switchbrew.org/w/index.php?curid=161&diff=10598&oldid=10597
[04:39:13] *** Quits: refs (~refs@p200300dd874b2400f5e48ec7d58bbc7d.dip0.t-ipconnect.de) (Quit: refs)
[04:42:54] *** Quits: fgsfds (~figgis@93.123.144.171) (Ping timeout: 622 seconds)
[06:18:33] *** Quits: rjeli____ (sid289321@id-289321.charlton.irccloud.com) (Ping timeout: 1230 seconds)
[06:18:46] *** Joins: rjeli____ (sid289321@id-289321.charlton.irccloud.com)
[07:06:57] *** Joins: rajkosto (~rajkosto@cable-178-149-125-126.dynamic.sbb.rs)
[07:26:13] *** Quits: SCV__ (sid226262@id-226262.charlton.irccloud.com) (Ping timeout: 1230 seconds)
[07:26:26] *** Joins: SCV__ (sid226262@id-226262.charlton.irccloud.com)
[07:47:44] *** Quits: lameboy (~lameboy@202-47-121-182.cust.dcsi.net.au) (Ping timeout: 604 seconds)
[07:49:47] *** Joins: lameboy (~lameboy@202-47-121-182.cust.dcsi.net.au)
[08:14:01] *** Quits: thejsa (~eva@lana.core.fs3d.net) (Read error: Operation timed out)
[08:15:46] *** Joins: thejsa (~eva@lana.core.fs3d.net)
[08:19:53] *** Quits: rjeli____ (sid289321@id-289321.charlton.irccloud.com) (Ping timeout: 1230 seconds)
[08:20:06] *** Joins: rjeli____ (sid289321@id-289321.charlton.irccloud.com)
[08:33:16] *** Joins: changoXPR (~Changolan@ip68-5-8-75.oc.oc.cox.net)
[08:35:47] *** Quits: AlexAltea (~alexaltea@phi.nz) (Ping timeout: 317 seconds)
[08:35:48] *** Quits: sh0e (~sh0e@node1.eisenkopf.info) (Ping timeout: 317 seconds)
[08:36:56] *** Joins: mtheall_ (~mtheall@mtheall.com)
[08:37:18] *** Quits: thejsa (~eva@lana.core.fs3d.net) (se.hub efnet.deic.eu)
[08:37:18] *** Quits: rajkosto (~rajkosto@cable-178-149-125-126.dynamic.sbb.rs) (se.hub efnet.deic.eu)
[08:37:18] *** Quits: GerbilSof (~GerbilSof@pool-108-24-152-152.cmdnnj.fios.verizon.net) (se.hub efnet.deic.eu)
[08:37:24] *** Quits: mtheall (~mtheall@mtheall.com) (Ping timeout: 314 seconds)
[08:37:49] *** Joins: CCFL_Man_ (~closet@c-73-64-119-64.hsd1.pa.comcast.net)
[08:39:03] *** Quits: changO- (~Changolan@ip68-5-8-75.oc.oc.cox.net) (Ping timeout: 533 seconds)
[08:39:03] *** changoXPR is now known as changO-
[08:42:05] *** Quits: CCFL_Man (dd0e475915@c-73-64-119-64.hsd1.pa.comcast.net) (hub.efnet.us irc.colosolutions.net)
[08:43:22] *** Joins: GerbilS7 (~GerbilSof@pool-108-24-152-152.cmdnnj.fios.verizon.net)
[08:50:40] *** Joins: AlexAltea (~alexaltea@phi.nz)
[08:54:41] *** Joins: X-Scale` (~ARM@153.211.137.78.rev.vodafone.pt)
[08:57:03] *** Quits: X-Scale (~ARM@153.211.137.78.rev.vodafone.pt) (Ping timeout: 255 seconds)
[08:57:03] *** X-Scale` is now known as X-Scale
[09:00:16] *** Joins: sh0e (~sh0e@node1.eisenkopf.info)
[09:56:05] *** Joins: foghorn2 (~meh@107-198-163-1.lightspeed.rcsntx.sbcglobal.net)
[10:01:59] *** Quits: foghorn3 (~meh@107-198-163-1.lightspeed.rcsntx.sbcglobal.net) (Ping timeout: 496 seconds)
[10:10:08] *** Quits: SCV__ (sid226262@id-226262.charlton.irccloud.com) (Ping timeout: 1230 seconds)
[10:10:21] *** Joins: SCV__ (sid226262@id-226262.charlton.irccloud.com)
[10:25:14] *** Quits: foghorn2 (~meh@107-198-163-1.lightspeed.rcsntx.sbcglobal.net) (Quit: Leaving)
[11:11:53] *** Quits: blasty (~blasty@haxx.in) (Read error: Operation timed out)
[11:11:53] *** Quits: thomasnet (~thomasnet@133.27.216.185.static.reverse.proxgroup.fr) (Read error: Connection reset by peer)
[11:13:12] *** Quits: Sentry- (~sentry@dslb-094-220-214-245.094.220.pools.vodafone-ip.de) (Read error: Operation timed out)
[11:14:36] *** Quits: noirscape (~noirscape@catgirlsin.space) (Read error: Operation timed out)
[11:15:32] *** Quits: mha (mha@adiza.nexticom.net) (Read error: Connection reset by peer)
[11:15:32] *** Quits: d3m3vilur (sid4654@charlton.irccloud.com) (Read error: Operation timed out)
[11:18:34] *** Quits: lex1 (lex@yuuh.pw) (Read error: Operation timed out)
[11:21:38] *** Joins: mha (mha@adiza.nexticom.net)
[11:23:31] *** Quits: rmaw (~rmaw@163.172.57.156) (Read error: Operation timed out)
[11:25:54] *** Quits: Genolo (~fear@151.236.216.141) (Ping timeout: 857 seconds)
[11:26:57] *** Joins: Genolo (~fear@151.236.216.141)
[11:30:30] *** Quits: phigcloud (uid13896@tooting.irccloud.com) (Ping timeout: 1221 seconds)
[11:35:16] *** Quits: Extrems (gamecube@expert.extremscorner.org) (Read error: Connection reset by peer)
[11:38:18] *** Joins: Extrems (~gamecube@expert.extremscorner.org)
[11:42:53] *** Joins: d3m3vilur (sid4654@charlton.irccloud.com)
[11:43:10] *** Joins: Snetry (~sentry@dslb-094-220-214-245.094.220.pools.vodafone-ip.de)
[11:43:11] *** Joins: thomasnet (~thomasnet@133.27.216.185.static.reverse.proxgroup.fr)
[11:44:33] *** Joins: lex1 (lex@yuuh.pw)
[11:45:00] *** Joins: noirscape (~noirscape@catgirlsin.space)
[11:45:16] *** Joins: rmaw (~rmaw@163.172.57.156)
[11:46:39] *** Joins: phigcloud (~uid13896@id-13896.tooting.irccloud.com)
[11:47:48] *** Joins: blasty (~blasty@haxx.in)
[12:10:10] *** Joins: m4ts_ (~mats@s17612523598.blix.com)
[12:11:40] *** Quits: m4ts (~mats@s17612523581.blix.com) (Ping timeout: 265 seconds)
[12:31:02] *** Joins: X-Scale` (~ARM@153.211.137.78.rev.vodafone.pt)
[12:33:03] *** Quits: X-Scale (~ARM@153.211.137.78.rev.vodafone.pt) (Ping timeout: 255 seconds)
[12:33:03] *** X-Scale` is now known as X-Scale
[12:33:03] *** Quits: rjeli____ (sid289321@id-289321.charlton.irccloud.com) (Ping timeout: 1230 seconds)
[12:33:16] *** Joins: rjeli____ (sid289321@id-289321.charlton.irccloud.com)
[13:50:03] *** Quits: rjeli____ (sid289321@id-289321.charlton.irccloud.com) (Ping timeout: 1230 seconds)
[13:50:16] *** Joins: rjeli____ (sid289321@id-289321.charlton.irccloud.com)
[14:05:48] *** Quits: SCV__ (sid226262@id-226262.charlton.irccloud.com) (Ping timeout: 1230 seconds)
[14:06:02] *** Joins: SCV__ (sid226262@id-226262.charlton.irccloud.com)
[14:20:11] *** Joins: fgsfds (~figgis@93.123.144.171)
[14:40:01] *** Joins: X-Scale` (~ARM@153.211.137.78.rev.vodafone.pt)
[14:41:53] *** Joins: figgis_ (~figgis@93.123.144.171)
[14:42:12] *** Quits: X-Scale (~ARM@153.211.137.78.rev.vodafone.pt) (Ping timeout: 255 seconds)
[14:42:12] *** X-Scale` is now known as X-Scale
[14:49:13] *** Quits: fgsfds (~figgis@93.123.144.171) (Read error: Operation timed out)
[14:51:11] *** Joins: figgis__ (~figgis@93.123.144.171)
[14:58:42] *** Quits: figgis_ (~figgis@93.123.144.171) (Read error: Operation timed out)
[16:28:07] *** Joins: n87 (~n87@213-225-5-138.nat.highway.a1.net)
[17:08:28] *** Quits: n87 (~n87@213-225-5-138.nat.highway.a1.net) (Read error: Connection reset by peer)
[17:10:06] *** Joins: n87 (~n87@213-225-5-138.nat.highway.a1.net)
[17:10:12] *** Joins: figgis_ (~figgis@93.123.144.171)
[17:17:55] *** Quits: figgis__ (~figgis@93.123.144.171) (Read error: Operation timed out)
[17:47:42] *** Joins: figgis__ (~figgis@93.123.144.171)
[17:55:03] *** Quits: KuKzz_ (KuKzz@95.143.216.177) (Ping timeout: 745 seconds)
[17:55:13] *** Joins: KuKzz (KuKzz@95.143.216.177)
[17:55:29] *** Quits: figgis_ (~figgis@93.123.144.171) (Read error: Operation timed out)
[18:02:12] *** Joins: KuKzz_ (~KuKzz@95.143.216.177)
[18:07:53] *** Quits: KuKzz (KuKzz@95.143.216.177) (Ping timeout: 745 seconds)
[18:31:12] *** Joins: figgis_ (~figgis@93.123.144.171)
[18:38:44] *** Quits: figgis__ (~figgis@93.123.144.171) (Read error: Operation timed out)
[18:57:29] <plutobot> Wiki | Page changed: Bluetooth Driver services | User: yls8 | https://switchbrew.org/w/index.php?curid=161&diff=10599&oldid=10598
[20:17:58] *** Quits: hexkyz (~hexkyz@ec2-18-179-123-169.ap-northeast-1.compute.amazonaws.com) (Ping timeout: 745 seconds)
[20:19:49] *** Joins: hexkyz (~hexkyz@ec2-18-179-123-169.ap-northeast-1.compute.amazonaws.com)
[21:50:50] *** Quits: n87 (~n87@213-225-5-138.nat.highway.a1.net) (Read error: Connection reset by peer)
[22:07:58] *** Joins: refs (~refs@p200300dd87103800cd3dbd9c05db0c51.dip0.t-ipconnect.de)
[22:37:10] *** Joins: nohit_ (sid334887@id-334887.ealing.irccloud.com)
[22:38:06] *** Quits: nohit (~sid334887@2001:67c:2f08:2::5:1c27) (Ping timeout: 258 seconds)
[22:38:07] *** nohit_ is now known as nohit
[23:06:27] *** Joins: CCFL_Man (f2f085aecf@c-73-64-119-64.hsd1.pa.comcast.net)
[23:09:45] *** Quits: CCFL_Man_ (~closet@c-73-64-119-64.hsd1.pa.comcast.net) (Read error: Operation timed out)
[23:10:10] *** Quits: Galaxy| (~galaxy@174-083-206-118.res.spectrum.com) (Read error: Operation timed out)
[23:13:52] *** Joins: Galaxy| (~galaxy@174-083-206-118.res.spectrum.com)
