[00:18:57] *** Quits: uyjulian (~uyjulian@69-110-38-205.lightspeed.lbcktx.sbcglobal.net) (Quit: ZNC - http://znc.in)
[00:20:33] *** Joins: uyjulian (~uyjulian@69.110.38.205)
[01:08:28] *** Joins: foghorn (~meh@2600:1700:8af0:a950:c456:76ec:dfad:cdd6)
[01:08:33] *** Quits: foghorn (~meh@2600:1700:8af0:a950:c456:76ec:dfad:cdd6) (Read error: Connection reset by peer)
[02:26:18] *** Joins: changoXPR (~Changolan@ip68-5-8-75.oc.oc.cox.net)
[02:26:29] *** Quits: changO- (~Changolan@ip68-5-8-75.oc.oc.cox.net) (Read error: Operation timed out)
[02:26:30] *** changoXPR is now known as changO-
[02:30:55] *** Quits: refs (~refs@p200300dd87103800cd3dbd9c05db0c51.dip0.t-ipconnect.de) (Quit: refs)
[02:41:48] *** Quits: hexkyz (~hexkyz@ec2-18-179-123-169.ap-northeast-1.compute.amazonaws.com) (Ping timeout: 745 seconds)
[02:42:08] *** Joins: hexkyz (~hexkyz@ec2-18-179-123-169.ap-northeast-1.compute.amazonaws.com)
[03:04:33] *** Quits: hexkyz (~hexkyz@ec2-18-179-123-169.ap-northeast-1.compute.amazonaws.com) (Ping timeout: 745 seconds)
[03:05:54] *** Joins: hexkyz (~hexkyz@ec2-18-179-123-169.ap-northeast-1.compute.amazonaws.com)
[03:48:29] *** Quits: figgis_ (~figgis@93.123.144.171) (Read error: Connection reset by peer)
[04:23:23] *** Quits: Galaxy| (~galaxy@174-083-206-118.res.spectrum.com) (Quit.)
[04:27:05] *** Joins: Galaxy| (~galaxy@174-083-206-118.res.spectrum.com)
[04:27:06] *** Quits: Galaxy| (~galaxy@174-083-206-118.res.spectrum.com) (Remote host closed the connection)
[04:28:05] *** Joins: Galaxy| (~galaxy@174-083-206-118.res.spectrum.com)
[04:31:34] *** Quits: Galaxy| (~galaxy@174-083-206-118.res.spectrum.com) (Client Quit)
[04:45:39] *** Quits: ihaveamac (~ihaveamac@138.68.232.110) (fail)
[04:47:36] *** Joins: ihaveamac (~ihaveamac@138.68.232.110)
[04:51:58] *** Joins: Galaxy| (~galaxy@174-083-206-118.res.spectrum.com)
[05:28:08] *** Quits: Galaxy| (~galaxy@174-083-206-118.res.spectrum.com) (Quit: Quit.)
[05:31:25] <plutobot> Wiki | Page changed: Bluetooth Driver services | User: yls8 | https://switchbrew.org/w/index.php?curid=161&diff=10600&oldid=10599
[06:12:42] <plutobot> Wiki | Page changed: Bluetooth Driver services | User: yls8 | https://switchbrew.org/w/index.php?curid=161&diff=10601&oldid=10600
[06:46:09] <plutobot> Wiki | Page changed: Bluetooth Driver services | User: yls8 | https://switchbrew.org/w/index.php?curid=161&diff=10602&oldid=10601
[06:49:43] *** Joins: Galaxy| (~galaxy@174-083-206-118.res.spectrum.com)
[06:50:12] *** Quits: Galaxy| (~galaxy@174-083-206-118.res.spectrum.com) (Client Quit)
[06:52:27] *** Quits: ris2z (~2ri@static.200.38.9.176.clients.your-server.de) (Quit: ZNC 1.8.2 - https://znc.in)
[06:52:33] *** Joins: Galaxy| (~galaxy@174-083-206-118.res.spectrum.com)
[06:56:37] *** Quits: Galaxy| (~galaxy@174-083-206-118.res.spectrum.com) (Client Quit)
[07:04:22] *** Joins: Galaxy| (~galaxy@174-083-206-118.res.spectrum.com)
[07:10:30] *** Joins: Galaxy|_ (~galaxy@174-083-206-118.res.spectrum.com)
[07:12:15] *** Quits: Galaxy| (~galaxy@174-083-206-118.res.spectrum.com) (Read error: Operation timed out)
[07:12:15] *** Galaxy|_ is now known as Galaxy|
[07:12:27] *** Joins: ris2z (~2ri@static.200.38.9.176.clients.your-server.de)
[07:17:56] <plutobot> Wiki | Page changed: Bluetooth Driver services | User: yls8 | https://switchbrew.org/w/index.php?curid=161&diff=10603&oldid=10602
[08:38:39] <plutobot> Wiki | Page changed: Bluetooth Driver services | User: yls8 | https://switchbrew.org/w/index.php?curid=161&diff=10604&oldid=10603
[09:04:30] *** Quits: GerbilS7 (~GerbilSof@pool-108-24-152-152.cmdnnj.fios.verizon.net) (Read error: Operation timed out)
[09:04:52] *** Joins: GerbilS7 (~GerbilSof@pool-108-24-152-152.cmdnnj.fios.verizon.net)
[09:08:07] *** Quits: datagutt (~datagutt@datagutt1.com) (Read error: Connection reset by peer)
[09:08:37] *** Quits: Extrems (~gamecube@expert.extremscorner.org) (Read error: Operation timed out)
[09:08:45] *** Joins: Extrems (gamecube@expert.extremscorner.org)
[09:08:50] *** Quits: sh0e (~sh0e@node1.eisenkopf.info) (Read error: Operation timed out)
[09:10:54] *** Joins: sh0e (~sh0e@node1.eisenkopf.info)
[09:12:22] *** Joins: datagutt (~datagutt@datagutt1.com)
[09:16:27] *** Joins: KuKzz (~KuKzz@95.143.216.177)
[09:18:58] *** Quits: Behemoth_ (~quassel@82.165.248.46) (Read error: Operation timed out)
[09:19:01] *** Joins: Behemoth_ (~quassel@82.165.248.46)
[09:19:19] *** Quits: KuKzz_ (~KuKzz@95.143.216.177) (Ping timeout: 496 seconds)
[09:23:03] *** Quits: ihaveamac (~ihaveamac@138.68.232.110) (Ping timeout: 496 seconds)
[09:51:08] *** Quits: hexkyz (~hexkyz@ec2-18-179-123-169.ap-northeast-1.compute.amazonaws.com) (Ping timeout: 745 seconds)
[09:51:28] *** Joins: hexkyz (~hexkyz@ec2-18-179-123-169.ap-northeast-1.compute.amazonaws.com)
[10:16:48] *** Quits: hexkyz (~hexkyz@ec2-18-179-123-169.ap-northeast-1.compute.amazonaws.com) (Ping timeout: 745 seconds)
[10:17:09] *** Joins: hexkyz (~hexkyz@ec2-18-179-123-169.ap-northeast-1.compute.amazonaws.com)
[10:22:38] *** Quits: changO- (~Changolan@ip68-5-8-75.oc.oc.cox.net) (Ping timeout: 745 seconds)
[10:34:07] *** Joins: changO- (chango@ip68-5-8-75.oc.oc.cox.net)
[10:34:08] *** Quits: changO- (chango@ip68-5-8-75.oc.oc.cox.net) (Excess Flood)
[10:34:37] *** Joins: changO- (~Changolan@ip68-5-8-75.oc.oc.cox.net)
[10:34:37] *** Quits: changO- (~Changolan@ip68-5-8-75.oc.oc.cox.net) (Excess Flood)
[10:34:57] *** Joins: changO- (~Changolan@ip68-5-8-75.oc.oc.cox.net)
[10:34:57] *** Quits: changO- (~Changolan@ip68-5-8-75.oc.oc.cox.net) (Excess Flood)
[10:35:50] *** Joins: changO- (chango@ip68-5-8-75.oc.oc.cox.net)
[10:38:06] *** Joins: |Shadow|_ (~Shadow1@ip24-253-244-123.ok.ok.cox.net)
[10:39:49] *** Quits: |Shadow| (~Shadow1@ip24-253-244-123.ok.ok.cox.net) (Read error: Operation timed out)
[11:07:33] *** Quits: hexkyz (~hexkyz@ec2-18-179-123-169.ap-northeast-1.compute.amazonaws.com) (Ping timeout: 745 seconds)
[11:07:53] *** Joins: hexkyz (~hexkyz@ec2-18-179-123-169.ap-northeast-1.compute.amazonaws.com)
[11:29:42] *** Quits: phigcloud (~uid13896@id-13896.tooting.irccloud.com) (Quit: Connection closed for inactivity)
[12:32:50] *** |Shadow|_ is now known as |Shadow|
[12:44:39] *** Joins: derk0pf (~derk0pf@dynamic-046-114-035-036.46.114.pool.telefonica.de)
[13:59:06] *** Quits: changO- (chango@ip68-5-8-75.oc.oc.cox.net) (Read error: Connection reset by peer)
[14:02:27] *** Joins: changO- (~Changolan@ip68-5-8-75.oc.oc.cox.net)
[14:30:57] *** Joins: fgsfds (~figgis@93.123.144.171)
[15:31:07] *** Quits: derk0pf (~derk0pf@dynamic-046-114-035-036.46.114.pool.telefonica.de) (Ping timeout: 501 seconds)
[15:34:21] *** Joins: derk0pf (~derk0pf@dynamic-046-114-035-036.46.114.pool.telefonica.de)
[16:05:24] *** Joins: phigcloud (~uid13896@id-13896.tooting.irccloud.com)
[16:46:26] *** Quits: mafcadio5 (~mafcadio@cpc158505-smal20-2-0-cust226.19-1.cable.virginm.net) (Read error: Operation timed out)
[16:47:45] *** Quits: rmaw (~rmaw@163.172.57.156) (Read error: Operation timed out)
[16:47:46] *** Quits: Snetry (~sentry@dslb-094-220-214-245.094.220.pools.vodafone-ip.de) (Read error: Operation timed out)
[16:48:58] *** Quits: phigcloud (~uid13896@id-13896.tooting.irccloud.com) (Read error: Operation timed out)
[16:49:05] *** Quits: noirscape (~noirscape@catgirlsin.space) (Read error: Operation timed out)
[16:49:05] *** Quits: thomasnet (~thomasnet@133.27.216.185.static.reverse.proxgroup.fr) (Read error: Operation timed out)
[16:49:35] *** Quits: lex1 (lex@yuuh.pw) (Read error: Operation timed out)
[16:50:07] *** Quits: d3m3vilur (sid4654@charlton.irccloud.com) (Read error: Operation timed out)
[16:51:40] *** Joins: d3m3vilur (sid4654@charlton.irccloud.com)
[16:51:51] *** Joins: thomasnet (~thomasnet@133.27.216.185.static.reverse.proxgroup.fr)
[16:51:56] *** Joins: noirscape (~noirscape@catgirlsin.space)
[16:52:08] *** Joins: Snetry (~sentry@dslb-094-220-214-245.094.220.pools.vodafone-ip.de)
[16:52:22] *** Joins: lex1 (lex@yuuh.pw)
[16:52:28] *** Joins: TuxSH (tuxsh@2a01:4f8:141:1272::2)
[16:52:29] *** Joins: phigcloud (uid13896@tooting.irccloud.com)
[16:52:31] *** Joins: rmaw (~rmaw@163.172.57.156)
[17:44:25] *** Joins: mafcadio5 (~mafcadio@cpc158505-smal20-2-0-cust226.19-1.cable.virginm.net)
[19:31:05] *** Joins: ihaveamac (~ihaveamac@138.68.232.110)
[19:54:27] *** Joins: n87 (~n87@89.144.223.40)
[20:16:18] *** Quits: n87 (~n87@89.144.223.40) (Ping timeout: 265 seconds)
[20:16:55] *** Quits: derk0pf (~derk0pf@dynamic-046-114-035-036.46.114.pool.telefonica.de) (Read error: Operation timed out)
[20:36:55] *** Joins: n87 (~n87@89.144.223.40)
[20:39:25] <plutobot> Wiki | Page changed: Bluetooth Driver services | User: yls8 | https://switchbrew.org/w/index.php?curid=161&diff=10605&oldid=10604
[20:48:54] *** Joins: derk0pf (~derk0pf@91.65.53.112)
[20:55:23] *** Joins: derk0pf_ (~derk0pf@dynamic-046-114-032-130.46.114.pool.telefonica.de)
[20:59:38] *** Quits: derk0pf (~derk0pf@91.65.53.112) (Ping timeout: 604 seconds)
[21:03:40] *** Quits: n87 (~n87@89.144.223.40) (Ping timeout: 265 seconds)
[21:10:35] *** Joins: n87 (~n87@89.144.223.40)
[21:12:59] *** Joins: refs (~refs@p200300dd87178900a822778079692cb6.dip0.t-ipconnect.de)
[21:59:53] *** Quits: n87 (~n87@89.144.223.40) (Read error: Connection reset by peer)
[22:04:40] *** Quits: derk0pf_ (~derk0pf@dynamic-046-114-032-130.46.114.pool.telefonica.de) (Read error: Operation timed out)
