[01:12:48] *** Joins: KuKzz_ (KuKzz@95.143.216.177)
[01:14:26] *** Quits: KuKzz (~KuKzz@95.143.216.177) (Ping timeout: 604 seconds)
[01:35:38] *** Quits: averne (~averne@176-179-35-51.abo.bbox.fr) (quit)
[01:54:07] *** Joins: averne (~averne@176-179-35-51.abo.bbox.fr)
[01:54:07] *** Server sets mode: +stn 
[02:00:19] *** Joins: SCV__ (sid226262@charlton.irccloud.com)
[02:00:22] *** Joins: rjeli____ (sid289321@charlton.irccloud.com)
[02:06:52] *** Joins: Snetry (~sentry@dslb-094-220-214-245.094.220.pools.vodafone-ip.de)
[02:06:54] *** Joins: thomasnet (~thomasnet@133.27.216.185.static.reverse.proxgroup.fr)
[02:06:54] *** Joins: noirscape (~noirscape@catgirlsin.space)
[02:07:13] *** Joins: TuxSH (tuxsh@2a01:4f8:141:1272::2)
[02:07:59] *** Joins: phigcloud (uid13896@tooting.irccloud.com)
[02:08:39] *** Joins: d3m3vilur (sid4654@charlton.irccloud.com)
[02:12:51] *** Joins: blasty (~blasty@haxx.in)
[02:13:00] *** Joins: rmaw (~rmaw@163.172.57.156)
[02:13:40] *** Joins: lex1 (lex@yuuh.pw)
[02:19:16] *** Quits: DacoTaco (~DacoTaco@178-119-112-131.access.telenet.be) (Ping timeout: 258 seconds)
[02:21:04] *** Quits: refs (~refs@p200300dd871d3e006cf9b7542cea7e19.dip0.t-ipconnect.de) (Quit: refs)
[02:37:46] *** Quits: rjeli____ (sid289321@charlton.irccloud.com) (Read error: Connection reset by peer)
[02:37:46] *** Quits: SCV__ (sid226262@charlton.irccloud.com) (Read error: Connection reset by peer)
[02:43:52] *** Joins: SCV__ (sid226262@charlton.irccloud.com)
[02:46:38] *** Joins: rjeli____ (sid289321@charlton.irccloud.com)
[02:50:05] *** Joins: DacoTaco (~DacoTaco@178-119-112-131.access.telenet.be)
[03:19:37] *** Quits: rjeli____ (sid289321@charlton.irccloud.com) (Read error: Connection reset by peer)
[03:19:37] *** Quits: SCV__ (sid226262@charlton.irccloud.com) (Read error: Connection reset by peer)
[03:28:37] *** Joins: rjeli____ (sid289321@charlton.irccloud.com)
[03:28:56] *** Joins: SCV__ (sid226262@charlton.irccloud.com)
[04:03:06] *** Joins: changoXPR (chango@ip68-5-8-75.oc.oc.cox.net)
[04:03:27] *** Quits: changO- (~Changolan@ip68-5-8-75.oc.oc.cox.net) (Read error: Operation timed out)
[04:03:27] *** changoXPR is now known as changO-
[06:00:46] *** Quits: fgsfds (~figgis@93.123.144.171) (Read error: Connection reset by peer)
[06:12:35] *** Quits: lemmy- (lemmy@2600:3c00:e000:2e:0:dead:beef:6) (Ping timeout: 265 seconds)
[07:00:52] *** Joins: lemmy (lemmy@2600:3c00:e000:2e:0:dead:beef:6)
[07:01:52] *** Quits: DeusQain_ (quasselcor@mx.qainsworld.com) (Remote host closed the connection)
[07:04:50] *** Joins: DeusQain (quasselcor@mx.qainsworld.com)
[07:16:42] *** Quits: DeusQain (quasselcor@mx.qainsworld.com) (Remote host closed the connection)
[07:19:32] *** Joins: DeusQain (quasselcor@mx.qainsworld.com)
[07:46:26] *** Quits: DeusQain (quasselcor@mx.qainsworld.com) (Remote host closed the connection)
[07:56:18] *** Joins: DeusQain (quasselcor@mx.qainsworld.com)
[08:02:28] *** Quits: SCV__ (sid226262@charlton.irccloud.com) (Read error: Connection reset by peer)
[08:02:28] *** Quits: rjeli____ (sid289321@charlton.irccloud.com) (Read error: Connection reset by peer)
[08:07:49] *** Joins: SCV__ (sid226262@charlton.irccloud.com)
[08:08:07] *** Quits: SCV__ (sid226262@charlton.irccloud.com) (Read error: Connection reset by peer)
[08:14:05] *** Joins: rjeli____ (sid289321@charlton.irccloud.com)
[08:19:02] *** Joins: SCV__ (sid226262@charlton.irccloud.com)
[12:38:42] *** Quits: SCV__ (sid226262@charlton.irccloud.com) (Read error: Connection reset by peer)
[12:38:42] *** Quits: rjeli____ (sid289321@charlton.irccloud.com) (Read error: Connection reset by peer)
[12:41:24] *** Joins: rjeli____ (sid289321@id-289321.charlton.irccloud.com)
[12:41:52] *** Joins: SCV__ (sid226262@id-226262.charlton.irccloud.com)
[13:27:32] *** Joins: Pieman (sid188464@id-188464.brockwell.irccloud.com)
[14:13:57] *** Joins: fgsfds (~figgis@93.123.144.171)
[14:26:58] *** Quits: SCV__ (sid226262@id-226262.charlton.irccloud.com) (Ping timeout: 1230 seconds)
[14:27:11] *** Joins: SCV__ (sid226262@id-226262.charlton.irccloud.com)
[16:12:43] *** Joins: n87 (~n87@089144206163.atnat0015.highway.bob.at)
[16:34:05] *** Joins: uyjulian_ (~uyjulian@69-110-38-205.lightspeed.lbcktx.sbcglobal.net)
[16:38:13] *** Quits: uyjulian (~uyjulian@69-110-38-205.lightspeed.lbcktx.sbcglobal.net) (Ping timeout: 745 seconds)
[16:42:34] *** Joins: uyjulian (~uyjulian@69-110-38-205.lightspeed.lbcktx.sbcglobal.net)
[16:47:33] *** Quits: uyjulian_ (~uyjulian@69-110-38-205.lightspeed.lbcktx.sbcglobal.net) (Ping timeout: 745 seconds)
[16:49:53] *** Quits: SCV__ (sid226262@id-226262.charlton.irccloud.com) (Ping timeout: 1230 seconds)
[16:50:06] *** Joins: SCV__ (sid226262@id-226262.charlton.irccloud.com)
[17:11:28] *** Quits: rjeli____ (sid289321@id-289321.charlton.irccloud.com) (Ping timeout: 1230 seconds)
[17:11:41] *** Joins: rjeli____ (sid289321@id-289321.charlton.irccloud.com)
[17:37:01] *** Quits: n87 (~n87@089144206163.atnat0015.highway.bob.at) (Ping timeout: 622 seconds)
[19:12:53] *** Joins: n87 (~n87@89.144.222.121)
[19:16:45] *** Quits: changO- (chango@ip68-5-8-75.oc.oc.cox.net) (Read error: Connection reset by peer)
[19:20:33] *** Quits: n87 (~n87@89.144.222.121) (Read error: Connection reset by peer)
[19:22:28] *** Joins: n87 (~n87@89.144.222.121)
[19:25:14] *** Joins: changO- (chango@ip68-5-8-75.oc.oc.cox.net)
[21:26:00] *** Joins: changoXPR (chango@ip68-5-8-75.oc.oc.cox.net)
[21:32:13] *** Quits: changO- (chango@ip68-5-8-75.oc.oc.cox.net) (Ping timeout: 745 seconds)
[21:32:13] *** changoXPR is now known as changO-
[21:52:28] *** Joins: refs (~refs@p200300dd87146400a12b0830a3b5c4f4.dip0.t-ipconnect.de)
[22:06:12] *** Quits: n87 (~n87@89.144.222.121) (Ping timeout: 265 seconds)
[22:17:05] *** Joins: figgis_ (~figgis@93.123.144.171)
[22:20:28] *** Joins: figgis__ (~figgis@93.123.144.171)
[22:24:46] *** Quits: fgsfds (~figgis@93.123.144.171) (Read error: Operation timed out)
[22:27:35] *** Quits: figgis_ (~figgis@93.123.144.171) (Ping timeout: 622 seconds)
[22:49:57] <plutobot> Wiki | Page changed: 9.0.0 | User: SciresM | https://switchbrew.org/w/index.php?curid=391&diff=10607&oldid=8783
[23:23:15] *** Joins: fgsfds (~figgis@93.123.144.171)
[23:25:57] *** Quits: figgis__ (~figgis@93.123.144.171) (Ping timeout: 265 seconds)
