[00:08:18] *** Quits: Snetry (~sentry@dslb-094-220-214-245.094.220.pools.vodafone-ip.de) (Read error: Operation timed out)
[00:18:17] *** Quits: fgsfds (~figgis@93.123.144.171) (Remote host closed the connection)
[00:18:31] *** Joins: fgsfds (~figgis@93.123.144.171)
[00:19:00] <plutobot> Wiki | Page changed: Gamecard ASIC | User: Tatsuko | https://switchbrew.org/w/index.php?curid=349&diff=10608&oldid=10553
[00:21:23] *** Joins: Snetry (~sentry@dslb-088-078-076-199.088.078.pools.vodafone-ip.de)
[00:24:42] *** Quits: lameboy (~lameboy@202-47-121-182.cust.dcsi.net.au) (Read error: Operation timed out)
[00:25:49] *** Joins: lameboy (~lameboy@202-47-121-182.cust.dcsi.net.au)
[00:30:01] *** Quits: lameboy (~lameboy@202-47-121-182.cust.dcsi.net.au) (Read error: Connection reset by peer)
[00:31:32] *** Joins: lameboy (~lameboy@202-47-121-182.cust.dcsi.net.au)
[00:36:25] *** Quits: oldtopman (~oldtopman@70-59-30-244.hlrn.qwest.net) (Read error: Operation timed out)
[00:36:27] *** Quits: rmaw (~rmaw@163.172.57.156) (Read error: Connection reset by peer)
[00:37:10] *** Quits: blasty (~blasty@haxx.in) (Read error: Operation timed out)
[00:37:13] *** Quits: Snetry (~sentry@dslb-088-078-076-199.088.078.pools.vodafone-ip.de) (Read error: Operation timed out)
[00:37:30] *** Quits: capin3 (~capin@209.182.233.136) (Read error: Operation timed out)
[00:37:35] *** Quits: noirscape (~noirscape@catgirlsin.space) (Read error: Operation timed out)
[00:37:35] *** Quits: TuxSH (tuxsh@2a01:4f8:141:1272::2) (Read error: Operation timed out)
[00:37:45] *** Quits: thomasnet (~thomasnet@133.27.216.185.static.reverse.proxgroup.fr) (Read error: Operation timed out)
[00:37:49] *** Joins: capin3 (~capin@209.182.233.136)
[00:38:36] *** Joins: mtheall (~mtheall@mtheall.com)
[00:42:50] *** Quits: lex1 (lex@yuuh.pw) (Read error: Operation timed out)
[00:43:54] *** Quits: GrecKo_ (~grecko@static.183.157.9.5.clients.your-server.de) (Read error: Operation timed out)
[00:43:54] *** Quits: mtheall_ (~mtheall@mtheall.com) (Read error: Operation timed out)
[00:44:58] *** Joins: GrecKo (~grecko@static.183.157.9.5.clients.your-server.de)
[00:44:58] *** Quits: CCFL_Man (f2f085aecf@c-73-64-119-64.hsd1.pa.comcast.net) (ny.us.hub irc.Prison.NET)
[00:44:58] *** Joins: blasty (~blasty@haxx.in)
[00:45:30] *** Joins: lex1 (lex@yuuh.pw)
[00:45:30] *** Joins: thomasnet (~thomasnet@133.27.216.185.static.reverse.proxgroup.fr)
[00:45:30] *** Quits: averne (~averne@176-179-35-51.abo.bbox.fr) (quit)
[00:57:03] *** Joins: averne (~averne@176-179-35-51.abo.bbox.fr)
[00:57:08] *** Server sets mode: +stn 
[00:57:47] *** Quits: balrog (~balrog@pool-98-115-168-15.phlapa.fios.verizon.net) (Read error: Operation timed out)
[00:58:24] *** Quits: yls8bot (~yls8bot@mtheall.com) (Read error: Operation timed out)
[00:58:53] *** Joins: balrog (~balrog@pool-98-115-168-15.phlapa.fios.verizon.net)
[00:59:31] *** Quits: fgsfds (~figgis@93.123.144.171) (Read error: Connection reset by peer)
[00:59:55] *** Joins: fgsfds (~figgis@93.123.144.171)
[01:00:10] *** Quits: Lightswor (~Lightswor@107.170.253.193) (Ping timeout: 376 seconds)
[01:00:51] <plutobot> Wiki | Page changed: Switch System Flaws | User: Tatsuko | https://switchbrew.org/w/index.php?curid=14&diff=10609&oldid=10525
[01:01:02] *** Quits: giglife (giglife@cpe244bfed15a98-cm688f2e1dc9d0.cpe.net.cable.rogers.com) (Read error: Operation timed out)
[01:01:23] *** Quits: Kyouju (~Kyouju@ks3311808.kimsufi.com) (Read error: Operation timed out)
[01:01:23] *** Quits: tpw_rules (~tpw_rules@li1059-135.members.linode.com) (Read error: Operation timed out)
[01:02:05] *** Joins: gruetzko- (gruetzkopf@bnc.dont-follow.us)
[01:02:05] *** Joins: tpw_rules (~tpw_rules@li1059-135.members.linode.com)
[01:02:05] *** Quits: Surkow (~Surkow@84-104-14-64.cable.dynamic.v4.ziggo.nl) (Read error: Operation timed out)
[01:02:05] *** Joins: giglife (giglife@cpe244bfed15a98-cm688f2e1dc9d0.cpe.net.cable.rogers.com)
[01:02:39] *** Quits: freundTec (~freundTec@freundtech.com) (Read error: Operation timed out)
[01:03:26] *** Quits: Cu3PO42 (~Cu3PO42@159.69.208.45) (Ping timeout: 376 seconds)
[01:03:27] *** Joins: eggy (~eggster@irchighway.eggy.cc)
[01:03:36] *** Quits: gruetzkop (gruetzkopf@bnc.dont-follow.us) (Read error: Operation timed out)
[01:03:40] *** Quits: Aaerox (Aaerox@fuckyou.k.thnx.org) (Read error: Operation timed out)
[01:03:43] *** Joins: freundTec (~freundTec@freundtech.com)
[01:03:48] *** Quits: cpncok3 (~ice@92-48-84-85.static.as29550.net) (Read error: Operation timed out)
[01:04:13] *** Quits: cpnc0ke (~ice@92-48-84-85.static.as29550.net) (Read error: Operation timed out)
[01:05:00] *** Joins: cpnc0ke (~ice@92-48-84-85.static.as29550.net)
[01:05:07] *** Quits: TurtleP (~turtlep@bnc.devkitpro.org) (Read error: Operation timed out)
[01:05:10] *** Joins: TurtleP (~turtlep@bnc.devkitpro.org)
[01:05:12] *** Joins: cpncok3 (~ice@92-48-84-85.static.as29550.net)
[01:05:42] *** Joins: Maylay_ (~gren@108-198-59-230.lightspeed.miamfl.sbcglobal.net)
[01:08:12] *** Quits: eggy (~eggster@irchighway.eggy.cc) (Read error: Operation timed out)
[01:08:24] *** Joins: eggy (~eggster@irchighway.eggy.cc)
[01:08:26] *** Quits: Maylay (~gren@108-198-59-230.lightspeed.miamfl.sbcglobal.net) (Write error: Broken pipe)
[01:09:49] *** Quits: eggster (~eggster@irchighway.eggy.cc) (Read error: Operation timed out)
[01:10:28] *** Joins: Cu3PO42 (~Cu3PO42@159.69.208.45)
[01:10:50] *** Quits: refs (~refs@p200300dd87146400a12b0830a3b5c4f4.dip0.t-ipconnect.de) (Ping timeout: 258 seconds)
[01:11:42] *** Quits: Snetry (~sentry@dslb-088-078-076-199.088.078.pools.vodafone-ip.de) (Read error: Operation timed out)
[01:11:45] *** Quits: phigcloud (uid13896@id-13896.tooting.irccloud.com) (Read error: Operation timed out)
[01:11:47] *** Joins: omlet05_ (~quassel@omlet.ovh)
[01:11:55] *** Joins: Surkow (~Surkow@84-104-14-64.cable.dynamic.v4.ziggo.nl)
[01:12:27] *** Quits: blasty (~blasty@haxx.in) (Remote host closed the connection)
[01:13:07] <plutobot> Wiki | Page changed: Switch System Flaws | User: SciresM | https://switchbrew.org/w/index.php?curid=14&diff=10610&oldid=10609
[01:14:11] *** Quits: TuxSH (tuxsh@2a01:4f8:141:1272::2) (Read error: Operation timed out)
[01:14:38] *** Quits: omlet05 (~quassel@omlet.ovh) (Read error: Connection reset by peer)
[01:17:02] <plutobot> Wiki | Page changed: Switch System Flaws | User: SciresM | https://switchbrew.org/w/index.php?curid=14&diff=10611&oldid=10610
[01:17:50] *** Quits: lex1 (lex@yuuh.pw) (Read error: Operation timed out)
[01:18:17] *** Quits: rmaw (~rmaw@163.172.57.156) (Ping timeout: 857 seconds)
[01:19:13] *** Quits: GrecKo (~grecko@static.183.157.9.5.clients.your-server.de) (Excess Flood)
[01:23:25] *** CCFL_Man_ is now known as CCFL_Man
[01:24:48] *** Quits: noirscape (~noirscape@catgirlsin.space) (Read error: Operation timed out)
[01:25:48] *** Quits: d3m3vilur (sid4654@charlton.irccloud.com) (Read error: Operation timed out)
[01:26:45] *** Quits: thomasnet (~thomasnet@133.27.216.185.static.reverse.proxgroup.fr) (Connection closed)
[01:27:14] *** Joins: blasty (~blasty@haxx.in)
[01:28:15] *** Joins: Aaerox (~Aaerox@fuckyou.k.thnx.org)
[01:28:34] *** Quits: capin3 (~capin@209.182.233.136) (Read error: Operation timed out)
[01:28:45] *** Joins: capin3 (~capin@209.182.233.136)
[01:28:55] *** Quits: yellows8 (~yellows8@adiza.nexticom.net) (Read error: Operation timed out)
[01:29:02] *** Quits: mtheall (~mtheall@mtheall.com) (Read error: Operation timed out)
[01:30:12] *** Joins: TuxSH (tuxsh@2a01:4f8:141:1272::2)
[01:31:49] *** Quits: Jdbye (~furry4lif@me.jdbye.com) (Read error: Operation timed out)
[01:33:38] *** Joins: refs (~refs@p200300dd87017400a12b0830a3b5c4f4.dip0.t-ipconnect.de)
[01:33:53] *** Joins: Jdbye (~furry4lif@me.jdbye.com)
[01:34:21] *** Joins: mtheall (~mtheall@mtheall.com)
[01:34:23] *** Joins: Snetry (~sentry@dslb-088-078-076-199.088.078.pools.vodafone-ip.de)
[01:35:17] *** Joins: d3m3vilur (~sid4654@charlton.irccloud.com)
[01:35:23] *** Joins: noirscape (~noirscape@catgirlsin.space)
[01:35:35] *** Joins: rmaw (~rmaw@163.172.57.156)
[01:37:15] *** Joins: phigcloud (uid13896@id-13896.tooting.irccloud.com)
[01:37:23] *** Quits: Aaerox (~Aaerox@fuckyou.k.thnx.org) (Read error: Operation timed out)
[01:37:38] *** Joins: Aaerox_ (~Aaerox@fuckyou.k.thnx.org)
[01:41:38] *** Joins: GrecKo (~grecko@static.183.157.9.5.clients.your-server.de)
[01:43:58] *** Joins: yls8bot (~yls8bot@mtheall.com)
[01:44:29] *** Joins: lex1 (lex@yuuh.pw)
[01:46:59] *** Joins: Lightswor (~Lightswor@107.170.253.193)
[01:47:13] *** Joins: Kyouju (~Kyouju@ks3311808.kimsufi.com)
[01:52:12] *** Joins: yellows8 (~yellows8@adiza.nexticom.net)
[01:52:12] *** WntrMute sets mode: +o yellows8
[01:52:30] *** yellows8 sets mode: +o yls8bot
[02:40:42] *** Quits: refs (~refs@p200300dd87017400a12b0830a3b5c4f4.dip0.t-ipconnect.de) (Quit: refs)
[03:50:54] *** Quits: fgsfds (~figgis@93.123.144.171) (Read error: Connection reset by peer)
[04:50:19] *** Joins: ave_7 (~ave_@79.110.170.32)
[04:58:38] *** Joins: ave_77 (~ave_@79.110.170.32)
[05:06:38] *** Quits: ave_7 (~ave_@79.110.170.32) (Ping timeout: 745 seconds)
[05:06:38] *** ave_77 is now known as ave_7
[06:14:52] <plutobot> Wiki | Page changed: BTM services | User: yls8 | https://switchbrew.org/w/index.php?curid=306&diff=10612&oldid=10582
[08:15:45] *** Quits: giglife (giglife@cpe244bfed15a98-cm688f2e1dc9d0.cpe.net.cable.rogers.com) (Read error: Operation timed out)
[08:15:49] *** Joins: giglife (giglife@cpe244bfed15a98-cm688f2e1dc9d0.cpe.net.cable.rogers.com)
[08:37:56] *** Joins: nullstri1 (~nullstrin@cermak.nullstring.io)
[08:37:56] *** Quits: nullstrin (~nullstrin@cermak.nullstring.io) (Read error: Connection reset by peer)
[14:01:40] *** Joins: fgsfds (~figgis@93.123.144.171)
[14:54:29] *** Joins: ut0pia (~zavona@102.63.125.78.rev.sfr.net)
[15:17:58] *** Quits: Cu3PO42 (~Cu3PO42@159.69.208.45) (Ping timeout: 745 seconds)
[15:18:16] *** Joins: Cu3PO42 (~Cu3PO42@159.69.208.45)
[16:12:21] *** Quits: ut0pia (~zavona@102.63.125.78.rev.sfr.net) ()
[16:13:59] <plutobot> Wiki | Page changed: Gamecard ASIC | User: Hexkyz | https://switchbrew.org/w/index.php?curid=349&diff=10613&oldid=10608
[16:49:51] <plutobot> Wiki | Page changed: Switch System Flaws | User: Hexkyz | https://switchbrew.org/w/index.php?curid=14&diff=10614&oldid=10611
[16:51:12] <plutobot> Wiki | Page changed: Switch System Flaws | User: Hexkyz | https://switchbrew.org/w/index.php?curid=14&diff=10615&oldid=10614
[17:14:19] <plutobot> Wiki | Page changed: Switch System Flaws | User: Hexkyz | https://switchbrew.org/w/index.php?curid=14&diff=10616&oldid=10615
[17:16:58] *** Quits: Cu3PO42 (~Cu3PO42@159.69.208.45) (Ping timeout: 745 seconds)
[17:19:03] *** Joins: n87 (~n87@213.162.73.233)
[17:19:03] *** Joins: Cu3PO42 (~Cu3PO42@159.69.208.45)
[17:29:42] *** Joins: figgis_ (~figgis@93.123.144.171)
[17:34:06] *** Quits: capin3 (~capin@209.182.233.136) (Ping timeout: 258 seconds)
[17:34:30] *** Joins: capin3 (~capin@209.182.233.136)
[17:36:26] *** Quits: fgsfds (~figgis@93.123.144.171) (Ping timeout: 622 seconds)
[18:53:53] <plutobot> Wiki | Page changed: TSEC | User: Hexkyz | https://switchbrew.org/w/index.php?curid=199&diff=10617&oldid=9973
[19:25:08] <plutobot> Wiki | Page changed: TSEC | User: Hexkyz | https://switchbrew.org/w/index.php?curid=199&diff=10618&oldid=10617
[20:45:54] <plutobot> Wiki | Page changed: Error codes | User: CFSworks | https://switchbrew.org/w/index.php?curid=82&diff=10619&oldid=10573
[20:55:36] <plutobot> Wiki | Page changed: Error codes | User: CFSworks | https://switchbrew.org/w/index.php?curid=82&diff=10620&oldid=10619
[20:59:56] <plutobot> Wiki | Page changed: LDN services | User: CFSworks | https://switchbrew.org/w/index.php?curid=109&diff=10621&oldid=10461
[21:01:59] <plutobot> Wiki | Page changed: LDN services | User: CFSworks | https://switchbrew.org/w/index.php?curid=109&diff=10622&oldid=10621
[21:18:15] *** Quits: lameboy (~lameboy@202-47-121-182.cust.dcsi.net.au) (Read error: Connection reset by peer)
[21:18:33] *** Quits: n87 (~n87@213.162.73.233) (Read error: Connection reset by peer)
[21:18:37] *** Joins: lameboy (~lameboy@202-47-121-182.cust.dcsi.net.au)
[21:22:34] <plutobot> Wiki | Page changed: LDN services | User: CFSworks | https://switchbrew.org/w/index.php?curid=109&diff=10623&oldid=10622
[21:27:29] <plutobot> Wiki | Page changed: LDN services | User: CFSworks | https://switchbrew.org/w/index.php?curid=109&diff=10624&oldid=10623
[21:30:02] <plutobot> Wiki | Page changed: LDN services | User: CFSworks | https://switchbrew.org/w/index.php?curid=109&diff=10625&oldid=10624
[22:15:45] <plutobot> Wiki | Page changed: Mario Kart Live: Home Circuit | User: CFSworks | https://switchbrew.org/w/index.php?curid=420&diff=10626&oldid=10113
[22:57:18] *** Quits: mha (mha@adiza.nexticom.net) (Read error: Connection reset by peer)
[22:57:19] *** Quits: yellows8 (~yellows8@adiza.nexticom.net) (Read error: Connection reset by peer)
[23:08:44] *** Joins: yellows8 (~yellows8@adiza.nexticom.net)
[23:08:44] *** WntrMute sets mode: +o yellows8
[23:11:38] *** Quits: zini (~zini@88-113-154-255.elisa-laajakaista.fi) (Ping timeout: 745 seconds)
[23:12:19] *** Joins: zini (~zini@88-113-154-255.elisa-laajakaista.fi)
[23:22:19] *** Joins: yellows8_ (~yellows8@adiza.nexticom.net)
[23:22:19] *** WntrMute sets mode: +o yellows8_
[23:22:19] *** Quits: yellows8 (~yellows8@adiza.nexticom.net) (Read error: Connection reset by peer)
[23:22:32] *** yellows8_ is now known as yellows8
