[00:03:27] *** Joins: yellows8_ (yellows8@adiza.nexticom.net)
[00:03:27] *** WntrMute sets mode: +o yellows8_
[00:03:27] *** Quits: yellows8 (~yellows8@adiza.nexticom.net) (Read error: Connection reset by peer)
[00:03:44] *** yellows8_ is now known as yellows8
[00:05:46] *** Quits: giglife (giglife@cpe244bfed15a98-cm688f2e1dc9d0.cpe.net.cable.rogers.com) (Quit: ZNC - http://znc.in)
[00:11:02] *** Joins: giglife (giglife@cpe244bfed15a98-cm688f2e1dc9d0.cpe.net.cable.rogers.com)
[00:46:55] <plutobot> GitHub | New PR: statpath befo... | User: HamletDuFromage | https://github.com/switchbrew/nx-hbmenu/pull/129
[01:43:53] *** Quits: Galaxy| (~galaxy@174-083-206-118.res.spectrum.com) (Ping timeout: 745 seconds)
[01:51:12] *** Joins: Galaxy| (~galaxy@174-083-206-118.res.spectrum.com)
[02:34:06] *** Joins: refs (~refs@p200300dd87194100814e1e87f0ba52d5.dip0.t-ipconnect.de)
[04:15:21] *** Quits: refs (~refs@p200300dd87194100814e1e87f0ba52d5.dip0.t-ipconnect.de) (Quit: refs)
[04:27:38] *** Quits: figgis_ (~figgis@93.123.144.171) (Read error: Connection reset by peer)
[10:20:50] <plutobot> Wiki | Page changed: Settings services | User: Cai miao | https://switchbrew.org/w/index.php?curid=110&diff=10627&oldid=10542
[10:45:23] <plutobot> Wiki | Page changed: Calibration | User: Cai miao | https://switchbrew.org/w/index.php?curid=213&diff=10628&oldid=10532
[14:13:35] *** Joins: fgsfds (~figgis@93.123.144.171)
[14:26:17] *** Quits: lameboy (~lameboy@202-47-121-182.cust.dcsi.net.au) (Read error: Connection reset by peer)
[14:26:43] *** Joins: lameboy (~lameboy@202-47-121-182.cust.dcsi.net.au)
[14:31:33] *** Quits: rjeli____ (sid289321@id-289321.charlton.irccloud.com) (Ping timeout: 1230 seconds)
[14:31:46] *** Joins: rjeli____ (sid289321@id-289321.charlton.irccloud.com)
[15:26:35] *** Joins: n87 (~n87@046125249120.public.t-mobile.at)
[15:36:53] *** Quits: SCV__ (sid226262@id-226262.charlton.irccloud.com) (Ping timeout: 1230 seconds)
[15:37:06] *** Joins: SCV__ (sid226262@id-226262.charlton.irccloud.com)
[16:08:54] *** Joins: n87_2 (~n87@213162073125.public.t-mobile.at)
[16:11:37] *** Quits: n87 (~n87@046125249120.public.t-mobile.at) (Ping timeout: 265 seconds)
[16:39:48] *** Joins: refs (~refs@p200300dd8733c000a8c17ca9f9bb9f37.dip0.t-ipconnect.de)
[16:59:08] *** Quits: rjeli____ (sid289321@id-289321.charlton.irccloud.com) (Ping timeout: 1230 seconds)
[16:59:21] *** Joins: rjeli____ (sid289321@id-289321.charlton.irccloud.com)
[17:27:07] *** Joins: n87 (~n87@212095005230.public.telering.at)
[17:30:48] *** Quits: n87_2 (~n87@213162073125.public.t-mobile.at) (Ping timeout: 604 seconds)
[17:37:52] *** Joins: n87_2 (~n87@212095005111.public.telering.at)
[17:46:00] *** Quits: n87 (~n87@212095005230.public.telering.at) (Ping timeout: 604 seconds)
[18:46:09] *** Quits: n87_2 (~n87@212095005111.public.telering.at) (Read error: Connection reset by peer)
[19:05:25] <plutobot> Wiki | Page changed: TSEC | User: Hexkyz | https://switchbrew.org/w/index.php?curid=199&diff=10629&oldid=10618
[19:13:14] <plutobot> Wiki | Page changed: PCV services | User: Hexkyz | https://switchbrew.org/w/index.php?curid=126&diff=10630&oldid=10596
[19:15:47] <plutobot> Wiki | Page changed: BTM services | User: Hexkyz | https://switchbrew.org/w/index.php?curid=306&diff=10631&oldid=10612
[19:20:18] *** Quits: SCV__ (sid226262@id-226262.charlton.irccloud.com) (Ping timeout: 1230 seconds)
[19:20:31] *** Joins: SCV__ (sid226262@id-226262.charlton.irccloud.com)
[20:43:56] <plutobot> Wiki | Page changed: BTM services | User: Hexkyz | https://switchbrew.org/w/index.php?curid=306&diff=10632&oldid=10631
[20:49:13] <plutobot> Wiki | Page changed: PPC services | User: Hexkyz | https://switchbrew.org/w/index.php?curid=158&diff=10633&oldid=10485
[20:49:33] <plutobot> Wiki | Page changed: PTM services | User: Hexkyz | https://switchbrew.org/w/index.php?curid=165&diff=10634&oldid=10486
[21:05:31] <plutobot> Wiki | Page changed: Settings services | User: Hexkyz | https://switchbrew.org/w/index.php?curid=110&diff=10635&oldid=10627
[21:06:52] *** Joins: n87 (~n87@213162073225.public.t-mobile.at)
[21:12:40] *** Joins: n87_2 (~n87@212095005088.public.telering.at)
[21:14:40] *** Quits: n87 (~n87@213162073225.public.t-mobile.at) (Ping timeout: 265 seconds)
[22:30:28] *** Quits: rjeli____ (sid289321@id-289321.charlton.irccloud.com) (Ping timeout: 1230 seconds)
[22:30:41] *** Joins: rjeli____ (sid289321@id-289321.charlton.irccloud.com)
[22:42:18] *** Quits: n87_2 (~n87@212095005088.public.telering.at) (Read error: Connection reset by peer)
