[00:16:03] *** Quits rjeli____ (Ping timeout: 1230 seconds)
[00:16:19] *** Joins rjeli____
[01:02:55] *** Joins averne
[01:02:56] *** Server sets mode: +stn 
[03:00:33] *** Quits SCV__ (Ping timeout: 1230 seconds)
[03:00:46] *** Joins SCV__
[04:11:55] *** Quits refs (Quit: refs)
[04:24:18] <plutobot> Wiki | Page changed: BTM services | User: yls8 | https://switchbrew.org/w/index.php?curid=306&diff=10636&oldid=10632
[04:55:15] *** Quits KuKzz_ ()
[06:27:03] *** Quits rjeli____ (Ping timeout: 1230 seconds)
[06:27:16] *** Joins rjeli____
[06:43:58] *** Quits SCV__ (Ping timeout: 1230 seconds)
[06:44:11] *** Joins SCV__
[07:11:33] *** Quits fgsfds (Read error: Connection reset by peer)
[08:08:45] <plutobot> Wiki | Page changed: Bluetooth Driver services | User: yls8 | https://switchbrew.org/w/index.php?curid=161&diff=10637&oldid=10606
[08:23:02] <plutobot> Wiki | Page changed: Bluetooth Driver services | User: yls8 | https://switchbrew.org/w/index.php?curid=161&diff=10638&oldid=10637
[08:54:38] *** Quits rjeli____ (Ping timeout: 1230 seconds)
[08:54:51] *** Joins rjeli____
[09:11:33] *** Quits SCV__ (Ping timeout: 1230 seconds)
[09:11:46] *** Joins SCV__
[10:34:57] *** Quits noirscape (Read error: Operation timed out)
[10:34:58] *** Quits rmaw (Read error: Connection reset by peer)
[10:36:10] *** Joins noirscape
[10:36:17] *** Quits TuxSH (Read error: Operation timed out)
[10:38:14] *** Joins TuxSH
[10:38:52] *** Joins n87
[10:41:06] *** Joins rmaw
[10:44:01] *** Joins n87_2
[10:46:11] *** Quits n87 (Ping timeout: 265 seconds)
[10:46:21] *** Joins n87_3
[10:46:37] *** Quits phigcloud (Read error: Operation timed out)
[10:47:25] *** Quits rmaw (Read error: Operation timed out)
[10:48:08] *** Joins phigcloud
[10:50:43] *** Quits TuxSH (Read error: Operation timed out)
[10:51:11] *** Quits blasty (Read error: Connection reset by peer)
[10:51:11] *** Joins blasty_
[10:51:29] *** Joins TuxSH
[10:51:30] *** Joins noirscap-
[10:51:43] *** Joins rmaw
[10:51:48] *** Joins thomasnet
[10:53:19] *** Quits noirscape (Read error: Connection refused)
[10:54:10] *** Quits n87_2 (Read error: Operation timed out)
[10:55:17] *** Quits phigcloud (Read error: Operation timed out)
[10:55:19] *** Quits thomasnet (Read error: Operation timed out)
[10:56:03] *** Joins thomasnet
[10:56:09] *** Joins phigcloud
[11:10:00] *** Joins uyjulian_
[11:10:00] *** Quits uyjulian (Read error: Connection reset by peer)
[11:10:08] *** uyjulian_ is now known as uyjulian
[11:11:45] *** Joins balrog_
[11:12:57] *** Joins gruetzkop
[11:13:10] *** Joins hthh_
[11:13:14] *** Quits giglife (Read error: Operation timed out)
[11:13:25] *** Joins dibas_
[11:13:35] *** Quits gruetzko- (Read error: Connection reset by peer)
[11:13:50] *** Quits dibas (Read error: Connection reset by peer)
[11:13:50] *** dibas_ is now known as dibas
[11:14:11] *** Joins giglife
[11:14:17] *** Quits Aaerox_ (Read error: Operation timed out)
[11:14:24] *** Quits Lightswor (Read error: Operation timed out)
[11:15:41] *** Quits yls8bot (Read error: Operation timed out)
[11:17:14] *** Joins DeusQain_
[11:17:34] *** Quits hexkyz (Ping timeout: 745 seconds)
[11:18:22] *** Joins Aaerox
[11:19:19] *** Quits hthh (Ping timeout: 745 seconds)
[11:19:19] *** Joins hexkyz
[11:19:20] *** Quits yellows8 (Read error: Operation timed out)
[11:19:54] *** Quits balrog (Ping timeout: 745 seconds)
[11:19:54] *** balrog_ is now known as balrog
[11:19:54] *** Quits DeusQain (Ping timeout: 745 seconds)
[11:19:58] *** Snetry is now known as Sentry
[11:23:10] *** Joins Lightswor
[11:24:24] *** Joins yellows8
[11:24:24] *** WntrMute sets mode: +o yellows8
[11:24:28] *** Joins Aaerox_
[11:25:27] *** Joins yls8bot
[11:25:36] *** yellows8 sets mode: +o yls8bot
[11:31:03] *** Quits Aaerox (Read error: Operation timed out)
[11:39:25] *** Quits Galaxy| (Remote host closed the connection)
[11:43:39] *** Joins Galaxy|
[11:46:10] *** Quits Galaxy| (Client Quit)
[11:51:06] *** Joins Galaxy|
[12:06:03] *** Quits Galaxy| (Quit: Quit.)
[12:10:03] *** Quits SCV__ (Ping timeout: 1230 seconds)
[12:10:20] *** Joins SCV__
[12:13:00] *** Joins Galaxy|
[12:34:31] *** Quits rjeli____ (Read error: Connection timed out)
[12:42:46] *** Joins rjeli____
[12:55:33] *** Quits SCV__ (Ping timeout: 1230 seconds)
[12:55:47] *** Joins SCV__
[13:16:32] *** Joins averne
[13:16:32] *** Server sets mode: +stn 
[13:19:10] *** Joins Not-Aus
[13:20:31] *** Quits Not-Aus (Remote host closed the connection)
[13:37:20] *** Joins refs
[17:48:12] <plutobot> Wiki | Page changed: PTM services | User: Hexkyz | https://switchbrew.org/w/index.php?curid=165&diff=10639&oldid=10634
[18:05:52] <plutobot> Wiki | Page changed: Display services | User: Hexkyz | https://switchbrew.org/w/index.php?curid=113&diff=10640&oldid=10416
[18:11:49] <plutobot> Wiki | Page changed: Display services | User: Hexkyz | https://switchbrew.org/w/index.php?curid=113&diff=10641&oldid=10640
[18:29:48] *** Quits SCV__ (Ping timeout: 1230 seconds)
[18:30:01] *** Joins SCV__
[18:32:53] <plutobot> Wiki | Page changed: BTM services | User: Hexkyz | https://switchbrew.org/w/index.php?curid=306&diff=10642&oldid=10636
[18:50:48] *** Quits rjeli____ (Ping timeout: 1230 seconds)
[18:51:01] *** Joins rjeli____
[19:18:46] <plutobot> Wiki | Page changed: BTM services | User: yls8 | https://switchbrew.org/w/index.php?curid=306&diff=10643&oldid=10642
[19:57:28] *** Joins fgsfds
[20:15:23] *** Quits rjeli____ (Ping timeout: 1230 seconds)
[20:15:36] *** Joins rjeli____
[21:31:15] *** Joins n87_2
[21:41:10] *** Quits n87_3 (Ping timeout: 604 seconds)
[21:50:28] *** Quits rjeli____ (Ping timeout: 1230 seconds)
[21:50:42] *** Joins rjeli____
[21:51:38] *** Quits SCV__ (Ping timeout: 1230 seconds)
[21:51:51] *** Joins SCV__
[22:11:07] *** Joins n87_3
[22:19:49] *** Quits n87_2 (Read error: Operation timed out)
[22:32:30] *** Joins n87_2
[22:40:42] *** Quits n87_3 (Ping timeout: 604 seconds)
[22:44:43] *** Quits cpncok3 (Ping timeout: 745 seconds)
[22:46:02] *** Joins cpncok3
[23:07:19] *** Quits n87_2 (Quit: Leaving)
[23:20:18] *** Quits rjeli____ (Ping timeout: 1230 seconds)
[23:20:32] *** Joins rjeli____
