[00:50:51] *** Quits: fgsfds (Read error: Connection reset by peer)
[00:50:53] *** Joins: |Shadow|
[01:15:23] *** Quits: eggster (Ping timeout: 240 seconds)
[01:17:19] *** Quits: iamtim (Leaving)
[01:23:59] *** Joins: eggster
[02:34:06] *** Quits: oreo639 (Ping timeout: 745 seconds)
[04:54:46] *** Joins: oreo639
[06:20:03] *** Quits: |Shadow| (Ping timeout: 240 seconds)
[06:28:31] *** Joins: |Shadow|
[07:41:57] *** Quits: GerbilSof (Ping timeout: 260 seconds)
[08:23:41] *** Quits: oreo639 (Ping timeout: 622 seconds)
[08:45:10] *** Joins: lameboy2
[08:50:55] *** Quits: lameboy (Read error: Operation timed out)
[08:50:56] *** lameboy2 is now known as lameboy
[12:38:29] *** Quits: |Shadow| ()
[12:40:56] *** Joins: |Shadow|
[12:54:11] *** Quits: |Shadow| ()
[12:54:30] *** Joins: |Shadow|
[17:54:28] *** Joins: fgsfds
[18:43:15] *** Joins: n87
[22:28:49] *** Joins: refs
[23:01:21] *** Quits: n87 (Read error: Connection reset by peer)
[23:43:04] *** Joins: oreo639
[23:54:33] *** Quits: fgsfds (Read error: Connection reset by peer)
