[03:13:10] *** Joins: sentry
[03:14:30] *** Quits: Snetry (Read error: Operation timed out)
[03:14:30] *** sentry is now known as Snetry
[03:50:17] *** Quits: fgsfds (Read error: Connection reset by peer)
[04:00:34] *** Quits: |Shadow| ()
[04:03:08] *** Joins: |Shadow|
[04:37:01] *** Joins: CCFL_Man
[05:16:01] *** Quits: oreo639 (Ping timeout: 260 seconds)
[07:13:42] *** Joins: oreo639
[11:18:13] *** Joins: fgsfds
[12:31:38] *** Quits: oreo639 (Ping timeout: 622 seconds)
[13:02:12] *** Joins: oreo639
[13:33:41] *** Joins: oreo639_
[13:33:41] *** Quits: oreo639 (Read error: Connection reset by peer)
[14:43:30] *** Quits: oreo639_ (Ping timeout: 622 seconds)
[17:42:34] *** Quits: GerbilSof (Quit: Windows must now restart because the Remote Procedure Call (RPC) service terminated unexpectedly.)
[17:50:30] *** Joins: refs
[17:51:42] *** Joins: GerbilSof
[23:39:25] *** Joins: oreo639
[23:49:57] *** Quits: ris3z (Quit: ZNC 1.9.x-git-156-ac57c0e5 - https://znc.in)
