[04:44:03] *** Quits: refs (Quit: refs)
[09:52:44] *** Joins: n87
[10:57:34] *** Joins: n87_2
[11:01:49] *** Quits: n87 (Ping timeout: 265 seconds)
[13:19:44] *** Joins: m4ts
[13:21:01] *** Quits: m4ts_ (Ping timeout: 265 seconds)
[13:29:00] *** Quits: oldtopman (ircd.choopa.net irc.colosolutions.net)
[13:29:00] *** Quits: fincs (ircd.choopa.net irc.colosolutions.net)
[13:29:00] *** Quits: sh0e (ircd.choopa.net irc.colosolutions.net)
[13:29:00] *** Quits: cpncok3 (ircd.choopa.net irc.colosolutions.net)
[13:32:47] *** Joins: sh0e-
[13:33:12] *** Joins: fincs
[13:33:12] *** Joins: cpncok3
[13:33:12] *** irc.colosolutions.net sets mode: +o fincs
[13:33:12] *** WntrMute sets mode: +o fincs
[13:33:13] *** Quits: fincs (Read error: Operation timed out)
[13:33:20] *** Joins: fincs
[13:33:20] *** WntrMute sets mode: +o fincs
[13:34:51] *** Joins: lansiir
[18:19:27] *** Quits: n87_2 (Read error: Connection reset by peer)
[18:45:52] *** Joins: fgsfds
[20:11:07] *** Joins: n87
[21:40:50] *** Quits: n87 (Read error: Connection reset by peer)
[22:17:00] *** Joins: refs
[23:30:31] *** Quits: fgsfds (Quit: Leaving)
