[02:41:33] *** Quits: refs (Quit: refs)
[04:53:03] *** Joins: oreo639
[08:42:28] *** Quits: oreo639 (Ping timeout: 252 seconds)
[11:03:07] *** Joins: n87
[11:25:53] *** Joins: n87_2
[11:30:11] *** Quits: n87 (Ping timeout: 265 seconds)
[14:02:06] *** Joins: fgsfds
[16:35:34] *** Joins: figgis_
[16:39:54] *** Quits: fgsfds (Ping timeout: 376 seconds)
[16:45:12] *** Joins: figgis__
[16:47:13] *** Joins: fgsfds
[16:48:42] *** Quits: figgis_ (Ping timeout: 265 seconds)
[16:50:09] *** Quits: figgis__ (Ping timeout: 265 seconds)
[16:58:40] *** Joins: figgis_
[17:04:14] *** Quits: fgsfds (Read error: Operation timed out)
[17:07:44] *** Quits: figgis_ (Quit: Leaving)
[18:04:52] *** Quits: n87_2 (Read error: Connection reset by peer)
[18:05:11] *** Joins: n87
[18:37:42] *** Joins: oreo639
[18:43:55] *** Quits: Sentry (Quit: left EFNet)
[18:45:36] *** Joins: Sentry
[20:31:19] *** Quits: GerbilSof (Quit: Windows must now restart because the Remote Procedure Call (RPC) service terminated unexpectedly.)
[21:08:39] *** Joins: refs
[22:26:49] *** Joins: n87_2
[22:32:33] *** Quits: n87 (Read error: Operation timed out)
[23:18:25] *** Quits: n87_2 (Read error: Connection reset by peer)
[23:41:23] *** Joins: GerbilSof
