[01:52:53] *** Quits: |Shadow| (Remote host closed the connection)
[01:58:37] *** Joins: |Shadow|
[02:42:47] *** Quits: refs (Quit: refs)
[04:52:15] *** Quits: oreo639 (Ping timeout: 265 seconds)
[04:55:24] *** Quits: cpncok3 (hub.efnet.us irc.colosolutions.net)
[04:59:12] *** Joins: cpncok3
[05:01:23] *** Joins: changoXPR
[05:03:14] *** Joins: oreo639_
[05:05:06] *** Quits: changO- (Read error: Operation timed out)
[05:31:53] *** oreo639_ is now known as oreo639
[07:32:03] *** Joins: changO-
[07:36:06] *** Quits: changoXPR (Ping timeout: 501 seconds)
[09:32:54] *** Quits: oreo639 (Quit)
[10:43:25] *** Joins: n87
[12:23:27] *** Quits: Surkow (Quit: 418 I'm a teapot - NOP NOP NOP)
[12:23:50] *** Joins: Surkow
[19:08:03] *** Joins: fgsfds
[19:44:33] *** Quits: n87 (Read error: Connection reset by peer)
[19:46:18] <plutobot> Wiki | Page changed: System Version Title | User: Zachycatgames | https://switchbrew.org/w/index.php?curid=116&diff=11082&oldid=11081
[20:14:39] *** Quits: changO- (Ping timeout: 496 seconds)
[21:49:34] *** Joins: refs
