[00:12:03] *** Joins: changO-
[00:35:47] *** Joins: oreo639
[02:26:16] *** Joins: Normmatt_
[02:26:18] *** Quits: Phils3r (Read error: Connection reset by peer)
[02:26:18] *** Joins: Phils3r
[02:26:18] *** Quits: jn_ (Read error: Connection reset by peer)
[02:26:56] *** Joins: derrek_
[02:26:57] *** Joins: uyjulian_
[02:27:15] *** Joins: jn
[02:27:41] *** Joins: dibas_
[02:27:45] *** Joins: gruetzkop
[02:27:58] *** Quits: gruetzko- (Read error: Connection reset by peer)
[02:29:32] *** Joins: Whovian9-
[02:34:04] *** Quits: derrek (Ping timeout: 745 seconds)
[02:34:04] *** derrek_ is now known as derrek
[02:34:06] *** Quits: refs (Quit: refs)
[02:34:56] *** Quits: |Shadow| (Read error: Connection reset by peer)
[02:35:14] *** Quits: Whovian93 (Ping timeout: 745 seconds)
[02:35:14] *** Quits: uyjulian (Ping timeout: 745 seconds)
[02:35:15] *** Quits: dibas (Ping timeout: 745 seconds)
[02:35:15] *** dibas_ is now known as dibas
[02:35:15] *** uyjulian_ is now known as uyjulian
[02:35:28] *** Joins: |Shadow|
[02:35:30] *** Quits: |Shadow| (Read error: Connection reset by peer)
[02:36:24] *** Quits: Normmatt (Ping timeout: 745 seconds)
[02:36:24] *** Normmatt_ is now known as Normmatt
[02:37:34] *** Quits: rjeli____ (Ping timeout: 1230 seconds)
[02:39:17] *** Joins: |Shadow|
[02:39:19] *** Quits: Genolo (Ping timeout: 745 seconds)
[02:39:36] *** Joins: Genolo
[02:40:41] *** Joins: rjeli____
[03:30:37] *** Quits: oreo639 (Ping timeout: 604 seconds)
[05:00:03] *** Joins: oreo639
[08:02:32] *** Quits: m4ts (Ping timeout: 265 seconds)
[08:04:09] *** Joins: m4ts
[08:47:54] *** Quits: fgsfds (Ping timeout: 376 seconds)
[10:16:31] *** Quits: oreo639 (Quit: Quit)
[16:52:07] *** lansiir is now known as oldtopman
[16:55:20] *** Joins: Tcm0
[17:19:25] *** Joins: fgsfds
[17:39:56] *** Joins: figgis_
[17:43:30] *** Quits: fgsfds (Ping timeout: 265 seconds)
[17:47:12] *** Quits: figgis_ (Quit: Leaving)
[21:36:29] *** Joins: refs
[22:18:15] *** Quits: nohit_ (Read error: Operation timed out)
[22:32:03] *** Joins: nohit_
