[00:31:30] *** Quits: Tcm0 (Leaving)
[02:50:44] *** Quits: refs (Quit: refs)
[02:56:06] *** Quits: changO- (Read error: Operation timed out)
[07:39:16] *** Joins: changO-
[12:25:13] *** Joins: fgsfds
[12:59:16] <plutobot> GitHub | New PR: Simple Audren... | User: TheSleepyRaccoon | https://github.com/switchbrew/switch-examples/pull/93
[13:03:06] *** Quits: eggster (Read error: Operation timed out)
[13:03:09] *** Joins: eggster
[13:03:31] *** Joins: changoXPR
[13:03:55] *** Joins: figgis_
[13:04:10] *** Quits: ihaveamac (Read error: Operation timed out)
[13:05:25] *** Quits: Cu3PO42 (Read error: Operation timed out)
[13:05:46] *** Quits: changO- (Read error: Operation timed out)
[13:08:31] *** Quits: fgsfds (Ping timeout: 496 seconds)
[13:11:43] *** Quits: Normmatt (Ping timeout: 496 seconds)
[13:15:01] *** Joins: Normmatt
[13:39:50] *** Joins: Cu3PO42
[14:07:25] *** Joins: ihaveamac
[17:36:08] *** Pieman is now known as Illovewom
[17:36:19] *** Illovewom is now known as Ilovewomp
[17:38:25] *** Ilovewomp is now known as Pieman
[18:49:33] *** Quits: rmaw (Read error: Operation timed out)
[19:10:21] *** Joins: rmaw
