[02:02:44] *** Quits: oreo639 (Ping timeout: 745 seconds)
[02:30:15] *** Joins: oreo639
[05:19:52] *** Quits: refs (Quit: refs)
[05:20:59] *** Quits: fgsfds (Read error: Connection reset by peer)
[06:31:13] *** Quits: n00b604 (Quit: Page closed)
[09:21:56] *** Quits: oreo639 (Ping timeout: 252 seconds)
[11:12:03] *** Joins: n87
[11:48:58] *** Quits: Pieman (Ping timeout: 252 seconds)
[11:50:03] *** Joins: Pieman
[11:54:50] *** Quits: phigcloud (Ping timeout: 252 seconds)
[11:56:37] *** Joins: phigcloud
[11:57:46] *** Quits: flagrama_ (Ping timeout: 252 seconds)
[11:57:52] *** Joins: flagrama_
[13:32:36] *** Joins: refs
[15:24:11] *** Quits: n87 (Read error: Connection reset by peer)
[18:04:51] *** Joins: fgsfds
[18:47:11] *** Joins: thejsa
[18:55:24] *** Quits: jsa_ (Ping timeout: 745 seconds)
[20:15:17] *** Joins: n87
[20:33:25] *** Joins: cpnc0ke
[20:35:51] *** Quits: cpncok3 (Ping timeout: 501 seconds)
[20:36:16] <plutobot> Wiki | Page changed: USB services | User: Hexkyz | https://switchbrew.org/w/index.php?curid=195&diff=11083&oldid=11051
[20:47:50] <plutobot> Wiki | Page changed: Error codes | User: Hexkyz | https://switchbrew.org/w/index.php?curid=82&diff=11084&oldid=11050
[20:58:13] <plutobot> Wiki | Page changed: USB services | User: Hexkyz | https://switchbrew.org/w/index.php?curid=195&diff=11085&oldid=11083
[21:06:04] *** Joins: oreo639
[21:44:34] *** Quits: rjeli____ (Ping timeout: 1230 seconds)
[21:44:46] *** Joins: rjeli____
[21:53:26] *** Quits: GerbilSof (Quit: Windows must now restart because the Remote Procedure Call (RPC) service terminated unexpectedly.)
[21:56:58] *** Joins: GerbilSof
[22:05:14] *** Joins: changoXPR
[22:07:49] *** Quits: changO- (Read error: Operation timed out)
[22:46:18] *** Quits: mid-kid (Quit: upgrade weechat)
[22:46:33] *** Joins: mid-kid
[23:58:44] *** Quits: rjeli____ (Ping timeout: 1230 seconds)
[23:58:58] *** Joins: rjeli____
