[02:22:00] *** Quits: oreo639 (Ping timeout: 252 seconds)
[02:30:38] *** Quits: n87 (Read error: Connection reset by peer)
[03:29:09] *** Joins: oreo639
[03:29:24] *** Quits: oreo639 (Client Quit)
[03:29:53] *** Joins: oreo639
[04:13:39] *** Quits: hexkyz (Ping timeout: 745 seconds)
[04:13:59] *** Joins: hexkyz
[04:27:04] *** Quits: hexkyz (Ping timeout: 745 seconds)
[04:27:54] *** Joins: hexkyz
[04:41:04] *** Quits: hexkyz (Ping timeout: 745 seconds)
[04:44:54] *** Quits: refs (Quit: refs)
[04:45:25] *** Joins: hexkyz
[04:50:14] *** Joins: derrek_
[04:50:28] *** Quits: derrek (Quit: This should have not happened.)
[04:50:28] *** derrek_ is now known as derrek
[04:58:34] *** Quits: hexkyz (Ping timeout: 745 seconds)
[05:01:10] *** Joins: hexkyz
[05:27:15] *** Joins: changO-
[05:34:44] *** Quits: changoXPR (Ping timeout: 745 seconds)
[06:04:07] *** Quits: fgsfds (Read error: Connection reset by peer)
[07:23:12] *** Quits: GerbilSof (Read error: Operation timed out)
[07:23:14] *** Quits: Retr0id (Read error: Connection reset by peer)
[07:23:32] *** Joins: Retr0id
[07:25:12] *** Quits: flagrama_ (Read error: Operation timed out)
[07:26:38] *** Quits: blasty (Read error: Connection reset by peer)
[07:26:40] *** Joins: flagrama_
[07:27:59] *** Quits: nohit_ (Ping timeout: 493 seconds)
[07:28:45] *** Quits: d3m3vilur (Ping timeout: 493 seconds)
[07:29:46] *** Joins: nohit_
[07:40:45] *** Joins: GerbilSof
[07:41:01] *** Quits: nohit_ (Ping timeout: 493 seconds)
[07:41:06] *** Joins: blasty
[07:43:27] *** Quits: Retr0id (Read error: Connection reset by peer)
[07:46:28] *** Joins: lex2
[07:46:34] *** Quits: lex1 (Read error: Connection reset by peer)
[07:46:43] *** Joins: nohit_
[07:46:46] *** Quits: blasty (Remote host closed the connection)
[07:46:57] *** Joins: blasty
[07:51:46] *** lex2 is now known as lex1
[07:52:07] *** Quits: oldtopman (Read error: Operation timed out)
[07:52:15] *** Joins: Retr0id
[07:52:31] *** Joins: oldtopman
[07:54:09] *** Joins: d3m3vilur
[08:16:13] *** Joins: giglife_
[08:18:23] *** Quits: giglife (Read error: Operation timed out)
[08:18:23] *** giglife_ is now known as giglife
[08:39:44] *** Quits: oldtopman (hub.efnet.us irc.Prison.NET)
[08:39:44] *** Quits: |Shadow| (hub.efnet.us irc.Prison.NET)
[08:43:17] *** Joins: lansiir
[08:43:56] *** Quits: mtheall (Read error: Operation timed out)
[08:43:59] *** Joins: mtheall
[08:44:14] *** Joins: cpncok3
[08:47:11] *** Quits: cpnc0ke (Ping timeout: 496 seconds)
[08:47:46] *** Quits: phigcloud (Read error: Operation timed out)
[08:49:02] *** Joins: phigcloud
[08:49:52] *** Quits: ihaveamac (Read error: Operation timed out)
[08:56:16] *** Joins: |Shadow|
[09:54:04] *** Joins: ihaveamac
[10:14:22] *** Quits: oreo639 (Ping timeout: 265 seconds)
[10:17:03] *** Joins: CCFL_Man_
[10:17:24] *** Quits: CCFL_Man (Read error: Connection reset by peer)
[10:22:42] *** Quits: IShaDoWl (Read error: Operation timed out)
[10:23:10] *** Joins: IShaDoWl
[10:24:18] *** Quits: lansiir (Read error: Operation timed out)
[10:24:34] *** Joins: lansiir
[10:26:35] *** Quits: Maylay_ (Ping timeout: 600 seconds)
[10:29:05] *** Quits: Pokemod97 (Ping timeout: 600 seconds)
[10:29:33] *** Joins: Maylay
[10:32:43] *** Quits: nich (Read error: Connection reset by peer)
[10:43:59] *** Quits: ihaveamac (Read error: Operation timed out)
[10:44:46] *** Quits: IShaDoWl (Read error: Operation timed out)
[10:45:05] *** Joins: nich
[10:45:36] *** Joins: IShaDoWl
[10:47:24] *** Quits: rjeli____ (Ping timeout: 1230 seconds)
[10:47:38] *** Joins: rjeli____
[11:37:31] *** Joins: ihaveamac
[11:51:36] *** Joins: n87
[12:15:29] *** Quits: rjeli____ (Ping timeout: 1230 seconds)
[12:15:42] *** Joins: rjeli____
[12:23:08] *** Quits: n87 (Read error: Connection reset by peer)
[13:20:56] *** Quits: m4ts (Ping timeout: 265 seconds)
[13:23:04] *** Joins: m4ts
[13:37:09] *** Quits: phigcloud (Ping timeout: 1230 seconds)
[13:37:34] *** Joins: phigcloud
[14:12:36] *** Joins: fgsfds
[15:28:05] *** Joins: figgis_
[15:31:10] *** Quits: fgsfds (Ping timeout: 376 seconds)
[15:55:47] *** Joins: figgis__
[15:58:59] *** Quits: figgis_ (Ping timeout: 265 seconds)
[15:59:23] *** Joins: figgis_
[16:03:20] *** Quits: figgis__ (Ping timeout: 265 seconds)
[16:13:47] *** Joins: figgis__
[16:17:21] *** Quits: figgis_ (Ping timeout: 265 seconds)
[16:21:06] *** Quits: figgis__ (Quit: Leaving)
[16:21:40] *** Joins: fgsfds
[17:45:09] *** Joins: n87
[18:56:31] *** Joins: oreo639
[20:05:22] <plutobot> Wiki | Page changed: Product Information | User: Hexkyz | https://switchbrew.org/w/index.php?curid=384&diff=11086&oldid=11037
[21:47:09] *** Quits: fgsfds (Read error: Connection reset by peer)
[21:48:34] *** Joins: fgsfds
[21:49:53] *** Joins: refs
[22:33:29] *** Quits: n87 (Read error: Connection reset by peer)
[23:42:39] *** Quits: rjeli____ (Ping timeout: 1230 seconds)
[23:42:52] *** Joins: rjeli____
