[02:15:52] *** Quits: oreo639 (Read error: Connection reset by peer)
[02:31:14] *** Quits: rjeli____ (Ping timeout: 1230 seconds)
[02:31:27] *** Joins: rjeli____
[03:02:00] *** Quits: refs (Quit: refs)
[03:51:07] *** Joins: Extrems`
[03:56:25] *** Quits: Extrems (Ping timeout: 492 seconds)
[03:56:26] *** Extrems` is now known as Extrems
[04:15:39] *** Quits: rjeli____ (Ping timeout: 1230 seconds)
[04:15:52] *** Joins: rjeli____
[04:48:13] *** Quits: fgsfds (Read error: Connection reset by peer)
[05:08:44] *** Quits: rjeli____ (Ping timeout: 1230 seconds)
[05:08:59] *** Joins: rjeli____
[07:54:57] *** Joins: fgsfds
[08:12:14] *** Quits: WntrMute (Remote host closed the connection)
[08:12:21] *** Joins: WntrMute
[08:12:36] *** yls8bot sets mode: +o WntrMute
[08:13:41] *** Quits: fincs (Remote host closed the connection)
[08:13:54] *** Joins: fincs
[08:13:54] *** WntrMute sets mode: +o fincs
[08:48:44] *** Quits: Maylay (Ping timeout: 252 seconds)
[08:55:08] *** Joins: Maylay
[09:11:23] *** Quits: rjeli____ (Read error: Connection timed out)
[09:19:37] *** Joins: rjeli____
[09:52:58] *** Quits: Lightswor (Ping timeout: 376 seconds)
[09:53:30] *** Quits: changO- (Read error: Operation timed out)
[09:56:24] *** Joins: changO-
[10:00:55] *** Joins: n87
[10:06:13] *** Joins: Lightswor
[10:11:05] *** Joins: figgis_
[10:14:02] *** Joins: figgis__
[10:14:26] *** Quits: fgsfds (Ping timeout: 376 seconds)
[10:14:39] *** Quits: figgis__ (Client Quit)
[10:18:05] *** Quits: figgis_ (Ping timeout: 265 seconds)
[11:11:51] *** Quits: apau (Remote host closed the connection)
[13:43:16] *** Joins: MasterGK
[13:46:24] *** Quits: Ghabry (Ping timeout: 265 seconds)
[15:21:46] *** Quits: n87 (Read error: Connection reset by peer)
[17:42:54] *** Joins: n87
[18:30:31] *** Joins: fgsfds
[19:24:13] *** Joins: changoXPR
[19:25:36] *** Quits: fincs (Ping timeout: 246 seconds)
[19:25:36] *** Quits: WntrMute (Ping timeout: 246 seconds)
[19:25:44] *** Joins: fincs
[19:25:48] *** yls8bot sets mode: +o fincs
[19:26:18] *** Joins: WntrMute
[19:26:18] *** fincs sets mode: +o WntrMute
[19:27:39] *** Quits: IShaDoWl (Read error: Operation timed out)
[19:28:09] *** Joins: IShaDoWl
[19:28:51] *** Quits: changO- (Read error: Operation timed out)
[19:29:44] *** Quits: flagrama_ (Ping timeout: 1230 seconds)
[19:30:26] *** Quits: GerbilSof (Ping timeout: 501 seconds)
[19:32:23] *** Joins: GerbilSof
[19:38:49] *** Joins: figgis_
[19:40:14] *** Joins: n87_2
[19:41:10] *** Quits: plutobot (Ping timeout: 265 seconds)
[19:41:27] *** Joins: plutobot
[19:41:39] *** Quits: fgsfds (Ping timeout: 265 seconds)
[19:42:08] *** Quits: thomasnet (Ping timeout: 265 seconds)
[19:42:37] *** Quits: n87 (Ping timeout: 265 seconds)
[19:42:38] *** Joins: thomasnet
[20:17:53] *** Joins: flagrama_
[21:02:36] *** Quits: flagrama_ (Read error: Operation timed out)
[21:03:49] *** Joins: flagrama_
[22:12:19] *** Joins: refs
[22:12:19] *** Quits: refs (Connection Closed)
[22:18:16] *** Quits: n87_2 (Read error: Connection reset by peer)
[22:44:35] *** Quits: GerbilSof (Quit: Windows must now restart because the Remote Procedure Call (RPC) service terminated unexpectedly.)
[22:47:49] *** Joins: GerbilSof
