[00:13:29] *** Joins: jn_
[00:18:29] *** Quits: jn (Ping timeout: 615 seconds)
[03:46:21] *** CCFL_Man_ is now known as CCFL_Man
[05:09:41] *** Joins: lameboy2
[05:14:59] *** Quits: lameboy (Read error: Operation timed out)
[05:15:02] *** lameboy2 is now known as lameboy
[08:31:01] *** Quits: |Shadow| ()
[08:31:41] *** Joins: lameboy2
[08:32:08] *** Quits: lameboy2 (Read error: Connection reset by peer)
[08:32:43] *** Joins: lameboy2
[08:33:04] *** Quits: lameboy2 (Read error: Connection reset by peer)
[08:34:03] *** Joins: lameboy2
[08:34:23] *** Quits: lameboy2 (Read error: Connection reset by peer)
[08:34:56] *** Joins: lameboy2
[08:37:13] *** Quits: lameboy2 (Read error: Connection reset by peer)
[08:37:48] *** Joins: lameboy2
[08:39:28] *** Quits: lameboy2 (Read error: Connection reset by peer)
[08:40:07] *** Joins: lameboy2
[08:40:23] *** Quits: lameboy2 (Read error: Connection reset by peer)
[08:40:57] *** Joins: lameboy2
[08:42:23] *** Quits: lameboy2 (Read error: Connection reset by peer)
[08:42:57] *** Joins: lameboy2
[08:43:04] *** Quits: lameboy (Ping timeout: 745 seconds)
[08:43:06] *** lameboy2 is now known as lameboy
[08:43:49] *** Quits: lameboy (Read error: Connection reset by peer)
[08:44:29] *** Joins: lameboy
[08:48:28] *** Quits: lameboy (Read error: Connection reset by peer)
[08:49:14] *** Joins: lameboy
[09:07:08] *** Quits: lameboy (Read error: Connection reset by peer)
[09:07:38] *** Joins: lameboy
[09:12:05] *** Quits: lameboy (Read error: Connection reset by peer)
[09:13:05] *** Joins: lameboy
[09:13:44] *** Quits: lameboy (Read error: Connection reset by peer)
[09:14:28] *** Joins: lameboy
[09:15:18] *** Quits: lameboy (Read error: Connection reset by peer)
[09:15:48] *** Joins: lameboy
[09:16:20] *** Quits: lameboy (Read error: Connection reset by peer)
[09:17:02] *** Joins: |Shadow|
[09:17:06] *** Joins: lameboy
[09:17:16] *** Quits: lameboy (Client Quit)
[09:17:50] *** Joins: lameboy
[09:25:44] *** Quits: lameboy (Read error: Connection reset by peer)
[09:26:14] *** Joins: lameboy
[09:32:08] *** Quits: lameboy (Read error: Connection reset by peer)
[09:32:41] *** Joins: lameboy
[09:37:35] *** Quits: lameboy (Read error: Connection reset by peer)
[09:38:05] *** Joins: lameboy
[09:55:59] *** Quits: lameboy (Read error: Connection reset by peer)
[09:56:29] *** Joins: lameboy
[09:56:37] *** Quits: lameboy (Read error: Connection reset by peer)
[10:00:52] *** Joins: lameboy
[10:01:46] *** Quits: lameboy (Read error: Connection reset by peer)
[10:02:17] *** Joins: lameboy
[10:14:11] *** Quits: lameboy (Read error: Connection reset by peer)
[10:15:58] *** Quits: |Shadow| (ircd.choopa.net irc.Prison.NET)
[10:15:58] *** Quits: GerbilSof (ircd.choopa.net irc.Prison.NET)
[10:15:58] *** Quits: lansiir (ircd.choopa.net irc.Prison.NET)
[10:15:58] *** Quits: CCFL_Man (ircd.choopa.net irc.Prison.NET)
[10:16:18] *** Joins: _oldtopma
[10:17:40] *** Joins: lameboy
[10:19:34] *** Quits: lameboy (Read error: Connection reset by peer)
[10:21:06] *** Joins: lameboy
[10:22:00] *** Quits: lameboy (Read error: Connection reset by peer)
[10:22:25] *** Joins: lameboy
[10:27:12] *** Joins: GerbilS3
[10:27:26] *** Joins: CCFL_Man
[10:32:11] *** Quits: lameboy (Read error: Connection reset by peer)
[10:33:05] *** Joins: lameboy
[10:35:15] *** Quits: lameboy (Read error: Connection reset by peer)
[10:35:45] *** Joins: lameboy
[10:38:04] *** Joins: n87
[10:40:39] *** Quits: lameboy (Read error: Connection reset by peer)
[10:41:09] *** Joins: lameboy
[10:55:46] *** Quits: lameboy (Read error: Connection reset by peer)
[10:56:38] *** Joins: lameboy
[10:57:32] *** Quits: lameboy (Read error: Connection reset by peer)
[10:58:03] *** Joins: lameboy
[10:59:57] *** Quits: lameboy (Read error: Connection reset by peer)
[11:00:25] *** Joins: |Shadow|
[11:02:30] *** Joins: lameboy
[11:04:25] *** Quits: lameboy (Read error: Connection reset by peer)
[11:04:53] *** Joins: lameboy
[11:05:02] *** Quits: lameboy (Read error: Connection reset by peer)
[11:06:31] *** Joins: lameboy
[11:07:25] *** Quits: lameboy (Read error: Connection reset by peer)
[11:12:14] *** Joins: lameboy
[11:14:09] *** Quits: lameboy (Read error: Connection reset by peer)
[11:15:01] *** Quits: figgis_ (Read error: Connection reset by peer)
[11:36:35] *** Joins: lameboy
[11:37:49] *** Quits: lameboy (Read error: Connection reset by peer)
[11:38:55] *** Joins: lameboy
[11:38:57] *** Quits: lameboy (Read error: Connection reset by peer)
[11:43:18] *** Joins: lameboy
[11:44:53] *** Quits: lameboy (Read error: Connection reset by peer)
[11:45:38] *** Joins: lameboy
[11:52:32] *** Quits: lameboy (Read error: Connection reset by peer)
[11:53:07] *** Joins: lameboy
[12:05:01] *** Quits: lameboy (Read error: Connection reset by peer)
[12:05:36] *** Joins: lameboy
[12:12:30] *** Quits: lameboy (Read error: Connection reset by peer)
[12:13:04] *** Joins: lameboy
[12:28:58] *** Quits: lameboy (Read error: Connection reset by peer)
[12:29:32] *** Joins: lameboy
[12:30:11] *** Quits: lameboy (Read error: Connection reset by peer)
[12:30:52] *** Joins: lameboy
[12:32:10] *** Quits: lameboy (Read error: Connection reset by peer)
[12:33:08] *** Joins: lameboy
[12:34:01] *** Quits: lameboy (Read error: Connection reset by peer)
[12:34:36] *** Joins: lameboy
[12:36:31] *** Quits: lameboy (Read error: Connection reset by peer)
[12:37:15] *** Joins: lameboy
[12:43:10] *** Quits: lameboy (Read error: Connection reset by peer)
[12:43:44] *** Joins: lameboy
[12:46:52] *** Quits: lameboy (Read error: Connection reset by peer)
[12:47:23] *** Joins: lameboy
[12:52:36] *** Quits: lameboy (Read error: Connection reset by peer)
[12:53:43] *** Joins: lameboy
[12:56:37] *** Quits: lameboy (Read error: Connection reset by peer)
[12:57:06] *** Joins: lameboy
[12:59:00] *** Quits: lameboy (Read error: Connection reset by peer)
[12:59:40] *** Joins: lameboy
[13:00:00] *** Quits: lameboy (Read error: Connection reset by peer)
[13:00:20] *** Joins: lameboy
[13:01:15] *** Quits: lameboy (Read error: Connection reset by peer)
[13:01:41] *** Joins: lameboy
[13:03:36] *** Quits: lameboy (Read error: Connection reset by peer)
[13:04:03] *** Joins: lameboy
[13:04:57] *** Quits: lameboy (Read error: Connection reset by peer)
[13:05:24] *** Joins: lameboy
[13:07:18] *** Quits: lameboy (Read error: Connection reset by peer)
[13:07:45] *** Joins: lameboy
[13:13:39] *** Quits: lameboy (Read error: Connection reset by peer)
[13:14:06] *** Joins: lameboy
[13:16:36] *** Quits: lameboy (Read error: Connection reset by peer)
[13:17:51] *** Joins: lameboy
[13:18:46] *** Quits: lameboy (Read error: Connection reset by peer)
[13:19:11] *** Joins: lameboy
[13:20:51] *** Quits: lameboy (Read error: Connection reset by peer)
[13:22:28] *** Joins: lameboy
[13:22:31] *** Quits: lameboy (Read error: Connection reset by peer)
[13:23:48] *** Joins: lameboy
[13:26:03] *** Quits: lameboy (Read error: Connection reset by peer)
[13:27:08] *** Joins: lameboy
[13:28:00] *** Quits: lameboy (Read error: Connection reset by peer)
[13:29:30] *** Joins: lameboy
[13:30:23] *** Quits: lameboy (Read error: Connection reset by peer)
[13:30:56] *** Joins: lameboy
[13:32:49] *** Quits: lameboy (Read error: Connection reset by peer)
[13:33:22] *** Joins: lameboy
[13:34:15] *** Quits: lameboy (Read error: Connection reset by peer)
[13:35:15] *** Joins: lameboy
[13:36:38] *** Quits: lameboy (Read error: Connection reset by peer)
[13:41:23] *** Joins: lameboy
[14:53:18] *** Joins: n87_2
[14:56:49] *** Quits: n87 (Ping timeout: 265 seconds)
[14:56:58] *** Quits: n87_2 (Read error: Connection reset by peer)
[15:05:32] *** Joins: n87
[17:44:48] *** Joins: fgsfds
[20:10:50] *** Quits: ris2z (Excess Flood)
[20:11:39] *** Joins: ris2z
[20:35:14] *** Joins: m4ts_
[20:39:01] *** Quits: m4ts (Ping timeout: 265 seconds)
[21:32:06] *** Joins: refs
[22:27:27] *** Quits: n87 (Read error: Connection reset by peer)
[22:33:20] *** Joins: oreo639
[22:43:59] *** Joins: rajkosto
[23:53:36] *** Quits: rajkosto (Read error: Operation timed out)
