[02:48:11] *** Quits: refs (Quit: refs)
[03:17:50] *** Quits: oreo639 (Ping timeout: 857 seconds)
[03:46:04] *** Quits: changoXPR (Read error: Operation timed out)
[04:14:21] *** Joins: changO-
[04:35:51] *** Joins: oreo639
[05:01:06] *** Quits: fgsfds (Ping timeout: 376 seconds)
[05:06:27] *** Joins: changoXPR
[05:09:24] *** Quits: changO- (Read error: Operation timed out)
[05:42:39] *** Joins: rajkosto
[06:52:35] *** Quits: oreo639 (ny.us.hub irc.Prison.NET)
[06:52:35] *** Quits: |Shadow| (ny.us.hub irc.Prison.NET)
[06:52:35] *** Quits: CCFL_Man (ny.us.hub irc.Prison.NET)
[06:52:38] *** Joins: changO-
[06:54:13] *** Joins: CCFL_Man_
[06:54:44] *** Joins: oreo639_
[06:56:51] *** Quits: changoXPR (Read error: Operation timed out)
[07:14:22] *** Joins: |Shadow|
[07:18:54] *** oreo639_ is now known as oreo639
[10:23:03] *** Quits: oreo639 (Ping timeout: 604 seconds)
[12:27:07] *** Quits: nohit_ (Read error: Operation timed out)
[12:27:23] *** Quits: Sentry (Read error: Connection reset by peer)
[12:27:25] *** Quits: d3m3vilur (Read error: Operation timed out)
[12:30:59] *** Quits: flagrama_ (Ping timeout: 493 seconds)
[12:32:31] *** Joins: flagrama_
[12:32:48] *** Quits: _oldtopma (Read error: Operation timed out)
[12:33:15] *** Joins: _oldtopma
[12:34:00] *** Quits: Genolo (Read error: Operation timed out)
[12:34:06] *** Quits: Extrems (Read error: Operation timed out)
[12:34:10] *** Joins: Extrems
[12:34:28] *** Quits: blasty (Read error: Connection reset by peer)
[12:36:51] *** Quits: Retr0id (Read error: Connection reset by peer)
[12:38:20] *** Joins: Genolo
[12:38:31] *** Joins: Retr0id
[12:47:25] *** Joins: nohit_
[12:48:28] *** Joins: Sentry
[12:50:53] *** Joins: d3m3vilur
[12:52:49] *** Joins: blasty
[13:48:58] *** Quits: rajkosto (Read error: Operation timed out)
[14:24:49] <plutobot> Wiki | Page changed: Homebrew Applications | User: LucaSkyer | https://switchbrew.org/w/index.php?curid=293&diff=11087&oldid=11075
[15:15:00] *** Joins: rajkosto
[15:17:27] *** Quits: m4ts_ (Ping timeout: 265 seconds)
[15:18:33] *** Joins: m4ts
[15:28:02] *** Joins: m4ts_
[15:30:30] *** Quits: m4ts (Ping timeout: 265 seconds)
[15:33:01] *** Joins: m4ts
[15:34:22] *** Quits: m4ts_ (Ping timeout: 265 seconds)
[15:36:47] *** Joins: m4ts_
[15:38:14] *** Quits: m4ts (Ping timeout: 265 seconds)
[15:40:26] *** Joins: m4ts
[15:43:33] *** Quits: m4ts_ (Ping timeout: 265 seconds)
[16:18:44] *** Joins: fgsfds
[18:02:01] *** Joins: oreo639
[18:51:04] *** Quits: rajkosto (Read error: Operation timed out)
[19:26:47] *** Quits: oreo639 (Read error: Operation timed out)
[19:41:02] *** Joins: dibas_
[19:48:54] *** Quits: dibas (Ping timeout: 745 seconds)
[19:53:56] *** Joins: dibas
[19:53:56] *** Quits: dibas_ (Read error: Connection reset by peer)
[20:03:47] *** Quits: derrek (Quit: This should have not happened.)
[20:06:09] *** Joins: derrek
[20:11:33] *** Joins: dibas_
[20:11:33] *** Quits: dibas (Read error: Connection reset by peer)
[20:11:37] *** dibas_ is now known as dibas
[20:22:12] *** Quits: ihaveamac (Quit: fail)
[20:23:57] *** Joins: ihaveamac
[21:59:18] *** Quits: ris2z (Excess Flood)
[22:00:01] *** Joins: ris2z
[22:19:12] *** Quits: IShaDoWl ()
[22:19:52] *** Joins: refs
[22:34:24] *** Joins: IShaDoWl
[23:47:20] *** Joins: oreo639
