[00:32:30] *** Quits: IShaDoWl ()
[00:34:19] *** Quits: fgsfds (Read error: Connection reset by peer)
[00:38:28] *** Joins: IShaDoWl
[00:52:44] *** Quits: IShaDoWl ()
[00:52:45] *** Quits: jn_ (Read error: Connection reset by peer)
[00:53:06] *** Joins: IShaDoWl
[00:53:22] *** Joins: jn
[01:15:34] *** Quits: jn (Read error: Connection reset by peer)
[01:16:02] *** Joins: jn
[01:54:47] *** Joins: changoXPR
[01:58:27] *** Quits: changO- (Ping timeout: 502 seconds)
[02:47:00] *** Quits: refs (Quit: refs)
[02:51:34] *** CCFL_Man_ is now known as CCFL_Man
[05:01:01] *** Joins: rajkosto
[08:24:19] *** Quits: uyjulian (Ping timeout: 745 seconds)
[08:39:08] *** Joins: uyjulian
[10:16:48] *** Quits: oreo639 (Ping timeout: 496 seconds)
[12:49:49] *** Quits: derrek (Quit: This should have not happened.)
[12:52:14] *** Joins: derrek
[12:58:17] *** Joins: dibas_
[12:58:17] *** Quits: dibas (Read error: Connection reset by peer)
[12:58:20] *** dibas_ is now known as dibas
[13:04:00] *** Quits: dibas (Read error: Connection reset by peer)
[13:04:08] *** Joins: dibas
[13:11:45] *** Joins: dibas_
[13:11:45] *** Quits: dibas (Read error: Connection reset by peer)
[13:11:49] *** dibas_ is now known as dibas
[13:36:39] *** Joins: dibas_
[13:36:39] *** Quits: dibas (Read error: Connection reset by peer)
[13:36:42] *** dibas_ is now known as dibas
[15:17:14] *** Quits: balrog (Quit: Bye)
[15:22:36] *** Joins: balrog
[16:46:05] *** Joins: fgsfds
[18:04:11] *** Quits: _oldtopma (Read error: Operation timed out)
[18:42:38] *** Joins: oreo639
[20:19:56] *** Quits: rajkosto (Read error: Operation timed out)
[21:48:44] *** Quits: balrog (Bye)
[21:52:09] *** Joins: balrog
[21:54:38] *** Joins: rajkosto
[22:27:44] *** Quits: GerbilS3 (Read error: Operation timed out)
[22:38:56] *** Quits: mtheall (Ping timeout: 252 seconds)
[22:39:30] *** Joins: GerbilS3
[22:40:16] *** Quits: yls8bot (Read error: Operation timed out)
[22:46:19] *** Joins: yls8bot
[22:46:29] *** yellows8 sets mode: +o yls8bot
[22:50:49] *** Joins: mtheall
