[00:02:41] *** Quits: d3m3vilur (Read error: Connection reset by peer)
[00:02:58] *** Joins: d3m3vilur
[00:05:50] <plutobot> Wiki | Page changed: System Version Title | User: Zachycatgames | https://switchbrew.org/w/index.php?curid=116&diff=11088&oldid=11082
[01:30:29] *** Quits: rajkosto (Read error: Operation timed out)
[01:40:34] *** Joins: refs
[03:08:30] *** Quits: |Shadow| ()
[03:17:50] *** Joins: |Shadow|
[03:21:39] *** Quits: oreo639 (Read error: Operation timed out)
[03:53:52] *** Quits: |Shadow| (Ping timeout: 240 seconds)
[04:01:21] *** Quits: fgsfds (Read error: Connection reset by peer)
[04:02:23] *** Joins: |Shadow|
[04:26:20] *** Quits: refs (Quit: refs)
[04:40:49] *** Joins: oreo639
[05:37:16] *** Quits: oreo639 (Quit: Quit)
[08:35:01] *** Joins: rajkosto
[08:36:35] *** Quits: rajkosto (Client Quit)
[09:21:17] *** Quits: IShaDoWl ()
[11:14:12] *** Joins: lameboy2
[11:21:46] *** Quits: lameboy (Read error: Operation timed out)
[11:21:51] *** lameboy2 is now known as lameboy
[11:49:22] *** Joins: IShaDoWl
[11:49:24] *** Quits: IShaDoWl (Connection closed)
[11:49:29] *** Joins: IShaDoWl
[15:07:21] *** Quits: dibas (Quit: Leaving...)
[15:07:23] *** Joins: dibas_
[15:07:52] *** dibas_ is now known as dibas
[15:13:26] *** Quits: Surkow (Remote host closed the connection)
[15:25:06] *** Joins: Surkow
[15:30:59] *** Quits: uyjulian (Ping timeout: 745 seconds)
[15:37:42] *** Joins: uyjulian
[16:02:29] *** Quits: uyjulian (Ping timeout: 745 seconds)
[16:31:40] *** Joins: fgsfds
[17:12:03] *** Joins: lameboy2
[17:14:32] *** Quits: lameboy (Ping timeout: 240 seconds)
[17:14:37] *** lameboy2 is now known as lameboy
[17:20:51] *** Joins: uyjulian
[17:26:00] *** Quits: |Shadow| (ny.us.hub irc.Prison.NET)
[17:26:00] *** Quits: mtheall (ny.us.hub irc.Prison.NET)
[17:26:00] *** Quits: GerbilS3 (ny.us.hub irc.Prison.NET)
[17:26:33] *** Joins: |Shadow|
[17:26:33] *** Joins: mtheall
[17:26:33] *** Joins: GerbilS3
[17:56:42] *** Quits: |Shadow| (ircd.choopa.net irc.Prison.NET)
[17:56:42] *** Quits: mtheall (ircd.choopa.net irc.Prison.NET)
[17:56:42] *** Quits: GerbilS3 (ircd.choopa.net irc.Prison.NET)
[18:00:01] *** Joins: mtheall_
[18:00:56] *** Joins: |Shadow|
[18:00:56] *** Joins: GerbilS3
[18:13:28] *** Quits: |Shadow| (Ping timeout: 240 seconds)
[18:19:01] *** Quits: dibas (Quit: Leaving...)
[18:19:05] *** Joins: dibas_
[18:19:32] *** dibas_ is now known as dibas
[18:20:46] *** Joins: |Shadow|
[18:38:40] *** Joins: figgis_
[18:44:00] *** Quits: fgsfds (Ping timeout: 496 seconds)
[18:53:07] *** Quits: |Shadow| (Read error: Operation timed out)
[18:53:07] *** Quits: GerbilS3 (Ping timeout: 240 seconds)
[18:53:09] *** Joins: GerbilSof
[19:10:57] *** Joins: zini-
[19:17:28] *** Quits: balrog (Read error: Operation timed out)
[19:17:59] *** Quits: zini (Ping timeout: 604 seconds)
[19:18:12] *** Joins: balrog
[19:30:04] *** Quits: averne (quit)
[19:30:19] *** Joins: averne
[19:30:19] *** Server sets mode: +stn 
[19:49:48] *** Quits: Maylay (Ping timeout: 600 seconds)
[19:49:48] *** Joins: Maylay
[19:49:48] *** Quits: nich (Read error: Operation timed out)
[19:53:42] *** Joins: nich
[20:51:17] *** Joins: changO-
[20:54:19] *** Quits: rjeli____ (Read error: Connection reset by peer)
[20:54:27] *** Quits: flagrama_ (Read error: Connection reset by peer)
[20:56:28] *** Joins: rjeli____
[20:59:30] *** Quits: d3m3vilur (Read error: Connection reset by peer)
[20:59:36] *** Joins: d3m3vilur
[20:59:59] *** Quits: changoXPR (Ping timeout: 745 seconds)
[21:01:32] *** Joins: refsw
[21:10:29] *** Quits: refsw3 (Ping timeout: 745 seconds)
[21:14:22] *** Joins: dibas_
[21:14:22] *** Quits: dibas (Read error: Connection reset by peer)
[21:14:26] *** dibas_ is now known as dibas
[21:27:17] *** Joins: flagrama_
[21:28:16] *** Joins: oreo639
[21:38:37] *** Joins: dibas_
[21:38:37] *** Quits: dibas (Read error: Connection reset by peer)
[21:38:41] *** dibas_ is now known as dibas
[22:02:56] *** Joins: dibas_
[22:11:09] *** Quits: dibas (Ping timeout: 745 seconds)
[22:18:48] *** Joins: dibas
[22:19:54] *** Quits: dibas_ (Ping timeout: 745 seconds)
[22:36:45] *** Joins: dibas_
[22:36:45] *** Quits: dibas (Read error: Connection reset by peer)
[22:36:48] *** dibas_ is now known as dibas
[22:41:23] *** Quits: averne (quit)
[22:41:43] *** Joins: averne_
[22:41:43] *** Server sets mode: +stn 
[22:43:40] *** Joins: jsa_
[22:49:34] *** Quits: averne (se.hub efnet.deic.eu)
[22:49:34] *** Quits: plutobot (se.hub efnet.deic.eu)
[22:49:35] *** Quits: thejsa (se.hub efnet.deic.eu)
[22:49:36] *** Quits: RaYmAn (se.hub efnet.deic.eu)
[22:49:36] *** Quits: lemmy (se.hub efnet.deic.eu)
[23:02:01] *** Joins: lemmu
[23:05:14] *** averne_ is now known as averne
[23:35:45] *** Joins: |Shadow|
