[00:25:18] *** Quits: changO- (Read error: Operation timed out)
[01:02:13] *** Joins: dibas_
[01:02:13] *** Quits: dibas (Read error: Connection reset by peer)
[01:02:17] *** dibas_ is now known as dibas
[01:28:28] *** Joins: changO-
[04:52:19] *** Quits: figgis_ (Read error: Connection reset by peer)
[04:55:26] *** Joins: RaYmAn
[05:28:54] *** Quits: GerbilSof (Quit: Windows must now restart because the Remote Procedure Call (RPC) service terminated unexpectedly.)
[05:40:53] *** Joins: GerbilSof
[09:17:34] *** Joins: fgsfds
[10:02:30] *** Quits: fgsfds (Ping timeout: 376 seconds)
[10:50:27] *** Quits: oreo639 (Read error: Operation timed out)
[11:18:05] *** Quits: |Shadow| (hub.efnet.us irc.Prison.NET)
[11:36:35] *** Joins: |Shadow|
[12:41:59] *** Quits: gruetzkop (Remote host closed the connection)
[12:42:14] *** Quits: derrek (Read error: Connection reset by peer)
[12:44:17] *** Joins: derrek
[12:50:07] *** Joins: gruetzkop
[12:51:59] *** Quits: Genolo (Ping timeout: 745 seconds)
[12:52:12] *** Joins: Genolo
[13:32:57] *** Joins: refs
[15:13:41] *** Quits: cpncok3 ()
[16:36:42] *** Joins: fgsfds
[18:02:28] *** Joins: changoXPR
[18:08:44] *** Quits: changO- (Ping timeout: 745 seconds)
[18:25:42] *** Joins: changO-
[18:32:04] *** Quits: changoXPR (Ping timeout: 745 seconds)
[19:12:58] *** Joins: oreo639
[19:46:24] *** Joins: Pokemod97
[19:52:43] *** Joins: dibas_
[20:02:29] *** Quits: dibas (Ping timeout: 745 seconds)
[20:02:29] *** dibas_ is now known as dibas
[20:11:52] *** Joins: dibas_
[20:11:52] *** Quits: dibas (Read error: Connection reset by peer)
[20:11:55] *** dibas_ is now known as dibas
[20:20:01] *** Joins: dibas_
[20:20:01] *** Quits: dibas (Read error: Connection reset by peer)
[20:20:05] *** dibas_ is now known as dibas
[20:43:28] *** Joins: dibas_
[20:43:28] *** Quits: dibas (Read error: Connection reset by peer)
[20:43:32] *** dibas_ is now known as dibas
[21:09:54] *** Joins: dibas_
[21:09:55] *** Quits: dibas (Read error: Connection reset by peer)
[21:09:59] *** dibas_ is now known as dibas
[21:19:03] *** Quits: RaYmAn (Read error: Operation timed out)
[21:26:44] *** Quits: changO- (Read error: Operation timed out)
[21:32:37] *** Joins: dibas_
[21:40:29] *** Quits: dibas (Ping timeout: 745 seconds)
[21:40:29] *** dibas_ is now known as dibas
[21:53:15] *** Quits: Pokemod97 (Read error: Connection reset by peer)
[22:01:11] *** Joins: dibas_
[22:01:11] *** Quits: dibas (Read error: Connection reset by peer)
[22:01:15] *** dibas_ is now known as dibas
[22:11:43] *** Joins: dibas_
[22:14:12] *** Joins: changO-
[22:19:34] *** Quits: dibas (Ping timeout: 745 seconds)
[22:19:34] *** dibas_ is now known as dibas
[22:26:29] *** Quits: d3m3vilur (Read error: Connection reset by peer)
[22:28:03] *** Joins: d3m3vilur
[22:28:23] *** Quits: nohit_ (Ping timeout: 493 seconds)
[22:28:31] *** Joins: nohit_
[22:31:24] *** Quits: blasty (Read error: Operation timed out)
[22:34:30] *** Joins: blasty
[22:38:18] *** Joins: dibas_
[22:38:18] *** Quits: dibas (Read error: Connection reset by peer)
[22:38:22] *** dibas_ is now known as dibas
[22:54:20] *** Joins: refsw`
[23:02:04] *** Quits: refsw (Read error: Operation timed out)
[23:08:54] *** Joins: dibas_
[23:19:04] *** Quits: dibas (Ping timeout: 745 seconds)
[23:19:04] *** dibas_ is now known as dibas
[23:31:03] *** Joins: dibas_
[23:38:54] *** Quits: dibas (Ping timeout: 745 seconds)
[23:38:54] *** dibas_ is now known as dibas
[23:52:47] *** Joins: dibas_
[23:52:47] *** Quits: dibas (Read error: Connection reset by peer)
[23:52:51] *** dibas_ is now known as dibas
[23:56:10] *** Joins: dibas_
