[00:03:05] *** Joins: dibas-
[00:03:05] *** Quits: dibas_ (Read error: Connection reset by peer)
[00:03:35] *** Joins: changoXPR
[00:05:44] *** Quits: dibas (Ping timeout: 745 seconds)
[00:05:44] *** dibas- is now known as dibas
[00:08:42] *** Quits: changO- (Read error: Operation timed out)
[00:14:24] *** Quits: |Shadow| (Ping timeout: 240 seconds)
[00:17:34] *** Joins: |Shadow|
[00:24:55] *** Joins: refsw2
[00:26:23] *** Quits: d3m3vilur (Read error: Operation timed out)
[00:26:32] *** Joins: d3m3vilur
[00:31:33] *** Quits: refsw` (Read error: Operation timed out)
[00:36:56] *** Joins: dibas_
[00:36:56] *** Quits: dibas (Read error: Connection reset by peer)
[00:37:00] *** dibas_ is now known as dibas
[00:45:24] *** Joins: dibas_
[00:45:24] *** Quits: dibas (Read error: Connection reset by peer)
[00:45:28] *** dibas_ is now known as dibas
[00:54:18] *** Joins: dibas_
[01:02:17] *** Joins: dibas-
[01:02:17] *** Quits: dibas_ (Read error: Connection reset by peer)
[01:02:19] *** Quits: dibas (Ping timeout: 745 seconds)
[01:02:22] *** dibas- is now known as dibas
[01:33:09] *** Joins: dibas_
[01:33:09] *** Quits: dibas (Read error: Connection reset by peer)
[01:33:13] *** dibas_ is now known as dibas
[04:36:44] *** Quits: refs (Quit: refs)
[06:46:07] *** Quits: fgsfds (Read error: Connection reset by peer)
[08:40:54] *** Quits: averne (quit)
[08:41:12] *** Joins: averne_
[08:41:12] *** Server sets mode: +stn 
[08:41:12] *** Quits: averne (Read error: Connection reset by peer)
[08:41:12] *** averne_ is now known as averne
[08:51:00] *** Joins: Maylay_
[08:56:34] *** Quits: Maylay (Ping timeout: 745 seconds)
[11:07:50] *** Quits: oreo639 (Read error: Operation timed out)
[11:44:36] *** Joins: RaYmAn
[13:20:54] *** Joins: m4ts_
[13:21:49] *** Quits: m4ts (Ping timeout: 265 seconds)
[15:48:28] *** Joins: fgsfds
[15:51:46] *** Joins: figgis_
[15:58:17] *** Quits: fgsfds (Read error: Operation timed out)
[16:05:51] *** Joins: n87
[16:10:13] *** Joins: oldtopman
[16:32:34] *** Quits: |Shadow| (Read error: Operation timed out)
[16:35:03] *** Joins: |Shadow|
[18:31:54] *** Joins: zini
[18:31:54] *** Quits: zini- (Read error: Connection reset by peer)
[18:48:33] *** Joins: Tcm0
[21:51:01] *** Joins: Pokemod97
[21:56:20] *** Joins: refs
[21:58:30] *** Quits: GerbilSof (Windows must now restart because the Remote Procedure Call (RPC) service terminated unexpectedly.)
[22:01:33] *** Joins: GerbilSof
[22:28:47] *** Quits: changoXPR (Read error: Connection reset by peer)
[22:31:49] *** Joins: oreo639
[22:32:13] *** Quits: oreo639 (Client Quit)
[22:32:35] *** Joins: oreo639
[23:07:10] *** Quits: n87 (Read error: Connection reset by peer)
[23:34:09] *** Joins: zini-
[23:42:04] *** Quits: zini (Ping timeout: 745 seconds)
