[00:53:58] *** Quits: n87 (Read error: Connection reset by peer)
[01:12:37] *** Joins: cpnc0ke
[02:44:11] *** Quits: refs (Quit: refs)
[05:08:24] *** Quits: |Shadow| (Ping timeout: 240 seconds)
[05:32:33] *** Quits: averne (quit)
[05:34:50] *** Joins: averne
[05:34:50] *** Server sets mode: +stn 
[05:35:24] *** Quits: nohit_ (Ping timeout: 493 seconds)
[05:38:52] *** Quits: lex1 (Read error: Operation timed out)
[05:40:53] *** Quits: Retr0id (Read error: Connection reset by peer)
[05:43:24] *** Joins: Retr0id
[05:43:50] *** Quits: Genolo (Ping timeout: 857 seconds)
[05:44:24] *** Joins: Genolo
[05:45:12] *** Joins: lex1
[05:49:58] *** Quits: blasty (Read error: Connection reset by peer)
[05:55:41] *** Joins: nohit_
[06:02:34] *** Quits: Sentry (Read error: Connection reset by peer)
[06:05:06] *** Joins: Sentry
[06:05:20] *** Joins: d3m3vilur
[06:08:53] *** Joins: blasty
[07:13:27] *** Joins: |Shadow|
[08:54:13] *** Quits: fgsfds (Read error: Connection reset by peer)
[11:22:35] *** Joins: Extrems`
[11:23:22] *** Quits: Extrems (Read error: Connection reset by peer)
[11:23:22] *** Extrems` is now known as Extrems
[11:39:06] *** Joins: n87
[12:28:53] *** Joins: zini
[12:28:53] *** Quits: zini- (Read error: Connection reset by peer)
[14:05:19] *** Quits: Lightswor (Quit: ZNC)
[14:05:22] *** Joins: Lightswor
[14:28:29] *** Quits: n87 (Read error: Connection reset by peer)
[14:52:05] *** Quits: GerbilSof (Read error: Operation timed out)
[15:26:41] *** Quits: |Shadow| ()
[15:28:53] *** Joins: GerbilSof
[15:37:25] *** Joins: |Shadow|
[16:44:03] *** Joins: fgsfds
[19:11:48] *** Quits: giglife (Quit: ZNC - http://znc.in)
[19:19:40] *** Joins: giglife
[20:41:34] *** Joins: changoXPR
[20:41:48] *** Quits: changO- (Read error: Operation timed out)
[21:07:45] *** Joins: refs
[21:36:20] *** Joins: n87
[23:52:32] *** Quits: n87 (Read error: Connection reset by peer)
