[00:23:39] *** Quits: nich (Read error: Operation timed out)
[00:33:15] *** Quits: j0hny5 (Ping timeout: 600 seconds)
[00:36:02] *** Joins: j0hny5
[00:52:19] *** Quits: CCFL_Man (Read error: Connection reset by peer)
[01:04:07] *** Joins: nich
[02:12:00] *** Quits: |Shadow| (Ping timeout: 240 seconds)
[02:14:10] *** Joins: |Shadow|
[02:46:16] *** Quits: refs (Quit: refs)
[03:27:23] *** Joins: CCFL_Man
[06:57:18] *** Quits: fgsfds (Quit: Leaving)
[07:23:12] *** Joins: changO-
[07:25:04] *** Quits: changoXPR (Ping timeout: 496 seconds)
[10:29:52] *** Joins: changoXPR
[10:32:51] *** Quits: changO- (Read error: Operation timed out)
[10:36:59] *** Joins: n87
[13:40:14] *** Quits: zini (Quit: -->)
[13:40:16] *** Joins: fgsfds
[13:41:45] *** Joins: zini
[13:41:49] *** Quits: zini (Client Quit)
[13:45:14] *** Joins: zini
[14:30:39] *** Quits: Maylay_ (Pipe Terminated)
[14:44:03] *** Joins: Maylay
[15:28:15] *** Joins: refsw3
[15:39:14] *** Quits: refsw2 (Ping timeout: 745 seconds)
[18:28:23] *** Quits: Surkow (Remote host closed the connection)
[18:37:06] *** Joins: Surkow
[21:53:20] *** Joins: refs
