[00:08:11] *** Quits: n87 (Read error: Connection reset by peer)
[03:10:54] *** Quits: refs (Quit: refs)
[04:09:36] *** Quits: |Shadow| (Ping timeout: 240 seconds)
[04:43:21] *** Joins: |Shadow|
[06:33:52] *** Quits: fgsfds (Read error: Connection reset by peer)
[06:52:46] *** Joins: arnor
[08:32:03] *** Joins: lameboy2
[08:33:23] *** Quits: lameboy (Ping timeout: 186 seconds)
[08:33:23] *** lameboy2 is now known as lameboy
[08:41:26] *** Quits: freundTec (Quit: ZNC disconnected. Probably just rebooting my server - ZNC 1.6.6+deb1ubuntu0.2 - http://znc.in)
[08:43:50] *** Joins: freundTec
[10:15:43] *** Joins: CCFL_Man_
[10:16:21] *** Quits: CCFL_Man (Read error: Connection reset by peer)
[10:20:38] *** Joins: CCFL_Man
[10:22:19] *** Quits: CCFL_Man_ (Read error: Operation timed out)
[11:34:02] *** Joins: n87
[13:39:59] *** Quits: lameboy (Read error: Connection reset by peer)
[13:40:05] *** Joins: lameboy2
[13:40:06] *** lameboy2 is now known as lameboy
[14:13:58] *** Quits: n87 (Read error: Connection reset by peer)
[16:43:44] *** Quits: arnor (Ping timeout: 265 seconds)
[17:34:42] *** Joins: arnor
[18:21:08] *** Joins: fgsfds
[19:16:28] *** Quits: arnor (Ping timeout: 265 seconds)
[20:04:10] *** Joins: arnor
[22:12:06] *** Joins: n87
