[00:15:01] *** Quits: Phils3r (Quit: ZNC - https://znc.in)
[00:15:10] *** Joins: Phils3r
[00:25:49] *** Quits: n87 (Read error: Connection reset by peer)
[01:13:44] *** Joins: oreo639
[03:04:06] *** Joins: refs
[03:07:29] *** Quits: oreo639 (Ping timeout: 492 seconds)
[04:03:50] *** Quits: GeekShad1 (Ping timeout: 252 seconds)
[04:06:50] *** Quits: averne (quit)
[04:07:05] *** Joins: averne
[04:07:05] *** Server sets mode: +stn 
[04:07:30] *** Quits: DacoTaco_ (Ping timeout: 252 seconds)
[04:07:55] *** Joins: oldtopman
[04:09:25] *** Joins: oreo639
[04:09:45] *** Joins: DacoTaco
[04:27:47] *** Joins: thejsa
[04:27:47] *** Quits: jn (Read error: Connection reset by peer)
[04:28:12] *** Joins: jn
[04:35:54] *** Quits: jsa_ (Ping timeout: 745 seconds)
[04:36:09] *** Quits: oreo639 (Ping timeout: 492 seconds)
[04:48:27] *** Joins: oreo639
[04:49:44] *** Quits: refs (Quit: refs)
[06:18:02] *** Quits: oreo639 (Ping timeout: 252 seconds)
[06:36:04] *** Quits: rjeli____ (Ping timeout: 1230 seconds)
[06:36:17] *** Joins: rjeli____
[06:56:05] *** Joins: oreo639
[07:20:34] *** Quits: oreo639 (Ping timeout: 615 seconds)
[07:53:53] *** Quits: fgsfds (Read error: Connection reset by peer)
[07:55:24] *** Joins: oreo639
[10:13:16] *** Quits: oreo639 (Read error: Operation timed out)
[11:27:19] *** Joins: n87
[13:32:40] *** Quits: Stary (Quit: ZNC - http://znc.in)
[13:45:05] *** Joins: Stary
[15:16:24] *** Quits: rjeli____ (Ping timeout: 1230 seconds)
[15:16:38] *** Joins: rjeli____
[16:35:22] *** Quits: arnor (Ping timeout: 265 seconds)
[17:36:34] *** Joins: fgsfds
[18:23:30] *** Joins: refs
[19:30:12] *** Joins: oreo639
[20:03:25] *** Joins: arnor
[23:26:24] *** Quits: rjeli____ (Ping timeout: 1230 seconds)
[23:26:37] *** Joins: rjeli____
