[01:04:25] *** Quits: oreo639 (Ping timeout: 492 seconds)
[01:22:29] *** Quits: rjeli____ (Ping timeout: 1230 seconds)
[01:22:42] *** Joins: rjeli____
[02:00:52] *** Quits: n87 (Read error: Connection reset by peer)
[02:52:19] *** Quits: rjeli____ (Ping timeout: 1230 seconds)
[02:52:32] *** Joins: rjeli____
[04:59:19] *** Quits: refs (Quit: refs)
[05:24:58] *** Joins: oreo639
[06:39:12] *** Quits: oreo639 (Read error: Operation timed out)
[06:45:01] *** Joins: oreo639
[07:01:07] *** Quits: fgsfds (Read error: Connection reset by peer)
[07:07:29] *** Quits: oreo639 (Ping timeout: 492 seconds)
[07:14:37] *** Joins: oreo639
[07:38:26] *** Quits: oreo639 (Quit: Quit)
[07:39:16] *** Joins: oreo639
[08:24:49] *** Quits: oreo639 (Ping timeout: 745 seconds)
[09:05:12] *** Joins: oreo639
[10:06:55] *** Quits: oreo639 (Read error: Operation timed out)
[13:41:10] *** Joins: refs
[15:11:22] *** Joins: fgsfds
[16:21:22] *** Quits: ihaveamac (Quit: fail)
[16:21:58] *** Joins: ihaveamac
[16:27:00] *** Quits: arnor (Ping timeout: 265 seconds)
[17:24:01] *** Joins: arnor
[18:33:38] *** Quits: arnor (Ping timeout: 265 seconds)
[20:09:30] *** Joins: arnor
[20:24:57] *** Joins: oreo639
[22:25:00] *** Joins: n87
[23:08:10] *** Quits: arnor (Ping timeout: 265 seconds)
[23:43:11] *** Quits: n87 (Read error: Connection reset by peer)
