[01:27:14] *** Joins: arnor
[01:28:43] *** Quits: oreo639 (Read error: Operation timed out)
[02:08:57] *** Joins: oreo639
[03:26:53] *** Joins: changO-
[03:32:12] *** Quits: changoXPR (Read error: Operation timed out)
[04:05:54] *** Quits: fgsfds (Quit: Leaving)
[05:14:35] *** Quits: refs (Quit: refs)
[13:20:07] *** Joins: m4ts
[13:21:44] *** Quits: m4ts_ (Ping timeout: 265 seconds)
[13:51:21] *** Quits: oreo639 (Quit: Quit)
[15:18:39] *** Quits: mid-kid (Ping timeout: 745 seconds)
[15:22:36] *** Joins: mid-kid
[16:31:41] *** Quits: arnor (Ping timeout: 265 seconds)
[16:49:23] *** Joins: fgsfds
[19:49:36] *** Joins: arnor
[19:54:22] *** Quits: fgsfds (Ping timeout: 376 seconds)
[20:58:03] *** Quits: MasterGK (Read error: Connection reset by peer)
[21:02:33] *** Joins: Ghabry
[21:56:18] *** Joins: refs
[23:10:15] *** Quits: |Shadow| (Excess Flood)
[23:30:20] *** Joins: Pokemod97
[23:43:40] *** Quits: Pokemod97 (Ping timeout: 600 seconds)
