[02:12:32] *** Joins: klock
[03:00:57] *** Quits: refs (Quit: refs)
[03:46:17] *** Quits: oldtopman (Read error: Connection reset by peer)
[03:48:22] *** Joins: oldtopman
[05:13:44] *** Joins: changoXPR
[05:18:02] *** Quits: changO- (Read error: Operation timed out)
[05:39:02] *** Quits: arnor (Ping timeout: 265 seconds)
[07:11:37] *** Joins: |Shadow|
[08:25:51] *** Joins: arnor
[08:44:50] *** Quits: Extrems (Read error: Operation timed out)
[09:04:35] *** Joins: Extrems
[09:33:21] *** Joins: Extrems`
[09:34:17] *** Quits: Extrems (Ping timeout: 492 seconds)
[09:34:17] *** Extrems` is now known as Extrems
[09:37:59] *** Quits: Extrems (Read error: Connection reset by peer)
[09:45:22] *** Joins: Extrems
[16:15:46] *** Joins: fgsfds
[17:13:47] *** Quits: Pieman ()
[17:15:55] *** Joins: Pieman
[17:39:12] *** Quits: arnor (Ping timeout: 265 seconds)
[18:41:21] *** Joins: lansiir
[18:41:28] *** Quits: oldtopman (Read error: Connection reset by peer)
[19:14:26] *** Joins: arnor
[21:37:24] *** Joins: refs
