[00:07:36] *** Quits: changoXPR (Read error: Operation timed out)
[00:07:37] *** Joins: changO-
[00:33:38] *** Joins: oreo639
[01:56:42] *** Quits: oreo639 (Read error: Operation timed out)
[03:08:48] *** Quits: refs (Quit: refs)
[04:57:18] *** Joins: oreo639
[06:58:50] *** Quits: Maylay (Read error: Connection reset by peer)
[06:59:07] *** Joins: Maylay
[07:32:14] *** Quits: nich (I QUIT)
[07:51:05] *** Joins: nich
[07:54:21] *** Quits: fgsfds (Read error: Connection reset by peer)
[08:28:16] *** Quits: lansiir (Read error: Operation timed out)
[09:37:19] *** Joins: oldtopman
[11:07:28] *** Quits: oreo639 (Ping timeout: 496 seconds)
[11:07:43] *** Joins: cpncok3
[11:09:36] *** Quits: cpnc0ke (Ping timeout: 496 seconds)
[11:37:07] *** Quits: Surkow (Quit: 418 I'm a teapot - NOP NOP NOP)
[11:45:33] *** Joins: Surkow
[14:19:14] *** Quits: refsw3 (Quit: refsw3)
[14:44:05] *** Joins: refsw
[16:34:17] *** Quits: arnor (Ping timeout: 265 seconds)
[18:10:03] *** Quits: lemmu (Remote host closed the connection)
[18:45:38] *** Joins: lemmy
[19:58:53] *** Joins: arnor
[20:17:32] *** Joins: oreo639
[21:08:11] *** Joins: refs
[21:34:01] *** Quits: Kyouju (Read error: Connection reset by peer)
[21:34:36] *** Joins: Kyouju
[21:34:36] *** Quits: omlet05 (Read error: Connection reset by peer)
[21:35:28] *** Joins: omlet05
