[00:22:26] *** Quits: oreo639 (Remote host closed the connection)
[00:23:45] *** Joins: oreo639
[00:28:28] *** Quits: oreo639 (Ping timeout: 252 seconds)
[01:29:59] *** Joins: oreo639
[02:01:48] *** Quits: CCFL_Man (Read error: Connection reset by peer)
[02:02:20] *** Quits: nich (Read error: Operation timed out)
[02:07:10] *** Joins: CCFL_Man
[02:08:40] *** Joins: nich
[02:11:31] *** Quits: refs (Ping timeout: 186 seconds)
[02:13:25] *** Joins: refs
[02:16:51] *** Quits: refs (Ping timeout: 186 seconds)
[02:29:20] *** Joins: refs`
[02:46:48] *** Quits: refs` (Quit: refs`)
[03:19:22] *** Quits: oreo639 (Quit: Quit)
[03:48:01] *** Quits: Whovian9- (Remote host closed the connection)
[04:12:39] *** Joins: Whovian93
[07:21:46] *** Quits: uyjulian (Quit: ZNC - http://znc.in)
[07:22:09] *** Joins: uyjulian
[09:18:32] *** Quits: changO- (ny.us.hub hub.efnet.us)
[09:18:32] *** Quits: balrog (ny.us.hub hub.efnet.us)
[09:18:32] *** Quits: IShaDoWl (ny.us.hub hub.efnet.us)
[09:18:32] *** Quits: Kyouju (ny.us.hub hub.efnet.us)
[09:18:32] *** Quits: Surkow (ny.us.hub hub.efnet.us)
[09:18:32] *** Quits: freundTec (ny.us.hub hub.efnet.us)
[09:18:32] *** Quits: Lightswor (ny.us.hub hub.efnet.us)
[09:18:32] *** Quits: yls8bot (ny.us.hub hub.efnet.us)
[09:18:32] *** Quits: Cu3PO42 (ny.us.hub hub.efnet.us)
[09:18:32] *** Quits: eggster (ny.us.hub hub.efnet.us)
[09:18:32] *** Quits: sh0e- (ny.us.hub hub.efnet.us)
[09:18:32] *** Quits: Behemoth (ny.us.hub hub.efnet.us)
[09:18:32] *** Quits: yellows8 (ny.us.hub hub.efnet.us)
[09:18:32] *** Quits: tpw_rules (ny.us.hub hub.efnet.us)
[09:18:32] *** Quits: derk0pf_ (ny.us.hub hub.efnet.us)
[09:18:32] *** Quits: Jdbye (ny.us.hub hub.efnet.us)
[09:18:32] *** Quits: TurtleP (ny.us.hub hub.efnet.us)
[09:20:27] *** Joins: Kyouju
[09:20:27] *** Joins: Surkow
[09:20:27] *** Joins: changO-
[09:20:27] *** Joins: freundTec
[09:20:27] *** Joins: Lightswor
[09:20:27] *** Joins: balrog
[09:20:27] *** Joins: IShaDoWl
[09:20:27] *** Joins: yls8bot
[09:20:27] *** Joins: Cu3PO42
[09:20:27] *** Joins: eggster
[09:20:27] *** Joins: sh0e-
[09:20:27] *** Joins: Behemoth
[09:20:27] *** Joins: yellows8
[09:20:27] *** Joins: tpw_rules
[09:20:27] *** Joins: derk0pf_
[09:20:27] *** Joins: Jdbye
[09:20:27] *** Joins: TurtleP
[09:20:27] *** hub.efnet.us sets mode: +oo yls8bot yellows8
[09:20:27] *** WntrMute sets mode: +o yellows8
[10:54:18] *** Quits: giglife (Quit: ZNC - http://znc.in)
[10:54:22] *** Joins: giglife
[14:07:53] *** Joins: changoXPR
[14:09:14] *** Quits: changO- (Read error: Operation timed out)
[16:34:37] *** Joins: fgsfds
[17:12:48] *** Quits: arnor (Ping timeout: 265 seconds)
[19:52:00] *** Joins: arnor
[19:59:51] *** Quits: changoXPR (Read error: Operation timed out)
[20:00:07] *** Joins: changO-
[21:53:07] *** Quits: arnor (Quit: Leaving)
[22:04:17] *** Joins: refs
[22:48:08] *** Joins: refsw`
[22:49:19] *** Quits: blasty (Read error: Operation timed out)
[22:49:27] *** Joins: blasty
[22:49:29] *** Quits: GerbilSof (Read error: Operation timed out)
[22:49:51] *** Joins: GerbilSof
[22:50:25] *** Quits: refsw (Read error: Operation timed out)
