[00:26:11] *** Joins: zini-
[00:26:11] *** Quits: zini (Read error: Connection reset by peer)
[01:57:21] *** Joins: changoXPR
[02:00:26] *** Quits: changO- (Read error: Operation timed out)
[02:45:02] *** Quits: refs (Quit: refs)
[02:56:19] *** Joins: changO-
[03:00:00] *** Quits: changoXPR (Ping timeout: 496 seconds)
[04:02:41] *** Quits: Maylay (Read error: Connection reset by peer)
[04:08:24] *** Quits: blasty (efnet.deic.eu se.hub)
[04:08:24] *** Quits: oldtopman (efnet.deic.eu se.hub)
[04:08:24] *** Quits: GeekShado (efnet.deic.eu se.hub)
[04:08:24] *** Quits: d3m3vilur (efnet.deic.eu se.hub)
[04:08:24] *** Quits: Sentry (efnet.deic.eu se.hub)
[04:08:24] *** Quits: nohit_ (efnet.deic.eu se.hub)
[04:08:24] *** Quits: lex1 (efnet.deic.eu se.hub)
[04:08:24] *** Quits: Retr0id (efnet.deic.eu se.hub)
[04:08:24] *** Quits: ris2z (efnet.deic.eu se.hub)
[04:08:24] *** Quits: GrecKo_ (efnet.deic.eu se.hub)
[04:08:24] *** Quits: GerbilSof (efnet.deic.eu se.hub)
[04:08:24] *** Quits: balrog (efnet.deic.eu se.hub)
[04:08:24] *** Quits: IShaDoWl (efnet.deic.eu se.hub)
[04:08:24] *** Quits: giglife (efnet.deic.eu se.hub)
[04:08:24] *** Quits: Kyouju (efnet.deic.eu se.hub)
[04:08:24] *** Quits: Surkow (efnet.deic.eu se.hub)
[04:08:24] *** Quits: freundTec (efnet.deic.eu se.hub)
[04:08:24] *** Quits: Lightswor (efnet.deic.eu se.hub)
[04:08:24] *** Quits: yls8bot (efnet.deic.eu se.hub)
[04:08:24] *** Quits: Cu3PO42 (efnet.deic.eu se.hub)
[04:08:24] *** Quits: eggster (efnet.deic.eu se.hub)
[04:08:24] *** Quits: sh0e- (efnet.deic.eu se.hub)
[04:08:24] *** Quits: Behemoth (efnet.deic.eu se.hub)
[04:08:24] *** Quits: yellows8 (efnet.deic.eu se.hub)
[04:08:24] *** Quits: tpw_rules (efnet.deic.eu se.hub)
[04:08:24] *** Quits: derk0pf_ (efnet.deic.eu se.hub)
[04:08:24] *** Quits: Jdbye (efnet.deic.eu se.hub)
[04:08:24] *** Quits: TurtleP (efnet.deic.eu se.hub)
[04:08:24] *** Quits: fgsfds (efnet.deic.eu se.hub)
[04:08:24] *** Quits: omlet05 (efnet.deic.eu se.hub)
[04:08:24] *** Quits: cpncok3 (efnet.deic.eu se.hub)
[04:08:24] *** Quits: ihaveamac (efnet.deic.eu se.hub)
[04:08:24] *** Quits: phigcloud (efnet.deic.eu se.hub)
[04:08:24] *** Quits: nich (efnet.deic.eu se.hub)
[04:08:24] *** Quits: |Shadow| (efnet.deic.eu se.hub)
[04:08:24] *** Quits: j0hny5 (efnet.deic.eu se.hub)
[04:08:24] *** Quits: DacoTaco (efnet.deic.eu se.hub)
[04:08:24] *** Quits: flagrama_ (efnet.deic.eu se.hub)
[04:08:24] *** Quits: nrq_ (efnet.deic.eu se.hub)
[04:08:24] *** Quits: CCFL_Man (efnet.deic.eu se.hub)
[04:08:24] *** Quits: Ghabry (efnet.deic.eu se.hub)
[04:08:24] *** Quits: m4ts (efnet.deic.eu se.hub)
[04:08:24] *** Quits: Stary (efnet.deic.eu se.hub)
[04:08:24] *** Quits: thomasnet (efnet.deic.eu se.hub)
[04:08:24] *** Quits: WntrMute (efnet.deic.eu se.hub)
[04:08:24] *** Quits: fincs (efnet.deic.eu se.hub)
[04:08:24] *** Quits: TAL (efnet.deic.eu se.hub)
[04:08:24] *** Quits: changO- (efnet.deic.eu se.hub)
[04:08:24] *** Quits: refsw` (efnet.deic.eu se.hub)
[04:08:24] *** Quits: uyjulian (efnet.deic.eu se.hub)
[04:08:24] *** Quits: Whovian93 (efnet.deic.eu se.hub)
[04:08:24] *** Quits: Pieman (efnet.deic.eu se.hub)
[04:08:24] *** Quits: Extrems (efnet.deic.eu se.hub)
[04:08:24] *** Quits: klock (efnet.deic.eu se.hub)
[04:08:24] *** Quits: mid-kid (efnet.deic.eu se.hub)
[04:08:24] *** Quits: rjeli____ (efnet.deic.eu se.hub)
[04:08:24] *** Quits: jn (efnet.deic.eu se.hub)
[04:08:24] *** Quits: Phils3r (efnet.deic.eu se.hub)
[04:08:24] *** Quits: lameboy (efnet.deic.eu se.hub)
[04:08:24] *** Quits: Genolo (efnet.deic.eu se.hub)
[04:08:24] *** Quits: dibas (efnet.deic.eu se.hub)
[04:08:24] *** Quits: gruetzkop (efnet.deic.eu se.hub)
[04:08:24] *** Quits: derrek (efnet.deic.eu se.hub)
[04:08:24] *** Quits: mtheall_ (efnet.deic.eu se.hub)
[04:08:24] *** Quits: hexkyz (efnet.deic.eu se.hub)
[04:08:24] *** Quits: Normmatt (efnet.deic.eu se.hub)
[04:08:24] *** Quits: Shiz (efnet.deic.eu se.hub)
[04:14:49] *** Quits: RaYmAn (Ping timeout: 615 seconds)
[04:22:48] *** Quits: averne (quit)
[04:25:09] *** Joins: averne
[04:25:09] *** Server sets mode: +stn 
[04:49:49] *** Joins: zini-
[04:49:49] *** Joins: lemmy
[04:49:49] *** Joins: thejsa
[05:00:06] *** Joins: changoXPR
[05:06:34] *** Quits: changO- (Ping timeout: 745 seconds)
[05:11:36] *** Quits: Retr0id (Read error: Connection reset by peer)
[05:13:17] *** Quits: d3m3vilur (Ping timeout: 493 seconds)
[05:15:22] *** Quits: Sentry (Read error: Operation timed out)
[05:16:17] *** Quits: nohit_ (Ping timeout: 493 seconds)
[05:18:08] *** Joins: GeekShad1
[05:20:05] *** Quits: Maylay_ (Read error: Connection reset by peer)
[05:20:05] *** Joins: Maylay
[05:20:25] *** Joins: d3m3vilur
[05:20:29] *** Joins: Retr0id
[05:21:25] *** Joins: nohit_
[05:21:40] *** Quits: GeekShado (Read error: Operation timed out)
[05:22:53] *** Joins: Sentry
[05:23:02] *** Joins: changO-
[05:28:09] *** Quits: changoXPR (Ping timeout: 745 seconds)
[05:35:18] *** Quits: CCFL_Man (se.hub irc.underworld.no)
[05:35:18] *** Quits: Ghabry (se.hub irc.underworld.no)
[05:35:18] *** Quits: m4ts (se.hub irc.underworld.no)
[05:35:18] *** Quits: Stary (se.hub irc.underworld.no)
[05:35:18] *** Quits: thomasnet (se.hub irc.underworld.no)
[05:35:18] *** Quits: WntrMute (se.hub irc.underworld.no)
[05:35:18] *** Quits: fincs (se.hub irc.underworld.no)
[05:35:18] *** Quits: TAL (se.hub irc.underworld.no)
[05:36:14] *** Joins: TAL_
[05:36:16] *** Quits: TAL_ (Handshake flooding)
[05:36:58] *** Joins: CCFL_Man_
[05:43:17] *** Joins: Ghabry
[05:43:17] *** Joins: m4ts
[05:43:17] *** Joins: Stary
[05:43:17] *** Joins: thomasnet
[05:43:17] *** Joins: WntrMute
[05:43:17] *** Joins: fincs
[05:43:17] *** irc.underworld.no sets mode: +oo WntrMute fincs
[05:43:18] *** WntrMute sets mode: +o yellows8
[05:52:45] *** Quits: nich (Read error: Operation timed out)
[05:53:07] *** Joins: changoXPR
[05:55:28] *** Quits: changO- (Ping timeout: 496 seconds)
[05:56:00] *** Joins: RaYmAn
[06:01:55] *** Quits: |Shadow| (Read error: Operation timed out)
[06:03:40] *** Quits: j0hny5 (Ping timeout: 600 seconds)
[06:07:29] *** Quits: fgsfds (Read error: Connection reset by peer)
[06:09:40] *** Joins: GeekShado
[06:09:40] *** Joins: j0hny5
[06:09:40] *** Quits: GeekShad1 (Read error: Connection reset by peer)
[06:13:05] *** Joins: nich
[06:21:00] *** Joins: |Shadow|
[06:28:30] *** Quits: averne (quit)
[06:30:42] *** Joins: averne
[06:30:42] *** Server sets mode: +stn 
[06:36:47] *** Joins: changO-
[06:41:20] *** Quits: phigcloud (Ping timeout: 496 seconds)
[06:42:14] *** Quits: changoXPR (Ping timeout: 745 seconds)
[06:43:55] *** Joins: phigcloud
[06:55:15] *** Joins: omlet05_
[06:57:52] *** Quits: omlet05 (Ping timeout: 496 seconds)
[13:12:29] *** Quits: changO- (Ping timeout: 745 seconds)
[13:26:47] *** Joins: hexkyz_
[13:27:04] *** Quits: hexkyz (Ping timeout: 745 seconds)
[13:30:47] *** Joins: changO-
[13:35:46] *** Joins: changoXPR
[13:39:54] *** Quits: hexkyz_ (Ping timeout: 745 seconds)
[13:40:06] *** Joins: hexkyz
[13:43:59] *** Quits: changO- (Ping timeout: 745 seconds)
[13:44:16] *** Quits: changoXPR (Ping timeout: 496 seconds)
[13:45:23] *** Joins: changO-
[13:52:44] *** Quits: hexkyz (Ping timeout: 745 seconds)
[13:53:32] *** Joins: hexkyz
[14:07:37] *** Joins: changoXPR
[14:09:53] *** Joins: n87
[14:13:20] *** Quits: changO- (Read error: Operation timed out)
[14:13:44] *** Quits: plutobot_ (Ping timeout: 745 seconds)
[14:13:47] *** Joins: plutobot
[16:40:27] *** Joins: fgsfds
[19:18:43] *** Quits: n87 (Read error: Connection reset by peer)
[20:06:39] <plutobot> GitHub | New commit | User: qazrfv | https://github.com/switchbrew/nx-hbmenu/commit/6e654ec2af
[20:11:20] *** Joins: changO-
[20:14:26] *** Quits: changoXPR (Read error: Operation timed out)
[20:58:15] *** Quits: changO- (Read error: Operation timed out)
[21:22:26] *** Joins: changO-
[21:29:07] *** Joins: oreo639
