[00:05:49] *** Quits: hexkyz (Ping timeout: 745 seconds)
[00:06:37] *** Joins: hexkyz
[00:19:49] *** Quits: hexkyz (Ping timeout: 745 seconds)
[00:20:09] *** Joins: hexkyz
[00:33:14] *** Quits: hexkyz (Ping timeout: 745 seconds)
[00:34:35] *** Joins: hexkyz
[03:01:49] *** Quits: d3m3vilur (Read error: Operation timed out)
[03:09:39] *** Quits: nohit_ (Ping timeout: 493 seconds)
[03:09:39] *** Quits: Retr0id (Read error: Connection reset by peer)
[03:09:48] *** Quits: Sentry (Read error: Connection reset by peer)
[03:13:33] *** Quits: blasty (Read error: Connection reset by peer)
[03:15:36] *** Joins: Sentry
[03:16:56] *** Quits: oldtopman (Ping timeout: 857 seconds)
[03:20:22] *** Joins: oldtopman
[03:29:59] *** Quits: hexkyz (Ping timeout: 745 seconds)
[03:30:21] *** Joins: Retr0id
[03:30:41] *** Joins: hexkyz
[03:31:08] *** Joins: nohit_
[03:34:47] *** Joins: plutobot_
[03:36:06] *** Quits: plutobot (Read error: Operation timed out)
[03:40:03] *** Quits: lex1 (Read error: Operation timed out)
[03:46:05] *** Quits: Sentry (Read error: Operation timed out)
[03:51:37] *** Joins: nohit__
[03:54:53] *** Quits: nohit_ (Ping timeout: 493 seconds)
[03:57:35] *** Quits: nohit__ (Read error: Connection reset by peer)
[04:02:20] *** Quits: Retr0id (Read error: Connection reset by peer)
[04:04:00] *** Joins: nohit__
[04:04:14] *** Quits: phigcloud (Ping timeout: 252 seconds)
[04:04:55] *** Joins: blasty
[04:05:00] *** Joins: Sentry
[04:06:23] *** Joins: lex1
[04:06:45] *** Joins: phigcloud
[04:07:03] *** Joins: d3m3vilur
[04:21:00] *** Quits: Lightswor (Read error: Connection reset by peer)
[04:21:03] *** Joins: Lightswor
[04:35:00] *** Quits: oldtopman (hub.efnet.us irc.Prison.NET)
[04:35:00] *** Quits: GeekShado (hub.efnet.us irc.Prison.NET)
[04:35:55] *** Joins: GeekShad1
[04:38:00] *** Joins: lansiir
[04:38:52] *** Quits: GerbilSof (Windows must now restart because the Remote Procedure Call (RPC) service terminated unexpectedly.)
[04:42:26] *** Joins: GerbilSof
[04:51:04] *** Quits: hexkyz (Ping timeout: 745 seconds)
[04:51:53] *** Joins: hexkyz
[05:10:58] *** Quits: averne (quit)
[05:11:15] *** Joins: averne
[05:11:15] *** Server sets mode: +stn 
[05:26:04] *** Quits: hexkyz (Ping timeout: 745 seconds)
[05:27:55] *** Joins: hexkyz
[05:40:39] *** Quits: hexkyz (Ping timeout: 745 seconds)
[05:40:58] *** Joins: hexkyz
[05:54:04] *** Quits: hexkyz (Ping timeout: 745 seconds)
[05:58:23] *** Joins: hexkyz
[06:10:59] *** Quits: hexkyz (Ping timeout: 745 seconds)
[06:11:19] *** Joins: hexkyz
[06:23:20] *** Quits: fgsfds (Read error: Connection reset by peer)
[06:28:29] *** Quits: hexkyz (Ping timeout: 745 seconds)
[06:29:19] *** Joins: hexkyz
[06:38:36] *** Quits: nrq_ (Ping timeout: 252 seconds)
[06:38:51] *** Joins: nrq
[06:43:00] *** Quits: flagrama_ (Ping timeout: 252 seconds)
[06:45:34] *** Quits: DacoTaco (Ping timeout: 252 seconds)
[06:47:27] *** Joins: DacoTaco
[06:48:12] *** Joins: flagrama_
[07:10:29] *** Quits: hexkyz (Ping timeout: 745 seconds)
[07:11:17] *** Joins: hexkyz
[07:28:34] *** Quits: hexkyz (Ping timeout: 745 seconds)
[07:29:54] *** Joins: hexkyz
[07:42:34] *** Quits: hexkyz (Ping timeout: 745 seconds)
[07:43:23] *** Joins: hexkyz
[07:55:59] *** Quits: hexkyz (Ping timeout: 745 seconds)
[07:56:19] *** Joins: hexkyz
[08:14:04] *** Quits: hexkyz (Ping timeout: 745 seconds)
[08:14:50] *** Joins: hexkyz
[08:27:29] *** Quits: hexkyz (Ping timeout: 745 seconds)
[08:27:49] *** Joins: hexkyz
[08:40:54] *** Quits: hexkyz (Ping timeout: 745 seconds)
[08:41:45] *** Joins: hexkyz
[09:15:19] *** Quits: hexkyz (Ping timeout: 745 seconds)
[09:16:04] *** Joins: hexkyz
[09:44:08] *** Quits: oreo639 (Ping timeout: 252 seconds)
[11:31:13] *** Joins: n87
[15:48:28] *** Quits: |Shadow| ()
[15:49:43] *** Joins: |Shadow|
[16:08:04] *** Joins: fgsfds
[18:29:23] *** Joins: refs
[19:54:39] *** Quits: |Shadow| (hub.efnet.us irc.Prison.NET)
[19:55:50] *** Joins: oreo639
[20:13:58] *** Joins: Lightswo-
[20:13:58] *** Quits: Lightswor (Read error: Connection reset by peer)
[20:14:03] *** Lightswo- is now known as Lightswor
[20:18:43] *** Joins: |Shadow|
[22:26:35] *** Joins: figgis_
[22:28:34] *** Quits: fgsfds (Ping timeout: 376 seconds)
[22:36:28] *** CCFL_Man_ is now known as CCFL_Man
