[00:13:12] *** Quits: n87 (Read error: Connection reset by peer)
[01:03:59] *** Quits: phigcloud (Read error: Connection reset by peer)
[01:04:44] *** Joins: phigcloud
[01:14:44] *** Quits: phigcloud (Read error: Connection reset by peer)
[01:15:10] *** Joins: phigcloud
[02:00:36] *** Quits: |Shadow| ()
[02:02:45] *** Joins: |Shadow|
[02:18:17] *** Quits: |Shadow| ()
[02:24:33] *** Quits: Surkow (Remote host closed the connection)
[02:25:50] *** Joins: Surkow
[02:30:15] *** Joins: |Shadow|
[03:56:27] *** Quits: |Shadow| ()
[04:20:16] *** Quits: oreo639 (Ping timeout: 252 seconds)
[04:40:07] *** Joins: oreo639
[05:04:32] *** Quits: refs (Quit: refs)
[05:15:37] *** Quits: changO- (Read error: Operation timed out)
[05:43:19] *** Quits: ris2z (Ping timeout: 186 seconds)
[05:44:36] *** Joins: GrecKo
[05:54:06] *** Quits: GrecKo_ (se.hub irc.du.se)
[06:09:42] *** Joins: |Shadow|
[06:15:51] *** Joins: fgsfds
[06:18:24] *** Quits: figgis_ (Ping timeout: 265 seconds)
[06:25:42] *** Quits: fgsfds (Read error: Connection reset by peer)
[07:20:28] *** Joins: changO-
[11:01:55] *** Joins: n87
[11:26:27] *** Joins: rajkosto
[11:44:54] *** Quits: oreo639 (Ping timeout: 745 seconds)
[12:21:30] *** Joins: fgsfds
[13:38:11] *** Quits: |Shadow| (Read error: Operation timed out)
[13:41:35] *** Joins: |Shadow|
[14:06:33] *** Joins: refs
[14:44:59] *** Quits: rajkosto (Read error: Connection reset by peer)
[15:07:48] *** Quits: refs (se.hub irc.du.se)
[19:47:02] *** Quits: balrog (Read error: Operation timed out)
[20:42:55] *** Joins: refs`
[21:06:58] *** Quits: n87 (Read error: Connection reset by peer)
[21:21:12] *** Joins: balrog
[23:45:36] *** Quits: GerbilSof (Quit: Windows must now restart because the Remote Procedure Call (RPC) service terminated unexpectedly.)
[23:46:38] *** Quits: fgsfds (Ping timeout: 376 seconds)
