[03:05:12] *** Quits: refs (Quit: refs)
[05:36:08] *** Quits: fgsfds (Read error: Connection reset by peer)
[06:12:44] *** Joins: oreo639
[09:18:33] *** Quits: oreo639 (Ping timeout: 745 seconds)
[09:19:03] *** Joins: oreo639
[09:57:43] *** Joins: flotwig_
[10:00:01] *** Quits: flotwig (Read error: Operation timed out)
[10:00:01] *** flotwig_ is now known as flotwig
[10:54:16] *** Quits: oreo639 (Ping timeout: 265 seconds)
[12:41:50] *** Joins: fgsfds
[13:00:04] *** Joins: n87
[21:11:58] *** Quits: fincs (Ping timeout: 265 seconds)
[21:16:22] *** Joins: fincs
[21:16:23] *** WntrMute sets mode: +o fincs
[21:19:13] *** Joins: refs
[21:20:46] *** Quits: pieman (Ping timeout: 252 seconds)
[21:20:50] *** Quits: phigcloud (Read error: Connection reset by peer)
[21:21:15] *** Joins: phigcloud
[21:21:17] *** Joins: pieman
[21:23:34] *** Quits: DacoTaco (Ping timeout: 265 seconds)
[21:23:34] *** Quits: GeekShado (Ping timeout: 265 seconds)
[21:23:50] *** Joins: DacoTaco
[21:24:07] *** Joins: GeekShado
[21:28:42] *** Quits: n87 (Quit: Leaving)
[22:50:27] *** Quits: balrog (Bye)
[23:03:34] *** Joins: balrog
