[00:16:01] *** Quits: KuKzz (Ping timeout: 600 seconds)
[00:24:33] *** Joins: KuKzz
[00:37:37] *** Quits: KuKzz (Read error: Operation timed out)
[00:57:20] *** Joins: KuKzz
[02:00:29] *** Quits: refs (Quit: refs)
[03:26:15] *** Quits: derrek (This should have not happened.)
[03:26:29] *** Joins: derrek
[04:09:05] *** Joins: yifanlu
[04:21:53] *** Quits: yifanlu (Ping timeout: 745 seconds)
[05:18:17] *** Quits: fgsfds (Read error: Connection reset by peer)
[12:30:31] *** Joins: fgsfds
[13:54:49] *** Quits: blasty (Remote host closed the connection)
[17:20:56] *** Joins: figgis_
[17:25:40] *** Quits: Behemoth_ (Read error: Operation timed out)
[17:25:41] *** Quits: GeekShado (Read error: Connection reset by peer)
[17:25:47] *** Joins: GeekShado
[17:25:59] *** Quits: fgsfds (Ping timeout: 376 seconds)
[17:28:09] *** Joins: Behemoth
[19:59:20] *** Joins: n87
[21:28:53] *** Joins: refs
[23:56:06] *** Quits: n87 (Read error: Connection reset by peer)
