[00:52:49] *** Quits: figgis_ (Read error: Connection reset by peer)
[01:08:01] *** Joins: fgsfds
[01:18:55] *** Joins: Genolol
[01:27:28] *** Quits: |Shadow| (ny.us.hub irc.Prison.NET)
[01:27:29] *** Quits: Genolo (ny.us.hub irc.Prison.NET)
[01:42:57] *** Genolol is now known as Genolo
[02:31:33] *** Joins: |Shadow|
[02:50:42] *** Quits: refs (Quit: refs)
[04:05:59] *** Quits: fgsfds (Quit: Leaving)
[07:44:53] *** Joins: eggy
[07:46:49] *** Quits: eggster (Read error: Operation timed out)
[09:18:10] *** Joins: n87
[11:12:38] *** Joins: fgsfds
[11:56:33] *** Quits: fgsfds (Read error: Connection reset by peer)
[11:58:13] *** Joins: fgsfds
[15:36:01] *** Joins: figgis_
[15:41:07] *** Quits: fgsfds (Ping timeout: 376 seconds)
[18:33:32] *** Quits: n87 (Read error: Connection reset by peer)
[18:37:16] *** Joins: n87
[19:01:29] *** Joins: |Shadow|_
[19:06:44] *** Quits: |Shadow| (Read error: Operation timed out)
[19:25:05] *** Joins: Snetry
[19:29:14] *** Quits: Sentry (Read error: Connection refused)
[19:29:14] *** Snetry is now known as Sentry
[19:40:35] *** Joins: Snetry
[19:43:30] *** Quits: Sentry (Read error: Operation timed out)
[19:43:30] *** Snetry is now known as Sentry
[20:12:42] *** Quits: CCFL_Man (Ping timeout: 265 seconds)
[20:13:21] *** Joins: |Shadow|
[20:14:28] *** Joins: CCFL_Man
[20:17:51] *** Quits: |Shadow|_ (Read error: Operation timed out)
[20:26:09] *** Joins: Snetry
[20:28:30] *** Quits: Sentry (Read error: Operation timed out)
[20:28:30] *** Snetry is now known as Sentry
[21:05:03] *** Quits: n87 (Quit: Leaving)
[21:09:33] *** Joins: refs
