[02:17:58] *** Quits: figgis_ (Quit: Leaving)
[03:05:58] *** Quits: lameboy (Ping timeout: 745 seconds)
[03:07:00] *** Quits: refs (Quit: refs)
[03:36:57] *** Joins: lameboy
[03:37:07] *** Quits: lameboy (Client Quit)
[03:38:22] *** Joins: lameboy
[03:44:34] *** Quits: lameboy (Quit: Astalabyebye...)
[03:50:09] *** Joins: lameboy
[09:40:30] *** Quits: Sentry (Read error: Operation timed out)
[09:41:01] *** Quits: d3m3vilur (Read error: Operation timed out)
[09:48:34] *** Quits: KuKzz (Read error: Operation timed out)
[09:49:27] *** Joins: KuKzz
[10:01:56] *** Quits: phigcloud (Ping timeout: 493 seconds)
[10:03:49] *** Joins: phigcloud
[10:05:00] *** Quits: nohit (Ping timeout: 493 seconds)
[10:08:41] *** Quits: lex1 (Read error: Operation timed out)
[10:09:08] *** Joins: lex1
[10:09:54] *** Joins: nohit
[10:13:20] *** Joins: d3m3vilur
[10:14:01] *** Joins: Sentry
[10:19:04] *** Joins: fgsfds
[22:48:43] *** Quits: fgsfds (Ping timeout: 376 seconds)
[23:58:23] *** Joins: refs
