[03:34:36] *** Quits: fgsfds (Read error: Connection reset by peer)
[04:49:40] *** Quits: refs (Quit: refs)
[08:12:31] *** Quits: yls8bot (Read error: Operation timed out)
[08:13:26] *** Joins: yls8bot
[08:13:37] *** yellows8 sets mode: +o yls8bot
[10:22:45] *** Quits: |Shadow| ()
[10:23:12] *** Joins: |Shadow|
[11:13:09] *** Joins: fgsfds
[11:21:54] *** Joins: uyjulian_
[11:21:54] *** Quits: uyjulian (Read error: Connection reset by peer)
[11:21:59] *** uyjulian_ is now known as uyjulian
[11:27:50] *** Quits: |Shadow| (Ping timeout: 268 seconds)
[11:36:54] *** Joins: |Shadow|
[11:41:24] *** Quits: |Shadow| (Ping timeout: 268 seconds)
[11:49:52] *** Joins: |Shadow|
[12:03:47] *** Quits: |Shadow| (Remote host closed the connection)
[12:08:28] *** Joins: |Shadow|
[12:27:21] *** Joins: m4ts_
[12:28:06] *** Quits: m4ts (Ping timeout: 265 seconds)
[12:35:03] *** Quits: |Shadow| (Ping timeout: 268 seconds)
[12:37:36] *** Joins: |Shadow|
[13:25:37] *** Quits: |Shadow| (Ping timeout: 268 seconds)
[13:28:58] *** Joins: |Shadow|
[13:46:40] *** Joins: zini-
[13:46:41] *** Quits: zini (Read error: Connection reset by peer)
[13:56:45] *** Quits: |Shadow| (Remote host closed the connection)
[14:00:39] *** Joins: |Shadow|
[14:42:42] *** Quits: |Shadow| (Ping timeout: 268 seconds)
[14:45:48] *** Joins: |Shadow|
[14:50:43] *** Quits: |Shadow| (Ping timeout: 268 seconds)
[14:53:18] *** Joins: |Shadow|
[15:02:01] *** Quits: Shiz (Read error: Operation timed out)
[15:12:08] *** Joins: Shiz
[16:10:14] *** Quits: |Shadow| ()
[16:10:17] *** Joins: |Shadow|
[16:11:19] *** Quits: |Shadow| (Client Quit)
[16:11:23] *** Joins: |Shadow|
[16:39:52] *** Quits: |Shadow| (Ping timeout: 268 seconds)
[16:48:39] *** Joins: |Shadow|
[18:37:39] *** Quits: |Shadow| (Remote host closed the connection)
[18:42:15] *** Joins: |Shadow|
[19:27:04] *** Joins: n87
[20:56:24] *** Quits: |Shadow| (Ping timeout: 268 seconds)
[20:59:56] *** Joins: |Shadow|
[21:55:43] *** Joins: refs
[22:54:48] *** Quits: |Shadow| (Ping timeout: 268 seconds)
[22:58:10] *** Joins: |Shadow|
[23:34:16] *** Quits: |Shadow| (Ping timeout: 268 seconds)
[23:38:54] *** Joins: |Shadow|
[23:42:21] *** Quits: n87 (Read error: Connection reset by peer)
