[00:19:54] *** Quits: |Shadow| (Ping timeout: 268 seconds)
[00:23:04] *** Joins: |Shadow|
[00:31:51] *** Joins: m4ts
[00:32:51] *** Quits: |Shadow| (Ping timeout: 268 seconds)
[00:33:06] *** Quits: m4ts_ (Ping timeout: 265 seconds)
[00:39:38] *** Joins: |Shadow|
[01:56:45] *** Quits: |Shadow| (Remote host closed the connection)
[02:01:34] *** Joins: |Shadow|
[02:25:42] *** Quits: |Shadow| (Ping timeout: 268 seconds)
[02:28:16] *** Joins: |Shadow|
[02:52:16] *** Quits: flotwig (Quit: ZNC - http://znc.in)
[02:55:18] *** Joins: flotwig
[03:18:47] *** Quits: fgsfds (Read error: Connection reset by peer)
[03:26:20] *** Quits: refs (Quit: refs)
[03:47:15] *** Quits: |Shadow| (ny.us.hub irc.Prison.NET)
[03:47:46] *** Joins: |Shadow|
[04:06:13] *** Quits: |Shadow| (Ping timeout: 268 seconds)
[04:19:51] *** Joins: |Shadow|
[04:50:06] *** Quits: djorz (Gateway shutdown)
[05:15:54] *** Quits: |Shadow| (Ping timeout: 268 seconds)
[05:21:36] *** Joins: |Shadow|
[11:19:31] *** Joins: djorz
[11:44:58] *** Quits: |Shadow| ()
[11:46:59] *** Joins: fgsfds
[12:19:10] *** Quits: djorz (Read error: Operation timed out)
[12:38:23] *** Joins: |Shadow|
[12:57:33] *** Joins: djorz
[13:05:59] *** Joins: n87
[19:21:58] *** Quits: |Shadow| (Ping timeout: 268 seconds)
[19:24:21] *** Joins: |Shadow|
[21:27:26] *** Joins: refs
[22:10:45] *** Quits: n87 (Read error: Connection reset by peer)
