[02:29:44] *** Quits: fgsfds (Read error: Connection reset by peer)
[02:48:15] *** Quits: refs (Quit: refs)
[03:08:27] *** Quits: GerbilSof (Windows must now restart because the Remote Procedure Call (RPC) service terminated unexpectedly.)
[06:45:10] *** Joins: GerbilSof
[11:36:05] *** Quits: m4ts (Ping timeout: 265 seconds)
[12:06:15] *** Joins: fgsfds
[16:17:22] *** Joins: GerbilS4
[16:17:22] *** Quits: GerbilSof (Read error: Connection reset by peer)
[21:57:22] *** Quits: Maylay_ (Ping timeout: 252 seconds)
[21:59:04] *** Joins: Maylay
[22:00:34] *** Joins: refs
[22:58:16] *** Quits: Maylay (Ping timeout: 612 seconds)
[23:10:41] *** Joins: IShaDoWl
[23:11:29] *** Quits: IShaDoWl (Client Quit)
[23:18:01] *** Quits: flotwig (Quit: ZNC - http://znc.in)
[23:18:57] *** Joins: Maylay
[23:22:41] *** Joins: flotwig
[23:40:53] *** Quits: Maylay (Ping timeout: 268 seconds)
[23:52:42] *** Joins: Maylay
[23:52:43] *** Quits: Maylay (Remote host closed the connection!)
[23:53:03] *** Joins: Maylay
[23:59:48] *** Quits: fgsfds (Read error: Connection reset by peer)
