[00:42:12] *** Joins: Maylay_
[00:42:44] *** Quits: Maylay (Read error: Operation timed out)
[03:16:13] *** Quits: Maylay_ (Read error: Connection reset by peer)
[03:18:20] *** Joins: Maylay
[03:22:27] *** Quits: refs (Quit: refs)
[05:03:57] *** Quits: GerbilS4 (Quit: Windows must now restart because the Remote Procedure Call (RPC) service terminated unexpectedly.)
[05:20:21] *** Joins: GerbilSof
[06:20:54] *** Quits: Maylay (Read error: Operation timed out)
[06:40:18] *** Joins: Maylay
[06:51:19] *** Quits: GerbilSof (Ping timeout: 268 seconds)
[06:51:47] *** Joins: GerbilSof
[06:58:39] *** Quits: GerbilSof (Windows must now restart because the Remote Procedure Call (RPC) service terminated unexpectedly.)
[07:01:37] *** Joins: GerbilSof
[07:17:40] *** Joins: Maylay_
[07:17:40] *** Quits: Maylay (Read error: Connection reset by peer)
[07:50:36] *** Quits: Maylay_ (Ping timeout: 492 seconds)
[08:09:27] *** Joins: Maylay
[09:47:04] *** Quits: Maylay (Ping timeout: 268 seconds)
[10:00:00] *** Joins: flotwig_
[10:08:03] *** Quits: flotwig (Ping timeout: 745 seconds)
[10:08:03] *** flotwig_ is now known as flotwig
[10:43:51] *** Joins: Maylay
[12:03:37] *** Joins: fgsfds
[12:29:45] *** Quits: Maylay (Read error: Operation timed out)
[15:09:16] *** Quits: DacoTaco (Ping timeout: 492 seconds)
[15:22:10] *** Joins: DacoTaco
[21:40:07] *** Joins: refs
[22:11:23] *** Joins: int80
[23:49:40] *** Quits: int80 (Remote host closed the connection)
