[00:24:52] *** Quits: CCFL_Man (Ping timeout: 612 seconds)
[00:32:15] *** Joins: CCFL_Man
[01:22:06] *** Quits: fgsfds (Read error: Connection reset by peer)
[03:18:15] *** Joins: refs
[04:44:23] *** Quits: refs (Quit: refs)
[05:49:42] *** Joins: lameboy2
[05:54:25] *** Quits: lameboy (Ping timeout: 268 seconds)
[05:54:27] *** lameboy2 is now known as lameboy
[12:52:31] *** Quits: |Shadow| (Ping timeout: 268 seconds)
[12:55:02] *** Joins: |Shadow|
[13:59:56] *** Joins: fgsfds
[15:05:43] *** Quits: |Shadow| (Ping timeout: 268 seconds)
[15:08:57] *** Joins: |Shadow|
[15:49:30] *** Quits: |Shadow| (Ping timeout: 268 seconds)
[15:52:39] *** Joins: |Shadow|
[16:51:10] *** Quits: |Shadow| (Ping timeout: 268 seconds)
[17:10:18] *** Joins: |Shadow|
[17:54:14] *** Quits: zini- (Quit: -->)
[17:54:49] *** Joins: zini
[17:56:44] *** Quits: zini (Client Quit)
[17:58:17] *** Joins: zini
[18:23:10] *** Quits: balrog (Read error: Operation timed out)
[18:24:15] *** Joins: balrog
[19:05:48] *** Quits: balrog (Bye)
[19:11:28] *** Joins: balrog
[19:14:19] *** Joins: refs
[20:16:21] *** Quits: |Shadow| (Remote host closed the connection)
[20:20:23] *** Joins: |Shadow|
[21:37:55] *** Quits: |Shadow| (Ping timeout: 268 seconds)
[21:41:22] *** Joins: |Shadow|
[22:54:36] *** Joins: lameboy2
[22:56:33] *** Quits: |Shadow| (Ping timeout: 269 seconds)
[22:58:33] *** Quits: lameboy (Ping timeout: 268 seconds)
[22:58:34] *** lameboy2 is now known as lameboy
[23:09:38] *** Joins: |Shadow|
