[00:09:01] *** Quits: |Shadow| (Ping timeout: 268 seconds)
[00:12:31] *** Joins: |Shadow|
[02:08:43] *** Quits: |Shadow| (Remote host closed the connection)
[02:17:43] *** Joins: |Shadow|
[03:41:49] *** Quits: fgsfds (Read error: Connection reset by peer)
[03:54:06] *** Quits: |Shadow| (Ping timeout: 268 seconds)
[03:55:19] *** Joins: |Shadow|
[04:02:07] *** Quits: |Shadow| (Ping timeout: 268 seconds)
[04:05:01] *** Joins: |Shadow|
[04:25:58] *** Quits: refs (Quit: refs)
[05:49:39] *** Quits: |Shadow| (Remote host closed the connection)
[05:54:41] *** Joins: |Shadow|
[06:01:45] *** Quits: |Shadow| (Ping timeout: 268 seconds)
[06:04:22] *** Joins: |Shadow|
[06:15:19] *** Quits: |Shadow| (Ping timeout: 268 seconds)
[06:18:50] *** Joins: |Shadow|
[06:47:19] *** Quits: |Shadow| (Remote host closed the connection)
[06:52:21] *** Joins: |Shadow|
[07:01:34] *** Quits: |Shadow| (Ping timeout: 268 seconds)
[07:07:26] *** Joins: |Shadow|
[07:22:32] *** Quits: |Shadow| (Ping timeout: 268 seconds)
[07:23:21] *** Joins: |Shadow|
[07:28:05] *** Quits: |Shadow| (Ping timeout: 268 seconds)
[07:42:21] *** Joins: |Shadow|
[07:55:50] *** Quits: |Shadow| (Ping timeout: 268 seconds)
[07:58:11] *** Joins: |Shadow|
[08:04:00] *** Quits: balrog (Read error: Operation timed out)
[08:12:25] *** Joins: balrog
[08:18:02] *** Quits: |Shadow| (Ping timeout: 268 seconds)
[08:18:47] *** Joins: |Shadow|
[08:39:49] *** Quits: Surkow (Quit: 418 I'm a teapot - NOP NOP NOP)
[08:57:30] *** Quits: |Shadow| (Ping timeout: 268 seconds)
[09:05:15] *** Joins: |Shadow|
[09:40:40] *** Quits: |Shadow| (Ping timeout: 268 seconds)
[09:48:15] *** Joins: |Shadow|
[10:03:29] *** Quits: |Shadow| (Ping timeout: 268 seconds)
[10:06:03] *** Joins: |Shadow|
[10:41:06] *** Quits: |Shadow| (Ping timeout: 268 seconds)
[10:44:32] *** Joins: |Shadow|
[11:31:02] *** Quits: |Shadow| (Remote host closed the connection)
[11:36:05] *** Joins: |Shadow|
[11:49:10] *** Joins: fgsfds
[13:00:28] *** Quits: |Shadow| (Ping timeout: 268 seconds)
[13:03:40] *** Joins: |Shadow|
[13:09:07] *** Joins: refs
[13:19:35] *** Quits: |Shadow| (Ping timeout: 268 seconds)
[13:23:19] *** Joins: |Shadow|
[14:39:45] *** Quits: |Shadow| (Ping timeout: 268 seconds)
[14:42:51] *** Joins: |Shadow|
[16:38:20] *** Quits: |Shadow| (Remote host closed the connection)
[16:42:43] *** Joins: |Shadow|
[18:58:43] *** Joins: Surkow
[20:36:55] *** Quits: |Shadow| (Remote host closed the connection)
[20:46:53] *** Joins: |Shadow|
