[00:38:06] *** Quits: fgsfds (Ping timeout: 248 seconds)
[01:01:21] *** Quits: |Shadow| (Ping timeout: 268 seconds)
[01:04:34] *** Joins: |Shadow|
[03:22:34] *** Quits: |Shadow| (Ping timeout: 268 seconds)
[03:25:54] *** Joins: |Shadow|
[05:03:00] *** Quits: refs (Quit: refs)
[05:12:20] *** Quits: |Shadow| (Ping timeout: 268 seconds)
[05:15:36] *** Joins: |Shadow|
[05:41:19] *** Quits: |Shadow| (Ping timeout: 268 seconds)
[05:41:38] *** Joins: |Shadow|
[07:56:22] *** Quits: |Shadow| (Ping timeout: 268 seconds)
[08:00:03] *** Joins: |Shadow|
[08:47:33] *** Quits: |Shadow| (Ping timeout: 268 seconds)
[08:50:55] *** Joins: |Shadow|
[09:10:22] *** Quits: |Shadow| (Ping timeout: 268 seconds)
[09:12:50] *** Joins: |Shadow|
[09:17:46] *** Quits: |Shadow| (Ping timeout: 268 seconds)
[09:20:33] *** Joins: |Shadow|
[10:35:41] *** Joins: n87
[10:57:11] *** Quits: n87 (Quit: Leaving)
[11:07:32] *** Quits: |Shadow| (Ping timeout: 268 seconds)
[11:15:51] *** Joins: |Shadow|
[12:04:15] *** Joins: fgsfds
[12:25:42] *** Joins: m4ts
[13:48:34] *** Quits: Surkow (Quit: 418 I'm a teapot - NOP NOP NOP)
[15:18:15] *** Joins: Surkow
[18:40:10] *** Quits: |Shadow| (Ping timeout: 268 seconds)
[18:48:58] *** Joins: |Shadow|
[19:28:27] *** Joins: Snetry
[19:29:21] *** Quits: Sentry (Read error: Operation timed out)
[19:29:21] *** Snetry is now known as Sentry
[20:07:53] *** Quits: Sentry (Read error: Connection refused)
[20:07:55] *** Joins: Snetry
[20:08:23] *** Snetry is now known as Sentry
[20:15:03] *** Quits: Sentry (Read error: Operation timed out)
[20:21:04] *** Joins: Sentry
[20:31:46] *** Joins: Snetry
[20:32:24] *** Quits: |Shadow| (Ping timeout: 268 seconds)
[20:32:36] *** Quits: Sentry (Read error: Operation timed out)
[20:32:36] *** Snetry is now known as Sentry
[20:43:23] *** Quits: Sentry (Read error: Operation timed out)
[20:46:10] *** Joins: |Shadow|
[22:33:38] *** Joins: refs
