[00:26:07] *** Quits: |Shadow| (Ping timeout: 268 seconds)
[00:31:49] *** Joins: |Shadow|
[01:10:56] *** Quits: refs (Ping timeout: 186 seconds)
[01:25:13] *** Joins: refs
[02:09:43] *** Quits: |Shadow| (Ping timeout: 268 seconds)
[02:12:53] *** Joins: |Shadow|
[03:11:17] *** Quits: refs (Quit: refs)
[03:37:20] *** Quits: fgsfds (Read error: Connection reset by peer)
[03:51:54] *** Quits: |Shadow| (Remote host closed the connection)
[03:55:28] *** Joins: |Shadow|
[05:01:20] *** Quits: ris2z (Ping timeout: 186 seconds)
[05:11:11] *** Joins: ris2z
[05:33:20] *** Quits: ris2z (Ping timeout: 186 seconds)
[06:00:21] *** Quits: |Shadow| (Ping timeout: 268 seconds)
[06:05:03] *** Joins: ris2z
[06:05:04] *** Quits: ris2z (Excess Flood)
[06:06:17] *** Joins: |Shadow|
[06:27:15] *** Joins: ris2z
[06:29:16] *** Quits: |Shadow| (Remote host closed the connection)
[06:30:56] *** Quits: ris2z (Ping timeout: 186 seconds)
[06:32:53] *** Joins: |Shadow|
[06:38:18] *** Quits: |Shadow| (Remote host closed the connection)
[06:53:41] *** Joins: |Shadow|
[06:53:51] *** Joins: oreo639
[06:58:45] *** Joins: ris2z
[06:58:48] *** Quits: ris2z (Excess Flood)
[07:00:08] *** Joins: ris2z
[07:00:08] *** Quits: ris2z (Excess Flood)
[07:01:22] *** Joins: ris2z
[07:08:32] *** Quits: ris2z (Excess Flood)
[07:31:13] *** Joins: ris2z
[07:41:20] *** Quits: ris2z (Ping timeout: 186 seconds)
[08:59:53] *** Joins: ris2z
[09:46:17] *** Quits: oreo639 (Read error: Operation timed out)
[11:12:23] *** Quits: |Shadow| (Ping timeout: 268 seconds)
[11:15:45] *** Joins: |Shadow|
[12:27:37] *** Quits: |Shadow| (Ping timeout: 268 seconds)
[12:31:19] *** Joins: |Shadow|
[13:04:46] *** Joins: fgsfds
[13:54:34] *** Quits: |Shadow| (Ping timeout: 268 seconds)
[13:58:16] *** Joins: |Shadow|
[14:03:12] *** Quits: |Shadow| (Ping timeout: 268 seconds)
[14:05:57] *** Joins: |Shadow|
[17:31:42] *** Joins: Sentry
[17:40:35] *** Joins: Snetry
[17:45:49] *** Quits: Sentry (Read error: Connection refused)
[17:47:09] *** Quits: Snetry (Read error: Operation timed out)
[18:16:19] *** Joins: Sentry
[18:17:51] *** Quits: |Shadow| (Remote host closed the connection)
[18:21:58] *** Joins: |Shadow|
[18:23:18] *** Quits: Sentry (Read error: Operation timed out)
[18:23:21] *** Joins: Snetry
[18:23:49] *** Snetry is now known as Sentry
[18:34:11] *** Joins: oreo639
[18:40:42] *** Quits: |Shadow| (Ping timeout: 268 seconds)
[18:43:20] *** Joins: |Shadow|
[18:48:06] *** Quits: |Shadow| (Ping timeout: 268 seconds)
[19:07:39] *** Joins: |Shadow|
[19:58:56] *** Quits: Sentry (Read error: Operation timed out)
[20:01:06] *** Joins: Sentry
[20:57:41] *** Quits: oreo639 (Read error: Operation timed out)
[21:09:04] *** Joins: Guest6969
[21:13:24] *** Quits: Guest6969 (Quit: Quit)
[21:14:52] *** Joins: Guest6969
[21:21:42] *** Joins: Guest1234
[21:25:07] *** Quits: Guest6969 (Ping timeout: 612 seconds)
[21:51:04] *** Joins: refs
[22:56:00] *** Quits: |Shadow| (Ping timeout: 268 seconds)
[23:01:46] *** Joins: |Shadow|
[23:05:13] *** Quits: Guest1234 (Ping timeout: 612 seconds)
