[01:01:53] *** Joins: oreo639
[01:15:29] *** Quits: fgsfds (Read error: Connection reset by peer)
[01:44:21] *** Quits: |Shadow| (Ping timeout: 268 seconds)
[01:47:06] *** Joins: |Shadow|
[01:54:13] *** Quits: |Shadow| (Ping timeout: 268 seconds)
[01:56:42] *** Joins: |Shadow|
[02:20:07] *** Quits: |Shadow| (Ping timeout: 268 seconds)
[02:23:40] *** Joins: |Shadow|
[02:46:01] *** Quits: |Shadow| (Ping timeout: 268 seconds)
[02:46:19] *** Quits: refs (Quit: refs)
[02:53:37] *** Joins: |Shadow|
[02:54:02] *** Quits: oreo639 (Ping timeout: 268 seconds)
[03:04:31] *** Quits: |Shadow| (Ping timeout: 268 seconds)
[03:07:24] *** Joins: |Shadow|
[03:26:43] *** Quits: |Shadow| (Ping timeout: 268 seconds)
[03:29:09] *** Joins: |Shadow|
[03:34:26] *** Joins: oreo639
[03:52:00] *** Quits: oreo639 (Ping timeout: 265 seconds)
[04:52:35] *** Joins: oreo639
[04:54:34] *** Quits: |Shadow| ()
[04:55:05] *** Joins: |Shadow|
[05:07:57] *** Quits: averne (quit)
[05:10:30] *** Joins: averne
[05:10:30] *** Server sets mode: +stn 
[06:11:29] *** Quits: |Shadow| (Read error: Connection reset by peer)
[06:12:06] *** Joins: |Shadow|
[07:18:39] *** Quits: Sentry (Quit: left EFNet)
[07:19:40] *** Joins: Sentry
[09:40:56] *** Quits: oreo639 (Read error: Operation timed out)
[10:40:32] *** Quits: ris2z (Ping timeout: 186 seconds)
[11:25:34] *** Joins: ris2z
[11:25:36] *** Quits: ris2z (Excess Flood)
[11:27:33] *** Joins: ris2z
[11:35:28] *** Quits: ris2z (Ping timeout: 186 seconds)
[12:01:47] *** Joins: ris2z
[12:08:32] *** Quits: ris2z (Ping timeout: 186 seconds)
[12:41:02] *** Joins: ris2z
[12:41:08] *** Quits: ris2z (Excess Flood)
[12:43:17] *** Joins: ris2z
[12:50:08] *** Quits: ris2z (Ping timeout: 186 seconds)
[13:00:22] *** Joins: fgsfds
[13:23:10] *** Joins: ris2z
[13:28:32] *** Quits: ris2z (Ping timeout: 186 seconds)
[13:53:24] *** Joins: ris2z
[14:30:56] *** Quits: ris2z (Ping timeout: 186 seconds)
[15:26:26] *** Joins: ris2z
[18:45:45] *** Quits: flotwig (Quit: ZNC - http://znc.in)
[18:47:58] *** Joins: flotwig
[19:28:27] *** Quits: averne (quit)
[19:28:42] *** Joins: averne_
[19:28:42] *** Server sets mode: +stn 
[19:29:25] *** Quits: |Shadow| (Ping timeout: 268 seconds)
[19:30:02] *** Quits: averne (Read error: Operation timed out)
[19:30:02] *** averne_ is now known as averne
[19:31:28] *** Quits: d3m3vilur (Ping timeout: 493 seconds)
[19:31:51] *** Quits: nohit (Ping timeout: 493 seconds)
[19:32:14] *** Joins: d3m3vilur
[19:32:16] *** Joins: nohit
[19:41:17] *** Joins: |Shadow|
[19:46:33] *** Joins: oreo639
[21:02:07] *** Quits: oreo639 (Ping timeout: 612 seconds)
[22:13:39] *** Joins: refs
[23:05:20] *** Joins: derrek_
[23:07:28] *** Joins: Extrems`
[23:09:39] *** Joins: mid-kid2
[23:10:27] *** Joins: Phils3r_
[23:11:48] *** Quits: Phils3r (Ping timeout: 615 seconds)
[23:14:43] *** Quits: Extrems (Ping timeout: 745 seconds)
[23:14:43] *** Quits: mid-kid1 (Ping timeout: 745 seconds)
[23:14:43] *** Extrems` is now known as Extrems
[23:15:18] *** Quits: derrek (Ping timeout: 745 seconds)
[23:15:18] *** derrek_ is now known as derrek
[23:15:18] *** Quits: flagrama_ (Ping timeout: 1230 seconds)
[23:20:10] *** Quits: pieman (Read error: Connection timed out)
[23:20:11] *** Quits: Phils3r_ (Read error: Connection timed out)
[23:20:44] *** Joins: Phils3r
[23:22:30] *** Joins: pieman
[23:22:44] *** Joins: flagrama_
