[01:13:31] *** Quits: GerbilSof (Read error: Connection reset by peer)
[01:18:30] *** Joins: GerbilSof
[01:24:15] *** Quits: fgsfds (Read error: Connection reset by peer)
[01:44:32] *** Joins: oreo639
[02:47:24] *** Quits: refs (Quit: refs)
[02:49:17] *** Quits: d3m3vilur (Read error: Operation timed out)
[02:51:53] *** Joins: d3m3vilur
[02:58:26] *** Quits: flagrama_ (Ping timeout: 493 seconds)
[02:59:36] *** Joins: flagrama_
[03:34:08] *** Quits: oreo639 (Read error: Operation timed out)
[03:54:22] *** Joins: oreo639
[05:49:44] *** Joins: oreo639_
[05:54:18] *** Quits: zombie343 (Ping timeout: 745 seconds)
[05:54:53] *** Quits: oreo639 (Ping timeout: 745 seconds)
[05:54:58] *** Joins: zombie343
[05:59:12] *** Joins: ihaveamac
[06:07:04] *** Quits: balrog (Read error: Operation timed out)
[06:13:06] *** Joins: balrog
[11:39:29] *** Joins: fgsfds
[12:13:25] *** Quits: oreo639_ (Read error: Operation timed out)
[17:26:58] *** Quits: sh0e- (Quit: Bye.)
[17:31:31] *** Joins: sh0e
[18:06:39] *** Joins: oreo639
[21:20:16] *** Quits: oreo639 (Ping timeout: 252 seconds)
[22:08:40] *** Joins: refs
