[01:00:57] *** Joins: oreo639
[02:48:53] *** Quits: refs (Quit: refs)
[03:43:39] *** Quits: oreo639 (Read error: Operation timed out)
[04:03:17] *** Joins: oreo639
[05:58:52] *** Quits: oreo639 (Read error: Operation timed out)
[06:37:13] *** Quits: fgsfds (Read error: Connection reset by peer)
[08:32:44] *** Joins: oreo639
[10:05:59] *** Quits: oreo639 (Read error: Operation timed out)
[12:03:23] *** Joins: omlet05
[12:03:24] *** Quits: omlet05 (Read error: Connection reset by peer)
[12:41:44] *** Joins: fgsfds
[18:17:40] *** Joins: figgis_
[18:21:19] *** Quits: fgsfds (Ping timeout: 376 seconds)
[18:23:39] *** Joins: figgis__
[18:27:23] *** Quits: figgis_ (Ping timeout: 376 seconds)
[18:28:40] *** Joins: figgis_
[18:32:31] *** Quits: figgis__ (Ping timeout: 376 seconds)
[19:38:41] *** Joins: n87
[20:08:14] *** Joins: oreo639
[23:04:14] *** Quits: oreo639 (Ping timeout: 492 seconds)
[23:07:59] *** Quits: n87 (Read error: Connection reset by peer)
[23:10:17] *** Joins: oreo639
