[01:21:14] *** Quits: figgis_ (Read error: Connection reset by peer)
[03:06:18] *** Quits: oreo639 (Ping timeout: 252 seconds)
[03:19:22] *** Joins: oreo639
[04:02:49] *** Quits: oreo639 (Ping timeout: 612 seconds)
[04:44:12] *** Joins: oreo639
[05:17:37] *** Quits: oreo639 (Read error: Operation timed out)
[06:12:15] *** Quits: |Shadow| ()
[07:17:59] *** Joins: oreo639
[09:15:28] *** Quits: oreo639 (Ping timeout: 745 seconds)
[10:04:16] *** Joins: n87
[12:35:52] *** Joins: fgsfds
[14:19:52] *** Joins: |Shadow|
[16:28:48] *** Quits: n87 (Read error: Connection reset by peer)
[16:38:01] *** Joins: oreo639
[18:00:46] *** Joins: refs
[18:18:52] *** Quits: d3m3vilur (Read error: Operation timed out)
[18:19:55] *** Quits: nohit (Read error: Operation timed out)
[18:20:51] *** Joins: d3m3vilur
[18:21:01] *** Joins: nohit
[18:32:38] *** Quits: d3m3vilur (Read error: Operation timed out)
[18:33:39] *** Joins: d3m3vilur
[18:34:31] *** Quits: flagrama_ (Ping timeout: 493 seconds)
[18:35:18] *** Joins: flagrama_
[18:36:43] *** Quits: lex1 (Read error: Operation timed out)
[18:37:12] *** Joins: lex1
[18:38:21] *** Quits: pieman (Ping timeout: 493 seconds)
[18:44:05] *** Joins: pieman
[21:24:48] *** Quits: ris2z (Ping timeout: 186 seconds)
[22:14:56] *** Joins: ris2z
[22:14:57] *** Quits: ris2z (Excess Flood)
[22:17:17] *** Joins: n87
[22:18:50] *** Joins: ris2z
[22:18:50] *** Quits: ris2z (Excess Flood)
[22:20:39] *** Joins: ris2z
[22:20:39] *** Quits: ris2z (Excess Flood)
[22:22:07] *** Joins: ris2z
[22:22:08] *** Quits: ris2z (Excess Flood)
[22:23:41] *** Joins: ris2z
[22:23:41] *** Quits: ris2z (Excess Flood)
[22:25:03] *** Joins: ris2z
[22:25:04] *** Quits: ris2z (Excess Flood)
[22:27:49] *** Joins: ris2z
[22:27:50] *** Quits: ris2z (Excess Flood)
[22:30:10] *** Joins: ris2z
[22:30:11] *** Quits: ris2z (Excess Flood)
[22:31:29] *** Joins: ris2z
[22:31:29] *** Quits: ris2z (Excess Flood)
[22:32:36] *** Joins: ris2z
[22:32:37] *** Quits: ris2z (Excess Flood)
[22:33:55] *** Joins: ris2z
[22:33:55] *** Quits: ris2z (Excess Flood)
[22:35:13] *** Joins: ris2z
[22:35:14] *** Quits: ris2z (Excess Flood)
[22:36:27] *** Joins: ris2z
[22:36:27] *** Quits: ris2z (Excess Flood)
[22:37:49] *** Joins: ris2z
[22:37:50] *** Quits: ris2z (Excess Flood)
[22:38:58] *** Joins: ris2z
[22:38:58] *** Quits: ris2z (Excess Flood)
[22:40:10] *** Joins: ris2z
[22:40:10] *** Quits: ris2z (Excess Flood)
[22:42:31] *** Joins: ris2z
[22:42:31] *** Quits: ris2z (Excess Flood)
[22:45:03] *** Joins: ris2z
[22:45:03] *** Quits: ris2z (Excess Flood)
[22:47:28] *** Joins: ris2z
[22:47:29] *** Quits: ris2z (Excess Flood)
[22:48:48] *** Joins: ris2z
[22:48:48] *** Quits: ris2z (Excess Flood)
[22:50:00] *** Joins: ris2z
[22:50:01] *** Quits: ris2z (Excess Flood)
[22:52:41] *** Joins: ris2z
[22:52:41] *** Quits: ris2z (Excess Flood)
[22:55:12] *** Joins: ris2z
[22:55:12] *** Quits: ris2z (Excess Flood)
[22:56:31] *** Joins: ris2z
[22:56:31] *** Quits: ris2z (Excess Flood)
[22:57:49] *** Joins: ris2z
[22:57:50] *** Quits: ris2z (Excess Flood)
[23:00:14] *** Joins: ris2z
[23:00:15] *** Quits: ris2z (Excess Flood)
[23:01:28] *** Joins: ris2z
[23:01:28] *** Quits: ris2z (Excess Flood)
[23:02:42] *** Joins: ris2z
[23:02:42] *** Quits: ris2z (Excess Flood)
[23:03:55] *** Joins: ris2z
[23:03:55] *** Quits: ris2z (Excess Flood)
[23:05:07] *** Joins: ris2z
[23:05:07] *** Quits: ris2z (Excess Flood)
[23:07:43] *** Joins: ris2z
[23:07:44] *** Quits: ris2z (Excess Flood)
[23:10:24] *** Joins: ris2z
[23:10:25] *** Quits: ris2z (Excess Flood)
[23:12:45] *** Joins: ris2z
[23:12:46] *** Quits: ris2z (Excess Flood)
[23:15:06] *** Joins: ris2z
[23:15:07] *** Quits: ris2z (Excess Flood)
[23:16:35] *** Joins: ris2z
[23:16:35] *** Quits: ris2z (Excess Flood)
[23:17:47] *** Joins: ris2z
[23:17:48] *** Quits: ris2z (Excess Flood)
[23:20:23] *** Joins: ris2z
[23:20:24] *** Quits: ris2z (Excess Flood)
[23:22:54] *** Joins: ris2z
[23:22:55] *** Quits: ris2z (Excess Flood)
[23:24:13] *** Joins: ris2z
[23:24:13] *** Quits: ris2z (Excess Flood)
[23:25:26] *** Joins: ris2z
[23:25:26] *** Quits: ris2z (Excess Flood)
[23:27:51] *** Joins: ris2z
[23:27:52] *** Quits: ris2z (Excess Flood)
[23:30:28] *** Joins: ris2z
[23:30:29] *** Quits: ris2z (Excess Flood)
[23:31:47] *** Joins: ris2z
[23:31:47] *** Quits: ris2z (Excess Flood)
[23:32:59] *** Joins: ris2z
[23:32:59] *** Quits: ris2z (Excess Flood)
[23:35:25] *** Joins: ris2z
[23:35:26] *** Quits: ris2z (Excess Flood)
[23:38:01] *** Joins: ris2z
[23:38:02] *** Quits: ris2z (Excess Flood)
[23:40:38] *** Joins: ris2z
