[00:27:38] *** Quits: n87 (Read error: Connection reset by peer)
[00:35:02] *** Quits: oreo639 (Read error: Operation timed out)
[01:13:20] *** Joins: oreo639
[02:25:52] *** Quits: fgsfds (Read error: Connection reset by peer)
[04:58:53] *** Quits: Behemoth (Read error: Operation timed out)
[04:58:54] *** Joins: Behemoth
[05:09:00] *** Quits: refs (Quit: refs)
[05:49:32] *** Quits: oreo639 (Read error: Operation timed out)
[06:12:44] *** Joins: oreo639
[07:46:42] *** Quits: oreo639 (Read error: Operation timed out)
[08:23:42] *** Joins: oreo639
[09:26:54] *** Joins: lameboy2
[09:27:19] *** Quits: lameboy (Ping timeout: 265 seconds)
[09:27:20] *** lameboy2 is now known as lameboy
[09:56:15] *** Quits: oreo639 (Read error: Operation timed out)
[12:16:55] *** Joins: fgsfds
[13:12:42] *** Joins: refs
[13:45:17] *** Joins: mtheall
[13:46:54] *** Joins: GeekShad1
[13:47:25] *** Joins: flotwig_
[13:51:42] *** Quits: Phils3r (se.hub efnet.port80.se)
[13:51:42] *** Quits: mid-kid2 (se.hub efnet.port80.se)
[13:51:42] *** Quits: flotwig (se.hub efnet.port80.se)
[13:51:42] *** Quits: zini (se.hub efnet.port80.se)
[13:51:42] *** Quits: GeekShado (se.hub efnet.port80.se)
[13:51:42] *** Quits: Whovian93 (se.hub efnet.port80.se)
[13:51:42] *** Quits: hexkyz (se.hub efnet.port80.se)
[13:51:42] *** Quits: Normmatt (se.hub efnet.port80.se)
[13:51:42] *** Quits: dibas (se.hub efnet.port80.se)
[13:51:42] *** Quits: mtheall_ (se.hub efnet.port80.se)
[13:56:09] *** Joins: Normmatt_
[14:07:10] *** Normmatt_ is now known as Normmatt
[14:07:25] *** flotwig_ is now known as flotwig
[14:23:14] *** Joins: mid-kid2
[14:23:14] *** Joins: Whovian93
[14:23:14] *** Joins: dibas
[14:23:14] *** Joins: Phils3r
[14:23:14] *** Joins: zini
[14:23:14] *** Joins: hexkyz
[14:25:04] *** Quits: mid-kid2 (se.hub efnet.port80.se)
[14:25:04] *** Quits: Whovian93 (se.hub efnet.port80.se)
[14:25:04] *** Quits: dibas (se.hub efnet.port80.se)
[14:25:04] *** Quits: Phils3r (se.hub efnet.port80.se)
[14:25:04] *** Quits: zini (se.hub efnet.port80.se)
[14:25:04] *** Quits: hexkyz (se.hub efnet.port80.se)
[14:38:27] *** Joins: mid-kid2
[14:38:27] *** Joins: Whovian93
[14:38:27] *** Joins: dibas
[14:38:27] *** Joins: Phils3r
[14:38:27] *** Joins: zini
[14:38:27] *** Joins: hexkyz
[15:10:06] *** Quits: mid-kid2 (se.hub efnet.port80.se)
[15:10:06] *** Quits: Whovian93 (se.hub efnet.port80.se)
[15:10:06] *** Quits: dibas (se.hub efnet.port80.se)
[15:10:06] *** Quits: Phils3r (se.hub efnet.port80.se)
[15:10:06] *** Quits: zini (se.hub efnet.port80.se)
[15:10:06] *** Quits: hexkyz (se.hub efnet.port80.se)
[15:26:42] *** Joins: Whovian93
[15:26:42] *** Joins: hexkyz
[15:26:42] *** Joins: mid-kid2
[15:26:42] *** Joins: zini
[15:26:42] *** Joins: dibas
[15:29:34] *** Joins: Phils3r
[17:45:05] *** Joins: n87
[18:05:48] *** Quits: Phils3r (se.hub efnet.port80.se)
[18:05:48] *** Quits: Whovian93 (se.hub efnet.port80.se)
[18:05:48] *** Quits: hexkyz (se.hub efnet.port80.se)
[18:05:48] *** Quits: mid-kid2 (se.hub efnet.port80.se)
[18:05:48] *** Quits: zini (se.hub efnet.port80.se)
[18:05:48] *** Quits: dibas (se.hub efnet.port80.se)
[18:26:54] *** Joins: Whovian93
[18:26:54] *** Joins: mid-kid2
[18:26:54] *** Joins: hexkyz
[18:26:54] *** Joins: dibas
[18:26:54] *** Joins: zini
[18:26:54] *** Joins: Phils3r
[19:58:21] *** Joins: oreo639
[21:05:44] *** Quits: mid-kid2 (Read error: Connection reset by peer)
[21:05:44] *** Quits: Phils3r (Write error: Connection reset by peer)
[21:05:44] *** Joins: dibas_
[21:05:44] *** Joins: zini-
[21:05:44] *** Joins: mid-kid2
[21:05:50] *** Joins: Phils3r
[21:07:03] *** Joins: Whovian9-
[21:08:33] *** Quits: Whovian93 (Ping timeout: 726 seconds)
[21:08:33] *** Quits: dibas (Ping timeout: 726 seconds)
[21:08:33] *** Quits: zini (Ping timeout: 726 seconds)
[21:08:33] *** dibas_ is now known as dibas
[21:11:22] *** Quits: n87 (Read error: Connection reset by peer)
[21:18:28] *** Quits: hexkyz (Ping timeout: 745 seconds)
[21:18:46] *** Joins: hexkyz
[21:37:56] *** Quits: oreo639 (Ping timeout: 252 seconds)
[23:29:56] *** Joins: eggster
[23:35:21] *** Quits: eggy (Ping timeout: 492 seconds)
[23:35:21] *** Quits: oldtopman (Ping timeout: 492 seconds)
[23:36:58] *** Joins: oldtopman
[23:44:45] *** Quits: Surkow (Remote host closed the connection)
[23:46:17] *** Joins: Surkow
