[00:15:01] *** Quits: Phils3r (Quit: ZNC - https://znc.in)
[00:15:09] *** Joins: Phils3r
[02:31:12] *** Quits: fgsfds (Quit: Leaving)
[03:00:15] *** Quits: Phils3r (se.hub efnet.port80.se)
[03:00:15] *** Quits: hexkyz (se.hub efnet.port80.se)
[03:00:15] *** Quits: Whovian9- (se.hub efnet.port80.se)
[03:00:15] *** Quits: mid-kid2 (se.hub efnet.port80.se)
[03:00:15] *** Quits: dibas (se.hub efnet.port80.se)
[03:00:15] *** Quits: zini- (se.hub efnet.port80.se)
[03:26:22] *** Joins: Whovian93
[03:26:22] *** Joins: zini
[03:26:22] *** Joins: dibas
[03:26:22] *** Joins: hexkyz
[03:26:22] *** Joins: Phils3r
[03:28:38] *** Joins: mid-kid2
[04:46:55] *** Quits: refs (Quit: refs)
[11:08:36] *** Joins: n87
[12:25:51] *** Quits: mid-kid2 (se.hub efnet.port80.se)
[12:25:51] *** Quits: Whovian93 (se.hub efnet.port80.se)
[12:25:51] *** Quits: zini (se.hub efnet.port80.se)
[12:25:51] *** Quits: dibas (se.hub efnet.port80.se)
[12:25:51] *** Quits: hexkyz (se.hub efnet.port80.se)
[12:25:51] *** Quits: Phils3r (se.hub efnet.port80.se)
[12:28:25] *** Quits: m4ts (Ping timeout: 265 seconds)
[12:29:51] *** Joins: m4ts
[12:46:37] *** Joins: fgsfds
[12:54:10] *** Joins: mid-kid2
[12:54:10] *** Joins: Phils3r
[12:54:10] *** Joins: Whovian93
[12:54:10] *** Joins: zini
[12:54:10] *** Joins: hexkyz
[12:54:10] *** Joins: dibas
[20:45:37] *** Quits: n87 (Read error: Connection reset by peer)
[22:07:39] *** Joins: refs
