[01:05:12] <yls8bot> https://yls8.mtheall.com/ninupdates/reports.php?date=2022-03-22_00-05-06&sys=hac 
[01:07:22] <yls8bot> Update-details for the following hac report is now available/updated: https://yls8.mtheall.com/ninupdates/reports.php?date=2022-03-22_00-05-06&sys=hac 
[01:15:12] <yls8bot> https://yls8.mtheall.com/ninupdates/reports.php?date=2022-03-22_00-15-05&sys=hac 
[01:17:07] <yls8bot> Update-details for the following hac report is now available/updated: https://yls8.mtheall.com/ninupdates/reports.php?date=2022-03-22_00-15-05&sys=hac 
[01:19:17] <yls8bot> Sysmodule SwIPC-generation .info files for the following hac report is now available/updated: https://yls8.mtheall.com/ninupdates/reports.php?date=2022-03-22_00-05-06&sys=hac 
[01:30:33] *** Quits: mtheall (se.hub ny.us.hub)
[01:30:33] *** Quits: Behemoth (se.hub ny.us.hub)
[01:30:33] *** Quits: |Shadow| (se.hub ny.us.hub)
[01:30:33] *** Quits: djorz (se.hub ny.us.hub)
[01:30:33] *** Quits: uyjulian (se.hub ny.us.hub)
[01:30:33] *** Quits: KuKzz (se.hub ny.us.hub)
[01:30:33] *** Quits: nich (se.hub ny.us.hub)
[01:30:33] *** Quits: j0hny5 (se.hub ny.us.hub)
[01:30:33] *** Quits: tpw_rules (se.hub ny.us.hub)
[01:30:33] *** Quits: Surkow (se.hub ny.us.hub)
[01:30:33] *** Quits: sh0e (se.hub ny.us.hub)
[01:30:33] *** Quits: balrog (se.hub ny.us.hub)
[01:30:33] *** Quits: GerbilSof (se.hub ny.us.hub)
[01:30:33] *** Quits: yls8bot (se.hub ny.us.hub)
[01:30:33] *** Quits: Lightswor (se.hub ny.us.hub)
[01:30:33] *** Quits: klock (se.hub ny.us.hub)
[01:30:33] *** Quits: freundTec (se.hub ny.us.hub)
[01:30:33] *** Quits: TurtleP (se.hub ny.us.hub)
[01:30:33] *** Quits: yellows8 (se.hub ny.us.hub)
[01:30:33] *** Quits: Kyouju (se.hub ny.us.hub)
[01:30:33] *** Quits: Jdbye (se.hub ny.us.hub)
[01:30:33] *** Quits: GeekShad1 (se.hub ny.us.hub)
[01:30:33] *** Quits: Genolo (se.hub ny.us.hub)
[01:30:33] *** Quits: fincs (se.hub ny.us.hub)
[01:30:33] *** Quits: WntrMute (se.hub ny.us.hub)
[01:30:33] *** Quits: Cu3PO42 (se.hub ny.us.hub)
[01:32:22] *** Joins: Surkow
[01:32:22] *** Joins: GeekShad1
[01:32:22] *** Joins: mtheall
[01:32:22] *** Joins: Behemoth
[01:32:22] *** Joins: |Shadow|
[01:32:22] *** Joins: sh0e
[01:32:22] *** Joins: balrog
[01:32:22] *** Joins: GerbilSof
[01:32:22] *** Joins: djorz
[01:32:22] *** Joins: uyjulian
[01:32:22] *** Joins: yls8bot
[01:32:22] *** Joins: Lightswor
[01:32:22] *** Joins: KuKzz
[01:32:22] *** Joins: Genolo
[01:32:22] *** Joins: fincs
[01:32:22] *** Joins: WntrMute
[01:32:22] *** Joins: tpw_rules
[01:32:22] *** Joins: nich
[01:32:22] *** Joins: j0hny5
[01:32:22] *** Joins: Cu3PO42
[01:32:22] *** Joins: klock
[01:32:22] *** Joins: Jdbye
[01:32:22] *** Joins: Kyouju
[01:32:22] *** Joins: yellows8
[01:32:22] *** ny.us.hub sets mode: +oooo yls8bot fincs WntrMute yellows8
[01:32:22] *** Joins: TurtleP
[01:32:22] *** Joins: freundTec
[02:22:55] *** Quits: fgsfds (Read error: Connection reset by peer)
[02:49:30] *** Quits: refs (Quit: refs)
[05:18:27] *** Quits: Extrems (Remote host closed the connection)
[05:19:46] *** Joins: Extrems
[08:26:07] *** Quits: nrq (Ping timeout: 265 seconds)
[08:33:57] *** Quits: Extrems (Remote host closed the connection)
[08:35:21] *** Joins: Extrems
[08:37:48] *** Joins: nrq
[11:33:02] *** Quits: d3m3vilur (Read error: Operation timed out)
[11:33:06] *** Joins: d3m3vilur
[11:43:22] *** Quits: nohit (Ping timeout: 493 seconds)
[11:51:22] *** Joins: nohit
[12:20:17] *** Joins: fgsfds
[14:28:57] *** Quits: Extrems (Remote host closed the connection)
[14:30:52] *** Joins: Extrems
[18:58:17] *** Quits: Extrems (Remote host closed the connection)
[18:59:31] *** Joins: Extrems
[20:09:46] *** Quits: Extrems (Read error: Connection reset by peer)
[20:09:47] *** Joins: Extrems
[21:24:50] *** Quits: Extrems (Remote host closed the connection)
[21:26:02] *** Joins: Extrems
[21:43:04] *** Joins: Extrems`
[21:43:10] *** Quits: Extrems (Read error: Connection reset by peer)
[21:43:23] *** Extrems` is now known as Extrems
[22:12:50] *** Joins: refs
