[01:04:24] *** Quits: Extrems (Remote host closed the connection)
[01:05:39] *** Joins: Extrems
[01:11:24] *** Quits: fgsfds (Read error: Connection reset by peer)
[01:23:58] *** Quits: DacoTaco (Ping timeout: 252 seconds)
[01:43:28] *** Joins: DacoTaco
[02:03:12] *** Quits: DacoTaco (Ping timeout: 252 seconds)
[02:18:56] *** Joins: DacoTaco
[02:23:51] *** Quits: DacoTaco (Ping timeout: 268 seconds)
[02:25:16] *** Joins: DacoTaco
[02:48:26] *** Quits: refs (Quit: refs)
[04:03:12] *** Quits: Sentry (Read error: Operation timed out)
[04:10:27] *** Quits: nohit (Ping timeout: 493 seconds)
[04:12:22] *** Joins: nohit
[04:15:49] *** Quits: d3m3vilur (Ping timeout: 493 seconds)
[04:19:54] *** Joins: d3m3vilur
[04:23:29] *** Quits: nohit (Ping timeout: 493 seconds)
[04:24:05] *** Joins: Sentry
[04:26:40] *** Joins: nohit
[04:27:18] *** Joins: mtheall_
[04:28:25] *** Quits: mtheall (Ping timeout: 269 seconds)
[04:28:28] *** Quits: Behemoth (Ping timeout: 268 seconds)
[04:29:45] *** Quits: |Shadow| (Ping timeout: 268 seconds)
[04:34:11] *** Joins: eggy
[04:35:13] *** Joins: Behemoth
[04:36:08] *** Quits: nohit (Ping timeout: 493 seconds)
[04:36:08] *** Quits: d3m3vilur (Ping timeout: 493 seconds)
[04:36:56] *** Joins: d3m3vilur
[04:44:55] *** Quits: eggster (Read error: Operation timed out)
[04:51:19] *** Quits: Sentry (Read error: Connection reset by peer)
[04:55:18] *** Quits: d3m3vilur (Ping timeout: 493 seconds)
[05:01:13] *** Joins: nohit
[05:06:26] *** Joins: d3m3vilur
[05:10:03] *** Joins: |Shadow|
[05:14:05] *** Quits: nohit (Ping timeout: 493 seconds)
[05:15:37] *** Quits: d3m3vilur (Ping timeout: 493 seconds)
[05:31:41] *** Joins: nohit
[05:32:32] *** Joins: Sentry
[05:33:20] *** Joins: d3m3vilur
[08:20:22] *** Quits: |Shadow| ()
[08:20:29] *** Joins: |Shadow|
[10:55:01] *** Joins: Extrems`
[10:55:01] *** Quits: Extrems (Read error: Connection reset by peer)
[10:55:19] *** Extrems` is now known as Extrems
[12:09:40] *** Joins: fgsfds
[16:18:20] *** Quits: lameboy (se.hub efnet.deic.eu)
[16:18:20] *** Quits: lemmy (se.hub efnet.deic.eu)
[16:18:20] *** Quits: jsa_ (se.hub efnet.deic.eu)
[16:19:52] *** Joins: lameboy
[16:19:52] *** Joins: lemmy
[16:19:52] *** Joins: jsa_
[21:05:32] *** Quits: zini (Quit: -->)
[21:06:15] *** Joins: zini
[21:33:20] *** Quits: ris2z (Ping timeout: 186 seconds)
[21:53:56] *** Joins: ris2z
[21:53:57] *** Quits: ris2z (Excess Flood)
[21:56:15] *** Joins: ris2z
[22:18:05] *** Joins: refs
