[00:32:53] *** Quits: hexkyz (Ping timeout: 745 seconds)
[00:35:42] *** Joins: hexkyz
[00:40:57] *** Quits: fgsfds (Read error: Connection reset by peer)
[03:00:48] *** Quits: zombie343 ()
[03:07:47] *** Quits: refs (Quit: refs)
[03:46:41] *** Joins: zombie343
[04:06:19] *** Quits: Extrems (Remote host closed the connection)
[04:07:41] *** Joins: Extrems
[04:31:02] *** Quits: Extrems (Remote host closed the connection)
[04:32:20] *** Joins: Extrems
[07:22:23] *** Joins: oreo639
[07:28:02] *** Joins: oreo639_
[07:30:54] *** Quits: oreo639 (Ping timeout: 492 seconds)
[08:14:35] *** Quits: lameboy (Read error: Connection reset by peer)
[08:14:58] *** Joins: lameboy
[08:56:00] *** Quits: oreo639_ (Read error: Operation timed out)
[11:54:49] *** Joins: fgsfds
[12:30:43] *** Quits: zombie343 (Ping timeout: 268 seconds)
[12:31:44] *** Joins: zombie343
[12:31:47] *** Quits: |Shadow| (Read error: Operation timed out)
[12:41:06] *** Joins: |Shadow|
[13:03:29] *** Quits: Extrems (Remote host closed the connection)
[13:04:49] *** Joins: Extrems
[15:38:56] *** Joins: n87
[17:02:05] *** Joins: oreo639
[19:16:59] *** Quits: oreo639 (Ping timeout: 492 seconds)
[19:37:56] *** Joins: rajkosto
[19:39:13] *** Quits: Extrems (Remote host closed the connection)
[19:42:35] *** Joins: Extrems
[19:54:53] *** Joins: oreo639
[20:21:19] *** Quits: Extrems (Remote host closed the connection)
[20:22:38] *** Joins: Extrems
[20:44:54] *** Quits: Extrems (Remote host closed the connection)
[20:46:38] *** Joins: Extrems
[21:43:33] *** Joins: refs
[23:17:17] *** Quits: n87 (Read error: Connection reset by peer)
