[00:06:34] *** Quits: rajkosto (Read error: Operation timed out)
[01:35:43] *** Quits: oreo639 (Ping timeout: 612 seconds)
[02:08:10] *** Joins: figgis_
[02:09:23] *** Quits: figgis_ (Read error: Connection reset by peer)
[02:10:11] *** Quits: fgsfds (Ping timeout: 376 seconds)
[02:31:05] *** Quits: refs (Quit: refs)
[02:48:37] *** Joins: oreo639
[07:46:51] *** Quits: zombie343 (Read error: Operation timed out)
[07:47:26] *** Joins: zombie343
[09:31:35] *** Quits: lex1 (Read error: Operation timed out)
[09:36:16] *** Joins: lex1
[09:58:55] *** Joins: fgsfds
[10:26:36] *** Quits: Extrems (Remote host closed the connection)
[10:27:53] *** Joins: Extrems
[10:35:14] *** Quits: oreo639 (Ping timeout: 252 seconds)
[12:22:25] *** Joins: n87
[12:24:12] *** Quits: Extrems (Remote host closed the connection)
[12:25:21] *** Joins: Extrems
[16:59:49] *** Joins: oreo639
[18:17:53] *** Joins: Extrems`
[18:21:57] *** Quits: Extrems (Read error: Operation timed out)
[18:21:57] *** Extrems` is now known as Extrems
[19:59:01] *** Quits: n87 (Read error: Connection reset by peer)
[20:45:59] *** Joins: jn
