[00:09:05] *** Joins: oreo639
[00:57:04] *** Quits: fgsfds (Quit: Leaving)
[08:28:51] *** Joins: m4ts_
[08:31:14] *** Quits: m4ts (Ping timeout: 265 seconds)
[10:17:34] *** Quits: oreo639 (Ping timeout: 265 seconds)
[12:11:38] *** Joins: n87
[12:19:21] *** Joins: fgsfds
[14:00:58] *** Joins: refs
[14:25:56] *** Joins: jn_
[14:28:10] *** Quits: |Shadow| (Ping timeout: 268 seconds)
[14:29:28] *** Quits: jn (Ping timeout: 615 seconds)
[14:31:37] *** Joins: |Shadow|
[14:52:37] *** Quits: n87 (Read error: Connection reset by peer)
[14:56:28] *** Joins: n87
[15:27:03] *** Quits: Stary (Quit: ZNC - http://znc.in)
[15:32:56] *** Joins: Stary
[16:02:40] *** Quits: fgsfds (Read error: Connection reset by peer)
[16:04:08] *** Joins: fgsfds
[19:24:23] *** Joins: oreo639
[23:07:13] *** Quits: n87 (Quit: Leaving)
[23:13:34] *** Quits: oreo639 (Read error: Operation timed out)
[23:13:52] *** Joins: oreo639
