[02:56:21] *** Quits: fgsfds (Read error: Connection reset by peer)
[04:51:55] *** Quits: refs (Quit: refs)
[06:53:53] *** Quits: ihaveamac (Quit: fail)
[06:55:36] *** Joins: ihaveamac
[12:30:22] *** Quits: oreo639 (Ping timeout: 612 seconds)
[13:14:50] *** Joins: fgsfds
[13:27:00] *** Joins: m4ts
[13:27:51] *** Quits: m4ts_ (Ping timeout: 265 seconds)
[13:31:47] *** Joins: n87
[14:16:27] *** Quits: n87 (Quit: Leaving)
[15:05:32] *** Joins: IShaDoWl
[15:05:58] *** Quits: IShaDoWl (Client Quit)
[15:11:52] *** Joins: figgis_
[15:13:19] *** Quits: fgsfds (Ping timeout: 248 seconds)
[18:21:20] *** Joins: fgsfds
[18:22:36] *** Joins: TAL_
[18:22:39] *** Quits: TAL_ (Handshake flooding)
[18:23:28] *** Joins: eggster
[18:25:24] *** Joins: TAL_
[18:25:29] *** Quits: TAL_ (Handshake flooding)
[18:25:30] *** Quits: phigcloud (Ping timeout: 265 seconds)
[18:25:30] *** Quits: figgis_ (Ping timeout: 265 seconds)
[18:25:30] *** Quits: m4ts (Ping timeout: 265 seconds)
[18:25:30] *** Quits: eggy (Ping timeout: 265 seconds)
[18:25:30] *** Quits: oldtopman (Ping timeout: 265 seconds)
[18:25:30] *** Quits: TAL (Ping timeout: 265 seconds)
[18:25:30] *** Quits: Ghabry (Ping timeout: 265 seconds)
[18:25:34] *** Joins: Ghabry
[18:25:34] *** Joins: m4ts
[18:27:17] *** Joins: phigcloud
[18:27:18] *** Joins: oldtopman
[18:45:52] *** Joins: oreo639
[20:13:39] *** Joins: TAL
[20:13:39] *** Quits: TAL (Handshake flooding)
[20:13:47] *** Joins: TAL
[20:14:04] *** Quits: TAL (Client Quit)
[20:14:14] *** Joins: TAL
[20:14:19] *** Quits: TAL (Handshake flooding)
[20:14:49] *** Joins: TAL
[21:10:08] *** Quits: ris2z (Ping timeout: 186 seconds)
[21:30:49] *** Joins: ris2z
[21:46:12] *** Quits: oreo639 (Read error: Operation timed out)
[22:27:16] *** Joins: refs
