[02:13:56] *** Quits: ris2z (Quit: ZNC 1.9.x-git-156-ac57c0e5 - https://znc.in)
[02:14:25] *** Quits: TAL (Remote host closed the connection)
[02:14:52] *** Joins: TAL
[02:15:38] *** Quits: lex1 (se.hub irc.efnet.nl)
[02:15:38] *** Quits: d3m3vilur (se.hub irc.efnet.nl)
[02:15:38] *** Quits: Sentry (se.hub irc.efnet.nl)
[02:15:38] *** Quits: nohit (se.hub irc.efnet.nl)
[02:15:38] *** Quits: ihaveamac (se.hub irc.efnet.nl)
[02:15:38] *** Quits: Normmatt (se.hub irc.efnet.nl)
[02:15:38] *** Quits: flotwig (se.hub irc.efnet.nl)
[02:15:39] *** Quits: Shiz (se.hub irc.efnet.nl)
[02:16:19] *** Joins: ris2z
[02:20:10] *** Quits: ris2z (Client Quit)
[02:20:59] *** Joins: oreo639
[02:21:05] *** Quits: GrecKo_ (Quit: No Ping reply in 180 seconds.)
[02:22:08] *** Joins: GrecKo
[02:22:36] *** Joins: ris2z
[02:54:20] *** Quits: refs (Quit: refs)
[03:09:54] *** Quits: eggster (Got Milk? Don't ask.)
[03:20:13] *** Joins: eggster
[03:20:13] *** Joins: ihaveamac
[03:20:13] *** Joins: d3m3vilur
[03:20:13] *** Joins: Sentry
[03:20:13] *** Joins: nohit
[03:20:13] *** Joins: Normmatt
[03:20:13] *** Joins: flotwig
[03:20:13] *** Joins: Shiz
[03:20:30] *** Joins: lex1
[04:23:10] *** Quits: fgsfds (Read error: Connection reset by peer)
[10:43:28] *** Quits: oreo639 (Read error: Operation timed out)
[11:36:39] *** Joins: n87
[12:43:26] *** Joins: fgsfds
[15:43:37] *** Quits: n87 (Read error: Connection reset by peer)
[15:49:22] *** Joins: n87
[15:50:16] *** Quits: n87 (Client Quit)
[16:25:56] *** Quits: mid-kid2 (Read error: Connection reset by peer)
[16:25:57] *** Joins: mid-kid3
[18:22:03] *** Quits: fgsfds (Ping timeout: 265 seconds)
[18:31:51] *** Quits: sh0e (Quit: Bye.)
[18:40:26] *** Joins: sh0e
[18:56:30] *** Joins: oreo639
[20:35:16] *** Quits: Sentry (Quit: left EFNet)
[20:36:31] *** Joins: Sentry
[20:59:25] *** Quits: Sentry (Quit: left EFNet)
[21:05:55] *** Joins: Sentry
[21:52:33] *** Joins: refs
[22:28:40] *** Joins: fgsfds
[23:02:07] *** Quits: sh0e (Read error: Connection reset by peer)
[23:06:26] *** Joins: sh0e
