[01:22:04] *** Quits: Sentry (se.hub irc.efnet.nl)
[01:22:05] *** Quits: lex1 (se.hub irc.efnet.nl)
[01:22:05] *** Quits: d3m3vilur (se.hub irc.efnet.nl)
[01:22:05] *** Quits: nohit (se.hub irc.efnet.nl)
[01:22:05] *** Quits: eggster (se.hub irc.efnet.nl)
[01:22:05] *** Quits: ihaveamac (se.hub irc.efnet.nl)
[01:22:05] *** Quits: Normmatt (se.hub irc.efnet.nl)
[01:22:05] *** Quits: flotwig (se.hub irc.efnet.nl)
[01:22:05] *** Quits: Shiz (se.hub irc.efnet.nl)
[01:23:59] *** Joins: Sentry
[01:23:59] *** Joins: lex1
[01:23:59] *** Joins: eggster
[01:23:59] *** Joins: ihaveamac
[01:23:59] *** Joins: d3m3vilur
[01:23:59] *** Joins: nohit
[01:23:59] *** Joins: Normmatt
[01:23:59] *** Joins: flotwig
[01:23:59] *** Joins: Shiz
[01:50:32] *** Quits: oreo639 (Ping timeout: 492 seconds)
[02:19:17] *** Quits: jn_ (Read error: Connection reset by peer)
[02:37:10] *** Joins: jn
[03:09:48] *** Quits: refs (Quit: refs)
[03:26:19] *** Quits: fgsfds (Read error: Connection reset by peer)
[04:54:55] *** Quits: sh0e (Read error: Connection reset by peer)
[05:14:07] *** Joins: sh0e
[06:31:22] *** Joins: m4ts_
[06:32:22] *** Quits: m4ts (Ping timeout: 265 seconds)
[07:03:02] *** Joins: oreo639
[10:20:05] *** Quits: oreo639 (Read error: Operation timed out)
[10:56:22] *** Joins: n87
[11:53:52] *** Joins: zini-
[11:56:13] *** Quits: zini (Ping timeout: 745 seconds)
[12:43:44] *** Joins: fgsfds
[14:34:55] *** Joins: figgis_
[14:38:15] *** Quits: fgsfds (Ping timeout: 376 seconds)
[15:43:31] *** Joins: Extrems`
[15:48:41] *** Quits: Extrems (Ping timeout: 492 seconds)
[15:48:41] *** Extrems` is now known as Extrems
[16:11:08] *** Quits: n87 (Read error: Connection reset by peer)
[20:09:48] *** Joins: oreo639
[20:18:36] *** Joins: n87
[20:19:12] *** Quits: n87 (Client Quit)
[21:21:43] *** Quits: Surkow (Remote host closed the connection)
[21:35:27] *** Joins: Surkow
[22:13:15] *** Quits: oreo639 (Read error: Operation timed out)
[22:22:03] *** Joins: refs
