[00:15:25] *** Joins: IShaDoWl
[00:15:46] *** Quits: IShaDoWl (Client Quit)
[01:18:44] *** Quits: figgis_ (Read error: Connection reset by peer)
[02:12:36] *** Joins: oreo639
[02:49:06] *** Quits: refs (Quit: refs)
[04:15:11] *** Joins: m4ts
[04:16:24] *** Quits: m4ts_ (Ping timeout: 265 seconds)
[10:59:32] *** Quits: Behemoth (Ping timeout: 376 seconds)
[11:10:26] *** Quits: oreo639 (Ping timeout: 252 seconds)
[11:44:57] *** Joins: Behemoth
[11:47:10] *** Joins: n87
[12:15:25] *** Joins: fgsfds
[12:27:45] *** Quits: Behemoth (Quit: Quit)
[12:28:24] *** Joins: Behemoth
[13:02:11] *** Quits: Behemoth (Quit: Quit)
[13:02:51] *** Joins: Behemoth
[14:27:17] *** Quits: n87 (Read error: Connection reset by peer)
[15:24:02] *** Joins: n87
[15:35:31] *** Quits: n87 (Quit: Leaving)
[17:07:23] *** Quits: jn (Ping timeout: 615 seconds)
[17:31:00] *** Quits: balrog (Bye)
[17:36:00] *** Joins: balrog
[19:21:03] *** Quits: m4ts (Remote host closed the connection)
[19:25:45] *** Joins: m4ts
[22:05:47] *** Joins: refs
[23:53:07] *** Joins: oreo639
