[00:09:46] *** Quits: changO- (~Changolan@ip72-194-70-236.oc.oc.cox.net) (Read error: Connection reset by peer)
[00:11:41] *** Joins: changO- (~Changolan@ip72-194-70-236.oc.oc.cox.net)
[00:14:50] *** Quits: averne (~averne@176-179-35-51.abo.bbox.fr) (quit)
[00:24:14] *** Joins: averne (~averne@176-179-35-51.abo.bbox.fr)
[00:24:14] *** Server sets mode: +stn 
[00:27:14] *** Quits: averne (~averne@176-179-35-51.abo.bbox.fr) (quit)
[00:35:38] *** Joins: averne (~averne@176-179-35-51.abo.bbox.fr)
[00:35:38] *** Server sets mode: +stn 
[00:40:38] *** Quits: averne (~averne@176-179-35-51.abo.bbox.fr) (quit)
[00:57:04] *** Joins: averne (~averne@176-179-35-51.abo.bbox.fr)
[00:57:04] *** Server sets mode: +stn 
[01:05:41] *** Quits: averne (~averne@176-179-35-51.abo.bbox.fr) (quit)
[01:08:20] *** Joins: averne (~averne@176-179-35-51.abo.bbox.fr)
[01:08:20] *** Server sets mode: +stn 
[01:21:47] *** Quits: averne (~averne@176-179-35-51.abo.bbox.fr) (quit)
[01:37:03] *** Joins: averne (~averne@176-179-35-51.abo.bbox.fr)
[01:37:03] *** Server sets mode: +stn 
[02:07:52] *** Quits: kakama (~kakama@heelys.club) (Ping timeout: 745 seconds)
[02:23:26] *** Quits: refs (~refs@p200300dd870ee5006d4de5bbabb364fc.dip0.t-ipconnect.de) (Quit: refs)
[02:40:22] *** Quits: averne (~averne@176-179-35-51.abo.bbox.fr) (quit)
[02:43:18] *** Joins: averne (~averne@176-179-35-51.abo.bbox.fr)
[02:43:18] *** Server sets mode: +stn 
[02:45:21] *** Joins: Galaxy| (~galaxy@174-083-197-034.res.spectrum.com)
[02:53:24] *** Quits: Galaxy| (~galaxy@174-083-197-034.res.spectrum.com) (Quit: Quit.)
[03:15:54] *** Quits: averne (~averne@176-179-35-51.abo.bbox.fr) (quit)
[03:40:28] *** Joins: averne (~averne@176-179-35-51.abo.bbox.fr)
[03:40:28] *** Server sets mode: +stn 
[03:56:57] *** Quits: averne (~averne@176-179-35-51.abo.bbox.fr) (quit)
[03:57:52] *** Joins: averne (~averne@176-179-35-51.abo.bbox.fr)
[03:57:52] *** Server sets mode: +stn 
[04:04:28] *** Quits: averne (~averne@176-179-35-51.abo.bbox.fr) (quit)
[04:29:09] *** Joins: averne (~averne@176-179-35-51.abo.bbox.fr)
[04:29:10] *** Server sets mode: +stn 
[04:35:59] *** Quits: averne (~averne@176-179-35-51.abo.bbox.fr) (quit)
[04:38:16] *** Joins: averne (~averne@176-179-35-51.abo.bbox.fr)
[04:38:17] *** Server sets mode: +stn 
[05:21:27] *** Quits: averne (~averne@176-179-35-51.abo.bbox.fr) (quit)
[05:32:23] *** Joins: averne (~averne@176-179-35-51.abo.bbox.fr)
[05:32:23] *** Server sets mode: +stn 
[05:37:06] *** Quits: averne (~averne@176-179-35-51.abo.bbox.fr) (quit)
[05:53:25] *** Joins: averne (~averne@176-179-35-51.abo.bbox.fr)
[05:53:30] *** Joins: miigotu_ (~miigotu@custip-162-217-53-192.esvabroadband.net)
[05:53:31] *** Server sets mode: +stn 
[05:56:31] *** Quits: averne (~averne@176-179-35-51.abo.bbox.fr) (quit)
[06:10:26] *** Joins: averne (~averne@176-179-35-51.abo.bbox.fr)
[06:10:26] *** Server sets mode: +stn 
[06:13:27] *** Quits: averne (~averne@176-179-35-51.abo.bbox.fr) (quit)
[06:23:53] *** Joins: averne (~averne@176-179-35-51.abo.bbox.fr)
[06:23:54] *** Server sets mode: +stn 
[06:29:13] *** Quits: averne (~averne@176-179-35-51.abo.bbox.fr) (quit)
[06:33:44] *** Joins: averne (~averne@176-179-35-51.abo.bbox.fr)
[06:33:44] *** Server sets mode: +stn 
[06:47:26] *** Quits: averne (~averne@176-179-35-51.abo.bbox.fr) (quit)
[06:52:29] *** Joins: averne (~averne@176-179-35-51.abo.bbox.fr)
[06:52:29] *** Joins: |Shadow|_ (~Shadow1@ip68-12-213-93.ok.ok.cox.net)
[06:52:29] *** Server sets mode: +stn 
[06:53:07] *** Quits: |Shadow| (~Shadow1@ip68-12-213-93.ok.ok.cox.net) (Read error: Operation timed out)
[06:54:29] *** |Shadow|_ is now known as |Shadow|
[06:56:10] *** Quits: mukunda (~mukunda@107.126.99.31) (Ping timeout: 622 seconds)
[07:03:29] *** Quits: averne (~averne@176-179-35-51.abo.bbox.fr) (quit)
[07:10:27] *** Quits: averne (averne@) (quit)
[07:16:04] *** Joins: averne (~averne@176-179-35-51.abo.bbox.fr)
[07:16:04] *** Server sets mode: +stn 
[07:20:44] *** Quits: averne (~averne@176-179-35-51.abo.bbox.fr) (quit)
[07:22:31] *** Joins: averne (~averne@176-179-35-51.abo.bbox.fr)
[07:22:31] *** Server sets mode: +stn 
[07:29:31] *** Quits: averne (~averne@176-179-35-51.abo.bbox.fr) (quit)
[07:35:10] *** Joins: averne (~averne@176-179-35-51.abo.bbox.fr)
[07:35:11] *** Server sets mode: +stn 
[07:47:48] *** Quits: averne (~averne@176-179-35-51.abo.bbox.fr) (quit)
[07:52:54] *** Joins: averne (~averne@176-179-35-51.abo.bbox.fr)
[07:52:54] *** Server sets mode: +stn 
[08:01:17] *** Quits: averne (~averne@176-179-35-51.abo.bbox.fr) (quit)
[08:02:25] *** Joins: averne (~averne@176-179-35-51.abo.bbox.fr)
[08:02:26] *** Server sets mode: +stn 
[08:15:25] *** Quits: averne (~averne@176-179-35-51.abo.bbox.fr) (quit)
[08:22:18] *** Joins: averne (~averne@176-179-35-51.abo.bbox.fr)
[08:22:30] *** Server sets mode: +stn 
[08:33:41] *** Quits: averne (~averne@176-179-35-51.abo.bbox.fr) (quit)
[08:39:20] *** Quits: averne (averne@) (quit)
[08:48:24] *** Joins: averne (~averne@176-179-35-51.abo.bbox.fr)
[08:48:24] *** Server sets mode: +stn 
[09:09:42] *** Joins: DacoTaco (~DacoTaco@178-119-112-131.access.telenet.be)
[10:03:57] *** Quits: changO- (~Changolan@ip72-194-70-236.oc.oc.cox.net) (se.hub irc.efnet.nl)
[10:03:57] *** Quits: d3m3vilur (sid4654@id-4654.charlton.irccloud.com) (se.hub irc.efnet.nl)
[10:03:57] *** Quits: blasty (~blasty@haxx.in) (se.hub irc.efnet.nl)
[10:03:57] *** Quits: Snetry (~sentry@dslb-178-001-206-043.178.001.pools.vodafone-ip.de) (se.hub irc.efnet.nl)
[10:03:57] *** Quits: klanc (~klanc@2a00:6d40:40:58a3::1) (se.hub irc.efnet.nl)
[10:03:57] *** Quits: lex1 (~lex@yuuh.pw) (se.hub irc.efnet.nl)
[10:03:57] *** Quits: omlet05 (~quassel@omlet.ovh) (se.hub irc.efnet.nl)
[10:03:57] *** Quits: foghorn2 (~meh@2600:1700:8af0:a950:c4e5:1d98:598b:ba2e) (se.hub irc.efnet.nl)
[10:03:57] *** Quits: thejsa (~eva@lana.core.fs3d.net) (se.hub irc.efnet.nl)
[10:11:00] *** Joins: changO- (~Changolan@ip72-194-70-236.oc.oc.cox.net)
[10:11:00] *** Joins: d3m3vilur (sid4654@id-4654.charlton.irccloud.com)
[10:11:00] *** Joins: blasty (~blasty@haxx.in)
[10:11:00] *** Joins: Snetry (~sentry@dslb-178-001-206-043.178.001.pools.vodafone-ip.de)
[10:11:00] *** Joins: klanc (~klanc@2a00:6d40:40:58a3::1)
[10:11:00] *** Joins: lex1 (~lex@yuuh.pw)
[10:11:00] *** Joins: omlet05 (~quassel@omlet.ovh)
[10:11:00] *** Joins: foghorn2 (~meh@2600:1700:8af0:a950:c4e5:1d98:598b:ba2e)
[10:11:00] *** Joins: thejsa (~eva@lana.core.fs3d.net)
[10:20:50] *** Joins: miigotu (~miigotu@custip-162-217-53-192.esvabroadband.net)
[10:21:10] *** Quits: miigotu_ (~miigotu@custip-162-217-53-192.esvabroadband.net) (Read error: Operation timed out)
[10:24:00] *** Quits: awordnot (~awordnot@c-73-74-223-132.hsd1.il.comcast.net) (Read error: Operation timed out)
[10:25:36] *** Quits: omlet05 (~quassel@omlet.ovh) (Read error: Connection reset by peer)
[10:25:37] *** Joins: omlet05 (~quassel@91.121.209.104)
[10:30:53] *** Quits: nullstrin (~nullstrin@cermak.nullstring.io) (Read error: Connection reset by peer)
[10:47:39] *** Quits: omlet05 (~quassel@91.121.209.104) (se.hub irc.underworld.no)
[10:47:39] *** Quits: GerbilSof (~GerbilSof@pool-108-24-138-55.cmdnnj.fios.verizon.net) (se.hub irc.underworld.no)
[10:47:39] *** Quits: Behemoth_ (~quassel@vmd39331.contaboserver.net) (se.hub irc.underworld.no)
[10:47:39] *** Quits: nrq (~nrq@ns340910.ip-37-59-40.eu) (se.hub irc.underworld.no)
[10:47:39] *** Quits: datagutt (~datagutt@mail.guac.live) (se.hub irc.underworld.no)
[10:47:39] *** Quits: TAL (~TAL@defiant.tlercher.de) (se.hub irc.underworld.no)
[10:47:39] *** Quits: hordak (hordak@208.99.89.129) (se.hub irc.underworld.no)
[10:49:48] *** Joins: awordnot (~awordnot@c-73-74-223-132.hsd1.il.comcast.net)
[11:00:54] *** Quits: awordnot (~awordnot@c-73-74-223-132.hsd1.il.comcast.net) (Read error: Connection reset by peer)
[11:01:06] *** Joins: nullstrin (~nullstrin@cermak.nullstring.io)
[11:05:01] *** lex1 is now known as lex
[11:05:01] *** Quits: averne (~averne@176-179-35-51.abo.bbox.fr) (quit)
[11:05:19] *** Joins: averne (~averne@176-179-35-51.abo.bbox.fr)
[11:05:19] *** Server sets mode: +stn 
[11:08:40] *** Joins: changoXPR (~Changolan@ip72-194-70-236.oc.oc.cox.net)
[11:09:20] *** Quits: lex (~lex@yuuh.pw) (Read error: Operation timed out)
[11:11:31] *** Quits: changO- (~Changolan@ip72-194-70-236.oc.oc.cox.net) (Read error: Operation timed out)
[11:11:31] *** changoXPR is now known as changO-
[11:14:11] *** Quits: klanc (~klanc@2a00:6d40:40:58a3::1) (Read error: Operation timed out)
[11:14:28] *** Quits: d3m3vilur (sid4654@id-4654.charlton.irccloud.com) (Read error: Operation timed out)
[11:16:59] *** Quits: nohit (sid334887@id-334887.hathersage.irccloud.com) (Ping timeout: 272 seconds)
[11:17:37] *** Quits: averne (~averne@176-179-35-51.abo.bbox.fr) (quit)
[11:19:52] *** Joins: averne (~averne@176-179-35-51.abo.bbox.fr)
[11:19:52] *** Server sets mode: +stn 
[11:20:09] *** Quits: b0nez (b0nez@162.248.221.94) (Ping timeout: 272 seconds)
[11:20:47] *** Joins: nohit (sid334887@id-334887.hathersage.irccloud.com)
[11:20:58] *** Quits: GrecKo (~grecko@static.9.103.4.46.clients.your-server.de) (Read error: Operation timed out)
[11:21:25] *** Quits: oldtopman (~oldtopman@75-166-213-138.hlrn.qwest.net) (Ping timeout: 272 seconds)
[11:21:25] *** Quits: flagrama (flagrama@id-145621.stonehaven.irccloud.com) (Ping timeout: 272 seconds)
[11:21:25] *** Quits: refsw3 (~refsw@80.150.130.51) (Ping timeout: 272 seconds)
[11:22:07] *** Joins: b0nez (~b0nez@162.248.221.94)
[11:23:06] *** Joins: AlexAltea (~alexaltea@phi.nz)
[11:24:35] *** Quits: ris2z (~2ri@static.200.38.9.176.clients.your-server.de) (Ping timeout: 272 seconds)
[11:27:07] *** Quits: nohit (sid334887@id-334887.hathersage.irccloud.com) (Ping timeout: 272 seconds)
[11:28:12] *** Joins: refsw (~refsw@80.150.130.51)
[11:28:27] *** Joins: eggster (~eggster@irchighway.eggy.cc)
[11:29:01] *** Quits: eggy (~eggster@irchighway.eggy.cc) (Ping timeout: 272 seconds)
[11:30:55] *** Quits: des^ (~des@ip1f10817f.dynamic.kabel-deutschland.de) (Ping timeout: 272 seconds)
[11:32:11] *** Quits: plutobot (~plutobot@188.166.26.149) (Ping timeout: 272 seconds)
[11:33:15] *** Joins: plutobot (~plutobot@188.166.26.149)
[11:34:23] *** Joins: phigcloud (uid13896@tooting.irccloud.com)
[11:38:31] *** Quits: DacoTaco (~DacoTaco@178-119-112-131.access.telenet.be) (Ping timeout: 272 seconds)
[11:39:47] *** Quits: phigcloud (uid13896@tooting.irccloud.com) (Ping timeout: 272 seconds)
[11:42:04] *** Joins: DacoTaco (~DacoTaco@178-119-112-131.access.telenet.be)
[11:47:08] *** Joins: lex1 (lex@yuuh.pw)
[11:47:42] *** Joins: klanc (~klanc@2a00:6d40:40:58a3::1)
[11:48:17] *** Joins: blasty (~blasty@haxx.in)
[11:48:47] *** Joins: zini- (~zini@88-113-145-208.elisa-laajakaista.fi)
[11:49:42] *** Joins: Snetry (~sentry@dslb-178-001-206-043.178.001.pools.vodafone-ip.de)
[11:50:33] *** Quits: zini (~zini@88-113-145-208.elisa-laajakaista.fi) (Ping timeout: 272 seconds)
[11:51:49] *** Joins: d3m3vilur (sid4654@id-4654.charlton.irccloud.com)
[11:53:05] *** Quits: plutobot (~plutobot@188.166.26.149) (Ping timeout: 272 seconds)
[11:56:28] *** Joins: phigcloud (uid13896@id-13896.tooting.irccloud.com)
[11:56:33] *** Joins: nohit (sid334887@2001:67c:2f08:7::5:1c27)
[11:56:53] *** Quits: DacoTaco (~DacoTaco@178-119-112-131.access.telenet.be) (Ping timeout: 272 seconds)
[11:57:00] *** Joins: plutobot (~plutobot@188.166.26.149)
[11:57:42] *** Joins: Pieman (sid188464@id-188464.brockwell.irccloud.com)
[11:58:35] *** Joins: DacoTaco (~DacoTaco@178-119-112-131.access.telenet.be)
[11:59:49] *** Joins: flagrama (flagrama@id-145621.stonehaven.irccloud.com)
[12:13:12] *** Joins: Stary (~Stary@thonk.9net.org)
[12:29:25] *** Joins: GrecKo (~grecko@static.9.103.4.46.clients.your-server.de)
[12:52:44] *** Joins: oldtopman (~oldtopman@75-166-213-138.hlrn.qwest.net)
[12:53:16] *** Joins: omlet05 (~quassel@91.121.209.104)
[12:53:16] *** Joins: GerbilSof (~GerbilSof@pool-108-24-138-55.cmdnnj.fios.verizon.net)
[12:53:16] *** Joins: Behemoth_ (~quassel@vmd39331.contaboserver.net)
[12:53:16] *** Joins: nrq (~nrq@ns340910.ip-37-59-40.eu)
[12:53:16] *** Joins: datagutt (~datagutt@mail.guac.live)
[12:53:16] *** Joins: TAL (~TAL@defiant.tlercher.de)
[12:53:16] *** Joins: hordak (hordak@208.99.89.129)
[13:17:05] *** Joins: awordnot (~awordnot@c-71-194-7-27.hsd1.il.comcast.net)
[13:17:45] *** Quits: GrecKo (~grecko@static.9.103.4.46.clients.your-server.de) (Read error: Operation timed out)
[13:26:30] *** Joins: GrecKo (~grecko@static.9.103.4.46.clients.your-server.de)
[15:01:26] *** Joins: mukunda (~mukunda@107.126.99.31)
[15:06:26] *** Joins: miigotu_ (~miigotu@custip-162-217-53-192.esvabroadband.net)
[15:07:56] *** Quits: miigotu (~miigotu@custip-162-217-53-192.esvabroadband.net) (Read error: Operation timed out)
[15:34:57] *** Quits: mukunda (~mukunda@107.126.99.31) ()
[15:36:36] *** Quits: phigcloud (uid13896@id-13896.tooting.irccloud.com) (Quit: Updating details, brb)
[15:36:49] *** Joins: phigcloud (uid13896@2001:67c:2f08:4::3648)
[17:58:50] *** Joins: derk0pf (~derk0pf@46.114.104.11)
[18:19:57] *** Joins: fgsfds (~figgis@93.123.144.171)
[18:22:11] *** Quits: derk0pf (~derk0pf@46.114.104.11) (Read error: Operation timed out)
[18:46:37] *** Joins: kyaputen9 (~kayputen@vmi439776.contaboserver.net)
[18:53:39] *** Quits: kyaputen9 (~kayputen@vmi439776.contaboserver.net) (Quit: The Lounge - https://thelounge.chat)
[19:08:19] <plutobot> Wiki | Page changed: Bus services | User: Tesnos6921 | https://switchbrew.org/w/index.php?curid=152&diff=9936&oldid=9908
[20:56:45] *** Joins: anewuser (~anewuser@186.188.121.80)
[21:01:45] *** Quits: anewuser (~anewuser@186.188.121.80) (Ping timeout: 260 seconds)
[22:28:31] <plutobot> Wiki | Page changed: TSEC | User: Hexkyz | https://switchbrew.org/w/index.php?curid=199&diff=9937&oldid=9934
[23:00:31] *** Quits: nullstrin (~nullstrin@cermak.nullstring.io) (Read error: Operation timed out)
[23:01:05] *** Joins: refs (~refs@p200300dd8715400089700425d63ecf2b.dip0.t-ipconnect.de)
[23:04:17] *** Joins: nullstrin (~nullstrin@cermak.nullstring.io)
[23:15:24] *** Joins: ris2z (~2ri@static.200.38.9.176.clients.your-server.de)
[23:36:07] *** Quits: averne (~averne@176-179-35-51.abo.bbox.fr) (quit)
[23:36:38] *** Joins: averne (~averne@176-179-35-51.abo.bbox.fr)
[23:36:39] *** Server sets mode: +stn 
