[00:02:48] *** Quits: averne (~averne@176-179-35-51.abo.bbox.fr) (quit)
[00:08:20] *** Joins: averne (~averne@176-179-35-51.abo.bbox.fr)
[00:12:00] *** Quits: averne (~averne@176-179-35-51.abo.bbox.fr) (quit)
[00:49:51] *** Joins: averne (~averne@176-179-35-51.abo.bbox.fr)
[00:49:51] *** Server sets mode: +stn 
[01:47:40] *** Surkow_ is now known as Surkow
[02:01:40] *** Quits: averne (~averne@176-179-35-51.abo.bbox.fr) (quit)
[02:02:16] *** Joins: averne (~averne@176-179-35-51.abo.bbox.fr)
[02:02:18] *** Server sets mode: +stn 
[02:28:45] *** Quits: refs (~refs@p200300dd8715400089700425d63ecf2b.dip0.t-ipconnect.de) (Quit: refs)
[04:32:33] *** Quits: fgsfds (~figgis@93.123.144.171) (Read error: Connection reset by peer)
[06:01:44] *** Quits: averne (~averne@176-179-35-51.abo.bbox.fr) (quit)
[06:49:41] *** Joins: averne (~averne@176-179-35-51.abo.bbox.fr)
[06:49:41] *** Server sets mode: +stn 
[07:06:34] *** Quits: oldtopman (~oldtopman@75-166-213-138.hlrn.qwest.net) (Read error: Operation timed out)
[07:08:16] *** Joins: oldtopman (~oldtopman@75.166.213.138)
[07:12:51] *** Quits: averne (~averne@176-179-35-51.abo.bbox.fr) (quit)
[07:44:08] *** Joins: averne (~averne@176-179-35-51.abo.bbox.fr)
[07:44:09] *** Server sets mode: +stn 
[08:05:58] *** Joins: kakama (~kakama@heelys.club)
[08:16:33] *** Quits: kakama (~kakama@heelys.club) (Quit: Lost terminal)
[10:43:06] *** Quits: Galaxy| (~galaxy@174-083-197-034.res.spectrum.com) (Read error: Operation timed out)
[11:25:24] *** Joins: karolherb (~kherbst@2a02:8308:b087:bd00:f171:26b:1599:7af2)
[11:52:32] *** Quits: lameboy (~lameboy@202-47-121-182.cust.dcsi.net.au) (Read error: Operation timed out)
[11:54:02] *** Joins: lameboy (~lameboy@202-47-121-182.cust.dcsi.net.au)
[12:23:16] *** Joins: Behemoth_ (~quassel@vmd39331.contaboserver.net)
[14:16:02] *** Joins: Galaxy| (~galaxy@174-083-197-034.res.spectrum.com)
[14:23:26] *** Quits: Galaxy| (~galaxy@174-083-197-034.res.spectrum.com) (Quit: Quit.)
[14:55:22] *** Joins: Galaxy| (~galaxy@174-083-197-034.res.spectrum.com)
[14:55:59] *** Quits: Galaxy| (~galaxy@174-083-197-034.res.spectrum.com) (Client Quit)
[15:02:11] *** Joins: Galaxy| (~galaxy@174-083-197-034.res.spectrum.com)
[16:14:11] *** Joins: fgsfds (~figgis@93.123.144.171)
[21:08:14] *** Quits: GerbilSof (~GerbilSof@pool-108-24-138-55.cmdnnj.fios.verizon.net) (Ping timeout: 265 seconds)
[21:08:25] *** Joins: GerbilSof (~GerbilSof@pool-108-24-138-55.cmdnnj.fios.verizon.net)
[21:17:08] *** Joins: refs (~refs@p200300dd87157400cdb70fbd3e2ccdfe.dip0.t-ipconnect.de)
