[00:31:09] <plutobot> Wiki | Page changed: Bluetooth Driver services | User: yls8 | https://switchbrew.org/w/index.php?curid=161&diff=9938&oldid=9900
[02:40:46] *** Quits: refs (~refs@p200300dd87157400cdb70fbd3e2ccdfe.dip0.t-ipconnect.de) (Quit: refs)
[03:39:45] *** Quits: fgsfds (~figgis@93.123.144.171) (Read error: Connection reset by peer)
[05:42:16] *** Quits: averne (~averne@176-179-35-51.abo.bbox.fr) (quit)
[05:46:50] *** Joins: averne (~averne@176-179-35-51.abo.bbox.fr)
[05:46:51] *** Server sets mode: +stn 
[07:38:00] *** Quits: |Shadow| (~Shadow1@ip68-12-213-93.ok.ok.cox.net) ()
[07:45:11] *** Joins: |Shadow| (~Shadow1@ip68-12-213-93.ok.ok.cox.net)
[09:06:35] *** Joins: miigotu (~miigotu@custip-162-217-53-192.esvabroadband.net)
[09:07:57] *** Quits: miigotu_ (~miigotu@custip-162-217-53-192.esvabroadband.net) (Read error: Operation timed out)
[09:11:37] *** Quits: karolherb (~kherbst@2a02:8308:b087:bd00:f171:26b:1599:7af2) (Remote host closed the connection)
[11:19:18] *** Joins: karolherb (~kherbst@2a02:8308:b088:c000:2bdf:b7aa:eede:d65f)
[11:46:46] *** Quits: lameboy (~lameboy@202-47-121-182.cust.dcsi.net.au) (Ping timeout: 744 seconds)
[11:47:09] *** Joins: lameboy (~lameboy@202-47-121-182.cust.dcsi.net.au)
[13:01:20] *** Quits: dibas (~dibas@wild.uberspace.de) (Quit: Leaving...)
[13:01:42] *** Joins: dibas (~dibas@wild.uberspace.de)
[14:35:37] *** Joins: um-velho- (~um-velho-@a109-49-181-61.cpe.netcabo.pt)
[14:51:52] *** Quits: endrift (~endrift@endrift.com) (Read error: Operation timed out)
[14:52:14] *** Quits: awordnot (~awordnot@c-71-194-7-27.hsd1.il.comcast.net) (Read error: Connection reset by peer)
[14:52:18] *** Quits: Behemoth_ (~quassel@vmd39331.contaboserver.net) (Read error: Connection reset by peer)
[14:52:21] *** Joins: Behemoth_ (~quassel@vmd39331.contaboserver.net)
[14:52:35] *** Joins: endrift (~endrift@endrift.com)
[14:53:15] *** Quits: |Shadow| (~Shadow1@ip68-12-213-93.ok.ok.cox.net) (Read error: Operation timed out)
[14:53:31] *** Joins: awordnot (~awordnot@c-71-194-7-27.hsd1.il.comcast.net)
[14:54:31] *** Joins: |Shadow| (~Shadow1@ip68-12-213-93.ok.ok.cox.net)
[14:58:05] *** Quits: um-velho- (~um-velho-@a109-49-181-61.cpe.netcabo.pt) (Read error: Operation timed out)
[16:08:52] *** Joins: fgsfds (~figgis@93.123.144.171)
[16:29:46] *** Joins: anewuser (~anewuser@186-89-47-183.genericrev.cantv.net)
[17:27:01] *** Quits: anewuser (~anewuser@186-89-47-183.genericrev.cantv.net) (Quit: anewuser)
[19:58:13] *** Quits: lameboy (~lameboy@202-47-121-182.cust.dcsi.net.au) (Quit: brb)
[20:14:46] *** Joins: lameboy (~lameboy@202-47-121-182.cust.dcsi.net.au)
[21:05:12] <plutobot> Wiki | Page changed: Thread Local Region | User: Hexkyz | https://switchbrew.org/w/index.php?curid=202&diff=9941&oldid=9939
[21:05:33] *** Joins: cpnc0ke (~ice@92-48-84-85.static.as29550.net)
[21:47:52] <plutobot> Wiki | Page changed: Product Information | User: Thomhack50 | https://switchbrew.org/w/index.php?curid=384&diff=9942&oldid=9033
[22:05:25] *** Joins: refs (~refs@p200300dd8715dc006191ad581342b2c1.dip0.t-ipconnect.de)
[22:52:38] *** Quits: GerbilSof (~GerbilSof@pool-108-24-138-55.cmdnnj.fios.verizon.net) (Read error: Operation timed out)
[23:04:27] *** Joins: GerbilSof (~GerbilSof@pool-108-24-138-55.cmdnnj.fios.verizon.net)
[23:26:34] *** Quits: changO- (~Changolan@ip72-194-70-236.oc.oc.cox.net) (Read error: Connection reset by peer)
[23:59:43] *** Quits: karolherb (~kherbst@2a02:8308:b088:c000:2bdf:b7aa:eede:d65f) (Quit: Konversation terminated!)
