[00:06:35] *** Quits: averne (~averne@176-179-35-51.abo.bbox.fr) (quit)
[00:13:07] *** Quits: averne (averne@) (quit)
[00:17:33] *** Quits: averne (~averne@176-179-35-51.abo.bbox.fr) (quit)
[00:43:08] *** Quits: averne (averne@) (quit)
[00:48:27] *** Joins: averne (~averne@176-179-35-51.abo.bbox.fr)
[00:49:10] *** Server sets mode: +stn 
[00:52:11] *** Quits: averne (~averne@176-179-35-51.abo.bbox.fr) (quit)
[00:53:34] *** Joins: averne (~averne@176-179-35-51.abo.bbox.fr)
[00:53:34] *** Server sets mode: +stn 
[00:56:35] *** Quits: averne (~averne@176-179-35-51.abo.bbox.fr) (quit)
[01:10:58] *** Joins: averne (~averne@176-179-35-51.abo.bbox.fr)
[01:10:59] *** Server sets mode: +stn 
[01:13:59] *** Quits: averne (~averne@176-179-35-51.abo.bbox.fr) (quit)
[01:26:11] *** Joins: averne (~averne@176-179-35-51.abo.bbox.fr)
[01:29:12] *** Quits: averne (~averne@176-179-35-51.abo.bbox.fr) (quit)
[01:33:30] *** Quits: averne (averne@) (quit)
[01:36:49] *** Joins: averne (~averne@176-179-35-51.abo.bbox.fr)
[01:36:49] *** Server sets mode: +stn 
[01:49:50] *** Quits: averne (~averne@176-179-35-51.abo.bbox.fr) (quit)
[01:52:46] *** Joins: averne (~averne@176-179-35-51.abo.bbox.fr)
[01:52:54] *** Server sets mode: +stn 
[02:02:49] *** Quits: averne (~averne@176-179-35-51.abo.bbox.fr) (quit)
[02:32:18] *** Joins: averne (~averne@176-179-35-51.abo.bbox.fr)
[02:32:27] *** Server sets mode: +stn 
[02:37:25] *** Quits: averne (~averne@176-179-35-51.abo.bbox.fr) (quit)
[02:52:19] *** Joins: averne (~averne@176-179-35-51.abo.bbox.fr)
[02:52:19] *** Server sets mode: +stn 
[02:59:11] *** Quits: averne (~averne@176-179-35-51.abo.bbox.fr) (quit)
[03:02:33] *** Quits: averne (averne@) (quit)
[03:07:39] *** Joins: averne_ (~averne@176-179-35-51.abo.bbox.fr)
[03:07:44] *** Server sets mode: +stn 
[03:10:58] *** Quits: averne_ (~averne@176-179-35-51.abo.bbox.fr) (quit)
[03:16:27] *** Joins: averne (~averne@176-179-35-51.abo.bbox.fr)
[03:16:27] *** Server sets mode: +stn 
[03:19:28] *** Quits: averne (~averne@176-179-35-51.abo.bbox.fr) (quit)
[03:28:13] *** Joins: averne (~averne@176-179-35-51.abo.bbox.fr)
[03:28:16] *** Server sets mode: +stn 
[03:31:17] *** Quits: averne (~averne@176-179-35-51.abo.bbox.fr) (quit)
[03:43:14] *** Joins: averne (~averne@176-179-35-51.abo.bbox.fr)
[03:43:27] *** Server sets mode: +stn 
[03:57:35] *** Quits: averne (~averne@176-179-35-51.abo.bbox.fr) (quit)
[03:58:12] *** Joins: averne (~averne@176-179-35-51.abo.bbox.fr)
[03:58:13] *** Server sets mode: +stn 
[04:04:06] *** Quits: averne (~averne@176-179-35-51.abo.bbox.fr) (quit)
[04:46:53] *** Joins: averne (~averne@176-179-35-51.abo.bbox.fr)
[04:46:55] *** Server sets mode: +stn 
[04:50:30] *** Quits: refs (~refs@p200300dd872eae000998e19bbdf739ac.dip0.t-ipconnect.de) (Quit: refs)
[05:10:01] *** Quits: zini (~zini@88-113-145-208.elisa-laajakaista.fi) (Ping timeout: 272 seconds)
[05:41:04] *** Quits: changO- (~Changolan@ip72-194-70-236.oc.oc.cox.net) (Read error: Connection reset by peer)
[05:45:40] *** Joins: zini (~zini@88-113-145-208.elisa-laajakaista.fi)
[06:15:44] *** Quits: cpnc0ke (~ice@92-48-84-85.static.as29550.net) (Ping timeout: 492 seconds)
[06:22:57] *** Joins: cpnc0ke (~ice@92-48-84-85.static.as29550.net)
[06:32:46] *** Quits: fgsfds (~figgis@93.123.144.171) (Read error: Connection reset by peer)
[07:06:36] *** Quits: cpnc0ke (~ice@92-48-84-85.static.as29550.net) (Ping timeout: 492 seconds)
[07:37:01] *** Joins: lilibox (~lilibox@31.192.64.247)
[09:53:46] *** Joins: changO- (~Changolan@ip72-194-70-236.oc.oc.cox.net)
[13:26:20] *** Joins: refs (~refs@p200300dd873d4500e802ed9c61cb2efe.dip0.t-ipconnect.de)
[16:08:10] *** Joins: eggster (~eggster@irchighway.eggy.cc)
[16:17:17] *** Quits: eggy (~eggster@irchighway.eggy.cc) (Ping timeout: 745 seconds)
[17:21:14] *** Joins: fgsfds (~figgis@93.123.144.171)
[20:04:12] *** Joins: derk0pf (~derk0pf@x59cc87b9.dyn.telefonica.de)
[20:27:43] *** Quits: Ghabry (~ghabry@datengurke.mastergk.de) (Remote host closed the connection)
[20:35:05] *** Quits: derk0pf (~derk0pf@x59cc87b9.dyn.telefonica.de) (Ping timeout: 857 seconds)
[20:40:00] <plutobot> Wiki | Page changed: Product Information | User: SimonTime | https://switchbrew.org/w/index.php?curid=384&diff=9952&oldid=9949
[21:12:25] *** Joins: Ghabry (~ghabry@datengurke.mastergk.de)
[22:18:27] <plutobot> Wiki | Page changed: Bus services | User: yls8 | https://switchbrew.org/w/index.php?curid=152&diff=9953&oldid=9936
