[00:28:13] *** Quits karolherb (Remote host closed the connection)
[00:28:54] *** Joins karolherb
[02:51:21] *** Quits refs (Quit: refs)
[04:36:35] *** Joins figgis_
[04:37:55] *** Quits nullstrin (Read error: Operation timed out)
[04:38:21] *** Quits endrift (Read error: Operation timed out)
[04:38:24] *** Quits awordnot (Read error: Operation timed out)
[04:40:00] *** Quits j0hny5 (Ping timeout: 622 seconds)
[04:40:21] *** Quits freundTec (Read error: Operation timed out)
[04:40:27] *** Quits Maylay (Read error: Operation timed out)
[04:41:17] *** Quits |Shadow| (Read error: Operation timed out)
[04:44:17] *** Quits fgsfds (Read error: Operation timed out)
[04:44:44] *** Joins Maylay
[04:47:11] *** Joins freundTec
[05:04:49] *** Joins awordnot
[05:04:58] *** Joins endrift
[05:05:10] *** Joins j0hny5
[05:07:52] *** Joins |Shadow|
[05:07:59] *** Joins nullstrin
[05:11:05] *** Quits figgis_ (Read error: Connection reset by peer)
[06:36:08] *** Joins miigotu
[06:40:52] *** Quits miigotu_ (Read error: Operation timed out)
[09:51:44] *** Joins miigotu_
[09:53:04] *** Quits miigotu (Read error: Operation timed out)
[13:31:29] *** Quits Surkow (Remote host closed the connection)
[13:34:31] *** Joins Surkow
[13:35:50] *** Quits Snetry (Read error: Operation timed out)
[13:48:44] *** Joins Snetry
[13:58:08] *** Joins fgsfds
[20:32:40] <plutobot> Wiki | Page changed: Bus services | User: Hexkyz | https://switchbrew.org/w/index.php?curid=152&diff=9954&oldid=9953
[20:35:44] <plutobot> Wiki | Page changed: Bus services | User: Hexkyz | https://switchbrew.org/w/index.php?curid=152&diff=9955&oldid=9954
[21:00:01] *** Quits refsw (Quit: refsw)
[21:40:00] <plutobot> Wiki | Page changed: Bus services | User: Hexkyz | https://switchbrew.org/w/index.php?curid=152&diff=9956&oldid=9955
[21:43:34] <plutobot> Wiki | Page changed: Bus services | User: Hexkyz | https://switchbrew.org/w/index.php?curid=152&diff=9957&oldid=9956
[22:29:11] *** Joins refs
