[01:43:45] *** Quits: Behemoth_ (~quassel@vmd39331.contaboserver.net) (Read error: Connection reset by peer)
[02:39:03] *** Quits: DacoTaco (~DacoTaco@178-119-112-131.access.telenet.be) (Ping timeout: 272 seconds)
[02:39:03] *** Quits: Pieman (sid188464@id-188464.brockwell.irccloud.com) (Ping timeout: 272 seconds)
[02:41:03] *** Quits: ris2z (~2ri@static.200.38.9.176.clients.your-server.de) (Ping timeout: 272 seconds)
[02:41:03] *** Quits: plutobot (~plutobot@188.166.26.149) (Ping timeout: 272 seconds)
[02:41:03] *** Quits: Stary (~Stary@thonk.9net.org) (Ping timeout: 272 seconds)
[02:41:03] *** Quits: flagrama (flagrama@id-145621.stonehaven.irccloud.com) (Ping timeout: 272 seconds)
[02:41:34] *** Quits: karolherb (~kherbst@2a02:8308:b088:c000:2bdf:b7aa:eede:d65f) (Remote host closed the connection)
[02:42:19] *** Quits: nohit (sid334887@2001:67c:2f08:7::5:1c27) (Ping timeout: 272 seconds)
[02:42:19] *** Quits: refs (~refs@p200300dd870eca00318cdeac5f0866f2.dip0.t-ipconnect.de) (Ping timeout: 272 seconds)
[02:42:19] *** Quits: oldtopman (~oldtopman@75.166.213.138) (Ping timeout: 272 seconds)
[02:42:51] *** Quits: zini (~zini@88-113-145-208.elisa-laajakaista.fi) (Ping timeout: 272 seconds)
[02:42:51] *** Quits: omlet05_ (~quassel@omlet.ovh) (Ping timeout: 272 seconds)
[02:42:51] *** Quits: phigcloud (uid13896@2001:67c:2f08:4::3648) (efnet.portlane.se se.hub)
[02:42:51] *** Quits: mats (~mats@176.125.235.106) (efnet.portlane.se se.hub)
[02:42:51] *** Quits: Snetry (~sentry@dslb-178-001-203-104.178.001.pools.vodafone-ip.de) (efnet.portlane.se se.hub)
[02:42:51] *** Quits: eggster (~eggster@irchighway.eggy.cc) (efnet.portlane.se se.hub)
[02:42:51] *** Quits: CCFL_Man (769b6917bf@c-73-64-119-64.hsd1.pa.comcast.net) (efnet.portlane.se se.hub)
[02:42:51] *** Quits: d3m3vilur (sid4654@id-4654.charlton.irccloud.com) (efnet.portlane.se se.hub)
[02:42:51] *** Quits: blasty (~blasty@haxx.in) (efnet.portlane.se se.hub)
[02:42:51] *** Quits: klanc (~klanc@2a00:6d40:40:58a3::1) (efnet.portlane.se se.hub)
[02:42:51] *** Quits: lex1 (lex@yuuh.pw) (efnet.portlane.se se.hub)
[02:42:51] *** Quits: foghorn3 (~meh@2600:1700:8af0:a950:a523:5346:a78d:c139) (efnet.portlane.se se.hub)
[02:42:51] *** Quits: GrecKo (~grecko@static.9.103.4.46.clients.your-server.de) (efnet.portlane.se se.hub)
[02:42:51] *** Quits: b0nez (~b0nez@162.248.221.94) (efnet.portlane.se se.hub)
[02:42:51] *** Quits: thejsa (~eva@lana.core.fs3d.net) (efnet.portlane.se se.hub)
[02:42:51] *** Quits: Extrems (gamecube@expert.extremscorner.org) (efnet.portlane.se se.hub)
[02:42:51] *** Quits: mha (mha@adiza.nexticom.net) (efnet.portlane.se se.hub)
[02:42:51] *** Quits: GerbilSof (~GerbilSof@pool-108-24-138-55.cmdnnj.fios.verizon.net) (efnet.portlane.se se.hub)
[02:42:51] *** Quits: Galaxy| (~galaxy@174-083-197-034.res.spectrum.com) (efnet.portlane.se se.hub)
[02:42:51] *** Quits: AlexAltea (~alexaltea@phi.nz) (efnet.portlane.se se.hub)
[02:42:51] *** Quits: balrog (~balrog@pool-98-115-168-15.phlapa.fios.verizon.net) (efnet.portlane.se se.hub)
[02:42:51] *** Quits: tpw_rules (~tpw_rules@li1059-135.members.linode.com) (efnet.portlane.se se.hub)
[02:42:51] *** Quits: WntrMute (~wntrmute@bnc.devkitpro.org) (efnet.portlane.se se.hub)
[02:42:51] *** Quits: fincs (~fincs@bnc.devkitpro.org) (efnet.portlane.se se.hub)
[02:42:51] *** Quits: miigotu_ (~miigotu@custip-162-217-53-192.esvabroadband.net) (efnet.portlane.se se.hub)
[02:42:51] *** Quits: Cu3PO42 (~Cu3PO42@159.69.208.45) (efnet.portlane.se se.hub)
[02:42:51] *** Quits: Genolo (~fear@2a01:7e00::f03c:91ff:fe93:8d42) (efnet.portlane.se se.hub)
[02:42:51] *** Quits: gruetzkop (~gruetzkop@bnc.dont-follow.us) (efnet.portlane.se se.hub)
[02:42:51] *** Quits: klock (~efklock@vps1.ksociety.net) (efnet.portlane.se se.hub)
[02:42:51] *** Quits: DeusQain (~DeusQain@mx.qainsworld.com) (efnet.portlane.se se.hub)
[02:42:51] *** Quits: capin4 (~capin@209.182.233.136) (efnet.portlane.se se.hub)
[02:42:51] *** Quits: ihaveamac (~ihaveamac@ianburgwin.net) (efnet.portlane.se se.hub)
[02:42:51] *** Quits: Surkow (~Surkow@84-104-14-64.cable.dynamic.v4.ziggo.nl) (efnet.portlane.se se.hub)
[02:42:51] *** Quits: freundTec (~freundTec@freundtech.com) (efnet.portlane.se se.hub)
[02:42:51] *** Quits: Maylay (~gren@108-198-59-230.lightspeed.miamfl.sbcglobal.net) (efnet.portlane.se se.hub)
[02:42:51] *** Quits: mtheall (~mtheall@mtheall.com) (efnet.portlane.se se.hub)
[02:42:51] *** Quits: datagutt (~datagutt@mail.guac.live) (efnet.portlane.se se.hub)
[02:42:51] *** Quits: lameboy (~lameboy@202-47-121-182.cust.dcsi.net.au) (efnet.portlane.se se.hub)
[02:42:51] *** Quits: TurtleP (~turtlep@bnc.devkitpro.org) (efnet.portlane.se se.hub)
[02:42:51] *** Quits: yls8bot (~yls8bot@mtheall.com) (efnet.portlane.se se.hub)
[02:42:51] *** Quits: yellows8 (~yellows8@adiza.nexticom.net) (efnet.portlane.se se.hub)
[02:42:51] *** Quits: Lightswor (~Lightswor@107.170.253.193) (efnet.portlane.se se.hub)
[02:42:51] *** Quits: Aaerox (Aaerox@fuckyou.k.thnx.org) (efnet.portlane.se se.hub)
[02:42:51] *** Quits: Kyouju (~Kyouju@ks3311808.kimsufi.com) (efnet.portlane.se se.hub)
[02:42:51] *** Quits: fgsfds (~figgis@93.123.144.171) (efnet.portlane.se se.hub)
[02:42:51] *** Quits: nullstrin (~nullstrin@cermak.nullstring.io) (efnet.portlane.se se.hub)
[02:42:51] *** Quits: |Shadow| (~Shadow1@ip68-12-213-93.ok.ok.cox.net) (efnet.portlane.se se.hub)
[02:42:51] *** Quits: j0hny5 (j0hny5@94.75.242.8) (efnet.portlane.se se.hub)
[02:42:51] *** Quits: endrift (~endrift@endrift.com) (efnet.portlane.se se.hub)
[02:42:51] *** Quits: awordnot (~awordnot@c-71-194-7-27.hsd1.il.comcast.net) (efnet.portlane.se se.hub)
[02:42:51] *** Quits: Ghabry (~ghabry@datengurke.mastergk.de) (efnet.portlane.se se.hub)
[02:43:37] *** Quits: changO- (~Changolan@ip72-194-70-236.oc.oc.cox.net) (efnet.portlane.se se.hub)
[02:43:37] *** Quits: lilibox (~lilibox@31.192.64.247) (efnet.portlane.se se.hub)
[02:43:37] *** Quits: TAL (~TAL@defiant.tlercher.de) (efnet.portlane.se se.hub)
[02:43:37] *** Quits: nrq_ (~nrq@ns340910.ip-37-59-40.eu) (efnet.portlane.se se.hub)
[02:43:37] *** Quits: zombie343 (zombie343@pool-74-108-60-233.nycmny.fios.verizon.net) (efnet.portlane.se se.hub)
[02:43:37] *** Quits: rctgamer3 (~rctgamer3@2a00:f10:121:a00:4ba:60ff:fe00:196c) (efnet.portlane.se se.hub)
[02:43:37] *** Quits: uyjulian (~uyjulian@69-110-38-205.lightspeed.lbcktx.sbcglobal.net) (efnet.portlane.se se.hub)
[02:43:37] *** Quits: neonsea (~neonsea@nns.ee) (efnet.portlane.se se.hub)
[02:43:37] *** Quits: Phils3r_ (~Phil@2a02:c205:3000:2328::1) (efnet.portlane.se se.hub)
[02:43:37] *** Quits: dibas (~dibas@wild.uberspace.de) (efnet.portlane.se se.hub)
[02:43:37] *** Quits: naehrwert (~naehrwert@8.38.88.201) (efnet.portlane.se se.hub)
[02:43:37] *** Quits: hexkyz (~hexkyz@ec2-18-179-123-169.ap-northeast-1.compute.amazonaws.com) (efnet.portlane.se se.hub)
[02:43:37] *** Quits: Jdbye (~furry4lif@me.jdbye.com) (efnet.portlane.se se.hub)
[02:43:37] *** Quits: sh0e (~sh0e@node1.eisenkopf.info) (efnet.portlane.se se.hub)
[02:43:37] *** Quits: SCV_ (sid226262@2001:67c:2f08:3::3:73d6) (efnet.portlane.se se.hub)
[02:43:37] *** Quits: KuKzz (KuKzz@95.143.216.177) (efnet.portlane.se se.hub)
[02:43:37] *** Quits: hthh (~hthh@hh.ht) (efnet.portlane.se se.hub)
[02:45:34] *** Quits: coriolis (~coriolis@2607:5300:60:2885::1) (efnet.portlane.se se.hub)
[02:45:34] *** Quits: mid-kid3 (~mid-kid@2a01:7c8:aac8:1e8:5054:ff:fe5e:cd48) (efnet.portlane.se se.hub)
[02:45:34] *** Quits: derrek (szmqPie0GZ@2001:1a50:11:0:5f:8f:acec:1) (efnet.portlane.se se.hub)
[02:45:34] *** Quits: lemmu (lemmy@2600:3c00:e000:2e:0:dead:beef:6) (efnet.portlane.se se.hub)
[02:45:34] *** Quits: rjeli___ (sid289321@2001:67c:2f08:3::4:6a29) (efnet.portlane.se se.hub)
[02:45:34] *** Quits: DoozerBot (~DoozerBot@89.7.232.35.bc.googleusercontent.com) (efnet.portlane.se se.hub)
[02:45:34] *** Quits: Normmatt (~Normmatt@cloud.normmatt.com) (efnet.portlane.se se.hub)
[02:45:34] *** Quits: carsten1 (sZgTPy8RBY@2001:1a50:11:0:5f:8f:accb:19b) (efnet.portlane.se se.hub)
[02:45:34] *** Quits: Summeli (summeli@irc.summeli.com) (efnet.portlane.se se.hub)
[02:47:04] *** Joins: plutobot (~plutobot@188.166.26.149)
[02:50:04] *** Quits: averne (~averne@176-179-35-51.abo.bbox.fr) (quit)
[02:54:54] *** Joins: averne_ (~averne@176-179-35-51.abo.bbox.fr)
[02:54:54] *** Server sets mode: +stn 
[03:01:34] *** Joins: oldtopman (~oldtopman@75-166-213-138.hlrn.qwest.net)
[03:40:22] *** Joins: figgis_ (~figgis@93.123.144.171)
[03:41:35] *** Quits: endrift (~endrift@endrift.com) (Read error: Operation timed out)
[03:41:42] *** Quits: nullstrin (~nullstrin@cermak.nullstring.io) (Read error: Operation timed out)
[03:41:44] *** Quits: awordnot (~awordnot@c-71-194-7-27.hsd1.il.comcast.net) (Read error: Operation timed out)
[03:41:57] *** Joins: endrift (~endrift@endrift.com)
[03:43:24] *** Joins: awordnot (~awordnot@c-71-194-7-27.hsd1.il.comcast.net)
[03:44:03] *** Quits: averne (~averne@176-179-35-51.abo.bbox.fr) (se.hub efnet.portlane.se)
[03:44:03] *** Quits: hordak (hordak@cautio.us) (se.hub efnet.portlane.se)
[03:46:45] *** Joins: nullstrin (~nullstrin@cermak.nullstring.io)
[03:47:52] *** Quits: fgsfds (~figgis@93.123.144.171) (Read error: Operation timed out)
[03:59:42] *** hordak_ is now known as hordak
[05:04:59] *** Quits: figgis_ (~figgis@93.123.144.171) (Quit: Leaving)
[06:07:45] *** Quits: Galaxy| (~galaxy@174-083-197-034.res.spectrum.com) (Quit.)
[06:11:39] *** Joins: Galaxy| (~galaxy@174-083-197-034.res.spectrum.com)
[06:19:11] *** Joins: miigotu_ (~miigotu@custip-162-217-53-192.esvabroadband.net)
[06:21:43] *** Quits: miigotu (~miigotu@custip-162-217-53-192.esvabroadband.net) (Read error: Operation timed out)
[06:23:02] *** Joins: miigotu (~miigotu@custip-162-217-53-192.esvabroadband.net)
[06:32:07] *** Quits: miigotu_ (~miigotu@custip-162-217-53-192.esvabroadband.net) (Ping timeout: 745 seconds)
[07:40:22] *** Quits: zombie343 (zombie343@pool-74-108-60-233.nycmny.fios.verizon.net) (Ping timeout: 745 seconds)
[08:46:03] *** Quits: Galaxy| (~galaxy@174-083-197-034.res.spectrum.com) (Quit: Quit.)
[08:52:45] *** Joins: Galaxy| (~galaxy@174-083-197-034.res.spectrum.com)
[08:53:18] *** Quits: Galaxy| (~galaxy@174-083-197-034.res.spectrum.com) (Client Quit)
[09:13:59] *** Joins: DacoTaco (~DacoTaco@178-119-112-131.access.telenet.be)
[09:30:31] *** Joins: Galaxy| (~galaxy@174-083-197-034.res.spectrum.com)
[10:37:46] *** Joins: ris2z (~2ri@static.200.38.9.176.clients.your-server.de)
[10:46:27] *** Quits: coriolis (~coriolis@2607:5300:60:2885::1) (Ping timeout: 615 seconds)
[10:48:07] *** Joins: coriolis (~coriolis@ns398009.ip-192-95-24.net)
[11:20:58] *** Joins: refsw (~refsw@80.150.130.51)
[18:06:27] *** Joins: rajkosto (~rajkosto@cable-178-149-122-96.dynamic.sbb.rs)
[18:30:14] *** Quits: rajkosto (~rajkosto@cable-178-149-122-96.dynamic.sbb.rs) (Read error: Connection reset by peer)
[18:31:45] *** Joins: rajkosto (~rajkosto@cable-178-149-122-96.dynamic.sbb.rs)
[19:32:53] *** Quits: rajkosto (~rajkosto@cable-178-149-122-96.dynamic.sbb.rs) (Read error: Connection reset by peer)
[21:37:24] *** Quits: oldtopman (~oldtopman@75-166-213-138.hlrn.qwest.net) (Read error: Operation timed out)
[21:44:20] *** Joins: refs (~refs@p200300dd87188d0044051178013f830a.dip0.t-ipconnect.de)
[21:52:42] *** Joins: oldtopman (~oldtopman@97-118-95-21.hlrn.qwest.net)
[23:12:32] *** Joins: rajkosto (~rajkosto@cable-178-149-122-96.dynamic.sbb.rs)
