[00:03:53] *** Quits: averne_ (~averne@176-179-35-51.abo.bbox.fr) (quit)
[01:15:54] *** Quits: averne (averne@) (quit)
[01:50:12] *** Joins: averne (~averne@176-179-35-51.abo.bbox.fr)
[01:50:13] *** Quits: GrecKo (~grecko@static.9.103.4.46.clients.your-server.de) (Read error: Connection reset by peer)
[01:50:13] *** Server sets mode: +stn 
[01:57:47] *** Quits: averne (~averne@176-179-35-51.abo.bbox.fr) (quit)
[02:02:43] *** Joins: averne (~averne@176-179-35-51.abo.bbox.fr)
[02:02:43] *** Server sets mode: +stn 
[02:17:36] *** Quits: averne (~averne@176-179-35-51.abo.bbox.fr) (quit)
[02:29:01] *** Joins: averne (~averne@176-179-35-51.abo.bbox.fr)
[02:29:01] *** Server sets mode: +stn 
[02:32:01] *** Quits: averne (~averne@176-179-35-51.abo.bbox.fr) (quit)
[02:32:35] *** Joins: averne (~averne@176-179-35-51.abo.bbox.fr)
[02:32:35] *** Server sets mode: +stn 
[02:35:36] *** Quits: averne (~averne@176-179-35-51.abo.bbox.fr) (quit)
[03:07:35] *** Joins: averne (~averne@176-179-35-51.abo.bbox.fr)
[03:07:35] *** Server sets mode: +stn 
[03:07:42] *** Joins: awordnot (~awordnot@c-71-194-7-27.hsd1.il.comcast.net)
[03:21:44] *** Quits: averne (~averne@176-179-35-51.abo.bbox.fr) (quit)
[03:38:41] *** Joins: averne (~averne@176-179-35-51.abo.bbox.fr)
[03:38:41] *** Server sets mode: +stn 
[03:46:47] *** Quits: averne (~averne@176-179-35-51.abo.bbox.fr) (quit)
[03:59:08] *** Joins: averne (~averne@176-179-35-51.abo.bbox.fr)
[03:59:08] *** Server sets mode: +stn 
[04:03:48] *** Quits: averne (~averne@176-179-35-51.abo.bbox.fr) (quit)
[04:18:51] *** Joins: averne (~averne@176-179-35-51.abo.bbox.fr)
[04:18:57] *** Server sets mode: +stn 
[04:21:58] *** Quits: averne (~averne@176-179-35-51.abo.bbox.fr) (quit)
[04:32:22] *** Joins: averne (~averne@176-179-35-51.abo.bbox.fr)
[04:32:22] *** Server sets mode: +stn 
[05:13:31] *** Quits: |Shadow| (~Shadow1@ip68-12-213-93.ok.ok.cox.net) ()
[05:22:31] *** Quits: averne (~averne@176-179-35-51.abo.bbox.fr) (quit)
[05:27:51] *** Joins: averne (~averne@176-179-35-51.abo.bbox.fr)
[05:27:57] *** Server sets mode: +stn 
[06:43:31] *** Quits: averne (~averne@176-179-35-51.abo.bbox.fr) (quit)
[06:52:45] *** Joins: averne (~averne@176-179-35-51.abo.bbox.fr)
[06:52:45] *** Server sets mode: +stn 
[06:57:46] *** Quits: averne (~averne@176-179-35-51.abo.bbox.fr) (quit)
[07:30:43] *** Joins: averne (~averne@176-179-35-51.abo.bbox.fr)
[07:30:43] *** Server sets mode: +stn 
[07:31:37] *** Joins: mukunda_ (~mukunda@107.126.70.246)
[07:33:01] *** Quits: mukunda (~mukunda@107.126.99.31) (Read error: Operation timed out)
[07:36:01] *** Quits: averne (~averne@176-179-35-51.abo.bbox.fr) (quit)
[07:47:41] *** Joins: averne (~averne@176-179-35-51.abo.bbox.fr)
[07:47:41] *** Server sets mode: +stn 
[07:50:42] *** Quits: averne (~averne@176-179-35-51.abo.bbox.fr) (quit)
[07:57:41] *** Joins: averne (~averne@176-179-35-51.abo.bbox.fr)
[07:57:43] *** Server sets mode: +stn 
[13:06:08] *** Quits: rajkosto (~rajkosto@cable-178-149-122-96.dynamic.sbb.rs) (Read error: Connection reset by peer)
[13:30:08] *** Joins: Pieman (sid188464@id-188464.brockwell.irccloud.com)
[14:27:12] *** Quits: mukunda_ (~mukunda@107.126.70.246) ()
[15:21:14] *** Quits: klanc (~klanc@2a00:6d40:40:58a3::1) (Read error: Operation timed out)
[16:21:38] *** Joins: changoXPR (~Changolan@ip72-194-70-236.oc.oc.cox.net)
[16:25:02] *** Quits: changO- (~Changolan@ip72-194-70-236.oc.oc.cox.net) (Ping timeout: 745 seconds)
[16:25:02] *** changoXPR is now known as changO-
[18:55:26] *** Quits: Galaxy| (~galaxy@174-083-197-034.res.spectrum.com) (Quit.)
[19:00:55] *** Joins: Galaxy| (~galaxy@174-083-197-034.res.spectrum.com)
[19:23:08] *** Joins: fgsfds (~figgis@93.123.144.171)
[19:42:52] *** Quits: Maylay (~gren@108-198-59-230.lightspeed.miamfl.sbcglobal.net) (Read error: Operation timed out)
[19:56:14] *** Joins: Maylay (~gren@108-198-59-230.lightspeed.miamfl.sbcglobal.net)
[21:42:14] *** Joins: refs (~refs@p200300dd8714bb003c2edba6569256bc.dip0.t-ipconnect.de)
[23:21:02] *** Quits: lameboy (~lameboy@202-47-121-182.cust.dcsi.net.au) (Quit: Astalabyebye...)
