[00:10:15] *** Quits: nullstrin (~nullstrin@cermak.nullstring.io) (Read error: Operation timed out)
[00:14:02] *** Joins: nullstrin (~nullstrin@cermak.nullstring.io)
[00:35:58] *** Quits: Maylay (~gren@108-198-59-230.lightspeed.miamfl.sbcglobal.net) (Quit: Pipe Terminated)
[00:40:31] *** Joins: Maylay (~gren@108-198-59-230.lightspeed.miamfl.sbcglobal.net)
[00:56:37] *** Quits: lilibox (~lilibox@31.192.64.247) (Ping timeout: 745 seconds)
[01:57:17] *** Joins: lameboy (~lameboy@202-47-121-182.cust.dcsi.net.au)
[02:41:28] *** Quits: refs (~refs@p200300dd8714bb003c2edba6569256bc.dip0.t-ipconnect.de) (Quit: refs)
[02:50:35] *** Joins: figgis_ (~figgis@93.123.144.171)
[02:56:21] *** Quits: figgis_ (~figgis@93.123.144.171) (Read error: Connection reset by peer)
[02:58:06] *** Quits: fgsfds (~figgis@93.123.144.171) (Read error: Operation timed out)
[02:58:11] *** Joins: fgsfds (~figgis@93.123.144.171)
[03:07:28] *** Joins: figgis_ (~figgis@93.123.144.171)
[03:15:09] *** Quits: fgsfds (~figgis@93.123.144.171) (Read error: Operation timed out)
[05:01:19] *** Joins: miigotu_ (~miigotu@custip-162-217-53-192.esvabroadband.net)
[05:01:19] *** Quits: miigotu_ (~miigotu@custip-162-217-53-192.esvabroadband.net) (Connection closed)
[05:01:55] *** Joins: miigotu_ (~miigotu@custip-162-217-53-192.esvabroadband.net)
[05:03:39] *** Quits: miigotu (~miigotu@custip-162-217-53-192.esvabroadband.net) (Read error: Operation timed out)
[06:05:16] *** Quits: figgis_ (~figgis@93.123.144.171) (Read error: Connection reset by peer)
[06:06:43] *** Quits: refsw (~refsw@80.150.130.51) (Read error: Operation timed out)
[06:07:54] *** Joins: refsw (~refsw@80.150.130.51)
[06:07:56] *** Quits: hordak (hordak@cautio.us) (Read error: Operation timed out)
[06:08:14] *** Joins: hordak (~hordak@cautio.us)
[06:46:59] *** Quits: oldtopman (~oldtopman@97-118-95-21.hlrn.qwest.net) (Read error: Operation timed out)
[06:51:11] *** Joins: oldtopman (~oldtopman@97.118.95.21)
[07:07:33] *** Joins: zombie343 (zombie343@pool-74-108-60-233.nycmny.fios.verizon.net)
[07:24:46] *** Joins: refsw` (~refsw@80.150.130.51)
[07:24:46] *** Quits: eggster (~eggster@irchighway.eggy.cc) (Read error: Connection reset by peer)
[07:26:13] *** Quits: d3m3vilur (sid4654@id-4654.charlton.irccloud.com) (Read error: Operation timed out)
[07:26:17] *** Joins: d3m3vilur (sid4654@id-4654.charlton.irccloud.com)
[07:27:46] *** Quits: refsw (~refsw@80.150.130.51) (Read error: Operation timed out)
[07:42:27] *** Quits: zombie343 (zombie343@pool-74-108-60-233.nycmny.fios.verizon.net) (Killed (hub.efnet.us (Nick collision (new))))
[07:58:05] *** Quits: lex1 (lex@yuuh.pw) (Read error: Connection reset by peer)
[07:58:42] *** Joins: lex1 (lex@yuuh.pw)
[08:57:56] *** Joins: refsw2 (~refsw@80.150.130.51)
[09:00:13] *** Quits: refsw` (~refsw@80.150.130.51) (Read error: Operation timed out)
[09:03:13] *** Quits: averne (~averne@176-179-35-51.abo.bbox.fr) (quit)
[09:03:31] *** Joins: averne_ (~averne@176-179-35-51.abo.bbox.fr)
[09:03:31] *** Server sets mode: +stn 
[09:03:36] *** Quits: averne (~averne@176-179-35-51.abo.bbox.fr) (Read error: Connection reset by peer)
[09:05:28] *** Quits: d3m3vilur (sid4654@id-4654.charlton.irccloud.com) (Read error: Operation timed out)
[09:07:39] *** Joins: CCFL_Man_ (9b78bce0e7@c-73-64-119-64.hsd1.pa.comcast.net)
[09:14:28] *** Quits: blasty (~blasty@haxx.in) (Read error: Connection reset by peer)
[09:15:51] *** Quits: CCFL_Man (769b6917bf@c-73-64-119-64.hsd1.pa.comcast.net) (Read error: Operation timed out)
[09:21:52] *** Quits: Snetry (~sentry@dslb-178-001-203-104.178.001.pools.vodafone-ip.de) (Read error: Connection reset by peer)
[09:23:50] *** Joins: d3m3vilur (sid4654@id-4654.charlton.irccloud.com)
[09:27:25] *** Joins: Snetry (~sentry@dslb-178-001-203-104.178.001.pools.vodafone-ip.de)
[09:28:39] *** Joins: blasty (~blasty@haxx.in)
[10:50:50] *** Quits: d3m3vilur (sid4654@id-4654.charlton.irccloud.com) (Read error: Connection reset by peer)
[10:56:35] *** Quits: Snetry (~sentry@dslb-178-001-203-104.178.001.pools.vodafone-ip.de) (Read error: Operation timed out)
[11:11:10] *** Joins: blasty_ (~blasty@haxx.in)
[11:11:11] *** Quits: blasty (~blasty@haxx.in) (Read error: Connection reset by peer)
[11:14:22] *** Joins: Snetry (~sentry@dslb-178-001-203-104.178.001.pools.vodafone-ip.de)
[11:14:44] *** Joins: d3m3vilur (sid4654@id-4654.charlton.irccloud.com)
[11:39:41] *** Joins: nohit (sid334887@id-334887.hathersage.irccloud.com)
[11:39:41] *** Quits: averne_ (~averne@176-179-35-51.abo.bbox.fr) (quit)
[11:44:36] *** Joins: averne (~averne@176-179-35-51.abo.bbox.fr)
[11:44:36] *** Server sets mode: +stn 
[11:58:30] *** Joins: eggy (~eggster@irchighway.eggy.cc)
[12:20:42] *** Joins: ris2z (~2ri@static.200.38.9.176.clients.your-server.de)
[12:21:03] *** Joins: plutobot (~plutobot@188.166.26.149)
[12:23:17] *** Joins: DacoTaco (~DacoTaco@178-119-112-131.access.telenet.be)
[12:29:43] *** Quits: DacoTaco (~DacoTaco@178-119-112-131.access.telenet.be) (Ping timeout: 272 seconds)
[12:29:43] *** Quits: plutobot (~plutobot@188.166.26.149) (Ping timeout: 272 seconds)
[12:30:21] *** Quits: ris2z (~2ri@static.200.38.9.176.clients.your-server.de) (Ping timeout: 272 seconds)
[13:12:25] *** Joins: plutobot (~plutobot@188.166.26.149)
[13:12:48] *** Joins: DacoTaco (~DacoTaco@178-119-112-131.access.telenet.be)
[13:13:21] *** Joins: ris2z (~2ri@static.200.38.9.176.clients.your-server.de)
[13:42:09] *** Joins: zombie343 (zombie343@pool-74-108-60-233.nycmny.fios.verizon.net)
[13:42:09] *** Joins: oldtopman (~oldtopman@97-118-95-21.hlrn.qwest.net)
[13:58:23] *** Joins: lockna (~lockna@192-164-57-194.adsl.highway.telekom.at)
[14:09:35] *** Quits: lockna (~lockna@192-164-57-194.adsl.highway.telekom.at) (Quit: WeeChat 2.9)
[14:51:32] *** Joins: klanc (~klanc@2a00:6d40:40:58a3::1)
[16:04:47] *** Joins: fgsfds (~figgis@93.123.144.171)
[19:58:27] *** Quits: blasty_ (~blasty@haxx.in) (Read error: Operation timed out)
[20:05:25] *** Quits: averne (~averne@176-179-35-51.abo.bbox.fr) (quit)
[20:05:41] *** Joins: averne_ (~averne@176-179-35-51.abo.bbox.fr)
[20:05:41] *** Server sets mode: +stn 
[20:09:57] *** Quits: Snetry (~sentry@dslb-178-001-203-104.178.001.pools.vodafone-ip.de) (Read error: Connection reset by peer)
[20:14:09] *** Quits: lex1 (lex@yuuh.pw) (Read error: Operation timed out)
[20:15:38] *** Quits: averne (~averne@176-179-35-51.abo.bbox.fr) (Ping timeout: 857 seconds)
[20:17:22] *** Joins: lex1 (lex@yuuh.pw)
[20:19:39] *** Joins: Snetry (~sentry@dslb-178-001-203-104.178.001.pools.vodafone-ip.de)
[20:24:07] *** Joins: blasty (~blasty@haxx.in)
[20:44:42] *** Quits: zombie343 (zombie343@pool-74-108-60-233.nycmny.fios.verizon.net) (hub.efnet.us irc.Prison.NET)
[20:44:42] *** Quits: oldtopman (~oldtopman@97-118-95-21.hlrn.qwest.net) (hub.efnet.us irc.Prison.NET)
[20:50:19] *** Joins: lansiir (~oldtopman@97-118-95-21.hlrn.qwest.net)
[21:00:14] *** Joins: zombie343 (zombie343@74.108.60.233)
[21:17:23] *** Joins: rajkosto (~rajkosto@cable-178-149-122-96.dynamic.sbb.rs)
[21:41:49] *** Joins: refs (~refs@p200300dd87172000c027a5c61f7a18d0.dip0.t-ipconnect.de)
[22:11:08] *** Quits: Snetry (~sentry@dslb-178-001-203-104.178.001.pools.vodafone-ip.de) (Read error: Connection reset by peer)
[22:14:28] *** Quits: klanc (~klanc@2a00:6d40:40:58a3::1) (Ping timeout: 857 seconds)
[22:16:48] *** Quits: lex1 (lex@yuuh.pw) (Read error: Operation timed out)
[22:17:42] *** Joins: klanc (~klanc@2a00:6d40:40:58a3::1)
[22:19:01] *** Quits: blasty (~blasty@haxx.in) (Read error: Connection reset by peer)
[22:32:48] *** Joins: lex1 (lex@yuuh.pw)
[22:36:19] *** Joins: blasty (~blasty@haxx.in)
[22:36:44] *** Joins: Snetry (~sentry@dslb-178-001-203-104.178.001.pools.vodafone-ip.de)
[22:54:20] *** Quits: d3m3vilur (sid4654@id-4654.charlton.irccloud.com) (Ping timeout: 1221 seconds)
[22:56:01] *** Joins: d3m3vilur (sid4654@id-4654.charlton.irccloud.com)
[23:06:24] *** Joins: Sentry- (~sentry@dslb-178-001-203-104.178.001.pools.vodafone-ip.de)
[23:06:24] *** Quits: Snetry (~sentry@dslb-178-001-203-104.178.001.pools.vodafone-ip.de) (Read error: Connection reset by peer)
[23:33:08] *** Quits: rajkosto (~rajkosto@cable-178-149-122-96.dynamic.sbb.rs) (Read error: Connection reset by peer)
