[01:49:37] *** Quits: plutobot (~plutobot@188.166.26.149) (Ping timeout: 272 seconds)
[01:50:15] *** Quits: DacoTaco (~DacoTaco@178-119-112-131.access.telenet.be) (Ping timeout: 272 seconds)
[01:50:53] *** Quits: lansiir (~oldtopman@97-118-95-21.hlrn.qwest.net) (Ping timeout: 272 seconds)
[01:50:53] *** Quits: ris2z (~2ri@static.200.38.9.176.clients.your-server.de) (Ping timeout: 272 seconds)
[01:54:00] *** Quits: phigcloud (uid13896@2001:67c:2f08:4::3648) (Quit: Connection closed for inactivity)
[01:56:08] *** Joins: phigcloud (uid13896@2001:67c:2f08:4::3648)
[02:25:14] *** Quits: refs (~refs@p200300dd87172000c027a5c61f7a18d0.dip0.t-ipconnect.de) (Quit: refs)
[02:34:18] *** Joins: ris2z (~2ri@static.200.38.9.176.clients.your-server.de)
[02:34:31] *** Quits: nullstrin (~nullstrin@cermak.nullstring.io) (Read error: Operation timed out)
[02:34:59] *** Joins: plutobot (~plutobot@188.166.26.149)
[02:36:19] *** Joins: DacoTaco (~DacoTaco@178-119-112-131.access.telenet.be)
[02:38:16] *** Joins: nullstrin (~nullstrin@cermak.nullstring.io)
[03:23:23] *** Joins: rajkosto (~rajkosto@cable-178-149-122-96.dynamic.sbb.rs)
[04:36:57] *** CCFL_Man_ is now known as CCFL_Man
[05:03:16] *** Quits: sh0e (~sh0e@node1.eisenkopf.info) (Read error: Connection reset by peer)
[05:08:02] *** Joins: dibas_ (~dibas@wild.uberspace.de)
[05:08:02] *** Quits: dibas (~dibas@wild.uberspace.de) (Read error: Connection reset by peer)
[05:08:06] *** dibas_ is now known as dibas
[05:28:58] *** Joins: sh0e (~sh0e@node1.eisenkopf.info)
[05:37:03] *** Quits: lex1 (lex@yuuh.pw) (Read error: Operation timed out)
[05:40:59] *** Quits: d3m3vilur (sid4654@id-4654.charlton.irccloud.com) (Read error: Operation timed out)
[05:45:04] *** Joins: Snetry (~sentry@dslb-178-001-203-104.178.001.pools.vodafone-ip.de)
[05:45:36] *** Joins: lex1 (~lex@yuuh.pw)
[05:46:32] *** Quits: Sentry- (~sentry@dslb-178-001-203-104.178.001.pools.vodafone-ip.de) (Read error: Connection reset by peer)
[05:53:14] *** Joins: oldtopman (~oldtopman@97-118-95-21.hlrn.qwest.net)
[05:55:40] *** Quits: blasty (~blasty@haxx.in) (Read error: Connection reset by peer)
[05:56:14] *** Quits: Snetry (~sentry@dslb-178-001-203-104.178.001.pools.vodafone-ip.de) (Read error: Connection reset by peer)
[05:57:20] *** Joins: Snetry (~sentry@dslb-178-001-203-104.178.001.pools.vodafone-ip.de)
[06:00:33] *** Joins: d3m3vilur (sid4654@id-4654.charlton.irccloud.com)
[06:03:10] *** Joins: blasty (~blasty@haxx.in)
[06:03:35] *** Quits: DacoTaco (~DacoTaco@178-119-112-131.access.telenet.be) (Ping timeout: 272 seconds)
[06:04:51] *** Quits: plutobot (~plutobot@188.166.26.149) (Ping timeout: 272 seconds)
[06:05:28] *** Quits: oldtopman (~oldtopman@97-118-95-21.hlrn.qwest.net) (Ping timeout: 272 seconds)
[06:05:29] *** Quits: ris2z (~2ri@static.200.38.9.176.clients.your-server.de) (Ping timeout: 272 seconds)
[06:10:18] *** Quits: miigotu_ (~miigotu@custip-162-217-53-192.esvabroadband.net) (Ping timeout: 265 seconds)
[06:18:03] *** Joins: miigotu (~miigotu@custip-162-217-53-192.esvabroadband.net)
[06:23:54] *** Quits: tpw_rules (~tpw_rules@li1059-135.members.linode.com) (Read error: Operation timed out)
[06:25:19] *** Quits: endrift (~endrift@endrift.com) (Read error: Operation timed out)
[06:28:41] *** Quits: fgsfds (~figgis@93.123.144.171) (Leaving)
[06:31:42] *** Quits: lemmu (lemmy@2600:3c00:e000:2e:0:dead:beef:6) (Ping timeout: 615 seconds)
[06:32:53] *** Joins: endrift (~endrift@endrift.com)
[06:39:10] *** Joins: tpw_rules (~tpw_rules@li1059-135.members.linode.com)
[06:48:17] *** Joins: lemmy (lemmy@2600:3c00:e000:2e:0:dead:beef:6)
[07:59:42] *** Joins: ris2z (~2ri@static.200.38.9.176.clients.your-server.de)
[08:00:17] *** Joins: plutobot (~plutobot@188.166.26.149)
[08:00:43] *** Joins: DacoTaco (~DacoTaco@178-119-112-131.access.telenet.be)
[08:36:25] *** Quits: rajkosto (~rajkosto@cable-178-149-122-96.dynamic.sbb.rs) (Read error: Connection reset by peer)
[10:07:02] *** Quits: lameboy (~lameboy@202-47-121-182.cust.dcsi.net.au) (Quit: Astalabyebye...)
[10:12:59] *** Quits: klanc (~klanc@2a00:6d40:40:58a3::1) (Read error: Operation timed out)
[10:16:18] *** Joins: Sentry- (~sentry@dslb-178-001-203-104.178.001.pools.vodafone-ip.de)
[10:16:26] *** Quits: Snetry (~sentry@dslb-178-001-203-104.178.001.pools.vodafone-ip.de) (Read error: Connection reset by peer)
[10:24:59] *** Joins: lameboy (~lameboy@202-47-121-182.cust.dcsi.net.au)
[10:25:40] *** Quits: Sentry- (~sentry@dslb-178-001-203-104.178.001.pools.vodafone-ip.de) (Read error: Connection reset by peer)
[10:26:38] *** Quits: lex1 (~lex@yuuh.pw) (Ping timeout: 857 seconds)
[10:32:23] *** Quits: blasty (~blasty@haxx.in) (Read error: Connection reset by peer)
[10:33:15] *** Joins: blasty_ (~blasty@haxx.in)
[10:37:30] *** Joins: lex1 (lex@yuuh.pw)
[10:38:12] *** Joins: klanc (~klanc@2a00:6d40:40:58a3::1)
[10:42:42] *** Joins: Snetry (~sentry@dslb-178-001-203-104.178.001.pools.vodafone-ip.de)
[10:53:56] *** Joins: blasty (~blasty@haxx.in)
[10:53:56] *** Quits: blasty_ (~blasty@haxx.in) (Read error: Connection reset by peer)
[11:04:52] *** Joins: Sentry- (~sentry@dslb-178-001-203-104.178.001.pools.vodafone-ip.de)
[11:04:52] *** Quits: Snetry (~sentry@dslb-178-001-203-104.178.001.pools.vodafone-ip.de) (Read error: Connection reset by peer)
[11:07:23] *** Joins: blasty_ (~blasty@haxx.in)
[11:07:23] *** Quits: blasty (~blasty@haxx.in) (Read error: Connection reset by peer)
[12:47:18] *** Joins: lameboy2 (~lameboy@202-47-121-182.cust.dcsi.net.au)
[12:50:37] *** Quits: lameboy (~lameboy@202-47-121-182.cust.dcsi.net.au) (Ping timeout: 610 seconds)
[12:50:37] *** lameboy2 is now known as lameboy
[13:43:39] *** Joins: oldtopman (~oldtopman@97-118-95-21.hlrn.qwest.net)
[16:01:04] *** Joins: fgsfds (~figgis@93.123.144.171)
[16:09:51] *** Joins: foghorn2 (~meh@2600:1700:8af0:a950:2dd1:c5fa:47cd:c01)
[16:16:16] *** Quits: foghorn3 (~meh@2600:1700:8af0:a950:a523:5346:a78d:c139) (Read error: Operation timed out)
[17:59:56] *** Quits: averne_ (~averne@176-179-35-51.abo.bbox.fr) (quit)
[18:01:02] *** Joins: averne (~averne@176-179-35-51.abo.bbox.fr)
[18:01:02] *** Server sets mode: +stn 
[18:10:07] *** Quits: nullstrin (~nullstrin@cermak.nullstring.io) (Read error: Operation timed out)
[18:14:00] *** Joins: nullstrin (~nullstrin@cermak.nullstring.io)
[18:17:00] *** Quits: averne (~averne@176-179-35-51.abo.bbox.fr) (quit)
[18:27:49] *** Joins: averne (~averne@176-179-35-51.abo.bbox.fr)
[18:27:50] *** Server sets mode: +stn 
[18:30:51] *** Quits: averne (~averne@176-179-35-51.abo.bbox.fr) (quit)
[18:43:01] *** Joins: averne (~averne@176-179-35-51.abo.bbox.fr)
[18:43:01] *** Server sets mode: +stn 
[19:07:20] *** Quits: averne (~averne@176-179-35-51.abo.bbox.fr) (quit)
[19:17:54] *** Quits: averne (averne@) (quit)
[19:18:13] *** Joins: averne (~averne@176-179-35-51.abo.bbox.fr)
[19:18:13] *** Server sets mode: +stn 
[19:21:14] *** Quits: averne (~averne@176-179-35-51.abo.bbox.fr) (quit)
[19:31:34] *** Quits: averne (averne@) (quit)
[19:37:57] *** Quits: averne (averne@) (quit)
[19:47:08] *** Joins: averne (~averne@176-179-35-51.abo.bbox.fr)
[19:47:09] *** Server sets mode: +stn 
[19:56:36] *** Quits: averne (~averne@176-179-35-51.abo.bbox.fr) (quit)
[20:03:22] *** Quits: averne (averne@) (quit)
[20:10:20] *** Joins: averne (~averne@176-179-35-51.abo.bbox.fr)
[20:10:22] *** Server sets mode: +stn 
[20:15:31] *** Quits: averne (~averne@176-179-35-51.abo.bbox.fr) (quit)
[20:26:25] *** Joins: averne (~averne@176-179-35-51.abo.bbox.fr)
[20:26:28] *** Server sets mode: +stn 
[20:29:29] *** Quits: averne (~averne@176-179-35-51.abo.bbox.fr) (quit)
[20:59:09] *** Joins: averne (~averne@176-179-35-51.abo.bbox.fr)
[20:59:10] *** Server sets mode: +stn 
[21:04:28] *** Quits: averne (~averne@176-179-35-51.abo.bbox.fr) (quit)
[21:17:19] *** Joins: averne (~averne@176-179-35-51.abo.bbox.fr)
[21:17:21] *** Server sets mode: +stn 
[21:20:22] *** Quits: averne (~averne@176-179-35-51.abo.bbox.fr) (quit)
[21:23:51] *** Joins: averne (~averne@176-179-35-51.abo.bbox.fr)
[21:23:51] *** Server sets mode: +stn 
[22:38:14] *** Quits: d3m3vilur (sid4654@id-4654.charlton.irccloud.com) (Read error: Operation timed out)
[22:40:28] *** Quits: blasty_ (~blasty@haxx.in) (Read error: Connection reset by peer)
[22:48:57] *** Quits: klanc (~klanc@2a00:6d40:40:58a3::1) (Read error: Connection reset by peer)
[22:49:09] *** Quits: Sentry- (~sentry@dslb-178-001-203-104.178.001.pools.vodafone-ip.de) (Ping timeout: 857 seconds)
[22:52:41] *** Joins: figgis_ (~figgis@93.123.144.171)
[22:53:25] *** Quits: endrift (~endrift@endrift.com) (Read error: Operation timed out)
[22:54:00] *** Joins: endrift (~endrift@endrift.com)
[22:54:01] *** Quits: nullstrin (~nullstrin@cermak.nullstring.io) (Read error: Operation timed out)
[22:54:16] *** Quits: awordnot (~awordnot@c-71-194-7-27.hsd1.il.comcast.net) (Read error: Connection reset by peer)
[22:55:00] *** Joins: awordnot (~awordnot@c-71-194-7-27.hsd1.il.comcast.net)
[22:55:14] *** Quits: zombie343 (zombie343@74.108.60.233) (Read error: Operation timed out)
[22:55:19] *** Joins: klanc (~klanc@2a00:6d40:40:58a3::1)
[22:56:10] *** Quits: |Shadow| (~Shadow1@ip68-12-213-93.ok.ok.cox.net) (Read error: Operation timed out)
[22:57:12] *** Joins: zombie343 (zombie343@pool-74-108-60-233.nycmny.fios.verizon.net)
[22:57:17] *** Joins: |Shadow| (~Shadow1@ip68-12-213-93.ok.ok.cox.net)
[22:57:42] *** Joins: d3m3vilur (sid4654@id-4654.charlton.irccloud.com)
[22:58:35] *** Joins: blasty (~blasty@haxx.in)
[22:59:05] *** Joins: nullstrin (~nullstrin@cermak.nullstring.io)
[23:00:28] *** Quits: fgsfds (~figgis@93.123.144.171) (Read error: Operation timed out)
[23:10:12] *** Quits: d3m3vilur (sid4654@id-4654.charlton.irccloud.com) (Read error: Operation timed out)
[23:10:16] *** Joins: d3m3vilur (sid4654@id-4654.charlton.irccloud.com)
[23:27:37] *** Quits: d3m3vilur (sid4654@id-4654.charlton.irccloud.com) (Read error: Operation timed out)
[23:32:34] *** Joins: d3m3vilur (sid4654@id-4654.charlton.irccloud.com)
