[00:38:33] *** Quits averne (quit)
[00:41:54] *** Joins averne
[00:41:55] *** Server sets mode: +stn 
[00:54:36] *** Quits averne (quit)
[00:54:57] *** Joins averne
[00:54:57] *** Server sets mode: +stn 
[02:41:49] *** Joins refs
[04:26:05] *** Quits refs (Quit: refs)
[06:41:09] *** Quits DacoTaco (Ping timeout: 272 seconds)
[06:41:09] *** Quits plutobot (Ping timeout: 272 seconds)
[06:42:11] *** Quits miigotu (Ping timeout: 610 seconds)
[06:43:03] *** Quits oldtopman (Ping timeout: 272 seconds)
[06:43:03] *** Quits ris2z (Ping timeout: 272 seconds)
[06:58:27] *** Joins oldtopman
[07:10:01] *** Quits figgis_ (Read error: Connection reset by peer)
[07:47:27] *** Joins ris2z
[07:47:32] *** Joins plutobot
[07:50:24] *** Joins DacoTaco
[08:42:15] *** Joins anewuser
[09:23:47] *** Joins foghorn3
[09:25:43] *** Quits phigcloud (Ping timeout: 265 seconds)
[09:27:51] *** Joins phigcloud
[09:28:55] *** Quits foghorn2 (Read error: Operation timed out)
[09:31:03] *** Quits averne (quit)
[09:38:54] *** Joins averne
[09:38:55] *** Server sets mode: +stn 
[09:52:25] *** Quits averne (quit)
[10:04:23] *** Joins averne
[10:04:23] *** Server sets mode: +stn 
[10:34:15] *** Quits oldtopman (hub.efnet.us irc.Prison.NET)
[10:34:44] *** Joins ris2z
[10:35:07] *** Joins plutobot
[10:39:55] *** Quits plutobot (Ping timeout: 272 seconds)
[10:41:11] *** Quits ris2z (Ping timeout: 272 seconds)
[11:44:47] *** Joins ris2z
[11:45:18] *** Joins plutobot
[11:45:59] *** Joins DacoTaco
[12:01:36] *** Quits averne (quit)
[12:05:57] *** Joins averne_
[12:05:57] *** Server sets mode: +stn 
[12:13:00] *** Quits averne (Ping timeout: 857 seconds)
[13:04:20] *** Quits d3m3vilur (Read error: Operation timed out)
[13:04:24] *** Joins d3m3vilur
[15:20:04] *** Quits foghorn3 (Quit: Leaving)
[15:27:16] *** Joins fgsfds
[20:04:13] *** Quits DacoTaco (Ping timeout: 272 seconds)
[20:04:13] *** Quits ris2z (Ping timeout: 272 seconds)
[20:06:07] *** Quits plutobot (Ping timeout: 272 seconds)
[20:49:12] *** Joins ris2z
[20:49:13] *** Joins plutobot
[20:49:55] *** Joins DacoTaco
[22:21:39] *** Quits DacoTaco (Ping timeout: 272 seconds)
[22:22:55] *** Quits plutobot (Ping timeout: 272 seconds)
[22:23:33] *** Quits ris2z (Ping timeout: 272 seconds)
[23:05:40] *** Joins plutobot
[23:06:01] *** Joins ris2z
[23:06:39] *** Joins DacoTaco
[23:51:22] *** Joins foghorn
