[00:00:19] *** Joins: figgis_ (~figgis@93.123.144.171)
[00:01:12] *** Quits: miigotu (~miigotu@custip-162-217-53-192.esvabroadband.net) (Read error: Operation timed out)
[00:01:39] *** Quits: nullstrin (~nullstrin@cermak.nullstring.io) (Read error: Operation timed out)
[00:01:53] *** Quits: endrift (~endrift@endrift.com) (Read error: Operation timed out)
[00:02:15] *** Quits: awordnot (~awordnot@c-71-194-7-27.hsd1.il.comcast.net) (Read error: Operation timed out)
[00:02:28] *** Joins: endrift (~endrift@endrift.com)
[00:02:34] *** Joins: hordak_ (hordak@cautio.us)
[00:02:35] *** Joins: miigotu (~miigotu@custip-162-217-53-192.esvabroadband.net)
[00:03:13] *** Joins: awordnot (~awordnot@c-71-194-7-27.hsd1.il.comcast.net)
[00:03:28] *** Joins: TAL_ (~TAL@defiant.tlercher.de)
[00:03:53] *** Quits: |Shadow| (~Shadow1@ip68-12-213-93.ok.ok.cox.net) (Read error: Operation timed out)
[00:05:02] *** Joins: |Shadow| (~Shadow1@ip68-12-213-93.ok.ok.cox.net)
[00:05:25] *** Quits: hordak (hordak@cautio.us) (Read error: Operation timed out)
[00:05:25] *** hordak_ is now known as hordak
[00:06:43] *** Joins: nullstrin (~nullstrin@cermak.nullstring.io)
[00:08:04] *** Quits: fgsfds (~figgis@93.123.144.171) (Read error: Operation timed out)
[00:08:10] *** Joins: MasterGK (~ghabry@datengurke.mastergk.de)
[00:10:33] *** Joins: sh0e- (~sh0e@node1.eisenkopf.info)
[00:11:25] *** Joins: Jbdye (~furry4lif@me.jdbye.com)
[00:11:32] *** Quits: Ghabry (~ghabry@datengurke.mastergk.de) (Ping timeout: 745 seconds)
[00:12:07] *** Quits: sh0e (~sh0e@node1.eisenkopf.info) (Ping timeout: 745 seconds)
[00:12:07] *** Quits: dibas (~dibas@wild.uberspace.de) (Ping timeout: 745 seconds)
[00:12:08] *** Quits: coriolis (~coriolis@ns398009.ip-192-95-24.net) (Ping timeout: 745 seconds)
[00:12:08] *** Quits: nrq_ (~nrq@ns340910.ip-37-59-40.eu) (Ping timeout: 745 seconds)
[00:12:08] *** Quits: Jdbye (~furry4lif@me.jdbye.com) (Ping timeout: 745 seconds)
[00:12:09] *** Jbdye is now known as Jdbye
[00:12:46] *** Quits: hthh (~hthh@hh.ht) (Ping timeout: 745 seconds)
[00:13:17] *** Quits: TAL (~TAL@defiant.tlercher.de) (Ping timeout: 745 seconds)
[00:15:45] *** Joins: nrq (~nrq@ns340910.ip-37-59-40.eu)
[00:17:28] *** Joins: coriolis (~coriolis@2607:5300:60:2885::1)
[00:18:52] *** Joins: GerbilSof (~GerbilSof@108.24.138.55)
[01:03:01] *** Quits: oldtopman (~oldtopman@97-118-95-21.hlrn.qwest.net) (Quit: *poof*)
[01:03:24] *** Joins: oldtopman (~oldtopman@97-118-95-21.hlrn.qwest.net)
[02:14:59] *** Joins: dibas (~dibas@wild.uberspace.de)
[02:16:35] *** Joins: hthh (~hthh@hh.ht)
[02:22:00] *** Joins: TheLat (webchat@c-98-207-138-185.hsd1.ca.comcast.net)
[02:22:40] <TheLat> Is there a standard way for doing high-precision timers on the Switch?  I found this, but I would like to do this correctly:
[02:22:55] <TheLat> u64 elapsed = armGetSystemTick() - s_startTicks;
[02:23:00] <TheLat> return (elapsed * 625 / 12) / 1000000000.0;
[02:23:11] <TheLat> This appears to work correctly.
[04:21:56] *** Quits: refs (~refs@p200300dd873ef10029f8b011bd06578d.dip0.t-ipconnect.de) (Quit: refs)
[04:41:51] *** Quits: TheLat (webchat@c-98-207-138-185.hsd1.ca.comcast.net) (Ping timeout: 252 seconds)
[04:47:38] <endrift> er
[04:47:42] <endrift> he's gone now but
[04:47:58] <endrift> it would probably be better to simplify that by doing return elapsed / 19200000.0;
[04:48:09] <endrift> you won't lose precision as badly that way
[04:48:31] <endrift> what is that value, anyway? 19.2 MHz?
[04:48:36] <endrift> Is that some base clock?
[05:02:00] *** Quits: figgis_ (~figgis@93.123.144.171) (Read error: Connection reset by peer)
[05:41:20] *** Quits: GerbilSof (~GerbilSof@108.24.138.55) (Windows must now restart because the Remote Procedure Call (RPC) service terminated unexpectedly.)
[05:41:49] *** Joins: GerbilSof (~GerbilSof@pool-108-24-138-55.cmdnnj.fios.verizon.net)
[06:15:21] *** Joins: TheLat (webchat@c-98-207-138-185.hsd1.ca.comcast.net)
[07:10:27] *** Quits: TheLat (webchat@c-98-207-138-185.hsd1.ca.comcast.net) (Ping timeout: 252 seconds)
[08:24:58] *** Quits: averne (~averne@176-179-35-51.abo.bbox.fr) (quit)
[08:25:17] *** Joins: averne_ (~averne@176-179-35-51.abo.bbox.fr)
[08:25:17] *** Quits: averne (~averne@176-179-35-51.abo.bbox.fr) (Read error: Connection reset by peer)
[08:25:17] *** Server sets mode: +stn 
[08:26:36] *** Quits: klanc (~klanc@2a00:6d40:40:58a3::1) (Read error: Operation timed out)
[08:28:39] *** Quits: blasty (~blasty@haxx.in) (Read error: Connection reset by peer)
[08:29:31] *** Quits: d3m3vilur (~sid4654@id-4654.charlton.irccloud.com) (Read error: Operation timed out)
[08:55:26] *** Joins: d3m3vilur (sid4654@charlton.irccloud.com)
[08:58:34] *** Joins: blasty (~blasty@haxx.in)
[09:17:30] *** Quits: lex1 (lex@yuuh.pw) (Read error: Connection reset by peer)
[09:17:35] *** Joins: lex2 (lex@yuuh.pw)
[09:17:39] *** lex2 is now known as lex1
[09:31:36] *** Quits: blasty (~blasty@haxx.in) (Read error: Connection reset by peer)
[09:34:41] *** Quits: lex1 (lex@yuuh.pw) (Read error: Operation timed out)
[09:51:08] *** Quits: d3m3vilur (sid4654@charlton.irccloud.com) (Read error: Connection reset by peer)
[09:55:22] *** Joins: d3m3vilur (sid4654@id-4654.charlton.irccloud.com)
[09:59:17] *** Joins: blasty (~blasty@haxx.in)
[10:01:50] *** Joins: lex1 (lex@yuuh.pw)
[11:43:56] *** Joins: foghorn3 (~meh@107-198-163-1.lightspeed.rcsntx.sbcglobal.net)
[11:45:35] *** Joins: flagrama (flagrama@id-145621.stonehaven.irccloud.com)
[11:46:11] *** Quits: nohit (sid334887@id-334887.hathersage.irccloud.com) (Ping timeout: 272 seconds)
[11:46:15] *** Joins: nohit (sid334887@id-334887.hathersage.irccloud.com)
[11:50:21] *** Quits: foghorn2 (~meh@2600:1700:8af0:a950:c955:261c:f519:9ed7) (Read error: Operation timed out)
[17:33:19] *** Joins: GerbilS2 (~GerbilSof@pool-108-24-138-55.cmdnnj.fios.verizon.net)
[17:33:19] *** Quits: GerbilSof (~GerbilSof@pool-108-24-138-55.cmdnnj.fios.verizon.net) (Read error: Connection reset by peer)
[18:22:22] *** Joins: fgsfds (~figgis@93.123.144.171)
[21:36:29] *** Joins: refs (~refs@p200300dd870f0600ac8f0565352397aa.dip0.t-ipconnect.de)
[22:03:09] *** Quits: GerbilS2 (~GerbilSof@pool-108-24-138-55.cmdnnj.fios.verizon.net) (Quit: Windows must now restart because the Remote Procedure Call (RPC) service terminated unexpectedly.)
[22:05:44] *** Joins: GerbilSof (~GerbilSof@pool-108-24-138-55.cmdnnj.fios.verizon.net)
