[00:38:47] *** Joins: miigotu_ (~miigotu@custip-162-217-53-192.esvabroadband.net)
[00:40:07] *** Quits: miigotu (~miigotu@custip-162-217-53-192.esvabroadband.net) (Read error: Operation timed out)
[01:27:49] *** Quits: refs (~refs@p200300dd871780007c34a9984ba4f15e.dip0.t-ipconnect.de) (Quit: refs)
[03:24:03] *** Quits: nullstrin (~nullstrin@cermak.nullstring.io) (Read error: Operation timed out)
[03:27:49] *** Joins: nullstrin (~nullstrin@cermak.nullstring.io)
[06:23:34] *** Joins: |Shadow|_ (~Shadow1@ip68-12-213-93.ok.ok.cox.net)
[06:23:40] *** Quits: |Shadow| (~Shadow1@ip68-12-213-93.ok.ok.cox.net) (Read error: Operation timed out)
[06:25:23] *** Quits: ris2z (~2ri@static.200.38.9.176.clients.your-server.de) (Ping timeout: 186 seconds)
[06:29:14] *** Joins: ris2z (~2ri@static.200.38.9.176.clients.your-server.de)
[06:32:51] *** Quits: ris2z (~2ri@static.200.38.9.176.clients.your-server.de) (Ping timeout: 186 seconds)
[06:35:37] *** Joins: ris2z (~2ri@static.200.38.9.176.clients.your-server.de)
[06:40:33] *** Quits: fgsfds (~figgis@93.123.144.171) (Read error: Operation timed out)
[06:53:02] *** Quits: lex1 (lex@yuuh.pw) (Read error: Operation timed out)
[06:54:00] *** Quits: d3m3vilur (sid4654@id-4654.charlton.irccloud.com) (Read error: Operation timed out)
[06:54:25] *** Quits: blasty (~blasty@haxx.in) (Read error: Connection reset by peer)
[06:54:54] *** Joins: d3m3vilur (sid4654@2001:67c:2f08:3::122e)
[06:55:15] *** Joins: lex1 (lex@yuuh.pw)
[07:01:05] *** Joins: blasty (~blasty@haxx.in)
[07:41:38] *** Quits: uyjulian (~uyjulian@69-110-38-205.lightspeed.lbcktx.sbcglobal.net) (Read error: Connection reset by peer)
[07:41:57] *** Joins: uyjulian (~uyjulian@69-110-38-205.lightspeed.lbcktx.sbcglobal.net)
[08:10:13] *** Joins: miigotu (~miigotu@custip-162-217-53-192.esvabroadband.net)
[08:12:48] *** Quits: miigotu_ (~miigotu@custip-162-217-53-192.esvabroadband.net) (Ping timeout: 265 seconds)
[09:25:21] *** Quits: |Shadow|_ (~Shadow1@ip68-12-213-93.ok.ok.cox.net) ()
[09:32:22] *** Joins: |Shadow| (~Shadow1@ip68-12-213-93.ok.ok.cox.net)
[10:00:42] *** Quits: zombie343 (zombie343@74.108.60.233) (Read error: Operation timed out)
[10:00:59] *** Joins: zombie343 (~zombie343@pool-74-108-60-233.nycmny.fios.verizon.net)
[10:33:26] *** Joins: CCFL_Man_ (ce6445b76d@c-73-64-119-64.hsd1.pa.comcast.net)
[10:33:26] *** Quits: CCFL_Man (9b78bce0e7@c-73-64-119-64.hsd1.pa.comcast.net) (Read error: Connection reset by peer)
[11:34:45] *** Joins: IShaDoWl (~IShaDoWl@131.red-79-150-215.dynamicip.rima-tde.net)
[11:38:53] *** Quits: |Shadow| (~Shadow1@ip68-12-213-93.ok.ok.cox.net) (Read error: Operation timed out)
[11:39:27] *** Joins: |Shadow| (~Shadow1@ip68-12-213-93.ok.ok.cox.net)
[12:31:23] *** Joins: lameboy2 (~lameboy@202-47-121-182.cust.dcsi.net.au)
[12:38:27] *** Quits: lameboy (~lameboy@202-47-121-182.cust.dcsi.net.au) (Read error: Operation timed out)
[12:38:31] *** lameboy2 is now known as lameboy
[13:10:47] *** CCFL_Man_ is now known as CCFL_Man
[13:21:22] <CCFL_Man> presto changO- 
[13:32:52] *** Joins: TAL_ (~TAL@defiant.tlercher.de)
[13:39:22] *** Quits: TAL (~TAL@defiant.tlercher.de) (Ping timeout: 745 seconds)
[14:33:35] *** Joins: fgsfds (~figgis@93.123.144.171)
[16:46:24] *** Quits: CCFL_Man (ce6445b76d@c-73-64-119-64.hsd1.pa.comcast.net) (Read error: Operation timed out)
[16:47:42] *** Joins: CCFL_Man (55c0ee8515@c-73-64-119-64.hsd1.pa.comcast.net)
[17:08:05] *** Joins: giglife_ (giglife@CPE0492268436b0-CM688f2e1dc9d0.cpe.net.cable.rogers.com)
[18:54:47] *** Quits: phigcloud (uid13896@192.184.10.9) (Read error: Connection reset by peer)
[18:55:11] *** Joins: phigcloud (uid13896@2001:67c:2f08:4::3648)
[19:30:19] *** TAL_ is now known as TAL
[20:50:11] *** Joins: refs (~refs@p200300dd87185000013939edf9d820cb.dip0.t-ipconnect.de)
[21:04:39] *** Quits: nullstrin (~nullstrin@cermak.nullstring.io) (Read error: Operation timed out)
[21:08:27] *** Joins: nullstrin (~nullstrin@cermak.nullstring.io)
[21:17:05] *** Joins: Behemoth (~quassel@vmd39331.contaboserver.net)
[21:19:30] *** Quits: GerbilSof (~GerbilSof@pool-108-24-138-55.cmdnnj.fios.verizon.net) (Read error: Connection reset by peer)
[21:21:27] *** Quits: Behemoth_ (~quassel@vmd39331.contaboserver.net) (Read error: Connection reset by peer)
[21:25:03] *** Joins: GerbilSof (~GerbilSof@pool-108-24-138-55.cmdnnj.fios.verizon.net)
[22:13:19] *** Quits: m4tsa (~mats@s17612523596.blix.com) (Ping timeout: 265 seconds)
[23:33:55] *** Joins: Behemoth_ (~quassel@vmd39331.contaboserver.net)
[23:34:08] *** Quits: |Shadow| (~Shadow1@ip68-12-213-93.ok.ok.cox.net) (Read error: Operation timed out)
[23:35:06] *** Joins: fincs_ (~fincs@bnc.devkitpro.org)
[23:36:03] *** Joins: omlet05 (~quassel@omlet.ovh)
[23:36:32] *** Joins: TAL_ (~TAL@defiant.tlercher.de)
[23:36:45] *** Joins: b0nez_ (~b0nez@162.248.221.94)
[23:37:30] *** Joins: |Shadow| (~Shadow1@ip68-12-213-93.ok.ok.cox.net)
[23:43:31] *** Joins: Stary_ (~Stary@thonk.9net.org)
[23:47:49] *** Quits: Behemoth (~quassel@vmd39331.contaboserver.net) (se.hub irc.underworld.no)
[23:47:49] *** Quits: phigcloud (uid13896@2001:67c:2f08:4::3648) (se.hub irc.underworld.no)
[23:47:49] *** Quits: TAL (~TAL@defiant.tlercher.de) (se.hub irc.underworld.no)
[23:47:49] *** Quits: WntrMute (~wntrmute@bnc.devkitpro.org) (se.hub irc.underworld.no)
[23:47:49] *** Quits: b0nez (b0nez@162.248.221.94) (se.hub irc.underworld.no)
[23:47:49] *** Quits: fincs (~fincs@bnc.devkitpro.org) (se.hub irc.underworld.no)
[23:47:49] *** Quits: omlet05_ (~quassel@omlet.ovh) (se.hub irc.underworld.no)
[23:47:49] *** Quits: Stary (~Stary@thonk.9net.org) (se.hub irc.underworld.no)
[23:48:57] *** Joins: WntrDeaf (~wntrmute@bnc.devkitpro.org)
