[00:03:05] *** fincs_ is now known as fincs
[00:03:27] *** WntrDeaf is now known as WntrMute
[01:33:07] *** Quits: IShaDoWl (~IShaDoWl@131.red-79-150-215.dynamicip.rima-tde.net) ()
[01:43:29] *** Quits: nullstrin (~nullstrin@cermak.nullstring.io) (Read error: Operation timed out)
[01:47:14] *** Joins: nullstrin (~nullstrin@cermak.nullstring.io)
[02:29:34] *** Quits: refs (~refs@p200300dd87185000013939edf9d820cb.dip0.t-ipconnect.de) (Quit: refs)
[03:46:44] *** Quits: |Shadow| (~Shadow1@ip68-12-213-93.ok.ok.cox.net) (Read error: Operation timed out)
[03:46:52] *** Joins: |Shadow| (~Shadow1@ip68-12-213-93.ok.ok.cox.net)
[04:06:30] *** Quits: fgsfds (~figgis@93.123.144.171) (Leaving)
[04:13:01] *** Joins: fgsfds (~figgis@93.123.144.171)
[05:09:41] *** Joins: omlet05_ (~quassel@omlet.ovh)
[05:14:11] *** Quits: omlet05 (~quassel@omlet.ovh) (Read error: Connection reset by peer)
[05:21:30] *** Quits: d3m3vilur (sid4654@2001:67c:2f08:3::122e) (Read error: Operation timed out)
[05:26:50] *** Quits: blasty (~blasty@haxx.in) (Ping timeout: 857 seconds)
[05:40:06] *** Quits: lameboy (~lameboy@202-47-121-182.cust.dcsi.net.au) (Read error: Operation timed out)
[05:41:44] *** Quits: lex1 (lex@yuuh.pw) (Read error: Operation timed out)
[05:48:28] *** Joins: lameboy (~lameboy@202-47-121-182.cust.dcsi.net.au)
[05:49:47] *** Quits: lameboy (~lameboy@202-47-121-182.cust.dcsi.net.au) (Read error: Connection reset by peer)
[05:50:45] *** Joins: lex1 (lex@yuuh.pw)
[05:51:53] *** Joins: lameboy (~lameboy@202-47-121-182.cust.dcsi.net.au)
[05:53:11] *** Joins: d3m3vilur (sid4654@charlton.irccloud.com)
[05:54:21] *** Joins: blasty (~blasty@haxx.in)
[06:08:00] *** Joins: blasty_ (~blasty@haxx.in)
[06:08:00] *** Quits: blasty (~blasty@haxx.in) (Read error: Connection reset by peer)
[06:13:25] *** Joins: blasty (~blasty@haxx.in)
[06:13:25] *** Quits: blasty_ (~blasty@haxx.in) (Read error: Connection reset by peer)
[06:52:01] *** Quits: fgsfds (~figgis@93.123.144.171) (Read error: Connection reset by peer)
[08:10:14] *** Quits: GerbilSof (~GerbilSof@pool-108-24-138-55.cmdnnj.fios.verizon.net) (Read error: Operation timed out)
[08:24:42] *** Joins: GerbilSof (~GerbilSof@pool-108-24-138-55.cmdnnj.fios.verizon.net)
[08:31:26] *** Quits: |Shadow| (~Shadow1@ip68-12-213-93.ok.ok.cox.net) (Read error: Connection reset by peer)
[08:36:47] *** Joins: |Shadow| (~Shadow1@ip68-12-213-93.ok.ok.cox.net)
[08:49:14] *** Joins: |Shadow|_ (~Shadow1@ip68-12-213-93.ok.ok.cox.net)
[08:53:47] *** Quits: |Shadow| (~Shadow1@ip68-12-213-93.ok.ok.cox.net) (Read error: Operation timed out)
[08:54:17] *** |Shadow|_ is now known as |Shadow|
[09:11:42] *** Quits: |Shadow| (~Shadow1@ip68-12-213-93.ok.ok.cox.net) (Read error: Connection reset by peer)
[09:17:03] *** Joins: |Shadow| (~Shadow1@ip68-12-213-93.ok.ok.cox.net)
[10:02:04] *** TAL_ is now known as TAL
[10:39:32] *** Joins: IShaDoWl (~IShaDoWl@131.red-79-150-215.dynamicip.rima-tde.net)
[10:50:05] *** Joins: |Shadow|_ (~Shadow1@ip68-12-213-93.ok.ok.cox.net)
[10:54:29] *** Quits: |Shadow| (~Shadow1@ip68-12-213-93.ok.ok.cox.net) (Read error: Operation timed out)
[10:54:32] *** |Shadow|_ is now known as |Shadow|
[11:30:30] *** Quits: |Shadow| (~Shadow1@ip68-12-213-93.ok.ok.cox.net) (Read error: Operation timed out)
[11:33:25] *** Joins: |Shadow| (~Shadow1@ip68-12-213-93.ok.ok.cox.net)
[12:24:40] *** giglife_ is now known as giglife
[12:30:32] *** Quits: |Shadow| (~Shadow1@ip68-12-213-93.ok.ok.cox.net) (Read error: Operation timed out)
[12:32:22] *** Joins: |Shadow| (~Shadow1@ip68-12-213-93.ok.ok.cox.net)
[12:44:02] *** Joins: |Shadow|_ (~Shadow1@ip68-12-213-93.ok.ok.cox.net)
[12:47:58] *** Quits: |Shadow| (~Shadow1@ip68-12-213-93.ok.ok.cox.net) (Read error: Operation timed out)
[12:48:01] *** |Shadow|_ is now known as |Shadow|
[13:05:27] *** Quits: |Shadow| (~Shadow1@ip68-12-213-93.ok.ok.cox.net) (Read error: Operation timed out)
[13:05:31] *** Joins: |Shadow| (~Shadow1@ip68-12-213-93.ok.ok.cox.net)
[13:17:31] *** Joins: |Shadow|_ (~Shadow1@ip68-12-213-93.ok.ok.cox.net)
[13:18:40] *** Quits: |Shadow| (~Shadow1@ip68-12-213-93.ok.ok.cox.net) (Read error: Operation timed out)
[13:20:45] *** |Shadow|_ is now known as |Shadow|
[13:43:08] *** Quits: |Shadow| (~Shadow1@ip68-12-213-93.ok.ok.cox.net) (Read error: Connection reset by peer)
[13:43:27] *** Joins: |Shadow| (~Shadow1@ip68-12-213-93.ok.ok.cox.net)
[13:55:17] *** Joins: |Shadow|_ (~Shadow1@ip68-12-213-93.ok.ok.cox.net)
[13:59:45] *** Quits: |Shadow| (~Shadow1@ip68-12-213-93.ok.ok.cox.net) (Read error: Operation timed out)
[14:09:04] *** Joins: |Shadow| (~Shadow1@ip68-12-213-93.ok.ok.cox.net)
[14:09:11] *** Quits: |Shadow|_ (~Shadow1@ip68-12-213-93.ok.ok.cox.net) (Read error: Operation timed out)
[14:18:46] *** Quits: |Shadow| (~Shadow1@ip68-12-213-93.ok.ok.cox.net) (Read error: Operation timed out)
[14:33:21] *** Quits: IShaDoWl (~IShaDoWl@131.red-79-150-215.dynamicip.rima-tde.net) (Ping timeout: 272 seconds)
[14:33:51] *** Joins: IShaDoWl (~IShaDoWl@131.red-79-150-215.dynamicip.rima-tde.net)
[14:37:15] *** Joins: fgsfds (~figgis@93.123.144.171)
[14:59:00] *** Joins: |Shadow| (~Shadow1@ip68-12-213-93.ok.ok.cox.net)
[15:38:02] *** Quits: KuKzz (KuKzz@95.143.216.177) (Ping timeout: 745 seconds)
[15:58:27] *** Joins: m4ts (~mats@s17612523583.blix.com)
[16:22:01] *** Joins: KuKzz (~KuKzz@95.143.216.177)
[16:27:19] *** Quits: KuKzz (~KuKzz@95.143.216.177) ()
[16:30:48] *** Joins: KuKzz (~KuKzz@95.143.216.177)
[18:18:28] <plutobot> Wiki | Page changed: Applet Manager services | User: SciresM | https://switchbrew.org/w/index.php?curid=132&diff=9972&oldid=9837
[19:22:12] *** Joins: des^ (~des@ip1f108006.dynamic.kabel-deutschland.de)
[19:22:55] *** Quits: des^ (~des@ip1f108006.dynamic.kabel-deutschland.de) (Client Quit)
[19:23:20] *** Joins: des^ (~des@ip1f108006.dynamic.kabel-deutschland.de)
[19:55:39] *** Joins: phigcloud (uid13896@2001:67c:2f08:4::3648)
[20:11:33] *** Quits: AlexAltea (~alexaltea@62.210.122.193) (Ping timeout: 272 seconds)
[20:12:11] *** Quits: DacoTaco (~DacoTaco@178-119-112-131.access.telenet.be) (Ping timeout: 272 seconds)
[20:12:11] *** Quits: plutobot (~plutobot@188.166.26.149) (Ping timeout: 272 seconds)
[20:12:49] *** Quits: des^ (~des@ip1f108006.dynamic.kabel-deutschland.de) (Ping timeout: 272 seconds)
[20:12:49] *** Quits: omlet05_ (~quassel@omlet.ovh) (Ping timeout: 272 seconds)
[20:12:49] *** Quits: Stary_ (~Stary@thonk.9net.org) (Ping timeout: 272 seconds)
[20:12:49] *** Quits: oldtopman (~oldtopman@97-118-95-21.hlrn.qwest.net) (Ping timeout: 272 seconds)
[20:12:55] *** Joins: omlet05 (~quassel@omlet.ovh)
[20:13:31] *** Joins: Stary (~Stary@thonk.9net.org)
[20:17:54] *** Joins: AlexAltea (~alexaltea@phi.nz)
[20:28:16] *** Joins: oldtopman (~oldtopman@97-118-95-21.hlrn.qwest.net)
[21:02:45] *** Joins: lilibox (~lilibox@31.192.64.247)
[21:17:15] *** Joins: plutobot (~plutobot@188.166.26.149)
[21:17:54] *** Joins: DacoTaco (~DacoTaco@178-119-112-131.access.telenet.be)
[21:27:24] *** Joins: des^ (~des@ip1f108006.dynamic.kabel-deutschland.de)
[21:38:54] *** Quits: lilibox (~lilibox@31.192.64.247) (Quit: leaving)
[21:40:14] *** Quits: nullstrin (~nullstrin@cermak.nullstring.io) (Read error: Operation timed out)
[21:42:54] *** Joins: refs (~refs@p200300dd87170c007412a6ba1e275a43.dip0.t-ipconnect.de)
[21:44:05] *** Joins: nullstrin (~nullstrin@cermak.nullstring.io)
