[00:39:34] *** Quits: IShaDoWl (~IShaDoWl@131.red-79-150-215.dynamicip.rima-tde.net) ()
[02:32:50] *** Quits: refs (~refs@p200300dd87170c007412a6ba1e275a43.dip0.t-ipconnect.de) (Quit: refs)
[02:43:05] *** Quits: oldtopman (~oldtopman@97-118-95-21.hlrn.qwest.net) (hub.efnet.us irc.Prison.NET)
[02:47:27] *** Quits: |Shadow| (~Shadow1@ip68-12-213-93.ok.ok.cox.net) (Read error: Operation timed out)
[02:48:24] *** Joins: lansiir (~oldtopman@97-118-95-21.hlrn.qwest.net)
[03:07:44] *** Joins: |Shadow| (~Shadow1@ip68-12-213-93.ok.ok.cox.net)
[03:14:31] *** Quits: averne (~averne@176-179-35-51.abo.bbox.fr) (quit)
[03:37:16] *** Joins: averne (~averne@176-179-35-51.abo.bbox.fr)
[03:37:28] *** Server sets mode: +stn 
[03:50:48] *** Quits: averne (~averne@176-179-35-51.abo.bbox.fr) (quit)
[03:58:42] *** Joins: averne (~averne@176-179-35-51.abo.bbox.fr)
[03:59:17] *** Server sets mode: +stn 
[04:05:20] *** Quits: averne (~averne@176-179-35-51.abo.bbox.fr) (quit)
[04:06:15] *** Joins: averne (~averne@176-179-35-51.abo.bbox.fr)
[04:06:17] *** Server sets mode: +stn 
[04:15:07] *** Quits: averne (~averne@176-179-35-51.abo.bbox.fr) (quit)
[04:24:14] *** Quits: averne (~averne@176-179-35-51.abo.bbox.fr) (quit)
[04:29:38] *** Joins: averne (~averne@176-179-35-51.abo.bbox.fr)
[04:32:39] *** Quits: averne (~averne@176-179-35-51.abo.bbox.fr) (quit)
[04:38:32] *** Quits: averne (averne@) (quit)
[04:39:40] *** Joins: averne (~averne@176-179-35-51.abo.bbox.fr)
[04:39:42] *** Server sets mode: +stn 
[04:46:47] *** Quits: averne (~averne@176-179-35-51.abo.bbox.fr) (quit)
[05:19:14] *** Quits: averne (averne@) (quit)
[05:32:27] *** Joins: averne (~averne@176-179-35-51.abo.bbox.fr)
[05:32:27] *** Server sets mode: +stn 
[05:37:18] *** Quits: averne (~averne@176-179-35-51.abo.bbox.fr) (quit)
[06:19:06] *** Quits: averne (~averne@176-179-35-51.abo.bbox.fr) (quit)
[06:25:14] *** Joins: averne (~averne@176-179-35-51.abo.bbox.fr)
[06:25:14] *** Server sets mode: +stn 
[06:30:02] *** lansiir is now known as oldtopman
[06:38:57] *** Quits: averne (~averne@176-179-35-51.abo.bbox.fr) (quit)
[07:14:51] *** Joins: averne (~averne@176-179-35-51.abo.bbox.fr)
[07:14:55] *** Server sets mode: +stn 
[07:22:36] *** Quits: averne (~averne@176-179-35-51.abo.bbox.fr) (quit)
[08:20:22] *** Quits: averne (averne@) (quit)
[08:30:30] *** Joins: averne (~averne@176-179-35-51.abo.bbox.fr)
[08:30:32] *** Server sets mode: +stn 
[08:48:06] *** Quits: d3m3vilur (sid4654@charlton.irccloud.com) (Read error: Connection reset by peer)
[08:48:57] *** Joins: d3m3vilur (sid4654@id-4654.charlton.irccloud.com)
[08:54:05] *** Quits: Pieman (sid188464@id-188464.brockwell.irccloud.com) (Ping timeout: 272 seconds)
[08:54:41] *** Quits: d3m3vilur (sid4654@id-4654.charlton.irccloud.com) (Read error: Operation timed out)
[08:54:43] *** Quits: flagrama (flagrama@id-145621.stonehaven.irccloud.com) (Ping timeout: 272 seconds)
[08:54:44] *** Joins: Pieman (~sid188464@id-188464.brockwell.irccloud.com)
[08:54:45] *** Joins: d3m3vilur (sid4654@charlton.irccloud.com)
[08:54:58] *** Joins: flagrama (~flagrama@id-145621.stonehaven.irccloud.com)
[09:19:21] *** Joins: miigotu_ (~miigotu@custip-162-217-53-192.esvabroadband.net)
[09:24:31] *** Quits: miigotu (~miigotu@162.217.53.192) (Read error: Operation timed out)
[13:57:17] *** Joins: |Shadow|_ (~Shadow1@ip68-12-213-93.ok.ok.cox.net)
[13:57:52] *** Quits: |Shadow| (~Shadow1@ip68-12-213-93.ok.ok.cox.net) (Read error: Operation timed out)
[15:09:33] *** |Shadow|_ is now known as |Shadow|
[16:50:38] *** Joins: fgsfds (~figgis@93.123.144.171)
[16:55:07] *** Quits: |Shadow| (~Shadow1@ip68-12-213-93.ok.ok.cox.net) (Read error: Operation timed out)
[16:56:20] *** Joins: |Shadow| (~Shadow1@ip68-12-213-93.ok.ok.cox.net)
[17:02:57] *** Quits: |Shadow| (~Shadow1@ip68-12-213-93.ok.ok.cox.net) (Read error: Operation timed out)
[17:04:30] *** Joins: |Shadow| (~Shadow1@ip68-12-213-93.ok.ok.cox.net)
[18:15:41] *** Joins: ut0pia (~zavona@lfbn-idf2-1-889-245.w86-247.abo.wanadoo.fr)
[19:39:42] *** Quits: nullstrin (~nullstrin@cermak.nullstring.io) (Read error: Operation timed out)
[19:43:26] *** Joins: nullstrin (~nullstrin@cermak.nullstring.io)
[20:20:50] *** Joins: lilibox (~lilibox@31.192.64.247)
[23:31:21] *** Quits: lemmy (lemmy@2600:3c00:e000:2e:0:dead:beef:6) (Quit: Bye)
[23:32:20] *** Joins: lemmy (lemmy@2600:3c00:e000:2e:0:dead:beef:6)
