[02:29:17] *** Quits lilibox (Ping timeout: 745 seconds)
[02:33:00] *** Quits averne (quit)
[02:33:22] *** Joins averne
[02:33:32] *** Server sets mode: +stn 
[02:34:17] *** Quits oldtopman (Ping timeout: 272 seconds)
[02:34:55] *** Quits des^ (Ping timeout: 272 seconds)
[02:34:55] *** Quits DacoTaco (Ping timeout: 272 seconds)
[02:34:55] *** Quits plutobot (Ping timeout: 272 seconds)
[02:49:39] *** Joins oldtopman
[04:28:20] *** Joins plutobot
[04:28:32] *** Joins DacoTaco
[04:32:58] *** Joins des^
[05:04:50] *** Quits GerbilSof (Quit: Windows must now restart because the Remote Procedure Call (RPC) service terminated unexpectedly.)
[06:17:18] *** Quits DacoTaco (Ping timeout: 272 seconds)
[06:18:06] *** Quits plutobot (Ping timeout: 272 seconds)
[06:18:33] *** Quits des^ (Ping timeout: 272 seconds)
[07:44:00] *** Joins plutobot
[07:44:17] *** Joins DacoTaco
[07:47:25] *** Joins des^
[07:52:13] *** Quits DacoTaco (Ping timeout: 272 seconds)
[07:52:13] *** Quits plutobot (Ping timeout: 272 seconds)
[07:53:29] *** Quits des^ (Ping timeout: 272 seconds)
[08:56:57] *** Joins plutobot
[09:01:53] *** Quits plutobot (Ping timeout: 272 seconds)
[09:44:16] *** Joins plutobot
[09:44:40] *** Joins des^
[09:44:53] *** Joins DacoTaco
[12:08:03] *** Quits fgsfds (Read error: Connection reset by peer)
[12:32:08] *** Joins lemmu
[12:38:14] *** Quits lemmy (se.hub irc.underworld.no)
[12:38:14] *** Quits Stary (se.hub irc.underworld.no)
[12:38:14] *** Quits m4ts (se.hub irc.underworld.no)
[12:38:14] *** Quits phigcloud (se.hub irc.underworld.no)
[12:42:52] *** Joins Stary_
[12:50:46] *** Quits ut0pia ()
[12:54:33] *** Joins m4ts
[14:02:34] *** Joins derk0pf
[15:06:46] *** Joins phigcloud
[15:09:37] *** Joins karolherb
[17:57:24] *** Joins fgsfds
[18:20:35] *** Joins refs
[18:39:46] *** Quits derk0pf (Ping timeout: 492 seconds)
[19:04:51] *** Joins derk0pf
[19:14:33] *** Quits derk0pf (Ping timeout: 260 seconds)
[20:30:40] *** Quits refs (Quit: refs)
[20:34:15] *** Joins refs
[21:57:26] *** Quits DeusQain (Remote host closed the connection)
[22:34:01] *** Quits phigcloud (Quit: Connection closed for inactivity)
[22:47:35] *** Joins phigcloud
[22:52:07] *** Joins GerbilSof
[23:22:09] *** Quits nullstrin (Read error: Operation timed out)
[23:25:56] *** Joins nullstrin
