[01:27:40] *** Joins: DeusQain (quasselcor@mx.qainsworld.com)
[01:35:16] *** Quits: DeusQain (quasselcor@mx.qainsworld.com) (Remote host closed the connection)
[01:40:12] *** Joins: DeusQain (quasselcor@mx.qainsworld.com)
[01:42:38] *** Quits: refs (~refs@p200300dd8733fe0044fc05e617d6525e.dip0.t-ipconnect.de) (Quit: refs)
[03:04:12] *** Quits: karolherb (~kherbst@2a02:8308:b088:c000:2bdf:b7aa:eede:d65f) (Remote host closed the connection)
[03:07:58] *** Joins: karolherb (~kherbst@2a02:8308:b088:c000:2bdf:b7aa:eede:d65f)
[04:37:59] *** Quits: DacoTaco (~DacoTaco@178-119-112-131.access.telenet.be) (Ping timeout: 272 seconds)
[04:38:37] *** Quits: Stary_ (~Stary@thonk.9net.org) (Ping timeout: 272 seconds)
[04:39:15] *** Quits: des^ (~des@ip1f108006.dynamic.kabel-deutschland.de) (Ping timeout: 272 seconds)
[04:39:15] *** Quits: plutobot (~plutobot@188.166.26.149) (Ping timeout: 272 seconds)
[04:39:48] *** Joins: Stary (~Stary@thonk.9net.org)
[05:12:30] *** Joins: IShaDoWl (~IShaDoWl@131.red-79-150-215.dynamicip.rima-tde.net)
[05:23:04] *** Joins: plutobot (~plutobot@188.166.26.149)
[05:23:38] *** Joins: DacoTaco (~DacoTaco@178-119-112-131.access.telenet.be)
[05:24:23] *** Joins: des^ (~des@ip1f108006.dynamic.kabel-deutschland.de)
[06:44:35] *** Quits: fgsfds (~figgis@93.123.144.171) (Read error: Connection reset by peer)
[08:37:45] *** Quits: changO- (~Changolan@ip72-194-70-236.oc.oc.cox.net) (Read error: Connection reset by peer)
[09:16:47] *** Quits: KuKzz (~KuKzz@95.143.216.177) (Ping timeout: 610 seconds)
[09:23:08] *** Joins: KuKzz (~KuKzz@95.143.216.177)
[09:29:05] *** Quits: miigotu_ (~miigotu@custip-162-217-53-192.esvabroadband.net) (ZNC - https://znc.in)
[09:31:04] *** Joins: miigotu (~miigotu@custip-162-217-53-192.esvabroadband.net)
[09:31:38] *** Quits: miigotu (~miigotu@custip-162-217-53-192.esvabroadband.net) (Client Quit)
[09:33:06] *** Joins: miigotu (~miigotu@custip-162-217-53-192.esvabroadband.net)
[09:35:24] *** Quits: KuKzz (~KuKzz@95.143.216.177) (Read error: Connection reset by peer)
[09:44:03] *** Quits: miigotu (~miigotu@custip-162-217-53-192.esvabroadband.net) (Quit: ZNC - https://znc.in)
[09:48:24] *** Joins: miigotu (~miigotu@custip-162-217-53-192.esvabroadband.net)
[09:48:24] *** Quits: miigotu (~miigotu@custip-162-217-53-192.esvabroadband.net) (Connection closed)
[09:48:58] *** Joins: miigotu (~miigotu@custip-162-217-53-192.esvabroadband.net)
[10:01:09] *** Quits: miigotu (~miigotu@custip-162-217-53-192.esvabroadband.net) (Quit: ZNC - https://znc.in)
[10:03:33] *** Joins: miigotu (~miigotu@custip-162-217-53-192.esvabroadband.net)
[10:06:13] *** Quits: miigotu (~miigotu@custip-162-217-53-192.esvabroadband.net) (Client Quit)
[10:09:36] *** Joins: miigotu (~miigotu@custip-162-217-53-192.esvabroadband.net)
[10:09:45] *** Quits: miigotu (~miigotu@custip-162-217-53-192.esvabroadband.net) (Client Quit)
[10:11:00] *** Joins: miigotu (~miigotu@custip-162-217-53-192.esvabroadband.net)
[10:12:38] *** Quits: miigotu (~miigotu@custip-162-217-53-192.esvabroadband.net) (Client Quit)
[10:15:18] *** Joins: miigotu (~miigotu@custip-162-217-53-192.esvabroadband.net)
[10:16:41] *** Quits: miigotu (~miigotu@custip-162-217-53-192.esvabroadband.net) (Client Quit)
[10:25:28] *** Joins: miigotu (~miigotu@custip-162-217-53-192.esvabroadband.net)
[10:27:58] *** Joins: KuKzz (KuKzz@95.143.216.177)
[11:27:39] *** Joins: Titan (ohai@drybones.grimnorth.se)
[12:21:10] *** Quits: miigotu (~miigotu@custip-162-217-53-192.esvabroadband.net) (Quit: ZNC - https://znc.in)
[12:25:49] *** Joins: miigotu (~miigotu@custip-162-217-53-192.esvabroadband.net)
[13:40:42] *** Joins: refs (~refs@p200300dd874725008ca4be20387957f8.dip0.t-ipconnect.de)
[16:32:03] *** Joins: fgsfds (~figgis@93.123.144.171)
[18:24:06] *** Quits: miigotu (~miigotu@custip-162-217-53-192.esvabroadband.net) (Ping timeout: 265 seconds)
[18:27:12] *** Joins: miigotu (~miigotu@custip-162-217-53-192.esvabroadband.net)
[21:27:12] <plutobot> Wiki | Page changed: TSEC | User: Hexkyz | https://switchbrew.org/w/index.php?curid=199&diff=9973&oldid=9947
[22:55:55] *** Quits: karolherb (~kherbst@2a02:8308:b088:c000:2bdf:b7aa:eede:d65f) (Remote host closed the connection)
[23:04:23] *** Joins: karolherb (~kherbst@2a02:8308:b088:c000:2bdf:b7aa:eede:d65f)
[23:32:11] *** Quits: nullstrin (~nullstrin@cermak.nullstring.io) (Read error: Operation timed out)
[23:35:58] *** Joins: nullstrin (~nullstrin@cermak.nullstring.io)
[23:55:24] *** Quits: oldtopman (~oldtopman@97-118-95-21.hlrn.qwest.net) (hub.efnet.us irc.Prison.NET)
[23:59:49] *** Joins: lansiir (~oldtopman@97-118-95-21.hlrn.qwest.net)
