[04:40:15] *** Quits fgsfds (Read error: Connection reset by peer)
[04:44:16] *** Quits refs (Quit: refs)
[06:43:17] *** Quits awordnot (Read error: Connection reset by peer)
[06:43:56] *** Joins awordnot
[07:33:38] *** Joins anewuser
[07:34:11] *** Quits anewuser (Remote host closed the connection)
[07:34:39] *** Joins anewuser
[08:08:26] *** Quits anewuser (Quit: Leaving)
[09:00:46] *** Quits nullstrin (Read error: Operation timed out)
[09:04:31] *** Joins nullstrin
[10:06:53] *** Quits plutobot (Ping timeout: 272 seconds)
[10:08:09] *** Quits DacoTaco (Ping timeout: 272 seconds)
[10:08:47] *** Quits lansiir (Ping timeout: 272 seconds)
[10:08:47] *** Quits des^ (Ping timeout: 272 seconds)
[10:51:03] *** Joins plutobot
[10:51:38] *** Joins DacoTaco
[10:51:54] *** Joins changO-
[10:52:11] *** Quits changO- (Write error: Connection reset by peer)
[10:54:03] *** Joins changO-
[10:54:24] *** Joins des^
[12:05:38] *** Joins fgsfds
[13:18:14] *** Quits fgsfds (Remote host closed the connection)
[13:18:33] *** Joins fgsfds
[14:24:30] *** Quits ihaveamac (Quit: fail)
[14:25:07] *** Joins ihaveamac
[15:18:51] *** Joins foghorn3
[15:24:20] *** Quits Surkow (Read error: Operation timed out)
[15:25:19] *** Quits foghorn2 (Read error: Operation timed out)
[15:28:37] *** Joins Surkow
[15:35:07] *** Joins rajkosto
[17:46:18] *** Quits GerbilSof (Ping timeout: 265 seconds)
[18:00:15] *** Joins GerbilSof
[20:40:32] *** Joins oldtopman
[21:07:36] *** Quits rajkosto (Read error: Connection reset by peer)
[21:34:08] *** Joins refs
[23:01:53] *** Quits changO- (Read error: Connection reset by peer)
