[00:15:52] *** Joins: TheLat (webchat@c-98-207-138-185.hsd1.ca.comcast.net)
[00:16:18] <TheLat> Is there any advice for debugging an OpenGL program that you're trying to port to the Switch?
[00:22:13] *** Quits: GerbilSof (~GerbilSof@pool-108-24-138-55.cmdnnj.fios.verizon.net) (Ping timeout: 492 seconds)
[00:30:52] *** Joins: GerbilSof (~GerbilSof@pool-108-24-138-55.cmdnnj.fios.verizon.net)
[00:33:52] <uyjulian> try debugging it on Linux first. RenderDoc works there
[00:38:27] * TheLat looks up some stuff
[00:38:42] <TheLat> I am a Windows guy, but I have already ported this to OSX.
[01:17:01] *** Quits: nullstrin (~nullstrin@cermak.nullstring.io) (Read error: Operation timed out)
[01:20:46] *** Joins: nullstrin (~nullstrin@cermak.nullstring.io)
[02:10:37] *** Joins: GrecKo (~grecko@static.183.157.9.5.clients.your-server.de)
[02:14:07] *** Quits: GrecKo (~grecko@static.183.157.9.5.clients.your-server.de) (Client Quit)
[02:22:38] *** Quits: refs (~refs@p200300dd870f2300198f3eeda012d24f.dip0.t-ipconnect.de) (Quit: refs)
[02:26:54] *** Joins: GrecKo (~grecko@static.183.157.9.5.clients.your-server.de)
[02:53:03] *** Quits: TheLat (webchat@c-98-207-138-185.hsd1.ca.comcast.net) (Ping timeout: 252 seconds)
[03:34:39] *** Quits: miigotu (~miigotu@custip-162-217-53-192.esvabroadband.net) (Quit: ZNC - https://znc.in)
[03:36:52] *** Joins: miigotu (~miigotu@custip-162-217-53-192.esvabroadband.net)
[04:08:11] *** Joins: changO- (~Changolan@ip72-194-70-236.oc.oc.cox.net)
[04:27:50] *** Quits: averne (~averne@176-179-35-51.abo.bbox.fr) (quit)
[04:29:38] *** Joins: averne (~averne@176-179-35-51.abo.bbox.fr)
[04:29:38] *** Server sets mode: +stn 
[07:17:59] *** Quits: ihaveamac (~ihaveamac@ianburgwin.net) (ny.us.hub ircd.choopa.net)
[07:17:59] *** Quits: Cu3PO42 (~Cu3PO42@159.69.208.45) (ny.us.hub ircd.choopa.net)
[07:17:59] *** Quits: Genolo (~fear@2a01:7e00::f03c:91ff:fe93:8d42) (ny.us.hub ircd.choopa.net)
[07:17:59] *** Quits: gruetzkop (~gruetzkop@bnc.dont-follow.us) (ny.us.hub ircd.choopa.net)
[07:17:59] *** Quits: klock (~efklock@vps1.ksociety.net) (ny.us.hub ircd.choopa.net)
[07:17:59] *** Quits: capin4 (~capin@209.182.233.136) (ny.us.hub ircd.choopa.net)
[07:17:59] *** Quits: changO- (~Changolan@ip72-194-70-236.oc.oc.cox.net) (ny.us.hub ircd.choopa.net)
[07:17:59] *** Quits: Surkow (~Surkow@84-104-14-64.cable.dynamic.v4.ziggo.nl) (ny.us.hub ircd.choopa.net)
[07:17:59] *** Quits: giglife (giglife@CPE0492268436b0-CM688f2e1dc9d0.cpe.net.cable.rogers.com) (ny.us.hub ircd.choopa.net)
[07:17:59] *** Quits: sh0e- (~sh0e@node1.eisenkopf.info) (ny.us.hub ircd.choopa.net)
[07:17:59] *** Quits: Maylay (~gren@108-198-59-230.lightspeed.miamfl.sbcglobal.net) (ny.us.hub ircd.choopa.net)
[07:17:59] *** Quits: eggster (~eggster@irchighway.eggy.cc) (ny.us.hub ircd.choopa.net)
[07:17:59] *** Quits: freundTec (~freundTec@freundtech.com) (ny.us.hub ircd.choopa.net)
[07:17:59] *** Quits: mtheall (~mtheall@mtheall.com) (ny.us.hub ircd.choopa.net)
[07:17:59] *** Quits: datagutt (~datagutt@mail.guac.live) (ny.us.hub ircd.choopa.net)
[07:17:59] *** Quits: TurtleP (~turtlep@bnc.devkitpro.org) (ny.us.hub ircd.choopa.net)
[07:17:59] *** Quits: yls8bot (~yls8bot@mtheall.com) (ny.us.hub ircd.choopa.net)
[07:17:59] *** Quits: yellows8 (~yellows8@adiza.nexticom.net) (ny.us.hub ircd.choopa.net)
[07:17:59] *** Quits: Lightswor (~Lightswor@107.170.253.193) (ny.us.hub ircd.choopa.net)
[07:17:59] *** Quits: Aaerox (Aaerox@fuckyou.k.thnx.org) (ny.us.hub ircd.choopa.net)
[07:17:59] *** Quits: Kyouju (~Kyouju@ks3311808.kimsufi.com) (ny.us.hub ircd.choopa.net)
[07:17:59] *** Quits: nullstrin (~nullstrin@cermak.nullstring.io) (ny.us.hub ircd.choopa.net)
[07:17:59] *** Quits: fgsfds (~figgis@93.123.144.171) (ny.us.hub ircd.choopa.net)
[07:17:59] *** Quits: awordnot (~awordnot@c-71-194-7-27.hsd1.il.comcast.net) (ny.us.hub ircd.choopa.net)
[07:17:59] *** Quits: |Shadow| (~Shadow1@ip68-12-213-93.ok.ok.cox.net) (ny.us.hub ircd.choopa.net)
[07:17:59] *** Quits: endrift (~endrift@endrift.com) (ny.us.hub ircd.choopa.net)
[07:17:59] *** Quits: j0hny5 (j0hny5@94.75.242.8) (ny.us.hub ircd.choopa.net)
[07:17:59] *** Quits: tpw_rules (~tpw_rules@li1059-135.members.linode.com) (ny.us.hub ircd.choopa.net)
[07:17:59] *** Quits: hordak (hordak@cautio.us) (ny.us.hub ircd.choopa.net)
[07:18:57] *** Joins: changO- (~Changolan@ip72-194-70-236.oc.oc.cox.net)
[07:18:57] *** Joins: nullstrin (~nullstrin@cermak.nullstring.io)
[07:18:57] *** Joins: Surkow (~Surkow@84-104-14-64.cable.dynamic.v4.ziggo.nl)
[07:18:57] *** Joins: ihaveamac (~ihaveamac@ianburgwin.net)
[07:18:57] *** Joins: fgsfds (~figgis@93.123.144.171)
[07:18:57] *** Joins: awordnot (~awordnot@c-71-194-7-27.hsd1.il.comcast.net)
[07:18:57] *** Joins: |Shadow| (~Shadow1@ip68-12-213-93.ok.ok.cox.net)
[07:18:57] *** Joins: endrift (~endrift@endrift.com)
[07:18:57] *** Joins: j0hny5 (j0hny5@94.75.242.8)
[07:18:57] *** Joins: giglife (giglife@CPE0492268436b0-CM688f2e1dc9d0.cpe.net.cable.rogers.com)
[07:18:57] *** Joins: tpw_rules (~tpw_rules@li1059-135.members.linode.com)
[07:18:57] *** Joins: sh0e- (~sh0e@node1.eisenkopf.info)
[07:18:57] *** Joins: hordak (hordak@cautio.us)
[07:18:57] *** Joins: Maylay (~gren@108-198-59-230.lightspeed.miamfl.sbcglobal.net)
[07:18:57] *** Joins: eggster (~eggster@irchighway.eggy.cc)
[07:18:57] *** Joins: freundTec (~freundTec@freundtech.com)
[07:18:57] *** Joins: capin4 (~capin@209.182.233.136)
[07:18:57] *** Joins: klock (~efklock@vps1.ksociety.net)
[07:18:57] *** Joins: gruetzkop (~gruetzkop@bnc.dont-follow.us)
[07:18:57] *** Joins: Genolo (~fear@2a01:7e00::f03c:91ff:fe93:8d42)
[07:18:57] *** Joins: Cu3PO42 (~Cu3PO42@159.69.208.45)
[07:18:57] *** Joins: mtheall (~mtheall@mtheall.com)
[07:18:57] *** Joins: datagutt (~datagutt@mail.guac.live)
[07:18:57] *** Joins: TurtleP (~turtlep@bnc.devkitpro.org)
[07:18:57] *** Joins: Lightswor (~Lightswor@107.170.253.193)
[07:18:58] *** Joins: Aaerox (Aaerox@fuckyou.k.thnx.org)
[07:18:58] *** Joins: Kyouju (~Kyouju@ks3311808.kimsufi.com)
[07:18:58] *** Joins: yls8bot (~yls8bot@mtheall.com)
[07:18:58] *** Joins: yellows8 (~yellows8@adiza.nexticom.net)
[07:18:58] *** ircd.choopa.net sets mode: +oo yls8bot yellows8
[07:18:59] *** yls8bot sets mode: +o WntrMute
[07:19:03] *** yls8bot sets mode: +o fincs
[08:08:48] *** Quits: changO- (~Changolan@ip72-194-70-236.oc.oc.cox.net) (Read error: Operation timed out)
[08:14:51] *** Joins: changO- (~Changolan@ip72-194-70-236.oc.oc.cox.net)
[08:20:37] *** Quits: naehrwert (~naehrwert@8.38.88.201) (Ping timeout: 745 seconds)
[08:21:16] *** Joins: naehrwert (~naehrwert@8.38.88.201)
[09:45:27] *** Quits: fgsfds (~figgis@93.123.144.171) (Read error: Connection reset by peer)
[16:44:51] *** Joins: fgsfds (~figgis@93.123.144.171)
[17:38:30] *** Joins: rajkosto (~rajkosto@cable-178-149-112-48.dynamic.sbb.rs)
[18:02:47] *** Quits: changO- (~Changolan@ip72-194-70-236.oc.oc.cox.net) (Ping timeout: 745 seconds)
[20:40:58] *** Quits: karolherb (~kherbst@2a02:8308:b088:c000:2bdf:b7aa:eede:d65f) (Quit: Konversation terminated!)
[20:43:22] *** Joins: karolherb (~kherbst@2a02:8308:b088:c000:2bdf:b7aa:eede:d65f)
[20:55:30] *** Joins: refs (~refs@p200300dd871743007c62bc50f8599b61.dip0.t-ipconnect.de)
[21:04:58] *** Quits: carsten1 (sZgTPy8RBY@2001:1a50:11:0:5f:8f:accb:19b) (Remote host closed the connection)
[21:05:13] *** Quits: derrek (szmqPie0GZ@2001:1a50:11:0:5f:8f:acec:1) (Quit: This should have not happened.)
[22:53:37] *** Quits: rajkosto (~rajkosto@cable-178-149-112-48.dynamic.sbb.rs) (Read error: Connection reset by peer)
[23:01:42] *** Quits: karolherb (~kherbst@2a02:8308:b088:c000:2bdf:b7aa:eede:d65f) (Ping timeout: 272 seconds)
[23:42:14] <plutobot> GitHub | New PR: Support autom... | User: SciresM | https://github.com/switchbrew/nx-hbloader/pull/32
[23:50:03] <plutobot> GitHub | New commit | User: Michael Scire | https://github.com/switchbrew/nx-hbloader/commit/7caa177353
[23:54:08] *** Joins: derrek (PeFOm88DFy@2001:1a50:11:0:5f:8f:acec:1)
