[01:19:01] *** Joins: GerbilS8 (~GerbilSof@pool-108-24-138-55.cmdnnj.fios.verizon.net)
[01:20:22] *** Quits: GerbilSof (~GerbilSof@pool-108-24-138-55.cmdnnj.fios.verizon.net) (Read error: Operation timed out)
[01:34:02] *** Quits: phigcloud (~uid13896@2001:67c:2f08:4::3648) (Quit: Connection closed for inactivity)
[01:40:18] *** Joins: phigcloud (~uid13896@2001:67c:2f08:4::3648)
[02:22:24] *** Quits: refs (~refs@p200300dd871743007c62bc50f8599b61.dip0.t-ipconnect.de) (Quit: refs)
[03:42:31] *** Joins: miigotu_ (~miigotu@custip-162-217-53-192.esvabroadband.net)
[03:44:28] *** Quits: miigotu (~miigotu@custip-162-217-53-192.esvabroadband.net) (Ping timeout: 265 seconds)
[04:04:05] *** Joins: lameboy2 (~lameboy@202-47-121-182.cust.dcsi.net.au)
[04:10:02] *** Quits: lameboy (~lameboy@202-47-121-182.cust.dcsi.net.au) (Ping timeout: 745 seconds)
[04:10:06] *** lameboy2 is now known as lameboy
[04:48:34] *** Quits: Galaxy| (~galaxy@174-083-197-034.res.spectrum.com) (Quit: Quit.)
[04:55:23] *** Joins: Galaxy| (~galaxy@174-083-197-034.res.spectrum.com)
[05:24:56] *** Quits: nullstrin (~nullstrin@cermak.nullstring.io) (Read error: Operation timed out)
[05:28:41] *** Joins: nullstrin (~nullstrin@cermak.nullstring.io)
[07:01:34] *** Quits: fgsfds (~figgis@93.123.144.171) (Read error: Connection reset by peer)
[08:58:15] *** Quits: oldtopman (~oldtopman@97.118.95.21) (Ping timeout: 272 seconds)
[08:59:31] *** Quits: des^ (~des@ip1f108006.dynamic.kabel-deutschland.de) (Ping timeout: 272 seconds)
[08:59:31] *** Quits: DacoTaco (~DacoTaco@178-119-112-131.access.telenet.be) (Ping timeout: 272 seconds)
[08:59:31] *** Quits: plutobot (~plutobot@188.166.26.149) (Ping timeout: 272 seconds)
[09:08:41] *** Quits: lameboy (~lameboy@202-47-121-182.cust.dcsi.net.au) (Ping timeout: 260 seconds)
[09:13:32] *** Joins: oldtopman (~oldtopman@97-118-95-21.hlrn.qwest.net)
[09:20:20] *** Joins: lameboy (~lameboy@202-47-121-182.cust.dcsi.net.au)
[09:26:35] *** Quits: lameboy (~lameboy@202-47-121-182.cust.dcsi.net.au) (Read error: Connection reset by peer)
[09:28:07] *** Joins: lameboy (~lameboy@202-47-121-182.cust.dcsi.net.au)
[09:35:37] *** Quits: lameboy (~lameboy@202-47-121-182.cust.dcsi.net.au) (Ping timeout: 260 seconds)
[09:37:44] *** Joins: lameboy (~lameboy@202-47-121-182.cust.dcsi.net.au)
[09:41:00] *** Joins: plutobot (~plutobot@188.166.26.149)
[09:41:34] *** Joins: DacoTaco (~DacoTaco@178-119-112-131.access.telenet.be)
[09:45:06] *** Joins: des^ (~des@ip1f108006.dynamic.kabel-deutschland.de)
[18:38:46] *** Joins: m4ts_ (~mats@s176125235116.blix.com)
[18:42:01] *** Quits: m4ts (~mats@s17612523583.blix.com) (Ping timeout: 265 seconds)
[19:19:46] *** Quits: d3m3vilur (sid4654@charlton.irccloud.com) (Ping timeout: 1221 seconds)
[19:21:00] *** Quits: CCFL_Man (32722167df@c-73-64-119-64.hsd1.pa.comcast.net) (Remote host closed the connection)
[19:21:03] *** Joins: karolherb (~kherbst@2a02:8308:b088:c000:2bdf:b7aa:eede:d65f)
[19:30:10] *** Joins: CCFL_Man (ed718c6e5b@c-73-64-119-64.hsd1.pa.comcast.net)
[19:31:41] *** Quits: blasty (~blasty@haxx.in) (Read error: Connection reset by peer)
[19:37:57] *** Joins: d3m3vilur (sid4654@charlton.irccloud.com)
[19:40:54] *** Joins: blasty (~blasty@haxx.in)
[19:50:34] *** Quits: d3m3vilur (sid4654@charlton.irccloud.com) (Read error: Operation timed out)
[19:51:07] *** Joins: d3m3vilur (sid4654@charlton.irccloud.com)
[19:57:24] *** Joins: lameboy2 (~lameboy@202-47-121-182.cust.dcsi.net.au)
[19:58:37] *** Quits: oldtopman (~oldtopman@97-118-95-21.hlrn.qwest.net) (Read error: Operation timed out)
[19:58:58] *** Quits: lameboy (~lameboy@202-47-121-182.cust.dcsi.net.au) (hub.efnet.us irc.Prison.NET)
[20:02:19] *** Joins: oldtopman (~oldtopman@97-118-95-21.hlrn.qwest.net)
[20:11:16] *** Quits: d3m3vilur (sid4654@charlton.irccloud.com) (Read error: Connection reset by peer)
[20:14:03] *** lameboy2 is now known as lameboy
[20:19:16] *** Quits: blasty (~blasty@haxx.in) (Read error: Connection reset by peer)
[20:25:26] *** Joins: lex2 (lex@yuuh.pw)
[20:25:41] *** Quits: lex1 (lex@yuuh.pw) (Read error: Connection reset by peer)
[20:30:51] *** Joins: d3m3vilur (sid4654@charlton.irccloud.com)
[20:31:20] *** Joins: blasty (~blasty@haxx.in)
[20:33:46] *** lex2 is now known as lex1
[21:18:02] *** Joins: refs (~refs@p200300dd8716540059c0102b1957059b.dip0.t-ipconnect.de)
[21:30:35] *** Quits: mid-kid3 (~mid-kid@2a01:7c8:aac8:1e8:5054:ff:fe5e:cd48) (Quit: upgrade)
[21:30:42] *** Joins: mid-kid (~mid-kid@2a01:7c8:aac8:1e8:5054:ff:fe5e:cd48)
[21:47:28] *** Joins: changO- (~Changolan@ip72-194-70-236.oc.oc.cox.net)
[22:51:04] *** Quits: flagrama (~flagrama@id-145621.stonehaven.irccloud.com) (Ping timeout: 272 seconds)
[22:51:12] *** Joins: flagrama (flagrama@id-145621.stonehaven.irccloud.com)
[22:53:12] *** Joins: SCV__ (sid226262@192.184.9.112)
[23:06:57] *** Quits: SCV_ (sid226262@2001:67c:2f08:3::3:73d6) (Ping timeout: 1230 seconds)
[23:06:57] *** SCV__ is now known as SCV_
[23:23:59] *** Quits: foghorn3 (~meh@107-198-163-1.lightspeed.rcsntx.sbcglobal.net) (Quit: Leaving)
[23:52:29] *** Quits: omlet05 (~quassel@omlet.ovh) (Quit: http://quassel-irc.org - Chat comfortably. Anywhere.)
[23:52:59] *** Joins: omlet05 (~quassel@omlet.ovh)
[23:59:06] *** Quits: SCV_ (sid226262@192.184.9.112) (Read error: Connection reset by peer)
[23:59:16] *** Joins: SCV_ (sid226262@2001:67c:2f08:3::3:73d6)
