[00:50:24] *** Quits: phigcloud (~uid13896@2001:67c:2f08:4::3648) (Read error: Connection reset by peer)
[00:50:36] *** Quits: SCV_ (sid226262@2001:67c:2f08:3::3:73d6) (Read error: Connection reset by peer)
[00:50:39] *** Quits: Pieman (~sid188464@id-188464.brockwell.irccloud.com) (Read error: Connection reset by peer)
[00:50:39] *** Quits: nohit (sid334887@id-334887.hathersage.irccloud.com) (Read error: Connection reset by peer)
[00:50:50] *** Quits: flagrama (flagrama@id-145621.stonehaven.irccloud.com) (Read error: Connection reset by peer)
[00:52:13] *** Joins: nohit (sid334887@hathersage.irccloud.com)
[00:52:18] *** Joins: flagrama (flagrama@stonehaven.irccloud.com)
[00:52:31] *** Joins: SCV_ (sid226262@192.184.9.112)
[00:52:34] *** Joins: Pieman (sid188464@brockwell.irccloud.com)
[00:54:48] *** Joins: rjeli____ (sid289321@192.184.9.112)
[00:55:53] *** Joins: phigcloud (~uid13896@2001:67c:2f08:4::3648)
[00:58:22] *** Quits: Pieman (sid188464@brockwell.irccloud.com) (Ping timeout: 272 seconds)
[00:59:13] *** Joins: Pieman (~sid188464@id-188464.brockwell.irccloud.com)
[01:06:22] *** Quits: rjeli___ (sid289321@2001:67c:2f08:3::4:6a29) (Read error: Connection timed out)
[01:06:22] *** rjeli____ is now known as rjeli___
[01:12:04] *** Quits: SCV_ (sid226262@192.184.9.112) (Read error: Connection timed out)
[01:13:10] *** Joins: SCV_ (sid226262@2001:67c:2f08:3::3:73d6)
[01:38:09] *** Quits: balrog (~balrog@pool-98-115-168-15.phlapa.fios.verizon.net) (Quit: Bye)
[01:42:22] *** Joins: balrog (~balrog@98.115.168.15)
[02:21:24] *** Quits: refs (~refs@p200300dd8716540059c0102b1957059b.dip0.t-ipconnect.de) (Quit: refs)
[03:18:13] *** Quits: |Shadow| (~Shadow1@ip68-12-213-93.ok.ok.cox.net) ()
[03:25:33] *** Joins: |Shadow| (~Shadow1@ip68-12-213-93.ok.ok.cox.net)
[03:59:46] *** Joins: fgsfds (~figgis@93.123.144.171)
[05:52:23] *** Joins: changoXPR (~Changolan@ip72-194-70-236.oc.oc.cox.net)
[05:54:45] *** Quits: changO- (~Changolan@ip72-194-70-236.oc.oc.cox.net) (Read error: Operation timed out)
[05:54:45] *** changoXPR is now known as changO-
[07:02:32] *** Quits: flagrama (flagrama@stonehaven.irccloud.com) (Ping timeout: 272 seconds)
[07:02:33] *** Quits: nohit (sid334887@hathersage.irccloud.com) (Ping timeout: 272 seconds)
[07:02:33] *** Quits: DacoTaco (~DacoTaco@178-119-112-131.access.telenet.be) (Ping timeout: 272 seconds)
[07:02:56] *** Joins: nohit (~sid334887@id-334887.hathersage.irccloud.com)
[07:03:48] *** Quits: plutobot (~plutobot@188.166.26.149) (Ping timeout: 272 seconds)
[07:04:26] *** Quits: oldtopman (~oldtopman@97-118-95-21.hlrn.qwest.net) (Ping timeout: 272 seconds)
[07:04:27] *** Quits: CCFL_Man (ed718c6e5b@c-73-64-119-64.hsd1.pa.comcast.net) (Ping timeout: 272 seconds)
[07:04:27] *** Quits: des^ (~des@ip1f108006.dynamic.kabel-deutschland.de) (Ping timeout: 272 seconds)
[07:05:32] *** Joins: CCFL_Man (1346886a6a@c-73-64-119-64.hsd1.pa.comcast.net)
[07:08:07] *** Joins: flagrama (flagrama@id-145621.stonehaven.irccloud.com)
[07:19:41] *** Joins: oldtopman (~oldtopman@97-118-95-21.hlrn.qwest.net)
[07:47:35] *** Joins: plutobot (~plutobot@188.166.26.149)
[07:48:09] *** Joins: DacoTaco (~DacoTaco@178-119-112-131.access.telenet.be)
[07:49:58] *** Joins: des^ (~des@ip1f108006.dynamic.kabel-deutschland.de)
[08:11:42] *** Joins: foghorn (~meh@2600:1700:8af0:a950:58e5:e7dd:a65a:9f80)
[08:25:59] *** Joins: miigotu (~miigotu@custip-162-217-53-192.esvabroadband.net)
[08:29:39] *** Quits: miigotu_ (~miigotu@custip-162-217-53-192.esvabroadband.net) (Read error: Operation timed out)
[08:31:50] *** Quits: DacoTaco (~DacoTaco@178-119-112-131.access.telenet.be) (Ping timeout: 272 seconds)
[08:33:06] *** Quits: des^ (~des@ip1f108006.dynamic.kabel-deutschland.de) (Ping timeout: 272 seconds)
[08:33:07] *** Quits: plutobot (~plutobot@188.166.26.149) (Ping timeout: 272 seconds)
[08:33:40] *** Quits: oldtopman (~oldtopman@97-118-95-21.hlrn.qwest.net) (Ping timeout: 260 seconds)
[08:42:14] *** Joins: oldtopman (~oldtopman@97-118-95-21.hlrn.qwest.net)
[09:54:15] *** Joins: plutobot (~plutobot@188.166.26.149)
[09:55:09] *** Joins: DacoTaco (~DacoTaco@178-119-112-131.access.telenet.be)
[09:56:10] *** Joins: des^ (~des@ip1f108006.dynamic.kabel-deutschland.de)
[15:28:42] *** Quits: nullstrin (~nullstrin@cermak.nullstring.io) (Read error: Operation timed out)
[15:32:27] *** Joins: nullstrin (~nullstrin@cermak.nullstring.io)
[16:00:16] <plutobot> Wiki | Page changed: HID services | User: yls8 | https://switchbrew.org/w/index.php?curid=103&diff=9974&oldid=9759
[16:03:00] <plutobot> Wiki | Page changed: HID services | User: yls8 | https://switchbrew.org/w/index.php?curid=103&diff=9975&oldid=9974
[17:23:55] *** Quits: Normmatt (~Normmatt@cloud.normmatt.com) (Quit: ZNC - http://znc.in)
[17:28:14] *** Joins: Normmatt (~Normmatt@cloud.normmatt.com)
[18:16:23] *** Joins: Normmatt_ (~Normmatt@cloud.normmatt.com)
[18:16:24] *** Quits: DacoTaco (~DacoTaco@178-119-112-131.access.telenet.be) (Ping timeout: 272 seconds)
[18:17:03] *** Quits: Normmatt (~Normmatt@cloud.normmatt.com) (Ping timeout: 272 seconds)
[18:17:03] *** Quits: plutobot (~plutobot@188.166.26.149) (Ping timeout: 272 seconds)
[18:17:03] *** Normmatt_ is now known as Normmatt
[18:17:40] *** Quits: des^ (~des@ip1f108006.dynamic.kabel-deutschland.de) (Ping timeout: 272 seconds)
[19:21:06] *** Joins: plutobot (~plutobot@188.166.26.149)
[19:22:06] *** Joins: DacoTaco (~DacoTaco@178-119-112-131.access.telenet.be)
[19:24:47] *** Joins: des^ (~des@ip1f108006.dynamic.kabel-deutschland.de)
[21:21:57] <plutobot> Wiki | Page changed: Settings services | User: yls8 | https://switchbrew.org/w/index.php?curid=110&diff=9976&oldid=9916
[21:37:14] *** Joins: refs (~refs@p200300dd8714c80050fe15adc8b0aed7.dip0.t-ipconnect.de)
[21:47:10] *** Quits: balrog (~balrog@98.115.168.15) (Read error: Operation timed out)
[21:47:41] *** Joins: balrog (~balrog@pool-98-115-168-15.phlapa.fios.verizon.net)
[21:48:30] *** Quits: nullstrin (~nullstrin@cermak.nullstring.io) (Read error: Operation timed out)
[21:48:32] *** Quits: miigotu (~miigotu@custip-162-217-53-192.esvabroadband.net) (Write error: Broken pipe)
[21:48:58] *** Quits: endrift (~endrift@endrift.com) (Read error: Operation timed out)
[21:49:09] *** Joins: figgis_ (~figgis@93.123.144.171)
[21:49:18] *** Quits: awordnot (~awordnot@c-71-194-7-27.hsd1.il.comcast.net) (Read error: Operation timed out)
[21:49:21] *** Quits: tpw_rules (~tpw_rules@li1059-135.members.linode.com) (Read error: Operation timed out)
[21:49:36] *** Joins: endrift (~endrift@endrift.com)
[21:50:25] *** Joins: awordnot (~awordnot@c-71-194-7-27.hsd1.il.comcast.net)
[21:51:17] *** Quits: |Shadow| (~Shadow1@ip68-12-213-93.ok.ok.cox.net) (Read error: Operation timed out)
[21:51:38] *** Joins: tpw_rules (~tpw_rules@li1059-135.members.linode.com)
[21:52:02] *** Joins: miigotu (~miigotu@custip-162-217-53-192.esvabroadband.net)
[21:53:04] *** Joins: |Shadow| (~Shadow1@ip68-12-213-93.ok.ok.cox.net)
[21:53:35] *** Joins: nullstrin (~nullstrin@cermak.nullstring.io)
[21:54:57] *** Quits: fgsfds (~figgis@93.123.144.171) (Read error: Operation timed out)
[22:29:34] *** Quits: miigotu (~miigotu@custip-162-217-53-192.esvabroadband.net) (ZNC - https://znc.in)
[22:36:01] *** Joins: miigotu (~miigotu@custip-162-217-53-192.esvabroadband.net)
