[00:44:39] *** Quits: DacoTaco (~DacoTaco@178-119-112-131.access.telenet.be) (Ping timeout: 272 seconds)
[00:45:17] *** Quits: des^ (~des@ip1f108006.dynamic.kabel-deutschland.de) (Ping timeout: 272 seconds)
[00:45:17] *** Quits: plutobot (~plutobot@188.166.26.149) (Ping timeout: 272 seconds)
[01:49:01] *** Joins: plutobot (~plutobot@188.166.26.149)
[01:49:20] *** Joins: DacoTaco (~DacoTaco@178-119-112-131.access.telenet.be)
[01:52:49] *** Joins: des^ (~des@ip1f108006.dynamic.kabel-deutschland.de)
[02:13:19] *** Quits: DacoTaco (~DacoTaco@178-119-112-131.access.telenet.be) (Ping timeout: 272 seconds)
[02:13:37] *** Quits: oldtopman (~oldtopman@97-118-95-21.hlrn.qwest.net) (Ping timeout: 260 seconds)
[02:13:56] *** Quits: plutobot (~plutobot@188.166.26.149) (Ping timeout: 272 seconds)
[02:14:34] *** Quits: des^ (~des@ip1f108006.dynamic.kabel-deutschland.de) (Ping timeout: 272 seconds)
[02:24:48] *** Quits: changO- (~Changolan@ip72-194-70-236.oc.oc.cox.net) (Read error: Operation timed out)
[02:35:26] *** Quits: refs (~refs@p200300dd8714c80050fe15adc8b0aed7.dip0.t-ipconnect.de) (Quit: refs)
[03:04:12] *** Quits: nullstrin (~nullstrin@cermak.nullstring.io) (Read error: Operation timed out)
[03:07:56] *** Joins: nullstrin (~nullstrin@cermak.nullstring.io)
[03:18:47] *** Joins: plutobot (~plutobot@188.166.26.149)
[03:21:47] *** Quits: averne (~averne@176-179-35-51.abo.bbox.fr) (quit)
[03:24:13] *** Joins: averne (~averne@176-179-35-51.abo.bbox.fr)
[03:24:14] *** Server sets mode: +stn 
[03:26:54] *** Joins: changO- (~Changolan@ip72-194-68-118.oc.oc.cox.net)
[03:33:33] *** Joins: changoXPR (~Changolan@ip72-194-68-118.oc.oc.cox.net)
[03:35:32] *** Quits: changO- (~Changolan@ip72-194-68-118.oc.oc.cox.net) (Ping timeout: 492 seconds)
[03:36:39] *** Joins: oldtopman (~oldtopman@97-118-95-21.hlrn.qwest.net)
[03:40:22] *** Quits: changoXPR (~Changolan@ip72-194-68-118.oc.oc.cox.net) (Read error: Operation timed out)
[03:41:17] *** Joins: changO- (~Changolan@ip72-194-68-118.oc.oc.cox.net)
[03:44:17] *** Quits: averne (~averne@176-179-35-51.abo.bbox.fr) (quit)
[04:16:09] *** Joins: averne (~averne@176-179-35-51.abo.bbox.fr)
[04:16:11] *** Server sets mode: +stn 
[04:19:13] *** Quits: averne (~averne@176-179-35-51.abo.bbox.fr) (quit)
[04:26:52] *** Joins: averne (~averne@176-179-35-51.abo.bbox.fr)
[04:26:54] *** Server sets mode: +stn 
[04:29:57] *** Quits: averne (~averne@176-179-35-51.abo.bbox.fr) (quit)
[04:35:42] *** Joins: averne (~averne@176-179-35-51.abo.bbox.fr)
[04:35:45] *** Server sets mode: +stn 
[05:39:57] *** Quits: changO- (~Changolan@ip72-194-68-118.oc.oc.cox.net) (ny.us.hub ircd.choopa.net)
[05:39:57] *** Quits: oldtopman (~oldtopman@97-118-95-21.hlrn.qwest.net) (ny.us.hub ircd.choopa.net)
[05:39:57] *** Quits: GerbilS8 (~GerbilSof@pool-108-24-138-55.cmdnnj.fios.verizon.net) (ny.us.hub ircd.choopa.net)
[05:39:57] *** Quits: ihaveamac (~ihaveamac@ianburgwin.net) (ny.us.hub ircd.choopa.net)
[05:39:58] *** Quits: Cu3PO42 (~Cu3PO42@159.69.208.45) (ny.us.hub ircd.choopa.net)
[05:39:58] *** Quits: Genolo (~fear@2a01:7e00::f03c:91ff:fe93:8d42) (ny.us.hub ircd.choopa.net)
[05:39:58] *** Quits: gruetzkop (~gruetzkop@bnc.dont-follow.us) (ny.us.hub ircd.choopa.net)
[05:39:58] *** Quits: klock (~efklock@vps1.ksociety.net) (ny.us.hub ircd.choopa.net)
[05:39:58] *** Quits: capin4 (~capin@209.182.233.136) (ny.us.hub ircd.choopa.net)
[05:39:58] *** Quits: lameboy (~lameboy@202-47-121-182.cust.dcsi.net.au) (ny.us.hub ircd.choopa.net)
[05:39:58] *** Quits: Surkow (~Surkow@84-104-14-64.cable.dynamic.v4.ziggo.nl) (ny.us.hub ircd.choopa.net)
[05:39:58] *** Quits: giglife (giglife@CPE0492268436b0-CM688f2e1dc9d0.cpe.net.cable.rogers.com) (ny.us.hub ircd.choopa.net)
[05:39:59] *** Quits: sh0e- (~sh0e@node1.eisenkopf.info) (ny.us.hub ircd.choopa.net)
[05:39:59] *** Quits: Maylay (~gren@108-198-59-230.lightspeed.miamfl.sbcglobal.net) (ny.us.hub ircd.choopa.net)
[05:39:59] *** Quits: eggster (~eggster@irchighway.eggy.cc) (ny.us.hub ircd.choopa.net)
[05:39:59] *** Quits: freundTec (~freundTec@freundtech.com) (ny.us.hub ircd.choopa.net)
[05:39:59] *** Quits: mtheall (~mtheall@mtheall.com) (ny.us.hub ircd.choopa.net)
[05:39:59] *** Quits: datagutt (~datagutt@mail.guac.live) (ny.us.hub ircd.choopa.net)
[05:39:59] *** Quits: TurtleP (~turtlep@bnc.devkitpro.org) (ny.us.hub ircd.choopa.net)
[05:39:59] *** Quits: yls8bot (~yls8bot@mtheall.com) (ny.us.hub ircd.choopa.net)
[05:39:59] *** Quits: yellows8 (~yellows8@adiza.nexticom.net) (ny.us.hub ircd.choopa.net)
[05:39:59] *** Quits: Lightswor (~Lightswor@107.170.253.193) (ny.us.hub ircd.choopa.net)
[05:39:59] *** Quits: Aaerox (Aaerox@fuckyou.k.thnx.org) (ny.us.hub ircd.choopa.net)
[05:39:59] *** Quits: Kyouju (~Kyouju@ks3311808.kimsufi.com) (ny.us.hub ircd.choopa.net)
[05:39:59] *** Quits: nullstrin (~nullstrin@cermak.nullstring.io) (ny.us.hub ircd.choopa.net)
[05:39:59] *** Quits: |Shadow| (~Shadow1@ip68-12-213-93.ok.ok.cox.net) (ny.us.hub ircd.choopa.net)
[05:39:59] *** Quits: tpw_rules (~tpw_rules@li1059-135.members.linode.com) (ny.us.hub ircd.choopa.net)
[05:39:59] *** Quits: awordnot (~awordnot@c-71-194-7-27.hsd1.il.comcast.net) (ny.us.hub ircd.choopa.net)
[05:39:59] *** Quits: endrift (~endrift@endrift.com) (ny.us.hub ircd.choopa.net)
[05:39:59] *** Quits: j0hny5 (j0hny5@94.75.242.8) (ny.us.hub ircd.choopa.net)
[05:39:59] *** Quits: hordak (hordak@cautio.us) (ny.us.hub ircd.choopa.net)
[05:40:29] *** Joins: changO- (~Changolan@ip72-194-68-118.oc.oc.cox.net)
[05:40:29] *** Joins: oldtopman (~oldtopman@97-118-95-21.hlrn.qwest.net)
[05:40:29] *** Joins: nullstrin (~nullstrin@cermak.nullstring.io)
[05:40:29] *** Joins: |Shadow| (~Shadow1@ip68-12-213-93.ok.ok.cox.net)
[05:40:29] *** Joins: tpw_rules (~tpw_rules@li1059-135.members.linode.com)
[05:40:29] *** Joins: awordnot (~awordnot@c-71-194-7-27.hsd1.il.comcast.net)
[05:40:29] *** Joins: endrift (~endrift@endrift.com)
[05:40:29] *** Joins: lameboy (~lameboy@202-47-121-182.cust.dcsi.net.au)
[05:40:29] *** Joins: GerbilS8 (~GerbilSof@pool-108-24-138-55.cmdnnj.fios.verizon.net)
[05:40:29] *** Joins: Surkow (~Surkow@84-104-14-64.cable.dynamic.v4.ziggo.nl)
[05:40:29] *** Joins: ihaveamac (~ihaveamac@ianburgwin.net)
[05:40:29] *** Joins: j0hny5 (j0hny5@94.75.242.8)
[05:40:29] *** Joins: giglife (giglife@CPE0492268436b0-CM688f2e1dc9d0.cpe.net.cable.rogers.com)
[05:40:29] *** Joins: sh0e- (~sh0e@node1.eisenkopf.info)
[05:40:29] *** Joins: hordak (hordak@cautio.us)
[05:40:29] *** Joins: Maylay (~gren@108-198-59-230.lightspeed.miamfl.sbcglobal.net)
[05:40:29] *** Joins: eggster (~eggster@irchighway.eggy.cc)
[05:40:29] *** Joins: freundTec (~freundTec@freundtech.com)
[05:40:29] *** Joins: capin4 (~capin@209.182.233.136)
[05:40:29] *** Joins: klock (~efklock@vps1.ksociety.net)
[05:40:29] *** Joins: gruetzkop (~gruetzkop@bnc.dont-follow.us)
[05:40:29] *** Joins: Genolo (~fear@2a01:7e00::f03c:91ff:fe93:8d42)
[05:40:29] *** Joins: Cu3PO42 (~Cu3PO42@159.69.208.45)
[05:40:29] *** Joins: mtheall (~mtheall@mtheall.com)
[05:40:29] *** Joins: datagutt (~datagutt@mail.guac.live)
[05:40:29] *** Joins: TurtleP (~turtlep@bnc.devkitpro.org)
[05:40:29] *** Joins: yls8bot (~yls8bot@mtheall.com)
[05:40:29] *** Joins: yellows8 (~yellows8@adiza.nexticom.net)
[05:40:29] *** Joins: Lightswor (~Lightswor@107.170.253.193)
[05:40:29] *** Joins: Aaerox (Aaerox@fuckyou.k.thnx.org)
[05:40:29] *** Joins: Kyouju (~Kyouju@ks3311808.kimsufi.com)
[05:40:29] *** hub.efnet.us sets mode: +oo yls8bot yellows8
[05:40:30] *** WntrMute sets mode: +o yellows8
[05:41:23] *** Joins: foghorn2 (~meh@107-198-163-1.lightspeed.rcsntx.sbcglobal.net)
[05:46:27] *** Quits: foghorn (~meh@2600:1700:8af0:a950:58e5:e7dd:a65a:9f80) (Read error: Operation timed out)
[06:14:48] *** Quits: GerbilS8 (~GerbilSof@pool-108-24-138-55.cmdnnj.fios.verizon.net) (Quit: Windows must now restart because the Remote Procedure Call (RPC) service terminated unexpectedly.)
[06:38:07] *** Joins: GerbilSof (~GerbilSof@pool-108-24-138-55.cmdnnj.fios.verizon.net)
[07:25:46] *** Quits: figgis_ (~figgis@93.123.144.171) (Read error: Connection reset by peer)
[07:50:12] *** Joins: changoXPR (~Changolan@ip72-194-68-118.oc.oc.cox.net)
[07:50:32] *** Quits: changO- (~Changolan@ip72-194-68-118.oc.oc.cox.net) (Ping timeout: 260 seconds)
[07:50:33] *** changoXPR is now known as changO-
[07:54:03] *** Quits: des^ (~des@ip1f108006.dynamic.kabel-deutschland.de) (Ping timeout: 272 seconds)
[07:54:03] *** Quits: plutobot (~plutobot@188.166.26.149) (Ping timeout: 272 seconds)
[07:54:04] *** Quits: oldtopman (~oldtopman@97-118-95-21.hlrn.qwest.net) (Ping timeout: 260 seconds)
[07:54:41] *** Quits: DacoTaco (~DacoTaco@178-119-112-131.access.telenet.be) (Ping timeout: 272 seconds)
[07:58:52] *** Joins: oldtopman (~oldtopman@97-118-95-21.hlrn.qwest.net)
[08:41:27] *** Quits: awordnot (~awordnot@c-71-194-7-27.hsd1.il.comcast.net) (Read error: Operation timed out)
[08:57:47] *** Joins: plutobot (~plutobot@188.166.26.149)
[08:58:01] *** Joins: DacoTaco (~DacoTaco@178-119-112-131.access.telenet.be)
[09:02:12] *** Joins: des^ (~des@31.16.128.6)
[09:27:55] *** Joins: awordnot (~awordnot@c-71-194-7-27.hsd1.il.comcast.net)
[10:03:22] *** Joins: miigotu_ (~miigotu@custip-162-217-53-192.esvabroadband.net)
[10:06:00] *** Quits: miigotu (~miigotu@custip-162-217-53-192.esvabroadband.net) (Ping timeout: 265 seconds)
[10:20:41] *** Quits: oldtopman (~oldtopman@97-118-95-21.hlrn.qwest.net) (ircd.choopa.net irc.Prison.NET)
[10:24:09] *** Quits: DacoTaco (~DacoTaco@178-119-112-131.access.telenet.be) (Ping timeout: 272 seconds)
[10:24:47] *** Quits: plutobot (~plutobot@188.166.26.149) (Ping timeout: 272 seconds)
[10:25:25] *** Quits: des^ (~des@31.16.128.6) (Ping timeout: 272 seconds)
[11:29:11] *** Joins: plutobot (~plutobot@188.166.26.149)
[11:29:52] *** Joins: DacoTaco (~DacoTaco@178-119-112-131.access.telenet.be)
[11:32:56] *** Joins: des^ (~des@ip1f108006.dynamic.kabel-deutschland.de)
[14:54:32] *** Quits: dibas (~dibas@wild.uberspace.de) (Ping timeout: 745 seconds)
[15:57:41] *** Joins: dibas (~dibas@wild.uberspace.de)
[16:11:42] *** Quits: Genolo (~fear@2a01:7e00::f03c:91ff:fe93:8d42) (Read error: Operation timed out)
[16:13:00] *** Joins: Genolo (~fear@2a01:7e00::f03c:91ff:fe93:8d42)
[16:36:16] *** Joins: m4ts (~mats@s176125235106.blix.com)
[16:39:55] *** Quits: m4ts_ (~mats@s176125235116.blix.com) (Ping timeout: 265 seconds)
[16:43:07] *** Joins: dibas_ (~dibas@wild.uberspace.de)
[16:43:07] *** Quits: dibas (~dibas@wild.uberspace.de) (Read error: Connection reset by peer)
[16:43:13] *** dibas_ is now known as dibas
[17:56:15] *** Joins: lameboy2 (~lameboy@202-47-121-182.cust.dcsi.net.au)
[18:03:18] *** Quits: lameboy (~lameboy@202-47-121-182.cust.dcsi.net.au) (Read error: Operation timed out)
[18:03:23] *** lameboy2 is now known as lameboy
[18:56:53] *** Joins: miigotu (~miigotu@custip-162-217-53-192.esvabroadband.net)
[18:58:13] *** Quits: miigotu_ (~miigotu@custip-162-217-53-192.esvabroadband.net) (Read error: Operation timed out)
