[00:15:02] *** Quits: Phils3r_ (~Phil@2a02:c205:3000:2328::1) (Quit: ZNC - https://znc.in)
[00:15:09] *** Joins: Phils3r (~Phil@phils3r.de)
[01:19:29] *** Joins: refs (~refs@p200300dd87191a00b4e143e628e6f972.dip0.t-ipconnect.de)
[03:36:29] *** Quits: plutobot (~plutobot@188.166.26.149) (Ping timeout: 272 seconds)
[03:37:07] *** Quits: DacoTaco (~DacoTaco@178-119-112-131.access.telenet.be) (Ping timeout: 272 seconds)
[03:38:23] *** Quits: des^ (~des@ip1f108006.dynamic.kabel-deutschland.de) (Ping timeout: 272 seconds)
[04:17:38] *** Quits: refs (~refs@p200300dd87191a00b4e143e628e6f972.dip0.t-ipconnect.de) (Quit: refs)
[04:42:35] *** Joins: plutobot (~plutobot@188.166.26.149)
[04:42:49] *** Joins: DacoTaco (~DacoTaco@178-119-112-131.access.telenet.be)
[04:45:27] *** Joins: des^ (~des@ip1f108006.dynamic.kabel-deutschland.de)
[08:28:09] *** Quits: |Shadow| (~Shadow1@ip68-12-213-93.ok.ok.cox.net) ()
[08:30:07] *** Joins: |Shadow| (~Shadow1@ip68-12-213-93.ok.ok.cox.net)
[13:35:27] *** Joins: fgsfds (~figgis@93.123.144.171)
[17:42:31] *** Joins: refs (~refs@p200300dd87319800c57520c048fc6feb.dip0.t-ipconnect.de)
[20:12:29] *** Joins: GerbilS0 (~GerbilSof@pool-108-24-138-55.cmdnnj.fios.verizon.net)
[20:12:32] *** Joins: omlet05_ (~quassel@omlet.ovh)
[20:15:17] *** Joins: Stary_ (~Stary@thonk.9net.org)
[20:23:52] *** Quits: m4ts (~mats@s176125235106.blix.com) (se.hub irc.underworld.no)
[20:23:52] *** Quits: GerbilSof (~GerbilSof@pool-108-24-138-55.cmdnnj.fios.verizon.net) (se.hub irc.underworld.no)
[20:23:52] *** Quits: omlet05 (~quassel@omlet.ovh) (se.hub irc.underworld.no)
[20:23:52] *** Quits: IShaDoWl (~IShaDoWl@131.red-79-150-215.dynamicip.rima-tde.net) (se.hub irc.underworld.no)
[20:23:52] *** Quits: Stary (~Stary@thonk.9net.org) (se.hub irc.underworld.no)
[21:24:07] *** Quits: giglife (giglife@CPE0492268436b0-CM688f2e1dc9d0.cpe.net.cable.rogers.com) (Remote host closed the connection)
[21:25:00] *** Joins: giglife (giglife@CPE0492268436b0-CM688f2e1dc9d0.cpe.net.cable.rogers.com)
[23:26:25] *** Quits: miigotu (~miigotu@custip-162-217-53-192.esvabroadband.net) (Quit: ZNC - https://znc.in)
[23:28:37] *** Joins: miigotu (~miigotu@custip-162-217-53-192.esvabroadband.net)
