[00:24:19] *** Quits lilibox ()
[00:48:52] *** Quits foghorn2 (Quit: Leaving)
[00:57:24] *** Joins foghorn
[01:09:46] *** Quits Surkow (Quit: Bye bye - Laptop goes to sleep - NOP NOP NOP)
[01:11:24] *** Joins Surkow
[02:03:51] *** Quits miigotu (Read error: Operation timed out)
[02:39:24] *** Quits refs (Quit: refs)
[05:10:01] *** Quits nullstrin (Read error: Operation timed out)
[05:13:47] *** Joins nullstrin
[06:14:09] *** Quits DacoTaco (Ping timeout: 272 seconds)
[06:14:47] *** Quits plutobot (Ping timeout: 272 seconds)
[06:15:25] *** Quits des^ (Ping timeout: 272 seconds)
[06:26:42] *** Joins Aaerox_
[06:26:56] *** Quits Aaerox (Read error: Operation timed out)
[06:37:55] *** Quits IShaDoWl (Ping timeout: 260 seconds)
[06:38:00] *** Joins IShaDoWl
[06:44:02] *** Quits phigcloud (Quit: Connection closed for inactivity)
[07:20:30] *** Joins plutobot
[07:20:59] *** Joins DacoTaco
[07:29:31] *** Quits DacoTaco (Ping timeout: 272 seconds)
[07:29:31] *** Quits plutobot (Ping timeout: 272 seconds)
[07:38:34] *** Quits fgsfds (Read error: Connection reset by peer)
[08:32:54] *** Joins plutobot
[08:33:14] *** Joins DacoTaco
[08:35:06] *** Joins des^
[08:42:59] *** Quits des^ (Ping timeout: 272 seconds)
[08:42:59] *** Quits DacoTaco (Ping timeout: 272 seconds)
[08:42:59] *** Quits plutobot (Ping timeout: 272 seconds)
[09:03:08] *** Joins oldtopman
[09:08:13] *** Quits oldtopman (Read error: Operation timed out)
[09:17:54] *** Quits Aaerox_ (Quit: Nice Boat)
[09:18:15] *** Quits hordak (Read error: Connection reset by peer)
[09:18:22] *** Joins hordak
[09:19:15] *** Joins Aaerox
[09:35:52] *** Quits zini- (Ping timeout: 745 seconds)
[09:36:59] *** Joins phigcloud
[09:39:30] *** Quits blasty (Read error: Connection reset by peer)
[09:40:02] *** Quits d3m3vilur (Read error: Operation timed out)
[09:45:22] *** Joins plutobot
[09:46:11] *** Joins zini
[09:46:21] *** Joins oldtopman
[09:47:11] *** Joins DacoTaco
[09:48:48] *** Joins blasty
[09:50:37] *** Joins des^
[09:52:36] *** Joins d3m3vilur
[11:17:57] *** Quits Jdbye (Ping timeout: 745 seconds)
[11:20:17] *** Joins Jdbye
[12:15:26] *** Joins Surkow_
[12:15:26] *** Quits Surkow (Read error: Connection reset by peer)
[12:20:22] *** Quits naehrwert (Ping timeout: 745 seconds)
[12:20:33] *** Joins naehrwert
[14:49:38] *** Joins refsw
[18:29:27] *** Quits DacoTaco (Ping timeout: 272 seconds)
[18:30:05] *** Quits des^ (Ping timeout: 272 seconds)
[18:30:05] *** Quits oldtopman (Ping timeout: 272 seconds)
[18:30:05] *** Quits plutobot (Ping timeout: 272 seconds)
[19:34:38] *** Joins plutobot
[19:36:11] *** Joins DacoTaco
[19:37:51] *** Quits flagrama (Ping timeout: 272 seconds)
[19:38:06] *** Joins des^
[19:39:07] *** Quits Pieman (Ping timeout: 272 seconds)
[19:39:57] *** Quits phigcloud (Ping timeout: 610 seconds)
[19:40:54] *** Quits d3m3vilur (Read error: Operation timed out)
[19:47:47] *** Quits rjeli___ (Ping timeout: 1230 seconds)
[19:48:58] *** Joins SCV__
[19:49:08] *** Joins rjeli___
[19:49:15] *** Joins d3m3vilur
[19:49:39] *** Joins Pieman
[19:51:52] *** Quits SCV_ (Ping timeout: 1230 seconds)
[19:51:52] *** SCV__ is now known as SCV_
[19:51:59] *** Quits flotwig (Quit: ZNC - http://znc.in)
[19:54:48] *** Joins flagrama
[19:59:09] *** Joins phigcloud
[20:09:53] *** Joins changoXPR
[20:11:17] *** Quits changO- (Read error: Operation timed out)
[20:11:17] *** changoXPR is now known as changO-
[20:26:19] *** Joins cpnc0ke
[20:30:28] *** Joins fgsfds
[20:40:33] *** Quits flagrama (Ping timeout: 272 seconds)
[20:40:33] *** Quits plutobot (Ping timeout: 272 seconds)
[20:40:49] *** Joins flagrama
[20:41:49] *** Quits DacoTaco (Ping timeout: 272 seconds)
[20:42:27] *** Quits des^ (Ping timeout: 272 seconds)
[21:07:41] *** Joins refs
[21:45:37] *** Joins plutobot
[21:46:01] *** Joins DacoTaco
[21:49:25] *** Joins des^
[22:15:21] *** Quits GerbilS0 (Quit: Windows must now restart because the Remote Procedure Call (RPC) service terminated unexpectedly.)
[22:38:17] *** Quits awordnot (Read error: Connection reset by peer)
[22:38:22] *** Joins awordnot
[22:42:19] *** Joins GerbilSof
[22:44:37] *** Quits GerbilSof (Client Quit)
[22:47:37] *** Joins GerbilSof
[23:53:43] *** Quits Pieman (Ping timeout: 272 seconds)
[23:54:59] *** Quits flagrama (Ping timeout: 272 seconds)
[23:54:59] *** Quits nohit (Ping timeout: 272 seconds)
[23:55:29] *** Joins flagrama
[23:55:32] *** Joins Pieman
[23:55:43] *** Joins nohit
[23:56:13] *** Quits phigcloud (Ping timeout: 610 seconds)
[23:56:25] *** Joins SCV__
[23:57:24] *** Quits d3m3vilur (Read error: Operation timed out)
[23:58:08] *** Joins phigcloud
[23:58:49] *** Joins d3m3vilur
