[00:03:52] *** Quits: SCV_ (sid226262@id-226262.charlton.irccloud.com) (Ping timeout: 1230 seconds)
[00:03:52] *** SCV__ is now known as SCV_
[01:17:39] *** Joins: oldtopman (~oldtopman@97-118-95-21.hlrn.qwest.net)
[01:23:28] *** Quits: KuKzz (KuKzz@95.143.216.177) (Ping timeout: 492 seconds)
[02:02:55] *** Quits: Pieman (sid188464@brockwell.irccloud.com) (Ping timeout: 272 seconds)
[02:03:33] *** Quits: plutobot (~plutobot@188.166.26.149) (Ping timeout: 272 seconds)
[02:04:11] *** Quits: des^ (~des@ip1f108006.dynamic.kabel-deutschland.de) (Ping timeout: 272 seconds)
[02:04:11] *** Quits: DacoTaco (~DacoTaco@178-119-112-131.access.telenet.be) (Ping timeout: 272 seconds)
[02:34:25] *** Quits: refs (~refs@p200300dd8717ab00d1bf3f992d2eb7fe.dip0.t-ipconnect.de) (Quit: refs)
[02:36:35] *** Joins: KuKzz (KuKzz@95.143.216.177)
[03:25:09] *** Joins: Extrems` (gamecube@expert.extremscorner.org)
[03:27:37] *** Quits: Extrems (gamecube@expert.extremscorner.org) (Ping timeout: 492 seconds)
[03:27:38] *** Extrems` is now known as Extrems
[04:00:59] *** Joins: plutobot (~plutobot@188.166.26.149)
[04:01:43] *** Joins: des^ (~des@ip1f108006.dynamic.kabel-deutschland.de)
[04:02:47] *** Joins: DacoTaco (~DacoTaco@178-119-112-131.access.telenet.be)
[04:03:22] *** Joins: Pieman (sid188464@brockwell.irccloud.com)
[04:20:36] *** Joins: changoXPR (~Changolan@ip72-194-68-118.oc.oc.cox.net)
[04:23:20] *** Quits: changO- (~Changolan@ip72-194-68-118.oc.oc.cox.net) (Read error: Operation timed out)
[04:23:21] *** changoXPR is now known as changO-
[04:36:26] *** Joins: changoXPR (~Changolan@ip72-194-68-118.oc.oc.cox.net)
[04:38:33] *** Quits: changO- (~Changolan@ip72-194-68-118.oc.oc.cox.net) (Read error: Operation timed out)
[04:38:34] *** changoXPR is now known as changO-
[04:39:21] *** Quits: plutobot (~plutobot@188.166.26.149) (Ping timeout: 272 seconds)
[04:39:59] *** Quits: Pieman (sid188464@brockwell.irccloud.com) (Ping timeout: 272 seconds)
[04:41:18] *** Quits: DacoTaco (~DacoTaco@178-119-112-131.access.telenet.be) (Ping timeout: 272 seconds)
[04:41:18] *** Quits: des^ (~des@ip1f108006.dynamic.kabel-deutschland.de) (Ping timeout: 272 seconds)
[04:42:29] *** Joins: Pieman (sid188464@2001:67c:2f08:5::2:e030)
[04:59:29] *** Quits: changO- (~Changolan@ip72-194-68-118.oc.oc.cox.net) (Read error: Operation timed out)
[05:06:31] *** Joins: changO- (~Changolan@ip72-194-68-118.oc.oc.cox.net)
[05:43:31] *** Joins: plutobot (~plutobot@188.166.26.149)
[05:44:25] *** Joins: DacoTaco (~DacoTaco@178-119-112-131.access.telenet.be)
[05:49:18] *** Joins: des^ (~des@ip1f108006.dynamic.kabel-deutschland.de)
[06:53:32] *** Quits: fgsfds (~figgis@93.123.144.171) (Read error: Connection reset by peer)
[06:57:27] *** Quits: hexkyz (~hexkyz@ec2-18-179-123-169.ap-northeast-1.compute.amazonaws.com) (Ping timeout: 745 seconds)
[06:58:17] *** Joins: hexkyz (~hexkyz@ec2-18-179-123-169.ap-northeast-1.compute.amazonaws.com)
[07:20:26] *** Quits: m4ts (~mats@s17612523596.blix.com) (Ping timeout: 265 seconds)
[08:11:12] *** Joins: |Shadow|_ (~Shadow1@ip68-12-213-93.ok.ok.cox.net)
[08:16:49] *** Quits: |Shadow| (~Shadow1@ip68-12-213-93.ok.ok.cox.net) (Read error: Operation timed out)
[08:20:53] *** Quits: awordnot (~awordnot@c-71-194-7-27.hsd1.il.comcast.net) (Read error: Connection reset by peer)
[08:21:00] *** Quits: endrift (~endrift@endrift.com) (Read error: Operation timed out)
[08:22:02] *** Joins: endrift (~endrift@endrift.com)
[08:23:46] *** Quits: naehrwert (~naehrwert@8.38.88.201) (Read error: Operation timed out)
[08:23:53] *** Joins: naehrwert (~naehrwert@8.38.88.201)
[08:24:16] *** Quits: nullstrin (~nullstrin@cermak.nullstring.io) (Read error: Connection reset by peer)
[08:24:19] *** Quits: |Shadow|_ (~Shadow1@ip68-12-213-93.ok.ok.cox.net) (Read error: Operation timed out)
[08:25:00] *** Quits: omlet05_ (~quassel@omlet.ovh) (Read error: Operation timed out)
[08:26:07] *** Quits: hexkyz (~hexkyz@ec2-18-179-123-169.ap-northeast-1.compute.amazonaws.com) (Ping timeout: 745 seconds)
[08:26:08] *** Joins: hexkyz_ (~hexkyz@ec2-18-179-123-169.ap-northeast-1.compute.amazonaws.com)
[08:26:39] *** Quits: tpw_rules (~tpw_rules@li1059-135.members.linode.com) (Read error: Operation timed out)
[08:28:19] *** Joins: |Shadow| (~Shadow1@ip68-12-213-93.ok.ok.cox.net)
[08:28:20] *** Joins: omlet05 (~quassel@omlet.ovh)
[08:28:20] *** Quits: endrift (~endrift@endrift.com) (Excess Flood)
[08:28:27] *** Joins: endrift (~endrift@endrift.com)
[08:28:52] *** Joins: tpw_rules (~tpw_rules@li1059-135.members.linode.com)
[08:31:33] *** Joins: lameboy2 (~lameboy@202-47-121-182.cust.dcsi.net.au)
[08:34:53] *** Joins: GerbilS2 (~GerbilSof@pool-108-24-138-55.cmdnnj.fios.verizon.net)
[08:34:56] *** Joins: hordak_ (hordak@cautio.us)
[08:36:38] *** Quits: GerbilSof (~GerbilSof@pool-108-24-138-55.cmdnnj.fios.verizon.net) (Ping timeout: 265 seconds)
[08:36:38] *** Quits: lameboy (~lameboy@202.47.121.182) (Ping timeout: 265 seconds)
[08:36:38] *** Quits: hordak (hordak@208.99.89.129) (Ping timeout: 265 seconds)
[08:36:38] *** lameboy2 is now known as lameboy
[08:36:38] *** hordak_ is now known as hordak
[08:36:48] *** Quits: Stary (~Stary@thonk.9net.org) (Ping timeout: 265 seconds)
[08:40:45] *** Joins: Stary (~Stary@thonk.9net.org)
[09:02:25] *** Joins: awordnot (~awordnot@c-71-194-7-27.hsd1.il.comcast.net)
[09:03:44] *** Joins: nullstrin (~nullstrin@cermak.nullstring.io)
[09:05:44] *** Joins: foghorn2 (~meh@107-198-163-1.lightspeed.rcsntx.sbcglobal.net)
[09:15:46] *** Quits: foghorn (~meh@107-198-163-1.lightspeed.rcsntx.sbcglobal.net) (Ping timeout: 610 seconds)
[10:31:25] *** Joins: CCFL_Man_ (144d082c89@c-73-64-119-64.hsd1.pa.comcast.net)
[10:37:57] *** Quits: CCFL_Man (1346886a6a@c-73-64-119-64.hsd1.pa.comcast.net) (Ping timeout: 745 seconds)
[10:44:27] *** Quits: CCFL_Man_ (144d082c89@c-73-64-119-64.hsd1.pa.comcast.net) (Read error: Operation timed out)
[11:29:17] *** Quits: hexkyz_ (~hexkyz@ec2-18-179-123-169.ap-northeast-1.compute.amazonaws.com) (Ping timeout: 745 seconds)
[11:29:38] *** Joins: hexkyz (~hexkyz@ec2-18-179-123-169.ap-northeast-1.compute.amazonaws.com)
[12:04:52] *** Quits: hexkyz (~hexkyz@ec2-18-179-123-169.ap-northeast-1.compute.amazonaws.com) (Ping timeout: 745 seconds)
[12:06:13] *** Joins: hexkyz (~hexkyz@ec2-18-179-123-169.ap-northeast-1.compute.amazonaws.com)
[12:11:03] *** Joins: changoXPR (~Changolan@ip72-194-68-118.oc.oc.cox.net)
[12:11:51] *** Quits: changO- (~Changolan@ip72-194-68-118.oc.oc.cox.net) (Ping timeout: 496 seconds)
[12:11:51] *** changoXPR is now known as changO-
[12:16:18] *** Joins: changoXPR (~Changolan@ip70-187-147-196.oc.oc.cox.net)
[12:16:19] *** Quits: changO- (~Changolan@ip72-194-68-118.oc.oc.cox.net) (Ping timeout: 260 seconds)
[12:16:20] *** changoXPR is now known as changO-
[12:22:20] *** Joins: changoXPR (~Changolan@ip70-187-147-196.oc.oc.cox.net)
[12:26:56] *** Quits: changO- (~Changolan@ip70-187-147-196.oc.oc.cox.net) (Ping timeout: 610 seconds)
[12:26:56] *** changoXPR is now known as changO-
[12:37:27] *** Quits: changO- (~Changolan@ip70-187-147-196.oc.oc.cox.net) (Ping timeout: 496 seconds)
[12:37:29] *** Joins: changoXPR (~Changolan@ip70-187-147-196.oc.oc.cox.net)
[12:39:52] *** Quits: hexkyz (~hexkyz@ec2-18-179-123-169.ap-northeast-1.compute.amazonaws.com) (Ping timeout: 745 seconds)
[12:40:13] *** Joins: hexkyz (~hexkyz@ec2-18-179-123-169.ap-northeast-1.compute.amazonaws.com)
[13:05:56] *** Joins: changO- (~Changolan@ip70-187-147-196.oc.oc.cox.net)
[13:06:47] *** Quits: changoXPR (~Changolan@ip70-187-147-196.oc.oc.cox.net) (Ping timeout: 496 seconds)
[13:07:39] *** Joins: changoXPR (~Changolan@ip70-187-147-196.oc.oc.cox.net)
[13:08:15] *** Quits: changoXPR (~Changolan@ip70-187-147-196.oc.oc.cox.net) (Read error: Connection reset by peer)
[13:08:57] *** Joins: changoXPR (~Changolan@ip70-187-147-196.oc.oc.cox.net)
[13:08:59] *** Quits: changoXPR (~Changolan@ip70-187-147-196.oc.oc.cox.net) (Excess Flood)
[13:09:25] *** Joins: changoXPR (~Changolan@ip70-187-147-196.oc.oc.cox.net)
[13:10:34] *** Quits: changO- (~Changolan@ip70-187-147-196.oc.oc.cox.net) (Ping timeout: 260 seconds)
[13:10:34] *** changoXPR is now known as changO-
[14:00:57] *** Quits: hexkyz (~hexkyz@ec2-18-179-123-169.ap-northeast-1.compute.amazonaws.com) (Ping timeout: 745 seconds)
[14:03:19] *** Joins: hexkyz (~hexkyz@ec2-18-179-123-169.ap-northeast-1.compute.amazonaws.com)
[16:46:24] *** Joins: m4ts (~mats@s17612523596.blix.com)
[17:03:25] *** Joins: fgsfds (~figgis@93.123.144.171)
[21:12:04] *** Joins: refs (~refs@p200300dd87149d00816a79cf6c267e10.dip0.t-ipconnect.de)
[21:39:11] *** Quits: KuKzz (KuKzz@95.143.216.177) (Ping timeout: 492 seconds)
[22:11:37] *** Joins: KuKzz (KuKzz@95.143.216.177)
[22:49:55] *** Quits: changO- (~Changolan@ip70-187-147-196.oc.oc.cox.net) (Read error: Connection reset by peer)
