[00:33:53] <DoozerBot> PR-#539: friends: ability to get Friend Code, building targets: 02lib
[00:34:00] <plutobot> GitHub | New PR: friends abili... | User: TurtleP | https://github.com/switchbrew/libnx/pull/539
[00:37:55] <DoozerBot> 02lib: 03 v4.0.0.36 Build OK - https://doozer.io/build/we2h6za01x
[02:55:26] *** Joins changoXPR
[03:06:27] *** Quits changO- (Ping timeout: 1221 seconds)
[03:06:28] *** changoXPR is now known as changO-
[05:02:14] *** Joins phigcloud
[06:19:02] *** Quits giglife (Read error: Operation timed out)
[06:19:09] *** Joins giglife
[06:22:16] *** Quits flotwig (Read error: Operation timed out)
[06:23:38] *** Quits Kyouju (Read error: Operation timed out)
[06:27:11] *** Quits yellows8 (Read error: Operation timed out)
[06:29:43] *** Joins omlet05_
[06:30:35] *** Quits yls8bot (Read error: Operation timed out)
[06:33:45] *** Quits omlet05 (Read error: Operation timed out)
[06:41:43] *** Joins yls8bot
[06:42:15] *** Joins yellows8
[06:42:20] *** Joins Kyouju
[06:56:28] *** Quits rjeli____ (Ping timeout: 1230 seconds)
[06:56:41] *** Joins rjeli____
[07:27:27] *** Joins zini-
[07:28:03] *** Joins Whovian9-
[07:28:55] *** Quits DoozerBot (Read error: Connection reset by peer)
[07:28:59] *** Joins DoozerBot
[07:30:51] *** Joins ave_75
[07:31:18] *** Joins dibas_
[07:32:04] *** Quits dibas (Read error: Connection reset by peer)
[07:32:06] *** dibas_ is now known as dibas
[07:36:43] *** Quits zini (Ping timeout: 745 seconds)
[07:36:45] *** Quits Whovian93 (Ping timeout: 745 seconds)
[07:37:54] *** Quits ave_7 (Ping timeout: 745 seconds)
[07:37:55] *** ave_75 is now known as ave_7
[07:56:08] *** Quits GerbilSof (Windows must now restart because the Remote Procedure Call (RPC) service terminated unexpectedly.)
[08:05:01] *** Joins GerbilSof
[08:17:49] *** Quits fgsfds (Read error: Connection reset by peer)
[09:57:18] *** Quits rjeli____ (Ping timeout: 1230 seconds)
[09:57:31] *** Joins rjeli____
[10:19:04] *** Quits lilibox (Read error: Connection reset by peer)
[10:25:02] *** Joins lilibox
[11:31:13] *** Quits rjeli____ (Ping timeout: 1230 seconds)
[11:31:15] *** Quits lilibox (Read error: Connection reset by peer)
[11:31:26] *** Joins rjeli____
[11:31:39] *** Joins lilibox
[12:58:43] *** Quits rjeli____ (Ping timeout: 1230 seconds)
[12:58:57] *** Joins rjeli____
[14:23:18] *** Quits rjeli____ (Ping timeout: 1230 seconds)
[14:23:31] *** Joins rjeli____
[15:34:48] *** Joins derk0pf
[16:36:21] *** Quits derk0pf (Read error: Operation timed out)
[16:55:40] *** Joins derk0pf
[17:07:13] *** Quits rjeli____ (Ping timeout: 1230 seconds)
[17:07:26] *** Joins rjeli____
[17:52:49] *** Joins lilibox_
[17:52:51] *** Quits lilibox (Read error: Connection reset by peer)
[18:17:34] *** Quits derk0pf (Ping timeout: 265 seconds)
[18:27:08] *** Quits ave_7 (Ping timeout: 745 seconds)
[18:43:17] *** Joins ave_7
[18:52:48] *** Quits rjeli____ (Ping timeout: 1230 seconds)
[18:53:01] *** Joins rjeli____
[18:54:38] *** Quits ave_7 (Quit: Ping timeout (120 seconds))
[19:19:10] *** Joins derk0pf
[19:39:30] *** Joins ave_7
[19:50:49] *** Quits derk0pf (Ping timeout: 604 seconds)
[19:52:53] *** Quits ave_7 (Ping timeout: 745 seconds)
[19:56:21] *** Joins ave_7
[20:12:15] *** Joins derk0pf
[20:16:57] *** Quits derk0pf (Ping timeout: 265 seconds)
[20:25:24] *** Joins KuKzz_
[20:27:28] *** Quits KuKzz (Read error: Operation timed out)
[21:10:46] *** Joins fgsfds
[21:19:41] *** Quits Surkow (ircd.choopa.net irc.Prison.NET)
[21:49:33] *** Joins derk0pf
[21:54:25] *** Quits derk0pf (Ping timeout: 258 seconds)
[21:57:43] *** Quits rjeli____ (Ping timeout: 1230 seconds)
[21:57:56] *** Joins rjeli____
[22:03:13] *** Joins rajkosto
[22:06:59] *** Joins derk0pf
[22:11:35] *** Quits derk0pf (Ping timeout: 265 seconds)
[23:14:59] *** Joins DacoTaco
[23:23:39] *** Quits rajkosto (Read error: Connection reset by peer)
[23:25:13] *** Quits rjeli____ (Ping timeout: 1230 seconds)
[23:25:27] *** Joins rjeli____
