[00:18:19] *** Quits: sh0e (Read error: Connection reset by peer)
[00:21:02] *** Joins: Surkow
[00:24:21] *** Joins: sh0e
[02:21:49] *** Quits: phigcloud (Quit: Connection closed for inactivity)
[02:24:47] *** Quits: Surkow (hub.efnet.us irc.Prison.NET)
[02:27:32] *** Joins: Surkow_
[02:51:01] *** Whovian9- is now known as Whovian93
[05:23:58] *** Quits: GerbilSof (Read error: Operation timed out)
[05:37:42] *** Joins: GerbilSof
[06:16:58] *** Quits: rjeli____ (Read error: Connection timed out)
[06:31:06] *** Joins: rjeli____
[06:49:22] *** Quits: changO- (Read error: Operation timed out)
[07:23:37] *** Quits: fgsfds (Read error: Connection reset by peer)
[07:26:46] *** Quits: GerbilSof (Quit: Windows must now restart because the Remote Procedure Call (RPC) service terminated unexpectedly.)
[07:39:25] *** Joins: GerbilSof
[09:24:43] *** Joins: changO-
[09:30:21] *** Joins: changoXPR
[09:40:38] *** Quits: changO- (Ping timeout: 745 seconds)
[09:40:38] *** changoXPR is now known as changO-
[18:27:38] *** Joins: n87
[18:35:20] *** Quits: n87 (Read error: Connection reset by peer)
[18:43:40] *** Joins: fgsfds
[20:08:33] *** Joins: refs
[20:15:10] *** Quits: IShaDoWl ()
[22:38:21] *** Quits: GerbilSof (Quit: Windows must now restart because the Remote Procedure Call (RPC) service terminated unexpectedly.)
