[01:44:51] *** Quits: balrog (Bye)
[01:57:01] *** Joins: balrog
[03:37:26] *** Quits: eggster (Read error: Operation timed out)
[03:37:49] *** Joins: eggster
[03:38:24] *** Quits: Maylay (Read error: Operation timed out)
[03:38:50] *** Joins: Maylay
[03:44:51] *** Quits: RaYmAn (Ping timeout: 610 seconds)
[03:45:56] *** Joins: thejsa
[04:28:48] *** Quits: rjeli____ (Ping timeout: 1230 seconds)
[04:29:01] *** Joins: rjeli____
[04:29:09] *** Quits: fgsfds (Read error: Connection reset by peer)
[04:53:41] *** Quits: refs (Quit: refs)
[05:15:53] *** Quits: lilibox_ (Read error: Connection reset by peer)
[05:31:44] *** Joins: lilibox
[05:56:18] *** Quits: rjeli____ (Ping timeout: 1230 seconds)
[05:56:32] *** Joins: rjeli____
[06:52:41] *** Joins: giglife_
[06:52:41] *** Quits: giglife (Read error: Connection reset by peer)
[06:52:53] *** giglife_ is now known as giglife
[06:53:24] *** Quits: balrog (Read error: Operation timed out)
[06:53:51] *** Joins: balrog
[06:55:23] *** Quits: tpw_rules (Read error: Operation timed out)
[06:55:40] *** Joins: tpw_rules
[06:56:54] *** Quits: j0hny5 (Read error: Operation timed out)
[06:59:12] *** Quits: Maylay (Read error: Operation timed out)
[06:59:35] *** Joins: Maylay
[07:01:02] *** Joins: j0hny5
[07:01:27] *** Quits: |Shadow| (Read error: Operation timed out)
[07:11:24] *** Joins: |Shadow|
[08:37:30] *** Quits: rjeli____ (Read error: Connection timed out)
[08:51:55] *** Joins: rjeli____
[09:21:05] *** Joins: RaYmAn
[10:05:58] *** Quits: rjeli____ (Ping timeout: 1230 seconds)
[10:06:11] *** Joins: rjeli____
[10:26:10] *** Joins: n87
[10:36:56] *** Quits: n87 (Read error: Connection reset by peer)
[10:48:33] *** Quits: rjeli____ (Ping timeout: 1230 seconds)
[10:48:46] *** Joins: rjeli____
[11:28:27] *** Quits: KuKzz_ (Ping timeout: 604 seconds)
[11:31:19] *** Joins: KuKzz
[11:47:28] *** Quits: rjeli____ (Ping timeout: 1230 seconds)
[11:47:41] *** Joins: rjeli____
[13:14:19] *** Joins: m4ts_
[13:15:40] *** Quits: m4ts (Ping timeout: 265 seconds)
[13:23:43] *** Joins: rajkosto
[14:33:04] *** Joins: fgsfds
[15:03:36] *** Quits: fgsfds (Leaving)
[15:03:54] *** Joins: fgsfds
[15:22:13] *** Quits: rajkosto (Read error: Operation timed out)
[16:13:28] *** Quits: rjeli____ (Ping timeout: 1230 seconds)
[16:13:42] *** Joins: rjeli____
[16:25:16] *** Joins: Retr0id
[17:02:33] *** Joins: rajkosto
[18:53:18] *** Quits: rjeli____ (Ping timeout: 1230 seconds)
[18:53:32] *** Joins: rjeli____
[19:19:17] *** Joins: uyjulian_
[19:24:13] *** Quits: uyjulian (Ping timeout: 745 seconds)
[19:24:13] *** uyjulian_ is now known as uyjulian
[20:18:39] *** Quits: rjeli____ (Read error: Connection timed out)
[20:33:07] *** Joins: rjeli____
[20:41:35] *** Quits: rajkosto (Read error: Connection reset by peer)
[21:22:44] *** Joins: refs
[21:29:03] *** Quits: rjeli____ (Ping timeout: 1230 seconds)
[21:29:16] *** Joins: rjeli____
[22:37:45] *** Quits: rjeli____ (Read error: Connection timed out)
[22:53:06] *** Joins: rjeli____
[23:45:52] *** Joins: TheLat
[23:47:04] <TheLat> Hi, everyone.  I've popped in here and asked for help a bunch and I've always gotten great help.  I just wanted to say thanks, because the project I've been working on is now done and fully ported to the Switch.  Enjoy:  http://github.com/thelat/fusion
