[00:02:08] *** Joins: figgis_
[00:02:12] *** Quits: n00b604 (Ping timeout: 252 seconds)
[00:09:54] *** Quits: fgsfds (Read error: Operation timed out)
[00:18:43] *** Quits: Aonyx (Ping timeout: 253 seconds)
[00:29:39] *** Quits: Snetry (Quit: left EFNet)
[00:32:57] *** Joins: Snetry
[00:48:39] *** Joins: figgis__
[00:50:48] *** Quits: rjeli____ (Ping timeout: 1230 seconds)
[00:51:01] *** Joins: rjeli____
[00:56:09] *** Quits: figgis_ (Read error: Operation timed out)
[01:06:38] *** CCFL_Man_ is now known as CCFL_Man
[01:34:33] *** Quits: SCV______ (Ping timeout: 1230 seconds)
[01:34:46] *** Joins: SCV______
[02:02:31] <plutobot> Wiki | Page changed: Error codes | User: SciresM | https://switchbrew.org/w/index.php?curid=82&diff=10834&oldid=10809
[02:28:48] *** Quits: rjeli____ (Ping timeout: 1230 seconds)
[02:29:01] *** Joins: rjeli____
[02:31:59] *** Quits: rajko (Read error: Operation timed out)
[02:59:08] *** Quits: SCV______ (Ping timeout: 1230 seconds)
[02:59:22] *** Joins: SCV______
[03:16:03] *** Joins: RaYmAn
[05:06:02] *** Quits: yellows8 (Read error: Operation timed out)
[05:22:03] *** Joins: yellows8
[05:31:01] *** Quits: yellows8 (Read error: Operation timed out)
[05:36:22] *** Quits: figgis__ (Read error: Connection reset by peer)
[05:56:39] *** Joins: yellows8
[06:06:09] *** Quits: phigcloud (Quit: Connection closed for inactivity)
[06:46:04] <plutobot> Wiki | Page changed: Bluetooth Driver services | User: yls8 | https://switchbrew.org/w/index.php?curid=161&diff=10835&oldid=10828
[08:43:29] *** Quits: SCV______ (Read error: Connection timed out)
[08:56:11] *** Joins: phigcloud
[08:56:47] *** Joins: SCV______
[10:16:58] *** Joins: Summeli
[10:38:57] *** Joins: refsw3
[10:41:49] *** Quits: refsw2 (Ping timeout: 258 seconds)
[10:45:13] *** Quits: changO- (Ping timeout: 745 seconds)
[13:49:52] *** Joins: rajko
[13:53:03] *** Joins: refs
[16:41:09] *** Quits: |Shadow| (Read error: Operation timed out)
[16:41:45] *** Joins: |Shadow|
[16:53:22] *** Joins: |Shadow|_
[16:57:02] *** Quits: |Shadow| (Read error: Operation timed out)
[17:00:43] *** Surkow_ is now known as Surkow
[17:03:53] <plutobot> Wiki | Page changed: Bluetooth Driver services | User: yls8 | https://switchbrew.org/w/index.php?curid=161&diff=10836&oldid=10835
[17:23:03] *** Quits: Snetry (Read error: Connection reset by peer)
[17:23:46] *** Joins: Snetry
[18:05:17] *** Joins: fgsfds
[19:16:46] *** Joins: GerbilSof
[19:31:47] *** Quits: rajko (Read error: Operation timed out)
[20:55:17] *** Joins: rajko
[22:30:01] *** Quits: nikitalit (Read error: Operation timed out)
[23:20:54] *** Joins: changO-
[23:29:50] *** Quits: changO- (ircd.choopa.net irc.Prison.NET)
[23:32:32] *** Joins: changoXPR
[23:32:33] *** Quits: changoXPR (Excess Flood)
[23:32:56] *** Joins: changoXPR
[23:45:34] *** Quits: giglife (Read error: Operation timed out)
[23:46:42] *** Quits: Lightswor (Ping timeout: 376 seconds)
[23:49:37] *** Joins: giglife
[23:49:41] *** Quits: Surkow (Read error: Operation timed out)
[23:50:54] *** Quits: TurtleP (Read error: Operation timed out)
[23:51:00] *** Joins: TurtleP
[23:59:53] *** Joins: Surkow
