[00:03:51] *** |Shadow|_ is now known as |Shadow|
[00:27:13] *** Joins: Lightswor
[01:30:46] *** Quits: Lightswor (Ping timeout: 376 seconds)
[02:11:53] *** Joins: Lightswor
[03:23:53] *** Joins: mukunda
[04:44:44] *** Quits: refs (Quit: refs)
[06:38:47] *** Quits: rajko (Read error: Operation timed out)
[07:16:51] *** Quits: fgsfds (Read error: Connection reset by peer)
[07:41:18] *** Quits: KuKzz_ (Ping timeout: 260 seconds)
[13:37:36] *** Joins: refs
[13:57:27] *** Quits: mukunda ()
[13:59:52] *** Joins: mega
[14:24:09] *** Joins: rajko
[15:01:48] *** Quits: uyjulian (Quit: ZNC - http://znc.in)
[15:02:02] *** Joins: uyjulian
[15:06:43] *** Joins: Felgar
[15:16:43] *** Quits: zombie343 (Ping timeout: 745 seconds)
[15:57:47] *** Quits: Felgar ()
[16:28:44] *** Quits: DacoTaco (Quit: ZNC 1.6.5+deb1 - http://znc.in)
[16:32:53] *** Joins: DacoTaco
[16:55:24] <plutobot> Wiki | Page changed: 12.0.0 | User: yls8 | https://switchbrew.org/w/index.php?curid=433&diff=10837&oldid=10823
[17:53:34] *** Joins: fgsfds
[18:12:53] <plutobot> Wiki | Page changed: System Version Title | User: Zachycatgames | https://switchbrew.org/w/index.php?curid=116&diff=10838&oldid=10707
[18:22:04] <plutobot> Wiki | Page changed: System Version Title | User: Zachycatgames | https://switchbrew.org/w/index.php?curid=116&diff=10839&oldid=10838
[18:37:35] *** Quits: refs (Quit: refs)
[18:54:15] <plutobot> Wiki | Page changed: Bluetooth Driver services | User: yls8 | https://switchbrew.org/w/index.php?curid=161&diff=10840&oldid=10836
[18:54:49] *** Joins: KuKzz
[19:20:07] *** Quits: rajko (Read error: Operation timed out)
[20:49:40] *** Joins: rajko
[23:30:43] *** Joins: zini-
[23:31:57] *** Joins: changO-
[23:32:02] *** Joins: TAL_
[23:32:12] *** Joins: balrog_
[23:32:30] *** Quits: zini (Quit: -->)
[23:32:30] *** Quits: TAL (Remote host closed the connection)
[23:32:34] *** Quits: Whovian93 (Quit: And I'm gone.)
[23:32:34] *** Quits: uyjulian (Quit: ZNC - http://znc.in)
[23:32:34] *** Quits: omlet05_ (Write error: Connection reset by peer)
[23:32:34] *** Quits: Normmatt (Write error: Connection reset by peer)
[23:32:34] *** Quits: Phils3r (Write error: Broken pipe)
[23:32:34] *** Quits: dibas (Write error: Broken pipe)
[23:32:34] *** Quits: balrog (Quit: Bye)
[23:32:34] *** Joins: Phils3r_
[23:32:34] *** Joins: dibas_
[23:32:37] *** Quits: gruetzko- (Write error: Broken pipe)
[23:32:38] *** Quits: klockee (Write error: Connection reset by peer)
[23:32:52] *** Joins: uyjulian
[23:32:55] *** dibas_ is now known as dibas
[23:33:27] *** Joins: omlet05
[23:33:40] *** balrog_ is now known as balrog
[23:34:50] *** Joins: Whovian93
[23:35:04] *** Joins: gruetzkop
[23:36:01] *** Joins: Normmatt
[23:37:04] *** Quits: balrog (Client Quit)
[23:37:26] *** Joins: klock
[23:37:47] *** Joins: derrek_
[23:39:54] *** TAL_ is now known as TAL
[23:44:48] *** Quits: changoXPR (Ping timeout: 745 seconds)
[23:44:49] *** Quits: derrek (Ping timeout: 745 seconds)
[23:44:49] *** derrek_ is now known as derrek
