[00:30:47] *** Quits: Surkow (ircd.choopa.net irc.Prison.NET)
[00:46:59] *** Joins: Surkow
[00:51:18] *** Quits: SCV______ (Ping timeout: 1230 seconds)
[00:51:18] *** Quits: rjeli____ (Ping timeout: 1230 seconds)
[00:54:08] *** Quits: Surkow (hub.efnet.us irc.Prison.NET)
[00:58:16] *** Joins: rjeli____
[00:58:20] *** Joins: SCV______
[01:00:15] *** Quits: klock (Ping timeout: 265 seconds)
[01:05:29] *** Joins: Surkow
[03:41:50] *** Joins: zombie343
[03:56:48] *** Quits: rjeli____ (Ping timeout: 1230 seconds)
[03:57:01] *** Joins: rjeli____
[04:28:43] <plutobot> GitHub | New PR: elfkip add su... | User: SciresM | https://github.com/switchbrew/switch-tools/pull/34
[05:02:35] *** Quits: rajko (Read error: Operation timed out)
[08:30:23] *** Quits: rjeli____ (Ping timeout: 1230 seconds)
[08:30:37] *** Joins: rjeli____
[08:33:51] *** Quits: fgsfds (Read error: Connection reset by peer)
[10:44:35] *** Quits: mega (Remote host closed the connection)
[10:56:13] *** Quits: SCV______ (Ping timeout: 1230 seconds)
[10:56:26] *** Joins: SCV______
[13:48:22] *** Joins: refs
[14:59:07] *** Joins: rajko
[17:29:05] <plutobot> GitHub | New commit | User: Michael Scire | https://github.com/switchbrew/switch-tools/commit/07835aa357
[17:56:58] *** Joins: fgsfds
[18:37:09] *** Quits: KuKzz (Ping timeout: 501 seconds)
[18:37:21] *** Joins: KuKzz
[18:52:13] *** Quits: SCV______ (Ping timeout: 1230 seconds)
[18:52:27] *** Joins: SCV______
[19:26:38] *** Quits: rjeli____ (Ping timeout: 1230 seconds)
[19:26:51] *** Joins: rjeli____
[19:33:08] *** Quits: rajko (Read error: Operation timed out)
[21:01:21] *** Joins: rajko
[21:45:07] <plutobot> Wiki | Page changed: System Settings | User: yls8 | https://switchbrew.org/w/index.php?curid=102&diff=10841&oldid=10803
[21:56:21] <plutobot> Wiki | Page changed: Bluetooth Driver services | User: yls8 | https://switchbrew.org/w/index.php?curid=161&diff=10842&oldid=10840
[22:01:48] *** Quits: SCV______ (Ping timeout: 1230 seconds)
[22:02:01] *** Joins: SCV______
[23:29:16] <plutobot> GitHub | New commit | User: Jeremy S. Pos... | https://github.com/switchbrew/libnx/commit/ca9d007bd4
[23:49:43] *** Quits: rjeli____ (Ping timeout: 1230 seconds)
[23:49:56] *** Joins: rjeli____
