[00:12:38] <plutobot> Wiki | Page changed: 12.0.0 | User: yls8 | https://switchbrew.org/w/index.php?curid=433&diff=10843&oldid=10837
[01:41:30] *** Quits: zombie343 (Ping timeout: 496 seconds)
[01:56:18] *** Quits: SCV______ (Ping timeout: 1230 seconds)
[01:56:31] *** Joins: SCV______
[01:57:03] *** Quits: rjeli____ (Read error: Connection timed out)
[01:58:02] *** Joins: rjeli____
[03:11:00] *** Joins: ihaveama-
[03:14:57] *** Quits: omlet05 (Ping timeout: 265 seconds)
[03:14:59] *** Joins: omlet05
[03:15:22] *** Quits: ihaveamac (Ping timeout: 496 seconds)
[03:22:18] *** Quits: ihaveama- (Ping timeout: 496 seconds)
[03:23:35] *** Joins: ihaveamac
[03:34:46] *** Joins: KuKzz_
[03:36:35] *** Quits: KuKzz (Ping timeout: 501 seconds)
[03:43:41] *** Joins: ihaveama-
[03:44:08] *** Quits: ihaveamac (Read error: Connection reset by peer)
[03:54:15] *** Joins: Lightswo-
[03:54:16] *** Quits: Lightswor (Read error: Connection reset by peer)
[03:54:26] *** Lightswo- is now known as Lightswor
[04:56:11] *** Quits: refs (Quit: refs)
[04:57:46] *** Quits: Maylay (Ping timeout: 496 seconds)
[04:58:06] *** Joins: Maylay
[05:04:02] *** Quits: rajko (Read error: Operation timed out)
[05:07:09] *** Quits: ihaveama- (Quit: fail)
[05:07:21] *** Joins: ihaveamac
[06:23:56] *** Quits: fgsfds (Read error: Connection reset by peer)
[06:38:03] *** Quits: rjeli____ (Ping timeout: 1230 seconds)
[06:38:16] *** Joins: rjeli____
[08:05:09] *** Quits: GerbilSof (Windows must now restart because the Remote Procedure Call (RPC) service terminated unexpectedly.)
[08:25:43] *** Joins: GerbilSof
[08:35:14] *** Joins: GerbilS5
[08:37:22] *** Quits: GerbilSof (hub.efnet.us irc.Prison.NET)
[08:37:23] *** Quits: Surkow (hub.efnet.us irc.Prison.NET)
[08:42:39] *** Joins: derk0pf
[08:49:49] *** Joins: Surkow
[08:56:53] *** Quits: SCV______ (Ping timeout: 1230 seconds)
[08:57:06] *** Joins: SCV______
[09:33:24] *** Quits: derk0pf (Ping timeout: 265 seconds)
[09:51:03] *** Quits: TuxSH (Read error: Operation timed out)
[09:52:27] *** Joins: refsw
[09:53:07] *** Quits: refsw3 (Read error: Operation timed out)
[09:55:35] *** Joins: TuxSH
[11:40:16] *** Joins: refsw`
[11:43:19] *** Joins: Phils3r
[11:44:21] *** Quits: Phils3r_ (Read error: Connection reset by peer)
[11:47:42] *** Joins: dibas_
[11:47:42] *** Quits: dibas (Read error: Connection reset by peer)
[11:47:44] *** dibas_ is now known as dibas
[11:50:06] *** Joins: n87
[11:50:08] *** Quits: rjeli____ (Ping timeout: 1230 seconds)
[11:50:21] *** Joins: rjeli____
[11:51:18] *** Quits: refsw (Ping timeout: 745 seconds)
[12:17:59] *** Quits: rjeli____ (Read error: Connection timed out)
[12:29:31] <plutobot> GitHub | New commit | User: fincs | https://github.com/switchbrew/nx-hbloader/commit/e7ff5cba3b
[12:29:34] <plutobot> GitHub | New commit | User: Michael Scire | https://github.com/switchbrew/libnx/commit/d6a1ef0af4
[12:29:34] <plutobot> GitHub | New commit | User: Michael Scire | https://github.com/switchbrew/libnx/commit/eb8ee97f1c
[12:29:34] <plutobot> GitHub | New commit | User: fincs | https://github.com/switchbrew/libnx/commit/7416b23ef9
[12:29:34] <plutobot> GitHub | New commit | User: Michael Scire | https://github.com/switchbrew/libnx/commit/ebb54a1224
[12:29:34] <plutobot> GitHub | New commit | User: fincs | https://github.com/switchbrew/libnx/commit/de97b82bce
[12:32:15] *** Joins: rjeli____
[12:42:50] <plutobot> GitHub | New commit | User: fincs | https://github.com/switchbrew/nx-hbloader/commit/7aefc7a312
[13:27:49] *** Quits: GerbilS5 (Ping timeout: 265 seconds)
[13:38:30] *** Joins: refs
[13:41:05] *** Joins: GerbilS5
[13:59:03] *** Quits: SCV______ (Ping timeout: 1230 seconds)
[13:59:16] *** Joins: SCV______
[14:08:00] <plutobot> GitHub | New commit | User: fincs | https://github.com/switchbrew/libnx/commit/0d32a2c0d5
[14:23:33] *** Quits: rjeli____ (Ping timeout: 1230 seconds)
[14:23:47] *** Joins: rjeli____
[14:41:04] <plutobot> Wiki | Page changed: Homebrew ABI | User: Fincs | https://switchbrew.org/w/index.php?curid=284&diff=10844&oldid=7291
[14:55:03] *** Quits: SCV______ (Ping timeout: 1230 seconds)
[14:55:17] *** Joins: SCV______
[15:31:48] *** Quits: Surkow (Ping timeout: 265 seconds)
[15:33:48] *** Joins: Surkow
[15:39:58] *** Quits: rjeli____ (Ping timeout: 1230 seconds)
[15:40:11] *** Joins: rjeli____
[15:50:23] *** Joins: rajko
[16:48:24] *** Quits: n87 (Ping timeout: 265 seconds)
[16:48:41] *** Joins: n87
[17:22:33] *** Joins: fgsfds
[17:38:30] <plutobot> Wiki | Page changed: Boot2 | User: Zachycatgames | https://switchbrew.org/w/index.php?curid=146&diff=10845&oldid=10526
[19:31:33] *** Quits: rjeli____ (Ping timeout: 1230 seconds)
[19:31:46] *** Joins: rjeli____
[19:32:46] *** Quits: rajko (Read error: Operation timed out)
[20:19:51] *** Quits: GerbilS5 (Quit: Windows must now restart because the Remote Procedure Call (RPC) service terminated unexpectedly.)
[20:46:30] *** Joins: rajko
