[02:29:03] *** CCFL_Man_ is now known as CCFL_Man
[02:43:19] *** Quits: refs (Quit: refs)
[05:00:14] *** Quits: Cu3PO42 (Ping timeout: 745 seconds)
[05:00:16] *** Joins: Cu3PO42
[06:31:09] *** Joins: GerbilSof
[06:35:21] <plutobot> Wiki | Page changed: Bluetooth Driver services | User: yls8 | https://switchbrew.org/w/index.php?curid=161&diff=10850&oldid=10849
[07:07:22] *** Quits: rjeli____ (Ping timeout: 1230 seconds)
[07:07:36] *** Joins: rjeli____
[08:00:51] <plutobot> Wiki | Page changed: Bluetooth Driver services | User: yls8 | https://switchbrew.org/w/index.php?curid=161&diff=10851&oldid=10850
[08:13:58] <plutobot> Wiki | Page changed: Bluetooth Driver services | User: yls8 | https://switchbrew.org/w/index.php?curid=161&diff=10852&oldid=10851
[08:21:27] *** Quits: rjeli____ (Ping timeout: 1230 seconds)
[08:21:50] *** Joins: rjeli____
[08:22:53] *** Quits: fgsfds (Read error: Connection reset by peer)
[08:34:20] *** Quits: flagrama (Read error: Connection reset by peer)
[08:36:40] *** Joins: flagrama
[08:51:47] *** Quits: SCV______ (Ping timeout: 1230 seconds)
[08:52:01] *** Joins: SCV______
[09:24:00] *** Joins: n87
[09:52:42] *** Quits: rajkosto (Ping timeout: 744 seconds)
[10:08:12] *** Quits: rjeli____ (Ping timeout: 1230 seconds)
[10:08:26] *** Joins: rjeli____
[10:26:52] *** Quits: SCV______ (Ping timeout: 1230 seconds)
[10:27:05] *** Joins: SCV______
[10:54:03] *** Joins: n87_2
[10:57:32] *** Quits: n87 (Ping timeout: 265 seconds)
[14:03:17] *** Quits: SCV______ (Ping timeout: 1230 seconds)
[14:03:30] *** Joins: SCV______
[16:50:07] <plutobot> Wiki | Page changed: Bluetooth Driver services | User: yls8 | https://switchbrew.org/w/index.php?curid=161&diff=10853&oldid=10852
[17:01:48] *** Quits: rjeli____ (Ping timeout: 1230 seconds)
[17:02:01] *** Joins: rjeli____
[17:24:56] *** Joins: fgsfds
[17:53:26] <plutobot> Wiki | Page changed: Bluetooth Driver services | User: yls8 | https://switchbrew.org/w/index.php?curid=161&diff=10854&oldid=10853
[18:23:18] <plutobot> Wiki | Page changed: Bluetooth Driver services | User: yls8 | https://switchbrew.org/w/index.php?curid=161&diff=10855&oldid=10854
[20:26:46] *** Quits: Sentry- (Read error: Connection reset by peer)
[20:27:28] *** Joins: Snetry
[20:47:09] *** Joins: rajkosto
[21:48:32] *** Joins: n87_3
[21:51:58] *** Quits: n87_2 (Ping timeout: 265 seconds)
[22:08:05] *** Quits: Snetry (Read error: Connection reset by peer)
[22:10:12] *** Joins: Snetry
[22:29:55] *** Quits: rjeli____ (Read error: Connection timed out)
[22:31:57] *** Quits: SCV______ (Ping timeout: 1230 seconds)
[22:32:10] *** Joins: SCV______
[22:40:11] *** Joins: rjeli____
[22:51:03] *** Quits: X-Scale (Ping timeout: 255 seconds)
[22:52:29] *** Joins: X-Scale`
[22:52:49] *** X-Scale` is now known as X-Scale
[23:44:30] *** Joins: n87_2
[23:47:58] *** Quits: n87_3 (Ping timeout: 265 seconds)
