[00:04:42] *** Quits: rjeli____ (Ping timeout: 1230 seconds)
[00:05:05] *** Joins: rjeli____
[00:19:00] *** Quits: n87_2 (Read error: Connection reset by peer)
[00:35:00] *** Joins: refs
[00:43:30] *** Joins: Extrems`
[00:49:02] *** Quits: SCV______ (Ping timeout: 1230 seconds)
[00:49:17] *** Joins: SCV______
[00:50:48] *** Quits: Extrems (Ping timeout: 745 seconds)
[00:50:48] *** Extrems` is now known as Extrems
[01:11:12] *** Quits: rjeli____ (Ping timeout: 1230 seconds)
[01:11:26] *** Joins: rjeli____
[01:42:04] <plutobot> Wiki | Page changed: Bluetooth Driver services | User: yls8 | https://switchbrew.org/w/index.php?curid=161&diff=10856&oldid=10855
[01:45:39] <plutobot> Wiki | Page changed: Bluetooth Driver services | User: yls8 | https://switchbrew.org/w/index.php?curid=161&diff=10857&oldid=10856
[02:07:12] *** Quits: SCV______ (Ping timeout: 1230 seconds)
[02:07:26] *** Joins: SCV______
[02:12:25] <plutobot> Wiki | Page changed: Bluetooth Driver services | User: yls8 | https://switchbrew.org/w/index.php?curid=161&diff=10858&oldid=10857
[02:15:50] <plutobot> Wiki | Page changed: Bluetooth Driver services | User: yls8 | https://switchbrew.org/w/index.php?curid=161&diff=10859&oldid=10858
[02:24:07] *** Quits: rjeli____ (Ping timeout: 1230 seconds)
[02:24:20] *** Joins: rjeli____
[02:25:10] *** Quits: refs (Quit: refs)
[02:37:11] <plutobot> Wiki | Page changed: Bluetooth Driver services | User: yls8 | https://switchbrew.org/w/index.php?curid=161&diff=10860&oldid=10859
[02:52:42] *** Quits: SCV______ (Ping timeout: 1230 seconds)
[02:53:01] *** Joins: SCV______
[03:09:37] *** Quits: rjeli____ (Ping timeout: 1230 seconds)
[03:09:50] *** Joins: rjeli____
[03:29:53] <plutobot> Wiki | Page changed: Bluetooth Driver services | User: yls8 | https://switchbrew.org/w/index.php?curid=161&diff=10861&oldid=10860
[04:01:26] <plutobot> Wiki | Page changed: Bluetooth Driver services | User: yls8 | https://switchbrew.org/w/index.php?curid=161&diff=10862&oldid=10861
[04:15:57] <plutobot> Wiki | Page changed: Bluetooth Driver services | User: yls8 | https://switchbrew.org/w/index.php?curid=161&diff=10863&oldid=10862
[04:32:51] <plutobot> Wiki | Page changed: Bluetooth Driver services | User: yls8 | https://switchbrew.org/w/index.php?curid=161&diff=10864&oldid=10863
[04:59:17] *** Quits: SCV______ (Ping timeout: 1230 seconds)
[04:59:40] *** Joins: SCV______
[05:01:19] <plutobot> Wiki | Page changed: Bluetooth Driver services | User: yls8 | https://switchbrew.org/w/index.php?curid=161&diff=10865&oldid=10864
[05:05:56] <plutobot> Wiki | Page changed: Bluetooth Driver services | User: yls8 | https://switchbrew.org/w/index.php?curid=161&diff=10866&oldid=10865
[06:26:54] *** Joins: m4ts
[06:27:26] <plutobot> Wiki | Page changed: Bluetooth Driver services | User: yls8 | https://switchbrew.org/w/index.php?curid=161&diff=10867&oldid=10866
[06:30:35] *** Quits: m4ts_ (Ping timeout: 265 seconds)
[06:40:12] *** Quits: SCV______ (Ping timeout: 1230 seconds)
[06:40:13] *** Quits: rjeli____ (Ping timeout: 1230 seconds)
[06:40:26] *** Joins: rjeli____
[06:40:26] *** Joins: SCV______
[06:41:12] *** Quits: GerbilSof (Windows must now restart because the Remote Procedure Call (RPC) service terminated unexpectedly.)
[07:02:59] *** Quits: |Shadow| ()
[07:04:47] *** Joins: |Shadow|
[07:07:42] *** Joins: GerbilSof
[07:25:42] *** Quits: rjeli____ (Ping timeout: 1230 seconds)
[07:26:05] *** Joins: rjeli____
[07:27:08] <plutobot> Wiki | Page changed: Bluetooth Driver services | User: yls8 | https://switchbrew.org/w/index.php?curid=161&diff=10868&oldid=10867
[07:38:23] <plutobot> Wiki | Page changed: Bluetooth Driver services | User: yls8 | https://switchbrew.org/w/index.php?curid=161&diff=10869&oldid=10868
[07:49:43] *** Quits: fgsfds (Read error: Connection reset by peer)
[07:57:12] *** Quits: SCV______ (Ping timeout: 1230 seconds)
[07:57:25] *** Joins: SCV______
[08:12:49] <plutobot> Wiki | Page changed: Bluetooth Driver services | User: yls8 | https://switchbrew.org/w/index.php?curid=161&diff=10870&oldid=10869
[08:23:56] <plutobot> Wiki | Page changed: Bluetooth Driver services | User: yls8 | https://switchbrew.org/w/index.php?curid=161&diff=10871&oldid=10870
[08:39:48] *** Quits: |Shadow| (Read error: Operation timed out)
[08:43:13] *** Joins: |Shadow|
[08:48:42] *** Quits: |Shadow| (Ping timeout: 265 seconds)
[08:56:03] *** Joins: |Shadow|
[08:56:23] *** Joins: changoXPR
[08:56:24] *** Quits: changoXPR (Excess Flood)
[08:57:12] *** Joins: changoXPR
[08:57:12] *** Quits: changoXPR (Excess Flood)
[08:57:18] *** Joins: changoXPR
[09:05:46] *** Quits: |Shadow| ()
[09:06:03] *** Quits: changO- (Ping timeout: 745 seconds)
[09:06:03] *** changoXPR is now known as changO-
[09:06:11] *** Joins: |Shadow|
[09:12:28] *** Quits: rajkosto (Read error: Operation timed out)
[11:12:48] *** Quits: sh0e (Quit: Bye.)
[11:15:17] *** Joins: sh0e
[13:07:33] *** Quits: rjeli____ (Ping timeout: 1230 seconds)
[13:07:47] *** Joins: rjeli____
[13:15:51] *** Quits: phigcloud (Quit: Connection closed for inactivity)
[13:19:35] *** Joins: n87
[13:43:12] *** Joins: n87_2
[13:46:33] *** Quits: n87 (Ping timeout: 265 seconds)
[13:52:46] *** Quits: X-Scale (Quit:  HydraIRC -> http://www.hydrairc.com <- It'll be on slashdot one day...)
[15:20:34] *** Joins: phigcloud
[15:35:43] <plutobot> GitHub | New PR: Added the App... | User: MehdiKhelfi | https://github.com/switchbrew/nx-hbmenu/pull/131
[15:44:29] <plutobot> GitHub | New PR: Added some sp... | User: MehdiKhelfi | https://github.com/switchbrew/nx-hbmenu/pull/132
[16:04:35] *** Quits: n87_2 (Read error: Connection reset by peer)
[16:09:18] *** Joins: n87
[17:11:39] *** Joins: fgsfds
[17:29:19] *** Quits: rjeli____ (Ping timeout: 1230 seconds)
[17:29:19] *** Joins: rjeli____
[17:36:53] *** Joins: j0hny5
[17:40:33] *** Quits: averne (quit)
[17:44:31] *** Joins: averne
[17:44:45] *** Server sets mode: +stn 
[18:02:19] <plutobot> Wiki | Page changed: Bluetooth Driver services | User: yls8 | https://switchbrew.org/w/index.php?curid=161&diff=10872&oldid=10871
[18:10:20] <plutobot> Wiki | Page changed: Bluetooth Driver services | User: yls8 | https://switchbrew.org/w/index.php?curid=161&diff=10873&oldid=10872
[18:24:20] <plutobot> Wiki | Page changed: Bluetooth Driver services | User: yls8 | https://switchbrew.org/w/index.php?curid=161&diff=10874&oldid=10873
[18:35:59] *** Quits: n87 (Read error: Connection reset by peer)
[18:37:58] *** Quits: SCV______ (Ping timeout: 1230 seconds)
[18:37:58] *** Joins: SCV______
[18:46:39] <plutobot> Wiki | Page changed: Bluetooth Driver services | User: yls8 | https://switchbrew.org/w/index.php?curid=161&diff=10875&oldid=10874
[19:10:43] <plutobot> Wiki | Page changed: Bluetooth Driver services | User: yls8 | https://switchbrew.org/w/index.php?curid=161&diff=10876&oldid=10875
[19:14:14] *** Joins: refsw2
[19:20:54] *** Joins: mid-kid1
[19:20:54] <plutobot> Wiki | Page changed: Bluetooth Driver services | User: yls8 | https://switchbrew.org/w/index.php?curid=161&diff=10877&oldid=10876
[19:20:54] *** Quits: averne (quit)
[19:21:54] *** Joins: averne
[19:22:00] *** Server sets mode: +stn 
[19:24:58] *** Quits: refsw` (Ping timeout: 745 seconds)
[19:25:33] *** Quits: mid-kid (Ping timeout: 745 seconds)
[19:25:33] *** Quits: Summeli (Ping timeout: 745 seconds)
[19:31:32] *** Quits: SCV______ (Read error: Connection timed out)
[19:31:33] *** Quits: rjeli____ (Read error: Connection timed out)
[19:38:35] <plutobot> Wiki | Page changed: Bluetooth Driver services | User: yls8 | https://switchbrew.org/w/index.php?curid=161&diff=10878&oldid=10877
[19:40:33] *** Joins: SCV______
[19:40:37] *** Joins: rjeli____
[19:40:38] *** Quits: rjeli____ (Read error: Connection reset by peer)
[19:40:40] *** Quits: SCV______ (Read error: Connection reset by peer)
[19:45:24] <plutobot> Wiki | Page changed: Bluetooth Driver services | User: yls8 | https://switchbrew.org/w/index.php?curid=161&diff=10879&oldid=10878
[19:47:40] *** Joins: rjeli____
[19:48:45] *** Joins: SCV______
[19:50:55] *** Quits: |Shadow| (ircd.choopa.net irc.Prison.NET)
[19:50:57] *** Quits: Surkow (ircd.choopa.net irc.Prison.NET)
[19:51:42] *** Joins: Surkow_
[19:52:13] <plutobot> Wiki | Page changed: Bluetooth Driver services | User: yls8 | https://switchbrew.org/w/index.php?curid=161&diff=10880&oldid=10879
[20:09:45] *** Joins: |Shadow|
[20:22:39] *** Quits: giglife (Read error: Connection reset by peer)
[20:48:11] *** Joins: giglife
[20:57:10] *** Joins: Tcm0
[21:07:46] *** Joins: rajkosto
[21:36:05] *** Joins: n87
[21:37:32] *** Joins: refs
[21:39:07] *** Joins: Summeli
[21:48:28] *** Quits: Maylay_ (Ping timeout: 745 seconds)
[21:49:41] *** Joins: Maylay
[22:42:58] <plutobot> Wiki | Page changed: HID services | User: Hexkyz | https://switchbrew.org/w/index.php?curid=103&diff=10881&oldid=10827
[22:43:49] <plutobot> Wiki | Page changed: HID services | User: Hexkyz | https://switchbrew.org/w/index.php?curid=103&diff=10882&oldid=10881
[23:18:01] *** Quits: |Shadow| ()
[23:18:31] *** Joins: |Shadow|
[23:51:04] *** Joins: n87_2
[23:54:06] *** Quits: n87 (Ping timeout: 265 seconds)
