[00:03:18] *** Joins: rmaw
[00:27:17] *** Joins: plutobot
[00:28:19] *** Joins: madk
[00:29:28] *** Joins: Mimoja
[00:29:40] *** Joins: DacoTaco
[00:41:03] *** Quits: DacoTaco (Ping timeout: 258 seconds)
[00:41:13] *** Quits: Snetry (Read error: Connection reset by peer)
[00:42:36] *** Quits: madk (Ping timeout: 258 seconds)
[00:43:44] *** Quits: plutobot (Ping timeout: 258 seconds)
[00:44:08] *** Quits: Mimoja (Ping timeout: 258 seconds)
[00:46:10] *** Quits: d3m3vilur (Read error: Operation timed out)
[00:48:27] *** Joins: refsw3
[00:49:09] *** Joins: Snetry
[00:51:28] *** Joins: d3m3vilur
[00:55:51] *** Quits: refsw2 (Read error: Operation timed out)
[01:01:23] *** Joins: thomasnet
[01:01:31] *** Quits: blasty (Read error: Connection reset by peer)
[01:02:35] *** Joins: Sentry-
[01:05:35] *** Quits: Snetry (Read error: Connection reset by peer)
[01:08:20] *** Joins: blasty
[01:27:47] *** Joins: plutobot
[01:28:24] *** Joins: madk
[01:29:14] *** Joins: DacoTaco
[01:29:42] *** Joins: Mimoja
[02:01:45] *** Quits: n87 (Read error: Connection reset by peer)
[02:57:32] *** Quits: rjeli____ (Ping timeout: 1230 seconds)
[02:57:51] *** Joins: rjeli____
[03:35:04] *** Joins: benfah
[04:27:22] *** Quits: rjeli____ (Ping timeout: 1230 seconds)
[04:27:37] *** Joins: rjeli____
[04:37:11] *** Quits: benfah (Remote host closed the connection)
[04:50:48] *** Quits: Lightswor (Read error: Connection reset by peer)
[04:51:33] *** Quits: giglife_ (Read error: Operation timed out)
[04:52:20] *** Joins: giglife_
[04:55:37] *** Joins: Lightswor
[05:08:01] *** Joins: changoXPR
[05:08:38] *** Quits: changO- (Remote host closed the connection)
[05:08:38] *** changoXPR is now known as changO-
[05:08:58] *** Joins: cpncok3
[05:15:35] *** Quits: cpnc0ke (Read error: Operation timed out)
[05:29:23] *** Joins: changoXPR
[05:33:31] *** Quits: phigcloud (Read error: Connection reset by peer)
[05:35:51] *** Quits: DacoTaco (Ping timeout: 258 seconds)
[05:36:36] *** Quits: madk (Ping timeout: 258 seconds)
[05:37:00] *** Quits: plutobot (Ping timeout: 258 seconds)
[05:37:22] *** Quits: Mimoja (Ping timeout: 258 seconds)
[05:39:44] *** Quits: changO- (Read error: Operation timed out)
[05:40:18] *** Quits: d3m3vilur (Read error: Operation timed out)
[05:40:48] *** Joins: phigcloud
[05:42:34] *** Joins: changO-
[05:42:38] *** Quits: changoXPR (Ping timeout: 745 seconds)
[05:45:36] *** Quits: rmaw (Ping timeout: 857 seconds)
[05:48:56] *** Quits: refs (Quit: refs)
[05:49:57] *** Joins: rmaw
[05:51:04] *** Quits: Sentry- (Read error: Connection reset by peer)
[05:55:34] *** Quits: lex1 (Ping timeout: 1221 seconds)
[05:59:05] *** Quits: thomasnet (Remote host closed the connection)
[06:01:37] *** Joins: thomasnet
[06:01:47] *** Joins: Snetry
[06:02:00] *** Joins: lex2
[06:04:54] *** lex2 is now known as lex1
[06:05:35] *** Joins: d3m3vilur
[06:11:02] *** Quits: Lightswor (Ping timeout: 376 seconds)
[06:12:04] *** Quits: changO- (Read error: Operation timed out)
[06:13:06] *** Joins: changO-
[06:16:04] *** Joins: Lightswor
[06:20:45] *** Joins: plutobot
[06:22:23] *** Joins: madk
[06:22:27] *** Joins: DacoTaco
[06:23:01] *** Joins: Mimoja
[07:28:48] *** Quits: rjeli____ (Ping timeout: 1230 seconds)
[07:29:01] *** Joins: rjeli____
[09:15:27] *** Quits: averne (quit)
[09:15:45] *** Joins: averne
[09:15:45] *** Server sets mode: +stn 
[09:18:26] *** Joins: omlet05_
[10:35:51] *** Joins: RaYmAn
[11:26:04] *** Quits: Stary (se.hub irc.underworld.no)
[11:44:09] *** Joins: Stary
[12:34:24] *** Joins: n87
[13:25:08] *** Quits: fgsfds (Read error: Connection reset by peer)
[13:54:03] *** Joins: refs
[14:51:04] <plutobot> GitHub | New commit | User: Mehdi Khelfi | https://github.com/switchbrew/nx-hbmenu/commit/95411fe5e9
[15:50:53] *** giglife_ is now known as giglife
[17:37:41] <plutobot> GitHub | New PR: Fix mmu on .. | User: averne | https://github.com/switchbrew/libnx/pull/541
[19:24:52] *** Quits: n87 (Quit: Leaving)
[19:29:06] *** Joins: n87
[19:34:07] <plutobot> GitHub | New commit | User: averne | https://github.com/switchbrew/libnx/commit/5d644b6e82
[19:42:55] *** Joins: fgsfds
[19:44:39] *** Quits: GerbilSof (Quit: Windows must now restart because the Remote Procedure Call (RPC) service terminated unexpectedly.)
[20:34:04] *** Quits: n87 (Read error: Connection reset by peer)
[20:37:10] *** Joins: n87
[21:47:14] *** Joins: n87_2
[21:48:06] *** Joins: n87_3
[21:50:53] *** Quits: n87 (Ping timeout: 265 seconds)
[21:51:51] *** Quits: n87_2 (Ping timeout: 265 seconds)
[22:08:30] *** Quits: n87_3 (Read error: Connection reset by peer)
[23:17:17] *** Quits: DacoTaco (Ping timeout: 258 seconds)
[23:17:18] *** Quits: plutobot (Ping timeout: 258 seconds)
[23:17:40] *** Quits: madk (Ping timeout: 258 seconds)
[23:18:29] *** Quits: blasty (Read error: Connection reset by peer)
[23:18:37] *** Quits: thomasnet (Read error: Operation timed out)
[23:18:44] *** Quits: rmaw (Read error: Operation timed out)
[23:18:50] *** Quits: Mimoja (Ping timeout: 258 seconds)
[23:19:01] *** Joins: rmaw
[23:20:26] *** Quits: oldtopman (Ping timeout: 265 seconds)
[23:20:26] *** Quits: |Shadow| (Ping timeout: 265 seconds)
[23:21:12] *** Quits: phigcloud (Read error: Operation timed out)
[23:23:03] *** Quits: d3m3vilur (Read error: Operation timed out)
[23:24:15] *** Joins: CCFL_Man_
[23:25:46] *** Quits: CCFL_Man (Ping timeout: 265 seconds)
[23:27:14] *** Joins: thomasnet
[23:27:59] *** Joins: phigcloud
[23:30:07] *** Quits: Snetry (Ping timeout: 857 seconds)
[23:33:15] *** Joins: blasty
[23:36:22] *** Quits: thomasnet (Quit: Bye!)
[23:39:24] *** Joins: Snetry
[23:39:31] *** Quits: blasty (Read error: Connection reset by peer)
[23:42:37] *** Joins: thomasnet
[23:56:47] *** Joins: d3m3vilur
[23:57:58] *** Joins: blasty
