[00:03:44] *** Joins: madk
[00:04:12] *** Joins: plutobot
[00:04:52] <plutobot> Wiki | Page changed: HID services | User: yls8 | https://switchbrew.org/w/index.php?curid=103&diff=10886&oldid=10882
[00:04:53] *** Joins: DacoTaco
[00:05:51] *** Quits: blasty (Read error: Connection reset by peer)
[00:06:55] *** Quits: rmaw (Ping timeout: 857 seconds)
[00:08:18] *** Quits: madk (Ping timeout: 258 seconds)
[00:09:25] *** Quits: DacoTaco (Ping timeout: 258 seconds)
[00:09:26] *** Quits: plutobot (Ping timeout: 258 seconds)
[00:11:54] *** Quits: Snetry (Ping timeout: 857 seconds)
[00:13:56] *** Joins: rmaw
[00:15:00] *** Joins: Snetry
[00:16:43] *** Joins: blasty
[00:18:02] *** Quits: d3m3vilur (Ping timeout: 1221 seconds)
[00:18:06] *** Joins: d3m3vilur
[00:33:22] *** Quits: phigcloud (Ping timeout: 857 seconds)
[00:33:38] *** Joins: phigcloud
[00:35:25] *** Quits: Snetry (Read error: Connection reset by peer)
[00:37:09] *** Quits: thomasnet (Connection closed)
[00:38:38] *** Quits: blasty (Read error: Operation timed out)
[00:45:40] *** Quits: rmaw (Quit: ZNC 1.8.x-git-125-e415d9f5 - https://znc.in)
[00:46:05] *** Joins: Snetry
[00:47:56] *** Joins: rmaw
[00:52:47] *** Quits: lex1 (Read error: Connection reset by peer)
[00:52:49] *** Joins: plutobot
[00:54:45] *** Joins: lex2
[00:54:45] *** lex2 is now known as lex1
[00:54:45] *** Joins: madk
[00:54:49] *** Joins: Mimoja
[00:56:18] *** Joins: blasty
[00:58:52] *** Quits: plutobot (Ping timeout: 258 seconds)
[00:59:15] *** Quits: madk (Ping timeout: 258 seconds)
[00:59:38] *** Quits: Mimoja (Ping timeout: 258 seconds)
[01:11:06] *** Joins: |Shadow|
[01:15:25] *** Joins: GerbilSof
[01:30:50] *** CCFL_Man_ is now known as CCFL_Man
[01:43:16] *** Joins: plutobot
[01:43:37] *** Joins: DacoTaco
[01:44:03] *** Joins: oldtopman
[01:44:57] *** Joins: madk
[01:46:31] *** Joins: Mimoja
[01:57:31] *** Quits: plutobot (Ping timeout: 258 seconds)
[01:58:17] *** Quits: madk (Ping timeout: 258 seconds)
[01:58:18] *** Quits: DacoTaco (Ping timeout: 258 seconds)
[01:58:40] *** Quits: oldtopman (Ping timeout: 258 seconds)
[01:59:03] *** Quits: Mimoja (Ping timeout: 258 seconds)
[01:59:27] *** Joins: Sentry-
[01:59:53] *** Quits: Snetry (Read error: Operation timed out)
[02:04:04] *** Quits: phigcloud (Read error: Operation timed out)
[02:04:33] *** Quits: blasty (Read error: Connection reset by peer)
[02:10:07] *** Joins: Snetry
[02:13:58] *** Joins: oldtopman
[02:15:18] *** Quits: Sentry- (Read error: Operation timed out)
[02:22:12] *** Joins: Sentry-
[02:23:56] *** Quits: Snetry (Read error: Connection reset by peer)
[02:24:21] *** Joins: changoXPR
[02:26:08] *** Joins: blasty
[02:27:17] *** Joins: phigcloud
[02:28:58] *** Quits: changO- (Ping timeout: 501 seconds)
[02:28:58] *** changoXPR is now known as changO-
[02:36:51] *** Joins: blasty_
[02:36:54] *** Quits: blasty (Read error: Connection reset by peer)
[02:41:28] *** Quits: phigcloud (Read error: Operation timed out)
[02:43:11] *** Quits: blasty_ (Read error: Connection reset by peer)
[02:43:37] *** Joins: blasty
[02:43:56] *** Joins: plutobot
[02:44:06] *** Joins: madk
[02:45:52] *** Joins: Mimoja
[02:49:39] *** Quits: plutobot (Ping timeout: 258 seconds)
[02:50:25] *** Quits: madk (Ping timeout: 258 seconds)
[02:50:49] *** Quits: Mimoja (Ping timeout: 258 seconds)
[02:51:23] *** Joins: phigcloud
[02:53:17] *** Quits: lex1 (Read error: Operation timed out)
[02:55:41] *** Joins: lex1
[03:27:04] *** Quits: blasty (Read error: Connection reset by peer)
[03:27:05] *** Quits: rmaw (Read error: Connection reset by peer)
[03:30:53] *** Quits: d3m3vilur (Read error: Operation timed out)
[03:32:22] *** Joins: plutobot
[03:32:36] *** Joins: DacoTaco
[03:32:48] *** Joins: madk
[03:36:48] *** Quits: plutobot (Ping timeout: 258 seconds)
[03:37:11] *** Quits: madk (Ping timeout: 258 seconds)
[03:37:12] *** Quits: DacoTaco (Ping timeout: 258 seconds)
[03:44:25] *** Joins: blasty
[03:44:39] *** Quits: phigcloud (Ping timeout: 857 seconds)
[03:45:37] *** Quits: Sentry- (Read error: Connection reset by peer)
[03:51:19] *** Joins: phigcloud
[03:53:54] *** Joins: rmaw
[03:54:28] *** Joins: Snetry
[04:05:02] *** Quits: rmaw (Read error: Operation timed out)
[04:05:46] *** Joins: d3m3vilur
[04:06:30] *** Quits: Snetry (Read error: Connection reset by peer)
[04:10:10] *** Quits: blasty (Read error: Connection reset by peer)
[04:15:22] *** Joins: blasty
[04:16:22] *** Quits: phigcloud (Read error: Operation timed out)
[04:18:02] *** Joins: phigcloud
[04:20:57] *** Joins: plutobot
[04:21:14] *** Joins: Mimoja
[04:21:37] *** Joins: Snetry
[04:22:39] *** Joins: madk
[04:27:01] *** Quits: madk (Ping timeout: 258 seconds)
[04:27:24] *** Quits: Mimoja (Ping timeout: 258 seconds)
[04:27:49] *** Quits: plutobot (Ping timeout: 258 seconds)
[04:28:03] *** Joins: rmaw
[04:45:53] *** Quits: refs (Quit: refs)
[05:12:30] *** Joins: plutobot
[05:12:40] *** Joins: DacoTaco
[05:12:54] *** Joins: madk
[05:15:03] *** Joins: Mimoja
[05:22:35] *** Quits: ihaveamac (Quit: fail)
[05:23:35] *** Joins: ihaveamac
[05:25:09] *** Quits: ihaveamac (Client Quit)
[05:26:56] *** Joins: ihaveamac
[05:53:13] *** Quits: |Shadow| ()
[06:03:06] *** Joins: |Shadow|
[07:04:34] *** Joins: m4ts_
[08:57:39] *** Quits: fgsfds (Leaving)
[09:47:34] *** Quits: Summeli (Quit: leaving)
[10:58:34] *** Joins: omlet05
[10:58:34] *** Quits: omlet05_ (Read error: Connection reset by peer)
[13:01:32] *** Quits: GeekShado (Ping timeout: 745 seconds)
[13:17:26] *** Quits: m4ts_ (Ping timeout: 265 seconds)
[13:18:18] *** Joins: m4ts
[16:10:59] *** Quits: lameboy (Ping timeout: 186 seconds)
[16:18:07] *** Joins: lameboy
[16:34:37] <plutobot> GitHub | New commit | User: yellows | https://github.com/switchbrew/libnx/commit/5509f8f14b
[17:08:17] *** Joins: n87
[19:01:07] *** Joins: fgsfds
[21:15:25] *** Quits: n87 (Quit: Leaving)
[21:31:45] *** Joins: refs
[21:53:54] *** Joins: n87
[21:55:06] *** Quits: n87 (Client Quit)
[22:01:12] *** Joins: n87
[22:12:27] *** Quits: n87 (Read error: Connection reset by peer)
[22:25:28] *** Joins: flotwig_
[22:30:52] *** Quits: flotwig (Ping timeout: 745 seconds)
[22:30:53] *** flotwig_ is now known as flotwig
[22:35:21] *** Joins: n87
[22:37:59] *** Quits: flagrama (Ping timeout: 258 seconds)
[22:39:04] *** Joins: flagrama
[22:47:09] *** Quits: n87 (Read error: Connection reset by peer)
