[01:20:07] *** Joins: figgis_
[01:22:09] *** Quits: j0hny5 (Read error: Operation timed out)
[01:23:33] *** Quits: omlet05 (Read error: Operation timed out)
[01:24:24] *** Quits: |Shadow| (Read error: Operation timed out)
[01:27:33] *** Quits: fgsfds (Ping timeout: 622 seconds)
[01:28:23] *** Joins: omlet05
[01:34:51] <plutobot> GitHub | New PR: Fix unused pa... | User: DarkMatterCore | https://github.com/switchbrew/libnx/pull/545
[02:05:12] <yls8bot> https://yls8.mtheall.com/ninupdates/reports.php?date=2021-04-20_00-05-05&sys=hac Update-details for the following hac report is now available/updated: https://yls8.mtheall.com/ninupdates/reports.php?date=2021-04-20_00-05-05&sys=hac 
[02:05:27] <yls8bot> Sysmodule SwIPC-generation .info files for the following hac report is now available/updated: https://yls8.mtheall.com/ninupdates/reports.php?date=2021-04-20_00-05-05&sys=hac 
[02:15:18] <yls8bot> https://yls8.mtheall.com/ninupdates/reports.php?date=2021-04-20_00-15-06&sys=hac Update-details for the following hac report is now available/updated: https://yls8.mtheall.com/ninupdates/reports.php?date=2021-04-20_00-15-06&sys=hac 
[02:15:19] <plutobot> Wiki | New page: 12.0.1 | User: Yls8bot | https://switchbrew.org/w/index.php?curid=435
[02:15:19] <plutobot> Wiki | Page changed: Template:NavboxVersions | User: Yls8bot | https://switchbrew.org/w/index.php?curid=183&diff=10891&oldid=10746
[02:15:19] <plutobot> Wiki | Page changed: News/Archive | User: Yls8bot | https://switchbrew.org/w/index.php?curid=114&diff=10890&oldid=10745
[02:15:28] <yls8bot> Sysmodule SwIPC-generation .info files for the following hac report is now available/updated: https://yls8.mtheall.com/ninupdates/reports.php?date=2021-04-20_00-15-06&sys=hac 
[02:26:19] *** Quits: refs (Quit: refs)
[02:26:44] <plutobot> Wiki | Page changed: Title list | User: Zachycatgames | https://switchbrew.org/w/index.php?curid=84&diff=10893&oldid=10784
[02:59:27] <plutobot> Wiki | Page changed: FirmwareNews | User: Yls8bot | https://switchbrew.org/w/index.php?curid=43&diff=10895&oldid=10748
[02:59:27] <plutobot> Wiki | Page changed: 12.0.1 | User: Yls8bot | https://switchbrew.org/w/index.php?curid=435&diff=10894&oldid=10892
[03:33:40] <plutobot> Wiki | Page changed: 12.0.1 | User: yls8 | https://switchbrew.org/w/index.php?curid=435&diff=10896&oldid=10894
[04:58:13] *** Quits: SCV______ (Ping timeout: 1230 seconds)
[05:02:17] *** Quits: rjeli____ (Ping timeout: 1230 seconds)
[05:04:05] *** Joins: rjeli____
[05:04:54] *** Quits: rjeli____ (Read error: Connection reset by peer)
[05:07:50] *** Joins: rjeli____
[05:15:31] *** Joins: SCV______
[05:18:05] *** Quits: hexkyz (Ping timeout: 745 seconds)
[05:23:28] *** Quits: GerbilSof (Quit: Windows must now restart because the Remote Procedure Call (RPC) service terminated unexpectedly.)
[05:25:28] *** Joins: hexkyz
[05:46:58] *** Quits: rjeli____ (Read error: Connection timed out)
[05:47:16] *** Joins: rjeli____
[05:50:26] *** Joins: |Shadow|
[06:04:07] *** Joins: rmaw_
[06:04:07] *** Quits: rmaw (Read error: Connection reset by peer)
[06:05:21] *** Quits: madk (Ping timeout: 258 seconds)
[06:05:21] *** Quits: plutobot (Ping timeout: 258 seconds)
[06:06:07] *** Quits: blasty (Read error: Connection reset by peer)
[06:06:27] *** Joins: thomasnet
[06:06:30] *** Quits: DacoTaco (Ping timeout: 258 seconds)
[06:06:53] *** Quits: Mimoja (Ping timeout: 258 seconds)
[06:09:15] *** Quits: d3m3vilur (Read error: Operation timed out)
[06:10:24] *** Joins: d3m3vilur
[06:18:27] *** Quits: Snetry (Read error: Operation timed out)
[06:20:45] *** Joins: blasty
[06:23:34] *** Quits: rmaw_ (Read error: Operation timed out)
[06:24:58] *** Joins: rmaw
[06:31:31] *** Joins: Snetry
[06:31:32] *** Quits: freundTec (Ping timeout: 745 seconds)
[06:35:31] *** Joins: freundTec
[06:50:31] *** Joins: plutobot
[06:50:44] *** Joins: DacoTaco
[06:51:56] *** Joins: madk
[06:54:15] *** Joins: Mimoja
[06:56:02] *** Quits: rjeli____ (Ping timeout: 1230 seconds)
[06:56:15] *** Joins: rjeli____
[09:24:53] <plutobot> Wiki | Page changed: Homebrew Applications | User: Corpuscule | https://switchbrew.org/w/index.php?curid=293&diff=10897&oldid=10725
[09:31:24] *** Quits: figgis_ (Read error: Connection reset by peer)
[09:42:12] *** Joins: changoXPR
[09:49:15] *** Quits: changO- (Read error: Operation timed out)
[09:49:16] *** changoXPR is now known as changO-
[09:55:07] *** Quits: rjeli____ (Ping timeout: 1230 seconds)
[09:55:20] *** Joins: rjeli____
[10:03:39] <plutobot> GitHub | New PR: pgl fix argum... | User: SciresM | https://github.com/switchbrew/libnx/pull/546
[12:07:25] *** Joins: j0hny5
[15:14:29] *** Joins: derk0pf
[15:15:26] *** Quits: zini (Read error: Connection reset by peer)
[15:15:39] *** Joins: zini
[15:20:12] *** Quits: derk0pf (Ping timeout: 265 seconds)
[15:36:57] *** Quits: rjeli____ (Ping timeout: 1230 seconds)
[15:37:11] *** Joins: rjeli____
[16:21:57] *** Joins: derk0pf
[16:22:58] *** Quits: omlet05 (Quit: http://quassel-irc.org - Chat comfortably. Anywhere.)
[16:25:21] *** Joins: omlet05
[16:35:54] *** Quits: derk0pf (Read error: Operation timed out)
[16:53:08] *** Quits: |Shadow| ()
[17:01:09] *** Joins: |Shadow|
[17:38:36] <plutobot> GitHub | New commit | User: Michael Scire | https://github.com/switchbrew/libnx/commit/f7df9d578c
[17:43:57] <plutobot> Wiki | Page changed: Fuses | User: Deejay87 | https://switchbrew.org/w/index.php?curid=186&diff=10898&oldid=10775
[17:54:02] *** Quits: rjeli____ (Ping timeout: 1230 seconds)
[17:54:15] *** Joins: rjeli____
[17:54:45] *** Joins: derk0pf
[18:02:19] *** Joins: n87
[18:07:24] *** Quits: derk0pf (Ping timeout: 622 seconds)
[18:44:15] <plutobot> Wiki | Page changed: 12.0.1 | User: yls8 | https://switchbrew.org/w/index.php?curid=435&diff=10899&oldid=10896
[19:42:04] *** Joins: fgsfds
[19:59:21] *** Quits: rjeli____ (Read error: Connection timed out)
[20:07:35] *** Joins: rjeli____
[20:08:24] *** Quits: n87 (Read error: Connection reset by peer)
[20:43:51] <plutobot> GitHub | New commit | User: Pablo Curiel | https://github.com/switchbrew/libnx/commit/d6c6431a22
[20:45:27] *** Joins: n87
[21:09:07] *** Joins: GerbilSof
[21:12:12] *** Quits: n87 (Read error: Connection reset by peer)
[21:22:08] *** Joins: n87
[22:10:04] *** Joins: refs
[22:24:07] *** Quits: rjeli____ (Ping timeout: 1230 seconds)
[22:24:20] *** Joins: rjeli____
[22:59:27] <plutobot> Wiki | Page changed: System Versions | User: SevereResponse | https://switchbrew.org/w/index.php?curid=105&diff=10900&oldid=10456
[23:16:32] *** Quits: n87 (Read error: Connection reset by peer)
