[00:15:02] *** Quits: Phils3r (Quit: ZNC - https://znc.in)
[00:15:46] *** Joins: Phils3r
[02:21:00] *** Quits: refs (Quit: refs)
[02:57:42] *** Quits: rjeli____ (Ping timeout: 1230 seconds)
[02:57:55] *** Joins: rjeli____
[04:51:31] *** Quits: oldtopman (ircd.choopa.net irc.Prison.NET)
[05:11:36] *** Joins: oldtopman
[05:13:27] *** Quits: oldtopman (Excess Flood)
[05:13:39] *** Joins: oldtopman
[05:14:09] *** Quits: plutobot (Ping timeout: 258 seconds)
[05:14:41] *** Joins: plutobot
[05:22:09] *** Snetry is now known as Sentry
[05:24:55] *** Quits: CCFL_Man (Ping timeout: 265 seconds)
[05:28:04] *** Joins: CCFL_Man
[05:38:10] *** Quits: lex1 (Read error: Operation timed out)
[05:39:29] *** Quits: rmaw (Read error: Operation timed out)
[05:39:39] *** Quits: d3m3vilur (Read error: Operation timed out)
[05:39:41] *** Quits: Sentry (Read error: Operation timed out)
[05:43:59] *** Quits: blasty (Read error: Operation timed out)
[05:46:33] *** Quits: thomasnet (Read error: Operation timed out)
[05:55:18] *** Joins: d3m3vilur
[06:01:39] *** Joins: blasty
[06:02:46] *** Joins: thomasnet
[06:03:11] *** Joins: rmaw
[06:03:21] *** Joins: lex1
[06:04:25] *** Joins: Snetry
[08:53:50] *** Quits: fgsfds (Leaving)
[08:57:47] *** Joins: changoXPR
[09:04:15] *** Quits: changO- (Read error: Operation timed out)
[09:04:15] *** changoXPR is now known as changO-
[10:03:40] *** Joins: giglife_
[10:08:06] *** Quits: giglife (Read error: Operation timed out)
[10:08:06] *** giglife_ is now known as giglife
[10:08:53] *** Joins: cpnc0ke
[10:10:18] *** Quits: cpncok3 (Read error: Operation timed out)
[16:33:40] <plutobot> Wiki | Page changed: System Versions | User: yls8 | https://switchbrew.org/w/index.php?curid=105&diff=10901&oldid=10900
[17:27:28] <plutobot> Wiki | Page changed: 12.0.1 | User: yls8 | https://switchbrew.org/w/index.php?curid=435&diff=10902&oldid=10899
[18:42:48] *** Joins: fgsfds
[19:07:59] *** Joins: GerbilS8
[19:12:36] *** Quits: GerbilSof (Ping timeout: 604 seconds)
[20:12:51] *** Quits: Lightswor (Read error: Connection reset by peer)
[20:13:17] *** Joins: Lightswo-
[20:15:32] *** Lightswo- is now known as Lightswor
[20:29:10] *** Quits: Lightswor (Ping timeout: 376 seconds)
[20:30:44] *** Joins: Lightswor
[21:35:28] *** Joins: refs
[23:34:02] *** Quits: omlet05 (Read error: Connection reset by peer)
[23:34:21] *** Joins: omlet05
[23:35:06] *** Quits: Maylay (Ping timeout: 496 seconds)
[23:35:25] *** Joins: Maylay
[23:39:22] *** Quits: Extrems (Ping timeout: 496 seconds)
[23:39:27] *** Joins: Extrems
[23:40:58] *** Quits: ihaveamac (Ping timeout: 496 seconds)
[23:45:41] *** Joins: GrecKo_
[23:51:40] *** Quits: GrecKo (Read error: Operation timed out)
[23:54:56] *** Joins: rmaw_
[23:56:15] *** Quits: rmaw (Read error: Operation timed out)
