[02:18:29] *** Quits: refs (Quit: refs)
[03:10:27] *** Quits: Cu3PO42 (Ping timeout: 745 seconds)
[03:37:24] *** Joins: Cu3PO42
[04:31:35] *** Quits: madk (Ping timeout: 258 seconds)
[04:31:58] *** Quits: oldtopman (Ping timeout: 258 seconds)
[04:31:59] *** Quits: Mimoja (Ping timeout: 258 seconds)
[04:32:21] *** Quits: plutobot (Ping timeout: 258 seconds)
[04:33:07] *** Quits: DacoTaco (Ping timeout: 258 seconds)
[04:47:31] *** Joins: oldtopman
[05:16:44] *** Joins: plutobot
[05:17:38] *** Joins: madk
[05:17:50] *** Joins: Mimoja
[05:20:17] *** Joins: DacoTaco
[06:57:22] *** Quits: rjeli____ (Ping timeout: 1230 seconds)
[07:41:30] *** Quits: fgsfds (Quit: Leaving)
[09:05:16] *** Joins: changO-
[09:08:00] *** Quits: changoXPR (Read error: Operation timed out)
[09:44:41] *** Quits: oldtopman (Read error: Operation timed out)
[11:56:38] *** Quits: hexkyz (Ping timeout: 745 seconds)
[12:06:37] *** Joins: hexkyz
[13:08:19] *** Joins: m4ts_
[13:08:19] *** Quits: m4ts (Read error: Connection reset by peer)
[13:42:52] *** Joins: m4ts
[13:43:54] *** Quits: m4ts_ (Ping timeout: 265 seconds)
[14:44:40] *** Joins: m4ts_
[14:47:42] *** Quits: m4ts (Ping timeout: 265 seconds)
[15:09:09] *** Quits: WntrMute (Read error: Connection reset by peer)
[15:18:13] *** Joins: WntrMute
[15:18:14] *** fincs sets mode: +o WntrMute
[15:57:52] *** Quits: GerbilSof (Quit: Windows must now restart because the Remote Procedure Call (RPC) service terminated unexpectedly.)
[15:58:13] *** Joins: GerbilSof
[18:47:55] *** Joins: n87
[19:09:44] *** Joins: fgsfds
[20:00:33] *** Joins: n87_2
[20:03:48] *** Quits: n87 (Ping timeout: 265 seconds)
[21:32:22] *** Quits: tpw_rules (Ping timeout: 745 seconds)
[21:37:05] *** Joins: tpw_rules
