[00:04:14] *** Quits: n87_2 (Read error: Connection reset by peer)
[00:15:59] *** Joins: plutobot
[00:16:13] *** Joins: DacoTaco
[00:16:46] *** Joins: derk0pf
[00:17:19] *** Joins: Mimoja
[00:18:23] *** Joins: madk
[00:23:37] *** Quits: derk0pf (Read error: Operation timed out)
[00:35:47] *** Joins: derk0pf
[01:12:29] *** Quits: derk0pf (Read error: Operation timed out)
[01:23:37] *** Quits: sh0e (Read error: Connection reset by peer)
[01:24:03] *** Joins: sh0e
[01:34:14] *** Quits: |Shadow| (Read error: Operation timed out)
[01:37:41] *** Joins: |Shadow|
[01:47:31] *** Quits: |Shadow| (Ping timeout: 265 seconds)
[01:48:05] *** Joins: |Shadow|
[01:53:56] *** Quits: |Shadow| ()
[01:55:08] *** Quits: Maylay_ (Ping timeout: 745 seconds)
[02:01:53] *** Joins: |Shadow|
[02:03:51] *** Joins: Maylay
[03:05:17] *** Joins: derk0pf
[03:14:32] *** Quits: derk0pf (Read error: Operation timed out)
[03:32:11] *** Joins: changoXPR
[03:34:02] *** Quits: changO- (Read error: Operation timed out)
[03:34:02] *** changoXPR is now known as changO-
[03:39:00] *** Quits: Surkow (Read error: Operation timed out)
[03:43:34] *** Quits: Lightswor (Ping timeout: 376 seconds)
[03:49:15] *** Joins: Surkow
[04:14:49] *** Joins: Lightswor
[05:05:40] *** Joins: derk0pf
[05:16:22] *** Quits: derk0pf (Ping timeout: 622 seconds)
[05:22:03] *** Quits: refs (Quit: refs)
[07:06:47] *** Joins: derk0pf
[07:11:23] *** Quits: derk0pf (Ping timeout: 265 seconds)
[09:42:26] *** Quits: Lightswor (Read error: Connection reset by peer)
[10:11:01] *** Joins: Lightswor
[10:15:11] *** Joins: n87
[10:15:18] *** Joins: derk0pf
[10:20:18] *** Quits: Lightswor (Read error: Connection reset by peer)
[10:46:32] *** Joins: Lightswor
[10:49:39] *** Quits: Lightswor (Read error: Connection reset by peer)
[10:50:12] *** Quits: fgsfds (Leaving)
[11:26:13] *** Joins: Lightswor
[12:02:13] *** Joins: n87_2
[12:05:29] *** Quits: n87 (Ping timeout: 265 seconds)
[12:24:27] *** Quits: derk0pf (Read error: Operation timed out)
[14:11:27] *** Joins: refs
[14:23:07] *** Quits: cpncok3 (Ping timeout: 496 seconds)
[15:00:53] *** Joins: lapolice
[15:01:24] *** Quits: lapolice (Client Quit)
[15:54:14] *** Quits: n87_2 (Read error: Connection reset by peer)
[17:57:06] *** Quits: Lightswor (Ping timeout: 376 seconds)
[18:28:29] *** Joins: thomasnet
[18:46:11] *** Joins: fgsfds
[18:51:53] *** Joins: Lightswor
[18:58:10] *** Joins: oldtopman
[19:12:14] *** Quits: Lightswor (Ping timeout: 376 seconds)
[19:13:17] *** Joins: Lightswor
[19:38:50] *** Quits: Lightswor (Ping timeout: 376 seconds)
[19:42:55] *** Joins: n87
[20:08:52] *** Quits: |Shadow| (Ping timeout: 265 seconds)
[20:31:03] *** Joins: Lightswor
[20:31:28] *** Joins: |Shadow|
[21:04:47] *** Quits: Lightswor (Read error: Connection reset by peer)
[21:06:44] *** Joins: Lightswor
[21:14:02] *** Joins: Lightswo-
[21:14:02] *** Quits: Lightswor (Read error: Connection reset by peer)
[21:14:02] *** Lightswo- is now known as Lightswor
[21:31:26] *** Quits: Lightswor (Ping timeout: 376 seconds)
[21:31:27] *** Quits: Behemoth_ (Read error: Connection reset by peer)
[21:31:27] *** Joins: Lightswor
[21:32:00] *** Joins: Behemoth
[21:51:04] *** Quits: GerbilSof (Quit: Windows must now restart because the Remote Procedure Call (RPC) service terminated unexpectedly.)
[22:37:08] *** Quits: n87 (Read error: Connection reset by peer)
[23:37:03] *** Quits: Lightswor (Read error: Operation timed out)
[23:42:06] *** Joins: Lightswor
