[02:25:54] *** Quits: refs (Quit: refs)
[05:30:35] *** Quits: plutobot (Ping timeout: 258 seconds)
[05:31:44] *** Quits: DacoTaco (Ping timeout: 258 seconds)
[05:32:53] *** Quits: lansiir (Ping timeout: 258 seconds)
[05:32:53] *** Quits: madk (Ping timeout: 258 seconds)
[05:32:54] *** Quits: Mimoja (Ping timeout: 258 seconds)
[05:48:34] *** Joins: oldtopman
[06:06:59] *** Quits: changoXPR (Read error: Operation timed out)
[06:08:28] *** Joins: changO-
[06:31:24] *** Joins: changoXPR
[06:32:47] *** Quits: changO- (Read error: Operation timed out)
[06:32:47] *** changoXPR is now known as changO-
[07:01:00] *** Joins: plutobot
[07:01:11] *** Joins: DacoTaco
[07:01:41] *** Joins: madk
[07:01:51] *** Joins: Mimoja
[07:43:37] *** Quits: madk (Ping timeout: 258 seconds)
[07:44:00] *** Quits: DacoTaco (Ping timeout: 258 seconds)
[07:44:46] *** Quits: plutobot (Ping timeout: 258 seconds)
[07:45:54] *** Quits: Mimoja (Ping timeout: 258 seconds)
[08:50:09] *** Joins: plutobot
[08:50:39] *** Joins: madk
[08:50:48] *** Joins: DacoTaco
[08:53:03] *** Joins: Mimoja
[11:11:53] *** Quits: oldtopman (ircd.choopa.net irc.Prison.NET)
[11:11:53] *** Quits: |Shadow| (ircd.choopa.net irc.Prison.NET)
[11:15:57] *** Joins: lansiir
[11:50:12] *** Joins: |Shadow|
[12:18:29] *** Joins: jn
[14:07:38] *** Joins: fgsfds
[16:38:21] *** Quits: DacoTaco (Ping timeout: 258 seconds)
[16:38:36] *** Joins: DacoTaco
[16:43:20] *** Quits: DacoTaco (Ping timeout: 258 seconds)
[16:43:40] *** Joins: DacoTaco
[16:50:37] *** Quits: DacoTaco (Ping timeout: 258 seconds)
[16:51:12] *** Joins: DacoTaco
[17:09:47] *** Quits: DacoTaco (Ping timeout: 258 seconds)
[17:10:13] *** Joins: DacoTaco
[17:14:44] *** Joins: n87
[17:41:14] *** Quits: DacoTaco (Ping timeout: 258 seconds)
[18:23:14] *** Joins: DacoTaco
[18:41:40] *** Joins: cpnc0ke
[19:03:15] *** Quits: DacoTaco (Ping timeout: 258 seconds)
[20:41:45] *** Joins: n87_2
[20:44:46] *** Quits: n87 (Ping timeout: 265 seconds)
[21:28:42] *** Quits: n87_2 (Read error: Connection reset by peer)
[21:41:23] *** Joins: refs
[22:42:02] *** Joins: foghorn
[23:57:23] *** Joins: DacoTaco
