[00:03:56] *** Quits: lameboy (Read error: No route to host)
[00:04:26] *** Joins: lameboy
[01:49:27] *** Quits: nrq (Ping timeout: 745 seconds)
[02:04:17] *** Joins: Jinx
[02:24:49] *** Quits: refs (Quit: refs)
[03:43:26] *** Joins: changoXPR
[03:47:05] *** Quits: changO- (Read error: Operation timed out)
[03:47:05] *** changoXPR is now known as changO-
[03:49:52] *** Quits: Jinx (Write error: Broken pipe)
[03:53:31] *** Joins: Jinx
[03:57:42] *** Quits: sh0e (Read error: Operation timed out)
[04:03:09] *** Joins: sh0e
[05:21:56] *** Quits: Jinx (Ping timeout: 265 seconds)
[06:02:28] *** lansiir is now known as oldtopman
[06:21:20] *** Quits: fgsfds (Read error: Connection reset by peer)
[07:12:17] *** Quits: Mimoja (Read error: Connection reset by peer)
[07:14:39] *** Quits: madk (Ping timeout: 258 seconds)
[07:15:02] *** Quits: DacoTaco (Ping timeout: 258 seconds)
[07:15:25] *** Quits: plutobot (Ping timeout: 258 seconds)
[07:16:34] *** Quits: oldtopman (Ping timeout: 258 seconds)
[07:31:32] *** Joins: lameboy2
[07:32:00] *** Joins: oldtopman
[07:32:28] *** Quits: |Shadow| (Ping timeout: 265 seconds)
[07:33:53] *** Quits: lameboy (Ping timeout: 265 seconds)
[07:33:54] *** lameboy2 is now known as lameboy
[07:35:37] *** Joins: |Shadow|
[07:43:26] *** Joins: CCFL_Man_
[07:49:57] *** Quits: CCFL_Man (Ping timeout: 745 seconds)
[08:08:10] *** Joins: nrq
[08:11:33] *** Joins: CCFL_Man
[08:14:34] *** Quits: CCFL_Man_ (Read error: Operation timed out)
[08:30:55] *** Quits: Behemoth (Ping timeout: 265 seconds)
[08:33:13] *** Joins: Behemoth
[08:42:11] *** Joins: plutobot
[08:42:32] *** Joins: DacoTaco
[08:43:03] *** Joins: madk
[08:43:21] *** Joins: Mimoja
[08:44:32] *** Quits: foghorn (Read error: Connection reset by peer)
[08:45:13] *** Joins: foghorn
[09:21:52] *** Quits: RaYmAn (Read error: Operation timed out)
[09:22:39] *** Joins: foghorn2
[09:24:29] *** Joins: Behemoth_
[09:27:41] *** Quits: Maylay (Read error: Operation timed out)
[09:27:41] *** Quits: Behemoth (Read error: Operation timed out)
[09:27:41] *** Joins: Maylay
[09:28:34] *** Quits: foghorn (Read error: Operation timed out)
[09:32:38] *** Quits: averne (quit)
[09:32:53] *** Joins: averne_
[09:32:54] *** Server sets mode: +stn 
[09:39:03] *** Quits: averne (Ping timeout: 604 seconds)
[09:39:03] *** averne_ is now known as averne
[10:33:50] *** Joins: rajkosto
[12:47:08] *** Joins: changoXPR
[12:52:42] *** Quits: changO- (Read error: Operation timed out)
[12:52:42] *** changoXPR is now known as changO-
[14:06:17] *** Quits: rajkosto (Read error: Operation timed out)
[15:47:13] *** Joins: rajkosto
[17:29:36] *** Joins: n87
[17:42:09] *** Joins: n87_2
[17:45:18] *** Quits: n87 (Ping timeout: 265 seconds)
[18:38:00] *** Joins: RaYmAn
[18:38:59] *** Joins: fgsfds
[18:51:19] *** Joins: Jinx
[19:02:15] *** Quits: Jinx (Read error: Operation timed out)
[19:57:40] *** Joins: n87
[19:57:51] *** Quits: |Shadow| (ny.us.hub irc.Prison.NET)
[19:57:54] *** Quits: oldtopman (ny.us.hub irc.Prison.NET)
[19:58:13] *** Quits: n87_2 (Ping timeout: 265 seconds)
[20:02:02] *** Joins: lansiir
[20:05:43] *** Joins: |Shadow|
[20:14:26] *** Quits: n87 (Quit: Leaving)
[21:16:32] *** Joins: refs
[21:31:47] *** Quits: rajkosto (Read error: Connection reset by peer)
