[01:27:38] *** Joins: jn_
[01:27:38] *** Quits: jn (Read error: Connection reset by peer)
[02:18:49] *** Quits: refs (Quit: refs)
[06:18:38] *** Quits: d3m3vilur (Read error: Operation timed out)
[06:24:26] *** Joins: d3m3vilur
[06:27:49] *** Quits: Lightswor (Read error: Connection reset by peer)
[06:31:46] *** Quits: giglife (Read error: Operation timed out)
[06:31:52] *** Joins: giglife
[06:32:33] *** Quits: Surkow (Read error: Operation timed out)
[06:35:24] *** Joins: Surkow
[06:50:21] *** Quits: fgsfds (Read error: Connection reset by peer)
[06:51:51] *** Joins: Lightswor
[07:10:00] *** Quits: Lightswor (Read error: Connection reset by peer)
[07:23:13] *** Joins: Lightswor
[08:38:20] *** Quits: Lightswor (Read error: Connection reset by peer)
[09:03:14] *** Joins: Lightswor
[09:09:27] *** Quits: madk (Ping timeout: 258 seconds)
[09:09:31] *** Quits: plutobot (Ping timeout: 258 seconds)
[09:09:50] *** Quits: lansiir (Ping timeout: 258 seconds)
[09:09:56] *** Quits: Mimoja (Ping timeout: 258 seconds)
[09:09:56] *** Quits: DacoTaco (Ping timeout: 258 seconds)
[09:25:33] *** Joins: oldtopman
[09:51:58] *** Joins: plutobot
[09:52:55] *** Joins: DacoTaco
[09:54:49] *** Joins: madk
[09:55:13] *** Joins: Mimoja
[10:55:17] *** Quits: lameboy (Quit: Astalabyebye...)
[10:55:56] *** Joins: lameboy
[13:39:06] *** Quits: Lightswor (Read error: Connection reset by peer)
[13:39:23] *** Quits: oldtopman (hub.efnet.us irc.Prison.NET)
[13:39:23] *** Quits: Surkow (hub.efnet.us irc.Prison.NET)
[13:39:23] *** Quits: |Shadow| (hub.efnet.us irc.Prison.NET)
[13:44:48] *** Joins: lansiir
[13:48:16] *** Joins: |Shadow|
[13:54:25] *** Joins: Surkow
[14:54:39] *** Joins: Lightswor
[17:21:41] *** Joins: n00b604
[17:25:54] *** Quits: n00b604 (Ping timeout: 252 seconds)
[17:36:52] *** Joins: n87
[18:35:21] *** Joins: n87_2
[18:38:48] *** Quits: n87 (Ping timeout: 265 seconds)
[18:43:53] *** Joins: n87_3
[18:47:01] *** Quits: n87_2 (Ping timeout: 265 seconds)
[18:50:02] *** Joins: fgsfds
[20:17:48] *** Joins: Behemoth
[20:22:03] *** Quits: Behemoth_ (Ping timeout: 496 seconds)
[20:37:55] *** Quits: madk (Ping timeout: 258 seconds)
[20:40:36] *** Quits: plutobot (Ping timeout: 258 seconds)
[20:40:59] *** Quits: Behemoth (Ping timeout: 258 seconds)
[20:41:00] *** Quits: lansiir (Ping timeout: 258 seconds)
[20:41:00] *** Quits: Mimoja (Ping timeout: 258 seconds)
[20:41:22] *** Quits: DacoTaco (Ping timeout: 258 seconds)
[20:41:47] *** Joins: Behemoth
[20:51:06] *** Quits: mtheall_ (Remote host closed the connection)
[20:51:06] *** Quits: yls8bot (Remote host closed the connection)
[20:51:41] *** Joins: Retr0id
[20:52:29] *** Joins: mtheall
[20:52:54] *** Joins: yls8bot
[20:52:57] *** yellows8 sets mode: +o yls8bot
[20:56:23] *** Joins: oldtopman
[21:03:58] *** Quits: RaYmAn (Read error: Operation timed out)
[21:24:08] *** Quits: yls8bot (Remote host closed the connection)
[21:24:08] *** Quits: mtheall (Remote host closed the connection)
[21:25:20] *** Joins: plutobot
[21:25:53] *** Joins: madk
[21:26:33] *** Joins: Mimoja
[21:26:58] *** Joins: DacoTaco
[21:30:18] *** Joins: n87
[21:32:33] *** Joins: lameboy2
[21:32:48] *** Quits: WntrMute (Ping timeout: 265 seconds)
[21:33:17] *** Quits: n87_3 (Ping timeout: 265 seconds)
[21:33:46] *** Quits: lameboy (Ping timeout: 265 seconds)
[21:33:46] *** Quits: GerbilSof (Ping timeout: 265 seconds)
[21:33:49] *** lameboy2 is now known as lameboy
[21:35:19] *** Joins: GerbilSof
[21:35:45] *** Joins: Behemoth_
[21:36:11] *** Quits: Behemoth (Ping timeout: 265 seconds)
[21:38:12] *** Joins: WntrMute
[21:38:12] *** fincs sets mode: +o WntrMute
[21:45:17] *** Joins: RaYmAn
[22:02:50] *** Joins: mtheall
[22:03:31] *** Joins: yls8bot
[22:03:38] *** yellows8 sets mode: +o yls8bot
[22:12:02] *** Quits: oldtopman (hub.efnet.us irc.Prison.NET)
[22:12:02] *** Quits: Surkow (hub.efnet.us irc.Prison.NET)
[22:12:02] *** Quits: |Shadow| (hub.efnet.us irc.Prison.NET)
[22:14:07] *** Joins: Surkow_
[22:14:34] *** Joins: lansiir
[22:20:09] *** Joins: refs
[22:25:25] *** Joins: |Shadow|
[22:28:14] *** Surkow_ is now known as Surkow
[22:30:35] *** Quits: n87 (Read error: Connection reset by peer)
[22:34:20] *** Quits: mtheall (Remote host closed the connection)
[22:34:20] *** Quits: yls8bot (Quit: Lost terminal)
[22:47:56] *** Joins: mtheall
[22:48:44] *** Joins: yls8bot
[22:48:44] *** yellows8 sets mode: +o yls8bot
[23:14:15] *** Quits: yls8bot (Remote host closed the connection)
[23:14:15] *** Quits: mtheall (Lost terminal)
[23:15:01] *** Joins: mtheall
[23:15:24] *** Joins: yls8bot
[23:15:40] *** yellows8 sets mode: +o yls8bot
[23:17:44] *** Quits: yls8bot (Remote host closed the connection)
[23:17:44] *** Quits: mtheall (Client Quit)
[23:18:31] *** Joins: mtheall
[23:19:12] *** Joins: yls8bot
[23:19:17] *** yellows8 sets mode: +o yls8bot
[23:39:24] *** Quits: mtheall (Remote host closed the connection)
[23:39:24] *** Quits: yls8bot (Remote host closed the connection)
[23:48:10] *** Joins: mtheall
[23:48:36] *** Joins: yls8bot
[23:48:47] *** yellows8 sets mode: +o yls8bot
[23:48:57] *** Quits: yls8bot (Client Quit)
[23:48:57] *** Quits: mtheall (Remote host closed the connection)
[23:51:24] *** Joins: mtheall
[23:51:49] *** Joins: yls8bot
[23:51:58] *** yellows8 sets mode: +o yls8bot
[23:52:56] *** Quits: yls8bot (Remote host closed the connection)
[23:52:56] *** Quits: mtheall (Client Quit)
[23:54:37] *** Joins: mtheall
[23:55:01] *** Joins: yls8bot
[23:55:11] *** yellows8 sets mode: +o yls8bot
[23:59:56] *** Quits: yls8bot (Client Quit)
[23:59:56] *** Quits: mtheall (Remote host closed the connection)
