[00:02:55] *** Joins: mtheall
[00:03:19] *** Joins: yls8bot
[00:03:34] *** yellows8 sets mode: +o yls8bot
[00:06:56] *** Quits: yls8bot (Remote host closed the connection)
[00:06:58] *** Quits: mtheall (Client Quit)
[00:10:24] *** Joins: mtheall
[00:10:54] *** Joins: yls8bot
[00:11:06] *** yellows8 sets mode: +o yls8bot
[00:17:33] *** Quits: yls8bot (Remote host closed the connection)
[00:17:33] *** Quits: mtheall (Remote host closed the connection)
[00:23:07] *** Joins: mtheall
[00:23:35] *** Joins: yls8bot
[00:23:41] *** yellows8 sets mode: +o yls8bot
[03:01:51] *** Quits: refs (Quit: refs)
[03:30:49] *** Quits: yls8bot (Remote host closed the connection)
[03:30:49] *** Quits: mtheall (Remote host closed the connection)
[03:33:21] *** Joins: mtheall
[03:34:02] *** Joins: yls8bot
[03:34:10] *** yellows8 sets mode: +o yls8bot
[03:35:07] *** Quits: mtheall (Client Quit)
[03:35:07] *** Quits: yls8bot (Remote host closed the connection)
[03:37:44] *** Joins: mtheall
[03:38:10] *** Joins: yls8bot
[03:38:23] *** yellows8 sets mode: +o yls8bot
[04:33:48] *** Joins: jn
[04:38:32] *** Quits: jn_ (Ping timeout: 615 seconds)
[04:42:04] *** Quits: averne (quit)
[04:43:07] *** Joins: averne
[04:43:12] *** Server sets mode: +stn 
[05:05:31] *** Quits: foghorn2 (Leaving)
[07:13:49] *** Quits: GerbilSof (Quit: Windows must now restart because the Remote Procedure Call (RPC) service terminated unexpectedly.)
[07:16:25] *** Joins: GerbilSof
[08:20:12] *** lansiir is now known as oldtopman
[09:03:15] *** Quits: fgsfds (Read error: Connection reset by peer)
[10:56:53] *** Quits: Surkow (Read error: Operation timed out)
[10:58:42] *** Quits: Lightswor (Ping timeout: 376 seconds)
[11:07:06] *** Joins: Surkow
[11:19:01] *** Joins: Lightswor
[12:55:59] *** Joins: rajkosto
[13:24:02] *** Joins: Tcm0
[14:17:12] *** Quits: rajkosto (Read error: Connection reset by peer)
[17:14:22] *** Quits: Lightswor (Ping timeout: 376 seconds)
[17:29:11] *** Joins: Lightswor
[18:02:04] *** Quits: GerbilSof (Quit: Windows must now restart because the Remote Procedure Call (RPC) service terminated unexpectedly.)
[18:11:29] *** Joins: GerbilSof
[19:00:05] *** Joins: n87
[19:25:55] *** Quits: n87 (Quit: Leaving)
[19:30:06] *** Joins: fgsfds
[20:18:53] *** Quits: yellows8 (Read error: Operation timed out)
[20:18:54] *** Quits: yls8bot (Read error: Connection reset by peer)
[20:19:18] *** Quits: GrecKo_ (Read error: Connection reset by peer)
[20:19:37] *** Joins: GrecKo
[20:19:38] *** Quits: Cu3PO42 (Ping timeout: 376 seconds)
[20:19:49] *** Quits: Kyouju (Read error: Connection reset by peer)
[20:23:22] *** Quits: Lightswor (Ping timeout: 376 seconds)
[20:25:55] *** Joins: Cu3PO42
[20:28:29] *** Joins: nrq_
[20:28:31] *** Quits: nrq (Read error: Connection reset by peer)
[20:30:50] *** Quits: freundTe- (Ping timeout: 1216 seconds)
[20:31:25] *** Joins: freundTec
[20:36:45] *** Joins: GerbilS5
[20:36:48] *** Quits: GerbilSof (Read error: Connection reset by peer)
[20:56:01] *** Joins: Lightswor
[20:56:04] *** Joins: Kyouju
[20:58:54] *** Joins: yls8bot
[20:59:15] *** Joins: yellows8
[20:59:15] *** WntrMute sets mode: +o yellows8
[21:08:09] *** Quits: d3m3vilur (Read error: Operation timed out)
[21:08:42] *** Quits: Snetry (Read error: Connection reset by peer)
[21:09:30] *** Joins: Sentry-
[21:09:42] *** Joins: d3m3vilur
[21:15:41] *** Joins: GrecKo_
[21:15:41] *** Quits: Sentry- (Read error: Connection reset by peer)
[21:16:45] *** Joins: Snetry
[21:16:45] *** Quits: rmaw (Read error: Operation timed out)
[21:17:49] *** Quits: CCFL_Man (Remote host closed the connection)
[21:17:49] *** Quits: GrecKo (Read error: Connection reset by peer)
[21:17:49] *** Joins: CCFL_Man
[21:19:01] *** Quits: Retr0id (Read error: Connection reset by peer)
[21:20:05] *** Joins: rmaw
[21:23:40] *** Joins: changoXPR
[21:23:40] *** Quits: changoXPR (Excess Flood)
[21:23:40] *** Joins: changoXPR
[21:23:40] *** Joins: rmaw_
[21:27:43] *** Joins: Retr0id
[21:27:43] *** Quits: changO- (Read error: Operation timed out)
[21:27:43] *** changoXPR is now known as changO-
[21:33:22] *** Quits: rmaw (Read error: Operation timed out)
[22:31:59] *** Joins: rmaw
[22:34:02] *** Joins: Jinx
[22:35:06] *** Quits: phigcloud (Read error: Operation timed out)
[22:39:21] *** Joins: phigcloud
[22:40:25] *** Quits: rmaw_ (Read error: Operation timed out)
[22:41:29] *** Quits: Surkow (ircd.choopa.net irc.Prison.NET)
[22:41:29] *** Quits: |Shadow| (ircd.choopa.net irc.Prison.NET)
[22:42:27] *** Joins: Surkow_
[22:45:22] *** Quits: Retr0id (Read error: Connection reset by peer)
[22:45:24] *** Joins: Retr0id
[23:15:28] *** Joins: refsw
[23:18:06] *** Joins: |Shadow|
[23:26:43] *** Quits: refsw3 (Ping timeout: 745 seconds)
[23:55:14] <plutobot> Wiki | Page changed: Switch System Flaws | User: Shinyquagsire23 | https://switchbrew.org/w/index.php?curid=14&diff=10904&oldid=10826
