[02:20:23] *** Quits rjeli____ (Ping timeout: 1230 seconds)
[02:20:37] *** Joins rjeli____
[02:37:49] *** Quits refs (Quit: refs)
[02:48:23] *** Quits Tcm0 (Ping timeout: 265 seconds)
[05:47:32] *** Quits fgsfds (Read error: Connection reset by peer)
[06:00:18] *** Quits rjeli____ (Ping timeout: 1230 seconds)
[06:00:32] *** Joins rjeli____
[06:07:03] *** Joins rctgamer
[06:09:38] *** Quits rctgamer3 (Ping timeout: 615 seconds)
[06:21:53] *** Quits rjeli____ (Ping timeout: 1230 seconds)
[06:24:24] *** Joins rjeli____
[08:48:03] *** Joins Tcm0
[08:51:15] *** Quits ris2z (Ping timeout: 186 seconds)
[08:51:48] *** Joins ris2z
[09:59:05] *** Quits rjeli____ (Read error: Connection reset by peer)
[10:00:22] *** Joins rjeli____
[10:31:46] *** Joins foghorn2
[10:38:14] *** Quits foghorn (Read error: Operation timed out)
[10:56:15] *** Quits rjeli____ (Read error: Connection timed out)
[11:13:41] *** Joins rjeli____
[11:31:15] *** Joins n87
[12:25:25] *** Joins n87_2
[12:27:54] *** Quits n87 (Ping timeout: 265 seconds)
[13:23:58] *** Joins n87_3
[13:27:21] *** Quits n87_2 (Ping timeout: 265 seconds)
[14:12:38] *** Quits rjeli____ (Ping timeout: 1230 seconds)
[14:12:52] *** Joins rjeli____
[16:49:28] <plutobot> Wiki | Page changed: Talk:LDN services | User: Hexkyz | https://switchbrew.org/w/index.php?curid=425&diff=10659&oldid=10658
[17:16:48] *** Quits n87_3 (Read error: Connection reset by peer)
[18:36:37] *** Quits Cu3PO42 (Read error: Operation timed out)
[18:38:55] *** Joins Cu3PO42
[18:42:25] *** Quits cpnc0ke (hub.efnet.us irc.colosolutions.net)
[18:50:39] *** Joins cpnc0ke
[18:51:27] *** Quits SCV__ (Read error: Connection reset by peer)
[18:51:40] *** Joins SCV__
[20:28:06] *** Joins Surkow
[20:55:46] <plutobot> Wiki | Page changed: Talk:LDN services | User: CFSworks | https://switchbrew.org/w/index.php?curid=425&diff=10660&oldid=10659
[20:56:47] <plutobot> Wiki | Page changed: LDN services | User: CFSworks | https://switchbrew.org/w/index.php?curid=109&diff=10661&oldid=10625
[21:02:35] *** Joins n87
[21:08:33] *** Quits SCV__ (Ping timeout: 1230 seconds)
[21:08:41] *** Quits gruetzkop (Remote host closed the connection)
[21:08:46] *** Joins SCV__
[21:10:47] *** Joins gruetzkop
[21:15:33] *** Quits rjeli____ (Ping timeout: 1230 seconds)
[21:15:50] *** Joins rjeli____
[21:43:42] *** Quits Surkow (Quit: 418 I'm a teapot - NOP NOP NOP)
[22:11:09] *** Joins Surkow
[22:25:53] *** Quits Surkow (Quit: 418 I'm a teapot - NOP NOP NOP)
[22:37:26] *** Quits n87 (Read error: Connection reset by peer)
[22:40:08] *** Quits rjeli____ (Ping timeout: 1230 seconds)
[22:40:21] *** Joins rjeli____
[23:00:22] *** Joins Surkow
[23:03:25] *** Quits SCV__ (Read error: Connection timed out)
[23:04:30] *** Joins SCV__
[23:25:17] *** Joins fgsfds
