[00:06:24] *** Quits Tcm0 (Quit: Leaving)
[00:18:08] *** Quits SCV__ (Ping timeout: 1230 seconds)
[00:18:21] *** Joins SCV__
[03:27:08] *** Quits datagutt (Ping timeout: 745 seconds)
[03:28:10] *** Joins datagutt
[03:51:38] *** Quits rjeli____ (Ping timeout: 1230 seconds)
[03:51:51] *** Joins rjeli____
[05:24:14] *** Quits fgsfds (Read error: Connection reset by peer)
[09:35:57] *** Joins n87
[09:52:43] *** Quits SCV__ (Ping timeout: 1230 seconds)
[09:52:56] *** Joins SCV__
[10:06:39] *** Joins n87_2
[10:09:31] *** Quits n87 (Ping timeout: 265 seconds)
[10:10:48] *** Quits rjeli____ (Ping timeout: 1230 seconds)
[10:11:02] *** Joins rjeli____
[12:48:53] *** Quits rjeli____ (Ping timeout: 1230 seconds)
[12:49:06] *** Joins rjeli____
[13:07:13] *** Joins m4ts_
[13:11:15] *** Quits m4ts (Ping timeout: 265 seconds)
[15:08:48] *** Quits n87_2 (Read error: Connection reset by peer)
[15:29:18] *** Quits SCV__ (Ping timeout: 1230 seconds)
[15:29:31] *** Joins SCV__
[15:59:58] *** Joins fgsfds
[16:10:08] *** Quits rjeli____ (Ping timeout: 1230 seconds)
[16:10:21] *** Joins rjeli____
[17:12:37] *** Joins n87
[17:24:13] *** Quits rjeli____ (Ping timeout: 1230 seconds)
[17:24:26] *** Joins rjeli____
[18:35:39] *** Joins refs
[19:55:46] <plutobot> Wiki | Page changed: Settings services | User: Hexkyz | https://switchbrew.org/w/index.php?curid=110&diff=10662&oldid=10648
[20:00:22] <plutobot> Wiki | Page changed: Settings services | User: Hexkyz | https://switchbrew.org/w/index.php?curid=110&diff=10663&oldid=10662
[20:06:29] <plutobot> Wiki | Page changed: HID services | User: Hexkyz | https://switchbrew.org/w/index.php?curid=103&diff=10664&oldid=10558
[20:14:33] *** Quits SCV__ (Ping timeout: 1230 seconds)
[20:14:47] *** Joins SCV__
[20:30:54] *** Quits n87 (Read error: Connection reset by peer)
[20:48:58] *** Quits rjeli____ (Ping timeout: 1230 seconds)
[20:49:09] *** Quits DacoTaco (Remote host closed the connection)
[20:49:11] *** Joins rjeli____
[20:56:26] <plutobot> Wiki | Page changed: LDN services | User: Hexkyz | https://switchbrew.org/w/index.php?curid=109&diff=10665&oldid=10661
[22:47:58] *** Quits rjeli____ (Ping timeout: 1230 seconds)
[22:48:12] *** Joins rjeli____
[23:17:43] *** Quits Cu3PO42 (Ping timeout: 745 seconds)
[23:23:48] *** Joins Cu3PO42
