[00:56:34] *** Joins giglife
[01:12:03] *** Quits SCV__ (Ping timeout: 1230 seconds)
[01:12:16] *** Joins SCV__
[01:13:54] *** Quits phigcloud (Read error: Connection reset by peer)
[01:14:07] *** Joins phigcloud
[01:19:28] <plutobot> Wiki | Page changed: Mario Kart Live: Home Circuit | User: CFSworks | https://switchbrew.org/w/index.php?curid=420&diff=10666&oldid=10626
[01:21:20] <plutobot> Wiki | Page changed: Mario Kart Live: Home Circuit | User: CFSworks | https://switchbrew.org/w/index.php?curid=420&diff=10667&oldid=10666
[01:36:27] <plutobot> Wiki | New page: RCD | User: CFSworks | https://switchbrew.org/w/index.php?curid=426
[02:47:08] *** Quits Galaxy| (Quit: Quit.)
[02:47:39] *** Joins Galaxy|
[02:48:01] *** Quits Galaxy| (Client Quit)
[02:53:33] *** Quits rjeli____ (Ping timeout: 1230 seconds)
[02:53:47] *** Joins rjeli____
[02:54:57] *** Joins Galaxy|
[03:15:43] *** Quits Galaxy| (Quit: Quit.)
[03:21:40] *** Joins Galaxy|
[03:22:09] *** Quits Galaxy| (Client Quit)
[03:53:24] *** Joins Galaxy|
[04:17:29] *** Quits Galaxy| (Quit: Quit.)
[04:35:32] *** Joins Galaxy|
[04:40:56] *** Quits Galaxy| (Quit: Quit.)
[04:49:37] *** Quits refs (Quit: refs)
[04:52:33] *** Quits rjeli____ (Ping timeout: 1230 seconds)
[04:52:46] *** Joins rjeli____
[04:59:15] *** Joins Galaxy|
[05:14:43] *** Quits SCV__ (Ping timeout: 1230 seconds)
[05:14:57] *** Joins SCV__
[05:37:22] *** Quits Galaxy| (Quit: Quit.)
[05:40:25] *** Joins Galaxy|
[06:02:59] *** Quits SCV__ (Read error: Connection timed out)
[06:09:33] *** Quits rjeli____ (Ping timeout: 1230 seconds)
[06:09:50] *** Joins rjeli____
[06:17:50] *** Joins SCV__
[06:34:46] *** Quits Galaxy| (Quit.)
[06:48:23] *** Joins Galaxy|
[07:10:22] *** Quits Galaxy| (Quit: Quit.)
[07:11:29] *** Joins Galaxy|
[07:14:53] *** Quits SCV__ (Ping timeout: 1230 seconds)
[07:15:06] *** Joins SCV__
[07:16:01] *** Quits Galaxy| (Client Quit)
[07:20:14] *** Joins Galaxy|
[07:24:29] *** Quits Galaxy| (Read error: Operation timed out)
[07:37:54] *** Joins Galaxy|
[08:14:56] *** Quits foghorn2 (Quit: Leaving)
[08:15:36] *** Joins DacoTaco
[08:26:16] *** Quits Galaxy| (Quit: Quit.)
[08:27:57] *** Joins Galaxy|
[08:36:17] *** Quits Galaxy| (Quit: Quit.)
[08:39:11] *** Joins Galaxy|
[08:39:28] *** Quits SCV__ (Ping timeout: 1230 seconds)
[08:39:41] *** Joins SCV__
[08:43:48] *** Quits Galaxy| (Client Quit)
[08:44:45] *** Joins Galaxy|
[08:50:56] *** Quits Galaxy| (Quit: Quit.)
[08:53:49] *** Joins Galaxy|
[10:11:55] *** Quits fgsfds (Leaving)
[10:32:32] *** Quits Galaxy| (Quit: Quit.)
[10:52:08] *** Joins Galaxy|
[10:59:29] *** Quits Galaxy| (Quit: Quit.)
[11:11:31] *** Joins theKlanc
[11:27:22] *** Joins Galaxy|
[11:49:09] *** Quits Galaxy| (Quit: Quit.)
[16:18:48] *** Joins Galaxy|
[16:20:12] *** Quits Galaxy| (Client Quit)
[16:51:26] *** Joins Galaxy|
[17:22:22] *** Joins fgsfds
[19:03:05] *** Joins derk0pf
[19:28:52] *** Joins figgis_
[19:36:21] *** Quits fgsfds (Read error: Operation timed out)
[20:31:05] *** Parts des^ (The Lounge - https://thelounge.github.io)
[21:19:51] *** Quits derk0pf (Ping timeout: 744 seconds)
