[00:12:07] *** Quits nullstri1 (Read error: Operation timed out)
[00:15:52] *** Joins nullstrin
[01:41:09] *** Joins foghorn
[02:10:55] *** Joins refs
[04:30:05] *** Quits mafcadio5 (Quit: mafcadio5)
[04:35:53] *** Quits refs (Quit: refs)
[04:54:13] *** Quits jn_ (Read error: Connection reset by peer)
[04:57:28] *** Joins SCV___
[05:02:20] *** Joins jn
[05:04:28] *** Quits rjeli____ (Ping timeout: 1230 seconds)
[05:06:46] *** Quits SCV__ (Read error: Connection timed out)
[05:11:04] *** Joins rjeli____
[05:18:06] *** SCV___ is now known as SCV__
[08:51:53] *** Quits figgis_ (Read error: Connection reset by peer)
[12:00:50] *** Quits Snetry (Read error: Operation timed out)
[12:12:21] *** Joins m4ts
[12:12:28] *** Quits m4ts_ (Ping timeout: 265 seconds)
[14:27:07] *** Quits SCV__ (Read error: Connection reset by peer)
[14:27:08] *** Quits nohit (Read error: No route to host)
[14:27:17] *** Quits Pieman (Read error: Connection reset by peer)
[14:28:30] *** Quits refsw3 (Quit: refsw3)
[14:28:34] *** Joins SCV__
[14:28:35] *** Joins nohit
[14:30:53] *** Quits d3m3vilur (Read error: Operation timed out)
[14:31:46] *** Quits phigcloud (Read error: Operation timed out)
[14:33:40] *** Joins refsw
[14:50:28] *** Joins Pieman
[14:50:35] *** Joins d3m3vilur
[14:50:36] *** Joins phigcloud
[15:03:54] *** Joins Snetry
[16:26:26] *** Joins fgsfds
[18:50:48] *** Quits Stary (Ping timeout: 265 seconds)
[18:57:02] *** Quits m4ts (Ping timeout: 265 seconds)
[18:57:02] *** Joins Stary
[18:58:31] *** Joins m4ts
[21:25:24] *** Quits Stary (Ping timeout: 265 seconds)
[21:34:34] *** Joins Stary
