[00:13:36] *** Joins TAL_
[00:13:47] *** Joins MasterGK
[00:17:07] *** Joins Stary_
[00:17:55] *** Joins fincs_
[00:20:54] *** Quits Stary (se.hub irc.underworld.no)
[00:20:54] *** Quits m4ts (se.hub irc.underworld.no)
[00:20:54] *** Quits lemmu (se.hub irc.underworld.no)
[00:20:54] *** Quits Ghabry (se.hub irc.underworld.no)
[00:20:54] *** Quits fincs (se.hub irc.underworld.no)
[00:20:54] *** Quits WntrMute (se.hub irc.underworld.no)
[00:20:54] *** Quits TAL (se.hub irc.underworld.no)
[00:20:58] *** Quits SCV__ (Read error: Connection reset by peer)
[00:22:25] *** Joins SCV__
[00:22:36] *** Joins WntrDeaf
[00:32:19] *** Joins lemmy-
[00:33:06] *** Joins m4ts
[00:36:05] *** WntrDeaf is now known as WntrMute
[00:36:24] *** fincs_ is now known as fincs
[00:59:42] *** Quits SCV__ (Read error: Connection timed out)
[01:13:03] *** Joins SCV__
[02:27:42] *** Quits Galaxy| (Quit: Quit.)
[02:30:40] *** Joins Galaxy|
[02:31:06] *** Quits Galaxy| (Client Quit)
[02:35:45] *** Joins Galaxy|
[02:42:22] *** Quits Galaxy| (Quit: Quit.)
[02:43:43] *** Joins Galaxy|
[02:44:14] *** Quits Galaxy| (Client Quit)
[02:48:00] *** Joins Galaxy|
[02:54:20] *** Quits Galaxy| (Quit: Quit.)
[02:57:35] *** Joins Galaxy|
[04:26:27] *** Quits SCV__ (Read error: Connection reset by peer)
[04:27:36] *** Quits Pieman (Read error: Connection reset by peer)
[04:27:45] *** Quits phigcloud (Read error: Operation timed out)
[04:27:54] *** Joins SCV__
[04:29:32] *** Quits d3m3vilur (Read error: Operation timed out)
[05:02:43] *** Quits nullstrin (Read error: Operation timed out)
[05:06:29] *** Joins nullstrin
[05:53:10] *** Joins phigcloud
[05:56:15] *** Joins Pieman
[06:01:39] *** Joins changoXPR
[06:02:26] *** Quits changO- (Read error: Operation timed out)
[06:02:26] *** changoXPR is now known as changO-
[06:03:07] *** Joins d3m3vilur
[07:20:49] *** Joins foghorn2
[07:23:23] *** Quits foghorn (Read error: Operation timed out)
[07:45:34] *** Quits lameboy (Read error: Connection reset by peer)
[08:08:28] *** Joins lameboy
[08:18:07] *** Quits lameboy (Remote host closed the connection)
[08:18:24] *** Joins lameboy
[08:37:52] *** Quits Galaxy| (Quit.)
[08:39:15] *** Quits fgsfds (Read error: Connection reset by peer)
[08:40:49] *** Joins Galaxy|
[08:45:56] *** Quits Galaxy| (Quit: Quit.)
[08:51:04] *** Joins Galaxy|
[08:51:52] *** Quits Galaxy| (Client Quit)
[08:57:12] *** Joins Galaxy|
[08:57:47] *** Quits Galaxy| (Client Quit)
[09:01:04] *** Joins zini-
[09:09:28] *** Joins Galaxy|
[09:09:43] *** Quits zini (Ping timeout: 745 seconds)
[09:12:00] *** Quits Maylay_ (Read error: Connection reset by peer)
[09:14:26] *** Joins Maylay
[09:19:50] *** Quits Galaxy| (Quit: Quit.)
[09:27:18] *** Joins Galaxy|
[10:17:46] *** TAL_ is now known as TAL
[10:51:05] *** Quits KuKzz ()
[11:02:45] *** Quits TuxSH_ (Read error: Operation timed out)
[11:06:14] *** Joins KuKzz
[11:28:51] *** Joins TuxSH
[12:07:38] *** Joins changoXPR
[12:13:07] *** Quits changO- (Read error: Operation timed out)
[12:13:08] *** changoXPR is now known as changO-
[12:30:44] *** Joins n87
[13:08:31] *** Quits Pieman (Read error: Connection reset by peer)
[13:11:36] *** Quits phigcloud (Read error: Operation timed out)
[13:11:52] *** Quits d3m3vilur (Read error: Operation timed out)
[13:30:47] *** Joins n87_2
[13:34:00] *** Quits n87 (Ping timeout: 265 seconds)
[14:03:32] *** Quits MasterGK (Quit: while (!sleep) sheep++;)
[14:37:20] *** Joins Ghabry
[15:10:38] *** Joins Pieman
[16:29:22] *** Joins fgsfds
[16:36:10] *** Joins phigcloud
[16:41:11] *** Quits phigcloud (Read error: Operation timed out)
[16:43:44] *** Joins phigcloud
[16:46:27] *** Quits phigcloud (Read error: Operation timed out)
[17:05:07] *** Joins phigcloud
[17:08:18] *** Quits phigcloud (Read error: Operation timed out)
[17:27:00] *** Joins phigcloud
[17:30:19] *** Quits phigcloud (Read error: Operation timed out)
[17:48:53] *** Joins phigcloud
[17:51:59] *** Quits phigcloud (Read error: Operation timed out)
[17:54:35] <plutobot> Wiki | Page changed: Audio services | User: Hexkyz | https://switchbrew.org/w/index.php?curid=264&diff=10669&oldid=10377
[18:10:46] *** Joins phigcloud
[18:14:08] *** Quits phigcloud (Read error: Operation timed out)
[18:21:21] *** Joins phigcloud
[18:26:11] *** Quits phigcloud (Read error: Operation timed out)
[18:32:55] *** Joins phigcloud
[18:35:41] *** Quits phigcloud (Read error: Operation timed out)
[18:39:02] *** Joins rajkosto
[18:54:24] *** Joins phigcloud
[18:59:49] *** Quits rctgamer (Quit: Meh.)
[19:00:06] *** Joins rctgamer3
[19:54:03] *** Quits rajkosto (Read error: Connection reset by peer)
[20:17:30] *** Quits Pieman (Read error: Connection reset by peer)
[20:17:56] *** Joins Pieman
[20:21:11] *** Joins refs
[20:27:41] *** Joins d3m3vilur
[21:36:19] *** Quits refsw (Read error: Operation timed out)
[21:36:48] *** Joins refsw
[21:37:38] *** Quits rmaw (Read error: Operation timed out)
[21:41:23] *** Joins Sentry-
[21:42:31] *** Quits Snetry (Read error: Connection reset by peer)
[21:46:14] *** Joins blasty_
[21:46:15] *** Quits blasty (Read error: Connection reset by peer)
[21:48:18] *** Joins rmaw
[21:48:53] *** Quits thomasnet (Ping timeout: 857 seconds)
[21:50:59] *** Quits TuxSH (Connection closed)
[21:51:18] *** Joins thomasnet
[22:02:20] *** Quits theKlanc (Quit: %empty%)
[22:03:07] *** Joins klanc
[23:02:21] *** Quits n87_2 (Read error: Connection reset by peer)
[23:34:00] <plutobot> Wiki | Page changed: Mario Kart Live: Home Circuit | User: CFSworks | https://switchbrew.org/w/index.php?curid=420&diff=10670&oldid=10667
[23:48:13] <plutobot> Wiki | Page changed: WLAN services | User: yls8 | https://switchbrew.org/w/index.php?curid=324&diff=10671&oldid=10330
