[00:11:48] *** Quits n87_2 (Read error: Connection reset by peer)
[00:29:42] *** Joins changoXPR
[00:29:42] *** Quits changoXPR (Excess Flood)
[00:29:48] *** Joins changoXPR
[00:32:57] *** Quits changO- (Ping timeout: 496 seconds)
[00:32:57] *** changoXPR is now known as changO-
[00:48:26] *** Quits um-velho- (Leaving)
[00:48:44] *** Joins Normmatt_
[00:49:58] *** Quits Normmatt (Quit: ZNC - http://znc.in)
[00:49:58] *** Normmatt_ is now known as Normmatt
[00:50:12] *** Quits rctgamer3 (Quit: Meh.)
[00:50:12] *** Quits uyjulian (Quit: ZNC - http://znc.in)
[00:50:12] *** Quits Phils3r_ (Write error: Broken pipe)
[00:50:13] *** Quits sh0e (Write error: Broken pipe)
[00:50:13] *** Quits ave_7 (Write error: Broken pipe)
[00:50:29] *** Joins rctgamer3
[00:50:29] *** Joins Phils3r
[00:50:42] *** Joins uyjulian
[00:53:09] *** Joins sh0e
[01:25:19] *** Quits changO- (Read error: Connection reset by peer)
[01:29:39] *** Joins changO-
[01:40:26] *** Quits refs (Ping timeout: 258 seconds)
[01:45:24] <plutobot> Wiki | Page changed: Mario Kart Live: Home Circuit | User: CFSworks | https://switchbrew.org/w/index.php?curid=420&diff=10675&oldid=10670
[02:04:56] <plutobot> Wiki | Page changed: Mario Kart Live: Home Circuit | User: CFSworks | https://switchbrew.org/w/index.php?curid=420&diff=10676&oldid=10675
[05:22:23] <plutobot> Wiki | Page changed: Mario Kart Live: Home Circuit | User: CFSworks | https://switchbrew.org/w/index.php?curid=420&diff=10677&oldid=10676
[05:25:20] *** Quits capin4 (Read error: Connection reset by peer)
[05:41:35] <plutobot> Wiki | Page changed: Mario Kart Live: Home Circuit | User: CFSworks | https://switchbrew.org/w/index.php?curid=420&diff=10678&oldid=10677
[05:48:27] *** Quits DacoTaco (Ping timeout: 258 seconds)
[05:50:28] *** Sentry- is now known as Sentry
[05:52:40] *** Quits Pieman (Ping timeout: 258 seconds)
[05:53:01] *** Joins DacoTaco
[05:53:49] *** Quits zini- (Ping timeout: 258 seconds)
[05:56:11] *** Joins zini
[05:58:02] *** Quits plutobot (Ping timeout: 258 seconds)
[05:58:13] *** Joins plutobot
[06:03:02] *** Quits phigcloud (Read error: Operation timed out)
[06:03:31] *** Joins Pieman
[06:05:23] *** Quits rmaw (Read error: Operation timed out)
[06:06:00] *** Quits thomasnet (Read error: Operation timed out)
[06:07:23] *** Quits lex1 (Read error: Operation timed out)
[06:08:37] *** Joins phigcloud
[06:09:17] *** Quits klanc (Read error: Operation timed out)
[06:12:31] *** Quits d3m3vilur (Read error: Operation timed out)
[06:15:47] *** Quits noirscape (Read error: Operation timed out)
[06:18:07] *** Quits Sentry (Read error: Operation timed out)
[06:20:51] *** Joins klanc
[06:22:44] *** Quits blasty_ (Ping timeout: 857 seconds)
[06:25:02] *** Quits phigcloud (Ping timeout: 857 seconds)
[06:35:23] *** Quits klanc (Ping timeout: 857 seconds)
[06:48:42] *** Joins lex1
[06:48:53] *** Joins blasty
[06:48:59] *** Joins klanc
[06:49:10] *** Joins thomasnet
[06:49:43] *** Joins d3m3vilur
[06:49:50] *** Joins noirscape
[06:50:00] *** Joins Snetry
[06:50:15] *** Joins rmaw
[06:52:34] *** Joins phigcloud
[06:54:22] *** Quits GerbilSof (Read error: Connection reset by peer)
[06:55:07] *** Joins GerbilSof
[07:07:23] *** Quits m4ts (Ping timeout: 265 seconds)
[07:08:00] *** Joins m4ts
[07:16:17] *** Quits m4ts (se.hub irc.underworld.no)
[07:16:17] *** Quits fincs (se.hub irc.underworld.no)
[07:16:17] *** Quits Ghabry (se.hub irc.underworld.no)
[07:16:23] *** Quits SCV__ (Read error: Connection reset by peer)
[07:19:26] *** Joins SCV__
[08:07:02] *** Quits fgsfds (Read error: Connection reset by peer)
[09:24:34] *** Joins m4ts
[09:24:34] *** Joins fincs
[09:24:34] *** Joins Ghabry
[09:29:01] *** Quits sh0e (ircd.choopa.net irc.colosolutions.net)
[09:29:01] *** Quits foghorn2 (ircd.choopa.net irc.colosolutions.net)
[09:29:01] *** Quits WntrMute (ircd.choopa.net irc.colosolutions.net)
[09:29:01] *** Quits cpnc0ke (ircd.choopa.net irc.colosolutions.net)
[09:31:25] *** Joins sh0e
[09:31:25] *** Joins foghorn2
[09:31:25] *** Joins WntrMute
[09:31:25] *** Joins cpnc0ke
[10:32:52] *** Quits tpw_rules (Read error: Operation timed out)
[10:33:11] *** Joins tpw_rules
[11:16:17] *** Joins n87
[11:24:24] *** Joins n87_2
[11:27:33] *** Quits n87 (Ping timeout: 265 seconds)
[13:20:39] *** Quits n87_2 (Ping timeout: 265 seconds)
[13:29:04] *** Joins n87
[13:52:41] *** Quits changO- (Read error: Connection reset by peer)
[13:53:43] *** Joins changO-
[13:53:43] *** Quits changO- (Excess Flood)
[13:53:48] *** Joins changO-
[14:30:10] *** Quits n87 (Ping timeout: 604 seconds)
[14:47:14] *** Joins n87
[16:59:23] *** Joins fgsfds
[17:05:09] *** Joins n87_2
[17:09:16] *** Quits n87 (Ping timeout: 265 seconds)
[17:29:12] *** Joins n87
[17:30:32] *** Quits n87_2 (Ping timeout: 265 seconds)
[19:36:31] <plutobot> Wiki | Page changed: System Version Title | User: Zachycatgames | https://switchbrew.org/w/index.php?curid=116&diff=10679&oldid=10455
[21:46:22] *** Joins capin
[22:15:56] *** Joins IShaDoWl
[22:16:14] *** Quits IShaDoWl (Client Quit)
