[00:25:37] *** Quits Tcm0 (Leaving)
[00:30:18] *** Quits SCV__ (Ping timeout: 1230 seconds)
[00:30:31] *** Joins SCV__
[00:57:12] *** Quits n87 (Read error: Connection reset by peer)
[03:52:08] *** Quits SCV__ (Ping timeout: 1230 seconds)
[03:52:25] *** Joins SCV__
[04:35:26] *** Quits refs (Quit: refs)
[05:17:20] *** Quits fgsfds (Read error: Connection reset by peer)
[05:32:28] *** Quits SCV__ (Ping timeout: 1230 seconds)
[05:32:41] *** Joins SCV__
[05:44:51] *** Parts nullstrin ()
[06:23:46] *** Joins SCV___
[06:27:31] *** Joins SCV____
[06:31:33] *** Joins SCV_____
[06:31:49] *** Quits rjeli____ (Read error: Connection reset by peer)
[06:34:47] *** Joins rjeli____
[06:38:23] *** Quits rjeli____ (Read error: Connection reset by peer)
[06:38:32] *** Joins rjeli____
[06:38:58] *** Quits SCV__ (Ping timeout: 1230 seconds)
[06:44:48] *** Quits SCV___ (Read error: Connection timed out)
[06:48:50] *** Quits SCV____ (Read error: Connection timed out)
[06:48:50] *** SCV_____ is now known as SCV____
[06:58:06] *** Quits rjeli____ (Read error: Connection timed out)
[06:58:41] *** Joins rjeli____
[09:30:46] *** Quits foghorn (Ping timeout: 604 seconds)
[09:43:20] *** Joins derk0pf
[10:02:25] *** Joins Tcm0
[10:08:17] *** Joins derk0pf_
[10:11:37] *** Quits derk0pf (Ping timeout: 496 seconds)
[12:12:52] *** Quits m4ts (Ping timeout: 265 seconds)
[12:13:27] *** Joins m4ts
[12:19:55] *** Joins n87
[12:24:10] *** Quits ihaveamac (Quit: fail)
[12:25:32] *** Joins ihaveamac
[12:36:28] *** Joins n87_2
[12:39:56] *** Quits n87 (Ping timeout: 265 seconds)
[12:54:41] *** Quits derk0pf_ (Read error: Connection reset by peer)
[13:06:18] *** Quits rjeli____ (Ping timeout: 1230 seconds)
[13:06:31] *** Joins rjeli____
[13:14:00] *** Joins n87_3
[13:17:09] *** Quits n87_2 (Ping timeout: 265 seconds)
[13:32:48] *** Joins derk0pf
[13:53:22] *** Quits derk0pf (Ping timeout: 1216 seconds)
[14:06:47] *** Joins fgsfds
[14:26:11] *** Joins n87_2
[14:29:10] *** Quits n87_3 (Ping timeout: 265 seconds)
[14:56:29] *** Joins n87_3
[15:00:06] *** Quits n87_2 (Ping timeout: 265 seconds)
[15:17:55] *** Quits Tcm0 (Leaving)
[15:24:29] *** Joins n87_2
[15:24:35] *** Joins derk0pf
[15:27:39] *** Quits n87_3 (Ping timeout: 265 seconds)
[15:47:50] *** Quits fgsfds (Read error: Connection reset by peer)
[15:48:18] *** Joins fgsfds
[16:07:17] *** Quits derk0pf (Ping timeout: 265 seconds)
[17:02:36] *** Joins foghorn
[17:36:44] *** Joins um-velho-
[17:39:42] *** Quits foghorn (Ping timeout: 604 seconds)
[18:29:46] <plutobot> GitHub | New commit | User: yellows | https://github.com/switchbrew/switch-examples/commit/e423a0ab0e
[19:20:13] *** Quits Summeli (Ping timeout: 745 seconds)
[20:21:32] *** Joins refs
[20:41:53] *** Quits rjeli____ (Ping timeout: 1230 seconds)
[20:42:10] *** Joins rjeli____
[21:18:31] *** Joins n87_3
[21:22:25] *** Quits n87_2 (Ping timeout: 265 seconds)
