[01:13:22] *** Quits Generic (Ping timeout: 604 seconds)
[01:48:55] *** Joins Generic
[02:31:50] *** Quits refs (Quit: refs)
[02:36:13] *** Quits rjeli____ (Ping timeout: 1230 seconds)
[02:36:27] *** Joins rjeli____
[03:21:02] *** Quits Generic (Quit: Generic)
[04:30:35] *** Quits plutobot (Ping timeout: 258 seconds)
[04:31:44] *** Quits DacoTaco (Ping timeout: 258 seconds)
[04:31:44] *** Quits madk (Ping timeout: 258 seconds)
[05:14:45] *** Joins plutobot
[05:15:16] *** Joins madk
[05:15:52] *** Quits GerbilSof (Quit: Windows must now restart because the Remote Procedure Call (RPC) service terminated unexpectedly.)
[05:17:52] *** Joins DacoTaco
[05:35:53] *** Quits rjeli____ (Ping timeout: 1230 seconds)
[05:36:06] *** Joins rjeli____
[06:29:06] <plutobot> Wiki | New page: User talk:Hallowizer | User: Hallowizer NOTFOREDITS | https://switchbrew.org/w/index.php?curid=427
[07:02:54] *** Joins |Shadow|_
[07:05:36] *** Quits fgsfds (Read error: Connection reset by peer)
[07:07:28] *** Quits |Shadow| (Ping timeout: 745 seconds)
[07:07:43] *** |Shadow|_ is now known as |Shadow|
[07:20:06] *** Quits |Shadow| (Write error: Connection reset by peer)
[07:23:16] *** Joins GerbilSof
[07:33:48] *** Quits averne (quit)
[07:36:05] *** Joins averne
[07:36:05] *** Server sets mode: +stn 
[07:50:07] *** Quits Maylay (Ping timeout: 265 seconds)
[07:52:58] *** Quits rjeli____ (Ping timeout: 1230 seconds)
[07:53:11] *** Joins rjeli____
[07:54:24] *** Joins Maylay
[09:21:03] *** Quits CCFL_Man (Read error: Connection reset by peer)
[09:25:16] *** Joins CCFL_Man
[10:28:44] *** Joins refsw3
[10:31:24] *** Quits refsw2 (Read error: Operation timed out)
[10:32:20] *** Quits TuxSH (Read error: Operation timed out)
[10:33:34] *** Quits phigcloud (Read error: Operation timed out)
[10:35:06] *** Joins phigcloud
[10:38:33] *** Joins TuxSH
[10:39:35] *** Joins |Shadow|
[10:47:11] *** Quits Ghabry (Ping timeout: 265 seconds)
[10:47:59] *** Quits CCFL_Man (Ping timeout: 265 seconds)
[10:48:33] *** Joins Behemoth
[10:48:57] *** Quits Behemoth_ (Ping timeout: 265 seconds)
[10:51:06] *** Joins Ghabry
[10:55:31] *** Joins CCFL_Man
[10:56:51] *** Quits giglife (Read error: Operation timed out)
[10:56:51] *** Quits yls8bot (Read error: Operation timed out)
[10:59:09] *** Quits Lightswor (Read error: Operation timed out)
[10:59:50] *** Quits Kyouju (Read error: Operation timed out)
[10:59:58] *** Quits TurtleP_ (Read error: Operation timed out)
[11:00:01] *** Joins TurtleP
[11:01:34] *** Quits yellows8 (Read error: Operation timed out)
[11:10:03] *** Joins Behemoth_
[11:10:03] *** Quits Behemoth (Read error: Connection reset by peer)
[11:14:13] *** Quits rjeli____ (Ping timeout: 1230 seconds)
[11:14:26] *** Joins rjeli____
[11:17:40] *** Quits noirscape (Read error: Operation timed out)
[11:17:41] *** Quits TuxSH (Read error: Connection reset by peer)
[11:18:47] *** Quits phigcloud (Read error: Operation timed out)
[11:22:18] *** Quits KuKzz (Read error: Operation timed out)
[11:22:43] *** Joins KuKzz
[11:24:32] *** Quits blasty (Read error: Connection reset by peer)
[11:26:07] *** Joins phigcloud
[11:26:31] *** Joins TuxSH
[11:27:26] *** Joins noirscape
[11:28:36] *** Quits d3m3vilur (Read error: Operation timed out)
[11:29:51] *** Joins Lightswor
[11:29:51] *** Joins giglife
[11:30:23] *** Joins blasty
[11:31:00] *** Joins Kyouju
[11:31:54] *** Joins yls8bot
[11:32:32] *** Joins d3m3vilur
[11:32:47] *** Joins yellows8
[11:32:47] *** WntrMute sets mode: +o yellows8
[12:07:34] *** Joins j0hny5
[12:48:34] *** Joins derk0pf
[12:53:43] *** Quits ris2z (Excess Flood)
[12:54:26] *** Joins ris2z
[13:45:26] <plutobot> Wiki | Page changed: Error codes | User: ByLaws | https://switchbrew.org/w/index.php?curid=82&diff=10698&oldid=10695
[13:47:52] *** Quits derk0pf (Read error: Connection reset by peer)
[13:48:47] *** Joins derk0pf
[13:58:05] *** Joins derk0pf_
[14:05:46] *** Quits derk0pf (Read error: Operation timed out)
[14:43:35] *** Joins Summeli
[14:52:36] *** Joins derk0pf
[14:57:46] *** Joins derk0pf__
[14:59:59] *** Quits derk0pf_ (Read error: Operation timed out)
[15:04:18] *** Quits derk0pf (Read error: Operation timed out)
[15:43:38] *** Quits GerbilSof (Quit: Windows must now restart because the Remote Procedure Call (RPC) service terminated unexpectedly.)
[15:48:14] *** Joins GerbilSof
[15:49:51] *** Joins fgsfds
[15:52:18] *** Quits derk0pf__ (Read error: Operation timed out)
[16:35:28] *** Quits DacoTaco (Ping timeout: 258 seconds)
[16:37:40] *** Joins DacoTaco
[17:02:05] *** Joins pOOBAH
[17:02:26] *** Quits pOOBAH (Remote host closed the connection)
[18:58:52] *** Joins n87
[19:05:34] *** Joins n87_2
[19:08:43] *** Quits n87 (Ping timeout: 265 seconds)
[20:18:10] *** Joins derk0pf
[20:23:56] *** Quits derk0pf (Ping timeout: 258 seconds)
[20:24:29] *** Joins derk0pf
[20:28:55] *** Quits derk0pf (Ping timeout: 258 seconds)
[20:41:48] *** Quits rjeli____ (Ping timeout: 1230 seconds)
[20:42:01] *** Joins rjeli____
[22:05:13] *** Quits |Shadow| (Read error: Connection reset by peer)
[22:12:14] *** Joins |Shadow|
[22:12:58] *** Quits |Shadow| (Read error: Connection reset by peer)
[22:16:16] *** Joins refs
[22:16:53] *** Quits rjeli____ (Ping timeout: 1230 seconds)
[22:17:06] *** Joins rjeli____
[22:53:49] *** Joins |Shadow|
[22:54:43] *** Quits n87_2 (Read error: Connection reset by peer)
[22:58:01] *** Quits |Shadow| (Read error: Connection reset by peer)
[23:04:30] *** Joins |Shadow|
[23:46:20] *** Joins |Shadow|_
[23:50:13] *** Quits |Shadow| (Ping timeout: 745 seconds)
