[00:20:16] *** Joins Kyouju-
[00:20:16] *** Quits Kyouju (Read error: Connection reset by peer)
[00:20:25] *** Kyouju- is now known as Kyouju
[00:54:23] *** Quits |Shadow|_ (Ping timeout: 745 seconds)
[01:06:09] *** Joins |Shadow|
[01:53:20] *** Joins |Shadow|_
[01:58:33] *** Quits |Shadow| (Ping timeout: 745 seconds)
[02:06:08] *** Quits |Shadow|_ (Ping timeout: 745 seconds)
[02:07:10] *** Joins |Shadow|
[02:08:28] *** Quits rjeli____ (Ping timeout: 1230 seconds)
[02:15:39] *** Joins rjeli____
[02:30:38] *** Quits |Shadow| (Ping timeout: 745 seconds)
[02:33:32] *** Joins |Shadow|
[02:34:11] *** Quits refs (Quit: refs)
[02:44:10] *** Joins rctgamer
[02:44:10] *** Quits rctgamer3 (Read error: Connection reset by peer)
[04:12:36] *** Joins rctgamer3
[04:12:52] *** Quits jn (Read error: Connection reset by peer)
[04:15:46] *** Quits mid-kid1 (Read error: Connection reset by peer)
[04:16:05] *** Joins mid-kid1
[04:20:18] *** Quits rctgamer (Ping timeout: 615 seconds)
[04:31:59] <plutobot> Wiki | Page changed: Error codes | User: SciresM | https://switchbrew.org/w/index.php?curid=82&diff=10699&oldid=10698
[04:34:53] *** Quits Summeli (Ping timeout: 745 seconds)
[04:56:26] *** Quits rctgamer3 (Quit: Meh.)
[05:17:33] *** Quits uyjulian (Quit: ZNC - http://znc.in)
[05:19:37] *** Joins uyjulian
[06:35:38] *** Quits |Shadow| (Ping timeout: 745 seconds)
[06:57:07] *** Joins |Shadow|
[06:59:16] *** Joins balrog_
[07:02:28] *** Quits balrog (Ping timeout: 745 seconds)
[07:02:28] *** balrog_ is now known as balrog
[07:10:03] *** Quits |Shadow| (Ping timeout: 745 seconds)
[07:19:08] *** Joins |Shadow|
[07:20:14] *** Quits fgsfds (Leaving)
[07:44:03] *** Joins |Shadow|_
[07:47:23] *** Quits |Shadow| (Ping timeout: 745 seconds)
[08:02:58] *** |Shadow|_ is now known as |Shadow|
[08:36:19] *** Quits balrog (Read error: Operation timed out)
[08:36:36] *** Joins balrog
[08:37:39] *** Quits rmaw (Read error: Operation timed out)
[08:39:01] *** Quits thomasnet (Read error: Operation timed out)
[08:39:40] *** Quits blasty (Read error: Connection reset by peer)
[08:39:50] *** Joins thomasnet
[08:40:36] *** Quits d3m3vilur (Read error: Operation timed out)
[08:42:22] *** Quits phigcloud (Read error: Operation timed out)
[08:44:38] *** Joins phigcloud
[08:44:40] *** Joins blasty
[08:45:42] *** Joins d3m3vilur
[08:54:51] *** Quits blasty (Remote host closed the connection)
[08:54:51] *** Quits Snetry (Read error: Connection reset by peer)
[09:05:49] *** Quits phigcloud (Read error: Operation timed out)
[09:05:49] *** Quits lex1 (Read error: Connection reset by peer)
[09:06:11] *** Quits d3m3vilur (Read error: Operation timed out)
[09:07:04] *** Joins lex1
[09:08:54] *** Joins rmaw
[09:09:07] *** Joins Snetry
[09:09:52] *** Joins phigcloud
[09:10:30] *** Joins d3m3vilur
[09:13:35] *** Joins blasty
[10:32:36] *** Joins Behemoth
[10:34:20] *** Quits Behemoth_ (Read error: Operation timed out)
[10:37:47] *** Quits Lightswor (Read error: Connection reset by peer)
[10:42:44] *** Joins Lightswor
[10:47:59] *** Quits DacoTaco (Ping timeout: 258 seconds)
[10:48:25] *** Joins DacoTaco
[10:57:33] *** Quits DacoTaco (Ping timeout: 258 seconds)
[10:58:26] *** Joins DacoTaco
[11:02:30] *** Quits Lightswor (Ping timeout: 376 seconds)
[11:02:35] *** Quits Kyouju (Read error: Connection reset by peer)
[11:11:52] *** Quits yls8bot (Read error: Operation timed out)
[11:18:50] *** Joins Lightswor
[11:18:56] *** Joins Kyouju
[11:19:17] *** Joins yls8bot
[11:19:21] *** yellows8 sets mode: +o yls8bot
[11:55:14] *** Quits yls8bot (Ping timeout: 1216 seconds)
[11:55:35] *** Quits Lightswor (Read error: Connection reset by peer)
[12:14:49] *** Joins derk0pf
[12:31:31] *** Joins yls8bot
[12:32:12] *** Joins Lightswor
[12:32:13] *** yellows8 sets mode: +o yls8bot
[12:33:41] *** Joins derk0pf_
[12:39:53] *** Quits derk0pf (Ping timeout: 744 seconds)
[13:15:30] *** Quits derk0pf_ (Read error: Connection reset by peer)
[13:44:04] *** Joins derk0pf
[14:14:11] *** Quits derk0pf (Ping timeout: 501 seconds)
[15:31:57] *** Joins derk0pf
[16:46:31] *** Joins derk0pf_
[16:47:55] *** Quits derk0pf (Ping timeout: 258 seconds)
[16:49:51] *** Quits m4ts (Ping timeout: 265 seconds)
[16:50:06] *** Joins m4ts
[16:53:20] *** Joins m4ts_
[16:54:52] *** Quits derk0pf_ (Read error: Operation timed out)
[16:56:37] *** Quits m4ts (Ping timeout: 265 seconds)
[16:59:02] *** Quits m4ts_ (Ping timeout: 265 seconds)
[17:01:32] *** Joins m4ts
[17:15:41] <Behemoth> yellows8 are you ok with style feedback on the PR at this stage?
[17:19:27] *** Joins derk0pf
[18:17:36] *** Joins derk0pf_
[18:21:07] *** Quits derk0pf (Read error: Operation timed out)
[18:52:08] *** Quits derk0pf_ (Ping timeout: 265 seconds)
[19:47:57] *** Joins n87
[20:29:49] <plutobot> Wiki | Page changed: TSEC | User: Vale | https://switchbrew.org/w/index.php?curid=199&diff=10700&oldid=10673
[20:39:37] *** Joins rajkosto
[20:46:43] *** Quits |Shadow| (Ping timeout: 745 seconds)
[21:09:01] *** Joins |Shadow|
[21:41:43] *** Joins refs
[22:08:09] *** Quits |Shadow| (Read error: Connection reset by peer)
[22:15:58] *** Quits cpncok3 (Ping timeout: 745 seconds)
[22:16:55] *** Joins cpncok3
[22:17:22] *** Joins |Shadow|
[22:21:44] *** Quits |Shadow| (Read error: Connection reset by peer)
[22:23:22] *** Quits n87 (Read error: Connection reset by peer)
[22:32:55] *** Joins |Shadow|
[22:35:13] *** Quits |Shadow| (Read error: Connection reset by peer)
[22:49:31] *** Joins flotwig
