[00:10:53] *** Quits flotwig (Ping timeout: 745 seconds)
[00:21:22] <yellows8> ?
[01:15:36] *** Joins |Shadow|
[01:44:23] *** Joins |Shadow|_
[01:44:32] *** Quits |Shadow|_ (Excess Flood)
[01:44:34] *** Quits |Shadow| (Read error: Operation timed out)
[01:52:55] *** Joins |Shadow|
[01:54:25] *** Quits rajkosto (Read error: Connection reset by peer)
[02:32:30] *** Quits refs (Quit: refs)
[04:10:29] *** Quits |Shadow| (Read error: Operation timed out)
[06:28:09] *** Joins |Shadow|
[06:31:15] *** Quits |Shadow| (Client Quit)
[06:37:47] *** Joins |Shadow|
[09:07:44] *** Joins zini-
[09:07:44] *** Quits zini (Read error: Connection reset by peer)
[09:55:37] *** Quits tpw_rules (Read error: Operation timed out)
[09:55:54] *** Joins tpw_rules
[09:56:58] *** Snetry is now known as Sentry
[09:58:03] *** Joins KuKzz_
[10:00:57] *** Quits ihaveamac (Ping timeout: 496 seconds)
[10:01:29] *** Quits KuKzz (Ping timeout: 496 seconds)
[10:01:52] *** Quits Cu3PO42 (Read error: Operation timed out)
[10:51:54] *** Joins Cu3PO42
[10:54:33] *** Joins ihaveamac
[11:08:07] *** Joins KuKzz
[11:10:20] *** Quits GerbilSof (Read error: Operation timed out)
[11:10:29] *** Quits balrog (Read error: Operation timed out)
[11:10:50] *** Joins GerbilSof
[11:11:04] *** Quits noirscape (Read error: Operation timed out)
[11:11:16] *** Quits lex1 (Read error: Operation timed out)
[11:11:40] *** Quits rmaw (Read error: Operation timed out)
[11:12:09] *** Quits KuKzz_ (Ping timeout: 530 seconds)
[11:12:09] *** Quits TurtleP (Ping timeout: 314 seconds)
[11:12:20] *** Joins TurtleP
[11:12:40] *** Quits Behemoth (Read error: Operation timed out)
[11:13:11] *** Joins balrog
[11:13:16] *** Quits TuxSH (Read error: Operation timed out)
[11:13:34] *** Joins capin1
[11:13:42] *** Joins TuxSH
[11:13:46] *** Quits capin (Read error: Connection reset by peer)
[11:13:46] *** Quits Cu3PO42 (Ping timeout: 313 seconds)
[11:13:46] *** Quits cpnc0ke (Ping timeout: 530 seconds)
[11:13:53] *** Joins Behemoth
[11:14:19] *** Quits d3m3vilur (Read error: Operation timed out)
[11:14:19] *** Joins cpnc0ke
[11:14:20] *** Joins sh0e-
[11:14:35] *** Joins d3m3vilur
[11:15:25] *** Quits AlexAltea (Ping timeout: 316 seconds)
[11:15:25] *** Quits fincs (Ping timeout: 316 seconds)
[11:15:25] *** Quits WntrMute (Ping timeout: 316 seconds)
[11:15:32] *** Joins WntrMute
[11:15:36] *** yls8bot sets mode: +o WntrMute
[11:15:46] *** Quits DacoTaco (Ping timeout: 258 seconds)
[11:15:59] *** Quits thomasnet (Read error: Connection reset by peer)
[11:16:05] *** Joins Cu3PO42
[11:16:55] *** Quits zini- (Ping timeout: 258 seconds)
[11:17:03] *** Quits sh0e (Ping timeout: 317 seconds)
[11:17:41] *** Quits refsw3 (Ping timeout: 258 seconds)
[11:17:41] *** Quits madk (Ping timeout: 258 seconds)
[11:17:41] *** Quits plutobot (Ping timeout: 258 seconds)
[11:18:08] *** Joins fincs
[11:18:13] *** Quits freundTec (Ping timeout: 745 seconds)
[11:18:40] *** Quits klanc (Read error: Operation timed out)
[11:19:03] *** Quits blasty (Read error: Connection reset by peer)
[11:21:21] *** Joins zini
[11:21:26] *** Joins refsw3
[11:22:17] *** Joins freundTec
[11:23:39] *** Quits tpw_rules (Ping timeout: 622 seconds)
[11:24:44] *** Joins lex1
[11:31:56] *** Joins tpw_rules
[11:32:46] *** Quits Genolo (Read error: Operation timed out)
[11:34:11] *** Joins klanc
[11:34:20] *** Quits d3m3vilur (Read error: Operation timed out)
[11:35:32] *** Quits j0hny5 (Ping timeout: 622 seconds)
[11:38:20] *** Joins Snetry
[11:38:25] *** Joins TuxSH_
[11:38:25] *** Quits TuxSH (Read error: Operation timed out)
[11:38:51] *** Quits Sentry (Read error: Connection reset by peer)
[11:38:51] *** Snetry is now known as Sentry
[11:38:52] *** Joins noirscape
[11:38:59] *** Joins d3m3vilur
[11:39:02] *** Joins rmaw
[11:39:02] *** Joins thomasnet
[11:39:53] *** Joins blasty
[11:41:07] *** Joins Genolo
[11:41:40] *** Joins j0hny5
[11:47:26] *** Joins freundTe-
[11:47:58] *** Quits freundTec (Ping timeout: 745 seconds)
[11:52:38] *** Quits cpnc0ke (Ping timeout: 745 seconds)
[11:53:46] *** Joins cpnc0ke
[12:01:22] *** Joins plutobot
[12:01:42] *** Joins DacoTaco
[12:01:44] *** Joins madk
[12:05:33] *** Joins AlexAltea
[12:50:54] *** Quits |Shadow| (Ping timeout: 1216 seconds)
[13:06:16] <plutobot> Wiki | Page changed: Mario Kart Live: Home Circuit | User: CFSworks | https://switchbrew.org/w/index.php?curid=420&diff=10701&oldid=10696
[13:08:37] *** Quits nohit (Remote host closed the connection)
[13:19:12] <plutobot> Wiki | Page changed: Mario Kart Live: Home Circuit | User: CFSworks | https://switchbrew.org/w/index.php?curid=420&diff=10702&oldid=10701
[13:20:46] *** Joins nohit
[13:49:32] *** Joins |Shadow|
[13:52:31] *** Quits |Shadow| (Client Quit)
[13:53:11] *** Joins |Shadow|
[14:07:28] *** Joins flagrama
[14:10:44] *** Joins changoXPR
[14:12:36] *** Quits changO- (Ping timeout: 265 seconds)
[14:12:36] *** changoXPR is now known as changO-
[14:17:53] *** Quits hexkyz (Ping timeout: 745 seconds)
[14:18:13] *** Joins hexkyz
[14:22:15] *** Joins fgsfds
[14:36:18] *** Quits lilibox (Remote host closed the connection)
[14:42:23] *** Quits hexkyz (Ping timeout: 745 seconds)
[14:42:43] *** Joins hexkyz
[16:20:42] *** Quits GerbilSof (Ping timeout: 265 seconds)
[16:26:51] *** Joins GerbilSof
[17:41:48] *** Joins |Shadow|_
[17:42:37] *** Quits |Shadow| (Read error: Operation timed out)
[17:52:37] *** Joins Retr0id
[18:15:29] *** Quits madk (Quit: ZNC 1.7.1 - https://znc.in)
[18:16:17] *** Joins madk
[19:09:11] *** Quits |Shadow|_ (Read error: Connection reset by peer)
[19:20:22] *** Joins |Shadow|
[20:23:30] *** Quits noirscape (Read error: Operation timed out)
[20:30:50] *** Joins |Shadow|_
[20:31:56] *** Quits |Shadow| (Read error: Operation timed out)
[20:39:48] *** Joins Generic
[20:40:05] <Generic> to what degree can deko3d be used from multiple threads?
[20:40:34] <Generic> I know the primer suggests to collect draw lists from multiple threads
[23:10:20] *** |Shadow|_ is now known as |Shadow|
[23:14:56] *** Quits |Shadow| ()
[23:15:17] *** Joins |Shadow|
