[00:00:02] *** Joins GerbilSof
[00:22:49] *** Quits n87_2 (Read error: Connection reset by peer)
[00:53:13] <Heimskr> I don't need the format of StoreData anymore; I figured out how to do things without it :)
[02:04:47] *** Quits uyjulian (Quit: ZNC - http://znc.in)
[02:05:04] *** Joins uyjulian
[02:42:25] *** Joins oreo639
[02:46:15] *** Quits oreo639 (Remote host closed the connection)
[02:59:35] *** Joins oreo639
[03:12:01] *** Quits oreo639 (Read error: Operation timed out)
[04:26:32] *** Joins oreo639
[04:44:58] *** Quits refs (Quit: refs)
[06:28:13] *** Joins oreo639_
[06:33:56] *** Quits oreo639 (Read error: Operation timed out)
[07:13:33] *** Quits fgsfds (Leaving)
[07:45:57] *** Quits oreo639_ (Quit: Quit)
[07:46:21] *** Joins oreo639
[11:01:16] *** Quits oreo639 (Remote host closed the connection)
[11:02:33] *** Joins oreo639
[11:30:33] *** Quits oreo639 (Read error: Operation timed out)
[12:12:16] *** Joins m4ts_
[12:13:45] *** Quits m4ts (Ping timeout: 265 seconds)
[12:49:21] *** Joins fgsfds
[14:07:43] *** Joins n87
[14:17:09] *** Quits |Shadow| (Read error: Operation timed out)
[14:17:28] *** Joins |Shadow|
[15:13:36] <plutobot> Wiki | Page changed: Product Information | User: Zachycatgames | https://switchbrew.org/w/index.php?curid=384&diff=10705&oldid=10132
[15:53:17] *** Joins foghorn
[16:47:53] *** Joins DeusQain
[16:52:38] *** Quits DeusQain_ (Ping timeout: 745 seconds)
[17:14:21] *** Quits ave_7 (Remote host closed the connection)
[17:17:17] <plutobot> Wiki | Page changed: Fuses | User: Hexkyz | https://switchbrew.org/w/index.php?curid=186&diff=10706&oldid=10482
[18:06:05] *** Quits foghorn (Read error: Connection reset by peer)
[19:33:43] *** Joins n87_2
[19:36:58] *** Quits n87 (Ping timeout: 265 seconds)
[20:09:45] *** Joins ave_7
[21:43:33] *** Joins refs
[23:56:34] <plutobot> Wiki | Page changed: System Version Title | User: Zachycatgames | https://switchbrew.org/w/index.php?curid=116&diff=10707&oldid=10679
