[00:03:56] *** Joins foghorn
[00:22:23] *** Quits zini (Ping timeout: 745 seconds)
[00:34:34] *** Quits n87_2 (Read error: Connection reset by peer)
[01:39:11] *** Joins zini
[02:07:29] *** Joins |Shadow|_
[02:08:20] *** Quits |Shadow| ()
[02:10:18] *** |Shadow|_ is now known as |Shadow|
[02:38:19] *** Quits refs (Quit: refs)
[06:09:51] *** Quits fgsfds (Leaving)
[06:45:44] *** Joins yls8bot_
[06:45:44] *** Quits yls8bot (Read error: Connection reset by peer)
[06:45:44] *** Quits Kyouju (Read error: Connection reset by peer)
[06:45:44] *** yls8bot_ is now known as yls8bot
[06:45:44] *** Joins Kyouju
[06:46:37] *** Quits AlexAltea (Ping timeout: 258 seconds)
[06:47:30] *** Quits DacoTaco (Ping timeout: 258 seconds)
[06:48:44] *** Joins changoXPR
[06:48:44] *** Quits changoXPR (Excess Flood)
[06:50:55] *** Quits nohit (Ping timeout: 258 seconds)
[06:50:55] *** Joins changoXPR
[06:50:55] *** Quits changO- (Ping timeout: 258 seconds)
[06:50:55] *** changoXPR is now known as changO-
[06:50:55] *** Quits Pieman (Ping timeout: 258 seconds)
[06:50:55] *** Joins DacoTaco
[06:50:58] *** Joins nohit
[06:51:01] *** Joins AlexAltea
[06:52:05] *** Joins Pieman
[07:16:54] *** Quits Kyouju (Read error: Connection reset by peer)
[07:17:48] *** Joins Kyouju
[07:45:16] *** Joins ihaveamac
[07:48:09] *** Quits ihaveama- (Ping timeout: 496 seconds)
[07:51:53] *** Quits cpnc0ke (Ping timeout: 496 seconds)
[07:52:31] *** Joins cpnc0ke
[08:04:49] *** Joins sh0e
[08:07:53] *** Quits cpncok3 (Ping timeout: 496 seconds)
[08:08:52] *** Joins cpncok3
[08:09:29] *** Quits sh0e- (Ping timeout: 496 seconds)
[08:11:05] *** Quits ihaveamac (Ping timeout: 496 seconds)
[08:28:51] *** Quits Behemoth_ (Ping timeout: 265 seconds)
[08:29:04] *** Joins Behemoth_
[08:52:26] *** Joins ihaveamac
[10:51:08] *** Joins n87
[10:59:38] *** Joins n87_2
[11:03:02] *** Quits n87 (Ping timeout: 265 seconds)
[11:45:08] *** Quits Kyouju (Quit: ZNC 1.8.2+deb1+bionic2 - https://znc.in)
[11:46:08] *** Joins Kyouju
[16:48:36] *** Joins fgsfds
[16:55:07] *** Joins derk0pf
[17:50:41] *** Joins flotwig
[17:54:19] *** Quits |Shadow| (Read error: Operation timed out)
[18:11:05] *** Quits derk0pf (Ping timeout: 265 seconds)
[18:26:54] *** Joins |Shadow|
[18:26:55] *** Quits |Shadow| (Excess Flood)
[18:32:21] *** Joins |Shadow|
[18:32:22] *** Quits |Shadow| (Excess Flood)
[18:43:10] *** Joins |Shadow|
[18:43:11] *** Quits |Shadow| (Excess Flood)
[18:48:36] *** Joins |Shadow|
[18:48:37] *** Quits |Shadow| (Excess Flood)
[20:08:53] *** Quits flotwig (Ping timeout: 745 seconds)
[20:24:37] *** Joins flotwig
[20:35:52] *** Quits flotwig (Read error: Operation timed out)
[21:18:52] *** Quits n87_2 (Read error: Connection reset by peer)
[21:22:37] *** Joins refs
[23:59:22] *** Joins |Shadow|
[23:59:25] *** Quits |Shadow| (Excess Flood)
