[00:00:21] *** Joins |Shadow|
[00:00:22] *** Quits |Shadow| (Excess Flood)
[00:05:50] *** Joins |Shadow|
[00:05:50] *** Quits |Shadow| (Excess Flood)
[00:11:15] *** Joins |Shadow|
[00:11:16] *** Quits |Shadow| (Excess Flood)
[00:16:40] *** Joins |Shadow|
[00:16:41] *** Quits |Shadow| (Excess Flood)
[00:22:06] *** Joins |Shadow|
[00:22:07] *** Quits |Shadow| (Excess Flood)
[00:27:35] *** Joins |Shadow|
[00:27:36] *** Quits |Shadow| (Excess Flood)
[00:33:21] *** Joins |Shadow|
[00:33:22] *** Quits |Shadow| (Excess Flood)
[00:39:05] *** Joins |Shadow|
[00:39:06] *** Quits |Shadow| (Excess Flood)
[00:44:31] *** Joins |Shadow|
[00:44:32] *** Quits |Shadow| (Excess Flood)
[00:50:00] *** Joins |Shadow|
[00:50:01] *** Quits |Shadow| (Excess Flood)
[00:55:29] *** Joins |Shadow|
[00:55:30] *** Quits |Shadow| (Excess Flood)
[01:00:54] *** Joins |Shadow|
[01:00:55] *** Quits |Shadow| (Excess Flood)
[01:06:20] *** Joins |Shadow|
[01:06:21] *** Quits |Shadow| (Excess Flood)
[01:11:46] *** Joins |Shadow|
[01:11:47] *** Quits |Shadow| (Excess Flood)
[01:12:28] *** Quits rjeli____ (Ping timeout: 1230 seconds)
[01:12:41] *** Joins rjeli____
[01:17:12] *** Joins |Shadow|
[01:17:13] *** Quits |Shadow| (Excess Flood)
[01:21:51] *** Joins ave_75
[01:22:36] *** Joins |Shadow|
[01:22:37] *** Quits |Shadow| (Excess Flood)
[01:24:24] *** Joins uyjulian_
[01:25:06] *** Quits uyjulian (Read error: Connection reset by peer)
[01:25:06] *** uyjulian_ is now known as uyjulian
[01:28:04] *** Joins |Shadow|
[01:28:05] *** Quits |Shadow| (Excess Flood)
[01:29:23] *** Quits ave_7 (Ping timeout: 745 seconds)
[01:29:23] *** ave_75 is now known as ave_7
[01:33:30] *** Joins |Shadow|
[01:33:31] *** Quits |Shadow| (Excess Flood)
[01:38:55] *** Joins |Shadow|
[01:38:56] *** Quits |Shadow| (Excess Flood)
[01:44:20] *** Joins |Shadow|
[01:44:21] *** Quits |Shadow| (Excess Flood)
[01:49:49] *** Joins |Shadow|
[01:49:51] *** Quits |Shadow| (Excess Flood)
[02:06:42] *** Joins |Shadow|
[02:20:33] *** Quits refs (Quit: refs)
[02:25:07] *** Quits omlet05 (Read error: Operation timed out)
[02:25:58] *** Quits eggster (Remote host closed the connection)
[02:26:14] *** Joins eggster
[02:28:14] *** Joins omlet05
[02:29:16] *** Quits ihaveamac (Quit: fail)
[02:30:44] *** Joins ihaveamac
[02:47:39] *** CCFL_Man_ is now known as CCFL_Man
[03:06:48] *** Quits rjeli____ (Ping timeout: 1230 seconds)
[03:07:01] *** Joins rjeli____
[03:44:32] *** Quits rjeli____ (Read error: Connection timed out)
[03:59:25] *** Joins rjeli____
[04:42:27] *** Quits sh0e (Quit: Bye.)
[04:46:56] *** Joins sh0e
[05:02:06] *** Quits Behemoth_ (hub.efnet.us ircd.choopa.net)
[05:02:06] *** Quits cpncok3 (hub.efnet.us ircd.choopa.net)
[05:02:06] *** Quits cpnc0ke (hub.efnet.us ircd.choopa.net)
[05:02:06] *** Quits Cu3PO42 (hub.efnet.us ircd.choopa.net)
[05:02:06] *** Quits KuKzz_ (hub.efnet.us ircd.choopa.net)
[05:02:06] *** Quits fincs (hub.efnet.us ircd.choopa.net)
[05:02:06] *** Quits TurtleP (hub.efnet.us ircd.choopa.net)
[05:02:06] *** Quits GerbilSof (hub.efnet.us ircd.choopa.net)
[05:02:06] *** Quits Surkow (hub.efnet.us ircd.choopa.net)
[05:02:06] *** Quits oldtopman (hub.efnet.us ircd.choopa.net)
[05:02:06] *** Quits mtheall (hub.efnet.us ircd.choopa.net)
[05:02:06] *** Quits ihaveamac (hub.efnet.us ircd.choopa.net)
[05:02:06] *** Quits omlet05 (hub.efnet.us ircd.choopa.net)
[05:02:06] *** Quits fgsfds (hub.efnet.us ircd.choopa.net)
[05:02:06] *** Quits balrog (hub.efnet.us ircd.choopa.net)
[05:02:06] *** Quits tpw_rules (hub.efnet.us ircd.choopa.net)
[05:02:06] *** Quits giglife (hub.efnet.us ircd.choopa.net)
[05:02:06] *** Quits j0hny5 (hub.efnet.us ircd.choopa.net)
[05:02:18] *** Quits SCV____ (Read error: Connection reset by peer)
[05:05:23] *** Joins SCV____
[05:12:43] *** Joins ihaveamac
[05:12:43] *** Joins omlet05
[05:12:43] *** Joins fgsfds
[05:12:43] *** Joins GerbilSof
[05:12:43] *** Joins balrog
[05:12:43] *** Joins Behemoth_
[05:12:43] *** Joins cpncok3
[05:12:43] *** Joins cpnc0ke
[05:12:43] *** Joins Cu3PO42
[05:12:43] *** Joins tpw_rules
[05:12:43] *** Joins KuKzz_
[05:12:43] *** Joins TurtleP
[05:12:43] *** Joins giglife
[05:12:43] *** Joins j0hny5
[05:12:43] *** Joins mtheall
[05:12:43] *** Joins oldtopman
[05:12:43] *** Joins Surkow
[05:12:43] *** Joins fincs
[05:12:43] *** ircd.choopa.net sets mode: +o fincs
[05:12:43] *** WntrMute sets mode: +o fincs
[05:12:44] *** fincs sets mode: +o WntrMute
[06:37:26] *** Quits fgsfds (Leaving)
[08:58:22] *** Quits ihaveamac (Quit: fail)
[08:58:56] *** Joins ihaveamac
[09:20:40] *** Joins Summeli
[12:22:55] *** Joins Tcm0
[12:23:20] *** Quits lameboy (Quit: Astalabyebye...)
[12:28:02] *** Joins lameboy
[13:45:12] *** Quits nohit (Ping timeout: 258 seconds)
[13:45:17] *** Joins nohit
[13:45:35] *** Quits DacoTaco (Ping timeout: 258 seconds)
[13:45:58] *** Quits madk (Ping timeout: 258 seconds)
[13:46:44] *** Quits eggster (Ping timeout: 258 seconds)
[13:46:44] *** Quits plutobot (Ping timeout: 258 seconds)
[13:46:59] *** Joins eggster
[14:49:28] *** Joins plutobot
[14:49:55] *** Joins DacoTaco
[14:52:11] *** Joins madk
[17:07:26] *** Joins fgsfds
[21:36:26] *** Joins jn
[23:29:10] *** Quits Tcm0 (Leaving)
