[00:44:54] *** Quits Tcm0 (Leaving)
[04:22:32] *** Quits fgsfds (Read error: Connection reset by peer)
[06:14:08] *** Quits balrog (Read error: Operation timed out)
[06:14:31] *** Joins balrog
[06:15:52] *** Quits j0hny5 (Read error: Operation timed out)
[06:16:18] *** Quits giglife (Read error: Operation timed out)
[06:16:20] *** Joins j0hny5
[06:16:22] *** Joins giglife
[06:24:28] *** Quits SCV____ (Ping timeout: 1230 seconds)
[06:24:41] *** Joins SCV____
[08:02:28] *** Quits SCV____ (Ping timeout: 1230 seconds)
[08:02:41] *** Joins SCV____
[08:21:41] *** Quits ihaveamac (Quit: fail)
[08:22:44] *** Joins ihaveamac
[08:22:53] *** Quits rjeli____ (Ping timeout: 1230 seconds)
[08:23:06] *** Joins rjeli____
[09:35:46] *** Quits rjeli____ (Read error: Connection timed out)
[09:44:01] *** Joins rjeli____
[11:20:13] *** Quits SCV____ (Ping timeout: 1230 seconds)
[11:20:27] *** Joins SCV____
[12:03:58] *** Quits rjeli____ (Ping timeout: 1230 seconds)
[12:04:12] *** Joins rjeli____
[12:47:43] *** Quits SCV____ (Ping timeout: 1230 seconds)
[12:47:56] *** Joins SCV____
[13:00:23] <plutobot> Wiki | Page changed: USB services | User: SciresM | https://switchbrew.org/w/index.php?curid=195&diff=10711&oldid=10693
[13:01:14] <plutobot> Wiki | Page changed: USB services | User: SciresM | https://switchbrew.org/w/index.php?curid=195&diff=10712&oldid=10711
[13:35:36] *** Quits SCV____ (Read error: Connection timed out)
[13:38:17] *** Joins n87
[13:48:05] *** Joins zombie343
[13:53:09] *** Joins SCV____
[14:05:53] *** Quits rjeli____ (Ping timeout: 1230 seconds)
[14:06:07] *** Joins rjeli____
[15:20:33] *** Quits SCV____ (Ping timeout: 1230 seconds)
[15:20:47] *** Joins SCV____
[16:17:33] *** Quits oldtopman (Read error: Operation timed out)
[16:32:14] *** Joins oldtopman
[16:43:58] *** Quits rjeli____ (Ping timeout: 1230 seconds)
[16:44:11] *** Joins rjeli____
[17:22:49] *** Joins n87_2
[17:26:12] *** Quits n87 (Ping timeout: 265 seconds)
[17:33:21] *** Joins refs
[17:38:26] *** Joins derk0pf
[17:58:11] *** Joins derk0pf_
[17:59:33] *** Quits n87_2 (Ping timeout: 265 seconds)
[18:00:47] <plutobot> Wiki | Page changed: LDN services | User: CFSworks | https://switchbrew.org/w/index.php?curid=109&diff=10713&oldid=10665
[18:02:59] *** Joins n87
[18:06:25] *** Quits derk0pf (Ping timeout: 857 seconds)
[18:34:06] *** Joins fgsfds
[18:51:43] *** Quits rjeli____ (Ping timeout: 1230 seconds)
[18:51:56] *** Joins rjeli____
[18:58:03] *** Joins fearsage
[19:14:28] *** Quits SCV____ (Ping timeout: 1230 seconds)
[19:14:42] *** Joins SCV____
[19:51:34] *** Joins oreo639
[19:59:58] *** Quits SCV____ (Ping timeout: 1230 seconds)
[20:00:11] *** Joins SCV____
[20:25:31] *** Quits derk0pf_ (Ping timeout: 265 seconds)
[20:45:28] *** Quits SCV____ (Ping timeout: 1230 seconds)
[20:45:41] *** Joins SCV____
[20:49:46] *** Joins n87_2
[20:53:04] *** Quits n87 (Ping timeout: 265 seconds)
[20:55:16] *** Joins derk0pf
[21:08:15] *** Joins derk0pf_
[21:14:38] *** Quits derk0pf (Ping timeout: 745 seconds)
[22:05:43] *** Quits SCV____ (Read error: Connection timed out)
[22:20:05] *** Joins SCV____
[22:32:05] *** Joins derk0pf
[22:36:18] *** Quits rjeli____ (Read error: Connection timed out)
[22:37:38] *** Quits derk0pf (Ping timeout: 258 seconds)
[22:40:39] *** Quits derk0pf_ (Read error: Operation timed out)
[22:43:56] *** Quits n87_2 (Read error: Connection reset by peer)
[22:44:30] *** Joins rjeli____
[23:36:58] *** Quits SCV____ (Ping timeout: 1230 seconds)
[23:37:12] *** Joins SCV____
