[01:34:58] *** Quits: oreo639 (Ping timeout: 369 seconds)
[01:41:40] *** Joins: refs
[02:14:27] *** Quits: Extrems (Read error: Operation timed out)
[02:17:11] *** Joins: Extrems
[02:41:29] *** Quits: refs (Quit: refs)
[04:08:29] *** Joins: oreo639
[06:39:11] *** Quits: ihaveamac (Quit: fail)
[07:52:58] *** Quits: oreo639 (Read error: Operation timed out)
[08:16:33] *** Joins: oreo639
[08:57:26] *** Joins: lameboy2
[09:03:43] *** Quits: lameboy (Read error: Operation timed out)
[09:03:47] *** lameboy2 is now known as lameboy
[09:15:24] *** Quits: freundTec (ZNC disconnected. Probably just rebooting my server - ZNC 1.6.6+deb1ubuntu0.2 - http://znc.in)
[09:15:43] *** Joins: freundTec
[09:54:58] *** Quits: oreo639 (Ping timeout: 483 seconds)
[17:13:48] *** Joins: fgsfds
[19:17:44] *** Joins: ihaveamac
[19:21:31] *** Quits: ihaveamac (Client Quit)
[19:23:24] *** Joins: ihaveamac
[20:26:00] *** Joins: oreo639
[20:55:35] *** Quits: averne (quit)
[21:57:01] *** Joins: averne
[21:57:01] *** Server sets mode: +stn 
