[02:33:31] *** Joins: refs
[02:39:52] *** Quits: GerbilSof (Quit: Windows must now restart because the Remote Procedure Call (RPC) service terminated unexpectedly.)
[02:43:46] *** Quits: fgsfds (Read error: Connection reset by peer)
[02:45:58] *** Joins: GerbilSof
[04:03:27] *** Quits: refs (Quit: refs)
[04:34:26] *** Quits: oreo639 (Read error: Operation timed out)
[05:14:31] *** Joins: oreo639
[10:34:44] *** Quits: oreo639 (Read error: Operation timed out)
[11:45:50] *** Joins: fgsfds
[15:28:55] *** Joins: ris2z
[19:25:58] *** Joins: oreo639
[20:17:16] *** Joins: refs
[20:53:45] *** Quits: flotwig (Quit: ZNC - http://znc.in)
[22:02:04] *** Joins: CCFL_Man
[22:07:38] *** Quits: CCFL_Man_ (Read error: Operation timed out)
[22:16:38] *** Quits: CCFL_Man (Read error: Operation timed out)
[22:21:11] *** Quits: averne (quit)
[22:23:55] *** Joins: averne_
[22:23:55] *** Server sets mode: +stn 
[22:26:52] *** Quits: averne (Read error: Operation timed out)
[22:26:53] *** averne_ is now known as averne
[22:31:09] *** Quits: CCFL_Man (Ping timeout: 240 seconds)
[22:33:19] *** Joins: CCFL_Man
[22:39:39] *** Joins: CCFL_Man_
[22:41:55] *** Quits: CCFL_Man (Read error: Operation timed out)
