[00:01:00] *** Quits: oreo639 (Read error: Operation timed out)
[00:21:24] *** Quits: fgsfds (Read error: Connection reset by peer)
[02:24:59] *** Quits: refs (Quit: refs)
[03:20:05] *** Quits: GerbilSof (Quit: Windows must now restart because the Remote Procedure Call (RPC) service terminated unexpectedly.)
[04:53:27] *** Joins: Lightswor
[05:15:30] *** Joins: oreo639
[05:47:52] *** Joins: GerbilSof
[05:48:38] *** Quits: oreo639 (Ping timeout: 622 seconds)
[06:01:09] *** Quits: Extrems (ZNC 1.7.5 - https://znc.in)
[06:01:14] *** Joins: Extrems
[06:19:24] *** Joins: oreo639
[06:25:01] *** Quits: oreo639 (Read error: Operation timed out)
[06:50:51] *** Joins: oreo639
[07:49:36] *** Quits: oreo639 (Read error: Operation timed out)
[08:16:47] *** Joins: oreo639
[09:03:58] *** Quits: oreo639 (Read error: Operation timed out)
[09:23:41] *** Joins: oreo639
[11:02:20] *** Joins: fgsfds
[11:30:04] *** Quits: oreo639 (Read error: Operation timed out)
[11:53:32] *** Joins: Stary_
[11:56:52] *** Quits: Cu3PO42 (Ping timeout: 369 seconds)
[11:58:16] *** Quits: Stary (Read error: Operation timed out)
