[00:04:38] *** Quits: fgsfds (Read error: Connection reset by peer)
[01:26:10] *** Quits: flotwig (Read error: Operation timed out)
[01:29:15] *** Quits: GerbilSof (Read error: Operation timed out)
[01:29:41] *** Joins: GerbilSof
[01:31:49] *** Quits: oreo639 (Read error: Operation timed out)
[01:38:04] *** Joins: refs
[01:45:39] *** Quits: Extrems (Remote host closed the connection)
[01:45:49] *** Joins: Extrems
[01:50:48] *** Joins: flotwig
[01:59:15] *** Joins: oreo639
[02:44:02] *** Quits: oreo639 (Read error: Operation timed out)
[02:45:15] *** Quits: refs (Quit: refs)
[03:30:25] *** Joins: sentry
[03:31:45] *** Quits: Snetry (Read error: Connection refused)
[03:31:45] *** sentry is now known as Snetry
[03:56:13] *** Joins: oreo639
[06:20:09] *** Joins: lameboy2
[06:22:39] *** Quits: lameboy (Ping timeout: 240 seconds)
[06:22:42] *** lameboy2 is now known as lameboy
[08:43:30] *** Joins: n87
[08:45:35] *** Quits: n87 (Client Quit)
[09:59:37] *** Quits: oreo639 (Ping timeout: 260 seconds)
[16:35:08] *** Joins: fgsfds
[19:36:08] *** Joins: oreo639
[20:46:45] *** Quits: uyjulian (hub.efnet.us ircd.choopa.net)
[20:46:45] *** Quits: tertu (hub.efnet.us ircd.choopa.net)
[20:46:45] *** Quits: mtheall (hub.efnet.us ircd.choopa.net)
[20:46:45] *** Quits: klock (hub.efnet.us ircd.choopa.net)
[20:46:45] *** Quits: nich (hub.efnet.us ircd.choopa.net)
[20:46:45] *** Quits: tpw_rules (hub.efnet.us ircd.choopa.net)
[20:46:45] *** Quits: hexkyz (hub.efnet.us ircd.choopa.net)
[20:46:45] *** Quits: |Shadow| (hub.efnet.us ircd.choopa.net)
[20:49:43] *** Joins: uyjulian
[20:49:43] *** Joins: tertu
[20:49:43] *** Joins: mtheall
[20:49:43] *** Joins: klock
[20:49:43] *** Joins: nich
[20:49:43] *** Joins: tpw_rules
[20:49:43] *** Joins: hexkyz
[20:49:43] *** Joins: |Shadow|
[21:28:59] *** Quits: oreo639 (Read error: Operation timed out)
[21:39:18] *** Joins: oreo639
[22:55:44] *** Quits: GerbilSof (Ping timeout: 260 seconds)
[23:26:47] *** Quits: averne (quit)
[23:28:38] *** Joins: averne_
[23:28:38] *** Server sets mode: +stn 
[23:31:16] *** Quits: averne (Read error: Operation timed out)
[23:31:17] *** averne_ is now known as averne
[23:34:17] *** Quits: oreo639 (Read error: Operation timed out)
[23:51:10] *** Joins: oreo639
