[01:55:18] *** Joins: refs
[03:09:11] *** Quits: fgsfds (Read error: Connection reset by peer)
[03:18:06] *** Quits: Extrems (Quit: ZNC 1.7.5 - https://znc.in)
[03:18:59] *** Quits: balrog (Quit: Bye)
[03:20:47] *** Joins: Extrems
[03:22:00] *** Quits: Snetry (Quit: left EFNet)
[03:22:22] *** Joins: Snetry
[03:30:39] *** Joins: balrog
[03:41:44] *** Quits: Snetry (Quit: left EFNet)
[03:51:09] *** Joins: Snetry
[03:57:57] *** Quits: Snetry (Quit: left EFNet)
[04:25:34] *** Quits: refs (Quit: refs)
[04:32:08] *** Quits: KuKzz_ (se.hub irc.efnet.nl)
[04:32:08] *** Quits: d3m3vilur (se.hub irc.efnet.nl)
[04:32:08] *** Quits: lex1 (se.hub irc.efnet.nl)
[04:32:08] *** Quits: pieman (se.hub irc.efnet.nl)
[04:54:28] *** Joins: KuKzz_
[04:54:28] *** Joins: d3m3vilur
[04:54:28] *** Joins: lex1
[04:54:28] *** Joins: pieman
[05:22:03] *** Quits: KuKzz_ (se.hub irc.efnet.nl)
[05:22:03] *** Quits: d3m3vilur (se.hub irc.efnet.nl)
[05:22:03] *** Quits: lex1 (se.hub irc.efnet.nl)
[05:22:03] *** Quits: pieman (se.hub irc.efnet.nl)
[05:23:25] *** Joins: KuKzz_
[05:23:25] *** Joins: d3m3vilur
[05:23:25] *** Joins: lex1
[05:23:25] *** Joins: pieman
[05:31:31] *** Quits: KuKzz_ (se.hub irc.efnet.nl)
[05:31:31] *** Quits: d3m3vilur (se.hub irc.efnet.nl)
[05:31:32] *** Quits: lex1 (se.hub irc.efnet.nl)
[05:31:32] *** Quits: pieman (se.hub irc.efnet.nl)
[05:32:44] *** Joins: KuKzz_
[05:32:44] *** Joins: d3m3vilur
[05:32:44] *** Joins: lex1
[05:32:44] *** Joins: pieman
[06:02:16] *** Quits: oreo639 (Ping timeout: 622 seconds)
[06:11:23] *** Quits: KuKzz_ (se.hub irc.efnet.nl)
[06:11:24] *** Quits: d3m3vilur (se.hub irc.efnet.nl)
[06:11:24] *** Quits: lex1 (se.hub irc.efnet.nl)
[06:11:24] *** Quits: pieman (se.hub irc.efnet.nl)
[06:14:25] *** Joins: KuKzz_
[06:14:25] *** Joins: d3m3vilur
[06:14:25] *** Joins: lex1
[06:14:25] *** Joins: pieman
[06:36:31] *** Joins: oreo639
[10:41:38] *** Quits: oreo639 (Ping timeout: 240 seconds)
[12:19:35] *** Quits: CCFL_Man (Read error: Connection reset by peer)
[12:20:07] *** Joins: fgsfds
[15:55:38] *** Joins: GerbilSof
[18:11:02] *** Joins: refs
[19:13:53] *** Joins: Retr0id
[20:47:37] *** Quits: Surkow (Remote host closed the connection)
[21:07:36] *** Joins: Surkow
[21:42:12] *** Joins: oreo639
[23:21:40] *** Joins: oreo639_
[23:21:40] *** Quits: oreo639 (Read error: Connection reset by peer)
