[00:03:22] <plutobot> Wiki | Page changed: PTM services | User: Hexkyz | https://switchbrew.org/w/index.php?curid=165&diff=12529&oldid=12504
[00:05:55] <plutobot> Wiki | Page changed: Settings services | User: Hexkyz | https://switchbrew.org/w/index.php?curid=110&diff=12530&oldid=11990
[00:11:33] *** Joins: oreo639
[00:11:34] *** Quits: oreo639_ (Read error: Connection reset by peer)
[00:17:00] <plutobot> Wiki | Page changed: Sockets services | User: Hexkyz | https://switchbrew.org/w/index.php?curid=128&diff=12531&oldid=12507
[00:18:02] <plutobot> Wiki | Page changed: Sockets services | User: Hexkyz | https://switchbrew.org/w/index.php?curid=128&diff=12532&oldid=12531
[00:18:53] <plutobot> Wiki | Page changed: Sockets services | User: Hexkyz | https://switchbrew.org/w/index.php?curid=128&diff=12533&oldid=12532
[00:22:07] <plutobot> Wiki | Page changed: OMM services | User: Hexkyz | https://switchbrew.org/w/index.php?curid=194&diff=12534&oldid=12525
[00:25:22] <plutobot> Wiki | Page changed: PTM services | User: Hexkyz | https://switchbrew.org/w/index.php?curid=165&diff=12535&oldid=12529
[00:26:54] <plutobot> Wiki | Page changed: Bus services | User: Hexkyz | https://switchbrew.org/w/index.php?curid=152&diff=12536&oldid=12526
[00:29:24] *** Quits: phigcloud (Read error: Operation timed out)
[00:30:21] *** Quits: Normmatt (Ping timeout: 248 seconds)
[00:30:47] *** Joins: CCFL_Man_
[00:30:54] *** Quits: fincs (Ping timeout: 248 seconds)
[00:31:02] *** Quits: CCFL_Man (Read error: Operation timed out)
[00:31:25] *** Quits: oreo639 (Ping timeout: 248 seconds)
[00:31:31] <plutobot> Wiki | Page changed: WLAN services | User: Hexkyz | https://switchbrew.org/w/index.php?curid=324&diff=12537&oldid=12500
[00:32:53] *** Joins: oreo639
[00:43:20] *** Joins: fincs
[00:43:33] *** yls8bot sets mode: +o fincs
[00:46:48] *** Joins: phigcloud
[00:48:09] *** Joins: Normmatt
[00:52:10] <plutobot> Wiki | Page changed: Error Report services | User: Hexkyz | https://switchbrew.org/w/index.php?curid=193&diff=12538&oldid=12511
[01:19:01] *** Joins: refs
[01:21:37] *** Quits: figgis_ (Read error: Connection reset by peer)
[01:22:19] *** Quits: oreo639 (Read error: Operation timed out)
[01:28:39] *** Joins: ihaveamac
[01:30:19] *** Quits: flotwig (Read error: Operation timed out)
[01:31:58] *** Quits: balrog (Read error: Operation timed out)
[01:31:58] *** Quits: ihaveama- (Read error: Operation timed out)
[01:32:47] *** Quits: averne (quit)
[01:33:04] *** Joins: averne
[01:33:04] *** Server sets mode: +stn 
[01:33:14] *** Quits: Normmatt (Read error: Operation timed out)
[01:46:26] *** Quits: Ghabry (Ping timeout: 240 seconds)
[01:46:49] *** Joins: GerbilSof
[01:46:51] *** Joins: Ghabry
[01:52:42] *** Quits: mimoja6 (Quit: Ping timeout (120 seconds))
[01:52:45] *** Joins: mimoja6
[01:54:23] *** lex1 is now known as lex
[02:22:49] *** Joins: flotwig
[02:26:48] *** Quits: ihaveamac (Ping timeout: 620 seconds)
[02:31:26] *** Joins: ihaveamac
[02:39:09] *** Quits: Surkow_ (Read error: Operation timed out)
[02:42:56] *** Joins: Surkow
[02:47:57] *** Quits: refs (Quit: refs)
[02:53:18] *** Quits: phigcloud (se.hub efnet.deic.eu)
[02:53:18] *** Quits: GeekShado (se.hub efnet.deic.eu)
[02:53:18] *** Quits: GrecKo (se.hub efnet.deic.eu)
[02:53:18] *** Quits: nohit____ (se.hub efnet.deic.eu)
[02:55:20] *** Joins: GrecKo_
[02:58:00] *** Joins: GeekShad1
[02:59:29] *** Joins: phigcloud
[02:59:29] *** Joins: GeekShado
[02:59:29] *** Joins: nohit____
[03:02:03] *** Quits: GeekShado (Ping timeout: 622 seconds)
[03:09:15] *** Joins: Normmatt
[03:20:18] *** Quits: nohit____ (Read error: Operation timed out)
[03:23:57] *** Joins: nohit____
[03:35:36] *** Joins: CCFL_Man
[03:37:09] *** Quits: tertu (Read error: Operation timed out)
[03:38:30] *** Quits: nich (Read error: Operation timed out)
[03:39:34] *** Quits: CCFL_Man_ (Read error: Operation timed out)
[03:39:39] *** Quits: tpw_rules (Read error: Operation timed out)
[03:40:41] *** Quits: |Shadow| (Read error: Operation timed out)
[03:41:32] *** Quits: hexkyz (Read error: Operation timed out)
[03:44:40] *** Quits: uyjulian (Ping timeout: 620 seconds)
[03:44:51] *** Joins: hexkyz
[03:45:37] *** Joins: |Shadow|
[03:45:57] *** Joins: tpw_rules
[03:47:34] *** Joins: uyjulian
[03:49:41] *** Joins: tertu
[04:01:26] *** Joins: nich
[04:32:49] *** Joins: oreo639
[06:09:59] *** Quits: mimoja6 (Quit: Ping timeout (120 seconds))
[06:10:08] *** Joins: mimoja6
[06:16:29] *** Joins: oreo639_
[06:16:56] *** Quits: phigcloud (Read error: Operation timed out)
[06:17:08] *** Joins: phigcloud
[06:19:31] *** Quits: oreo639 (Read error: Operation timed out)
[08:09:57] *** Quits: oreo639_ (Ping timeout: 483 seconds)
[08:16:17] *** Joins: oreo639
[10:38:53] *** Quits: oreo639 (Read error: Operation timed out)
[11:42:18] *** Joins: fgsfds
[16:14:22] *** Quits: GerbilSof (Quit: Windows must now restart because the Remote Procedure Call (RPC) service terminated unexpectedly.)
[16:39:51] *** Joins: GerbilSof
[18:43:36] *** Joins: oldtopman
[18:45:27] *** Quits: |Shadow| ()
[18:55:53] *** Joins: |Shadow|
[19:53:28] *** Joins: oreo639
