[01:17:01] *** Quits: fgsfds (Read error: Connection reset by peer)
[02:01:45] *** Joins: substanc3
[02:28:25] *** Joins: refs
[02:41:16] <plutobot> Wiki | Page changed: SSL services | User: Hexkyz | https://switchbrew.org/w/index.php?curid=145&diff=12539&oldid=12282
[03:10:20] *** Joins: CCFL_Man_
[03:11:42] *** Quits: CCFL_Man (Read error: Operation timed out)
[04:01:24] *** Quits: refs (Quit: refs)
[04:34:21] *** Joins: oreo639_
[04:34:21] *** Quits: oreo639 (Read error: Connection reset by peer)
[07:23:24] *** Quits: oreo639_ (Read error: Operation timed out)
[08:13:02] *** Joins: oreo639
[10:08:19] *** Quits: oreo639 (Read error: Operation timed out)
[11:06:00] *** Joins: fgsfds
[12:51:38] *** Quits: CCFL_Man_ (Read error: Operation timed out)
[12:55:37] *** Joins: CCFL_Man
[17:35:29] <plutobot> Wiki | Page changed: Ticket | User: DarkMatterCore | https://switchbrew.org/w/index.php?curid=156&diff=12540&oldid=12365
[17:57:37] *** Joins: refs
[20:38:47] *** Joins: oreo639
[20:51:30] *** Quits: oreo639 (Remote host closed the connection)
[20:52:44] *** Joins: oreo639
[20:54:30] *** Quits: oreo639 (Remote host closed the connection)
[21:22:19] *** Joins: oreo639
[21:38:13] *** Quits: oreo639 (Quit: Quit)
[21:38:40] *** Joins: oreo639
[23:00:05] *** Quits: GerbilSof (Quit: Windows must now restart because the Remote Procedure Call (RPC) service terminated unexpectedly.)
[23:02:54] *** Joins: GerbilSof
[23:52:44] *** Quits: oreo639 (Quit)
[23:53:16] *** Joins: oreo639
[23:57:03] *** Quits: GrecKo_ (ircd.choopa.net irc.servercentral.net)
[23:57:03] *** Quits: Surkow (ircd.choopa.net irc.servercentral.net)
[23:57:03] *** Quits: ihaveamac (ircd.choopa.net irc.servercentral.net)
[23:57:03] *** Quits: balrog (ircd.choopa.net irc.servercentral.net)
[23:57:03] *** Quits: yls8bot (ircd.choopa.net irc.servercentral.net)
[23:57:03] *** Quits: Lightswor (ircd.choopa.net irc.servercentral.net)
[23:57:03] *** Quits: freundTec (ircd.choopa.net irc.servercentral.net)
[23:57:04] *** Quits: Cu3PO42 (ircd.choopa.net irc.servercentral.net)
[23:57:04] *** Quits: yellows8 (ircd.choopa.net irc.servercentral.net)
[23:59:20] *** Joins: yls8bot_
