[00:00:38] *** Quits: fgsfds (Read error: Connection reset by peer)
[00:40:03] *** Joins: GerbilSof
[00:45:06] *** Quits: Rafa10 (Quit: Leaving)
[00:46:21] <plutobot> GitHub | New PR: crypto fix ae... | User: liamadvance | https://github.com/switchbrew/libnx/pull/624
[00:58:31] *** Quits: GerbilSof (Quit: Windows must now restart because the Remote Procedure Call (RPC) service terminated unexpectedly.)
[01:03:39] *** Quits: Surkow (Ping timeout: 240 seconds)
[02:34:27] *** Joins: Surkow
[04:34:27] *** Joins: lameboy2
[04:36:53] *** Quits: tpw_rules (Read error: Operation timed out)
[04:37:07] *** Joins: tpw_rules
[04:37:44] *** Joins: ihaveama-
[04:38:16] *** Quits: Ghabry (Read error: Operation timed out)
[04:38:32] *** Joins: Ghabry
[04:38:34] *** Quits: Extrems (Read error: Operation timed out)
[04:38:45] *** Joins: Extrems
[04:39:46] *** Quits: ihaveamac (Read error: Operation timed out)
[04:40:42] *** Quits: lameboy (Ping timeout: 483 seconds)
[04:40:46] *** lameboy2 is now known as lameboy
[04:41:49] *** Quits: averne (quit)
[04:42:04] *** Joins: averne
[04:42:04] *** Server sets mode: +stn 
[13:58:58] *** Quits: Lightswor (Read error: Connection reset by peer)
[14:02:39] *** Joins: Lightswor
[15:37:50] *** Joins: GerbilSof
[15:38:07] *** Quits: GerbilSof (Client Quit)
[15:46:43] *** Joins: GerbilSof
[16:50:11] *** Quits: GerbilSof (Quit: Windows must now restart because the Remote Procedure Call (RPC) service terminated unexpectedly.)
[17:01:41] *** Joins: GerbilSof
[20:32:36] <plutobot> Wiki | Page changed: 17.0.0 | User: yls8 | https://switchbrew.org/w/index.php?curid=482&diff=12557&oldid=12554
[21:08:36] <plutobot> Wiki | Page changed: Switch System Flaws | User: yls8 | https://switchbrew.org/w/index.php?curid=14&diff=12558&oldid=12555
[22:01:20] *** Joins: oreo639
