[00:14:26] <plutobot> GitHub | New PR: Support chang... | User: fincs | https://github.com/switchbrew/libnx/pull/625
[00:18:08] <plutobot> GitHub | New commit | User: fincs | https://github.com/switchbrew/libnx/commit/4ff1c52869
[00:18:08] <plutobot> GitHub | New commit | User: fincs | https://github.com/switchbrew/libnx/commit/3a5d0dae35
[00:18:08] <plutobot> GitHub | New commit | User: Michael Scire | https://github.com/switchbrew/libnx/commit/288a09c4eb
[00:18:08] <plutobot> GitHub | New commit | User: Michael Scire | https://github.com/switchbrew/libnx/commit/3bb619f46e
[00:18:08] <plutobot> GitHub | New commit | User: Michael Scire | https://github.com/switchbrew/libnx/commit/3cb556acb3
[00:18:09] <plutobot> GitHub | New commit | User: Michael Scire | https://github.com/switchbrew/libnx/commit/140400d566
[00:18:09] <plutobot> GitHub | New commit | User: Michael Scire | https://github.com/switchbrew/libnx/commit/6f9bc920c9
[00:18:10] <plutobot> GitHub | New commit | User: Michael Scire | https://github.com/switchbrew/libnx/commit/e322bdf82d
[00:18:10] <plutobot> GitHub | New commit | User: Michael Scire | https://github.com/switchbrew/libnx/commit/e6626a7825
[00:18:11] <plutobot> GitHub | New commit | User: Michael Scire | https://github.com/switchbrew/libnx/commit/25a8f21796
[00:25:18] <plutobot> GitHub | New PR: Update ts for .. | User: SciresM | https://github.com/switchbrew/nx-hbmenu/pull/162
[00:46:57] <plutobot> GitHub | New commit | User: Michael Scire | https://github.com/switchbrew/nx-hbmenu/commit/e978400984
[00:53:55] <plutobot> GitHub | New commit | User: yellows | https://github.com/switchbrew/libnx/commit/94cfa2be1c
[01:38:38] *** Joins: refs
[04:06:29] *** Quits: GerbilSof (Read error: Connection reset by peer)
[04:36:30] *** Quits: refs (Quit: refs)
[05:18:03] *** Quits: oreo639 (Ping timeout: 240 seconds)
[06:32:15] *** Joins: oreo639
[08:08:58] *** Joins: GerbilSof
[10:05:34] *** Joins: n87
[10:15:07] *** Quits: n87 (Read error: Connection reset by peer)
[10:16:57] *** Joins: n87
[10:22:27] *** Quits: oreo639 (Ping timeout: 240 seconds)
[13:47:00] *** Joins: fgsfds
[14:38:21] *** Quits: DacoTaco_ (Quit: ZNC 1.8.2 - https://znc.in)
[14:39:21] *** Joins: DacoTaco
[14:51:36] *** Quits: n87 (Read error: Connection reset by peer)
[15:06:13] *** Quits: DacoTaco (Quit: ZNC 1.8.2 - https://znc.in)
[15:07:10] *** Joins: DacoTaco
[15:08:26] *** Quits: DacoTaco (Client Quit)
[15:09:45] *** Joins: DacoTaco
[15:16:09] *** Quits: CCFL_Man (Ping timeout: 240 seconds)
[15:33:17] *** Joins: CCFL_Man
[15:42:15] *** Joins: n87
[15:44:24] *** Quits: n87 (Read error: Connection reset by peer)
[16:09:02] <plutobot> GitHub | New PR: Add GetPossib... | User: p-sam | https://github.com/switchbrew/libnx/pull/626
[16:55:42] <plutobot> GitHub | New commit | User: p-sam | https://github.com/switchbrew/libnx/commit/ae491ce57b
[21:21:05] <plutobot> GitHub | New commit | User: liamadvance | https://github.com/switchbrew/libnx/commit/0094af6d29
[21:44:20] *** Joins: oreo639
