[01:26:17] *** Quits: oreo639 (Ping timeout: 260 seconds)
[01:58:32] *** Quits: GerbilSof (Quit: Windows must now restart because the Remote Procedure Call (RPC) service terminated unexpectedly.)
[01:58:49] *** Joins: GerbilSof
[02:08:24] *** Joins: refs
[04:42:12] *** Quits: refs (Quit: refs)
[05:03:25] *** Joins: |Shadow|_
[05:06:26] *** Joins: lameboy2
[05:06:31] *** Quits: DaniNyaa (Read error: Operation timed out)
[05:06:40] *** Quits: lex1 (Read error: Operation timed out)
[05:07:08] *** Quits: Retr0id (Read error: Operation timed out)
[05:07:47] *** Quits: mtheall (Read error: Operation timed out)
[05:08:03] *** Joins: mtheall
[05:08:19] *** Quits: |Shadow| (Read error: Operation timed out)
[05:08:44] *** Quits: d3m3vilur (Read error: Operation timed out)
[05:09:30] *** Quits: flagrama_ (Read error: Operation timed out)
[05:10:46] *** Joins: flagrama_
[05:11:41] *** Joins: CCFL_Man_
[05:12:46] *** Quits: lameboy (Read error: Operation timed out)
[05:12:46] *** lameboy2 is now known as lameboy
[05:18:37] *** Joins: d3m3vilur
[05:19:05] *** Quits: CCFL_Man (Read error: Operation timed out)
[05:19:19] *** Joins: Retr0id
[05:22:34] *** Joins: lex1
[05:28:09] *** Quits: lex1 (Read error: Operation timed out)
[05:29:28] *** Quits: Retr0id (Read error: Operation timed out)
[05:30:49] *** |Shadow|_ is now known as |Shadow|
[05:31:02] *** Quits: flotwig (Read error: Operation timed out)
[05:31:53] *** Quits: d3m3vilur (Ping timeout: 493 seconds)
[05:33:41] *** Quits: Extrems (Read error: Operation timed out)
[05:33:45] *** Joins: Extrems
[05:34:49] *** Joins: d3m3vilur
[05:34:57] *** Quits: Normmatt (Read error: Operation timed out)
[05:35:14] *** Quits: GerbilSof (Read error: Operation timed out)
[05:36:15] *** Quits: balrog (Read error: Operation timed out)
[05:36:17] *** Quits: mtheall (Read error: Operation timed out)
[05:36:54] *** Quits: tpw_rules (Read error: Operation timed out)
[05:37:30] *** Joins: lex1
[05:37:33] *** Quits: uyjulian (Read error: Operation timed out)
[05:37:59] *** Quits: tertu (Read error: Operation timed out)
[05:38:12] *** Quits: ihaveama- (Read error: Operation timed out)
[05:38:27] *** Joins: ihaveamac
[05:38:31] *** Quits: nich (Read error: Operation timed out)
[05:39:28] *** Joins: balrog
[05:40:41] *** Quits: hexkyz (Read error: Operation timed out)
[05:40:41] *** Quits: |Shadow| (Read error: Operation timed out)
[05:41:19] *** Joins: mtheall
[05:41:22] *** Joins: flotwig
[05:42:34] *** Quits: fgsfds (Read error: Connection reset by peer)
[05:49:17] *** Joins: uyjulian
[05:49:22] *** Joins: tertu
[05:49:32] *** Joins: hexkyz
[05:50:12] *** Joins: nich
[05:51:17] *** Joins: tpw_rules
[05:51:18] *** Joins: |Shadow|
[05:52:20] *** Joins: GerbilSof
[08:02:46] *** Joins: Normmatt
[11:35:00] *** Joins: n87
[12:36:50] *** Joins: KuKzz
[12:51:01] *** Joins: fgsfds
[13:44:31] *** Joins: refs
[17:20:20] *** Quits: Normmatt (Read error: Operation timed out)
[17:37:18] *** Joins: Normmatt
[18:41:43] *** Quits: refs (Quit: refs)
[18:57:09] *** Quits: hexkyz (blargh!)
[18:59:05] *** Joins: hexkyz
[19:35:00] *** Quits: hexkyz (blargh!)
[19:39:39] *** Joins: hexkyz
[21:56:19] <plutobot> Wiki | Page changed: Sockets services | User: yls8 | https://switchbrew.org/w/index.php?curid=128&diff=12569&oldid=12533
[22:15:35] *** Joins: oreo639
[23:59:11] *** Quits: GerbilSof (Quit: Windows must now restart because the Remote Procedure Call (RPC) service terminated unexpectedly.)
