[00:02:55] *** Joins: GerbilSof
[00:06:50] *** Joins: Maylay
[00:32:21] *** Quits: n87 (Read error: Connection reset by peer)
[00:50:40] <plutobot> GitHub | New commit | User: fincs | https://github.com/switchbrew/libnx/commit/bb0ae8ac74
[00:50:41] <plutobot> GitHub | New commit | User: fincs | https://github.com/switchbrew/libnx/commit/1bb5a21453
[01:18:08] <plutobot> GitHub | New commit | User: yellows | https://github.com/switchbrew/nx-hbloader/commit/b38421d04a
[01:18:22] <plutobot> GitHub | New commit | User: yellows | https://github.com/switchbrew/nx-hbmenu/commit/85ed66e1ab
[01:37:05] <plutobot> Wiki | Page changed: Homebrew Menu | User: yls8 | https://switchbrew.org/w/index.php?curid=341&diff=12570&oldid=11309
[03:57:19] *** Quits: CCFL_Man_ (Ping timeout: 255 seconds)
[03:58:54] *** Joins: CCFL_Man
[05:43:57] *** Quits: fgsfds (Read error: Connection reset by peer)
[09:20:54] *** Joins: oreo639_
[09:21:15] *** Joins: GrecKo_
[09:22:13] *** Quits: GrecKo (Read error: Operation timed out)
[09:26:36] *** Quits: oreo639 (Ping timeout: 622 seconds)
[10:38:51] *** Joins: n87
[11:24:13] *** Quits: oreo639_ (Ping timeout: 260 seconds)
[12:51:22] *** Joins: fgsfds
[16:36:02] *** Joins: Maylay_
[16:36:02] *** Quits: Maylay (Read error: Connection reset by peer)
[16:41:07] *** Quits: n87 (Read error: Connection reset by peer)
[18:01:29] *** Quits: GerbilSof (Read error: Connection reset by peer)
[18:17:25] *** Joins: Rafa10
[18:33:14] *** Joins: GerbilSof
[19:29:49] *** Quits: hexkyz (blargh!)
[19:32:06] *** Joins: hexkyz
[20:10:31] *** Joins: refs
[20:20:09] *** Quits: hexkyz (blargh!)
[20:22:04] *** Joins: hexkyz
[20:45:55] *** Quits: hexkyz (blargh!)
[20:47:18] *** Quits: |Shadow| (Read error: Operation timed out)
[20:48:23] *** Joins: hexkyz
[20:48:31] *** Quits: hexkyz (Client Quit)
[20:49:43] *** Joins: hexkyz
[20:52:12] *** Quits: hexkyz (Client Quit)
[21:02:14] *** Joins: oreo639
[21:02:30] *** Joins: hexkyz
[23:16:27] *** Quits: mimoja6 (Read error: Connection reset by peer)
[23:17:15] *** Quits: Ghabry (Ping timeout: 240 seconds)
[23:17:16] *** Quits: Rafa10 (Read error: Connection reset by peer)
[23:18:51] *** Quits: fincs (Ping timeout: 240 seconds)
[23:19:13] *** Joins: fincs
[23:19:34] *** Joins: Ghabry
[23:19:53] *** Quits: lameboy (Read error: Connection reset by peer)
[23:20:05] *** Joins: lameboy
[23:22:39] *** Quits: klock (Read error: Connection reset by peer)
[23:23:56] *** Joins: klock
[23:28:54] *** Joins: CHANFIX
[23:28:54] *** services.int sets mode: +o CHANFIX
[23:28:54] *** CHANFIX sets mode: +o fincs
[23:28:54] <CHANFIX> 1 client should have been opped.
[23:28:54] *** Parts: CHANFIX ()
[23:38:51] *** Quits: Stary_ (Ping timeout: 240 seconds)
[23:39:37] *** Joins: Stary
[23:49:22] *** Joins: |Shadow|
[23:58:54] *** Joins: CHANFIX
[23:58:54] *** services.int sets mode: +o CHANFIX
[23:58:54] *** CHANFIX sets mode: +oo yellows8 yls8bot
[23:58:54] <CHANFIX> 2 clients should have been opped.
[23:58:55] *** Parts: CHANFIX ()
