[02:33:38] *** Quits: ihaveamac (Quit: fail)
[02:34:40] *** Joins: ihaveamac
[02:37:14] *** Joins: fgsfds
[05:27:55] *** Joins: hexkyz
[06:40:25] *** Joins: refs`
[06:41:23] *** Quits: refs (Ping timeout: 186 seconds)
[06:46:46] *** Quits: fgsfds (Quit: Leaving)
[10:10:16] *** Joins: n87
[12:47:20] *** Quits: hexkyz (Ping timeout: 745 seconds)
[15:26:46] *** Quits: averne (quit)
[15:29:02] *** Joins: averne_
[15:29:02] *** Server sets mode: +stn 
[15:32:55] *** Quits: Genolo (Read error: Operation timed out)
[15:33:12] *** Joins: Genolo
[15:36:05] *** Quits: Snetry (Ping timeout: 857 seconds)
[15:37:14] *** Quits: d3m3vilur (Ping timeout: 493 seconds)
[15:37:38] *** Quits: averne (Read error: Operation timed out)
[15:37:38] *** averne_ is now known as averne
[15:38:53] *** Quits: zini (Read error: Operation timed out)
[15:39:10] *** Joins: d3m3vilur
[15:39:12] *** Joins: Snetry
[15:39:15] *** Quits: plutobot (Read error: Connection reset by peer)
[15:39:35] *** Joins: plutobot
[15:39:39] *** Joins: nohit__
[15:39:42] *** Joins: Retr0id
[15:41:15] *** Joins: zini
[15:44:39] *** Joins: blasty
[15:59:22] *** Joins: mukunda
[16:01:08] *** Quits: mukunda (Client Quit)
[16:02:30] *** Joins: mukunda
[17:54:18] *** Quits: Maylay (Quit: Pipe Terminated)
[19:34:40] *** Quits: ihaveamac (Quit: fail)
[19:35:16] *** Joins: ihaveamac
[20:03:08] *** Joins: fgsfds
[20:17:53] *** Quits: n87 (Read error: Connection reset by peer)
[21:23:17] *** Joins: Lightswo-
[21:23:17] *** Quits: Lightswor (Read error: Connection reset by peer)
[21:23:22] *** Lightswo- is now known as Lightswor
