[01:20:35] *** Joins: m4ts
[01:23:58] *** Quits: m4ts_ (Ping timeout: 265 seconds)
[01:30:15] *** Quits: m4ts (Ping timeout: 265 seconds)
[01:32:03] *** Joins: m4ts
[05:00:29] *** Quits: refs` (Quit: refs`)
[05:34:52] *** Quits: Retr0id (Read error: Connection reset by peer)
[05:34:56] *** Joins: Retr0id
[05:44:01] *** Quits: nohit__ (Ping timeout: 493 seconds)
[05:44:01] *** Quits: Snetry (Read error: Connection reset by peer)
[05:46:18] *** Quits: blasty (Read error: Connection reset by peer)
[05:47:05] *** Quits: d3m3vilur (Ping timeout: 493 seconds)
[05:57:34] *** Joins: d3m3vilur
[06:00:01] *** Joins: blasty
[06:03:27] *** Joins: nohit__
[06:03:28] *** Joins: Snetry
[06:14:20] *** Quits: fgsfds (Quit: Leaving)
[06:17:38] *** Quits: |Shadow| (Ping timeout: 240 seconds)
[06:25:50] *** Joins: |Shadow|
[08:04:40] *** Quits: mukunda (Ping timeout: 745 seconds)
[09:16:23] *** Joins: uyjulian_
[09:16:23] *** Quits: uyjulian (Read error: Connection reset by peer)
[09:16:29] *** uyjulian_ is now known as uyjulian
[12:31:22] *** Joins: TAL
[13:21:25] *** Joins: m4ts_
[13:22:41] *** Quits: m4ts (Ping timeout: 265 seconds)
[14:05:41] *** Joins: hexkyz
[14:33:45] *** Joins: mukunda
[14:54:45] *** Quits: mukunda ()
[17:19:03] *** Joins: fgsfds
[17:49:48] *** Joins: changO-
[18:19:31] <plutobot> GitHub | New PR: hidsys add so... | User: ndeadly | https://github.com/switchbrew/libnx/pull/579
[19:08:24] *** Quits: changO- (Quit: diarrhea in a shitty womans mouth fetish)
[21:31:37] *** Joins: refs
[21:35:17] <plutobot> GitHub | New commit | User: ndeadly | https://github.com/switchbrew/libnx/commit/cee75bbe13
[22:43:10] *** Quits: hexkyz (Ping timeout: 745 seconds)
