[01:36:38] *** Quits: blasty (Read error: Connection reset by peer)
[01:39:30] *** Quits: lex (Read error: Operation timed out)
[01:42:44] *** Quits: d3m3vilur (Read error: Operation timed out)
[01:45:23] *** Quits: nohit__ (Ping timeout: 493 seconds)
[01:45:23] *** Quits: Retr0id (Ping timeout: 857 seconds)
[01:47:18] *** Quits: Shiz__ (Ping timeout: 857 seconds)
[01:47:50] *** Joins: d3m3vilur
[01:49:00] *** Quits: Snetry (Read error: Operation timed out)
[01:49:53] *** Joins: Shiz__
[01:56:07] *** Quits: d3m3vilur (Ping timeout: 493 seconds)
[01:58:53] *** Quits: rjeli____ (Read error: Connection reset by peer)
[02:01:28] *** Joins: Retr0id
[02:01:34] *** Joins: d3m3vilur
[02:01:41] *** Joins: rjeli____
[02:02:24] *** Joins: Snetry
[02:02:43] *** Joins: nohit__
[02:03:04] *** Joins: blasty
[02:07:05] *** Joins: lex1
[02:09:41] *** pieman__ is now known as pieman
[02:10:00] *** pieman is now known as Pieman737
[02:10:10] *** Pieman737 is now known as pieman
[02:33:35] *** Quits: rjeli____ (Ping timeout: 1230 seconds)
[02:33:48] *** Joins: rjeli____
[02:37:04] *** Quits: refs (Quit: refs)
[02:52:15] *** Quits: rjeli____ (se.hub efnet.port80.se)
[02:52:15] *** Quits: uyjulian (se.hub efnet.port80.se)
[02:52:15] *** Quits: dibas (se.hub efnet.port80.se)
[02:52:15] *** Quits: gruetzkop (se.hub efnet.port80.se)
[02:52:15] *** Quits: derrek (se.hub efnet.port80.se)
[02:52:15] *** Quits: mid-kid1 (se.hub efnet.port80.se)
[02:52:15] *** Quits: Whovian93 (se.hub efnet.port80.se)
[02:52:15] *** Quits: Phils3r (se.hub efnet.port80.se)
[03:00:26] *** Joins: Phils3r
[03:00:27] *** Joins: dibas
[03:00:27] *** Joins: Whovian93
[03:00:31] *** Joins: uyjulian
[03:00:34] *** Joins: derrek
[03:02:11] *** Joins: gruetzkop
[03:02:30] *** Joins: oreo639
[03:09:45] *** Joins: rjeli____
[03:09:53] *** Quits: rjeli____ (Read error: Connection reset by peer)
[03:16:33] *** Joins: rjeli____
[03:18:18] *** Joins: mid-kid1
[04:58:35] *** Quits: oreo639 (Read error: Connection reset by peer)
[05:12:31] *** Joins: oreo639
[06:03:08] *** Quits: fgsfds (Quit: Leaving)
[06:10:26] *** Quits: oreo639 (Remote host closed the connection)
[06:45:42] *** Joins: oreo639
[07:47:50] *** Quits: zini (Read error: Operation timed out)
[08:23:45] *** Quits: nrq_ (Read error: Connection reset by peer)
[08:27:01] *** Joins: nrq
[09:16:32] *** Joins: zini
[10:08:12] *** Quits: oreo639 (Ping timeout: 252 seconds)
[16:12:59] *** Quits: changoXPR (Read error: Operation timed out)
[17:44:56] *** Joins: zini-
[17:53:30] *** Quits: zini (Ping timeout: 745 seconds)
[20:13:35] *** Joins: oreo639
[21:05:44] *** Quits: oreo639 (Read error: Connection reset by peer)
[21:13:28] *** Joins: oreo639
[21:44:46] *** Joins: refs
[22:16:08] *** Joins: Maylay
