[01:37:40] <plutobot> Wiki | Page changed: Product Information | User: Nigger | https://switchbrew.org/w/index.php?curid=384&diff=11208&oldid=11204
[01:38:21] <plutobot> Wiki | Page changed: Homebrew Exploits | User: Nigger | https://switchbrew.org/w/index.php?curid=296&diff=11209&oldid=4600
[01:38:42] <plutobot> Wiki | Page changed: Homebrew Applications | User: Nigger | https://switchbrew.org/w/index.php?curid=293&diff=11210&oldid=11087
[01:39:12] <plutobot> Wiki | Page changed: Switch System Flaws | User: Nigger | https://switchbrew.org/w/index.php?curid=14&diff=11211&oldid=11199
[01:39:33] <plutobot> Wiki | Page changed: Switch Userland Flaws | User: Nigger | https://switchbrew.org/w/index.php?curid=56&diff=11212&oldid=10547
[01:40:03] <plutobot> Wiki | Page changed: Hardware | User: Nigger | https://switchbrew.org/w/index.php?curid=51&diff=11213&oldid=11201
[01:40:34] <plutobot> Wiki | Page changed: Joy-Con | User: Nigger | https://switchbrew.org/w/index.php?curid=55&diff=11214&oldid=11067
[02:02:11] <plutobot> Wiki | Page changed: Joy-Con | User: yls8 | https://switchbrew.org/w/index.php?curid=55&diff=11219&oldid=11214
[02:05:05] <plutobot> Wiki | Page changed: Switch Userland Flaws | User: yls8 | https://switchbrew.org/w/index.php?curid=56&diff=11220&oldid=11212
[02:07:07] <plutobot> Wiki | Page changed: Switch System Flaws | User: yls8 | https://switchbrew.org/w/index.php?curid=14&diff=11223&oldid=11211
[02:07:17] <plutobot> Wiki | Page changed: Homebrew Applications | User: yls8 | https://switchbrew.org/w/index.php?curid=293&diff=11224&oldid=11210
[02:07:38] <plutobot> Wiki | Page changed: Homebrew Exploits | User: yls8 | https://switchbrew.org/w/index.php?curid=296&diff=11225&oldid=11209
[02:08:19] <plutobot> Wiki | Page changed: Product Information | User: yls8 | https://switchbrew.org/w/index.php?curid=384&diff=11227&oldid=11208
[02:08:29] <plutobot> Wiki | Page changed: Hardware | User: yls8 | https://switchbrew.org/w/index.php?curid=51&diff=11228&oldid=11213
[02:43:41] *** Quits: refs (Quit: refs)
[05:19:11] *** Quits: figgis_ (Quit: Leaving)
[05:41:25] *** Joins: changO-
[06:32:58] <plutobot> Wiki | Page changed: Product Information | User: CapNem | https://switchbrew.org/w/index.php?curid=384&diff=11229&oldid=11227
[10:17:56] *** Quits: Whovian93 (Remote host closed the connection)
[10:41:30] *** Joins: Whovian93
[10:56:03] *** Joins: mtheall
[10:56:34] *** Joins: klock
[10:57:23] *** Quits: yls8bot (Read error: Operation timed out)
[10:57:23] *** Quits: klockee (Read error: Operation timed out)
[10:57:24] *** Quits: mtheall_ (Write error: Broken pipe)
[11:01:29] *** Joins: yls8bot
[11:01:33] *** yellows8 sets mode: +o yls8bot
[18:02:11] *** Quits: |Shadow| (ny.us.hub irc.Prison.NET)
[18:07:57] *** Quits: yls8bot (ny.us.hub hub.efnet.us)
[18:07:57] *** Quits: zombie343 (ny.us.hub hub.efnet.us)
[18:07:57] *** Quits: Lightswor (ny.us.hub hub.efnet.us)
[18:07:57] *** Quits: balrog (ny.us.hub hub.efnet.us)
[18:07:57] *** Quits: GrecKo_ (ny.us.hub hub.efnet.us)
[18:07:57] *** Quits: sh0e (ny.us.hub hub.efnet.us)
[18:07:57] *** Quits: giglife (ny.us.hub hub.efnet.us)
[18:07:57] *** Quits: Surkow (ny.us.hub hub.efnet.us)
[18:07:57] *** Quits: oldtopman (ny.us.hub hub.efnet.us)
[18:07:57] *** Quits: eggy (ny.us.hub hub.efnet.us)
[18:07:57] *** Quits: flotwig (ny.us.hub hub.efnet.us)
[18:07:57] *** Quits: Normmatt (ny.us.hub hub.efnet.us)
[18:07:57] *** Quits: GeekShad1 (ny.us.hub hub.efnet.us)
[18:07:57] *** Quits: Kyouju (ny.us.hub hub.efnet.us)
[18:07:57] *** Quits: freundTec (ny.us.hub hub.efnet.us)
[18:07:57] *** Quits: Cu3PO42 (ny.us.hub hub.efnet.us)
[18:07:57] *** Quits: Behemoth (ny.us.hub hub.efnet.us)
[18:07:57] *** Quits: yellows8 (ny.us.hub hub.efnet.us)
[18:07:57] *** Quits: tpw_rules (ny.us.hub hub.efnet.us)
[18:07:57] *** Quits: Jdbye (ny.us.hub hub.efnet.us)
[18:07:57] *** Quits: TurtleP (ny.us.hub hub.efnet.us)
[18:08:39] *** Joins: yls8bot
[18:08:39] *** Joins: zombie343
[18:08:39] *** Joins: Lightswor
[18:08:39] *** Joins: balrog
[18:08:39] *** Joins: GrecKo_
[18:08:39] *** Joins: sh0e
[18:08:39] *** Joins: giglife
[18:08:39] *** Joins: Surkow
[18:08:39] *** Joins: oldtopman
[18:08:39] *** Joins: eggy
[18:08:39] *** Joins: flotwig
[18:08:39] *** Joins: Normmatt
[18:08:39] *** Joins: GeekShad1
[18:08:39] *** Joins: Kyouju
[18:08:39] *** Joins: freundTec
[18:08:39] *** Joins: Cu3PO42
[18:08:39] *** Joins: Behemoth
[18:08:39] *** Joins: yellows8
[18:08:40] *** Joins: tpw_rules
[18:08:40] *** Joins: Jdbye
[18:08:40] *** Joins: TurtleP
[18:08:40] *** hub.efnet.us sets mode: +oo yls8bot yellows8
[18:08:40] *** WntrMute sets mode: +o yellows8
[18:09:29] *** Quits: GerbilSof (Read error: Operation timed out)
[18:18:07] *** Quits: yellows8 (Read error: Operation timed out)
[18:18:41] *** Quits: nohit__ (Read error: Connection reset by peer)
[18:18:46] *** Joins: nohit__
[18:18:56] *** Quits: d3m3vilur (Read error: Connection reset by peer)
[18:19:01] *** Joins: d3m3vilur
[18:19:38] *** Snetry is now known as Sentry
[18:21:38] *** Joins: GerbilSof
[18:25:15] *** Quits: rjeli____ (Read error: Connection timed out)
[18:25:19] *** Joins: rjeli____
[18:28:41] *** Joins: yellows8
[18:28:41] *** WntrMute sets mode: +o yellows8
[18:48:52] *** Quits: giglife (Read error: Operation timed out)
[18:51:05] *** Joins: giglife
[18:52:34] *** Joins: |Shadow|
[19:09:07] *** Joins: Normmatt_
[19:09:08] *** Quits: Kyouju (Read error: Connection reset by peer)
[19:09:08] *** Quits: Normmatt (Read error: Connection reset by peer)
[19:09:16] *** Normmatt_ is now known as Normmatt
[19:09:59] *** Joins: Kyouju
[21:55:50] *** Joins: refs
[23:23:18] *** Quits: pieman (Ping timeout: 252 seconds)
[23:24:24] *** Quits: rjeli____ (Read error: Connection reset by peer)
[23:24:38] *** Joins: nohit___
[23:24:55] *** Quits: d3m3vilur (Read error: Operation timed out)
[23:26:06] *** Joins: d3m3vilur
[23:26:12] *** Quits: d3m3vilur (Connection closed)
[23:26:21] *** Quits: nohit__ (Read error: Operation timed out)
[23:26:21] *** nohit___ is now known as nohit__
[23:27:14] *** Quits: phigcloud (Ping timeout: 496 seconds)
[23:33:23] *** Joins: rjeli____
[23:36:54] *** Joins: phigcloud
