[02:27:22] *** Joins: fgsfds
[04:39:06] *** Quits: phigcloud (Read error: Operation timed out)
[04:45:21] *** Quits: GerbilSof (Read error: Operation timed out)
[04:45:44] *** Joins: GerbilSof
[04:45:48] *** Quits: Sentry (Read error: Operation timed out)
[04:46:16] *** Quits: lex1 (Read error: Operation timed out)
[04:46:35] *** Joins: lex1
[04:48:38] *** Joins: Snetry
[07:32:12] *** Joins: phigcloud
[12:21:22] *** Joins: changO-
[17:36:28] *** Joins: refs
[17:36:51] *** Quits: ris2z (Ping timeout: 186 seconds)
[18:36:26] *** Joins: ris2z
[18:36:27] *** Quits: ris2z (Excess Flood)
[18:38:02] *** Joins: ris2z
[18:38:03] *** Quits: ris2z (Excess Flood)
[18:39:08] *** Joins: ris2z
[18:39:09] *** Quits: ris2z (Excess Flood)
[18:40:24] *** Joins: ris2z
[18:40:24] *** Quits: ris2z (Excess Flood)
[18:41:44] *** Joins: ris2z
[18:41:45] *** Quits: ris2z (Excess Flood)
[18:43:01] *** Joins: ris2z
[18:43:01] *** Quits: ris2z (Excess Flood)
[18:44:12] *** Joins: ris2z
[18:44:12] *** Quits: ris2z (Excess Flood)
[18:45:28] *** Joins: ris2z
[18:45:28] *** Quits: ris2z (Excess Flood)
[18:46:43] *** Joins: ris2z
[18:46:43] *** Quits: ris2z (Excess Flood)
[18:48:04] *** Joins: ris2z
[18:48:04] *** Quits: ris2z (Excess Flood)
[18:49:15] *** Joins: ris2z
[18:49:16] *** Quits: ris2z (Excess Flood)
[18:50:25] *** Joins: ris2z
[18:50:25] *** Quits: ris2z (Excess Flood)
[18:51:46] *** Joins: ris2z
[18:51:46] *** Quits: ris2z (Excess Flood)
[18:52:57] *** Joins: ris2z
[18:52:57] *** Quits: ris2z (Excess Flood)
[18:54:17] *** Joins: ris2z
[18:54:17] *** Quits: ris2z (Excess Flood)
[18:55:33] *** Joins: ris2z
[18:55:33] *** Quits: ris2z (Excess Flood)
[18:56:43] *** Joins: ris2z
[18:56:43] *** Quits: ris2z (Excess Flood)
[18:57:58] *** Joins: ris2z
[18:57:58] *** Quits: ris2z (Excess Flood)
[18:59:09] *** Joins: ris2z
[18:59:09] *** Quits: ris2z (Excess Flood)
[19:00:24] *** Joins: ris2z
[19:00:24] *** Quits: ris2z (Excess Flood)
[19:01:40] *** Joins: ris2z
[19:01:40] *** Quits: ris2z (Excess Flood)
[19:02:50] *** Joins: ris2z
[19:02:50] *** Quits: ris2z (Excess Flood)
[19:04:05] *** Joins: ris2z
[19:04:06] *** Quits: ris2z (Excess Flood)
[19:05:16] *** Joins: ris2z
[19:05:17] *** Quits: ris2z (Excess Flood)
[19:06:26] *** Joins: ris2z
[19:06:27] *** Quits: ris2z (Excess Flood)
[19:07:37] *** Joins: ris2z
[19:25:49] *** Joins: ProHeroSn
[19:30:18] *** Quits: ProHeroSn (Ping timeout: 252 seconds)
[19:36:57] *** Joins: n87
[22:50:19] *** Quits: n87 (Read error: Connection reset by peer)
