[05:31:54] *** Quits: refs (Quit: refs)
[05:52:45] *** Quits: fgsfds (Quit: Leaving)
[07:28:05] *** Quits: GerbilSof (Quit: Windows must now restart because the Remote Procedure Call (RPC) service terminated unexpectedly.)
[07:46:29] *** Joins: GerbilSof
[09:58:33] *** Quits: ihaveamac (Quit: fail)
[10:00:09] *** Joins: ihaveamac
[10:25:07] *** Joins: uyjulian_
[10:25:07] *** Quits: uyjulian (Read error: Connection reset by peer)
[10:25:11] *** uyjulian_ is now known as uyjulian
[10:31:15] *** Joins: Whovian9-
[10:31:33] *** Joins: derrek_
[10:34:20] *** Quits: derrek (Ping timeout: 745 seconds)
[10:34:20] *** derrek_ is now known as derrek
[10:34:55] *** Quits: Whovian93 (Ping timeout: 745 seconds)
[10:58:50] *** Quits: Whovian9- (Ping timeout: 745 seconds)
[11:06:09] *** Joins: Whovian93
[11:29:32] *** Quits: nohit__ (Read error: Connection reset by peer)
[11:32:48] *** Joins: nohit__
[12:25:43] *** Quits: Genolo (Ping timeout: 265 seconds)
[12:26:01] *** Joins: Genolo
[12:26:12] *** Quits: thomasnet (Ping timeout: 265 seconds)
[12:27:40] *** Joins: thomasnet
[12:28:53] *** Quits: Retr0id (Read error: Operation timed out)
[12:29:11] *** Joins: Retr0id
[12:32:30] *** Joins: zini
[12:32:30] *** Quits: zini- (Read error: Connection reset by peer)
[13:25:15] *** Quits: rjeli____ (Ping timeout: 1230 seconds)
[13:31:55] *** Joins: refs
[13:35:21] *** Joins: rjeli____
[16:52:55] *** Joins: n87
[17:18:54] *** Joins: fgsfds
[20:31:47] *** Quits: n87 (Read error: Connection reset by peer)
[20:55:20] *** Joins: oreo639
