[00:31:43] <plutobot> Wiki | Page changed: Joy-Con | User: CapNem | https://switchbrew.org/w/index.php?curid=55&diff=11231&oldid=11219
[03:06:11] *** Quits: Whovian93 (Remote host closed the connection)
[03:18:24] *** Joins: Whovian93
[03:22:59] *** Quits: rjeli____ (Read error: Connection reset by peer)
[03:28:43] *** Joins: rjeli____
[03:29:12] *** Quits: rjeli____ (Read error: Connection reset by peer)
[03:36:03] *** Joins: rjeli____
[03:37:28] *** Quits: nohit__ (Read error: Connection reset by peer)
[03:44:51] *** Joins: nohit__
[04:27:18] *** Joins: zini-
[04:27:59] *** Quits: Normmatt (Write error: Broken pipe)
[04:28:32] *** Quits: Whovian93 (Quit: And I'm gone.)
[04:28:32] *** Quits: derrek (Quit: This should have not happened.)
[04:28:32] *** Quits: uyjulian (Quit: ZNC - http://znc.in)
[04:29:14] *** Quits: Phils3r (Write error: Broken pipe)
[04:29:14] *** Quits: zini (Write error: Broken pipe)
[04:29:42] *** Quits: dibas (Quit: Leaving...)
[04:29:42] *** Quits: gruetzkop (Quit: quit)
[04:29:42] *** Joins: Phils3r
[04:29:42] *** Joins: dibas
[04:29:49] *** Quits: rjeli____ (Read error: Connection reset by peer)
[04:29:59] *** Joins: uyjulian
[04:31:14] *** Joins: rjeli____
[04:31:19] *** Joins: gruetzkop
[04:35:04] *** Joins: Normmatt
[04:38:01] *** Joins: derrek
[04:50:01] *** Quits: derrek (Quit: This should have not happened.)
[04:50:01] *** Quits: uyjulian (Quit: ZNC - http://znc.in)
[04:50:01] *** Quits: Phils3r (Quit: ZNC - https://znc.in)
[04:51:15] *** Quits: refs (Quit: refs)
[04:51:54] *** Quits: gruetzkop (Quit: quit)
[04:51:54] *** Quits: dibas (Quit: Leaving...)
[04:52:04] *** Quits: mid-kid1 (Remote host closed the connection)
[04:52:40] *** Joins: gruetzkop
[04:53:00] *** Joins: mid-kid1
[05:04:09] *** Quits: nichfury (Read error: Operation timed out)
[05:07:03] *** Quits: Kyouju (Read error: Operation timed out)
[05:07:08] *** Joins: Kyouju
[05:07:35] *** Joins: dibas
[05:08:37] *** Joins: uyjulian
[05:08:39] *** Joins: Phils3r
[05:08:40] *** Quits: j0hny5 (Ping timeout: 600 seconds)
[05:12:38] *** Quits: Phils3r (Client Quit)
[05:14:17] *** Joins: Phils3r
[05:15:38] *** Joins: Whovian93
[05:15:44] *** Joins: derrek
[05:24:42] *** Joins: nich
[05:24:45] *** Joins: j0hny5
[05:42:50] *** Quits: Phils3r (Quit: ZNC - https://znc.in)
[05:44:39] *** Quits: rjeli____ (Read error: Connection timed out)
[05:48:53] *** Quits: derrek (Quit: This should have not happened.)
[05:48:53] *** Quits: uyjulian (Quit: ZNC - http://znc.in)
[05:49:05] *** Joins: Phils3r
[05:49:12] *** Joins: uyjulian
[05:49:12] *** Joins: rjeli____
[05:49:25] *** Joins: mid-kid2
[05:50:43] *** Quits: mid-kid1 (Read error: Connection reset by peer)
[05:52:10] *** Joins: derrek
[06:46:15] *** Quits: oreo639 (Ping timeout: 857 seconds)
[07:26:09] *** Quits: fgsfds (Quit: Leaving)
[11:15:32] *** Quits: derrek (Remote host closed the connection)
[11:21:54] *** Joins: derrek
[12:03:31] *** Quits: lameboy (Ping timeout: 186 seconds)
[12:08:26] *** Joins: lameboy
[13:21:10] *** Joins: m4ts_
[13:22:36] *** Quits: m4ts (Ping timeout: 265 seconds)
[13:48:30] *** Quits: rjeli____ (Read error: Connection reset by peer)
[13:51:06] *** Joins: rjeli____
[15:34:50] *** Quits: zombie343 ()
[16:34:24] *** Joins: oreo639
[17:36:07] *** Joins: zini
[17:39:00] *** Quits: zini- (Ping timeout: 615 seconds)
[20:28:18] *** Joins: fgsfds
[21:55:30] *** Joins: refs
