[02:18:26] *** Quits: oreo639 (Read error: Connection reset by peer)
[02:19:27] *** Joins: oreo639
[03:38:44] *** Quits: zini (-->)
[03:41:17] *** Joins: zini
[04:12:05] *** Quits: refs (Quit: refs)
[07:41:48] *** Joins: zini-
[07:41:49] *** Quits: zini (Read error: Connection reset by peer)
[07:49:56] *** Joins: zini
[07:58:30] *** Quits: zini- (Ping timeout: 745 seconds)
[08:15:05] *** Quits: fgsfds (Quit: Leaving)
[12:28:11] *** Quits: oreo639 (Read error: Connection reset by peer)
[12:28:11] *** Joins: oreo639
[12:46:37] *** Quits: oreo639 (Quit: Quit)
[15:34:14] *** Joins: lameboy2
[15:45:10] *** Quits: lameboy (Ping timeout: 745 seconds)
[15:45:14] *** lameboy2 is now known as lameboy
[17:29:45] *** Joins: fgsfds
[17:59:42] <plutobot> Wiki | Page changed: Fuses | User: Hexkyz | https://switchbrew.org/w/index.php?curid=186&diff=11232&oldid=11177
[18:00:23] <plutobot> Wiki | Page changed: Fuses | User: Hexkyz | https://switchbrew.org/w/index.php?curid=186&diff=11233&oldid=11232
[18:26:58] *** Joins: hexkyz
[21:06:43] *** Joins: refs
