[00:25:05] <plutobot> Wiki | Page changed: Product Information | User: CapNem | https://switchbrew.org/w/index.php?curid=384&diff=11234&oldid=11229
[01:14:30] *** Quits: hexkyz (Ping timeout: 745 seconds)
[01:48:19] *** Joins: Genolol
[01:50:12] *** Quits: rjeli____ (se.hub efnet.port80.se)
[01:50:12] *** Quits: derrek (se.hub efnet.port80.se)
[01:50:12] *** Quits: mid-kid2 (se.hub efnet.port80.se)
[01:50:12] *** Quits: uyjulian (se.hub efnet.port80.se)
[01:50:12] *** Quits: Phils3r (se.hub efnet.port80.se)
[01:50:12] *** Quits: Whovian93 (se.hub efnet.port80.se)
[01:50:12] *** Quits: dibas (se.hub efnet.port80.se)
[01:50:12] *** Quits: gruetzkop (se.hub efnet.port80.se)
[01:50:12] *** Quits: Genolo (se.hub efnet.port80.se)
[02:01:02] *** Joins: uyjulian
[02:01:02] *** Joins: mid-kid3
[02:01:02] *** Joins: dibas
[02:01:02] *** Joins: Phils3r
[02:01:02] *** Joins: rjeli____
[02:01:26] *** Joins: derrek
[02:05:52] *** Joins: Whovian93
[02:05:52] *** Genolol is now known as Genolo
[02:15:03] <plutobot> Wiki | Page changed: System Version Title | User: Zachycatgames | https://switchbrew.org/w/index.php?curid=116&diff=11235&oldid=11168
[02:24:20] *** Quits: averne (quit)
[02:24:36] *** Joins: averne_
[02:24:36] *** Server sets mode: +stn 
[02:25:04] *** averne_ is now known as averne
[02:26:40] *** Quits: refs (Quit: refs)
[03:06:03] *** Quits: fgsfds (Ping timeout: 265 seconds)
[03:24:17] *** Joins: CCFL_Man_
[03:28:24] *** Quits: CCFL_Man (Write error: Broken pipe)
[03:29:29] *** Joins: pR0Ps
[03:34:33] *** Quits: |Shadow| ()
[03:37:51] *** Joins: |Shadow|
[03:42:53] *** Quits: |Shadow| ()
[03:56:25] *** Joins: |Shadow|
[04:06:52] *** Quits: pR0Ps (Ping timeout: 252 seconds)
[06:38:24] *** Joins: uyjulian_
[06:38:24] *** Quits: uyjulian (Read error: Connection reset by peer)
[06:38:32] *** uyjulian_ is now known as uyjulian
[07:55:50] *** Quits: rjeli____ (Ping timeout: 1230 seconds)
[08:56:18] *** Joins: changoXPR
[09:01:48] *** Quits: changO- (Ping timeout: 485 seconds)
[09:22:18] *** Quits: Kyouju (Quit: ZNC 1.7.2+deb3~bpo9+1 - https://znc.in)
[09:22:38] *** Quits: blasty (Read error: Operation timed out)
[09:22:41] *** Quits: nrq (Read error: Operation timed out)
[09:23:07] *** Quits: eggy (Read error: Operation timed out)
[09:24:14] *** Quits: omlet05_ (Remote host closed the connection)
[09:25:23] *** Snetry is now known as Sentry
[09:42:25] *** Joins: blasty
[10:20:39] *** Joins: eggster
[10:21:29] *** Joins: nrq
[10:22:10] *** Joins: Kyouju
[11:47:02] *** Quits: nohit__ (Read error: Operation timed out)
[11:47:06] *** Joins: nohit__
[12:34:41] *** Quits: GrecKo_ (Remote host closed the connection)
[12:35:47] *** Joins: GrecKo
[12:36:24] *** Quits: Cu3PO42 (Read error: Operation timed out)
[12:38:56] *** Joins: Cu3PO42
[12:41:08] *** Quits: freundTec (Read error: Operation timed out)
[12:44:55] *** Joins: freundTec
[13:40:40] *** Joins: nohit___
[13:43:12] *** Quits: nohit__ (Read error: Operation timed out)
[13:43:12] *** nohit___ is now known as nohit__
[14:45:56] *** Quits: j0hny5 (Read error: Operation timed out)
[14:46:21] *** Joins: j0hny5
[14:57:31] *** Quits: nohit__ (Read error: Operation timed out)
[14:57:35] *** Joins: nohit__
[15:10:36] *** Quits: |Shadow| ()
[15:27:54] *** Joins: |Shadow|
[15:30:26] *** Quits: nohit__ (Read error: Operation timed out)
[15:31:23] *** Joins: nohit__
[15:57:25] *** Joins: nohit___
[15:59:05] *** Quits: nohit__ (Read error: Operation timed out)
[15:59:05] *** nohit___ is now known as nohit__
[16:35:13] *** Quits: averne (quit)
[16:37:32] *** Joins: averne_
[16:37:32] *** Server sets mode: +stn 
[16:42:55] *** Quits: averne (Ping timeout: 615 seconds)
[16:42:55] *** averne_ is now known as averne
[16:48:48] *** Joins: fgsfds
[16:57:27] *** Quits: j0hny5 (Read error: Operation timed out)
[16:58:51] *** Joins: j0hny5
[17:09:25] *** Quits: Normmatt (Quit: ZNC - http://znc.in)
[17:10:35] *** Joins: Normmatt
[17:20:17] *** Quits: j0hny5 (Read error: Operation timed out)
[17:21:21] *** Joins: j0hny5
[17:55:14] *** Quits: GerbilSof (Read error: Operation timed out)
[18:08:25] *** Quits: nohit__ (Read error: Operation timed out)
[18:08:30] *** Joins: nohit__
[18:13:02] *** Quits: fgsfds (Read error: Connection reset by peer)
[18:13:48] *** Joins: fgsfds
[19:02:29] *** Quits: j0hny5 (Read error: Operation timed out)
[19:03:51] *** Joins: j0hny5
[20:14:30] <plutobot> Wiki | Page changed: Dock | User: Hexkyz | https://switchbrew.org/w/index.php?curid=77&diff=11236&oldid=6363
[20:16:22] <plutobot> Wiki | Page changed: Dock | User: Hexkyz | https://switchbrew.org/w/index.php?curid=77&diff=11237&oldid=11236
[20:17:03] <plutobot> Wiki | Page changed: Dock | User: Hexkyz | https://switchbrew.org/w/index.php?curid=77&diff=11238&oldid=11237
[20:17:24] <plutobot> Wiki | Page changed: Dock | User: Hexkyz | https://switchbrew.org/w/index.php?curid=77&diff=11239&oldid=11238
[20:32:48] *** Quits: j0hny5 (Read error: Operation timed out)
[20:33:24] <plutobot> Wiki | Page changed: Dock | User: Hexkyz | https://switchbrew.org/w/index.php?curid=77&diff=11240&oldid=11239
[20:33:51] *** Joins: j0hny5
[20:37:49] <plutobot> Wiki | Page changed: Dock | User: Hexkyz | https://switchbrew.org/w/index.php?curid=77&diff=11241&oldid=11240
[20:39:21] <plutobot> Wiki | Page changed: Dock | User: Hexkyz | https://switchbrew.org/w/index.php?curid=77&diff=11242&oldid=11241
[21:14:34] *** Quits: j0hny5 (Read error: Operation timed out)
[21:15:22] *** Joins: j0hny5
[21:39:36] *** Joins: GerbilSof
[22:07:30] *** Quits: Whovian93 (Ping timeout: 745 seconds)
[22:15:40] *** Joins: Whovian93
