[00:01:37] *** Quits: j0hny5 (Read error: Operation timed out)
[00:02:52] *** Joins: j0hny5
[00:07:31] *** Quits: nohit__ (Read error: Operation timed out)
[00:07:36] *** Joins: nohit__
[01:45:30] *** Quits: nohit__ (Ping timeout: 493 seconds)
[01:46:15] *** Joins: nohit__
[02:20:27] *** CCFL_Man_ is now known as CCFL_Man
[03:13:17] *** Quits: j0hny5 (Read error: Operation timed out)
[03:13:52] *** Joins: j0hny5
[04:55:09] *** Quits: oldtopman (Remote host closed the connection)
[05:56:54] *** Quits: fgsfds (Quit: Leaving)
[06:13:31] *** Joins: changO-
[06:21:25] *** Joins: nohit___
[06:22:10] *** Quits: changoXPR (Ping timeout: 745 seconds)
[06:22:15] *** Joins: changoXPR
[06:24:33] *** Quits: nohit__ (Read error: Operation timed out)
[06:24:33] *** nohit___ is now known as nohit__
[06:30:20] *** Quits: changO- (Ping timeout: 745 seconds)
[07:31:09] *** Quits: j0hny5 (Read error: Operation timed out)
[07:32:22] *** Joins: j0hny5
[08:24:17] *** Joins: Stary_
[08:24:17] *** Quits: Stary (Read error: Connection reset by peer)
[13:14:45] *** Joins: fgsfds
[17:56:03] *** Quits: lameboy (Ping timeout: 186 seconds)
[18:11:18] *** Joins: lameboy
[18:24:59] *** Quits: lameboy (Read error: Connection reset by peer)
[18:25:04] *** Joins: lameboy2
[18:25:09] *** lameboy2 is now known as lameboy
[18:33:02] *** Quits: GerbilSof (Quit: Windows must now restart because the Remote Procedure Call (RPC) service terminated unexpectedly.)
[18:35:06] *** Joins: GerbilSof
[18:45:23] *** Joins: oreo639
[20:13:00] *** Quits: oreo639 (Remote host closed the connection)
[20:36:39] *** Joins: IShaDoWl
[20:37:31] *** Quits: IShaDoWl (Client Quit)
[20:38:25] *** Joins: IShaDoWl
[21:07:43] *** Joins: n87
[21:26:48] *** Quits: n87 (Read error: Connection reset by peer)
[21:28:33] *** Joins: n87
[21:33:13] *** Quits: n87 (Ping timeout: 265 seconds)
[22:44:02] *** Quits: fgsfds (Read error: Connection reset by peer)
[22:49:11] *** Joins: fgsfds
[23:25:15] <plutobot> Wiki | Page changed: Joy-Con | User: Imp Uhrfik Simone | https://switchbrew.org/w/index.php?curid=55&diff=11243&oldid=11231
