[03:49:07] <plutobot> Wiki | Page changed: Hardware | User: Sephirothkefka | https://switchbrew.org/w/index.php?curid=51&diff=11244&oldid=11230
[05:15:40] *** Quits: fgsfds (Quit: Leaving)
[08:16:56] *** Joins: changO-
[08:25:30] *** Quits: changoXPR (Ping timeout: 745 seconds)
[12:06:08] *** Joins: rajkosto
[13:27:23] *** Quits: Retr0id (Read error: Connection reset by peer)
[13:27:27] *** Joins: Retr0id
[14:33:17] *** Quits: rajkosto (Read error: Connection reset by peer)
[14:39:52] *** Quits: Maylay (Quit: Pipe Terminated)
[14:51:41] *** Joins: Maylay
[15:35:14] *** Quits: lex1 (Read error: Operation timed out)
[15:35:26] *** Quits: Genolo (Read error: Operation timed out)
[15:35:39] *** Joins: Genolo
[15:36:33] *** Quits: blasty (Read error: Operation timed out)
[15:38:23] *** Quits: nohit__ (Read error: Operation timed out)
[15:38:27] *** Quits: Retr0id (Read error: Connection reset by peer)
[15:38:27] *** Joins: nohit__
[15:38:33] *** Joins: lex1
[15:38:40] *** Joins: Retr0id
[15:43:48] *** Joins: blasty
[16:24:03] *** Joins: DacoTaco_
[16:25:18] *** Joins: thejsa
[16:27:35] *** Joins: Maylay_
[16:29:12] *** Quits: Maylay (se.hub efnet.deic.eu)
[16:29:12] *** Quits: lemmu (se.hub efnet.deic.eu)
[16:29:12] *** Quits: jsa_ (se.hub efnet.deic.eu)
[16:29:12] *** Quits: DacoTaco (se.hub efnet.deic.eu)
[16:44:09] *** Joins: lemmy
[17:18:29] <plutobot> Wiki | Page changed: Bus services | User: Hexkyz | https://switchbrew.org/w/index.php?curid=152&diff=11245&oldid=11191
[17:19:10] <plutobot> Wiki | Page changed: Bus services | User: Hexkyz | https://switchbrew.org/w/index.php?curid=152&diff=11246&oldid=11245
[17:22:44] <plutobot> Wiki | Page changed: Hardware | User: Hexkyz | https://switchbrew.org/w/index.php?curid=51&diff=11247&oldid=11244
[17:34:39] <plutobot> Wiki | Page changed: Hardware | User: Hexkyz | https://switchbrew.org/w/index.php?curid=51&diff=11248&oldid=11247
[18:02:04] <plutobot> Wiki | Page changed: Settings services | User: Hexkyz | https://switchbrew.org/w/index.php?curid=110&diff=11249&oldid=11174
[18:34:20] *** Joins: fgsfds
[20:16:45] *** Quits: zini (Ping timeout: 260 seconds)
[20:33:54] *** Joins: zini
[23:43:50] *** Quits: zini (Ping timeout: 260 seconds)
[23:47:06] *** Joins: zini
