[00:31:30] *** Quits: Whovian93 (Ping timeout: 745 seconds)
[00:37:26] *** Joins: Whovian93
[01:44:52] *** Joins: zini-
[01:44:52] *** Quits: zini (Read error: Connection reset by peer)
[02:42:30] *** Joins: zini
[02:42:31] *** Quits: zini- (Read error: Connection reset by peer)
[03:57:08] *** Quits: zini (Read error: Connection reset by peer)
[03:58:21] *** Joins: zini
[03:58:56] *** Joins: rjeli____
[04:07:59] *** Joins: nohit___
[04:08:08] *** Quits: nohit__ (Read error: Operation timed out)
[04:08:09] *** nohit___ is now known as nohit__
[04:20:10] *** Quits: rjeli____ (Ping timeout: 1230 seconds)
[04:27:38] *** Joins: rjeli____
[05:10:18] *** Quits: m4ts_ (Ping timeout: 265 seconds)
[05:10:42] *** Joins: m4ts
[05:22:20] *** Quits: zini (Quit: -->)
[05:25:01] *** Joins: zini
[05:48:02] *** Joins: hexkyz
[06:02:30] *** Joins: zini-
[06:10:25] *** Quits: zini (Ping timeout: 745 seconds)
[06:40:36] *** Quits: fgsfds (Quit: Leaving)
[08:18:56] *** Quits: zini- (Ping timeout: 252 seconds)
[08:22:52] *** Joins: zini
[08:33:36] *** Joins: zini-
[08:36:15] *** Quits: zini (Ping timeout: 745 seconds)
[08:50:00] *** Joins: zini
[08:57:33] *** Quits: zini- (Read error: Operation timed out)
[12:15:00] *** Joins: Whovian9-
[12:17:55] *** Quits: hexkyz (Ping timeout: 741 seconds)
[12:20:17] *** Quits: rjeli____ (Read error: Connection reset by peer)
[12:21:25] *** Quits: Whovian93 (Ping timeout: 745 seconds)
[12:23:29] *** Joins: rjeli____
[12:24:55] *** Quits: dibas (Ping timeout: 745 seconds)
[12:25:17] *** Joins: dibas
[12:25:30] *** Quits: thejsa (Ping timeout: 745 seconds)
[12:25:30] *** Quits: Normmatt (Ping timeout: 745 seconds)
[12:25:32] *** Joins: thejsa
[12:25:59] *** Joins: Normmatt
[12:29:35] *** Quits: Whovian9- (Ping timeout: 745 seconds)
[12:36:43] *** Joins: Whovian93
[12:53:01] *** Joins: fgsfds
[13:19:10] *** Quits: rjeli____ (Ping timeout: 1230 seconds)
[13:19:23] *** Joins: rjeli____
[18:24:36] *** Quits: lameboy (se.hub ny.us.hub)
[18:24:36] *** Quits: |Shadow| (se.hub ny.us.hub)
[18:24:36] *** Quits: IShaDoWl (se.hub ny.us.hub)
[18:24:36] *** Quits: GerbilSof (se.hub ny.us.hub)
[18:24:36] *** Quits: freundTec (se.hub ny.us.hub)
[18:24:36] *** Quits: Kyouju (se.hub ny.us.hub)
[18:24:36] *** Quits: eggster (se.hub ny.us.hub)
[18:24:36] *** Quits: phigcloud (se.hub ny.us.hub)
[18:24:36] *** Quits: giglife (se.hub ny.us.hub)
[18:24:36] *** Quits: yellows8 (se.hub ny.us.hub)
[18:24:36] *** Quits: yls8bot (se.hub ny.us.hub)
[18:24:36] *** Quits: Lightswor (se.hub ny.us.hub)
[18:24:36] *** Quits: balrog (se.hub ny.us.hub)
[18:24:36] *** Quits: sh0e (se.hub ny.us.hub)
[18:24:36] *** Quits: Surkow (se.hub ny.us.hub)
[18:24:36] *** Quits: flotwig (se.hub ny.us.hub)
[18:24:36] *** Quits: GeekShad1 (se.hub ny.us.hub)
[18:24:36] *** Quits: Behemoth (se.hub ny.us.hub)
[18:24:36] *** Quits: tpw_rules (se.hub ny.us.hub)
[18:24:36] *** Quits: Jdbye (se.hub ny.us.hub)
[18:24:36] *** Quits: TurtleP (se.hub ny.us.hub)
[18:24:36] *** Quits: changO- (se.hub ny.us.hub)
[18:24:36] *** Quits: Normmatt (se.hub ny.us.hub)
[18:24:36] *** Quits: Cu3PO42 (se.hub ny.us.hub)
[18:24:36] *** Quits: CCFL_Man (se.hub ny.us.hub)
[18:24:36] *** Quits: ihaveamac (se.hub ny.us.hub)
[18:24:36] *** Quits: Genolo (se.hub ny.us.hub)
[18:24:36] *** Quits: j0hny5 (se.hub ny.us.hub)
[18:24:36] *** Quits: nich (se.hub ny.us.hub)
[18:30:48] *** Joins: |Shadow|
[18:30:48] *** Joins: lameboy
[18:30:48] *** Joins: Normmatt
[18:30:48] *** Joins: Genolo
[18:30:48] *** Joins: changO-
[18:30:48] *** Joins: IShaDoWl
[18:30:48] *** Joins: GerbilSof
[18:30:48] *** Joins: j0hny5
[18:30:48] *** Joins: freundTec
[18:30:48] *** Joins: Cu3PO42
[18:30:48] *** Joins: Kyouju
[18:30:48] *** Joins: eggster
[18:30:48] *** Joins: CCFL_Man
[18:30:48] *** Joins: nich
[18:30:48] *** Joins: ihaveamac
[18:30:48] *** Joins: phigcloud
[18:30:48] *** Joins: giglife
[18:30:48] *** Joins: yellows8
[18:30:48] *** Joins: yls8bot
[18:30:48] *** Joins: Lightswor
[18:30:48] *** Joins: balrog
[18:30:48] *** Joins: sh0e
[18:30:48] *** Joins: Surkow
[18:30:48] *** Joins: flotwig
[18:30:48] *** Joins: GeekShad1
[18:30:48] *** Joins: Behemoth
[18:30:48] *** Joins: tpw_rules
[18:30:48] *** Joins: Jdbye
[18:30:48] *** Joins: TurtleP
[18:30:48] *** hub.efnet.us sets mode: +oo yellows8 yls8bot
[18:30:48] *** WntrMute sets mode: +o yellows8
[18:30:54] *** Quits: lameboy (se.hub hub.efnet.us)
[18:30:54] *** Quits: |Shadow| (se.hub hub.efnet.us)
[18:30:54] *** Quits: changO- (se.hub hub.efnet.us)
[18:30:54] *** Quits: Normmatt (se.hub hub.efnet.us)
[18:30:54] *** Quits: Cu3PO42 (se.hub hub.efnet.us)
[18:30:54] *** Quits: CCFL_Man (se.hub hub.efnet.us)
[18:30:54] *** Quits: ihaveamac (se.hub hub.efnet.us)
[18:30:54] *** Quits: Genolo (se.hub hub.efnet.us)
[18:30:54] *** Quits: j0hny5 (se.hub hub.efnet.us)
[18:30:54] *** Quits: nich (se.hub hub.efnet.us)
[18:30:54] *** Quits: IShaDoWl (se.hub hub.efnet.us)
[18:30:54] *** Quits: GerbilSof (se.hub hub.efnet.us)
[18:30:54] *** Quits: freundTec (se.hub hub.efnet.us)
[18:30:54] *** Quits: Kyouju (se.hub hub.efnet.us)
[18:30:54] *** Quits: eggster (se.hub hub.efnet.us)
[18:30:54] *** Quits: phigcloud (se.hub hub.efnet.us)
[18:30:54] *** Quits: giglife (se.hub hub.efnet.us)
[18:30:54] *** Quits: yellows8 (se.hub hub.efnet.us)
[18:30:54] *** Quits: yls8bot (se.hub hub.efnet.us)
[18:30:54] *** Quits: Lightswor (se.hub hub.efnet.us)
[18:30:54] *** Quits: balrog (se.hub hub.efnet.us)
[18:30:54] *** Quits: sh0e (se.hub hub.efnet.us)
[18:30:54] *** Quits: Surkow (se.hub hub.efnet.us)
[18:30:54] *** Quits: flotwig (se.hub hub.efnet.us)
[18:30:54] *** Quits: GeekShad1 (se.hub hub.efnet.us)
[18:30:54] *** Quits: Behemoth (se.hub hub.efnet.us)
[18:30:54] *** Quits: tpw_rules (se.hub hub.efnet.us)
[18:30:54] *** Quits: Jdbye (se.hub hub.efnet.us)
[18:30:54] *** Quits: TurtleP (se.hub hub.efnet.us)
[18:37:07] *** Joins: |Shadow|
[18:37:07] *** Joins: lameboy
[18:37:07] *** Joins: Normmatt
[18:37:07] *** Joins: Genolo
[18:37:07] *** Joins: changO-
[18:37:07] *** Joins: IShaDoWl
[18:37:07] *** Joins: GerbilSof
[18:37:07] *** Joins: j0hny5
[18:37:07] *** Joins: freundTec
[18:37:07] *** Joins: Cu3PO42
[18:37:07] *** Joins: Kyouju
[18:37:07] *** Joins: eggster
[18:37:07] *** Joins: CCFL_Man
[18:37:07] *** Joins: nich
[18:37:07] *** Joins: ihaveamac
[18:37:07] *** Joins: phigcloud
[18:37:07] *** Joins: giglife
[18:37:07] *** Joins: yellows8
[18:37:07] *** Joins: yls8bot
[18:37:07] *** Joins: Lightswor
[18:37:07] *** Joins: balrog
[18:37:07] *** Joins: sh0e
[18:37:07] *** Joins: Surkow
[18:37:07] *** Joins: flotwig
[18:37:07] *** Joins: GeekShad1
[18:37:07] *** Joins: Behemoth
[18:37:07] *** Joins: tpw_rules
[18:37:07] *** Joins: Jdbye
[18:37:07] *** Joins: TurtleP
[18:37:07] *** hub.efnet.us sets mode: +oo yellows8 yls8bot
[18:37:07] *** WntrMute sets mode: +o yellows8
[18:40:07] *** Quits: GerbilSof (Quit: Windows must now restart because the Remote Procedure Call (RPC) service terminated unexpectedly.)
[18:40:35] *** Joins: GerbilSof
[19:33:40] *** Quits: rjeli____ (Ping timeout: 1230 seconds)
[19:33:53] *** Joins: rjeli____
[20:30:42] *** Joins: n87
[23:37:55] *** Quits: n87 (Read error: Connection reset by peer)
[23:53:15] *** Quits: rjeli____ (Ping timeout: 1230 seconds)
[23:53:28] *** Joins: rjeli____
