[02:51:35] *** Quits: Cu3PO42 (Read error: Operation timed out)
[02:51:59] *** Joins: Cu3PO42
[02:54:45] *** Quits: ihaveamac (Read error: Operation timed out)
[02:54:58] *** Joins: CCFL_Man_
[02:58:43] *** Quits: Normmatt (Read error: Operation timed out)
[02:58:53] *** Quits: CCFL_Man (Read error: Operation timed out)
[03:06:23] *** Joins: Normmatt
[03:07:44] *** Quits: mtheall (Read error: Operation timed out)
[03:11:55] *** Quits: nohit__ (Ping timeout: 493 seconds)
[03:12:48] *** Quits: lex1 (Read error: Operation timed out)
[03:12:56] *** Joins: mtheall
[03:14:00] *** Joins: nohit__
[03:14:13] *** Quits: blasty (Read error: Connection reset by peer)
[03:14:21] *** Quits: Retr0id (Read error: Connection reset by peer)
[03:14:27] *** Joins: lex1
[03:15:10] *** Joins: Retr0id
[03:18:56] *** Joins: blasty
[03:53:27] *** Joins: ihaveamac
[04:45:22] *** CCFL_Man_ is now known as CCFL_Man
[05:24:47] *** Quits: fgsfds (Quit: Leaving)
[07:37:58] *** Quits: |Shadow| ()
[07:38:55] *** Joins: |Shadow|
[07:42:20] *** Quits: |Shadow| (Client Quit)
[07:42:57] *** Joins: |Shadow|
[07:55:31] *** Quits: |Shadow| ()
[07:56:09] *** Joins: |Shadow|
[08:00:20] *** Quits: rjeli____ (Ping timeout: 1230 seconds)
[08:00:33] *** Joins: rjeli____
[08:36:46] *** Quits: nrq (Quit: leaving)
[08:36:53] *** Joins: nrq
[09:14:59] *** Quits: changO- (Read error: Connection reset by peer)
[09:15:58] *** Joins: changO-
[11:45:28] *** Joins: n87
[14:56:33] *** Quits: n87 (Read error: Connection reset by peer)
[17:44:35] *** Joins: hexkyz
[18:02:54] *** Joins: fgsfds
[18:35:30] *** Joins: n87
[18:40:53] *** Quits: zini (Quit: -->)
[18:41:37] *** Joins: zini
[18:41:45] *** Quits: zini (Client Quit)
[18:42:27] *** Joins: zini
[18:44:50] *** Quits: zini (Client Quit)
[19:24:46] *** Joins: zini
[19:29:02] *** Quits: zini (Client Quit)
[19:29:35] *** Joins: zini
[19:37:07] *** Quits: zini (Quit: -->)
[19:37:40] *** Joins: zini
[19:47:58] <plutobot> Wiki | Page changed: Product Information | User: CapNem | https://switchbrew.org/w/index.php?curid=384&diff=11250&oldid=11234
[21:59:35] *** Quits: n87 (Read error: Connection reset by peer)
