[01:53:05] *** Quits: rjeli____ (Ping timeout: 1230 seconds)
[01:53:18] *** Joins: rjeli____
[03:31:05] *** Quits: rjeli____ (Ping timeout: 1230 seconds)
[03:31:18] *** Joins: rjeli____
[05:44:00] *** Joins: Whovian9-
[05:45:39] *** Joins: derrek_
[05:47:17] *** Joins: Phils3r_
[05:47:35] *** Quits: hexkyz (Ping timeout: 745 seconds)
[05:48:10] *** Quits: Phils3r (Ping timeout: 615 seconds)
[05:49:55] *** Quits: rjeli____ (Ping timeout: 1230 seconds)
[05:49:56] *** Quits: lemmy (Ping timeout: 615 seconds)
[05:50:30] *** Quits: derrek (Ping timeout: 745 seconds)
[05:50:31] *** derrek_ is now known as derrek
[05:52:15] *** Quits: Whovian93 (Ping timeout: 745 seconds)
[06:06:42] *** Joins: lemmy
[06:35:28] *** Joins: lameboy2
[06:37:50] *** Quits: |Shadow| (ircd.choopa.net irc.Prison.NET)
[06:37:50] *** Quits: mtheall (ircd.choopa.net irc.Prison.NET)
[06:37:50] *** Quits: lameboy (ircd.choopa.net irc.Prison.NET)
[06:39:51] *** Joins: mtheall_
[06:52:56] *** lameboy2 is now known as lameboy
[07:26:45] *** Quits: j0hny5 (Read error: Operation timed out)
[07:27:00] *** Quits: nich (Ping timeout: 600 seconds)
[07:27:22] *** Joins: nich
[07:27:36] *** Joins: j0hny5
[07:34:05] *** Quits: Genolo (Ping timeout: 600 seconds)
[07:34:30] *** Joins: Genolo
[07:49:56] *** Joins: rjeli____
[07:50:54] *** Quits: fgsfds (Quit: Leaving)
[08:36:34] *** Joins: |Shadow|
[10:17:08] *** Quits: nohit__ (Read error: Operation timed out)
[10:18:50] *** Joins: nohit__
[10:19:42] *** Quits: blasty (Read error: Connection reset by peer)
[10:29:00] *** Joins: blasty
[12:02:43] *** Quits: Whovian9- (Remote host closed the connection)
[12:24:24] *** Joins: Whovian93
[13:21:15] *** Joins: m4ts_
[13:22:31] *** Quits: m4ts (Ping timeout: 265 seconds)
[15:50:23] *** Joins: oldtopman
[15:50:26] *** Quits: oldtopman (Read error: Connection reset by peer)
[15:52:43] *** Joins: oldtopman
[17:49:21] *** Joins: fgsfds
[19:20:31] *** Joins: figgis_
[19:24:03] *** Quits: fgsfds (Ping timeout: 265 seconds)
