[00:40:24] *** Joins: oreo639
[04:17:49] *** Quits: figgis_ (Quit: Leaving)
[05:27:38] *** Joins: changoXPR
[05:28:10] *** Joins: uyjulian_
[05:28:25] *** Quits: uyjulian (Read error: Connection reset by peer)
[05:28:25] *** uyjulian_ is now known as uyjulian
[05:29:35] *** Joins: mid-kid4
[05:29:50] *** Joins: nrq_
[05:30:25] *** Quits: mid-kid3 (Read error: Connection reset by peer)
[05:34:11] *** Joins: derrek_
[05:35:00] *** Quits: derrek (Ping timeout: 745 seconds)
[05:35:00] *** derrek_ is now known as derrek
[05:35:35] *** Quits: Whovian93 (Ping timeout: 745 seconds)
[05:35:35] *** Quits: changO- (Ping timeout: 745 seconds)
[05:36:10] *** Quits: nrq (Ping timeout: 745 seconds)
[05:38:08] *** Joins: Whovian93
[06:01:50] *** Quits: rjeli____ (Ping timeout: 1230 seconds)
[06:05:10] *** Quits: plutobot (Ping timeout: 252 seconds)
[06:08:19] *** Joins: rjeli____
[06:16:32] *** Joins: oreo639_
[06:22:25] *** Quits: oreo639 (Ping timeout: 612 seconds)
[06:27:37] *** Quits: rjeli____ (Read error: Connection reset by peer)
[06:30:47] *** Joins: rjeli____
[06:31:31] *** Quits: lemmy (Ping timeout: 612 seconds)
[06:33:28] *** Quits: thejsa (Ping timeout: 612 seconds)
[06:38:49] *** Joins: thejsa
[07:14:51] *** Joins: lemmy
[07:26:25] *** Quits: rjeli____ (Ping timeout: 1230 seconds)
[07:26:38] *** Joins: rjeli____
[10:15:00] *** Quits: rjeli____ (Ping timeout: 1230 seconds)
[10:15:13] *** Joins: rjeli____
[10:26:56] *** Quits: oreo639_ (Read error: Operation timed out)
[11:35:23] *** Joins: lameboy2
[11:42:12] *** Quits: lameboy (Read error: Operation timed out)
[11:42:14] *** lameboy2 is now known as lameboy
[16:12:22] *** Quits: GerbilSof (ircd.choopa.net irc.colosolutions.net)
[16:12:23] *** Joins: GerbilSof
[16:46:25] *** Quits: rjeli____ (Ping timeout: 1230 seconds)
[16:46:38] *** Joins: rjeli____
[17:29:20] *** Quits: ihaveamac (Read error: Operation timed out)
[17:31:40] *** Joins: ihaveamac
[18:21:11] *** Joins: fgsfds
[18:21:30] *** Quits: rjeli____ (Ping timeout: 1230 seconds)
[18:21:43] *** Joins: rjeli____
[18:35:46] *** Quits: tpw_rules (Read error: Connection reset by peer)
[18:35:46] *** Joins: tpw-rules
[18:35:49] *** tpw-rules is now known as tpw_rules
[19:06:57] *** Quits: giglife (Quit: ZNC - http://znc.in)
[20:23:43] *** Joins: oreo639
[22:50:31] *** Quits: changoXPR (Read error: Connection reset by peer)
[23:01:40] *** Joins: changO-
