[00:12:47] *** Quits: changO- (ircd.choopa.net irc.colosolutions.net)
[00:12:47] *** Quits: GerbilSof (ircd.choopa.net irc.colosolutions.net)
[00:13:29] *** Joins: changoXPR
[00:15:21] *** Joins: GerbilS7
[01:11:46] *** Quits: Genolo (Read error: Operation timed out)
[01:12:19] *** Joins: Genolo
[01:17:20] *** Joins: nohit___
[01:17:20] *** Quits: Sentry (Read error: Connection reset by peer)
[01:20:22] *** Joins: Snetry
[01:22:04] *** Quits: nohit__ (Ping timeout: 493 seconds)
[01:23:16] *** nohit___ is now known as nohit__
[01:36:24] *** Quits: Retr0id (Read error: Connection reset by peer)
[01:36:48] *** Quits: lex1 (Read error: Connection reset by peer)
[01:36:54] *** Joins: lex2
[01:36:58] *** lex2 is now known as lex1
[07:06:23] *** Quits: oreo639 (Read error: Connection reset by peer)
[07:25:30] *** Quits: rjeli____ (Ping timeout: 1230 seconds)
[07:25:43] *** Joins: rjeli____
[08:38:59] *** Quits: fgsfds (Read error: Connection reset by peer)
[08:50:05] *** Quits: rjeli____ (Ping timeout: 1230 seconds)
[08:54:12] *** Joins: rjeli____
[09:27:32] *** Joins: eggy
[09:27:33] *** Quits: eggster (Read error: Connection reset by peer)
[09:36:18] *** Quits: Behemoth (Ping timeout: 376 seconds)
[09:39:20] *** Joins: Behemoth
[09:52:12] *** Quits: IShaDoWl (Read error: Operation timed out)
[09:52:50] *** Joins: IShaDoWl
[09:56:52] *** Quits: Lightswor (Read error: Connection reset by peer)
[09:58:35] *** Quits: balrog (Read error: Operation timed out)
[09:59:05] *** Joins: mtheall
[09:59:05] *** Quits: yls8bot (Read error: Connection reset by peer)
[10:00:23] *** Joins: GeekShado
[10:02:35] *** Joins: balrog
[10:04:59] *** Quits: phigcloud (Read error: Operation timed out)
[10:06:26] *** Joins: Lightswor
[10:06:38] *** Quits: TurtleP (Read error: Operation timed out)
[10:06:54] *** Joins: TurtleP
[10:07:12] *** Quits: mtheall_ (Read error: Operation timed out)
[10:07:46] *** Quits: GeekShad1 (Read error: Operation timed out)
[10:07:53] *** Joins: phigcloud
[10:14:41] *** Quits: WntrMute (Ping timeout: 265 seconds)
[10:18:38] *** Joins: WntrMute
[10:18:39] *** fincs sets mode: +o WntrMute
[10:39:24] *** Quits: Jdbye (Read error: Connection reset by peer)
[10:39:24] *** Joins: Jbdye
[10:39:29] *** Jbdye is now known as Jdbye
[10:55:17] *** Quits: fincs (Ping timeout: 265 seconds)
[11:00:51] *** Joins: fincs
[11:00:51] *** WntrMute sets mode: +o fincs
[11:00:51] *** Quits: Kyouju (Read error: Connection reset by peer)
[11:01:08] *** Joins: yls8bot
[11:05:26] *** Quits: Lightswor (Read error: Connection reset by peer)
[11:06:14] *** Quits: yellows8 (Read error: Operation timed out)
[11:08:21] *** Joins: Kyouju
[11:10:13] *** Joins: Lightswor
[11:10:34] *** Quits: Cu3PO42 (Ping timeout: 376 seconds)
[11:11:57] *** Joins: yls8bot_
[11:16:43] *** Quits: Lightswor (Read error: Connection reset by peer)
[11:16:55] *** Joins: Lightswor
[11:18:33] *** Quits: yls8bot_ (Read error: Connection reset by peer)
[11:18:48] *** Joins: yls8bot_
[11:19:10] *** Quits: yls8bot (Read error: Operation timed out)
[11:19:11] *** yls8bot_ is now known as yls8bot
[11:24:23] *** Joins: changO-
[11:24:23] *** Quits: Kyouju (Read error: Connection reset by peer)
[11:25:29] *** Joins: Kyouju
[11:25:49] *** Quits: Surkow (Read error: Operation timed out)
[11:26:33] *** Joins: yellows8
[11:26:33] *** WntrMute sets mode: +o yellows8
[11:31:12] *** Quits: changoXPR (Read error: Operation timed out)
[11:32:55] *** Joins: yls8bot_
[11:39:41] *** Joins: yls8bot__
[11:39:41] *** Quits: yls8bot_ (Read error: Connection reset by peer)
[11:39:43] *** Quits: yls8bot (Read error: Operation timed out)
[11:39:47] *** yls8bot__ is now known as yls8bot
[11:41:11] *** yellows8 sets mode: +o yls8bot
[11:45:23] *** Joins: Cu3PO42
[11:47:12] *** Quits: sh0e (Read error: Operation timed out)
[11:49:17] *** Joins: sh0e
[11:56:40] *** Joins: Surkow
[11:56:40] *** Quits: yls8bot (Read error: Connection reset by peer)
[11:56:50] *** Joins: yls8bot_
[11:56:57] *** yls8bot_ is now known as yls8bot
[11:57:37] *** yellows8 sets mode: +o yls8bot
[13:36:58] *** Quits: sh0e (Read error: Connection reset by peer)
[13:46:37] *** Joins: sh0e
[14:41:04] *** Quits: sh0e (Read error: Connection reset by peer)
[14:41:07] *** Joins: sh0e
[14:41:33] *** Joins: lameboy2
[14:42:36] *** Quits: mtheall (se.hub efnet.deic.eu)
[14:42:36] *** Quits: Behemoth (se.hub efnet.deic.eu)
[14:42:36] *** Quits: lameboy (se.hub efnet.deic.eu)
[14:42:36] *** Quits: lemmy (se.hub efnet.deic.eu)
[14:42:36] *** Quits: thejsa (se.hub efnet.deic.eu)
[14:45:26] *** Joins: mtheall_
[14:48:54] *** Joins: Behemoth_
[14:49:16] *** Quits: rjeli____ (Read error: Connection reset by peer)
[14:57:43] *** lameboy2 is now known as lameboy
[15:06:14] *** Quits: Genolo (Read error: Operation timed out)
[15:06:14] *** Quits: Snetry (Read error: Connection reset by peer)
[15:07:22] *** Quits: nohit__ (Read error: Operation timed out)
[15:09:06] *** Joins: Genolo
[15:13:09] *** Quits: phigcloud (Read error: Operation timed out)
[15:13:39] *** Joins: Snetry
[15:13:40] *** Joins: phigcloud
[15:15:15] *** Quits: blasty (Read error: Connection reset by peer)
[15:15:19] *** Joins: blasty
[15:15:48] *** Joins: lemmy
[15:16:19] *** Joins: nohit__
[15:34:33] *** Quits: zini (Quit: -->)
[15:35:54] *** Joins: zini
[16:04:46] *** Joins: rjeli____
[16:21:28] *** Quits: nohit__ (Read error: Connection reset by peer)
[16:22:55] *** Joins: nohit__
[16:23:35] *** Quits: phigcloud (Read error: Operation timed out)
[16:24:27] *** Joins: phigcloud
[18:47:18] *** Joins: fgsfds
[20:15:56] *** Joins: n87
[21:17:33] *** Joins: |Shadow|_
[21:19:33] *** Quits: n87 (Quit: Leaving)
[21:19:52] *** Joins: n87
[21:20:57] *** Quits: |Shadow| (Read error: Operation timed out)
[21:40:32] *** Quits: n87 (Ping timeout: 265 seconds)
[22:00:50] *** Joins: hexkyz
[22:08:44] *** Quits: ris2z (Remote host closed the connection)
[22:08:50] *** Quits: IShaDoWl (Ping timeout: 496 seconds)
[22:13:55] *** Quits: hexkyz (Ping timeout: 745 seconds)
[22:18:15] *** Joins: ris2z
[22:28:44] *** Joins: ihaveama-
[22:28:45] *** Quits: ihaveamac (Read error: Connection reset by peer)
[22:29:30] *** Joins: changoXPR
[22:30:42] *** Quits: changO- (Ping timeout: 496 seconds)
[22:41:22] *** Quits: ihaveama- (Ping timeout: 496 seconds)
[22:44:10] *** Joins: nrq
[22:51:31] *** Quits: nrq_ (Ping timeout: 744 seconds)
[23:22:15] *** |Shadow|_ is now known as |Shadow|
[23:23:35] *** Quits: Snetry (Read error: Operation timed out)
[23:27:02] *** Joins: Snetry
[23:40:08] *** Joins: ihaveamac
