[00:15:01] *** Quits: Phils3r_ (Quit: ZNC - https://znc.in)
[00:15:08] *** Joins: Phils3r
[00:25:19] *** Joins: figgis_
[00:26:54] *** Joins: mukunda
[00:28:44] *** Quits: fgsfds (Ping timeout: 265 seconds)
[00:41:32] *** Joins: Sentry-
[00:42:51] *** Quits: Snetry (Read error: Connection refused)
[01:50:15] *** Joins: rajkosto
[03:06:14] *** Quits: lemmy (se.hub efnet.deic.eu)
[03:06:24] *** Quits: phigcloud (Ping timeout: 252 seconds)
[03:12:50] *** Quits: rjeli____ (Read error: Connection reset by peer)
[03:13:19] *** Joins: phigcloud
[03:15:57] *** Joins: rjeli____
[04:43:15] *** Quits: GerbilS7 (Read error: Operation timed out)
[04:43:38] *** Joins: GerbilS7
[05:30:43] *** Quits: rajkosto (Read error: Connection reset by peer)
[06:05:33] *** Quits: ris2z (Ping timeout: 186 seconds)
[06:05:33] *** Joins: ris2z
[06:06:43] *** Quits: ris2z (Ping timeout: 186 seconds)
[06:26:18] *** Quits: Lightswor (Read error: Connection reset by peer)
[06:26:23] *** Quits: GerbilS7 (Read error: Operation timed out)
[06:27:59] *** Joins: GerbilSof
[06:30:56] *** Quits: yls8bot (Read error: Operation timed out)
[06:34:54] *** Quits: Behemoth_ (Ping timeout: 376 seconds)
[06:40:30] *** Quits: Cu3PO42 (Ping timeout: 376 seconds)
[06:49:53] *** Quits: Surkow (Excess Flood)
[06:50:08] *** Joins: Lightswor
[06:50:36] *** Joins: yls8bot
[06:51:07] *** yellows8 sets mode: +o yls8bot
[06:56:40] *** Quits: Lightswor (Read error: Connection reset by peer)
[07:04:17] *** Quits: yls8bot (Read error: Operation timed out)
[07:04:20] *** Quits: yellows8 (Read error: Connection reset by peer)
[07:08:34] *** Joins: Cu3PO42
[07:21:02] *** Joins: n87
[07:23:38] *** Joins: Surkow
[07:24:58] *** Quits: n87 (Read error: Connection reset by peer)
[07:28:13] *** Joins: yellows8
[07:28:13] *** WntrMute sets mode: +o yellows8
[07:39:34] *** Quits: Surkow (hub.efnet.us irc.Prison.NET)
[07:39:45] *** Quits: rjeli____ (Ping timeout: 1230 seconds)
[07:39:58] *** Joins: rjeli____
[07:44:59] *** Quits: figgis_ (Quit: Leaving)
[07:56:34] *** Quits: yellows8 (Read error: Connection reset by peer)
[08:02:06] *** Joins: lemmy
[08:05:07] *** Joins: Lightswor
[08:05:11] *** Quits: ihaveamac (Read error: Operation timed out)
[08:05:49] *** Joins: Surkow
[08:07:51] *** Joins: yls8bot
[08:08:51] *** Joins: yellows8
[08:08:51] *** WntrMute sets mode: +o yellows8
[09:01:01] *** Joins: ihaveamac
[09:22:20] *** Quits: ihaveamac (Read error: Operation timed out)
[09:24:01] *** Joins: ihaveamac
[09:33:33] *** Quits: |Shadow| (Read error: Operation timed out)
[09:34:01] *** Joins: |Shadow|
[09:47:44] *** Joins: Snetry
[09:49:03] *** Quits: Sentry- (Read error: Connection refused)
[09:56:20] *** Joins: Behemoth_
[09:57:39] *** Quits: Snetry (Read error: Connection refused)
[09:59:40] *** Joins: Snetry
[10:28:23] *** Joins: mukunda_
[10:33:13] *** Quits: mukunda (Read error: Operation timed out)
[10:33:13] *** Quits: blasty (Read error: Connection reset by peer)
[10:35:57] *** Quits: Snetry (Read error: Connection reset by peer)
[10:38:33] *** Joins: Snetry
[10:39:32] *** Joins: blasty
[10:50:36] *** Quits: Snetry (Read error: Connection refused)
[10:50:56] *** Joins: Snetry
[10:57:38] *** Joins: sh0e-
[10:58:53] *** Quits: Snetry (Read error: Operation timed out)
[10:59:57] *** Quits: sh0e (Read error: Connection reset by peer)
[11:04:44] *** Joins: Snetry
[11:30:26] *** Joins: Sentry-
[11:31:45] *** Quits: Snetry (Read error: Operation timed out)
[12:26:40] *** Joins: Snetry
[12:28:00] *** Quits: Sentry- (Read error: Operation timed out)
[12:29:57] *** Quits: Snetry (Read error: Connection refused)
[12:36:40] *** Joins: Snetry
[12:43:00] *** Joins: Sentry-
[12:43:02] *** Quits: Snetry (Read error: Operation timed out)
[12:55:23] *** Joins: refs
[13:17:43] *** Joins: Snetry
[13:19:34] *** Quits: Sentry- (Read error: Connection refused)
[14:59:56] *** Quits: mukunda_ ()
[16:02:30] *** Joins: Sentry-
[16:03:20] *** Quits: Snetry (Read error: Operation timed out)
[18:07:16] *** Joins: Snetry
[18:07:43] *** Joins: fgsfds
[18:08:36] *** Quits: Sentry- (Read error: Operation timed out)
[19:09:58] *** Joins: Sentry-
[19:11:18] *** Quits: Snetry (Read error: Operation timed out)
[19:12:38] *** Quits: Sentry- (Read error: Operation timed out)
[19:17:37] *** Joins: Snetry
[19:22:44] *** Joins: changO-
[19:33:45] *** Quits: changoXPR (Ping timeout: 745 seconds)
[19:38:59] *** Joins: Mimoja8
[19:45:15] *** Joins: oreo639
[19:58:09] *** Joins: n87
[22:11:24] *** Quits: n87 (Read error: Connection reset by peer)
