[00:53:34] *** Quits: oreo639 (Ping timeout: 252 seconds)
[03:25:08] *** Joins: eggster
[03:27:06] *** Quits: fincs (Ping timeout: 317 seconds)
[03:27:06] *** Quits: Jdbye (Ping timeout: 317 seconds)
[03:27:06] *** Quits: WntrMute (Ping timeout: 317 seconds)
[03:27:06] *** Quits: TurtleP (Ping timeout: 317 seconds)
[03:27:28] *** Joins: TurtleP
[03:27:30] *** Quits: eggy (Read error: Operation timed out)
[03:27:34] *** Joins: fincs
[03:27:41] *** Quits: mtheall_ (Ping timeout: 256 seconds)
[03:27:47] *** Joins: WntrMute
[03:27:55] *** Joins: mtheall
[03:28:25] *** Joins: changoXPR
[03:29:26] *** Quits: changO- (Ping timeout: 481 seconds)
[03:29:26] *** Quits: Cu3PO42 (Ping timeout: 260 seconds)
[03:31:12] *** Joins: Jdbye
[03:32:15] *** Quits: fincs (Ping timeout: 265 seconds)
[03:32:33] *** Joins: fincs
[03:55:08] *** Joins: Cu3PO42
[04:14:30] *** Quits: |Shadow| (Read error: Operation timed out)
[04:16:03] *** Joins: |Shadow|
[04:23:25] *** Quits: refs (Quit: refs)
[04:24:10] *** Quits: |Shadow| (Read error: Operation timed out)
[04:29:13] *** Joins: |Shadow|
[04:40:20] *** Quits: rjeli____ (Ping timeout: 1230 seconds)
[04:43:02] *** Joins: rjeli____
[04:54:35] *** Quits: sh0e- (Quit: Bye.)
[04:58:50] *** Joins: sh0e
[07:16:25] *** Quits: TurtleP (Quit: ZNC 1.6.4 - http://znc.in)
[07:17:15] *** Joins: TurtleP
[07:21:30] *** Joins: oreo639
[07:38:55] *** Joins: oreo639_
[07:41:31] *** Quits: oreo639_ (Client Quit)
[07:57:39] *** Joins: hexkyz
[08:00:33] *** Quits: fgsfds (Read error: Connection reset by peer)
[09:12:03] *** Quits: |Shadow| (Read error: Operation timed out)
[09:14:19] *** Joins: |Shadow|
[09:19:45] *** Quits: hexkyz (Ping timeout: 745 seconds)
[09:31:51] *** Quits: |Shadow| (Read error: Operation timed out)
[09:32:03] *** Joins: |Shadow|
[09:53:17] *** Quits: |Shadow| ()
[09:54:12] *** Joins: |Shadow|
[11:50:58] *** Quits: oreo639 (Quit: Quit)
[13:22:50] *** Joins: refs
[17:13:31] *** Joins: fgsfds
[17:19:48] *** Quits: refs (Quit: refs)
[17:40:23] *** Joins: figgis_
[17:44:21] *** Quits: fgsfds (Read error: Operation timed out)
[17:52:50] *** Quits: ihaveamac (Ping timeout: 496 seconds)
[17:54:26] *** Quits: Cu3PO42 (Ping timeout: 496 seconds)
[17:56:49] *** Joins: Cu3PO42
[18:47:15] *** Joins: ihaveamac
[19:28:09] *** Joins: changO-
[19:33:46] *** Quits: changoXPR (Read error: Operation timed out)
[22:56:03] *** Joins: oreo639
