[00:59:36] *** Joins: CCFL_Man
[01:00:55] *** Quits: Cu3PO42 (Ping timeout: 745 seconds)
[01:10:44] *** Joins: Cu3PO42
[01:57:06] *** Quits: CCFL_Man (Read error: Connection reset by peer)
[01:58:08] *** Quits: ihaveamac (Read error: Operation timed out)
[01:59:46] *** Joins: CCFL_Man
[02:02:58] *** Quits: phigcloud (Ping timeout: 496 seconds)
[02:05:37] *** Joins: phigcloud
[03:00:02] *** Joins: ihaveamac
[04:27:58] *** Quits: refs (Quit: refs)
[09:31:55] *** Quits: fgsfds (Read error: Connection reset by peer)
[12:08:51] *** Joins: changO-
[12:17:35] *** Quits: changoXPR (Ping timeout: 745 seconds)
[12:27:30] *** Quits: Cu3PO42 (Ping timeout: 745 seconds)
[12:33:54] *** Joins: Cu3PO42
[12:50:53] *** Quits: changO- (Read error: Operation timed out)
[12:55:44] *** Joins: changO-
[13:08:18] *** Joins: refs
[13:29:33] *** Quits: zini (Quit: -->)
[13:33:15] *** Joins: zini
[17:56:58] *** Joins: Tcm0
[18:01:25] *** Joins: fgsfds
[19:08:49] *** Quits: fgsfds (Ping timeout: 260 seconds)
[19:12:33] *** Joins: fgsfds
