[01:01:44] *** Quits: Tcm0 (Leaving)
[02:07:50] *** Quits: nohit (Ping timeout: 493 seconds)
[02:10:45] *** Joins: Sentry-
[02:11:11] *** Quits: Snetry (Read error: Connection reset by peer)
[02:11:11] *** Quits: blasty (Read error: Connection reset by peer)
[02:14:24] *** Joins: nohit
[02:18:04] *** Joins: blasty
[02:26:35] *** Quits: fgsfds (Read error: Connection reset by peer)
[02:27:10] *** Joins: fgsfds
[03:49:41] *** Quits: lemmy (se.hub efnet.deic.eu)
[03:49:44] *** Quits: rjeli____ (Read error: Connection reset by peer)
[03:52:53] *** Joins: rjeli____
[04:17:12] *** Joins: lemmy
[04:30:01] *** Joins: oreo639
[04:35:15] *** Quits: rjeli____ (Ping timeout: 1230 seconds)
[04:37:39] *** Joins: rjeli____
[04:48:40] *** Quits: fincs (Ping timeout: 260 seconds)
[04:48:58] *** Quits: phigcloud (Read error: Operation timed out)
[04:49:08] *** Joins: fincs
[04:50:00] *** Joins: phigcloud
[05:00:24] *** Quits: refs (Quit: refs)
[06:06:22] *** Quits: oreo639 (Ping timeout: 612 seconds)
[07:35:37] *** Quits: fgsfds (Quit: Leaving)
[07:47:10] *** Quits: rjeli____ (Ping timeout: 1230 seconds)
[07:47:23] *** Joins: rjeli____
[09:07:43] *** Quits: Sentry- (Read error: Operation timed out)
[09:08:27] *** Joins: Snetry
[09:19:38] *** Joins: Sentry-
[09:20:58] *** Quits: Snetry (Read error: Operation timed out)
[10:26:30] *** Quits: fincs (Ping timeout: 265 seconds)
[10:26:40] *** Joins: fincs
[10:51:19] *** Quits: rjeli____ (Read error: Connection timed out)
[11:08:19] *** Joins: rjeli____
[11:54:53] *** Quits: Sentry- (Read error: Operation timed out)
[11:55:35] *** Joins: Snetry
[13:13:16] *** Joins: Sentry-
[13:15:07] *** Quits: Snetry (Read error: Connection refused)
[13:21:22] *** Joins: m4ts
[13:22:55] *** Quits: m4ts_ (Ping timeout: 265 seconds)
[13:24:55] *** Quits: rjeli____ (Ping timeout: 1230 seconds)
[13:25:08] *** Joins: rjeli____
[14:55:43] *** Joins: refs
[15:19:16] *** Quits: rjeli____ (Read error: Connection timed out)
[15:36:42] *** Joins: rjeli____
[16:36:47] *** Joins: oreo639
[17:14:42] *** Quits: balrog (Bye)
[17:18:41] *** Joins: balrog
[17:35:10] *** Quits: rjeli____ (Ping timeout: 1230 seconds)
[17:35:23] *** Joins: rjeli____
[18:14:30] *** Quits: oreo639 (Read error: Connection reset by peer)
[18:42:09] *** Joins: fgsfds
[21:28:30] *** Quits: rjeli____ (Ping timeout: 1230 seconds)
[21:28:43] *** Joins: rjeli____
