[00:49:10] *** Quits: tpw_rules (Ping timeout: 745 seconds)
[00:52:00] *** Joins: tpw_rules
[01:02:00] *** Quits: rjeli____ (Ping timeout: 1230 seconds)
[01:02:13] *** Joins: rjeli____
[02:15:13] <yls8bot> https://yls8.mtheall.com/ninupdates/reports.php?date=2021-10-26_00-15-05&sys=hac 
[02:17:18] <yls8bot> Update-details for the following hac report is now available/updated: https://yls8.mtheall.com/ninupdates/reports.php?date=2021-10-26_00-15-05&sys=hac 
[02:32:09] <yls8bot> Sysmodule SwIPC-generation .info files for the following hac report is now available/updated: https://yls8.mtheall.com/ninupdates/reports.php?date=2021-10-26_00-15-05&sys=hac 
[03:01:45] *** Quits: fgsfds (Read error: Connection reset by peer)
[03:03:41] *** Joins: fgsfds
[04:38:10] *** Quits: refs (Quit: refs)
[04:43:34] *** Joins: oreo639
[04:56:30] *** Quits: rjeli____ (Ping timeout: 1230 seconds)
[04:56:43] *** Joins: rjeli____
[08:18:24] *** Quits: fgsfds (Quit: Leaving)
[08:48:21] *** Quits: |Shadow| (Ping timeout: 240 seconds)
[08:57:54] *** Quits: GerbilSof (Read error: Operation timed out)
[08:58:21] *** Joins: GerbilSof
[09:11:43] *** Joins: |Shadow|
[11:12:11] *** Joins: ris2z
[11:37:42] *** Quits: oreo639 (Read error: Operation timed out)
[13:01:16] *** Joins: m4ts_
[13:03:55] *** Quits: m4ts (Ping timeout: 265 seconds)
[13:13:44] *** Joins: refs
[16:36:36] *** Joins: eggy
[16:36:36] *** Quits: eggster (Read error: Connection reset by peer)
[16:41:50] *** Joins: Kyouju_
[16:41:50] *** Quits: Kyouju (Read error: Connection reset by peer)
[16:41:52] *** Quits: balrog (Read error: Operation timed out)
[16:44:11] *** Joins: balrog
[16:46:15] *** Quits: j0hny5 (Read error: Operation timed out)
[16:47:02] *** Quits: Maylay (Read error: Operation timed out)
[16:48:13] *** Joins: nichfury
[16:48:24] *** Quits: nich (Read error: Operation timed out)
[16:49:22] *** Joins: j0hny5
[16:55:20] *** Joins: Maylay
[17:03:06] *** Quits: nohit (Ping timeout: 493 seconds)
[17:03:27] *** Quits: blasty (Read error: Connection reset by peer)
[17:11:03] *** Joins: blasty
[17:11:03] *** Quits: Sentry- (Read error: Connection reset by peer)
[17:13:20] *** Joins: nohit
[17:13:20] *** Joins: Snetry
[17:28:44] *** Joins: n87
[18:03:30] *** Joins: fgsfds
[18:08:13] *** Quits: |Shadow| (ny.us.hub irc.Prison.NET)
[18:23:04] *** Joins: |Shadow|
[19:05:41] *** Joins: oreo639
[23:17:17] *** Quits: n87 (Read error: Connection reset by peer)
[23:39:20] *** Joins: oreo639_
[23:39:20] *** Quits: oreo639 (Read error: Connection reset by peer)
[23:39:56] *** oreo639_ is now known as oreo639
