[00:32:24] *** Joins: thejsa
[01:52:05] *** Joins: pieman
[04:48:12] *** Quits: refs (Quit: refs)
[05:00:56] *** Quits: derrek (Quit: This should have not happened.)
[05:00:56] *** Quits: Whovian93 (Quit: And I'm gone.)
[05:00:56] *** Quits: lemmy (Remote host closed the connection)
[05:00:56] *** Quits: Normmatt (Quit: ZNC - http://znc.in)
[05:00:56] *** Quits: uyjulian (Quit: ZNC - http://znc.in)
[05:01:13] *** Joins: derrek
[05:01:14] *** Joins: uyjulian
[05:04:05] *** Joins: Whovian93
[05:17:37] *** Joins: Normmatt
[05:21:05] *** Joins: lemmy
[06:31:04] *** Quits: fgsfds (Read error: Connection reset by peer)
[07:09:45] *** Quits: rjeli____ (Ping timeout: 1230 seconds)
[07:09:58] *** Joins: rjeli____
[07:52:55] *** Quits: pieman (Ping timeout: 1230 seconds)
[07:53:22] *** Joins: pieman
[09:05:50] *** Quits: rjeli____ (Ping timeout: 1230 seconds)
[09:06:03] *** Joins: rjeli____
[12:08:53] *** Quits: oreo639 (Read error: Operation timed out)
[13:37:05] *** Joins: refs
[18:05:25] *** Joins: fgsfds
[18:21:05] *** Joins: tertu
[19:37:53] *** Quits: changO- (Read error: Connection reset by peer)
[19:41:29] *** Joins: changO-
[20:13:37] *** Joins: n87
[20:20:54] *** Joins: oreo639
[20:32:31] *** Joins: n87_2
[20:32:31] *** Quits: n87 (Read error: Connection reset by peer)
[21:05:30] *** Quits: Mimoja8 (Quit: The Lounge - https://thelounge.github.io)
[21:25:25] *** Joins: Mimoja8
[23:04:00] *** Quits: n87_2 (Read error: Connection reset by peer)
[23:05:13] *** Joins: figgis_
[23:10:38] *** Quits: fgsfds (Ping timeout: 376 seconds)
