[00:55:01] *** Joins: tertu2
[00:56:55] *** Quits: tertu (Read error: Operation timed out)
[00:56:55] *** tertu2 is now known as tertu
[03:05:24] *** Joins: flotwig_
[03:05:34] *** Joins: Kyouju
[03:05:49] *** Quits: flotwig (Read error: Operation timed out)
[03:05:49] *** flotwig_ is now known as flotwig
[03:05:52] *** Quits: oldtopman (Read error: Operation timed out)
[03:06:18] *** Joins: oldtopman
[03:06:44] *** Quits: yls8bot (Read error: Operation timed out)
[03:06:57] *** Quits: Lightswor (Read error: Operation timed out)
[03:07:21] *** Joins: fgsfds
[03:08:10] *** Quits: figgis_ (Ping timeout: 376 seconds)
[03:08:10] *** Quits: Behemoth_ (Ping timeout: 376 seconds)
[03:08:19] *** Quits: sh0e (Read error: Operation timed out)
[03:08:44] *** Quits: Surkow (Read error: Operation timed out)
[03:08:50] *** Quits: Jdbye (Read error: Operation timed out)
[03:08:53] *** Quits: changO- (Read error: No route to host)
[03:08:53] *** Joins: Jdbye
[03:09:26] *** Joins: Surkow
[03:09:34] *** Joins: changO-
[03:09:59] *** Quits: Maylay (Read error: Operation timed out)
[03:10:03] *** Quits: TurtleP (Read error: Operation timed out)
[03:10:08] *** Joins: TurtleP
[03:10:13] *** Quits: freundTec (Read error: Operation timed out)
[03:10:27] *** Quits: Kyouju_ (Read error: Operation timed out)
[03:10:27] *** Joins: freundTec
[03:10:34] *** Quits: yellows8 (Read error: Operation timed out)
[03:10:45] *** Joins: Behemoth
[03:14:55] *** Quits: rjeli____ (Ping timeout: 1230 seconds)
[03:20:39] *** Joins: CHANFIX
[03:20:39] *** services.int sets mode: +o CHANFIX
[03:20:39] *** CHANFIX sets mode: +o fincs
[03:20:39] <CHANFIX> 1 client should have been opped.
[03:20:39] *** Parts: CHANFIX ()
[03:21:34] *** Joins: sh0e
[03:21:44] *** Joins: rjeli____
[03:25:50] *** Joins: Maylay
[04:45:05] *** Joins: Lightswor
[04:45:37] *** Joins: yellows8
[04:46:46] *** Joins: yls8bot
[05:00:52] *** Quits: refs (Quit: refs)
[05:06:55] *** Quits: Mimoja8 (Read error: Operation timed out)
[05:06:59] *** Joins: Mimoja8
[05:08:15] *** Quits: blasty (Read error: Operation timed out)
[05:08:33] *** Quits: freundTec (Read error: Operation timed out)
[05:09:17] *** Joins: freundTec
[05:09:24] *** Joins: blasty
[06:07:53] *** Quits: Surkow (Read error: Operation timed out)
[06:09:14] *** Joins: Surkow
[06:09:27] *** Quits: |Shadow| (Ping timeout: 240 seconds)
[06:22:50] *** Joins: |Shadow|
[07:08:08] *** Quits: fgsfds (Quit: Leaving)
[07:13:07] *** Quits: GerbilSof (Read error: Operation timed out)
[07:23:01] *** Joins: GerbilSof
[09:49:41] *** Quits: oreo639 (Quit: Quit)
[13:10:54] *** Joins: refs
[18:04:36] *** Joins: m4ts
[18:06:40] *** Quits: m4ts_ (Ping timeout: 265 seconds)
[18:17:30] *** Joins: fgsfds
[20:56:34] *** Joins: n87
[21:59:51] *** Joins: Shoey
[22:48:18] *** Quits: n87 (Read error: Connection reset by peer)
