[01:10:36] *** Joins: jsa_
[01:12:59] *** Joins: oreo639
[01:16:45] *** Quits: thejsa (Ping timeout: 745 seconds)
[01:39:23] *** Joins: graffix
[01:50:00] *** Quits: graffix (Remote host closed the connection)
[02:06:25] *** Quits: rjeli____ (Read error: Connection timed out)
[02:16:39] *** Joins: rjeli____
[02:38:08] *** Quits: oreo639 (Read error: Operation timed out)
[02:41:14] *** Parts: Shoey ()
[04:01:53] *** Quits: Behemoth (Read error: Operation timed out)
[04:03:18] *** Joins: Behemoth
[04:05:46] *** Quits: freundTec (Read error: Operation timed out)
[04:06:54] *** Joins: freundTec
[04:09:01] *** Quits: eggy (Ping timeout: 612 seconds)
[04:09:49] *** Joins: eggster
[04:11:29] *** Quits: TurtleP (Ping timeout: 317 seconds)
[04:11:40] *** Quits: balrog (Read error: Operation timed out)
[04:11:43] *** Joins: balrog_
[04:11:44] *** Joins: TurtleP
[04:12:04] *** Quits: Jdbye (Ping timeout: 256 seconds)
[04:12:39] *** balrog_ is now known as balrog
[04:16:10] *** Joins: Jdbye
[04:20:09] *** Quits: fincs (Ping timeout: 313 seconds)
[04:20:19] *** Joins: CHANFIX
[04:20:19] *** services.int sets mode: +o CHANFIX
[04:20:19] *** CHANFIX sets mode: +o yellows8
[04:20:19] <CHANFIX> 1 client should have been opped.
[04:20:19] *** Parts: CHANFIX ()
[04:20:22] *** Joins: fincs
[04:20:29] *** yellows8 sets mode: +o yls8bot
[04:20:30] *** yls8bot sets mode: +oo fincs WntrMute
[04:43:39] *** Joins: oreo639
[04:47:39] *** Quits: refs (Quit: refs)
[05:03:26] *** Quits: rjeli____ (Read error: Connection timed out)
[05:11:39] *** Joins: rjeli____
[06:30:16] *** Quits: rjeli____ (Read error: Connection timed out)
[06:47:24] *** Joins: rjeli____
[06:52:12] *** Quits: fgsfds (Quit: Leaving)
[07:35:43] *** Joins: hexkyz
[08:56:25] *** Quits: rjeli____ (Ping timeout: 1230 seconds)
[08:56:38] *** Joins: rjeli____
[09:09:48] *** Joins: changoXPR
[09:19:10] *** Quits: changO- (Ping timeout: 745 seconds)
[12:06:35] *** Quits: hexkyz (Ping timeout: 745 seconds)
[12:11:15] *** Quits: rjeli____ (Ping timeout: 1230 seconds)
[12:11:47] *** Quits: oreo639 (Quit: Quit)
[12:14:44] *** Joins: rjeli____
[12:17:32] *** Quits: rjeli____ (Read error: Connection reset by peer)
[12:28:24] *** Joins: rjeli____
[12:30:29] *** Quits: rjeli____ (Read error: Connection reset by peer)
[12:36:39] *** Joins: rjeli____
[13:34:00] *** Joins: refs
[17:29:14] *** Joins: m4ts_
[17:32:41] *** Quits: m4ts (Ping timeout: 265 seconds)
[19:40:09] *** Joins: fgsfds
[19:50:01] *** Quits: refs (Quit: refs)
[22:23:28] *** Joins: n87
[23:20:38] *** Quits: changoXPR (Read error: Operation timed out)
[23:51:52] *** Quits: n87 (Read error: Connection reset by peer)
