[02:20:56] *** Quits: ihaveamac (Quit: fail)
[02:22:04] *** Joins: ihaveamac
[02:26:28] *** Joins: refs
[04:21:16] *** Quits: refs (Quit: refs)
[06:18:54] *** Quits: fgsfds (Read error: Connection reset by peer)
[06:39:43] *** Joins: oreo639
[06:45:05] *** Joins: eggy
[06:45:05] *** Quits: eggster (Read error: Connection reset by peer)
[06:51:32] *** Quits: oreo639 (Quit: Quit)
[08:41:07] *** Quits: Behemoth (Quit: No Ping reply in 180 seconds.)
[08:41:25] *** Joins: Behemoth
[12:20:17] *** Quits: Phils3r (Read error: Connection reset by peer)
[12:20:17] *** Quits: zini (Read error: Connection reset by peer)
[12:20:17] *** Quits: Normmatt (Read error: Connection reset by peer)
[12:20:17] *** Quits: uyjulian (Read error: Connection reset by peer)
[12:20:17] *** Joins: uyjulian
[12:20:20] *** Joins: zini
[12:20:22] *** Joins: Phils3r
[12:21:05] *** Joins: dibas_
[12:21:10] *** Joins: derrek_
[12:21:57] *** Joins: Whovian9-
[12:25:38] *** Joins: Normmatt
[12:28:26] *** Quits: derrek (Ping timeout: 745 seconds)
[12:28:26] *** derrek_ is now known as derrek
[12:29:01] *** Quits: dibas (Ping timeout: 745 seconds)
[12:29:01] *** dibas_ is now known as dibas
[12:32:30] *** Quits: Whovian93 (Ping timeout: 745 seconds)
[12:35:25] *** Quits: rjeli____ (Ping timeout: 1230 seconds)
[12:37:49] *** Joins: rjeli____
[12:57:45] *** Joins: refs
[13:50:39] *** Joins: n87
[16:11:35] *** Joins: fgsfds
[16:24:35] *** Quits: n87 (Read error: Connection reset by peer)
[16:56:37] *** Quits: GerbilSof (Remote host closed the connection)
[17:02:12] *** Joins: GerbilSof
[22:51:03] *** Quits: fgsfds (Ping timeout: 265 seconds)
[23:55:16] *** Joins: fgsfds
[23:57:06] *** Joins: n87
