[01:08:57] *** Quits: n87 (Read error: Connection reset by peer)
[02:04:53] *** Joins: |Shadow|_
[02:06:52] *** Quits: |Shadow| (Read error: Operation timed out)
[02:40:25] *** |Shadow|_ is now known as |Shadow|
[02:48:45] *** Quits: fgsfds (Quit: Leaving)
[04:55:08] *** Quits: refs (Quit: refs)
[05:38:04] *** Joins: |Shadow|_
[05:43:22] *** Quits: |Shadow| (Read error: Operation timed out)
[07:55:31] *** Quits: lameboy (Read error: Connection reset by peer)
[07:55:46] *** Joins: lameboy
[07:59:13] *** Quits: lameboy (Read error: Connection reset by peer)
[07:59:39] *** Joins: lameboy
[08:16:06] *** Quits: mtheall (Ping timeout: 252 seconds)
[08:16:32] *** Joins: mtheall
[08:16:41] *** Joins: lameboy2
[08:18:18] *** Quits: GerbilSof (Ping timeout: 252 seconds)
[08:18:18] *** Quits: Maylay (Ping timeout: 252 seconds)
[08:18:45] *** Joins: GerbilSof
[08:19:19] *** Joins: Maylay
[08:20:21] *** Quits: lameboy (Ping timeout: 265 seconds)
[08:20:24] *** lameboy2 is now known as lameboy
[08:20:30] *** Quits: Genolo (Ping timeout: 252 seconds)
[08:23:38] *** Joins: Genolo
[13:41:39] *** Quits: zini (Quit: -->)
[13:42:38] *** Joins: zini
[13:44:34] *** Joins: refs
[14:08:24] *** |Shadow|_ is now known as |Shadow|
[17:12:06] *** Quits: Mimoja8 (Remote host closed the connection)
[17:12:21] *** Joins: Mimoja8
[17:13:07] *** Quits: refs (Ping timeout: 186 seconds)
[17:14:09] *** Joins: refs`
[18:16:18] *** Joins: fgsfds
[19:20:29] *** Joins: oreo639
[19:22:25] *** Quits: oreo639 (Client Quit)
[19:22:45] *** Joins: oreo639
[19:34:31] *** Joins: n87
[23:50:17] *** Quits: oreo639 (Read error: Connection reset by peer)
[23:50:44] *** Joins: oreo639
