[00:59:55] *** Joins: anewuser_ (~anewuser@200.75.120.99)
[00:59:56] <yellows8> maybe check what qlaunch does with nifm *shrug*
[01:00:17] *** Quits: anewuser_ (~anewuser@200.75.120.99) (Read error: Connection reset by peer)
[01:00:46] *** Joins: anewuser_ (~anewuser@200.75.120.99)
[01:01:41] <Behemoth> did you test the ns cmds before commiting to libnx?
[01:02:46] *** Quits: anewuser (~anewuser@200.75.120.99) (Ping timeout: 376 seconds)
[01:02:57] <Behemoth> I wish Nintendo wouldn't have used shared pointers for their ipc interfaces. It's such a pain to to find calls.
[01:05:07] <yellows8> iirc it may have thrown that same error here (was a good while ago)... but my system has domains blocked (and banned) anyway heh
[01:05:32] <Behemoth> heh
[01:07:36] *** Quits: GerbilSof (~GerbilSof@pool-108-24-152-152.cmdnnj.fios.verizon.net) (Quit: Windows must now restart because the Remote Procedure Call (RPC) service terminated unexpectedly.)
[01:11:46] <yellows8> "... find calls" are you using this or similar btw? https://github.com/hthh/switch-reversing/tree/master/pattern
[01:14:09] <Behemoth> yes
[01:14:17] <Behemoth> but ns stuff isn't in nnSdk
[01:14:33] <Behemoth> at least it never matches >.<
[01:15:03] <yellows8> meant nifm
[01:15:52] <Behemoth> yeah that works
[01:15:55] <Behemoth> I'll give it a try
[01:15:57] <Behemoth> thank
[01:16:00] <Behemoth> thanks*
[01:16:47] <yellows8> :)
[01:42:41] <Behemoth> Ok I got it to work.
[01:42:41] <Behemoth> Had to submit a NifmRequest first.
[01:42:41] <Behemoth> Wacky how this interface is detached from nifm::IsAnyInternetRequestAccepted
[01:54:08] *** Quits: flagrama (flagrama@id-145621.stonehaven.irccloud.com) (Read error: Connection reset by peer)
[01:55:13] *** Quits: anewuser_ (~anewuser@200.75.120.99) (Remote host closed the connection)
[01:55:45] *** Joins: anewuser (~anewuser@200.75.120.99)
[01:56:05] *** Joins: flagrama (~flagrama@id-145621.stonehaven.irccloud.com)
[02:25:32] <yellows8> :)
[02:48:18] *** Quits: DoozerBot (~DoozerBot@89.7.232.35.bc.googleusercontent.com) (Remote host closed the connection)
[03:16:46] *** Quits: anewuser (~anewuser@200.75.120.99) (Read error: Connection reset by peer)
[03:17:44] *** Joins: anewuser (~anewuser@200.75.120.99)
[03:18:01] *** Quits: anewuser (~anewuser@200.75.120.99) (Remote host closed the connection)
[03:20:07] *** Joins: anewuser (~anewuser@200.75.120.99)
[03:20:40] *** Quits: anewuser (~anewuser@200.75.120.99) (Client Quit)
[03:46:41] <plutobot> Wiki | Page changed: Super Mario 3D All-Stars | User: yls8 | https://switchbrew.org/w/index.php?curid=419&diff=10140&oldid=10139
[05:42:10] *** Quits: |Shadow| (~Shadow1@ip24-253-241-112.ok.ok.cox.net) (Read error: Connection reset by peer)
[05:53:00] *** Joins: |Shadow| (~Shadow1@ip24-253-241-112.ok.ok.cox.net)
[06:52:43] *** Quits: derk0pf (~derk0pf@ip5b413570.dynamic.kabel-deutschland.de) (Read error: Operation timed out)
[07:16:50] *** Joins: derk0pf (~derk0pf@ip5b413570.dynamic.kabel-deutschland.de)
[07:35:48] *** Joins: GerbilSof (~GerbilSof@pool-108-24-152-152.cmdnnj.fios.verizon.net)
[08:03:54] *** Quits: mukunda (~mukunda@107.126.102.5) (Ping timeout: 265 seconds)
[09:01:38] *** Quits: fgsfds (~figgis@93.123.144.171) (Read error: Connection reset by peer)
[09:09:30] *** Joins: Tcm0 (~Tcm0@p5dc4519a.dip0.t-ipconnect.de)
[09:27:52] *** Quits: derk0pf (~derk0pf@ip5b413570.dynamic.kabel-deutschland.de) (Ping timeout: 745 seconds)
[09:41:07] *** Quits: IShaDoWl (~IShaDoWl@215.red-79-145-215.dynamicip.rima-tde.net) ()
[11:51:21] <plutobot> GitHub | New PR: Add virtmemFi... | User: DCNick | https://github.com/switchbrew/libnx/pull/501
[12:05:14] *** Joins: derk0pf (~derk0pf@ip5b413570.dynamic.kabel-deutschland.de)
[12:15:28] *** Joins: derk0pf_ (~derk0pf@dynamic-046-114-039-249.46.114.pool.telefonica.de)
[12:17:10] *** Quits: derk0pf (~derk0pf@ip5b413570.dynamic.kabel-deutschland.de) (Ping timeout: 265 seconds)
[13:14:30] *** Joins: zini- (~zini@88-113-145-208.elisa-laajakaista.fi)
[13:15:03] *** Joins: Phils3r_ (~Phil@2a02:c205:3000:2328::1)
[13:15:03] *** Quits: Phils3r (~Phil@2a02:c205:3000:2328::1) (Read error: Connection reset by peer)
[13:15:13] *** Quits: derrek (slUFmYOzY9@sirius.uberspace.de) (Read error: Connection reset by peer)
[13:15:13] *** Quits: thejsa (~eva@lana.core.fs3d.net) (Write error: Connection reset by peer)
[13:15:19] *** Quits: MasterGK (~ghabry@datengurke.mastergk.de) (Read error: Connection reset by peer)
[13:15:19] *** Quits: rctgamer3 (~rctgamer3@2a00:f10:121:a00:4ba:60ff:fe00:196c) (Read error: Connection reset by peer)
[13:15:35] *** Joins: uyjulian_ (~uyjulian@69-110-38-205.lightspeed.lbcktx.sbcglobal.net)
[13:15:39] *** Joins: derrek (LtSahBsPp4@sirius.uberspace.de)
[13:15:39] *** Joins: rctgamer3 (~rctgamer3@2a00:f10:121:a00:4ba:60ff:fe00:196c)
[13:15:39] *** Joins: SCV__ (sid226262@charlton.irccloud.com)
[13:15:48] *** Joins: ave_8 (~ave_@79.110.170.32)
[13:16:06] *** Joins: thejsa (~eva@lana.core.fs3d.net)
[13:16:23] *** Quits: SCV__ (sid226262@charlton.irccloud.com) (Read error: Connection reset by peer)
[13:16:29] *** Joins: dibas_ (~dibas@wild.uberspace.de)
[13:17:20] *** Joins: rjeli____ (sid289321@charlton.irccloud.com)
[13:17:55] *** Joins: SCV__ (sid226262@charlton.irccloud.com)
[13:19:01] *** Joins: Ghabry (~ghabry@datengurke.mastergk.de)
[13:19:55] *** Quits: SCV__ (sid226262@charlton.irccloud.com) (Read error: Connection reset by peer)
[13:19:55] *** Quits: rjeli____ (sid289321@charlton.irccloud.com) (Read error: Connection reset by peer)
[13:22:45] *** Joins: SCV__ (sid226262@charlton.irccloud.com)
[13:23:32] *** Quits: ave_ (~ave_@79.110.170.32) (Ping timeout: 745 seconds)
[13:23:33] *** ave_8 is now known as ave_
[13:24:08] *** Quits: dibas (~dibas@wild.uberspace.de) (Ping timeout: 745 seconds)
[13:24:08] *** dibas_ is now known as dibas
[13:25:18] *** Quits: SCV_ (sid226262@id-226262.charlton.irccloud.com) (Ping timeout: 1222 seconds)
[13:25:19] *** Quits: uyjulian (~uyjulian@69-110-38-205.lightspeed.lbcktx.sbcglobal.net) (Ping timeout: 745 seconds)
[13:25:19] *** Joins: rjeli____ (sid289321@charlton.irccloud.com)
[13:25:19] *** SCV__ is now known as SCV_
[13:25:19] *** Quits: SCV_ (sid226262@charlton.irccloud.com) (Write error: Connection reset by peer)
[13:25:19] *** Quits: rjeli____ (sid289321@charlton.irccloud.com) (Write error: Connection reset by peer)
[13:25:19] *** uyjulian_ is now known as uyjulian
[13:27:38] *** Quits: zini (~zini@88-113-145-208.elisa-laajakaista.fi) (Ping timeout: 745 seconds)
[13:28:33] *** Joins: SCV__ (sid226262@id-226262.charlton.irccloud.com)
[13:28:48] *** Quits: hexkyz (~hexkyz@ec2-18-179-123-169.ap-northeast-1.compute.amazonaws.com) (Ping timeout: 745 seconds)
[13:29:23] *** Quits: phigcloud (uid13896@id-13896.tooting.irccloud.com) (Ping timeout: 1230 seconds)
[13:29:37] *** Joins: hexkyz (~hexkyz@ec2-18-179-123-169.ap-northeast-1.compute.amazonaws.com)
[13:29:40] *** Quits: foghorn3 (~meh@2600:1700:8af0:a950:449e:10bd:833b:2979) (Ping timeout: 265 seconds)
[13:31:45] *** Joins: refs (~refs@p200300dd873f9b000c7d274498df8833.dip0.t-ipconnect.de)
[13:32:15] *** Quits: rjeli___ (sid289321@id-289321.charlton.irccloud.com) (Read error: Connection timed out)
[13:33:47] *** Joins: phigcloud (uid13896@tooting.irccloud.com)
[13:35:00] *** Joins: rjeli____ (sid289321@id-289321.charlton.irccloud.com)
[13:50:26] *** Joins: foghorn (~meh@2600:1700:8af0:a950:5533:ad6f:7b1b:6c2)
[13:54:11] *** Joins: refsw` (~refsw@80.150.130.51)
[13:55:31] *** Quits: rmaw (~rmaw@163.172.57.156) (Read error: Operation timed out)
[13:55:31] *** Quits: blasty (~blasty@haxx.in) (Read error: Operation timed out)
[13:56:33] *** Quits: refsw (~refsw@80.150.130.51) (Read error: Operation timed out)
[14:00:20] *** Quits: phigcloud (uid13896@tooting.irccloud.com) (Read error: Connection reset by peer)
[14:01:06] *** Quits: d3m3vilur (sid4654@id-4654.charlton.irccloud.com) (Read error: Operation timed out)
[14:01:45] *** Joins: phigcloud (uid13896@id-13896.tooting.irccloud.com)
[14:03:05] <plutobot> Wiki | Page changed: Glue services | User: Behemoth | https://switchbrew.org/w/index.php?curid=166&diff=10141&oldid=9383
[14:06:23] *** Quits: GerbilSof (~GerbilSof@pool-108-24-152-152.cmdnnj.fios.verizon.net) (Read error: Operation timed out)
[14:07:56] *** Joins: GerbilSof (~GerbilSof@pool-108-24-152-152.cmdnnj.fios.verizon.net)
[14:12:54] *** Joins: |OMEGA| (~omega@162.253.71.54)
[14:12:57] *** Quits: lex1 (lex@yuuh.pw) (Read error: Operation timed out)
[14:13:50] *** Quits: |OMEGA| (~omega@162.253.71.54) (Client Quit)
[14:54:45] *** Joins: d3m3vilur (sid4654@charlton.irccloud.com)
[14:58:20] *** Joins: rmaw (~rmaw@163.172.57.156)
[14:58:26] *** Joins: blasty (~blasty@haxx.in)
[15:01:12] *** Joins: mukunda (~mukunda@107.126.102.5)
[15:01:36] *** Joins: lex1 (lex@yuuh.pw)
[15:03:27] *** Quits: derk0pf_ (~derk0pf@dynamic-046-114-039-249.46.114.pool.telefonica.de) (Read error: Connection reset by peer)
[15:35:58] *** Joins: derk0pf (~derk0pf@ip5b413570.dynamic.kabel-deutschland.de)
[15:52:48] *** Joins: Snetry (~sentry@ipservice-092-209-083-174.092.209.pools.vodafone-ip.de)
[15:56:40] *** Quits: Snetry (~sentry@ipservice-092-209-083-174.092.209.pools.vodafone-ip.de) (Read error: Operation timed out)
[16:00:53] *** Joins: Snetry (~sentry@dslb-092-072-255-089.092.072.pools.vodafone-ip.de)
[16:08:11] *** Joins: Sentry- (~sentry@dslb-178-001-117-228.178.001.pools.vodafone-ip.de)
[16:12:37] *** Quits: Snetry (~sentry@dslb-092-072-255-089.092.072.pools.vodafone-ip.de) (Read error: Connection refused)
[16:58:40] <plutobot> Wiki | Page changed: Bus services | User: SciresM | https://switchbrew.org/w/index.php?curid=152&diff=10142&oldid=10109
[16:59:01] <plutobot> Wiki | Page changed: Bus services | User: SciresM | https://switchbrew.org/w/index.php?curid=152&diff=10143&oldid=10142
[17:04:17] <plutobot> Wiki | Page changed: Bus services | User: SciresM | https://switchbrew.org/w/index.php?curid=152&diff=10144&oldid=10143
[17:07:31] <plutobot> Wiki | Page changed: Bus services | User: SciresM | https://switchbrew.org/w/index.php?curid=152&diff=10145&oldid=10144
[17:29:24] *** Quits: lameboy (~lameboy@202-47-121-182.cust.dcsi.net.au) (Quit: Astalabyebye...)
[17:30:18] *** Joins: lameboy (~lameboy@202-47-121-182.cust.dcsi.net.au)
[17:31:47] *** Joins: fgsfds (~figgis@93.123.144.171)
[19:38:05] *** Quits: rctgamer3 (~rctgamer3@2a00:f10:121:a00:4ba:60ff:fe00:196c) (Quit: Meh.)
[19:43:59] *** Joins: rctgamer3 (~rctgamer3@185.66.251.249)
[22:22:29] *** Quits: derk0pf (~derk0pf@ip5b413570.dynamic.kabel-deutschland.de) (Read error: Operation timed out)
[22:59:27] *** Joins: derk0pf (~derk0pf@ip5b413570.dynamic.kabel-deutschland.de)
[23:50:18] *** Quits: Tcm0 (~Tcm0@p5dc4519a.dip0.t-ipconnect.de) (Leaving)
[23:51:12] *** Quits: phigcloud (uid13896@id-13896.tooting.irccloud.com) (Ping timeout: 1230 seconds)
[23:58:00] *** Joins: phigcloud (uid13896@tooting.irccloud.com)
