[00:22:02] *** Joins: foghorn2 (~meh@107-198-163-1.lightspeed.rcsntx.sbcglobal.net)
[00:28:30] *** Quits: foghorn (~meh@2600:1700:8af0:a950:5533:ad6f:7b1b:6c2) (Read error: Operation timed out)
[02:12:25] *** Quits: lameboy (~lameboy@202-47-121-182.cust.dcsi.net.au) (Quit: Astalabyebye...)
[02:12:58] *** Joins: lameboy (~lameboy@202-47-121-182.cust.dcsi.net.au)
[03:18:59] *** Quits: ris2z (~2ri@static.200.38.9.176.clients.your-server.de) (Ping timeout: 186 seconds)
[03:20:17] *** Joins: ris2z (~2ri@static.200.38.9.176.clients.your-server.de)
[04:44:05] *** Quits: refs (~refs@p200300dd873f9b000c7d274498df8833.dip0.t-ipconnect.de) (Quit: refs)
[06:14:27] *** Quits: mukunda (~mukunda@107.126.102.5) (Ping timeout: 604 seconds)
[07:01:53] *** Quits: rmaw (~rmaw@163.172.57.156) (Read error: Operation timed out)
[07:02:09] *** Quits: d3m3vilur (sid4654@charlton.irccloud.com) (Read error: Operation timed out)
[07:02:55] *** Joins: rmaw (~rmaw@163.172.57.156)
[07:06:05] *** Joins: Snetry (~sentry@dslb-178-001-117-228.178.001.pools.vodafone-ip.de)
[07:06:13] *** Quits: Sentry- (~sentry@dslb-178-001-117-228.178.001.pools.vodafone-ip.de) (Read error: Connection reset by peer)
[07:06:59] *** Quits: derk0pf (~derk0pf@ip5b413570.dynamic.kabel-deutschland.de) (Read error: Operation timed out)
[07:16:07] *** Quits: blasty (~blasty@haxx.in) (Read error: Connection reset by peer)
[07:19:23] *** Quits: fgsfds (~figgis@93.123.144.171) (Read error: Connection reset by peer)
[07:30:56] *** Joins: Sentry- (~sentry@dslb-178-001-117-228.178.001.pools.vodafone-ip.de)
[07:30:56] *** Quits: Snetry (~sentry@dslb-178-001-117-228.178.001.pools.vodafone-ip.de) (Read error: Connection reset by peer)
[07:33:07] *** Joins: blasty (~blasty@haxx.in)
[07:49:38] *** Quits: blasty (~blasty@haxx.in) (Ping timeout: 857 seconds)
[07:51:07] *** Joins: blasty (~blasty@haxx.in)
[08:00:42] *** Joins: Snetry (~sentry@dslb-178-001-117-228.178.001.pools.vodafone-ip.de)
[08:00:42] *** Quits: Sentry- (~sentry@dslb-178-001-117-228.178.001.pools.vodafone-ip.de) (Read error: Connection reset by peer)
[08:08:05] *** Quits: rmaw (~rmaw@163.172.57.156) (Read error: Operation timed out)
[08:18:12] *** Joins: blasty_ (~blasty@haxx.in)
[08:21:04] *** Quits: blasty (~blasty@haxx.in) (Ping timeout: 857 seconds)
[08:25:20] *** Quits: Snetry (~sentry@dslb-178-001-117-228.178.001.pools.vodafone-ip.de) (Read error: Connection reset by peer)
[08:27:19] *** Joins: Snetry (~sentry@dslb-178-001-117-228.178.001.pools.vodafone-ip.de)
[08:32:15] *** Joins: rmaw (~rmaw@163.172.57.156)
[08:33:26] *** Joins: blasty (~blasty@haxx.in)
[08:33:31] *** Quits: blasty_ (~blasty@haxx.in) (Read error: Connection reset by peer)
[08:38:33] *** Quits: blasty (~blasty@haxx.in) (Remote host closed the connection)
[08:38:52] *** Joins: blasty (~blasty@haxx.in)
[08:52:25] *** Quits: Snetry (~sentry@dslb-178-001-117-228.178.001.pools.vodafone-ip.de) (Read error: Connection reset by peer)
[09:02:53] *** Joins: d3m3vilur (~sid4654@charlton.irccloud.com)
[09:02:58] *** Joins: blasty_ (~blasty@haxx.in)
[09:03:08] *** Quits: blasty (~blasty@haxx.in) (Read error: Connection reset by peer)
[09:05:27] *** Joins: Snetry (~sentry@dslb-178-001-117-228.178.001.pools.vodafone-ip.de)
[11:03:47] *** Joins: derk0pf (~derk0pf@ip5b413570.dynamic.kabel-deutschland.de)
[12:15:46] *** Quits: KuKzz (KuKzz@95.143.216.177) (Ping timeout: 272 seconds)
[12:19:49] *** Joins: KuKzz (~KuKzz@95.143.216.177)
[13:03:37] *** Joins: mukunda (~mukunda@107.126.102.5)
[13:10:46] *** Quits: mukunda (~mukunda@107.126.102.5) ()
[14:01:51] *** Quits: derk0pf (~derk0pf@ip5b413570.dynamic.kabel-deutschland.de) (Ping timeout: 604 seconds)
[14:26:09] *** Joins: derk0pf (~derk0pf@ip5b413570.dynamic.kabel-deutschland.de)
[14:51:53] *** Quits: derk0pf (~derk0pf@ip5b413570.dynamic.kabel-deutschland.de) (Ping timeout: 604 seconds)
[15:09:36] *** Joins: fgsfds (~figgis@93.123.144.171)
[15:13:16] *** Joins: derk0pf (~derk0pf@ip5b413570.dynamic.kabel-deutschland.de)
[16:13:34] *** Quits: phigcloud (uid13896@tooting.irccloud.com) (Read error: Connection reset by peer)
[16:14:00] *** Joins: phigcloud (uid13896@id-13896.tooting.irccloud.com)
[17:00:41] *** Quits: GerbilSof (~GerbilSof@pool-108-24-152-152.cmdnnj.fios.verizon.net) (Quit: Windows must now restart because the Remote Procedure Call (RPC) service terminated unexpectedly.)
[17:36:20] *** Joins: GerbilSof (~GerbilSof@pool-108-24-152-152.cmdnnj.fios.verizon.net)
[18:03:20] *** Quits: Phils3r_ (~Phil@2a02:c205:3000:2328::1) (Quit: ZNC - https://znc.in)
[18:03:27] *** Joins: Phils3r (~Phil@2a02:c205:3000:2328::1)
[19:08:28] *** Quits: derk0pf (~derk0pf@ip5b413570.dynamic.kabel-deutschland.de) (Remote host closed the connection)
[19:18:27] *** Joins: derk0pf (~derk0pf@ip5b413570.dynamic.kabel-deutschland.de)
[19:23:50] *** Quits: derk0pf (~derk0pf@ip5b413570.dynamic.kabel-deutschland.de) (Quit: leaving)
[19:29:22] *** Joins: derk0pf (~derk0pf@ip5b413570.dynamic.kabel-deutschland.de)
[19:42:08] <plutobot> Wiki | Page changed: Audio services | User: Behemoth | https://switchbrew.org/w/index.php?curid=264&diff=10146&oldid=9919
[20:13:03] *** Quits: derk0pf (~derk0pf@ip5b413570.dynamic.kabel-deutschland.de) (Ping timeout: 266 seconds)
[20:27:10] <plutobot> Wiki | Page changed: Services API | User: Behemoth | https://switchbrew.org/w/index.php?curid=85&diff=10147&oldid=9920
[20:41:04] *** Joins: derk0pf (~derk0pf@ip5b413570.dynamic.kabel-deutschland.de)
[21:11:35] *** Quits: derk0pf (~derk0pf@ip5b413570.dynamic.kabel-deutschland.de) (Ping timeout: 265 seconds)
[21:38:59] *** Joins: refs (~refs@p200300dd87114800c495c09e725542c9.dip0.t-ipconnect.de)
[23:14:34] *** Quits: omlet05_ (~quassel@omlet.ovh) (http://quassel-irc.org - Chat comfortably. Anywhere.)
[23:15:03] *** Joins: omlet05 (~quassel@omlet.ovh)
[23:22:13] <plutobot> GitHub | New PR: Add service w... | User: averne | https://github.com/switchbrew/libnx/pull/502
[23:40:22] *** Quits: Phils3r (~Phil@2a02:c205:3000:2328::1) (se.hub efnet.port80.se)
[23:40:22] *** Quits: phigcloud (uid13896@id-13896.tooting.irccloud.com) (se.hub efnet.port80.se)
[23:40:22] *** Quits: rctgamer3 (~rctgamer3@185.66.251.249) (se.hub efnet.port80.se)
[23:40:22] *** Quits: refsw` (~refsw@80.150.130.51) (se.hub efnet.port80.se)
[23:40:22] *** Quits: rjeli____ (sid289321@id-289321.charlton.irccloud.com) (se.hub efnet.port80.se)
[23:40:22] *** Quits: hexkyz (~hexkyz@ec2-18-179-123-169.ap-northeast-1.compute.amazonaws.com) (se.hub efnet.port80.se)
[23:40:22] *** Quits: SCV__ (sid226262@id-226262.charlton.irccloud.com) (se.hub efnet.port80.se)
[23:40:22] *** Quits: dibas (~dibas@wild.uberspace.de) (se.hub efnet.port80.se)
[23:40:22] *** Quits: ave_ (~ave_@79.110.170.32) (se.hub efnet.port80.se)
[23:40:22] *** Quits: derrek (LtSahBsPp4@sirius.uberspace.de) (se.hub efnet.port80.se)
[23:40:22] *** Quits: uyjulian (~uyjulian@69-110-38-205.lightspeed.lbcktx.sbcglobal.net) (se.hub efnet.port80.se)
[23:40:22] *** Quits: hthh (~hthh@hh.ht) (se.hub efnet.port80.se)
[23:40:23] *** Quits: coriolis (~coriolis@2607:5300:60:2885::1) (se.hub efnet.port80.se)
[23:40:23] *** Quits: naehrwert (~naehrwert@8.38.88.201) (se.hub efnet.port80.se)
[23:40:23] *** Quits: klock (~efklock@vps1.ksociety.net) (se.hub efnet.port80.se)
[23:40:23] *** Quits: Genolo (~fear@2a01:7e00::f03c:91ff:fe93:8d42) (se.hub efnet.port80.se)
[23:40:23] *** Quits: mid-kid (~mid-kid@2a01:7c8:aac8:1e8:5054:ff:fe5e:cd48) (se.hub efnet.port80.se)
[23:40:23] *** Quits: Summeli (summeli@irc.summeli.com) (se.hub efnet.port80.se)
[23:51:36] <plutobot> Wiki | Page changed: Shared Database services | User: Behemoth | https://switchbrew.org/w/index.php?curid=210&diff=10148&oldid=9970
[23:56:40] *** Joins: Phils3r (~Phil@2a02:c205:3000:2328::1)
[23:56:41] *** Joins: phigcloud (uid13896@id-13896.tooting.irccloud.com)
[23:56:41] *** Joins: rctgamer3 (~rctgamer3@185.66.251.249)
[23:56:41] *** Joins: refsw` (~refsw@80.150.130.51)
[23:56:41] *** Joins: rjeli____ (sid289321@id-289321.charlton.irccloud.com)
[23:56:41] *** Joins: hexkyz (~hexkyz@ec2-18-179-123-169.ap-northeast-1.compute.amazonaws.com)
[23:56:41] *** Joins: SCV__ (sid226262@id-226262.charlton.irccloud.com)
[23:56:41] *** Joins: dibas (~dibas@wild.uberspace.de)
[23:56:41] *** Joins: ave_ (~ave_@79.110.170.32)
[23:56:41] *** Joins: derrek (LtSahBsPp4@sirius.uberspace.de)
[23:56:41] *** Joins: uyjulian (~uyjulian@69-110-38-205.lightspeed.lbcktx.sbcglobal.net)
[23:56:41] *** Joins: hthh (~hthh@hh.ht)
[23:56:41] *** Joins: coriolis (~coriolis@2607:5300:60:2885::1)
[23:56:41] *** Joins: naehrwert (~naehrwert@8.38.88.201)
[23:56:41] *** Joins: klock (~efklock@vps1.ksociety.net)
[23:56:41] *** Joins: Genolo (~fear@2a01:7e00::f03c:91ff:fe93:8d42)
[23:56:41] *** Joins: mid-kid (~mid-kid@2a01:7c8:aac8:1e8:5054:ff:fe5e:cd48)
[23:56:41] *** Joins: Summeli (summeli@irc.summeli.com)
