[02:09:34] *** Quits Phils3r (se.hub efnet.port80.se)
[02:09:34] *** Quits phigcloud (se.hub efnet.port80.se)
[02:09:34] *** Quits rctgamer3 (se.hub efnet.port80.se)
[02:09:34] *** Quits refsw` (se.hub efnet.port80.se)
[02:09:34] *** Quits rjeli____ (se.hub efnet.port80.se)
[02:09:34] *** Quits hexkyz (se.hub efnet.port80.se)
[02:09:34] *** Quits SCV__ (se.hub efnet.port80.se)
[02:09:34] *** Quits dibas (se.hub efnet.port80.se)
[02:09:34] *** Quits ave_ (se.hub efnet.port80.se)
[02:09:34] *** Quits derrek (se.hub efnet.port80.se)
[02:09:34] *** Quits uyjulian (se.hub efnet.port80.se)
[02:09:34] *** Quits hthh (se.hub efnet.port80.se)
[02:09:34] *** Quits coriolis (se.hub efnet.port80.se)
[02:09:34] *** Quits naehrwert (se.hub efnet.port80.se)
[02:09:34] *** Quits klock (se.hub efnet.port80.se)
[02:09:34] *** Quits Genolo (se.hub efnet.port80.se)
[02:09:34] *** Quits mid-kid (se.hub efnet.port80.se)
[02:09:34] *** Quits Summeli (se.hub efnet.port80.se)
[02:25:10] *** Joins Phils3r
[02:25:10] *** Joins phigcloud
[02:25:10] *** Joins rctgamer3
[02:25:10] *** Joins refsw`
[02:25:10] *** Joins rjeli____
[02:25:10] *** Joins hexkyz
[02:25:10] *** Joins SCV__
[02:25:10] *** Joins dibas
[02:25:10] *** Joins ave_
[02:25:10] *** Joins derrek
[02:25:10] *** Joins uyjulian
[02:25:10] *** Joins hthh
[02:25:10] *** Joins coriolis
[02:25:10] *** Joins naehrwert
[02:25:10] *** Joins klock
[02:25:10] *** Joins Genolo
[02:25:10] *** Joins mid-kid
[02:25:10] *** Joins Summeli
[02:42:59] *** Quits refs (Quit: refs)
[02:43:07] *** Quits lameboy (Ping timeout: 604 seconds)
[02:43:25] *** Joins lameboy
[03:38:33] *** Quits Phils3r (se.hub efnet.port80.se)
[03:38:33] *** Quits phigcloud (se.hub efnet.port80.se)
[03:38:33] *** Quits rctgamer3 (se.hub efnet.port80.se)
[03:38:33] *** Quits refsw` (se.hub efnet.port80.se)
[03:38:33] *** Quits rjeli____ (se.hub efnet.port80.se)
[03:38:33] *** Quits hexkyz (se.hub efnet.port80.se)
[03:38:33] *** Quits SCV__ (se.hub efnet.port80.se)
[03:38:33] *** Quits dibas (se.hub efnet.port80.se)
[03:38:33] *** Quits ave_ (se.hub efnet.port80.se)
[03:38:33] *** Quits derrek (se.hub efnet.port80.se)
[03:38:33] *** Quits uyjulian (se.hub efnet.port80.se)
[03:38:33] *** Quits hthh (se.hub efnet.port80.se)
[03:38:33] *** Quits coriolis (se.hub efnet.port80.se)
[03:38:33] *** Quits naehrwert (se.hub efnet.port80.se)
[03:38:33] *** Quits klock (se.hub efnet.port80.se)
[03:38:33] *** Quits Genolo (se.hub efnet.port80.se)
[03:38:33] *** Quits mid-kid (se.hub efnet.port80.se)
[03:38:33] *** Quits Summeli (se.hub efnet.port80.se)
[03:54:43] *** Joins Phils3r
[03:54:43] *** Joins phigcloud
[03:54:43] *** Joins rctgamer3
[03:54:43] *** Joins refsw`
[03:54:43] *** Joins rjeli____
[03:54:43] *** Joins hexkyz
[03:54:43] *** Joins SCV__
[03:54:43] *** Joins dibas
[03:54:43] *** Joins ave_
[03:54:43] *** Joins derrek
[03:54:43] *** Joins uyjulian
[03:54:43] *** Joins hthh
[03:54:43] *** Joins coriolis
[03:54:43] *** Joins naehrwert
[03:54:43] *** Joins klock
[03:54:43] *** Joins Genolo
[03:54:43] *** Joins mid-kid
[03:54:43] *** Joins Summeli
[04:18:02] *** Quits Phils3r (se.hub efnet.port80.se)
[04:18:02] *** Quits phigcloud (se.hub efnet.port80.se)
[04:18:02] *** Quits rctgamer3 (se.hub efnet.port80.se)
[04:18:02] *** Quits refsw` (se.hub efnet.port80.se)
[04:18:02] *** Quits rjeli____ (se.hub efnet.port80.se)
[04:18:02] *** Quits hexkyz (se.hub efnet.port80.se)
[04:18:02] *** Quits SCV__ (se.hub efnet.port80.se)
[04:18:02] *** Quits dibas (se.hub efnet.port80.se)
[04:18:02] *** Quits ave_ (se.hub efnet.port80.se)
[04:18:02] *** Quits derrek (se.hub efnet.port80.se)
[04:18:02] *** Quits uyjulian (se.hub efnet.port80.se)
[04:18:02] *** Quits hthh (se.hub efnet.port80.se)
[04:18:02] *** Quits coriolis (se.hub efnet.port80.se)
[04:18:03] *** Quits naehrwert (se.hub efnet.port80.se)
[04:18:03] *** Quits klock (se.hub efnet.port80.se)
[04:18:03] *** Quits Genolo (se.hub efnet.port80.se)
[04:18:03] *** Quits mid-kid (se.hub efnet.port80.se)
[04:18:03] *** Quits Summeli (se.hub efnet.port80.se)
[04:27:38] *** Joins Phils3r
[04:27:38] *** Joins phigcloud
[04:27:38] *** Joins rctgamer3
[04:27:38] *** Joins refsw`
[04:27:38] *** Joins rjeli____
[04:27:38] *** Joins hexkyz
[04:27:38] *** Joins SCV__
[04:27:38] *** Joins dibas
[04:27:38] *** Joins ave_
[04:27:38] *** Joins derrek
[04:27:38] *** Joins uyjulian
[04:27:38] *** Joins hthh
[04:27:38] *** Joins coriolis
[04:27:38] *** Joins naehrwert
[04:27:38] *** Joins klock
[04:27:38] *** Joins Genolo
[04:27:38] *** Joins mid-kid
[04:27:38] *** Joins Summeli
[04:36:35] *** Quits fgsfds (Read error: Connection reset by peer)
[06:04:26] *** Quits Phils3r (se.hub efnet.port80.se)
[06:04:26] *** Quits phigcloud (se.hub efnet.port80.se)
[06:04:26] *** Quits rctgamer3 (se.hub efnet.port80.se)
[06:04:26] *** Quits refsw` (se.hub efnet.port80.se)
[06:04:26] *** Quits rjeli____ (se.hub efnet.port80.se)
[06:04:26] *** Quits hexkyz (se.hub efnet.port80.se)
[06:04:26] *** Quits SCV__ (se.hub efnet.port80.se)
[06:04:26] *** Quits dibas (se.hub efnet.port80.se)
[06:04:26] *** Quits ave_ (se.hub efnet.port80.se)
[06:04:26] *** Quits derrek (se.hub efnet.port80.se)
[06:04:26] *** Quits uyjulian (se.hub efnet.port80.se)
[06:04:26] *** Quits hthh (se.hub efnet.port80.se)
[06:04:26] *** Quits coriolis (se.hub efnet.port80.se)
[06:04:26] *** Quits naehrwert (se.hub efnet.port80.se)
[06:04:26] *** Quits klock (se.hub efnet.port80.se)
[06:04:26] *** Quits Genolo (se.hub efnet.port80.se)
[06:04:26] *** Quits mid-kid (se.hub efnet.port80.se)
[06:04:26] *** Quits Summeli (se.hub efnet.port80.se)
[06:07:08] *** Joins Phils3r
[06:07:08] *** Joins phigcloud
[06:07:08] *** Joins rctgamer3
[06:07:08] *** Joins refsw`
[06:07:08] *** Joins rjeli____
[06:07:08] *** Joins hexkyz
[06:07:08] *** Joins SCV__
[06:07:08] *** Joins dibas
[06:07:08] *** Joins ave_
[06:07:08] *** Joins derrek
[06:07:08] *** Joins uyjulian
[06:07:08] *** Joins hthh
[06:07:08] *** Joins coriolis
[06:07:08] *** Joins naehrwert
[06:07:08] *** Joins klock
[06:07:08] *** Joins Genolo
[06:07:08] *** Joins mid-kid
[06:07:08] *** Joins Summeli
[06:31:37] *** Quits GerbilSof (Quit: Windows must now restart because the Remote Procedure Call (RPC) service terminated unexpectedly.)
[06:35:42] *** Quits Phils3r (se.hub efnet.port80.se)
[06:35:42] *** Quits phigcloud (se.hub efnet.port80.se)
[06:35:42] *** Quits rctgamer3 (se.hub efnet.port80.se)
[06:35:42] *** Quits refsw` (se.hub efnet.port80.se)
[06:35:42] *** Quits rjeli____ (se.hub efnet.port80.se)
[06:35:42] *** Quits hexkyz (se.hub efnet.port80.se)
[06:35:42] *** Quits SCV__ (se.hub efnet.port80.se)
[06:35:42] *** Quits dibas (se.hub efnet.port80.se)
[06:35:42] *** Quits ave_ (se.hub efnet.port80.se)
[06:35:43] *** Quits derrek (se.hub efnet.port80.se)
[06:35:43] *** Quits uyjulian (se.hub efnet.port80.se)
[06:35:43] *** Quits hthh (se.hub efnet.port80.se)
[06:35:43] *** Quits coriolis (se.hub efnet.port80.se)
[06:35:43] *** Quits naehrwert (se.hub efnet.port80.se)
[06:35:43] *** Quits klock (se.hub efnet.port80.se)
[06:35:43] *** Quits Genolo (se.hub efnet.port80.se)
[06:35:43] *** Quits mid-kid (se.hub efnet.port80.se)
[06:35:43] *** Quits Summeli (se.hub efnet.port80.se)
[06:48:19] *** Joins GerbilSof
[06:51:27] *** Joins Phils3r
[06:51:27] *** Joins phigcloud
[06:51:27] *** Joins rctgamer3
[06:51:27] *** Joins refsw`
[06:51:27] *** Joins rjeli____
[06:51:27] *** Joins hexkyz
[06:51:27] *** Joins SCV__
[06:51:27] *** Joins dibas
[06:51:27] *** Joins ave_
[06:51:27] *** Joins derrek
[06:51:27] *** Joins uyjulian
[06:51:27] *** Joins hthh
[06:51:27] *** Joins coriolis
[06:51:27] *** Joins naehrwert
[06:51:27] *** Joins klock
[06:51:27] *** Joins Genolo
[06:51:27] *** Joins mid-kid
[06:51:27] *** Joins Summeli
[07:05:39] *** Quits lameboy (Ping timeout: 186 seconds)
[07:09:30] *** Joins lameboy
[08:06:23] *** Quits Phils3r (se.hub efnet.port80.se)
[08:06:23] *** Quits phigcloud (se.hub efnet.port80.se)
[08:06:23] *** Quits rctgamer3 (se.hub efnet.port80.se)
[08:06:23] *** Quits refsw` (se.hub efnet.port80.se)
[08:06:23] *** Quits rjeli____ (se.hub efnet.port80.se)
[08:06:23] *** Quits hexkyz (se.hub efnet.port80.se)
[08:06:23] *** Quits SCV__ (se.hub efnet.port80.se)
[08:06:23] *** Quits dibas (se.hub efnet.port80.se)
[08:06:24] *** Quits ave_ (se.hub efnet.port80.se)
[08:06:24] *** Quits derrek (se.hub efnet.port80.se)
[08:06:24] *** Quits uyjulian (se.hub efnet.port80.se)
[08:06:24] *** Quits hthh (se.hub efnet.port80.se)
[08:06:24] *** Quits coriolis (se.hub efnet.port80.se)
[08:06:24] *** Quits naehrwert (se.hub efnet.port80.se)
[08:06:24] *** Quits klock (se.hub efnet.port80.se)
[08:06:24] *** Quits Genolo (se.hub efnet.port80.se)
[08:06:24] *** Quits mid-kid (se.hub efnet.port80.se)
[08:06:24] *** Quits Summeli (se.hub efnet.port80.se)
[08:17:46] *** Joins Phils3r
[08:17:46] *** Joins phigcloud
[08:17:46] *** Joins rctgamer3
[08:17:46] *** Joins refsw`
[08:17:46] *** Joins rjeli____
[08:17:46] *** Joins hexkyz
[08:17:46] *** Joins SCV__
[08:17:46] *** Joins dibas
[08:17:46] *** Joins ave_
[08:17:46] *** Joins derrek
[08:17:46] *** Joins uyjulian
[08:17:46] *** Joins hthh
[08:17:46] *** Joins coriolis
[08:17:46] *** Joins naehrwert
[08:17:46] *** Joins klock
[08:17:46] *** Joins Genolo
[08:17:46] *** Joins mid-kid
[08:17:46] *** Joins Summeli
[08:43:40] *** Quits Phils3r (se.hub efnet.port80.se)
[08:43:40] *** Quits phigcloud (se.hub efnet.port80.se)
[08:43:40] *** Quits rctgamer3 (se.hub efnet.port80.se)
[08:43:40] *** Quits refsw` (se.hub efnet.port80.se)
[08:43:40] *** Quits rjeli____ (se.hub efnet.port80.se)
[08:43:40] *** Quits hexkyz (se.hub efnet.port80.se)
[08:43:40] *** Quits SCV__ (se.hub efnet.port80.se)
[08:43:40] *** Quits dibas (se.hub efnet.port80.se)
[08:43:40] *** Quits ave_ (se.hub efnet.port80.se)
[08:43:40] *** Quits derrek (se.hub efnet.port80.se)
[08:43:40] *** Quits uyjulian (se.hub efnet.port80.se)
[08:43:40] *** Quits hthh (se.hub efnet.port80.se)
[08:43:40] *** Quits coriolis (se.hub efnet.port80.se)
[08:43:40] *** Quits naehrwert (se.hub efnet.port80.se)
[08:43:40] *** Quits klock (se.hub efnet.port80.se)
[08:43:40] *** Quits Genolo (se.hub efnet.port80.se)
[08:43:40] *** Quits mid-kid (se.hub efnet.port80.se)
[08:43:40] *** Quits Summeli (se.hub efnet.port80.se)
[08:59:21] *** Joins Phils3r
[08:59:21] *** Joins phigcloud
[08:59:21] *** Joins rctgamer3
[08:59:21] *** Joins refsw`
[08:59:21] *** Joins rjeli____
[08:59:21] *** Joins hexkyz
[08:59:21] *** Joins SCV__
[08:59:21] *** Joins dibas
[08:59:21] *** Joins ave_
[08:59:21] *** Joins derrek
[08:59:21] *** Joins uyjulian
[08:59:21] *** Joins hthh
[08:59:21] *** Joins coriolis
[08:59:21] *** Joins naehrwert
[08:59:21] *** Joins klock
[08:59:21] *** Joins Genolo
[08:59:21] *** Joins mid-kid
[08:59:21] *** Joins Summeli
[09:02:24] *** Quits lameboy (Remote host closed the connection)
[09:22:25] *** Joins lameboy
[16:46:32] *** Quits ris2z (Quit: ZNC 1.7.5 - https://znc.in)
[16:57:42] *** Joins ris2z
[17:21:12] <Behemoth> wdyt about hbloader launch arguments for specific base NROs?
[17:21:12] <Behemoth> One could override a donor title, mitm the image and have homebrew on the home menu w/o ban bait.
[19:50:30] <yellows8> hbmenu must always run first
[20:09:04] *** Quits Phils3r (se.hub efnet.port80.se)
[20:09:04] *** Quits phigcloud (se.hub efnet.port80.se)
[20:09:04] *** Quits rctgamer3 (se.hub efnet.port80.se)
[20:09:04] *** Quits refsw` (se.hub efnet.port80.se)
[20:09:04] *** Quits rjeli____ (se.hub efnet.port80.se)
[20:09:04] *** Quits hexkyz (se.hub efnet.port80.se)
[20:09:04] *** Quits SCV__ (se.hub efnet.port80.se)
[20:09:04] *** Quits dibas (se.hub efnet.port80.se)
[20:09:04] *** Quits ave_ (se.hub efnet.port80.se)
[20:09:04] *** Quits derrek (se.hub efnet.port80.se)
[20:09:04] *** Quits uyjulian (se.hub efnet.port80.se)
[20:09:04] *** Quits hthh (se.hub efnet.port80.se)
[20:09:04] *** Quits coriolis (se.hub efnet.port80.se)
[20:09:04] *** Quits naehrwert (se.hub efnet.port80.se)
[20:09:04] *** Quits klock (se.hub efnet.port80.se)
[20:09:04] *** Quits Genolo (se.hub efnet.port80.se)
[20:09:04] *** Quits mid-kid (se.hub efnet.port80.se)
[20:09:04] *** Quits Summeli (se.hub efnet.port80.se)
[20:13:28] *** Joins phig-clou
[20:15:21] <Behemoth> Philosophically or is there any reason for it?
[20:24:03] <yellows8> yes, and also for example https://github.com/switchbrew/nx-hbmenu/blob/master/nx_main/main.c#L45
[20:24:54] *** lex1 is now known as lex
[20:25:01] *** Quits lex (Killed (se.hub (Nick collision (new))))
[20:25:15] *** Joins Phils3r
[20:25:15] *** Joins rctgamer3
[20:25:15] *** Joins refsw`
[20:25:15] *** Joins rjeli____
[20:25:15] *** Joins hexkyz
[20:25:15] *** Joins SCV__
[20:25:15] *** Joins dibas
[20:25:15] *** Joins ave_
[20:25:15] *** Joins derrek
[20:25:15] *** Joins uyjulian
[20:25:15] *** Joins hthh
[20:25:15] *** Joins coriolis
[20:25:15] *** Joins naehrwert
[20:25:15] *** Joins klock
[20:25:15] *** Joins Genolo
[20:25:15] *** Joins mid-kid
[20:25:15] *** Joins Summeli
[20:25:19] *** Joins lex1
[20:25:33] *** phig-clou is now known as phigclouc
[20:25:35] *** phigclouc is now known as phigcloud
[20:28:08] <Behemoth> How about piping the arguments to hbmenu and it chainloads from there?
[21:31:53] <yellows8> no
[22:11:58] *** Quits Phils3r (se.hub efnet.port80.se)
[22:11:58] *** Quits rctgamer3 (se.hub efnet.port80.se)
[22:11:58] *** Quits refsw` (se.hub efnet.port80.se)
[22:11:58] *** Quits rjeli____ (se.hub efnet.port80.se)
[22:11:58] *** Quits hexkyz (se.hub efnet.port80.se)
[22:11:58] *** Quits SCV__ (se.hub efnet.port80.se)
[22:11:58] *** Quits dibas (se.hub efnet.port80.se)
[22:11:58] *** Quits ave_ (se.hub efnet.port80.se)
[22:11:58] *** Quits derrek (se.hub efnet.port80.se)
[22:11:58] *** Quits uyjulian (se.hub efnet.port80.se)
[22:11:58] *** Quits hthh (se.hub efnet.port80.se)
[22:11:58] *** Quits coriolis (se.hub efnet.port80.se)
[22:11:58] *** Quits naehrwert (se.hub efnet.port80.se)
[22:11:58] *** Quits klock (se.hub efnet.port80.se)
[22:11:58] *** Quits Genolo (se.hub efnet.port80.se)
[22:11:58] *** Quits mid-kid (se.hub efnet.port80.se)
[22:11:58] *** Quits Summeli (se.hub efnet.port80.se)
[22:11:58] *** Quits Kyouju (Read error: Connection reset by peer)
[22:12:20] *** Joins Kyouju
[22:25:26] *** Joins KuKzz_
[22:26:49] *** Quits KuKzz (Ping timeout: 604 seconds)
[22:27:37] *** Joins Phils3r
[22:27:37] *** Joins rctgamer3
[22:27:37] *** Joins refsw`
[22:27:37] *** Joins rjeli____
[22:27:37] *** Joins hexkyz
[22:27:37] *** Joins SCV__
[22:27:37] *** Joins dibas
[22:27:37] *** Joins ave_
[22:27:37] *** Joins derrek
[22:27:37] *** Joins uyjulian
[22:27:37] *** Joins hthh
[22:27:37] *** Joins coriolis
[22:27:37] *** Joins naehrwert
[22:27:37] *** Joins klock
[22:27:37] *** Joins Genolo
[22:27:37] *** Joins mid-kid
[22:27:37] *** Joins Summeli
[22:28:29] *** Joins omlet05_
[22:28:50] *** Quits omlet05 (Ping timeout: 265 seconds)
[22:29:45] *** Quits mafcadio2 (Ping timeout: 265 seconds)
[22:29:54] *** Joins hordak_
[22:30:09] *** Joins mafcadio2
[22:31:14] *** Quits hordak (Ping timeout: 265 seconds)
[22:31:14] *** hordak_ is now known as hordak
[22:31:44] *** Joins WntrDeaf
[22:32:53] *** Quits WntrMute (Ping timeout: 265 seconds)
[22:32:54] *** WntrDeaf is now known as WntrMute
[22:45:29] *** Quits Stary (Ping timeout: 265 seconds)
[22:45:41] *** Quits Ghabry (se.hub irc.underworld.no)
[22:45:41] *** Quits lemmu (se.hub irc.underworld.no)
[22:45:41] *** Quits m4ts| (se.hub irc.underworld.no)
[22:45:41] *** Quits TAL (se.hub irc.underworld.no)
[22:47:15] *** Joins Ghabry
[22:47:15] *** Joins lemmu
[22:47:15] *** Joins m4ts|
[22:47:15] *** Joins TAL
[22:59:57] *** Joins Stary
[23:14:19] *** Joins lemmy
[23:16:56] *** Quits Ghabry (se.hub irc.underworld.no)
[23:16:56] *** Quits lemmu (se.hub irc.underworld.no)
[23:16:56] *** Quits m4ts| (se.hub irc.underworld.no)
[23:16:56] *** Quits TAL (se.hub irc.underworld.no)
[23:18:29] *** Joins m4ts_
[23:18:29] *** Joins Ghabry
[23:35:14] *** Quits m4ts_ (Read error: Connection reset by peer)
[23:49:14] *** Quits nullstrin (Read error: Operation timed out)
[23:51:54] *** Joins refs
[23:52:59] *** Joins nullstrin
