[01:13:48] *** Quits: mafcadio2 (~mafcadio@cpc158505-smal20-2-0-cust226.19-1.cable.virginm.net) (Read error: Operation timed out)
[01:36:31] *** Quits: DacoTaco (~DacoTaco@178-119-112-131.access.telenet.be) (Ping timeout: 272 seconds)
[01:36:31] *** Quits: Pieman (sid188464@2001:67c:2f08:5::2:e030) (Ping timeout: 272 seconds)
[01:36:31] *** Joins: hordak_ (hordak@cautio.us)
[01:36:31] *** Quits: GerbilSof (~GerbilSof@pool-108-24-152-152.cmdnnj.fios.verizon.net) (Ping timeout: 272 seconds)
[01:36:31] *** Joins: GerbilSof (~GerbilSof@pool-108-24-152-152.cmdnnj.fios.verizon.net)
[01:36:31] *** Quits: refs (~refs@p200300dd871aa300443d2f085c0b8af6.dip0.t-ipconnect.de) (Ping timeout: 272 seconds)
[01:36:31] *** Quits: Stary (~Stary@thonk.9net.org) (Ping timeout: 272 seconds)
[01:36:31] *** Quits: hordak (hordak@cautio.us) (Ping timeout: 272 seconds)
[01:36:31] *** Quits: zini- (~zini@88-113-145-208.elisa-laajakaista.fi) (Ping timeout: 272 seconds)
[01:36:31] *** Quits: des^ (~des@ip1f107a96.dynamic.kabel-deutschland.de) (Ping timeout: 272 seconds)
[01:36:31] *** Quits: averne (~averne@176-179-35-51.abo.bbox.fr) (quit)
[01:36:48] *** Joins: averne (~averne@2001:861:5102:3290:9952:d870:185e:c44c)
[01:36:48] *** Server sets mode: +stn 
[01:37:09] *** Quits: phigcloud (uid13896@id-13896.tooting.irccloud.com) (Ping timeout: 272 seconds)
[01:37:46] *** Quits: flagrama (~flagrama@id-145621.stonehaven.irccloud.com) (Ping timeout: 272 seconds)
[01:38:17] *** Joins: Maylay (~gren@108-198-59-230.lightspeed.miamfl.sbcglobal.net)
[01:38:27] *** Joins: zombie343 (~zombie343@pool-74-108-60-233.nycmny.fios.verizon.net)
[01:38:59] *** Joins: Stary (~Stary@thonk.9net.org)
[01:39:01] *** Joins: zini (~zini@88-113-145-208.elisa-laajakaista.fi)
[01:39:02] *** Quits: nohit (~sid334887@id-334887.hathersage.irccloud.com) (Ping timeout: 272 seconds)
[01:39:15] *** Joins: Normmatt (~Normmatt@cloud.normmatt.com)
[01:41:59] *** Joins: nohit (sid334887@id-334887.hathersage.irccloud.com)
[01:43:23] *** Joins: phigcloud (uid13896@id-13896.tooting.irccloud.com)
[01:44:32] *** Joins: flagrama (flagrama@id-145621.stonehaven.irccloud.com)
[01:47:47] *** Joins: refs (~refs@p200300dd871aa300443d2f085c0b8af6.dip0.t-ipconnect.de)
[02:33:28] *** Quits: d3m3vilur (~sid4654@charlton.irccloud.com) (Read error: Connection reset by peer)
[02:33:34] *** Joins: d3m3vilur (sid4654@id-4654.charlton.irccloud.com)
[02:40:22] *** Joins: plutobot (~plutobot@188.166.26.149)
[02:41:52] *** Joins: DacoTaco (~DacoTaco@178-119-112-131.access.telenet.be)
[02:43:12] *** Quits: Normmatt (~Normmatt@cloud.normmatt.com) (se.hub efnet.port80.se)
[02:43:12] *** Quits: zini (~zini@88-113-145-208.elisa-laajakaista.fi) (se.hub efnet.port80.se)
[02:43:12] *** Quits: Phils3r (~Phil@2a02:c205:3000:2328::1) (se.hub efnet.port80.se)
[02:43:12] *** Quits: rctgamer3 (~rctgamer3@185.66.251.249) (se.hub efnet.port80.se)
[02:43:12] *** Quits: refsw` (~refsw@80.150.130.51) (se.hub efnet.port80.se)
[02:43:12] *** Quits: rjeli____ (sid289321@id-289321.charlton.irccloud.com) (se.hub efnet.port80.se)
[02:43:12] *** Quits: hexkyz (~hexkyz@ec2-18-179-123-169.ap-northeast-1.compute.amazonaws.com) (se.hub efnet.port80.se)
[02:43:12] *** Quits: SCV__ (sid226262@id-226262.charlton.irccloud.com) (se.hub efnet.port80.se)
[02:43:12] *** Quits: dibas (~dibas@wild.uberspace.de) (se.hub efnet.port80.se)
[02:43:12] *** Quits: ave_ (~ave_@79.110.170.32) (se.hub efnet.port80.se)
[02:43:12] *** Quits: derrek (LtSahBsPp4@sirius.uberspace.de) (se.hub efnet.port80.se)
[02:43:12] *** Quits: uyjulian (~uyjulian@69-110-38-205.lightspeed.lbcktx.sbcglobal.net) (se.hub efnet.port80.se)
[02:43:13] *** Quits: hthh (~hthh@hh.ht) (se.hub efnet.port80.se)
[02:43:13] *** Quits: coriolis (~coriolis@2607:5300:60:2885::1) (se.hub efnet.port80.se)
[02:43:13] *** Quits: naehrwert (~naehrwert@8.38.88.201) (se.hub efnet.port80.se)
[02:43:13] *** Quits: klock (~efklock@vps1.ksociety.net) (se.hub efnet.port80.se)
[02:43:13] *** Quits: Genolo (~fear@2a01:7e00::f03c:91ff:fe93:8d42) (se.hub efnet.port80.se)
[02:43:13] *** Quits: mid-kid (~mid-kid@2a01:7c8:aac8:1e8:5054:ff:fe5e:cd48) (se.hub efnet.port80.se)
[02:43:13] *** Quits: Summeli (summeli@irc.summeli.com) (se.hub efnet.port80.se)
[02:43:57] *** Joins: des^ (~des@ip1f107a96.dynamic.kabel-deutschland.de)
[02:46:18] *** Joins: Normmatt (~Normmatt@cloud.normmatt.com)
[02:46:18] *** Joins: zini (~zini@88-113-145-208.elisa-laajakaista.fi)
[02:46:18] *** Joins: Phils3r (~Phil@2a02:c205:3000:2328::1)
[02:46:18] *** Joins: rctgamer3 (~rctgamer3@185.66.251.249)
[02:46:18] *** Joins: refsw` (~refsw@80.150.130.51)
[02:46:18] *** Joins: rjeli____ (sid289321@id-289321.charlton.irccloud.com)
[02:46:18] *** Joins: hexkyz (~hexkyz@ec2-18-179-123-169.ap-northeast-1.compute.amazonaws.com)
[02:46:18] *** Joins: SCV__ (sid226262@id-226262.charlton.irccloud.com)
[02:46:18] *** Joins: dibas (~dibas@wild.uberspace.de)
[02:46:18] *** Joins: ave_ (~ave_@79.110.170.32)
[02:46:18] *** Joins: derrek (LtSahBsPp4@sirius.uberspace.de)
[02:46:18] *** Joins: uyjulian (~uyjulian@69-110-38-205.lightspeed.lbcktx.sbcglobal.net)
[02:46:18] *** Joins: hthh (~hthh@hh.ht)
[02:46:18] *** Joins: coriolis (~coriolis@2607:5300:60:2885::1)
[02:46:18] *** Joins: naehrwert (~naehrwert@8.38.88.201)
[02:46:18] *** Joins: klock (~efklock@vps1.ksociety.net)
[02:46:18] *** Joins: Genolo (~fear@2a01:7e00::f03c:91ff:fe93:8d42)
[02:46:18] *** Joins: mid-kid (~mid-kid@2a01:7c8:aac8:1e8:5054:ff:fe5e:cd48)
[02:46:18] *** Joins: Summeli (summeli@irc.summeli.com)
[02:48:16] *** Quits: refs (~refs@p200300dd871aa300443d2f085c0b8af6.dip0.t-ipconnect.de) (Quit: refs)
[02:54:57] *** Quits: Normmatt (~Normmatt@cloud.normmatt.com) (ny.us.hub efnet.port80.se)
[02:54:57] *** Quits: zini (~zini@88-113-145-208.elisa-laajakaista.fi) (ny.us.hub efnet.port80.se)
[02:54:57] *** Quits: Phils3r (~Phil@2a02:c205:3000:2328::1) (ny.us.hub efnet.port80.se)
[02:54:57] *** Quits: rctgamer3 (~rctgamer3@185.66.251.249) (ny.us.hub efnet.port80.se)
[02:54:57] *** Quits: refsw` (~refsw@80.150.130.51) (ny.us.hub efnet.port80.se)
[02:54:57] *** Quits: rjeli____ (sid289321@id-289321.charlton.irccloud.com) (ny.us.hub efnet.port80.se)
[02:54:57] *** Quits: hexkyz (~hexkyz@ec2-18-179-123-169.ap-northeast-1.compute.amazonaws.com) (ny.us.hub efnet.port80.se)
[02:54:57] *** Quits: SCV__ (sid226262@id-226262.charlton.irccloud.com) (ny.us.hub efnet.port80.se)
[02:54:57] *** Quits: dibas (~dibas@wild.uberspace.de) (ny.us.hub efnet.port80.se)
[02:54:57] *** Quits: ave_ (~ave_@79.110.170.32) (ny.us.hub efnet.port80.se)
[02:54:57] *** Quits: derrek (LtSahBsPp4@sirius.uberspace.de) (ny.us.hub efnet.port80.se)
[02:54:57] *** Quits: uyjulian (~uyjulian@69-110-38-205.lightspeed.lbcktx.sbcglobal.net) (ny.us.hub efnet.port80.se)
[02:54:57] *** Quits: hthh (~hthh@hh.ht) (ny.us.hub efnet.port80.se)
[02:54:57] *** Quits: coriolis (~coriolis@2607:5300:60:2885::1) (ny.us.hub efnet.port80.se)
[02:54:57] *** Quits: naehrwert (~naehrwert@8.38.88.201) (ny.us.hub efnet.port80.se)
[02:54:57] *** Quits: klock (~efklock@vps1.ksociety.net) (ny.us.hub efnet.port80.se)
[02:54:57] *** Quits: Genolo (~fear@2a01:7e00::f03c:91ff:fe93:8d42) (ny.us.hub efnet.port80.se)
[02:54:57] *** Quits: mid-kid (~mid-kid@2a01:7c8:aac8:1e8:5054:ff:fe5e:cd48) (ny.us.hub efnet.port80.se)
[02:54:57] *** Quits: Summeli (summeli@irc.summeli.com) (ny.us.hub efnet.port80.se)
[02:56:27] *** Joins: Normmatt (~Normmatt@cloud.normmatt.com)
[02:56:28] *** Joins: zini (~zini@88-113-145-208.elisa-laajakaista.fi)
[02:56:28] *** Joins: Phils3r (~Phil@2a02:c205:3000:2328::1)
[02:56:28] *** Joins: rctgamer3 (~rctgamer3@185.66.251.249)
[02:56:28] *** Joins: refsw` (~refsw@80.150.130.51)
[02:56:28] *** Joins: rjeli____ (sid289321@id-289321.charlton.irccloud.com)
[02:56:28] *** Joins: hexkyz (~hexkyz@ec2-18-179-123-169.ap-northeast-1.compute.amazonaws.com)
[02:56:28] *** Joins: SCV__ (sid226262@id-226262.charlton.irccloud.com)
[02:56:28] *** Joins: dibas (~dibas@wild.uberspace.de)
[02:56:28] *** Joins: ave_ (~ave_@79.110.170.32)
[02:56:28] *** Joins: derrek (LtSahBsPp4@sirius.uberspace.de)
[02:56:28] *** Joins: uyjulian (~uyjulian@69-110-38-205.lightspeed.lbcktx.sbcglobal.net)
[02:56:28] *** Joins: hthh (~hthh@hh.ht)
[02:56:28] *** Joins: coriolis (~coriolis@2607:5300:60:2885::1)
[02:56:28] *** Joins: naehrwert (~naehrwert@8.38.88.201)
[02:56:28] *** Joins: klock (~efklock@vps1.ksociety.net)
[02:56:28] *** Joins: Genolo (~fear@2a01:7e00::f03c:91ff:fe93:8d42)
[02:56:28] *** Joins: mid-kid (~mid-kid@2a01:7c8:aac8:1e8:5054:ff:fe5e:cd48)
[02:56:28] *** Joins: Summeli (summeli@irc.summeli.com)
[03:02:56] *** Quits: Normmatt (~Normmatt@cloud.normmatt.com) (se.hub efnet.port80.se)
[03:02:56] *** Quits: zini (~zini@88-113-145-208.elisa-laajakaista.fi) (se.hub efnet.port80.se)
[03:02:56] *** Quits: Phils3r (~Phil@2a02:c205:3000:2328::1) (se.hub efnet.port80.se)
[03:02:56] *** Quits: rctgamer3 (~rctgamer3@185.66.251.249) (se.hub efnet.port80.se)
[03:02:56] *** Quits: refsw` (~refsw@80.150.130.51) (se.hub efnet.port80.se)
[03:02:56] *** Quits: rjeli____ (sid289321@id-289321.charlton.irccloud.com) (se.hub efnet.port80.se)
[03:02:56] *** Quits: hexkyz (~hexkyz@ec2-18-179-123-169.ap-northeast-1.compute.amazonaws.com) (se.hub efnet.port80.se)
[03:02:56] *** Quits: SCV__ (sid226262@id-226262.charlton.irccloud.com) (se.hub efnet.port80.se)
[03:02:56] *** Quits: dibas (~dibas@wild.uberspace.de) (se.hub efnet.port80.se)
[03:02:56] *** Quits: ave_ (~ave_@79.110.170.32) (se.hub efnet.port80.se)
[03:02:56] *** Quits: derrek (LtSahBsPp4@sirius.uberspace.de) (se.hub efnet.port80.se)
[03:02:56] *** Quits: uyjulian (~uyjulian@69-110-38-205.lightspeed.lbcktx.sbcglobal.net) (se.hub efnet.port80.se)
[03:02:56] *** Quits: hthh (~hthh@hh.ht) (se.hub efnet.port80.se)
[03:02:56] *** Quits: coriolis (~coriolis@2607:5300:60:2885::1) (se.hub efnet.port80.se)
[03:02:56] *** Quits: naehrwert (~naehrwert@8.38.88.201) (se.hub efnet.port80.se)
[03:02:56] *** Quits: klock (~efklock@vps1.ksociety.net) (se.hub efnet.port80.se)
[03:02:56] *** Quits: Genolo (~fear@2a01:7e00::f03c:91ff:fe93:8d42) (se.hub efnet.port80.se)
[03:02:56] *** Quits: mid-kid (~mid-kid@2a01:7c8:aac8:1e8:5054:ff:fe5e:cd48) (se.hub efnet.port80.se)
[03:02:56] *** Quits: Summeli (summeli@irc.summeli.com) (se.hub efnet.port80.se)
[03:07:59] *** Joins: Pieman (sid188464@id-188464.brockwell.irccloud.com)
[03:10:00] *** Joins: Normmatt (~Normmatt@cloud.normmatt.com)
[03:10:00] *** Joins: zini (~zini@88-113-145-208.elisa-laajakaista.fi)
[03:10:00] *** Joins: Phils3r (~Phil@2a02:c205:3000:2328::1)
[03:10:00] *** Joins: rctgamer3 (~rctgamer3@185.66.251.249)
[03:10:00] *** Joins: refsw` (~refsw@80.150.130.51)
[03:10:00] *** Joins: rjeli____ (sid289321@id-289321.charlton.irccloud.com)
[03:10:00] *** Joins: hexkyz (~hexkyz@ec2-18-179-123-169.ap-northeast-1.compute.amazonaws.com)
[03:10:00] *** Joins: SCV__ (sid226262@id-226262.charlton.irccloud.com)
[03:10:00] *** Joins: dibas (~dibas@wild.uberspace.de)
[03:10:00] *** Joins: ave_ (~ave_@79.110.170.32)
[03:10:00] *** Joins: derrek (LtSahBsPp4@sirius.uberspace.de)
[03:10:00] *** Joins: uyjulian (~uyjulian@69-110-38-205.lightspeed.lbcktx.sbcglobal.net)
[03:10:00] *** Joins: hthh (~hthh@hh.ht)
[03:10:00] *** Joins: coriolis (~coriolis@2607:5300:60:2885::1)
[03:10:00] *** Joins: naehrwert (~naehrwert@8.38.88.201)
[03:10:00] *** Joins: klock (~efklock@vps1.ksociety.net)
[03:10:00] *** Joins: Genolo (~fear@2a01:7e00::f03c:91ff:fe93:8d42)
[03:10:00] *** Joins: mid-kid (~mid-kid@2a01:7c8:aac8:1e8:5054:ff:fe5e:cd48)
[03:10:00] *** Joins: Summeli (summeli@irc.summeli.com)
[03:22:17] *** Quits: Normmatt (~Normmatt@cloud.normmatt.com) (se.hub efnet.port80.se)
[03:22:17] *** Quits: zini (~zini@88-113-145-208.elisa-laajakaista.fi) (se.hub efnet.port80.se)
[03:22:17] *** Quits: Phils3r (~Phil@2a02:c205:3000:2328::1) (se.hub efnet.port80.se)
[03:22:17] *** Quits: rctgamer3 (~rctgamer3@185.66.251.249) (se.hub efnet.port80.se)
[03:22:17] *** Quits: refsw` (~refsw@80.150.130.51) (se.hub efnet.port80.se)
[03:22:17] *** Quits: rjeli____ (sid289321@id-289321.charlton.irccloud.com) (se.hub efnet.port80.se)
[03:22:17] *** Quits: hexkyz (~hexkyz@ec2-18-179-123-169.ap-northeast-1.compute.amazonaws.com) (se.hub efnet.port80.se)
[03:22:17] *** Quits: SCV__ (sid226262@id-226262.charlton.irccloud.com) (se.hub efnet.port80.se)
[03:22:17] *** Quits: dibas (~dibas@wild.uberspace.de) (se.hub efnet.port80.se)
[03:22:18] *** Quits: ave_ (~ave_@79.110.170.32) (se.hub efnet.port80.se)
[03:22:18] *** Quits: derrek (LtSahBsPp4@sirius.uberspace.de) (se.hub efnet.port80.se)
[03:22:18] *** Quits: uyjulian (~uyjulian@69-110-38-205.lightspeed.lbcktx.sbcglobal.net) (se.hub efnet.port80.se)
[03:22:18] *** Quits: hthh (~hthh@hh.ht) (se.hub efnet.port80.se)
[03:22:18] *** Quits: coriolis (~coriolis@2607:5300:60:2885::1) (se.hub efnet.port80.se)
[03:22:18] *** Quits: naehrwert (~naehrwert@8.38.88.201) (se.hub efnet.port80.se)
[03:22:18] *** Quits: klock (~efklock@vps1.ksociety.net) (se.hub efnet.port80.se)
[03:22:18] *** Quits: Genolo (~fear@2a01:7e00::f03c:91ff:fe93:8d42) (se.hub efnet.port80.se)
[03:22:18] *** Quits: mid-kid (~mid-kid@2a01:7c8:aac8:1e8:5054:ff:fe5e:cd48) (se.hub efnet.port80.se)
[03:22:18] *** Quits: Summeli (summeli@irc.summeli.com) (se.hub efnet.port80.se)
[03:34:55] *** Joins: Normmatt (~Normmatt@cloud.normmatt.com)
[03:34:55] *** Joins: zini (~zini@88-113-145-208.elisa-laajakaista.fi)
[03:34:55] *** Joins: Phils3r (~Phil@2a02:c205:3000:2328::1)
[03:34:55] *** Joins: rctgamer3 (~rctgamer3@185.66.251.249)
[03:34:55] *** Joins: refsw` (~refsw@80.150.130.51)
[03:34:55] *** Joins: rjeli____ (sid289321@id-289321.charlton.irccloud.com)
[03:34:55] *** Joins: hexkyz (~hexkyz@ec2-18-179-123-169.ap-northeast-1.compute.amazonaws.com)
[03:34:55] *** Joins: SCV__ (sid226262@id-226262.charlton.irccloud.com)
[03:34:55] *** Joins: dibas (~dibas@wild.uberspace.de)
[03:34:55] *** Joins: ave_ (~ave_@79.110.170.32)
[03:34:55] *** Joins: derrek (LtSahBsPp4@sirius.uberspace.de)
[03:34:55] *** Joins: uyjulian (~uyjulian@69-110-38-205.lightspeed.lbcktx.sbcglobal.net)
[03:34:55] *** Joins: hthh (~hthh@hh.ht)
[03:34:55] *** Joins: coriolis (~coriolis@2607:5300:60:2885::1)
[03:34:55] *** Joins: naehrwert (~naehrwert@8.38.88.201)
[03:34:55] *** Joins: klock (~efklock@vps1.ksociety.net)
[03:34:55] *** Joins: Genolo (~fear@2a01:7e00::f03c:91ff:fe93:8d42)
[03:34:55] *** Joins: mid-kid (~mid-kid@2a01:7c8:aac8:1e8:5054:ff:fe5e:cd48)
[03:34:55] *** Joins: Summeli (summeli@irc.summeli.com)
[03:48:30] *** Quits: Normmatt (~Normmatt@cloud.normmatt.com) (se.hub efnet.port80.se)
[03:48:30] *** Quits: zini (~zini@88-113-145-208.elisa-laajakaista.fi) (se.hub efnet.port80.se)
[03:48:30] *** Quits: Phils3r (~Phil@2a02:c205:3000:2328::1) (se.hub efnet.port80.se)
[03:48:30] *** Quits: rctgamer3 (~rctgamer3@185.66.251.249) (se.hub efnet.port80.se)
[03:48:30] *** Quits: refsw` (~refsw@80.150.130.51) (se.hub efnet.port80.se)
[03:48:30] *** Quits: rjeli____ (sid289321@id-289321.charlton.irccloud.com) (se.hub efnet.port80.se)
[03:48:30] *** Quits: hexkyz (~hexkyz@ec2-18-179-123-169.ap-northeast-1.compute.amazonaws.com) (se.hub efnet.port80.se)
[03:48:30] *** Quits: SCV__ (sid226262@id-226262.charlton.irccloud.com) (se.hub efnet.port80.se)
[03:48:30] *** Quits: dibas (~dibas@wild.uberspace.de) (se.hub efnet.port80.se)
[03:48:30] *** Quits: ave_ (~ave_@79.110.170.32) (se.hub efnet.port80.se)
[03:48:30] *** Quits: derrek (LtSahBsPp4@sirius.uberspace.de) (se.hub efnet.port80.se)
[03:48:30] *** Quits: uyjulian (~uyjulian@69-110-38-205.lightspeed.lbcktx.sbcglobal.net) (se.hub efnet.port80.se)
[03:48:30] *** Quits: hthh (~hthh@hh.ht) (se.hub efnet.port80.se)
[03:48:30] *** Quits: coriolis (~coriolis@2607:5300:60:2885::1) (se.hub efnet.port80.se)
[03:48:30] *** Quits: naehrwert (~naehrwert@8.38.88.201) (se.hub efnet.port80.se)
[03:48:30] *** Quits: klock (~efklock@vps1.ksociety.net) (se.hub efnet.port80.se)
[03:48:30] *** Quits: Genolo (~fear@2a01:7e00::f03c:91ff:fe93:8d42) (se.hub efnet.port80.se)
[03:48:30] *** Quits: mid-kid (~mid-kid@2a01:7c8:aac8:1e8:5054:ff:fe5e:cd48) (se.hub efnet.port80.se)
[03:48:30] *** Quits: Summeli (summeli@irc.summeli.com) (se.hub efnet.port80.se)
[03:53:59] *** Joins: Normmatt (~Normmatt@cloud.normmatt.com)
[03:53:59] *** Joins: zini (~zini@88-113-145-208.elisa-laajakaista.fi)
[03:53:59] *** Joins: Phils3r (~Phil@2a02:c205:3000:2328::1)
[03:53:59] *** Joins: rctgamer3 (~rctgamer3@185.66.251.249)
[03:53:59] *** Joins: refsw` (~refsw@80.150.130.51)
[03:53:59] *** Joins: rjeli____ (sid289321@id-289321.charlton.irccloud.com)
[03:53:59] *** Joins: hexkyz (~hexkyz@ec2-18-179-123-169.ap-northeast-1.compute.amazonaws.com)
[03:53:59] *** Joins: SCV__ (sid226262@id-226262.charlton.irccloud.com)
[03:53:59] *** Joins: dibas (~dibas@wild.uberspace.de)
[03:53:59] *** Joins: ave_ (~ave_@79.110.170.32)
[03:53:59] *** Joins: derrek (LtSahBsPp4@sirius.uberspace.de)
[03:53:59] *** Joins: uyjulian (~uyjulian@69-110-38-205.lightspeed.lbcktx.sbcglobal.net)
[03:53:59] *** Joins: hthh (~hthh@hh.ht)
[03:53:59] *** Joins: coriolis (~coriolis@2607:5300:60:2885::1)
[03:53:59] *** Joins: naehrwert (~naehrwert@8.38.88.201)
[03:53:59] *** Joins: klock (~efklock@vps1.ksociety.net)
[03:53:59] *** Joins: Genolo (~fear@2a01:7e00::f03c:91ff:fe93:8d42)
[03:53:59] *** Joins: mid-kid (~mid-kid@2a01:7c8:aac8:1e8:5054:ff:fe5e:cd48)
[03:53:59] *** Joins: Summeli (summeli@irc.summeli.com)
[04:03:50] *** Quits: Normmatt (~Normmatt@cloud.normmatt.com) (se.hub efnet.port80.se)
[04:03:50] *** Quits: zini (~zini@88-113-145-208.elisa-laajakaista.fi) (se.hub efnet.port80.se)
[04:03:50] *** Quits: Phils3r (~Phil@2a02:c205:3000:2328::1) (se.hub efnet.port80.se)
[04:03:50] *** Quits: rctgamer3 (~rctgamer3@185.66.251.249) (se.hub efnet.port80.se)
[04:03:50] *** Quits: refsw` (~refsw@80.150.130.51) (se.hub efnet.port80.se)
[04:03:50] *** Quits: rjeli____ (sid289321@id-289321.charlton.irccloud.com) (se.hub efnet.port80.se)
[04:03:50] *** Quits: hexkyz (~hexkyz@ec2-18-179-123-169.ap-northeast-1.compute.amazonaws.com) (se.hub efnet.port80.se)
[04:03:50] *** Quits: SCV__ (sid226262@id-226262.charlton.irccloud.com) (se.hub efnet.port80.se)
[04:03:50] *** Quits: dibas (~dibas@wild.uberspace.de) (se.hub efnet.port80.se)
[04:03:50] *** Quits: ave_ (~ave_@79.110.170.32) (se.hub efnet.port80.se)
[04:03:50] *** Quits: derrek (LtSahBsPp4@sirius.uberspace.de) (se.hub efnet.port80.se)
[04:03:50] *** Quits: uyjulian (~uyjulian@69-110-38-205.lightspeed.lbcktx.sbcglobal.net) (se.hub efnet.port80.se)
[04:03:50] *** Quits: hthh (~hthh@hh.ht) (se.hub efnet.port80.se)
[04:03:50] *** Quits: coriolis (~coriolis@2607:5300:60:2885::1) (se.hub efnet.port80.se)
[04:03:50] *** Quits: naehrwert (~naehrwert@8.38.88.201) (se.hub efnet.port80.se)
[04:03:50] *** Quits: klock (~efklock@vps1.ksociety.net) (se.hub efnet.port80.se)
[04:03:50] *** Quits: Genolo (~fear@2a01:7e00::f03c:91ff:fe93:8d42) (se.hub efnet.port80.se)
[04:03:50] *** Quits: mid-kid (~mid-kid@2a01:7c8:aac8:1e8:5054:ff:fe5e:cd48) (se.hub efnet.port80.se)
[04:03:50] *** Quits: Summeli (summeli@irc.summeli.com) (se.hub efnet.port80.se)
[04:20:07] *** Joins: Normmatt (~Normmatt@cloud.normmatt.com)
[04:20:07] *** Joins: zini (~zini@88-113-145-208.elisa-laajakaista.fi)
[04:20:07] *** Joins: Phils3r (~Phil@2a02:c205:3000:2328::1)
[04:20:07] *** Joins: rctgamer3 (~rctgamer3@185.66.251.249)
[04:20:07] *** Joins: refsw` (~refsw@80.150.130.51)
[04:20:07] *** Joins: rjeli____ (sid289321@id-289321.charlton.irccloud.com)
[04:20:07] *** Joins: hexkyz (~hexkyz@ec2-18-179-123-169.ap-northeast-1.compute.amazonaws.com)
[04:20:07] *** Joins: SCV__ (sid226262@id-226262.charlton.irccloud.com)
[04:20:07] *** Joins: dibas (~dibas@wild.uberspace.de)
[04:20:07] *** Joins: ave_ (~ave_@79.110.170.32)
[04:20:07] *** Joins: derrek (LtSahBsPp4@sirius.uberspace.de)
[04:20:07] *** Joins: uyjulian (~uyjulian@69-110-38-205.lightspeed.lbcktx.sbcglobal.net)
[04:20:07] *** Joins: hthh (~hthh@hh.ht)
[04:20:07] *** Joins: coriolis (~coriolis@2607:5300:60:2885::1)
[04:20:07] *** Joins: naehrwert (~naehrwert@8.38.88.201)
[04:20:07] *** Joins: klock (~efklock@vps1.ksociety.net)
[04:20:07] *** Joins: Genolo (~fear@2a01:7e00::f03c:91ff:fe93:8d42)
[04:20:07] *** Joins: mid-kid (~mid-kid@2a01:7c8:aac8:1e8:5054:ff:fe5e:cd48)
[04:20:07] *** Joins: Summeli (summeli@irc.summeli.com)
[05:10:13] *** Quits: Normmatt (~Normmatt@cloud.normmatt.com) (se.hub efnet.port80.se)
[05:10:13] *** Quits: zini (~zini@88-113-145-208.elisa-laajakaista.fi) (se.hub efnet.port80.se)
[05:10:13] *** Quits: Phils3r (~Phil@2a02:c205:3000:2328::1) (se.hub efnet.port80.se)
[05:10:13] *** Quits: rctgamer3 (~rctgamer3@185.66.251.249) (se.hub efnet.port80.se)
[05:10:13] *** Quits: refsw` (~refsw@80.150.130.51) (se.hub efnet.port80.se)
[05:10:13] *** Quits: rjeli____ (sid289321@id-289321.charlton.irccloud.com) (se.hub efnet.port80.se)
[05:10:13] *** Quits: hexkyz (~hexkyz@ec2-18-179-123-169.ap-northeast-1.compute.amazonaws.com) (se.hub efnet.port80.se)
[05:10:13] *** Quits: SCV__ (sid226262@id-226262.charlton.irccloud.com) (se.hub efnet.port80.se)
[05:10:13] *** Quits: dibas (~dibas@wild.uberspace.de) (se.hub efnet.port80.se)
[05:10:13] *** Quits: ave_ (~ave_@79.110.170.32) (se.hub efnet.port80.se)
[05:10:13] *** Quits: derrek (LtSahBsPp4@sirius.uberspace.de) (se.hub efnet.port80.se)
[05:10:13] *** Quits: uyjulian (~uyjulian@69-110-38-205.lightspeed.lbcktx.sbcglobal.net) (se.hub efnet.port80.se)
[05:10:13] *** Quits: hthh (~hthh@hh.ht) (se.hub efnet.port80.se)
[05:10:13] *** Quits: coriolis (~coriolis@2607:5300:60:2885::1) (se.hub efnet.port80.se)
[05:10:13] *** Quits: naehrwert (~naehrwert@8.38.88.201) (se.hub efnet.port80.se)
[05:10:13] *** Quits: klock (~efklock@vps1.ksociety.net) (se.hub efnet.port80.se)
[05:10:13] *** Quits: Genolo (~fear@2a01:7e00::f03c:91ff:fe93:8d42) (se.hub efnet.port80.se)
[05:10:13] *** Quits: mid-kid (~mid-kid@2a01:7c8:aac8:1e8:5054:ff:fe5e:cd48) (se.hub efnet.port80.se)
[05:10:13] *** Quits: Summeli (summeli@irc.summeli.com) (se.hub efnet.port80.se)
[05:11:27] *** Joins: Normmatt (~Normmatt@cloud.normmatt.com)
[05:11:27] *** Joins: zini (~zini@88-113-145-208.elisa-laajakaista.fi)
[05:11:27] *** Joins: Phils3r (~Phil@2a02:c205:3000:2328::1)
[05:11:27] *** Joins: rctgamer3 (~rctgamer3@185.66.251.249)
[05:11:27] *** Joins: refsw` (~refsw@80.150.130.51)
[05:11:27] *** Joins: rjeli____ (sid289321@id-289321.charlton.irccloud.com)
[05:11:27] *** Joins: hexkyz (~hexkyz@ec2-18-179-123-169.ap-northeast-1.compute.amazonaws.com)
[05:11:27] *** Joins: SCV__ (sid226262@id-226262.charlton.irccloud.com)
[05:11:27] *** Joins: dibas (~dibas@wild.uberspace.de)
[05:11:27] *** Joins: ave_ (~ave_@79.110.170.32)
[05:11:27] *** Joins: derrek (LtSahBsPp4@sirius.uberspace.de)
[05:11:27] *** Joins: uyjulian (~uyjulian@69-110-38-205.lightspeed.lbcktx.sbcglobal.net)
[05:11:27] *** Joins: hthh (~hthh@hh.ht)
[05:11:27] *** Joins: coriolis (~coriolis@2607:5300:60:2885::1)
[05:11:27] *** Joins: naehrwert (~naehrwert@8.38.88.201)
[05:11:27] *** Joins: klock (~efklock@vps1.ksociety.net)
[05:11:27] *** Joins: Genolo (~fear@2a01:7e00::f03c:91ff:fe93:8d42)
[05:11:27] *** Joins: mid-kid (~mid-kid@2a01:7c8:aac8:1e8:5054:ff:fe5e:cd48)
[05:11:27] *** Joins: Summeli (summeli@irc.summeli.com)
[05:42:28] *** Quits: phigcloud (uid13896@id-13896.tooting.irccloud.com) (Quit: Updating details, brb)
[05:43:57] *** Joins: phigcloud (uid13896@tooting.irccloud.com)
[06:26:37] *** Quits: Normmatt (~Normmatt@cloud.normmatt.com) (se.hub efnet.port80.se)
[06:26:37] *** Quits: zini (~zini@88-113-145-208.elisa-laajakaista.fi) (se.hub efnet.port80.se)
[06:26:37] *** Quits: Phils3r (~Phil@2a02:c205:3000:2328::1) (se.hub efnet.port80.se)
[06:26:37] *** Quits: rctgamer3 (~rctgamer3@185.66.251.249) (se.hub efnet.port80.se)
[06:26:37] *** Quits: refsw` (~refsw@80.150.130.51) (se.hub efnet.port80.se)
[06:26:37] *** Quits: rjeli____ (sid289321@id-289321.charlton.irccloud.com) (se.hub efnet.port80.se)
[06:26:37] *** Quits: hexkyz (~hexkyz@ec2-18-179-123-169.ap-northeast-1.compute.amazonaws.com) (se.hub efnet.port80.se)
[06:26:37] *** Quits: SCV__ (sid226262@id-226262.charlton.irccloud.com) (se.hub efnet.port80.se)
[06:26:37] *** Quits: dibas (~dibas@wild.uberspace.de) (se.hub efnet.port80.se)
[06:26:37] *** Quits: ave_ (~ave_@79.110.170.32) (se.hub efnet.port80.se)
[06:26:37] *** Quits: derrek (LtSahBsPp4@sirius.uberspace.de) (se.hub efnet.port80.se)
[06:26:37] *** Quits: uyjulian (~uyjulian@69-110-38-205.lightspeed.lbcktx.sbcglobal.net) (se.hub efnet.port80.se)
[06:26:37] *** Quits: hthh (~hthh@hh.ht) (se.hub efnet.port80.se)
[06:26:37] *** Quits: coriolis (~coriolis@2607:5300:60:2885::1) (se.hub efnet.port80.se)
[06:26:37] *** Quits: naehrwert (~naehrwert@8.38.88.201) (se.hub efnet.port80.se)
[06:26:37] *** Quits: klock (~efklock@vps1.ksociety.net) (se.hub efnet.port80.se)
[06:26:38] *** Quits: Genolo (~fear@2a01:7e00::f03c:91ff:fe93:8d42) (se.hub efnet.port80.se)
[06:26:38] *** Quits: mid-kid (~mid-kid@2a01:7c8:aac8:1e8:5054:ff:fe5e:cd48) (se.hub efnet.port80.se)
[06:26:38] *** Quits: Summeli (summeli@irc.summeli.com) (se.hub efnet.port80.se)
[06:29:43] *** Joins: Normmatt (~Normmatt@cloud.normmatt.com)
[06:29:43] *** Joins: zini (~zini@88-113-145-208.elisa-laajakaista.fi)
[06:29:43] *** Joins: Phils3r (~Phil@2a02:c205:3000:2328::1)
[06:29:43] *** Joins: rctgamer3 (~rctgamer3@185.66.251.249)
[06:29:43] *** Joins: refsw` (~refsw@80.150.130.51)
[06:29:43] *** Joins: rjeli____ (sid289321@id-289321.charlton.irccloud.com)
[06:29:43] *** Joins: hexkyz (~hexkyz@ec2-18-179-123-169.ap-northeast-1.compute.amazonaws.com)
[06:29:43] *** Joins: SCV__ (sid226262@id-226262.charlton.irccloud.com)
[06:29:43] *** Joins: dibas (~dibas@wild.uberspace.de)
[06:29:43] *** Joins: ave_ (~ave_@79.110.170.32)
[06:29:43] *** Joins: derrek (LtSahBsPp4@sirius.uberspace.de)
[06:29:43] *** Joins: uyjulian (~uyjulian@69-110-38-205.lightspeed.lbcktx.sbcglobal.net)
[06:29:43] *** Joins: hthh (~hthh@hh.ht)
[06:29:43] *** Joins: coriolis (~coriolis@2607:5300:60:2885::1)
[06:29:43] *** Joins: naehrwert (~naehrwert@8.38.88.201)
[06:29:43] *** Joins: klock (~efklock@vps1.ksociety.net)
[06:29:43] *** Joins: Genolo (~fear@2a01:7e00::f03c:91ff:fe93:8d42)
[06:29:43] *** Joins: mid-kid (~mid-kid@2a01:7c8:aac8:1e8:5054:ff:fe5e:cd48)
[06:29:43] *** Joins: Summeli (summeli@irc.summeli.com)
[06:53:54] *** Quits: Normmatt (~Normmatt@cloud.normmatt.com) (se.hub efnet.port80.se)
[06:53:55] *** Quits: zini (~zini@88-113-145-208.elisa-laajakaista.fi) (se.hub efnet.port80.se)
[06:53:55] *** Quits: Phils3r (~Phil@2a02:c205:3000:2328::1) (se.hub efnet.port80.se)
[06:53:55] *** Quits: rctgamer3 (~rctgamer3@185.66.251.249) (se.hub efnet.port80.se)
[06:53:55] *** Quits: refsw` (~refsw@80.150.130.51) (se.hub efnet.port80.se)
[06:53:55] *** Quits: rjeli____ (sid289321@id-289321.charlton.irccloud.com) (se.hub efnet.port80.se)
[06:53:55] *** Quits: hexkyz (~hexkyz@ec2-18-179-123-169.ap-northeast-1.compute.amazonaws.com) (se.hub efnet.port80.se)
[06:53:55] *** Quits: SCV__ (sid226262@id-226262.charlton.irccloud.com) (se.hub efnet.port80.se)
[06:53:55] *** Quits: dibas (~dibas@wild.uberspace.de) (se.hub efnet.port80.se)
[06:53:55] *** Quits: ave_ (~ave_@79.110.170.32) (se.hub efnet.port80.se)
[06:53:55] *** Quits: derrek (LtSahBsPp4@sirius.uberspace.de) (se.hub efnet.port80.se)
[06:53:55] *** Quits: uyjulian (~uyjulian@69-110-38-205.lightspeed.lbcktx.sbcglobal.net) (se.hub efnet.port80.se)
[06:53:55] *** Quits: hthh (~hthh@hh.ht) (se.hub efnet.port80.se)
[06:53:55] *** Quits: coriolis (~coriolis@2607:5300:60:2885::1) (se.hub efnet.port80.se)
[06:53:55] *** Quits: naehrwert (~naehrwert@8.38.88.201) (se.hub efnet.port80.se)
[06:53:55] *** Quits: klock (~efklock@vps1.ksociety.net) (se.hub efnet.port80.se)
[06:53:55] *** Quits: Genolo (~fear@2a01:7e00::f03c:91ff:fe93:8d42) (se.hub efnet.port80.se)
[06:53:55] *** Quits: mid-kid (~mid-kid@2a01:7c8:aac8:1e8:5054:ff:fe5e:cd48) (se.hub efnet.port80.se)
[06:53:55] *** Quits: Summeli (summeli@irc.summeli.com) (se.hub efnet.port80.se)
[07:10:04] *** Joins: Normmatt (~Normmatt@cloud.normmatt.com)
[07:10:04] *** Joins: zini (~zini@88-113-145-208.elisa-laajakaista.fi)
[07:10:04] *** Joins: Phils3r (~Phil@2a02:c205:3000:2328::1)
[07:10:04] *** Joins: rctgamer3 (~rctgamer3@185.66.251.249)
[07:10:04] *** Joins: refsw` (~refsw@80.150.130.51)
[07:10:04] *** Joins: rjeli____ (sid289321@id-289321.charlton.irccloud.com)
[07:10:04] *** Joins: hexkyz (~hexkyz@ec2-18-179-123-169.ap-northeast-1.compute.amazonaws.com)
[07:10:04] *** Joins: SCV__ (sid226262@id-226262.charlton.irccloud.com)
[07:10:04] *** Joins: dibas (~dibas@wild.uberspace.de)
[07:10:04] *** Joins: ave_ (~ave_@79.110.170.32)
[07:10:04] *** Joins: derrek (LtSahBsPp4@sirius.uberspace.de)
[07:10:04] *** Joins: uyjulian (~uyjulian@69-110-38-205.lightspeed.lbcktx.sbcglobal.net)
[07:10:04] *** Joins: hthh (~hthh@hh.ht)
[07:10:04] *** Joins: coriolis (~coriolis@2607:5300:60:2885::1)
[07:10:04] *** Joins: naehrwert (~naehrwert@8.38.88.201)
[07:10:04] *** Joins: klock (~efklock@vps1.ksociety.net)
[07:10:04] *** Joins: Genolo (~fear@2a01:7e00::f03c:91ff:fe93:8d42)
[07:10:04] *** Joins: mid-kid (~mid-kid@2a01:7c8:aac8:1e8:5054:ff:fe5e:cd48)
[07:10:04] *** Joins: Summeli (summeli@irc.summeli.com)
[07:12:38] *** Quits: Galaxy| (~galaxy@174-083-197-034.res.spectrum.com) (Quit: Quit.)
[07:22:16] *** Joins: Galaxy| (~galaxy@174-083-197-034.res.spectrum.com)
[07:27:46] *** Quits: Normmatt (~Normmatt@cloud.normmatt.com) (se.hub efnet.port80.se)
[07:27:46] *** Quits: zini (~zini@88-113-145-208.elisa-laajakaista.fi) (se.hub efnet.port80.se)
[07:27:46] *** Quits: Phils3r (~Phil@2a02:c205:3000:2328::1) (se.hub efnet.port80.se)
[07:27:46] *** Quits: rctgamer3 (~rctgamer3@185.66.251.249) (se.hub efnet.port80.se)
[07:27:46] *** Quits: refsw` (~refsw@80.150.130.51) (se.hub efnet.port80.se)
[07:27:46] *** Quits: rjeli____ (sid289321@id-289321.charlton.irccloud.com) (se.hub efnet.port80.se)
[07:27:46] *** Quits: hexkyz (~hexkyz@ec2-18-179-123-169.ap-northeast-1.compute.amazonaws.com) (se.hub efnet.port80.se)
[07:27:46] *** Quits: SCV__ (sid226262@id-226262.charlton.irccloud.com) (se.hub efnet.port80.se)
[07:27:46] *** Quits: dibas (~dibas@wild.uberspace.de) (se.hub efnet.port80.se)
[07:27:46] *** Quits: ave_ (~ave_@79.110.170.32) (se.hub efnet.port80.se)
[07:27:46] *** Quits: derrek (LtSahBsPp4@sirius.uberspace.de) (se.hub efnet.port80.se)
[07:27:46] *** Quits: uyjulian (~uyjulian@69-110-38-205.lightspeed.lbcktx.sbcglobal.net) (se.hub efnet.port80.se)
[07:27:46] *** Quits: hthh (~hthh@hh.ht) (se.hub efnet.port80.se)
[07:27:46] *** Quits: coriolis (~coriolis@2607:5300:60:2885::1) (se.hub efnet.port80.se)
[07:27:46] *** Quits: naehrwert (~naehrwert@8.38.88.201) (se.hub efnet.port80.se)
[07:27:46] *** Quits: klock (~efklock@vps1.ksociety.net) (se.hub efnet.port80.se)
[07:27:46] *** Quits: Genolo (~fear@2a01:7e00::f03c:91ff:fe93:8d42) (se.hub efnet.port80.se)
[07:27:46] *** Quits: mid-kid (~mid-kid@2a01:7c8:aac8:1e8:5054:ff:fe5e:cd48) (se.hub efnet.port80.se)
[07:27:46] *** Quits: Summeli (summeli@irc.summeli.com) (se.hub efnet.port80.se)
[07:29:59] *** Joins: Normmatt (~Normmatt@cloud.normmatt.com)
[07:29:59] *** Joins: zini (~zini@88-113-145-208.elisa-laajakaista.fi)
[07:29:59] *** Joins: Phils3r (~Phil@2a02:c205:3000:2328::1)
[07:29:59] *** Joins: rctgamer3 (~rctgamer3@185.66.251.249)
[07:29:59] *** Joins: refsw` (~refsw@80.150.130.51)
[07:29:59] *** Joins: rjeli____ (sid289321@id-289321.charlton.irccloud.com)
[07:29:59] *** Joins: hexkyz (~hexkyz@ec2-18-179-123-169.ap-northeast-1.compute.amazonaws.com)
[07:29:59] *** Joins: SCV__ (sid226262@id-226262.charlton.irccloud.com)
[07:29:59] *** Joins: dibas (~dibas@wild.uberspace.de)
[07:29:59] *** Joins: ave_ (~ave_@79.110.170.32)
[07:29:59] *** Joins: derrek (LtSahBsPp4@sirius.uberspace.de)
[07:29:59] *** Joins: uyjulian (~uyjulian@69-110-38-205.lightspeed.lbcktx.sbcglobal.net)
[07:29:59] *** Joins: hthh (~hthh@hh.ht)
[07:29:59] *** Joins: coriolis (~coriolis@2607:5300:60:2885::1)
[07:29:59] *** Joins: naehrwert (~naehrwert@8.38.88.201)
[07:29:59] *** Joins: klock (~efklock@vps1.ksociety.net)
[07:29:59] *** Joins: Genolo (~fear@2a01:7e00::f03c:91ff:fe93:8d42)
[07:29:59] *** Joins: mid-kid (~mid-kid@2a01:7c8:aac8:1e8:5054:ff:fe5e:cd48)
[07:29:59] *** Joins: Summeli (summeli@irc.summeli.com)
[07:38:00] *** Joins: TAL (~TAL@defiant.tlercher.de)
[07:51:47] *** Quits: Normmatt (~Normmatt@cloud.normmatt.com) (se.hub efnet.port80.se)
[07:51:47] *** Quits: zini (~zini@88-113-145-208.elisa-laajakaista.fi) (se.hub efnet.port80.se)
[07:51:47] *** Quits: Phils3r (~Phil@2a02:c205:3000:2328::1) (se.hub efnet.port80.se)
[07:51:47] *** Quits: rctgamer3 (~rctgamer3@185.66.251.249) (se.hub efnet.port80.se)
[07:51:47] *** Quits: refsw` (~refsw@80.150.130.51) (se.hub efnet.port80.se)
[07:51:47] *** Quits: rjeli____ (sid289321@id-289321.charlton.irccloud.com) (se.hub efnet.port80.se)
[07:51:47] *** Quits: hexkyz (~hexkyz@ec2-18-179-123-169.ap-northeast-1.compute.amazonaws.com) (se.hub efnet.port80.se)
[07:51:47] *** Quits: SCV__ (sid226262@id-226262.charlton.irccloud.com) (se.hub efnet.port80.se)
[07:51:47] *** Quits: dibas (~dibas@wild.uberspace.de) (se.hub efnet.port80.se)
[07:51:47] *** Quits: ave_ (~ave_@79.110.170.32) (se.hub efnet.port80.se)
[07:51:48] *** Quits: derrek (LtSahBsPp4@sirius.uberspace.de) (se.hub efnet.port80.se)
[07:51:48] *** Quits: uyjulian (~uyjulian@69-110-38-205.lightspeed.lbcktx.sbcglobal.net) (se.hub efnet.port80.se)
[07:51:48] *** Quits: hthh (~hthh@hh.ht) (se.hub efnet.port80.se)
[07:51:48] *** Quits: coriolis (~coriolis@2607:5300:60:2885::1) (se.hub efnet.port80.se)
[07:51:48] *** Quits: naehrwert (~naehrwert@8.38.88.201) (se.hub efnet.port80.se)
[07:51:48] *** Quits: klock (~efklock@vps1.ksociety.net) (se.hub efnet.port80.se)
[07:51:48] *** Quits: Genolo (~fear@2a01:7e00::f03c:91ff:fe93:8d42) (se.hub efnet.port80.se)
[07:51:48] *** Quits: mid-kid (~mid-kid@2a01:7c8:aac8:1e8:5054:ff:fe5e:cd48) (se.hub efnet.port80.se)
[07:51:48] *** Quits: Summeli (summeli@irc.summeli.com) (se.hub efnet.port80.se)
[08:14:54] *** lex1 is now known as lex
[08:16:05] *** Quits: lameboy (~lameboy@202-47-121-182.cust.dcsi.net.au) (Quit: brb)
[08:19:32] *** Quits: lex (lex@yuuh.pw) (Killed (se.hub (Nick collision (new))))
[08:19:45] *** Joins: Normmatt (~Normmatt@cloud.normmatt.com)
[08:19:45] *** Joins: zini (~zini@88-113-145-208.elisa-laajakaista.fi)
[08:19:45] *** Joins: Phils3r (~Phil@2a02:c205:3000:2328::1)
[08:19:45] *** Joins: rctgamer3 (~rctgamer3@185.66.251.249)
[08:19:45] *** Joins: refsw` (~refsw@80.150.130.51)
[08:19:45] *** Joins: rjeli____ (sid289321@id-289321.charlton.irccloud.com)
[08:19:45] *** Joins: hexkyz (~hexkyz@ec2-18-179-123-169.ap-northeast-1.compute.amazonaws.com)
[08:19:45] *** Joins: SCV__ (sid226262@id-226262.charlton.irccloud.com)
[08:19:45] *** Joins: dibas (~dibas@wild.uberspace.de)
[08:19:45] *** Joins: ave_ (~ave_@79.110.170.32)
[08:19:45] *** Joins: derrek (LtSahBsPp4@sirius.uberspace.de)
[08:19:45] *** Joins: uyjulian (~uyjulian@69-110-38-205.lightspeed.lbcktx.sbcglobal.net)
[08:19:45] *** Joins: hthh (~hthh@hh.ht)
[08:19:45] *** Joins: coriolis (~coriolis@2607:5300:60:2885::1)
[08:19:45] *** Joins: naehrwert (~naehrwert@8.38.88.201)
[08:19:45] *** Joins: klock (~efklock@vps1.ksociety.net)
[08:19:45] *** Joins: Genolo (~fear@2a01:7e00::f03c:91ff:fe93:8d42)
[08:19:45] *** Joins: mid-kid (~mid-kid@2a01:7c8:aac8:1e8:5054:ff:fe5e:cd48)
[08:19:45] *** Joins: Summeli (summeli@irc.summeli.com)
[08:19:51] *** Joins: lex1 (lex@yuuh.pw)
[08:30:20] *** Joins: lameboy (~lameboy@202-47-121-182.cust.dcsi.net.au)
[09:06:53] *** Joins: fgsfds (~figgis@93.123.144.171)
[09:14:45] *** Joins: mafcadio2 (~mafcadio@cpc158505-smal20-2-0-cust226.19-1.cable.virginm.net)
[11:38:39] *** Quits: fgsfds (~figgis@93.123.144.171) (Read error: Connection reset by peer)
[12:33:16] *** Quits: DacoTaco (~DacoTaco@178-119-112-131.access.telenet.be) (Ping timeout: 272 seconds)
[12:37:14] *** Joins: DacoTaco (~DacoTaco@178-119-112-131.access.telenet.be)
[16:00:24] *** Joins: fgsfds (~figgis@93.123.144.171)
[17:24:36] *** Joins: Sentry- (~sentry@dslb-188-101-127-032.188.101.pools.vodafone-ip.de)
[17:25:08] *** Quits: Snetry (~sentry@dslb-178-001-117-228.178.001.pools.vodafone-ip.de) (Read error: Operation timed out)
[17:32:43] *** Joins: Snetry (~sentry@dslb-146-060-138-180.146.060.pools.vodafone-ip.de)
[17:37:13] *** Quits: Sentry- (~sentry@dslb-188-101-127-032.188.101.pools.vodafone-ip.de) (Read error: Operation timed out)
[18:21:19] *** Quits: lameboy (~lameboy@202-47-121-182.cust.dcsi.net.au) (Remote host closed the connection)
[18:21:31] *** Joins: lameboy (~lameboy@202-47-121-182.cust.dcsi.net.au)
[20:03:32] *** Quits: balrog (~balrog@98.115.168.15) (Ping timeout: 622 seconds)
[20:03:32] *** Quits: rmaw (~rmaw@163.172.57.156) (Read error: Connection reset by peer)
[20:10:34] *** Quits: Snetry (~sentry@dslb-146-060-138-180.146.060.pools.vodafone-ip.de) (Read error: Connection reset by peer)
[20:15:58] *** Joins: hordak_ (~hordak@cautio.us)
[20:18:51] *** Quits: phigcloud (uid13896@tooting.irccloud.com) (Read error: Connection reset by peer)
[20:19:55] *** Joins: balrog (~balrog@98.115.168.15)
[20:20:56] *** Joins: phigcloud (~uid13896@tooting.irccloud.com)
[20:22:22] *** Joins: Snetry (~sentry@dslb-146-060-138-180.146.060.pools.vodafone-ip.de)
[20:23:59] *** Joins: rmaw (~rmaw@163.172.57.156)
[20:29:32] *** Quits: hordak (hordak@cautio.us) (Read error: Operation timed out)
[20:29:32] *** hordak_ is now known as hordak
[20:52:28] <plutobot> Wiki | Page changed: NS Services | User: Behemoth | https://switchbrew.org/w/index.php?curid=89&diff=10149&oldid=9903
