[00:55:07] *** Quits nullstrin (Read error: Operation timed out)
[00:58:53] *** Joins nullstrin
[01:36:14] *** Joins refs
[02:22:46] *** Quits refs (Quit: refs)
[04:37:13] *** Joins mukunda
[05:38:05] *** Joins KuKzz
[05:38:31] *** Quits KuKzz_ (Ping timeout: 496 seconds)
[06:13:33] *** Quits fgsfds (Read error: Connection reset by peer)
[06:16:48] *** Quits |Shadow| ()
[07:19:32] *** Joins |Shadow|
[08:26:01] *** Quits lameboy (Ping timeout: 265 seconds)
[08:26:21] *** Joins lameboy
[10:51:45] *** Quits Stary (Ping timeout: 265 seconds)
[10:52:29] *** Quits TAL (Ping timeout: 265 seconds)
[10:53:51] *** Joins TAL
[10:56:30] *** Joins TAL_
[10:58:41] *** Quits TAL (Ping timeout: 265 seconds)
[11:08:49] *** Joins Stary
[11:09:45] *** Quits Ghabry (se.hub irc.underworld.no)
[11:19:52] *** Joins rajkosto
[11:20:14] *** TAL_ is now known as TAL
[11:31:14] *** Joins Extrems`
[11:31:14] *** Quits Extrems (Read error: Connection reset by peer)
[11:31:31] *** Extrems` is now known as Extrems
[11:44:41] *** Joins Ghabry
[11:54:34] *** Quits cpnc0ke (Read error: Connection reset by peer)
[11:56:06] *** Joins cpnc0ke
[13:28:00] *** Quits rajkosto (Read error: Connection reset by peer)
[13:54:21] *** Quits mukunda ()
[15:38:57] *** Quits Surkow (Remote host closed the connection)
[15:44:34] *** Joins Surkow
[15:53:05] *** Quits nullstrin (Read error: Operation timed out)
[15:56:52] *** Joins nullstrin
[16:54:57] *** Joins rajkosto
[17:59:15] *** Joins fgsfds
[18:25:19] *** Joins figgis_
[18:30:35] *** Joins figgis__
[18:32:58] *** Quits fgsfds (Read error: Operation timed out)
[18:38:18] *** Quits figgis_ (Read error: Operation timed out)
[18:48:47] *** Joins figgis_
[18:50:29] *** Joins fgsfds
[18:54:58] *** Quits KuKzz ()
[18:56:18] *** Quits figgis__ (Read error: Operation timed out)
[18:58:21] *** Quits figgis_ (Read error: Operation timed out)
[19:24:00] *** Joins KuKzz
[19:33:35] *** Quits fincs (Ping timeout: 265 seconds)
[19:35:02] *** Quits WntrMute (Ping timeout: 265 seconds)
[19:38:35] *** Quits TurtleP (Read error: Operation timed out)
[20:00:36] *** Joins WntrMute
[20:00:43] *** yls8bot sets mode: +o WntrMute
[20:01:00] *** Joins fincs
[20:01:00] *** WntrMute sets mode: +o fincs
[20:01:03] *** Joins TurtleP
[20:28:18] *** Joins m4ts-
[20:35:51] *** Quits m4ts- (Ping timeout: 265 seconds)
[20:39:42] *** Joins m4ts_
[20:42:27] *** Quits hordak (Quit: Scheiße!)
[20:44:34] *** Joins hordak
[21:27:35] *** Joins hordak_
[21:27:52] *** Quits hordak (Read error: Connection reset by peer)
[21:27:52] *** hordak_ is now known as hordak
[21:37:09] *** Joins refs
[23:08:10] *** Quits fgsfds (Read error: Connection reset by peer)
[23:15:35] *** Joins fgsfds
[23:24:51] *** Quits lameboy (Ping timeout: 186 seconds)
[23:25:07] *** Joins lameboy
[23:30:43] *** Quits lameboy (Ping timeout: 186 seconds)
[23:31:26] *** Joins lameboy
