[00:03:11] *** Joins: rctgamer (~rctgamer3@2a00:f10:121:a00:4ba:60ff:fe00:196c)
[00:06:19] *** Joins: TAL_ (~TAL@defiant.tlercher.de)
[00:09:19] *** Joins: refsw2 (~refsw@80.150.130.51)
[00:09:35] *** Joins: zini- (~zini@88-113-145-208.elisa-laajakaista.fi)
[00:11:58] *** Quits: rjeli____ (sid289321@id-289321.charlton.irccloud.com) (Write error: Connection reset by peer)
[00:11:59] *** Quits: zini (~zini@88-113-145-208.elisa-laajakaista.fi) (Read error: Connection reset by peer)
[00:11:59] *** Quits: SCV__ (sid226262@id-226262.charlton.irccloud.com) (Read error: Connection reset by peer)
[00:11:59] *** Quits: Normmatt (~Normmatt@cloud.normmatt.com) (Read error: Connection reset by peer)
[00:11:59] *** Quits: rctgamer (~rctgamer3@2a00:f10:121:a00:4ba:60ff:fe00:196c) (Read error: Connection reset by peer)
[00:11:59] *** Quits: Phils3r (~Phil@2a02:c205:3000:2328::1) (Quit: ZNC - https://znc.in)
[00:11:59] *** Joins: SCV__ (sid226262@id-226262.charlton.irccloud.com)
[00:11:59] *** Joins: rjeli____ (sid289321@id-289321.charlton.irccloud.com)
[00:11:59] *** Joins: uyjulian_ (~uyjulian@69-110-38-205.lightspeed.lbcktx.sbcglobal.net)
[00:11:59] *** Joins: rctgamer (~rctgamer3@2a00:f10:121:a00:4ba:60ff:fe00:196c)
[00:12:14] *** Joins: Phils3r (~Phil@2a02:c205:3000:2328::1)
[00:12:18] *** Joins: TurtleP_ (~turtlep@bnc.devkitpro.org)
[00:12:38] *** Quits: TurtleP (~turtlep@bnc.devkitpro.org) (Ping timeout: 745 seconds)
[00:12:38] *** Quits: rctgamer3 (~rctgamer3@185.66.251.249) (Ping timeout: 745 seconds)
[00:13:13] *** Quits: TAL (~TAL@defiant.tlercher.de) (Ping timeout: 745 seconds)
[00:13:13] *** Quits: dibas (~dibas@wild.uberspace.de) (Ping timeout: 745 seconds)
[00:13:13] *** Quits: ave_ (~ave_@79.110.170.32) (Ping timeout: 745 seconds)
[00:13:14] *** Quits: derrek (LtSahBsPp4@sirius.uberspace.de) (Ping timeout: 745 seconds)
[00:13:14] *** Quits: hthh (~hthh@hh.ht) (Ping timeout: 745 seconds)
[00:13:14] *** Quits: klock (~efklock@vps1.ksociety.net) (Ping timeout: 745 seconds)
[00:13:20] *** Joins: Normmatt (~Normmatt@cloud.normmatt.com)
[00:16:03] *** Joins: klock (~efklock@vps1.ksociety.net)
[00:19:03] *** Quits: uyjulian (~uyjulian@69-110-38-205.lightspeed.lbcktx.sbcglobal.net) (Ping timeout: 745 seconds)
[00:19:03] *** uyjulian_ is now known as uyjulian
[00:20:13] *** Quits: refsw` (~refsw@80.150.130.51) (Ping timeout: 745 seconds)
[01:15:59] *** Joins: dibas (~dibas@wild.uberspace.de)
[01:17:13] *** Joins: hthh (~hthh@hh.ht)
[01:19:37] *** Joins: ave_ (~ave_@79.110.170.32)
[01:19:40] *** Joins: derrek (~derrek@sirius.uberspace.de)
[01:33:42] *** Quits: hexkyz (~hexkyz@ec2-18-179-123-169.ap-northeast-1.compute.amazonaws.com) (Ping timeout: 745 seconds)
[01:33:43] *** Quits: naehrwert (~naehrwert@8.38.88.201) (Ping timeout: 745 seconds)
[01:33:56] *** Joins: naehrwert (~naehrwert@8.38.88.201)
[01:34:33] *** Joins: hexkyz (~hexkyz@ec2-18-179-123-169.ap-northeast-1.compute.amazonaws.com)
[01:40:39] *** TAL_ is now known as TAL
[01:43:50] *** Quits: ave_ (~ave_@79.110.170.32) (Read error: Connection reset by peer)
[01:43:52] *** Joins: ave_ (~ave_@79.110.170.32)
[01:47:07] *** Quits: hexkyz (~hexkyz@ec2-18-179-123-169.ap-northeast-1.compute.amazonaws.com) (Ping timeout: 745 seconds)
[01:47:27] *** Joins: hexkyz (~hexkyz@ec2-18-179-123-169.ap-northeast-1.compute.amazonaws.com)
[01:50:57] *** Joins: dibas_ (~dibas@wild.uberspace.de)
[01:50:57] *** Quits: dibas (~dibas@wild.uberspace.de) (Read error: Connection reset by peer)
[01:51:01] *** dibas_ is now known as dibas
[02:00:32] *** Quits: hexkyz (~hexkyz@ec2-18-179-123-169.ap-northeast-1.compute.amazonaws.com) (Ping timeout: 745 seconds)
[02:00:48] *** Joins: hexkyz (~hexkyz@ec2-18-179-123-169.ap-northeast-1.compute.amazonaws.com)
[02:04:41] *** Quits: ave_ (~ave_@79.110.170.32) (Read error: Connection reset by peer)
[02:04:41] *** Quits: dibas (~dibas@wild.uberspace.de) (Read error: Connection reset by peer)
[02:04:43] *** Joins: ave_ (~ave_@79.110.170.32)
[02:04:44] *** Joins: dibas (~dibas@wild.uberspace.de)
[02:13:57] *** Quits: hexkyz (~hexkyz@ec2-18-179-123-169.ap-northeast-1.compute.amazonaws.com) (Ping timeout: 745 seconds)
[02:14:17] *** Joins: hexkyz (~hexkyz@ec2-18-179-123-169.ap-northeast-1.compute.amazonaws.com)
[02:23:09] *** Quits: refs (~refs@p200300dd8717e9003dd6d8a58269ebf1.dip0.t-ipconnect.de) (Quit: refs)
[02:27:22] *** Quits: hexkyz (~hexkyz@ec2-18-179-123-169.ap-northeast-1.compute.amazonaws.com) (Ping timeout: 745 seconds)
[02:29:13] *** Joins: hexkyz (~hexkyz@ec2-18-179-123-169.ap-northeast-1.compute.amazonaws.com)
[02:41:57] *** Quits: hexkyz (~hexkyz@ec2-18-179-123-169.ap-northeast-1.compute.amazonaws.com) (Ping timeout: 745 seconds)
[02:44:18] *** Joins: hexkyz (~hexkyz@ec2-18-179-123-169.ap-northeast-1.compute.amazonaws.com)
[02:57:07] *** Quits: hexkyz (~hexkyz@ec2-18-179-123-169.ap-northeast-1.compute.amazonaws.com) (Ping timeout: 745 seconds)
[02:57:27] *** Joins: hexkyz (~hexkyz@ec2-18-179-123-169.ap-northeast-1.compute.amazonaws.com)
[03:10:32] *** Quits: hexkyz (~hexkyz@ec2-18-179-123-169.ap-northeast-1.compute.amazonaws.com) (Ping timeout: 745 seconds)
[03:10:49] *** Joins: hexkyz (~hexkyz@ec2-18-179-123-169.ap-northeast-1.compute.amazonaws.com)
[05:13:27] *** Quits: |Shadow| (~Shadow1@ip24-253-241-112.ok.ok.cox.net) ()
[05:25:07] *** Joins: |Shadow| (~Shadow1@ip24-253-241-112.ok.ok.cox.net)
[05:58:35] *** Quits: hexkyz (~hexkyz@ec2-18-179-123-169.ap-northeast-1.compute.amazonaws.com) (Ping timeout: 745 seconds)
[05:58:52] *** Joins: hexkyz (~hexkyz@ec2-18-179-123-169.ap-northeast-1.compute.amazonaws.com)
[06:11:58] *** Quits: hexkyz (~hexkyz@ec2-18-179-123-169.ap-northeast-1.compute.amazonaws.com) (Ping timeout: 745 seconds)
[06:12:47] *** Joins: hexkyz (~hexkyz@ec2-18-179-123-169.ap-northeast-1.compute.amazonaws.com)
[06:31:47] *** Quits: hexkyz (~hexkyz@ec2-18-179-123-169.ap-northeast-1.compute.amazonaws.com) (Ping timeout: 745 seconds)
[06:33:08] *** Joins: hexkyz (~hexkyz@ec2-18-179-123-169.ap-northeast-1.compute.amazonaws.com)
[06:45:47] *** Quits: hexkyz (~hexkyz@ec2-18-179-123-169.ap-northeast-1.compute.amazonaws.com) (Ping timeout: 745 seconds)
[06:48:38] *** Joins: hexkyz (~hexkyz@ec2-18-179-123-169.ap-northeast-1.compute.amazonaws.com)
[07:01:32] *** Quits: hexkyz (~hexkyz@ec2-18-179-123-169.ap-northeast-1.compute.amazonaws.com) (Ping timeout: 745 seconds)
[07:02:21] *** Joins: hexkyz (~hexkyz@ec2-18-179-123-169.ap-northeast-1.compute.amazonaws.com)
[07:11:03] *** Quits: fgsfds (~figgis@93.123.144.171) (Read error: Connection reset by peer)
[07:14:09] *** Quits: GerbilSof (~GerbilSof@pool-108-24-152-152.cmdnnj.fios.verizon.net) (Quit: Windows must now restart because the Remote Procedure Call (RPC) service terminated unexpectedly.)
[07:15:32] *** Quits: hexkyz (~hexkyz@ec2-18-179-123-169.ap-northeast-1.compute.amazonaws.com) (Ping timeout: 745 seconds)
[07:15:52] *** Joins: hexkyz (~hexkyz@ec2-18-179-123-169.ap-northeast-1.compute.amazonaws.com)
[07:27:08] *** Joins: GerbilSof (~GerbilSof@pool-108-24-152-152.cmdnnj.fios.verizon.net)
[07:28:57] *** Quits: hexkyz (~hexkyz@ec2-18-179-123-169.ap-northeast-1.compute.amazonaws.com) (Ping timeout: 745 seconds)
[07:30:48] *** Joins: hexkyz (~hexkyz@ec2-18-179-123-169.ap-northeast-1.compute.amazonaws.com)
[07:42:14] *** Joins: IShaDoWl (~IShaDoWl@215.red-79-145-215.dynamicip.rima-tde.net)
[07:43:10] *** Quits: IShaDoWl (~IShaDoWl@215.red-79-145-215.dynamicip.rima-tde.net) (Client Quit)
[07:43:32] *** Quits: hexkyz (~hexkyz@ec2-18-179-123-169.ap-northeast-1.compute.amazonaws.com) (Ping timeout: 745 seconds)
[07:44:22] *** Joins: hexkyz (~hexkyz@ec2-18-179-123-169.ap-northeast-1.compute.amazonaws.com)
[07:56:57] *** Quits: hexkyz (~hexkyz@ec2-18-179-123-169.ap-northeast-1.compute.amazonaws.com) (Ping timeout: 745 seconds)
[07:57:43] *** Joins: hexkyz (~hexkyz@ec2-18-179-123-169.ap-northeast-1.compute.amazonaws.com)
[08:10:57] *** Quits: hexkyz (~hexkyz@ec2-18-179-123-169.ap-northeast-1.compute.amazonaws.com) (Ping timeout: 745 seconds)
[08:11:14] *** Joins: hexkyz (~hexkyz@ec2-18-179-123-169.ap-northeast-1.compute.amazonaws.com)
[09:01:42] *** Quits: hexkyz (~hexkyz@ec2-18-179-123-169.ap-northeast-1.compute.amazonaws.com) (Ping timeout: 745 seconds)
[09:02:30] *** Joins: hexkyz (~hexkyz@ec2-18-179-123-169.ap-northeast-1.compute.amazonaws.com)
[09:15:07] *** Quits: hexkyz (~hexkyz@ec2-18-179-123-169.ap-northeast-1.compute.amazonaws.com) (Ping timeout: 745 seconds)
[09:15:27] *** Joins: hexkyz (~hexkyz@ec2-18-179-123-169.ap-northeast-1.compute.amazonaws.com)
[09:28:32] *** Quits: hexkyz (~hexkyz@ec2-18-179-123-169.ap-northeast-1.compute.amazonaws.com) (Ping timeout: 745 seconds)
[09:31:23] *** Joins: hexkyz (~hexkyz@ec2-18-179-123-169.ap-northeast-1.compute.amazonaws.com)
[10:43:41] *** Quits: rajkosto (~rajkosto@cable-178-149-112-48.dynamic.sbb.rs) (Quit: Leaving)
[11:08:02] *** Joins: foghorn (~meh@107-198-163-1.lightspeed.rcsntx.sbcglobal.net)
[11:12:59] *** Quits: foghorn2 (~meh@107-198-163-1.lightspeed.rcsntx.sbcglobal.net) (Read error: Operation timed out)
[11:34:32] *** Quits: hexkyz (~hexkyz@ec2-18-179-123-169.ap-northeast-1.compute.amazonaws.com) (Ping timeout: 745 seconds)
[11:35:22] *** Joins: hexkyz (~hexkyz@ec2-18-179-123-169.ap-northeast-1.compute.amazonaws.com)
[11:47:57] *** Quits: hexkyz (~hexkyz@ec2-18-179-123-169.ap-northeast-1.compute.amazonaws.com) (Ping timeout: 745 seconds)
[11:48:45] *** Joins: hexkyz (~hexkyz@ec2-18-179-123-169.ap-northeast-1.compute.amazonaws.com)
[12:01:22] *** Quits: hexkyz (~hexkyz@ec2-18-179-123-169.ap-northeast-1.compute.amazonaws.com) (Ping timeout: 745 seconds)
[12:02:12] *** Joins: hexkyz (~hexkyz@ec2-18-179-123-169.ap-northeast-1.compute.amazonaws.com)
[12:14:47] *** Quits: hexkyz (~hexkyz@ec2-18-179-123-169.ap-northeast-1.compute.amazonaws.com) (Ping timeout: 745 seconds)
[12:15:05] *** Joins: hexkyz (~hexkyz@ec2-18-179-123-169.ap-northeast-1.compute.amazonaws.com)
[12:28:12] *** Quits: hexkyz (~hexkyz@ec2-18-179-123-169.ap-northeast-1.compute.amazonaws.com) (Ping timeout: 745 seconds)
[12:28:32] *** Joins: hexkyz (~hexkyz@ec2-18-179-123-169.ap-northeast-1.compute.amazonaws.com)
[12:56:23] *** Joins: fgsfds (~figgis@93.123.144.171)
[13:13:32] *** Joins: karolherb (~kherbst@2a02:8308:b088:c000:eff8:ad95:dadd:2273)
[14:07:32] *** Quits: karolherb (~kherbst@2a02:8308:b088:c000:eff8:ad95:dadd:2273) (Remote host closed the connection)
[14:07:59] *** Joins: karolherb (~kherbst@2a02:8308:b088:c000:eff8:ad95:dadd:2273)
[15:03:58] *** Quits: hexkyz (~hexkyz@ec2-18-179-123-169.ap-northeast-1.compute.amazonaws.com) (Ping timeout: 745 seconds)
[15:04:18] *** Joins: hexkyz (~hexkyz@ec2-18-179-123-169.ap-northeast-1.compute.amazonaws.com)
[18:08:35] *** Joins: uyjulian_ (~uyjulian@69-110-38-205.lightspeed.lbcktx.sbcglobal.net)
[18:08:35] *** Quits: uyjulian (~uyjulian@69-110-38-205.lightspeed.lbcktx.sbcglobal.net) (Read error: Connection reset by peer)
[18:08:41] *** uyjulian_ is now known as uyjulian
[18:11:13] *** Quits: nullstrin (~nullstrin@cermak.nullstring.io) (Read error: Operation timed out)
[18:14:59] *** Joins: nullstrin (~nullstrin@cermak.nullstring.io)
[18:22:18] *** Quits: Genolo (~fear@2a01:7e00::f03c:91ff:fe93:8d42) (Ping timeout: 745 seconds)
[18:22:35] *** Joins: Genolo (~fear@2a01:7e00::f03c:91ff:fe93:8d42)
[18:36:53] *** Joins: lemmu (lemmy@2600:3c00:e000:2e:0:dead:beef:6)
[18:38:32] *** Quits: thejsa (~eva@lana.core.fs3d.net) (Read error: Operation timed out)
[18:40:19] *** Joins: thejsa (~eva@lana.core.fs3d.net)
[18:41:27] *** Quits: lemmy (lemmy@2600:3c00:e000:2e:0:dead:beef:6) (Read error: Operation timed out)
[18:46:31] *** Quits: thejsa (~eva@lana.core.fs3d.net) (Read error: Operation timed out)
[18:49:03] *** Joins: thejsa (~eva@2a03:b0c0:1:a1::53e:1)
[19:09:14] *** Quits: dibas (~dibas@wild.uberspace.de) (Quit: Leaving...)
[19:09:35] *** Joins: dibas (~dibas@wild.uberspace.de)
[19:28:47] *** Quits: rjeli____ (sid289321@id-289321.charlton.irccloud.com) (Ping timeout: 1230 seconds)
[19:29:00] *** Joins: rjeli____ (sid289321@id-289321.charlton.irccloud.com)
[20:01:10] *** Quits: ihaveamac (~ihaveamac@ianburgwin.net) (Quit: fail)
[20:01:43] *** Joins: ihaveamac (~ihaveamac@ianburgwin.net)
[20:06:13] *** Quits: ihaveamac (~ihaveamac@ianburgwin.net) (Client Quit)
[20:06:51] *** Joins: ihaveamac (~ihaveamac@ianburgwin.net)
[20:07:10] *** Quits: ihaveamac (~ihaveamac@ianburgwin.net) (Client Quit)
[20:07:43] *** Joins: ihaveamac (~ihaveamac@ianburgwin.net)
[20:28:17] *** Quits: SCV__ (sid226262@id-226262.charlton.irccloud.com) (Ping timeout: 1230 seconds)
[20:28:30] *** Joins: SCV__ (sid226262@id-226262.charlton.irccloud.com)
[20:32:27] *** Quits: ihaveamac (~ihaveamac@ianburgwin.net) (Quit: fail)
[20:33:09] *** Joins: ihaveamac (~ihaveamac@ianburgwin.net)
[20:37:31] *** Quits: ihaveamac (~ihaveamac@ianburgwin.net) (Client Quit)
[20:38:01] *** Joins: ihaveamac (~ihaveamac@ianburgwin.net)
[20:46:21] *** Quits: ihaveamac (~ihaveamac@ianburgwin.net) (Quit: fail)
[20:46:55] *** Joins: ihaveamac (~ihaveamac@ianburgwin.net)
[21:02:41] *** Quits: endrift (~endrift@endrift.com) (Read error: Operation timed out)
[21:02:49] *** Joins: endrift (~endrift@endrift.com)
[21:03:01] *** Quits: awordnot (~awordnot@c-71-194-7-27.hsd1.il.comcast.net) (Read error: Operation timed out)
[21:04:17] *** Quits: fgsfds (~figgis@93.123.144.171) (Remote host closed the connection)
[21:04:56] *** Joins: foghorn2 (~meh@107-198-163-1.lightspeed.rcsntx.sbcglobal.net)
[21:05:06] *** Joins: fgsfds (~figgis@93.123.144.171)
[21:06:15] *** Joins: awordnot (~awordnot@c-71-194-7-27.hsd1.il.comcast.net)
[21:11:28] *** Joins: figgis_ (~figgis@93.123.144.171)
[21:12:08] *** Quits: foghorn (~meh@107-198-163-1.lightspeed.rcsntx.sbcglobal.net) (Ping timeout: 622 seconds)
[21:12:42] *** Joins: figgis__ (~figgis@93.123.144.171)
[21:20:34] *** Quits: fgsfds (~figgis@93.123.144.171) (Ping timeout: 622 seconds)
[21:21:38] *** Quits: figgis_ (~figgis@93.123.144.171) (Read error: Operation timed out)
[21:55:55] *** Joins: figgis_ (~figgis@cpe.ge-7-3-4-100.abvnqe10.dk.customer.tdc.net)
[21:59:19] *** Joins: fgsfds (~figgis@93.123.144.171)
[22:03:32] *** Quits: figgis__ (~figgis@93.123.144.171) (Read error: Operation timed out)
[22:07:12] *** Quits: figgis_ (~figgis@cpe.ge-7-3-4-100.abvnqe10.dk.customer.tdc.net) (Read error: Operation timed out)
[22:16:58] *** Joins: eggy (~eggster@irchighway.eggy.cc)
[22:17:57] *** Quits: hexkyz (~hexkyz@ec2-18-179-123-169.ap-northeast-1.compute.amazonaws.com) (Ping timeout: 745 seconds)
[22:18:17] *** Quits: eggster (~eggster@irchighway.eggy.cc) (Read error: Operation timed out)
[22:18:48] *** Joins: hexkyz (~hexkyz@ec2-18-179-123-169.ap-northeast-1.compute.amazonaws.com)
[22:23:12] *** Quits: SCV__ (sid226262@id-226262.charlton.irccloud.com) (Read error: Connection timed out)
[22:31:25] *** Joins: SCV__ (sid226262@id-226262.charlton.irccloud.com)
[23:41:13] *** Quits: omlet05_ (~quassel@omlet.ovh) (http://quassel-irc.org - Chat comfortably. Anywhere.)
[23:41:43] *** Joins: omlet05 (~quassel@omlet.ovh)
