[01:33:57] *** Quits: karolherb (~kherbst@2a02:8308:b088:c000:eff8:ad95:dadd:2273) (Ping timeout: 272 seconds)
[01:34:15] *** Joins: karolherb (~kherbst@ip-86-49-248-147.net.upcbroadband.cz)
[01:54:55] *** Joins: refs (~refs@p200300dd87199400f402fce013646ca3.dip0.t-ipconnect.de)
[02:15:22] *** Quits: SCV__ (sid226262@id-226262.charlton.irccloud.com) (Ping timeout: 1230 seconds)
[02:15:36] *** Joins: SCV__ (sid226262@id-226262.charlton.irccloud.com)
[04:17:19] *** Quits: refs (~refs@p200300dd87199400f402fce013646ca3.dip0.t-ipconnect.de) (Quit: refs)
[06:02:04] *** Joins: refsw3 (~refsw@80.150.130.51)
[06:02:22] *** Quits: Snetry (~sentry@dslb-146-060-138-180.146.060.pools.vodafone-ip.de) (Read error: Operation timed out)
[06:02:53] *** Quits: fgsfds (~figgis@93.123.144.171) (Quit: Leaving)
[06:02:53] *** Quits: phigcloud (~uid13896@tooting.irccloud.com) (Read error: Operation timed out)
[06:03:24] *** Quits: averne (~averne@2001:861:5102:3290:9952:d870:185e:c44c) (quit)
[06:05:41] *** Joins: averne (~averne@2001:861:5102:3290:9952:d870:185e:c44c)
[06:05:41] *** Server sets mode: +stn 
[06:07:50] *** Quits: Extrems (gamecube@expert.extremscorner.org) (Read error: Operation timed out)
[06:08:18] *** Quits: d3m3vilur (sid4654@id-4654.charlton.irccloud.com) (Read error: Operation timed out)
[06:08:38] *** Quits: lex1 (lex@yuuh.pw) (Read error: Operation timed out)
[06:08:53] *** Joins: Extrems (~gamecube@expert.extremscorner.org)
[06:08:55] *** Joins: phigcloud (~uid13896@tooting.irccloud.com)
[06:09:41] *** Joins: lex1 (lex@yuuh.pw)
[06:12:42] *** Joins: d3m3vilur (~sid4654@id-4654.charlton.irccloud.com)
[06:12:48] *** Quits: Genolo (~fear@2a01:7e00::f03c:91ff:fe93:8d42) (Ping timeout: 857 seconds)
[06:13:06] *** Joins: Genolo (~fear@151.236.216.141)
[06:14:20] *** Quits: eggy (~eggster@irchighway.eggy.cc) (Ping timeout: 857 seconds)
[06:14:38] *** Joins: eggster (~eggster@irchighway.eggy.cc)
[06:15:13] *** Quits: blasty (~blasty@haxx.in) (Read error: Operation timed out)
[06:24:23] *** Joins: Snetry (~sentry@dslb-146-060-138-180.146.060.pools.vodafone-ip.de)
[06:24:28] *** Joins: rmaw (~rmaw@163.172.57.156)
[06:25:27] *** Quits: phigcloud (~uid13896@tooting.irccloud.com) (Ping timeout: 857 seconds)
[06:25:39] *** Quits: d3m3vilur (~sid4654@id-4654.charlton.irccloud.com) (Read error: Operation timed out)
[06:27:33] *** Joins: d3m3vilur (sid4654@id-4654.charlton.irccloud.com)
[06:28:46] *** Joins: blasty (~blasty@haxx.in)
[06:31:47] *** Joins: phigcloud (uid13896@id-13896.tooting.irccloud.com)
[07:23:07] *** Quits: WntrMute (~wntrmute@bnc.devkitpro.org) (Read error: Operation timed out)
[07:25:05] *** Joins: WntrMute (~wntrmute@bnc.devkitpro.org)
[07:25:05] *** fincs sets mode: +o WntrMute
[11:45:39] *** Quits: lameboy (~lameboy@202-47-121-182.cust.dcsi.net.au) (Ping timeout: 186 seconds)
[11:45:50] *** Joins: lameboy (~lameboy@202-47-121-182.cust.dcsi.net.au)
[15:05:37] *** Joins: fgsfds (~figgis@93.123.144.171)
[15:50:53] *** Joins: rajkosto (~rajkosto@cable-178-149-112-48.dynamic.sbb.rs)
[16:10:07] *** Quits: SCV__ (sid226262@id-226262.charlton.irccloud.com) (Ping timeout: 1230 seconds)
[16:10:20] *** Joins: SCV__ (sid226262@id-226262.charlton.irccloud.com)
[16:28:59] *** Quits: rajkosto (~rajkosto@cable-178-149-112-48.dynamic.sbb.rs) (Read error: Connection reset by peer)
[16:29:23] *** Joins: rajkosto (~rajkosto@cable-178-149-112-48.dynamic.sbb.rs)
[16:49:47] *** Quits: rjeli____ (sid289321@id-289321.charlton.irccloud.com) (Ping timeout: 1230 seconds)
[16:50:00] *** Joins: rjeli____ (sid289321@id-289321.charlton.irccloud.com)
[17:35:39] *** Quits: oldtopman (~oldtopman@70-59-21-92.hlrn.qwest.net) (Read error: Operation timed out)
[17:44:50] *** Joins: oldtopman (~oldtopman@75-166-211-85.hlrn.qwest.net)
[18:25:08] *** rctgamer is now known as rctgamer3
[18:31:16] *** Joins: refs (~refs@p200300dd8732200010f557b7b541cca9.dip0.t-ipconnect.de)
[19:31:42] *** Joins: ZeZu (~null@140-211-168-73-openstack.osuosl.org)
[19:32:59] *** Joins: figgis_ (~figgis@93.123.144.171)
[19:33:02] *** Quits: balrog (~balrog@98.115.168.15) (Read error: Operation timed out)
[19:33:02] *** Quits: nullstrin (~nullstrin@cermak.nullstring.io) (Read error: Operation timed out)
[19:33:23] *** Quits: endrift (~endrift@endrift.com) (Read error: Operation timed out)
[19:33:25] *** Quits: awordnot (~awordnot@c-71-194-7-27.hsd1.il.comcast.net) (Read error: Operation timed out)
[19:33:28] *** Joins: balrog (~balrog@pool-98-115-168-15.phlapa.fios.verizon.net)
[19:34:02] *** Quits: tpw_rules (~tpw_rules@li1059-135.members.linode.com) (Read error: Operation timed out)
[19:34:19] *** Joins: tpw_rules (~tpw_rules@li1059-135.members.linode.com)
[19:34:24] *** Quits: j0hny5 (j0hny5@94.75.242.8) (Read error: Operation timed out)
[19:35:32] *** Quits: naehrwert (~naehrwert@8.38.88.201) (Read error: Operation timed out)
[19:37:15] *** Quits: |Shadow| (~Shadow1@ip24-253-241-112.ok.ok.cox.net) (Read error: Operation timed out)
[19:39:21] *** Quits: fgsfds (~figgis@93.123.144.171) (Read error: Operation timed out)
[19:43:09] *** Joins: naehrwert (~naehrwert@8.38.88.201)
[20:11:54] *** Joins: awordnot (~awordnot@c-71-194-7-27.hsd1.il.comcast.net)
[20:11:58] *** Joins: j0hny5 (j0hny5@94.75.242.8)
[20:12:41] *** Joins: endrift (~endrift@endrift.com)
[20:13:07] *** Joins: nullstrin (~nullstrin@cermak.nullstring.io)
[20:14:00] *** Joins: |Shadow| (~Shadow1@ip24-253-241-112.ok.ok.cox.net)
[21:26:52] *** Quits: rjeli____ (sid289321@id-289321.charlton.irccloud.com) (Ping timeout: 1230 seconds)
[21:27:06] *** Joins: rjeli____ (sid289321@id-289321.charlton.irccloud.com)
[21:44:57] *** Quits: SCV__ (sid226262@id-226262.charlton.irccloud.com) (Ping timeout: 1230 seconds)
[21:45:10] *** Joins: SCV__ (sid226262@id-226262.charlton.irccloud.com)
[21:47:37] *** Quits: rjeli____ (sid289321@id-289321.charlton.irccloud.com) (Read error: Connection timed out)
[21:48:49] *** Joins: rjeli____ (sid289321@id-289321.charlton.irccloud.com)
[23:29:06] <plutobot> Wiki | Page changed: Cryptosystem | User: SciresM | https://switchbrew.org/w/index.php?curid=178&diff=10150&oldid=9078
[23:36:57] *** Quits: rjeli____ (sid289321@id-289321.charlton.irccloud.com) (Ping timeout: 1230 seconds)
[23:37:10] *** Joins: rjeli____ (sid289321@id-289321.charlton.irccloud.com)
[23:51:00] *** Quits: rajkosto (~rajkosto@cable-178-149-112-48.dynamic.sbb.rs) (Quit: Leaving)
