[00:28:26] <plutobot> GitHub | New commit | User: averne | https://github.com/switchbrew/libnx/commit/2fdae0db52
[00:43:38] *** Quits: averne (~averne@2001:861:5102:3290:9952:d870:185e:c44c) (quit)
[00:43:53] *** Joins: averne (~averne@176-179-35-51.abo.bbox.fr)
[00:43:53] *** Server sets mode: +stn 
[01:38:17] *** Quits: rjeli____ (sid289321@id-289321.charlton.irccloud.com) (Ping timeout: 1230 seconds)
[01:38:30] *** Joins: rjeli____ (sid289321@id-289321.charlton.irccloud.com)
[02:56:27] *** Quits: rjeli____ (sid289321@id-289321.charlton.irccloud.com) (Ping timeout: 1230 seconds)
[02:56:40] *** Joins: rjeli____ (sid289321@id-289321.charlton.irccloud.com)
[03:46:07] *** Quits: figgis_ (~figgis@93.123.144.171) (Quit: Leaving)
[05:04:24] *** Quits: refs (~refs@p200300dd8732200010f557b7b541cca9.dip0.t-ipconnect.de) (Quit: refs)
[05:32:50] *** Quits: nullstrin (~nullstrin@cermak.nullstring.io) (Read error: Operation timed out)
[05:36:35] *** Joins: nullstrin (~nullstrin@cermak.nullstring.io)
[07:43:18] *** Joins: IShaDoWl (~IShaDoWl@215.red-79-145-215.dynamicip.rima-tde.net)
[08:26:35] *** Quits: IShaDoWl (~IShaDoWl@215.red-79-145-215.dynamicip.rima-tde.net) ()
[08:26:52] *** Joins: IShaDoWl (~IShaDoWl@215.red-79-145-215.dynamicip.rima-tde.net)
[08:33:47] *** Quits: IShaDoWl (~IShaDoWl@215.red-79-145-215.dynamicip.rima-tde.net) ()
[08:34:04] *** Joins: IShaDoWl (~IShaDoWl@215.red-79-145-215.dynamicip.rima-tde.net)
[08:34:43] *** Quits: IShaDoWl (~IShaDoWl@215.red-79-145-215.dynamicip.rima-tde.net) (Client Quit)
[08:35:12] *** Joins: IShaDoWl (~IShaDoWl@215.red-79-145-215.dynamicip.rima-tde.net)
[09:06:17] *** Quits: SCV__ (sid226262@id-226262.charlton.irccloud.com) (Ping timeout: 1230 seconds)
[09:06:33] *** Joins: SCV__ (sid226262@id-226262.charlton.irccloud.com)
[09:38:01] *** Quits: nohit (sid334887@id-334887.hathersage.irccloud.com) (Ping timeout: 272 seconds)
[09:38:17] *** Quits: phigcloud (uid13896@id-13896.tooting.irccloud.com) (Read error: Operation timed out)
[09:39:17] *** Quits: Pieman (sid188464@id-188464.brockwell.irccloud.com) (Ping timeout: 272 seconds)
[09:39:17] *** Quits: flagrama (flagrama@id-145621.stonehaven.irccloud.com) (Ping timeout: 272 seconds)
[09:41:42] *** Quits: d3m3vilur (sid4654@id-4654.charlton.irccloud.com) (Read error: Operation timed out)
[09:44:45] *** Quits: SCV__ (sid226262@id-226262.charlton.irccloud.com) (Read error: Connection timed out)
[09:47:43] *** Quits: rjeli____ (sid289321@id-289321.charlton.irccloud.com) (Ping timeout: 1230 seconds)
[09:54:48] *** Joins: nohit (sid334887@hathersage.irccloud.com)
[09:55:57] *** Joins: flagrama (flagrama@stonehaven.irccloud.com)
[09:59:22] *** Joins: d3m3vilur (sid4654@id-4654.charlton.irccloud.com)
[09:59:56] *** Joins: phigcloud (uid13896@id-13896.tooting.irccloud.com)
[10:01:13] *** Joins: Pieman (sid188464@id-188464.brockwell.irccloud.com)
[10:24:12] *** Joins: rjeli____ (sid289321@charlton.irccloud.com)
[10:25:05] *** Joins: SCV__ (sid226262@charlton.irccloud.com)
[10:25:05] *** Quits: rjeli____ (sid289321@charlton.irccloud.com) (Read error: Connection reset by peer)
[10:28:03] *** Joins: rjeli____ (sid289321@id-289321.charlton.irccloud.com)
[10:55:19] *** Quits: phigcloud (uid13896@id-13896.tooting.irccloud.com) (Quit: Connection closed for inactivity)
[13:27:11] *** Joins: refs (~refs@p200300dd87427f00c837c71e3ee202ae.dip0.t-ipconnect.de)
[13:38:09] *** Quits: SCV__ (sid226262@charlton.irccloud.com) (Read error: Connection reset by peer)
[13:40:58] *** Joins: SCV__ (sid226262@id-226262.charlton.irccloud.com)
[13:49:15] *** Quits: d3m3vilur (sid4654@id-4654.charlton.irccloud.com) (se.hub irc.efnet.nl)
[13:49:15] *** Quits: blasty (~blasty@haxx.in) (se.hub irc.efnet.nl)
[13:49:15] *** Quits: rmaw (~rmaw@163.172.57.156) (se.hub irc.efnet.nl)
[13:49:15] *** Quits: Snetry (~sentry@dslb-146-060-138-180.146.060.pools.vodafone-ip.de) (se.hub irc.efnet.nl)
[13:49:15] *** Quits: lex1 (lex@yuuh.pw) (se.hub irc.efnet.nl)
[13:52:23] *** Joins: d3m3vilur (sid4654@id-4654.charlton.irccloud.com)
[13:52:23] *** Joins: blasty (~blasty@haxx.in)
[13:52:23] *** Joins: rmaw (~rmaw@163.172.57.156)
[13:52:23] *** Joins: Snetry (~sentry@dslb-146-060-138-180.146.060.pools.vodafone-ip.de)
[13:52:24] *** Joins: lex1 (lex@yuuh.pw)
[13:55:05] *** Quits: d3m3vilur (sid4654@id-4654.charlton.irccloud.com) (se.hub irc.efnet.nl)
[13:55:05] *** Quits: blasty (~blasty@haxx.in) (se.hub irc.efnet.nl)
[13:55:05] *** Quits: rmaw (~rmaw@163.172.57.156) (se.hub irc.efnet.nl)
[13:55:05] *** Quits: Snetry (~sentry@dslb-146-060-138-180.146.060.pools.vodafone-ip.de) (se.hub irc.efnet.nl)
[13:55:05] *** Quits: lex1 (lex@yuuh.pw) (se.hub irc.efnet.nl)
[14:00:27] *** Joins: d3m3vilur (sid4654@id-4654.charlton.irccloud.com)
[14:00:28] *** Joins: blasty (~blasty@haxx.in)
[14:00:28] *** Joins: rmaw (~rmaw@163.172.57.156)
[14:00:28] *** Joins: Snetry (~sentry@dslb-146-060-138-180.146.060.pools.vodafone-ip.de)
[14:00:28] *** Joins: lex1 (lex@yuuh.pw)
[15:05:02] *** Quits: KuKzz (KuKzz@95.143.216.177) (Ping timeout: 265 seconds)
[15:08:39] *** Joins: KuKzz (~KuKzz@95.143.216.177)
[15:31:05] *** Joins: phigcloud (uid13896@id-13896.tooting.irccloud.com)
[15:58:17] *** Quits: karolherb (~kherbst@ip-86-49-248-147.net.upcbroadband.cz) (Quit: Konversation terminated!)
[16:06:52] *** Joins: karolherb (~kherbst@2a02:8308:b088:c000:eff8:ad95:dadd:2273)
[16:43:37] *** Quits: rjeli____ (sid289321@id-289321.charlton.irccloud.com) (Ping timeout: 1230 seconds)
[16:43:51] *** Joins: rjeli____ (sid289321@id-289321.charlton.irccloud.com)
[17:37:32] *** Joins: klanc (~klanc@2a00:6d40:40:58a3::1)
[17:54:51] *** Quits: IShaDoWl (~IShaDoWl@215.red-79-145-215.dynamicip.rima-tde.net) (Read error: Connection reset by peer)
[17:55:44] *** Joins: IShaDoWl (~IShaDoWl@248.red-79-145-209.dynamicip.rima-tde.net)
[18:14:00] *** Joins: mid-kid1 (~mid-kid@136-144-185-148.colo.transip.net)
[18:19:52] *** Quits: mid-kid (~mid-kid@2a01:7c8:aac8:1e8:5054:ff:fe5e:cd48) (Ping timeout: 745 seconds)
[18:40:17] *** Quits: SCV__ (sid226262@id-226262.charlton.irccloud.com) (Ping timeout: 1230 seconds)
[18:40:31] *** Joins: SCV__ (sid226262@id-226262.charlton.irccloud.com)
[18:57:12] *** Joins: nullstri1 (~nullstrin@cermak.nullstring.io)
[18:57:22] *** Quits: nullstrin (~nullstrin@cermak.nullstring.io) (Read error: Operation timed out)
[19:02:28] *** Joins: refsw (~refsw@80.150.130.51)
[19:13:05] *** Quits: nullstri1 (~nullstrin@cermak.nullstring.io) (Read error: Operation timed out)
[19:13:15] *** Quits: GerbilSof (~GerbilSof@pool-108-24-152-152.cmdnnj.fios.verizon.net) (Read error: Operation timed out)
[19:13:34] *** Quits: refsw3 (~refsw@80.150.130.51) (Ping timeout: 745 seconds)
[19:19:22] *** Joins: GerbilSof (~GerbilSof@pool-108-24-152-152.cmdnnj.fios.verizon.net)
[19:25:31] *** Joins: rajkosto (~rajkosto@cable-178-149-112-48.dynamic.sbb.rs)
[19:58:32] *** Quits: rmaw (~rmaw@163.172.57.156) (Read error: Operation timed out)
[20:13:05] *** Joins: rmaw (~rmaw@163.172.57.156)
[20:37:51] *** Joins: m4ts- (~mats@s176125235109.blix.com)
[20:38:08] *** Quits: rjeli____ (sid289321@id-289321.charlton.irccloud.com) (Ping timeout: 1230 seconds)
[20:38:20] *** Joins: rjeli____ (sid289321@id-289321.charlton.irccloud.com)
[20:40:43] *** Quits: m4ts_ (~mats@176.125.235.99) (Ping timeout: 265 seconds)
[20:40:57] *** Joins: derk0pf (~derk0pf@ip5b413570.dynamic.kabel-deutschland.de)
[20:46:52] *** Quits: SCV__ (sid226262@id-226262.charlton.irccloud.com) (Ping timeout: 1230 seconds)
[20:47:11] *** Joins: SCV__ (sid226262@id-226262.charlton.irccloud.com)
[21:07:41] *** Joins: nullstrin (~nullstrin@cermak.nullstring.io)
[21:16:40] *** Quits: rjeli____ (sid289321@id-289321.charlton.irccloud.com) (Read error: Connection reset by peer)
[21:16:45] *** Joins: rjeli____ (sid289321@id-289321.charlton.irccloud.com)
[22:58:33] *** Quits: changO- (~Changolan@ip70-187-147-196.oc.oc.cox.net) (Read error: Operation timed out)
[22:59:59] *** Joins: changO- (~Changolan@ip70-187-147-196.oc.oc.cox.net)
