[00:07:57] *** Joins: ave_9 (~ave_@79.110.170.32)
[00:14:36] *** Quits: derk0pf (~derk0pf@ip5b413570.dynamic.kabel-deutschland.de) (Read error: Operation timed out)
[00:18:38] *** Quits: ave_ (~ave_@79.110.170.32) (Ping timeout: 745 seconds)
[00:18:38] *** ave_9 is now known as ave_
[00:26:13] *** Quits: rjeli____ (sid289321@id-289321.charlton.irccloud.com) (Ping timeout: 1230 seconds)
[00:26:26] *** Joins: rjeli____ (sid289321@id-289321.charlton.irccloud.com)
[00:35:59] *** Joins: derk0pf (~derk0pf@ip5b413570.dynamic.kabel-deutschland.de)
[00:44:56] *** Quits: karolherb (~kherbst@2a02:8308:b088:c000:eff8:ad95:dadd:2273) (Ping timeout: 272 seconds)
[01:40:23] *** Quits: m4ts- (~mats@s176125235109.blix.com) (Ping timeout: 265 seconds)
[01:43:11] *** Quits: rajkosto (~rajkosto@cable-178-149-112-48.dynamic.sbb.rs) (Quit: Leaving)
[01:51:57] *** Quits: SCV__ (sid226262@id-226262.charlton.irccloud.com) (Ping timeout: 1230 seconds)
[01:52:11] *** Joins: SCV__ (sid226262@id-226262.charlton.irccloud.com)
[02:17:17] *** Quits: changO- (~Changolan@ip70-187-147-196.oc.oc.cox.net) (Read error: Connection reset by peer)
[03:12:14] *** Quits: nullstrin (~nullstrin@cermak.nullstring.io) (Read error: Operation timed out)
[03:15:59] *** Joins: nullstrin (~nullstrin@cermak.nullstring.io)
[04:38:46] *** Quits: refs (~refs@p200300dd87427f00c837c71e3ee202ae.dip0.t-ipconnect.de) (Quit: refs)
[05:25:48] *** Joins: Retr0id (~Retr0id@185.122.57.169)
[05:35:05] *** Quits: Maylay (~gren@108-198-59-230.lightspeed.miamfl.sbcglobal.net) (Quit: Pipe Terminated)
[07:23:18] *** Quits: SCV__ (sid226262@id-226262.charlton.irccloud.com) (se.hub efnet.port80.se)
[07:23:18] *** Quits: rjeli____ (sid289321@id-289321.charlton.irccloud.com) (se.hub efnet.port80.se)
[07:23:18] *** Quits: ave_ (~ave_@79.110.170.32) (se.hub efnet.port80.se)
[07:23:18] *** Quits: mid-kid1 (~mid-kid@136-144-185-148.colo.transip.net) (se.hub efnet.port80.se)
[07:23:18] *** Quits: naehrwert (~naehrwert@8.38.88.201) (se.hub efnet.port80.se)
[07:23:18] *** Quits: eggster (~eggster@irchighway.eggy.cc) (se.hub efnet.port80.se)
[07:23:18] *** Quits: omlet05 (~quassel@omlet.ovh) (se.hub efnet.port80.se)
[07:23:18] *** Quits: hexkyz (~hexkyz@ec2-18-179-123-169.ap-northeast-1.compute.amazonaws.com) (se.hub efnet.port80.se)
[07:23:18] *** Quits: dibas (~dibas@wild.uberspace.de) (se.hub efnet.port80.se)
[07:23:18] *** Quits: uyjulian (~uyjulian@69-110-38-205.lightspeed.lbcktx.sbcglobal.net) (se.hub efnet.port80.se)
[07:23:18] *** Quits: derrek (~derrek@sirius.uberspace.de) (se.hub efnet.port80.se)
[07:23:18] *** Quits: hthh (~hthh@hh.ht) (se.hub efnet.port80.se)
[07:23:18] *** Quits: Normmatt (~Normmatt@cloud.normmatt.com) (se.hub efnet.port80.se)
[07:23:18] *** Quits: Phils3r (~Phil@2a02:c205:3000:2328::1) (se.hub efnet.port80.se)
[07:23:18] *** Quits: rctgamer3 (~rctgamer3@2a00:f10:121:a00:4ba:60ff:fe00:196c) (se.hub efnet.port80.se)
[07:23:18] *** Quits: coriolis (~coriolis@2607:5300:60:2885::1) (se.hub efnet.port80.se)
[07:23:18] *** Quits: Summeli (summeli@irc.summeli.com) (se.hub efnet.port80.se)
[07:33:19] *** Joins: SCV__ (sid226262@id-226262.charlton.irccloud.com)
[07:33:19] *** Joins: rjeli____ (sid289321@id-289321.charlton.irccloud.com)
[07:33:19] *** Joins: ave_ (~ave_@79.110.170.32)
[07:33:19] *** Joins: mid-kid1 (~mid-kid@136-144-185-148.colo.transip.net)
[07:33:19] *** Joins: naehrwert (~naehrwert@8.38.88.201)
[07:33:19] *** Joins: eggster (~eggster@irchighway.eggy.cc)
[07:33:19] *** Joins: omlet05 (~quassel@omlet.ovh)
[07:33:19] *** Joins: hexkyz (~hexkyz@ec2-18-179-123-169.ap-northeast-1.compute.amazonaws.com)
[07:33:19] *** Joins: dibas (~dibas@wild.uberspace.de)
[07:33:19] *** Joins: uyjulian (~uyjulian@69-110-38-205.lightspeed.lbcktx.sbcglobal.net)
[07:33:19] *** Joins: derrek (~derrek@sirius.uberspace.de)
[07:33:19] *** Joins: hthh (~hthh@hh.ht)
[07:33:19] *** Joins: Normmatt (~Normmatt@cloud.normmatt.com)
[07:33:19] *** Joins: Phils3r (~Phil@2a02:c205:3000:2328::1)
[07:33:19] *** Joins: rctgamer3 (~rctgamer3@2a00:f10:121:a00:4ba:60ff:fe00:196c)
[07:33:19] *** Joins: coriolis (~coriolis@2607:5300:60:2885::1)
[07:33:19] *** Joins: Summeli (summeli@irc.summeli.com)
[07:43:53] *** Quits: SCV__ (sid226262@id-226262.charlton.irccloud.com) (se.hub efnet.port80.se)
[07:43:53] *** Quits: rjeli____ (sid289321@id-289321.charlton.irccloud.com) (se.hub efnet.port80.se)
[07:43:53] *** Quits: ave_ (~ave_@79.110.170.32) (se.hub efnet.port80.se)
[07:43:53] *** Quits: mid-kid1 (~mid-kid@136-144-185-148.colo.transip.net) (se.hub efnet.port80.se)
[07:43:53] *** Quits: naehrwert (~naehrwert@8.38.88.201) (se.hub efnet.port80.se)
[07:43:53] *** Quits: eggster (~eggster@irchighway.eggy.cc) (se.hub efnet.port80.se)
[07:43:53] *** Quits: omlet05 (~quassel@omlet.ovh) (se.hub efnet.port80.se)
[07:43:53] *** Quits: hexkyz (~hexkyz@ec2-18-179-123-169.ap-northeast-1.compute.amazonaws.com) (se.hub efnet.port80.se)
[07:43:53] *** Quits: dibas (~dibas@wild.uberspace.de) (se.hub efnet.port80.se)
[07:43:53] *** Quits: uyjulian (~uyjulian@69-110-38-205.lightspeed.lbcktx.sbcglobal.net) (se.hub efnet.port80.se)
[07:43:53] *** Quits: derrek (~derrek@sirius.uberspace.de) (se.hub efnet.port80.se)
[07:43:53] *** Quits: hthh (~hthh@hh.ht) (se.hub efnet.port80.se)
[07:43:53] *** Quits: Normmatt (~Normmatt@cloud.normmatt.com) (se.hub efnet.port80.se)
[07:43:53] *** Quits: Phils3r (~Phil@2a02:c205:3000:2328::1) (se.hub efnet.port80.se)
[07:43:53] *** Quits: rctgamer3 (~rctgamer3@2a00:f10:121:a00:4ba:60ff:fe00:196c) (se.hub efnet.port80.se)
[07:43:53] *** Quits: coriolis (~coriolis@2607:5300:60:2885::1) (se.hub efnet.port80.se)
[07:43:53] *** Quits: Summeli (summeli@irc.summeli.com) (se.hub efnet.port80.se)
[08:00:01] *** Joins: SCV__ (sid226262@id-226262.charlton.irccloud.com)
[08:00:01] *** Joins: rjeli____ (sid289321@id-289321.charlton.irccloud.com)
[08:00:01] *** Joins: ave_ (~ave_@79.110.170.32)
[08:00:01] *** Joins: mid-kid1 (~mid-kid@136-144-185-148.colo.transip.net)
[08:00:01] *** Joins: naehrwert (~naehrwert@8.38.88.201)
[08:00:01] *** Joins: eggster (~eggster@irchighway.eggy.cc)
[08:00:01] *** Joins: omlet05 (~quassel@omlet.ovh)
[08:00:01] *** Joins: hexkyz (~hexkyz@ec2-18-179-123-169.ap-northeast-1.compute.amazonaws.com)
[08:00:01] *** Joins: dibas (~dibas@wild.uberspace.de)
[08:00:01] *** Joins: uyjulian (~uyjulian@69-110-38-205.lightspeed.lbcktx.sbcglobal.net)
[08:00:01] *** Joins: derrek (~derrek@sirius.uberspace.de)
[08:00:01] *** Joins: hthh (~hthh@hh.ht)
[08:00:01] *** Joins: Normmatt (~Normmatt@cloud.normmatt.com)
[08:00:01] *** Joins: Phils3r (~Phil@2a02:c205:3000:2328::1)
[08:00:01] *** Joins: rctgamer3 (~rctgamer3@2a00:f10:121:a00:4ba:60ff:fe00:196c)
[08:00:01] *** Joins: coriolis (~coriolis@2607:5300:60:2885::1)
[08:00:01] *** Joins: Summeli (summeli@irc.summeli.com)
[08:02:54] *** Quits: SCV__ (sid226262@id-226262.charlton.irccloud.com) (se.hub efnet.port80.se)
[08:02:55] *** Quits: rjeli____ (sid289321@id-289321.charlton.irccloud.com) (se.hub efnet.port80.se)
[08:02:55] *** Quits: ave_ (~ave_@79.110.170.32) (se.hub efnet.port80.se)
[08:02:55] *** Quits: mid-kid1 (~mid-kid@136-144-185-148.colo.transip.net) (se.hub efnet.port80.se)
[08:02:55] *** Quits: naehrwert (~naehrwert@8.38.88.201) (se.hub efnet.port80.se)
[08:02:55] *** Quits: eggster (~eggster@irchighway.eggy.cc) (se.hub efnet.port80.se)
[08:02:55] *** Quits: omlet05 (~quassel@omlet.ovh) (se.hub efnet.port80.se)
[08:02:55] *** Quits: hexkyz (~hexkyz@ec2-18-179-123-169.ap-northeast-1.compute.amazonaws.com) (se.hub efnet.port80.se)
[08:02:55] *** Quits: dibas (~dibas@wild.uberspace.de) (se.hub efnet.port80.se)
[08:02:55] *** Quits: uyjulian (~uyjulian@69-110-38-205.lightspeed.lbcktx.sbcglobal.net) (se.hub efnet.port80.se)
[08:02:55] *** Quits: derrek (~derrek@sirius.uberspace.de) (se.hub efnet.port80.se)
[08:02:55] *** Quits: hthh (~hthh@hh.ht) (se.hub efnet.port80.se)
[08:02:55] *** Quits: Normmatt (~Normmatt@cloud.normmatt.com) (se.hub efnet.port80.se)
[08:02:55] *** Quits: Phils3r (~Phil@2a02:c205:3000:2328::1) (se.hub efnet.port80.se)
[08:02:55] *** Quits: rctgamer3 (~rctgamer3@2a00:f10:121:a00:4ba:60ff:fe00:196c) (se.hub efnet.port80.se)
[08:02:55] *** Quits: coriolis (~coriolis@2607:5300:60:2885::1) (se.hub efnet.port80.se)
[08:02:55] *** Quits: Summeli (summeli@irc.summeli.com) (se.hub efnet.port80.se)
[08:04:31] *** Joins: SCV__ (sid226262@id-226262.charlton.irccloud.com)
[08:04:31] *** Joins: rjeli____ (sid289321@id-289321.charlton.irccloud.com)
[08:04:31] *** Joins: ave_ (~ave_@79.110.170.32)
[08:04:31] *** Joins: mid-kid1 (~mid-kid@136-144-185-148.colo.transip.net)
[08:04:31] *** Joins: naehrwert (~naehrwert@8.38.88.201)
[08:04:31] *** Joins: eggster (~eggster@irchighway.eggy.cc)
[08:04:31] *** Joins: omlet05 (~quassel@omlet.ovh)
[08:04:31] *** Joins: hexkyz (~hexkyz@ec2-18-179-123-169.ap-northeast-1.compute.amazonaws.com)
[08:04:31] *** Joins: dibas (~dibas@wild.uberspace.de)
[08:04:31] *** Joins: uyjulian (~uyjulian@69-110-38-205.lightspeed.lbcktx.sbcglobal.net)
[08:04:31] *** Joins: derrek (~derrek@sirius.uberspace.de)
[08:04:31] *** Joins: hthh (~hthh@hh.ht)
[08:04:31] *** Joins: Normmatt (~Normmatt@cloud.normmatt.com)
[08:04:31] *** Joins: Phils3r (~Phil@2a02:c205:3000:2328::1)
[08:04:31] *** Joins: rctgamer3 (~rctgamer3@2a00:f10:121:a00:4ba:60ff:fe00:196c)
[08:04:31] *** Joins: coriolis (~coriolis@2607:5300:60:2885::1)
[08:04:31] *** Joins: Summeli (summeli@irc.summeli.com)
[08:07:57] *** Quits: SCV__ (sid226262@id-226262.charlton.irccloud.com) (ny.us.hub efnet.port80.se)
[08:07:57] *** Quits: rjeli____ (sid289321@id-289321.charlton.irccloud.com) (ny.us.hub efnet.port80.se)
[08:07:57] *** Quits: ave_ (~ave_@79.110.170.32) (ny.us.hub efnet.port80.se)
[08:07:57] *** Quits: mid-kid1 (~mid-kid@136-144-185-148.colo.transip.net) (ny.us.hub efnet.port80.se)
[08:07:57] *** Quits: naehrwert (~naehrwert@8.38.88.201) (ny.us.hub efnet.port80.se)
[08:07:57] *** Quits: eggster (~eggster@irchighway.eggy.cc) (ny.us.hub efnet.port80.se)
[08:07:57] *** Quits: omlet05 (~quassel@omlet.ovh) (ny.us.hub efnet.port80.se)
[08:07:57] *** Quits: hexkyz (~hexkyz@ec2-18-179-123-169.ap-northeast-1.compute.amazonaws.com) (ny.us.hub efnet.port80.se)
[08:07:57] *** Quits: dibas (~dibas@wild.uberspace.de) (ny.us.hub efnet.port80.se)
[08:07:57] *** Quits: uyjulian (~uyjulian@69-110-38-205.lightspeed.lbcktx.sbcglobal.net) (ny.us.hub efnet.port80.se)
[08:07:57] *** Quits: derrek (~derrek@sirius.uberspace.de) (ny.us.hub efnet.port80.se)
[08:07:57] *** Quits: hthh (~hthh@hh.ht) (ny.us.hub efnet.port80.se)
[08:07:57] *** Quits: Normmatt (~Normmatt@cloud.normmatt.com) (ny.us.hub efnet.port80.se)
[08:07:57] *** Quits: Phils3r (~Phil@2a02:c205:3000:2328::1) (ny.us.hub efnet.port80.se)
[08:07:57] *** Quits: rctgamer3 (~rctgamer3@2a00:f10:121:a00:4ba:60ff:fe00:196c) (ny.us.hub efnet.port80.se)
[08:07:57] *** Quits: coriolis (~coriolis@2607:5300:60:2885::1) (ny.us.hub efnet.port80.se)
[08:07:57] *** Quits: Summeli (summeli@irc.summeli.com) (ny.us.hub efnet.port80.se)
[08:18:06] *** Joins: rjeli____ (sid289321@id-289321.charlton.irccloud.com)
[08:18:06] *** Joins: ave_ (~ave_@79.110.170.32)
[08:18:06] *** Joins: mid-kid1 (~mid-kid@136-144-185-148.colo.transip.net)
[08:18:06] *** Joins: naehrwert (~naehrwert@8.38.88.201)
[08:18:06] *** Joins: eggster (~eggster@irchighway.eggy.cc)
[08:18:06] *** Joins: omlet05 (~quassel@omlet.ovh)
[08:18:06] *** Joins: hexkyz (~hexkyz@ec2-18-179-123-169.ap-northeast-1.compute.amazonaws.com)
[08:18:06] *** Joins: dibas (~dibas@wild.uberspace.de)
[08:18:06] *** Joins: uyjulian (~uyjulian@69-110-38-205.lightspeed.lbcktx.sbcglobal.net)
[08:18:06] *** Joins: derrek (~derrek@sirius.uberspace.de)
[08:18:06] *** Joins: hthh (~hthh@hh.ht)
[08:18:06] *** Joins: Normmatt (~Normmatt@cloud.normmatt.com)
[08:18:06] *** Joins: Phils3r (~Phil@2a02:c205:3000:2328::1)
[08:18:06] *** Joins: rctgamer3 (~rctgamer3@2a00:f10:121:a00:4ba:60ff:fe00:196c)
[08:18:06] *** Joins: coriolis (~coriolis@2607:5300:60:2885::1)
[08:18:06] *** Joins: Summeli (summeli@irc.summeli.com)
[08:33:39] *** Joins: SCV__ (sid226262@id-226262.charlton.irccloud.com)
[10:13:33] *** Quits: Galaxy| (~galaxy@174-083-197-034.res.spectrum.com) (Quit: Quit.)
[10:17:07] *** Quits: rjeli____ (sid289321@id-289321.charlton.irccloud.com) (Ping timeout: 1230 seconds)
[10:17:21] *** Joins: rjeli____ (sid289321@id-289321.charlton.irccloud.com)
[10:41:45] *** Joins: Galaxy| (~galaxy@174-083-197-034.res.spectrum.com)
[11:30:20] *** Joins: Mimoja (~Mimoja@mail.mimoja.de)
[11:33:05] *** Joins: rajkosto (~rajkosto@cable-178-149-112-48.dynamic.sbb.rs)
[11:36:06] *** Quits: Mimoja (~Mimoja@mail.mimoja.de) (Remote host closed the connection)
[11:36:16] *** Joins: Mimoja (~Mimoja@mail.mimoja.de)
[11:36:19] *** Quits: Mimoja (~Mimoja@mail.mimoja.de) (Remote host closed the connection)
[11:36:27] *** Joins: Mimoja (~Mimoja@mail.mimoja.de)
[11:36:27] *** Quits: Mimoja (~Mimoja@mail.mimoja.de) (Remote host closed the connection)
[11:36:33] *** Joins: Mimoja (~Mimoja@mail.mimoja.de)
[11:36:33] *** Quits: Mimoja (~Mimoja@mail.mimoja.de) (Remote host closed the connection)
[11:36:48] *** Joins: Mimoja (~Mimoja@mail.mimoja.de)
[11:36:48] *** Quits: Mimoja (~Mimoja@mail.mimoja.de) (Remote host closed the connection)
[11:36:56] *** Joins: Mimoja (~Mimoja@mail.mimoja.de)
[11:36:56] *** Quits: Mimoja (~Mimoja@mail.mimoja.de) (Remote host closed the connection)
[11:37:41] *** Joins: Mimoja (~Mimoja@mail.mimoja.de)
[11:37:42] *** Quits: Mimoja (~Mimoja@mail.mimoja.de) (Remote host closed the connection)
[11:38:13] *** Joins: Mimoja (~Mimoja@mail.mimoja.de)
[11:38:14] *** Quits: Mimoja (~Mimoja@mail.mimoja.de) (Read error: Connection reset by peer)
[11:39:12] *** Joins: Mimoja (~Mimoja@mail.mimoja.de)
[11:41:20] *** Quits: Mimoja (~Mimoja@mail.mimoja.de) (Remote host closed the connection)
[11:41:34] *** Joins: Mimoja (~Mimoja@mail.mimoja.de)
[11:41:34] *** Quits: Mimoja (~Mimoja@mail.mimoja.de) (Remote host closed the connection)
[11:41:41] *** Joins: Mimoja (~Mimoja@mail.mimoja.de)
[11:41:41] *** Quits: Mimoja (~Mimoja@mail.mimoja.de) (Remote host closed the connection)
[11:41:48] *** Joins: Mimoja (~Mimoja@mail.mimoja.de)
[11:41:48] *** Quits: Mimoja (~Mimoja@mail.mimoja.de) (Remote host closed the connection)
[11:42:07] *** Joins: Mimoja (~Mimoja@mail.mimoja.de)
[11:51:27] *** Quits: Mimoja (~Mimoja@mail.mimoja.de) (Quit: The Lounge - https://thelounge.github.io)
[11:59:49] *** Joins: Mimoja (~Mimoja@mail.mimoja.de)
[12:37:45] *** Quits: dibas (~dibas@wild.uberspace.de) (Quit: Leaving...)
[12:42:02] *** Joins: dibas (~dibas@wild.uberspace.de)
[15:07:57] *** Quits: Galaxy| (~galaxy@174-083-197-034.res.spectrum.com) (Quit: Quit.)
[15:09:17] *** Quits: nullstrin (~nullstrin@cermak.nullstring.io) (Read error: Operation timed out)
[15:09:36] *** Quits: awordnot (~awordnot@c-71-194-7-27.hsd1.il.comcast.net) (Read error: Operation timed out)
[15:09:54] *** Quits: endrift (~endrift@endrift.com) (Read error: Operation timed out)
[15:11:57] *** Quits: j0hny5 (j0hny5@94.75.242.8) (Read error: Operation timed out)
[15:14:17] *** Quits: |Shadow| (~Shadow1@ip24-253-241-112.ok.ok.cox.net) (Read error: Operation timed out)
[15:20:04] *** Joins: Galaxy| (~galaxy@174-083-197-034.res.spectrum.com)
[15:35:02] *** Quits: SCV__ (sid226262@id-226262.charlton.irccloud.com) (Ping timeout: 1230 seconds)
[15:35:15] *** Joins: SCV__ (sid226262@id-226262.charlton.irccloud.com)
[15:35:37] *** Quits: rjeli____ (sid289321@id-289321.charlton.irccloud.com) (Ping timeout: 1230 seconds)
[15:35:50] *** Joins: rjeli____ (sid289321@id-289321.charlton.irccloud.com)
[15:47:54] *** Joins: |Shadow| (~Shadow1@ip24-253-241-112.ok.ok.cox.net)
[15:51:37] *** Quits: derk0pf (~derk0pf@ip5b413570.dynamic.kabel-deutschland.de) (Ping timeout: 857 seconds)
[16:08:08] *** Joins: derk0pf (~derk0pf@ip5b413570.dynamic.kabel-deutschland.de)
[16:09:17] *** Joins: fgsfds (~figgis@93.123.144.171)
[16:41:09] *** Joins: grystalit (~grystalit@60-241-70-233.tpgi.com.au)
[16:52:17] *** Joins: derk0pf_ (~derk0pf@dynamic-046-114-033-225.46.114.pool.telefonica.de)
[16:54:40] *** Quits: derk0pf (~derk0pf@ip5b413570.dynamic.kabel-deutschland.de) (Ping timeout: 501 seconds)
[17:41:52] *** Joins: awordnot (~awordnot@c-71-194-7-27.hsd1.il.comcast.net)
[17:41:53] *** Quits: derk0pf_ (~derk0pf@dynamic-046-114-033-225.46.114.pool.telefonica.de) (Read error: Connection reset by peer)
[17:42:11] *** Joins: endrift (~endrift@endrift.com)
[17:43:01] *** Joins: j0hny5 (j0hny5@94.75.242.8)
[17:43:13] *** Joins: derk0pf (~derk0pf@ip5b413570.dynamic.kabel-deutschland.de)
[17:44:22] *** Joins: nullstrin (~nullstrin@cermak.nullstring.io)
[18:09:38] *** Quits: rjeli____ (sid289321@id-289321.charlton.irccloud.com) (Ping timeout: 1230 seconds)
[18:09:51] *** Joins: rjeli____ (sid289321@id-289321.charlton.irccloud.com)
[18:30:04] *** Quits: grystalit (~grystalit@60-241-70-233.tpgi.com.au) (Ping timeout: 265 seconds)
[18:47:45] *** Quits: rjeli____ (sid289321@id-289321.charlton.irccloud.com) (Read error: Connection timed out)
[19:02:14] *** Joins: rjeli____ (sid289321@id-289321.charlton.irccloud.com)
[19:14:42] *** Quits: rajkosto (~rajkosto@cable-178-149-112-48.dynamic.sbb.rs) (Quit: Leaving)
[19:45:05] *** Quits: endrift (~endrift@endrift.com) (Read error: Operation timed out)
[19:45:05] *** Quits: awordnot (~awordnot@c-71-194-7-27.hsd1.il.comcast.net) (Read error: Connection reset by peer)
[19:45:13] *** Joins: endrift (~endrift@endrift.com)
[19:46:19] *** Joins: awordnot (~awordnot@c-71-194-7-27.hsd1.il.comcast.net)
[19:58:49] *** Quits: derk0pf (~derk0pf@ip5b413570.dynamic.kabel-deutschland.de) (Read error: Connection refused)
[20:10:22] *** Quits: SCV__ (sid226262@id-226262.charlton.irccloud.com) (Ping timeout: 1230 seconds)
[20:10:35] *** Joins: SCV__ (sid226262@id-226262.charlton.irccloud.com)
[20:29:02] *** Quits: rjeli____ (sid289321@id-289321.charlton.irccloud.com) (Ping timeout: 1230 seconds)
[20:29:17] *** Joins: rjeli____ (sid289321@id-289321.charlton.irccloud.com)
[21:46:17] *** Joins: refs (~refs@p200300dd870e0800084ef3a69a35ed56.dip0.t-ipconnect.de)
[22:04:08] *** Quits: rjeli____ (sid289321@id-289321.charlton.irccloud.com) (Ping timeout: 1230 seconds)
[22:04:20] *** Joins: rjeli____ (sid289321@id-289321.charlton.irccloud.com)
[23:14:21] *** Joins: changO- (~Changolan@ip70-187-147-196.oc.oc.cox.net)
