[01:29:51] *** Joins: capin1 (~capin@209.182.233.136)
[01:29:55] *** Quits: capin (~capin@209.182.233.136) (Read error: Connection reset by peer)
[01:31:11] *** Quits: nullstrin (~nullstrin@cermak.nullstring.io) (Read error: Operation timed out)
[01:35:19] *** Joins: nullstrin (~nullstrin@cermak.nullstring.io)
[01:55:42] *** Quits: rjeli____ (sid289321@id-289321.charlton.irccloud.com) (Ping timeout: 1230 seconds)
[01:56:09] *** Joins: rjeli____ (sid289321@id-289321.charlton.irccloud.com)
[02:33:43] *** Quits: refs (~refs@p200300dd870e0800084ef3a69a35ed56.dip0.t-ipconnect.de) (Quit: refs)
[02:47:34] *** Quits: rjeli____ (sid289321@id-289321.charlton.irccloud.com) (se.hub efnet.port80.se)
[02:47:34] *** Quits: capin1 (~capin@209.182.233.136) (se.hub efnet.port80.se)
[02:47:34] *** Quits: SCV__ (sid226262@id-226262.charlton.irccloud.com) (se.hub efnet.port80.se)
[02:47:34] *** Quits: |Shadow| (~Shadow1@ip24-253-241-112.ok.ok.cox.net) (se.hub efnet.port80.se)
[02:47:34] *** Quits: Galaxy| (~galaxy@174-083-197-034.res.spectrum.com) (se.hub efnet.port80.se)
[02:47:34] *** Quits: dibas (~dibas@wild.uberspace.de) (se.hub efnet.port80.se)
[02:47:34] *** Quits: ave_ (~ave_@79.110.170.32) (se.hub efnet.port80.se)
[02:47:34] *** Quits: mid-kid1 (~mid-kid@136-144-185-148.colo.transip.net) (se.hub efnet.port80.se)
[02:47:34] *** Quits: naehrwert (~naehrwert@8.38.88.201) (se.hub efnet.port80.se)
[02:47:34] *** Quits: eggster (~eggster@irchighway.eggy.cc) (se.hub efnet.port80.se)
[02:47:34] *** Quits: omlet05 (~quassel@omlet.ovh) (se.hub efnet.port80.se)
[02:47:34] *** Quits: hexkyz (~hexkyz@ec2-18-179-123-169.ap-northeast-1.compute.amazonaws.com) (se.hub efnet.port80.se)
[02:47:34] *** Quits: uyjulian (~uyjulian@69-110-38-205.lightspeed.lbcktx.sbcglobal.net) (se.hub efnet.port80.se)
[02:47:34] *** Quits: derrek (~derrek@sirius.uberspace.de) (se.hub efnet.port80.se)
[02:47:34] *** Quits: hthh (~hthh@hh.ht) (se.hub efnet.port80.se)
[02:47:34] *** Quits: Normmatt (~Normmatt@cloud.normmatt.com) (se.hub efnet.port80.se)
[02:47:34] *** Quits: Phils3r (~Phil@2a02:c205:3000:2328::1) (se.hub efnet.port80.se)
[02:47:34] *** Quits: rctgamer3 (~rctgamer3@2a00:f10:121:a00:4ba:60ff:fe00:196c) (se.hub efnet.port80.se)
[02:47:34] *** Quits: coriolis (~coriolis@2607:5300:60:2885::1) (se.hub efnet.port80.se)
[02:47:34] *** Quits: Summeli (summeli@irc.summeli.com) (se.hub efnet.port80.se)
[02:58:54] <plutobot> Wiki | Page changed: System Version Title | User: Zachycatgames | https://switchbrew.org/w/index.php?curid=116&diff=10151&oldid=9967
[03:03:30] *** Joins: rjeli____ (sid289321@id-289321.charlton.irccloud.com)
[03:03:30] *** Joins: capin1 (~capin@209.182.233.136)
[03:03:30] *** Joins: SCV__ (sid226262@id-226262.charlton.irccloud.com)
[03:03:30] *** Joins: |Shadow| (~Shadow1@ip24-253-241-112.ok.ok.cox.net)
[03:03:30] *** Joins: Galaxy| (~galaxy@174-083-197-034.res.spectrum.com)
[03:03:30] *** Joins: dibas (~dibas@wild.uberspace.de)
[03:03:30] *** Joins: ave_ (~ave_@79.110.170.32)
[03:03:30] *** Joins: mid-kid1 (~mid-kid@136-144-185-148.colo.transip.net)
[03:03:30] *** Joins: naehrwert (~naehrwert@8.38.88.201)
[03:03:30] *** Joins: eggster (~eggster@irchighway.eggy.cc)
[03:03:30] *** Joins: omlet05 (~quassel@omlet.ovh)
[03:03:30] *** Joins: hexkyz (~hexkyz@ec2-18-179-123-169.ap-northeast-1.compute.amazonaws.com)
[03:03:30] *** Joins: uyjulian (~uyjulian@69-110-38-205.lightspeed.lbcktx.sbcglobal.net)
[03:03:30] *** Joins: derrek (~derrek@sirius.uberspace.de)
[03:03:30] *** Joins: hthh (~hthh@hh.ht)
[03:03:30] *** Joins: Normmatt (~Normmatt@cloud.normmatt.com)
[03:03:30] *** Joins: Phils3r (~Phil@2a02:c205:3000:2328::1)
[03:03:30] *** Joins: rctgamer3 (~rctgamer3@2a00:f10:121:a00:4ba:60ff:fe00:196c)
[03:03:30] *** Joins: coriolis (~coriolis@2607:5300:60:2885::1)
[03:03:30] *** Joins: Summeli (summeli@irc.summeli.com)
[03:06:20] *** Quits: rjeli____ (sid289321@id-289321.charlton.irccloud.com) (Read error: Connection timed out)
[03:07:13] *** Joins: rjeli____ (sid289321@2001:67c:2f08:3::4:6a29)
[03:59:05] *** Joins: grystalit (~grystalit@60-241-70-233.tpgi.com.au)
[04:35:58] *** Quits: fgsfds (~figgis@93.123.144.171) (Read error: Connection reset by peer)
[07:00:23] *** Quits: grystalit (~grystalit@60-241-70-233.tpgi.com.au) (Ping timeout: 604 seconds)
[07:05:00] *** Joins: grystalit (~grystalit@60-241-70-233.tpgi.com.au)
[07:23:30] *** Quits: grystalit (~grystalit@60-241-70-233.tpgi.com.au) (Quit: Leaving)
[08:24:45] *** Quits: rmaw (~rmaw@163.172.57.156) (Read error: Operation timed out)
[08:24:50] *** Quits: refsw (~refsw@80.150.130.51) (Read error: Operation timed out)
[08:26:04] *** Joins: refsw2 (~refsw@80.150.130.51)
[08:31:03] *** Joins: rmaw (~rmaw@163.172.57.156)
[08:45:13] *** Quits: SCV__ (sid226262@id-226262.charlton.irccloud.com) (Ping timeout: 1230 seconds)
[08:45:28] *** Joins: SCV__ (sid226262@id-226262.charlton.irccloud.com)
[10:20:57] <plutobot> Wiki | Page changed: News Applet | User: Behemoth | https://switchbrew.org/w/index.php?curid=143&diff=10152&oldid=2909
[10:23:12] *** Quits: SCV__ (sid226262@id-226262.charlton.irccloud.com) (Ping timeout: 1230 seconds)
[10:23:34] *** Joins: SCV__ (sid226262@2001:67c:2f08:3::3:73d6)
[10:52:12] *** Quits: rmaw (~rmaw@163.172.57.156) (Read error: Operation timed out)
[10:52:16] *** Quits: Snetry (~sentry@dslb-146-060-138-180.146.060.pools.vodafone-ip.de) (Read error: Connection reset by peer)
[10:53:11] *** Joins: Retr0id7 (~Retr0id@185.122.57.169)
[10:54:25] *** Quits: Retr0id (~Retr0id@185.122.57.169) (Read error: Connection reset by peer)
[10:55:05] *** Retr0id7 is now known as Retr0id
[10:56:52] *** Quits: d3m3vilur (sid4654@id-4654.charlton.irccloud.com) (Read error: Operation timed out)
[10:57:06] *** Joins: d3m3vilur (~sid4654@id-4654.charlton.irccloud.com)
[10:57:37] *** Quits: blasty (~blasty@haxx.in) (Read error: Connection reset by peer)
[10:58:50] *** Joins: Snetry (~sentry@dslb-146-060-138-180.146.060.pools.vodafone-ip.de)
[11:02:20] *** Joins: blasty (~blasty@haxx.in)
[11:03:43] *** Joins: rmaw (~rmaw@163.172.57.156)
[11:27:37] *** Quits: nohit (sid334887@hathersage.irccloud.com) (Read error: Connection reset by peer)
[11:27:54] *** Joins: nohit (~sid334887@id-334887.hathersage.irccloud.com)
[11:43:42] *** Quits: rjeli____ (sid289321@2001:67c:2f08:3::4:6a29) (Ping timeout: 1230 seconds)
[11:43:55] *** Joins: rjeli____ (sid289321@id-289321.charlton.irccloud.com)
[12:13:23] *** Quits: lameboy (~lameboy@202-47-121-182.cust.dcsi.net.au) (Ping timeout: 186 seconds)
[12:13:35] *** Joins: lameboy (~lameboy@202-47-121-182.cust.dcsi.net.au)
[12:51:51] *** Quits: dibas (~dibas@wild.uberspace.de) (Quit: Leaving...)
[12:55:06] *** Joins: dibas (~dibas@wild.uberspace.de)
[14:49:56] *** Quits: dibas (~dibas@wild.uberspace.de) (Quit: Leaving...)
[15:06:42] *** Quits: rjeli____ (sid289321@id-289321.charlton.irccloud.com) (Ping timeout: 1230 seconds)
[15:06:55] *** Joins: rjeli____ (sid289321@id-289321.charlton.irccloud.com)
[15:12:47] *** Joins: dibas (~dibas@wild.uberspace.de)
[15:57:27] *** Quits: SCV__ (sid226262@2001:67c:2f08:3::3:73d6) (Ping timeout: 1230 seconds)
[15:57:40] *** Joins: SCV__ (sid226262@id-226262.charlton.irccloud.com)
[16:15:08] *** Quits: GerbilSof (~GerbilSof@pool-108-24-152-152.cmdnnj.fios.verizon.net) (Quit: Windows must now restart because the Remote Procedure Call (RPC) service terminated unexpectedly.)
[16:23:03] *** Joins: GerbilSof (~GerbilSof@108.24.152.152)
[16:37:07] *** Quits: rjeli____ (sid289321@id-289321.charlton.irccloud.com) (Ping timeout: 1230 seconds)
[16:37:20] *** Joins: rjeli____ (sid289321@id-289321.charlton.irccloud.com)
[16:49:51] *** Quits: Snetry (~sentry@dslb-146-060-138-180.146.060.pools.vodafone-ip.de) (Read error: Connection refused)
[16:50:46] *** Joins: Snetry (~sentry@dslb-146-060-138-156.146.060.pools.vodafone-ip.de)
[16:58:29] *** Joins: fgsfds (~figgis@93.123.144.171)
[18:04:02] *** Quits: SCV__ (sid226262@id-226262.charlton.irccloud.com) (Ping timeout: 1230 seconds)
[18:04:16] *** Joins: SCV__ (sid226262@id-226262.charlton.irccloud.com)
[18:08:21] *** Quits: omlet05 (~quassel@omlet.ovh) (Quit: http://quassel-irc.org - Chat comfortably. Anywhere.)
[18:10:15] *** Joins: omlet05 (~quassel@omlet.ovh)
[18:20:47] *** Quits: Snetry (~sentry@dslb-146-060-138-156.146.060.pools.vodafone-ip.de) (Quit: left EFNet)
[19:16:23] *** Quits: rjeli____ (sid289321@id-289321.charlton.irccloud.com) (Ping timeout: 1230 seconds)
[19:16:36] *** Joins: rjeli____ (sid289321@id-289321.charlton.irccloud.com)
[20:10:45] *** Joins: m4ts_ (~mats@s17612523599.blix.com)
[20:46:13] *** Quits: SCV__ (sid226262@id-226262.charlton.irccloud.com) (Ping timeout: 1230 seconds)
[20:46:25] *** Joins: SCV__ (sid226262@id-226262.charlton.irccloud.com)
[21:00:47] *** Joins: refs (~refs@p200300dd8719ae00f057cd35af8c5ec4.dip0.t-ipconnect.de)
[21:29:22] *** Joins: giglife_ (giglife@cpe0492268436b0-cm688f2e1dc9d0.cpe.net.cable.rogers.com)
[21:29:22] *** Quits: giglife (giglife@cpe0492268436b0-cm688f2e1dc9d0.cpe.net.cable.rogers.com) (Read error: Connection reset by peer)
[21:29:32] *** giglife_ is now known as giglife
[22:24:19] <plutobot> Wiki | Page changed: Super Mario 3D All-Stars | User: yls8 | https://switchbrew.org/w/index.php?curid=419&diff=10153&oldid=10140
[22:24:25] *** Quits: DeusQain (quasselcor@mx.qainsworld.com) (Read error: Operation timed out)
[22:39:25] *** Joins: DeusQain (quasselcor@mx.qainsworld.com)
[23:26:45] *** Joins: figgis_ (~figgis@93.123.144.171)
[23:26:58] *** Quits: endrift (~endrift@endrift.com) (Read error: Operation timed out)
[23:27:19] *** Quits: GerbilSof (~GerbilSof@108.24.152.152) (Read error: Operation timed out)
[23:27:36] *** Joins: endrift (~endrift@endrift.com)
[23:27:39] *** Quits: awordnot (~awordnot@c-71-194-7-27.hsd1.il.comcast.net) (Read error: Connection reset by peer)
[23:28:28] *** Joins: awordnot (~awordnot@c-71-194-7-27.hsd1.il.comcast.net)
[23:30:07] *** Joins: GerbilSof (~GerbilSof@pool-108-24-152-152.cmdnnj.fios.verizon.net)
[23:34:19] *** Quits: fgsfds (~figgis@93.123.144.171) (Read error: Operation timed out)
[23:48:12] *** Quits: SCV__ (sid226262@id-226262.charlton.irccloud.com) (Ping timeout: 1230 seconds)
[23:48:26] *** Joins: SCV__ (sid226262@id-226262.charlton.irccloud.com)
