[00:32:40] *** Quits: Galaxy| (~galaxy@174-083-197-034.res.spectrum.com) (Quit: Quit.)
[00:47:35] *** Joins: Galaxy| (~galaxy@174-083-197-034.res.spectrum.com)
[01:14:06] *** Quits: |Shadow| (~Shadow1@ip24-253-241-112.ok.ok.cox.net) (Remote host closed the connection)
[01:25:20] *** Joins: |Shadow| (~Shadow1@ip24-253-241-112.ok.ok.cox.net)
[01:48:47] *** Quits: WntrMute (~wntrmute@bnc.devkitpro.org) (Ping timeout: 265 seconds)
[01:52:00] *** Quits: fincs (~fincs@bnc.devkitpro.org) (Remote host closed the connection)
[01:54:47] *** Quits: SCV__ (sid226262@id-226262.charlton.irccloud.com) (Ping timeout: 1230 seconds)
[01:55:00] *** Joins: SCV__ (sid226262@id-226262.charlton.irccloud.com)
[01:55:35] *** Quits: nullstrin (~nullstrin@cermak.nullstring.io) (Read error: Operation timed out)
[01:58:25] *** Joins: fincs (~fincs@bnc.devkitpro.org)
[01:58:28] *** yls8bot sets mode: +o fincs
[01:59:20] *** Joins: nullstrin (~nullstrin@cermak.nullstring.io)
[02:02:45] *** Joins: WntrMute (~wntrmute@bnc.devkitpro.org)
[02:02:45] *** fincs sets mode: +o WntrMute
[02:58:35] *** Quits: refs (~refs@p200300dd8719ae00f057cd35af8c5ec4.dip0.t-ipconnect.de) (Quit: refs)
[05:54:52] *** Quits: rjeli____ (sid289321@id-289321.charlton.irccloud.com) (Read error: Connection timed out)
[05:58:32] *** Quits: ihaveamac (~ihaveamac@ianburgwin.net) (Quit: fail)
[06:05:06] *** Joins: rjeli____ (sid289321@id-289321.charlton.irccloud.com)
[06:33:36] *** Quits: figgis_ (~figgis@93.123.144.171) (Read error: Connection reset by peer)
[06:43:33] *** Quits: SCV__ (sid226262@id-226262.charlton.irccloud.com) (Ping timeout: 1230 seconds)
[06:43:46] *** Joins: SCV__ (sid226262@id-226262.charlton.irccloud.com)
[08:24:11] *** Quits: changO- (~Changolan@ip70-187-147-196.oc.oc.cox.net) (Read error: Operation timed out)
[08:24:34] *** Joins: changoXPR (~Changolan@ip70-187-147-196.oc.oc.cox.net)
[09:12:31] *** Joins: ihaveamac (~ihaveamac@157.230.137.229)
[09:58:23] *** Quits: SCV__ (sid226262@id-226262.charlton.irccloud.com) (Ping timeout: 1230 seconds)
[09:58:35] *** Joins: SCV__ (sid226262@id-226262.charlton.irccloud.com)
[11:21:42] *** Joins: rajkosto (~rajkosto@cable-178-149-112-48.dynamic.sbb.rs)
[11:38:25] *** Quits: rjeli____ (sid289321@id-289321.charlton.irccloud.com) (Read error: Connection timed out)
[11:48:41] *** Joins: rjeli____ (sid289321@id-289321.charlton.irccloud.com)
[12:58:25] <plutobot> GitHub | New commit | User: fincs | https://github.com/switchbrew/nx-hbmenu/commit/244d058f1b
[13:59:58] *** Quits: rajkosto (~rajkosto@cable-178-149-112-48.dynamic.sbb.rs) (Quit: Leaving)
[14:02:19] *** Joins: rajkosto (~rajkosto@cable-178-149-112-48.dynamic.sbb.rs)
[15:56:07] *** Joins: fgsfds (~figgis@93.123.144.171)
[16:44:18] *** Joins: Snetry (~sentry@dslb-188-101-114-084.188.101.pools.vodafone-ip.de)
[17:00:50] <plutobot> GitHub | New commit | User: fincs | https://github.com/switchbrew/nx-hbmenu/commit/fcbc56acc4
[17:18:08] *** Joins: DeusQain_ (quasselcor@mx.qainsworld.com)
[17:19:28] *** Quits: DeusQain (quasselcor@mx.qainsworld.com) (Read error: Operation timed out)
[19:27:46] *** Joins: DeusQain (quasselcor@mx.qainsworld.com)
[19:32:57] *** Quits: DeusQain_ (quasselcor@mx.qainsworld.com) (Ping timeout: 745 seconds)
[21:01:39] *** Joins: refs (~refs@p200300dd871b3500f4e3d144f4cbb9db.dip0.t-ipconnect.de)
