[00:34:11] *** Quits: lameboy (~lameboy@202-47-121-182.cust.dcsi.net.au) (Ping timeout: 186 seconds)
[00:34:22] *** Joins: lameboy (~lameboy@202-47-121-182.cust.dcsi.net.au)
[00:36:25] *** Joins: mid-kid2 (~mid-kid@2a01:7c8:aac8:1e8:5054:ff:fe5e:cd48)
[00:40:09] *** Joins: dibas_ (~dibas@wild.uberspace.de)
[00:41:39] *** Joins: hthh_ (~hthh@hh.ht)
[00:41:48] *** Quits: derrek (~derrek@sirius.uberspace.de) (Ping timeout: 745 seconds)
[00:42:58] *** Quits: mid-kid1 (~mid-kid@136-144-185-148.colo.transip.net) (Ping timeout: 745 seconds)
[00:42:59] *** Quits: hthh (~hthh@hh.ht) (Ping timeout: 745 seconds)
[00:43:02] *** Joins: ave_8 (~ave_@79.110.170.32)
[00:43:04] *** Joins: derrek (xJ9UhcK8yh@sirius.uberspace.de)
[00:43:33] *** Quits: dibas (~dibas@wild.uberspace.de) (Ping timeout: 745 seconds)
[00:43:33] *** Quits: ave_ (~ave_@79.110.170.32) (Ping timeout: 745 seconds)
[00:43:34] *** dibas_ is now known as dibas
[00:43:34] *** ave_8 is now known as ave_
[02:13:23] *** Joins: refsw3 (~refsw@80.150.130.51)
[02:14:05] *** Joins: zini- (~zini@88-113-145-208.elisa-laajakaista.fi)
[02:17:33] *** Joins: capin2 (~capin@209.182.233.136)
[02:19:24] *** Joins: Normmatt_ (~Normmatt@cloud.normmatt.com)
[02:19:48] *** Quits: hexkyz (~hexkyz@ec2-18-179-123-169.ap-northeast-1.compute.amazonaws.com) (Ping timeout: 745 seconds)
[02:20:32] *** Joins: uyjulian_ (~uyjulian@69-110-38-205.lightspeed.lbcktx.sbcglobal.net)
[02:20:58] *** Quits: DoozerBot (~DoozerBot@89.7.232.35.bc.googleusercontent.com) (Ping timeout: 745 seconds)
[02:22:30] *** Joins: DoozerBot (~DoozerBot@89.7.232.35.bc.googleusercontent.com)
[02:22:43] *** Quits: uyjulian (~uyjulian@69-110-38-205.lightspeed.lbcktx.sbcglobal.net) (Ping timeout: 745 seconds)
[02:22:43] *** uyjulian_ is now known as uyjulian
[02:23:18] *** Quits: zini (~zini@88-113-145-208.elisa-laajakaista.fi) (Ping timeout: 745 seconds)
[02:23:18] *** Quits: Normmatt (~Normmatt@cloud.normmatt.com) (Ping timeout: 745 seconds)
[02:23:18] *** Normmatt_ is now known as Normmatt
[02:23:53] *** Quits: refsw2 (~refsw@80.150.130.51) (Ping timeout: 745 seconds)
[02:23:53] *** Quits: capin1 (~capin@209.182.233.136) (Ping timeout: 745 seconds)
[02:33:48] *** Quits: naehrwert (~naehrwert@8.38.88.201) (Ping timeout: 745 seconds)
[02:35:32] *** Quits: uyjulian (~uyjulian@69-110-38-205.lightspeed.lbcktx.sbcglobal.net) (Ping timeout: 745 seconds)
[02:35:59] *** Joins: uyjulian (~uyjulian@69-110-38-205.lightspeed.lbcktx.sbcglobal.net)
[02:36:13] *** Joins: hexkyz (~hexkyz@ec2-18-179-123-169.ap-northeast-1.compute.amazonaws.com)
[02:36:32] *** Joins: naehrwert (~naehrwert@8.38.88.201)
[02:37:19] *** Quits: refs (~refs@p200300dd8715fd00113cb857abc71db0.dip0.t-ipconnect.de) (Quit: refs)
[02:42:58] *** Joins: uyjulian_ (~uyjulian@69-110-38-205.lightspeed.lbcktx.sbcglobal.net)
[02:48:58] *** Quits: uyjulian (~uyjulian@69-110-38-205.lightspeed.lbcktx.sbcglobal.net) (Ping timeout: 745 seconds)
[02:50:27] *** uyjulian_ is now known as uyjulian
[02:50:27] *** Quits: uyjulian (~uyjulian@69-110-38-205.lightspeed.lbcktx.sbcglobal.net) (Remote host closed the connection)
[02:53:02] *** Joins: uyjulian (~uyjulian@69-110-38-205.lightspeed.lbcktx.sbcglobal.net)
[03:57:07] *** Quits: rajkosto (~rajkosto@cable-178-149-112-48.dynamic.sbb.rs) (Read error: Connection reset by peer)
[07:23:55] *** Quits: fgsfds (~figgis@93.123.144.171) (Leaving)
[08:11:00] *** Joins: m4ts_ (~mats@s17612523596.blix.com)
[08:13:13] *** Quits: m4ts- (~mats@s176125235116.blix.com) (Ping timeout: 265 seconds)
[08:55:47] *** Joins: CCFL_Man_ (34ae151230@c-73-64-119-64.hsd1.pa.comcast.net)
[09:01:27] *** Quits: CCFL_Man (b35da351b3@c-73-64-119-64.hsd1.pa.comcast.net) (Read error: Operation timed out)
[12:19:20] *** Joins: IShaDoWl (~IShaDoWl@248.red-79-145-209.dynamicip.rima-tde.net)
[14:30:33] *** Joins: fgsfds (~figgis@93.123.144.171)
[16:19:01] *** Joins: rajkosto (~rajkosto@cable-178-149-112-48.dynamic.sbb.rs)
[18:35:58] *** Quits: rajkosto (~rajkosto@cable-178-149-112-48.dynamic.sbb.rs) (Read error: Connection reset by peer)
[19:02:56] *** Joins: rajkosto (~rajkosto@cable-178-149-112-48.dynamic.sbb.rs)
[19:22:32] *** Quits: GerbilSof (~GerbilSof@pool-108-24-152-152.cmdnnj.fios.verizon.net) (Read error: Connection reset by peer)
[19:25:18] *** Joins: GerbilSof (~GerbilSof@pool-108-24-152-152.cmdnnj.fios.verizon.net)
[21:33:37] <plutobot> Wiki | Page changed: HID Shared Memory | User: yls8 | https://switchbrew.org/w/index.php?curid=83&diff=10154&oldid=9620
[22:37:23] *** Quits: Surkow (~Surkow@84-104-14-64.cable.dynamic.v4.ziggo.nl) (Read error: Operation timed out)
[22:49:06] *** Joins: Surkow (~Surkow@84-104-14-64.cable.dynamic.v4.ziggo.nl)
[23:52:06] <plutobot> Wiki | Page changed: HID Shared Memory | User: SciresM | https://switchbrew.org/w/index.php?curid=83&diff=10155&oldid=10154
