[00:29:48] *** Quits changoXPR (Read error: Connection reset by peer)
[00:36:01] *** Joins changO-
[01:47:56] *** Joins refs
[01:54:41] *** Quits nullstrin (Read error: Operation timed out)
[01:58:26] *** Joins nullstrin
[02:29:34] *** Joins foghorn3
[02:30:34] *** CCFL_Man_ is now known as CCFL_Man
[02:35:03] *** Quits foghorn2 (Ping timeout: 496 seconds)
[02:52:01] *** Quits rajkosto (Read error: Connection reset by peer)
[03:47:54] *** Joins mukunda
[03:49:06] *** Quits endrift (Read error: Operation timed out)
[03:49:28] *** Quits nullstrin (Read error: Operation timed out)
[03:49:29] *** Quits awordnot (Read error: Operation timed out)
[03:50:34] *** Quits naehrwert (Read error: Operation timed out)
[03:50:43] *** Joins naehrwert
[03:51:03] *** Joins figgis_
[03:51:20] *** Joins endrift
[03:52:04] *** Joins awordnot
[03:52:55] *** Quits |Shadow| (Read error: Operation timed out)
[03:54:20] *** Joins |Shadow|
[03:54:31] *** Joins nullstrin
[03:55:23] *** Quits fgsfds (Read error: Operation timed out)
[04:26:40] *** Quits refs (Quit: refs)
[05:00:49] *** Quits endrift (Read error: Operation timed out)
[05:01:51] *** Quits awordnot (Read error: Connection reset by peer)
[05:02:06] *** Joins endrift
[05:02:57] *** Joins awordnot
[06:01:24] *** Quits figgis_ (Quit: Leaving)
[08:29:01] *** Quits mukunda (Ping timeout: 265 seconds)
[09:13:20] *** Joins foghorn2
[09:15:00] *** Quits foghorn3 (Ping timeout: 265 seconds)
[10:48:42] *** Joins fgsfds
[11:37:28] *** Quits hordak (Remote host closed the connection)
[11:43:02] *** Joins hordak
[13:33:22] *** Joins rajkosto
[15:42:33] *** Joins mukunda
[18:28:01] *** Joins refs
[19:37:08] *** Quits Surkow (Read error: Operation timed out)
[19:43:05] *** Joins Surkow
