[01:39:17] *** Quits changO- (Read error: Connection reset by peer)
[01:44:46] *** Joins changO-
[02:08:09] *** Quits rajkosto (Read error: Connection reset by peer)
[04:10:19] *** Quits refs (Quit: refs)
[04:52:41] *** Quits fgsfds (Read error: Connection reset by peer)
[06:00:26] <plutobot> Wiki | Page changed: Calibration | User: Ac K | https://switchbrew.org/w/index.php?curid=213&diff=10156&oldid=9223
[07:05:30] <plutobot> Wiki | Page changed: HID Shared Memory | User: yls8 | https://switchbrew.org/w/index.php?curid=83&diff=10157&oldid=10155
[07:23:11] <plutobot> Wiki | Page changed: HID services | User: yls8 | https://switchbrew.org/w/index.php?curid=103&diff=10158&oldid=9975
[07:28:27] <plutobot> Wiki | Page changed: HID services | User: yls8 | https://switchbrew.org/w/index.php?curid=103&diff=10159&oldid=10158
[07:33:43] <plutobot> Wiki | Page changed: HID services | User: yls8 | https://switchbrew.org/w/index.php?curid=103&diff=10160&oldid=10159
[08:15:11] <plutobot> Wiki | Page changed: HID Shared Memory | User: yls8 | https://switchbrew.org/w/index.php?curid=83&diff=10161&oldid=10157
[09:30:25] *** Quits IShaDoWl ()
[09:33:23] *** Quits mukunda (Ping timeout: 604 seconds)
[11:59:51] *** Joins rajkosto
[12:03:54] *** Quits des^ (Quit: The Lounge - https://thelounge.github.io)
[12:04:21] *** Joins des^
[13:36:23] *** Joins refs
[14:42:44] *** Joins fgsfds
[15:30:13] *** Joins mukunda
[18:00:11] <plutobot> Wiki | Page changed: HID Shared Memory | User: yls8 | https://switchbrew.org/w/index.php?curid=83&diff=10162&oldid=10161
[18:29:36] <plutobot> Wiki | Page changed: HID Shared Memory | User: yls8 | https://switchbrew.org/w/index.php?curid=83&diff=10163&oldid=10162
[18:36:55] <plutobot> Wiki | Page changed: HID Shared Memory | User: yls8 | https://switchbrew.org/w/index.php?curid=83&diff=10164&oldid=10163
[19:30:07] <plutobot> Wiki | Page changed: HID services | User: yls8 | https://switchbrew.org/w/index.php?curid=103&diff=10165&oldid=10160
[19:49:00] *** Joins WntrDeaf
[19:50:37] *** Joins MasterGK
[19:52:42] *** Joins TAL_
[19:55:28] *** Quits WntrMute (Ping timeout: 265 seconds)
[19:55:28] *** Quits m4ts_ (Ping timeout: 265 seconds)
[19:55:28] *** Quits Genolo (Ping timeout: 265 seconds)
[19:55:28] *** Quits TAL (Ping timeout: 265 seconds)
[19:55:28] *** Quits lemmu (se.hub irc.underworld.no)
[19:55:28] *** Quits Ghabry (se.hub irc.underworld.no)
[19:55:28] *** WntrDeaf is now known as WntrMute
[19:56:42] *** Joins Genolo
[19:59:05] *** Joins m4ts_
[19:59:14] *** Joins lemmy
[20:07:02] *** TAL_ is now known as TAL
[20:56:13] *** Quits GerbilSof (Quit: Windows must now restart because the Remote Procedure Call (RPC) service terminated unexpectedly.)
[20:57:48] *** Joins GerbilSof
[21:27:03] *** Quits nullstrin (Read error: Operation timed out)
[21:30:48] *** Joins nullstrin
[22:08:57] *** Joins derk0pf
[23:09:52] *** Joins KuKzz_
[23:17:29] *** Quits KuKzz (Read error: Operation timed out)
[23:17:50] *** Quits giglife (Read error: Operation timed out)
