[00:13:41] *** Quits: derk0pf (~derk0pf@dynamic-046-114-034-135.46.114.pool.telefonica.de) (Read error: Connection reset by peer)
[00:16:33] *** Quits: Behemoth (~quassel@vmd39331.contaboserver.net) (Read error: Connection reset by peer)
[00:40:46] *** Joins: derk0pf (~derk0pf@ip5b413570.dynamic.kabel-deutschland.de)
[01:26:53] *** Quits: ave_ (~ave_@79.110.170.32) (Ping timeout: 745 seconds)
[01:28:02] *** Joins: giglife (giglife@cpe0492268436b0-cm688f2e1dc9d0.cpe.net.cable.rogers.com)
[01:32:24] *** Quits: Surkow (~Surkow@84-104-14-64.cable.dynamic.v4.ziggo.nl) (Read error: Operation timed out)
[01:37:57] *** Quits: derk0pf (~derk0pf@ip5b413570.dynamic.kabel-deutschland.de) (Ping timeout: 604 seconds)
[01:41:19] *** Joins: Surkow (~Surkow@84-104-14-64.cable.dynamic.v4.ziggo.nl)
[01:45:34] *** Joins: derk0pf (~derk0pf@ip5b413570.dynamic.kabel-deutschland.de)
[01:55:02] *** Quits: rajkosto (~rajkosto@cable-178-149-112-48.dynamic.sbb.rs) (Read error: Connection reset by peer)
[01:59:05] *** Joins: ave_ (~ave_@79.110.170.32)
[02:05:23] *** Quits: derk0pf (~derk0pf@ip5b413570.dynamic.kabel-deutschland.de) (Ping timeout: 745 seconds)
[02:09:55] *** Joins: derk0pf (~derk0pf@ip5b413570.dynamic.kabel-deutschland.de)
[02:12:16] *** Joins: karolherb (~kherbst@2a02:8308:b088:c000:e1c8:454f:b858:87a5)
[02:12:55] *** Quits: hordak (hordak@cautio.us) (Quit: Scheiße!)
[02:13:00] *** Joins: hordak (hordak@cautio.us)
[02:14:42] *** Quits: derk0pf (~derk0pf@ip5b413570.dynamic.kabel-deutschland.de) (Ping timeout: 265 seconds)
[02:43:30] *** Quits: karolherb (~kherbst@2a02:8308:b088:c000:e1c8:454f:b858:87a5) (Ping timeout: 272 seconds)
[04:07:32] *** Quits: fgsfds (~figgis@93.123.144.171) (Read error: Connection reset by peer)
[04:38:27] *** Quits: refs (~refs@p200300dd8747d100d1c40cd19113bc61.dip0.t-ipconnect.de) (Quit: refs)
[05:23:48] *** Joins: derk0pf (~derk0pf@ip5b413570.dynamic.kabel-deutschland.de)
[05:33:00] *** Quits: derk0pf (~derk0pf@ip5b413570.dynamic.kabel-deutschland.de) (Read error: Operation timed out)
[05:56:37] *** Quits: mukunda (~mukunda@107.126.102.5) ()
[06:40:52] *** Quits: flagrama (flagrama@stonehaven.irccloud.com) (Read error: Connection reset by peer)
[06:40:56] *** Joins: flagrama (flagrama@id-145621.stonehaven.irccloud.com)
[06:45:31] *** Joins: derk0pf (~derk0pf@ip5b413570.dynamic.kabel-deutschland.de)
[06:55:53] *** Quits: derk0pf (~derk0pf@ip5b413570.dynamic.kabel-deutschland.de) (Ping timeout: 604 seconds)
[09:02:52] *** Joins: derk0pf (~derk0pf@ip5b413570.dynamic.kabel-deutschland.de)
[09:23:03] *** Quits: derk0pf (~derk0pf@ip5b413570.dynamic.kabel-deutschland.de) (Ping timeout: 744 seconds)
[10:27:42] *** Joins: derk0pf (~derk0pf@ip5b413570.dynamic.kabel-deutschland.de)
[11:36:16] *** Joins: rajkosto (~rajkosto@cable-178-149-125-126.dynamic.sbb.rs)
[13:36:31] *** Quits: Surkow (~Surkow@84-104-14-64.cable.dynamic.v4.ziggo.nl) (Read error: Operation timed out)
[13:38:54] *** Joins: Surkow (~Surkow@84-104-14-64.cable.dynamic.v4.ziggo.nl)
[14:13:11] *** Quits: MasterGK (~ghabry@datengurke.mastergk.de) (Read error: Connection reset by peer)
[14:13:11] *** Quits: dibas (~dibas@wild.uberspace.de) (Read error: Connection reset by peer)
[14:13:16] *** Joins: derrek_ (6sp9Vazf84@sirius.uberspace.de)
[14:13:30] *** Joins: ave_0 (~ave_@79.110.170.32)
[14:13:46] *** Joins: dibas (~dibas@wild.uberspace.de)
[14:13:53] *** Quits: ave_ (~ave_@79.110.170.32) (Read error: Connection reset by peer)
[14:13:53] *** ave_0 is now known as ave_
[14:14:33] *** Quits: hthh_ (~hthh@hh.ht) (Read error: Connection reset by peer)
[14:14:38] *** Joins: hthh (~hthh@hh.ht)
[14:16:18] *** Joins: Ghabry (~ghabry@datengurke.mastergk.de)
[14:19:28] *** Quits: derk0pf (~derk0pf@ip5b413570.dynamic.kabel-deutschland.de) (Read error: Operation timed out)
[14:20:23] *** Quits: derrek (xJ9UhcK8yh@sirius.uberspace.de) (Ping timeout: 745 seconds)
[14:20:23] *** derrek_ is now known as derrek
[14:27:58] *** Quits: Genolo (~fear@151.236.216.141) (Ping timeout: 745 seconds)
[14:28:17] *** Joins: Genolo (~fear@151.236.216.141)
[14:40:52] *** Joins: derk0pf (~derk0pf@ip5b413570.dynamic.kabel-deutschland.de)
[14:50:32] *** Joins: fgsfds (~figgis@93.123.144.171)
[14:52:17] *** Quits: derk0pf (~derk0pf@ip5b413570.dynamic.kabel-deutschland.de) (Read error: Operation timed out)
[14:57:07] *** Joins: derk0pf (~derk0pf@ip5b413570.dynamic.kabel-deutschland.de)
[15:14:17] *** Quits: derk0pf (~derk0pf@ip5b413570.dynamic.kabel-deutschland.de) (Read error: Operation timed out)
[15:14:36] *** Joins: derk0pf (~derk0pf@ip5b413570.dynamic.kabel-deutschland.de)
[15:19:38] *** Quits: derk0pf (~derk0pf@ip5b413570.dynamic.kabel-deutschland.de) (Ping timeout: 265 seconds)
[16:38:25] *** Joins: derk0pf (~derk0pf@ip5b413570.dynamic.kabel-deutschland.de)
[16:54:21] *** Quits: awordnot (~awordnot@c-71-194-7-27.hsd1.il.comcast.net) (Read error: Operation timed out)
[16:54:29] *** Joins: hordak_ (hordak@cautio.us)
[16:55:41] *** Quits: nullstrin (~nullstrin@cermak.nullstring.io) (Read error: Operation timed out)
[16:55:55] *** Joins: figgis_ (~figgis@93.123.144.171)
[16:55:58] *** Quits: endrift (~endrift@endrift.com) (Read error: Operation timed out)
[16:58:28] *** Quits: hordak (hordak@cautio.us) (Read error: Operation timed out)
[16:58:28] *** hordak_ is now known as hordak
[16:58:32] *** Quits: j0hny5 (j0hny5@94.75.242.8) (Read error: Operation timed out)
[16:58:51] *** Quits: |Shadow| (~Shadow1@ip24-253-241-112.ok.ok.cox.net) (Read error: Operation timed out)
[17:01:53] *** Quits: fgsfds (~figgis@93.123.144.171) (Read error: Operation timed out)
[17:08:15] *** Joins: endrift (~endrift@endrift.com)
[17:09:04] *** Joins: awordnot (~awordnot@c-71-194-7-27.hsd1.il.comcast.net)
[17:09:16] *** Joins: j0hny5 (j0hny5@94.75.242.8)
[17:09:27] *** Joins: |Shadow| (~Shadow1@ip24-253-241-112.ok.ok.cox.net)
[17:10:46] *** Joins: nullstrin (~nullstrin@cermak.nullstring.io)
[17:43:32] <plutobot> Wiki | Page changed: Title list | User: Zachycatgames | https://switchbrew.org/w/index.php?curid=84&diff=10166&oldid=9964
[18:01:02] <plutobot> Wiki | Page changed: Boot2 | User: Zachycatgames | https://switchbrew.org/w/index.php?curid=146&diff=10167&oldid=9695
[18:20:56] *** Quits: derk0pf (~derk0pf@ip5b413570.dynamic.kabel-deutschland.de) (Ping timeout: 265 seconds)
[18:39:16] <plutobot> Wiki | Page changed: Boot2 | User: Zachycatgames | https://switchbrew.org/w/index.php?curid=146&diff=10168&oldid=10167
[18:58:21] *** Quits: refsw3 (~refsw@80.150.130.51) (Quit: refsw3)
[19:04:57] *** Joins: derk0pf (~derk0pf@ip5b413570.dynamic.kabel-deutschland.de)
[19:15:37] *** Quits: derk0pf (~derk0pf@ip5b413570.dynamic.kabel-deutschland.de) (Ping timeout: 604 seconds)
[19:42:40] *** Joins: refsw (~refsw@80.150.130.51)
[20:17:24] *** Quits: lameboy (~lameboy@202-47-121-182.cust.dcsi.net.au) (Remote host closed the connection)
[20:19:36] *** Joins: lameboy (~lameboy@202-47-121-182.cust.dcsi.net.au)
[21:06:10] *** Quits: lameboy (~lameboy@202-47-121-182.cust.dcsi.net.au) (Remote host closed the connection)
[21:22:23] *** Joins: lameboy (~lameboy@202-47-121-182.cust.dcsi.net.au)
[21:36:52] *** Joins: refs (~refs@p200300dd870ea3009c522768bb3826a8.dip0.t-ipconnect.de)
[22:41:11] <plutobot> Wiki | Page changed: HID Shared Memory | User: yls8 | https://switchbrew.org/w/index.php?curid=83&diff=10169&oldid=10164
[23:06:27] *** Joins: derk0pf (~derk0pf@ip5b413570.dynamic.kabel-deutschland.de)
[23:12:37] *** Quits: lameboy (~lameboy@202-47-121-182.cust.dcsi.net.au) (Remote host closed the connection)
[23:13:02] *** Joins: lameboy (~lameboy@202-47-121-182.cust.dcsi.net.au)
[23:15:38] *** Quits: derk0pf (~derk0pf@ip5b413570.dynamic.kabel-deutschland.de) (Ping timeout: 265 seconds)
[23:16:04] *** Quits: lameboy (~lameboy@202-47-121-182.cust.dcsi.net.au) (Remote host closed the connection)
[23:21:05] *** Quits: rajkosto (~rajkosto@cable-178-149-125-126.dynamic.sbb.rs) (Quit: Leaving)
[23:21:34] *** Joins: rajkosto (~rajkosto@cable-178-149-125-126.dynamic.sbb.rs)
[23:44:08] *** Quits: rajkosto (~rajkosto@cable-178-149-125-126.dynamic.sbb.rs) (Read error: Connection reset by peer)
