[00:16:57] *** Joins: fgsfds (~figgis@93.123.144.171)
[00:19:01] *** Joins: hordak_ (hordak@cautio.us)
[00:20:05] *** Joins: lameboy (~lameboy@202-47-121-182.cust.dcsi.net.au)
[00:21:11] *** Joins: MasterGK (~ghabry@datengurke.mastergk.de)
[00:23:41] *** Quits: figgis_ (~figgis@93.123.144.171) (se.hub irc.underworld.no)
[00:23:41] *** Quits: hordak (hordak@cautio.us) (se.hub irc.underworld.no)
[00:23:41] *** Quits: Ghabry (~ghabry@datengurke.mastergk.de) (se.hub irc.underworld.no)
[00:23:41] *** Quits: m4ts_ (~mats@176.125.235.96) (se.hub irc.underworld.no)
[00:39:00] *** hordak_ is now known as hordak
[01:10:51] *** Joins: derk0pf (~derk0pf@ip5b413570.dynamic.kabel-deutschland.de)
[01:15:40] *** Quits: derk0pf (~derk0pf@ip5b413570.dynamic.kabel-deutschland.de) (Ping timeout: 272 seconds)
[02:27:46] *** Quits: GerbilSof (~GerbilSof@pool-108-24-152-152.cmdnnj.fios.verizon.net) (Quit: Windows must now restart because the Remote Procedure Call (RPC) service terminated unexpectedly.)
[02:36:16] *** Quits: refs (~refs@p200300dd870ea3009c522768bb3826a8.dip0.t-ipconnect.de) (Quit: refs)
[02:41:07] <plutobot> Wiki | Page changed: HID Shared Memory | User: yls8 | https://switchbrew.org/w/index.php?curid=83&diff=10170&oldid=10169
[02:42:26] *** Joins: GerbilSof (~GerbilSof@pool-108-24-152-152.cmdnnj.fios.verizon.net)
[03:11:43] *** Joins: derk0pf (~derk0pf@ip5b413570.dynamic.kabel-deutschland.de)
[03:16:49] *** Quits: derk0pf (~derk0pf@ip5b413570.dynamic.kabel-deutschland.de) (Ping timeout: 265 seconds)
[04:00:30] <plutobot> Wiki | Page changed: HID Shared Memory | User: yls8 | https://switchbrew.org/w/index.php?curid=83&diff=10171&oldid=10170
[04:04:26] <plutobot> Wiki | Page changed: HID Shared Memory | User: yls8 | https://switchbrew.org/w/index.php?curid=83&diff=10172&oldid=10171
[05:06:29] *** Quits: Surkow (~Surkow@84-104-14-64.cable.dynamic.v4.ziggo.nl) (Read error: Operation timed out)
[05:12:29] *** Joins: derk0pf (~derk0pf@ip5b413570.dynamic.kabel-deutschland.de)
[05:17:10] *** Quits: derk0pf (~derk0pf@ip5b413570.dynamic.kabel-deutschland.de) (Ping timeout: 265 seconds)
[05:17:53] *** Joins: Surkow (~Surkow@84-104-14-64.cable.dynamic.v4.ziggo.nl)
[05:34:42] *** Quits: fgsfds (~figgis@93.123.144.171) (Read error: Connection reset by peer)
[06:54:02] *** Joins: changoXPR (~Changolan@ip70-187-147-196.oc.oc.cox.net)
[06:56:05] *** Quits: changO- (~Changolan@ip70-187-147-196.oc.oc.cox.net) (Ping timeout: 604 seconds)
[06:56:05] *** changoXPR is now known as changO-
[07:00:24] *** Joins: derk0pf (~derk0pf@ip5b413570.dynamic.kabel-deutschland.de)
[07:15:45] *** Quits: GerbilSof (~GerbilSof@pool-108-24-152-152.cmdnnj.fios.verizon.net) (ircd.choopa.net irc.mzima.net)
[07:15:45] *** Quits: Extrems (~gamecube@expert.extremscorner.org) (ircd.choopa.net irc.mzima.net)
[07:15:46] *** Quits: klock (~efklock@vps1.ksociety.net) (ircd.choopa.net irc.mzima.net)
[07:15:46] *** Quits: zombie343 (~zombie343@pool-74-108-60-233.nycmny.fios.verizon.net) (ircd.choopa.net irc.mzima.net)
[07:36:22] *** Joins: GerbilSof (~GerbilSof@pool-108-24-152-152.cmdnnj.fios.verizon.net)
[07:36:23] *** Joins: Extrems (~gamecube@expert.extremscorner.org)
[07:36:23] *** Joins: klock (~efklock@vps1.ksociety.net)
[07:36:23] *** Joins: zombie343 (~zombie343@pool-74-108-60-233.nycmny.fios.verizon.net)
[08:10:11] *** Quits: derk0pf (~derk0pf@ip5b413570.dynamic.kabel-deutschland.de) (Ping timeout: 604 seconds)
[09:19:24] *** Joins: rajkosto (~rajkosto@cable-178-149-125-126.dynamic.sbb.rs)
[09:23:56] *** Joins: derk0pf (~derk0pf@ip5b413570.dynamic.kabel-deutschland.de)
[09:44:56] *** Quits: derk0pf (~derk0pf@ip5b413570.dynamic.kabel-deutschland.de) (Ping timeout: 265 seconds)
[09:52:48] *** Quits: ris2z (~2ri@static.200.38.9.176.clients.your-server.de) (se.hub irc.du.se)
[10:10:57] *** Joins: derk0pf (~derk0pf@ip5b413570.dynamic.kabel-deutschland.de)
[10:23:51] *** Quits: derk0pf (~derk0pf@ip5b413570.dynamic.kabel-deutschland.de) (Ping timeout: 744 seconds)
[10:28:11] *** Joins: derk0pf (~derk0pf@ip5b413570.dynamic.kabel-deutschland.de)
[10:35:46] *** Quits: derk0pf (~derk0pf@ip5b413570.dynamic.kabel-deutschland.de) (Read error: Operation timed out)
[11:18:24] *** Joins: ris2z (~2ri@static.200.38.9.176.clients.your-server.de)
[12:24:05] *** Joins: Tcm0 (~Tcm0@p4fde7015.dip0.t-ipconnect.de)
[12:29:01] *** Joins: derk0pf (~derk0pf@ip5b413570.dynamic.kabel-deutschland.de)
[12:34:06] *** Quits: derk0pf (~derk0pf@ip5b413570.dynamic.kabel-deutschland.de) (Ping timeout: 265 seconds)
[12:46:50] *** Joins: derk0pf (~derk0pf@ip5b413570.dynamic.kabel-deutschland.de)
[12:52:57] *** Quits: derk0pf (~derk0pf@ip5b413570.dynamic.kabel-deutschland.de) (Ping timeout: 265 seconds)
[13:16:31] *** Joins: IShaDoWl (~IShaDoWl@128.red-79-145-215.dynamicip.rima-tde.net)
[13:28:44] *** Quits: rajkosto (~rajkosto@cable-178-149-125-126.dynamic.sbb.rs) (Read error: Connection reset by peer)
[13:34:40] *** Quits: Tcm0 (~Tcm0@p4fde7015.dip0.t-ipconnect.de) (Read error: Connection reset by peer)
[13:34:53] *** Joins: Tcm0 (~Tcm0@p4fde7015.dip0.t-ipconnect.de)
[14:59:47] *** Joins: derk0pf (~derk0pf@dynamic-046-114-034-248.46.114.pool.telefonica.de)
[15:08:02] *** Joins: fgsfds (~figgis@93.123.144.171)
[15:40:28] *** Quits: derk0pf (~derk0pf@dynamic-046-114-034-248.46.114.pool.telefonica.de) (Read error: Connection reset by peer)
[15:47:30] *** Joins: figgis_ (~figgis@cpe.ge-7-3-4-100.abvnqe10.dk.customer.tdc.net)
[15:50:15] *** Joins: derk0pf (~derk0pf@ip5b413570.dynamic.kabel-deutschland.de)
[15:50:46] *** Joins: figgis__ (~figgis@93.123.144.171)
[15:55:08] *** Quits: fgsfds (~figgis@93.123.144.171) (Read error: Operation timed out)
[15:58:12] *** Quits: figgis_ (~figgis@cpe.ge-7-3-4-100.abvnqe10.dk.customer.tdc.net) (Read error: Operation timed out)
[16:22:08] *** Joins: derk0pf_ (~derk0pf@ip5b413570.dynamic.kabel-deutschland.de)
[16:24:25] *** Quits: derk0pf (~derk0pf@ip5b413570.dynamic.kabel-deutschland.de) (Ping timeout: 501 seconds)
[16:38:42] *** Joins: rajkosto (~rajkosto@cable-178-149-125-126.dynamic.sbb.rs)
[17:04:26] <plutobot> Wiki | Page changed: HID Shared Memory | User: yls8 | https://switchbrew.org/w/index.php?curid=83&diff=10173&oldid=10172
[17:14:14] *** Quits: rajkosto (~rajkosto@cable-178-149-125-126.dynamic.sbb.rs) (Read error: Connection reset by peer)
[20:19:23] *** Quits: derk0pf_ (~derk0pf@ip5b413570.dynamic.kabel-deutschland.de) (Ping timeout: 857 seconds)
[20:29:13] <plutobot> Wiki | Page changed: Super Mario 3D All-Stars | User: yls8 | https://switchbrew.org/w/index.php?curid=419&diff=10174&oldid=10153
[20:36:02] *** Joins: derk0pf (~derk0pf@ip5b413570.dynamic.kabel-deutschland.de)
[20:37:48] *** Quits: figgis__ (~figgis@93.123.144.171) (Leaving)
[20:38:08] *** Joins: fgsfds (~figgis@93.123.144.171)
[20:40:09] *** Quits: Tcm0 (~Tcm0@p4fde7015.dip0.t-ipconnect.de) (Leaving)
[20:41:37] <plutobot> Wiki | Page changed: Super Mario 3D All-Stars | User: yls8 | https://switchbrew.org/w/index.php?curid=419&diff=10175&oldid=10174
[20:45:11] *** Quits: derk0pf (~derk0pf@ip5b413570.dynamic.kabel-deutschland.de) (Read error: Operation timed out)
[21:04:41] *** Joins: refs (~refs@p200300dd87183200752d9e6dce86e086.dip0.t-ipconnect.de)
[21:09:50] <plutobot> Wiki | Page changed: Super Mario 3D All-Stars | User: yls8 | https://switchbrew.org/w/index.php?curid=419&diff=10176&oldid=10175
[22:31:42] *** Quits: awordnot (~awordnot@c-71-194-7-27.hsd1.il.comcast.net) (Read error: Operation timed out)
[22:58:29] *** Joins: awordnot (~awordnot@c-71-194-7-27.hsd1.il.comcast.net)
[23:58:16] *** Quits: awordnot (~awordnot@c-71-194-7-27.hsd1.il.comcast.net) (Read error: Connection reset by peer)
[23:58:53] *** Joins: awordnot (~awordnot@c-71-194-7-27.hsd1.il.comcast.net)
