[01:15:37] *** Quits: rajkosto (~rajkosto@cable-178-149-125-126.dynamic.sbb.rs) (Read error: Connection reset by peer)
[01:18:42] <plutobot> Wiki | Page changed: HID services | User: yls8 | https://switchbrew.org/w/index.php?curid=103&diff=10186&oldid=10165
[02:14:59] *** Quits: ris2z (~2ri@static.200.38.9.176.clients.your-server.de) (Ping timeout: 186 seconds)
[02:21:28] *** Quits: refs (~refs@p200300dd8715c400243532dfff081c65.dip0.t-ipconnect.de) (Quit: refs)
[02:30:43] *** Joins: ris2z (~2ri@static.200.38.9.176.clients.your-server.de)
[05:01:27] *** Quits: fgsfds (~figgis@93.123.144.171) (Read error: Connection reset by peer)
[05:09:29] *** Quits: naehrwert (~naehrwert@8.38.88.201) (Quit: ZNC - http://znc.in)
[05:58:18] *** Joins: naehrwert (~naehrwert@8.38.88.201)
[05:58:47] *** Joins: robs1 (~robs1@8.38.88.201)
[07:44:46] *** Joins: uyjulian_ (~uyjulian@69-110-38-205.lightspeed.lbcktx.sbcglobal.net)
[07:52:38] *** Quits: uyjulian (~uyjulian@69-110-38-205.lightspeed.lbcktx.sbcglobal.net) (Ping timeout: 745 seconds)
[07:52:38] *** uyjulian_ is now known as uyjulian
[08:17:32] *** Joins: Tcm0 (~Tcm0@p5dc458c0.dip0.t-ipconnect.de)
[09:35:52] *** Joins: changoXPR (~Changolan@ip70-187-147-196.oc.oc.cox.net)
[09:37:13] *** Quits: changO- (~Changolan@ip70-187-147-196.oc.oc.cox.net) (Ping timeout: 265 seconds)
[09:37:13] *** changoXPR is now known as changO-
[10:02:31] *** Joins: derk0pf (~derk0pf@ip5b413570.dynamic.kabel-deutschland.de)
[10:39:30] *** Quits: derk0pf (~derk0pf@ip5b413570.dynamic.kabel-deutschland.de) (Ping timeout: 857 seconds)
[10:56:07] *** Joins: derk0pf (~derk0pf@ip5b413570.dynamic.kabel-deutschland.de)
[11:04:59] *** Quits: derk0pf (~derk0pf@ip5b413570.dynamic.kabel-deutschland.de) (Read error: Operation timed out)
[11:13:07] *** Joins: derk0pf (~derk0pf@ip5b413570.dynamic.kabel-deutschland.de)
[11:18:23] *** Quits: derk0pf (~derk0pf@ip5b413570.dynamic.kabel-deutschland.de) (Ping timeout: 272 seconds)
[11:30:57] *** Joins: derk0pf (~derk0pf@ip5b413570.dynamic.kabel-deutschland.de)
[11:32:41] *** Joins: rajkosto (~rajkosto@178.149.125.126)
[11:39:01] *** Quits: derk0pf (~derk0pf@ip5b413570.dynamic.kabel-deutschland.de) (Read error: Operation timed out)
[11:58:16] *** Quits: rajkosto (~rajkosto@178.149.125.126) (Read error: Connection reset by peer)
[12:06:16] *** Joins: derk0pf (~derk0pf@ip5b413570.dynamic.kabel-deutschland.de)
[12:39:37] *** Joins: dibas_ (~dibas@wild.uberspace.de)
[12:48:58] *** Quits: dibas (~dibas@wild.uberspace.de) (Ping timeout: 745 seconds)
[12:48:58] *** dibas_ is now known as dibas
[13:37:51] *** Quits: uyjulian (~uyjulian@69-110-38-205.lightspeed.lbcktx.sbcglobal.net) (Quit: ZNC - http://znc.in)
[13:38:21] *** Joins: uyjulian (~uyjulian@69-110-38-205.lightspeed.lbcktx.sbcglobal.net)
[13:40:42] *** Quits: Tcm0 (~Tcm0@p5dc458c0.dip0.t-ipconnect.de) (Ping timeout: 622 seconds)
[13:42:45] *** Quits: dibas (~dibas@wild.uberspace.de) (Quit: Leaving...)
[13:43:07] *** Joins: dibas (~dibas@wild.uberspace.de)
[14:13:56] *** Quits: naehrwert (~naehrwert@8.38.88.201) (Quit: ZNC - http://znc.in)
[14:13:56] *** Quits: robs1 (~robs1@8.38.88.201) (Quit: ZNC - http://znc.in)
[14:54:57] *** Joins: Tcm0 (~Tcm0@p5dc458c0.dip0.t-ipconnect.de)
[15:18:27] *** Joins: derk0pf_ (~derk0pf@dynamic-046-114-034-220.46.114.pool.telefonica.de)
[15:27:39] *** Joins: rajkosto (~rajkosto@cable-178-149-125-126.dynamic.sbb.rs)
[15:28:08] *** Quits: derk0pf (~derk0pf@ip5b413570.dynamic.kabel-deutschland.de) (Read error: Connection refused)
[15:30:53] *** Joins: fgsfds (~figgis@93.123.144.171)
[15:38:56] *** Joins: refsw` (~refsw@80.150.130.51)
[15:40:03] *** Quits: d3m3vilur (~sid4654@id-4654.charlton.irccloud.com) (Read error: Connection reset by peer)
[15:40:19] *** Quits: refsw (~refsw@80.150.130.51) (Read error: Operation timed out)
[15:41:29] *** Joins: d3m3vilur (sid4654@charlton.irccloud.com)
[15:58:56] *** Quits: derk0pf_ (~derk0pf@dynamic-046-114-034-220.46.114.pool.telefonica.de) (Ping timeout: 272 seconds)
[16:04:32] *** Quits: Tcm0 (~Tcm0@p5dc458c0.dip0.t-ipconnect.de) (Ping timeout: 265 seconds)
[16:06:40] *** Joins: Tcm0 (~Tcm0@p5dc458c0.dip0.t-ipconnect.de)
[16:59:27] *** Joins: derk0pf (~derk0pf@ip5b413570.dynamic.kabel-deutschland.de)
[17:18:54] *** Joins: derk0pf_ (~derk0pf@dynamic-046-114-033-207.46.114.pool.telefonica.de)
[17:20:23] *** Quits: derk0pf (~derk0pf@ip5b413570.dynamic.kabel-deutschland.de) (Ping timeout: 265 seconds)
[17:37:53] *** Joins: derk0pf (~derk0pf@ip5b413570.dynamic.kabel-deutschland.de)
[17:38:08] *** Quits: derk0pf_ (~derk0pf@dynamic-046-114-033-207.46.114.pool.telefonica.de) (Read error: No route to host)
[18:28:33] *** Quits: derk0pf (~derk0pf@ip5b413570.dynamic.kabel-deutschland.de) (Read error: Operation timed out)
[18:45:30] *** Joins: derk0pf (~derk0pf@ip5b413570.dynamic.kabel-deutschland.de)
[18:54:33] *** Quits: derk0pf (~derk0pf@ip5b413570.dynamic.kabel-deutschland.de) (Ping timeout: 501 seconds)
[19:37:15] <plutobot> Wiki | Page changed: HID Shared Memory | User: Hexkyz | https://switchbrew.org/w/index.php?curid=83&diff=10187&oldid=10185
[20:06:18] *** Joins: derk0pf (~derk0pf@ip5b413570.dynamic.kabel-deutschland.de)
[20:36:10] *** Quits: m4ts- (~mats@s17612523583.blix.com) (Ping timeout: 265 seconds)
[20:36:13] *** Joins: m4ts_ (~mats@s176125235109.blix.com)
[21:17:12] *** Joins: Tcm0_ (~Tcm0@p5dc458c0.dip0.t-ipconnect.de)
[21:19:43] *** Quits: Tcm0 (~Tcm0@p5dc458c0.dip0.t-ipconnect.de) (Ping timeout: 265 seconds)
[21:46:07] *** Joins: refs (~refs@p200300dd87168c00cd302d8769dbff6a.dip0.t-ipconnect.de)
[22:13:15] *** Quits: mafcadio2 (~mafcadio@cpc158505-smal20-2-0-cust226.19-1.cable.virginm.net) (Ping timeout: 272 seconds)
[22:18:57] *** Joins: mafcadio2 (~mafcadio@cpc158505-smal20-2-0-cust226.19-1.cable.virginm.net)
[22:25:32] *** Quits: derk0pf (~derk0pf@ip5b413570.dynamic.kabel-deutschland.de) (Read error: Operation timed out)
[22:33:54] *** Joins: derk0pf (~derk0pf@ip5b413570.dynamic.kabel-deutschland.de)
[22:45:42] *** Quits: rajkosto (~rajkosto@cable-178-149-125-126.dynamic.sbb.rs) (Read error: Connection reset by peer)
[22:46:07] *** Joins: rajkosto (~rajkosto@cable-178-149-125-126.dynamic.sbb.rs)
[22:46:55] *** Quits: derk0pf (~derk0pf@ip5b413570.dynamic.kabel-deutschland.de) (Read error: Operation timed out)
[22:51:41] *** Joins: derk0pf (~derk0pf@ip5b413570.dynamic.kabel-deutschland.de)
[22:56:20] *** Quits: derk0pf (~derk0pf@ip5b413570.dynamic.kabel-deutschland.de) (Ping timeout: 265 seconds)
[23:08:35] *** Joins: derk0pf (~derk0pf@91.65.53.112)
[23:09:46] *** Quits: cpnc0ke (~ice@92-48-84-85.static.as29550.net) (Ping timeout: 501 seconds)
[23:15:20] *** Joins: cpnc0ke (~ice@92-48-84-85.static.as29550.net)
[23:16:57] *** Quits: derk0pf (~derk0pf@91.65.53.112) (Read error: Operation timed out)
[23:23:05] *** Quits: Mimoja (~Mimoja@mail.mimoja.de) (Quit: Ping timeout (120 seconds))
[23:23:25] *** Joins: Mimoja (~Mimoja@mail.mimoja.de)
[23:50:51] *** Quits: balrog (~balrog@pool-98-115-168-15.phlapa.fios.verizon.net) (Ping timeout: 501 seconds)
