[00:00:57] *** Joins: balrog (~balrog@pool-98-115-168-15.phlapa.fios.verizon.net)
[00:09:35] *** Quits: derrek (6sp9Vazf84@sirius.uberspace.de) (Quit: This should have not happened.)
[00:13:17] *** Quits: m4ts_ (~mats@s176125235109.blix.com) (Ping timeout: 265 seconds)
[00:13:30] *** Joins: dibas_ (~dibas@wild.uberspace.de)
[00:13:32] *** Joins: m4ts_ (~mats@176.125.235.109)
[00:21:23] *** Quits: dibas (~dibas@wild.uberspace.de) (Ping timeout: 745 seconds)
[00:21:23] *** dibas_ is now known as dibas
[00:25:34] *** Joins: derrek (x1di66qeSZ@sirius.uberspace.de)
[00:57:06] *** Joins: refsw2 (~refsw@80.150.130.51)
[00:59:43] *** Quits: refsw` (~refsw@80.150.130.51) (Read error: Connection reset by peer)
[00:59:43] *** Quits: derrek (x1di66qeSZ@sirius.uberspace.de) (Quit: This should have not happened.)
[00:59:43] *** Quits: dibas (~dibas@wild.uberspace.de) (Read error: Connection reset by peer)
[00:59:43] *** Joins: dibas (~dibas@wild.uberspace.de)
[01:01:08] *** Joins: derrek (VFDNBtfiG8@sirius.uberspace.de)
[01:07:58] *** Quits: Tcm0_ (~Tcm0@p5dc458c0.dip0.t-ipconnect.de) (Quit: Leaving)
[01:09:08] *** Joins: derk0pf (~derk0pf@ip5b413570.dynamic.kabel-deutschland.de)
[01:14:05] *** Quits: derk0pf (~derk0pf@ip5b413570.dynamic.kabel-deutschland.de) (Ping timeout: 265 seconds)
[02:03:02] *** Joins: TAL_ (~TAL@defiant.tlercher.de)
[02:05:34] *** Quits: rjeli____ (sid289321@id-289321.charlton.irccloud.com) (Read error: Connection reset by peer)
[02:05:34] *** Quits: SCV__ (sid226262@id-226262.charlton.irccloud.com) (Read error: Connection reset by peer)
[02:05:34] *** Quits: Phils3r (~Phil@2a02:c205:3000:2328::1) (Quit: ZNC - https://znc.in)
[02:05:34] *** Joins: rctgamer (~rctgamer3@2a00:f10:121:a00:4ba:60ff:fe00:196c)
[02:05:34] *** Joins: SCV__ (sid226262@id-226262.charlton.irccloud.com)
[02:05:34] *** Quits: rctgamer3 (~rctgamer3@2a00:f10:121:a00:4ba:60ff:fe00:196c) (Read error: Connection reset by peer)
[02:05:34] *** Joins: rjeli____ (sid289321@id-289321.charlton.irccloud.com)
[02:07:58] *** Joins: Phils3r (~Phil@2a02:c205:3000:2328::1)
[02:07:58] *** Joins: dibas_ (~dibas@wild.uberspace.de)
[02:07:58] *** Joins: uyjulian_ (~uyjulian@69-110-38-205.lightspeed.lbcktx.sbcglobal.net)
[02:08:15] *** Joins: ave_9 (~ave_@79.110.170.32)
[02:09:53] *** Quits: hexkyz (~hexkyz@ec2-18-179-123-169.ap-northeast-1.compute.amazonaws.com) (Ping timeout: 745 seconds)
[02:11:37] *** Joins: derrek_ (50mLVsYTbU@sirius.uberspace.de)
[02:15:45] *** Joins: hthh_ (~hthh@hh.ht)
[02:15:46] *** Quits: derrek (VFDNBtfiG8@sirius.uberspace.de) (Ping timeout: 745 seconds)
[02:15:46] *** Quits: uyjulian (~uyjulian@69-110-38-205.lightspeed.lbcktx.sbcglobal.net) (Ping timeout: 745 seconds)
[02:15:46] *** Quits: lemmy (lemmy@2600:3c00:e000:2e:0:dead:beef:6) (Remote host closed the connection)
[02:15:46] *** Quits: hthh (~hthh@hh.ht) (Ping timeout: 745 seconds)
[02:15:46] *** Quits: TAL (~TAL@defiant.tlercher.de) (Ping timeout: 745 seconds)
[02:15:46] *** Quits: dibas (~dibas@wild.uberspace.de) (Ping timeout: 745 seconds)
[02:15:46] *** Quits: ave_ (~ave_@79.110.170.32) (Ping timeout: 745 seconds)
[02:17:51] *** Joins: lemmy (lemmy@2600:3c00:e000:2e:0:dead:beef:6)
[02:19:54] *** Joins: Genolol (~fear@2a01:7e00::f03c:91ff:fe93:8d42)
[02:20:07] *** Quits: Genolo (~fear@151.236.216.141) (Read error: Connection timed out)
[02:20:36] *** Genolol is now known as Genolo
[02:21:10] *** Quits: nullstrin (~nullstrin@cermak.nullstring.io) (Read error: Operation timed out)
[02:23:53] *** Quits: uyjulian_ (~uyjulian@69-110-38-205.lightspeed.lbcktx.sbcglobal.net) (Ping timeout: 745 seconds)
[02:23:56] *** Quits: dibas_ (~dibas@wild.uberspace.de) (Read error: Connection reset by peer)
[02:23:59] *** Joins: dibas (~dibas@wild.uberspace.de)
[02:24:00] *** Joins: uyjulian (~uyjulian@69-110-38-205.lightspeed.lbcktx.sbcglobal.net)
[02:24:23] *** Joins: derrek (gL2mmrrzFF@sirius.uberspace.de)
[02:24:28] *** Quits: derrek_ (50mLVsYTbU@sirius.uberspace.de) (Ping timeout: 745 seconds)
[02:24:28] *** Quits: ave_9 (~ave_@79.110.170.32) (Ping timeout: 745 seconds)
[02:24:30] *** Joins: hexkyz (~hexkyz@ec2-18-179-123-169.ap-northeast-1.compute.amazonaws.com)
[02:24:55] *** Joins: nullstrin (~nullstrin@cermak.nullstring.io)
[02:25:03] *** Quits: hthh_ (~hthh@hh.ht) (Ping timeout: 745 seconds)
[02:27:47] *** Joins: hthh (~hthh@hh.ht)
[02:28:31] *** Joins: ave_ (~ave_@79.110.170.32)
[02:31:33] *** Quits: uyjulian (~uyjulian@69-110-38-205.lightspeed.lbcktx.sbcglobal.net) (Quit: ZNC - http://znc.in)
[02:31:49] *** Joins: uyjulian (~uyjulian@69-110-38-205.lightspeed.lbcktx.sbcglobal.net)
[02:43:22] *** Quits: refs (~refs@p200300dd87168c00cd302d8769dbff6a.dip0.t-ipconnect.de) (Quit: refs)
[02:43:38] *** Quits: IShaDoWl (~IShaDoWl@128.red-79-145-215.dynamicip.rima-tde.net) (Ping timeout: 265 seconds)
[02:44:19] *** Joins: IShaDoWl (~IShaDoWl@128.red-79-145-215.dynamicip.rima-tde.net)
[03:09:00] *** Quits: rajkosto (~rajkosto@cable-178-149-125-126.dynamic.sbb.rs) (Read error: Connection reset by peer)
[03:09:52] *** Joins: derk0pf (~derk0pf@ip5b413570.dynamic.kabel-deutschland.de)
[03:22:48] *** Quits: derk0pf (~derk0pf@ip5b413570.dynamic.kabel-deutschland.de) (Ping timeout: 745 seconds)
[04:36:21] <plutobot> Wiki | Page changed: Calibration | User: SciresM | https://switchbrew.org/w/index.php?curid=213&diff=10188&oldid=10183
[05:05:00] *** Quits: fgsfds (~figgis@93.123.144.171) (Read error: Connection reset by peer)
[05:05:22] *** Joins: fgsfds (~figgis@93.123.144.171)
[05:10:33] *** Joins: derk0pf (~derk0pf@ip5b413570.dynamic.kabel-deutschland.de)
[05:15:40] *** Quits: derk0pf (~derk0pf@ip5b413570.dynamic.kabel-deutschland.de) (Ping timeout: 272 seconds)
[05:43:04] *** Quits: lameboy (~lameboy@202-47-121-182.cust.dcsi.net.au) (Read error: Operation timed out)
[05:45:34] *** Joins: lameboy (~lameboy@202-47-121-182.cust.dcsi.net.au)
[05:57:26] *** Quits: fgsfds (~figgis@93.123.144.171) (Read error: Connection reset by peer)
[07:11:18] *** Joins: derk0pf (~derk0pf@ip5b413570.dynamic.kabel-deutschland.de)
[07:20:22] *** Quits: derk0pf (~derk0pf@ip5b413570.dynamic.kabel-deutschland.de) (Ping timeout: 501 seconds)
[07:31:09] *** Joins: uyjulian_ (~uyjulian@69-110-38-205.lightspeed.lbcktx.sbcglobal.net)
[07:31:09] *** Quits: uyjulian (~uyjulian@69-110-38-205.lightspeed.lbcktx.sbcglobal.net) (Read error: Connection reset by peer)
[07:31:13] *** uyjulian_ is now known as uyjulian
[07:55:50] *** TAL_ is now known as TAL
[08:30:16] *** Joins: derk0pf (~derk0pf@ip5b413570.dynamic.kabel-deutschland.de)
[09:01:31] *** Quits: derk0pf (~derk0pf@ip5b413570.dynamic.kabel-deutschland.de) (Read error: Operation timed out)
[09:18:03] *** Joins: derk0pf (~derk0pf@ip5b413570.dynamic.kabel-deutschland.de)
[09:57:42] <plutobot> Wiki | Page changed: NPDM | User: PixelyIon | https://switchbrew.org/w/index.php?curid=141&diff=10189&oldid=9918
[10:17:29] *** Quits: oldtopman (~oldtopman@75-166-211-85.hlrn.qwest.net) (Read error: Operation timed out)
[10:27:20] *** Joins: oldtopman (~oldtopman@70-59-20-47.hlrn.qwest.net)
[11:54:33] *** Quits: Surkow (~Surkow@84-104-14-64.cable.dynamic.v4.ziggo.nl) (Read error: Operation timed out)
[11:57:19] *** Joins: Surkow (~Surkow@84-104-14-64.cable.dynamic.v4.ziggo.nl)
[13:21:40] *** Joins: fgsfds (~figgis@93.123.144.171)
[13:34:57] *** Quits: Galaxy| (~galaxy@174-083-197-034.res.spectrum.com) (Quit: Quit.)
[13:41:15] *** Joins: Galaxy| (~galaxy@174-083-197-034.res.spectrum.com)
[13:54:29] *** Quits: uyjulian (~uyjulian@69-110-38-205.lightspeed.lbcktx.sbcglobal.net) (Quit: ZNC - http://znc.in)
[13:54:59] *** Joins: uyjulian (~uyjulian@69-110-38-205.lightspeed.lbcktx.sbcglobal.net)
[14:50:58] *** Joins: cpncok3 (~ice@92-48-84-85.static.as29550.net)
[15:03:05] *** Joins: rajkosto (~rajkosto@cable-178-149-125-126.dynamic.sbb.rs)
[15:40:22] *** Joins: foghorn (~meh@2600:1700:8af0:a950:7cff:cf25:5a81:6d54)
[15:48:49] *** Joins: Sentry- (~sentry@dslb-188-101-114-084.188.101.pools.vodafone-ip.de)
[15:50:08] *** Quits: Snetry (~sentry@dslb-188-101-114-084.188.101.pools.vodafone-ip.de) (Read error: Operation timed out)
[17:49:40] *** Quits: changO- (~Changolan@ip70-187-147-196.oc.oc.cox.net) (Read error: Connection reset by peer)
[17:52:47] *** Joins: changO- (~Changolan@ip70-187-147-196.oc.oc.cox.net)
[18:29:56] *** Joins: changoXPR (~Changolan@ip70-187-147-196.oc.oc.cox.net)
[18:32:13] *** Quits: changO- (~Changolan@ip70-187-147-196.oc.oc.cox.net) (Ping timeout: 501 seconds)
[18:32:13] *** changoXPR is now known as changO-
[19:20:05] *** Quits: lameboy (~lameboy@202-47-121-182.cust.dcsi.net.au) (Read error: Connection reset by peer)
[19:20:30] *** Joins: lameboy (~lameboy@202-47-121-182.cust.dcsi.net.au)
[19:26:40] *** Quits: rajkosto (~rajkosto@cable-178-149-125-126.dynamic.sbb.rs) (Read error: Connection reset by peer)
[19:56:59] *** Quits: IShaDoWl (~IShaDoWl@128.red-79-145-215.dynamicip.rima-tde.net) (Read error: Operation timed out)
[19:57:39] *** Joins: IShaDoWl (~IShaDoWl@25.red-79-150-215.dynamicip.rima-tde.net)
[20:39:32] *** Joins: rajkosto (~rajkosto@cable-178-149-125-126.dynamic.sbb.rs)
[21:30:27] *** Quits: changO- (~Changolan@ip70-187-147-196.oc.oc.cox.net) (Read error: Connection reset by peer)
[21:48:19] *** Joins: refs (~refs@p200300dd8717a6007dc4957bd51543d0.dip0.t-ipconnect.de)
[22:42:15] *** Quits: derk0pf (~derk0pf@ip5b413570.dynamic.kabel-deutschland.de) (Read error: Operation timed out)
[23:01:20] *** Joins: derk0pf (~derk0pf@ip5b413570.dynamic.kabel-deutschland.de)
[23:48:59] <plutobot> Wiki | Page changed: NPDM | User: SciresM | https://switchbrew.org/w/index.php?curid=141&diff=10190&oldid=10189
