[00:26:35] *** Joins: derk0pf_ (~derk0pf@ip5b413570.dynamic.kabel-deutschland.de)
[00:29:10] *** Quits: nullstrin (~nullstrin@cermak.nullstring.io) (Read error: Operation timed out)
[00:32:14] *** Quits: derk0pf (~derk0pf@ip5b413570.dynamic.kabel-deutschland.de) (Read error: Operation timed out)
[00:32:55] *** Joins: nullstrin (~nullstrin@cermak.nullstring.io)
[04:09:41] *** Quits: refs (~refs@p200300dd8717a6007dc4957bd51543d0.dip0.t-ipconnect.de) (Quit: refs)
[04:10:41] *** Quits: rajkosto (~rajkosto@cable-178-149-125-126.dynamic.sbb.rs) (Read error: Connection reset by peer)
[06:03:12] *** Quits: fgsfds (~figgis@93.123.144.171) (Leaving)
[07:14:11] *** Quits: ris2z (~2ri@static.200.38.9.176.clients.your-server.de) (Ping timeout: 186 seconds)
[07:23:51] *** Joins: ris2z (~2ri@static.200.38.9.176.clients.your-server.de)
[13:44:14] *** Quits: d3m3vilur (sid4654@charlton.irccloud.com) (Read error: Connection reset by peer)
[13:44:32] *** Joins: d3m3vilur (~sid4654@id-4654.charlton.irccloud.com)
[13:53:02] *** Quits: |Shadow| (~Shadow1@ip24-253-241-112.ok.ok.cox.net) ()
[14:01:43] *** Joins: |Shadow| (~Shadow1@ip24-253-241-112.ok.ok.cox.net)
[15:06:51] *** Quits: derk0pf_ (~derk0pf@ip5b413570.dynamic.kabel-deutschland.de) (Read error: Operation timed out)
[15:39:04] *** Joins: derk0pf (~derk0pf@ip5b413570.dynamic.kabel-deutschland.de)
[15:56:45] *** Quits: foghorn (~meh@2600:1700:8af0:a950:7cff:cf25:5a81:6d54) (Quit: Leaving)
[16:05:19] *** Joins: foghorn (~meh@2600:1700:8af0:a950:a55d:99ee:3295:c9f1)
[16:11:38] *** Quits: derk0pf (~derk0pf@ip5b413570.dynamic.kabel-deutschland.de) (Ping timeout: 268 seconds)
[16:52:51] *** Joins: derk0pf (~derk0pf@ip5b413570.dynamic.kabel-deutschland.de)
[17:05:33] *** Quits: derk0pf (~derk0pf@ip5b413570.dynamic.kabel-deutschland.de) (Ping timeout: 745 seconds)
[17:30:32] *** Joins: derk0pf (~derk0pf@ip5b413570.dynamic.kabel-deutschland.de)
[17:35:41] <plutobot> Wiki | Page changed: HID services | User: yls8 | https://switchbrew.org/w/index.php?curid=103&diff=10191&oldid=10186
[17:40:46] *** Joins: refs (~refs@p200300dd8733610014fb76588d7b4252.dip0.t-ipconnect.de)
[18:13:06] *** Joins: changO- (~Changolan@ip70-187-147-196.oc.oc.cox.net)
[20:07:55] *** Quits: IShaDoWl (~IShaDoWl@25.red-79-150-215.dynamicip.rima-tde.net) (Ping timeout: 604 seconds)
[20:08:16] *** Joins: IShaDoWl (~IShaDoWl@27.red-79-150-213.dynamicip.rima-tde.net)
[20:08:42] *** Quits: IShaDoWl (~IShaDoWl@27.red-79-150-213.dynamicip.rima-tde.net) (Client Quit)
[20:36:07] *** Quits: derk0pf (~derk0pf@ip5b413570.dynamic.kabel-deutschland.de) (Read error: Connection reset by peer)
[20:47:13] *** Joins: fgsfds (~figgis@93.123.144.171)
[23:07:15] *** Quits: des^ (~des@ip1f107a96.dynamic.kabel-deutschland.de) (Quit: The Lounge - https://thelounge.github.io)
[23:07:41] *** Joins: des^ (~des@ip1f107a96.dynamic.kabel-deutschland.de)
[23:15:58] *** Quits: changO- (~Changolan@ip70-187-147-196.oc.oc.cox.net) (Read error: Connection reset by peer)
[23:40:43] *** Joins: changO- (~Changolan@ip70-187-147-196.oc.oc.cox.net)
