[04:28:15] *** Quits fgsfds (Leaving)
[04:53:53] *** Joins anewuser
[05:09:56] *** Quits refs (Quit: refs)
[05:20:52] *** Joins changoXPR
[05:24:34] *** Quits anewuser (Remote host closed the connection)
[05:27:47] *** Quits changO- (Read error: Operation timed out)
[05:27:47] *** changoXPR is now known as changO-
[05:33:16] *** Joins ihaveamac
[05:47:56] *** Joins changoXPR
[05:49:17] *** Quits changO- (Ping timeout: 265 seconds)
[05:49:17] *** changoXPR is now known as changO-
[07:57:48] *** Quits ihaveamac (Quit: fail)
[07:58:36] *** Joins ihaveamac
[13:33:56] *** Joins refs
[15:34:47] *** Joins fgsfds
[15:58:08] *** Joins rajkosto
[15:59:11] <plutobot> Wiki | Page changed: Gamecard Format | User: Hiccup | https://switchbrew.org/w/index.php?curid=169&diff=10192&oldid=9887
[16:40:12] *** Joins Tcm0
[17:02:39] *** Quits rajkosto (Read error: Connection reset by peer)
[18:45:11] *** Joins rajkosto
[19:21:35] <plutobot> Wiki | Page changed: HID services | User: Hexkyz | https://switchbrew.org/w/index.php?curid=103&diff=10193&oldid=10191
[19:22:06] <plutobot> Wiki | Page changed: HID Shared Memory | User: Hexkyz | https://switchbrew.org/w/index.php?curid=83&diff=10194&oldid=10187
[19:24:49] <plutobot> Wiki | Page changed: HID services | User: Hexkyz | https://switchbrew.org/w/index.php?curid=103&diff=10195&oldid=10193
[19:25:22] *** Quits Tcm0 (Read error: Connection reset by peer)
[21:28:02] <plutobot> Wiki | Page changed: HID services | User: Hexkyz | https://switchbrew.org/w/index.php?curid=103&diff=10196&oldid=10195
[21:41:40] *** Joins m4ts-
[21:41:56] *** Quits m4ts_ (Ping timeout: 265 seconds)
[21:51:59] <plutobot> Wiki | Page changed: HID services | User: Hexkyz | https://switchbrew.org/w/index.php?curid=103&diff=10197&oldid=10196
[22:09:42] *** Quits changO- (Read error: Connection reset by peer)
[22:18:50] <plutobot> Wiki | Page changed: HID services | User: Hexkyz | https://switchbrew.org/w/index.php?curid=103&diff=10198&oldid=10197
[23:06:45] <plutobot> Wiki | Page changed: Homebrew Applications | User: Lachesis | https://switchbrew.org/w/index.php?curid=293&diff=10199&oldid=9917
[23:18:48] *** Joins changO-
