[02:23:38] *** Quits Galaxy| (Quit: Quit.)
[02:25:07] *** Joins Galaxy|
[02:48:48] <plutobot> Wiki | Page changed: HID services | User: yls8 | https://switchbrew.org/w/index.php?curid=103&diff=10200&oldid=10198
[03:18:02] <plutobot> Wiki | Page changed: HID services | User: yls8 | https://switchbrew.org/w/index.php?curid=103&diff=10201&oldid=10200
[03:18:43] <plutobot> Wiki | Page changed: HID services | User: yls8 | https://switchbrew.org/w/index.php?curid=103&diff=10202&oldid=10201
[03:19:34] <plutobot> Wiki | Page changed: HID services | User: yls8 | https://switchbrew.org/w/index.php?curid=103&diff=10203&oldid=10202
[03:20:25] <plutobot> Wiki | Page changed: HID services | User: yls8 | https://switchbrew.org/w/index.php?curid=103&diff=10204&oldid=10203
[03:31:33] *** Quits fgsfds (Read error: Connection reset by peer)
[04:12:48] *** Quits changO- (Read error: Connection reset by peer)
[04:22:08] *** Joins changO-
[04:35:19] *** Quits refs (Quit: refs)
[05:31:51] *** Quits rajkosto (Read error: Connection reset by peer)
[07:03:09] *** Quits rmaw (Read error: Operation timed out)
[07:07:04] *** Quits Retr0id (Read error: Connection reset by peer)
[07:07:38] *** Quits d3m3vilur (Read error: Operation timed out)
[07:07:39] *** Joins Retr0id2
[07:07:42] *** Retr0id2 is now known as Retr0id
[07:09:10] *** Quits Sentry- (Read error: Connection reset by peer)
[07:10:48] *** Joins rmaw
[07:13:11] *** Joins refsw3
[07:20:56] *** Quits blasty (Read error: Connection reset by peer)
[07:21:46] *** Joins blasty_
[07:23:07] *** Quits refsw2 (Read error: Operation timed out)
[07:23:26] *** Quits klanc (Read error: Connection reset by peer)
[07:24:18] *** Joins d3m3vilur
[07:24:31] *** Quits Retr0id (Read error: Operation timed out)
[07:24:52] *** Joins klanc
[07:30:47] *** Quits blasty_ (Read error: Connection reset by peer)
[07:34:39] *** Joins Retr0id
[07:34:42] *** Quits rmaw (Read error: Connection reset by peer)
[07:35:06] *** Joins blasty
[07:38:04] *** Joins Snetry
[07:45:34] *** Joins rmaw
[14:30:36] *** Joins fgsfds
[22:03:15] *** Joins refs
[22:06:25] *** Quits Phils3r (Quit: ZNC - https://znc.in)
[22:06:32] *** Joins Phils3r
