[00:55:14] *** Joins: dibas_
[00:55:14] *** Quits: dibas (Read error: Connection reset by peer)
[00:55:19] *** dibas_ is now known as dibas
[01:01:39] *** Joins: dibas_
[01:01:39] *** Quits: dibas (Read error: Connection reset by peer)
[01:01:43] *** dibas_ is now known as dibas
[01:08:03] *** Joins: dibas_
[01:08:03] *** Quits: dibas (Read error: Connection reset by peer)
[01:08:08] *** dibas_ is now known as dibas
[01:14:28] *** Joins: dibas_
[01:14:29] *** Quits: dibas (Read error: Connection reset by peer)
[01:14:33] *** dibas_ is now known as dibas
[01:18:27] *** Joins: dibas_
[01:18:27] *** Quits: dibas (Read error: Connection reset by peer)
[01:18:32] *** dibas_ is now known as dibas
[01:22:16] *** Joins: dibas_
[01:22:16] *** Quits: dibas (Read error: Connection reset by peer)
[01:22:20] *** dibas_ is now known as dibas
[01:26:44] *** Joins: dibas_
[01:26:44] *** Quits: dibas (Read error: Connection reset by peer)
[01:26:48] *** dibas_ is now known as dibas
[01:33:08] *** Joins: dibas_
[01:33:08] *** Quits: dibas (Read error: Connection reset by peer)
[01:33:13] *** dibas_ is now known as dibas
[01:39:34] *** Joins: dibas_
[01:39:35] *** Quits: dibas (Read error: Connection reset by peer)
[01:39:40] *** dibas_ is now known as dibas
[01:46:15] *** Quits: dibas (Read error: Connection reset by peer)
[01:47:03] *** Joins: dibas
[01:52:58] *** Joins: dibas_
[01:53:02] *** Quits: dibas (Read error: Connection reset by peer)
[01:53:06] *** dibas_ is now known as dibas
[01:59:23] *** Joins: dibas_
[01:59:28] *** Quits: dibas (Read error: Connection reset by peer)
[01:59:32] *** dibas_ is now known as dibas
[02:05:49] *** Joins: dibas_
[02:05:52] *** Quits: dibas (Read error: Connection reset by peer)
[02:05:55] *** dibas_ is now known as dibas
[02:12:13] *** Joins: dibas_
[02:12:16] *** Quits: dibas (Read error: Connection reset by peer)
[02:12:20] *** dibas_ is now known as dibas
[02:18:39] *** Joins: dibas_
[02:18:43] *** Quits: dibas (Read error: Connection reset by peer)
[02:18:47] *** dibas_ is now known as dibas
[02:25:03] *** Joins: dibas_
[02:25:05] *** Quits: dibas (Read error: Connection reset by peer)
[02:25:10] *** dibas_ is now known as dibas
[02:31:28] *** Joins: dibas_
[02:31:35] *** Quits: dibas (Read error: Connection reset by peer)
[02:31:35] *** dibas_ is now known as dibas
[02:37:53] *** Joins: dibas_
[02:37:56] *** Quits: dibas (Read error: Connection reset by peer)
[02:37:59] *** dibas_ is now known as dibas
[02:44:18] *** Joins: dibas_
[02:44:22] *** Quits: dibas (Read error: Connection reset by peer)
[02:44:27] *** dibas_ is now known as dibas
[02:50:43] *** Joins: dibas_
[02:50:47] *** Quits: dibas (Read error: Connection reset by peer)
[02:50:52] *** dibas_ is now known as dibas
[02:57:09] *** Joins: dibas_
[02:57:14] *** Quits: dibas (Read error: Connection reset by peer)
[02:57:17] *** dibas_ is now known as dibas
[03:03:34] *** Joins: dibas_
[03:03:36] *** Quits: dibas (Read error: Connection reset by peer)
[03:03:40] *** dibas_ is now known as dibas
[03:09:59] *** Joins: dibas_
[03:10:02] *** Quits: dibas (Read error: Connection reset by peer)
[03:10:06] *** dibas_ is now known as dibas
[03:16:40] *** Quits: dibas (Read error: Connection reset by peer)
[03:16:51] *** Joins: Snetry
[03:17:57] *** Joins: dibas
[03:18:00] *** Quits: Sentry (Read error: Operation timed out)
[03:18:00] *** Snetry is now known as Sentry
[03:23:23] *** Joins: dibas_
[03:23:26] *** Quits: dibas (Read error: Connection reset by peer)
[03:23:30] *** dibas_ is now known as dibas
[03:29:49] *** Joins: dibas_
[03:29:52] *** Quits: dibas (Read error: Connection reset by peer)
[03:29:55] *** dibas_ is now known as dibas
[03:36:30] *** Quits: dibas (Read error: Connection reset by peer)
[03:37:48] *** Joins: dibas
[03:43:13] *** Joins: dibas_
[03:43:18] *** Quits: dibas (Read error: Connection reset by peer)
[03:43:18] *** dibas_ is now known as dibas
[03:49:55] *** Quits: dibas (Read error: Connection reset by peer)
[03:50:42] *** Joins: dibas
[03:56:38] *** Joins: dibas_
[03:56:40] *** Quits: dibas (Read error: Connection reset by peer)
[03:56:43] *** dibas_ is now known as dibas
[04:01:57] *** Joins: dibas_
[04:02:01] *** Quits: dibas (Read error: Connection reset by peer)
[04:02:06] *** dibas_ is now known as dibas
[04:05:20] *** Joins: oreo639
[04:08:49] *** Quits: averne (quit)
[04:09:33] *** Joins: averne
[04:09:38] *** Server sets mode: +stn 
[05:04:54] *** Quits: oreo639 (Read error: Operation timed out)
[05:44:27] *** Joins: oreo639
[07:52:08] *** Quits: Extrems (Read error: Operation timed out)
[07:52:11] *** Joins: Extrems
[09:52:29] *** Quits: oreo639 (Read error: Operation timed out)
[10:55:40] *** Quits: nohit____ (Read error: Connection reset by peer)
[11:03:26] *** Quits: lemmy (Ping timeout: 612 seconds)
[11:30:39] *** Joins: nohit____
[12:11:16] *** Joins: lemmy
[14:58:18] *** Joins: fgsfds
[20:28:39] *** Joins: oreo639
[21:17:37] *** Quits: oreo639 (Quit: Quit)
[21:18:02] *** Joins: oreo639
[21:18:32] *** Quits: oreo639 (Remote host closed the connection)
[21:19:09] *** Joins: oreo639
[22:08:05] *** Quits: Surkow (Read error: Operation timed out)
[22:12:04] *** Joins: Surkow
