[00:14:31] *** Joins: oreo639_
[00:18:32] *** Quits: oreo639 (Read error: Operation timed out)
[00:26:16] *** Quits: oreo639_ (Read error: Operation timed out)
[00:27:12] *** Joins: oreo639
[03:13:22] *** Joins: Snetry
[03:15:00] *** Quits: Sentry (Read error: Connection refused)
[03:15:00] *** Snetry is now known as Sentry
[03:51:18] *** Joins: Snetry
[03:52:38] *** Quits: Sentry (Read error: Connection refused)
[03:52:39] *** Snetry is now known as Sentry
[05:14:56] *** Quits: fgsfds (Read error: Connection reset by peer)
[10:28:44] *** Quits: oreo639 (Ping timeout: 612 seconds)
[10:36:58] *** Joins: oreo639
[11:40:07] *** Quits: oreo639 (Quit)
[11:40:28] *** Joins: oreo639
[13:18:31] *** Joins: refs
[13:57:00] *** Joins: n87
[14:06:00] *** Quits: n87 (Quit: Leaving)
[14:26:52] *** Quits: oreo639 (Read error: Operation timed out)
[14:35:38] *** Joins: fgsfds
[14:58:45] *** Joins: oreo639
[15:16:45] *** Quits: oreo639 (Ping timeout: 745 seconds)
[18:18:10] *** Quits: m4ts (Ping timeout: 265 seconds)
[18:18:20] *** Joins: m4ts
[20:58:44] *** Quits: flotwig (Read error: Operation timed out)
[21:00:51] *** Joins: flotwig
