[00:00:12] *** Joins: oreo639
[00:13:25] *** Quits: oreo639 (Remote host closed the connection)
[00:13:51] *** Joins: oreo639
[00:19:14] *** Quits: oreo639 (Remote host closed the connection)
[00:19:40] *** Joins: oreo639
[00:38:39] *** Quits: oreo639 (Remote host closed the connection)
[00:39:05] *** Joins: oreo639
[00:47:51] *** Quits: fgsfds (Read error: Connection reset by peer)
[00:49:23] *** Quits: oreo639 (Quit: Quit)
[00:49:36] *** Joins: oreo639
[02:53:31] *** Quits: |Shadow| ()
[02:56:03] *** Joins: |Shadow|
[03:49:48] *** Quits: GerbilSof (Windows must now restart because the Remote Procedure Call (RPC) service terminated unexpectedly.)
[03:50:07] *** Joins: GerbilSof
[03:51:07] *** Quits: Sentry (Read error: Connection refused)
[03:51:13] *** Joins: Sentry
[03:57:05] *** Joins: dibas_
[03:57:06] *** Quits: dibas (Read error: Connection reset by peer)
[03:57:10] *** dibas_ is now known as dibas
[04:03:33] *** Joins: dibas_
[04:03:33] *** Quits: dibas (Read error: Connection reset by peer)
[04:03:38] *** dibas_ is now known as dibas
[04:10:15] *** Quits: dibas (Read error: Connection reset by peer)
[04:11:02] *** Joins: dibas
[04:17:32] *** Joins: dibas_
[04:17:32] *** Quits: dibas (Read error: Connection reset by peer)
[04:17:36] *** dibas_ is now known as dibas
[04:24:15] *** Quits: dibas (Read error: Connection reset by peer)
[04:25:03] *** Joins: dibas
[04:31:34] *** Joins: dibas_
[04:31:34] *** Quits: dibas (Read error: Connection reset by peer)
[04:31:39] *** dibas_ is now known as dibas
[04:38:15] *** Quits: dibas (Read error: Connection reset by peer)
[04:39:03] *** Joins: dibas
[04:45:30] *** Joins: dibas_
[04:45:30] *** Quits: dibas (Read error: Connection reset by peer)
[04:45:34] *** dibas_ is now known as dibas
[04:51:58] *** Joins: dibas_
[04:51:58] *** Quits: dibas (Read error: Connection reset by peer)
[04:52:03] *** dibas_ is now known as dibas
[04:58:22] *** Joins: dibas_
[04:58:22] *** Quits: dibas (Read error: Connection reset by peer)
[04:58:27] *** dibas_ is now known as dibas
[05:03:01] *** Joins: dibas_
[05:03:01] *** Quits: dibas (Read error: Connection reset by peer)
[05:03:06] *** dibas_ is now known as dibas
[05:04:27] *** Quits: refs (Quit: refs)
[05:09:28] *** Joins: dibas_
[05:09:28] *** Quits: dibas (Read error: Connection reset by peer)
[05:09:33] *** dibas_ is now known as dibas
[05:16:10] *** Quits: dibas (Read error: Connection reset by peer)
[05:17:28] *** Joins: dibas
[05:22:54] *** Joins: dibas_
[05:22:54] *** Quits: dibas (Read error: Connection reset by peer)
[05:23:00] *** dibas_ is now known as dibas
[05:29:18] *** Joins: dibas_
[05:29:18] *** Quits: dibas (Read error: Connection reset by peer)
[05:29:22] *** dibas_ is now known as dibas
[05:36:00] *** Quits: dibas (Read error: Connection reset by peer)
[05:37:17] *** Joins: dibas
[05:42:06] *** Joins: dibas_
[05:42:06] *** Quits: dibas (Read error: Connection reset by peer)
[05:42:10] *** dibas_ is now known as dibas
[05:48:33] *** Joins: dibas_
[05:48:33] *** Quits: dibas (Read error: Connection reset by peer)
[05:48:38] *** dibas_ is now known as dibas
[05:55:15] *** Quits: dibas (Read error: Connection reset by peer)
[05:56:56] *** Joins: dibas_
[05:57:02] *** dibas_ is now known as dibas
[06:02:53] *** Quits: GerbilSof (Quit: Windows must now restart because the Remote Procedure Call (RPC) service terminated unexpectedly.)
[06:31:51] *** Joins: GerbilSof
[11:28:54] *** Quits: oreo639 (Read error: Operation timed out)
[12:53:48] *** Quits: |Shadow| ()
[12:56:46] *** Joins: |Shadow|
[13:25:03] *** Joins: refs
[13:37:22] *** Quits: m4ts (Excess Flood)
[13:38:48] *** Joins: m4ts
[16:41:53] *** Joins: m4ts_
[16:42:19] *** Quits: m4ts (Ping timeout: 265 seconds)
[17:13:45] *** Joins: Whovian9-
[17:20:45] *** Quits: Whovian93 (Read error: Connection timed out)
[17:28:41] *** Joins: fgsfds
[17:35:59] *** Joins: oreo639
[18:45:19] *** Joins: n87
[20:49:41] *** Quits: oreo639 (Read error: Operation timed out)
[21:21:40] *** Quits: refs (Quit: refs)
[21:35:17] *** Joins: oreo639
[22:10:29] *** Quits: n87 (Read error: Connection reset by peer)
[22:52:07] *** Quits: oreo639 (Read error: Operation timed out)
