[00:06:13] *** Joins: refs
[00:32:26] *** Joins: oreo639
[00:44:40] *** Quits: oreo639 (Ping timeout: 493 seconds)
[01:31:29] *** Quits: fgsfds (Read error: Connection reset by peer)
[01:56:38] *** Joins: oreo639
[03:09:20] *** Quits: oreo639 (Read error: Operation timed out)
[03:49:05] *** Joins: Snetry
[03:50:25] *** Quits: Sentry (Read error: Connection refused)
[03:50:25] *** Snetry is now known as Sentry
[04:49:50] *** Quits: refs (Quit: refs)
[04:56:20] *** Quits: |Shadow| ()
[05:00:29] *** Joins: |Shadow|
[08:02:47] *** Joins: oreo639
[11:09:52] *** Joins: oreo639_
[11:09:52] *** Quits: oreo639 (Read error: Connection reset by peer)
[12:06:46] *** Joins: fgsfds
[12:38:08] *** Quits: m4ts_ (Excess Flood)
[12:38:34] *** Joins: m4ts
[13:28:12] *** Quits: oldtopman (Remote host closed the connection)
[14:01:25] *** Quits: oreo639_ (Ping timeout: 745 seconds)
[14:53:48] *** Quits: fgsfds (Quit: Leaving)
[18:39:45] *** Joins: oldtopman
[19:22:54] *** Joins: oreo639
[19:27:44] *** Quits: ris2z (Ping timeout: 186 seconds)
[20:06:19] *** Joins: n87
[20:45:35] *** Joins: ris2z
[20:55:11] *** Joins: m4ts_
[20:55:55] *** Quits: m4ts (Ping timeout: 265 seconds)
[22:03:35] *** Quits: n87 (Read error: Connection reset by peer)
[22:04:47] *** Joins: refs
[22:11:09] *** Quits: oreo639 (Ping timeout: 240 seconds)
[23:17:51] *** Joins: oreo639
