[00:52:44] *** Quits: oreo639 (Ping timeout: 612 seconds)
[00:57:59] *** Joins: oreo639
[00:58:52] *** Quits: oreo639 (Client Quit)
[01:37:45] *** Quits: averne (quit)
[01:40:05] *** Joins: averne
[01:40:05] *** Server sets mode: +stn 
[01:49:17] *** Quits: Maylay (Ping timeout: 612 seconds)
[01:59:43] *** Joins: Maylay
[02:44:31] *** Quits: refs (Quit: refs)
[03:50:26] *** Joins: Snetry
[03:51:46] *** Quits: Sentry (Read error: Operation timed out)
[03:51:46] *** Snetry is now known as Sentry
[03:52:22] *** Joins: oreo639
[04:38:46] *** Quits: xperia64 (Read error: Operation timed out)
[04:48:38] *** Quits: Extrems (ZNC 1.7.5 - https://znc.in)
[04:48:42] *** Joins: Extrems
[05:06:28] *** Quits: Surkow (Read error: Operation timed out)
[05:10:50] *** Joins: Surkow
[06:38:41] *** Quits: Surkow (Read error: Operation timed out)
[06:39:15] *** Joins: Surkow
[06:43:28] *** Joins: xperia64
[08:12:18] *** Quits: zombie343 ()
[11:25:40] *** Quits: oreo639 (Read error: Operation timed out)
[12:35:35] *** Quits: m4ts_ (Excess Flood)
[12:36:56] *** Joins: m4ts
[14:22:22] *** Quits: Surkow (Read error: Operation timed out)
[14:22:54] *** Joins: Surkow
[14:26:26] *** Quits: oldtopman (Remote host closed the connection)
[14:56:44] *** Joins: fgsfds
[16:05:46] *** Joins: oldtopman
[17:29:18] *** Joins: n87
[19:01:46] *** Joins: oreo639
[19:52:57] *** Quits: oreo639 (Ping timeout: 260 seconds)
[19:54:05] *** Joins: oreo639
[20:34:34] *** Quits: oreo639 (Read error: Operation timed out)
[21:26:43] *** Joins: oreo639
[22:09:59] *** Joins: refs
[22:33:55] *** Quits: n87 (Read error: Connection reset by peer)
[22:55:24] *** Quits: oreo639 (Ping timeout: 493 seconds)
[23:18:50] *** Quits: m4ts (Ping timeout: 265 seconds)
[23:19:21] *** Joins: m4ts
