[00:33:46] *** Quits: fgsfds (Read error: Connection reset by peer)
[00:37:53] *** Joins: oreo639
[02:41:13] *** Quits: refs (Quit: refs)
[03:35:37] *** Quits: oreo639 (Ping timeout: 493 seconds)
[03:47:20] *** Joins: Snetry
[03:48:32] *** Quits: Sentry (Read error: Connection refused)
[03:48:33] *** Snetry is now known as Sentry
[06:12:31] *** Joins: oreo639
[06:41:32] *** Quits: Surkow (Read error: Operation timed out)
[06:42:06] *** Joins: Surkow
[07:19:23] *** Quits: |Shadow| ()
[07:23:27] *** Joins: |Shadow|
[07:50:11] *** Quits: |Shadow| ()
[07:52:22] *** Joins: |Shadow|
[11:16:57] *** Quits: oreo639 (Ping timeout: 260 seconds)
[11:57:39] *** Quits: |Shadow| ()
[12:00:51] *** Joins: lameboy2
[12:03:28] *** Quits: lameboy (Ping timeout: 265 seconds)
[12:03:32] *** lameboy2 is now known as lameboy
[12:03:59] *** Joins: |Shadow|
[13:11:22] *** Quits: ris2z (Excess Flood)
[13:13:44] *** Joins: ris2z
[13:29:10] *** Quits: m4ts (Excess Flood)
[13:32:08] *** Joins: m4ts
[15:09:43] *** Quits: m4ts (Excess Flood)
[15:13:05] *** Joins: m4ts
[15:47:55] *** Quits: Surkow (Read error: Operation timed out)
[15:48:28] *** Joins: Surkow
[15:55:13] *** Quits: Surkow (Read error: Operation timed out)
[16:05:55] *** Joins: Surkow
[16:14:16] *** Quits: Surkow (Read error: Operation timed out)
[16:26:51] *** Joins: Surkow
[17:27:45] *** Quits: m4ts (Excess Flood)
[17:28:11] *** Joins: m4ts
[17:49:52] *** Joins: fgsfds
[18:06:41] *** Joins: oreo639
[18:23:38] *** Quits: oreo639 (Quit: Quit)
[18:23:59] *** Joins: oreo639
[19:55:26] <plutobot> GitHub | New commit | User: averne | https://github.com/switchbrew/libnx/commit/1a05cb20a2
[19:55:27] <plutobot> GitHub | New commit | User: averne | https://github.com/switchbrew/libnx/commit/97fef5e48d
[21:23:27] <plutobot> GitHub | New commit | User: yellows | https://github.com/switchbrew/libnx/commit/328d041c5c
[21:59:34] *** Joins: refs
[22:46:47] *** Quits: oreo639 (Ping timeout: 612 seconds)
[22:55:10] *** Quits: GerbilSof (irc.efnet.nl irc.mzima.net)
[22:55:10] *** Quits: Mimoja80 (irc.efnet.nl irc.mzima.net)
[22:55:10] *** Quits: ihaveamac (irc.efnet.nl irc.mzima.net)
[22:55:10] *** Quits: flagrama_ (irc.efnet.nl irc.mzima.net)
[22:59:38] *** Joins: GerbilSof
[22:59:38] *** Joins: Mimoja80
[22:59:38] *** Joins: ihaveamac
[22:59:38] *** Joins: flagrama_
[23:35:39] *** Joins: oreo639
