[01:41:31] *** Quits: |Shadow| (Read error: Connection reset by peer)
[01:41:49] *** Joins: |Shadow|
[01:55:17] *** Quits: oreo639 (Ping timeout: 612 seconds)
[02:18:13] *** Quits: fgsfds (Read error: Connection reset by peer)
[02:45:32] *** Quits: refs (Quit: refs)
[03:47:12] *** Joins: Snetry
[03:48:32] *** Quits: Sentry (Read error: Operation timed out)
[03:48:32] *** Snetry is now known as Sentry
[05:13:42] *** Joins: oreo639
[09:38:26] *** Quits: oreo639 (Read error: Operation timed out)
[11:01:16] *** Joins: dibas_
[11:01:16] *** Quits: dibas (Read error: Connection reset by peer)
[11:08:39] *** Joins: dibas
[11:08:39] *** Quits: dibas_ (Read error: Connection reset by peer)
[11:15:21] *** Quits: dibas (Read error: Connection reset by peer)
[11:17:27] *** Joins: dibas_
[11:17:34] *** dibas_ is now known as dibas
[12:42:41] *** Quits: oldtopman (Remote host closed the connection)
[15:29:40] *** Quits: m4ts (Excess Flood)
[15:31:15] *** Joins: m4ts
[20:38:03] *** Quits: averne (quit)
[20:39:44] *** Joins: averne
[20:39:44] *** Server sets mode: +stn 
[20:46:19] *** Joins: oldtopman
[22:12:32] *** Joins: fgsfds
