[02:13:18] *** Joins: oreo639
[02:16:53] *** Quits: oldtopman (Ping timeout: 265 seconds)
[02:45:38] *** Joins: oldtopman
[02:54:14] *** Quits: fgsfds (Read error: Connection reset by peer)
[03:46:46] *** Quits: Sentry (Read error: Operation timed out)
[03:47:38] *** Joins: Sentry
[08:52:51] *** Joins: m4ts_
[08:55:09] *** Quits: m4ts (Ping timeout: 265 seconds)
[11:11:06] *** Joins: Tcm0
[11:31:56] *** Joins: zini-
[11:31:56] *** Quits: zini (Read error: Connection reset by peer)
[11:41:00] *** Joins: n87
[11:50:47] *** Quits: Surkow (Remote host closed the connection)
[12:04:13] *** Joins: Surkow
[12:10:50] *** Quits: oreo639 (Read error: Operation timed out)
[13:23:55] *** Joins: fgsfds
[14:00:19] *** Joins: refs
[15:02:27] *** Quits: n87 (Read error: Connection reset by peer)
[17:21:22] *** Joins: n87
[18:01:25] *** Quits: Lightswor (Read error: Connection reset by peer)
[18:01:58] *** Joins: Lightswor
[19:06:59] *** Quits: Lightswor (Read error: Connection reset by peer)
[19:08:37] *** Joins: Lightswor
[23:05:20] *** Joins: oreo639
[23:18:55] *** Quits: n87 (Read error: Connection reset by peer)
