[00:22:02] *** Quits: Tcm0 (Leaving)
[00:29:09] *** Quits: oreo639 (Ping timeout: 260 seconds)
[01:02:59] *** Quits: fgsfds (Read error: Connection reset by peer)
[01:11:20] *** Joins: oreo639
[05:51:02] *** Quits: refs (Quit: refs)
[08:03:00] *** Quits: balrog (Read error: Operation timed out)
[08:11:08] *** Joins: balrog
[10:10:08] *** Quits: |Shadow| ()
[10:12:44] *** Joins: |Shadow|
[10:34:00] *** Quits: |Shadow| ()
[10:36:26] *** Joins: |Shadow|
[10:39:54] *** Quits: |Shadow| (Client Quit)
[10:42:02] *** Joins: |Shadow|
[10:59:04] *** Quits: |Shadow| ()
[11:01:09] *** Joins: |Shadow|
[12:10:04] *** Joins: fgsfds
[12:16:39] *** Quits: oreo639 (Read error: Operation timed out)
[14:11:25] *** Joins: refs
[15:48:43] *** Quits: Mimoja80 (Quit: The Lounge - https://thelounge.github.io)
[17:00:25] *** Joins: n87
[20:07:26] *** Joins: oreo639
[22:03:14] *** Quits: n87 (Read error: Connection reset by peer)
