[00:54:07] *** Joins: oreo639
[02:32:14] *** Quits: refs (Quit: refs)
[02:32:42] *** Quits: fgsfds (Read error: Connection reset by peer)
[03:02:53] *** Quits: oreo639 (Read error: Operation timed out)
[03:32:12] *** Joins: Snetry
[03:33:31] *** Quits: Sentry (Read error: Operation timed out)
[03:33:31] *** Snetry is now known as Sentry
[04:43:14] *** Quits: Sentry (Read error: Operation timed out)
[04:43:46] *** Joins: Sentry
[04:51:18] *** Joins: Snetry
[04:52:37] *** Quits: Sentry (Read error: Connection refused)
[04:52:37] *** Snetry is now known as Sentry
[04:56:15] *** Joins: oreo639
[07:08:00] *** Quits: ris2z (Ping timeout: 186 seconds)
[07:10:00] *** Joins: ris2z
[10:08:26] *** Quits: oreo639 (Ping timeout: 612 seconds)
[10:49:45] *** Quits: flotwig (Quit: ZNC - http://znc.in)
[10:58:00] *** Quits: dibas (Remote host closed the connection)
[10:58:06] *** Joins: dibas
[14:29:43] *** Quits: xperia64 (hub.efnet.us irc.colosolutions.net)
[14:37:51] *** Joins: xperia64
[15:54:41] *** Quits: jsa_ (Quit: No Ping reply in 180 seconds.)
[15:55:52] *** Joins: thejsa
[16:31:04] *** Joins: flotwig
[17:10:06] *** Joins: n87
[17:49:44] *** Joins: fgsfds
[18:39:11] *** Quits: Extrems (Read error: Operation timed out)
[18:40:18] *** Joins: Extrems
[19:26:50] *** Joins: m4ts
[19:28:32] *** Quits: m4ts_ (Ping timeout: 265 seconds)
[20:14:51] *** Joins: Snetry
[20:16:58] *** Quits: Sentry (Read error: Operation timed out)
[20:16:59] *** Snetry is now known as Sentry
[20:58:32] *** Joins: oreo639
[21:36:40] *** Joins: refs
[22:27:41] *** Quits: oreo639 (Ping timeout: 745 seconds)
[23:02:34] *** Quits: n87 (Read error: Connection reset by peer)
[23:39:38] *** Joins: oreo639
