[01:02:16] *** Quits: oreo639 (Ping timeout: 745 seconds)
[01:19:59] *** Joins: oreo639
[01:40:29] *** Quits: oreo639 (Ping timeout: 612 seconds)
[02:19:11] *** Quits: fgsfds (Read error: Connection reset by peer)
[02:46:22] *** Joins: oreo639
[02:47:26] *** Quits: refs (Quit: refs)
[03:13:10] *** Joins: Snetry
[03:14:30] *** Quits: Sentry (Read error: Connection refused)
[03:14:30] *** Snetry is now known as Sentry
[04:01:20] *** Quits: ris2z (Ping timeout: 186 seconds)
[04:29:33] *** Quits: oreo639 (Quit: Quit)
[04:30:14] *** Joins: oreo639
[05:29:48] *** Quits: oreo639 (Remote host closed the connection)
[05:30:29] *** Joins: oreo639
[08:31:02] *** Quits: |Shadow| ()
[08:35:51] *** Joins: |Shadow|
[09:00:37] *** Quits: IShaDoWl (Ping timeout: 493 seconds)
[12:26:52] *** Quits: oreo639 (Read error: Operation timed out)
[12:52:53] *** Joins: fgsfds
[13:27:31] *** Quits: m4ts (Excess Flood)
[13:27:54] *** Joins: m4ts
[18:02:08] *** Quits: GeekShad1 (Read error: Operation timed out)
[18:04:09] *** Joins: GeekShado
[20:40:59] *** Joins: n87
