[00:07:25] *** Quits: averne (quit)
[00:09:39] *** Joins: averne_
[00:09:39] *** Server sets mode: +stn 
[00:10:11] *** Quits: refsw (Read error: Operation timed out)
[00:12:44] *** Quits: lex (Read error: Operation timed out)
[00:14:09] *** Quits: Snetry (Read error: Operation timed out)
[00:14:52] *** Quits: phigcloud (Ping timeout: 857 seconds)
[00:15:47] *** Quits: averne (Read error: Operation timed out)
[00:15:47] *** averne_ is now known as averne
[00:25:39] *** Quits: blasty (Read error: Connection reset by peer)
[00:34:24] *** Joins: lex
[00:36:00] *** Joins: Snetry
[00:36:20] *** Quits: rmaw (Ping timeout: 857 seconds)
[00:39:14] *** Joins: rmaw
[00:39:38] *** Joins: phigcloud
[00:42:45] *** Joins: blasty
[00:47:31] *** Quits: |Shadow| (ircd.choopa.net irc.Prison.NET)
[01:02:15] *** Quits: Tcm0 (Leaving)
[01:28:36] *** Joins: |Shadow|
[02:08:07] *** Quits: rmaw (Read error: Operation timed out)
[02:09:35] *** Quits: phigcloud (Read error: Operation timed out)
[02:09:46] *** Quits: blasty (Read error: Connection reset by peer)
[02:11:59] *** Quits: Snetry (Read error: Connection reset by peer)
[02:27:52] *** Quits: lex (Read error: Operation timed out)
[02:29:43] *** Quits: |Shadow| ()
[02:30:06] *** Joins: |Shadow|
[02:30:07] *** Joins: blasty
[02:30:08] *** Joins: Snetry
[02:30:27] *** Joins: phigcloud
[02:30:47] *** Joins: lex
[02:42:10] *** Joins: rmaw
[03:12:52] *** Quits: averne (quit)
[03:15:13] *** Joins: averne
[03:15:13] *** Server sets mode: +stn 
[03:28:02] *** Joins: RaYmAn_
[03:28:02] *** Quits: RaYmAn (Read error: Connection reset by peer)
[03:29:11] *** Quits: tpw_rules (Read error: Operation timed out)
[03:29:22] *** Quits: mtheall (Read error: Operation timed out)
[03:29:35] *** Joins: mtheall
[03:29:42] *** Quits: giglife (Read error: Operation timed out)
[03:30:26] *** Joins: figgis_
[03:31:29] *** Joins: tpw_rules
[03:34:07] *** Quits: RaYmAn_ (Remote host closed the connection)
[03:34:21] *** Joins: giglife
[03:35:31] *** Quits: fgsfds (Read error: Operation timed out)
[03:46:49] *** Quits: d3m3vilur (Read error: Operation timed out)
[03:47:12] *** Quits: phigcloud (Read error: Operation timed out)
[03:49:02] *** Quits: Snetry (Read error: Operation timed out)
[03:50:35] *** Joins: Snetry
[03:53:14] *** Joins: d3m3vilur
[03:53:58] *** Quits: blasty (Read error: Connection reset by peer)
[03:55:14] *** Joins: blasty_
[03:59:15] *** Joins: phigcloud
[03:59:30] *** Quits: Snetry (Read error: Connection reset by peer)
[04:00:12] *** Quits: blasty_ (Remote host closed the connection)
[04:01:40] *** Quits: d3m3vilur (Read error: Connection reset by peer)
[04:07:55] *** Joins: Snetry
[04:08:19] *** Joins: d3m3vilur
[04:27:51] *** Joins: blasty
[06:06:44] *** Quits: GerbilS5 (Quit: Windows must now restart because the Remote Procedure Call (RPC) service terminated unexpectedly.)
[06:08:23] *** Joins: GerbilSof
[06:14:20] *** Quits: GerbilSof (Windows must now restart because the Remote Procedure Call (RPC) service terminated unexpectedly.)
[06:24:38] *** Joins: GerbilSof
[06:29:29] *** Joins: RaYmAn
[06:48:04] *** Quits: figgis_ (Quit: Leaving)
[09:04:44] *** Joins: n87
[09:10:27] *** Joins: n87_2
[09:13:29] *** Quits: n87 (Ping timeout: 265 seconds)
[10:12:00] <plutobot> Wiki | Page changed: Testpads | User: Shinyquagsire23 | https://switchbrew.org/w/index.php?curid=337&diff=10905&oldid=10903
[10:15:22] *** Joins: n87_3
[10:18:44] *** Quits: n87_2 (Ping timeout: 265 seconds)
[12:10:43] *** Joins: n87_2
[12:14:15] *** Quits: n87_3 (Ping timeout: 265 seconds)
[12:46:54] *** Quits: WntrMute (Ping timeout: 313 seconds)
[12:47:10] *** Quits: DacoTaco (Ping timeout: 258 seconds)
[12:47:34] *** Quits: madk (Ping timeout: 258 seconds)
[12:47:47] *** Joins: lameboy2
[12:47:50] *** Joins: changoXPR
[12:47:56] *** Quits: Jinx (Ping timeout: 258 seconds)
[12:47:59] *** Quits: mtheall (Read error: Connection reset by peer)
[12:48:18] *** Quits: Lightswor (Read error: Operation timed out)
[12:48:21] *** Quits: Behemoth_ (Ping timeout: 258 seconds)
[12:48:21] *** Quits: plutobot (Ping timeout: 258 seconds)
[12:48:42] *** Quits: oldtopman (Ping timeout: 258 seconds)
[12:48:45] *** Quits: Mimoja (Ping timeout: 258 seconds)
[12:49:02] *** Joins: WntrMute
[12:49:03] *** fincs sets mode: +o WntrMute
[12:49:10] *** Quits: lameboy (Ping timeout: 258 seconds)
[12:49:10] *** lameboy2 is now known as lameboy
[12:49:40] *** Joins: blasty_
[12:49:40] *** Quits: d3m3vilur (Read error: Operation timed out)
[12:50:20] *** Quits: blasty (Read error: Connection reset by peer)
[12:51:04] *** Quits: changO- (Ping timeout: 485 seconds)
[12:52:10] *** Joins: Behemoth
[12:52:10] *** Quits: RaYmAn (Read error: Connection reset by peer)
[12:52:14] *** Joins: RaYmAn
[12:53:18] *** Joins: mtheall
[12:53:52] *** Quits: tpw_rules (Read error: Operation timed out)
[12:54:56] *** Quits: phigcloud (Ping timeout: 857 seconds)
[12:54:56] *** Quits: changoXPR (Read error: Operation timed out)
[12:54:56] *** Joins: changO-
[12:56:00] *** Joins: phigcloud
[12:57:04] *** Joins: tpw_rules
[12:57:07] *** Quits: blasty_ (Read error: Connection reset by peer)
[12:58:24] *** Quits: giglife (Read error: Operation timed out)
[12:58:40] *** Joins: n87
[12:59:44] *** Quits: tpw_rules (Read error: Operation timed out)
[12:59:44] *** Quits: lex (Read error: Connection reset by peer)
[13:01:06] *** Joins: lex
[13:02:10] *** Quits: n87_2 (Ping timeout: 265 seconds)
[13:02:10] *** Joins: CCFL_Man_
[13:03:14] *** Joins: giglife
[13:03:14] *** Joins: blasty
[13:03:49] *** Joins: GerbilS9
[13:04:09] *** Joins: oldtopman
[13:05:13] *** Quits: n87 (Remote host closed the connection)
[13:07:05] *** Quits: RaYmAn (Ping timeout: 604 seconds)
[13:08:09] *** Quits: GerbilSof (Ping timeout: 1216 seconds)
[13:08:09] *** Quits: blasty (Read error: Connection reset by peer)
[13:09:13] *** Joins: blasty
[13:09:13] *** Joins: n87
[13:11:21] *** Quits: yls8bot (Read error: Operation timed out)
[13:12:05] *** Quits: CCFL_Man (Read error: Operation timed out)
[13:14:52] *** Quits: n87 (Ping timeout: 265 seconds)
[13:14:52] *** Quits: blasty (Read error: Connection reset by peer)
[13:16:17] *** Joins: n87
[13:18:45] *** Joins: Behemoth_
[13:20:41] *** Joins: tpw_rules
[13:20:57] *** Quits: n87 (Ping timeout: 265 seconds)
[13:22:01] *** Joins: n87_2
[13:25:07] *** Quits: Behemoth (Ping timeout: 604 seconds)
[13:26:11] *** Quits: rmaw (Read error: Connection reset by peer)
[13:27:15] *** Joins: n87
[13:28:19] *** Quits: n87 (Remote host closed the connection)
[13:28:19] *** Quits: GrecKo_ (Ping timeout: 604 seconds)
[13:28:19] *** Joins: GrecKo
[13:29:23] *** Joins: blasty
[13:29:23] *** Joins: n87
[13:29:23] *** Joins: Lightswor
[13:29:31] *** Quits: n87 (Read error: Connection reset by peer)
[13:29:43] *** Quits: yellows8 (Read error: Operation timed out)
[13:29:52] *** Joins: n87
[13:30:13] *** Joins: yellows8
[13:30:13] *** WntrMute sets mode: +o yellows8
[13:31:04] *** Joins: yls8bot
[13:31:17] *** yellows8 sets mode: +o yls8bot
[13:32:21] *** Quits: n87_2 (Ping timeout: 622 seconds)
[13:32:22] *** Joins: d3m3vilur
[13:32:30] *** Joins: plutobot
[13:33:06] *** Joins: rmaw
[13:33:15] *** Joins: madk
[13:34:18] *** Joins: DacoTaco
[13:34:54] *** Joins: Mimoja
[16:15:44] *** Joins: n87_2
[16:22:50] *** Quits: n87 (Read error: Operation timed out)
[16:43:57] *** Quits: n87_2 (Read error: Connection reset by peer)
[17:30:48] *** CCFL_Man_ is now known as CCFL_Man
[18:32:26] *** Quits: Lightswor (Read error: Connection reset by peer)
[18:32:31] *** Quits: Kyouju (Read error: Connection reset by peer)
[18:35:03] *** Quits: yls8bot (Read error: Operation timed out)
[18:39:18] *** Quits: Surkow_ (Read error: Operation timed out)
[18:47:50] *** Quits: yellows8 (Read error: Connection reset by peer)
[18:49:30] *** Joins: Surkow
[18:59:00] *** Joins: refs
[19:08:40] *** Joins: changoXPR
[19:10:34] *** Quits: changO- (Ping timeout: 265 seconds)
[19:10:37] *** changoXPR is now known as changO-
[19:12:13] *** Quits: Surkow (hub.efnet.us irc.Prison.NET)
[19:12:15] *** Quits: oldtopman (hub.efnet.us irc.Prison.NET)
[19:12:15] *** Quits: |Shadow| (hub.efnet.us irc.Prison.NET)
[19:14:52] *** Joins: lansiir
[19:23:07] *** Joins: RaYmAn
[19:30:37] *** Joins: yls8bot
[19:30:47] *** Joins: Surkow
[19:31:11] *** Joins: Lightswor
[19:34:46] *** Joins: yellows8
[19:34:51] *** WntrMute sets mode: +o yellows8
[19:35:06] *** yellows8 sets mode: +o yls8bot
[19:40:01] *** Joins: Kyouju
[19:53:59] *** Joins: fgsfds
[20:44:19] *** Joins: rajkosto
[20:44:40] *** Quits: giglife (Read error: Operation timed out)
[20:44:52] *** Joins: giglife
[20:45:20] *** Quits: j0hny5 (Read error: Operation timed out)
[20:46:00] *** Joins: figgis_
[20:46:04] *** Quits: Maylay (Read error: Operation timed out)
[20:46:23] *** Joins: Maylay
[20:52:29] *** Joins: Jinx_
[20:52:42] *** Quits: fgsfds (Read error: Operation timed out)
[20:58:02] *** Quits: freundTec (Read error: Operation timed out)
[20:58:36] *** Joins: freundTec
[21:25:13] *** Quits: rajkosto (Read error: Connection reset by peer)
[22:13:32] *** Quits: GrecKo (Read error: Connection reset by peer)
[22:13:36] *** Joins: GrecKo
[22:23:45] *** Quits: ihaveamac (Read error: Operation timed out)
[22:24:43] *** Quits: sh0e (Ping timeout: 496 seconds)
[22:26:51] *** Quits: Cu3PO42 (Ping timeout: 496 seconds)
[22:28:57] *** Joins: Cu3PO42
[22:33:04] *** Jinx_ is now known as Jinx
[22:34:52] *** Joins: sh0e
[22:44:25] *** Quits: flagrama (Ping timeout: 258 seconds)
[22:45:43] *** Joins: flagrama
[22:46:20] *** Quits: Pieman (Ping timeout: 258 seconds)
[22:50:11] *** Quits: flagrama (Read error: Connection reset by peer)
[22:50:14] *** Joins: flagrama
[22:50:21] *** Joins: n87
[22:50:29] *** Joins: Pieman
[22:54:31] *** Quits: d3m3vilur (Read error: Connection reset by peer)
[22:54:33] *** Quits: SCV______ (Read error: Connection reset by peer)
[22:54:47] *** Quits: flagrama (Read error: Connection reset by peer)
[22:55:01] *** Joins: flagrama
[22:55:09] *** Joins: SCV______
[22:55:10] *** Joins: d3m3vilur
[23:21:24] *** Joins: ihaveamac
[23:30:01] *** Quits: lansiir (Ping timeout: 258 seconds)
[23:30:24] *** Quits: freundTec (Ping timeout: 258 seconds)
[23:30:25] *** Quits: plutobot (Ping timeout: 258 seconds)
[23:30:28] *** Joins: freundTec
[23:30:47] *** Quits: Mimoja (Ping timeout: 258 seconds)
[23:30:48] *** Quits: madk (Ping timeout: 258 seconds)
[23:31:10] *** Quits: DacoTaco (Ping timeout: 258 seconds)
[23:45:21] *** Joins: oldtopman
