[00:29:29] *** Quits: Extrems (Read error: Connection reset by peer)
[00:32:20] *** Joins: Extrems
[00:59:52] *** Joins: user1
[01:01:54] <plutobot> Wiki | Page changed: Bluetooth Driver services | User: Qlutoo | https://switchbrew.org/w/index.php?curid=161&diff=10912&oldid=10888
[01:02:13] <user1> cant believe the bot is still running
[01:02:59] *** Quits: user1 (Client Quit)
[03:10:16] *** Quits: refs (Quit: refs)
[05:25:17] *** Joins: changoXPR
[05:27:11] *** Quits: changO- (Read error: Operation timed out)
[05:27:11] *** changoXPR is now known as changO-
[05:28:03] *** Joins: changoXPR
[07:52:37] *** Joins: CCFL_Man_
[07:59:17] *** Quits: CCFL_Man (Ping timeout: 745 seconds)
[08:49:54] *** Quits: |Shadow| (ny.us.hub irc.Prison.NET)
[08:53:44] *** Joins: |Shadow|
[09:04:00] *** Quits: |Shadow| (Ping timeout: 265 seconds)
[09:05:04] *** Joins: oldtopman
[09:05:15] *** Quits: oldtopman (hub.efnet.us irc.Prison.NET)
[09:06:32] *** Joins: oldtopman
[09:08:42] *** Joins: |Shadow|
[09:43:21] *** Quits: capin (Remote host closed the connection)
[09:43:31] *** Joins: capin
[10:06:36] *** Quits: capin (ny.us.hub ircd.choopa.net)
[10:06:36] *** Quits: |Shadow| (ny.us.hub ircd.choopa.net)
[10:06:36] *** Quits: oldtopman (ny.us.hub ircd.choopa.net)
[10:06:36] *** Quits: CCFL_Man_ (ny.us.hub ircd.choopa.net)
[10:06:36] *** Quits: fincs (ny.us.hub ircd.choopa.net)
[10:06:36] *** Quits: WntrMute (ny.us.hub ircd.choopa.net)
[10:06:36] *** Quits: Extrems (ny.us.hub ircd.choopa.net)
[10:06:36] *** Quits: Cu3PO42 (ny.us.hub ircd.choopa.net)
[10:06:36] *** Quits: Jinx (ny.us.hub ircd.choopa.net)
[10:06:36] *** Quits: Maylay (ny.us.hub ircd.choopa.net)
[10:06:36] *** Quits: sh0e (ny.us.hub ircd.choopa.net)
[10:06:36] *** Quits: ihaveamac (ny.us.hub ircd.choopa.net)
[10:06:36] *** Quits: KuKzz (ny.us.hub ircd.choopa.net)
[10:06:36] *** Quits: giglife (ny.us.hub ircd.choopa.net)
[10:06:36] *** Quits: Behemoth (ny.us.hub ircd.choopa.net)
[10:10:47] *** Joins: capin
[10:10:47] *** Joins: |Shadow|
[10:10:47] *** Joins: oldtopman
[10:10:47] *** Joins: CCFL_Man_
[10:10:47] *** Joins: Extrems
[10:10:47] *** Joins: KuKzz
[10:10:47] *** Joins: Cu3PO42
[10:10:47] *** Joins: giglife
[10:10:47] *** Joins: Jinx
[10:10:47] *** Joins: WntrMute
[10:10:47] *** Joins: Maylay
[10:10:47] *** Joins: sh0e
[10:10:47] *** Joins: Behemoth
[10:10:47] *** Joins: ihaveamac
[10:10:47] *** Joins: fincs
[10:10:47] *** ircd.choopa.net sets mode: +o fincs
[10:10:52] *** Quits: Jinx (Excess Flood)
[10:13:41] *** Joins: Jinx
[10:14:25] *** Quits: |Shadow| ()
[10:14:49] *** Joins: |Shadow|
[10:17:10] *** Quits: rmaw (Read error: Operation timed out)
[10:17:10] *** Quits: blasty (Read error: Operation timed out)
[10:18:40] *** Quits: GrecKo (Read error: Operation timed out)
[10:19:08] *** Quits: phigcloud (Read error: Operation timed out)
[10:21:21] *** Quits: lex (Read error: Operation timed out)
[10:21:56] *** Joins: GrecKo
[10:24:22] *** Quits: d3m3vilur (Read error: Operation timed out)
[10:25:17] *** Joins: rmaw
[10:27:34] *** Quits: Genolo (Read error: Operation timed out)
[10:27:53] *** Joins: Genolo
[10:28:38] *** Quits: Snetry (Read error: Connection reset by peer)
[10:29:15] *** Joins: mtheall_
[10:34:18] *** Quits: mtheall (Read error: Connection refused)
[10:38:51] *** Joins: d3m3vilur
[10:39:19] *** Joins: phigcloud
[10:40:56] *** Joins: Snetry
[10:44:35] *** Joins: blasty
[10:48:26] *** Joins: lex1
[17:26:20] *** Joins: n87
[17:42:57] *** Joins: fgsfds
[19:08:52] *** Quits: capin (Ping timeout: 265 seconds)
[19:09:40] *** Joins: capin
[21:14:52] *** Quits: n87 (Read error: Connection reset by peer)
[21:18:12] *** Joins: refs
[21:49:50] *** Quits: capin (Remote host closed the connection)
[21:51:09] *** Quits: RaYmAn (Read error: Operation timed out)
[21:57:56] *** Joins: capin1
[21:58:35] *** Quits: GrecKo (Read error: Connection reset by peer)
[21:58:53] *** Joins: GrecKo
[22:10:08] *** Quits: Extrems (Read error: Operation timed out)
[22:23:34] *** Joins: Extrems
[23:16:20] *** Quits: |Shadow| (Ping timeout: 265 seconds)
[23:49:44] *** Quits: oldtopman (ircd.choopa.net irc.Prison.NET)
