[00:05:03] *** Joins: oldtopman
[02:10:05] *** Joins: |Shadow|
[02:10:06] *** Quits: |Shadow| (Excess Flood)
[02:11:20] *** Joins: |Shadow|
[02:26:17] *** Quits: refs (Quit: refs)
[02:29:58] *** Quits: fgsfds (Read error: Connection reset by peer)
[03:01:28] *** CCFL_Man_ is now known as CCFL_Man
[03:41:52] *** Joins: RaYmAn
[07:44:39] *** Quits: |Shadow| (Read error: Operation timed out)
[07:54:00] *** Quits: changoXPR (Quit: diarrhea in a shitty womans mouth fetish)
[08:50:33] *** Joins: |Shadow|
[14:42:25] *** Joins: fgsfds
[15:34:55] *** Quits: giglife (ZNC - http://znc.in)
[16:07:51] *** Joins: giglife
[16:33:47] *** Joins: Tcm0
[17:06:31] *** Quits: RaYmAn (Ping timeout: 604 seconds)
[18:04:42] *** Joins: n87
[18:05:43] *** Quits: n87 (Client Quit)
[18:34:09] *** Joins: k0tze
[18:36:07] <k0tze> Hi guys, i didn't use my switch for a long time. It's on 9.0.1. Can I update to 12.0.1 directly? Ty!
[19:19:43] <Tcm0> Do you have CFW? You'd have to update atmosphere first
[20:04:25] <k0tze> Tcm0, got it. Ty!
[20:09:51] *** Quits: yellows8 (Read error: Operation timed out)
[20:58:18] *** Quits: k0tze (Leaving)
[21:04:59] *** Joins: yellows8
[21:05:15] *** yls8bot sets mode: +o yellows8
[21:40:06] *** Quits: fgsfds (Leaving)
[21:40:26] *** Joins: fgsfds
[21:41:12] *** Joins: refs
[22:12:21] *** Quits: balrog (Quit: Bye)
[22:19:15] *** Joins: balrog
[22:37:02] *** Quits: Tcm0 (Leaving)
