[00:04:17] *** Quits: plutobot (Ping timeout: 258 seconds)
[00:04:21] *** Joins: plutobot
[00:45:07] *** Quits: balrog (Read error: Operation timed out)
[00:46:17] *** Quits: blasty (Read error: Operation timed out)
[00:46:26] *** Quits: GrecKo (Read error: Operation timed out)
[00:46:29] *** Joins: GrecKo
[00:46:36] *** Joins: blasty
[00:47:26] *** Joins: balrog
[01:31:29] *** Quits: Stary (Ping timeout: 265 seconds)
[01:33:26] *** Quits: yls8bot (Read error: Operation timed out)
[01:34:22] *** Quits: mtheall_ (Read error: Operation timed out)
[01:34:32] *** Quits: Lightswor (Read error: Operation timed out)
[01:34:41] *** Joins: Stary
[01:35:01] *** Quits: capin1 (Read error: Operation timed out)
[01:35:14] *** Joins: capin1
[01:37:32] *** Quits: Surkow (Read error: Operation timed out)
[01:37:48] *** Quits: Stary (Read error: Operation timed out)
[01:39:23] *** Joins: mtheall
[01:39:26] *** Joins: Stary
[01:45:15] *** Joins: lameboy2
[01:56:58] *** Quits: SCV______ (Ping timeout: 1230 seconds)
[01:56:58] *** Quits: lameboy (Ping timeout: 745 seconds)
[01:57:01] *** lameboy2 is now known as lameboy
[01:57:10] *** Joins: SCV______
[02:12:05] *** Quits: oldtopman (Read error: Operation timed out)
[02:19:33] *** Joins: cpncok3
[02:19:42] *** Quits: cpnc0ke (Read error: Operation timed out)
[02:31:42] *** Joins: Lightswor
[02:33:43] *** Joins: yls8bot
[02:33:55] *** yellows8 sets mode: +o yls8bot
[03:00:19] *** Quits: refs (Quit: refs)
[07:29:17] *** Joins: Surkow_
[07:46:57] *** Quits: SCV______ (Ping timeout: 1230 seconds)
[07:47:10] *** Joins: SCV______
[07:49:34] *** Quits: fgsfds (Read error: Connection reset by peer)
[08:24:51] *** Quits: lameboy (Read error: Connection reset by peer)
[08:25:37] *** Joins: lameboy
[09:24:55] *** Joins: m4ts_
[09:53:10] *** Joins: derk0pf
[10:47:51] *** Quits: KuKzz (Ping timeout: 622 seconds)
[10:53:43] *** Joins: capin2
[10:55:25] *** Quits: capin1 (Read error: Operation timed out)
[10:57:42] *** Quits: derk0pf (Read error: Connection reset by peer)
[10:58:57] *** Quits: blasty (Read error: Connection reset by peer)
[11:00:28] *** Quits: phigcloud (Read error: Operation timed out)
[11:00:54] *** Quits: Snetry (Read error: Connection reset by peer)
[11:04:02] *** Joins: phigcloud
[11:07:02] *** Quits: SCV______ (Ping timeout: 1230 seconds)
[11:07:15] *** Joins: SCV______
[11:12:33] *** Joins: n87
[11:13:52] *** Joins: Snetry
[11:19:27] *** Quits: Snetry (Read error: Connection reset by peer)
[11:33:19] *** Joins: blasty
[11:39:13] *** Quits: GerbilSof (Read error: Operation timed out)
[11:39:55] *** Joins: GerbilSof
[11:52:27] *** Quits: blasty (Read error: Connection reset by peer)
[12:32:37] *** Joins: n87_2
[12:36:04] *** Quits: n87 (Ping timeout: 265 seconds)
[12:36:33] *** Joins: blasty
[12:38:25] *** Joins: Snetry
[14:10:16] *** Quits: rmaw (Read error: Operation timed out)
[14:10:19] *** Quits: blasty (Read error: Connection reset by peer)
[14:11:50] *** Quits: phigcloud (Read error: Operation timed out)
[14:13:52] *** Joins: phigcloud
[14:13:54] *** Quits: Snetry (Read error: Connection reset by peer)
[14:13:56] *** Quits: d3m3vilur (Ping timeout: 1221 seconds)
[14:15:29] *** Joins: d3m3vilur
[14:16:16] *** Joins: blasty
[14:23:26] *** Joins: rmaw
[14:25:08] *** Quits: lex1 (Read error: Operation timed out)
[14:35:28] *** Quits: blasty (Read error: Connection reset by peer)
[14:35:30] *** Joins: Snetry
[14:37:18] *** Joins: lex1
[14:38:43] *** Joins: blasty
[14:40:32] *** Quits: SCV______ (Ping timeout: 1230 seconds)
[14:40:45] *** Joins: SCV______
[15:58:41] *** Quits: |Shadow| (Read error: Operation timed out)
[15:59:09] *** Joins: |Shadow|
[16:08:26] *** Joins: KuKzz
[16:13:54] *** Joins: |Shadow|_
[16:14:33] *** Quits: |Shadow| (Read error: Operation timed out)
[16:26:07] *** Quits: SCV______ (Ping timeout: 1230 seconds)
[16:26:20] *** Joins: SCV______
[16:54:42] *** Quits: TurtleP (Ping timeout: 745 seconds)
[16:55:48] *** Quits: n87_2 (Read error: Connection reset by peer)
[16:57:22] *** Joins: TurtleP
[17:18:06] *** Quits: GerbilSof (Quit: Windows must now restart because the Remote Procedure Call (RPC) service terminated unexpectedly.)
[17:29:08] *** Joins: giglife_
[17:30:56] *** Quits: giglife (Read error: Operation timed out)
[17:30:56] *** giglife_ is now known as giglife
[17:31:29] *** Quits: |Shadow|_ (Read error: Operation timed out)
[17:33:20] *** Joins: balrog_
[17:34:33] *** Quits: Behemoth (Read error: Operation timed out)
[17:35:37] *** Quits: GrecKo (Read error: Operation timed out)
[17:37:01] *** Joins: Behemoth
[17:38:01] *** Quits: balrog (Ping timeout: 622 seconds)
[17:38:03] *** balrog_ is now known as balrog
[17:38:51] *** Joins: GrecKo
[17:44:31] *** Joins: |Shadow|
[17:50:30] *** Joins: fgsfds
[18:01:30] *** Quits: Lightswor (Read error: Connection reset by peer)
[18:02:37] *** Quits: yls8bot (Read error: Operation timed out)
[18:04:32] *** Quits: giglife (Read error: Operation timed out)
[18:04:38] *** Joins: giglife
[18:06:14] *** Quits: yellows8 (Read error: Operation timed out)
[18:07:09] *** Quits: Kyouju (Read error: Operation timed out)
[18:08:39] *** Joins: Lightswor
[18:08:56] *** Joins: yls8bot
[18:09:36] *** Joins: Kyouju
[18:11:18] *** Joins: yellows8
[18:20:56] *** Joins: lameboy2
[18:23:06] *** Quits: lameboy (Ping timeout: 265 seconds)
[18:23:08] *** lameboy2 is now known as lameboy
[18:26:29] *** Quits: capin2 (Ping timeout: 265 seconds)
[18:26:40] *** Joins: capin2
[19:11:10] *** Joins: refsw2
[19:20:32] *** Quits: refsw` (Ping timeout: 745 seconds)
[19:21:54] *** Quits: giglife (Read error: Operation timed out)
[19:32:50] *** Joins: RaYmAn
[19:37:27] *** Quits: SCV______ (Ping timeout: 1230 seconds)
[19:37:41] *** Joins: SCV______
[19:45:24] *** Joins: giglife
[19:57:29] *** Joins: GerbilSof
[20:28:52] *** Quits: giglife (irc.nordunet.se se.hub)
[20:28:53] *** Quits: m4ts_ (irc.nordunet.se se.hub)
[20:28:53] *** Quits: Stary (irc.nordunet.se se.hub)
[20:28:53] *** Quits: Extrems (irc.nordunet.se se.hub)
[20:28:53] *** Quits: KuKzz (irc.nordunet.se se.hub)
[20:28:53] *** Quits: Surkow_ (irc.nordunet.se se.hub)
[20:28:53] *** Quits: capin2 (irc.nordunet.se se.hub)
[20:28:53] *** Quits: balrog (irc.nordunet.se se.hub)
[20:28:53] *** Quits: CCFL_Man (irc.nordunet.se se.hub)
[20:28:53] *** Quits: fincs (irc.nordunet.se se.hub)
[20:28:53] *** Quits: WntrMute (irc.nordunet.se se.hub)
[20:28:53] *** Quits: cpncok3 (irc.nordunet.se se.hub)
[20:28:53] *** Quits: Cu3PO42 (irc.nordunet.se se.hub)
[20:28:53] *** Quits: Maylay (irc.nordunet.se se.hub)
[20:28:53] *** Quits: sh0e (irc.nordunet.se se.hub)
[20:28:53] *** Quits: ihaveamac (irc.nordunet.se se.hub)
[20:28:53] *** Quits: fgsfds (irc.nordunet.se se.hub)
[20:28:53] *** Quits: |Shadow| (irc.nordunet.se se.hub)
[20:28:53] *** Quits: yellows8 (irc.nordunet.se se.hub)
[20:28:53] *** Quits: Kyouju (irc.nordunet.se se.hub)
[20:28:53] *** Quits: yls8bot (irc.nordunet.se se.hub)
[20:28:53] *** Quits: Lightswor (irc.nordunet.se se.hub)
[20:28:53] *** Quits: TurtleP (irc.nordunet.se se.hub)
[20:28:53] *** Quits: plutobot (irc.nordunet.se se.hub)
[20:28:53] *** Quits: GerbilSof (irc.nordunet.se se.hub)
[20:28:53] *** Quits: refsw2 (irc.nordunet.se se.hub)
[20:28:53] *** Quits: blasty (irc.nordunet.se se.hub)
[20:28:53] *** Quits: lex1 (irc.nordunet.se se.hub)
[20:28:53] *** Quits: Snetry (irc.nordunet.se se.hub)
[20:28:53] *** Quits: rmaw (irc.nordunet.se se.hub)
[20:28:53] *** Quits: d3m3vilur (irc.nordunet.se se.hub)
[20:28:53] *** Quits: phigcloud (irc.nordunet.se se.hub)
[20:28:53] *** Quits: RaYmAn (irc.nordunet.se se.hub)
[20:28:53] *** Quits: GrecKo (irc.nordunet.se se.hub)
[20:28:53] *** Quits: Behemoth (irc.nordunet.se se.hub)
[20:28:57] *** Quits: Jinx (irc.nordunet.se se.hub)
[20:28:57] *** Quits: changO- (irc.nordunet.se se.hub)
[20:28:57] *** Quits: Mimoja (irc.nordunet.se se.hub)
[20:28:57] *** Quits: madk (irc.nordunet.se se.hub)
[20:28:57] *** Quits: DacoTaco (irc.nordunet.se se.hub)
[20:28:57] *** Quits: flagrama (irc.nordunet.se se.hub)
[20:28:57] *** Quits: Pieman (irc.nordunet.se se.hub)
[20:28:57] *** Quits: nohit (irc.nordunet.se se.hub)
[20:28:57] *** Quits: MasterGK (irc.nordunet.se se.hub)
[20:28:57] *** Quits: SCV______ (irc.nordunet.se se.hub)
[20:28:57] *** Quits: lameboy (irc.nordunet.se se.hub)
[20:28:57] *** Quits: Genolo (irc.nordunet.se se.hub)
[20:28:57] *** Quits: zini (irc.nordunet.se se.hub)
[20:28:57] *** Quits: gruetzkop (irc.nordunet.se se.hub)
[20:28:57] *** Quits: dibas (irc.nordunet.se se.hub)
[20:28:57] *** Quits: derrek (irc.nordunet.se se.hub)
[20:28:57] *** Quits: freundTec (irc.nordunet.se se.hub)
[20:28:57] *** Quits: nrq (irc.nordunet.se se.hub)
[20:28:57] *** Quits: tpw_rules (irc.nordunet.se se.hub)
[20:28:57] *** Quits: jn (irc.nordunet.se se.hub)
[20:28:57] *** Quits: thomasnet (irc.nordunet.se se.hub)
[20:28:57] *** Quits: omlet05 (irc.nordunet.se se.hub)
[20:28:57] *** Quits: DoozerBot (irc.nordunet.se se.hub)
[20:28:57] *** Quits: hexkyz (irc.nordunet.se se.hub)
[20:28:57] *** Quits: uyjulian (irc.nordunet.se se.hub)
[20:28:57] *** Quits: eggy (irc.nordunet.se se.hub)
[20:28:57] *** Quits: Phils3r (irc.nordunet.se se.hub)
[20:28:57] *** Quits: flotwig (irc.nordunet.se se.hub)
[20:28:57] *** Quits: TAL (irc.nordunet.se se.hub)
[20:28:57] *** Quits: lemmu (irc.nordunet.se se.hub)
[20:28:57] *** Quits: mid-kid (irc.nordunet.se se.hub)
[20:28:57] *** Quits: Normmatt (irc.nordunet.se se.hub)
[20:28:57] *** Quits: Whovian93 (irc.nordunet.se se.hub)
[20:28:57] *** Quits: Jdbye (irc.nordunet.se se.hub)
[20:29:02] *** Quits: ris2z (irc.nordunet.se se.hub)
[20:35:21] *** Joins: refsw3
[20:35:21] *** Joins: rmaw_
[20:35:21] *** Joins: blasty_
[20:35:21] *** Joins: giglife
[20:35:21] *** Joins: SCV______
[20:35:21] *** Joins: RaYmAn
[20:35:21] *** Joins: refsw2
[20:35:21] *** Joins: capin2
[20:35:21] *** Joins: lameboy
[20:35:21] *** Joins: yellows8
[20:35:21] *** Joins: Kyouju
[20:35:21] *** Joins: yls8bot
[20:35:21] *** Joins: Lightswor
[20:35:21] *** Joins: fgsfds
[20:35:21] *** Joins: |Shadow|
[20:35:21] *** Joins: GrecKo
[20:35:21] *** Joins: Behemoth
[20:35:21] *** Joins: balrog
[20:35:21] *** Joins: TurtleP
[20:35:21] *** Joins: KuKzz
[20:35:21] *** Joins: lex1
[20:35:21] *** Joins: Snetry
[20:35:21] *** Joins: d3m3vilur
[20:35:21] *** Joins: phigcloud
[20:35:21] *** Joins: m4ts_
[20:35:21] *** Joins: Surkow_
[20:35:21] *** Joins: cpncok3
[20:35:21] *** Joins: Stary
[20:35:21] *** Joins: plutobot
[20:35:21] *** Joins: Extrems
[20:35:21] *** Joins: Genolo
[20:35:21] *** Joins: Jinx
[20:35:21] *** Joins: fincs
[20:35:21] *** Joins: ihaveamac
[20:35:21] *** Joins: sh0e
[20:35:21] *** Joins: Maylay
[20:35:21] *** Joins: WntrMute
[20:35:21] *** Joins: Cu3PO42
[20:35:21] *** Joins: CCFL_Man
[20:35:21] *** Joins: changO-
[20:35:21] *** Joins: Mimoja
[20:35:21] *** Joins: madk
[20:35:21] *** Joins: DacoTaco
[20:35:21] *** Joins: ris2z
[20:35:21] *** Joins: zini
[20:35:21] *** Joins: gruetzkop
[20:35:21] *** se.hub sets mode: +o fincs
[20:35:21] *** Joins: dibas
[20:35:21] *** Joins: derrek
[20:35:21] *** Joins: freundTec
[20:35:21] *** Joins: nrq
[20:35:21] *** Joins: flagrama
[20:35:21] *** Joins: Pieman
[20:35:21] *** Joins: tpw_rules
[20:35:21] *** Joins: jn
[20:35:21] *** Joins: thomasnet
[20:35:21] *** Joins: omlet05
[20:35:21] *** Joins: DoozerBot
[20:35:21] *** Joins: hexkyz
[20:35:21] *** Joins: uyjulian
[20:35:21] *** Joins: eggy
[20:35:21] *** Joins: Phils3r
[20:35:21] *** Joins: flotwig
[20:35:21] *** Joins: nohit
[20:35:21] *** Joins: MasterGK
[20:35:21] *** Joins: TAL
[20:35:21] *** Joins: lemmu
[20:35:21] *** Joins: mid-kid
[20:35:21] *** Joins: Normmatt
[20:35:21] *** Joins: Whovian93
[20:35:21] *** Joins: Jdbye
[20:37:06] *** Quits: refsw2 (Read error: Operation timed out)
[20:37:22] *** Quits: Snetry (Read error: Operation timed out)
[20:37:29] *** Joins: refsw
[20:39:14] *** Quits: rmaw_ (Read error: Operation timed out)
[20:40:39] *** Quits: refsw3 (Read error: Operation timed out)
[20:49:07] *** Joins: GerbilSof
[20:53:07] *** Joins: blasty
[20:53:07] *** Quits: blasty_ (Read error: Connection reset by peer)
[21:00:08] *** Quits: averne (quit)
[21:00:26] *** Joins: averne_
[21:00:26] *** Server sets mode: +stn 
[21:02:52] *** Quits: mtheall (se.hub irc.nordunet.se)
[21:02:52] *** Quits: averne (se.hub irc.nordunet.se)
[21:05:39] *** Quits: GerbilSof (Quit: Windows must now restart because the Remote Procedure Call (RPC) service terminated unexpectedly.)
[21:06:32] *** Joins: GerbilSof
[21:11:22] *** Joins: mtheall
[21:18:26] *** averne_ is now known as averne
[21:26:33] *** Quits: mtheall (se.hub irc.nordunet.se)
[21:37:42] *** Joins: mtheall
[21:45:47] *** Quits: SCV______ (Ping timeout: 1230 seconds)
[21:46:00] *** Joins: SCV______
[21:57:32] *** Quits: mtheall (se.hub irc.nordunet.se)
[22:07:33] *** Joins: mtheall
[22:36:06] *** Quits: lex1 (Read error: Operation timed out)
[22:37:25] *** Quits: rmaw (Read error: Operation timed out)
[22:40:09] *** Quits: d3m3vilur (Read error: Operation timed out)
[22:42:19] *** Joins: d3m3vilur
[22:43:23] *** Quits: phigcloud (Ping timeout: 1221 seconds)
[22:47:22] *** Joins: blasty_
[22:47:56] *** Joins: rmaw
[22:47:56] *** Joins: phigcloud
[22:47:58] *** Quits: blasty (Read error: Connection reset by peer)
[22:51:55] *** Joins: lex1
[23:14:16] *** Quits: changO- (Ping timeout: 258 seconds)
[23:15:21] *** Joins: changO-
[23:31:22] *** Quits: SCV______ (Ping timeout: 1230 seconds)
[23:31:35] *** Joins: SCV______
