[00:01:42] *** Joins: PistonMin
[01:34:18] *** Quits: PistonMin (Quit: Leaving)
[04:12:02] *** Quits: Lightswor (Read error: Connection reset by peer)
[04:12:21] *** Quits: yls8bot (Read error: Operation timed out)
[04:13:28] *** Joins: yls8bot
[04:14:07] *** Joins: Lightswor
[04:22:34] *** Quits: fgsfds (Leaving)
[04:56:20] *** Quits: refs (Quit: refs)
[06:49:00] *** Quits: Felgar (Remote host closed the connection)
[06:49:34] *** Joins: zombie343
[06:51:15] *** Joins: refsw`
[06:52:32] *** Quits: DacoTaco (Ping timeout: 258 seconds)
[06:53:01] *** Joins: Mimoja4
[06:54:04] *** Quits: refsw (Ping timeout: 258 seconds)
[06:54:04] *** Quits: madk (Ping timeout: 258 seconds)
[06:54:27] *** Quits: Mimoja (Ping timeout: 258 seconds)
[06:54:27] *** Mimoja4 is now known as Mimoja
[06:55:49] *** Joins: DacoTaco
[06:56:55] *** Joins: capin3
[06:57:01] *** Quits: capin2 (Ping timeout: 309 seconds)
[06:57:01] *** Quits: fincs (Ping timeout: 309 seconds)
[06:57:01] *** Quits: WntrMute (Ping timeout: 309 seconds)
[06:57:01] *** Quits: CCFL_Man (Remote host closed the connection)
[06:57:16] *** Joins: fincs
[07:00:15] *** Quits: changO- (Remote host closed the connection)
[07:01:29] *** Joins: WntrMute
[07:01:54] *** Quits: balrog (Read error: Connection reset by peer)
[07:02:37] *** Joins: changO-
[07:06:09] *** Joins: CCFL_Man
[07:07:08] *** Joins: CHANFIX
[07:07:08] *** services.int sets mode: +o CHANFIX
[07:07:08] *** CHANFIX sets mode: +o fincs
[07:07:08] <CHANFIX> 1 client should have been opped.
[07:07:08] *** Parts: CHANFIX ()
[07:07:08] *** fincs sets mode: +o WntrMute
[07:10:26] *** Joins: balrog
[07:27:08] *** Joins: CHANFIX
[07:27:08] *** services.int sets mode: +o CHANFIX
[07:27:08] *** CHANFIX sets mode: +o yls8bot
[07:27:08] <CHANFIX> 1 client should have been opped.
[07:27:08] *** Parts: CHANFIX ()
[07:27:22] *** yls8bot sets mode: +o yellows8
[07:45:41] *** Joins: |Shadow|_
[07:48:35] *** Quits: |Shadow| (Read error: Operation timed out)
[08:01:27] *** Quits: SCV______ (Ping timeout: 1230 seconds)
[08:01:40] *** Joins: SCV______
[08:52:31] *** |Shadow|_ is now known as |Shadow|
[09:47:24] *** Quits: SCV______ (Read error: Connection timed out)
[10:02:16] *** Joins: SCV______
[10:39:31] *** Quits: SCV______ (Read error: Connection timed out)
[10:54:47] *** Joins: SCV______
[12:11:25] *** Joins: KuKzz_
[12:13:12] *** Quits: KuKzz (hub.efnet.us irc.Prison.NET)
[12:13:12] *** Quits: Surkow_ (hub.efnet.us irc.Prison.NET)
[12:20:25] *** Joins: Surkow__
[12:26:51] *** Joins: lansiir
[12:28:30] *** Joins: Surkow
[13:22:52] *** Quits: SCV______ (Ping timeout: 1230 seconds)
[13:23:05] *** Joins: SCV______
[13:28:57] *** Joins: fgsfds
[13:51:43] *** Joins: refs
[13:59:52] *** Joins: dcnick3
[15:00:52] *** Quits: SCV______ (Ping timeout: 1230 seconds)
[15:01:05] *** Joins: SCV______
[18:01:35] *** Quits: SCV______ (Read error: Connection timed out)
[18:15:39] *** Joins: SCV______
[18:38:16] *** Quits: m4ts_ (Ping timeout: 265 seconds)
[18:39:59] *** Joins: m4ts
[19:45:23] <plutobot> Wiki | Page changed: Software Keyboard | User: Hexkyz | https://switchbrew.org/w/index.php?curid=342&diff=10913&oldid=9666
[19:46:44] *** Joins: kbhomes
[19:46:47] *** Quits: kbhomes (Client Quit)
[20:01:12] *** Joins: changoXPR
[20:07:07] *** Quits: changO- (Ping timeout: 745 seconds)
[20:07:08] *** changoXPR is now known as changO-
[20:09:24] <plutobot> Wiki | Page changed: Applet Manager services | User: Hexkyz | https://switchbrew.org/w/index.php?curid=132&diff=10914&oldid=10824
[20:22:17] *** Quits: SCV______ (Ping timeout: 1230 seconds)
[20:22:30] *** Joins: SCV______
[20:41:12] *** Quits: Behemoth (Ping timeout: 240 seconds)
[20:44:34] *** Joins: Behemoth
[21:41:35] *** Quits: SCV______ (Read error: Connection timed out)
[21:56:50] *** Joins: SCV______
[22:14:04] <plutobot> Wiki | Page changed: TSEC | User: Hexkyz | https://switchbrew.org/w/index.php?curid=199&diff=10915&oldid=10700
[22:16:44] *** Quits: GerbilSof (Ping timeout: 265 seconds)
[23:20:16] *** Quits: SCV______ (Read error: Connection timed out)
[23:34:15] *** Joins: SCV______
[23:51:32] *** Quits: Maylay (Read error: Connection reset by peer)
[23:52:54] *** Joins: Maylay
[23:57:24] <plutobot> Wiki | Page changed: TSEC | User: Hexkyz | https://switchbrew.org/w/index.php?curid=199&diff=10916&oldid=10915
[23:59:13] *** Quits: Lightswor (Read error: Connection reset by peer)
[23:59:47] *** Quits: Surkow (Read error: Operation timed out)
