[00:21:06] *** CCFL_Man_ is now known as CCFL_Man
[01:16:23] *** Quits: changoXPR (Read error: Connection reset by peer)
[02:05:16] <yls8bot> https://yls8.mtheall.com/ninupdates/reports.php?date=2021-05-12_00-05-05&sys=hac 
[02:05:31] <yls8bot> Update-details for the following hac report is now available/updated: https://yls8.mtheall.com/ninupdates/reports.php?date=2021-05-12_00-05-05&sys=hac 
[02:05:31] *** Quits: GerbilS1 (Read error: Operation timed out)
[02:09:11] <yls8bot> Sysmodule SwIPC-generation .info files for the following hac report is now available/updated: https://yls8.mtheall.com/ninupdates/reports.php?date=2021-05-12_00-05-05&sys=hac 
[02:15:13] <plutobot> Wiki | Page changed: News | User: Yls8bot | https://switchbrew.org/w/index.php?curid=41&diff=10931&oldid=10889
[02:15:16] <yls8bot> https://yls8.mtheall.com/ninupdates/reports.php?date=2021-05-12_00-15-06&sys=hac 
[02:15:23] <plutobot> Wiki | New page: 12.0.2 | User: Yls8bot | https://switchbrew.org/w/index.php?curid=436
[02:15:24] <plutobot> Wiki | Page changed: Template:NavboxVersions | User: Yls8bot | https://switchbrew.org/w/index.php?curid=183&diff=10933&oldid=10891
[02:15:24] <plutobot> Wiki | Page changed: News/Archive | User: Yls8bot | https://switchbrew.org/w/index.php?curid=114&diff=10932&oldid=10890
[02:15:31] <yls8bot> Update-details for the following hac report is now available/updated: https://yls8.mtheall.com/ninupdates/reports.php?date=2021-05-12_00-15-06&sys=hac 
[02:19:06] <yls8bot> Sysmodule SwIPC-generation .info files for the following hac report is now available/updated: https://yls8.mtheall.com/ninupdates/reports.php?date=2021-05-12_00-15-06&sys=hac 
[02:20:14] *** Joins: GerbilS1
[02:42:08] <plutobot> Wiki | Page changed: Title list | User: Zachycatgames | https://switchbrew.org/w/index.php?curid=84&diff=10935&oldid=10893
[02:54:45] *** Quits: refs (Quit: refs)
[03:02:03] <plutobot> Wiki | Page changed: System Versions | User: yls8 | https://switchbrew.org/w/index.php?curid=105&diff=10936&oldid=10901
[03:06:30] <plutobot> Wiki | Page changed: 12.0.2 | User: yls8 | https://switchbrew.org/w/index.php?curid=436&diff=10937&oldid=10934
[03:07:01] <plutobot> Wiki | Page changed: 12.0.2 | User: yls8 | https://switchbrew.org/w/index.php?curid=436&diff=10938&oldid=10937
[03:31:28] *** Joins: figgis_
[03:35:38] <plutobot> Wiki | Page changed: Bluetooth Driver services | User: yls8 | https://switchbrew.org/w/index.php?curid=161&diff=10939&oldid=10912
[03:36:30] *** Quits: fgsfds (Ping timeout: 376 seconds)
[03:51:59] <plutobot> Wiki | Page changed: 12.0.2 | User: yls8 | https://switchbrew.org/w/index.php?curid=436&diff=10940&oldid=10938
[05:23:15] <plutobot> Wiki | Page changed: Switch System Flaws | User: yls8 | https://switchbrew.org/w/index.php?curid=14&diff=10941&oldid=10904
[05:42:47] *** Quits: figgis_ (Read error: Connection reset by peer)
[07:49:43] *** Quits: refsw (Read error: Operation timed out)
[07:50:06] *** Quits: blasty (Read error: Operation timed out)
[07:50:29] *** Joins: refsw
[07:51:02] *** Quits: rmaw (Read error: Operation timed out)
[07:52:27] *** Quits: d3m3vilur (Read error: Operation timed out)
[07:55:18] *** Quits: phigcloud (Read error: Operation timed out)
[07:59:05] *** Joins: d3m3vilur
[07:59:23] *** Quits: Snetry (Read error: Connection reset by peer)
[08:03:32] *** Joins: phigcloud
[08:14:16] *** Quits: d3m3vilur (Read error: Operation timed out)
[08:18:27] *** Joins: d3m3vilur
[08:19:03] *** Joins: blasty
[08:19:47] *** Joins: Snetry
[08:20:15] *** Joins: rmaw
[08:20:17] *** Quits: SCV______ (Ping timeout: 1230 seconds)
[08:20:30] *** Joins: SCV______
[08:27:15] *** Joins: refsw`
[08:30:04] *** Quits: refsw (Ping timeout: 258 seconds)
[08:52:56] *** Joins: n87
[09:06:34] *** Joins: n87_2
[09:07:29] *** Quits: n87 (Ping timeout: 265 seconds)
[09:09:59] *** Joins: n87_3
[09:19:03] *** Quits: n87_2 (Ping timeout: 604 seconds)
[09:22:29] *** Joins: n87_2
[09:24:28] *** Joins: foghorn
[09:27:38] *** Quits: n87_3 (Read error: Operation timed out)
[09:28:55] *** Quits: n87_2 (Remote host closed the connection)
[09:29:07] *** Quits: SCV______ (Ping timeout: 1230 seconds)
[09:29:22] *** Joins: SCV______
[09:31:09] *** Joins: n87
[10:28:49] *** Quits: oldtopman (Read error: Operation timed out)
[10:36:00] *** Joins: n87_2
[10:36:10] *** Joins: oldtopman
[10:42:22] *** Quits: n87 (Read error: Operation timed out)
[11:08:09] *** Joins: n87
[11:12:28] *** Quits: n87_2 (Read error: Operation timed out)
[11:14:10] *** Joins: n87_2
[11:14:57] *** Joins: n87_3
[11:17:59] *** Quits: n87 (Ping timeout: 265 seconds)
[11:18:57] *** Quits: n87_2 (Ping timeout: 265 seconds)
[11:19:19] *** Joins: n87
[11:19:26] *** Quits: n87_3 (Ping timeout: 265 seconds)
[12:54:00] *** Joins: refsw2
[12:55:41] *** Quits: refsw` (Read error: Operation timed out)
[13:02:39] *** Joins: refsw3
[13:08:06] *** Quits: refsw2 (Read error: Operation timed out)
[13:12:32] *** Quits: SCV______ (Ping timeout: 1230 seconds)
[13:12:45] *** Joins: SCV______
[13:58:33] <plutobot> Wiki | Page changed: Fuses | User: Deejay87 | https://switchbrew.org/w/index.php?curid=186&diff=10942&oldid=10898
[15:40:17] *** Quits: nrq_ (ircd.choopa.net irc.Prison.NET)
[15:40:17] *** Quits: |Shadow| (ircd.choopa.net irc.Prison.NET)
[15:43:35] *** Joins: nrq
[15:49:08] *** Quits: n87 (Read error: Connection reset by peer)
[16:13:22] *** Joins: |Shadow|
[16:25:07] *** Joins: n87
[16:32:37] *** Quits: SCV______ (Ping timeout: 1230 seconds)
[16:32:50] *** Joins: SCV______
[17:20:18] <plutobot> Wiki | Page changed: 12.0.2 | User: SciresM | https://switchbrew.org/w/index.php?curid=436&diff=10943&oldid=10940
[17:23:24] *** Joins: fgsfds
[17:53:08] *** Joins: n87_2
[17:54:39] *** Joins: n87_3
[17:56:44] *** Quits: n87 (Ping timeout: 265 seconds)
[17:58:11] *** Quits: n87_2 (Ping timeout: 265 seconds)
[18:00:10] *** Quits: n87_3 (Read error: Connection reset by peer)
[18:01:44] *** Joins: n87
[18:36:45] <plutobot> Wiki | Page changed: FirmwareNews | User: Hexkyz | https://switchbrew.org/w/index.php?curid=43&diff=10944&oldid=10895
[18:46:27] <plutobot> Wiki | Page changed: Package2 | User: Hexkyz | https://switchbrew.org/w/index.php?curid=279&diff=10945&oldid=9664
[18:51:33] <plutobot> Wiki | Page changed: Package2 | User: Hexkyz | https://switchbrew.org/w/index.php?curid=279&diff=10946&oldid=10945
[18:56:00] <plutobot> Wiki | Page changed: System Version Title | User: Hexkyz | https://switchbrew.org/w/index.php?curid=116&diff=10947&oldid=10839
[18:59:55] <plutobot> Wiki | Page changed: TSEC | User: Hexkyz | https://switchbrew.org/w/index.php?curid=199&diff=10948&oldid=10929
[19:05:48] *** Quits: yls8bot (Read error: Operation timed out)
[19:06:06] *** Joins: yls8bot
[19:06:12] *** yellows8 sets mode: +o yls8bot
[19:17:27] *** Quits: giglife (Ping timeout: 265 seconds)
[19:17:30] *** Joins: giglife
[19:32:17] *** Quits: SCV______ (Ping timeout: 1230 seconds)
[19:32:30] *** Joins: SCV______
[19:42:12] *** Joins: changO-
[19:42:16] *** Joins: n87_2
[19:46:56] *** Quits: n87 (Read error: Operation timed out)
[21:01:58] *** Joins: n87_3
[21:07:22] *** Quits: n87_2 (Read error: Operation timed out)
[21:33:40] *** Quits: fgsfds (Remote host closed the connection)
[21:35:49] *** Joins: fgsfds
[21:36:10] *** Quits: fgsfds (Remote host closed the connection)
[21:36:32] *** Joins: fgsfds
[22:36:17] *** Quits: Felgar (Read error: Operation timed out)
[22:36:43] *** Joins: zombie343
[23:20:44] *** Quits: n87_3 (Read error: Connection reset by peer)
