[00:47:29] *** Joins: nohit_
[00:48:42] *** Joins: refsw
[00:52:01] *** Joins: rmaw_
[00:52:04] *** Quits: Snetry (Read error: Connection reset by peer)
[00:52:12] *** Quits: refsw3 (Read error: Operation timed out)
[00:53:15] *** Quits: rmaw (Read error: Operation timed out)
[00:54:35] *** Quits: nohit (Read error: Operation timed out)
[00:54:35] *** nohit_ is now known as nohit
[01:02:30] *** Joins: balrog_
[01:06:58] *** Quits: balrog (Read error: Operation timed out)
[01:06:59] *** balrog_ is now known as balrog
[01:08:10] *** Quits: lex1 (Read error: Operation timed out)
[01:09:02] *** Quits: d3m3vilur (Read error: Operation timed out)
[01:14:50] *** Quits: blasty (Read error: Operation timed out)
[01:16:02] *** Quits: rmaw_ (Read error: Operation timed out)
[01:16:25] *** Joins: d3m3vilur
[01:17:01] *** Joins: lex1
[01:17:08] *** Joins: Snetry
[01:20:38] *** Joins: rmaw
[01:20:42] *** Joins: blasty
[02:06:46] *** Quits: |Shadow| ()
[02:23:32] *** Quits: SCV______ (Ping timeout: 1230 seconds)
[02:23:46] *** Joins: SCV______
[02:41:28] *** Joins: |Shadow|
[02:44:44] *** Joins: anewuser
[02:59:24] *** Quits: foghorn (Read error: Connection reset by peer)
[02:59:43] *** Joins: foghorn
[03:16:52] *** Quits: nohit (Ping timeout: 240 seconds)
[03:16:57] *** Joins: nohit
[03:33:24] *** Quits: anewuser (Quit: Leaving)
[04:26:31] *** Joins: eggy
[04:26:32] *** Quits: eggster (Read error: Connection reset by peer)
[04:29:51] *** Joins: eggster
[04:29:53] *** Quits: eggy (Read error: Connection reset by peer)
[04:35:42] *** Joins: nrq_
[04:36:12] *** Quits: nrq (Read error: Connection reset by peer)
[04:36:50] *** Quits: oldtopman (Excess Flood)
[04:37:10] *** Joins: oldtopman
[04:38:02] *** Quits: ihaveamac (Excess Flood)
[04:40:14] *** Joins: ihaveamac
[05:25:15] *** Joins: rmaw_
[05:27:18] *** Quits: rmaw (Read error: Operation timed out)
[05:28:12] *** Quits: flagrama (Ping timeout: 240 seconds)
[05:33:36] *** Joins: flagrama
[05:40:52] *** Joins: changoXPR
[05:43:37] *** Quits: SCV______ (Ping timeout: 1230 seconds)
[05:43:50] *** Joins: SCV______
[05:48:08] *** Quits: changO- (Ping timeout: 501 seconds)
[05:48:09] *** changoXPR is now known as changO-
[06:39:59] *** Quits: oldtopman (Read error: Operation timed out)
[06:40:55] *** Joins: oldtopman
[07:03:44] *** Quits: fgsfds (Quit: Leaving)
[09:45:50] *** Quits: |Shadow| (Read error: Operation timed out)
[09:48:39] *** Joins: |Shadow|
[10:04:03] *** Joins: n87
[10:41:21] *** Quits: balrog (ircd.choopa.net irc.colosolutions.net)
[10:41:21] *** Quits: zombie343 (ircd.choopa.net irc.colosolutions.net)
[10:41:21] *** Quits: fincs (ircd.choopa.net irc.colosolutions.net)
[10:41:21] *** Quits: TurtleP (ircd.choopa.net irc.colosolutions.net)
[10:41:21] *** Quits: flotwig (ircd.choopa.net irc.colosolutions.net)
[10:44:06] *** Joins: balrog
[10:44:06] *** Joins: zombie343
[10:44:06] *** Joins: fincs
[10:44:06] *** Joins: TurtleP
[10:44:06] *** Joins: flotwig
[10:44:06] *** irc.colosolutions.net sets mode: +o fincs
[10:44:06] *** WntrMute sets mode: +o fincs
[10:44:09] *** fincs sets mode: +o WntrMute
[10:51:54] *** Joins: n87_2
[10:54:09] *** Quits: n87 (Ping timeout: 265 seconds)
[10:54:09] *** Quits: Maylay (Ping timeout: 265 seconds)
[10:54:38] *** Quits: omlet05 (Ping timeout: 265 seconds)
[10:54:43] *** Joins: omlet05
[10:56:34] *** Quits: plutobot (Ping timeout: 265 seconds)
[10:56:49] *** Joins: plutobot
[10:57:00] *** Joins: Maylay
[11:35:44] *** Quits: Jinx (Read error: Connection reset by peer)
[15:30:21] *** Quits: foghorn (Quit: Leaving)
[17:32:13] *** Joins: fgsfds
[21:06:16] <Snetry> neat
[21:37:26] *** Quits: Lightswor (Read error: Connection reset by peer)
[21:37:28] *** Joins: Lightswo-
[21:37:56] *** Lightswo- is now known as Lightswor
[21:56:03] *** Quits: SCV______ (Ping timeout: 1230 seconds)
[21:56:17] *** Joins: SCV______
[22:04:50] *** Quits: n87_2 (Read error: Connection reset by peer)
[22:35:46] *** Quits: Lightswor (Read error: Connection reset by peer)
[22:36:06] *** Joins: Lightswor
[22:53:06] *** Quits: flotwig (ZNC - http://znc.in)
[22:53:45] *** Joins: flotwig
[22:58:48] *** Quits: flotwig (Read error: Operation timed out)
