[00:01:37] *** Joins: [Escape75
[00:10:20] *** Quits: [Escape75 (Ping timeout: 496 seconds)
[00:29:27] *** Quits: SCV______ (Ping timeout: 1230 seconds)
[00:29:41] *** Joins: SCV______
[03:00:41] *** Joins: [Escape75
[03:01:46] *** Quits: [Escape75 (Client Quit)
[03:18:02] *** Quits: SCV______ (Ping timeout: 1230 seconds)
[03:18:15] *** Joins: SCV______
[04:24:39] *** Joins: changoXPR
[04:35:02] *** Quits: changO- (Ping timeout: 745 seconds)
[04:35:03] *** changoXPR is now known as changO-
[06:04:35] *** Joins: m4ts_
[06:06:54] *** Quits: m4ts (Ping timeout: 265 seconds)
[06:14:41] *** Quits: fgsfds (Quit: Leaving)
[06:24:35] *** Quits: oldtopman (Read error: Operation timed out)
[06:40:48] *** Joins: oldtopman
[07:17:05] *** Joins: changoXPR
[07:18:40] *** Quits: changO- (Read error: Operation timed out)
[07:18:40] *** changoXPR is now known as changO-
[10:05:45] *** Joins: flotwig
[16:55:21] <plutobot> Wiki | Page changed: System Version Title | User: Zachycatgames | https://switchbrew.org/w/index.php?curid=116&diff=10949&oldid=10947
[17:14:23] *** Quits: changO- (Read error: Connection reset by peer)
[17:14:48] *** Quits: |Shadow| (Read error: Connection reset by peer)
[17:19:09] *** Joins: changO-
[17:19:53] *** Joins: |Shadow|
[17:22:29] *** Quits: |Shadow| (Read error: Connection reset by peer)
[17:27:44] *** Joins: |Shadow|
[17:55:55] *** Joins: fgsfds
[18:16:26] *** Quits: Lightswor (Read error: Connection reset by peer)
[18:16:41] *** Joins: Lightswor
[18:19:14] *** Quits: fgsfds (Ping timeout: 376 seconds)
[18:20:47] *** Joins: fgsfds
[23:38:06] *** Quits: GerbilS1 (Quit: Windows must now restart because the Remote Procedure Call (RPC) service terminated unexpectedly.)
[23:40:46] *** Joins: GerbilSof
[23:50:54] *** Quits: |Shadow| ()
[23:57:16] *** Joins: |Shadow|
