[01:20:00] *** Quits: |Shadow| (Ping timeout: 260 seconds)
[01:22:43] *** Joins: |Shadow|
[01:45:06] *** Joins: changoXPR
[01:50:37] *** Quits: changO- (Ping timeout: 501 seconds)
[01:50:38] *** changoXPR is now known as changO-
[02:59:58] *** Quits: DoozerBot (Read error: Connection reset by peer)
[03:00:03] *** Quits: Phils3r (Write error: Connection reset by peer)
[03:00:09] *** Joins: Phils3r
[03:01:01] *** Joins: DoozerBot
[03:01:03] *** Joins: uyjulian_
[03:01:19] *** Joins: derrek_
[03:02:22] *** Joins: Normmatt_
[03:02:36] *** Joins: Whovian9-
[03:05:56] *** Joins: dibas_
[03:05:56] *** Quits: dibas (Read error: Connection reset by peer)
[03:06:00] *** dibas_ is now known as dibas
[03:06:38] *** Quits: GrecKo (Read error: Connection reset by peer)
[03:07:07] *** Joins: GrecKo
[03:08:23] *** Quits: Normmatt (Ping timeout: 745 seconds)
[03:08:23] *** Quits: Whovian93 (Ping timeout: 745 seconds)
[03:08:23] *** Quits: uyjulian (Ping timeout: 745 seconds)
[03:08:23] *** Normmatt_ is now known as Normmatt
[03:08:23] *** uyjulian_ is now known as uyjulian
[03:12:28] *** Quits: derrek (Ping timeout: 745 seconds)
[03:12:29] *** derrek_ is now known as derrek
[03:21:12] *** Quits: SCV______ (Ping timeout: 1230 seconds)
[03:21:25] *** Joins: SCV______
[05:17:12] *** Quits: fgsfds (Quit: Leaving)
[10:15:34] <plutobot> Wiki | Page changed: Testpads | User: Shinyquagsire23 | https://switchbrew.org/w/index.php?curid=337&diff=10950&oldid=10907
[10:32:17] *** Quits: SCV______ (Ping timeout: 1230 seconds)
[10:32:30] *** Joins: SCV______
[10:35:12] *** Quits: oldtopman (Read error: Operation timed out)
[10:51:42] *** Joins: oldtopman
[11:04:12] *** Quits: flagrama (Ping timeout: 240 seconds)
[11:05:44] *** Joins: flagrama
[12:25:37] *** Joins: fgsfds
[13:22:51] *** Joins: KuKzz
[13:28:03] *** Quits: rmaw_ (Read error: Operation timed out)
[13:28:04] *** Quits: Snetry (Read error: Connection reset by peer)
[13:28:22] *** Quits: GrecKo (Read error: Operation timed out)
[13:28:27] *** Quits: KuKzz_ (Ping timeout: 745 seconds)
[13:29:22] *** Joins: GrecKo
[13:30:12] *** Joins: nrq
[13:30:47] *** Quits: nohit (Read error: Operation timed out)
[13:31:27] *** Quits: nrq_ (Read error: Operation timed out)
[13:31:28] *** Quits: blasty (Read error: Connection reset by peer)
[13:34:48] *** Joins: nohit
[13:35:21] *** Joins: Snetry
[13:35:29] *** Joins: blasty
[13:36:24] *** Joins: rmaw
[17:11:51] *** Quits: |Shadow| (Ping timeout: 260 seconds)
[17:12:46] *** Quits: oldtopman (Read error: Operation timed out)
[17:12:46] *** Joins: oldtopman
[17:14:37] *** Joins: |Shadow|
[17:23:31] *** Quits: |Shadow| (ircd.choopa.net irc.Prison.NET)
[17:23:31] *** Quits: oldtopman (ircd.choopa.net irc.Prison.NET)
[17:24:42] *** Joins: |Shadow|
[17:24:42] *** Joins: oldtopman
[17:25:53] *** Quits: |Shadow| (Ping timeout: 260 seconds)
[17:26:55] *** Quits: oldtopman (ircd.choopa.net irc.Prison.NET)
[17:48:50] *** Joins: |Shadow|
[18:04:22] *** Quits: SCV______ (Ping timeout: 1230 seconds)
[18:04:37] *** Joins: SCV______
[18:43:52] *** Quits: nrq (se.hub irc.nordunet.se)
[18:44:10] *** Joins: nrq_
[22:15:29] *** Joins: lameboy2
[22:17:37] *** Quits: RaYmAn (Read error: Operation timed out)
[22:21:59] *** Quits: GeekShado (Read error: Operation timed out)
[22:22:28] *** Quits: lameboy (Read error: Operation timed out)
[22:22:30] *** lameboy2 is now known as lameboy
[22:35:11] *** Joins: GeekShado
[22:37:57] *** Quits: SCV______ (Ping timeout: 1230 seconds)
[22:38:14] *** Joins: SCV______
