[01:27:55] *** Joins: RaYmAn
[02:28:23] *** Joins: figgis_
[02:30:38] *** Joins: TAL_
[02:30:43] *** Quits: TAL_ (Handshake flooding)
[02:30:49] *** Joins: TAL_
[02:32:12] *** Joins: flagrama_
[02:34:29] *** Joins: WntrDeaf
[02:35:31] *** Quits: fgsfds (Ping timeout: 265 seconds)
[02:35:31] *** Quits: TAL (Ping timeout: 265 seconds)
[02:35:34] *** Quits: flagrama (Ping timeout: 265 seconds)
[02:35:34] *** Quits: m4ts_ (Ping timeout: 265 seconds)
[02:35:34] *** flagrama_ is now known as flagrama
[02:36:12] *** Joins: GrecKo_
[02:38:40] *** Quits: GrecKo (Ping timeout: 265 seconds)
[02:38:40] *** Quits: WntrMute (Ping timeout: 265 seconds)
[02:38:40] *** Joins: m4ts
[02:38:40] *** Quits: Stary (Ping timeout: 265 seconds)
[02:38:40] *** WntrDeaf is now known as WntrMute
[02:40:02] *** Quits: SCV______ (Ping timeout: 1230 seconds)
[02:40:16] *** Joins: Stary
[02:42:12] *** Quits: m4ts (Ping timeout: 265 seconds)
[02:42:13] *** Joins: m4ts
[02:47:00] *** Joins: SCV______
[07:35:45] *** Quits: figgis_ (Quit: Leaving)
[08:31:47] *** TAL_ is now known as TAL
[08:40:53] *** Quits: GerbilSof (Quit: Windows must now restart because the Remote Procedure Call (RPC) service terminated unexpectedly.)
[08:51:01] *** Joins: GerbilSof
[09:51:43] *** Joins: n87
[09:53:55] *** Quits: ris2z (Ping timeout: 186 seconds)
[09:54:54] *** Joins: n87_2
[09:58:07] *** Quits: n87 (Ping timeout: 265 seconds)
[10:04:14] *** Joins: ris2z
[13:16:18] *** Quits: |Shadow| (ircd.choopa.net irc.Prison.NET)
[13:38:15] *** Joins: |Shadow|
[15:56:34] *** Joins: smitop
[15:58:35] <smitop> what is https://github.com/nintyconservation9619/nintyconservation9619.github.io/tree/master/Switch%20SDK/Docs-JAP/Documents/Api/HtmlNX ?
[17:31:50] *** Quits: n87_2 (Read error: Connection reset by peer)
[18:05:15] *** Quits: smitop (Quit: Connection closed for inactivity)
[19:40:06] *** Joins: fgsfds
[19:43:07] *** Quits: fgsfds (Client Quit)
[19:43:55] *** Joins: fgsfds
[20:05:15] *** Quits: fgsfds (Remote host closed the connection)
[20:06:54] *** Joins: fgsfds
[20:17:32] *** Quits: fgsfds (Read error: Connection reset by peer)
[20:19:32] *** Joins: fgsfds
[21:11:31] *** Joins: n00b639
[21:12:48] <n00b639> Has anyone attempted to "fake" a cartridge yet? As the Sky3DS+ does for the 3DS, would something like that be possible for the Switch?
[21:50:11] *** Quits: n00b639 (Ping timeout: 252 seconds)
[21:50:36] *** Joins: figgis_
[21:54:38] *** Quits: fgsfds (Ping timeout: 376 seconds)
[23:45:40] *** Quits: GerbilSof (Quit: Windows must now restart because the Remote Procedure Call (RPC) service terminated unexpectedly.)
[23:47:10] *** Joins: GerbilSof
