[01:23:19] *** Quits: plutobot (Read error: Operation timed out)
[01:23:48] *** Joins: GrecKo
[01:23:59] *** Joins: plutobot
[01:24:28] *** Quits: RaYmAn (Read error: Operation timed out)
[01:25:03] *** Quits: GrecKo_ (Read error: Operation timed out)
[02:51:36] *** Joins: rajkosto
[03:11:54] *** Joins: KuKzz_
[03:12:12] *** Quits: KuKzz (Ping timeout: 496 seconds)
[04:19:49] *** Joins: rajko
[04:21:21] *** Quits: rajkosto (Ping timeout: 260 seconds)
[07:23:56] *** Joins: RaYmAn
[07:33:36] *** Quits: Kyouju (Quit: ZNC 1.8.2+deb1+bionic2 - https://znc.in)
[07:35:40] *** Joins: Kyouju
[07:39:10] *** Quits: GerbilSof (Quit: Windows must now restart because the Remote Procedure Call (RPC) service terminated unexpectedly.)
[07:39:41] *** Joins: Extrems`
[07:46:21] *** Quits: Extrems (se.hub irc.homelien.no)
[07:58:26] *** Joins: bitrot
[07:59:38] *** Quits: rajko (ircd.choopa.net irc.Prison.NET)
[07:59:39] *** Quits: |Shadow| (ircd.choopa.net irc.Prison.NET)
[08:02:11] *** Extrems` is now known as Extrems
[08:05:36] *** Joins: fgsfds
[08:07:46] *** Quits: figgis_ (Ping timeout: 265 seconds)
[08:09:29] *** Quits: RaYmAn (Read error: Operation timed out)
[08:17:22] *** Joins: GerbilSof
[08:43:07] *** Joins: |Shadow|
[09:01:12] *** Quits: SCV______ (Ping timeout: 1230 seconds)
[09:01:25] *** Joins: SCV______
[09:07:30] *** Quits: fgsfds (Read error: Connection reset by peer)
[09:45:01] *** Quits: balrog (Read error: Operation timed out)
[09:45:52] *** Quits: GerbilSof (Read error: Operation timed out)
[09:45:56] *** Joins: rajko
[09:45:57] *** Quits: TurtleP (Ping timeout: 265 seconds)
[09:46:12] *** Joins: TurtleP
[09:46:18] *** Quits: zombie343 (Read error: Operation timed out)
[09:46:26] *** Quits: WntrMute (Ping timeout: 265 seconds)
[09:46:39] *** Joins: zombie343
[09:46:50] *** Joins: balrog
[09:47:36] *** Joins: GerbilSof
[09:48:22] *** Quits: fincs (Ping timeout: 265 seconds)
[09:49:02] *** Joins: WntrMute
[09:49:11] *** Quits: bitrot (Read error: Operation timed out)
[09:50:00] *** Joins: changoXPR
[09:50:15] *** Quits: changO- (Read error: Operation timed out)
[09:50:20] *** changoXPR is now known as changO-
[09:53:27] *** Quits: rajko (Quit: Leaving)
[09:55:02] *** Joins: fincs
[09:55:06] *** yls8bot sets mode: +o fincs
[13:17:05] *** Joins: m4ts_
[13:17:35] *** Quits: m4ts (Ping timeout: 265 seconds)
[16:23:50] *** Quits: |Shadow| (Read error: Operation timed out)
[16:40:33] *** Quits: SCV______ (Read error: Connection timed out)
[16:50:50] *** Joins: SCV______
[16:54:03] *** Joins: |Shadow|
[17:38:09] *** Joins: KuKzz
[17:44:27] *** Quits: KuKzz_ (Ping timeout: 745 seconds)
[18:03:53] *** Joins: fgsfds
[19:33:18] *** Joins: RaYmAn
[19:51:32] *** Joins: Kyouju-
[19:51:32] *** Quits: Kyouju (Read error: Connection reset by peer)
[19:51:40] *** Kyouju- is now known as Kyouju
[20:03:17] *** Quits: SCV______ (Ping timeout: 1230 seconds)
[20:03:30] *** Joins: SCV______
[20:42:18] *** Quits: |Shadow| (ircd.choopa.net irc.Prison.NET)
[22:00:22] *** Quits: Kyouju (Read error: Connection reset by peer)
[23:37:55] *** Joins: |Shadow|
[23:49:37] *** Quits: SCV______ (Ping timeout: 1230 seconds)
[23:49:51] *** Joins: SCV______
