[03:17:32] *** Quits: balrog (Read error: Operation timed out)
[03:31:49] *** Joins: balrog
[05:08:46] *** Quits: Lightswor (Read error: Connection reset by peer)
[05:09:04] *** Joins: Lightswor
[06:59:35] *** Quits: fgsfds (Read error: Connection reset by peer)
[09:43:58] *** Joins: changoXPR
[09:49:24] *** Quits: changO- (Read error: Operation timed out)
[09:49:24] *** changoXPR is now known as changO-
[11:59:21] *** Joins: n87
[14:23:14] *** Quits: |Shadow| ()
[14:25:24] *** Joins: |Shadow|
[15:15:55] *** Joins: changoXPR
[15:17:21] *** Quits: changO- (Read error: Operation timed out)
[15:17:21] *** changoXPR is now known as changO-
[15:37:33] *** Quits: SCV______ (Read error: Connection reset by peer)
[15:37:56] *** Joins: SCV______
[15:50:51] *** Joins: rjeli____
[17:46:07] *** Joins: fgsfds
[19:56:28] *** Joins: figgis_
[19:57:28] *** Quits: flotwig (Read error: Operation timed out)
[19:59:10] *** Quits: fgsfds (Ping timeout: 376 seconds)
[20:16:26] *** Joins: n87_2
[20:20:21] *** Quits: n87 (Ping timeout: 265 seconds)
[20:32:08] *** Quits: SCV______ (Ping timeout: 1230 seconds)
[20:32:20] *** Joins: SCV______
[20:58:45] *** Joins: TAL_
[21:05:57] *** Quits: rjeli____ (Ping timeout: 1228 seconds)
[21:06:10] *** Joins: rjeli____
[21:07:25] *** Quits: DoozerBot (Read error: Connection reset by peer)
[21:07:29] *** Joins: DoozerBot
[21:08:17] *** Quits: TAL (Ping timeout: 745 seconds)
[21:11:12] *** TAL_ is now known as TAL
[21:21:07] *** Quits: DoozerBot (Ping timeout: 745 seconds)
[21:21:38] *** Joins: DoozerBot
[21:31:18] *** Quits: n87_2 (Read error: Connection reset by peer)
[21:49:38] *** Quits: sh0e (Quit: Bye.)
[21:57:08] *** Joins: sh0e
[22:01:22] *** Quits: rjeli____ (Ping timeout: 1230 seconds)
[22:01:39] *** Joins: rjeli____
[23:30:37] *** Quits: freundTec (Ping timeout: 745 seconds)
[23:30:41] *** Joins: freundTec
[23:50:17] *** Quits: DoozerBot (Read error: Operation timed out)
[23:52:09] *** Joins: DoozerBot
