[02:06:05] *** Quits: sh0e (Read error: Connection reset by peer)
[02:06:05] *** Quits: Normmatt (Read error: Connection reset by peer)
[02:09:40] *** Joins: Normmatt
[02:16:54] *** Joins: sh0e
[02:37:18] *** Quits: SCV______ (Ping timeout: 1230 seconds)
[02:37:30] *** Joins: SCV______
[02:49:28] *** Quits: |Shadow| (ny.us.hub irc.Prison.NET)
[03:28:05] *** Joins: |Shadow|
[04:01:29] *** Quits: |Shadow| (Ping timeout: 260 seconds)
[04:16:27] *** Quits: rjeli____ (Ping timeout: 1230 seconds)
[04:16:40] *** Joins: rjeli____
[04:23:41] *** Quits: Lightswor (Read error: Connection reset by peer)
[04:23:41] *** Quits: DoozerBot (Read error: Connection reset by peer)
[04:24:37] *** Joins: |Shadow|
[04:24:53] *** Joins: Lightswor
[04:25:07] *** Joins: DoozerBot
[05:09:19] *** Quits: zombie343 ()
[05:13:42] *** Joins: zombie343
[05:13:44] *** Joins: Felgar
[05:13:44] *** Quits: Felgar (Remote host closed the connection)
[05:13:44] *** Quits: zombie343 (Remote host closed the connection)
[05:13:54] *** Joins: zombie343
[06:36:19] *** Quits: GerbilSof (Quit: Windows must now restart because the Remote Procedure Call (RPC) service terminated unexpectedly.)
[07:32:41] *** Joins: GerbilSof
[07:51:24] *** Quits: GerbilSof (Quit: Windows must now restart because the Remote Procedure Call (RPC) service terminated unexpectedly.)
[07:57:39] *** Joins: GerbilSof
[08:15:03] *** Quits: SCV______ (Ping timeout: 1230 seconds)
[08:15:15] *** Joins: SCV______
[08:18:36] *** Joins: changoXPR
[08:20:45] *** Quits: changO- (Read error: Operation timed out)
[08:20:45] *** changoXPR is now known as changO-
[08:24:22] *** Quits: rjeli____ (Ping timeout: 1230 seconds)
[08:24:35] *** Joins: rjeli____
[10:09:25] *** Quits: averne (quit)
[10:11:46] *** Joins: averne_
[10:11:46] *** Server sets mode: +stn 
[10:14:21] *** Quits: averne (Read error: Operation timed out)
[10:14:21] *** averne_ is now known as averne
[10:15:05] *** Quits: lemmu (Read error: Operation timed out)
[10:15:39] *** Quits: phigcloud (Read error: Operation timed out)
[10:19:27] *** Quits: figgis_ (Read error: Connection reset by peer)
[10:35:37] *** Quits: SCV______ (Ping timeout: 1230 seconds)
[10:35:50] *** Joins: SCV______
[11:14:55] *** Quits: rjeli____ (Read error: Connection reset by peer)
[11:17:04] *** Quits: d3m3vilur (Read error: Connection reset by peer)
[11:34:07] *** Joins: d3m3vilur
[11:34:22] *** Quits: SCV______ (Read error: Connection timed out)
[11:35:33] *** Joins: SCV______
[11:42:03] *** Joins: rjeli____
[12:09:36] *** Joins: rajkosto
[14:06:29] *** Joins: phigcloud
[14:21:16] *** Quits: Behemoth (Read error: Operation timed out)
[14:44:46] *** Quits: rajkosto (Ping timeout: 265 seconds)
[16:19:56] *** Joins: changoXPR
[16:22:10] *** Quits: changO- (Read error: Operation timed out)
[16:22:11] *** changoXPR is now known as changO-
[16:22:41] *** Joins: changoXPR
[16:26:20] *** Quits: changO- (diarrhea in a shitty womans mouth fetish)
[16:26:20] *** changoXPR is now known as changO-
[16:29:07] *** Joins: Felgar
[16:32:32] *** Quits: zombie343 (Read error: Operation timed out)
[17:37:22] *** Quits: phigcloud (Ping timeout: 1230 seconds)
[17:37:44] *** Joins: phigcloud
[17:56:37] *** Quits: SCV______ (Ping timeout: 1230 seconds)
[17:56:50] *** Joins: SCV______
[18:15:17] *** Quits: tpw_rules (Ping timeout: 745 seconds)
[18:15:31] *** Joins: tpw_rules
[19:02:32] *** Quits: phigcloud (Ping timeout: 1230 seconds)
[19:13:18] *** Joins: fgsfds
[19:35:40] *** Quits: averne (quit)
[19:37:57] *** Joins: averne
[19:37:57] *** Server sets mode: +stn 
[21:34:59] *** Joins: phigcloud
[22:29:02] *** Quits: phigcloud (Ping timeout: 1230 seconds)
[22:29:25] *** Joins: phigcloud
[23:20:14] *** Joins: rajkosto
[23:32:44] *** Quits: Stary (Ping timeout: 857 seconds)
[23:33:07] *** Quits: Snetry (Ping timeout: 857 seconds)
[23:33:58] *** Joins: Stary
[23:34:16] *** Quits: nohit (Ping timeout: 857 seconds)
[23:35:19] *** Quits: blasty (Read error: Connection reset by peer)
[23:38:52] *** Quits: d3m3vilur (Ping timeout: 1221 seconds)
[23:40:22] *** Joins: changoXPR
[23:40:26] *** Quits: changO- (Read error: Operation timed out)
[23:40:26] *** changoXPR is now known as changO-
[23:40:56] *** Quits: lex1 (Read error: Connection reset by peer)
[23:41:02] *** Joins: lex2
[23:41:07] *** lex2 is now known as lex1
[23:42:47] *** Joins: d3m3vilur
[23:43:12] *** Joins: blasty
[23:48:44] *** Joins: blasty_
[23:49:28] *** Quits: blasty (Read error: Connection reset by peer)
[23:52:16] *** Quits: rmaw (Read error: Operation timed out)
[23:56:42] *** Joins: Extrems`
[23:58:30] *** Quits: Extrems (Read error: Operation timed out)
[23:58:31] *** Extrems` is now known as Extrems
