[00:00:39] *** Quits: Tcm0 (Leaving)
[00:01:49] *** Joins: flagrama
[00:15:11] *** Quits: derk0pf (Read error: Operation timed out)
[00:19:52] <plutobot> Wiki | Page changed: NV services | User: ByLaws | https://switchbrew.org/w/index.php?curid=88&diff=10952&oldid=10951
[00:31:03] *** Quits: ris2z (Excess Flood)
[00:31:40] *** Joins: ris2z
[02:09:58] *** Joins: derk0pf
[02:13:39] *** Quits: derk0pf (Ping timeout: 186 seconds)
[04:47:11] *** Quits: |Shadow| ()
[04:55:22] *** Quits: ihaveamac (Quit: fail)
[04:55:56] *** Joins: ihaveamac
[04:57:41] *** Joins: |Shadow|
[06:11:40] *** Joins: derk0pf
[06:23:37] *** Quits: GerbilSof (Quit: Windows must now restart because the Remote Procedure Call (RPC) service terminated unexpectedly.)
[06:24:07] *** Quits: derk0pf (Read error: Operation timed out)
[07:18:06] *** Joins: GerbilSof
[07:42:25] *** Quits: GerbilSof (Windows must now restart because the Remote Procedure Call (RPC) service terminated unexpectedly.)
[07:45:49] *** Joins: oreo639
[07:52:49] *** Quits: fgsfds (Read error: Connection reset by peer)
[07:54:21] *** Joins: GerbilSof
[08:10:11] *** Joins: derk0pf
[08:41:16] *** Quits: d3m3vilur (Read error: Connection reset by peer)
[08:41:18] *** Quits: rmaw (Read error: Connection reset by peer)
[08:45:52] *** Joins: Tcm0
[08:46:35] *** Joins: rmaw
[08:46:36] *** Quits: blasty (Read error: Connection reset by peer)
[08:47:07] *** Joins: d3m3vilur
[08:51:14] *** Quits: Snetry (Read error: Operation timed out)
[08:51:27] *** Quits: lex1 (Read error: Operation timed out)
[08:52:00] *** Joins: Snetry
[08:52:01] *** Joins: lex1
[08:53:31] *** Joins: blasty
[09:01:37] *** Quits: blasty (Read error: Connection reset by peer)
[09:03:47] *** Quits: nohit (Read error: Operation timed out)
[09:08:44] *** Joins: Sentry-
[09:09:48] *** Quits: Snetry (Read error: Connection reset by peer)
[09:10:01] *** Quits: d3m3vilur (Ping timeout: 1221 seconds)
[09:19:23] *** Quits: Sentry- (Read error: Connection reset by peer)
[09:19:40] *** Quits: phigcloud (Read error: Operation timed out)
[09:20:28] *** Joins: nohit
[09:21:00] *** Joins: Snetry
[09:22:04] *** Joins: phigcloud
[09:25:48] *** Joins: d3m3vilur
[09:30:48] *** Joins: blasty
[09:33:14] *** Quits: d3m3vilur (Read error: Operation timed out)
[09:34:59] *** Joins: d3m3vilur
[09:36:40] *** Joins: changoXPR
[09:39:33] *** Joins: changO
[09:42:42] *** Quits: changO- (Ping timeout: 745 seconds)
[09:52:36] *** Joins: nohit_
[09:59:22] *** Quits: oreo639 (Quit: Quit)
[10:00:14] *** Quits: rmaw (Ping timeout: 857 seconds)
[10:01:03] *** Quits: phigcloud (Read error: Operation timed out)
[10:01:56] *** Joins: phigcloud
[10:02:08] *** Joins: rmaw
[10:02:55] *** Quits: nohit (Ping timeout: 1221 seconds)
[10:05:15] *** Quits: rjeli____ (Read error: Connection reset by peer)
[10:05:28] *** Quits: d3m3vilur (Read error: Operation timed out)
[10:08:23] *** Joins: rjeli____
[10:11:29] *** Quits: zini (Quit: -->)
[10:12:27] *** Joins: nohit__
[10:13:54] *** Joins: zini
[10:14:25] *** Quits: nohit_ (Ping timeout: 1221 seconds)
[10:15:12] *** nohit__ is now known as nohit_
[10:15:15] *** Joins: gruetzko-
[10:15:49] *** Quits: changO (Read error: Operation timed out)
[10:17:06] *** Joins: d3m3vilur
[10:17:25] *** Quits: gruetzkop (Read error: Connection reset by peer)
[10:17:42] *** Quits: RaYmAn (Read error: Connection reset by peer)
[10:19:09] *** Joins: changO-
[10:21:12] *** Quits: SCV______ (Ping timeout: 1230 seconds)
[10:26:36] *** Quits: nohit_ (Read error: Operation timed out)
[10:29:28] *** Joins: nohit_
[10:29:47] *** Quits: blasty (Read error: Connection reset by peer)
[10:30:03] *** Joins: blasty
[10:39:27] *** Joins: Sentry-
[10:41:35] *** Quits: Snetry (Read error: Connection reset by peer)
[10:51:13] *** Quits: nohit_ (Ping timeout: 1221 seconds)
[10:54:25] *** Quits: Sentry- (Read error: Connection reset by peer)
[10:54:50] *** Joins: nohit_
[11:03:22] *** Quits: rmaw (Read error: Operation timed out)
[11:05:24] *** Quits: blasty (Read error: Connection reset by peer)
[11:09:39] *** Joins: rmaw
[11:11:47] *** Joins: blasty
[11:14:20] *** Joins: n87
[11:14:36] *** Quits: d3m3vilur (Ping timeout: 1221 seconds)
[11:15:32] *** Joins: Snetry
[11:22:19] *** Joins: d3m3vilur
[11:59:12] *** Quits: phigcloud (Ping timeout: 1230 seconds)
[11:59:36] *** Joins: phigcloud
[12:28:57] *** Quits: rjeli____ (Ping timeout: 1230 seconds)
[12:29:10] *** Joins: rjeli____
[12:29:32] *** Quits: flagrama (Ping timeout: 1230 seconds)
[12:43:16] *** Joins: thejsa
[13:18:02] *** Joins: RaYmAn
[13:32:52] *** Joins: refs
[14:36:03] *** Quits: derk0pf (Ping timeout: 186 seconds)
[14:41:01] *** Quits: changO- (Quit: diarrhea in a shitty womans mouth fetish)
[15:02:22] *** Quits: rjeli____ (Ping timeout: 1230 seconds)
[15:02:35] *** Joins: rjeli____
[15:35:13] *** Joins: fgsfds
[15:56:28] *** Quits: fgsfds (Read error: Connection reset by peer)
[16:10:22] *** Joins: refsw`
[16:13:55] *** Joins: zini-
[16:13:55] *** Quits: zini (Read error: Connection reset by peer)
[16:21:07] *** Quits: refsw (Ping timeout: 745 seconds)
[16:22:52] *** Quits: hexkyz (Ping timeout: 745 seconds)
[16:22:56] *** Joins: hexkyz
[16:25:48] *** Quits: Felgar (Ping timeout: 745 seconds)
[16:26:12] *** Joins: zombie343
[16:43:26] *** Quits: rjeli____ (Ping timeout: 1230 seconds)
[16:43:26] *** Joins: rjeli____
[16:55:32] *** Quits: hexkyz (Ping timeout: 745 seconds)
[16:55:54] *** Joins: hexkyz
[17:08:57] *** Quits: hexkyz (Ping timeout: 745 seconds)
[17:10:14] *** Joins: hexkyz
[17:22:57] *** Quits: hexkyz (Ping timeout: 745 seconds)
[17:23:16] *** Joins: hexkyz
[17:36:22] *** Quits: hexkyz (Ping timeout: 745 seconds)
[17:37:10] *** Joins: hexkyz
[17:49:47] *** Quits: hexkyz (Ping timeout: 745 seconds)
[17:50:37] *** Joins: hexkyz
[18:00:52] *** Quits: Jdbye (Ping timeout: 745 seconds)
[18:03:47] *** Joins: Jdbye
[18:12:32] *** Quits: hexkyz (Ping timeout: 745 seconds)
[18:15:53] *** Joins: hexkyz
[19:01:09] *** Quits: Tcm0 (Remote host closed the connection)
[19:01:30] *** Joins: Tcm0
[19:39:00] *** Quits: changoXPR (Ping timeout: 260 seconds)
[19:40:15] *** Joins: changO-
[19:51:13] *** Joins: oreo639
[19:54:16] <plutobot> Wiki | Page changed: Product Information | User: Zachycatgames | https://switchbrew.org/w/index.php?curid=384&diff=10953&oldid=10705
[20:59:03] *** Quits: GerbilSof (Quit: Windows must now restart because the Remote Procedure Call (RPC) service terminated unexpectedly.)
[22:16:21] *** Joins: GerbilSof
[22:20:37] *** Quits: n87 (Read error: Connection reset by peer)
[22:38:05] *** Quits: Tcm0 (Leaving)
[22:53:22] *** Joins: eggy
[22:53:22] *** Quits: eggster (Read error: Connection reset by peer)
[22:53:46] *** eggy is now known as eggster
[22:56:31] *** Quits: Maylay (Read error: Operation timed out)
[22:58:55] *** Joins: nrq
[22:58:55] *** Quits: nrq_ (Read error: Connection reset by peer)
[22:59:05] *** Quits: phigcloud (Ping timeout: 600 seconds)
[23:00:31] *** Joins: phigcloud
[23:00:47] *** Joins: Maylay
