[01:08:25] *** Joins: ave_7
[01:09:27] *** ave_7 is now known as ave_
[02:49:47] *** Joins: fgsfds
[03:49:35] *** Quits: refs (Quit: refs)
[03:52:30] *** Quits: oreo639 (Quit: Quit)
[06:11:54] *** Quits: fgsfds (Read error: Connection reset by peer)
[06:14:49] *** Joins: fgsfds
[06:43:04] *** Quits: fgsfds (Quit: Leaving)
[09:52:07] *** Joins: m4ts
[09:53:41] *** Quits: m4ts_ (Ping timeout: 265 seconds)
[10:01:20] *** Joins: refsw2
[10:02:51] *** Quits: refsw` (Read error: Operation timed out)
[10:05:53] *** Quits: blasty (Read error: Connection reset by peer)
[10:06:09] *** Joins: eggy
[10:06:11] *** Joins: blasty
[10:06:15] *** Joins: KuKzz
[10:07:44] *** Quits: KuKzz_ (Ping timeout: 260 seconds)
[10:10:27] *** Quits: refsw2 (Read error: Operation timed out)
[10:12:31] *** Joins: refsw2
[10:12:52] *** Quits: eggster (Read error: Operation timed out)
[10:13:04] *** Quits: rmaw (Ping timeout: 857 seconds)
[10:13:04] *** Quits: |Shadow| (Ping timeout: 260 seconds)
[10:13:38] *** Quits: nrq (Read error: Operation timed out)
[10:13:50] *** Quits: thejsa (Read error: Operation timed out)
[10:13:52] *** Joins: nrq
[10:19:24] *** Quits: Maylay (Read error: Connection reset by peer)
[10:19:24] *** Quits: RaYmAn (Read error: Connection reset by peer)
[10:19:31] *** Joins: Maylay
[10:19:32] *** Quits: Maylay (Remote host closed the connection!)
[10:20:16] *** Joins: thejsa
[10:20:52] *** Quits: refsw2 (Read error: Operation timed out)
[10:21:54] *** Joins: refsw2
[10:22:45] *** Quits: Snetry (Read error: Connection reset by peer)
[10:24:25] *** Joins: Maylay
[10:24:41] *** Joins: Snetry
[10:25:32] *** Joins: rmaw
[10:27:41] *** Joins: |Shadow|
[10:28:36] *** Quits: thejsa (Read error: Connection reset by peer)
[10:30:15] *** Joins: thejsa
[10:30:50] *** Joins: refsw3
[10:31:02] *** Quits: d3m3vilur (Read error: Operation timed out)
[10:33:42] *** Joins: d3m3vilur
[10:35:35] *** Quits: blasty (Read error: Connection reset by peer)
[10:36:53] *** Quits: rmaw (Read error: Operation timed out)
[10:39:43] *** Quits: refsw2 (Read error: Operation timed out)
[10:40:40] *** Quits: Snetry (Ping timeout: 857 seconds)
[10:44:37] *** Quits: zini- (Read error: Operation timed out)
[10:44:43] *** Joins: zini
[10:44:53] *** Quits: nohit_ (Ping timeout: 857 seconds)
[10:47:48] *** Joins: n87
[11:06:44] *** Joins: Snetry
[11:08:31] *** Joins: nohit_
[11:11:09] *** Joins: blasty
[11:11:39] *** Joins: rmaw
[14:10:29] *** Quits: n87 (Read error: Connection reset by peer)
[14:33:28] *** Joins: RaYmAn
[15:36:40] *** Joins: rajkosto
[16:24:12] *** Joins: klock
[16:55:13] *** Joins: fgsfds
[18:05:43] *** Joins: nicholati
[18:06:19] *** nicholati is now known as nich
[18:06:26] <nich> bing bing wahoo
[18:20:18] *** Quits: rajkosto (Read error: Connection reset by peer)
[20:47:55] *** Joins: oreo639
[22:36:46] *** Joins: n87
[22:58:24] <plutobot> Wiki | Page changed: Error codes | User: Hexkyz | https://switchbrew.org/w/index.php?curid=82&diff=10954&oldid=10834
[23:15:44] *** Joins: refsw
[23:17:33] *** Quits: n87 (Read error: Connection reset by peer)
[23:26:37] *** Quits: refsw3 (Ping timeout: 745 seconds)
[23:41:57] *** Joins: techpries
[23:43:53] *** techpries is now known as tchprst
[23:44:05] *** tchprst is now known as techpries
[23:44:11] *** techpries is now known as tchpriest
[23:53:59] *** Joins: Retr0id
[23:59:09] *** Joins: changoXPR
