[00:12:28] *** Quits: phigcloud (Ping timeout: 496 seconds)
[00:13:30] *** Joins: phigcloud
[00:28:18] *** Joins: Felgar
[00:29:19] *** Joins: CCFL_Man_
[00:29:54] *** Quits: mtheall_ (Read error: Operation timed out)
[00:30:10] *** Joins: mtheall
[00:31:31] *** Quits: zombie343 (Read error: Operation timed out)
[00:32:30] *** Quits: Pieman (Read error: Operation timed out)
[00:32:56] *** Joins: Pieman
[00:33:16] *** Quits: ihaveamac (Ping timeout: 496 seconds)
[00:33:17] *** Quits: DacoTaco (Ping timeout: 496 seconds)
[00:33:48] *** Quits: CCFL_Man (Ping timeout: 496 seconds)
[00:34:20] *** Quits: Cu3PO42 (Ping timeout: 496 seconds)
[00:34:25] *** Joins: Cu3PO42
[00:43:09] *** Joins: DacoTaco
[00:44:36] *** Joins: KuKzz_
[00:49:07] *** Quits: KuKzz (Ping timeout: 745 seconds)
[01:21:22] *** Quits: mid-kid (Quit: WeeChat 3.1)
[01:21:46] *** Joins: mid-kid
[01:26:58] *** Joins: ihaveamac
[01:40:07] *** CCFL_Man_ is now known as CCFL_Man
[01:42:21] *** Quits: balrog (Quit: Bye)
[01:49:11] *** Joins: balrog
[01:53:32] *** Joins: oreo639_
[01:54:57] *** Quits: oreo639 (Read error: Operation timed out)
[02:24:11] *** Quits: oreo639_ (Quit: Quit)
[02:24:31] *** Joins: oreo639
[03:38:40] *** Joins: changoXPR
[03:40:38] *** Quits: changO- (Read error: Operation timed out)
[03:47:01] *** Quits: Shiz (Ping timeout: 265 seconds)
[03:52:21] *** Joins: Shiz
[05:14:40] *** Joins: changO-
[05:19:43] *** Quits: changoXPR (Read error: Operation timed out)
[05:21:53] *** Quits: refs (Quit: refs)
[06:16:40] *** Quits: balrog (Read error: Operation timed out)
[06:20:02] *** Joins: balrog
[07:39:43] *** Quits: fgsfds (Read error: Connection reset by peer)
[08:09:32] *** Quits: Cu3PO42 (Ping timeout: 745 seconds)
[08:16:55] *** Joins: Cu3PO42
[09:19:18] *** Joins: zini-
[09:23:57] *** Quits: zini (Read error: Operation timed out)
[09:31:30] *** Joins: n00b639
[10:13:01] *** Joins: CCFL_Man_
[10:13:29] *** Quits: CCFL_Man (Read error: Operation timed out)
[10:23:26] *** Quits: d3m3vilur (Read error: Operation timed out)
[10:25:30] *** Joins: SCV______
[10:25:55] *** Joins: d3m3vilur
[10:47:38] *** Joins: flotwig
[10:53:16] *** Quits: GeekShado (Read error: Operation timed out)
[11:03:21] *** Quits: oreo639 (Quit)
[12:16:14] *** Joins: Retr0id
[13:29:58] *** Joins: refs
[13:49:07] *** Quits: n00b639 (Ping timeout: 252 seconds)
[14:13:42] *** Quits: Retr0id (se.hub irc.efnet.nl)
[14:13:42] *** Quits: d3m3vilur (se.hub irc.efnet.nl)
[14:13:42] *** Quits: CCFL_Man_ (se.hub irc.efnet.nl)
[14:13:42] *** Quits: Pieman (se.hub irc.efnet.nl)
[14:13:42] *** Quits: Sentry- (se.hub irc.efnet.nl)
[14:13:42] *** Quits: lex1 (se.hub irc.efnet.nl)
[14:13:42] *** Quits: nohit_ (se.hub irc.efnet.nl)
[14:13:42] *** Quits: rmaw (se.hub irc.efnet.nl)
[14:13:42] *** Quits: blasty (se.hub irc.efnet.nl)
[14:13:42] *** Quits: RaYmAn (se.hub irc.efnet.nl)
[14:13:42] *** Quits: thejsa (se.hub irc.efnet.nl)
[14:17:14] *** Joins: Retr0id
[14:17:14] *** Joins: d3m3vilur
[14:17:14] *** Joins: Pieman
[14:17:14] *** Joins: Sentry-
[14:17:14] *** Joins: lex1
[14:17:14] *** Joins: nohit_
[14:17:14] *** Joins: rmaw
[14:17:14] *** Joins: blasty
[14:48:41] *** Joins: RaYmAn
[14:48:42] *** Joins: thejsa
[14:53:37] *** Quits: ave_ (Quit: o/ https://thelounge.lasagna.dev)
[14:54:01] *** Joins: ave_
[17:04:20] *** Joins: sh0e-
[17:04:20] *** Quits: sh0e (Read error: Connection reset by peer)
[18:38:45] *** Joins: fgsfds
[19:31:44] <plutobot> Wiki | Page changed: Flash Filesystem | User: Hexkyz | https://switchbrew.org/w/index.php?curid=151&diff=10956&oldid=10556
[19:55:44] <plutobot> Wiki | Page changed: Flash Filesystem | User: Hexkyz | https://switchbrew.org/w/index.php?curid=151&diff=10957&oldid=10956
[23:23:21] *** Joins: oreo639
