[00:28:55] *** Quits: jn (Read error: Connection reset by peer)
[00:31:49] *** Joins: jn
[00:46:30] *** Joins: jn_
[00:46:31] *** Quits: jn (Read error: Connection reset by peer)
[01:51:20] *** Quits: oreo639 (Read error: Operation timed out)
[02:51:50] *** Joins: oreo639
[04:39:41] *** Quits: refs (Quit: refs)
[06:42:35] *** Joins: changoXPR
[06:50:55] *** Quits: changO- (Ping timeout: 501 seconds)
[07:02:32] *** Joins: m4ts
[07:05:31] *** Quits: m4ts_ (Ping timeout: 265 seconds)
[07:10:24] *** Joins: m4ts_
[07:13:15] *** Quits: m4ts (Ping timeout: 265 seconds)
[07:17:10] *** Quits: GerbilSof (Quit: Windows must now restart because the Remote Procedure Call (RPC) service terminated unexpectedly.)
[07:49:44] *** Quits: fgsfds (Read error: Connection reset by peer)
[08:12:27] *** Joins: m4ts
[08:15:07] *** Quits: m4ts_ (Ping timeout: 265 seconds)
[08:52:00] *** Quits: zini- (Ping timeout: 600 seconds)
[09:11:02] *** Joins: m4ts_
[09:12:38] *** Quits: m4ts (Ping timeout: 265 seconds)
[09:19:54] *** Joins: zini
[10:17:31] *** Quits: changoXPR (Read error: Operation timed out)
[10:37:48] *** Quits: ave_ (Quit: o/ https://thelounge.lasagna.dev)
[10:38:22] *** Joins: ave_
[10:59:07] *** Quits: flotwig (hub.efnet.us irc.colosolutions.net)
[10:59:07] *** Quits: balrog (hub.efnet.us irc.colosolutions.net)
[10:59:07] *** Quits: KuKzz_ (hub.efnet.us irc.colosolutions.net)
[10:59:07] *** Quits: cpncok3 (hub.efnet.us irc.colosolutions.net)
[11:01:03] *** Joins: balrog_
[11:07:29] *** Joins: KuKzz_
[11:07:29] *** Joins: cpncok3
[11:14:09] *** Quits: oreo639 (Read error: Operation timed out)
[11:14:31] *** balrog_ is now known as balrog
[11:19:49] *** Joins: oreo639
[12:13:13] *** Joins: zini-
[12:19:09] *** Quits: oreo639 (Read error: Operation timed out)
[12:19:27] *** Quits: zini (Ping timeout: 745 seconds)
[14:13:38] *** Quits: mid-kid (Quit: WeeChat 3.1)
[14:13:53] *** Joins: mid-kid
[14:20:02] *** Quits: mid-kid (Quit: WeeChat 3.1)
[14:20:15] *** Joins: mid-kid
[15:59:13] *** Joins: GerbilSof
[17:18:20] *** Joins: refsw3
[17:29:12] *** Quits: refsw2 (Ping timeout: 745 seconds)
[18:43:37] *** Joins: fgsfds
[19:47:43] *** Joins: Mimoja
[21:39:41] *** Joins: mega
[21:50:42] *** Joins: refs
[22:41:27] *** Joins: changO-
[23:04:32] *** Joins: oreo639
