[00:17:35] *** Quits: sh0e- (Read error: Connection reset by peer)
[00:19:10] *** Joins: sh0e
[00:21:05] *** Quits: oreo639 (Ping timeout: 492 seconds)
[00:28:14] *** Joins: oreo639
[00:54:53] *** Joins: PistonMin
[01:45:07] *** Joins: CCFL_Man
[01:58:11] *** Quits: lameboy (Ping timeout: 186 seconds)
[01:58:21] *** Joins: lameboy
[02:25:27] *** Quits: refs (Quit: refs)
[02:48:37] *** Quits: oreo639 (Ping timeout: 745 seconds)
[03:59:58] *** Quits: Felgar ()
[04:36:30] *** Quits: PistonMin (Read error: Operation timed out)
[04:49:15] *** Quits: GerbilSof (Read error: Operation timed out)
[04:49:55] *** Joins: GerbilSof
[04:53:25] *** Quits: fgsfds (Read error: Connection reset by peer)
[04:56:51] *** Quits: lameboy (Ping timeout: 186 seconds)
[04:57:19] *** Joins: lameboy
[06:16:26] *** Quits: balrog (Read error: Operation timed out)
[06:19:26] *** Joins: balrog
[06:25:54] *** Quits: GerbilSof (Quit: Windows must now restart because the Remote Procedure Call (RPC) service terminated unexpectedly.)
[06:30:34] *** Quits: m4ts_ (Ping timeout: 265 seconds)
[06:31:53] *** Joins: m4ts
[06:37:49] *** Quits: m4ts (Ping timeout: 265 seconds)
[06:39:17] *** Quits: mega (Ping timeout: 604 seconds)
[06:54:26] *** Joins: m4ts
[06:54:32] *** Joins: GerbilSof
[07:33:37] *** Joins: lameboy2
[07:36:18] *** Quits: lameboy (Read error: Operation timed out)
[07:36:20] *** lameboy2 is now known as lameboy
[08:04:06] *** Joins: oreo639
[08:07:58] *** Quits: oreo639 (Client Quit)
[08:08:20] *** Joins: oreo639
[08:52:08] *** Quits: Lightswor (Read error: Connection reset by peer)
[10:03:41] *** Joins: m4ts_
[10:05:39] *** Quits: m4ts (Ping timeout: 265 seconds)
[11:00:16] *** Quits: m4ts_ (Ping timeout: 265 seconds)
[11:09:56] *** Joins: m4ts
[11:33:37] *** Quits: m4ts (Ping timeout: 265 seconds)
[11:41:14] *** Joins: m4ts
[12:35:58] *** Quits: zini- (Ping timeout: 265 seconds)
[12:40:06] *** Joins: zini
[14:06:33] *** Quits: oreo639 (Read error: Operation timed out)
[15:49:36] *** Quits: ris2z (Excess Flood)
[15:50:23] *** Joins: ris2z
[17:04:42] *** Quits: Maylay (Ping timeout: 265 seconds)
[17:08:08] *** Joins: Maylay
[17:08:09] *** Quits: Maylay (Remote host closed the connection!)
[17:11:59] *** Joins: fgsfds
[17:12:14] *** Joins: Maylay
[17:49:57] <plutobot> Wiki | Page changed: Filesystem services | User: Shchmue | https://switchbrew.org/w/index.php?curid=87&diff=10958&oldid=10781
[21:46:05] *** Joins: refs
[23:31:32] *** Joins: Pokemod97
