[00:11:46] *** Joins: oreo639
[01:06:40] *** Quits: Pokemod97 (Read error: Operation timed out)
[01:23:17] *** Quits: oreo639 (Ping timeout: 492 seconds)
[01:23:54] *** Joins: oreo639
[01:28:13] *** Quits: oreo639 (Client Quit)
[02:12:53] *** Quits: changO- (Read error: Connection reset by peer)
[02:38:30] *** Quits: refs (Quit: refs)
[03:12:23] *** Quits: ave_ (Quit: sayonara o/)
[03:12:56] *** Joins: ave_
[03:13:11] *** Quits: ave_ (Client Quit)
[03:14:38] *** Joins: ave_
[03:15:26] *** Quits: ave_ (Client Quit)
[03:18:18] *** Joins: ave_
[03:31:12] *** Joins: Pokemod97
[05:07:52] *** Joins: changO-
[08:11:41] *** Quits: fgsfds (Read error: Connection reset by peer)
[09:11:29] *** Joins: oreo639
[09:58:57] *** Quits: oreo639 (Read error: Connection reset by peer)
[10:16:17] *** Quits: averne (quit)
[10:17:24] *** Joins: averne
[10:17:24] *** Server sets mode: +stn 
[10:20:25] *** Quits: averne (quit)
[10:23:50] *** Joins: averne
[10:23:50] *** Server sets mode: +stn 
[13:01:19] *** Joins: n87
[15:56:58] *** Quits: Sentry- (Quit: left EFNet)
[15:57:08] *** Joins: Snetry
[16:13:48] *** Quits: GrecKo (Ping timeout: 265 seconds)
[16:27:40] *** Joins: GrecKo
[17:48:09] *** Joins: fgsfds
[19:44:05] *** Joins: derk0pf
[21:11:17] <plutobot> Wiki | Page changed: PSC services | User: Hexkyz | https://switchbrew.org/w/index.php?curid=271&diff=10959&oldid=10719
[21:12:09] <plutobot> Wiki | Page changed: PSC services | User: Hexkyz | https://switchbrew.org/w/index.php?curid=271&diff=10960&oldid=10959
[21:19:17] <plutobot> Wiki | Page changed: PSC services | User: Hexkyz | https://switchbrew.org/w/index.php?curid=271&diff=10961&oldid=10960
[21:49:30] *** Quits: fgsfds (Leaving)
[21:49:46] *** Joins: fgsfds
[22:35:54] *** Quits: n87 (Read error: Connection reset by peer)
[23:16:12] *** Quits: fgsfds (Read error: Connection reset by peer)
[23:17:36] *** Quits: derk0pf (Read error: Operation timed out)
[23:24:45] *** Joins: fgsfds
