[01:23:24] *** Quits: KuKzz_ (Ping timeout: 265 seconds)
[01:30:00] *** Joins: KuKzz
[03:47:52] *** Quits: refsw3 (Read error: Connection reset by peer)
[03:48:16] *** Joins: refsw3
[03:56:55] *** Quits: thomasnet (Quit: Bye!)
[03:57:26] *** Joins: thomasnet
[04:24:28] *** Quits: thomasnet (Quit: Bye!)
[04:24:42] *** Joins: thomasnet
[04:42:34] *** Joins: lameboy2
[04:50:24] *** Quits: lameboy (Read error: Operation timed out)
[04:50:26] *** lameboy2 is now known as lameboy
[06:22:25] *** Joins: flagrama
[06:47:43] *** Joins: Lightswor
[06:54:28] *** Quits: Lightswor (Quit: ZNC)
[06:55:06] *** Joins: Lightswor
[07:08:08] *** Quits: fgsfds (Read error: Connection reset by peer)
[09:07:11] *** Quits: CCFL_Man (Read error: Operation timed out)
[09:07:56] *** Joins: CCFL_Man
[09:10:19] *** Joins: flotwig
[09:20:18] *** Quits: flotwig (Read error: Operation timed out)
[11:03:03] *** Joins: n87
[17:20:14] *** Quits: n87 (Read error: Connection reset by peer)
[17:34:22] *** Joins: refs
[18:21:22] *** Quits: flagrama (se.hub irc.nordunet.se)
[18:21:22] *** Quits: GerbilSof (se.hub irc.nordunet.se)
[18:21:22] *** Quits: Shiz (se.hub irc.nordunet.se)
[18:21:22] *** Quits: phigcloud (se.hub irc.nordunet.se)
[18:21:22] *** Quits: freundTec (se.hub irc.nordunet.se)
[18:21:37] *** Joins: flagrama_
[18:21:50] *** Joins: GerbilS3
[18:22:43] *** Joins: freundTe-
[18:23:56] *** Joins: Shiz__
[18:42:59] *** Joins: phigcloud
[19:16:48] *** Joins: fgsfds
[21:17:16] <plutobot> Wiki | Page changed: Error codes | User: Hexkyz | https://switchbrew.org/w/index.php?curid=82&diff=10962&oldid=10954
[21:40:35] <plutobot> Wiki | Page changed: Error codes | User: Hexkyz | https://switchbrew.org/w/index.php?curid=82&diff=10963&oldid=10962
[22:36:55] *** Joins: m4ts_
[22:39:50] *** Quits: m4ts (Ping timeout: 265 seconds)
