[00:24:36] *** Joins: figgis_
[00:30:45] *** Quits: fgsfds (Ping timeout: 600 seconds)
[00:51:06] *** Joins: zini-
[00:52:52] *** Quits: zini (Read error: Operation timed out)
[01:55:45] *** Quits: Pokemod97 (Read error: Connection reset by peer)
[02:00:41] *** Quits: sh0e (Read error: Connection reset by peer)
[02:00:45] *** Joins: sh0e
[02:06:05] *** Quits: changO- (Ping timeout: 496 seconds)
[02:07:03] *** Joins: changO-
[02:11:05] *** Joins: Pokemod97
[04:27:48] *** Quits: Pokemod97 (The Lounge - https://thelounge.chat)
[04:28:06] *** Joins: Pokemod97
[04:57:00] *** Quits: refs (Quit: refs)
[05:15:47] *** Joins: oreo639
[05:31:14] *** Joins: changoXPR
[05:35:09] *** Quits: changO- (Ping timeout: 496 seconds)
[05:46:18] *** Quits: KuKzz (Ping timeout: 260 seconds)
[09:06:42] *** Quits: GerbilS3 (Quit: Windows must now restart because the Remote Procedure Call (RPC) service terminated unexpectedly.)
[09:07:05] *** Joins: GerbilSof
[09:54:53] *** Joins: n87
[10:22:31] *** Quits: oreo639 (Quit: No Ping reply in 180 seconds.)
[10:23:50] *** Joins: oreo639
[10:44:25] *** Quits: oreo639 (Quit: Quit)
[11:53:11] *** Quits: n87 (Read error: Connection reset by peer)
[12:56:35] *** Joins: KuKzz
[12:56:55] *** Quits: KuKzz (Client Quit)
[12:57:23] *** Joins: KuKzz
[13:47:58] *** Quits: figgis_ (Quit: Leaving)
[14:04:43] *** Quits: GrecKo (Quit: GrecKo)
[14:52:47] *** Joins: GrecKo
[15:43:28] *** Joins: n87
[16:58:59] *** Quits: lameboy (Ping timeout: 186 seconds)
[18:38:20] *** Joins: refs
[19:09:08] <plutobot> GitHub | New PR: Bluetooth pr ... | User: yellows | https://github.com/switchbrew/libnx/pull/552
[20:01:23] <plutobot> GitHub | New commit | User: yellows | https://github.com/switchbrew/libnx/commit/f486127615
[20:12:42] *** Joins: fgsfds
[23:14:05] *** Quits: n87 (Read error: Connection reset by peer)
