[00:49:20] *** Joins: giglife_
[01:01:24] *** Quits: giglife (Read error: Operation timed out)
[01:01:24] *** giglife_ is now known as giglife
[02:02:41] *** Quits: DacoTaco (Ping timeout: 265 seconds)
[02:38:27] <plutobot> GitHub | New commit | User: plutoo | https://github.com/switchbrew/libnx/commit/f893c043f7
[02:38:27] <plutobot> GitHub | New commit | User: plutoo | https://github.com/switchbrew/libnx/commit/6ce881b013
[02:38:27] <plutobot> GitHub | New commit | User: plutoo | https://github.com/switchbrew/libnx/commit/a1ddefd3ca
[02:41:19] *** Joins: DacoTaco
[03:01:32] <plutobot> GitHub | New commit | User: plutoo | https://github.com/switchbrew/libnx/commit/5421d1d716
[03:01:32] <plutobot> GitHub | New commit | User: plutoo | https://github.com/switchbrew/libnx/commit/5d95e17f9b
[03:01:32] <plutobot> GitHub | New commit | User: plutoo | https://github.com/switchbrew/libnx/commit/4b2d111859
[04:30:59] *** Quits: refs (Quit: refs)
[05:25:01] *** Joins: oreo639
[09:40:05] *** Quits: GrecKo (Quit: GrecKo)
[09:40:26] *** Joins: GrecKo
[09:41:31] *** Quits: GrecKo (Client Quit)
[09:43:12] *** Joins: GrecKo
[10:10:21] *** Quits: fgsfds (Read error: Connection reset by peer)
[10:11:52] *** Joins: derk0pf
[10:11:59] *** derk0pf is now known as streichho
[10:13:04] <streichho> test
[10:39:27] *** Joins: n87
[11:04:54] *** Quits: zini- (Ping timeout: 252 seconds)
[11:11:26] *** Joins: zini
[13:16:45] *** Joins: m4ts
[13:18:23] *** Quits: m4ts_ (Ping timeout: 265 seconds)
[14:14:29] *** Quits: oreo639 (Quit: Quit)
[17:24:19] *** Quits: DoozerBot (Read error: Connection reset by peer)
[17:26:00] *** Joins: DoozerBot
[17:47:57] *** Quits: SCV______ (Ping timeout: 1230 seconds)
[17:48:10] *** Joins: SCV______
[18:01:45] <plutobot> GitHub | New commit | User: fincs | https://github.com/switchbrew/libnx/commit/4a850437f2
[19:16:08] *** Quits: ave_ (Remote host closed the connection)
[19:17:32] *** Joins: ave_
[19:37:27] *** Joins: fgsfds
[21:27:23] *** Quits: GerbilSof (Quit: Windows must now restart because the Remote Procedure Call (RPC) service terminated unexpectedly.)
[21:30:59] *** Joins: refs
[21:31:19] *** Joins: GerbilSof
[21:52:25] *** Quits: n87 (Read error: Connection reset by peer)
[23:01:23] *** Joins: m4ts_
[23:04:40] *** Quits: m4ts (Ping timeout: 265 seconds)
[23:16:16] *** Quits: m4ts_ (Ping timeout: 265 seconds)
