[00:02:02] *** Quits: oreo639 (Ping timeout: 612 seconds)
[00:09:24] *** Joins: oreo639
[00:33:55] *** Quits: fgsfds (Read error: Connection reset by peer)
[01:02:42] *** Joins: oreo639_
[01:02:42] *** Quits: oreo639 (Read error: Connection reset by peer)
[01:49:13] *** Quits: n87 (Read error: Connection reset by peer)
[03:21:26] *** Joins: Snetry
[03:22:47] *** Quits: Sentry (Read error: Operation timed out)
[03:22:47] *** Snetry is now known as Sentry
[03:42:45] *** Quits: averne (quit)
[03:43:40] *** Joins: averne
[03:43:42] *** Server sets mode: +stn 
[03:52:15] *** Quits: averne (quit)
[03:52:49] *** Joins: averne
[03:52:58] *** Server sets mode: +stn 
[04:36:49] *** Quits: averne (quit)
[04:40:12] *** Joins: averne
[04:40:12] *** Server sets mode: +stn 
[05:32:10] *** Joins: zini-
[05:32:10] *** Quits: zini (Read error: Connection reset by peer)
[05:32:22] *** Joins: thejsa_
[05:36:45] *** Joins: dibas_
[05:36:46] *** Quits: dibas (Read error: Connection reset by peer)
[05:36:51] *** dibas_ is now known as dibas
[05:41:26] *** Quits: thejsa (Ping timeout: 1213 seconds)
[05:41:26] *** Quits: dibas (Read error: Connection reset by peer)
[05:41:27] *** thejsa_ is now known as thejsa
[05:41:42] *** Joins: dibas
[05:47:54] *** Joins: dibas_
[05:47:54] *** Quits: dibas (Read error: Connection reset by peer)
[05:48:00] *** dibas_ is now known as dibas
[07:44:31] *** Quits: oreo639_ (Quit: Quit)
[07:45:11] *** Joins: oreo639
[11:23:30] *** Quits: oreo639 (Ping timeout: 480 seconds)
