[00:18:43] *** Quits: n87 (Read error: Connection reset by peer)
[00:27:46] *** Joins: parataxia
[01:27:36] <plutobot> Wiki | Page changed: NS Services | User: yls8 | https://switchbrew.org/w/index.php?curid=89&diff=12080&oldid=12000
[04:19:01] <plutobot> Wiki | Page changed: NS Services | User: yls8 | https://switchbrew.org/w/index.php?curid=89&diff=12081&oldid=12080
[07:25:47] *** Quits: fgsfds (Read error: Connection reset by peer)
[08:37:21] *** Quits: parataxia (Quit: Connection closed for inactivity)
[11:04:20] *** Joins: oreo639_
[11:04:20] *** Quits: oreo639 (Read error: Connection reset by peer)
[12:26:59] *** Quits: oreo639_ (Read error: Operation timed out)
[14:25:26] *** Joins: fgsfds
[14:47:39] *** Joins: refs
[16:33:32] *** Quits: fgsfds (Read error: Connection reset by peer)
[16:41:01] *** Joins: fgsfds
[16:43:17] *** Quits: GerbilS7 (Remote host closed the connection)
[16:43:54] *** Quits: fgsfds (Read error: Connection reset by peer)
[16:44:55] *** Joins: fgsfds
[16:46:44] *** Joins: GerbilSof
[16:55:12] *** Quits: balrog (Quit: Bye)
[17:10:16] *** Joins: balrog
[17:36:49] *** Quits: fgsfds (Quit: Leaving)
[17:40:31] *** Joins: fgsfds
[18:07:21] *** Joins: parataxia
[19:35:12] *** Quits: fgsfds (Quit: Leaving)
[20:45:32] <plutobot> Wiki | Page changed: OLSC services | User: yls8 | https://switchbrew.org/w/index.php?curid=347&diff=12082&oldid=11630
[22:19:34] <plutobot> Wiki | Page changed: GRC services | User: yls8 | https://switchbrew.org/w/index.php?curid=272&diff=12083&oldid=11924
[22:53:37] *** Joins: oreo639
[23:24:11] *** Joins: fgsfds
