[03:38:29] *** Joins: sentry
[03:39:48] *** Quits: Snetry (Read error: Connection refused)
[03:39:48] *** sentry is now known as Snetry
[03:44:41] *** Quits: substanc3 (Ping timeout: 317 seconds)
[03:47:58] *** Quits: Maylay (Ping timeout: 316 seconds)
[03:48:11] *** Joins: Maylay
[03:48:54] *** Quits: oldtopman (Ping timeout: 493 seconds)
[03:49:17] *** Joins: oldtopman
[03:52:46] *** Joins: substanc3
[03:58:36] *** Quits: substanc3 (Ping timeout: 316 seconds)
[05:05:24] *** Joins: substanc3
[05:36:29] *** Quits: tertu (Read error: Operation timed out)
[05:37:12] *** Quits: oldtopman (Read error: Operation timed out)
[05:37:34] *** Joins: oldtopman
[05:38:05] *** Joins: hexkyz
[05:38:45] *** Joins: |Shadow|_
[05:39:59] *** Joins: tertu
[05:41:56] *** Quits: |Shadow| (Read error: Operation timed out)
[05:42:10] *** Quits: hexkyz_ (Read error: Operation timed out)
[08:13:13] *** Quits: lameboy (Ping timeout: 240 seconds)
[08:15:18] *** Joins: lameboy
[08:19:43] *** Quits: lameboy (Ping timeout: 240 seconds)
[08:26:18] *** Joins: lameboy
[10:29:06] *** Joins: oreo639
[11:41:32] *** Quits: oreo639 (Read error: Operation timed out)
[11:50:18] *** Joins: Retr0id
[12:30:20] *** |Shadow|_ is now known as |Shadow|
[14:58:45] *** Joins: fgsfds
[16:55:40] *** Quits: fgsfds (Ping timeout: 240 seconds)
[20:08:54] *** Joins: oreo639
[20:13:59] *** Joins: lameboy2
[20:18:15] *** Quits: lameboy (Read error: Operation timed out)
[20:18:20] *** lameboy2 is now known as lameboy
[20:50:22] *** Joins: tom2199
[21:02:53] *** Quits: tom2199 (Ping timeout: 622 seconds)
[21:45:18] *** Joins: tom2199
[21:57:19] *** Quits: tom2199 (Ping timeout: 622 seconds)
[23:25:23] *** Quits: GerbilSof (Quit: Windows must now restart because the Remote Procedure Call (RPC) service terminated unexpectedly.)
