[01:43:49] <plutobot> Wiki | Page changed: BTM services | User: Hexkyz | https://switchbrew.org/w/index.php?curid=306&diff=12892&oldid=12891
[02:00:22] <plutobot> Wiki | Page changed: Error codes | User: Hexkyz | https://switchbrew.org/w/index.php?curid=82&diff=12893&oldid=12799
[02:48:27] *** Quits: fgsfds (Read error: Connection reset by peer)
[04:22:40] *** Quits: tertu (Read error: Operation timed out)
[04:28:21] *** Quits: hexkyz (Read error: Operation timed out)
[04:29:09] *** Quits: |Shadow| (Read error: Operation timed out)
[04:41:54] *** Joins: hexkyz
[04:43:10] *** Joins: |Shadow|
[04:44:14] *** Joins: tertu
[05:44:49] *** Quits: Stary (Quit: ZNC - http://znc.in)
[05:50:33] *** Joins: nohit___
[05:51:29] *** Joins: Stary
[05:54:42] *** Quits: nohit__ (Ping timeout: 622 seconds)
[05:54:42] *** nohit___ is now known as nohit__
[09:24:09] *** Quits: tertu (Read error: Operation timed out)
[09:27:47] *** Joins: hexkyz_
[09:29:54] *** Quits: hexkyz (Read error: Operation timed out)
[09:33:14] *** Joins: hexkyz
[09:33:23] *** Joins: tertu
[09:35:13] *** Quits: hexkyz_ (Read error: Operation timed out)
