[04:05:17] *** Joins: oreo639
[06:12:59] *** Joins: GerbilSof
[08:42:59] *** Joins: n87
[09:02:02] *** Quits: n87 (Read error: Connection reset by peer)
[09:32:46] *** Joins: n87
[09:42:14] *** Joins: n87_2
[09:46:21] *** Quits: n87 (Ping timeout: 606 seconds)
[10:00:03] *** Quits: n87_2 (Read error: Connection reset by peer)
[10:03:29] *** Joins: n87
[11:29:33] *** Quits: n87 (Remote host closed the connection)
[11:29:39] *** Joins: n87
[11:47:25] *** Quits: oreo639 (Ping timeout: 260 seconds)
[16:43:39] *** Quits: n87 (Read error: Connection reset by peer)
[16:45:59] *** Joins: n87
[19:40:31] *** Joins: oreo639
[20:58:42] *** Quits: n87 (Read error: Connection reset by peer)
[21:00:49] *** Joins: n87
[21:15:01] *** Joins: Surkow
[23:54:12] *** Joins: n87_2
[23:58:32] *** Quits: n87_2 (Read error: Connection reset by peer)
