[00:21:12] <plutobot> Wiki | Page changed: Settings services | User: Hexkyz | https://switchbrew.org/w/index.php?curid=110&diff=12905&oldid=12904
[01:08:38] <plutobot> Wiki | Page changed: Calibration | User: Hexkyz | https://switchbrew.org/w/index.php?curid=213&diff=12906&oldid=10628
[01:08:48] <plutobot> Wiki | Page changed: Flash Filesystem | User: Hexkyz | https://switchbrew.org/w/index.php?curid=151&diff=12907&oldid=12639
[01:49:55] *** Quits: Retr0id (Read error: Connection reset by peer)
[01:50:03] *** Quits: Snetry (Read error: Operation timed out)
[01:52:30] *** Quits: imax_ (Read error: Operation timed out)
[01:58:24] *** Quits: lex1 (Read error: Operation timed out)
[02:01:25] *** Quits: averne (quit)
[02:03:31] *** Joins: averne
[02:03:31] *** Joins: lex1
[02:03:34] *** Server sets mode: +stn 
[02:03:36] *** Joins: imax_
[02:04:27] *** Quits: maylay (Write error: Broken pipe)
[02:04:57] *** Quits: lameboy (Read error: Operation timed out)
[02:11:25] <plutobot> Wiki | Page changed: Settings services | User: Hexkyz | https://switchbrew.org/w/index.php?curid=110&diff=12909&oldid=12905
[02:11:45] *** Joins: maylay
[02:11:52] *** Joins: lameboy
[02:12:36] <plutobot> Wiki | Page changed: Calibration | User: Hexkyz | https://switchbrew.org/w/index.php?curid=213&diff=12910&oldid=12908
[02:15:20] <plutobot> Wiki | Page changed: Calibration | User: Hexkyz | https://switchbrew.org/w/index.php?curid=213&diff=12911&oldid=12910
[02:35:49] *** Quits: lameboy (Read error: Operation timed out)
[02:41:48] *** Joins: lameboy
[02:43:17] *** Quits: lameboy (se.hub efnet.deic.eu)
[02:43:17] *** Quits: nohit__ (se.hub efnet.deic.eu)
[02:54:36] *** Joins: uyjulian_
[02:55:53] *** Joins: nohit__
[02:56:08] *** Quits: tertu (Read error: Operation timed out)
[02:57:17] *** Quits: uyjulian (Read error: Operation timed out)
[02:57:17] *** uyjulian_ is now known as uyjulian
[03:00:43] *** Joins: mendelmun
[03:01:17] *** Joins: tertu
[03:01:29] *** Quits: nohit__ (se.hub efnet.deic.eu)
[03:02:02] *** Quits: mendel_mu (Read error: Operation timed out)
[03:03:14] *** Quits: Extrems (Read error: Operation timed out)
[03:03:28] *** Joins: Extrems
[03:06:36] *** Quits: DacoTaco_ (Ping timeout: 269 seconds)
[03:08:41] *** Quits: IShaDoWl (hub.efnet.us irc.colosolutions.net)
[03:08:41] *** Quits: Stary (hub.efnet.us irc.colosolutions.net)
[03:08:41] *** Quits: substanc3 (hub.efnet.us irc.colosolutions.net)
[03:08:41] *** Joins: nohit__
[03:09:07] *** Quits: hexkyz (Ping timeout: 630 seconds)
[03:09:25] *** Joins: DacoTaco
[03:11:24] *** Quits: tertu (Read error: Operation timed out)
[03:11:42] *** Joins: mendel_mu
[03:13:50] *** Joins: hexkyz
[03:15:26] *** Joins: tertu
[03:15:43] *** Quits: mendelmun (Ping timeout: 630 seconds)
[03:19:38] *** Joins: Stary
[03:19:38] *** Joins: substanc3
[03:21:54] *** Joins: lameboy2
[03:22:34] *** Joins: IShaDoWl
[03:22:50] *** Quits: lameboy2 (se.hub efnet.deic.eu)
[03:22:50] *** Quits: nohit__ (se.hub efnet.deic.eu)
[03:26:55] *** Quits: tertu (Read error: Operation timed out)
[03:31:43] *** Joins: oreo639
[03:32:41] *** Quits: hexkyz (Read error: Operation timed out)
[03:35:05] *** Joins: nohit__
[03:47:55] *** Joins: hexkyz
[03:49:03] *** Joins: tertu
[04:22:54] *** Joins: maylay_
[04:22:54] *** Quits: maylay (Read error: Connection reset by peer)
[08:12:18] *** Joins: lameboy
[09:59:35] *** Quits: Extrems (Quit: ZNC 1.7.5 - https://znc.in)
[09:59:39] *** Joins: Extrems
[12:39:50] *** Joins: madk
[13:48:32] *** Quits: oreo639 (Read error: Operation timed out)
[20:04:58] *** Joins: oreo639
[22:10:10] *** Quits: Retr0id (Read error: Operation timed out)
[22:43:26] *** Joins: Retr0id
[22:59:26] *** Quits: |Shadow| ()
[23:06:14] *** Joins: |Shadow|
[23:27:13] *** Joins: TAL
[23:47:52] *** Quits: oreo639 (Read error: Operation timed out)
