[00:13:32] *** Joins: oreo639
[01:48:15] *** Quits: oreo639 (Read error: Operation timed out)
[01:56:46] *** Joins: oreo639
[02:07:59] *** Quits: madk (Quit: ZNC 1.9.1 - https://znc.in)
[04:01:02] *** Joins: sentry
[04:02:21] *** Quits: Snetry (Read error: Connection refused)
[04:02:21] *** sentry is now known as Snetry
[04:07:58] *** Quits: oreo639 (Remote host closed the connection)
[04:08:21] *** Joins: oreo639
[04:57:06] *** Quits: oreo639 (Read error: Operation timed out)
[05:30:26] *** Joins: oreo639
[07:53:43] *** Quits: balrog (Ping timeout: 240 seconds)
[08:06:31] *** Joins: balrog
[10:47:28] *** Quits: oreo639 (Read error: Operation timed out)
[19:45:49] *** Quits: maylay_ (Read error: Operation timed out)
[19:49:49] *** Joins: maylay
[20:09:41] *** Quits: maylay (Ping timeout: 260 seconds)
[20:12:03] *** Joins: maylay
[22:10:39] *** Joins: oreo639
[23:02:59] *** Quits: IShaDoWl ()
[23:10:34] <plutobot> Wiki | Page changed: Calibration | User: Hexkyz | https://switchbrew.org/w/index.php?curid=213&diff=12912&oldid=12911
[23:54:20] *** Quits: oreo639 (Ping timeout: 245 seconds)
