[00:05:28] *** Quits: rajkosto (Read error: Connection reset by peer)
[00:29:16] *** Joins: Snetry
[00:30:36] *** Quits: Sentry (Read error: Operation timed out)
[00:30:36] *** Snetry is now known as Sentry
[02:30:14] *** Quits: Maylay (Ping timeout: 493 seconds)
[03:00:59] *** Joins: Maylay
[03:28:56] *** Joins: Snetry
[03:30:15] *** Quits: Sentry (Read error: Operation timed out)
[03:30:15] *** Snetry is now known as Sentry
[04:50:47] *** Quits: refs (Quit: refs)
[06:33:06] *** Quits: Maylay (Ping timeout: 265 seconds)
[07:16:47] *** Joins: Maylay
[08:56:15] *** Quits: Maylay (Ping timeout: 493 seconds)
[09:36:21] *** Joins: Maylay
[10:01:25] *** Quits: oreo639 (Ping timeout: 260 seconds)
[13:34:34] *** Quits: m4ts (Ping timeout: 265 seconds)
[13:35:53] *** Joins: m4ts
[18:23:36] *** Quits: m4ts (Ping timeout: 265 seconds)
[20:56:15] *** Joins: m4ts
[20:59:20] *** Quits: Maylay (Read error: Operation timed out)
[21:41:31] *** Joins: refs
[21:50:21] *** Joins: Maylay
[22:38:53] *** Joins: oreo639
[23:41:38] *** Quits: Genolo (Ping timeout: 265 seconds)
