[01:04:58] *** Joins: Genolo
[01:21:49] *** Joins: rajkosto
[02:21:58] *** Quits: Maylay (Ping timeout: 745 seconds)
[02:29:26] *** Joins: Maylay
[03:04:22] *** Quits: refs (Quit: refs)
[03:28:18] *** Joins: Snetry
[03:29:38] *** Quits: Sentry (Read error: Operation timed out)
[03:29:39] *** Snetry is now known as Sentry
[03:35:26] *** Quits: lameboy (Read error: Connection reset by peer)
[03:35:57] *** Joins: lameboy
[04:14:14] *** Quits: Maylay (Read error: Operation timed out)
[04:18:04] *** Joins: Maylay
[04:30:10] *** Quits: Maylay (Ping timeout: 612 seconds)
[04:49:24] *** Joins: Maylay
[05:20:43] *** Quits: Maylay (Ping timeout: 252 seconds)
[06:14:49] *** Quits: rajkosto (Read error: Connection reset by peer)
[06:17:23] *** Quits: m4ts (Remote host closed the connection)
[06:18:12] *** Joins: m4ts
[06:21:23] *** Joins: Maylay
[07:02:40] *** Quits: Maylay (Read error: Operation timed out)
[07:18:59] *** Quits: GerbilSof (Read error: Connection reset by peer)
[07:38:22] *** Joins: GerbilSof
[08:01:07] *** Joins: GrecKo
[08:02:36] *** Quits: GrecKo_ (ny.us.hub irc.Prison.NET)
[08:02:36] *** Quits: oldtopman (ny.us.hub irc.Prison.NET)
[08:14:11] *** Joins: lansiir
[08:24:19] *** Quits: Extrems (Read error: Operation timed out)
[08:24:24] *** Joins: Extrems
[09:03:49] *** Joins: Maylay
[09:30:26] *** Quits: Maylay (Read error: Operation timed out)
[09:50:00] *** Joins: Maylay
[10:09:47] *** Quits: Maylay (Read error: Operation timed out)
[10:16:19] *** Joins: Maylay
[10:39:21] *** Quits: Maylay (Ping timeout: 260 seconds)
[10:43:53] *** Joins: Maylay
[10:50:18] *** Quits: lex1 (Read error: Operation timed out)
[10:57:03] *** Quits: Maylay (Read error: Operation timed out)
[11:00:04] *** Quits: averne (quit)
[11:00:20] *** Joins: averne_
[11:00:20] *** Server sets mode: +stn 
[11:00:20] *** Quits: averne (Read error: Connection reset by peer)
[11:00:21] *** averne_ is now known as averne
[11:02:01] *** Quits: Sentry (Ping timeout: 857 seconds)
[11:03:22] *** Joins: Sentry
[11:06:42] *** Joins: lex1
[11:21:48] *** Joins: Maylay
[11:35:24] *** Quits: Maylay (Read error: Connection reset by peer)
[11:37:00] *** Joins: Maylay
[11:48:06] *** Quits: Maylay (Read error: Operation timed out)
[12:06:34] *** Joins: Maylay
[12:38:58] *** Quits: oreo639 (Ping timeout: 612 seconds)
[21:04:40] *** Joins: refs
[21:26:44] *** Quits: GerbilSof (Quit: Windows must now restart because the Remote Procedure Call (RPC) service terminated unexpectedly.)
[21:28:07] *** Joins: GerbilSof
[21:31:32] <plutobot_> GitHub | New PR: cache need an... | User: notaz | https://github.com/switchbrew/libnx/pull/593
[21:57:41] *** Joins: oreo639
[22:28:12] *** Joins: n87
[23:17:21] <plutobot_> GitHub | New commit | User: notaz | https://github.com/switchbrew/libnx/commit/d8a4f33192
[23:26:45] *** Quits: Maylay (Read error: Connection reset by peer)
[23:29:08] *** Joins: Maylay
[23:34:03] *** lansiir is now known as oldtopman
[23:35:02] *** Quits: Genolo (Ping timeout: 493 seconds)
