[00:29:39] *** Joins: Genolo
[00:33:50] *** Quits: Extrems (ZNC 1.7.5 - https://znc.in)
[00:33:55] *** Joins: Extrems
[00:34:37] *** Quits: Extrems (Client Quit)
[00:37:04] *** Joins: Extrems
[00:51:13] *** Quits: Genolo (Ping timeout: 745 seconds)
[00:51:29] *** Joins: Genolo
[01:11:33] *** Quits: n87 (Read error: Connection reset by peer)
[02:53:52] *** Quits: refs (Quit: refs)
[03:26:15] *** Joins: Snetry
[03:27:35] *** Quits: Sentry (Read error: Operation timed out)
[03:27:35] *** Snetry is now known as Sentry
[05:18:13] *** Joins: rajkosto
[05:18:22] *** Quits: rajkosto (Read error: Connection reset by peer)
[06:08:03] *** Quits: lameboy (Read error: Connection reset by peer)
[06:08:09] *** Joins: lameboy2
[06:08:15] *** lameboy2 is now known as lameboy
[06:11:42] *** Joins: Extrems`
[06:13:34] *** Joins: rajkosto
[06:15:49] *** Quits: GerbilSof (Ping timeout: 260 seconds)
[06:16:36] *** Quits: Extrems (Ping timeout: 480 seconds)
[06:16:36] *** Extrems` is now known as Extrems
[06:17:23] *** Joins: CCFL_Man_
[06:17:55] *** Joins: rajko
[06:19:20] *** Quits: ihaveamac (Read error: Operation timed out)
[06:19:35] *** Joins: bitrot
[06:20:06] *** Quits: CCFL_Man (Read error: Operation timed out)
[06:22:33] *** Quits: rajkosto (Read error: Operation timed out)
[06:24:26] *** Quits: rajko (Read error: Operation timed out)
[06:27:32] *** Quits: bitrot (Read error: Operation timed out)
[06:33:09] *** Quits: lemmy (se.hub efnet.deic.eu)
[06:33:09] *** Quits: nohit (se.hub efnet.deic.eu)
[06:34:31] *** Joins: lemmy
[06:34:31] *** Joins: nohit
[06:37:20] *** Quits: lemmy (se.hub efnet.deic.eu)
[06:37:20] *** Quits: nohit (se.hub efnet.deic.eu)
[06:39:21] *** Quits: DacoTaco_ (Read error: Operation timed out)
[06:40:10] *** Joins: DacoTaco
[06:48:47] *** Quits: Sentry (Read error: Operation timed out)
[06:58:59] *** Quits: djorz (Read error: Operation timed out)
[07:02:37] *** Quits: d3m3vilur (Ping timeout: 493 seconds)
[07:02:50] *** Joins: d3m3vilur
[07:03:46] *** Joins: Sentry
[07:04:28] *** Joins: lemmy
[07:04:29] *** Joins: nohit
[07:15:08] *** Joins: ihaveamac
[07:15:33] *** Quits: oreo639 (Ping timeout: 260 seconds)
[07:18:45] *** Joins: GerbilSof
[07:41:58] *** Joins: oreo639
[08:12:03] *** Quits: GerbilSof (Quit: Windows must now restart because the Remote Procedure Call (RPC) service terminated unexpectedly.)
[08:12:09] *** Joins: GerbilSof
[08:12:45] *** Quits: GerbilSof (Client Quit)
[08:13:03] *** Joins: GerbilSof
[08:26:29] *** Quits: GerbilSof (Quit: Windows must now restart because the Remote Procedure Call (RPC) service terminated unexpectedly.)
[08:29:50] *** Joins: GerbilSof
[09:21:09] *** Joins: fgsfds
[09:59:53] *** Quits: tpw_rules (Read error: Operation timed out)
[10:04:36] *** Joins: tpw_rules
[10:12:10] *** Quits: oreo639 (Read error: Operation timed out)
[10:38:25] *** Quits: Maylay (Read error: Operation timed out)
[10:38:43] *** Quits: CCFL_Man_ (Read error: Connection reset by peer)
[10:39:52] *** Joins: CCFL_Man
[10:41:19] *** Joins: Maylay
[10:42:06] *** Joins: n87
[10:42:10] *** Quits: n87 (Read error: Connection reset by peer)
[10:57:24] *** Joins: CCFL_Man_
[11:01:12] *** Quits: CCFL_Man (Read error: Operation timed out)
[11:18:56] *** Quits: fgsfds (Ping timeout: 265 seconds)
[11:56:32] *** Joins: fgsfds
[12:52:48] *** Quits: GerbilSof (Ping timeout: 745 seconds)
[12:57:34] *** Quits: |Shadow| ()
[12:59:52] *** Joins: GerbilSof
[12:59:57] *** Quits: fgsfds (Ping timeout: 265 seconds)
[13:04:19] *** Joins: |Shadow|
[14:06:47] *** Joins: fgsfds
[15:06:52] *** Quits: GerbilSof (Windows must now restart because the Remote Procedure Call (RPC) service terminated unexpectedly.)
[15:07:09] *** Joins: GerbilSof
[15:20:46] *** Quits: GerbilSof (Quit: Windows must now restart because the Remote Procedure Call (RPC) service terminated unexpectedly.)
[15:24:01] *** Joins: GerbilSof
[16:00:14] *** Quits: fgsfds (Ping timeout: 265 seconds)
[17:33:54] *** Joins: fgsfds
[18:43:36] *** Quits: fgsfds (Ping timeout: 265 seconds)
[19:28:44] *** Quits: GerbilSof (Ping timeout: 493 seconds)
[19:34:19] *** Joins: GerbilSof
[21:02:35] *** Joins: fgsfds
[21:13:31] *** Joins: n87
[21:15:40] *** Quits: Maylay (Pipe Terminated)
[21:24:25] *** Quits: n87 (Quit: Leaving)
[21:33:58] *** Joins: refs
[22:00:14] *** Joins: oreo639
[23:00:15] *** Quits: m4ts (Ping timeout: 265 seconds)
[23:00:45] *** Joins: m4ts
[23:16:41] *** Quits: fgsfds (Ping timeout: 265 seconds)
