[03:09:00] *** Quits: refs (Quit: refs)
[03:09:01] *** Joins: rajkosto
[03:24:02] *** Joins: Snetry
[03:25:22] *** Quits: Sentry (Read error: Operation timed out)
[03:25:22] *** Snetry is now known as Sentry
[04:57:10] *** Quits: rajkosto (Read error: Operation timed out)
[09:48:08] *** Quits: oreo639 (Ping timeout: 745 seconds)
[09:53:55] *** Joins: fgsfds
[10:05:00] *** Joins: n87
[10:18:16] *** Joins: figgis_
[10:18:42] *** Joins: figgis__
[10:21:16] *** Quits: fgsfds (Ping timeout: 265 seconds)
[10:22:54] *** Joins: fgsfds
[10:24:30] *** Quits: figgis_ (Read error: Operation timed out)
[10:25:30] *** Joins: figgis_
[10:27:22] *** Quits: figgis__ (Read error: Operation timed out)
[10:30:52] *** Quits: fgsfds (Read error: Operation timed out)
[10:47:58] *** Quits: figgis_ (Leaving)
[10:48:19] *** Joins: fgsfds
[10:48:23] *** Quits: fgsfds (Client Quit)
[10:48:54] *** Joins: fgsfds
[10:49:13] *** Quits: fgsfds (Client Quit)
[11:17:14] *** Joins: fgsfds
[11:17:21] *** Quits: fgsfds (Read error: Connection reset by peer)
[11:31:42] *** Joins: fgsfds
[12:09:38] *** Quits: |Shadow| ()
[12:18:10] *** Joins: |Shadow|
[13:04:38] *** Quits: fgsfds (Ping timeout: 265 seconds)
[13:27:26] *** Joins: fgsfds
[13:46:30] *** Quits: fgsfds (Remote host closed the connection)
[13:46:53] *** Joins: fgsfds
[15:18:02] *** Quits: fgsfds (Ping timeout: 265 seconds)
[16:04:57] *** Quits: n87 (Read error: Connection reset by peer)
[16:10:23] *** Joins: fgsfds
[16:37:47] *** Quits: fgsfds (Ping timeout: 265 seconds)
[16:59:08] *** Joins: fgsfds
[17:22:44] *** Quits: fgsfds (Ping timeout: 265 seconds)
[18:16:14] *** Quits: lemmy (se.hub efnet.deic.eu)
[18:16:14] *** Quits: nohit (se.hub efnet.deic.eu)
[18:18:02] *** Joins: lemmy
[18:18:02] *** Joins: nohit
[18:23:30] *** Joins: fgsfds
[18:31:20] *** Joins: uyjulian_
[18:31:51] *** Joins: TAL_
[18:31:54] *** Quits: flotwig (Quit: ZNC - http://znc.in)
[18:32:01] *** Quits: TAL (Remote host closed the connection)
[18:32:01] *** Quits: uyjulian (Quit: ZNC - http://znc.in)
[18:32:01] *** uyjulian_ is now known as uyjulian
[18:47:08] *** Joins: flotwig
[18:47:35] *** Joins: n87
[19:17:45] *** Quits: fgsfds (Read error: Operation timed out)
[19:27:46] *** Joins: fgsfds
[20:14:43] *** Joins: oreo639
[20:45:19] *** Quits: fgsfds (Ping timeout: 612 seconds)
[21:21:34] *** Joins: refs
[21:48:15] *** Quits: lemmy (se.hub efnet.deic.eu)
[21:48:16] *** Quits: nohit (se.hub efnet.deic.eu)
[21:55:34] *** Joins: lemmy
[21:55:34] *** Joins: nohit
[22:15:09] *** Quits: oreo639 (Ping timeout: 265 seconds)
[22:17:20] *** Joins: oreo639
[22:19:04] *** Joins: fgsfds
[22:46:19] *** TAL_ is now known as TAL
[23:24:16] *** Quits: n87 (Read error: Connection reset by peer)
