[00:02:20] *** Quits: fgsfds (Read error: Connection reset by peer)
[01:16:32] *** Joins: fgsfds
[02:17:35] *** Quits: fgsfds (Quit: Leaving)
[03:00:32] *** Quits: refs (Quit: refs)
[03:23:55] *** Joins: Snetry
[03:25:15] *** Quits: Sentry (Read error: Operation timed out)
[03:25:15] *** Snetry is now known as Sentry
[04:36:51] *** Quits: oreo639 (Remote host closed the connection)
[04:37:17] *** Joins: oreo639
[07:54:40] *** Joins: rajkosto
[08:14:22] *** Quits: rajkosto (Read error: Connection reset by peer)
[08:34:41] *** Joins: rajkosto
[08:37:31] *** Quits: ihaveamac (Read error: Operation timed out)
[08:38:09] *** Quits: oreo639 (Read error: Operation timed out)
[08:39:27] *** Quits: rajkosto (Read error: Connection reset by peer)
[08:41:26] *** Joins: oreo639
[08:44:43] *** Quits: oreo639 (Remote host closed the connection)
[08:45:48] *** Joins: oreo639
[08:55:41] *** Quits: Genolo (Ping timeout: 857 seconds)
[08:56:03] *** Joins: Genolo
[08:57:55] *** Joins: oreo639_
[09:02:35] *** Quits: oreo639 (Ping timeout: 857 seconds)
[09:34:27] *** Joins: ihaveamac
[11:46:14] *** Quits: oreo639_ (Ping timeout: 612 seconds)
[13:58:00] *** CCFL_Man_ is now known as CCFL_Man
[14:11:36] *** Joins: Mimoja8
[16:51:27] *** Quits: lemmy (se.hub efnet.deic.eu)
[16:51:27] *** Quits: nohit (se.hub efnet.deic.eu)
[17:21:58] *** Quits: ris2z (Quit: ZNC 1.9.x-git-156-ac57c0e5 - https://znc.in)
[17:47:17] *** Joins: lemmy
[17:48:45] *** Joins: ris2z
[17:58:38] *** Quits: Normmatt (Quit: ZNC - http://znc.in)
[17:59:24] *** Joins: Normmatt
[21:35:49] *** Joins: oreo639
[23:00:15] *** Joins: GerbilS8
[23:00:24] *** Quits: GerbilS8 (Client Quit)
[23:01:36] *** Quits: GerbilSof (Read error: Operation timed out)
