[00:04:44] *** Joins: Stary_
[00:05:20] *** Joins: plutobot
[00:07:45] *** Joins: Genolol
[00:08:49] *** Joins: eggster
[00:09:34] *** Joins: Extrems`
[00:10:31] *** Joins: Mimoja80
[00:10:51] *** Joins: mtheall
[00:12:12] *** Quits: GerbilSof (se.hub irc.homelien.no)
[00:12:16] *** Quits: Mimoja8 (se.hub irc.homelien.no)
[00:12:16] *** Quits: Genolo (se.hub irc.homelien.no)
[00:12:16] *** Quits: Extrems (se.hub irc.homelien.no)
[00:12:16] *** Quits: Stary (se.hub irc.homelien.no)
[00:12:16] *** Quits: nrq (se.hub irc.homelien.no)
[00:12:16] *** Quits: zombie343 (se.hub irc.homelien.no)
[00:12:16] *** Quits: mtheall_ (se.hub irc.homelien.no)
[00:12:16] *** Quits: plutobot_ (se.hub irc.homelien.no)
[00:12:16] *** Quits: eggy (se.hub irc.homelien.no)
[00:13:04] *** Joins: nrq_
[00:26:46] *** Joins: GerbilSof
[00:27:46] *** Genolol is now known as Genolo
[00:28:03] *** Extrems` is now known as Extrems
[00:32:29] *** Joins: zombie343
[02:43:06] *** Joins: Snetry
[02:44:25] *** Quits: Sentry (Read error: Connection refused)
[02:44:28] *** Snetry is now known as Sentry
[03:18:03] *** Quits: refs (Quit: refs)
[03:41:31] *** Joins: Snetry
[03:42:51] *** Quits: Sentry (Read error: Operation timed out)
[03:42:53] *** Snetry is now known as Sentry
[06:38:22] *** Quits: oreo639 (Ping timeout: 265 seconds)
[06:48:05] *** Joins: oreo639
[08:33:39] *** Quits: oreo639 (Ping timeout: 612 seconds)
[16:25:58] *** Quits: GerbilSof (Windows must now restart because the Remote Procedure Call (RPC) service terminated unexpectedly.)
[16:26:13] *** Joins: GerbilSof
[18:44:27] *** Joins: fgsfds
[18:44:35] *** Quits: fgsfds (Client Quit)
[19:04:43] *** Joins: fgsfds
[20:27:17] *** Quits: fgsfds (Ping timeout: 265 seconds)
[20:47:27] *** Joins: fgsfds
[21:40:14] *** Joins: refs
[22:20:30] *** Quits: fgsfds (Read error: Connection reset by peer)
