[03:33:49] *** Quits: refs (Quit: refs)
[03:40:55] *** Joins: Snetry
[03:42:14] *** Quits: Sentry (Read error: Operation timed out)
[03:42:17] *** Snetry is now known as Sentry
[05:00:06] *** Joins: oreo639
[05:11:39] *** Quits: oreo639 (Quit: Quit)
[05:12:03] *** Joins: oreo639
[06:11:24] *** Joins: rajkosto
[09:26:33] *** Quits: rajkosto (Quit: Leaving)
[09:58:20] *** Joins: n87
[12:51:27] *** Joins: fgsfds
[14:07:14] *** Quits: fgsfds (Ping timeout: 265 seconds)
[14:56:14] *** Joins: fgsfds
[15:11:10] *** Quits: n87 (Read error: Connection reset by peer)
[15:41:47] *** Quits: oreo639 (Ping timeout: 612 seconds)
[16:28:51] *** Quits: fgsfds (Ping timeout: 265 seconds)
[17:29:33] *** Joins: fgsfds
[19:23:02] *** Joins: n87
[22:25:07] *** Joins: oreo639
[23:02:24] *** Quits: fgsfds (Read error: Connection reset by peer)
[23:53:27] *** Quits: zombie343 ()
