[01:14:47] *** Quits: n87 (Read error: Connection reset by peer)
[02:39:18] *** Joins: zombie343
[03:25:29] *** Quits: Behemoth (Ping timeout: 260 seconds)
[03:26:49] *** Quits: pieman_ (Ping timeout: 260 seconds)
[03:27:18] *** Joins: Behemoth
[03:29:29] *** Joins: pieman_
[03:31:01] *** Quits: flagrama_ (Ping timeout: 260 seconds)
[03:34:21] *** Joins: flagrama_
[03:41:11] *** Joins: Snetry
[03:42:36] *** Quits: Sentry (Read error: Operation timed out)
[03:42:36] *** Snetry is now known as Sentry
[05:22:47] *** Quits: oreo639 (Quit: Quit)
[05:26:27] *** Joins: oreo639
[05:32:13] *** Quits: oreo639 (Remote host closed the connection)
[05:33:08] *** Joins: oreo639
[05:35:15] *** Quits: GerbilSof (Read error: Operation timed out)
[05:45:33] *** Joins: GerbilSof
[07:32:11] *** Quits: lameboy (Ping timeout: 252 seconds)
[07:38:54] *** Joins: lameboy
[08:38:30] *** Quits: oreo639 (Quit: Quit)
[08:39:07] *** Joins: oreo639
[10:40:33] *** Quits: oreo639 (Ping timeout: 612 seconds)
[11:17:35] *** Joins: fgsfds
[13:12:18] *** Quits: IShaDoWl ()
[13:51:08] *** Joins: IShaDoWl
[14:54:08] *** Joins: djorz
[18:32:26] *** Quits: m4ts_ (Ping timeout: 265 seconds)
[18:33:58] *** Joins: m4ts
[19:01:21] *** Joins: refs
[19:41:47] *** Quits: m4ts (Excess Flood)
[19:44:10] *** Joins: m4ts
[20:31:39] *** Quits: ave_ (Read error: Operation timed out)
[20:33:06] *** Joins: ave_
[22:59:11] *** Joins: oreo639
