[02:07:59] *** Quits: GerbilSof (Windows must now restart because the Remote Procedure Call (RPC) service terminated unexpectedly.)
[02:26:38] *** Joins: GerbilSof
[03:39:44] *** Joins: Snetry
[03:41:03] *** Quits: Sentry (Read error: Operation timed out)
[03:41:04] *** Snetry is now known as Sentry
[04:20:52] *** Quits: fgsfds (Read error: Connection reset by peer)
[05:09:54] *** Quits: refs (Quit: refs)
[07:39:37] *** Joins: Kyouju_
[07:39:37] *** Quits: Kyouju (Read error: Connection reset by peer)
[08:31:16] *** Joins: GerbilS6
[08:31:16] *** Quits: GerbilSof (Read error: Connection reset by peer)
[08:31:34] *** Quits: GerbilS6 (Client Quit)
[08:31:54] *** Joins: GerbilSof
[11:26:36] *** Quits: oreo639 (Read error: Operation timed out)
[11:56:05] *** Joins: m4ts_
[11:59:49] *** Quits: m4ts (Ping timeout: 265 seconds)
[13:10:52] *** Joins: refs
[13:17:49] *** Joins: fgsfds
[15:04:34] *** Quits: fgsfds (Quit: Leaving)
[15:05:34] *** Joins: n87
[16:20:38] *** Quits: m4ts_ (Remote host closed the connection)
[16:21:04] *** Joins: m4ts
[17:53:04] *** Joins: fgsfds
[18:55:09] *** Quits: n87 (Read error: Connection reset by peer)
[20:07:55] *** Joins: n87
[20:56:51] *** Joins: oreo639
[22:05:20] *** Joins: dibas_
[22:12:38] *** Joins: dibas-
[22:12:38] *** Quits: dibas_ (Read error: Connection reset by peer)
[22:13:48] *** Quits: dibas (Ping timeout: 745 seconds)
[22:17:04] *** Joins: dibas
[22:17:04] *** Quits: dibas- (Read error: Connection reset by peer)
[22:20:52] *** Joins: dibas_
[22:20:52] *** Quits: dibas (Read error: Connection reset by peer)
[22:20:56] *** dibas_ is now known as dibas
[22:24:39] *** Joins: dibas_
[22:24:39] *** Quits: dibas (Read error: Connection reset by peer)
[22:24:43] *** dibas_ is now known as dibas
[22:28:24] *** Joins: dibas_
[22:28:24] *** Quits: dibas (Read error: Connection reset by peer)
[22:28:28] *** dibas_ is now known as dibas
[22:32:11] *** Joins: dibas_
[22:32:11] *** Quits: dibas (Read error: Connection reset by peer)
[22:32:16] *** dibas_ is now known as dibas
[22:35:02] *** Quits: refs (Quit: refs)
[22:38:53] *** Quits: dibas (Read error: Connection reset by peer)
[22:39:10] *** Joins: dibas
[22:42:56] *** Joins: dibas_
[22:42:56] *** Quits: dibas (Read error: Connection reset by peer)
[22:43:00] *** dibas_ is now known as dibas
[22:46:43] *** Joins: dibas_
[22:46:43] *** Quits: dibas (Read error: Connection reset by peer)
[22:46:48] *** dibas_ is now known as dibas
[22:50:27] *** Joins: dibas_
[22:50:27] *** Quits: dibas (Read error: Connection reset by peer)
[22:50:33] *** dibas_ is now known as dibas
[22:54:56] *** Joins: dibas_
[22:58:45] *** Joins: dibas-
[22:58:46] *** Quits: dibas_ (Read error: Connection reset by peer)
[23:02:32] *** Joins: dibas_
[23:02:32] *** Quits: dibas- (Read error: Connection reset by peer)
[23:03:23] *** Quits: dibas (Ping timeout: 745 seconds)
[23:08:20] *** Joins: dibas
[23:08:22] *** Quits: dibas_ (Read error: Connection reset by peer)
[23:12:04] *** Joins: dibas_
[23:12:05] *** Quits: dibas (Read error: Connection reset by peer)
[23:12:09] *** dibas_ is now known as dibas
[23:16:29] *** Joins: dibas_
[23:16:30] *** Quits: dibas (Read error: Connection reset by peer)
[23:16:36] *** dibas_ is now known as dibas
[23:21:47] *** Joins: dibas_
[23:21:49] *** Quits: dibas (Read error: Connection reset by peer)
[23:21:57] *** dibas_ is now known as dibas
[23:25:34] *** Joins: dibas_
[23:25:34] *** Quits: dibas (Read error: Connection reset by peer)
[23:25:39] *** dibas_ is now known as dibas
[23:29:21] *** Joins: dibas_
[23:29:22] *** Quits: dibas (Read error: Connection reset by peer)
[23:29:26] *** dibas_ is now known as dibas
[23:33:07] *** Quits: fgsfds (Read error: Connection reset by peer)
[23:33:07] *** Quits: dibas (Read error: Connection reset by peer)
[23:35:11] *** Joins: dibas
[23:38:56] *** Joins: dibas_
[23:38:56] *** Quits: dibas (Read error: Connection reset by peer)
[23:39:01] *** dibas_ is now known as dibas
[23:42:43] *** Joins: dibas_
[23:42:43] *** Quits: dibas (Read error: Connection reset by peer)
[23:42:48] *** dibas_ is now known as dibas
[23:46:28] *** Joins: dibas_
[23:46:28] *** Quits: dibas (Read error: Connection reset by peer)
[23:46:32] *** dibas_ is now known as dibas
[23:50:16] *** Joins: dibas_
[23:50:16] *** Quits: dibas (Read error: Connection reset by peer)
[23:50:20] *** dibas_ is now known as dibas
[23:54:00] *** Joins: dibas_
[23:54:00] *** Quits: dibas (Read error: Connection reset by peer)
[23:54:06] *** dibas_ is now known as dibas
[23:57:43] *** Joins: dibas_
[23:57:43] *** Quits: dibas (Read error: Connection reset by peer)
[23:57:48] *** dibas_ is now known as dibas
