[00:02:02] *** Joins: dibas_
[00:02:02] *** Quits: dibas (Read error: Connection reset by peer)
[00:02:06] *** dibas_ is now known as dibas
[00:07:51] *** Joins: dibas_
[00:07:52] *** Quits: dibas (Read error: Connection reset by peer)
[00:07:57] *** dibas_ is now known as dibas
[00:13:42] *** Joins: dibas_
[00:13:44] *** Quits: dibas (Read error: Connection reset by peer)
[00:13:54] *** dibas_ is now known as dibas
[00:19:32] *** Joins: dibas_
[00:19:37] *** Quits: dibas (Read error: Connection reset by peer)
[00:19:47] *** dibas_ is now known as dibas
[00:23:18] *** Joins: dibas_
[00:23:19] *** Quits: dibas (Read error: Connection reset by peer)
[00:23:23] *** dibas_ is now known as dibas
[00:27:06] *** Joins: dibas_
[00:27:06] *** Quits: dibas (Read error: Connection reset by peer)
[00:27:11] *** dibas_ is now known as dibas
[00:32:57] *** Joins: dibas_
[00:32:58] *** Quits: dibas (Read error: Connection reset by peer)
[00:33:03] *** dibas_ is now known as dibas
[00:33:29] *** Quits: n87 (Read error: Connection reset by peer)
[00:36:48] *** Joins: dibas_
[00:36:49] *** Quits: dibas (Read error: Connection reset by peer)
[00:36:53] *** dibas_ is now known as dibas
[00:40:36] *** Joins: dibas_
[00:40:38] *** Quits: dibas (Read error: Connection reset by peer)
[00:40:42] *** dibas_ is now known as dibas
[00:44:23] *** Joins: dibas_
[00:44:23] *** Quits: dibas (Read error: Connection reset by peer)
[00:44:28] *** dibas_ is now known as dibas
[00:49:52] *** Joins: dibas_
[00:49:55] *** Quits: dibas (Read error: Connection reset by peer)
[00:49:58] *** dibas_ is now known as dibas
[00:53:36] *** Quits: |Shadow| ()
[00:53:38] *** Quits: dibas (Read error: Connection reset by peer)
[00:53:39] *** Joins: dibas_
[00:57:25] *** Joins: dibas
[00:57:27] *** Quits: dibas_ (Read error: Connection reset by peer)
[01:03:17] *** Joins: dibas_
[01:03:20] *** Quits: dibas (Read error: Connection reset by peer)
[01:03:21] *** dibas_ is now known as dibas
[01:07:05] *** Joins: dibas_
[01:07:06] *** Quits: dibas (Read error: Connection reset by peer)
[01:07:09] *** dibas_ is now known as dibas
[01:10:51] *** Joins: dibas_
[01:10:52] *** Quits: dibas (Read error: Connection reset by peer)
[01:10:57] *** dibas_ is now known as dibas
[01:14:37] *** Joins: dibas_
[01:14:40] *** Quits: dibas (Read error: Connection reset by peer)
[01:14:44] *** dibas_ is now known as dibas
[01:19:02] *** Joins: dibas_
[01:19:05] *** Quits: dibas (Read error: Connection reset by peer)
[01:19:09] *** dibas_ is now known as dibas
[01:22:49] *** Joins: dibas_
[01:22:51] *** Quits: dibas (Read error: Connection reset by peer)
[01:22:54] *** dibas_ is now known as dibas
[01:26:36] *** Joins: dibas_
[01:26:38] *** Quits: dibas (Read error: Connection reset by peer)
[01:26:42] *** dibas_ is now known as dibas
[01:32:27] *** Joins: dibas_
[01:32:29] *** Quits: dibas (Read error: Connection reset by peer)
[01:32:31] *** dibas_ is now known as dibas
[01:36:15] *** Joins: dibas_
[01:36:20] *** Quits: dibas (Read error: Connection reset by peer)
[01:36:20] *** dibas_ is now known as dibas
[01:40:02] *** Joins: dibas_
[01:40:08] *** Quits: dibas (Read error: Connection reset by peer)
[01:40:08] *** dibas_ is now known as dibas
[01:43:46] *** Joins: dibas_
[01:43:56] *** Quits: dibas (Read error: Connection reset by peer)
[01:43:56] *** dibas_ is now known as dibas
[01:47:32] *** Joins: dibas_
[01:47:34] *** Quits: dibas (Read error: Connection reset by peer)
[01:47:38] *** dibas_ is now known as dibas
[01:52:52] *** Joins: dibas_
[01:52:57] *** Quits: dibas (Read error: Connection reset by peer)
[01:53:05] *** dibas_ is now known as dibas
[01:58:42] *** Joins: dibas_
[01:58:52] *** Quits: dibas (Read error: Connection reset by peer)
[01:58:52] *** dibas_ is now known as dibas
[02:02:29] *** Joins: dibas_
[02:02:34] *** Quits: dibas (Read error: Connection reset by peer)
[02:02:34] *** dibas_ is now known as dibas
[02:04:09] *** Joins: |Shadow|
[02:07:29] *** Joins: dibas_
[02:07:33] *** Quits: dibas (Read error: Connection reset by peer)
[02:07:36] *** dibas_ is now known as dibas
[02:08:59] *** Quits: ave_ (Ping timeout (120 seconds))
[02:09:21] *** Joins: ave_
[02:13:20] *** Joins: dibas_
[02:13:20] *** Quits: dibas (Read error: Connection reset by peer)
[02:13:24] *** dibas_ is now known as dibas
[02:17:07] *** Joins: dibas_
[02:17:07] *** Quits: dibas (Read error: Connection reset by peer)
[02:17:11] *** dibas_ is now known as dibas
[02:24:03] *** Quits: dibas (Read error: Connection reset by peer)
[02:24:16] *** Joins: dibas_
[02:24:16] *** dibas_ is now known as dibas
[03:37:00] *** Joins: Snetry
[03:38:20] *** Quits: Sentry (Read error: Operation timed out)
[03:38:26] *** Snetry is now known as Sentry
[04:55:24] *** Quits: GerbilSof (Remote host closed the connection)
[04:55:43] *** Joins: GerbilSof
[05:39:37] *** Quits: lameboy (Read error: Operation timed out)
[05:51:32] *** Joins: lameboy
[06:13:27] *** Joins: rajkosto
[06:32:19] *** Joins: m4ts_
[06:32:56] *** Quits: m4ts (Ping timeout: 265 seconds)
[06:52:41] *** Joins: dibas_
[06:52:48] *** Quits: dibas (Read error: Connection reset by peer)
[06:52:48] *** dibas_ is now known as dibas
[06:58:30] *** Joins: dibas_
[06:58:34] *** Quits: dibas (Read error: Connection reset by peer)
[06:58:39] *** dibas_ is now known as dibas
[07:04:18] *** Joins: dibas_
[07:04:23] *** Quits: dibas (Read error: Connection reset by peer)
[07:04:28] *** dibas_ is now known as dibas
[07:08:06] *** Joins: dibas_
[07:08:11] *** Quits: dibas (Read error: Connection reset by peer)
[07:08:11] *** dibas_ is now known as dibas
[07:11:53] *** Joins: dibas_
[07:12:00] *** Quits: dibas (Read error: Connection reset by peer)
[07:12:00] *** dibas_ is now known as dibas
[07:15:40] *** Joins: dibas_
[07:15:45] *** Quits: dibas (Read error: Connection reset by peer)
[07:15:45] *** dibas_ is now known as dibas
[07:19:24] *** Joins: dibas_
[07:19:30] *** Quits: dibas (Read error: Connection reset by peer)
[07:19:30] *** dibas_ is now known as dibas
[07:24:12] *** Joins: dibas_
[07:24:18] *** Quits: dibas (Read error: Connection reset by peer)
[07:24:18] *** dibas_ is now known as dibas
[07:30:02] *** Joins: dibas_
[07:30:08] *** Quits: dibas (Read error: Connection reset by peer)
[07:30:08] *** dibas_ is now known as dibas
[07:35:50] *** Joins: dibas_
[07:35:52] *** Quits: dibas (Read error: Connection reset by peer)
[07:35:55] *** dibas_ is now known as dibas
[07:39:37] *** Joins: dibas_
[07:39:42] *** Quits: dibas (Read error: Connection reset by peer)
[07:39:47] *** dibas_ is now known as dibas
[07:43:24] *** Joins: dibas_
[07:43:30] *** Quits: dibas (Read error: Connection reset by peer)
[07:43:30] *** dibas_ is now known as dibas
[07:47:12] *** Joins: dibas_
[07:47:19] *** Quits: dibas (Read error: Connection reset by peer)
[07:47:19] *** dibas_ is now known as dibas
[07:50:58] *** Joins: dibas_
[07:50:58] *** Quits: dibas (Read error: Connection reset by peer)
[07:51:06] *** dibas_ is now known as dibas
[07:54:48] *** Joins: dibas_
[07:54:55] *** Quits: dibas (Read error: Connection reset by peer)
[07:54:55] *** dibas_ is now known as dibas
[07:58:35] *** Joins: dibas_
[07:58:40] *** Quits: dibas (Read error: Connection reset by peer)
[07:58:45] *** dibas_ is now known as dibas
[08:04:27] *** Joins: dibas_
[08:04:36] *** Quits: dibas (Read error: Connection reset by peer)
[08:04:36] *** dibas_ is now known as dibas
[08:10:17] *** Joins: dibas_
[08:10:26] *** Quits: dibas (Read error: Connection reset by peer)
[08:10:26] *** dibas_ is now known as dibas
[08:16:07] *** Joins: dibas_
[08:16:14] *** Quits: dibas (Read error: Connection reset by peer)
[08:16:14] *** dibas_ is now known as dibas
[08:21:56] *** Joins: dibas_
[08:22:03] *** Quits: dibas (Read error: Connection reset by peer)
[08:22:03] *** dibas_ is now known as dibas
[08:25:43] *** Joins: dibas_
[08:25:47] *** Quits: dibas (Read error: Connection reset by peer)
[08:25:50] *** dibas_ is now known as dibas
[08:30:07] *** Joins: dibas_
[08:30:07] *** Quits: dibas (Read error: Connection reset by peer)
[08:30:16] *** dibas_ is now known as dibas
[08:33:55] *** Joins: dibas_
[08:34:02] *** Quits: dibas (Read error: Connection reset by peer)
[08:34:02] *** dibas_ is now known as dibas
[08:37:43] *** Joins: dibas_
[08:37:52] *** Quits: dibas (Read error: Connection reset by peer)
[08:37:52] *** dibas_ is now known as dibas
[08:43:29] *** Joins: dibas_
[08:43:38] *** Quits: dibas (Read error: Connection reset by peer)
[08:43:38] *** dibas_ is now known as dibas
[08:47:14] *** Joins: dibas_
[08:47:19] *** Quits: dibas (Read error: Connection reset by peer)
[08:47:24] *** dibas_ is now known as dibas
[08:51:39] *** Joins: dibas_
[08:51:42] *** Quits: dibas (Read error: Connection reset by peer)
[08:51:47] *** dibas_ is now known as dibas
[08:55:27] *** Joins: dibas_
[08:55:31] *** Quits: dibas (Read error: Connection reset by peer)
[08:55:31] *** dibas_ is now known as dibas
[08:59:12] *** Joins: dibas_
[08:59:18] *** Quits: dibas (Read error: Connection reset by peer)
[08:59:18] *** dibas_ is now known as dibas
[09:04:32] *** Joins: dibas_
[09:04:33] *** Quits: dibas (Read error: Connection reset by peer)
[09:04:37] *** dibas_ is now known as dibas
[09:10:22] *** Joins: dibas_
[09:10:23] *** Quits: dibas (Read error: Connection reset by peer)
[09:10:27] *** dibas_ is now known as dibas
[09:14:10] *** Joins: dibas_
[09:14:11] *** Quits: dibas (Read error: Connection reset by peer)
[09:14:14] *** dibas_ is now known as dibas
[09:18:31] *** Joins: dibas_
[09:18:32] *** Quits: dibas (Read error: Connection reset by peer)
[09:18:37] *** dibas_ is now known as dibas
[09:22:19] *** Joins: dibas_
[09:22:21] *** Quits: dibas (Read error: Connection reset by peer)
[09:22:23] *** dibas_ is now known as dibas
[09:26:07] *** Joins: dibas_
[09:26:08] *** Quits: dibas (Read error: Connection reset by peer)
[09:26:13] *** dibas_ is now known as dibas
[09:29:52] *** Joins: dibas_
[09:29:53] *** Quits: dibas (Read error: Connection reset by peer)
[09:29:57] *** dibas_ is now known as dibas
[09:34:23] *** Joins: dibas_
[09:34:24] *** Quits: dibas (Read error: Connection reset by peer)
[09:34:28] *** dibas_ is now known as dibas
[09:38:10] *** Joins: dibas_
[09:38:11] *** Quits: dibas (Read error: Connection reset by peer)
[09:38:15] *** dibas_ is now known as dibas
[09:41:58] *** Joins: dibas_
[09:41:59] *** Quits: dibas (Read error: Connection reset by peer)
[09:42:03] *** dibas_ is now known as dibas
[09:45:44] *** Joins: dibas_
[09:45:46] *** Quits: dibas (Read error: Connection reset by peer)
[09:45:50] *** dibas_ is now known as dibas
[09:50:36] *** Joins: dibas_
[09:50:37] *** Quits: dibas (Read error: Connection reset by peer)
[09:50:41] *** dibas_ is now known as dibas
[09:56:26] *** Joins: dibas_
[09:56:27] *** Quits: dibas (Read error: Connection reset by peer)
[09:56:32] *** dibas_ is now known as dibas
[10:02:17] *** Joins: dibas_
[10:02:17] *** Quits: dibas (Read error: Connection reset by peer)
[10:02:21] *** dibas_ is now known as dibas
[10:08:07] *** Joins: dibas_
[10:08:08] *** Quits: dibas (Read error: Connection reset by peer)
[10:08:13] *** dibas_ is now known as dibas
[10:11:55] *** Quits: rajkosto (Read error: Connection reset by peer)
[10:11:55] *** Quits: dibas (Read error: Connection reset by peer)
[10:13:56] *** Joins: dibas
[10:17:44] *** Joins: dibas_
[10:17:45] *** Quits: dibas (Read error: Connection reset by peer)
[10:17:50] *** dibas_ is now known as dibas
[10:22:04] *** Joins: dibas_
[10:22:05] *** Quits: dibas (Read error: Connection reset by peer)
[10:22:08] *** dibas_ is now known as dibas
[10:27:56] *** Joins: dibas_
[10:27:56] *** Quits: dibas (Read error: Connection reset by peer)
[10:28:01] *** dibas_ is now known as dibas
[10:33:46] *** Joins: dibas_
[10:33:47] *** Quits: dibas (Read error: Connection reset by peer)
[10:33:52] *** dibas_ is now known as dibas
[10:40:10] *** Joins: dibas_
[10:40:11] *** Quits: dibas (Read error: Connection reset by peer)
[10:40:16] *** dibas_ is now known as dibas
[10:46:01] *** Joins: dibas_
[10:46:01] *** Quits: dibas (Read error: Connection reset by peer)
[10:46:05] *** dibas_ is now known as dibas
[10:51:52] *** Joins: dibas_
[10:51:52] *** Quits: dibas (Read error: Connection reset by peer)
[10:51:56] *** dibas_ is now known as dibas
[10:57:42] *** Joins: dibas_
[10:57:42] *** Quits: dibas (Read error: Connection reset by peer)
[10:57:46] *** dibas_ is now known as dibas
[11:03:28] *** Joins: dibas_
[11:03:29] *** Quits: dibas (Read error: Connection reset by peer)
[11:03:33] *** dibas_ is now known as dibas
[11:08:46] *** Joins: dibas_
[11:08:47] *** Quits: dibas (Read error: Connection reset by peer)
[11:08:51] *** dibas_ is now known as dibas
[11:12:34] *** Joins: dibas_
[11:12:35] *** Quits: dibas (Read error: Connection reset by peer)
[11:12:40] *** dibas_ is now known as dibas
[11:16:57] *** Joins: dibas_
[11:16:58] *** Quits: dibas (Read error: Connection reset by peer)
[11:17:03] *** dibas_ is now known as dibas
[11:22:46] *** Joins: dibas_
[11:22:46] *** Quits: dibas (Read error: Connection reset by peer)
[11:22:52] *** dibas_ is now known as dibas
[11:28:37] *** Joins: dibas_
[11:28:37] *** Quits: dibas (Read error: Connection reset by peer)
[11:28:42] *** dibas_ is now known as dibas
[11:34:27] *** Joins: dibas_
[11:34:28] *** Quits: dibas (Read error: Connection reset by peer)
[11:34:33] *** dibas_ is now known as dibas
[11:40:17] *** Joins: dibas_
[11:40:18] *** Quits: dibas (Read error: Connection reset by peer)
[11:40:22] *** dibas_ is now known as dibas
[11:46:06] *** Joins: dibas_
[11:46:07] *** Quits: dibas (Read error: Connection reset by peer)
[11:46:10] *** dibas_ is now known as dibas
[11:47:16] *** Quits: oreo639 (Read error: Operation timed out)
[11:50:35] *** Joins: dibas_
[11:50:35] *** Quits: dibas (Read error: Connection reset by peer)
[11:50:40] *** dibas_ is now known as dibas
[11:55:24] *** Joins: dibas_
[11:55:26] *** Quits: dibas (Read error: Connection reset by peer)
[11:55:29] *** dibas_ is now known as dibas
[12:01:17] *** Joins: dibas_
[12:01:18] *** Quits: dibas (Read error: Connection reset by peer)
[12:01:21] *** dibas_ is now known as dibas
[12:05:05] *** Joins: dibas_
[12:05:05] *** Quits: dibas (Read error: Connection reset by peer)
[12:05:10] *** dibas_ is now known as dibas
[12:09:27] *** Joins: dibas_
[12:09:27] *** Quits: dibas (Read error: Connection reset by peer)
[12:09:31] *** dibas_ is now known as dibas
[12:15:16] *** Joins: dibas_
[12:15:17] *** Quits: dibas (Read error: Connection reset by peer)
[12:15:21] *** dibas_ is now known as dibas
[12:19:04] *** Joins: dibas_
[12:19:05] *** Quits: dibas (Read error: Connection reset by peer)
[12:19:08] *** dibas_ is now known as dibas
[12:23:27] *** Joins: dibas_
[12:23:28] *** Quits: dibas (Read error: Connection reset by peer)
[12:23:32] *** dibas_ is now known as dibas
[12:29:17] *** Joins: dibas_
[12:29:17] *** Quits: dibas (Read error: Connection reset by peer)
[12:29:21] *** dibas_ is now known as dibas
[12:35:07] *** Joins: dibas_
[12:35:07] *** Quits: dibas (Read error: Connection reset by peer)
[12:35:11] *** dibas_ is now known as dibas
[12:38:52] *** Joins: dibas_
[12:38:52] *** Quits: dibas (Read error: Connection reset by peer)
[12:38:58] *** dibas_ is now known as dibas
[12:43:17] *** Joins: dibas_
[12:43:17] *** Quits: dibas (Read error: Connection reset by peer)
[12:43:21] *** dibas_ is now known as dibas
[12:49:03] *** Joins: dibas_
[12:49:04] *** Quits: dibas (Read error: Connection reset by peer)
[12:49:09] *** dibas_ is now known as dibas
[12:54:54] *** Joins: dibas_
[12:54:54] *** Quits: dibas (Read error: Connection reset by peer)
[12:55:00] *** dibas_ is now known as dibas
[13:00:47] *** Joins: dibas_
[13:00:47] *** Quits: dibas (Read error: Connection reset by peer)
[13:00:51] *** dibas_ is now known as dibas
[13:06:37] *** Joins: dibas_
[13:06:37] *** Quits: dibas (Read error: Connection reset by peer)
[13:06:41] *** dibas_ is now known as dibas
[13:12:24] *** Joins: dibas_
[13:12:24] *** Quits: dibas (Read error: Connection reset by peer)
[13:12:29] *** dibas_ is now known as dibas
[13:18:17] *** Joins: dibas_
[13:18:17] *** Quits: dibas (Read error: Connection reset by peer)
[13:18:21] *** dibas_ is now known as dibas
[13:24:07] *** Joins: dibas_
[13:24:07] *** Quits: dibas (Read error: Connection reset by peer)
[13:24:12] *** dibas_ is now known as dibas
[13:29:57] *** Joins: dibas_
[13:29:57] *** Quits: dibas (Read error: Connection reset by peer)
[13:30:02] *** dibas_ is now known as dibas
[13:34:13] *** Joins: m4ts
[13:34:13] *** Quits: dibas (Read error: Connection reset by peer)
[13:35:22] *** Quits: m4ts_ (Ping timeout: 265 seconds)
[13:35:46] *** Joins: dibas
[13:41:37] *** Joins: dibas_
[13:41:37] *** Quits: dibas (Read error: Connection reset by peer)
[13:41:41] *** dibas_ is now known as dibas
[13:46:39] *** Joins: m4ts_
[13:46:39] *** Quits: dibas (Read error: Connection reset by peer)
[13:47:26] *** Joins: dibas
[13:49:23] *** Quits: m4ts (Ping timeout: 265 seconds)
[13:53:16] *** Joins: dibas_
[13:53:16] *** Quits: dibas (Read error: Connection reset by peer)
[13:53:21] *** dibas_ is now known as dibas
[13:59:07] *** Joins: dibas_
[13:59:07] *** Quits: dibas (Read error: Connection reset by peer)
[13:59:11] *** dibas_ is now known as dibas
[14:04:56] *** Joins: dibas_
[14:04:56] *** Quits: dibas (Read error: Connection reset by peer)
[14:05:01] *** dibas_ is now known as dibas
[14:05:18] *** Joins: n87
[14:10:43] *** Joins: dibas_
[14:10:43] *** Quits: dibas (Read error: Connection reset by peer)
[14:10:48] *** dibas_ is now known as dibas
[14:16:07] *** Joins: dibas_
[14:16:07] *** Quits: dibas (Read error: Connection reset by peer)
[14:16:10] *** dibas_ is now known as dibas
[14:22:26] *** Joins: dibas_
[14:22:26] *** Quits: dibas (Read error: Connection reset by peer)
[14:22:31] *** dibas_ is now known as dibas
[14:28:16] *** Joins: dibas_
[14:28:16] *** Quits: dibas (Read error: Connection reset by peer)
[14:28:22] *** dibas_ is now known as dibas
[14:34:07] *** Joins: dibas_
[14:34:07] *** Quits: dibas (Read error: Connection reset by peer)
[14:34:13] *** dibas_ is now known as dibas
[14:39:57] *** Joins: dibas_
[14:39:57] *** Quits: dibas (Read error: Connection reset by peer)
[14:40:03] *** dibas_ is now known as dibas
[14:45:43] *** Joins: dibas_
[14:45:43] *** Quits: dibas (Read error: Connection reset by peer)
[14:45:48] *** dibas_ is now known as dibas
[14:51:35] *** Joins: dibas_
[14:51:35] *** Quits: dibas (Read error: Connection reset by peer)
[14:51:41] *** dibas_ is now known as dibas
[14:57:26] *** Joins: dibas_
[14:57:26] *** Quits: dibas (Read error: Connection reset by peer)
[14:57:32] *** dibas_ is now known as dibas
[15:03:17] *** Joins: dibas_
[15:03:17] *** Quits: dibas (Read error: Connection reset by peer)
[15:03:22] *** dibas_ is now known as dibas
[15:09:05] *** Joins: dibas_
[15:09:05] *** Quits: dibas (Read error: Connection reset by peer)
[15:09:10] *** dibas_ is now known as dibas
[15:14:57] *** Joins: dibas_
[15:14:58] *** Quits: dibas (Read error: Connection reset by peer)
[15:15:03] *** dibas_ is now known as dibas
[15:21:22] *** Joins: dibas_
[15:21:23] *** Quits: dibas (Read error: Connection reset by peer)
[15:21:28] *** dibas_ is now known as dibas
[15:25:20] *** Joins: dibas_
[15:25:20] *** Quits: dibas (Read error: Connection reset by peer)
[15:25:23] *** dibas_ is now known as dibas
[15:30:41] *** Joins: dibas_
[15:30:41] *** Quits: dibas (Read error: Connection reset by peer)
[15:30:46] *** dibas_ is now known as dibas
[15:36:32] *** Joins: dibas_
[15:36:32] *** Quits: dibas (Read error: Connection reset by peer)
[15:36:38] *** dibas_ is now known as dibas
[15:42:57] *** Joins: dibas_
[15:42:57] *** Quits: dibas (Read error: Connection reset by peer)
[15:43:03] *** dibas_ is now known as dibas
[15:48:46] *** Joins: dibas_
[15:48:47] *** Quits: dibas (Read error: Connection reset by peer)
[15:48:50] *** dibas_ is now known as dibas
[15:54:37] *** Joins: dibas_
[15:54:37] *** Quits: dibas (Read error: Connection reset by peer)
[15:54:43] *** dibas_ is now known as dibas
[16:01:01] *** Joins: dibas_
[16:01:02] *** Quits: dibas (Read error: Connection reset by peer)
[16:01:06] *** dibas_ is now known as dibas
[16:06:52] *** Joins: dibas_
[16:06:52] *** Quits: dibas (Read error: Connection reset by peer)
[16:06:57] *** dibas_ is now known as dibas
[16:13:17] *** Joins: dibas_
[16:13:17] *** Quits: dibas (Read error: Connection reset by peer)
[16:13:21] *** dibas_ is now known as dibas
[16:19:39] *** Joins: dibas_
[16:19:56] *** Quits: dibas (Read error: Connection reset by peer)
[16:19:56] *** dibas_ is now known as dibas
[16:25:31] *** Joins: dibas_
[16:25:31] *** Quits: dibas (Read error: Connection reset by peer)
[16:25:36] *** dibas_ is now known as dibas
[16:31:57] *** Joins: dibas_
[16:31:57] *** Quits: dibas (Read error: Connection reset by peer)
[16:32:02] *** dibas_ is now known as dibas
[16:36:07] *** Quits: n87 (Read error: Connection reset by peer)
[16:36:07] *** Quits: dibas (Read error: Connection reset by peer)
[16:38:21] *** Joins: dibas
[16:38:56] *** Joins: fgsfds
[16:42:13] *** Joins: dibas_
[16:42:13] *** Quits: dibas (Read error: Connection reset by peer)
[16:42:18] *** dibas_ is now known as dibas
[16:47:07] *** Joins: dibas_
[16:47:07] *** Quits: dibas (Read error: Connection reset by peer)
[16:47:11] *** dibas_ is now known as dibas
[16:53:32] *** Joins: dibas_
[16:53:32] *** Quits: dibas (Read error: Connection reset by peer)
[16:53:37] *** dibas_ is now known as dibas
[16:59:57] *** Joins: dibas_
[16:59:57] *** Quits: dibas (Read error: Connection reset by peer)
[17:00:02] *** dibas_ is now known as dibas
[17:06:22] *** Joins: dibas_
[17:06:22] *** Quits: dibas (Read error: Connection reset by peer)
[17:06:26] *** dibas_ is now known as dibas
[17:12:47] *** Joins: dibas_
[17:12:47] *** Quits: dibas (Read error: Connection reset by peer)
[17:12:51] *** dibas_ is now known as dibas
[17:19:12] *** Joins: dibas_
[17:19:12] *** Quits: dibas (Read error: Connection reset by peer)
[17:19:16] *** dibas_ is now known as dibas
[17:25:36] *** Joins: dibas_
[17:25:37] *** Quits: dibas (Read error: Connection reset by peer)
[17:25:42] *** dibas_ is now known as dibas
[17:29:58] *** Quits: dibas (Read error: Connection reset by peer)
[17:32:01] *** Joins: dibas
[17:38:26] *** Joins: dibas_
[17:38:27] *** Quits: dibas (Read error: Connection reset by peer)
[17:38:31] *** dibas_ is now known as dibas
[17:44:17] *** Joins: dibas_
[17:44:18] *** Quits: dibas (Read error: Connection reset by peer)
[17:44:21] *** dibas_ is now known as dibas
[17:50:42] *** Joins: dibas_
[17:50:43] *** Quits: dibas (Read error: Connection reset by peer)
[17:50:46] *** dibas_ is now known as dibas
[17:57:07] *** Joins: dibas_
[17:57:07] *** Quits: dibas (Read error: Connection reset by peer)
[17:57:12] *** dibas_ is now known as dibas
[18:03:32] *** Joins: dibas_
[18:03:33] *** Quits: dibas (Read error: Connection reset by peer)
[18:03:37] *** dibas_ is now known as dibas
[18:08:47] *** Quits: GerbilSof (Quit: Windows must now restart because the Remote Procedure Call (RPC) service terminated unexpectedly.)
[18:08:48] *** Quits: dibas (Read error: Connection reset by peer)
[18:09:05] *** Joins: GerbilSof
[18:09:55] *** Joins: dibas
[18:15:45] *** Joins: dibas_
[18:15:46] *** Quits: dibas (Read error: Connection reset by peer)
[18:15:51] *** dibas_ is now known as dibas
[18:21:37] *** Joins: dibas_
[18:21:37] *** Quits: dibas (Read error: Connection reset by peer)
[18:21:42] *** dibas_ is now known as dibas
[18:27:58] *** Joins: dibas_
[18:27:59] *** Quits: dibas (Read error: Connection reset by peer)
[18:28:04] *** dibas_ is now known as dibas
[18:33:52] *** Joins: dibas_
[18:33:53] *** Quits: dibas (Read error: Connection reset by peer)
[18:33:56] *** dibas_ is now known as dibas
[18:40:17] *** Joins: dibas_
[18:40:18] *** Quits: dibas (Read error: Connection reset by peer)
[18:40:21] *** dibas_ is now known as dibas
[18:46:42] *** Joins: dibas_
[18:46:42] *** Quits: dibas (Read error: Connection reset by peer)
[18:46:47] *** dibas_ is now known as dibas
[18:53:08] *** Joins: dibas_
[18:53:08] *** Quits: dibas (Read error: Connection reset by peer)
[18:53:13] *** dibas_ is now known as dibas
[18:59:32] *** Joins: dibas_
[18:59:34] *** Quits: dibas (Read error: Connection reset by peer)
[18:59:36] *** dibas_ is now known as dibas
[19:05:57] *** Joins: dibas_
[19:05:58] *** Quits: dibas (Read error: Connection reset by peer)
[19:06:01] *** dibas_ is now known as dibas
[19:12:22] *** Joins: dibas_
[19:12:23] *** Quits: dibas (Read error: Connection reset by peer)
[19:12:28] *** dibas_ is now known as dibas
[19:18:47] *** Joins: dibas_
[19:18:48] *** Quits: dibas (Read error: Connection reset by peer)
[19:18:53] *** dibas_ is now known as dibas
[19:25:12] *** Joins: dibas_
[19:25:13] *** Quits: dibas (Read error: Connection reset by peer)
[19:25:16] *** dibas_ is now known as dibas
[19:31:33] *** Joins: dibas_
[19:31:40] *** Quits: dibas (Read error: Connection reset by peer)
[19:31:40] *** dibas_ is now known as dibas
[19:37:27] *** Joins: dibas_
[19:37:28] *** Quits: dibas (Read error: Connection reset by peer)
[19:37:33] *** dibas_ is now known as dibas
[19:43:52] *** Joins: dibas_
[19:43:53] *** Quits: dibas (Read error: Connection reset by peer)
[19:43:58] *** dibas_ is now known as dibas
[19:50:17] *** Joins: dibas_
[19:50:21] *** Quits: dibas (Read error: Connection reset by peer)
[19:50:23] *** dibas_ is now known as dibas
[19:56:42] *** Joins: dibas_
[19:56:42] *** Quits: dibas (Read error: Connection reset by peer)
[19:56:46] *** dibas_ is now known as dibas
[20:03:07] *** Joins: dibas_
[20:03:08] *** Quits: dibas (Read error: Connection reset by peer)
[20:03:11] *** dibas_ is now known as dibas
[20:09:31] *** Joins: dibas_
[20:09:32] *** Quits: dibas (Read error: Connection reset by peer)
[20:09:35] *** dibas_ is now known as dibas
[20:15:56] *** Joins: dibas_
[20:15:57] *** Quits: dibas (Read error: Connection reset by peer)
[20:16:02] *** dibas_ is now known as dibas
[20:22:22] *** Joins: dibas_
[20:22:22] *** Quits: dibas (Read error: Connection reset by peer)
[20:22:27] *** dibas_ is now known as dibas
[20:27:49] *** Joins: oreo639
[20:27:50] *** Quits: dibas (Read error: Connection reset by peer)
[20:28:45] *** Joins: dibas
[20:35:12] *** Joins: dibas_
[20:35:13] *** Quits: dibas (Read error: Connection reset by peer)
[20:35:17] *** dibas_ is now known as dibas
[20:41:37] *** Joins: dibas_
[20:41:38] *** Quits: dibas (Read error: Connection reset by peer)
[20:41:43] *** dibas_ is now known as dibas
[20:48:03] *** Joins: dibas_
[20:48:04] *** Quits: dibas (Read error: Connection reset by peer)
[20:48:07] *** dibas_ is now known as dibas
[20:54:26] *** Joins: dibas_
[20:54:28] *** Quits: dibas (Read error: Connection reset by peer)
[20:54:32] *** dibas_ is now known as dibas
[21:00:17] *** Joins: dibas_
[21:00:20] *** Quits: dibas (Read error: Connection reset by peer)
[21:00:25] *** dibas_ is now known as dibas
[21:06:42] *** Joins: dibas_
[21:06:54] *** Quits: dibas (Read error: Connection reset by peer)
[21:06:54] *** dibas_ is now known as dibas
[21:13:06] *** Joins: dibas_
[21:13:17] *** Quits: dibas (Read error: Connection reset by peer)
[21:13:17] *** dibas_ is now known as dibas
[21:19:32] *** Joins: dibas_
[21:19:32] *** Quits: dibas (Read error: Connection reset by peer)
[21:19:37] *** dibas_ is now known as dibas
[21:25:57] *** Joins: dibas_
[21:25:58] *** Quits: dibas (Read error: Connection reset by peer)
[21:26:01] *** dibas_ is now known as dibas
[21:32:22] *** Joins: dibas_
[21:32:22] *** Quits: dibas (Read error: Connection reset by peer)
[21:32:27] *** dibas_ is now known as dibas
[21:38:49] *** Joins: dibas_
[21:38:49] *** Quits: dibas (Read error: Connection reset by peer)
[21:38:51] *** dibas_ is now known as dibas
[21:45:12] *** Joins: dibas_
[21:45:13] *** Quits: dibas (Read error: Connection reset by peer)
[21:45:17] *** dibas_ is now known as dibas
[21:51:37] *** Joins: dibas_
[21:51:39] *** Quits: dibas (Read error: Connection reset by peer)
[21:51:41] *** dibas_ is now known as dibas
[21:58:02] *** Joins: dibas_
[21:58:02] *** Quits: dibas (Read error: Connection reset by peer)
[21:58:08] *** dibas_ is now known as dibas
[22:04:43] *** Quits: dibas (Read error: Connection reset by peer)
[22:05:31] *** Joins: dibas
[22:11:26] *** Joins: dibas_
[22:11:29] *** Quits: dibas (Read error: Connection reset by peer)
[22:11:32] *** dibas_ is now known as dibas
[22:17:48] *** Joins: dibas_
[22:17:48] *** Quits: dibas (Read error: Connection reset by peer)
[22:17:53] *** dibas_ is now known as dibas
[22:23:42] *** Joins: dibas_
[22:23:42] *** Quits: dibas (Read error: Connection reset by peer)
[22:23:46] *** dibas_ is now known as dibas
[22:30:07] *** Joins: dibas_
[22:30:07] *** Quits: dibas (Read error: Connection reset by peer)
[22:30:12] *** dibas_ is now known as dibas
[22:36:29] *** Joins: dibas_
[22:36:30] *** Quits: dibas (Read error: Connection reset by peer)
[22:36:34] *** dibas_ is now known as dibas
[22:42:22] *** Joins: dibas_
[22:42:23] *** Quits: dibas (Read error: Connection reset by peer)
[22:42:26] *** dibas_ is now known as dibas
[22:48:46] *** Joins: dibas_
[22:48:46] *** Quits: dibas (Read error: Connection reset by peer)
[22:48:51] *** dibas_ is now known as dibas
[22:55:12] *** Joins: dibas_
[22:55:13] *** Quits: dibas (Read error: Connection reset by peer)
[22:55:16] *** dibas_ is now known as dibas
[23:01:53] *** Quits: dibas (Read error: Connection reset by peer)
[23:02:50] *** Joins: dibas
[23:05:12] *** pieman_ is now known as pieman
[23:09:11] *** Joins: dibas_
[23:09:11] *** Quits: dibas (Read error: Connection reset by peer)
[23:09:15] *** dibas_ is now known as dibas
[23:15:36] *** Joins: dibas_
[23:15:36] *** Quits: dibas (Read error: Connection reset by peer)
[23:15:40] *** dibas_ is now known as dibas
[23:22:00] *** Joins: dibas_
[23:22:01] *** Quits: dibas (Read error: Connection reset by peer)
[23:22:06] *** dibas_ is now known as dibas
[23:28:27] *** Joins: dibas_
[23:28:27] *** Quits: dibas (Read error: Connection reset by peer)
[23:28:31] *** dibas_ is now known as dibas
[23:34:52] *** Joins: dibas_
[23:34:52] *** Quits: dibas (Read error: Connection reset by peer)
[23:34:57] *** dibas_ is now known as dibas
[23:41:16] *** Joins: dibas_
[23:41:17] *** Quits: dibas (Read error: Connection reset by peer)
[23:41:23] *** dibas_ is now known as dibas
[23:45:08] *** Quits: zombie343 ()
[23:45:09] *** Quits: dibas (Read error: Connection reset by peer)
[23:47:41] *** Joins: dibas
[23:53:51] *** Quits: fgsfds (Read error: Connection reset by peer)
[23:53:53] *** Quits: dibas (Read error: Connection reset by peer)
[23:54:06] *** Joins: dibas
