[00:00:32] *** Joins: dibas_
[00:00:33] *** Quits: dibas (Read error: Connection reset by peer)
[00:00:36] *** dibas_ is now known as dibas
[00:05:09] *** Joins: dibas_
[00:05:15] *** Quits: dibas (Read error: Connection reset by peer)
[00:05:15] *** dibas_ is now known as dibas
[00:11:35] *** Joins: dibas_
[00:11:51] *** Quits: dibas (Read error: Connection reset by peer)
[00:11:51] *** dibas_ is now known as dibas
[00:18:02] *** Joins: dibas_
[00:18:19] *** Quits: dibas (Read error: Connection reset by peer)
[00:18:19] *** dibas_ is now known as dibas
[00:24:27] *** Joins: dibas_
[00:24:52] *** Quits: dibas (Read error: Connection reset by peer)
[00:24:52] *** dibas_ is now known as dibas
[00:29:28] *** Joins: dibas_
[00:29:31] *** Quits: dibas (Read error: Connection reset by peer)
[00:29:40] *** dibas_ is now known as dibas
[00:34:36] *** Joins: dibas_
[00:34:36] *** Quits: dibas (Read error: Connection reset by peer)
[00:34:36] *** dibas_ is now known as dibas
[00:40:45] *** Joins: dibas_
[00:40:46] *** Quits: dibas (Read error: Connection reset by peer)
[00:40:50] *** dibas_ is now known as dibas
[00:47:09] *** Joins: dibas_
[00:47:11] *** Quits: dibas (Read error: Connection reset by peer)
[00:47:14] *** dibas_ is now known as dibas
[00:53:35] *** Joins: dibas_
[00:53:36] *** Quits: dibas (Read error: Connection reset by peer)
[00:53:40] *** dibas_ is now known as dibas
[00:59:59] *** Joins: dibas_
[01:00:00] *** Quits: dibas (Read error: Connection reset by peer)
[01:00:03] *** dibas_ is now known as dibas
[01:06:27] *** Joins: dibas_
[01:06:32] *** Quits: dibas (Read error: Connection reset by peer)
[01:06:33] *** dibas_ is now known as dibas
[01:12:52] *** Joins: dibas_
[01:12:53] *** Quits: dibas (Read error: Connection reset by peer)
[01:12:57] *** dibas_ is now known as dibas
[01:19:17] *** Joins: dibas_
[01:19:18] *** Quits: dibas (Read error: Connection reset by peer)
[01:19:22] *** dibas_ is now known as dibas
[01:25:58] *** Quits: dibas (Read error: Connection reset by peer)
[01:27:16] *** Joins: dibas
[01:32:42] *** Joins: dibas_
[01:32:45] *** Quits: dibas (Read error: Connection reset by peer)
[01:32:55] *** dibas_ is now known as dibas
[01:37:19] *** Joins: dibas_
[01:37:26] *** Quits: dibas (Read error: Connection reset by peer)
[01:37:26] *** dibas_ is now known as dibas
[01:43:47] *** Joins: dibas_
[01:43:58] *** Quits: dibas (Read error: Connection reset by peer)
[01:43:58] *** dibas_ is now known as dibas
[01:50:28] *** Quits: dibas (Read error: Connection reset by peer)
[01:51:15] *** Joins: dibas
[01:57:12] *** Joins: dibas_
[01:57:25] *** Quits: dibas (Read error: Connection reset by peer)
[01:57:25] *** dibas_ is now known as dibas
[02:03:53] *** Quits: dibas (Read error: Connection reset by peer)
[02:04:41] *** Joins: dibas
[02:11:12] *** Joins: dibas_
[02:11:17] *** Quits: dibas (Read error: Connection reset by peer)
[02:11:17] *** dibas_ is now known as dibas
[02:15:48] *** Joins: dibas_
[02:16:02] *** Quits: dibas (Read error: Connection reset by peer)
[02:16:02] *** dibas_ is now known as dibas
[02:21:42] *** Joins: dibas_
[02:21:50] *** Quits: dibas (Read error: Connection reset by peer)
[02:21:50] *** dibas_ is now known as dibas
[02:28:23] *** Quits: dibas (Read error: Connection reset by peer)
[02:30:55] *** Joins: dibas_
[02:31:07] *** dibas_ is now known as dibas
[03:35:28] *** Joins: Snetry
[03:36:47] *** Quits: Sentry (Read error: Operation timed out)
[03:36:59] *** Snetry is now known as Sentry
[04:57:26] *** Quits: oreo639 (Read error: Operation timed out)
[05:28:20] *** Joins: oreo639
[06:32:37] *** Joins: zombie343
[08:48:06] *** Quits: lameboy (Read error: Connection reset by peer)
[08:48:33] *** Joins: lameboy
[09:15:11] *** Quits: oreo639 (Ping timeout: 265 seconds)
[10:12:07] *** Quits: Mimoja80 (Quit: The Lounge - https://thelounge.github.io)
[10:12:26] *** Joins: Mimoja80
[10:12:44] *** Quits: Mimoja80 (Client Quit)
[10:13:23] *** Joins: Mimoja80
[13:40:06] *** Quits: Behemoth (Remote host closed the connection)
[16:11:59] *** Quits: uyjulian (ZNC - http://znc.in)
[16:12:15] *** Joins: uyjulian
[16:19:00] *** Quits: tpw_rules (Read error: Operation timed out)
[16:19:16] *** Joins: tpw_rules
[16:34:56] *** Joins: fgsfds
[21:52:42] *** Quits: zini (Quit: -->)
[21:53:12] *** Joins: zini
[21:53:54] *** Quits: zini (Client Quit)
[21:54:38] *** Joins: zini
