[00:29:01] *** Quits: fgsfds (Read error: Connection reset by peer)
[12:41:28] *** Joins: uyjulian_
[12:42:46] *** Joins: lameboy2
[12:43:10] *** Quits: dibas (Excess Flood)
[12:43:10] *** Quits: Normmatt (Quit: ZNC - http://znc.in)
[12:43:10] *** Quits: zini (Quit: -->)
[12:43:10] *** Quits: Phils3r (Quit: ZNC - https://znc.in)
[12:43:10] *** Joins: Phils3r
[12:43:12] *** Quits: uyjulian (Quit: ZNC - http://znc.in)
[12:43:12] *** uyjulian_ is now known as uyjulian
[12:43:15] *** Joins: zini
[12:43:47] *** Joins: dibas
[12:45:37] *** Joins: Normmatt
[12:50:12] *** Joins: dibas_
[12:50:12] *** Quits: dibas (Read error: Connection reset by peer)
[12:50:16] *** dibas_ is now known as dibas
[12:55:43] *** Quits: lameboy (Ping timeout: 745 seconds)
[12:55:44] *** Quits: dibas (Read error: Connection reset by peer)
[12:55:47] *** lameboy2 is now known as lameboy
[12:56:35] *** Joins: dibas
[13:03:18] *** Quits: dibas (Read error: Connection reset by peer)
[13:04:36] *** Joins: dibas
[13:10:00] *** Joins: dibas_
[13:10:00] *** Quits: dibas (Read error: Connection reset by peer)
[13:10:06] *** dibas_ is now known as dibas
[13:16:44] *** Quits: dibas (Read error: Connection reset by peer)
[13:17:01] *** Joins: dibas
[13:23:43] *** Quits: dibas (Read error: Connection reset by peer)
[13:24:01] *** Joins: dibas
[13:30:43] *** Quits: dibas (Read error: Connection reset by peer)
[13:31:31] *** Joins: dibas
[13:38:02] *** Joins: dibas_
[13:38:02] *** Quits: dibas (Read error: Connection reset by peer)
[13:38:07] *** dibas_ is now known as dibas
[13:44:43] *** Quits: dibas (Read error: Connection reset by peer)
[13:47:26] *** Joins: dibas_
[13:47:32] *** dibas_ is now known as dibas
[17:46:44] *** Quits: Genolo (Quit: cya)
[17:47:40] *** Joins: Genolo
[18:06:40] *** Joins: jsa_
[18:11:00] *** Quits: GerbilSof (se.hub efnet.deic.eu)
[18:11:00] *** Quits: nohit__ (se.hub efnet.deic.eu)
[18:11:00] *** Quits: lemmy (se.hub efnet.deic.eu)
[18:12:20] *** Joins: GerbilSof
[18:17:08] *** Quits: GerbilSof (se.hub efnet.deic.eu)
[18:18:08] *** Joins: GerbilSof
[18:27:31] *** Joins: nohit___
[19:05:50] *** Joins: lemmy
[19:19:27] *** Joins: fgsfds
[19:21:30] *** Quits: GerbilSof (Ping timeout: 612 seconds)
[20:04:18] *** Joins: GerbilSof
[21:29:54] *** Joins: averne
[21:29:56] *** Server sets mode: +stn 
[23:11:49] *** Joins: oreo639
[23:35:00] *** Quits: oreo639 (Ping timeout: 612 seconds)
[23:46:36] *** Quits: fgsfds (Read error: Connection reset by peer)
