[04:05:32] *** Quits: uyjulian (Read error: Operation timed out)
[04:05:47] *** Joins: uyjulian
[04:07:25] *** Quits: Kyouju_ (Read error: Operation timed out)
[04:07:29] *** Joins: Kyouju
[04:07:43] *** Quits: |Shadow| (Read error: Operation timed out)
[04:08:32] *** Joins: |Shadow|
[04:09:04] *** Quits: djorz (Read error: Operation timed out)
[04:11:41] *** Quits: ave_ (Read error: Connection reset by peer)
[04:17:03] *** Quits: oldtopman (Read error: Operation timed out)
[04:17:32] *** Joins: oldtopman
[04:18:29] *** Quits: |Shadow| (Read error: Operation timed out)
[04:30:41] *** Joins: |Shadow|
[05:59:10] *** Joins: dibas_
[05:59:10] *** Quits: dibas (Read error: Connection reset by peer)
[05:59:14] *** dibas_ is now known as dibas
[06:05:53] *** Quits: dibas (Read error: Connection reset by peer)
[06:08:37] *** Joins: dibas_
[06:08:43] *** dibas_ is now known as dibas
[08:22:12] *** Quits: TAL (Ping timeout: 265 seconds)
[08:22:20] *** Joins: TAL
[12:58:29] *** Joins: djorz
[14:30:51] *** Quits: averne (quit)
[14:31:05] *** Joins: averne_
[14:31:05] *** Server sets mode: +stn 
[14:38:52] *** Quits: oldtopman (se.hub efnet.deic.eu)
[14:38:52] *** Quits: averne (se.hub efnet.deic.eu)
[14:38:52] *** Quits: lemmy (se.hub efnet.deic.eu)
[14:38:52] *** Quits: nohit___ (se.hub efnet.deic.eu)
[14:46:03] *** Joins: lansiir
[14:54:37] *** averne_ is now known as averne
[15:33:09] *** Joins: lemmy
[16:32:48] *** Quits: ris2z (Ping timeout: 186 seconds)
[17:05:42] *** Joins: ris2z
[17:15:29] *** Quits: ris2z (Ping timeout: 186 seconds)
[17:24:38] *** Joins: ris2z
[17:30:47] *** Joins: eggy
[17:31:51] *** Quits: eggster (ny.us.hub irc.Prison.NET)
[17:41:29] *** Quits: ris2z (Ping timeout: 260 seconds)
[17:52:10] *** Joins: ris2z
[17:57:04] *** Quits: ris2z (Ping timeout: 186 seconds)
[18:35:31] *** Joins: ris2z
[22:10:24] *** Joins: oreo639
[23:02:03] *** Quits: flagrama_ (Read error: Connection reset by peer)
[23:03:36] *** Joins: flagrama_
