[05:00:18] *** Quits: lemmy (se.hub efnet.deic.eu)
[05:06:55] *** Joins: lemmy
[08:28:06] *** Quits: lemmy (se.hub efnet.deic.eu)
[08:52:39] *** Quits: oreo639 (Ping timeout: 493 seconds)
[09:27:25] *** Joins: lemmy
[11:02:02] *** Quits: |Shadow| ()
[11:09:29] *** Joins: |Shadow|
[13:17:05] *** Joins: fgsfds
[17:14:16] *** Quits: Surkow (Remote host closed the connection)
[17:16:39] *** Joins: Surkow
[18:54:39] *** Joins: oreo639
[20:52:29] *** Quits: balrog (Bye)
[21:00:03] *** Joins: balrog
[21:05:04] *** Joins: rajkosto
[21:17:26] *** Quits: averne (quit)
[21:19:55] *** Joins: averne
[21:19:55] *** Server sets mode: +stn 
[22:51:05] *** Quits: rajkosto (Ping timeout: 265 seconds)
[23:00:32] *** Quits: fgsfds (Read error: Connection reset by peer)
[23:48:12] *** Quits: Sentry (Read error: Operation timed out)
[23:48:18] *** Joins: Sentry
