[00:38:13] *** Quits: oreo639 (Ping timeout: 612 seconds)
[02:30:00] *** Joins: oreo639
[02:45:40] *** Joins: |Shadow|_
[02:49:18] *** Quits: |Shadow| (Read error: Operation timed out)
[03:33:52] *** Joins: Snetry
[03:35:12] *** Quits: Sentry (Read error: Operation timed out)
[03:35:12] *** Snetry is now known as Sentry
[04:09:42] *** |Shadow|_ is now known as |Shadow|
[09:43:26] *** Quits: oreo639 (Ping timeout: 493 seconds)
[12:30:30] *** Joins: fgsfds
[12:42:13] *** Quits: Mimoja80 (Quit: The Lounge - https://thelounge.github.io)
[12:42:21] *** Joins: Mimoja80
[17:54:34] *** Joins: GerbilS5
[17:54:37] *** Quits: GerbilSof (Read error: Connection reset by peer)
[19:47:57] *** lansiir is now known as oldtopman
[20:07:05] *** Quits: fgsfds (Read error: Connection reset by peer)
[20:08:41] *** Joins: fgsfds
[20:13:40] *** Joins: oreo639
[20:15:35] *** Quits: fgsfds (Read error: Connection reset by peer)
[20:17:07] *** Joins: fgsfds
[21:56:39] *** Quits: GerbilS5 (Read error: Operation timed out)
[22:10:53] *** Joins: GerbilSof
[23:45:45] *** Quits: fgsfds (Read error: Connection reset by peer)
