[00:15:01] *** Quits: Phils3r (Quit: ZNC - https://znc.in)
[00:15:09] *** Joins: Phils3r
[02:13:13] *** Joins: Snetry
[02:14:33] *** Quits: Sentry (Read error: Operation timed out)
[02:14:35] *** Snetry is now known as Sentry
[03:12:19] *** Joins: Snetry
[03:13:39] *** Quits: Sentry (Read error: Operation timed out)
[03:13:42] *** Snetry is now known as Sentry
[07:27:34] *** Quits: oreo639 (Quit: Quit)
[07:28:32] *** Joins: oreo639
[08:22:53] *** Joins: oreo639_
[08:22:53] *** Quits: oreo639 (Read error: Connection reset by peer)
[08:23:35] *** oreo639_ is now known as oreo639
[09:34:38] *** Quits: GerbilSof (Read error: Operation timed out)
[09:44:32] *** Joins: GerbilSof
[10:10:55] *** Quits: oreo639 (Read error: Operation timed out)
[11:53:18] *** Quits: GerbilSof (Read error: Operation timed out)
[12:03:12] *** Joins: GerbilSof
[12:20:03] *** Joins: fgsfds
[17:01:51] *** Quits: GerbilSof (Quit: Windows must now restart because the Remote Procedure Call (RPC) service terminated unexpectedly.)
[17:02:21] *** Joins: GerbilSof
[18:16:50] *** Joins: rajkosto
[20:21:43] *** Joins: oreo639
[23:35:54] *** Quits: fgsfds (Read error: Connection reset by peer)
