[00:13:14] *** Quits: rajkosto (Read error: Connection reset by peer)
[02:50:37] *** Joins: dibas_
[02:50:44] *** Quits: dibas (Read error: Connection reset by peer)
[02:50:44] *** dibas_ is now known as dibas
[02:57:18] *** Quits: dibas (Read error: Connection reset by peer)
[02:59:21] *** Joins: dibas
[03:05:39] *** Joins: dibas_
[03:05:39] *** Quits: dibas (Read error: Connection reset by peer)
[03:05:39] *** dibas_ is now known as dibas
[03:09:58] *** Joins: Snetry
[03:11:17] *** Quits: Sentry (Read error: Operation timed out)
[03:11:29] *** Snetry is now known as Sentry
[10:04:18] *** Quits: oreo639 (Read error: Operation timed out)
[13:32:43] *** Joins: sh0e-
[13:32:52] *** Quits: sh0e (Read error: Connection reset by peer)
[13:34:45] *** Joins: m4ts
[13:35:46] *** Quits: m4ts_ (Ping timeout: 265 seconds)
[13:35:46] *** Quits: GeekShado (Read error: Connection reset by peer)
[13:40:15] *** Joins: n87
[13:45:11] *** Joins: GeekShado
[15:00:58] *** Quits: cpnc0ke ()
[16:21:26] *** Quits: sh0e- (Read error: Connection reset by peer)
[16:23:49] *** Joins: fgsfds
[16:27:31] *** Joins: sh0e
[19:02:43] *** Quits: Phils3r (Ping timeout: 745 seconds)
[19:17:58] *** Joins: oreo639
[19:45:47] *** Quits: oreo639 (Read error: Operation timed out)
[20:27:00] *** Joins: Phils3r
[22:35:09] *** Quits: n87 (Read error: Connection reset by peer)
[23:16:01] *** Quits: fgsfds (Read error: Connection reset by peer)
