[00:27:11] *** Quits: n87 (Read error: Connection reset by peer)
[00:34:01] *** Quits: fgsfds (Read error: Connection reset by peer)
[02:02:46] *** Quits: oreo639 (Quit: Quit)
[02:03:12] *** Joins: oreo639
[03:08:08] *** Joins: Snetry
[03:09:27] *** Quits: Sentry (Read error: Operation timed out)
[03:09:27] *** Snetry is now known as Sentry
[05:04:47] *** Quits: Stary_ (Read error: Operation timed out)
[05:05:29] *** Joins: Stary
[05:53:30] *** Joins: |Shadow|_
[05:54:37] *** Quits: |Shadow|_ (Read error: Connection reset by peer)
[05:55:24] *** Joins: |Shadow|_
[05:57:16] *** Quits: |Shadow| ()
[05:57:56] *** |Shadow|_ is now known as |Shadow|
[05:58:20] *** Quits: |Shadow| (Client Quit)
[05:58:59] *** Joins: |Shadow|
[06:14:01] *** Quits: |Shadow| (Read error: Connection reset by peer)
[06:24:17] *** Joins: |Shadow|
[07:20:24] *** Quits: phigcloud (Ping timeout: 265 seconds)
[07:21:51] *** Quits: Stary (Ping timeout: 265 seconds)
[07:22:13] *** Joins: phigcloud
[07:23:18] *** Quits: WntrMute (Ping timeout: 265 seconds)
[07:23:29] *** Joins: WntrMute
[07:23:37] *** yls8bot sets mode: +o WntrMute
[07:23:47] *** Quits: fincs (Ping timeout: 265 seconds)
[07:24:01] *** Joins: fincs
[07:24:01] *** WntrMute sets mode: +o fincs
[07:25:16] *** Joins: Stary
[07:30:24] *** Quits: Ghabry (Remote host closed the connection)
[07:33:10] *** Joins: Ghabry
[07:40:11] *** Quits: |Shadow| ()
[07:44:01] *** Quits: GerbilSof (Ping timeout: 260 seconds)
[07:44:49] *** Joins: |Shadow|
[08:02:09] *** Quits: |Shadow| ()
[08:04:55] *** Joins: |Shadow|
[11:06:54] *** Quits: oreo639 (Read error: Operation timed out)
[11:35:52] *** Joins: rajkosto
[11:53:54] *** Quits: |Shadow| ()
[12:02:36] *** Joins: |Shadow|
[12:20:04] *** Joins: n87
[12:20:29] *** Joins: n87_2
[12:24:54] *** Quits: n87 (Ping timeout: 265 seconds)
[12:47:51] *** Quits: n87_2 (Read error: Connection reset by peer)
[12:54:51] *** Joins: n87
[15:42:02] *** Quits: |Shadow| ()
[15:44:39] *** Joins: |Shadow|
[15:49:45] *** Quits: |Shadow| ()
[15:51:59] *** Joins: |Shadow|
[17:19:47] *** Quits: rajkosto (Read error: Connection reset by peer)
[17:54:32] *** Joins: fgsfds
[18:54:32] *** Joins: oreo639
[22:56:29] *** Quits: Surkow (Read error: Operation timed out)
[23:08:18] *** Joins: Surkow
[23:38:55] *** Quits: fgsfds (Quit: Leaving)
