[00:21:59] *** Joins: lameboy2
[00:25:53] *** Quits: ihaveamac (Read error: Operation timed out)
[00:26:44] *** Quits: GeekShado (Read error: Operation timed out)
[00:26:54] *** Joins: GeekShado
[00:28:12] *** Quits: lameboy (Ping timeout: 480 seconds)
[00:28:14] *** lameboy2 is now known as lameboy
[00:28:36] *** Quits: oldtopman (Ping timeout: 480 seconds)
[00:30:43] *** Quits: CCFL_Man (Remote host closed the connection)
[00:32:01] *** Quits: GrecKo (Ping timeout: 260 seconds)
[00:34:08] *** Joins: oldtopman
[00:35:18] *** Joins: GrecKo
[00:52:15] *** Quits: Mimoja80 (Quit: Ping timeout (120 seconds))
[00:56:51] *** Joins: Mimoja80
[01:01:25] *** Quits: Mimoja80 (Ping timeout: 260 seconds)
[01:08:21] *** Joins: Mimoja80
[01:21:46] *** Joins: ihaveamac
[01:23:12] *** Quits: n87 (Read error: Connection reset by peer)
[01:42:50] *** Quits: |Shadow| ()
[01:50:59] *** Joins: |Shadow|
[02:21:35] *** Joins: rajkosto
[03:07:02] *** Joins: Snetry
[03:08:21] *** Quits: Sentry (Read error: Operation timed out)
[03:08:21] *** Snetry is now known as Sentry
[03:14:02] *** Quits: rajkosto (Read error: Connection reset by peer)
[04:12:08] *** Quits: phigcloud (Read error: Connection reset by peer)
[04:16:24] *** Quits: oreo639 (Quit: No Ping reply in 180 seconds.)
[04:16:24] *** Quits: GrecKo (Read error: Connection reset by peer)
[04:17:27] *** Joins: GrecKo
[04:17:42] *** Joins: phigcloud
[04:20:12] *** Joins: oreo639
[06:40:19] *** Quits: oreo639 (Ping timeout: 612 seconds)
[07:02:52] *** Joins: oreo639
[11:22:35] *** Quits: oreo639 (Read error: Operation timed out)
[11:31:48] *** Joins: n87
[13:05:17] *** Joins: fgsfds
[16:00:47] *** Joins: rajkosto
[17:19:28] *** Joins: lameboy2
[17:27:26] *** Quits: lameboy (Read error: Operation timed out)
[17:27:31] *** lameboy2 is now known as lameboy
[18:16:33] *** Joins: GerbilSof
[19:14:21] *** Joins: dibas_
[19:14:21] *** Quits: dibas (Read error: Connection reset by peer)
[19:14:25] *** dibas_ is now known as dibas
[19:18:57] *** Joins: dibas_
[19:18:57] *** Quits: dibas (Read error: Connection reset by peer)
[19:19:01] *** dibas_ is now known as dibas
[19:25:39] *** Quits: dibas (Read error: Connection reset by peer)
[19:26:26] *** Joins: dibas
[19:32:57] *** Joins: dibas_
[19:32:58] *** Quits: dibas (Read error: Connection reset by peer)
[19:33:03] *** dibas_ is now known as dibas
[19:37:03] *** Quits: dibas (Read error: Connection reset by peer)
[19:39:06] *** Joins: dibas
[22:03:09] *** Joins: cpnc0ke
[23:07:52] *** Joins: lameboy2
[23:11:43] *** Quits: lameboy (Ping timeout: 376 seconds)
[23:11:47] *** lameboy2 is now known as lameboy
[23:14:47] *** Quits: averne (quit)
[23:15:03] *** Joins: averne_
[23:15:03] *** Server sets mode: +stn 
[23:15:13] *** Joins: lameboy2
[23:16:19] *** Quits: averne (Read error: Connection reset by peer)
[23:16:19] *** averne_ is now known as averne
[23:22:32] *** Quits: lameboy (Read error: Operation timed out)
[23:22:37] *** lameboy2 is now known as lameboy
[23:42:31] *** Joins: oreo639
