[00:08:18] *** Quits: fgsfds (Quit: Leaving)
[00:18:35] *** Quits: n87 (Read error: Connection reset by peer)
[00:18:59] *** Joins: n87
[00:23:55] *** Quits: Genolo (Read error: Operation timed out)
[01:14:05] *** Joins: Genolo
[01:15:41] *** Quits: n87 (Read error: Connection reset by peer)
[01:16:29] *** Joins: refs
[01:28:06] *** Quits: |Shadow| ()
[01:30:19] *** Joins: |Shadow|
[02:41:42] *** Quits: refs (Quit: refs)
[03:06:13] *** Quits: rajkosto (Quit: Leaving)
[04:34:51] *** Quits: |Shadow| ()
[04:38:02] *** Joins: |Shadow|
[04:50:02] *** Quits: |Shadow| ()
[04:52:23] *** Joins: |Shadow|
[05:06:18] *** Quits: lameboy (Quit: bbl)
[05:22:29] *** Joins: lameboy
[06:48:22] *** Quits: balrog (Read error: Operation timed out)
[07:21:04] *** Quits: phigcloud (Ping timeout: 265 seconds)
[07:22:46] *** Joins: phigcloud
[07:59:10] *** Joins: balrog
[08:17:02] *** Quits: Mimoja80 (Read error: Connection reset by peer)
[08:17:52] *** Quits: balrog (Read error: Operation timed out)
[08:19:26] *** Joins: Mimoja80
[08:22:26] *** Joins: balrog
[08:22:44] *** Quits: flagrama_ (Ping timeout: 493 seconds)
[08:22:48] *** Joins: flagrama_
[08:23:53] *** Quits: pieman (Ping timeout: 493 seconds)
[08:26:54] *** Quits: uyjulian (Quit: ZNC - http://znc.in)
[08:27:11] *** Joins: uyjulian
[08:27:30] *** Joins: pieman
[08:36:28] *** Quits: lameboy (se.hub efnet.deic.eu)
[08:36:28] *** Quits: oreo639 (se.hub efnet.deic.eu)
[08:36:28] *** Quits: GerbilSof (se.hub efnet.deic.eu)
[08:36:28] *** Quits: GrecKo (se.hub efnet.deic.eu)
[08:36:28] *** Quits: lemmy (se.hub efnet.deic.eu)
[08:36:28] *** Quits: nohit____ (se.hub efnet.deic.eu)
[08:40:25] *** Joins: lameboy2
[08:41:00] *** Quits: lex1 (Read error: Operation timed out)
[08:44:23] *** Joins: GrecKo_
[08:44:59] *** Joins: lex1
[08:48:11] *** Joins: oreo639_
[08:51:43] *** lameboy2 is now known as lameboy
[08:51:47] *** Joins: GerbilSof
[08:51:47] *** Joins: nohit____
[08:51:47] *** Joins: lemmy
[10:22:57] *** Quits: oreo639_ (Ping timeout: 260 seconds)
[10:47:51] *** Joins: rajkosto
[11:09:12] *** Joins: rajko
[11:11:10] *** Quits: lameboy (Quit: Astalabyebye...)
[11:11:40] *** Joins: lameboy
[11:14:38] *** Quits: rajkosto (Read error: Operation timed out)
[11:35:21] *** Joins: rajkosto
[11:41:39] *** Quits: rajko (Read error: Operation timed out)
[11:59:42] *** Joins: rajko
[12:06:11] *** Quits: rajkosto (Read error: Operation timed out)
[12:32:15] *** Quits: rajko (Read error: Connection reset by peer)
[12:38:23] *** Joins: n87
[12:58:14] *** Joins: dibas_
[12:58:14] *** Quits: dibas (Read error: Connection reset by peer)
[12:58:19] *** dibas_ is now known as dibas
[13:04:59] *** Quits: dibas (Read error: Connection reset by peer)
[13:05:44] *** Joins: dibas_
[13:05:51] *** dibas_ is now known as dibas
[13:59:47] *** Joins: lameboy2
[14:06:40] *** Quits: lameboy (Read error: Operation timed out)
[14:06:44] *** lameboy2 is now known as lameboy
[14:42:55] *** Joins: rajkosto
[18:26:44] *** Quits: lameboy (Read error: Connection reset by peer)
[18:26:49] *** Joins: lameboy2
[18:26:53] *** lameboy2 is now known as lameboy
[18:47:25] *** Quits: rajkosto (Read error: Operation timed out)
[18:52:16] *** Joins: fgsfds
[21:51:47] *** Joins: oreo639
[22:37:00] *** Quits: n87 (Read error: Connection reset by peer)
[23:57:21] *** Quits: oreo639 (Quit: Quit)
[23:58:22] *** Joins: oreo639
