[00:06:02] *** Quits: fgsfds (Read error: Connection reset by peer)
[01:03:16] *** Joins: dibas_
[01:03:16] *** Quits: dibas (Read error: Connection reset by peer)
[01:03:21] *** dibas_ is now known as dibas
[01:03:48] *** Joins: thejsa
[01:09:46] *** Joins: dibas_
[01:09:46] *** Quits: dibas (Read error: Connection reset by peer)
[01:09:52] *** dibas_ is now known as dibas
[01:11:49] *** Quits: jsa_ (Ping timeout: 745 seconds)
[01:16:29] *** Quits: dibas (Read error: Connection reset by peer)
[01:17:21] *** Joins: dibas
[01:23:54] *** Joins: dibas_
[01:23:54] *** Quits: dibas (Read error: Connection reset by peer)
[01:23:59] *** dibas_ is now known as dibas
[01:30:00] *** Joins: dibas_
[01:30:00] *** Quits: dibas (Read error: Connection reset by peer)
[01:30:05] *** dibas_ is now known as dibas
[01:35:29] *** Joins: dibas_
[01:35:29] *** Quits: dibas (Read error: Connection reset by peer)
[01:35:34] *** dibas_ is now known as dibas
[01:42:09] *** Quits: dibas (Read error: Connection reset by peer)
[01:44:11] *** Joins: dibas
[01:48:53] *** Joins: dibas_
[01:48:53] *** Quits: dibas (Read error: Connection reset by peer)
[01:48:57] *** dibas_ is now known as dibas
[01:55:26] *** Joins: dibas_
[01:55:26] *** Quits: dibas (Read error: Connection reset by peer)
[01:55:33] *** dibas_ is now known as dibas
[04:13:29] *** Quits: ihaveamac (Quit: fail)
[04:14:49] *** Joins: ihaveamac
[05:31:50] *** Quits: Stary (se.hub irc.homelien.no)
[05:49:40] *** Quits: averne (quit)
[05:49:59] *** Joins: averne_
[05:49:59] *** Server sets mode: +stn 
[05:55:00] *** Quits: averne (Ping timeout: 480 seconds)
[05:55:00] *** averne_ is now known as averne
[06:26:30] *** Joins: Stary_
[06:59:37] *** Quits: GrecKo_ (Ping timeout: 260 seconds)
[07:00:13] *** Joins: GrecKo
[07:01:57] *** Quits: flagrama_ (Ping timeout: 260 seconds)
[07:03:35] *** Joins: flagrama_
[07:39:16] *** Quits: d3m3vilur (Read error: Operation timed out)
[07:43:45] *** Quits: Sentry (Read error: Operation timed out)
[07:44:49] *** Quits: Extrems (Read error: Operation timed out)
[07:47:49] *** Quits: averne (quit)
[07:48:53] *** Joins: averne_
[07:48:54] *** Server sets mode: +stn 
[07:50:01] *** Quits: lex1 (Read error: Operation timed out)
[07:51:40] *** Joins: lex1
[07:52:23] *** Joins: Sentry
[07:54:09] *** Joins: d3m3vilur
[07:54:15] *** Joins: Extrems
[07:55:42] *** Quits: averne (Ping timeout: 857 seconds)
[07:55:42] *** averne_ is now known as averne
[08:47:54] *** Quits: Surkow (Remote host closed the connection)
[09:06:33] *** Quits: thejsa (se.hub efnet.deic.eu)
[09:06:33] *** Quits: GerbilSof (se.hub efnet.deic.eu)
[09:06:33] *** Quits: lemmy (se.hub efnet.deic.eu)
[09:06:33] *** Quits: nohit____ (se.hub efnet.deic.eu)
[09:10:47] *** Joins: thejsa
[09:10:47] *** Joins: nohit____
[09:10:47] *** Joins: lemmy
[09:23:00] *** Joins: Surkow
[09:42:26] *** Joins: rajkosto
[11:00:27] *** Quits: rajkosto (Read error: Connection reset by peer)
[12:44:16] *** Quits: oreo639 (Ping timeout: 265 seconds)
[13:00:17] *** Quits: zini (Quit: -->)
[13:00:48] *** Joins: zini
[13:11:01] *** Joins: fgsfds
[13:21:59] *** Joins: refs
[14:05:17] *** Quits: fgsfds (Read error: Connection reset by peer)
[14:07:47] *** Joins: rajkosto
[15:32:53] *** Quits: |Shadow| ()
[15:35:51] *** Joins: |Shadow|
[15:44:45] *** Quits: |Shadow| (Read error: Connection reset by peer)
[15:45:03] *** Joins: |Shadow|
[15:49:38] *** Quits: |Shadow| (Client Quit)
[15:52:23] *** Joins: |Shadow|
[16:45:28] *** Joins: fgsfds
[16:51:47] *** Quits: fgsfds (Quit: Leaving)
[17:29:27] *** Quits: rajkosto (Leaving)
[18:44:36] *** Joins: fgsfds
[20:48:15] *** Quits: fgsfds (Quit: Leaving)
[20:56:23] *** Joins: fgsfds
[22:34:08] *** Joins: oreo639
[23:32:01] *** Quits: oreo639 (Read error: Operation timed out)
