[00:30:36] *** Joins: asrrrrr
[01:10:03] *** Quits: fgsfds (Read error: Connection reset by peer)
[01:14:24] *** Quits: ris2z (Ping timeout: 186 seconds)
[01:21:50] *** Joins: GerbilSof
[01:24:31] *** Joins: ris2z
[01:30:28] *** Joins: oreo639
[02:07:51] *** Joins: |Shadow|_
[02:12:42] *** Quits: |Shadow| (Read error: Operation timed out)
[02:13:01] *** |Shadow|_ is now known as |Shadow|
[03:00:40] *** Joins: |Shadow|_
[03:03:46] *** Joins: Snetry
[03:05:06] *** Quits: Sentry (Read error: Operation timed out)
[03:05:07] *** Snetry is now known as Sentry
[03:06:00] *** Quits: |Shadow| (Read error: Operation timed out)
[04:58:05] *** Quits: refs (Quit: refs)
[06:48:02] *** Quits: |Shadow|_ ()
[06:50:40] *** Joins: |Shadow|
[11:04:26] *** Quits: oreo639 (Read error: Operation timed out)
[11:36:24] *** Joins: fgsfds
[13:20:58] *** Joins: refs
[13:51:43] *** Parts: asrrrrr ()
[18:53:18] *** Joins: rajkosto
[21:35:41] *** Joins: oreo639
[21:45:47] *** Quits: averne (quit)
