[00:52:18] *** Quits: n87 (Read error: Connection reset by peer)
[01:12:32] *** Joins: lameboy2
[01:15:40] *** Quits: theSuess (Ping timeout: 360 seconds)
[01:16:42] *** Quits: lameboy (Read error: Operation timed out)
[01:16:42] *** lameboy2 is now known as lameboy
[01:19:56] *** Joins: theSuess
[01:25:52] *** Quits: ihaveamac (Ping timeout: 360 seconds)
[01:26:10] *** Joins: ihaveamac
[01:43:16] *** Quits: theSuess (Ping timeout: 360 seconds)
[01:44:36] *** Joins: theSuess
[10:44:11] *** Joins: omlet05
[10:46:52] *** Quits: omlet05 (Client Quit)
[10:50:54] *** Joins: omlet05
[11:48:54] *** Quits: lameboy (Read error: Connection reset by peer)
[11:49:14] *** Joins: lameboy
[12:11:25] *** Joins: n87
[17:46:06] <plutobot> GitHub | New PR: Update debug ... | User: borntohonk | https://github.com/switchbrew/nx-hbloader/pull/39
[18:21:04] *** Quits: DeusQain (Read error: No route to host)
[18:21:06] *** Joins: balrog_
[18:21:08] *** Quits: balrog (Read error: No route to host)
[18:21:27] *** balrog_ is now known as balrog
[18:21:59] *** Quits: klock (Read error: No route to host)
[18:22:24] *** Quits: yls8bot (Read error: No route to host)
[18:23:25] *** Quits: Lightswor (Read error: No route to host)
[18:23:55] *** Quits: tpw_rules (Read error: No route to host)
[18:23:59] *** Quits: yellows8 (Read error: No route to host)
[18:24:05] *** Quits: Surkow (Read error: No route to host)
[18:24:06] *** Quits: theSuess (Read error: No route to host)
[18:24:32] *** Joins: Surkow
[18:24:37] *** Joins: Lightswor
[18:24:43] *** Joins: yls8bot
[18:24:56] *** Joins: theSuess
[18:25:21] *** Joins: tpw_rules
[18:25:48] *** Joins: yellows8
[18:27:57] *** Joins: klock
[18:38:34] *** Joins: DeusQain
[19:45:53] *** Quits: maylay (Ping timeout: 260 seconds)
[19:50:33] *** Quits: imax (Read error: Operation timed out)
[19:50:34] *** Quits: Retr0id (Read error: Connection reset by peer)
[19:50:37] *** Quits: Snetry (Read error: Operation timed out)
[19:51:12] *** Quits: lex1 (Read error: Operation timed out)
[19:51:47] *** Joins: Snetry
[19:51:55] *** Joins: lex1
[19:52:01] *** Joins: imax
[19:52:59] *** Joins: Retr0id
[19:59:55] *** Joins: maylay
[21:53:56] *** Quits: substanc3 (Read error: Operation timed out)
[22:09:59] *** Joins: substanc3
