[00:05:56] *** Joins: mendel_mu
[02:12:40] *** Quits: DacoTaco_ (Read error: Operation timed out)
[02:12:56] *** Joins: DacoTaco
[04:03:53] *** Joins: CCFL_Man
[08:10:35] *** Joins: oreo639
[09:02:13] *** Quits: oreo639 (Ping timeout: 260 seconds)
[09:08:13] *** Quits: GeekShado (Ping timeout: 240 seconds)
[09:09:27] *** Joins: GeekShado
[11:18:42] *** Quits: Surkow (Read error: Operation timed out)
[11:19:08] *** Joins: Surkow
[13:43:53] *** Quits: omlet05 (Quit: http://quassel-irc.org - Chat comfortably. Anywhere.)
[13:48:04] *** Joins: omlet05
[14:15:39] *** Joins: balrog_
[14:16:18] *** Quits: balrog (Read error: Connection reset by peer)
[14:16:18] *** balrog_ is now known as balrog
[14:22:15] *** Quits: Behemoth_ (Ping timeout: 499 seconds)
[14:34:43] *** Joins: Behemoth
[19:17:11] *** Joins: oreo639
[20:30:45] <plutobot> GitHub | New commit | User: Dave Murphy | https://github.com/switchbrew/switch-examples/commit/5e36dc2902
[20:30:45] <plutobot> GitHub | New commit | User: Dave Murphy | https://github.com/switchbrew/switch-examples/commit/399aa26c6e
[22:48:21] <plutobot> Wiki | Page changed: NPDM | User: Masagrator | https://switchbrew.org/w/index.php?curid=141&diff=13022&oldid=12798
[22:52:41] <plutobot> GitHub | New commit | User: Dave Murphy | https://github.com/switchbrew/nx-hbloader/commit/5ac0dfe82d
