[00:21:40] *** Joins: derk0pf (~derk0pf@ip5b413570.dynamic.kabel-deutschland.de)
[00:26:54] *** Quits: derk0pf (~derk0pf@ip5b413570.dynamic.kabel-deutschland.de) (Ping timeout: 272 seconds)
[00:28:11] *** Quits: lameboy (~lameboy@202-47-121-182.cust.dcsi.net.au) (Remote host closed the connection)
[00:29:35] *** Joins: lameboy (~lameboy@202-47-121-182.cust.dcsi.net.au)
[01:08:31] *** Quits: Tcm0 (~Tcm0@p4fde79c0.dip0.t-ipconnect.de) (Leaving)
[01:22:03] *** Joins: derk0pf (~derk0pf@ip5b413570.dynamic.kabel-deutschland.de)
[01:38:20] *** Quits: derk0pf (~derk0pf@ip5b413570.dynamic.kabel-deutschland.de) (Read error: Operation timed out)
[01:48:50] *** Quits: ris2z (~2ri@static.200.38.9.176.clients.your-server.de) (Read error: Connection reset by peer)
[01:55:32] *** Joins: ris2z (~2ri@static.200.38.9.176.clients.your-server.de)
[03:33:32] *** Joins: KuKzz_ (KuKzz@95.143.216.177)
[03:38:58] *** Quits: KuKzz (KuKzz@95.143.216.177) (ny.us.hub irc.Prison.NET)
[03:57:28] *** Quits: lameboy (~lameboy@202-47-121-182.cust.dcsi.net.au) (Read error: Operation timed out)
[03:59:54] *** Quits: GerbilSof (~GerbilSof@pool-108-24-152-152.cmdnnj.fios.verizon.net) (Quit: Windows must now restart because the Remote Procedure Call (RPC) service terminated unexpectedly.)
[04:00:18] *** Joins: GerbilSof (~GerbilSof@pool-108-24-152-152.cmdnnj.fios.verizon.net)
[04:12:00] *** Joins: lameboy (~lameboy@202-47-121-182.cust.dcsi.net.au)
[04:33:06] *** Joins: derk0pf (~derk0pf@ip5b413570.dynamic.kabel-deutschland.de)
[04:47:23] *** Quits: lameboy (~lameboy@202-47-121-182.cust.dcsi.net.au) (Read error: Connection reset by peer)
[04:49:08] *** Joins: lameboy (~lameboy@202-47-121-182.cust.dcsi.net.au)
[04:57:29] *** Quits: lameboy (~lameboy@202-47-121-182.cust.dcsi.net.au) (Read error: Connection reset by peer)
[05:10:23] *** Quits: refs (~refs@p200300dd8731200000aba80100894d37.dip0.t-ipconnect.de) (Quit: refs)
[05:16:03] *** Quits: derk0pf (~derk0pf@ip5b413570.dynamic.kabel-deutschland.de) (Read error: Operation timed out)
[05:22:02] *** Joins: lameboy (~lameboy@202-47-121-182.cust.dcsi.net.au)
[07:16:13] *** Quits: fgsfds (~figgis@93.123.144.171) (Leaving)
[10:09:39] *** Quits: Galaxy| (~galaxy@174-083-197-034.res.spectrum.com) (Quit: Quit.)
[10:17:59] *** Joins: Galaxy| (~galaxy@174-083-197-034.res.spectrum.com)
[10:55:32] *** Joins: Tcm0 (~Tcm0@p4fde7bc7.dip0.t-ipconnect.de)
[13:29:57] *** Joins: refs (~refs@p200300dd87430c00a89f266dde35fa64.dip0.t-ipconnect.de)
[17:03:32] *** Joins: fgsfds (~figgis@93.123.144.171)
[18:01:02] <plutobot> Wiki | Page changed: PTM services | User: Hexkyz | https://switchbrew.org/w/index.php?curid=165&diff=10414&oldid=10339
[18:02:03] <plutobot> Wiki | Page changed: Display services | User: Hexkyz | https://switchbrew.org/w/index.php?curid=113&diff=10415&oldid=10374
[18:03:35] <plutobot> Wiki | Page changed: Display services | User: Hexkyz | https://switchbrew.org/w/index.php?curid=113&diff=10416&oldid=10415
[18:04:36] <plutobot> Wiki | Page changed: Error codes | User: Hexkyz | https://switchbrew.org/w/index.php?curid=82&diff=10417&oldid=10338
[18:17:00] <plutobot> Wiki | Page changed: NV services | User: Hexkyz | https://switchbrew.org/w/index.php?curid=88&diff=10418&oldid=10133
[18:44:52] <plutobot> Wiki | Page changed: NV services | User: Hexkyz | https://switchbrew.org/w/index.php?curid=88&diff=10419&oldid=10418
[18:45:53] <plutobot> Wiki | Page changed: Bus services | User: Hexkyz | https://switchbrew.org/w/index.php?curid=152&diff=10420&oldid=10145
[20:55:52] *** Joins: derk0pf (~derk0pf@ip5b413570.dynamic.kabel-deutschland.de)
[21:44:03] *** Joins: m4ts (~mats@s17612523581.blix.com)
[21:44:40] *** Quits: m4ts_ (~mats@s17612523584.blix.com) (Ping timeout: 265 seconds)
[22:18:59] *** Quits: derk0pf (~derk0pf@ip5b413570.dynamic.kabel-deutschland.de) (Ping timeout: 265 seconds)
[22:22:01] *** Joins: TuxSH (tuxsh@2a01:4f8:141:1272::2)
