[00:19:09] *** Quits: Tcm0 (~Tcm0@p4fde7bc7.dip0.t-ipconnect.de) (Leaving)
[01:37:09] <plutobot> Wiki | Page changed: Network | User: Behemoth | https://switchbrew.org/w/index.php?curid=136&diff=10421&oldid=9821
[01:40:42] <plutobot> Wiki | Page changed: Network | User: Behemoth | https://switchbrew.org/w/index.php?curid=136&diff=10422&oldid=10421
[02:29:19] *** Joins: TheLat (webchat@c-98-207-138-185.hsd1.ca.comcast.net)
[04:37:32] *** Quits: refs (~refs@p200300dd87430c00a89f266dde35fa64.dip0.t-ipconnect.de) (Quit: refs)
[07:17:42] *** Quits: TheLat (webchat@c-98-207-138-185.hsd1.ca.comcast.net) (Ping timeout: 252 seconds)
[07:19:01] *** Quits: mtheall (~mtheall@mtheall.com) (Read error: Operation timed out)
[07:19:01] *** Quits: DeusQain (quasselcor@mx.qainsworld.com) (Read error: Operation timed out)
[07:19:04] *** Quits: balrog (~balrog@pool-98-115-168-15.phlapa.fios.verizon.net) (Read error: Operation timed out)
[07:19:05] *** Quits: yls8bot (~yls8bot@mtheall.com) (Write error: Broken pipe)
[07:19:06] *** Quits: tpw_rules (~tpw_rules@li1059-135.members.linode.com) (Read error: Operation timed out)
[07:19:19] *** Joins: mtheall (~mtheall@mtheall.com)
[07:19:19] *** Joins: tpw_rules (~tpw_rules@li1059-135.members.linode.com)
[07:19:24] *** Quits: giglife (giglife@cpe0492268436b0-cm688f2e1dc9d0.cpe.net.cable.rogers.com) (Read error: Operation timed out)
[07:19:47] *** Quits: Lightswor (~Lightswor@107.170.253.193) (Read error: Operation timed out)
[07:20:13] *** Joins: giglife (giglife@cpe0492268436b0-cm688f2e1dc9d0.cpe.net.cable.rogers.com)
[07:20:18] *** Joins: balrog (~balrog@pool-98-115-168-15.phlapa.fios.verizon.net)
[07:20:48] *** Joins: DeusQain (~DeusQain@mx.qainsworld.com)
[07:21:35] *** Quits: datagutt (~datagutt@mail.guac.live) (Read error: Operation timed out)
[07:21:56] *** Quits: gruetzkop (gruetzkopf@bnc.dont-follow.us) (Read error: Operation timed out)
[07:22:04] *** Joins: gruetzkop (gruetzkopf@bnc.dont-follow.us)
[07:22:08] *** Quits: Aaerox (Aaerox@fuckyou.k.thnx.org) (Read error: Operation timed out)
[07:22:11] *** Quits: freundTec (~freundTec@freundtech.com) (Read error: Operation timed out)
[07:22:11] *** Quits: Kyouju (~Kyouju@ks3311808.kimsufi.com) (Read error: Operation timed out)
[07:22:15] *** Joins: freundTec (~freundTec@freundtech.com)
[07:22:18] *** Quits: nrq (~nrq@ns340910.ip-37-59-40.eu) (Read error: Operation timed out)
[07:22:20] *** Joins: nrq (~nrq@ns340910.ip-37-59-40.eu)
[07:22:21] *** Quits: AlexAltea (~alexaltea@phi.nz) (Read error: Operation timed out)
[07:22:26] *** Quits: GrecKo_ (~grecko@static.183.157.9.5.clients.your-server.de) (Read error: Operation timed out)
[07:22:28] *** Joins: GrecKo (~grecko@static.183.157.9.5.clients.your-server.de)
[07:22:46] *** Quits: yellows8 (~yellows8@adiza.nexticom.net) (Read error: Operation timed out)
[07:23:04] *** Quits: Cu3PO42 (~Cu3PO42@159.69.208.45) (Read error: Operation timed out)
[07:23:04] *** Quits: Surkow (~Surkow@84-104-14-64.cable.dynamic.v4.ziggo.nl) (Read error: Operation timed out)
[07:23:05] *** Joins: changoXPR (~Changolan@70.187.147.196)
[07:23:23] *** Quits: changO- (~Changolan@ip70-187-147-196.oc.oc.cox.net) (Read error: Operation timed out)
[07:23:26] *** changoXPR is now known as changO-
[07:24:04] *** Joins: datagutt (~datagutt@176.58.121.163)
[07:24:14] *** Quits: Maylay (~gren@108-198-59-230.lightspeed.miamfl.sbcglobal.net) (Read error: Operation timed out)
[07:28:55] *** Joins: Maylay (~gren@108-198-59-230.lightspeed.miamfl.sbcglobal.net)
[07:33:46] *** Joins: Surkow (~Surkow@84-104-14-64.cable.dynamic.v4.ziggo.nl)
[07:35:13] *** Joins: Cu3PO42 (~Cu3PO42@159.69.208.45)
[07:38:02] *** Joins: Kyouju (~Kyouju@ks3311808.kimsufi.com)
[07:38:08] *** Joins: Aaerox (Aaerox@fuckyou.k.thnx.org)
[07:38:14] *** Joins: yellows8 (~yellows8@adiza.nexticom.net)
[07:38:14] *** WntrMute sets mode: +o yellows8
[07:38:16] *** Joins: Lightswor (~Lightswor@107.170.253.193)
[07:39:03] *** Joins: yls8bot (~yls8bot@mtheall.com)
[07:39:18] *** yellows8 sets mode: +o yls8bot
[07:49:28] *** Joins: AlexAltea (~alexaltea@phi.nz)
[08:03:42] *** Quits: yls8bot (~yls8bot@mtheall.com) (Read error: Operation timed out)
[08:04:47] *** Quits: Lightswor (~Lightswor@107.170.253.193) (Read error: Operation timed out)
[08:06:49] *** Quits: Aaerox (Aaerox@fuckyou.k.thnx.org) (Read error: Operation timed out)
[08:07:02] *** Quits: Kyouju (~Kyouju@ks3311808.kimsufi.com) (Read error: Operation timed out)
[08:07:15] *** Quits: yellows8 (~yellows8@adiza.nexticom.net) (Read error: Operation timed out)
[08:07:17] *** Quits: fgsfds (~figgis@93.123.144.171) (Leaving)
[08:19:35] *** Joins: Kyouju (~Kyouju@ks3311808.kimsufi.com)
[08:19:37] *** Joins: Aaerox (Aaerox@fuckyou.k.thnx.org)
[08:19:49] *** Joins: yls8bot (~yls8bot@mtheall.com)
[08:19:55] *** Joins: Lightswor (~Lightswor@107.170.253.193)
[08:21:39] *** Joins: yellows8 (~yellows8@adiza.nexticom.net)
[08:21:39] *** WntrMute sets mode: +o yellows8
[08:21:57] *** yellows8 sets mode: +o yls8bot
[08:43:01] *** Quits: Lightswor (~Lightswor@107.170.253.193) (Read error: Operation timed out)
[08:44:20] *** Quits: yls8bot (~yls8bot@mtheall.com) (Read error: Operation timed out)
[08:46:31] *** Quits: Kyouju (~Kyouju@ks3311808.kimsufi.com) (Read error: Operation timed out)
[08:47:38] *** Quits: Aaerox (Aaerox@fuckyou.k.thnx.org) (Read error: Operation timed out)
[08:47:58] *** Quits: yellows8 (~yellows8@adiza.nexticom.net) (Read error: Operation timed out)
[08:58:29] *** Joins: Lightswor (~Lightswor@107.170.253.193)
[08:59:50] *** Joins: Kyouju (~Kyouju@ks3311808.kimsufi.com)
[09:04:58] *** Quits: Lightswor (~Lightswor@107.170.253.193) (Ping timeout: 376 seconds)
[09:09:16] *** Quits: Kyouju (~Kyouju@ks3311808.kimsufi.com) (Read error: Operation timed out)
[09:21:37] *** Joins: Aaerox (Aaerox@fuckyou.k.thnx.org)
[09:21:41] *** Joins: Lightswor (~Lightswor@107.170.253.193)
[09:22:27] *** Joins: Kyouju (~Kyouju@ks3311808.kimsufi.com)
[09:22:30] *** Joins: yls8bot (~yls8bot@mtheall.com)
[09:23:51] *** Joins: yellows8 (~yellows8@adiza.nexticom.net)
[09:23:51] *** WntrMute sets mode: +o yellows8
[10:44:46] *** Quits: lameboy (~lameboy@202-47-121-182.cust.dcsi.net.au) (Ping timeout: 265 seconds)
[11:21:42] *** Joins: lameboy (~lameboy@202-47-121-182.cust.dcsi.net.au)
[11:30:12] *** Quits: lameboy (~lameboy@202-47-121-182.cust.dcsi.net.au) (Ping timeout: 265 seconds)
[13:15:07] *** Joins: lameboy (~lameboy@202-47-121-182.cust.dcsi.net.au)
[13:24:19] *** Quits: lameboy (~lameboy@202-47-121-182.cust.dcsi.net.au) (Ping timeout: 186 seconds)
[13:29:31] *** Joins: lameboy (~lameboy@202.47.121.182)
[14:24:37] *** Quits: Lightswor (~Lightswor@107.170.253.193) (Read error: Operation timed out)
[14:25:57] *** Quits: yls8bot (~yls8bot@mtheall.com) (Read error: Operation timed out)
[14:27:32] *** Quits: Stary (~Stary@thonk.9net.org) (Ping timeout: 272 seconds)
[14:29:01] *** Quits: Kyouju (~Kyouju@ks3311808.kimsufi.com) (Read error: Operation timed out)
[14:29:19] *** Quits: yellows8 (~yellows8@adiza.nexticom.net) (Read error: Operation timed out)
[14:29:24] *** Quits: Aaerox (Aaerox@fuckyou.k.thnx.org) (Read error: Operation timed out)
[14:40:42] *** Quits: ZeZu (~null@140-211-168-73-openstack.osuosl.org) (Read error: Operation timed out)
[14:41:04] *** Joins: yls8bot (~yls8bot@mtheall.com)
[14:41:05] *** Joins: Lightswor (~Lightswor@107.170.253.193)
[14:41:06] *** Joins: Aaerox (Aaerox@fuckyou.k.thnx.org)
[14:41:08] *** Joins: Kyouju (~Kyouju@ks3311808.kimsufi.com)
[14:41:49] *** Quits: Maylay (~gren@108-198-59-230.lightspeed.miamfl.sbcglobal.net) (Read error: Connection reset by peer)
[14:43:42] *** Joins: yellows8 (~yellows8@adiza.nexticom.net)
[14:43:42] *** WntrMute sets mode: +o yellows8
[14:44:00] *** yellows8 sets mode: +o yls8bot
[14:44:38] *** Joins: Maylay (~gren@108-198-59-230.lightspeed.miamfl.sbcglobal.net)
[14:54:44] *** Joins: Stary (~Stary@thonk.9net.org)
[15:11:57] *** Quits: Lightswor (~Lightswor@107.170.253.193) (Read error: Operation timed out)
[15:13:17] *** Quits: yls8bot (~yls8bot@mtheall.com) (Read error: Operation timed out)
[15:16:26] *** Quits: Kyouju (~Kyouju@ks3311808.kimsufi.com) (Read error: Operation timed out)
[15:17:02] *** Quits: yellows8 (~yellows8@adiza.nexticom.net) (Read error: Operation timed out)
[15:17:27] *** Quits: Aaerox (Aaerox@fuckyou.k.thnx.org) (Read error: Operation timed out)
[15:28:41] *** Joins: Lightswor (~Lightswor@107.170.253.193)
[15:28:41] *** Joins: Aaerox (Aaerox@fuckyou.k.thnx.org)
[15:28:50] *** Joins: Kyouju (~Kyouju@ks3311808.kimsufi.com)
[15:28:57] *** Joins: yls8bot (~yls8bot@mtheall.com)
[15:31:25] *** Joins: yellows8 (~yellows8@adiza.nexticom.net)
[15:31:25] *** WntrMute sets mode: +o yellows8
[15:39:06] *** Joins: ZeZu (~null@140-211-168-73-openstack.osuosl.org)
[15:44:58] *** Quits: rjeli____ (sid289321@id-289321.charlton.irccloud.com) (Ping timeout: 1230 seconds)
[15:46:18] *** Quits: yls8bot (~yls8bot@mtheall.com) (Read error: Operation timed out)
[15:46:34] *** Quits: Lightswor (~Lightswor@107.170.253.193) (Read error: Operation timed out)
[15:49:38] *** Quits: Kyouju (~Kyouju@ks3311808.kimsufi.com) (Read error: Operation timed out)
[15:49:50] *** Quits: yellows8 (~yellows8@adiza.nexticom.net) (Read error: Operation timed out)
[15:50:23] *** Quits: Aaerox (Aaerox@fuckyou.k.thnx.org) (Read error: Operation timed out)
[15:51:57] *** Joins: rjeli____ (sid289321@id-289321.charlton.irccloud.com)
[16:05:22] *** Joins: Kyouju (~Kyouju@ks3311808.kimsufi.com)
[16:06:18] *** Joins: Lightswor (~Lightswor@107.170.253.193)
[16:12:54] *** Quits: Lightswor (~Lightswor@107.170.253.193) (Ping timeout: 376 seconds)
[16:18:30] *** Quits: Kyouju (~Kyouju@ks3311808.kimsufi.com) (Read error: Operation timed out)
[16:24:16] *** Joins: fgsfds (~figgis@93.123.144.171)
[16:28:41] *** Joins: Lightswor (~Lightswor@107.170.253.193)
[16:28:46] *** Joins: Aaerox (Aaerox@fuckyou.k.thnx.org)
[16:29:39] *** Joins: Kyouju (~Kyouju@ks3311808.kimsufi.com)
[16:31:19] *** Joins: yls8bot (~yls8bot@mtheall.com)
[16:32:54] *** Joins: yellows8 (~yellows8@adiza.nexticom.net)
[16:32:54] *** WntrMute sets mode: +o yellows8
[16:33:12] *** yellows8 sets mode: +o yls8bot
[16:38:08] *** Joins: rajkosto (~rajkosto@cable-178-149-125-126.dynamic.sbb.rs)
[17:42:13] *** Quits: rjeli____ (sid289321@id-289321.charlton.irccloud.com) (Ping timeout: 1230 seconds)
[17:42:26] *** Joins: rjeli____ (sid289321@id-289321.charlton.irccloud.com)
[17:47:16] *** Quits: rjeli____ (sid289321@id-289321.charlton.irccloud.com) (Read error: Connection timed out)
[17:47:21] *** Joins: rjeli____ (sid289321@id-289321.charlton.irccloud.com)
[18:12:02] <plutobot> Wiki | Page changed: USB services | User: yls8 | https://switchbrew.org/w/index.php?curid=195&diff=10423&oldid=10357
[18:12:10] *** Joins: gruetzko- (gruetzkopf@bnc.dont-follow.us)
[18:12:19] *** Joins: balrog_ (~balrog@pool-98-115-168-15.phlapa.fios.verizon.net)
[18:12:43] <plutobot> Wiki | Page changed: USB services | User: yls8 | https://switchbrew.org/w/index.php?curid=195&diff=10424&oldid=10423
[18:18:13] *** Joins: DeusQain_ (quasselcor@mx.qainsworld.com)
[18:19:08] *** Joins: Genolol (~fear@151.236.216.141)
[18:19:33] *** Quits: balrog (~balrog@pool-98-115-168-15.phlapa.fios.verizon.net) (Ping timeout: 745 seconds)
[18:19:34] *** Quits: |Shadow| (~Shadow1@ip24-253-241-112.ok.ok.cox.net) (Ping timeout: 745 seconds)
[18:19:34] *** balrog_ is now known as balrog
[18:19:34] *** Quits: Genolo (~fear@151.236.216.141) (Ping timeout: 745 seconds)
[18:19:51] *** Genolol is now known as Genolo
[18:20:09] *** Quits: gruetzkop (gruetzkopf@bnc.dont-follow.us) (Ping timeout: 745 seconds)
[18:20:09] *** Quits: DeusQain (~DeusQain@mx.qainsworld.com) (Ping timeout: 745 seconds)
[18:20:09] *** Quits: derrek (~derrek@hyrrokkin.uberspace.de) (Ping timeout: 745 seconds)
[18:20:09] *** Quits: dibas (~dibas@wild.uberspace.de) (Ping timeout: 745 seconds)
[18:20:09] *** Quits: hthh (~hthh@hh.ht) (Ping timeout: 745 seconds)
[19:29:37] <plutobot> Wiki | Page changed: Capmtp services | User: yls8 | https://switchbrew.org/w/index.php?curid=423&diff=10425&oldid=10386
[19:30:18] <plutobot> Wiki | Page changed: Capmtp services | User: yls8 | https://switchbrew.org/w/index.php?curid=423&diff=10426&oldid=10425
[19:46:06] <plutobot> Wiki | Page changed: Capmtp services | User: yls8 | https://switchbrew.org/w/index.php?curid=423&diff=10427&oldid=10426
[19:52:13] *** Quits: DeusQain_ (quasselcor@mx.qainsworld.com) (Read error: Operation timed out)
[19:53:26] *** Quits: Lightswor (~Lightswor@107.170.253.193) (Read error: Operation timed out)
[19:53:33] *** Quits: yls8bot (~yls8bot@mtheall.com) (Read error: Operation timed out)
[19:55:27] *** Joins: DeusQain (~DeusQain@mx.qainsworld.com)
[19:56:42] *** Quits: Aaerox (Aaerox@fuckyou.k.thnx.org) (Read error: Operation timed out)
[19:56:45] *** Quits: Kyouju (~Kyouju@ks3311808.kimsufi.com) (Read error: Operation timed out)
[19:57:13] *** Quits: yellows8 (~yellows8@adiza.nexticom.net) (Read error: Operation timed out)
[20:01:57] *** Joins: dibas (~dibas@wild.uberspace.de)
[20:02:37] *** Joins: derrek (~derrek@hyrrokkin.uberspace.de)
[20:07:25] *** Joins: hthh (~hthh@hh.ht)
[20:08:08] *** Joins: |Shadow| (~Shadow1@ip24-253-241-112.ok.ok.cox.net)
[20:11:39] *** Joins: yellows8 (~yellows8@adiza.nexticom.net)
[20:11:39] *** WntrMute sets mode: +o yellows8
[20:12:02] *** Joins: Aaerox (Aaerox@fuckyou.k.thnx.org)
[20:13:13] *** Joins: Lightswor (~Lightswor@107.170.253.193)
[20:19:46] *** Quits: Lightswor (~Lightswor@107.170.253.193) (Ping timeout: 376 seconds)
[20:24:48] *** Quits: yellows8 (~yellows8@adiza.nexticom.net) (Read error: Operation timed out)
[20:25:51] *** Quits: Aaerox (Aaerox@fuckyou.k.thnx.org) (Read error: Operation timed out)
[20:29:03] *** Quits: rjeli____ (sid289321@id-289321.charlton.irccloud.com) (Ping timeout: 1230 seconds)
[20:29:16] *** Joins: rjeli____ (sid289321@id-289321.charlton.irccloud.com)
[20:36:00] *** Joins: Aaerox (Aaerox@fuckyou.k.thnx.org)
[20:36:07] *** Joins: Lightswor (~Lightswor@107.170.253.193)
[20:36:27] *** Joins: Kyouju (~Kyouju@ks3311808.kimsufi.com)
[20:38:36] *** Joins: yls8bot (~yls8bot@mtheall.com)
[20:39:11] *** Joins: yellows8 (~yellows8@adiza.nexticom.net)
[20:39:11] *** WntrMute sets mode: +o yellows8
[20:45:25] <plutobot> Wiki | Page changed: USB services | User: yls8 | https://switchbrew.org/w/index.php?curid=195&diff=10428&oldid=10424
[21:45:27] *** Joins: refs (~refs@p200300dd870e2300b9a12bc3d48afe30.dip0.t-ipconnect.de)
[22:32:08] *** Quits: rjeli____ (sid289321@id-289321.charlton.irccloud.com) (Ping timeout: 1230 seconds)
[22:32:21] *** Joins: rjeli____ (sid289321@id-289321.charlton.irccloud.com)
[22:45:55] *** Quits: rajkosto (~rajkosto@cable-178-149-125-126.dynamic.sbb.rs) (Read error: Connection reset by peer)
