[00:03:54] <plutobot> Wiki | Page changed: 11.0.0 | User: yls8 | https://switchbrew.org/w/index.php?curid=422&diff=10433&oldid=10432
[00:37:33] <plutobot> Wiki | Page changed: 11.0.0 | User: yls8 | https://switchbrew.org/w/index.php?curid=422&diff=10434&oldid=10433
[00:45:14] *** Quits: CCFL_Man (09ae38653b@c-73-64-119-64.hsd1.pa.comcast.net) (Ping timeout: 272 seconds)
[00:46:10] *** Joins: CCFL_Man (9430c27206@c-73-64-119-64.hsd1.pa.comcast.net)
[00:51:44] *** Joins: CCFL_Man_ (~closet@c-73-64-119-64.hsd1.pa.comcast.net)
[00:57:06] *** Quits: CCFL_Man (9430c27206@c-73-64-119-64.hsd1.pa.comcast.net) (Read error: Operation timed out)
[01:15:39] <plutobot> Wiki | Page changed: 11.0.0 | User: SciresM | https://switchbrew.org/w/index.php?curid=422&diff=10435&oldid=10434
[01:20:55] <plutobot> Wiki | Page changed: 11.0.0 | User: SciresM | https://switchbrew.org/w/index.php?curid=422&diff=10436&oldid=10435
[01:43:55] <plutobot> GitHub | New PR: close on root... | User: HookedBehemoth | https://github.com/switchbrew/nx-hbmenu/pull/128
[01:52:51] *** Quits: gruetzko- (gruetzkopf@bnc.dont-follow.us) (Read error: Operation timed out)
[01:53:04] *** Joins: gruetzkop (gruetzkopf@bnc.dont-follow.us)
[02:38:23] *** Quits: refs (~refs@p200300dd87185d00c84abb75ff010697.dip0.t-ipconnect.de) (Quit: refs)
[03:11:36] <plutobot> Wiki | Page changed: 11.0.0 | User: yls8 | https://switchbrew.org/w/index.php?curid=422&diff=10437&oldid=10436
[03:19:35] <plutobot> Wiki | Page changed: 11.0.0 | User: yls8 | https://switchbrew.org/w/index.php?curid=422&diff=10438&oldid=10437
[03:58:50] <plutobot> Wiki | Page changed: 11.0.0 | User: yls8 | https://switchbrew.org/w/index.php?curid=422&diff=10439&oldid=10438
[04:57:22] *** CCFL_Man_ is now known as CCFL_Man
[07:43:16] *** Quits: lemmu (lemmy@2600:3c00:e000:2e:0:dead:beef:6) (Read error: Operation timed out)
[07:49:48] *** Joins: lemmy (lemmy@2600:3c00:e000:2e:0:dead:beef:6)
[07:59:00] *** Quits: figgis_ (~figgis@93.123.144.171) (Read error: Connection reset by peer)
[08:39:46] *** Quits: m4ts (~mats@s17612523581.blix.com) (Ping timeout: 265 seconds)
[08:40:19] *** Joins: m4ts (~mats@s176125235113.blix.com)
[09:13:40] *** Joins: rajkosto (~rajkosto@cable-178-149-125-126.dynamic.sbb.rs)
[09:48:03] *** Quits: phigcloud (~uid13896@id-13896.tooting.irccloud.com) (Read error: Connection reset by peer)
[09:48:20] *** Joins: phigcloud (uid13896@id-13896.tooting.irccloud.com)
[09:48:52] *** Quits: Galaxy| (~galaxy@174-083-197-034.res.spectrum.com) (Ping timeout: 265 seconds)
[12:44:17] *** Joins: Galaxy| (~galaxy@174-083-197-034.res.spectrum.com)
[14:24:38] *** Quits: rajkosto (~rajkosto@cable-178-149-125-126.dynamic.sbb.rs) (Read error: Connection reset by peer)
[14:32:18] *** Joins: fgsfds (~figgis@93.123.144.171)
[14:53:27] *** Joins: Tcm0 (~Tcm0@p4fde7237.dip0.t-ipconnect.de)
[15:24:40] *** Quits: Galaxy| (~galaxy@174-083-197-034.res.spectrum.com) (Read error: Connection reset by peer)
[15:26:58] *** Joins: Galaxy| (~galaxy@174-083-197-034.res.spectrum.com)
[15:27:19] *** Quits: cpnc0ke (~ice@92-48-84-85.static.as29550.net) (Ping timeout: 496 seconds)
[15:31:19] *** Joins: cpnc0ke (~ice@92-48-84-85.static.as29550.net)
[15:31:28] *** Quits: |Shadow| (~Shadow1@ip24-253-241-112.ok.ok.cox.net) (Ping timeout: 745 seconds)
[15:38:18] *** Joins: noirscap- (~noirscape@catgirlsin.space)
[15:39:37] *** Quits: noirscape (~noirscape@catgirlsin.space) (Read error: Connection refused)
[15:44:05] *** Quits: blasty (~blasty@haxx.in) (Read error: Connection reset by peer)
[15:45:42] *** Quits: d3m3vilur (sid4654@id-4654.charlton.irccloud.com) (Read error: Operation timed out)
[15:50:05] *** Quits: noirscap- (~noirscape@catgirlsin.space) (Read error: Operation timed out)
[15:52:07] *** Joins: noirscape (~noirscape@catgirlsin.space)
[15:52:33] *** Joins: d3m3vilur (sid4654@charlton.irccloud.com)
[15:57:44] *** Joins: blasty (~blasty@haxx.in)
[16:13:19] *** Joins: |Shadow| (~Shadow1@ip24-253-244-123.ok.ok.cox.net)
[16:20:03] *** Joins: refsw3 (~refsw@80.150.130.51)
[16:20:03] *** Joins: hordak_ (hordak@cautio.us)
[16:20:03] *** Quits: zini (~zini@88-113-154-53.elisa-laajakaista.fi) (Ping timeout: 272 seconds)
[16:20:03] *** Quits: hordak (hordak@cautio.us) (Ping timeout: 272 seconds)
[16:20:03] *** hordak_ is now known as hordak
[16:20:03] *** Quits: lameboy (~lameboy@202-47-121-182.cust.dcsi.net.au) (Ping timeout: 272 seconds)
[16:20:03] *** Quits: DacoTaco (~DacoTaco@178-119-112-131.access.telenet.be) (Ping timeout: 272 seconds)
[16:20:03] *** Quits: refsw2 (~refsw@80.150.130.51) (Ping timeout: 272 seconds)
[16:20:03] *** Quits: Stary (~Stary@thonk.9net.org) (Ping timeout: 272 seconds)
[16:20:03] *** Quits: averne_ (~averne@176-179-35-51.abo.bbox.fr) (quit)
[16:20:17] *** Joins: averne (~averne@176-179-35-51.abo.bbox.fr)
[16:20:17] *** Server sets mode: +stn 
[16:20:41] *** Quits: plutobot (~plutobot@188.166.26.149) (Ping timeout: 272 seconds)
[16:20:41] *** Quits: omlet05 (~quassel@omlet.ovh) (Ping timeout: 272 seconds)
[16:20:45] *** Joins: lameboy (~lameboy@202-47-121-182.cust.dcsi.net.au)
[16:20:47] *** Joins: eggster (~eggster@irchighway.eggy.cc)
[16:21:02] *** Joins: Stary (~Stary@thonk.9net.org)
[16:21:12] *** Quits: |Shadow| (~Shadow1@ip24-253-244-123.ok.ok.cox.net) ()
[16:21:38] *** Joins: |Shadow| (~Shadow1@ip24-253-244-123.ok.ok.cox.net)
[16:22:35] *** Joins: omlet05 (~quassel@omlet.ovh)
[16:29:11] *** Joins: Normmatt (~Normmatt@cloud.normmatt.com)
[16:30:05] *** Joins: rjeli____ (sid289321@charlton.irccloud.com)
[16:30:26] *** Quits: rjeli____ (sid289321@charlton.irccloud.com) (Read error: Connection reset by peer)
[16:35:40] *** Joins: oldtopman (~oldtopman@75-166-201-26.hlrn.qwest.net)
[16:39:50] *** Joins: zini (~zini@88-113-154-53.elisa-laajakaista.fi)
[16:42:51] *** Joins: rjeli____ (sid289321@charlton.irccloud.com)
[16:50:57] *** Joins: SCV__ (sid226262@charlton.irccloud.com)
[17:23:51] *** Joins: plutobot (~plutobot@188.166.26.149)
[17:24:25] *** Joins: DacoTaco (~DacoTaco@178-119-112-131.access.telenet.be)
[17:27:13] *** Joins: Mimoja (~Mimoja@mail.mimoja.de)
[17:27:16] *** Joins: des^ (~des@ip1f107a96.dynamic.kabel-deutschland.de)
[18:06:25] *** Joins: KuKzz_ (KuKzz@95.143.216.177)
[18:12:49] *** Quits: KuKzz (KuKzz@95.143.216.177) (Ping timeout: 857 seconds)
[19:28:19] <plutobot> Wiki | Page changed: 11.0.0 | User: Qlutoo | https://switchbrew.org/w/index.php?curid=422&diff=10441&oldid=10440
[21:05:24] *** Joins: m4ts_ (~mats@s17612523581.blix.com)
[21:08:27] *** Quits: m4ts (~mats@s176125235113.blix.com) (Ping timeout: 265 seconds)
[21:44:50] *** Joins: refs (~refs@p200300dd87140c0078e11415658a1251.dip0.t-ipconnect.de)
[22:37:38] <plutobot> Wiki | Page changed: 11.0.0 | User: yls8 | https://switchbrew.org/w/index.php?curid=422&diff=10442&oldid=10441
[23:28:44] *** Joins: Summeli (summeli@irc.summeli.com)
