[01:25:58] *** Quits: Tcm0 (~Tcm0@p4fde7237.dip0.t-ipconnect.de) (Leaving)
[01:55:58] *** Quits: balrog (~balrog@pool-98-115-168-15.phlapa.fios.verizon.net) (Read error: Operation timed out)
[01:56:46] *** Joins: KuKzz (KuKzz@95.143.216.177)
[01:56:55] *** Joins: balrog (~balrog@pool-98-115-168-15.phlapa.fios.verizon.net)
[01:57:14] *** Quits: giglife (giglife@cpe0492268436b0-cm688f2e1dc9d0.cpe.net.cable.rogers.com) (Read error: Operation timed out)
[01:57:18] *** Quits: yls8bot (~yls8bot@mtheall.com) (Read error: Operation timed out)
[01:58:06] *** Quits: Lightswor (~Lightswor@107.170.253.193) (Read error: Operation timed out)
[01:58:22] *** Quits: KuKzz_ (KuKzz@95.143.216.177) (Ping timeout: 260 seconds)
[01:58:25] *** Joins: giglife (giglife@cpe0492268436b0-cm688f2e1dc9d0.cpe.net.cable.rogers.com)
[02:00:17] *** Quits: Kyouju (~Kyouju@ks3311808.kimsufi.com) (Read error: Operation timed out)
[02:00:30] *** Quits: Aaerox (Aaerox@fuckyou.k.thnx.org) (Read error: Operation timed out)
[02:01:20] *** Quits: yellows8 (~yellows8@adiza.nexticom.net) (Read error: Operation timed out)
[02:06:37] *** Quits: rjeli____ (sid289321@charlton.irccloud.com) (Read error: Connection reset by peer)
[02:06:38] *** Quits: SCV__ (sid226262@charlton.irccloud.com) (Read error: Connection reset by peer)
[02:09:15] *** Joins: rjeli____ (sid289321@id-289321.charlton.irccloud.com)
[02:09:44] *** Joins: SCV__ (sid226262@id-226262.charlton.irccloud.com)
[02:10:01] *** Quits: |Shadow| (~Shadow1@ip24-253-244-123.ok.ok.cox.net) ()
[02:14:52] *** Joins: Aaerox (Aaerox@fuckyou.k.thnx.org)
[02:15:01] *** Joins: Lightswor (~Lightswor@107.170.253.193)
[02:15:42] *** Joins: Kyouju (~Kyouju@ks3311808.kimsufi.com)
[02:15:43] *** Joins: yellows8 (~yellows8@adiza.nexticom.net)
[02:15:43] *** WntrMute sets mode: +o yellows8
[02:17:21] *** Joins: yls8bot (~yls8bot@mtheall.com)
[02:17:27] *** yellows8 sets mode: +o yls8bot
[02:22:24] *** Joins: |Shadow| (~Shadow1@ip24-253-244-123.ok.ok.cox.net)
[02:23:10] *** Quits: refs (~refs@p200300dd87140c0078e11415658a1251.dip0.t-ipconnect.de) (Quit: refs)
[02:55:01] *** Joins: eggy (~eggster@irchighway.eggy.cc)
[02:56:04] *** Quits: eggster (~eggster@irchighway.eggy.cc) (Read error: Operation timed out)
[04:21:05] *** Joins: rajkosto (~rajkosto@cable-178-149-125-126.dynamic.sbb.rs)
[05:24:45] *** Joins: CCFL_Man_ (ded0ff890b@c-73-64-119-64.hsd1.pa.comcast.net)
[05:27:02] *** Quits: CCFL_Man (~closet@c-73-64-119-64.hsd1.pa.comcast.net) (Read error: Operation timed out)
[06:51:27] *** Quits: SCV__ (sid226262@id-226262.charlton.irccloud.com) (ny.us.hub se.hub)
[06:51:27] *** Quits: rjeli____ (sid289321@id-289321.charlton.irccloud.com) (ny.us.hub se.hub)
[06:51:27] *** Quits: balrog (~balrog@pool-98-115-168-15.phlapa.fios.verizon.net) (ny.us.hub se.hub)
[06:51:27] *** Quits: Summeli (summeli@irc.summeli.com) (ny.us.hub se.hub)
[06:51:27] *** Quits: zini (~zini@88-113-154-53.elisa-laajakaista.fi) (ny.us.hub se.hub)
[06:51:27] *** Quits: cpnc0ke (~ice@92-48-84-85.static.as29550.net) (ny.us.hub se.hub)
[06:51:27] *** Quits: Galaxy| (~galaxy@174-083-197-034.res.spectrum.com) (ny.us.hub se.hub)
[06:51:27] *** Quits: gruetzkop (gruetzkopf@bnc.dont-follow.us) (ny.us.hub se.hub)
[06:51:27] *** Quits: coriolis (~coriolis@ns398009.ip-192-95-24.net) (ny.us.hub se.hub)
[06:51:27] *** Quits: Phils3r_ (~Phil@phils3r.de) (ny.us.hub se.hub)
[06:51:27] *** Quits: mid-kid3 (~mid-kid@136-144-185-148.colo.transip.net) (ny.us.hub se.hub)
[06:51:27] *** Quits: rctgamer (~rctgamer3@185.66.251.249) (ny.us.hub se.hub)
[06:51:27] *** Quits: GrecKo (~grecko@static.183.157.9.5.clients.your-server.de) (ny.us.hub se.hub)
[06:51:27] *** Quits: TAL (~TAL@defiant.tlercher.de) (ny.us.hub se.hub)
[06:51:27] *** Quits: MasterGK (~ghabry@datengurke.mastergk.de) (ny.us.hub se.hub)
[06:51:27] *** Quits: datagutt (~datagutt@176.58.121.163) (ny.us.hub se.hub)
[06:51:27] *** Quits: hthh (~hthh@hh.ht) (ny.us.hub se.hub)
[06:51:27] *** Quits: derrek (~derrek@hyrrokkin.uberspace.de) (ny.us.hub se.hub)
[06:51:27] *** Quits: dibas (~dibas@wild.uberspace.de) (ny.us.hub se.hub)
[06:51:27] *** Quits: uyjulian (~uyjulian@69-110-38-205.lightspeed.lbcktx.sbcglobal.net) (ny.us.hub se.hub)
[06:51:27] *** Quits: hexkyz (~hexkyz@ec2-18-179-123-169.ap-northeast-1.compute.amazonaws.com) (ny.us.hub se.hub)
[06:51:27] *** Quits: mha (mha@adiza.nexticom.net) (ny.us.hub se.hub)
[06:51:27] *** Quits: Extrems (gamecube@expert.extremscorner.org) (ny.us.hub se.hub)
[06:51:27] *** Quits: eggy (~eggster@irchighway.eggy.cc) (ny.us.hub se.hub)
[06:51:27] *** Quits: des^ (~des@ip1f107a96.dynamic.kabel-deutschland.de) (ny.us.hub se.hub)
[06:51:27] *** Quits: Mimoja (~Mimoja@mail.mimoja.de) (ny.us.hub se.hub)
[06:51:27] *** Quits: DacoTaco (~DacoTaco@178-119-112-131.access.telenet.be) (ny.us.hub se.hub)
[06:51:27] *** Quits: plutobot (~plutobot@188.166.26.149) (ny.us.hub se.hub)
[06:51:27] *** Quits: flagrama (flagrama@id-145621.stonehaven.irccloud.com) (ny.us.hub se.hub)
[06:51:27] *** Quits: nohit (~sid334887@id-334887.hathersage.irccloud.com) (ny.us.hub se.hub)
[06:51:27] *** Quits: Pieman (sid188464@id-188464.brockwell.irccloud.com) (ny.us.hub se.hub)
[06:51:27] *** Quits: thejsa (~eva@lana.core.fs3d.net) (ny.us.hub se.hub)
[06:51:27] *** Quits: Maylay (~gren@108-198-59-230.lightspeed.miamfl.sbcglobal.net) (ny.us.hub se.hub)
[06:51:27] *** Quits: ZeZu (~null@140-211-168-73-openstack.osuosl.org) (ny.us.hub se.hub)
[06:51:27] *** Quits: m4ts_ (~mats@s17612523581.blix.com) (ny.us.hub se.hub)
[06:51:27] *** Quits: Stary (~Stary@thonk.9net.org) (ny.us.hub se.hub)
[06:51:27] *** Quits: lemmy (lemmy@2600:3c00:e000:2e:0:dead:beef:6) (ny.us.hub se.hub)
[06:51:27] *** Quits: mafcadio2 (~mafcadio@cpc158505-smal20-2-0-cust226.19-1.cable.virginm.net) (ny.us.hub se.hub)
[06:51:27] *** Quits: changO- (~Changolan@70.187.147.196) (ny.us.hub se.hub)
[06:51:27] *** Quits: mtheall (~mtheall@mtheall.com) (ny.us.hub se.hub)
[06:51:27] *** Quits: ris2z (~2ri@static.200.38.9.176.clients.your-server.de) (ny.us.hub se.hub)
[07:09:31] *** Joins: eggy (~eggster@irchighway.eggy.cc)
[07:09:31] *** Joins: SCV__ (sid226262@id-226262.charlton.irccloud.com)
[07:09:31] *** Joins: rjeli____ (sid289321@id-289321.charlton.irccloud.com)
[07:09:31] *** Joins: balrog (~balrog@pool-98-115-168-15.phlapa.fios.verizon.net)
[07:09:31] *** Joins: Summeli (summeli@irc.summeli.com)
[07:09:31] *** Joins: m4ts_ (~mats@s17612523581.blix.com)
[07:09:31] *** Joins: des^ (~des@ip1f107a96.dynamic.kabel-deutschland.de)
[07:09:31] *** Joins: Mimoja (~Mimoja@mail.mimoja.de)
[07:09:31] *** Joins: DacoTaco (~DacoTaco@178-119-112-131.access.telenet.be)
[07:09:31] *** Joins: plutobot (~plutobot@188.166.26.149)
[07:09:31] *** Joins: zini (~zini@88-113-154-53.elisa-laajakaista.fi)
[07:09:31] *** Joins: Stary (~Stary@thonk.9net.org)
[07:09:31] *** Joins: cpnc0ke (~ice@92-48-84-85.static.as29550.net)
[07:09:31] *** Joins: Galaxy| (~galaxy@174-083-197-034.res.spectrum.com)
[07:09:31] *** Joins: lemmy (lemmy@2600:3c00:e000:2e:0:dead:beef:6)
[07:09:31] *** Joins: gruetzkop (gruetzkopf@bnc.dont-follow.us)
[07:09:31] *** Joins: thejsa (~eva@lana.core.fs3d.net)
[07:09:31] *** Joins: coriolis (~coriolis@ns398009.ip-192-95-24.net)
[07:09:31] *** Joins: Phils3r_ (~Phil@phils3r.de)
[07:09:31] *** Joins: mid-kid3 (~mid-kid@136-144-185-148.colo.transip.net)
[07:09:31] *** Joins: rctgamer (~rctgamer3@185.66.251.249)
[07:09:31] *** Joins: mha (mha@adiza.nexticom.net)
[07:09:31] *** Joins: Maylay (~gren@108-198-59-230.lightspeed.miamfl.sbcglobal.net)
[07:09:31] *** Joins: hexkyz (~hexkyz@ec2-18-179-123-169.ap-northeast-1.compute.amazonaws.com)
[07:09:31] *** Joins: uyjulian (~uyjulian@69-110-38-205.lightspeed.lbcktx.sbcglobal.net)
[07:09:31] *** Joins: dibas (~dibas@wild.uberspace.de)
[07:09:31] *** Joins: derrek (~derrek@hyrrokkin.uberspace.de)
[07:09:31] *** Joins: hthh (~hthh@hh.ht)
[07:09:31] *** Joins: datagutt (~datagutt@176.58.121.163)
[07:09:31] *** Joins: MasterGK (~ghabry@datengurke.mastergk.de)
[07:09:31] *** Joins: TAL (~TAL@defiant.tlercher.de)
[07:09:31] *** Joins: GrecKo (~grecko@static.183.157.9.5.clients.your-server.de)
[07:09:31] *** Joins: ZeZu (~null@140-211-168-73-openstack.osuosl.org)
[07:09:31] *** Joins: mafcadio2 (~mafcadio@cpc158505-smal20-2-0-cust226.19-1.cable.virginm.net)
[07:09:31] *** Joins: changO- (~Changolan@70.187.147.196)
[07:09:31] *** Joins: mtheall (~mtheall@mtheall.com)
[07:09:31] *** Joins: ris2z (~2ri@static.200.38.9.176.clients.your-server.de)
[07:09:31] *** Joins: Extrems (gamecube@expert.extremscorner.org)
[07:09:31] *** Joins: Pieman (sid188464@id-188464.brockwell.irccloud.com)
[07:09:31] *** Joins: nohit (~sid334887@id-334887.hathersage.irccloud.com)
[07:09:31] *** Joins: flagrama (flagrama@id-145621.stonehaven.irccloud.com)
[07:20:54] *** Joins: CCFL_Man (6b5e85fcc5@c-73-64-119-64.hsd1.pa.comcast.net)
[07:26:29] *** Quits: CCFL_Man_ (ded0ff890b@c-73-64-119-64.hsd1.pa.comcast.net) (Read error: Operation timed out)
[07:28:57] *** Quits: ihaveamac (~ihaveamac@138.68.232.110) (Quit: fail)
[07:30:29] *** Joins: ihaveamac (~ihaveamac@138.68.232.110)
[08:45:45] *** Quits: SCV__ (sid226262@id-226262.charlton.irccloud.com) (ny.us.hub se.hub)
[08:45:45] *** Quits: rjeli____ (sid289321@id-289321.charlton.irccloud.com) (ny.us.hub se.hub)
[08:45:45] *** Quits: balrog (~balrog@pool-98-115-168-15.phlapa.fios.verizon.net) (ny.us.hub se.hub)
[08:45:45] *** Quits: Summeli (summeli@irc.summeli.com) (ny.us.hub se.hub)
[08:45:45] *** Quits: zini (~zini@88-113-154-53.elisa-laajakaista.fi) (ny.us.hub se.hub)
[08:45:45] *** Quits: cpnc0ke (~ice@92-48-84-85.static.as29550.net) (ny.us.hub se.hub)
[08:45:45] *** Quits: Galaxy| (~galaxy@174-083-197-034.res.spectrum.com) (ny.us.hub se.hub)
[08:45:45] *** Quits: gruetzkop (gruetzkopf@bnc.dont-follow.us) (ny.us.hub se.hub)
[08:45:45] *** Quits: coriolis (~coriolis@ns398009.ip-192-95-24.net) (ny.us.hub se.hub)
[08:45:45] *** Quits: Phils3r_ (~Phil@phils3r.de) (ny.us.hub se.hub)
[08:45:45] *** Quits: mid-kid3 (~mid-kid@136-144-185-148.colo.transip.net) (ny.us.hub se.hub)
[08:45:45] *** Quits: rctgamer (~rctgamer3@185.66.251.249) (ny.us.hub se.hub)
[08:45:45] *** Quits: GrecKo (~grecko@static.183.157.9.5.clients.your-server.de) (ny.us.hub se.hub)
[08:45:45] *** Quits: TAL (~TAL@defiant.tlercher.de) (ny.us.hub se.hub)
[08:45:45] *** Quits: MasterGK (~ghabry@datengurke.mastergk.de) (ny.us.hub se.hub)
[08:45:45] *** Quits: datagutt (~datagutt@176.58.121.163) (ny.us.hub se.hub)
[08:45:45] *** Quits: hthh (~hthh@hh.ht) (ny.us.hub se.hub)
[08:45:45] *** Quits: derrek (~derrek@hyrrokkin.uberspace.de) (ny.us.hub se.hub)
[08:45:45] *** Quits: dibas (~dibas@wild.uberspace.de) (ny.us.hub se.hub)
[08:45:45] *** Quits: uyjulian (~uyjulian@69-110-38-205.lightspeed.lbcktx.sbcglobal.net) (ny.us.hub se.hub)
[08:45:45] *** Quits: hexkyz (~hexkyz@ec2-18-179-123-169.ap-northeast-1.compute.amazonaws.com) (ny.us.hub se.hub)
[08:45:45] *** Quits: mha (mha@adiza.nexticom.net) (ny.us.hub se.hub)
[08:45:45] *** Quits: Extrems (gamecube@expert.extremscorner.org) (ny.us.hub se.hub)
[08:45:45] *** Quits: CCFL_Man (6b5e85fcc5@c-73-64-119-64.hsd1.pa.comcast.net) (ny.us.hub se.hub)
[08:45:45] *** Quits: eggy (~eggster@irchighway.eggy.cc) (ny.us.hub se.hub)
[08:45:45] *** Quits: des^ (~des@ip1f107a96.dynamic.kabel-deutschland.de) (ny.us.hub se.hub)
[08:45:45] *** Quits: Mimoja (~Mimoja@mail.mimoja.de) (ny.us.hub se.hub)
[08:45:45] *** Quits: DacoTaco (~DacoTaco@178-119-112-131.access.telenet.be) (ny.us.hub se.hub)
[08:45:45] *** Quits: plutobot (~plutobot@188.166.26.149) (ny.us.hub se.hub)
[08:45:45] *** Quits: flagrama (flagrama@id-145621.stonehaven.irccloud.com) (ny.us.hub se.hub)
[08:45:45] *** Quits: nohit (~sid334887@id-334887.hathersage.irccloud.com) (ny.us.hub se.hub)
[08:45:45] *** Quits: Pieman (sid188464@id-188464.brockwell.irccloud.com) (ny.us.hub se.hub)
[08:45:45] *** Quits: thejsa (~eva@lana.core.fs3d.net) (ny.us.hub se.hub)
[08:45:45] *** Quits: Maylay (~gren@108-198-59-230.lightspeed.miamfl.sbcglobal.net) (ny.us.hub se.hub)
[08:45:45] *** Quits: ZeZu (~null@140-211-168-73-openstack.osuosl.org) (ny.us.hub se.hub)
[08:45:45] *** Quits: m4ts_ (~mats@s17612523581.blix.com) (ny.us.hub se.hub)
[08:45:45] *** Quits: Stary (~Stary@thonk.9net.org) (ny.us.hub se.hub)
[08:45:45] *** Quits: lemmy (lemmy@2600:3c00:e000:2e:0:dead:beef:6) (ny.us.hub se.hub)
[08:45:45] *** Quits: mafcadio2 (~mafcadio@cpc158505-smal20-2-0-cust226.19-1.cable.virginm.net) (ny.us.hub se.hub)
[08:45:45] *** Quits: changO- (~Changolan@70.187.147.196) (ny.us.hub se.hub)
[08:45:45] *** Quits: mtheall (~mtheall@mtheall.com) (ny.us.hub se.hub)
[08:45:45] *** Quits: ris2z (~2ri@static.200.38.9.176.clients.your-server.de) (ny.us.hub se.hub)
[08:47:49] *** Joins: CCFL_Man (6b5e85fcc5@c-73-64-119-64.hsd1.pa.comcast.net)
[08:47:49] *** Joins: eggy (~eggster@irchighway.eggy.cc)
[08:47:49] *** Joins: SCV__ (sid226262@id-226262.charlton.irccloud.com)
[08:47:49] *** Joins: rjeli____ (sid289321@id-289321.charlton.irccloud.com)
[08:47:49] *** Joins: balrog (~balrog@pool-98-115-168-15.phlapa.fios.verizon.net)
[08:47:49] *** Joins: Summeli (summeli@irc.summeli.com)
[08:47:49] *** Joins: m4ts_ (~mats@s17612523581.blix.com)
[08:47:49] *** Joins: des^ (~des@ip1f107a96.dynamic.kabel-deutschland.de)
[08:47:49] *** Joins: Mimoja (~Mimoja@mail.mimoja.de)
[08:47:49] *** Joins: DacoTaco (~DacoTaco@178-119-112-131.access.telenet.be)
[08:47:49] *** Joins: plutobot (~plutobot@188.166.26.149)
[08:47:49] *** Joins: zini (~zini@88-113-154-53.elisa-laajakaista.fi)
[08:47:49] *** Joins: Stary (~Stary@thonk.9net.org)
[08:47:49] *** Joins: cpnc0ke (~ice@92-48-84-85.static.as29550.net)
[08:47:49] *** Joins: Galaxy| (~galaxy@174-083-197-034.res.spectrum.com)
[08:47:49] *** Joins: lemmy (lemmy@2600:3c00:e000:2e:0:dead:beef:6)
[08:47:49] *** Joins: gruetzkop (gruetzkopf@bnc.dont-follow.us)
[08:47:49] *** Joins: thejsa (~eva@lana.core.fs3d.net)
[08:47:49] *** Joins: coriolis (~coriolis@ns398009.ip-192-95-24.net)
[08:47:49] *** Joins: Phils3r_ (~Phil@phils3r.de)
[08:47:49] *** Joins: mid-kid3 (~mid-kid@136-144-185-148.colo.transip.net)
[08:47:49] *** Joins: rctgamer (~rctgamer3@185.66.251.249)
[08:47:49] *** Joins: mha (mha@adiza.nexticom.net)
[08:47:49] *** Joins: Maylay (~gren@108-198-59-230.lightspeed.miamfl.sbcglobal.net)
[08:47:49] *** Joins: hexkyz (~hexkyz@ec2-18-179-123-169.ap-northeast-1.compute.amazonaws.com)
[08:47:49] *** Joins: uyjulian (~uyjulian@69-110-38-205.lightspeed.lbcktx.sbcglobal.net)
[08:47:49] *** Joins: dibas (~dibas@wild.uberspace.de)
[08:47:49] *** Joins: derrek (~derrek@hyrrokkin.uberspace.de)
[08:47:49] *** Joins: hthh (~hthh@hh.ht)
[08:47:49] *** Joins: datagutt (~datagutt@176.58.121.163)
[08:47:49] *** Joins: MasterGK (~ghabry@datengurke.mastergk.de)
[08:47:49] *** Joins: TAL (~TAL@defiant.tlercher.de)
[08:47:49] *** Joins: GrecKo (~grecko@static.183.157.9.5.clients.your-server.de)
[08:47:49] *** Joins: mafcadio2 (~mafcadio@cpc158505-smal20-2-0-cust226.19-1.cable.virginm.net)
[08:47:49] *** Joins: changO- (~Changolan@70.187.147.196)
[08:47:49] *** Joins: mtheall (~mtheall@mtheall.com)
[08:47:49] *** Joins: ris2z (~2ri@static.200.38.9.176.clients.your-server.de)
[08:47:49] *** Joins: Extrems (gamecube@expert.extremscorner.org)
[08:47:49] *** Joins: Pieman (sid188464@id-188464.brockwell.irccloud.com)
[08:47:49] *** Joins: nohit (~sid334887@id-334887.hathersage.irccloud.com)
[08:47:49] *** Joins: flagrama (flagrama@id-145621.stonehaven.irccloud.com)
[08:49:55] *** Quits: Maylay (~gren@108-198-59-230.lightspeed.miamfl.sbcglobal.net) (Ping timeout: 604 seconds)
[08:50:30] *** Joins: Maylay (~gren@108-198-59-230.lightspeed.miamfl.sbcglobal.net)
[09:15:17] *** Quits: fgsfds (~figgis@93.123.144.171) (Read error: Connection reset by peer)
[09:59:11] *** Quits: refsw3 (~refsw@80.150.130.51) (Read error: Operation timed out)
[09:59:56] *** Quits: noirscape (~noirscape@catgirlsin.space) (Read error: Operation timed out)
[10:00:02] *** Joins: refsw3 (~refsw@80.150.130.51)
[10:02:11] *** Quits: omlet05 (~quassel@omlet.ovh) (Read error: Operation timed out)
[10:02:17] *** Joins: noirscape (~noirscape@catgirlsin.space)
[10:02:26] *** Joins: omlet05 (~quassel@omlet.ovh)
[10:11:32] *** Quits: Maylay (~gren@108-198-59-230.lightspeed.miamfl.sbcglobal.net) (Read error: Operation timed out)
[10:12:36] *** Joins: hordak_ (~hordak@cautio.us)
[10:13:40] *** Joins: Maylay (~gren@108-198-59-230.lightspeed.miamfl.sbcglobal.net)
[10:15:35] *** Quits: phigcloud (uid13896@id-13896.tooting.irccloud.com) (Read error: Operation timed out)
[10:16:39] *** Joins: TuxSH_ (tuxsh@de1.hashbang.sh)
[10:16:41] *** Joins: phigcloud (~uid13896@id-13896.tooting.irccloud.com)
[10:16:50] *** Quits: Snetry (~sentry@dslb-188-101-114-084.188.101.pools.vodafone-ip.de) (Read error: Connection reset by peer)
[10:17:01] *** Quits: TuxSH (~TuxSH@2a01:4f8:141:1272::2) (Read error: Operation timed out)
[10:17:20] *** Joins: Snetry (~sentry@dslb-188-101-114-084.188.101.pools.vodafone-ip.de)
[10:20:59] *** Quits: hordak (hordak@cautio.us) (Read error: Operation timed out)
[10:26:05] *** Joins: hordak (hordak@cautio.us)
[10:26:21] *** Quits: hordak_ (~hordak@cautio.us) (Read error: Operation timed out)
[10:27:50] *** Quits: Maylay (~gren@108-198-59-230.lightspeed.miamfl.sbcglobal.net) (Read error: Connection reset by peer)
[10:28:21] *** Joins: Maylay (~gren@108-198-59-230.lightspeed.miamfl.sbcglobal.net)
[11:51:25] *** Joins: changoXPR (~Changolan@ip70-187-147-196.oc.oc.cox.net)
[11:53:58] *** Quits: changO- (~Changolan@70.187.147.196) (Ping timeout: 265 seconds)
[11:53:58] *** changoXPR is now known as changO-
[12:28:31] <plutobot> Wiki | Page changed: 11.0.0 | User: SciresM | https://switchbrew.org/w/index.php?curid=422&diff=10443&oldid=10442
[12:31:31] *** Quits: refsw3 (~refsw@80.150.130.51) (Read error: Connection reset by peer)
[12:31:58] *** Joins: Galaxy|_ (~galaxy@174-083-197-034.res.spectrum.com)
[12:31:59] *** Joins: refsw3 (~refsw@80.150.130.51)
[12:33:14] *** Quits: rctgamer (~rctgamer3@185.66.251.249) (Quit: Meh.)
[12:33:27] *** Joins: rctgamer3 (~rctgamer3@2a00:f10:121:a00:4ba:60ff:fe00:196c)
[12:33:28] *** Quits: balrog (~balrog@pool-98-115-168-15.phlapa.fios.verizon.net) (Quit: Bye)
[12:33:41] *** Joins: datagutt_ (~datagutt@176.58.121.163)
[12:35:15] *** Joins: balrog (~balrog@pool-98-115-168-15.phlapa.fios.verizon.net)
[12:35:20] *** Joins: Phils3r (~Phil@2a02:c205:3000:2328::1)
[12:39:29] *** Quits: hexkyz (~hexkyz@ec2-18-179-123-169.ap-northeast-1.compute.amazonaws.com) (Read error: Connection reset by peer)
[12:40:07] *** Joins: hexkyz (~hexkyz@ec2-18-179-123-169.ap-northeast-1.compute.amazonaws.com)
[12:43:43] *** Quits: Galaxy| (~galaxy@174-083-197-034.res.spectrum.com) (Ping timeout: 745 seconds)
[12:43:43] *** Galaxy|_ is now known as Galaxy|
[12:44:53] *** Quits: Phils3r_ (~Phil@phils3r.de) (Ping timeout: 745 seconds)
[12:44:53] *** Quits: datagutt (~datagutt@176.58.121.163) (Ping timeout: 745 seconds)
[12:44:53] *** datagutt_ is now known as datagutt
[14:01:14] *** Joins: TAL_ (~TAL@defiant.tlercher.de)
[14:01:14] *** Quits: gruetzkop (gruetzkopf@bnc.dont-follow.us) (Read error: Connection reset by peer)
[14:01:14] *** Quits: TAL (~TAL@defiant.tlercher.de) (Read error: Connection reset by peer)
[14:01:14] *** Quits: derrek (~derrek@hyrrokkin.uberspace.de) (Read error: Connection reset by peer)
[14:01:14] *** Quits: MasterGK (~ghabry@datengurke.mastergk.de) (Read error: Connection reset by peer)
[14:01:29] *** TAL_ is now known as TAL
[14:02:03] *** Quits: hthh (~hthh@hh.ht) (Read error: Connection reset by peer)
[14:02:06] *** Joins: hthh_ (~hthh@hh.ht)
[14:02:07] *** Joins: Ghabry (~ghabry@46.38.234.66)
[14:06:32] *** Joins: derrek (~derrek@hyrrokkin.uberspace.de)
[14:06:32] *** Quits: mid-kid3 (~mid-kid@136-144-185-148.colo.transip.net) (Read error: Connection reset by peer)
[14:06:40] *** Joins: mid-kid3 (~mid-kid@2a01:7c8:aac8:1e8:5054:ff:fe5e:cd48)
[14:07:18] *** Joins: gruetzko- (gruetzkopf@bnc.dont-follow.us)
[14:07:53] *** Quits: uyjulian (~uyjulian@69-110-38-205.lightspeed.lbcktx.sbcglobal.net) (Quit: ZNC - http://znc.in)
[14:08:38] *** Joins: cpncok3 (~ice@92-48-84-85.static.as29550.net)
[14:08:52] *** Joins: hthh (~hthh@hh.ht)
[14:08:53] *** Joins: uyjulian (~uyjulian@69-110-38-205.lightspeed.lbcktx.sbcglobal.net)
[14:10:54] *** Quits: Maylay (~gren@108-198-59-230.lightspeed.miamfl.sbcglobal.net) (Read error: Connection reset by peer)
[14:11:48] *** Quits: cpnc0ke (~ice@92-48-84-85.static.as29550.net) (Ping timeout: 745 seconds)
[14:11:59] *** Joins: Maylay (~gren@108-198-59-230.lightspeed.miamfl.sbcglobal.net)
[14:15:53] *** Quits: hthh_ (~hthh@hh.ht) (Ping timeout: 745 seconds)
[14:15:53] *** Quits: GrecKo (~grecko@static.183.157.9.5.clients.your-server.de) (Ping timeout: 745 seconds)
[14:17:37] *** Joins: GrecKo (~grecko@static.183.157.9.5.clients.your-server.de)
[14:23:15] *** Joins: hthh_ (~hthh@hh.ht)
[14:23:15] *** Quits: hthh (~hthh@hh.ht) (Read error: Connection reset by peer)
[16:15:17] *** Quits: rajkosto (~rajkosto@cable-178-149-125-126.dynamic.sbb.rs) (Read error: Connection reset by peer)
[16:18:54] *** Joins: fgsfds (~figgis@93.123.144.171)
[17:44:13] *** Quits: Ghabry (~ghabry@46.38.234.66) (se.hub irc.underworld.no)
[17:44:13] *** Quits: TAL (~TAL@defiant.tlercher.de) (se.hub irc.underworld.no)
[17:44:13] *** Quits: m4ts_ (~mats@s17612523581.blix.com) (se.hub irc.underworld.no)
[17:44:13] *** Quits: Stary (~Stary@thonk.9net.org) (se.hub irc.underworld.no)
[17:44:13] *** Quits: lemmy (lemmy@2600:3c00:e000:2e:0:dead:beef:6) (se.hub irc.underworld.no)
[17:44:13] *** Quits: mafcadio2 (~mafcadio@cpc158505-smal20-2-0-cust226.19-1.cable.virginm.net) (se.hub irc.underworld.no)
[17:44:13] *** Quits: mtheall (~mtheall@mtheall.com) (se.hub irc.underworld.no)
[18:04:54] *** lex1 is now known as lex
[18:42:28] <plutobot> Wiki | Page changed: Error Report services | User: Hexkyz | https://switchbrew.org/w/index.php?curid=193&diff=10444&oldid=10341
[18:54:01] <plutobot> Wiki | Page changed: Error codes | User: yls8 | https://switchbrew.org/w/index.php?curid=82&diff=10445&oldid=10417
[19:07:37] <plutobot> Wiki | Page changed: HID services | User: Hexkyz | https://switchbrew.org/w/index.php?curid=103&diff=10446&oldid=10411
[19:15:40] *** Quits: lex (lex@yuuh.pw) (Killed (se.hub (Nick collision (new))))
[19:15:41] *** Joins: Ghabry (~ghabry@46.38.234.66)
[19:15:41] *** Joins: TAL (~TAL@defiant.tlercher.de)
[19:15:41] *** Joins: m4ts_ (~mats@s17612523581.blix.com)
[19:15:41] *** Joins: Stary (~Stary@thonk.9net.org)
[19:15:41] *** Joins: lemmy (lemmy@2600:3c00:e000:2e:0:dead:beef:6)
[19:15:41] *** Joins: mafcadio2 (~mafcadio@cpc158505-smal20-2-0-cust226.19-1.cable.virginm.net)
[19:15:41] *** Joins: mtheall (~mtheall@mtheall.com)
[19:15:59] *** Joins: lex1 (lex@yuuh.pw)
[19:50:47] <DoozerBot> PR-#517: docs: fix simple typo, recieve -> receive, building targets: 02lib
[19:50:49] <plutobot> GitHub | New PR: docs fix simp... | User: timgates | https://github.com/switchbrew/libnx/pull/517
[19:54:31] <DoozerBot> 02lib: 03 v3.3.0.176 Build OK - https://doozer.io/build/k3wt49tkrq
[21:17:49] *** Joins: dibas_ (~dibas@wild.uberspace.de)
[21:17:49] *** Quits: dibas (~dibas@wild.uberspace.de) (Read error: Connection reset by peer)
[21:17:54] *** dibas_ is now known as dibas
[22:08:13] *** Joins: refs (~refs@p200300dd87170600e84ec12f82086539.dip0.t-ipconnect.de)
[22:22:27] *** Quits: thejsa (~eva@lana.core.fs3d.net) (Write error: Broken pipe)
[22:23:25] *** Joins: thejsa (~eva@lana.core.fs3d.net)
[23:24:43] *** Quits: blasty (~blasty@haxx.in) (Read error: Operation timed out)
[23:28:28] *** Joins: blasty (~blasty@haxx.in)
