[00:30:16] *** Quits derk0pf (Read error: Connection refused)
[00:52:13] *** Quits Tcm0 (Leaving)
[02:47:21] *** Quits refs (Quit: refs)
[04:24:55] *** Quits fgsfds (Read error: Connection reset by peer)
[10:04:24] *** Joins |Shadow|_
[10:07:44] *** Quits |Shadow| (Read error: Operation timed out)
[10:09:41] *** Quits Galaxy| (Quit.)
[10:12:23] *** Joins Galaxy|
[10:15:02] *** Quits Galaxy| (Client Quit)
[10:18:24] *** Joins Galaxy|
[10:56:04] *** |Shadow|_ is now known as |Shadow|
[12:24:23] *** Joins Tcm0
[13:10:21] *** Quits ihaveamac (Quit: fail)
[13:10:55] *** Joins ihaveamac
[13:19:30] *** Joins fgsfds
[13:29:18] *** Joins X-Scale
[14:16:16] *** Quits m4ts (Ping timeout: 265 seconds)
[14:21:22] *** Joins m4ts
[16:27:23] *** Quits changO- (Ping timeout: 745 seconds)
[16:29:32] *** Quits d3m3vilur (Read error: Connection reset by peer)
[16:29:37] *** Joins d3m3vilur
[18:42:11] *** Quits DacoTaco (Quit: ZNC 1.6.5+deb1 - http://znc.in)
[19:35:25] *** Joins thomasnet
[20:21:42] *** Quits refsw (Quit: refsw)
[22:31:43] *** Joins DacoTaco
[22:57:51] *** Quits GerbilSof (Ping timeout: 604 seconds)
[23:03:24] *** Joins GerbilSof
