[00:04:48] *** Joins: rmaw_ (~rmaw@163.172.57.156)
[00:04:51] *** Quits: rmaw (~rmaw@163.172.57.156) (Read error: Connection reset by peer)
[00:05:07] *** Quits: TuxSH (tuxsh@de1.hashbang.sh) (Read error: Operation timed out)
[00:09:25] *** Joins: Lightswor (~Lightswor@107.170.253.193)
[00:09:28] *** Joins: Aaerox (Aaerox@fuckyou.k.thnx.org)
[00:09:40] *** Joins: yls8bot (~yls8bot@mtheall.com)
[00:10:33] *** Joins: Kyouju (~Kyouju@ks3311808.kimsufi.com)
[00:11:22] *** Joins: yellows8 (~yellows8@adiza.nexticom.net)
[00:11:22] *** WntrMute sets mode: +o yellows8
[00:11:54] *** Joins: TuxSH (~TuxSH@de1.hashbang.sh)
[00:11:54] *** fincs sets mode: +o TuxSH
[00:14:13] *** Quits: phigcloud (uid13896@id-13896.tooting.irccloud.com) (Ping timeout: 1221 seconds)
[00:14:51] *** Joins: phigcloud (uid13896@id-13896.tooting.irccloud.com)
[00:16:15] *** Quits: Snetry (~sentry@dslb-188-101-114-084.188.101.pools.vodafone-ip.de) (Read error: Operation timed out)
[00:16:57] *** Joins: Snetry (~sentry@dslb-188-101-114-084.188.101.pools.vodafone-ip.de)
[00:21:07] *** Quits: rmaw_ (~rmaw@163.172.57.156) (Read error: Connection reset by peer)
[00:21:15] *** Quits: Snetry (~sentry@dslb-188-101-114-084.188.101.pools.vodafone-ip.de) (Read error: Connection reset by peer)
[00:25:43] *** Quits: thomasnet (~thomasnet@133.27.216.185.static.reverse.proxgroup.fr) (Ping timeout: 857 seconds)
[00:28:37] *** Joins: thomasnet (~thomasnet@133.27.216.185.static.reverse.proxgroup.fr)
[00:29:31] *** Joins: Snetry (~sentry@dslb-188-101-114-084.188.101.pools.vodafone-ip.de)
[00:30:22] *** Joins: rmaw (~rmaw@163.172.57.156)
[01:02:47] *** Quits: Tcm0 (~Tcm0@p5dc4550f.dip0.t-ipconnect.de) (Ping timeout: 622 seconds)
[02:00:38] *** Quits: gjabell (~gjabell@2a02:8109:b6bf:b030:6d9:f5ff:fef9:c27e) (Quit: WeeChat 3.0)
[03:18:47] *** Quits: |Shadow| (~Shadow1@ip24-253-244-123.ok.ok.cox.net) ()
[03:23:43] *** Joins: |Shadow| (~Shadow1@ip24-253-244-123.ok.ok.cox.net)
[03:27:30] *** Quits: |Shadow| (~Shadow1@ip24-253-244-123.ok.ok.cox.net) (Client Quit)
[03:28:53] *** Joins: |Shadow| (~Shadow1@ip24-253-244-123.ok.ok.cox.net)
[03:32:26] *** Quits: |Shadow| (~Shadow1@ip24-253-244-123.ok.ok.cox.net) (Client Quit)
[03:33:49] *** Joins: |Shadow| (~Shadow1@ip24-253-244-123.ok.ok.cox.net)
[03:44:59] *** Quits: |Shadow| (~Shadow1@ip24-253-244-123.ok.ok.cox.net) ()
[03:48:49] *** Joins: |Shadow| (~Shadow1@ip24-253-244-123.ok.ok.cox.net)
[04:05:35] *** Quits: SCV__ (sid226262@id-226262.charlton.irccloud.com) (Read error: Connection timed out)
[04:06:00] *** Quits: GerbilSof (~GerbilSof@108.24.152.152) (Remote host closed the connection)
[04:13:28] *** Quits: rjeli____ (sid289321@id-289321.charlton.irccloud.com) (Ping timeout: 1230 seconds)
[04:13:41] *** Joins: rjeli____ (sid289321@id-289321.charlton.irccloud.com)
[04:15:52] *** Joins: SCV__ (sid226262@id-226262.charlton.irccloud.com)
[04:41:18] *** Quits: nullstrin (~nullstrin@cermak.nullstring.io) (Read error: Operation timed out)
[04:45:04] *** Joins: nullstrin (~nullstrin@cermak.nullstring.io)
[05:10:29] *** Quits: refs (~refs@p200300dd872fec00c4e9ccb3f770ab8b.dip0.t-ipconnect.de) (Quit: refs)
[06:25:16] *** Joins: changoXPR (~Changolan@ip70-187-147-196.oc.oc.cox.net)
[06:29:05] *** Quits: changO- (~Changolan@ip70-187-147-196.oc.oc.cox.net) (Ping timeout: 265 seconds)
[06:29:05] *** changoXPR is now known as changO-
[06:46:29] *** Joins: klock (~efklock@vps1.ksociety.net)
[07:38:46] *** Quits: Lightswor (~Lightswor@107.170.253.193) (Read error: Operation timed out)
[07:40:06] *** Quits: yls8bot (~yls8bot@mtheall.com) (Read error: Operation timed out)
[07:43:23] *** Quits: Aaerox (Aaerox@fuckyou.k.thnx.org) (Read error: Operation timed out)
[07:43:31] *** Quits: yellows8 (~yellows8@adiza.nexticom.net) (Read error: Operation timed out)
[07:44:24] *** Quits: Kyouju (~Kyouju@ks3311808.kimsufi.com) (Read error: Operation timed out)
[07:54:56] *** Joins: Aaerox (Aaerox@fuckyou.k.thnx.org)
[07:54:59] *** Joins: Lightswor (~Lightswor@107.170.253.193)
[07:55:08] *** Joins: yls8bot (~yls8bot@mtheall.com)
[07:55:56] *** Joins: Kyouju (~Kyouju@ks3311808.kimsufi.com)
[07:56:54] *** Quits: fgsfds (~figgis@93.123.144.171) (Read error: Connection reset by peer)
[07:57:54] *** Joins: yellows8 (~yellows8@adiza.nexticom.net)
[07:57:56] *** WntrMute sets mode: +o yellows8
[08:17:18] *** Quits: rjeli____ (sid289321@id-289321.charlton.irccloud.com) (Ping timeout: 1230 seconds)
[08:17:32] *** Joins: rjeli____ (sid289321@id-289321.charlton.irccloud.com)
[08:18:28] *** Quits: SCV__ (sid226262@id-226262.charlton.irccloud.com) (Ping timeout: 1230 seconds)
[08:18:41] *** Joins: SCV__ (sid226262@id-226262.charlton.irccloud.com)
[10:45:02] *** Joins: Tcm0 (~Tcm0@p5dc45f28.dip0.t-ipconnect.de)
[13:42:52] *** Joins: refs (~refs@p200300dd873f9600c0a34b82477b3aa5.dip0.t-ipconnect.de)
[17:12:55] *** Quits: sh0e (~sh0e@node1.eisenkopf.info) (Quit: Bye.)
[17:28:57] *** Joins: rajkosto (~rajkosto@cable-178-149-125-126.dynamic.sbb.rs)
[17:37:05] *** Joins: sh0e (~sh0e@node1.eisenkopf.info)
[18:23:38] *** Joins: fgsfds (~figgis@93.123.144.171)
[18:50:29] *** Quits: des^ (~des@ip1f107a96.dynamic.kabel-deutschland.de) (Quit: The Lounge - https://thelounge.github.io)
[18:50:56] *** Joins: des^ (~des@ip1f107a96.dynamic.kabel-deutschland.de)
[18:57:49] *** Quits: rajkosto (~rajkosto@cable-178-149-125-126.dynamic.sbb.rs) (Read error: Connection reset by peer)
[19:06:38] *** Joins: X-Scale` (~ARM@153.211.137.78.rev.vodafone.pt)
[19:08:09] *** Quits: X-Scale (~ARM@46.50.1.91) (Ping timeout: 255 seconds)
[19:08:09] *** X-Scale` is now known as X-Scale
[20:02:51] *** Quits: fgsfds (~figgis@93.123.144.171) (Read error: Connection reset by peer)
[20:06:54] *** Joins: fgsfds (~figgis@93.123.144.171)
[21:58:17] *** Quits: fgsfds (~figgis@93.123.144.171) (Read error: Connection reset by peer)
[21:59:59] *** Joins: fgsfds (~figgis@93.123.144.171)
[23:29:19] *** Joins: GerbilSof (~GerbilSof@pool-108-24-152-152.cmdnnj.fios.verizon.net)
[23:54:08] *** Quits: uyjulian (~uyjulian@69-110-38-205.lightspeed.lbcktx.sbcglobal.net) (Ping timeout: 745 seconds)
