[00:36:10] *** Joins: uyjulian (~uyjulian@69-110-38-205.lightspeed.lbcktx.sbcglobal.net)
[00:39:12] *** Quits: averne (~averne@2001:861:5102:3290:9952:d870:185e:c44c) (quit)
[00:40:09] *** Joins: averne (~averne@2001:861:5102:3290:9952:d870:185e:c44c)
[00:40:20] *** Server sets mode: +stn 
[00:42:29] *** Quits: Tcm0 (~Tcm0@p5dc45f28.dip0.t-ipconnect.de) (Leaving)
[05:06:45] *** Quits: refs (~refs@p200300dd873f9600c0a34b82477b3aa5.dip0.t-ipconnect.de) (Quit: refs)
[05:43:31] *** Joins: lameboy2 (~lameboy@202-47-121-182.cust.dcsi.net.au)
[05:44:50] *** Quits: yls8bot (~yls8bot@mtheall.com) (Read error: Operation timed out)
[05:45:04] *** Quits: Lightswor (~Lightswor@107.170.253.193) (Read error: Operation timed out)
[05:48:20] *** Quits: yellows8 (~yellows8@adiza.nexticom.net) (Read error: Operation timed out)
[05:49:02] *** Quits: Kyouju (~Kyouju@ks3311808.kimsufi.com) (Read error: Operation timed out)
[05:49:33] *** Quits: Aaerox (Aaerox@fuckyou.k.thnx.org) (Read error: Operation timed out)
[05:50:19] *** Quits: lameboy (~lameboy@202-47-121-182.cust.dcsi.net.au) (Read error: Operation timed out)
[05:50:21] *** lameboy2 is now known as lameboy
[05:51:30] *** Joins: GrecKo (~grecko@static.183.157.9.5.clients.your-server.de)
[05:51:49] *** Quits: GerbilSof (~GerbilSof@pool-108-24-152-152.cmdnnj.fios.verizon.net) (Ping timeout: 604 seconds)
[05:52:16] *** Joins: GerbilSof (~GerbilSof@108.24.152.152)
[05:54:59] *** Quits: GrecKo_ (~grecko@static.183.157.9.5.clients.your-server.de) (Ping timeout: 604 seconds)
[05:55:58] *** Joins: Maylay_ (~gren@108-198-59-230.lightspeed.miamfl.sbcglobal.net)
[05:56:43] *** Joins: foghorn2 (~meh@107-198-163-1.lightspeed.rcsntx.sbcglobal.net)
[05:59:25] *** Quits: Maylay (~gren@108-198-59-230.lightspeed.miamfl.sbcglobal.net) (Ping timeout: 604 seconds)
[06:00:34] *** Quits: foghorn (~meh@2600:1700:8af0:a950:41f5:1767:b6ad:3faf) (Read error: Operation timed out)
[06:02:26] *** Joins: Kyouju (~Kyouju@ks3311808.kimsufi.com)
[06:02:43] *** Joins: yellows8 (~yellows8@adiza.nexticom.net)
[06:02:43] *** WntrMute sets mode: +o yellows8
[06:02:43] *** Joins: Aaerox (Aaerox@fuckyou.k.thnx.org)
[06:02:58] *** Joins: Lightswor (~Lightswor@107.170.253.193)
[06:04:53] *** Joins: yls8bot (~yls8bot@mtheall.com)
[06:04:59] *** yellows8 sets mode: +o yls8bot
[06:05:07] *** Quits: thejsa (~eva@lana.core.fs3d.net) (Ping timeout: 604 seconds)
[06:05:11] *** Joins: thejsa (~eva@lana.core.fs3d.net)
[06:06:45] *** Joins: lemmy (lemmy@2600:3c00:e000:2e:0:dead:beef:6)
[06:07:01] *** Quits: lemmu (lemmy@2600:3c00:e000:2e:0:dead:beef:6) (Ping timeout: 604 seconds)
[08:06:41] <plutobot> Wiki | Page changed: Bluetooth Driver services | User: yls8 | https://switchbrew.org/w/index.php?curid=161&diff=10523&oldid=10398
[08:13:08] <plutobot> Wiki | Page changed: Bluetooth Driver services | User: yls8 | https://switchbrew.org/w/index.php?curid=161&diff=10524&oldid=10523
[09:21:04] *** Quits: fgsfds (~figgis@93.123.144.171) (Leaving)
[10:37:21] *** Joins: tpw-rules (~tpw_rules@li1059-135.members.linode.com)
[10:45:08] *** Quits: tpw_rules (~tpw_rules@li1059-135.members.linode.com) (Ping timeout: 745 seconds)
[10:45:08] *** tpw-rules is now known as tpw_rules
[11:33:22] *** Quits: Lightswor (~Lightswor@107.170.253.193) (Quit: ZNC)
[12:08:48] *** Joins: m4ts_ (~mats@s17612523596.blix.com)
[13:39:03] *** Joins: refs (~refs@p200300dd870f39008d3620288cc9550b.dip0.t-ipconnect.de)
[15:01:08] *** Joins: X-Scale` (~ARM@83.223.249.222)
[15:02:00] *** Quits: X-Scale (~ARM@153.211.137.78.rev.vodafone.pt) (Ping timeout: 255 seconds)
[15:02:00] *** X-Scale` is now known as X-Scale
[15:32:45] *** Quits: GerbilSof (~GerbilSof@108.24.152.152) (Ping timeout: 622 seconds)
[15:33:16] *** Joins: GerbilSof (~GerbilSof@pool-108-24-152-152.cmdnnj.fios.verizon.net)
[16:33:32] *** Joins: fgsfds (~figgis@93.123.144.171)
[16:45:51] *** Quits: Kyouju (~Kyouju@ks3311808.kimsufi.com) (Quit: ZNC 1.7.4+deb0+bionic0 - https://znc.in)
[16:49:10] *** Joins: Kyouju (~Kyouju@ks3311808.kimsufi.com)
[17:21:47] *** Quits: fgsfds (~figgis@93.123.144.171) (Leaving)
[18:08:32] *** Joins: fgsfds (~figgis@93.123.144.171)
[20:10:06] *** Quits: m4ts_ (~mats@s17612523596.blix.com) (Ping timeout: 265 seconds)
[20:10:09] *** Joins: m4ts (~mats@s176125235116.blix.com)
[20:17:21] *** Quits: m4ts (~mats@s176125235116.blix.com) (Ping timeout: 265 seconds)
[20:21:58] *** Joins: m4ts (~mats@s176125235106.blix.com)
[20:28:19] *** Joins: m4ts_ (~mats@s176125235106.blix.com)
[20:30:24] *** Quits: m4ts (~mats@s176125235106.blix.com) (Ping timeout: 265 seconds)
[20:54:14] *** Joins: m4ts (~mats@s176125235106.blix.com)
[20:57:57] *** Quits: m4ts_ (~mats@s176125235106.blix.com) (Ping timeout: 265 seconds)
[22:25:42] *** Quits: yls8bot (~yls8bot@mtheall.com) (Read error: Operation timed out)
[22:28:38] *** Quits: GerbilSof (~GerbilSof@pool-108-24-152-152.cmdnnj.fios.verizon.net) (Read error: Operation timed out)
[22:29:32] *** Quits: yellows8 (~yellows8@adiza.nexticom.net) (Read error: Operation timed out)
[22:29:34] *** Quits: Aaerox (Aaerox@fuckyou.k.thnx.org) (Read error: Operation timed out)
[22:30:05] *** Quits: Kyouju (~Kyouju@ks3311808.kimsufi.com) (Read error: Operation timed out)
[22:31:20] *** Joins: GerbilSof (~GerbilSof@pool-108-24-152-152.cmdnnj.fios.verizon.net)
[22:35:57] *** Joins: Aaerox (Aaerox@fuckyou.k.thnx.org)
[22:36:18] *** Joins: yls8bot (~yls8bot@mtheall.com)
[22:36:25] *** Joins: Kyouju (~Kyouju@ks3311808.kimsufi.com)
[22:40:34] *** Joins: yellows8 (~yellows8@adiza.nexticom.net)
[22:40:34] *** WntrMute sets mode: +o yellows8
