[00:15:02] *** Quits: Phils3r (~Phil@2a02:c205:3000:2328::1) (Quit: ZNC - https://znc.in)
[00:15:10] *** Joins: Phils3r (~Phil@phils3r.de)
[00:15:21] *** Joins: rajkosto (~rajkosto@37.48.122.61)
[00:22:31] *** Quits: nohit (sid334887@hathersage.irccloud.com) (Ping timeout: 272 seconds)
[00:22:47] *** Joins: rajko (~rajkosto@cable-178-149-125-126.dynamic.sbb.rs)
[00:26:56] *** Quits: rajkosto (~rajkosto@37.48.122.61) (Ping timeout: 265 seconds)
[00:38:53] *** Quits: rajko (~rajkosto@cable-178-149-125-126.dynamic.sbb.rs) (Read error: Connection reset by peer)
[03:09:23] *** Joins: ave_ (~ave_@79.110.170.32)
[05:00:37] *** Quits: refs (~refs@p200300dd870f39008d3620288cc9550b.dip0.t-ipconnect.de) (Quit: refs)
[05:51:17] *** Quits: yls8bot (~yls8bot@mtheall.com) (Read error: Operation timed out)
[05:53:07] *** Quits: Aaerox (Aaerox@fuckyou.k.thnx.org) (Read error: Operation timed out)
[05:55:00] *** Quits: yellows8 (~yellows8@adiza.nexticom.net) (Read error: Operation timed out)
[05:55:34] *** Quits: Kyouju (~Kyouju@ks3311808.kimsufi.com) (Read error: Operation timed out)
[06:02:26] *** Joins: Kyouju (~Kyouju@ks3311808.kimsufi.com)
[06:02:33] *** Joins: Aaerox (Aaerox@fuckyou.k.thnx.org)
[06:05:39] *** Joins: yls8bot (~yls8bot@mtheall.com)
[06:06:24] *** Joins: yellows8 (~yellows8@adiza.nexticom.net)
[06:06:24] *** WntrMute sets mode: +o yellows8
[06:06:39] *** yellows8 sets mode: +o yls8bot
[09:17:12] *** Quits: datagutt (~datagutt@176.58.121.163) (Read error: Operation timed out)
[09:19:27] *** Joins: datagutt (~datagutt@mail.guac.live)
[10:39:46] *** Joins: ut0pia (~zavona@102.63.125.78.rev.sfr.net)
[10:48:46] *** Quits: ut0pia (~zavona@102.63.125.78.rev.sfr.net) ()
[11:30:18] *** Joins: nohit (sid334887@id-334887.ealing.irccloud.com)
[11:30:19] *** Joins: Tcm0 (~Tcm0@p5dc452f3.dip0.t-ipconnect.de)
[11:43:21] *** Joins: datagutt_ (~datagutt@mail.guac.live)
[11:44:40] *** Quits: yls8bot (~yls8bot@mtheall.com) (Read error: Operation timed out)
[11:47:06] *** Quits: datagutt (~datagutt@mail.guac.live) (Read error: Operation timed out)
[11:47:07] *** datagutt_ is now known as datagutt
[11:47:47] *** Quits: Aaerox (Aaerox@fuckyou.k.thnx.org) (Read error: Operation timed out)
[11:48:08] *** Quits: yellows8 (~yellows8@adiza.nexticom.net) (Read error: Operation timed out)
[11:48:57] *** Quits: Kyouju (~Kyouju@ks3311808.kimsufi.com) (Read error: Operation timed out)
[12:00:56] *** Joins: Kyouju (~Kyouju@ks3311808.kimsufi.com)
[12:01:06] *** Joins: Aaerox (Aaerox@fuckyou.k.thnx.org)
[12:02:32] *** Joins: yellows8 (~yellows8@adiza.nexticom.net)
[12:02:32] *** WntrMute sets mode: +o yellows8
[12:04:31] *** Joins: yls8bot (~yls8bot@mtheall.com)
[12:04:39] *** yellows8 sets mode: +o yls8bot
[13:47:20] *** Joins: refs (~refs@p200300dd8719d90025d621138847d124.dip0.t-ipconnect.de)
[13:47:38] *** Quits: m4ts (~mats@s176125235106.blix.com) (Ping timeout: 265 seconds)
[13:48:27] *** Joins: m4ts (~mats@s176125235106.blix.com)
[15:00:20] *** Joins: X-Scale` (~ARM@153.211.137.78.rev.vodafone.pt)
[15:01:33] *** Quits: X-Scale (~ARM@83.223.249.222) (Ping timeout: 255 seconds)
[15:01:33] *** X-Scale` is now known as X-Scale
[15:55:53] *** Joins: pOOBAH (~a@2a00:6020:15eb:3500:5d55:64d:aede:1e89)
[15:56:25] *** Quits: pOOBAH (~a@2a00:6020:15eb:3500:5d55:64d:aede:1e89) (Remote host closed the connection)
[17:51:40] *** Quits: blasty (~blasty@haxx.in) (Read error: Operation timed out)
[17:55:45] *** Joins: blasty (~blasty@haxx.in)
[21:27:46] <changO-> Live streaming the hottest steamy piles of this week's Switch shovelware: https://www.youtube.com/watch?v=Vgougy8faR4
[21:30:54] *** Quits: Normmatt (~Normmatt@cloud.normmatt.com) (Ping timeout: 265 seconds)
[21:40:56] *** Joins: Normmatt (~Normmatt@cloud.normmatt.com)
[22:37:23] *** Joins: rajkosto (~rajkosto@37.48.122.61)
[22:50:47] *** Joins: rajko (~rajkosto@cable-178-149-125-126.dynamic.sbb.rs)
[22:55:00] *** Quits: rajkosto (~rajkosto@37.48.122.61) (Ping timeout: 265 seconds)
[23:01:34] *** Quits: rajko (~rajkosto@cable-178-149-125-126.dynamic.sbb.rs) (Leaving)
[23:01:47] *** Joins: rajkosto (~rajkosto@cable-178-149-125-126.dynamic.sbb.rs)
