[00:24:46] *** Quits: Tcm0 (~Tcm0@p5dc452f3.dip0.t-ipconnect.de) (Leaving)
[00:38:43] *** Joins: omlet05_ (~quassel@omlet.ovh)
[00:39:11] *** Quits: KuKzz_ (KuKzz@95.143.216.177) (Ping timeout: 272 seconds)
[00:39:51] *** Quits: cpnc0ke (~ice@92-48-84-85.static.as29550.net) (Ping timeout: 496 seconds)
[00:40:01] *** Quits: Normmatt (~Normmatt@cloud.normmatt.com) (Read error: Operation timed out)
[00:40:21] *** Quits: ihaveamac (~ihaveamac@138.68.232.110) (Read error: Operation timed out)
[00:41:01] *** Quits: DeusQain (~DeusQain@mx.qainsworld.com) (Read error: Operation timed out)
[00:41:04] *** Joins: DeusQain (quasselcor@mx.qainsworld.com)
[00:41:36] *** Joins: CCFL_Man_ (80446b1933@c-73-64-119-64.hsd1.pa.comcast.net)
[00:41:37] *** Joins: cpnc0ke (~ice@92-48-84-85.static.as29550.net)
[00:41:59] *** Quits: omlet05 (~quassel@omlet.ovh) (Read error: Operation timed out)
[00:42:34] *** Joins: KuKzz (KuKzz@95.143.216.177)
[00:43:18] *** Joins: Normmatt (~Normmatt@cloud.normmatt.com)
[00:44:07] *** Quits: Genolo (~fear@2a01:7e00::f03c:91ff:fe93:8d42) (Ping timeout: 496 seconds)
[00:45:11] *** Quits: CCFL_Man (~closet@c-73-64-119-64.hsd1.pa.comcast.net) (Ping timeout: 496 seconds)
[00:45:44] *** Joins: Genolo (~fear@2a01:7e00::f03c:91ff:fe93:8d42)
[00:46:48] *** Joins: sh0e- (~sh0e@node1.eisenkopf.info)
[00:47:51] *** Quits: sh0e (~sh0e@node1.eisenkopf.info) (Ping timeout: 496 seconds)
[03:22:11] *** Joins: m4ts_ (~mats@s17612523596.blix.com)
[03:22:24] *** Quits: m4ts (~mats@s176125235106.blix.com) (Read error: Connection reset by peer)
[04:50:20] *** Quits: omlet05_ (~quassel@omlet.ovh) (Read error: Operation timed out)
[04:50:23] *** Joins: omlet05 (~quassel@omlet.ovh)
[05:03:09] *** CCFL_Man_ is now known as CCFL_Man
[05:11:35] *** Quits: refs (~refs@p200300dd8719d90025d621138847d124.dip0.t-ipconnect.de) (Quit: refs)
[05:42:17] *** Quits: rajkosto (~rajkosto@cable-178-149-125-126.dynamic.sbb.rs) (Read error: Connection reset by peer)
[06:32:54] *** Joins: X-Scale` (~ARM@31.22.162.116)
[06:34:24] *** Quits: X-Scale (~ARM@153.211.137.78.rev.vodafone.pt) (Ping timeout: 255 seconds)
[06:34:24] *** X-Scale` is now known as X-Scale
[07:19:34] *** Quits: SCV__ (sid226262@id-226262.charlton.irccloud.com) (Read error: Connection timed out)
[07:33:11] *** Joins: SCV__ (sid226262@id-226262.charlton.irccloud.com)
[07:38:47] *** Quits: SCV__ (sid226262@id-226262.charlton.irccloud.com) (Read error: Connection timed out)
[07:38:51] *** Joins: SCV__ (sid226262@id-226262.charlton.irccloud.com)
[08:44:53] *** Quits: SCV__ (sid226262@id-226262.charlton.irccloud.com) (Ping timeout: 1230 seconds)
[08:45:06] *** Joins: SCV__ (sid226262@id-226262.charlton.irccloud.com)
[09:27:04] *** Quits: fgsfds (~figgis@93.123.144.171) (Read error: Connection reset by peer)
[09:31:21] *** Joins: thejsa_ (~eva@lana.core.fs3d.net)
[09:32:14] *** Joins: mid-kid4 (~mid-kid@136-144-185-148.colo.transip.net)
[09:32:24] *** Joins: derrek_ (~derrek@hyrrokkin.uberspace.de)
[09:32:43] *** Quits: rjeli____ (sid289321@id-289321.charlton.irccloud.com) (Ping timeout: 1230 seconds)
[09:35:53] *** Joins: Genolol (~fear@151.236.216.141)
[09:36:13] *** Quits: rctgamer3 (~rctgamer3@2a00:f10:121:a00:4ba:60ff:fe00:196c) (Ping timeout: 615 seconds)
[09:37:23] *** Quits: jn (~quassel@2a02:908:1062:f900:20d:b9ff:fe49:15fc) (Ping timeout: 615 seconds)
[09:37:58] *** Quits: Genolo (~fear@2a01:7e00::f03c:91ff:fe93:8d42) (Ping timeout: 745 seconds)
[09:37:58] *** Genolol is now known as Genolo
[09:37:59] *** Quits: Summeli (summeli@irc.summeli.com) (Ping timeout: 745 seconds)
[09:38:12] *** Joins: rctgamer3 (~rctgamer3@185.66.251.249)
[09:38:35] *** Quits: mid-kid3 (~mid-kid@2a01:7c8:aac8:1e8:5054:ff:fe5e:cd48) (Ping timeout: 745 seconds)
[09:38:35] *** Quits: derrek (~derrek@hyrrokkin.uberspace.de) (Ping timeout: 745 seconds)
[09:38:35] *** derrek_ is now known as derrek
[09:39:08] *** Quits: thejsa (~eva@lana.core.fs3d.net) (Ping timeout: 745 seconds)
[09:40:29] *** Joins: rjeli____ (sid289321@charlton.irccloud.com)
[09:40:53] *** Quits: SCV__ (sid226262@id-226262.charlton.irccloud.com) (Ping timeout: 1230 seconds)
[09:44:19] *** Joins: SCV__ (sid226262@charlton.irccloud.com)
[12:53:22] *** Joins: Tcm0 (~Tcm0@p4fde7fc8.dip0.t-ipconnect.de)
[13:45:28] *** Joins: rajkosto (~rajkosto@cable-178-149-125-126.dynamic.sbb.rs)
[13:53:15] *** Joins: refs (~refs@p200300dd87151800f5e6560b0154c164.dip0.t-ipconnect.de)
[13:57:35] *** Joins: ihaveamac (~ihaveamac@138.68.232.110)
[16:29:52] *** Quits: rajkosto (~rajkosto@cable-178-149-125-126.dynamic.sbb.rs) (Read error: Connection reset by peer)
[16:44:53] *** Joins: fgsfds (~figgis@93.123.144.171)
[17:03:24] *** Joins: flotwig (~flotwig@136.55.38.10)
[18:38:14] *** Quits: foghorn2 (~meh@107-198-163-1.lightspeed.rcsntx.sbcglobal.net) (Remote host closed the connection)
[18:39:00] *** Joins: foghorn2 (~meh@107-198-163-1.lightspeed.rcsntx.sbcglobal.net)
[18:42:14] *** Quits: foghorn2 (~meh@107-198-163-1.lightspeed.rcsntx.sbcglobal.net) (Remote host closed the connection)
[18:42:57] *** Joins: foghorn2 (~meh@107-198-163-1.lightspeed.rcsntx.sbcglobal.net)
[19:21:14] *** Joins: rajkosto (~rajkosto@cable-178-149-125-126.dynamic.sbb.rs)
[21:35:12] *** Quits: changO- (~Changolan@ip70-187-147-196.oc.oc.cox.net) (Read error: Operation timed out)
[21:35:47] *** Joins: changO- (~Changolan@ip70-187-147-196.oc.oc.cox.net)
[21:52:03] *** Joins: changoXPR (~Changolan@ip70-187-147-196.oc.oc.cox.net)
[21:55:04] *** Quits: changO- (~Changolan@ip70-187-147-196.oc.oc.cox.net) (Read error: Operation timed out)
[21:55:04] *** changoXPR is now known as changO-
[23:22:52] *** Joins: Sentry- (~sentry@dslb-094-220-210-018.094.220.pools.vodafone-ip.de)
[23:23:45] *** Quits: Snetry (~sentry@dslb-188-101-114-084.188.101.pools.vodafone-ip.de) (Read error: Operation timed out)
[23:24:43] *** Joins: Lightswor (~Lightswor@107.170.253.193)
[23:27:29] *** Quits: Lightswor (~Lightswor@107.170.253.193) (Client Quit)
[23:28:49] *** Quits: Sentry- (~sentry@dslb-094-220-210-018.094.220.pools.vodafone-ip.de) (Read error: Operation timed out)
[23:29:19] *** Joins: Lightswor (~Lightswor@107.170.253.193)
[23:32:32] *** Joins: Snetry (~sentry@dslb-088-078-078-214.088.078.pools.vodafone-ip.de)
