[00:49:30] *** Quits: Tcm0 (~Tcm0@p4fde7fc8.dip0.t-ipconnect.de) (Leaving)
[01:02:10] *** Quits: rajkosto (~rajkosto@cable-178-149-125-126.dynamic.sbb.rs) (Read error: Connection reset by peer)
[01:26:28] *** Quits: derrek (~derrek@hyrrokkin.uberspace.de) (Ping timeout: 745 seconds)
[01:29:23] *** Quits: dibas (~dibas@wild.uberspace.de) (Ping timeout: 745 seconds)
[01:49:02] *** Joins: derrek (~derrek@hyrrokkin.uberspace.de)
[02:01:28] *** Quits: derrek (~derrek@hyrrokkin.uberspace.de) (Ping timeout: 745 seconds)
[02:02:33] *** Joins: Sentry- (~sentry@dslb-146-060-141-008.146.060.pools.vodafone-ip.de)
[02:04:36] *** Quits: Snetry (~sentry@dslb-088-078-078-214.088.078.pools.vodafone-ip.de) (Read error: Connection refused)
[02:21:19] *** Joins: derrek (~derrek@hyrrokkin.uberspace.de)
[02:22:39] *** Quits: Sentry- (~sentry@dslb-146-060-141-008.146.060.pools.vodafone-ip.de) (Read error: Connection refused)
[02:23:52] *** Joins: Snetry (~sentry@dslb-188-101-116-182.188.101.pools.vodafone-ip.de)
[02:35:47] *** Quits: Snetry (~sentry@dslb-188-101-116-182.188.101.pools.vodafone-ip.de) (Read error: Connection refused)
[02:38:15] *** Joins: Snetry (~sentry@dslb-088-078-074-099.088.078.pools.vodafone-ip.de)
[02:45:29] *** Joins: dibas (~dibas@wild.uberspace.de)
[04:02:45] *** Joins: Sentry- (~sentry@dslb-094-220-217-019.094.220.pools.vodafone-ip.de)
[04:04:05] *** Quits: Snetry (~sentry@dslb-088-078-074-099.088.078.pools.vodafone-ip.de) (Read error: Connection refused)
[05:13:23] *** Quits: derrek (~derrek@hyrrokkin.uberspace.de) (Ping timeout: 745 seconds)
[05:16:18] *** Quits: dibas (~dibas@wild.uberspace.de) (Ping timeout: 745 seconds)
[05:25:30] *** Quits: refs (~refs@p200300dd87151800f5e6560b0154c164.dip0.t-ipconnect.de) (Quit: refs)
[05:35:35] *** Quits: balrog (~balrog@pool-98-115-168-15.phlapa.fios.verizon.net) (Bye)
[06:21:05] *** Joins: Snetry (~sentry@dslb-188-101-126-116.188.101.pools.vodafone-ip.de)
[06:22:24] *** Quits: Sentry- (~sentry@dslb-094-220-217-019.094.220.pools.vodafone-ip.de) (Read error: Operation timed out)
[06:23:44] *** Quits: Snetry (~sentry@dslb-188-101-126-116.188.101.pools.vodafone-ip.de) (Read error: Operation timed out)
[06:29:18] *** Joins: Snetry (~sentry@dslb-092-072-121-195.092.072.pools.vodafone-ip.de)
[06:33:28] *** Joins: X-Scale` (~ARM@153.211.137.78.rev.vodafone.pt)
[06:34:51] *** Quits: X-Scale (~ARM@31.22.162.116) (Ping timeout: 255 seconds)
[06:34:51] *** X-Scale` is now known as X-Scale
[06:35:16] *** Quits: Snetry (~sentry@dslb-092-072-121-195.092.072.pools.vodafone-ip.de) (Read error: Connection refused)
[06:36:11] *** Joins: Snetry (~sentry@dslb-092-072-254-105.092.072.pools.vodafone-ip.de)
[06:54:25] *** Joins: derrek (~derrek@hyrrokkin.uberspace.de)
[06:55:45] *** Quits: Snetry (~sentry@dslb-092-072-254-105.092.072.pools.vodafone-ip.de) (Read error: Operation timed out)
[06:56:23] *** Joins: Snetry (~sentry@dslb-094-220-221-008.094.220.pools.vodafone-ip.de)
[07:01:02] *** Joins: dibas (~dibas@wild.uberspace.de)
[07:31:35] *** Joins: Sentry- (~sentry@dslb-088-078-074-101.088.078.pools.vodafone-ip.de)
[07:32:55] *** Quits: Snetry (~sentry@dslb-094-220-221-008.094.220.pools.vodafone-ip.de) (Read error: Connection refused)
[07:41:19] *** Joins: Snetry (~sentry@dslb-088-078-073-148.088.078.pools.vodafone-ip.de)
[07:42:28] *** Quits: Sentry- (~sentry@dslb-088-078-074-101.088.078.pools.vodafone-ip.de) (Read error: Connection refused)
[07:43:48] *** Quits: Snetry (~sentry@dslb-088-078-073-148.088.078.pools.vodafone-ip.de) (Read error: Operation timed out)
[07:46:31] *** Quits: fgsfds (~figgis@93.123.144.171) (Read error: Connection reset by peer)
[07:48:00] *** Joins: Snetry (~sentry@dslb-088-078-073-153.088.078.pools.vodafone-ip.de)
[07:56:37] *** Joins: Summeli (summeli@irc.summeli.com)
[08:04:27] *** Joins: Sentry- (~sentry@dslb-178-001-004-195.178.001.pools.vodafone-ip.de)
[08:05:47] *** Quits: Snetry (~sentry@dslb-088-078-073-153.088.078.pools.vodafone-ip.de) (Read error: Operation timed out)
[08:15:23] *** Joins: Snetry (~sentry@dslb-088-076-126-194.088.076.pools.vodafone-ip.de)
[08:15:57] *** Quits: Sentry- (~sentry@dslb-178-001-004-195.178.001.pools.vodafone-ip.de) (Read error: Operation timed out)
[08:25:51] *** Joins: Sentry- (~sentry@dslb-092-072-255-028.092.072.pools.vodafone-ip.de)
[08:27:30] *** Quits: Snetry (~sentry@dslb-088-076-126-194.088.076.pools.vodafone-ip.de) (Read error: Connection refused)
[08:33:54] *** Quits: Sentry- (~sentry@dslb-092-072-255-028.092.072.pools.vodafone-ip.de) (Read error: Operation timed out)
[09:03:42] *** Joins: Snetry (~sentry@dslb-188-101-126-151.188.101.pools.vodafone-ip.de)
[09:16:30] *** Quits: DoozerBot (~DoozerBot@89.7.232.35.bc.googleusercontent.com) (Read error: Operation timed out)
[09:18:34] *** Joins: DoozerBot (~DoozerBot@89.7.232.35.bc.googleusercontent.com)
[09:28:45] *** Joins: Tcm0 (~Tcm0@p5dc4513c.dip0.t-ipconnect.de)
[10:01:24] *** Quits: Tcm0 (~Tcm0@p5dc4513c.dip0.t-ipconnect.de) (Leaving)
[11:23:43] *** Joins: changoXPR (~Changolan@ip70-187-147-196.oc.oc.cox.net)
[11:25:39] *** Quits: changO- (~Changolan@ip70-187-147-196.oc.oc.cox.net) (Read error: Operation timed out)
[11:25:39] *** changoXPR is now known as changO-
[12:13:08] *** Joins: X-Scale` (~ARM@46.50.0.189)
[12:13:42] *** Quits: X-Scale (~ARM@153.211.137.78.rev.vodafone.pt) (Ping timeout: 255 seconds)
[12:13:59] *** X-Scale` is now known as X-Scale
[12:32:27] *** Joins: Sentry- (~sentry@dslb-178-006-046-187.178.006.pools.vodafone-ip.de)
[12:33:34] *** Quits: Snetry (~sentry@dslb-188-101-126-151.188.101.pools.vodafone-ip.de) (Read error: Operation timed out)
[12:48:35] *** Joins: Snetry (~sentry@dslb-178-001-007-077.178.001.pools.vodafone-ip.de)
[12:49:54] *** Quits: Sentry- (~sentry@dslb-178-006-046-187.178.006.pools.vodafone-ip.de) (Read error: Operation timed out)
[13:20:23] *** Joins: Sentry- (~sentry@dslb-094-220-214-245.094.220.pools.vodafone-ip.de)
[13:22:22] *** Quits: Snetry (~sentry@dslb-178-001-007-077.178.001.pools.vodafone-ip.de) (Read error: Operation timed out)
[17:11:23] *** Joins: fgsfds (~figgis@93.123.144.171)
[18:21:34] *** Quits: giglife (giglife@cpe0492268436b0-cm688f2e1dc9d0.cpe.net.cable.rogers.com) (Read error: Operation timed out)
[18:28:06] *** Joins: giglife (giglife@cpe244bfed15a98-cm688f2e1dc9d0.cpe.net.cable.rogers.com)
[18:38:14] *** Joins: lameboy2 (~lameboy@202-47-121-182.cust.dcsi.net.au)
[18:50:03] *** Quits: lameboy (~lameboy@202-47-121-182.cust.dcsi.net.au) (Ping timeout: 745 seconds)
[18:50:07] *** lameboy2 is now known as lameboy
[18:57:01] *** Joins: balrog (~balrog@pool-98-115-168-15.phlapa.fios.verizon.net)
[21:15:11] *** Quits: balrog (~balrog@pool-98-115-168-15.phlapa.fios.verizon.net) (Read error: Operation timed out)
[21:15:28] *** Joins: foghorn (~meh@107-198-163-1.lightspeed.rcsntx.sbcglobal.net)
[21:15:30] *** Joins: balrog (~balrog@pool-98-115-168-15.phlapa.fios.verizon.net)
[21:15:42] *** Quits: giglife (giglife@cpe244bfed15a98-cm688f2e1dc9d0.cpe.net.cable.rogers.com) (Read error: Operation timed out)
[21:15:46] *** Joins: giglife (giglife@cpe244bfed15a98-cm688f2e1dc9d0.cpe.net.cable.rogers.com)
[21:15:49] *** Joins: figgis_ (~figgis@93.123.144.171)
[21:16:35] *** Quits: awordnot (~awordnot@c-71-194-7-27.hsd1.il.comcast.net) (Read error: Connection reset by peer)
[21:17:34] *** Joins: awordnot (~awordnot@c-71-194-7-27.hsd1.il.comcast.net)
[21:20:39] *** Quits: foghorn2 (~meh@107-198-163-1.lightspeed.rcsntx.sbcglobal.net) (Read error: Operation timed out)
[21:22:31] *** Quits: fgsfds (~figgis@93.123.144.171) (Ping timeout: 622 seconds)
[21:44:36] *** Joins: derk0pf (~derk0pf@ip5b413570.dynamic.kabel-deutschland.de)
[21:54:50] *** Quits: derk0pf (~derk0pf@ip5b413570.dynamic.kabel-deutschland.de) (Read error: Operation timed out)
[22:43:33] *** Quits: foghorn (~meh@107-198-163-1.lightspeed.rcsntx.sbcglobal.net) (Quit: Leaving)
[22:56:26] *** Joins: foghorn (~meh@2600:1700:8af0:a950:99cf:43c0:95ff:52fc)
