[00:49:32] *** Joins rajkosto
[01:26:51] *** Quits giglife (Read error: Connection reset by peer)
[01:27:09] *** Joins giglife
[06:16:45] *** Quits rajkosto (Read error: Connection reset by peer)
[07:12:38] *** Joins changoXPR
[07:21:39] *** Quits foghorn (se.hub efnet.deic.eu)
[07:21:39] *** Quits changO- (se.hub efnet.deic.eu)
[07:21:39] *** Quits thejsa_ (se.hub efnet.deic.eu)
[07:24:24] *** Quits figgis_ (Quit: Leaving)
[10:21:27] *** Quits awordnot (Read error: Connection reset by peer)
[10:23:50] *** Joins |Shadow|_
[10:26:16] *** Quits |Shadow| (Read error: Operation timed out)
[10:29:18] *** |Shadow|_ is now known as |Shadow|
[12:12:16] *** Joins X-Scale`
[12:14:09] *** Quits X-Scale (Ping timeout: 255 seconds)
[12:14:09] *** X-Scale` is now known as X-Scale
[12:32:40] *** Quits KuKzz ()
[13:05:32] *** Joins KuKzz
[13:35:25] *** Quits des^ (Ping timeout: 272 seconds)
[13:42:18] *** Joins des^
[13:48:43] *** Quits des^ (Ping timeout: 272 seconds)
[14:15:22] *** Joins fgsfds
[19:10:10] *** Joins foghorn
[22:16:58] *** Joins rajkosto
[22:50:13] *** Quits TuxSH (Read error: Connection reset by peer)
