[00:29:00] *** Joins: dibas_ (~dibas@wild.uberspace.de)
[00:29:00] *** Quits: dibas (~dibas@wild.uberspace.de) (Read error: Connection reset by peer)
[00:29:03] *** dibas_ is now known as dibas
[02:43:48] *** Quits: derrek (~derrek@hyrrokkin.uberspace.de) (Quit: This should have not happened.)
[02:46:07] *** Joins: derrek (~derrek@hyrrokkin.uberspace.de)
[02:49:13] *** Quits: dibas (~dibas@wild.uberspace.de) (Read error: Connection reset by peer)
[02:49:26] *** Joins: dibas (~dibas@wild.uberspace.de)
[03:46:18] <plutobot> Wiki | Page changed: Switch System Flaws | User: yls8 | https://switchbrew.org/w/index.php?curid=14&diff=10525&oldid=10471
[04:19:28] *** Joins: SCV___ (sid226262@2001:67c:2f08:3::3:73d6)
[04:30:08] *** Quits: SCV__ (sid226262@charlton.irccloud.com) (Ping timeout: 1230 seconds)
[04:30:08] *** SCV___ is now known as SCV__
[04:31:53] *** Quits: rjeli____ (sid289321@charlton.irccloud.com) (Ping timeout: 1230 seconds)
[04:40:49] *** Joins: rjeli____ (sid289321@charlton.irccloud.com)
[05:02:38] *** Quits: rjeli____ (sid289321@charlton.irccloud.com) (se.hub efnet.port80.se)
[05:02:38] *** Quits: SCV__ (sid226262@2001:67c:2f08:3::3:73d6) (se.hub efnet.port80.se)
[05:02:38] *** Quits: dibas (~dibas@wild.uberspace.de) (se.hub efnet.port80.se)
[05:02:38] *** Quits: derrek (~derrek@hyrrokkin.uberspace.de) (se.hub efnet.port80.se)
[05:02:38] *** Quits: lameboy (~lameboy@202-47-121-182.cust.dcsi.net.au) (se.hub efnet.port80.se)
[05:02:38] *** Quits: Summeli (summeli@irc.summeli.com) (se.hub efnet.port80.se)
[05:02:38] *** Quits: rctgamer3 (~rctgamer3@185.66.251.249) (se.hub efnet.port80.se)
[05:02:38] *** Quits: mid-kid4 (~mid-kid@136-144-185-148.colo.transip.net) (se.hub efnet.port80.se)
[05:02:38] *** Quits: Normmatt (~Normmatt@cloud.normmatt.com) (se.hub efnet.port80.se)
[05:02:38] *** Quits: datagutt (~datagutt@mail.guac.live) (se.hub efnet.port80.se)
[05:02:38] *** Quits: ave_ (~ave_@79.110.170.32) (se.hub efnet.port80.se)
[05:02:38] *** Quits: Phils3r (~Phil@phils3r.de) (se.hub efnet.port80.se)
[05:02:38] *** Quits: uyjulian (~uyjulian@69-110-38-205.lightspeed.lbcktx.sbcglobal.net) (se.hub efnet.port80.se)
[05:02:38] *** Quits: klock (~efklock@vps1.ksociety.net) (se.hub efnet.port80.se)
[05:02:38] *** Quits: TAL (~TAL@defiant.tlercher.de) (se.hub efnet.port80.se)
[05:02:38] *** Quits: mafcadio3 (~mafcadio@cpc158505-smal20-2-0-cust226.19-1.cable.virginm.net) (se.hub efnet.port80.se)
[05:02:38] *** Quits: Ghabry (~ghabry@datengurke.mastergk.de) (se.hub efnet.port80.se)
[05:02:38] *** Quits: hexkyz (~hexkyz@ec2-18-179-123-169.ap-northeast-1.compute.amazonaws.com) (se.hub efnet.port80.se)
[05:02:38] *** Quits: hordak (hordak@cautio.us) (se.hub efnet.port80.se)
[05:02:38] *** Quits: hthh_ (~hthh@hh.ht) (se.hub efnet.port80.se)
[05:02:38] *** Quits: gruetzko- (gruetzkopf@bnc.dont-follow.us) (se.hub efnet.port80.se)
[05:02:38] *** Quits: zini (~zini@88-113-154-53.elisa-laajakaista.fi) (se.hub efnet.port80.se)
[05:02:38] *** Quits: coriolis (~coriolis@ns398009.ip-192-95-24.net) (se.hub efnet.port80.se)
[05:10:25] *** Joins: rjeli____ (sid289321@2001:67c:2f08:3::4:6a29)
[05:10:25] *** Joins: SCV__ (sid226262@2001:67c:2f08:3::3:73d6)
[05:10:25] *** Joins: dibas (~dibas@wild.uberspace.de)
[05:10:25] *** Joins: derrek (~derrek@hyrrokkin.uberspace.de)
[05:10:25] *** Joins: lameboy (~lameboy@202-47-121-182.cust.dcsi.net.au)
[05:10:25] *** Joins: Summeli (summeli@irc.summeli.com)
[05:10:25] *** Joins: rctgamer3 (~rctgamer3@185.66.251.249)
[05:10:25] *** Joins: mid-kid4 (~mid-kid@136-144-185-148.colo.transip.net)
[05:10:25] *** Joins: Normmatt (~Normmatt@cloud.normmatt.com)
[05:10:25] *** Joins: datagutt (~datagutt@mail.guac.live)
[05:10:25] *** Joins: ave_ (~ave_@79.110.170.32)
[05:10:25] *** Joins: Phils3r (~Phil@phils3r.de)
[05:10:26] *** Joins: uyjulian (~uyjulian@69-110-38-205.lightspeed.lbcktx.sbcglobal.net)
[05:10:26] *** Joins: klock (~efklock@vps1.ksociety.net)
[05:10:26] *** Joins: TAL (~TAL@defiant.tlercher.de)
[05:10:26] *** Joins: mafcadio3 (~mafcadio@cpc158505-smal20-2-0-cust226.19-1.cable.virginm.net)
[05:10:26] *** Joins: Ghabry (~ghabry@datengurke.mastergk.de)
[05:10:26] *** Joins: hexkyz (~hexkyz@ec2-18-179-123-169.ap-northeast-1.compute.amazonaws.com)
[05:10:26] *** Joins: hordak (hordak@cautio.us)
[05:10:26] *** Joins: hthh_ (~hthh@hh.ht)
[05:10:26] *** Joins: gruetzko- (gruetzkopf@bnc.dont-follow.us)
[05:10:26] *** Joins: zini (~zini@88-113-154-53.elisa-laajakaista.fi)
[05:10:26] *** Joins: coriolis (~coriolis@ns398009.ip-192-95-24.net)
[05:24:44] *** Quits: gruetzko- (gruetzkopf@bnc.dont-follow.us) (Read error: Connection reset by peer)
[05:26:13] *** Joins: gruetzkop (gruetzkopf@bnc.dont-follow.us)
[05:29:44] *** Quits: gruetzkop (gruetzkopf@bnc.dont-follow.us) (se.hub efnet.port80.se)
[05:29:44] *** Quits: rjeli____ (sid289321@2001:67c:2f08:3::4:6a29) (se.hub efnet.port80.se)
[05:29:44] *** Quits: SCV__ (sid226262@2001:67c:2f08:3::3:73d6) (se.hub efnet.port80.se)
[05:29:44] *** Quits: dibas (~dibas@wild.uberspace.de) (se.hub efnet.port80.se)
[05:29:44] *** Quits: derrek (~derrek@hyrrokkin.uberspace.de) (se.hub efnet.port80.se)
[05:29:44] *** Quits: lameboy (~lameboy@202-47-121-182.cust.dcsi.net.au) (se.hub efnet.port80.se)
[05:29:44] *** Quits: Summeli (summeli@irc.summeli.com) (se.hub efnet.port80.se)
[05:29:44] *** Quits: rctgamer3 (~rctgamer3@185.66.251.249) (se.hub efnet.port80.se)
[05:29:44] *** Quits: mid-kid4 (~mid-kid@136-144-185-148.colo.transip.net) (se.hub efnet.port80.se)
[05:29:44] *** Quits: Normmatt (~Normmatt@cloud.normmatt.com) (se.hub efnet.port80.se)
[05:29:44] *** Quits: datagutt (~datagutt@mail.guac.live) (se.hub efnet.port80.se)
[05:29:44] *** Quits: ave_ (~ave_@79.110.170.32) (se.hub efnet.port80.se)
[05:29:44] *** Quits: Phils3r (~Phil@phils3r.de) (se.hub efnet.port80.se)
[05:29:44] *** Quits: uyjulian (~uyjulian@69-110-38-205.lightspeed.lbcktx.sbcglobal.net) (se.hub efnet.port80.se)
[05:29:44] *** Quits: klock (~efklock@vps1.ksociety.net) (se.hub efnet.port80.se)
[05:29:44] *** Quits: TAL (~TAL@defiant.tlercher.de) (se.hub efnet.port80.se)
[05:29:44] *** Quits: mafcadio3 (~mafcadio@cpc158505-smal20-2-0-cust226.19-1.cable.virginm.net) (se.hub efnet.port80.se)
[05:29:44] *** Quits: Ghabry (~ghabry@datengurke.mastergk.de) (se.hub efnet.port80.se)
[05:29:44] *** Quits: hexkyz (~hexkyz@ec2-18-179-123-169.ap-northeast-1.compute.amazonaws.com) (se.hub efnet.port80.se)
[05:29:44] *** Quits: hordak (hordak@cautio.us) (se.hub efnet.port80.se)
[05:29:44] *** Quits: hthh_ (~hthh@hh.ht) (se.hub efnet.port80.se)
[05:29:44] *** Quits: zini (~zini@88-113-154-53.elisa-laajakaista.fi) (se.hub efnet.port80.se)
[05:29:44] *** Quits: coriolis (~coriolis@ns398009.ip-192-95-24.net) (se.hub efnet.port80.se)
[05:40:19] *** Joins: gruetzkop (gruetzkopf@bnc.dont-follow.us)
[05:40:19] *** Joins: rjeli____ (sid289321@2001:67c:2f08:3::4:6a29)
[05:40:19] *** Joins: SCV__ (sid226262@2001:67c:2f08:3::3:73d6)
[05:40:19] *** Joins: dibas (~dibas@wild.uberspace.de)
[05:40:19] *** Joins: derrek (~derrek@hyrrokkin.uberspace.de)
[05:40:19] *** Joins: lameboy (~lameboy@202-47-121-182.cust.dcsi.net.au)
[05:40:19] *** Joins: Summeli (summeli@irc.summeli.com)
[05:40:19] *** Joins: rctgamer3 (~rctgamer3@185.66.251.249)
[05:40:19] *** Joins: mid-kid4 (~mid-kid@136-144-185-148.colo.transip.net)
[05:40:19] *** Joins: Normmatt (~Normmatt@cloud.normmatt.com)
[05:40:19] *** Joins: datagutt (~datagutt@mail.guac.live)
[05:40:19] *** Joins: ave_ (~ave_@79.110.170.32)
[05:40:19] *** Joins: Phils3r (~Phil@phils3r.de)
[05:40:19] *** Joins: uyjulian (~uyjulian@69-110-38-205.lightspeed.lbcktx.sbcglobal.net)
[05:40:19] *** Joins: klock (~efklock@vps1.ksociety.net)
[05:40:19] *** Joins: TAL (~TAL@defiant.tlercher.de)
[05:40:19] *** Joins: mafcadio3 (~mafcadio@cpc158505-smal20-2-0-cust226.19-1.cable.virginm.net)
[05:40:19] *** Joins: Ghabry (~ghabry@datengurke.mastergk.de)
[05:40:19] *** Joins: hexkyz (~hexkyz@ec2-18-179-123-169.ap-northeast-1.compute.amazonaws.com)
[05:40:19] *** Joins: hordak (hordak@cautio.us)
[05:40:19] *** Joins: hthh_ (~hthh@hh.ht)
[05:40:19] *** Joins: zini (~zini@88-113-154-53.elisa-laajakaista.fi)
[05:40:19] *** Joins: coriolis (~coriolis@ns398009.ip-192-95-24.net)
[05:46:33] *** Quits: SCV__ (sid226262@2001:67c:2f08:3::3:73d6) (Ping timeout: 1230 seconds)
[05:52:33] *** Joins: SCV__ (sid226262@2001:67c:2f08:3::3:73d6)
[06:19:24] *** Quits: balrog (~balrog@pool-98-115-168-15.phlapa.fios.verizon.net) (Ping timeout: 501 seconds)
[06:21:58] *** Quits: rmaw (~rmaw@163.172.57.156) (Read error: Operation timed out)
[06:22:53] *** Quits: Mimoja (~Mimoja@mail.mimoja.de) (Quit: Ping timeout (120 seconds))
[06:24:56] *** Joins: rmaw (~rmaw@163.172.57.156)
[06:25:26] *** Quits: Pieman (sid188464@brockwell.irccloud.com) (Ping timeout: 272 seconds)
[06:25:27] *** Quits: nohit (sid334887@id-334887.ealing.irccloud.com) (Ping timeout: 272 seconds)
[06:25:27] *** Joins: nohit (sid334887@2001:67c:2f08:2::5:1c27)
[06:25:27] *** Joins: Pieman (sid188464@brockwell.irccloud.com)
[06:25:27] *** Joins: Mimoja (~Mimoja@mail.mimoja.de)
[06:32:47] *** Joins: balrog (~balrog@pool-98-115-168-15.phlapa.fios.verizon.net)
[06:38:15] *** Quits: flagrama (flagrama@stonehaven.irccloud.com) (Ping timeout: 272 seconds)
[06:38:19] *** Joins: flagrama (flagrama@2001:67c:2f08:8::2:38d5)
[07:08:48] *** Quits: rjeli____ (sid289321@2001:67c:2f08:3::4:6a29) (Ping timeout: 1230 seconds)
[07:09:01] *** Joins: rjeli____ (sid289321@2001:67c:2f08:3::4:6a29)
[07:27:28] *** Quits: SCV__ (sid226262@2001:67c:2f08:3::3:73d6) (Ping timeout: 1230 seconds)
[07:27:41] *** Joins: SCV__ (sid226262@2001:67c:2f08:3::3:73d6)
[07:54:50] *** Quits: fgsfds (~figgis@93.123.144.171) (Read error: Connection reset by peer)
[09:25:53] *** Quits: rjeli____ (sid289321@2001:67c:2f08:3::4:6a29) (Ping timeout: 1230 seconds)
[09:26:09] *** Joins: rjeli____ (sid289321@2001:67c:2f08:3::4:6a29)
[09:29:09] *** Quits: rajkosto (~rajkosto@cable-178-149-125-126.dynamic.sbb.rs) (Read error: Connection reset by peer)
[10:35:18] *** Quits: SCV__ (sid226262@2001:67c:2f08:3::3:73d6) (Ping timeout: 1230 seconds)
[10:35:31] *** Joins: SCV__ (sid226262@2001:67c:2f08:3::3:73d6)
[10:45:00] *** Joins: dibas_ (~dibas@wild.uberspace.de)
[10:45:00] *** Quits: dibas (~dibas@wild.uberspace.de) (Read error: Connection reset by peer)
[10:45:04] *** dibas_ is now known as dibas
[11:22:44] *** Joins: fgsfds (~figgis@93.123.144.171)
[13:17:28] *** Quits: rjeli____ (sid289321@2001:67c:2f08:3::4:6a29) (Ping timeout: 1230 seconds)
[13:17:41] *** Joins: rjeli____ (sid289321@2001:67c:2f08:3::4:6a29)
[14:06:28] *** Quits: SCV__ (sid226262@2001:67c:2f08:3::3:73d6) (Ping timeout: 1230 seconds)
[14:06:41] *** Joins: SCV__ (sid226262@2001:67c:2f08:3::3:73d6)
[17:23:45] *** Quits: thomasnet (~thomasnet@133.27.216.185.static.reverse.proxgroup.fr) (Read error: Operation timed out)
[17:24:41] *** Quits: Genolo (~fear@151.236.216.141) (Read error: Operation timed out)
[17:25:04] *** Quits: lex1 (lex@yuuh.pw) (Read error: Operation timed out)
[17:26:12] *** Joins: Genolo (~fear@151.236.216.141)
[17:26:12] *** Joins: thomasnet (~thomasnet@133.27.216.185.static.reverse.proxgroup.fr)
[17:27:53] *** Joins: lex1 (lex@yuuh.pw)
[19:15:03] *** Quits: SCV__ (sid226262@2001:67c:2f08:3::3:73d6) (Ping timeout: 1230 seconds)
[19:15:16] *** Joins: SCV__ (sid226262@2001:67c:2f08:3::3:73d6)
[19:39:41] *** Quits: thomasnet (~thomasnet@133.27.216.185.static.reverse.proxgroup.fr) (Read error: Operation timed out)
[19:40:36] *** Quits: Genolo (~fear@151.236.216.141) (Read error: Operation timed out)
[19:41:01] *** Quits: rmaw (~rmaw@163.172.57.156) (Read error: Operation timed out)
[19:41:33] *** Joins: rmaw (~rmaw@163.172.57.156)
[19:41:48] *** Joins: thomasnet (~thomasnet@133.27.216.185.static.reverse.proxgroup.fr)
[19:42:53] *** Joins: Genolo (~fear@2a01:7e00::f03c:91ff:fe93:8d42)
[20:36:06] *** Joins: Tcm0 (~Tcm0@p5dc4554a.dip0.t-ipconnect.de)
[20:51:33] *** Quits: rjeli____ (sid289321@2001:67c:2f08:3::4:6a29) (Read error: Connection timed out)
[21:01:46] *** Joins: rjeli____ (sid289321@2001:67c:2f08:3::4:6a29)
[21:53:43] *** Quits: SCV__ (sid226262@2001:67c:2f08:3::3:73d6) (Ping timeout: 1230 seconds)
[21:53:56] *** Joins: SCV__ (sid226262@2001:67c:2f08:3::3:73d6)
