[00:56:21] *** Quits: Tcm0 (~Tcm0@p4fde7f1b.dip0.t-ipconnect.de) (Leaving)
[02:32:13] *** Joins: miigotu (~miigotu@custip-162-217-53-192.esvabroadband.net)
[02:44:24] *** Quits: miigotu (~miigotu@custip-162-217-53-192.esvabroadband.net) (Read error: Operation timed out)
[03:08:35] *** Joins: changO- (~Changolan@ip70-187-147-196.oc.oc.cox.net)
[03:10:20] *** Quits: changoXPR (~Changolan@ip70-187-147-196.oc.oc.cox.net) (Read error: Operation timed out)
[03:24:38] *** Joins: miigotu (~miigotu@custip-162-217-53-192.esvabroadband.net)
[03:50:19] *** Quits: Surkow (~Surkow@84-104-14-64.cable.dynamic.v4.ziggo.nl) (Quit: 418 I'm a teapot - NOP NOP NOP)
[03:58:37] *** Joins: Surkow (~Surkow@84-104-14-64.cable.dynamic.v4.ziggo.nl)
[04:54:12] *** Quits: fgsfds (~figgis@93.123.144.171) (Read error: Connection reset by peer)
[05:06:20] *** Quits: averne (~averne@2001:861:5102:3290:9952:d870:185e:c44c) (quit)
[05:08:37] *** Joins: averne (~averne@2001:861:5102:3290:9952:d870:185e:c44c)
[05:08:37] *** Server sets mode: +stn 
[05:10:51] *** Quits: lex1 (lex@yuuh.pw) (Read error: Operation timed out)
[05:13:27] *** Quits: blasty (~blasty@haxx.in) (Read error: Operation timed out)
[05:13:49] *** Quits: noirscape (~noirscape@catgirlsin.space) (Read error: Operation timed out)
[05:13:51] *** Quits: Genolo (~fear@2a01:7e00::f03c:91ff:fe93:8d42) (Write error: Broken pipe)
[05:14:02] *** Joins: Genolo (~fear@2a01:7e00::f03c:91ff:fe93:8d42)
[05:14:46] *** Quits: Snetry (~sentry@dslb-094-220-214-245.094.220.pools.vodafone-ip.de) (Read error: Operation timed out)
[05:15:52] *** Quits: phigcloud (uid13896@id-13896.tooting.irccloud.com) (Read error: Operation timed out)
[05:16:16] *** Quits: d3m3vilur (sid4654@id-4654.charlton.irccloud.com) (Read error: Operation timed out)
[05:19:09] *** Joins: noirscape (~noirscape@catgirlsin.space)
[05:19:15] *** Joins: phigcloud (uid13896@tooting.irccloud.com)
[05:19:22] *** Joins: d3m3vilur (sid4654@charlton.irccloud.com)
[05:19:39] *** Joins: lex1 (lex@yuuh.pw)
[05:20:46] *** Joins: blasty (~blasty@haxx.in)
[05:22:57] *** Joins: Snetry (~sentry@dslb-094-220-214-245.094.220.pools.vodafone-ip.de)
[07:11:38] *** Quits: mukunda (~mukunda@107.126.99.2) (Ping timeout: 604 seconds)
[07:14:51] *** Joins: rajkosto (~rajkosto@cable-178-149-125-126.dynamic.sbb.rs)
[08:20:12] *** Quits: mtheall_ (~mtheall@mtheall.com) (Ping timeout: 265 seconds)
[08:20:50] *** Joins: rajko (~rajkosto@cable-178-149-125-126.dynamic.sbb.rs)
[08:22:20] *** Quits: Surkow (~Surkow@84-104-14-64.cable.dynamic.v4.ziggo.nl) (Ping timeout: 265 seconds)
[08:22:20] *** Quits: rajkosto (~rajkosto@cable-178-149-125-126.dynamic.sbb.rs) (Ping timeout: 265 seconds)
[08:22:20] *** Quits: GerbilSof (~GerbilSof@pool-108-24-152-152.cmdnnj.fios.verizon.net) (Ping timeout: 265 seconds)
[08:22:22] *** Quits: SCV__ (sid226262@charlton.irccloud.com) (Read error: Connection reset by peer)
[08:22:22] *** Quits: rjeli____ (sid289321@charlton.irccloud.com) (Read error: Connection reset by peer)
[08:22:39] *** Joins: GerbilSof (~GerbilSof@pool-108-24-152-152.cmdnnj.fios.verizon.net)
[08:23:26] *** Quits: lameboy (~lameboy@202-47-121-182.cust.dcsi.net.au) (hub.efnet.us irc.Prison.NET)
[08:23:26] *** Quits: CCFL_Man (80446b1933@c-73-64-119-64.hsd1.pa.comcast.net) (hub.efnet.us irc.Prison.NET)
[08:23:26] *** Quits: oldtopman (~oldtopman@97-118-72-128.hlrn.qwest.net) (hub.efnet.us irc.Prison.NET)
[08:23:26] *** Quits: eggster (~eggster@irchighway.eggy.cc) (hub.efnet.us irc.Prison.NET)
[08:24:22] *** Joins: foghorn2 (~meh@2600:1700:8af0:a950:20b1:e75f:446f:cf82)
[08:24:48] *** Joins: bitrot (~rajkosto@cable-178-149-125-126.dynamic.sbb.rs)
[08:25:03] *** Joins: mtheall (~mtheall@mtheall.com)
[08:26:30] *** Joins: Surkow (~Surkow@84-104-14-64.cable.dynamic.v4.ziggo.nl)
[08:27:11] *** Joins: CCFL_Man (80446b1933@c-73-64-119-64.hsd1.pa.comcast.net)
[08:27:11] *** Joins: oldtopman (~oldtopman@97-118-72-128.hlrn.qwest.net)
[08:27:11] *** Joins: eggster (~eggster@irchighway.eggy.cc)
[08:27:11] *** Quits: oldtopman (~oldtopman@97-118-72-128.hlrn.qwest.net) (Excess Flood)
[08:27:13] *** Joins: lameboy2 (~lameboy@202-47-121-182.cust.dcsi.net.au)
[08:27:33] *** Joins: oldtopman (~oldtopman@97-118-72-128.hlrn.qwest.net)
[08:29:46] *** Quits: rajko (~rajkosto@cable-178-149-125-126.dynamic.sbb.rs) (Read error: Operation timed out)
[08:30:42] *** Quits: foghorn (~meh@2600:1700:8af0:a950:e4e6:85ba:ec2e:5b23) (Read error: Operation timed out)
[08:38:12] *** Quits: miigotu (~miigotu@custip-162-217-53-192.esvabroadband.net) (Remote host closed the connection)
[08:38:38] *** lameboy2 is now known as lameboy
[08:47:22] *** Joins: foghorn3 (~meh@2600:1700:8af0:a950:20b1:e75f:446f:cf82)
[08:53:17] *** Joins: rajko (~rajkosto@cable-178-149-125-126.dynamic.sbb.rs)
[08:53:30] *** Joins: rjeli____ (sid289321@charlton.irccloud.com)
[08:53:50] *** Quits: foghorn2 (~meh@2600:1700:8af0:a950:20b1:e75f:446f:cf82) (Read error: Operation timed out)
[08:57:36] *** Quits: bitrot (~rajkosto@cable-178-149-125-126.dynamic.sbb.rs) (Read error: Operation timed out)
[09:03:51] *** Quits: rjeli____ (sid289321@charlton.irccloud.com) (Read error: Connection reset by peer)
[09:07:55] *** Joins: rjeli____ (sid289321@charlton.irccloud.com)
[09:08:58] *** Quits: rjeli____ (sid289321@charlton.irccloud.com) (Read error: Connection reset by peer)
[09:12:23] *** Joins: rjeli____ (sid289321@charlton.irccloud.com)
[09:14:26] *** Joins: SCV__ (sid226262@charlton.irccloud.com)
[09:38:29] *** Quits: rjeli____ (sid289321@charlton.irccloud.com) (Read error: Connection reset by peer)
[09:38:29] *** Quits: SCV__ (sid226262@charlton.irccloud.com) (Read error: Connection reset by peer)
[09:58:18] *** Joins: SCV__ (sid226262@charlton.irccloud.com)
[10:03:14] *** Joins: SCV___ (sid226262@charlton.irccloud.com)
[10:08:21] *** Joins: foghorn2 (~meh@2600:1700:8af0:a950:20b1:e75f:446f:cf82)
[10:08:22] *** Joins: rjeli____ (sid289321@charlton.irccloud.com)
[10:10:45] *** Quits: rjeli____ (sid289321@charlton.irccloud.com) (Read error: Connection reset by peer)
[10:10:45] *** Quits: SCV___ (sid226262@charlton.irccloud.com) (Read error: Connection reset by peer)
[10:14:12] *** Joins: foghorn (~meh@107-198-163-1.lightspeed.rcsntx.sbcglobal.net)
[10:14:49] *** Quits: foghorn3 (~meh@2600:1700:8af0:a950:20b1:e75f:446f:cf82) (Read error: Operation timed out)
[10:16:36] *** Joins: rjeli____ (sid289321@charlton.irccloud.com)
[10:18:41] *** Joins: SCV___ (sid226262@charlton.irccloud.com)
[10:19:26] *** Quits: SCV__ (sid226262@charlton.irccloud.com) (Read error: Connection timed out)
[10:19:26] *** SCV___ is now known as SCV__
[10:20:27] *** Quits: foghorn2 (~meh@2600:1700:8af0:a950:20b1:e75f:446f:cf82) (Read error: Operation timed out)
[11:07:16] *** Joins: Tcm0 (~Tcm0@p5dc4593f.dip0.t-ipconnect.de)
[12:10:02] *** Joins: m4ts (~mats@s17612523596.blix.com)
[12:10:33] *** Quits: m4ts_ (~mats@s17612523596.blix.com) (Ping timeout: 265 seconds)
[12:38:45] *** Joins: derk0pf (~derk0pf@ip5b413570.dynamic.kabel-deutschland.de)
[12:51:25] *** Quits: Tcm0 (~Tcm0@p5dc4593f.dip0.t-ipconnect.de) (Remote host closed the connection)
[12:51:35] *** Joins: Tcm0 (~Tcm0@p5dc4593f.dip0.t-ipconnect.de)
[13:03:15] *** Joins: mukunda (~mukunda@107.126.99.2)
[13:50:25] *** Quits: mukunda (~mukunda@107.126.99.2) ()
[13:56:07] *** Quits: derk0pf (~derk0pf@ip5b413570.dynamic.kabel-deutschland.de) (Read error: Operation timed out)
[14:16:06] *** Joins: derk0pf (~derk0pf@ip5b413570.dynamic.kabel-deutschland.de)
[16:04:52] *** Joins: dibas_ (~dibas@wild.uberspace.de)
[16:04:53] *** Quits: dibas (~dibas@wild.uberspace.de) (Read error: Connection reset by peer)
[16:04:57] *** dibas_ is now known as dibas
[16:57:14] *** Quits: derk0pf (~derk0pf@ip5b413570.dynamic.kabel-deutschland.de) (Ping timeout: 501 seconds)
[17:05:00] *** Quits: rjeli____ (sid289321@charlton.irccloud.com) (Read error: Connection reset by peer)
[17:05:00] *** Quits: SCV__ (sid226262@charlton.irccloud.com) (Read error: Connection reset by peer)
[17:11:42] *** Joins: SCV__ (sid226262@charlton.irccloud.com)
[17:11:49] *** Joins: rjeli____ (sid289321@charlton.irccloud.com)
[17:17:33] *** Joins: derk0pf (~derk0pf@ip5b413570.dynamic.kabel-deutschland.de)
[17:17:36] *** Joins: fgsfds (~figgis@93.123.144.171)
[17:24:39] *** Joins: Summeli (summeli@irc.summeli.com)
[17:32:11] *** Quits: SCV__ (sid226262@charlton.irccloud.com) (Read error: Connection reset by peer)
[17:34:28] *** Quits: GerbilSof (~GerbilSof@pool-108-24-152-152.cmdnnj.fios.verizon.net) (Quit: Windows must now restart because the Remote Procedure Call (RPC) service terminated unexpectedly.)
[17:35:10] *** Quits: rajko (~rajkosto@cable-178-149-125-126.dynamic.sbb.rs) (Read error: Connection reset by peer)
[17:35:41] *** Joins: SCV__ (sid226262@2001:67c:2f08:3::3:73d6)
[17:38:03] *** Joins: GerbilSof (~GerbilSof@pool-108-24-152-152.cmdnnj.fios.verizon.net)
[18:50:33] *** Quits: rjeli____ (sid289321@charlton.irccloud.com) (Read error: Connection reset by peer)
[18:50:37] *** Joins: rjeli____ (sid289321@2001:67c:2f08:3::4:6a29)
[18:51:01] *** Quits: d3m3vilur (sid4654@charlton.irccloud.com) (Read error: Connection reset by peer)
[18:51:18] *** Joins: d3m3vilur (~sid4654@2001:67c:2f08:3::122e)
[20:11:23] <plutobot> Wiki | Page changed: Calibration | User: Hexkyz | https://switchbrew.org/w/index.php?curid=213&diff=10528&oldid=10403
[20:15:38] <plutobot> Wiki | Page changed: SMC | User: Hexkyz | https://switchbrew.org/w/index.php?curid=159&diff=10529&oldid=10370
[20:16:19] <plutobot> Wiki | Page changed: SMC | User: Hexkyz | https://switchbrew.org/w/index.php?curid=159&diff=10530&oldid=10529
[20:19:02] <plutobot> Wiki | Page changed: Bus services | User: Hexkyz | https://switchbrew.org/w/index.php?curid=152&diff=10531&oldid=10420
[20:24:31] <plutobot> Wiki | Page changed: Calibration | User: Hexkyz | https://switchbrew.org/w/index.php?curid=213&diff=10532&oldid=10528
[20:42:52] <plutobot> Wiki | Page changed: NV services | User: Hexkyz | https://switchbrew.org/w/index.php?curid=88&diff=10533&oldid=10419
[20:43:03] <plutobot> Wiki | Page changed: NV services | User: Hexkyz | https://switchbrew.org/w/index.php?curid=88&diff=10534&oldid=10533
[20:48:09] <plutobot> Wiki | Page changed: NV services | User: Hexkyz | https://switchbrew.org/w/index.php?curid=88&diff=10535&oldid=10534
[20:49:40] <plutobot> Wiki | Page changed: NV services | User: Hexkyz | https://switchbrew.org/w/index.php?curid=88&diff=10536&oldid=10535
[20:54:26] <plutobot> Wiki | Page changed: NV services | User: Hexkyz | https://switchbrew.org/w/index.php?curid=88&diff=10537&oldid=10536
