[00:17:33] *** Quits: fgsfds (Read error: Connection reset by peer)
[00:21:45] *** Joins: tertu2
[00:23:15] *** Quits: tertu (Read error: Operation timed out)
[00:23:15] *** tertu2 is now known as tertu
[01:57:09] *** Joins: mendel_mu
[01:57:15] *** Quits: mendelmun (Read error: Connection reset by peer)
[02:00:05] *** Quits: mendel_mu (Read error: Connection reset by peer)
[02:00:36] *** Joins: mendel_mu
[02:01:01] *** Quits: mendel_mu (Remote host closed the connection)
[02:02:05] *** Joins: mendel_mu
[02:14:44] *** Quits: averne (quit)
[02:17:29] *** Joins: averne_
[02:17:31] *** Server sets mode: +stn 
[02:22:15] *** Quits: mendel_mu (Read error: Operation timed out)
[02:22:19] *** Quits: averne (Ping timeout: 622 seconds)
[02:22:27] *** averne_ is now known as averne
[03:32:25] *** Quits: oreo639 (Ping timeout: 622 seconds)
[03:44:23] *** Joins: oreo639
[05:06:32] *** Quits: oreo639 (Read error: Operation timed out)
[05:48:14] *** Quits: Stary (Quit: ZNC - http://znc.in)
[06:08:43] *** Joins: Stary
[08:43:51] *** Joins: oreo639
[10:14:50] *** Joins: n87
[10:39:53] *** Quits: oreo639 (Ping timeout: 260 seconds)
[11:06:51] *** Joins: fgsfds
[12:01:07] *** Quits: lex1 (Read error: Operation timed out)
[12:01:29] *** Quits: balrog (Read error: Operation timed out)
[12:01:31] *** Quits: Shiz_ (Read error: Operation timed out)
[12:01:35] *** Joins: balrog
[12:04:36] *** Quits: averne (quit)
[12:06:54] *** Joins: averne
[12:06:54] *** Server sets mode: +stn 
[12:07:27] *** Quits: Snetry (Read error: Connection refused)
[12:07:27] *** sentry is now known as Snetry
[13:01:54] *** Joins: tertu2
[13:03:21] *** Quits: tertu (Read error: Operation timed out)
[13:03:22] *** tertu2 is now known as tertu
[18:11:08] *** Joins: refs
[20:19:42] *** Quits: n87 (Read error: Connection reset by peer)
