[00:53:17] *** Joins: refs
[02:50:29] *** Quits: refs (Quit: refs)
[03:16:28] *** Quits: balrog (Ping timeout: 240 seconds)
[03:16:34] *** Joins: balrog
[04:04:07] *** Quits: oreo639 (Remote host closed the connection)
[04:05:04] *** Joins: oreo639
[05:19:43] *** Quits: averne (quit)
[05:19:59] *** Joins: averne_
[05:19:59] *** Server sets mode: +stn 
[05:21:39] *** Quits: pantsman0 (Read error: Operation timed out)
[05:24:12] *** Joins: pantsman0
[05:25:28] *** Quits: Snetry (Read error: Operation timed out)
[05:25:33] *** Quits: Genolo (Read error: Operation timed out)
[05:27:40] *** Joins: Genolo
[05:27:55] *** Joins: balrog_
[05:29:54] *** Quits: averne (Read error: Operation timed out)
[05:29:54] *** averne_ is now known as averne
[05:32:20] *** Quits: Maylay (Ping timeout: 857 seconds)
[05:33:06] *** Quits: pantsman0 (Ping timeout: 493 seconds)
[05:33:27] *** Quits: lex1 (Read error: Operation timed out)
[05:36:37] *** Joins: Maylay
[05:37:40] *** Quits: balrog (Read error: Operation timed out)
[05:37:40] *** balrog_ is now known as balrog
[05:38:12] *** Joins: pantsman0
[05:39:41] *** Joins: Retr0id4
[05:40:12] *** Quits: Retr0id (Read error: Connection reset by peer)
[05:40:12] *** Retr0id4 is now known as Retr0id
[05:40:28] *** Joins: Snetry
[05:42:45] *** Joins: lex1
[05:53:41] *** Quits: Ghabry (Ping timeout: 260 seconds)
[05:53:52] *** Joins: Ghabry
[05:54:09] *** Quits: eggy (Ping timeout: 260 seconds)
[05:54:26] *** Joins: eggster
[05:56:01] *** Quits: Behemoth (Ping timeout: 260 seconds)
[05:56:56] *** Joins: Behemoth
[06:01:49] *** Quits: mimoja657 (Read error: Connection reset by peer)
[06:06:45] *** Quits: mtheall_ (Ping timeout: 260 seconds)
[06:06:46] *** Joins: mtheall
[06:07:13] *** Quits: flagrama_ (Ping timeout: 260 seconds)
[06:32:53] *** Quits: omlet05_ (Ping timeout: 260 seconds)
[06:38:04] *** Joins: omlet05
[06:39:24] *** Quits: yls8bot (Read error: Operation timed out)
[06:39:33] *** Quits: tertu (Read error: Operation timed out)
[06:39:37] *** Joins: yls8bot
[06:39:43] *** Quits: ihaveamac (Read error: Operation timed out)
[06:39:57] *** Joins: ihaveamac
[06:40:06] *** Joins: uyjulian_
[06:40:58] *** Quits: tpw_rules (Read error: Operation timed out)
[06:41:13] *** Quits: uyjulian (Read error: Operation timed out)
[06:41:13] *** uyjulian_ is now known as uyjulian
[06:42:50] *** Quits: |Shadow| (Read error: Operation timed out)
[06:44:01] *** Quits: hexkyz (Read error: Operation timed out)
[06:45:12] *** Joins: tpw_rules
[06:47:05] *** Joins: |Shadow|
[06:49:48] *** Joins: hexkyz
[06:51:13] *** Joins: tertu
[06:52:04] *** Quits: oreo639 (Ping timeout: 240 seconds)
[06:55:17] *** Quits: plutobot (Ping timeout: 260 seconds)
[06:55:30] *** Joins: plutobot
[06:59:46] *** Quits: tpw_rules (Read error: Operation timed out)
[07:00:03] *** Joins: tpw_rules
[07:03:58] *** Quits: plutobot (Ping timeout: 483 seconds)
[07:03:58] *** Quits: GerbilSof (Ping timeout: 483 seconds)
[07:04:01] *** Joins: plutobot
[07:07:06] *** Joins: GerbilSof
[07:17:12] *** Joins: oreo639
[09:36:36] *** Joins: fgsfds
[09:52:13] *** Quits: tertu (Read error: Operation timed out)
[09:52:14] *** Quits: ihaveamac (ircd.choopa.net hub.efnet.us)
[09:52:14] *** Quits: yls8bot (ircd.choopa.net hub.efnet.us)
[09:52:14] *** Quits: Lightswor (ircd.choopa.net hub.efnet.us)
[09:52:14] *** Quits: klockee (ircd.choopa.net hub.efnet.us)
[09:52:14] *** Quits: Cu3PO42 (ircd.choopa.net hub.efnet.us)
[09:52:14] *** Quits: Surkow (ircd.choopa.net hub.efnet.us)
[09:52:14] *** Quits: yellows8 (ircd.choopa.net hub.efnet.us)
[09:52:15] *** Quits: mtheall (ircd.choopa.net hub.efnet.us)
[09:52:15] *** Quits: Behemoth (ircd.choopa.net hub.efnet.us)
[09:52:15] *** Quits: GeekShad1 (ircd.choopa.net hub.efnet.us)
[09:52:15] *** Quits: CCFL_Man (ircd.choopa.net hub.efnet.us)
[09:52:15] *** Quits: GrecKo (ircd.choopa.net hub.efnet.us)
[09:52:15] *** Quits: substanc3 (ircd.choopa.net hub.efnet.us)
[09:52:15] *** Joins: tertu
[09:55:23] *** Joins: |Shadow|_
[09:55:49] *** Quits: |Shadow| (Read error: Operation timed out)
[10:07:33] *** Quits: |Shadow|_ ()
[10:07:57] *** Joins: |Shadow|
[10:57:45] *** Quits: oreo639 (Read error: Operation timed out)
[11:10:15] *** Joins: ihaveamac
[11:10:15] *** Joins: yls8bot
[11:10:15] *** Joins: mtheall
[11:10:15] *** Joins: Behemoth
[11:10:15] *** Joins: substanc3
[11:10:15] *** Joins: GeekShad1
[11:10:15] *** Joins: Lightswor
[11:10:15] *** Joins: klockee
[11:10:15] *** Joins: CCFL_Man
[11:10:15] *** Joins: yellows8
[11:10:15] *** Joins: Surkow
[11:10:15] *** Joins: Cu3PO42
[11:10:15] *** Joins: GrecKo
[11:12:56] *** Joins: oreo639
[12:02:47] *** Quits: |Shadow| ()
[12:03:11] *** Joins: |Shadow|
[12:28:51] *** Quits: oreo639 (Read error: Operation timed out)
[12:39:25] *** Quits: Cu3PO42 (Ping timeout: 390 seconds)
[13:51:40] *** Quits: GerbilSof (Ping timeout: 240 seconds)
[14:18:03] *** Quits: plutobot (Read error: Operation timed out)
[14:18:37] *** Joins: plutobot
[14:44:24] *** Quits: ihaveamac (se.hub ircd.choopa.net)
[14:44:24] *** Quits: yls8bot (se.hub ircd.choopa.net)
[14:44:25] *** Quits: Lightswor (se.hub ircd.choopa.net)
[14:44:25] *** Quits: klockee (se.hub ircd.choopa.net)
[14:44:25] *** Quits: Surkow (se.hub ircd.choopa.net)
[14:44:25] *** Quits: yellows8 (se.hub ircd.choopa.net)
[14:44:25] *** Quits: mtheall (se.hub ircd.choopa.net)
[14:44:25] *** Quits: Behemoth (se.hub ircd.choopa.net)
[14:44:25] *** Quits: GeekShad1 (se.hub ircd.choopa.net)
[14:44:25] *** Quits: CCFL_Man (se.hub ircd.choopa.net)
[14:44:25] *** Quits: GrecKo (se.hub ircd.choopa.net)
[14:44:25] *** Quits: substanc3 (se.hub ircd.choopa.net)
[14:44:26] *** Quits: |Shadow| (se.hub ircd.choopa.net)
[14:44:26] *** Quits: tertu (se.hub ircd.choopa.net)
[14:44:26] *** Quits: tpw_rules (se.hub ircd.choopa.net)
[14:44:26] *** Quits: hexkyz (se.hub ircd.choopa.net)
[15:33:25] *** Joins: |Shadow|
[15:33:25] *** Joins: hexkyz
[15:33:25] *** Joins: tpw_rules
[15:33:25] *** Joins: tertu
[15:33:25] *** Joins: ihaveamac
[15:33:25] *** Joins: yls8bot
[15:33:25] *** Joins: mtheall
[15:33:25] *** Joins: Behemoth
[15:33:25] *** Joins: substanc3
[15:33:25] *** Joins: GeekShad1
[15:33:25] *** Joins: Lightswor
[15:33:25] *** Joins: klockee
[15:33:25] *** Joins: CCFL_Man
[15:33:25] *** Joins: yellows8
[15:33:25] *** Joins: Surkow
[15:33:25] *** Joins: GrecKo
[18:32:08] *** Joins: n87
[20:25:24] *** Joins: GerbilSof
[21:51:09] *** Quits: n87 (hub.efnet.us ircd.choopa.net)
[21:51:09] *** Quits: |Shadow| (hub.efnet.us ircd.choopa.net)
[21:51:09] *** Quits: tertu (hub.efnet.us ircd.choopa.net)
[21:51:09] *** Quits: tpw_rules (hub.efnet.us ircd.choopa.net)
[21:51:09] *** Quits: hexkyz (hub.efnet.us ircd.choopa.net)
[21:52:48] *** Joins: n87
[21:52:48] *** Joins: |Shadow|
[21:52:48] *** Joins: tpw_rules
[21:52:48] *** Joins: hexkyz
[21:52:48] *** Joins: tertu
[21:53:05] *** Joins: n87_2
[21:56:44] *** Quits: |Shadow| (Read error: Operation timed out)
[21:56:45] *** Joins: |Shadow|_
[21:58:07] *** Quits: n87 (Read error: Operation timed out)
[22:43:26] *** Quits: n87_2 (Read error: Connection reset by peer)
