[00:41:13] *** Joins: oreo639
[02:46:13] *** Joins: sentry
[02:46:13] *** Quits: Snetry (Read error: Connection reset by peer)
[02:46:23] *** sentry is now known as Snetry
[02:52:23] *** Joins: refs
[03:20:32] *** Quits: fgsfds (Read error: Connection reset by peer)
[04:41:08] *** Quits: refs (Quit: refs)
[06:05:10] *** |Shadow|_ is now known as |Shadow|
[09:30:28] *** Quits: oreo639 (Ping timeout: 240 seconds)
[09:33:45] *** Joins: oreo639
[09:49:00] *** Quits: averne (quit)
[09:49:17] *** Joins: averne_
[09:49:17] *** Server sets mode: +stn 
[09:50:21] *** Joins: pantsman0
[09:50:54] *** Quits: eggster (Excess Flood)
[09:53:31] *** Quits: nohit__ (Ping timeout: 612 seconds)
[09:53:34] *** Quits: averne (Write error: Broken pipe)
[09:53:34] *** averne_ is now known as averne
[09:56:07] *** Quits: phigcloud (Ping timeout: 625 seconds)
[09:57:39] *** Joins: phigcloud
[09:59:03] *** Joins: eggster
[09:59:19] *** Quits: pantsman0 (Ping timeout: 493 seconds)
[09:59:23] *** Joins: pantsman0
[10:02:16] *** Joins: nohit__
[10:58:28] *** Quits: Shiz_ (Ping timeout: 240 seconds)
[10:58:52] *** Quits: balrog (Ping timeout: 240 seconds)
[10:58:53] *** Quits: oldtopman (Ping timeout: 240 seconds)
[10:59:08] *** Joins: balrog
[10:59:20] *** Joins: oldtopman
[11:00:43] *** Joins: Shiz_
[11:01:17] *** Quits: phigcloud (Ping timeout: 240 seconds)
[11:02:04] *** Quits: plutobot (Ping timeout: 240 seconds)
[11:02:06] *** Joins: plutobot
[11:04:50] *** Joins: phigcloud
[11:48:57] *** Quits: oreo639 (Ping timeout: 622 seconds)
[12:34:49] *** Joins: fgsfds
[16:59:13] *** Quits: ris2z (Quit: ZNC 1.8.2+deb3.1 - https://znc.in)
[17:00:34] *** Joins: ris2z
[18:08:48] *** Joins: refs
[22:53:18] *** Quits: ris2z (Quit: ZNC 1.8.2+deb3.1 - https://znc.in)
[22:54:07] *** Joins: ris2z
[23:00:23] *** Quits: ris2z (Quit: ZNC 1.9.0+deb2build3 - https://znc.in)
[23:02:27] *** Joins: ris2z
