[01:07:36] *** Joins: refs
[02:44:19] *** Quits: refs (Quit: refs)
[03:25:51] *** Joins: sentry
[03:27:10] *** Quits: Snetry (Read error: Operation timed out)
[03:27:10] *** sentry is now known as Snetry
[05:31:07] *** Quits: mendelmun (Quit: Leaving)
[05:31:25] *** Joins: mendel_mu
[08:57:29] *** Quits: substanc3 (ZNC 1.8.2 - https://znc.in)
[09:45:18] *** Joins: lameboy2
[09:46:14] *** Quits: lameboy (Ping timeout: 622 seconds)
[09:46:16] *** lameboy2 is now known as lameboy
[09:48:06] *** Quits: |Shadow| (Read error: Operation timed out)
[09:58:04] *** Joins: fgsfds
[09:58:24] *** Joins: |Shadow|
[10:37:07] *** Quits: uyjulian (Read error: Operation timed out)
[10:46:02] *** Joins: uyjulian
[10:56:42] *** Joins: substanc3
[11:44:09] *** Quits: oreo639 (Ping timeout: 260 seconds)
[12:09:12] *** Joins: oreo639
[12:57:25] *** Quits: oreo639 (Ping timeout: 260 seconds)
[13:05:08] *** Joins: oreo639
[14:07:57] <plutobot> GitHub | New PR: Add native Ro... | User: Bulmanator | https://github.com/switchbrew/libnx/pull/645
[14:13:54] *** Quits: oreo639 (Read error: Operation timed out)
[21:01:52] *** Joins: oreo639
[21:31:23] *** Quits: GerbilSof (Quit: Windows must now restart because the Remote Procedure Call (RPC) service terminated unexpectedly.)
[23:54:15] *** Quits: oreo639 (Ping timeout: 483 seconds)
[23:58:31] *** Quits: fgsfds (Read error: Connection reset by peer)
