[00:02:56] *** Joins: oreo639
[00:59:11] *** Joins: oreo639_
[00:59:11] *** Quits: oreo639 (Read error: Connection reset by peer)
[01:04:41] *** Joins: oreo639
[01:04:42] *** Quits: oreo639_ (Read error: Connection reset by peer)
[01:05:59] *** Joins: oreo639_
[01:05:59] *** Quits: oreo639 (Read error: Connection reset by peer)
[01:08:39] *** Joins: oreo639
[01:08:39] *** Quits: oreo639_ (Read error: Connection reset by peer)
[01:55:19] *** Quits: Snetry (Read error: Operation timed out)
[01:58:59] *** Joins: balrog_
[01:58:59] *** Quits: Retr0id (Read error: Connection reset by peer)
[02:02:13] *** Quits: DacoTaco (Read error: Operation timed out)
[02:02:28] *** Joins: DacoTaco
[02:04:07] *** Joins: Genolol
[02:06:10] *** Quits: lex1 (Read error: Operation timed out)
[02:08:16] *** Quits: Genolo (Read error: Operation timed out)
[02:08:17] *** Genolol is now known as Genolo
[02:08:26] *** Joins: lex1
[02:08:40] *** Joins: nrq_
[02:08:41] *** Quits: nrq (Read error: Connection reset by peer)
[02:12:28] *** Quits: balrog (Read error: Operation timed out)
[02:12:29] *** balrog_ is now known as balrog
[02:13:24] *** Joins: Snetry
[02:15:35] *** Joins: refs
[02:31:13] *** Joins: GerbilSof
[03:26:33] *** Quits: oreo639 (Remote host closed the connection)
[03:28:11] *** Joins: oreo639
[03:29:39] *** Quits: oreo639 (Client Quit)
[03:30:58] *** Joins: oreo639
[03:54:17] *** Quits: refs (Quit: refs)
[05:50:43] *** Quits: oreo639 (Read error: Operation timed out)
[05:59:54] *** Joins: oreo639
[07:14:43] *** Quits: CCFL_Man (Ping timeout: 240 seconds)
[07:15:30] *** Joins: CCFL_Man
[09:58:13] *** Quits: oreo639 (Remote host closed the connection)
[09:58:43] *** Joins: oreo639
[10:17:57] *** Quits: oreo639 (Ping timeout: 260 seconds)
[10:31:06] *** Joins: oreo639
[10:50:04] *** Joins: n87
[11:28:53] *** Joins: fgsfds
[11:55:21] *** Quits: fgsfds (Read error: Connection reset by peer)
[14:26:40] *** Joins: refs
[15:06:08] *** Joins: CCFL_Man_
[15:08:58] *** Quits: CCFL_Man (Read error: Operation timed out)
[15:37:37] *** Quits: oreo639 (Ping timeout: 260 seconds)
[16:11:06] *** Quits: substanc3 (hub.efnet.us irc.colosolutions.net)
[17:15:28] *** Joins: fgsfds
[17:29:13] *** Joins: substanc3
[22:47:18] *** Quits: n87 (Read error: Connection reset by peer)
[23:45:07] *** Quits: GerbilSof (Quit: Windows must now restart because the Remote Procedure Call (RPC) service terminated unexpectedly.)
[23:47:07] *** Joins: GerbilSof
