[00:14:46] *** Quits: tertu (Read error: Operation timed out)
[00:15:50] *** Quits: fgsfds (Read error: Connection reset by peer)
[00:15:50] *** Quits: tpw_rules (Read error: Operation timed out)
[00:16:54] *** Quits: Stary (Read error: Operation timed out)
[00:18:43] *** Quits: GrecKo (Read error: Connection reset by peer)
[00:18:43] *** Quits: |Shadow| (Read error: Operation timed out)
[00:19:47] *** Joins: Stary
[00:19:47] *** Joins: tpw_rules
[00:19:48] *** Joins: lameboy2
[00:20:27] *** Quits: hexkyz (Read error: Operation timed out)
[00:20:35] *** Quits: lameboy (Read error: Operation timed out)
[00:20:35] *** lameboy2 is now known as lameboy
[00:21:44] *** Joins: hexkyz
[00:22:23] *** Joins: GrecKo
[00:22:55] *** Joins: |Shadow|
[00:23:09] *** Joins: tertu
[01:11:42] *** Quits: oreo639 (Read error: Operation timed out)
[01:22:59] *** Joins: oreo639
[01:42:58] *** Joins: refs
[02:43:31] *** Quits: refs (Quit: refs)
[09:31:04] *** Joins: n87
[09:50:08] *** Quits: yls8bot (Read error: Operation timed out)
[09:50:29] *** Quits: klock (Read error: Operation timed out)
[09:54:07] *** Joins: yls8bot
[09:54:35] *** Joins: klock
[11:02:30] *** Quits: oreo639 (Ping timeout: 483 seconds)
[12:02:17] *** Quits: n87 (Read error: Connection reset by peer)
[12:16:13] *** Quits: averne (quit)
[12:18:29] *** Joins: averne_
[12:18:29] *** Server sets mode: +stn 
[12:19:40] *** Quits: Maylay (Read error: Operation timed out)
[12:19:57] *** Joins: Maylay
[12:22:23] *** Quits: lameboy (Ping timeout: 622 seconds)
[12:23:55] *** Quits: averne (Ping timeout: 622 seconds)
[12:23:55] *** averne_ is now known as averne
[13:01:58] *** Joins: tertu2
[13:03:31] *** Quits: tertu (Read error: Operation timed out)
[13:03:31] *** tertu2 is now known as tertu
[13:04:33] *** Joins: lameboy
[20:29:21] *** Joins: oreo639
[22:54:24] *** Joins: refs
[23:18:15] *** Quits: oreo639 (Ping timeout: 483 seconds)
[23:44:07] *** Joins: oreo639
