[00:04:49] *** Joins: oreo639
[00:22:11] *** Quits: substanc3 (irc.efnet.nl se.hub)
[00:22:11] *** Quits: tpw_rules (irc.efnet.nl se.hub)
[00:22:11] *** Quits: tertu (irc.efnet.nl se.hub)
[00:22:11] *** Quits: mendelmun (irc.efnet.nl se.hub)
[00:22:11] *** Quits: klock (irc.efnet.nl se.hub)
[00:22:11] *** Quits: hexkyz (irc.efnet.nl se.hub)
[00:22:11] *** Quits: Stary (irc.efnet.nl se.hub)
[00:22:11] *** Quits: GrecKo (irc.efnet.nl se.hub)
[00:22:12] *** Quits: ihaveamac (irc.efnet.nl se.hub)
[00:22:12] *** Quits: oreo639 (irc.efnet.nl se.hub)
[00:22:12] *** Quits: DeusQain (irc.efnet.nl se.hub)
[00:22:12] *** Quits: Lightswor (irc.efnet.nl se.hub)
[00:22:12] *** Quits: yls8bot (irc.efnet.nl se.hub)
[00:22:12] *** Quits: yellows8 (irc.efnet.nl se.hub)
[00:22:12] *** Quits: oldtopman (irc.efnet.nl se.hub)
[00:22:12] *** Quits: CCFL_Man (irc.efnet.nl se.hub)
[00:22:12] *** Quits: zombie343 (irc.efnet.nl se.hub)
[00:22:12] *** Quits: Surkow (irc.efnet.nl se.hub)
[00:22:12] *** Quits: eggster (irc.efnet.nl se.hub)
[00:22:12] *** Quits: mtheall (irc.efnet.nl se.hub)
[00:22:12] *** Quits: Behemoth (irc.efnet.nl se.hub)
[00:22:12] *** Quits: nohit__ (irc.efnet.nl se.hub)
[00:22:13] *** Quits: Extrems (irc.efnet.nl se.hub)
[00:22:13] *** Quits: Ghabry (irc.efnet.nl se.hub)
[00:22:13] *** Quits: lameboy (irc.efnet.nl se.hub)
[00:22:13] *** Quits: GeekShado (irc.efnet.nl se.hub)
[00:22:13] *** Quits: mimoja657 (irc.efnet.nl se.hub)
[00:22:13] *** Quits: Genolo (irc.efnet.nl se.hub)
[00:22:13] *** Quits: uyjulian (irc.efnet.nl se.hub)
[00:22:13] *** Quits: Shiz (irc.efnet.nl se.hub)
[00:22:13] *** Quits: omlet05_ (irc.efnet.nl se.hub)
[00:22:13] *** Quits: ris2z (irc.efnet.nl se.hub)
[00:22:13] *** Quits: plutobot (irc.efnet.nl se.hub)
[00:44:23] *** lex1 is now known as lex
[00:56:19] *** Joins: oreo639
[00:56:19] *** Joins: substanc3
[00:56:19] *** Joins: CCFL_Man
[00:56:19] *** Joins: tpw_rules
[00:56:19] *** Joins: DeusQain
[00:56:19] *** Joins: zombie343
[00:56:19] *** Joins: tertu
[00:56:19] *** Joins: mendelmun
[00:56:19] *** Joins: Stary
[00:56:19] *** Joins: Lightswor
[00:56:19] *** Joins: klock
[00:56:19] *** Joins: yls8bot
[00:56:19] *** Joins: GrecKo
[00:56:19] *** Joins: hexkyz
[00:56:19] *** Joins: mtheall
[00:56:19] *** Joins: Behemoth
[00:56:19] *** Joins: oldtopman
[00:56:19] *** Joins: eggster
[00:56:19] *** Joins: ihaveamac
[00:56:19] *** Joins: yellows8
[00:56:19] *** Joins: Surkow
[00:57:29] *** Joins: nohit__
[01:03:39] *** Joins: Extrems
[03:29:39] *** Joins: |Shadow|
[05:17:40] *** Joins: GerbilSof
[06:22:47] *** Quits: oreo639 (Read error: Operation timed out)
[06:54:44] *** Joins: oreo639
[08:08:51] *** Quits: lex (Killed (hub.efnet.us (Nick collision (new))))
[08:08:52] *** Joins: Ghabry
[08:09:09] *** Joins: lex1
[09:48:35] *** Joins: fgsfds
[10:48:24] *** Joins: lameboy
[10:48:24] *** Joins: GeekShado
[10:48:24] *** Joins: mimoja657
[10:48:24] *** Joins: Genolo
[10:48:24] *** Joins: Shiz
[10:48:24] *** Joins: omlet05_
[10:48:24] *** Joins: ris2z
[10:48:24] *** Joins: plutobot
[10:54:03] *** Joins: uyjulian
[12:33:54] *** Joins: Lightswo-
[12:33:54] *** Quits: Lightswor (Read error: Connection reset by peer)
[12:33:54] *** Lightswo- is now known as Lightswor
[14:48:06] <plutobot> GitHub | New commit | User: ndeadly | https://github.com/switchbrew/libnx/commit/df0508200b
[14:48:28] <plutobot> GitHub | New commit | User: ndeadly | https://github.com/switchbrew/libnx/commit/3c851a3443
[16:05:23] *** Quits: oreo639 (Read error: Operation timed out)
[16:30:01] *** Quits: |Shadow| ()
[16:35:51] *** Joins: |Shadow|
[19:11:54] *** Quits: substanc3 (Read error: Operation timed out)
[19:24:37] *** Joins: substanc3
[23:16:36] *** Joins: oreo639
