[02:59:28] *** Joins: refs
[03:43:42] *** Quits: refs (Quit: refs)
[03:58:22] *** Quits: fgsfds (Read error: Connection reset by peer)
[04:02:46] *** Quits: oreo639 (Ping timeout: 622 seconds)
[04:15:51] *** Joins: oreo639
[04:33:57] *** Quits: oreo639 (Read error: Operation timed out)
[09:53:59] *** Joins: n87
[11:32:22] *** Joins: fgsfds
[13:22:03] *** Joins: nrq
[13:41:59] *** Quits: nrq (Read error: Connection reset by peer)
[16:06:59] *** Quits: GerbilSof (Quit: Windows must now restart because the Remote Procedure Call (RPC) service terminated unexpectedly.)
[19:57:58] *** Joins: refs
[20:50:31] *** Joins: oreo639
[21:44:03] *** Quits: Lightswor (hub.efnet.us irc.servercentral.net)
[21:44:03] *** Quits: DeusQain (hub.efnet.us irc.servercentral.net)
[21:44:03] *** Quits: yls8bot (hub.efnet.us irc.servercentral.net)
[21:44:03] *** Quits: yellows8 (hub.efnet.us irc.servercentral.net)
[21:44:03] *** Quits: oldtopman (hub.efnet.us irc.servercentral.net)
[21:47:28] *** Joins: yls8bot_
[21:53:44] *** Joins: DeusQain_
[21:59:07] *** yls8bot_ is now known as yls8bot
[21:59:14] *** Joins: oldtopman
[22:08:46] *** Joins: yellows8
[23:21:37] *** Quits: n87 (Read error: Connection reset by peer)
