[02:46:45] *** Quits: fgsfds (Read error: Connection reset by peer)
[02:47:06] *** Quits: oreo639 (Read error: Connection reset by peer)
[03:03:12] *** Quits: refs (Ping timeout: 186 seconds)
[03:42:43] *** Joins: oreo639
[08:33:52] *** Quits: oreo639 (Ping timeout: 265 seconds)
[08:46:29] *** Joins: oreo639
[09:37:56] *** Quits: Shiz (Read error: Operation timed out)
[09:42:01] *** Quits: oreo639 (Ping timeout: 265 seconds)
[10:18:10] *** Quits: |Shadow| (Ping timeout: 268 seconds)
[10:20:37] *** Joins: |Shadow|
[11:22:27] *** Joins: Shiz
[11:39:38] *** Joins: n87
[11:51:11] *** Joins: fgsfds
[12:08:47] *** Quits: n87 (Quit: Leaving)
[14:31:33] *** Joins: mtheall
[14:33:02] *** Quits: Stary (Read error: Connection reset by peer)
[14:33:13] *** Joins: Stary
[14:33:52] *** Quits: mtheall_ (Ping timeout: 492 seconds)
[16:03:16] *** Quits: |Shadow| (Read error: Connection reset by peer)
[16:08:23] *** Joins: |Shadow|
[17:44:54] *** lex1 is now known as lex
[19:03:55] *** Joins: n87
[19:27:10] *** Joins: m4ts_
[19:29:16] *** Quits: m4ts (Ping timeout: 265 seconds)
[19:36:13] *** Quits: n87 (Quit: Leaving)
[20:14:03] *** Quits: balrog (Bye)
[20:14:34] *** Joins: balrog
[20:51:04] *** Quits: balrog (Bye)
[20:51:15] *** Joins: balrog
[22:23:28] *** Joins: oreo639
