[01:57:23] *** Quits: oreo639 (Ping timeout: 265 seconds)
[02:56:25] *** Joins: oreo639
[03:15:34] *** Quits: |Shadow| ()
[03:57:50] *** Quits: fgsfds (Read error: Connection reset by peer)
[04:53:00] *** Quits: oreo639 (Read error: Operation timed out)
[05:01:45] *** Quits: oldtopman (Ping timeout: 268 seconds)
[05:02:38] *** Quits: Sentry (Read error: Operation timed out)
[05:03:51] *** Quits: nohit (Ping timeout: 493 seconds)
[05:07:39] *** Joins: Sentry
[05:19:16] *** Joins: oldtopman
[05:21:49] *** Quits: lex (Read error: Connection reset by peer)
[05:26:58] *** Quits: Sentry (Read error: Connection reset by peer)
[05:27:43] *** Joins: oreo639
[05:28:10] *** Joins: Sentry
[05:36:06] *** Joins: lex
[05:56:42] *** Joins: nohit
[06:55:17] *** Quits: oreo639 (Read error: Operation timed out)
[07:36:00] *** Joins: oreo639
[08:56:26] *** Quits: oreo639 (Read error: Operation timed out)
[08:56:43] *** Joins: oreo639
[09:40:24] *** Quits: oreo639 (Ping timeout: 252 seconds)
[10:28:18] *** Joins: oreo639
[12:01:36] *** Joins: n87
[13:13:39] *** Joins: fgsfds
[13:21:51] *** Joins: m4ts
[13:25:39] *** Quits: m4ts_ (Ping timeout: 265 seconds)
[13:32:03] *** Quits: oreo639 (Ping timeout: 745 seconds)
[13:33:04] *** Joins: oreo639
[13:54:09] *** Quits: oreo639 (Read error: Operation timed out)
[16:33:21] *** Joins: refs
[16:34:58] *** Quits: refs (Client Quit)
[16:49:50] *** Joins: |Shadow|
[18:06:08] *** Joins: oreo639
[18:57:29] *** Quits: GerbilSof (Quit: Windows must now restart because the Remote Procedure Call (RPC) service terminated unexpectedly.)
[18:59:51] *** Joins: GerbilSof
[22:25:03] *** Quits: oreo639 (Ping timeout: 265 seconds)
[22:26:07] *** Quits: KuKzz ()
[22:34:15] *** Joins: oreo639
[23:10:41] *** Quits: n87 (Read error: Connection reset by peer)
[23:41:12] *** Joins: KuKzz
