[00:08:10] *** Joins: zini-
[00:15:03] *** Quits: zini (Ping timeout: 745 seconds)
[02:11:20] *** Joins: GerbilS7
[02:11:20] *** Quits: GerbilSof (Read error: Connection reset by peer)
[02:37:02] *** Quits: fgsfds (Read error: Connection reset by peer)
[04:06:13] *** Quits: WntrMute (Read error: Operation timed out)
[04:06:26] *** Quits: GeekShad1 (Read error: Operation timed out)
[04:06:29] *** Quits: zombie343 (Read error: Operation timed out)
[04:06:44] *** Joins: GeekShado
[04:06:45] *** Quits: fincs (Read error: Operation timed out)
[04:06:52] *** Joins: zombie343
[04:08:06] *** Quits: Cu3PO42 (Read error: Operation timed out)
[04:08:40] *** Joins: WntrMute
[04:08:41] *** Quits: Genolo (Ping timeout: 248 seconds)
[04:08:44] *** yls8bot sets mode: +o WntrMute
[04:09:22] *** Joins: Genolo
[04:11:21] *** Joins: fincs
[04:11:21] *** WntrMute sets mode: +o fincs
[04:45:28] *** Joins: Cu3PO42
[04:49:31] *** Quits: refs (Quit: refs)
[10:43:54] *** Quits: thejsa (Read error: Operation timed out)
[10:44:57] *** Joins: thejsa
[11:16:54] *** Joins: mid-kid4
[11:18:44] *** Quits: mid-kid3 (Read error: Connection reset by peer)
[12:52:34] *** Joins: fgsfds
[17:47:49] *** Surkow_ is now known as Surkow
[21:26:51] *** Joins: rajkosto
[21:38:28] *** Joins: refs
