[02:21:41] *** Quits: Surkow (Read error: Operation timed out)
[02:24:03] *** Joins: Surkow
[02:29:48] *** Quits: fgsfds (Read error: Connection reset by peer)
[03:02:29] *** Quits: refs (Quit: refs)
[03:58:40] *** Quits: rajkosto (Read error: Connection reset by peer)
[11:41:50] *** Joins: fgsfds
[13:20:16] *** Quits: ris2z (Ping timeout: 186 seconds)
[13:28:07] *** Joins: ris2z
[14:15:34] *** Joins: n87
[14:27:24] *** Joins: IShaDoWl
[14:29:17] *** Quits: IShaDoWl (Client Quit)
[14:29:49] *** Joins: IShaDoWl
[14:31:32] *** Quits: IShaDoWl (Client Quit)
[15:37:07] *** Quits: n87 (Read error: Connection reset by peer)
[15:41:49] *** Joins: n87
[15:43:17] *** Quits: n87 (Read error: Connection reset by peer)
[15:44:52] *** Joins: n87
[15:46:04] *** Quits: n87 (Client Quit)
[19:44:47] *** Quits: Sentry (Quit: left EFNet)
[19:47:56] *** Joins: Sentry
[21:44:08] *** Joins: refs
[22:21:32] *** Joins: rajkosto
[22:35:05] *** Quits: rajkosto (Read error: Operation timed out)
