[02:25:39] *** Quits: fgsfds (Read error: Connection reset by peer)
[02:40:49] *** Joins: refs
[02:48:20] *** Quits: GerbilS7 (Quit: Windows must now restart because the Remote Procedure Call (RPC) service terminated unexpectedly.)
[02:48:54] *** Joins: GerbilSof
[03:08:26] *** Joins: derk0pf_
[03:13:13] *** Quits: derk0pf (Read error: Operation timed out)
[04:15:02] *** Quits: refs (Quit: refs)
[06:01:16] *** Quits: rajkosto (Quit: Leaving)
[06:12:10] *** Joins: rajkosto
[07:49:18] *** Quits: derk0pf_ (Read error: Connection reset by peer)
[07:49:38] *** Joins: derk0pf
[08:21:11] *** Quits: rajkosto (Read error: Connection reset by peer)
[09:39:16] *** Quits: |Shadow| (Ping timeout: 268 seconds)
[09:42:14] *** Joins: |Shadow|
[10:31:03] *** Joins: n87
[11:45:41] *** Quits: derk0pf (Ping timeout: 268 seconds)
[11:46:16] *** Joins: derk0pf
[13:02:09] *** Quits: derk0pf (Read error: Connection reset by peer)
[15:06:14] *** Joins: fgsfds
[18:05:51] *** Quits: fgsfds (Quit: Leaving)
[18:08:04] *** Joins: fgsfds
[19:18:13] *** Joins: refs
[21:31:49] *** Quits: n87 (Read error: Connection reset by peer)
