[00:07:22] *** Quits: Surkow (Ping timeout: 268 seconds)
[00:15:39] *** Joins: Surkow
[02:27:28] *** Quits: fgsfds (Read error: Connection reset by peer)
[02:47:33] *** Quits: refs (Quit: refs)
[06:38:52] *** Joins: GrecKo_
[06:38:56] *** Quits: GrecKo (Read error: Connection reset by peer)
[06:42:07] *** Quits: Behemoth (Ping timeout: 376 seconds)
[06:42:08] *** Joins: Behemoth
[07:55:15] *** Quits: Sentry (Quit: left EFNet)
[07:58:22] *** Joins: Sentry
[12:19:17] *** Joins: n87
[13:14:14] *** Quits: |Shadow| (Ping timeout: 268 seconds)
[13:16:05] *** Quits: Behemoth (Ping timeout: 268 seconds)
[13:16:34] *** Joins: Behemoth
[13:17:04] *** Joins: |Shadow|
[13:43:07] *** Joins: fgsfds
[16:19:37] *** Quits: Behemoth (Quit: Quit)
[16:19:55] *** Joins: Behemoth
[16:53:22] *** Quits: n87 (Read error: Connection reset by peer)
[22:48:46] *** Quits: Lightswor (Quit: ZNC)
[22:49:13] *** Joins: refs
[22:49:16] *** Joins: Lightswor
