[00:13:53] *** Quits: Behemoth (Quit)
[01:37:01] *** Quits: fgsfds (Read error: Connection reset by peer)
[01:38:47] *** Joins: Behemoth
[01:41:18] *** Quits: Behemoth (Quit)
[01:41:56] *** Joins: Behemoth
[02:25:42] *** Quits: balrog (Read error: Operation timed out)
[02:26:25] *** Joins: balrog
[02:30:51] *** Quits: TurtleP (Read error: Operation timed out)
[02:30:58] *** Joins: TurtleP
[02:42:01] *** Quits: refs (Quit: refs)
[03:17:46] *** Joins: CCFL_Man_
[03:19:06] *** Quits: yls8bot (Read error: Operation timed out)
[03:19:06] *** Quits: klock (Read error: Operation timed out)
[03:21:32] *** Joins: yls8bot
[03:21:43] *** yellows8 sets mode: +o yls8bot
[03:22:23] *** Quits: nrq (Read error: Operation timed out)
[03:22:35] *** Joins: nrq
[03:23:36] *** Quits: nohit (Read error: Operation timed out)
[03:24:50] *** Quits: CCFL_Man (Read error: Operation timed out)
[03:24:59] *** Joins: Mimoja81
[03:25:39] *** Quits: GeekShado (Read error: Operation timed out)
[03:25:54] *** Joins: GeekShado
[03:26:56] *** Quits: Mimoja8 (Read error: Operation timed out)
[03:26:57] *** Mimoja81 is now known as Mimoja8
[03:27:33] *** Quits: lex (Read error: Operation timed out)
[03:27:59] *** Quits: Retr0id (Read error: Connection reset by peer)
[03:31:17] *** Joins: Extrems`
[03:31:34] *** Quits: Sentry (Ping timeout: 857 seconds)
[03:32:43] *** Quits: d3m3vilur (Ping timeout: 493 seconds)
[03:36:07] *** Joins: klock
[03:38:58] *** Quits: Extrems (Read error: Operation timed out)
[03:38:58] *** Extrems` is now known as Extrems
[03:48:02] *** Joins: Retr0id
[03:48:54] *** Quits: |Shadow| ()
[03:49:22] *** Joins: nohit
[03:49:36] *** Joins: Sentry
[03:50:12] *** Joins: d3m3vilur
[03:54:11] *** Joins: lex1
[04:02:19] *** Joins: |Shadow|
[12:19:48] *** Quits: Surkow (Remote host closed the connection)
[12:23:27] *** Joins: Surkow
[12:34:18] *** Joins: fgsfds
[12:41:48] *** Quits: zini- (Quit: -->)
[12:42:27] *** Joins: zini
[12:43:41] *** Quits: zini (Client Quit)
[12:44:27] *** Joins: zini
[21:23:43] *** Joins: refs
[21:58:15] *** Quits: nohit (Ping timeout: 493 seconds)
[21:59:27] *** Joins: nohit
[22:00:10] *** Quits: d3m3vilur (Ping timeout: 493 seconds)
[22:05:33] *** Joins: d3m3vilur
[22:17:11] *** Quits: averne (quit)
[22:19:34] *** Joins: averne_
[22:19:36] *** Server sets mode: +stn 
[22:19:38] *** Server sets mode: +stn 
[22:19:45] *** Quits: nohit (Read error: Operation timed out)
[22:20:20] *** Joins: jsa_
[22:20:28] *** Joins: nohit
[22:24:22] *** Quits: averne (Ping timeout: 612 seconds)
[22:24:22] *** Quits: thejsa (Ping timeout: 612 seconds)
[22:24:22] *** averne_ is now known as averne
