[03:46:26] *** Quits: fgsfds (Read error: Connection reset by peer)
[06:56:25] *** Quits: |Shadow| (Ping timeout: 268 seconds)
[07:14:56] *** Joins: |Shadow|
[09:07:21] *** Joins: oreo639
[11:01:47] *** Quits: m4ts (Ping timeout: 265 seconds)
[11:02:23] *** Joins: m4ts
[11:08:01] *** Quits: oreo639 (Ping timeout: 268 seconds)
[11:22:05] *** Joins: oreo639
[11:34:58] *** Joins: m4ts_
[11:35:37] *** Quits: m4ts (Ping timeout: 265 seconds)
[12:43:47] *** Joins: fgsfds
[13:19:20] *** Quits: fgsfds (Quit: Leaving)
[13:30:36] *** Quits: oreo639 (Ping timeout: 480 seconds)
[14:03:00] *** Joins: fgsfds
[15:00:37] *** Quits: fgsfds (Quit: Leaving)
[17:01:28] *** Quits: Lightswor (Read error: Connection reset by peer)
[17:02:06] *** Joins: Lightswor
[17:20:40] *** Joins: GerbilSof
[17:20:40] *** Quits: GerbilS5 (Read error: Connection reset by peer)
[20:44:12] *** Quits: m4ts_ (Ping timeout: 265 seconds)
[20:54:23] *** Joins: fgsfds
[21:25:20] *** Joins: oreo639
[22:36:00] *** Joins: n87
[23:33:46] *** Quits: n87 (Read error: Connection reset by peer)
