[00:04:36] *** Quits: oreo639 (Ping timeout: 252 seconds)
[00:23:10] *** Joins: oreo639
[01:47:17] *** Joins: rajkosto
[02:19:39] *** Quits: oreo639 (Quit: Quit)
[02:31:34] *** Quits: fgsfds (Read error: Connection reset by peer)
[03:30:20] *** Joins: rajko
[03:33:48] *** Quits: rajkosto (Read error: Operation timed out)
[03:35:51] *** Joins: rajkosto
[03:36:32] *** Quits: rajko (Ping timeout: 268 seconds)
[07:33:34] *** Joins: fgsfds
[07:34:02] *** Joins: rajko
[07:36:35] *** Quits: rajkosto (Read error: Operation timed out)
[07:51:58] *** Quits: rajko (Quit: Leaving)
[07:52:15] *** Joins: rajkosto
[07:59:33] *** Quits: rajkosto (Quit: Leaving)
[12:03:21] *** Joins: n87
[13:20:55] *** Joins: refs
[13:25:04] *** Joins: m4ts
[13:30:41] *** Joins: m4ts_
[13:31:28] *** Quits: m4ts (Ping timeout: 265 seconds)
[13:54:06] *** Quits: n87 (Quit: Leaving)
[17:12:33] *** Joins: n87
[20:29:25] *** Joins: m4ts
[20:31:29] *** Quits: m4ts_ (Ping timeout: 265 seconds)
[20:37:00] *** Quits: balrog (Quit: Bye)
[20:41:54] *** Joins: balrog
[22:09:38] *** Quits: n87 (Read error: Connection reset by peer)
[23:41:51] *** Quits: TurtleP (se.hub ny.us.hub)
[23:41:51] *** Quits: |Shadow| (se.hub ny.us.hub)
[23:41:51] *** Quits: Surkow (se.hub ny.us.hub)
[23:41:51] *** Quits: oldtopman (se.hub ny.us.hub)
[23:41:51] *** Quits: balrog (se.hub ny.us.hub)
[23:41:51] *** Quits: yls8bot (se.hub ny.us.hub)
[23:41:51] *** Quits: KuKzz_ (se.hub ny.us.hub)
[23:41:51] *** Quits: djorz (se.hub ny.us.hub)
[23:41:51] *** Quits: uyjulian (se.hub ny.us.hub)
[23:41:51] *** Quits: nich (se.hub ny.us.hub)
[23:41:51] *** Quits: j0hny5 (se.hub ny.us.hub)
[23:41:51] *** Quits: tpw_rules (se.hub ny.us.hub)
[23:41:51] *** Quits: fgsfds (se.hub ny.us.hub)
[23:41:51] *** Quits: Lightswor (se.hub ny.us.hub)
[23:41:51] *** Quits: freundTec (se.hub ny.us.hub)
[23:41:51] *** Quits: yellows8 (se.hub ny.us.hub)
[23:41:51] *** Quits: Kyouju (se.hub ny.us.hub)
[23:41:51] *** Quits: Jdbye (se.hub ny.us.hub)
[23:47:27] *** Joins: |Shadow|
[23:47:27] *** Joins: Surkow
[23:47:27] *** Joins: TurtleP
[23:47:27] *** Joins: oldtopman
[23:48:14] *** Quits: TurtleP (se.hub hub.efnet.us)
[23:48:15] *** Quits: |Shadow| (se.hub hub.efnet.us)
[23:48:15] *** Quits: Surkow (se.hub hub.efnet.us)
[23:48:15] *** Quits: oldtopman (se.hub hub.efnet.us)
[23:50:23] *** Joins: balrog
[23:50:23] *** Joins: yls8bot
[23:50:23] *** Joins: KuKzz_
[23:50:23] *** Joins: djorz
[23:50:23] *** Joins: uyjulian
[23:50:23] *** Joins: j0hny5
[23:50:23] *** Joins: nich
[23:50:23] *** Joins: tpw_rules
[23:50:23] *** ircd.choopa.net sets mode: +o yls8bot
[23:51:13] *** Joins: |Shadow|
[23:51:13] *** Joins: Surkow
[23:51:13] *** Joins: TurtleP
[23:51:13] *** Joins: oldtopman
