[00:10:13] *** Joins: Lightswor
[00:10:13] *** Joins: freundTec
[00:10:13] *** Joins: yellows8
[00:10:13] *** Joins: Kyouju
[00:10:13] *** Joins: Jdbye
[00:10:13] *** irc.servercentral.net sets mode: +o yellows8
[00:10:14] *** WntrMute sets mode: +o yellows8
[01:24:27] *** Joins: rajkosto
[02:05:17] <yls8bot> https://yls8.mtheall.com/ninupdates/reports.php?date=2022-04-19_00-05-06&sys=hac 
[02:05:32] <yls8bot> Update-details for the following hac report is now available/updated: https://yls8.mtheall.com/ninupdates/reports.php?date=2022-04-19_00-05-06&sys=hac 
[02:06:42] <yls8bot> Sysmodule SwIPC-generation .info files for the following hac report is now available/updated: https://yls8.mtheall.com/ninupdates/reports.php?date=2022-04-19_00-05-06&sys=hac 
[02:15:12] <yls8bot> https://yls8.mtheall.com/ninupdates/reports.php?date=2022-04-19_00-15-06&sys=hac 
[02:15:22] <yls8bot> Update-details for the following hac report is now available/updated: https://yls8.mtheall.com/ninupdates/reports.php?date=2022-04-19_00-15-06&sys=hac 
[02:16:32] <yls8bot> Sysmodule SwIPC-generation .info files for the following hac report is now available/updated: https://yls8.mtheall.com/ninupdates/reports.php?date=2022-04-19_00-15-06&sys=hac 
[04:38:42] *** Quits: |Shadow| (Write error: Broken pipe)
[04:43:49] *** Joins: |Shadow|
[05:05:15] *** Quits: refs (Quit: refs)
[07:25:02] *** Quits: rajkosto (Quit: Leaving)
[08:03:58] *** Joins: fgsfds
[08:36:23] *** Quits: m4ts (Read error: Connection reset by peer)
[08:36:29] *** Joins: m4ts
[10:23:32] *** Joins: rajkosto
[10:27:40] *** Quits: rajkosto (Client Quit)
[10:29:38] *** Joins: rajkosto
[10:58:21] *** Quits: rajkosto (Read error: Operation timed out)
[11:00:10] *** Quits: |Shadow| ()
[11:05:46] *** Joins: |Shadow|
[11:35:45] *** Joins: rajkosto
[12:02:11] *** Quits: m4ts (Quit: bye)
[12:02:43] *** Joins: m4ts
[12:43:18] *** Quits: Sentry (Read error: Connection refused)
[13:06:39] *** Joins: refs
[13:31:41] *** Quits: rajkosto (Leaving)
[13:46:33] *** Joins: rajkosto
[13:57:37] *** Quits: rajkosto (Leaving)
[13:59:03] *** Joins: rajkosto
[14:02:17] *** Quits: rajkosto (Client Quit)
[14:04:46] *** Joins: rajkosto
[14:16:11] *** Joins: rajko
[14:16:56] *** Quits: rajko (Client Quit)
[14:19:46] *** Quits: rajkosto (Ping timeout: 600 seconds)
[14:22:38] *** Joins: rajkosto
[14:57:53] *** Quits: refs (Ping timeout: 186 seconds)
[15:09:54] *** Joins: refs`
[15:15:28] *** Quits: Behemoth (No Ping reply in 180 seconds.)
[15:15:36] *** Quits: rajkosto (Read error: Operation timed out)
[15:17:04] *** Joins: Behemoth
[16:50:32] *** Quits: ris2z (Excess Flood)
[16:51:43] *** Joins: ris2z
[16:57:47] *** Quits: ris2z (Excess Flood)
[16:58:54] *** Joins: ris2z
[17:00:10] *** Quits: ris2z (Excess Flood)
[17:02:25] *** Joins: ris2z
[17:10:15] *** Quits: ris2z (Excess Flood)
[17:11:33] *** Joins: ris2z
[17:13:03] *** Quits: ris2z (Excess Flood)
[17:14:10] *** Joins: ris2z
[17:20:06] *** Quits: ris2z (Excess Flood)
[17:21:44] *** Joins: Sentry
[17:22:25] *** Joins: ris2z
[17:45:51] *** Quits: ris2z (Excess Flood)
[17:48:13] *** Joins: ris2z
[17:56:32] *** Quits: ris2z (Excess Flood)
[17:57:46] *** Joins: ris2z
[18:54:09] *** Quits: ris2z (Excess Flood)
[18:55:06] *** Joins: ris2z
[19:41:46] *** Joins: n87
[20:08:38] *** Joins: Snetry
[20:09:58] *** Quits: Sentry (Read error: Connection refused)
[20:09:58] *** Snetry is now known as Sentry
[20:23:08] *** Quits: m4ts (Read error: Connection reset by peer)
[20:23:57] *** Joins: m4ts
[22:12:55] *** Quits: n87 (Read error: Connection reset by peer)
[22:18:31] *** Quits: m4ts (Quit: bye)
[22:19:42] *** Joins: m4ts
[23:16:55] *** Joins: rajkosto
