[01:02:26] *** Quits: |Shadow| (hub.efnet.us irc.Prison.NET)
[01:02:26] *** Quits: Surkow (hub.efnet.us irc.Prison.NET)
[01:02:26] *** Quits: oldtopman (hub.efnet.us irc.Prison.NET)
[01:10:56] *** Joins: |Shadow|
[01:15:35] *** Joins: lansiir
[01:54:08] *** Quits: rajkosto (Read error: Connection reset by peer)
[03:07:21] *** Joins: Snetry
[03:08:41] *** Quits: Sentry (Read error: Connection refused)
[03:08:41] *** Snetry is now known as Sentry
[03:12:57] *** Quits: zombie343 (Ping timeout: 745 seconds)
[03:13:18] *** Joins: zombie343
[04:31:33] *** Quits: refs` (Quit: refs`)
[05:36:06] *** Quits: fgsfds (Read error: Connection reset by peer)
[08:02:01] *** Quits: Extrems (Quit: ZNC 1.7.5 - https://znc.in)
[08:02:05] *** Joins: Extrems
[10:20:24] *** Quits: ris2z (Excess Flood)
[10:22:40] *** Joins: ris2z
[11:45:19] *** Joins: fgsfds
[13:22:31] *** Joins: refs
[18:19:56] *** Joins: n87
[21:24:11] *** Joins: Surkow
[21:49:29] *** Quits: n87 (Read error: Connection reset by peer)
[23:04:51] *** Joins: Snetry
[23:08:50] *** Quits: Sentry (Read error: Operation timed out)
[23:08:50] *** Snetry is now known as Sentry
