[00:15:01] *** Quits: Phils3r (Quit: ZNC - https://znc.in)
[00:15:10] *** Joins: Phils3r
[00:47:58] *** Joins: rajkosto
[01:08:02] *** Joins: rajko
[01:10:04] *** Quits: rajkosto (Ping timeout: 265 seconds)
[01:11:41] *** Quits: rajko (Client Quit)
[01:36:34] *** Quits: fgsfds (Read error: Connection reset by peer)
[03:04:42] *** Joins: Snetry
[03:06:01] *** Quits: Sentry (Read error: Operation timed out)
[03:06:01] *** Snetry is now known as Sentry
[03:13:53] *** Joins: Snetry
[03:15:12] *** Quits: Sentry (Read error: Connection refused)
[03:15:12] *** Snetry is now known as Sentry
[05:12:44] *** Quits: refs (Quit: refs)
[05:54:42] *** Joins: rajkosto
[06:24:04] *** Quits: rajkosto (Read error: Connection reset by peer)
[06:56:08] *** Quits: m4ts (Ping timeout: 265 seconds)
[07:15:47] *** Joins: m4ts
[11:54:46] *** Joins: fgsfds
[12:21:35] *** Quits: Extrems (Remote host closed the connection)
[12:22:57] *** Joins: Extrems
[13:46:07] *** Joins: refs
[16:14:53] *** Joins: pkees
[16:16:37] <pkees> Hi, where can I find the PKGBUILD script of devkitARM-gdb?
[16:17:08] <pkees> couldn't find it in the devitPro/pacman-packages repository
[16:22:08] *** Quits: pkees (Read error: Connection reset by peer)
[16:24:05] *** Joins: pkees
[16:30:20] *** Quits: pkees (Read error: Connection reset by peer)
[19:59:08] *** Joins: n87
[20:19:12] *** Joins: pkees
[20:24:16] *** Quits: pkees (Read error: Connection reset by peer)
[20:25:19] *** Joins: pkees
[20:30:21] *** Quits: pkees (Read error: Connection reset by peer)
[21:28:14] *** Joins: m4ts_
[21:31:56] *** Quits: m4ts (Ping timeout: 265 seconds)
[21:53:32] *** Quits: n87 (Read error: Connection reset by peer)
