[00:06:30] *** Quits: fgsfds (Read error: Connection reset by peer)
[03:14:08] *** Joins: Snetry
[03:15:27] *** Quits: Sentry (Read error: Operation timed out)
[03:15:28] *** Snetry is now known as Sentry
[04:54:45] *** Quits: refs (Quit: refs)
[09:48:24] *** Joins: KuKzz
[09:50:36] *** Quits: KuKzz_ (Ping timeout: 600 seconds)
[10:07:21] *** Joins: fgsfds
[11:57:53] *** Quits: |Shadow| ()
[12:04:35] *** Joins: |Shadow|
[13:39:28] *** Joins: refs
[14:08:39] *** Joins: n87
[14:23:31] *** Quits: n87 (Quit: Leaving)
[15:33:44] *** Quits: averne (quit)
[15:34:01] *** Joins: averne_
[15:34:01] *** Server sets mode: +stn 
[15:34:01] *** Quits: averne (Read error: Connection reset by peer)
[15:34:01] *** averne_ is now known as averne
[15:38:00] *** Quits: Sentry (Read error: Operation timed out)
[15:38:33] *** Quits: lex1 (Read error: Operation timed out)
[15:45:11] *** Quits: Retr0id (Read error: Connection reset by peer)
[15:51:31] *** Quits: d3m3vilur (Ping timeout: 493 seconds)
[15:52:21] *** Joins: d3m3vilur
[15:52:25] *** Joins: Retr0id
[15:53:24] *** Joins: Sentry
[15:54:15] *** Joins: lex1
[19:52:46] *** Quits: m4ts_ (Excess Flood)
[19:53:54] *** Joins: m4ts
[20:05:48] *** Quits: refs (Quit: refs)
[21:17:27] *** Joins: n87
[21:25:07] *** Quits: n87 (Quit: Leaving)
[23:38:13] *** Quits: fgsfds (Read error: Connection reset by peer)
