[01:16:14] *** Quits: fgsfds (Read error: Connection reset by peer)
[03:24:31] *** Joins: Phils3r_
[03:32:03] *** Quits: Phils3r (Ping timeout: 615 seconds)
[03:43:29] *** Joins: Snetry
[03:44:48] *** Quits: Sentry (Read error: Operation timed out)
[03:44:48] *** Snetry is now known as Sentry
[04:06:43] *** Joins: rajkosto
[04:11:42] *** Quits: refs (Quit: refs)
[07:38:59] *** Quits: rajkosto (Read error: Connection reset by peer)
[08:31:52] *** Quits: m4ts_ (Ping timeout: 265 seconds)
[09:42:27] *** Joins: m4ts
[11:41:37] *** Joins: fgsfds
[13:01:04] *** Quits: ris2z (Ping timeout: 186 seconds)
[13:21:16] *** Joins: rajkosto
[13:30:25] *** Joins: refs
[14:25:54] *** Joins: ris2z
[14:25:54] *** Quits: ris2z (Excess Flood)
[14:29:01] *** Joins: ris2z
[14:29:01] *** Quits: ris2z (Excess Flood)
[14:31:47] *** Joins: ris2z
[14:31:48] *** Quits: ris2z (Excess Flood)
[14:34:28] *** Joins: ris2z
[14:34:29] *** Quits: ris2z (Excess Flood)
[14:35:42] *** Joins: ris2z
[14:35:42] *** Quits: ris2z (Excess Flood)
[14:36:55] *** Joins: ris2z
[14:36:55] *** Quits: ris2z (Excess Flood)
[14:39:16] *** Joins: ris2z
[14:39:16] *** Quits: ris2z (Excess Flood)
[14:41:48] *** Joins: ris2z
[14:41:48] *** Quits: ris2z (Excess Flood)
[14:43:01] *** Joins: ris2z
[14:43:01] *** Quits: ris2z (Excess Flood)
[14:44:20] *** Joins: ris2z
[14:44:20] *** Quits: ris2z (Excess Flood)
[14:46:41] *** Joins: ris2z
[14:46:41] *** Quits: ris2z (Excess Flood)
[14:49:02] *** Joins: ris2z
[14:49:02] *** Quits: ris2z (Excess Flood)
[14:51:34] *** Joins: ris2z
[14:51:34] *** Quits: ris2z (Excess Flood)
[14:54:05] *** Joins: ris2z
[14:54:05] *** Quits: ris2z (Excess Flood)
[14:55:18] *** Joins: ris2z
[14:55:18] *** Quits: ris2z (Excess Flood)
[14:56:31] *** Joins: ris2z
[14:56:31] *** Quits: ris2z (Excess Flood)
[14:58:58] *** Joins: ris2z
[14:58:58] *** Quits: ris2z (Excess Flood)
[15:01:24] *** Joins: ris2z
[15:01:24] *** Quits: ris2z (Excess Flood)
[15:03:49] *** Joins: ris2z
[15:03:50] *** Quits: ris2z (Excess Flood)
[15:06:16] *** Joins: ris2z
[17:20:31] *** Quits: Sentry (Quit: left EFNet)
[17:21:47] *** Joins: Sentry
[19:34:56] *** Joins: n87
[21:32:01] *** Quits: rajkosto (Read error: Connection reset by peer)
[22:12:46] *** Quits: n87 (Read error: Connection reset by peer)
