[00:23:55] *** Quits: fgsfds (Read error: Connection reset by peer)
[03:10:40] *** Quits: |Shadow| (Ping timeout: 268 seconds)
[03:13:32] *** Joins: |Shadow|
[03:41:38] *** Joins: Snetry
[03:42:57] *** Quits: Sentry (Read error: Operation timed out)
[03:42:57] *** Snetry is now known as Sentry
[04:55:33] *** Quits: refs (Quit: refs)
[05:03:05] *** Joins: Snetry
[05:04:24] *** Quits: Sentry (Read error: Operation timed out)
[05:04:24] *** Snetry is now known as Sentry
[09:18:41] *** Quits: ris2z (Excess Flood)
[09:21:04] *** Joins: ris2z
[12:24:08] *** Joins: fgsfds
[13:29:54] *** Joins: m4ts_
[13:30:25] *** Quits: m4ts (Ping timeout: 265 seconds)
[13:45:41] *** Quits: m4ts_ (Excess Flood)
[13:46:17] *** Joins: m4ts
[15:29:06] *** Quits: m4ts (Excess Flood)
[15:30:13] *** Joins: m4ts
[16:05:49] *** Quits: |Shadow| (Ping timeout: 268 seconds)
[16:08:29] *** Joins: |Shadow|
[18:53:48] *** Joins: n87
[20:03:18] *** Quits: freundTec (Quit: ZNC disconnected. Probably just rebooting my server - ZNC 1.6.6+deb1ubuntu0.2 - http://znc.in)
[20:04:31] *** Joins: freundTec
[21:59:10] *** Joins: refs
[22:08:21] *** Quits: ihaveamac (Quit: fail)
[22:10:17] *** Joins: ihaveamac
[22:15:51] *** Quits: n87 (Read error: Connection reset by peer)
[22:19:12] *** Joins: n87
[22:39:04] *** Quits: n87 (Read error: Connection reset by peer)
