[00:10:24] *** Quits: GeekShado (Ping timeout: 252 seconds)
[01:04:00] *** Quits: GerbilSof (Ping timeout: 265 seconds)
[01:05:35] *** Joins: GerbilSof
[01:45:12] *** Quits: ris2z (Excess Flood)
[01:46:30] *** Joins: ris2z
[01:55:43] *** Quits: fgsfds (Read error: Connection reset by peer)
[02:11:49] *** Joins: GeekShado
[02:21:06] *** Quits: refs (Quit: refs)
[02:50:45] *** Quits: m4ts (Excess Flood)
[02:51:51] *** Joins: m4ts
[03:03:20] *** Joins: Snetry
[03:04:40] *** Quits: Sentry (Read error: Operation timed out)
[03:04:40] *** Snetry is now known as Sentry
[03:59:55] *** Joins: Snetry
[04:01:15] *** Quits: Sentry (Read error: Connection refused)
[04:01:15] *** Snetry is now known as Sentry
[05:14:19] *** Quits: m4ts (Excess Flood)
[05:15:10] *** Joins: m4ts
[06:09:58] *** Joins: oreo639
[09:38:34] *** Quits: m4ts (Excess Flood)
[09:40:33] *** Joins: m4ts
[11:03:20] *** Quits: CCFL_Man (Ping timeout: 265 seconds)
[11:05:02] *** Joins: CCFL_Man
[11:41:18] *** Joins: fgsfds
[12:02:33] *** Quits: oreo639 (Read error: Operation timed out)
[12:03:52] *** Quits: Sentry (Read error: Operation timed out)
[12:21:19] *** Joins: Sentry
[19:19:54] *** Joins: oreo639
[19:51:45] *** Joins: n87
[20:07:36] *** Quits: n87 (Quit: Leaving)
[20:38:37] *** Quits: oreo639 (Ping timeout: 745 seconds)
[20:39:47] *** Quits: GerbilSof (Quit: Windows must now restart because the Remote Procedure Call (RPC) service terminated unexpectedly.)
[20:40:05] *** Joins: GerbilSof
[22:15:17] *** Joins: refs
[23:25:47] *** Quits: m4ts (Excess Flood)
[23:25:54] *** Joins: m4ts
