[00:41:44] *** Quits: m4ts (Excess Flood)
[00:42:24] *** Joins: m4ts
[01:25:29] *** Quits: fgsfds (Read error: Connection reset by peer)
[02:04:50] *** Joins: Snetry
[02:06:09] *** Quits: Sentry (Read error: Operation timed out)
[02:06:09] *** Snetry is now known as Sentry
[02:39:13] *** Joins: Snetry
[02:40:32] *** Quits: Sentry (Read error: Operation timed out)
[02:40:32] *** Snetry is now known as Sentry
[02:49:38] *** Quits: refs (Quit: refs)
[03:37:54] *** Joins: Snetry
[03:39:13] *** Quits: Sentry (Read error: Connection refused)
[03:39:13] *** Snetry is now known as Sentry
[11:06:59] *** Joins: fgsfds
[11:36:02] *** Quits: uyjulian (Read error: Operation timed out)
[11:36:20] *** Joins: uyjulian
[12:23:20] *** Joins: m4ts_
[12:23:22] *** Quits: m4ts (Read error: Connection reset by peer)
[14:31:07] *** Quits: lansiir (se.hub efnet.deic.eu)
[14:31:07] *** Quits: thejsa (se.hub efnet.deic.eu)
[14:31:07] *** Quits: nohit (se.hub efnet.deic.eu)
[14:31:07] *** Quits: lemmy (se.hub efnet.deic.eu)
[15:31:22] *** Joins: lansiir
[15:31:22] *** Joins: thejsa
[15:31:22] *** Joins: nohit
[15:31:22] *** Joins: lemmy
[16:05:42] *** Quits: mtheall_ (Remote host closed the connection)
[16:05:45] *** Joins: mtheall
[21:27:43] *** Joins: refs
