[00:25:26] *** Quits: fgsfds (Read error: Connection reset by peer)
[01:52:26] *** Quits: |Shadow| ()
[01:58:24] *** Joins: |Shadow|
[02:19:50] *** Quits: refs (Quit: refs)
[03:36:35] *** Joins: Snetry
[03:37:55] *** Quits: Sentry (Read error: Connection refused)
[03:37:57] *** Snetry is now known as Sentry
[06:31:26] *** Joins: rajkosto
[06:48:48] *** Joins: m4ts
[06:50:15] *** Quits: m4ts_ (Ping timeout: 265 seconds)
[09:31:19] *** Quits: rajkosto (Read error: Connection reset by peer)
[11:03:41] *** Joins: rajkosto
[12:52:08] *** Joins: fgsfds
[19:54:33] *** Quits: rajkosto (Read error: Connection reset by peer)
[20:22:22] *** Joins: dibas_
[20:31:32] *** Quits: dibas (Ping timeout: 745 seconds)
[20:31:32] *** dibas_ is now known as dibas
[21:19:14] *** Joins: m4ts_
[21:22:40] *** Quits: m4ts (Ping timeout: 265 seconds)
[21:51:04] *** Joins: refs
