[00:00:45] *** Quits: DoozerBot (Read error: Operation timed out)
[00:00:48] *** Joins: DoozerBot
[00:37:33] *** Joins: m4ts
[00:45:19] *** Quits: flagrama_ (Read error: Connection reset by peer)
[00:57:13] *** Joins: flagrama_
[01:51:32] *** Quits: SCV______ (Ping timeout: 1230 seconds)
[01:51:45] *** Joins: SCV______
[02:09:58] *** Quits: eggy (Remote host closed the connection)
[02:20:11] *** Joins: eggster
[02:46:11] *** Quits: refs (Quit: refs)
[04:08:50] *** Quits: SCV______ (Read error: Connection timed out)
[04:18:19] *** Quits: eggster (Quit: Got Milk? Don't ask.)
[04:18:37] *** Joins: eggster
[04:23:26] *** Quits: eggster (Client Quit)
[04:23:31] *** Joins: eggster
[04:23:44] *** Joins: SCV______
[04:26:29] *** eggster is now known as eggy
[04:39:35] *** Quits: Pokemod97 (Ping timeout (120 seconds))
[05:12:06] *** Quits: SCV______ (Read error: Connection timed out)
[05:26:16] *** Joins: SCV______
[07:03:20] *** Quits: ave_ (Remote host closed the connection)
[08:13:37] *** Quits: GerbilSof (Windows must now restart because the Remote Procedure Call (RPC) service terminated unexpectedly.)
[08:33:53] *** Joins: GerbilSof
[09:24:05] *** Quits: SCV______ (Read error: Connection timed out)
[09:38:45] *** Joins: SCV______
[10:05:44] *** Joins: oreo639
[10:46:38] *** Quits: oreo639 (Quit)
[12:11:37] *** Quits: SCV______ (Ping timeout: 1230 seconds)
[12:11:50] *** Joins: SCV______
[12:43:52] *** Joins: ave_
[13:14:41] *** Quits: zini (Quit: -->)
[13:16:04] *** Joins: zini
[14:24:02] *** Quits: SCV______ (Ping timeout: 1230 seconds)
[14:24:15] *** Joins: SCV______
[15:51:32] *** Quits: SCV______ (Ping timeout: 1230 seconds)
[15:51:46] *** Joins: SCV______
[16:56:18] *** Quits: |Shadow| (Ping timeout: 260 seconds)
[16:59:37] *** Joins: |Shadow|
[17:29:32] *** Quits: SCV______ (Ping timeout: 1230 seconds)
[17:29:46] *** Joins: SCV______
[18:03:24] *** Quits: ave_ (Remote host closed the connection)
[18:09:24] *** Quits: changoXPR (Read error: Connection reset by peer)
[18:13:45] *** Joins: changO-
[18:40:38] *** Joins: ave_
[20:03:52] *** Quits: SCV______ (Read error: Connection timed out)
[20:18:04] *** Joins: SCV______
[20:44:43] *** Quits: SCV______ (Read error: Connection timed out)
[20:57:43] *** Joins: SCV______
[21:22:09] *** Joins: refs
[23:14:37] *** Parts: balrog (Textual IRC Client: www.textualapp.com)
