[00:32:38] *** Quits: rajkosto (Quit: Leaving)
[00:56:14] *** Quits: oreo639 (Quit: Quit)
[02:01:16] *** Quits: giglife (Ping timeout: 265 seconds)
[02:01:21] *** Joins: giglife
[02:41:36] *** Quits: refs (Quit: refs)
[02:45:34] *** Quits: |Shadow| ()
[02:54:26] *** Joins: |Shadow|
[04:11:49] *** Joins: zombie343
[06:51:18] *** Quits: DoozerBot (Read error: Operation timed out)
[06:51:22] *** Quits: fgsfds (Leaving)
[06:51:50] *** Joins: DoozerBot
[07:23:40] *** Quits: GerbilSof (Quit: Windows must now restart because the Remote Procedure Call (RPC) service terminated unexpectedly.)
[07:33:05] *** Joins: GerbilSof
[10:58:32] *** Joins: jn_
[11:03:17] *** Quits: jn (Ping timeout: 615 seconds)
[11:52:31] *** Quits: Genolo (Read error: Connection reset by peer)
[11:52:41] *** Joins: Genolo
[11:58:03] *** Joins: n87
[14:49:15] *** Quits: n87 (Read error: Connection reset by peer)
[15:50:17] *** Quits: Shiz__ (Ping timeout: 745 seconds)
[16:00:44] *** Joins: Shiz
[17:15:07] *** Joins: n87
[19:20:07] *** Joins: fgsfds
[20:18:28] *** Joins: Kyouju
[21:26:34] *** Joins: refs
[23:50:16] *** Quits: n87 (Read error: Connection reset by peer)
[23:53:38] *** Quits: ihaveamac (Quit: fail)
[23:55:12] *** Joins: ihaveamac
