[00:24:08] *** Joins: mukunda
[00:28:57] *** Quits: GerbilSof (Quit: Windows must now restart because the Remote Procedure Call (RPC) service terminated unexpectedly.)
[00:31:16] *** Joins: GerbilSof
[00:33:42] *** Quits: GerbilSof (Client Quit)
[00:33:59] *** Joins: GerbilSof
[00:38:15] *** Joins: changoXPR
[02:43:35] *** Quits: refs (Quit: refs)
[02:58:15] *** Joins: mukunda_
[02:58:15] *** Quits: mukunda (Read error: Connection reset by peer)
[03:02:07] *** Joins: mukunda
[03:03:19] *** Quits: mukunda (Client Quit)
[03:04:49] *** Quits: mukunda_ (Ping timeout: 265 seconds)
[06:45:41] *** Quits: fgsfds (Read error: Connection reset by peer)
[10:39:36] *** Quits: changoXPR (Read error: Operation timed out)
[10:40:12] *** Joins: changoXPR
[11:06:10] *** Quits: streichho (Remote host closed the connection)
[11:06:39] *** Joins: derk0pf
[11:45:44] *** Quits: zombie343 (Read error: Operation timed out)
[11:47:02] *** Joins: zombie343
[16:46:00] *** Quits: ihaveamac (hub.efnet.us ircd.choopa.net)
[16:46:00] *** Quits: Cu3PO42 (hub.efnet.us ircd.choopa.net)
[16:46:00] *** Quits: ave_ (hub.efnet.us ircd.choopa.net)
[16:46:00] *** Quits: GrecKo (hub.efnet.us ircd.choopa.net)
[16:46:00] *** Quits: KuKzz (hub.efnet.us ircd.choopa.net)
[16:46:00] *** Quits: freundTe- (hub.efnet.us ircd.choopa.net)
[16:46:00] *** Quits: mtheall (hub.efnet.us ircd.choopa.net)
[16:46:00] *** Quits: nrq (hub.efnet.us ircd.choopa.net)
[16:46:00] *** Quits: nich (hub.efnet.us ircd.choopa.net)
[16:46:00] *** Quits: plutobot (hub.efnet.us ircd.choopa.net)
[16:46:00] *** Quits: tpw_rules (hub.efnet.us ircd.choopa.net)
[16:47:19] *** Joins: ave_
[16:47:19] *** Joins: GrecKo
[16:47:19] *** Joins: KuKzz
[16:47:19] *** Joins: freundTe-
[16:47:19] *** Joins: mtheall
[16:47:19] *** Joins: nich
[16:47:19] *** Joins: nrq
[16:47:19] *** Joins: plutobot
[16:47:19] *** Joins: tpw_rules
[16:57:14] *** Joins: ihaveamac
[16:57:14] *** Joins: Cu3PO42
[18:49:00] *** Quits: changoXPR (Quit: diarrhea in a shitty womans mouth fetish)
[20:16:38] *** Joins: fgsfds
[20:39:07] *** Joins: n87
[22:50:24] *** Quits: n87 (Read error: Connection reset by peer)
