[02:08:09] *** Joins: refs
[03:31:39] <plutobot> Wiki | Page changed: Joy-Con | User: Imp Uhrfik Simone | https://switchbrew.org/w/index.php?curid=55&diff=10966&oldid=10726
[03:41:22] <plutobot> Wiki | Page changed: Joy-Con | User: Imp Uhrfik Simone | https://switchbrew.org/w/index.php?curid=55&diff=10967&oldid=10966
[03:43:15] *** Quits: refs (Ping timeout: 186 seconds)
[03:43:55] <plutobot> Wiki | Page changed: Joy-Con | User: Imp Uhrfik Simone | https://switchbrew.org/w/index.php?curid=55&diff=10968&oldid=10967
[03:45:07] <plutobot> Wiki | Page changed: Joy-Con | User: Imp Uhrfik Simone | https://switchbrew.org/w/index.php?curid=55&diff=10969&oldid=10968
[04:47:08] *** Quits: CCFL_Man (Read error: Operation timed out)
[04:47:08] *** Quits: zombie343 (Read error: Operation timed out)
[04:47:14] *** Joins: CCFL_Man_
[04:48:59] *** Joins: derk0pf_
[04:50:56] *** Joins: zombie343
[04:51:03] *** Quits: derk0pf (Ping timeout: 260 seconds)
[04:51:03] *** Quits: |Shadow| (Ping timeout: 260 seconds)
[04:59:38] *** Joins: |Shadow|
[07:11:09] *** Quits: fgsfds (Leaving)
[08:51:04] *** Quits: GerbilSof (Quit: Windows must now restart because the Remote Procedure Call (RPC) service terminated unexpectedly.)
[09:01:04] *** Joins: GerbilSof
[12:24:46] *** Joins: Behemoth
[15:13:10] *** Joins: n87
[17:02:08] *** Quits: n87 (Read error: Connection reset by peer)
[17:38:19] *** Quits: Shiz (Read error: Connection reset by peer)
[17:40:18] *** Joins: Shiz
[18:56:48] *** Joins: fgsfds
[19:05:18] *** Joins: refs
[20:37:51] *** Joins: changoXPR
[20:42:15] *** Quits: giglife (Quit: ZNC - http://znc.in)
[20:44:34] *** Quits: changO- (Read error: Operation timed out)
[21:18:17] *** Joins: giglife
[22:01:07] *** Quits: capin4 (Quit: WeeChat 2.3)
[22:37:42] *** Joins: refsw
[22:41:20] *** Quits: refsw3 (Read error: Operation timed out)
[22:42:15] *** Quits: Snetry (Read error: Operation timed out)
[22:42:44] *** Quits: Pieman (Read error: Operation timed out)
[22:45:13] *** Joins: Snetry
[22:45:49] *** Joins: Pieman
[22:55:11] *** Joins: capin
[22:56:43] *** Quits: capin (Client Quit)
