[02:21:20] *** CCFL_Man_ is now known as CCFL_Man
[03:50:25] *** Joins: refsw`
[03:51:50] *** Joins: zini-
[03:52:17] *** Quits: derrek (Quit: This should have not happened.)
[03:52:17] *** Quits: Phils3r (Write error: Connection reset by peer)
[03:52:17] *** Quits: sh0e (Write error: Connection reset by peer)
[03:52:17] *** Quits: dibas (Write error: Connection reset by peer)
[03:52:17] *** Quits: Normmatt (Write error: Connection reset by peer)
[03:52:17] *** Quits: Whovian9- (Quit: And I'm gone.)
[03:52:17] *** Quits: uyjulian (Quit: ZNC - http://znc.in)
[03:52:17] *** Quits: lemmy (Quit: Bye)
[03:52:24] *** Joins: Phils3r
[03:52:25] *** Quits: gruetzko- (Read error: Connection reset by peer)
[03:52:45] *** Joins: dibas
[03:52:46] *** Quits: jn_ (Read error: Connection reset by peer)
[03:52:47] *** Joins: uyjulian
[03:52:49] *** Joins: Normmatt
[03:52:52] *** Joins: Whovian93
[03:52:57] *** Joins: gruetzkop
[03:53:40] *** Joins: jn
[03:59:15] *** Joins: derrek
[03:59:17] *** Joins: sh0e
[04:01:07] *** Quits: refsw (Ping timeout: 745 seconds)
[04:01:08] *** Quits: zini (Ping timeout: 745 seconds)
[04:02:18] *** Quits: SCV______ (Ping timeout: 1203 seconds)
[04:06:58] *** Quits: rjeli____ (Ping timeout: 1230 seconds)
[04:10:01] *** Joins: SCV______
[04:12:19] *** Joins: lemmy
[04:19:57] *** Joins: rjeli____
[04:54:29] *** Quits: refs (Quit: refs)
[05:34:32] *** Quits: ihaveamac (Remote host closed the connection)
[05:36:13] *** Joins: ihaveamac
[06:00:37] *** Quits: fgsfds (Read error: Connection reset by peer)
[10:13:34] *** Joins: n87
[13:31:59] *** Joins: refs
[15:29:36] *** Joins: fgsfds
[16:41:51] *** Quits: lameboy (Read error: Connection reset by peer)
[16:41:56] *** Joins: lameboy2
[16:42:01] *** lameboy2 is now known as lameboy
[19:16:18] *** Quits: changoXPR (se.hub ny.us.hub)
[19:16:18] *** Quits: cpncok3 (se.hub ny.us.hub)
[19:16:18] *** Quits: |Shadow| (se.hub ny.us.hub)
[19:16:18] *** Quits: ihaveamac (se.hub ny.us.hub)
[19:16:18] *** Quits: sh0e (se.hub ny.us.hub)
[19:16:18] *** Quits: CCFL_Man (se.hub ny.us.hub)
[19:16:18] *** Quits: Cu3PO42 (se.hub ny.us.hub)
[19:16:18] *** Quits: fgsfds (se.hub ny.us.hub)
[19:16:18] *** Quits: zini- (se.hub ny.us.hub)
[19:16:18] *** Quits: ave_ (se.hub ny.us.hub)
[19:16:18] *** Quits: GrecKo (se.hub ny.us.hub)
[19:16:18] *** Quits: KuKzz (se.hub ny.us.hub)
[19:16:18] *** Quits: freundTe- (se.hub ny.us.hub)
[19:16:18] *** Quits: mtheall (se.hub ny.us.hub)
[19:16:18] *** Quits: nrq (se.hub ny.us.hub)
[19:16:18] *** Quits: nich (se.hub ny.us.hub)
[19:16:18] *** Quits: plutobot (se.hub ny.us.hub)
[19:16:18] *** Quits: tpw_rules (se.hub ny.us.hub)
[19:16:18] *** Quits: Behemoth (se.hub ny.us.hub)
[19:16:18] *** Quits: zombie343 (se.hub ny.us.hub)
[19:16:18] *** Quits: derk0pf_ (se.hub ny.us.hub)
[19:16:18] *** Quits: Kyouju (se.hub ny.us.hub)
[19:16:18] *** Quits: DoozerBot (se.hub ny.us.hub)
[19:16:18] *** Quits: eggy (se.hub ny.us.hub)
[19:16:18] *** Quits: phigcloud (se.hub ny.us.hub)
[19:16:18] *** Quits: Lightswor (se.hub ny.us.hub)
[19:16:18] *** Quits: Jdbye (se.hub ny.us.hub)
[19:16:18] *** Quits: TurtleP (se.hub ny.us.hub)
[19:16:18] *** Quits: omlet05 (se.hub ny.us.hub)
[19:16:18] *** Quits: yls8bot (se.hub ny.us.hub)
[19:16:18] *** Quits: Surkow (se.hub ny.us.hub)
[19:16:18] *** Quits: yellows8 (se.hub ny.us.hub)
[20:03:25] *** Joins: ave_
[20:03:25] *** Joins: fgsfds
[20:03:25] *** Joins: ihaveamac
[20:03:25] *** Joins: sh0e
[20:03:25] *** Joins: zini-
[20:03:25] *** Joins: changoXPR
[20:03:25] *** Joins: Behemoth
[20:03:25] *** Joins: |Shadow|
[20:03:25] *** Joins: zombie343
[20:03:25] *** Joins: derk0pf_
[20:03:25] *** Joins: CCFL_Man
[20:03:25] *** Joins: Cu3PO42
[20:03:25] *** Joins: tpw_rules
[20:03:25] *** Joins: plutobot
[20:03:25] *** Joins: nrq
[20:03:25] *** Joins: nich
[20:03:25] *** Joins: mtheall
[20:03:25] *** Joins: freundTe-
[20:03:25] *** Joins: KuKzz
[20:03:25] *** Joins: GrecKo
[20:03:25] *** Joins: Kyouju
[20:03:25] *** Joins: DoozerBot
[20:03:25] *** Joins: eggy
[20:03:25] *** Joins: phigcloud
[20:03:25] *** Joins: Lightswor
[20:03:25] *** Joins: cpncok3
[20:03:25] *** Joins: Jdbye
[20:03:25] *** Joins: TurtleP
[20:03:25] *** Joins: omlet05
[20:03:25] *** Joins: yls8bot
[20:03:25] *** Joins: Surkow
[20:03:25] *** Joins: yellows8
[20:03:25] *** ny.us.hub sets mode: +oo yls8bot yellows8
[21:38:29] *** Quits: n87 (Read error: Connection reset by peer)
[22:15:32] *** Joins: rajkosto
[22:42:58] *** Joins: Pokemod97
