[00:36:45] *** Joins: oreo639
[01:48:42] *** Quits: oreo639 (Quit: Quit)
[02:55:15] *** Quits: refs (Ping timeout: 186 seconds)
[03:26:12] *** Joins: oreo639
[03:27:25] *** Quits: Pokemod97 (The Lounge - https://thelounge.chat)
[03:37:36] *** Quits: Genolo (Ping timeout: 252 seconds)
[03:37:54] *** Joins: Genolo
[03:41:28] *** Joins: refs
[03:43:06] *** Quits: GerbilSof (Ping timeout: 252 seconds)
[03:43:33] *** Joins: GerbilSof
[04:03:23] *** Quits: tpw_rules (Read error: Connection reset by peer)
[04:51:22] *** Quits: rajkosto (Read error: Operation timed out)
[05:25:57] *** Joins: tpw_rules
[06:06:25] *** Quits: refs (Quit: refs)
[06:15:06] *** Quits: oreo639 (Read error: Operation timed out)
[07:16:38] *** Quits: fgsfds (Read error: Connection reset by peer)
[10:26:26] *** Quits: Shiz (Ping timeout: 252 seconds)
[10:27:54] *** Quits: flagrama_ (Ping timeout: 252 seconds)
[10:29:25] *** Joins: flagrama_
[10:59:11] *** Joins: Shiz
[13:17:46] *** Joins: m4ts_
[13:18:47] *** Quits: m4ts (Ping timeout: 265 seconds)
[14:08:37] *** Joins: rajkosto
[15:48:49] *** Quits: Maylay (Quit: Pipe Terminated)
[15:56:05] *** Joins: Maylay
[18:19:00] *** Joins: oreo639
[18:31:46] *** Quits: Lightswor (Read error: Connection reset by peer)
[18:41:01] *** Joins: fgsfds
[18:47:00] *** Joins: Lightswor
[20:38:00] *** Quits: rajkosto (Read error: Operation timed out)
[21:50:07] *** Joins: refs
[22:03:35] *** Joins: rajkosto
[23:16:52] *** Quits: oreo639 (Read error: Connection reset by peer)
[23:20:21] *** Joins: oreo639
