[01:58:22] *** Quits: rajkosto (Read error: Connection reset by peer)
[02:05:14] <yls8bot> https://yls8.mtheall.com/ninupdates/reports.php?date=2021-06-08_00-05-05&sys=hac 
[02:05:54] <yls8bot> Update-details for the following hac report is now available/updated: https://yls8.mtheall.com/ninupdates/reports.php?date=2021-06-08_00-05-05&sys=hac 
[02:06:35] <ihaveamac> 12.0.3
[02:13:19] <yls8bot> Sysmodule SwIPC-generation .info files for the following hac report is now available/updated: https://yls8.mtheall.com/ninupdates/reports.php?date=2021-06-08_00-05-05&sys=hac 
[02:15:17] <plutobot> Wiki | Page changed: FirmwareNews | User: Yls8bot | https://switchbrew.org/w/index.php?curid=43&diff=10974&oldid=10944
[02:15:17] <plutobot> Wiki | New page: 12.0.3 | User: Yls8bot | https://switchbrew.org/w/index.php?curid=437
[02:15:17] <plutobot> Wiki | Page changed: Template:NavboxVersions | User: Yls8bot | https://switchbrew.org/w/index.php?curid=183&diff=10972&oldid=10933
[02:21:04] <plutobot> Wiki | Page changed: 12.0.3 | User: yls8 | https://switchbrew.org/w/index.php?curid=437&diff=10975&oldid=10973
[02:54:36] <plutobot> Wiki | Page changed: 12.0.3 | User: yls8 | https://switchbrew.org/w/index.php?curid=437&diff=10976&oldid=10975
[02:57:02] *** Quits: refs (Quit: refs)
[03:10:26] <plutobot> Wiki | Page changed: 12.0.3 | User: yls8 | https://switchbrew.org/w/index.php?curid=437&diff=10977&oldid=10976
[03:13:40] <plutobot> Wiki | Page changed: SSL services | User: yls8 | https://switchbrew.org/w/index.php?curid=145&diff=10978&oldid=10797
[03:24:45] <plutobot> Wiki | Page changed: Title list | User: Zachycatgames | https://switchbrew.org/w/index.php?curid=84&diff=10979&oldid=10935
[03:29:31] <plutobot> Wiki | Page changed: 12.0.3 | User: yls8 | https://switchbrew.org/w/index.php?curid=437&diff=10980&oldid=10977
[03:41:20] *** Joins: jn_
[03:41:20] *** Quits: jn (Read error: Connection reset by peer)
[04:51:55] *** Quits: Genolo (se.hub irc.efnet.nl)
[04:51:55] *** Quits: refsw` (se.hub irc.efnet.nl)
[04:51:55] *** Quits: Snetry (se.hub irc.efnet.nl)
[04:51:55] *** Quits: Mimoja (se.hub irc.efnet.nl)
[04:51:55] *** Quits: Retr0id (se.hub irc.efnet.nl)
[04:51:55] *** Quits: d3m3vilur (se.hub irc.efnet.nl)
[04:51:55] *** Quits: lex1 (se.hub irc.efnet.nl)
[04:51:55] *** Quits: nohit_ (se.hub irc.efnet.nl)
[04:51:55] *** Quits: rmaw (se.hub irc.efnet.nl)
[04:51:55] *** Quits: blasty (se.hub irc.efnet.nl)
[04:51:55] *** Quits: lameboy (se.hub irc.efnet.nl)
[04:51:55] *** Quits: lemmy (se.hub irc.efnet.nl)
[04:51:55] *** Quits: RaYmAn (se.hub irc.efnet.nl)
[04:51:55] *** Quits: thejsa (se.hub irc.efnet.nl)
[05:14:41] *** Joins: Genolo
[05:14:41] *** Joins: lameboy
[05:14:41] *** Joins: lemmy
[05:14:41] *** Joins: refsw`
[05:14:41] *** Joins: Mimoja
[05:14:41] *** Joins: thejsa
[05:14:41] *** Joins: RaYmAn
[05:14:41] *** Joins: Retr0id
[05:14:41] *** Joins: d3m3vilur
[05:14:41] *** Joins: nohit_
[05:14:41] *** Joins: rmaw
[05:14:41] *** Joins: blasty
[05:14:59] *** Joins: lex1
[05:17:18] *** Joins: Snetry
[05:26:49] *** Joins: Pokemod97
[05:35:23] *** Quits: fgsfds (Leaving)
[07:54:33] *** Quits: oreo639 (Ping timeout: 252 seconds)
[08:56:04] *** Joins: oreo639
[10:20:18] *** Quits: oreo639 (Read error: Operation timed out)
[10:38:11] *** Quits: lex1 (Read error: Operation timed out)
[10:39:36] *** Quits: ris2z (Remote host closed the connection)
[10:40:01] *** Joins: ris2z
[10:47:02] *** Joins: lex1
[14:01:19] *** Joins: fgsfds
[16:13:07] *** Quits: dibas (Ping timeout: 745 seconds)
[16:28:02] *** Joins: dibas
[17:31:46] <plutobot> Wiki | Page changed: 12.0.3 | User: yls8 | https://switchbrew.org/w/index.php?curid=437&diff=10981&oldid=10980
[18:19:35] *** Joins: CCFL_Man_
[18:20:49] *** Quits: CCFL_Man (Read error: Connection reset by peer)
[18:25:49] *** Quits: Cu3PO42 (Ping timeout: 496 seconds)
[18:26:53] *** Quits: Maylay (Ping timeout: 496 seconds)
[18:27:08] *** Joins: Maylay
[18:27:09] *** Quits: Maylay (Remote host closed the connection!)
[18:29:57] *** Quits: sh0e (Read error: Operation timed out)
[18:30:37] *** Quits: ihaveamac (Ping timeout: 496 seconds)
[18:31:14] *** Joins: Maylay
[18:34:45] *** Joins: sh0e
[18:36:33] *** Quits: |Shadow| (Ping timeout: 260 seconds)
[18:42:00] *** Joins: Cu3PO42
[19:07:19] *** Joins: |Shadow|
[19:21:14] <plutobot> Wiki | Page changed: SSL services | User: Hexkyz | https://switchbrew.org/w/index.php?curid=145&diff=10982&oldid=10978
[19:25:50] *** Joins: ihaveamac
[19:26:20] *** Quits: |Shadow| (Ping timeout: 260 seconds)
[19:33:35] *** Joins: ihaveama-
[19:33:35] *** Quits: ihaveamac (Read error: Connection reset by peer)
[19:46:21] *** Quits: ihaveama- (Ping timeout: 496 seconds)
[19:54:19] *** Joins: |Shadow|
[20:31:35] <plutobot> Wiki | Page changed: SSL services | User: Hexkyz | https://switchbrew.org/w/index.php?curid=145&diff=10983&oldid=10982
[20:34:18] <plutobot> Wiki | Page changed: SSL services | User: Hexkyz | https://switchbrew.org/w/index.php?curid=145&diff=10984&oldid=10983
[20:37:45] *** Joins: ihaveamac
[21:27:22] *** Joins: refs
[21:33:15] *** Joins: oreo639
[22:06:08] <plutobot> Wiki | Page changed: 12.0.3 | User: Moosehunter | https://switchbrew.org/w/index.php?curid=437&diff=10985&oldid=10981
[23:06:53] <plutobot> GitHub | New PR: btm add Devic... | User: ndeadly | https://github.com/switchbrew/libnx/pull/554
[23:54:54] *** lex1 is now known as lex
