[00:30:40] *** CCFL_Man_ is now known as CCFL_Man
[02:00:13] *** Quits: |Shadow| ()
[02:32:31] *** Joins: |Shadow|
[03:06:13] *** Quits: refs (Quit: refs)
[04:23:15] *** Quits: ris2z (Ping timeout: 186 seconds)
[04:58:59] *** Joins: ris2z
[06:22:43] *** Quits: oreo639 (Remote host closed the connection)
[06:31:50] *** Joins: mukunda
[07:51:36] *** Quits: fgsfds (Read error: Connection reset by peer)
[07:54:43] *** Quits: mukunda (Ping timeout: 604 seconds)
[09:16:38] <plutobot> GitHub | New commit | User: HamletDuFromage | https://github.com/switchbrew/nx-hbmenu/commit/aef37e10f7
[09:21:43] <plutobot> GitHub | New commit | User: Chronoss | https://github.com/switchbrew/nx-hbmenu/commit/c1640f4b54
[09:37:06] *** Quits: |Shadow| (Ping timeout: 260 seconds)
[09:40:13] *** Joins: |Shadow|
[11:22:53] *** Quits: Shiz (Ping timeout: 745 seconds)
[11:26:23] *** Quits: rjeli____ (Ping timeout: 1230 seconds)
[11:29:17] *** Quits: SCV______ (Ping timeout: 1230 seconds)
[11:32:01] *** Joins: rjeli____
[11:32:04] *** Joins: SCV______
[11:32:08] *** Quits: ave_ (Read error: Operation timed out)
[11:35:27] *** Joins: dibas_
[11:35:27] *** Quits: dibas (Read error: Connection reset by peer)
[11:35:31] *** dibas_ is now known as dibas
[11:48:04] *** Joins: jn
[11:52:03] *** Quits: jn_ (Ping timeout: 615 seconds)
[11:58:25] *** Joins: Shiz
[12:03:42] *** Quits: SCV______ (Ping timeout: 1230 seconds)
[12:03:43] *** Quits: rjeli____ (Ping timeout: 1230 seconds)
[12:10:12] *** Joins: ave_
[14:43:53] *** Joins: mukunda
[14:48:23] *** Joins: rjeli____
[14:48:24] *** Joins: SCV______
[14:58:21] *** Quits: mukunda ()
[16:01:05] *** Quits: |Shadow| (Ping timeout: 260 seconds)
[16:04:06] *** Joins: |Shadow|
[16:09:37] <plutobot> Wiki | Page changed: 12.0.3 | User: yls8 | https://switchbrew.org/w/index.php?curid=437&diff=10986&oldid=10985
[16:53:36] *** Quits: |Shadow| (Ping timeout: 260 seconds)
[16:56:30] *** Joins: lameboy2
[16:58:07] *** Joins: fgsfds
[17:01:13] *** Quits: lameboy (Read error: Operation timed out)
[17:01:16] *** lameboy2 is now known as lameboy
[17:18:28] *** Joins: lameboy2
[17:18:46] *** Quits: Lightswor (Ping timeout: 376 seconds)
[17:24:29] *** Quits: lameboy (Read error: Operation timed out)
[17:24:31] *** lameboy2 is now known as lameboy
[17:30:37] *** Joins: Lightswor
[17:32:45] *** Quits: DoozerBot (Read error: Connection reset by peer)
[17:36:29] *** Joins: DoozerBot
[17:47:02] *** Quits: changoXPR (Read error: Connection reset by peer)
[18:20:29] *** Joins: changO-
[18:48:22] *** Quits: DoozerBot (Ping timeout: 1216 seconds)
[18:50:51] *** Joins: DoozerBot
[20:41:18] *** Quits: Lightswor (Read error: Connection reset by peer)
[20:52:50] *** Quits: fgsfds (Leaving)
[20:53:09] *** Joins: fgsfds
[20:57:29] *** Quits: ihaveamac (hub.efnet.us ircd.choopa.net)
[20:57:29] *** Quits: fgsfds (hub.efnet.us ircd.choopa.net)
[20:57:29] *** Quits: ave_ (hub.efnet.us ircd.choopa.net)
[20:57:29] *** Quits: Pokemod97 (hub.efnet.us ircd.choopa.net)
[20:57:29] *** Quits: tpw_rules (hub.efnet.us ircd.choopa.net)
[20:57:29] *** Quits: zini- (hub.efnet.us ircd.choopa.net)
[20:57:29] *** Quits: GrecKo (hub.efnet.us ircd.choopa.net)
[20:57:29] *** Quits: KuKzz (hub.efnet.us ircd.choopa.net)
[20:57:29] *** Quits: freundTe- (hub.efnet.us ircd.choopa.net)
[20:57:29] *** Quits: mtheall (hub.efnet.us ircd.choopa.net)
[20:57:29] *** Quits: nrq (hub.efnet.us ircd.choopa.net)
[20:57:29] *** Quits: nich (hub.efnet.us ircd.choopa.net)
[20:57:29] *** Quits: plutobot (hub.efnet.us ircd.choopa.net)
[20:57:37] *** Quits: SCV______ (Read error: Connection reset by peer)
[20:57:38] *** Quits: rjeli____ (Read error: Connection reset by peer)
[20:59:23] *** Joins: Pokemod97
[20:59:23] *** Joins: ave_
[20:59:23] *** Joins: tpw_rules
[20:59:23] *** Joins: zini-
[20:59:23] *** Joins: GrecKo
[20:59:23] *** Joins: KuKzz
[20:59:23] *** Joins: freundTe-
[20:59:23] *** Joins: mtheall
[20:59:23] *** Joins: nich
[20:59:23] *** Joins: nrq
[20:59:23] *** Joins: plutobot
[20:59:45] *** Joins: figgis_
[21:03:30] *** Joins: refs
[21:08:51] *** Joins: ihaveamac
[21:32:49] <plutobot> GitHub | New commit | User: ndeadly | https://github.com/switchbrew/libnx/commit/373b13b7c0
[21:53:14] *** Quits: m4ts_ (Ping timeout: 265 seconds)
[22:05:40] *** Joins: m4ts
[22:10:32] *** Quits: figgis_ (Quit: Leaving)
[22:15:52] *** Joins: rajkosto
[22:16:25] *** Joins: m4ts_
[22:19:49] *** Quits: m4ts (Ping timeout: 265 seconds)
[22:44:35] *** Joins: fgsfds
[23:19:14] *** Joins: |Shadow|
[23:28:36] *** Quits: |Shadow| (Read error: Operation timed out)
[23:30:57] *** Joins: |Shadow|
