[01:22:17] *** Quits: hexkyz (Ping timeout: 745 seconds)
[01:22:47] *** Joins: hexkyz
[01:33:25] *** Joins: oreo639
[01:39:28] *** Joins: Lightswor
[02:29:43] *** Quits: refs (Quit: refs)
[02:58:11] *** Quits: DoozerBot (Read error: Operation timed out)
[03:00:23] *** Joins: DoozerBot
[03:48:53] *** Quits: fgsfds (Read error: Connection reset by peer)
[03:58:06] *** Joins: rajko
[03:58:19] *** Quits: rajko (Client Quit)
[05:02:58] *** Joins: rjeli____
[05:05:35] *** Joins: SCV______
[06:03:06] *** Quits: rajkosto (Read error: Operation timed out)
[06:25:34] *** Quits: DoozerBot (Read error: Connection reset by peer)
[06:26:25] *** Joins: DoozerBot
[07:05:31] *** Quits: GerbilSof (Quit: Windows must now restart because the Remote Procedure Call (RPC) service terminated unexpectedly.)
[07:26:02] *** Joins: GerbilSof
[08:17:23] *** Quits: oreo639 (Quit: Quit)
[12:06:36] *** Joins: n87
[13:38:41] *** Joins: rajkosto
[14:07:35] *** Joins: nohit__
[14:07:37] *** Quits: nohit_ (Read error: Connection reset by peer)
[14:07:37] *** nohit__ is now known as nohit_
[14:08:40] *** Quits: refsw` (Read error: Operation timed out)
[14:10:40] *** Joins: refsw2
[14:17:40] *** Quits: |Shadow| (Read error: Connection reset by peer)
[15:00:06] *** Joins: |Shadow|
[17:44:17] *** Joins: fgsfds
[19:00:25] *** Quits: rajkosto (Read error: Operation timed out)
[19:46:32] <plutobot> GitHub | New PR: use correct b... | User: WinterMute | https://github.com/switchbrew/libnx/pull/555
[20:07:56] <plutobot> GitHub | New commit | User: Dave Murphy | https://github.com/switchbrew/libnx/commit/84b92d9e64
[20:31:24] *** Joins: rajkosto
[21:43:31] *** Joins: refs
[21:51:33] *** Quits: n87 (Read error: Connection reset by peer)
[23:07:15] *** Quits: jn (Read error: Connection reset by peer)
[23:08:42] *** Joins: jn
