[01:05:19] *** Quits: jn (Read error: Connection reset by peer)
[01:05:41] *** Joins: jn
[01:34:48] *** Joins: jn_
[01:38:52] *** Quits: jn (Ping timeout: 615 seconds)
[01:52:38] *** Joins: cpnc0ke
[01:56:00] *** Quits: cpncok3 (Ping timeout: 501 seconds)
[02:46:51] *** Quits: refs (Quit: refs)
[06:28:13] *** Quits: SCV______ (Ping timeout: 1230 seconds)
[06:28:18] *** Joins: SCV______
[06:36:38] *** Quits: rjeli____ (Ping timeout: 1246 seconds)
[07:03:00] *** Joins: rjeli____
[07:23:03] *** Quits: hexkyz (Ping timeout: 745 seconds)
[07:23:53] *** Joins: hexkyz
[07:36:45] *** Quits: rajkosto (Ping timeout: 604 seconds)
[07:48:54] *** Quits: fgsfds (Quit: Leaving)
[08:48:48] *** Quits: hexkyz (Ping timeout: 745 seconds)
[08:49:37] *** Joins: hexkyz
[09:17:23] *** Quits: hexkyz (Ping timeout: 745 seconds)
[09:18:42] *** Joins: hexkyz
[09:36:38] *** Quits: hexkyz (Ping timeout: 745 seconds)
[09:38:24] *** Joins: hexkyz
[09:51:13] *** Quits: hexkyz (Ping timeout: 745 seconds)
[09:51:13] *** Quits: SCV______ (Ping timeout: 1230 seconds)
[09:51:26] *** Joins: SCV______
[09:52:59] *** Joins: hexkyz
[10:05:48] *** Quits: hexkyz (Ping timeout: 745 seconds)
[10:05:53] *** Joins: hexkyz
[10:29:08] *** Quits: hexkyz (Ping timeout: 745 seconds)
[10:30:28] *** Joins: hexkyz
[10:49:33] *** Quits: hexkyz (Ping timeout: 745 seconds)
[10:50:24] *** Joins: hexkyz
[10:52:24] *** Quits: SCV______ (Read error: Connection timed out)
[10:53:07] *** Joins: SCV______
[11:03:33] *** Quits: hexkyz (Ping timeout: 745 seconds)
[11:04:20] *** Joins: hexkyz
[11:23:58] *** Quits: hexkyz (Ping timeout: 745 seconds)
[11:24:17] *** Joins: hexkyz
[16:00:48] *** Joins: rajkosto
[16:11:08] *** Joins: n87
[18:08:27] <plutobot> GitHub | New commit | User: fincs | https://github.com/switchbrew/libnx/commit/cfdd847f11
[18:15:13] *** Quits: hexkyz (Ping timeout: 745 seconds)
[18:18:04] *** Joins: hexkyz
[18:23:25] *** Quits: hexkyz (Quit: blargh!)
[18:44:47] *** Joins: hexkyz
[18:46:47] *** Joins: fgsfds
[19:04:13] *** Quits: hexkyz (Ping timeout: 745 seconds)
[19:05:33] *** Joins: hexkyz
[19:18:13] *** Quits: hexkyz (Ping timeout: 745 seconds)
[19:18:28] *** Joins: hexkyz
[19:31:38] *** Quits: hexkyz (Ping timeout: 745 seconds)
[19:32:54] *** Joins: hexkyz
[19:41:43] <plutobot> Wiki | Page changed: Audio services | User: ByLaws | https://switchbrew.org/w/index.php?curid=264&diff=10987&oldid=10791
[19:45:38] *** Quits: hexkyz (Ping timeout: 745 seconds)
[19:45:56] *** Joins: hexkyz
[19:59:03] *** Quits: hexkyz (Ping timeout: 745 seconds)
[19:59:22] *** Joins: hexkyz
[20:12:27] *** Quits: hexkyz (Ping timeout: 745 seconds)
[20:13:18] *** Joins: hexkyz
[20:13:38] *** Quits: SCV______ (Ping timeout: 1230 seconds)
[20:13:51] *** Joins: SCV______
[20:24:54] *** Joins: oreo639
[21:02:11] *** Quits: rajkosto (Ping timeout: 265 seconds)
[22:27:38] *** Joins: rajkosto
[22:55:33] *** Joins: refs
