[00:22:11] *** Quits: refs (Ping timeout: 186 seconds)
[00:29:17] *** Quits: n87 (Read error: Connection reset by peer)
[00:47:13] *** Quits: SCV______ (Ping timeout: 1230 seconds)
[00:47:25] *** Joins: SCV______
[04:53:08] *** Quits: rajkosto (Read error: Connection reset by peer)
[06:31:52] *** Quits: fgsfds (Read error: Connection reset by peer)
[06:44:48] *** Quits: SCV______ (Ping timeout: 1230 seconds)
[06:45:03] *** Joins: SCV______
[06:53:52] *** Quits: GerbilSof (Quit: Windows must now restart because the Remote Procedure Call (RPC) service terminated unexpectedly.)
[06:56:02] *** Joins: GerbilSof
[09:39:56] *** Quits: oreo639 (Ping timeout: 857 seconds)
[09:50:53] *** Quits: hexkyz (Ping timeout: 745 seconds)
[09:52:44] *** Joins: hexkyz
[10:29:58] *** Quits: hexkyz (Ping timeout: 745 seconds)
[10:31:16] *** Joins: hexkyz
[11:03:06] *** Joins: n87
[13:45:32] *** Quits: n87 (Read error: Connection reset by peer)
[16:26:30] *** Joins: n87
[16:39:13] <plutobot> GitHub | New commit | User: fincs | https://github.com/switchbrew/libnx/commit/b17873d071
[16:42:34] *** Quits: SCV______ (Read error: Connection timed out)
[16:50:51] *** Joins: SCV______
[17:57:40] <plutobot> Wiki | Page changed: News/Archive | User: Fincs | https://switchbrew.org/w/index.php?curid=114&diff=10988&oldid=10971
[17:58:10] <plutobot> Wiki | Page changed: News | User: Fincs | https://switchbrew.org/w/index.php?curid=41&diff=10989&oldid=10970
[18:20:02] *** Joins: refs
[19:01:21] *** Joins: fgsfds
[21:00:53] *** Joins: oreo639
[22:12:51] *** Quits: n87 (Read error: Connection reset by peer)
[22:26:40] *** Quits: zini- (-->)
[22:29:53] *** Joins: zini
