[00:37:50] *** Quits: GerbilSof (Remote host closed the connection)
[01:14:11] *** Quits: Generic (Ping timeout: 604 seconds)
[01:25:05] *** Joins: Generic
[01:58:28] *** Joins: changoXPR
[02:12:11] *** Quits: flagrama_ (Ping timeout: 265 seconds)
[02:17:06] *** Joins: flagrama_
[02:42:07] *** Quits: changoXPR (Read error: Connection reset by peer)
[02:42:11] *** Quits: changO- (Read error: Connection reset by peer)
[04:00:15] *** Quits: Generic (Quit: Generic)
[04:41:34] *** Quits: refs (Quit: refs)
[04:56:46] *** Quits: fgsfds (Read error: Connection reset by peer)
[04:58:41] *** Quits: rajkosto (Quit: Leaving)
[05:51:01] *** Joins: rajkosto
[05:52:15] *** Joins: rajko
[05:58:49] *** Quits: rajkosto (Read error: Operation timed out)
[06:02:43] *** Quits: SCV______ (Ping timeout: 1230 seconds)
[06:02:56] *** Joins: SCV______
[06:09:20] *** Joins: oreo639
[06:38:18] *** Quits: hexkyz (Ping timeout: 745 seconds)
[06:38:38] *** Joins: hexkyz
[06:51:43] *** Quits: hexkyz (Ping timeout: 745 seconds)
[06:53:34] *** Joins: hexkyz
[07:06:18] *** Quits: hexkyz (Ping timeout: 745 seconds)
[07:07:37] *** Joins: hexkyz
[07:20:18] *** Quits: hexkyz (Ping timeout: 745 seconds)
[07:21:34] *** Joins: hexkyz
[07:34:18] *** Quits: hexkyz (Ping timeout: 745 seconds)
[07:34:37] *** Joins: hexkyz
[07:47:43] *** Quits: hexkyz (Ping timeout: 745 seconds)
[07:49:01] *** Joins: hexkyz
[08:02:18] *** Quits: hexkyz (Ping timeout: 745 seconds)
[08:03:08] *** Joins: hexkyz
[08:22:08] *** Quits: SCV______ (Ping timeout: 1230 seconds)
[08:22:23] *** Joins: SCV______
[08:23:18] *** Quits: hexkyz (Ping timeout: 745 seconds)
[08:24:37] *** Joins: hexkyz
[08:41:26] *** Quits: Lightswor (Read error: Connection reset by peer)
[08:41:40] *** Joins: Lightswor
[08:57:34] *** Joins: Whovian9-
[08:57:34] *** Quits: Whovian93 (Read error: Connection reset by peer)
[09:04:02] *** Quits: rajko (Read error: Operation timed out)
[10:36:18] *** Quits: hexkyz (Ping timeout: 745 seconds)
[10:39:08] *** Joins: hexkyz
[10:49:08] *** Quits: SCV______ (Ping timeout: 1230 seconds)
[10:49:25] *** Joins: SCV______
[11:54:22] *** Quits: oreo639 (Quit: Quit)
[12:54:59] *** Quits: |Shadow| (Ping timeout: 260 seconds)
[13:00:59] *** Joins: |Shadow|
[13:09:08] *** Quits: SCV______ (Ping timeout: 1230 seconds)
[13:09:21] *** Joins: SCV______
[13:18:05] *** Joins: m4ts
[13:19:40] *** Quits: m4ts_ (Ping timeout: 265 seconds)
[17:26:03] *** Joins: GerbilSof
[17:42:43] *** Quits: SCV______ (Ping timeout: 1230 seconds)
[17:42:56] *** Joins: SCV______
[18:02:19] *** Joins: fgsfds
[18:10:29] *** Quits: refsw3 (Quit: refsw3)
[19:39:40] *** Joins: refsw
[19:55:04] *** Joins: rajko
[20:07:28] *** Quits: |Shadow| (hub.efnet.us irc.Prison.NET)
[20:17:47] *** Joins: |Shadow|
[20:43:23] <plutobot> Wiki | Page changed: Error codes | User: Hexkyz | https://switchbrew.org/w/index.php?curid=82&diff=10990&oldid=10963
[21:13:03] *** Joins: oreo639
[21:14:34] *** Quits: refsw (Read error: Operation timed out)
[21:17:30] *** Joins: refsw
[21:19:46] *** Quits: blasty (Read error: Connection reset by peer)
[21:26:18] *** Joins: blasty
[21:26:19] *** Quits: rmaw (Read error: Connection reset by peer)
[21:30:14] *** Quits: Genolo (Ping timeout: 857 seconds)
[21:30:38] *** Joins: Genolo
[21:39:01] *** Quits: d3m3vilur (Read error: Operation timed out)
[21:39:15] *** Joins: blasty_
[21:40:00] *** Quits: blasty (Read error: Operation timed out)
[21:40:04] *** Quits: lex (Read error: Operation timed out)
[21:41:34] *** Quits: nohit_ (Read error: Operation timed out)
[21:41:50] *** Joins: lex1
[21:42:12] *** Quits: Mimoja (Read error: Connection reset by peer)
[21:45:11] *** Quits: Snetry (Ping timeout: 857 seconds)
[21:45:21] *** Quits: blasty_ (Remote host closed the connection)
[21:45:29] *** Joins: blasty
[21:47:59] *** Joins: Mimoja
[21:51:37] *** Joins: d3m3vilur
[21:56:33] *** Quits: blasty (Remote host closed the connection)
[21:58:21] *** Joins: Snetry
[21:59:33] *** Joins: rmaw
[22:02:18] *** Quits: Retr0id (Read error: Connection reset by peer)
[22:05:00] *** Joins: Retr0id
[22:10:44] *** Joins: nohit_
[22:19:13] *** Quits: SCV______ (Ping timeout: 1230 seconds)
[22:19:26] *** Joins: SCV______
[22:19:46] *** Joins: blasty
