[00:17:57] *** Joins: refs
[02:52:16] *** Quits: refs (Quit: refs)
[03:09:12] *** Quits: ave_ (Read error: Operation timed out)
[03:59:02] *** Joins: changO-
[04:23:05] *** Joins: ave_
[04:41:37] *** Quits: rajko (Read error: Operation timed out)
[04:42:12] *** Joins: changoXPR
[04:44:59] *** Quits: changO- (Read error: Operation timed out)
[06:03:11] *** Quits: Maylay (Ping timeout: 604 seconds)
[06:10:40] *** Joins: Retr0id_
[06:13:51] *** Joins: Maylay
[06:20:51] *** Quits: Retr0id_ (Quit: Leaving)
[06:50:30] *** Quits: fgsfds (Ping timeout: 376 seconds)
[09:18:55] *** Quits: oreo639 (Quit: No Ping reply in 180 seconds.)
[09:20:12] *** Joins: oreo639
[10:14:59] *** Quits: |Shadow| (Read error: Connection reset by peer)
[10:20:15] *** Joins: |Shadow|
[10:25:25] *** Joins: n87
[12:05:35] *** Quits: oreo639 (Quit: Quit)
[13:32:24] *** Quits: refsw (Quit: refsw)
[15:20:14] *** Quits: changoXPR (Ping timeout: 496 seconds)
[15:47:28] *** Joins: changO-
[15:54:20] *** Joins: changoXPR
[15:58:38] *** Quits: changO- (Read error: Operation timed out)
[17:16:47] *** Joins: fgsfds
[18:09:17] *** Quits: n87 (Quit: Leaving)
[18:31:35] *** Joins: IShaDoWl
[18:36:54] *** Quits: IShaDoWl ()
[20:05:58] *** Joins: refsw
[21:24:22] *** Joins: refs
[21:44:10] *** Quits: KuKzz (Read error: Operation timed out)
[21:55:22] *** Joins: KuKzz
[22:26:04] *** Joins: rajkosto
[22:32:53] *** Joins: IShaDoWl
[22:58:13] *** Quits: rajkosto (Leaving)
[22:58:30] *** Joins: rajkosto
[22:58:46] *** Quits: rajkosto (Client Quit)
[22:59:05] *** Joins: rajkosto
[23:44:56] *** Joins: oreo639
[23:45:09] *** Quits: rajkosto (Leaving)
[23:45:26] *** Joins: rajkosto
[23:56:32] *** Quits: rajkosto (Leaving)
[23:56:51] *** Joins: rajkosto
