[00:27:11] *** Quits: rajkosto (Leaving)
[02:14:10] *** Quits: oreo639 (Quit: No Ping reply in 180 seconds.)
[02:14:29] *** Joins: oreo639
[02:45:20] *** Quits: refs (Quit: refs)
[04:59:12] *** Joins: changO-
[07:05:21] *** Quits: fgsfds (Quit: Leaving)
[07:47:21] *** Quits: oreo639 (Remote host closed the connection)
[07:48:08] *** Joins: oreo639
[09:55:34] *** Joins: n87
[10:28:33] *** Quits: Extrems (Ping timeout: 492 seconds)
[10:40:54] *** Quits: oreo639 (Quit: No Ping reply in 180 seconds.)
[10:41:11] *** Joins: oreo639
[10:42:40] *** Joins: Extrems
[11:13:20] *** Quits: n87 (Quit: Leaving)
[11:13:32] *** Joins: n87
[11:51:33] *** Quits: |Shadow| ()
[12:03:18] *** Joins: |Shadow|
[12:13:09] *** Quits: changoXPR (ny.us.hub irc.colosolutions.net)
[12:13:09] *** Quits: cpnc0ke (ny.us.hub irc.colosolutions.net)
[12:13:09] *** Quits: Cu3PO42 (ny.us.hub irc.colosolutions.net)
[12:13:14] *** Joins: cpnc0ke
[12:19:00] *** Joins: changoXPR
[12:21:27] *** Joins: Cu3PO42
[12:34:05] *** Quits: oreo639 (Ping timeout: 492 seconds)
[13:00:06] *** Quits: IShaDoWl ()
[13:09:42] *** Quits: DacoTaco (Ping timeout: 265 seconds)
[13:29:10] *** Joins: IShaDoWl
[13:30:16] *** Joins: n87_2
[13:32:54] *** Quits: n87 (Ping timeout: 265 seconds)
[13:44:08] *** Quits: IShaDoWl ()
[13:44:25] *** Joins: IShaDoWl
[13:44:26] *** Quits: IShaDoWl (Client Quit)
[13:59:32] *** Joins: IShaDoWl
[14:05:16] *** Quits: n87_2 (Read error: Connection reset by peer)
[14:12:53] *** Quits: changO- (Read error: Operation timed out)
[14:13:23] *** Joins: changO-
[16:45:43] *** Joins: n87
[16:49:07] *** Joins: DacoTaco
[17:31:34] *** Quits: Pokemod97 (The Lounge - https://thelounge.chat)
[17:58:13] *** Quits: DacoTaco (ZNC 1.6.5+deb1 - http://znc.in)
[18:27:20] <changO-> I've been working on my new mentally ill human project, would appreciate if you checked out my live viewwing gon on right now: https://youtu.be/_QrWjjOcuTU
[18:28:57] *** Quits: n87 (Read error: Connection reset by peer)
[18:31:04] *** Quits: changoXPR (Read error: Operation timed out)
[18:31:18] *** Quits: changO- (Read error: Operation timed out)
[18:45:46] *** Joins: DacoTaco
[19:37:28] *** Quits: Cu3PO42 (ircd.choopa.net irc.colosolutions.net)
[19:37:28] *** Quits: cpnc0ke (ircd.choopa.net irc.colosolutions.net)
[19:39:01] *** Joins: Cu3PO42
[19:39:01] *** Joins: cpnc0ke
[19:44:40] *** Joins: oreo639
[19:46:25] *** Joins: fgsfds
[21:33:00] *** Joins: refs
