[02:41:01] *** Quits: refs (Quit: refs)
[04:17:50] *** Joins: Pokemod97
[05:12:06] *** Quits: zombie343 ()
[05:21:38] *** Quits: phigcloud (Ping timeout: 260 seconds)
[05:21:59] *** Joins: phigcloud
[06:50:54] *** Quits: fgsfds (Read error: Connection reset by peer)
[11:53:48] *** Quits: oreo639 (Ping timeout: 252 seconds)
[11:58:24] *** Joins: n87
[12:39:54] *** Quits: DacoTaco (Read error: Operation timed out)
[12:43:05] *** Joins: DacoTaco
[16:44:55] *** Joins: fgsfds
[18:37:22] *** Joins: changO-
[18:43:49] *** Joins: usineur
[19:35:32] *** Joins: giglife_
[19:35:44] *** Quits: giglife (Ping timeout: 265 seconds)
[19:35:44] *** giglife_ is now known as giglife
[19:39:03] *** Joins: giglife_
[19:40:34] *** Quits: giglife (Ping timeout: 265 seconds)
[19:43:05] *** Joins: giglife
[19:43:12] *** Quits: giglife_ (Read error: Operation timed out)
[19:55:08] <plutobot> Wiki | Page changed: Title list | User: Hexkyz | https://switchbrew.org/w/index.php?curid=84&diff=10991&oldid=10979
[19:55:39] <plutobot> Wiki | Page changed: Title list | User: Hexkyz | https://switchbrew.org/w/index.php?curid=84&diff=10992&oldid=10991
[19:57:51] <plutobot> Wiki | Page changed: Title list/Games | User: Hexkyz | https://switchbrew.org/w/index.php?curid=118&diff=10993&oldid=10012
[20:06:28] *** Quits: n87 (Read error: Connection reset by peer)
[20:15:19] <plutobot> Wiki | Page changed: Title list | User: Hexkyz | https://switchbrew.org/w/index.php?curid=84&diff=10994&oldid=10992
[20:16:40] <plutobot> Wiki | Page changed: Title list | User: Hexkyz | https://switchbrew.org/w/index.php?curid=84&diff=10995&oldid=10994
[20:57:38] *** Joins: oreo639
[21:11:03] <plutobot> Wiki | Page changed: Title list | User: Hexkyz | https://switchbrew.org/w/index.php?curid=84&diff=10996&oldid=10995
[21:21:48] <plutobot> Wiki | Page changed: Title list | User: Hexkyz | https://switchbrew.org/w/index.php?curid=84&diff=10997&oldid=10996
[21:29:21] <plutobot> Wiki | Page changed: Title list | User: Hexkyz | https://switchbrew.org/w/index.php?curid=84&diff=10998&oldid=10997
[21:36:20] <plutobot> Wiki | Page changed: Title list | User: Hexkyz | https://switchbrew.org/w/index.php?curid=84&diff=10999&oldid=10998
[21:44:53] <plutobot> Wiki | Page changed: Title list | User: Hexkyz | https://switchbrew.org/w/index.php?curid=84&diff=11000&oldid=10999
[21:51:01] <plutobot> Wiki | Page changed: Title list | User: Hexkyz | https://switchbrew.org/w/index.php?curid=84&diff=11001&oldid=11000
[23:01:15] *** Joins: refs
[23:39:21] *** Quits: refs (Quit: refs)
[23:45:45] *** Quits: usineur (Quit: leaving)
