[00:18:02] *** Joins: Generic
[00:44:44] *** Quits: KuKzz ()
[00:44:49] *** Joins: KuKzz
[02:33:14] *** Joins: changO-
[02:44:49] *** Quits: Generic (Remote host closed the connection)
[02:45:31] *** Joins: Generic
[03:35:35] *** Quits: Generic (Quit: Generic)
[04:04:33] *** Quits: refs (Quit: refs)
[04:42:01] *** Quits: fgsfds (Read error: Connection reset by peer)
[06:17:49] *** Quits: fincs (Read error: Operation timed out)
[06:17:53] *** Joins: fincs
[08:32:52] *** Joins: rajkosto
[09:50:57] *** Joins: oreo639
[09:53:30] *** Quits: oreo639 (Client Quit)
[09:53:44] *** Joins: oreo639
[12:06:10] *** Quits: oreo639 (Ping timeout: 492 seconds)
[12:40:06] <plutobot> GitHub | New commit | User: fincs | https://github.com/switchbrew/libnx/commit/982aef9ea5
[13:07:10] *** Quits: rajkosto (Ping timeout: 265 seconds)
[13:45:55] *** Joins: ground_
[13:55:02] *** Joins: fgsfds
[16:17:43] *** Quits: Snetry (Read error: Connection reset by peer)
[16:18:23] *** Joins: Snetry
[20:31:24] *** Quits: oldtopman (Read error: Operation timed out)
[20:59:04] *** Joins: oldtopman
[22:45:19] *** Joins: rajkosto
