[00:15:02] *** Quits: Phils3r (Quit: ZNC - https://znc.in)
[00:15:11] *** Joins: Phils3r
[01:11:14] *** Quits: ground_ (Quit: Leaving)
[01:43:35] *** Quits: sh0e (Read error: Operation timed out)
[03:07:47] *** Joins: Pokemod97
[04:18:38] *** Quits: rajkosto (Read error: Connection reset by peer)
[05:35:15] *** Quits: zini (Ping timeout: 186 seconds)
[05:46:48] *** Quits: GerbilSof (Quit: Windows must now restart because the Remote Procedure Call (RPC) service terminated unexpectedly.)
[05:47:03] *** Joins: GerbilSof
[07:16:32] *** Joins: sh0e
[07:27:47] *** Quits: fgsfds (Read error: Connection reset by peer)
[12:36:45] *** Quits: KuKzz (Ping timeout: 260 seconds)
[12:42:32] *** Quits: Pieman (se.hub irc.swepipe.se)
[12:42:32] *** Quits: usineur__ (se.hub irc.swepipe.se)
[12:42:32] *** Quits: mtheall (se.hub irc.swepipe.se)
[12:53:13] *** Joins: Pieman
[12:53:13] *** Joins: usineur__
[12:53:13] *** Joins: mtheall
[12:56:35] *** Quits: GerbilSof (Ping timeout: 260 seconds)
[13:19:35] *** Quits: m4ts (Ping timeout: 265 seconds)
[13:20:01] *** Joins: m4ts
[14:13:23] *** Quits: Snetry (Read error: Connection reset by peer)
[14:16:01] *** Joins: Snetry
[14:53:48] *** Joins: GerbilSof
[16:13:04] *** Quits: IShaDoWl ()
[16:19:42] *** Joins: IShaDoWl
[16:38:09] *** Joins: n87
[16:47:27] *** Quits: IShaDoWl (Read error: Operation timed out)
[16:48:10] *** Quits: |Shadow| (Ping timeout: 260 seconds)
[16:55:34] *** Joins: |Shadow|
[17:01:23] *** Joins: fgsfds
[17:02:07] *** Joins: IShaDoWl
[20:29:38] *** Quits: GerbilSof (Read error: Operation timed out)
[20:52:40] *** Joins: lieknowai
[20:53:05] *** Quits: lieknowai (Client Quit)
[20:53:30] <plutobot> Wiki | Page changed: System Version Title | User: Zachycatgames | https://switchbrew.org/w/index.php?curid=116&diff=11008&oldid=10949
[21:30:07] *** Joins: refs
[22:51:36] *** Quits: n87 (Read error: Connection reset by peer)
