[02:33:12] *** Joins: GerbilSof
[02:43:58] *** Quits: refs (Quit: refs)
[05:20:58] *** Quits: rjeli____ (Ping timeout: 1230 seconds)
[05:22:56] *** Joins: rjeli____
[05:42:41] *** Quits: fgsfds (Ping timeout: 265 seconds)
[06:30:56] *** Quits: |Shadow| (Ping timeout: 260 seconds)
[06:34:18] *** Joins: |Shadow|
[12:18:58] *** Joins: n87
[12:42:27] *** Joins: zini
[13:02:02] *** Quits: thomasnet (Ping timeout: 265 seconds)
[13:21:07] *** Joins: thomasnet
[13:31:58] *** Quits: n87 (Read error: Connection reset by peer)
[14:13:57] *** Quits: Surkow (Read error: Operation timed out)
[15:05:38] *** Quits: GerbilSof (Quit: Windows must now restart because the Remote Procedure Call (RPC) service terminated unexpectedly.)
[15:05:59] *** Joins: GerbilSof
[16:05:15] *** Joins: Surkow
[16:48:51] *** Joins: n87
[17:44:41] *** Quits: n87 (Read error: Connection reset by peer)
[17:45:09] *** Joins: fgsfds
[17:47:20] *** Parts: Behemoth (Left)
[17:47:21] *** Joins: Behemoth
[19:47:37] <plutobot> GitHub | New commit | User: fincs | https://github.com/switchbrew/libnx/commit/3c9a623b24
[20:33:20] *** Joins: n87
[20:53:38] *** Quits: IShaDoWl ()
[21:01:01] *** Joins: IShaDoWl
[21:25:49] *** Joins: refs
[23:41:19] *** Quits: sh0e (Bye.)
[23:43:40] *** Joins: sh0e
