[00:20:13] *** Quits: n87 (Read error: Connection reset by peer)
[02:55:19] *** Quits: refs (Quit: refs)
[06:13:13] *** Joins: changoXPR
[06:18:32] *** Quits: changO- (Read error: Operation timed out)
[06:42:53] *** Joins: changO-
[06:48:27] *** Quits: changoXPR (Read error: Operation timed out)
[07:38:39] *** Quits: fgsfds (Read error: Connection reset by peer)
[08:12:21] *** Quits: |Shadow| (Ping timeout: 260 seconds)
[08:15:28] *** Joins: |Shadow|
[10:50:34] *** Joins: rajkosto
[10:59:28] *** Joins: n87
[11:48:29] *** Quits: n87 (Read error: Connection reset by peer)
[13:09:59] *** Joins: jn
[13:15:28] *** Quits: jn_ (Ping timeout: 615 seconds)
[13:50:36] *** Joins: fgsfds
[14:01:19] *** Joins: n87
[16:10:45] *** Quits: rajkosto (Read error: Operation timed out)
[17:39:37] *** Joins: rajkosto
[20:35:29] *** Quits: rajkosto (Read error: Operation timed out)
[21:09:04] *** Quits: GerbilSof (Quit: Windows must now restart because the Remote Procedure Call (RPC) service terminated unexpectedly.)
[21:09:36] *** Joins: GerbilSof
[21:40:44] *** Joins: refs
[22:25:14] *** Joins: oreo639
[23:11:10] *** Quits: changO- (Quit: diarrhea in a shitty womans mouth fetish)
[23:12:51] *** Quits: n87 (Read error: Connection reset by peer)
[23:14:56] *** Joins: changO-
[23:21:47] *** Quits: changO- (Read error: Operation timed out)
[23:36:03] *** Quits: Pokemod97 (The Lounge - https://thelounge.chat)
[23:37:32] *** Joins: Pokemod97
