[01:49:07] *** Quits: GerbilSof (Read error: Connection reset by peer)
[01:52:18] *** Quits: refs (Quit: refs)
[02:30:45] *** Quits: oreo639 (Remote host closed the connection)
[02:47:10] *** Joins: changO-
[03:02:27] *** Quits: changO- (Read error: Operation timed out)
[05:09:56] *** Joins: changO-
[05:10:59] *** Joins: changoXPR
[05:16:22] *** Quits: changO- (Quit: diarrhea in a shitty womans mouth fetish)
[05:18:35] *** Joins: rajkosto
[05:20:41] *** Joins: cpncok3
[05:22:07] *** Quits: cpnc0ke (Ping timeout: 501 seconds)
[06:25:23] *** Quits: changoXPR (Read error: Operation timed out)
[08:31:18] *** Joins: lameboy2
[08:31:47] *** Quits: lameboy (Ping timeout: 186 seconds)
[08:31:55] *** lameboy2 is now known as lameboy
[08:35:51] *** Joins: lameboy2
[08:44:26] *** Quits: fgsfds (Read error: Connection reset by peer)
[08:45:51] *** Quits: rajkosto (irc.efnet.nl efnet.deic.eu)
[08:45:51] *** Quits: RaYmAn (irc.efnet.nl efnet.deic.eu)
[08:45:51] *** Quits: lemmy (irc.efnet.nl efnet.deic.eu)
[08:46:06] *** Quits: lameboy (Ping timeout: 744 seconds)
[08:47:27] *** Joins: lameboy
[08:50:54] *** Quits: lameboy2 (Ping timeout: 744 seconds)
[08:51:49] *** Joins: rajko
[08:56:26] *** Joins: rajkosto
[08:56:26] *** Joins: lemmy
[08:56:37] *** Quits: rajkosto (Ping timeout: 604 seconds)
[09:50:02] *** Joins: n87
[10:27:48] *** Joins: lameboy2
[10:28:12] *** Joins: n87_2
[10:30:56] *** Quits: n87 (Ping timeout: 265 seconds)
[10:30:56] *** Quits: lameboy (Ping timeout: 265 seconds)
[10:30:59] *** lameboy2 is now known as lameboy
[10:34:01] *** Quits: averne (quit)
[10:34:16] *** Joins: averne_
[10:34:16] *** Server sets mode: +stn 
[10:34:19] *** Quits: averne (Ping timeout: 265 seconds)
[10:34:19] *** averne_ is now known as averne
[10:34:19] *** Joins: IShaDoWl
[10:37:44] *** Quits: |Shadow| ()
[10:38:01] *** Joins: |Shadow|
[11:22:13] *** Joins: RaYmAn
[11:43:43] *** Joins: thomasnet
[11:46:45] *** Quits: sh0e (Bye.)
[11:47:13] *** Joins: n87
[11:49:26] *** Joins: sh0e
[11:50:05] *** Quits: DacoTaco (Ping timeout: 319 seconds)
[11:50:05] *** Quits: nrq (Ping timeout: 319 seconds)
[11:50:39] *** Joins: nrq
[11:51:20] *** Quits: RaYmAn (irc.efnet.nl efnet.deic.eu)
[11:51:21] *** Quits: n87_2 (irc.efnet.nl efnet.deic.eu)
[11:51:21] *** Quits: lemmy (irc.efnet.nl efnet.deic.eu)
[11:53:25] *** Quits: Cu3PO42 (Ping timeout: 320 seconds)
[11:54:29] *** Quits: rajko (Read error: Operation timed out)
[11:55:00] *** Quits: WntrMute (Ping timeout: 316 seconds)
[11:55:12] *** Quits: n87 (Read error: Operation timed out)
[11:55:32] *** Joins: DacoTaco
[11:56:00] *** Quits: Pokemod97 (Read error: Operation timed out)
[11:56:06] *** Quits: j0hny5 (Read error: Operation timed out)
[11:56:37] *** Quits: oldtopman (Read error: Operation timed out)
[11:57:03] *** Joins: oldtopman
[11:57:08] *** Joins: WntrMute
[11:57:11] *** yls8bot sets mode: +o WntrMute
[11:57:52] *** Quits: freundTe- (Read error: Operation timed out)
[11:57:57] *** Joins: freundTec
[11:58:10] *** Joins: Cu3PO42
[11:58:16] *** Quits: GeekShado (Ping timeout: 316 seconds)
[12:01:35] *** Quits: nich (Ping timeout: 600 seconds)
[12:02:20] *** Joins: j0hny5
[12:03:32] *** Joins: GeekShado
[12:15:13] *** Joins: lemmy
[12:17:23] *** Joins: nich
[13:46:54] *** Joins: changO-
[13:53:54] *** Joins: n87
[14:49:42] *** Joins: fgsfds
[15:16:40] <plutobot> GitHub | New PR: Fix IPv edge ... | User: StephenCWills | https://github.com/switchbrew/libnx/pull/558
[15:29:18] *** Joins: RaYmAn
[16:14:55] *** Quits: n87 (Read error: Connection reset by peer)
[17:03:35] *** Joins: jsa_
[17:03:48] *** Joins: GerbilSof
[17:11:23] *** Quits: thejsa (Ping timeout: 745 seconds)
[17:35:20] *** Quits: rjeli____ (Ping timeout: 1230 seconds)
[17:35:35] *** Joins: rjeli____
[19:30:54] *** Joins: n87
[19:32:12] *** Joins: refs
[20:37:18] *** Quits: rjeli____ (Ping timeout: 1230 seconds)
[20:37:31] *** Joins: rjeli____
[21:53:43] *** Quits: phigcloud (Ping timeout: 1230 seconds)
[21:53:58] *** Joins: phigcloud
[21:56:32] *** Quits: n87 (Read error: Connection reset by peer)
[22:23:45] <plutobot> GitHub | New PR: Fix inetpton ... | User: endrift | https://github.com/switchbrew/libnx/pull/560
[23:16:45] <plutobot> GitHub | New commit | User: Vicki Pfau | https://github.com/switchbrew/libnx/commit/0aba35b3ed
