[00:24:13] *** Quits: rjeli____ (Ping timeout: 1230 seconds)
[00:24:26] *** Joins: rjeli____
[00:36:44] *** Quits: rmaw (Quit: ZNC 1.8.x-git-125-e415d9f5 - https://znc.in)
[01:34:13] *** Quits: SCV______ (Ping timeout: 1230 seconds)
[01:34:26] *** Joins: SCV______
[02:50:23] *** Quits: refs (Quit: refs)
[03:06:22] *** Joins: rmaw
[03:07:17] *** Quits: GerbilSof (Quit: Windows must now restart because the Remote Procedure Call (RPC) service terminated unexpectedly.)
[03:07:38] *** Joins: GerbilSof
[04:01:48] *** Quits: rjeli____ (Ping timeout: 1230 seconds)
[04:02:01] *** Joins: rjeli____
[04:54:16] *** Joins: zombie343
[05:06:39] *** Quits: fgsfds (Read error: Connection reset by peer)
[05:25:48] *** Quits: SCV______ (Ping timeout: 1230 seconds)
[05:26:01] *** Joins: SCV______
[06:04:22] *** Quits: DacoTaco (Read error: Operation timed out)
[06:04:22] *** Quits: rmaw (Read error: Connection reset by peer)
[06:06:06] *** Quits: blasty_ (Read error: Connection reset by peer)
[06:07:08] *** Joins: DacoTaco
[06:10:09] *** Joins: klockee
[06:11:13] *** Quits: nohit_ (Ping timeout: 493 seconds)
[06:11:13] *** Quits: Retr0id (Read error: Connection reset by peer)
[06:17:11] *** Quits: Snetry (Read error: Connection reset by peer)
[06:18:15] *** Quits: klock (Ping timeout: 857 seconds)
[06:23:53] *** Quits: averne (quit)
[06:26:11] *** Joins: averne_
[06:26:11] *** Server sets mode: +stn 
[06:27:12] *** Quits: d3m3vilur (Ping timeout: 493 seconds)
[06:27:17] *** Quits: lex1 (Read error: Operation timed out)
[06:28:13] *** Joins: d3m3vilur
[06:35:15] *** Quits: averne (Ping timeout: 857 seconds)
[06:35:15] *** averne_ is now known as averne
[06:50:58] *** Quits: d3m3vilur (Ping timeout: 493 seconds)
[07:02:38] *** Quits: SCV______ (Ping timeout: 1230 seconds)
[07:02:51] *** Joins: SCV______
[07:14:25] *** Joins: Retr0id
[07:31:38] *** Joins: rmaw
[07:32:24] *** Joins: lex1
[07:32:39] *** Joins: Snetry
[07:39:29] *** Joins: d3m3vilur
[07:39:34] *** Joins: nohit_
[07:39:49] *** Joins: blasty
[09:09:48] *** Quits: rjeli____ (Ping timeout: 1230 seconds)
[09:10:01] *** Joins: rjeli____
[09:25:05] *** Joins: rajkosto
[09:26:12] *** Quits: IShaDoWl ()
[09:26:23] *** Joins: IShaDoWl
[09:27:48] *** Quits: IShaDoWl (Client Quit)
[09:27:56] *** Joins: IShaDoWl
[10:11:36] *** Joins: fgsfds
[10:15:08] *** Quits: DoozerBot (Ping timeout: 745 seconds)
[10:16:58] *** Joins: DoozerBot
[14:28:18] *** Quits: rjeli____ (Ping timeout: 1230 seconds)
[14:28:32] *** Joins: rjeli____
[16:37:48] *** Quits: rjeli____ (Ping timeout: 1230 seconds)
[16:38:05] *** Joins: rjeli____
[17:18:01] *** Quits: rajkosto (Ping timeout: 501 seconds)
[17:36:14] *** Quits: rjeli____ (Read error: Connection timed out)
[17:37:18] *** Joins: rjeli____
[18:54:18] *** Quits: rjeli____ (Ping timeout: 1230 seconds)
[18:54:32] *** Joins: rjeli____
[19:10:03] *** Quits: SCV______ (Ping timeout: 1230 seconds)
[19:10:17] *** Joins: SCV______
[19:13:12] *** Joins: rajkosto
[19:28:19] <plutobot> GitHub | New commit | User: fincs | https://github.com/switchbrew/libnx/commit/bee27ba607
[19:32:58] <plutobot> Wiki | Page changed: Audio services | User: ByLaws | https://switchbrew.org/w/index.php?curid=264&diff=11009&oldid=10987
[21:43:28] *** Quits: rjeli____ (Ping timeout: 1230 seconds)
[21:43:41] *** Joins: rjeli____
[21:49:22] *** Quits: rajkosto (Ping timeout: 260 seconds)
[23:10:58] *** Quits: rjeli____ (Ping timeout: 1230 seconds)
[23:11:12] *** Joins: rjeli____
[23:18:49] *** Joins: oreo639
