[00:38:28] *** Quits: rjeli____ (Ping timeout: 1230 seconds)
[00:38:41] *** Joins: rjeli____
[00:57:08] *** Quits: SCV______ (Ping timeout: 1230 seconds)
[00:57:21] *** Joins: SCV______
[01:52:33] *** Quits: rjeli____ (Ping timeout: 1230 seconds)
[01:52:46] *** Joins: rjeli____
[03:15:58] *** Quits: SCV______ (Ping timeout: 1230 seconds)
[03:16:11] *** Joins: SCV______
[03:47:30] *** Quits: oldtopman (Read error: Operation timed out)
[03:50:15] *** Joins: oreo639_
[03:50:25] *** Joins: refs
[03:50:47] *** Joins: oldtopman
[03:50:51] *** Quits: oreo639 (Ping timeout: 260 seconds)
[03:50:51] *** Quits: |Shadow| (Ping timeout: 260 seconds)
[03:50:53] *** Quits: changO- (Read error: Operation timed out)
[03:53:27] *** Joins: changO-
[04:54:33] *** Quits: rjeli____ (Ping timeout: 1230 seconds)
[04:54:46] *** Joins: rjeli____
[05:19:50] *** Quits: refs (Quit: refs)
[05:38:08] *** Joins: changoXPR
[05:49:58] *** Quits: changO- (Ping timeout: 745 seconds)
[05:51:08] *** Quits: SCV______ (Ping timeout: 1230 seconds)
[05:51:21] *** Joins: SCV______
[06:04:26] *** Joins: |Shadow|
[06:09:52] *** Quits: oreo639_ (Read error: Operation timed out)
[06:39:25] *** Joins: rajkosto
[07:10:19] *** Quits: fgsfds (Read error: Connection reset by peer)
[07:12:09] *** Joins: oreo639
[07:26:13] *** Quits: SCV______ (Ping timeout: 1230 seconds)
[07:26:26] *** Joins: SCV______
[08:39:08] *** Quits: rjeli____ (Ping timeout: 1230 seconds)
[08:39:22] *** Joins: rjeli____
[08:57:13] *** Quits: freundTec (Ping timeout: 745 seconds)
[08:57:17] *** Joins: freundTec
[08:58:23] *** Quits: hexkyz (Ping timeout: 745 seconds)
[08:59:08] *** Joins: hexkyz
[09:43:53] *** Quits: rjeli____ (Ping timeout: 1230 seconds)
[09:44:06] *** Joins: rjeli____
[10:00:09] *** Joins: Pokemod97
[10:54:01] *** Joins: anewuser
[11:08:20] *** Quits: anewuser (Ping timeout: 265 seconds)
[12:27:11] *** Joins: dibas_
[12:27:11] *** Quits: dibas (Read error: Connection reset by peer)
[12:27:15] *** dibas_ is now known as dibas
[12:33:34] *** Quits: derrek (Quit: This should have not happened.)
[12:35:58] *** Quits: rjeli____ (Ping timeout: 1230 seconds)
[12:35:58] *** Joins: derrek
[12:36:11] *** Joins: rjeli____
[12:40:29] *** Joins: dibas_
[12:40:30] *** Quits: dibas (Read error: Connection reset by peer)
[12:40:34] *** dibas_ is now known as dibas
[12:41:20] *** Quits: |Shadow| (Read error: Operation timed out)
[12:43:23] *** Joins: |Shadow|
[13:35:00] *** Quits: lameboy (Quit: bbl)
[13:45:58] *** Quits: dibas (Ping timeout: 745 seconds)
[13:46:33] *** Quits: SCV______ (Ping timeout: 1230 seconds)
[13:46:46] *** Joins: SCV______
[13:54:10] *** Joins: lameboy
[13:54:17] *** Joins: dibas
[13:57:30] *** Quits: oreo639 (Ping timeout: 265 seconds)
[14:13:58] *** Quits: rjeli____ (Ping timeout: 1230 seconds)
[14:14:11] *** Joins: rjeli____
[14:18:38] *** Quits: dibas (Ping timeout: 745 seconds)
[14:30:53] *** Quits: derrek (Ping timeout: 745 seconds)
[14:54:32] *** Quits: |Shadow| (Ping timeout: 260 seconds)
[14:57:31] *** Joins: |Shadow|
[14:59:47] *** Quits: rajkosto (Ping timeout: 260 seconds)
[15:30:58] *** Quits: rjeli____ (Ping timeout: 1230 seconds)
[15:31:12] *** Joins: rjeli____
[15:33:34] *** Quits: |Shadow| (Ping timeout: 260 seconds)
[15:46:24] *** Joins: |Shadow|
[16:02:28] *** Quits: SCV______ (Ping timeout: 1230 seconds)
[16:02:41] *** Joins: SCV______
[16:14:10] *** Joins: derrek
[16:41:03] *** Quits: SCV______ (Read error: Connection timed out)
[16:47:53] *** Joins: dibas
[16:53:07] *** Joins: SCV______
[17:03:48] *** Joins: rajkosto
[17:07:59] *** Joins: fgsfds
[18:46:23] *** Quits: rjeli____ (Ping timeout: 1230 seconds)
[18:46:36] *** Joins: rjeli____
[19:03:18] *** Quits: SCV______ (Ping timeout: 1230 seconds)
[19:03:32] *** Joins: SCV______
[19:07:55] *** Quits: |Shadow| (Ping timeout: 260 seconds)
[19:15:23] *** Joins: |Shadow|
[19:30:51] *** Joins: oreo639
[20:00:28] *** Quits: rjeli____ (Ping timeout: 1230 seconds)
[20:00:41] *** Joins: rjeli____
[21:17:27] *** Quits: rajkosto (Ping timeout: 260 seconds)
[21:51:18] *** Quits: rjeli____ (Ping timeout: 1230 seconds)
[21:51:31] *** Joins: rjeli____
[22:03:29] *** Joins: ground_
[22:20:05] *** Quits: oreo639 (Read error: Connection reset by peer)
[22:37:58] *** Quits: SCV______ (Ping timeout: 1230 seconds)
[22:38:12] *** Joins: SCV______
