[00:11:18] *** Quits: rjeli____ (Ping timeout: 1230 seconds)
[00:11:31] *** Joins: rjeli____
[00:59:45] *** Joins: ground__
[01:05:24] *** Quits: ground_ (Read error: Operation timed out)
[03:16:38] *** Quits: ground__ (Quit: Leaving)
[04:16:53] *** Quits: rjeli____ (Ping timeout: 1230 seconds)
[04:17:07] *** Joins: rjeli____
[04:20:55] *** Quits: |Shadow| (Ping timeout: 260 seconds)
[04:33:54] *** Joins: |Shadow|
[05:42:14] *** Joins: oreo639
[06:13:17] *** Quits: rjeli____ (Read error: Connection timed out)
[06:27:37] *** Joins: rjeli____
[07:07:00] *** Quits: oreo639 (Ping timeout: 265 seconds)
[07:12:52] *** Joins: oreo639
[07:52:29] *** Quits: oreo639 (Read error: Operation timed out)
[08:06:43] *** Quits: SCV______ (Ping timeout: 1230 seconds)
[08:06:56] *** Joins: SCV______
[08:38:11] *** Quits: fgsfds (Read error: Connection reset by peer)
[09:26:56] *** Quits: |Shadow| (Ping timeout: 260 seconds)
[09:29:27] *** Joins: |Shadow|
[10:29:08] *** Joins: changO-
[10:29:32] *** Joins: lameboy2
[10:41:48] *** Quits: lameboy (se.hub efnet.deic.eu)
[10:41:48] *** Quits: changoXPR (se.hub efnet.deic.eu)
[10:41:48] *** Quits: GerbilSof (se.hub efnet.deic.eu)
[10:41:48] *** Quits: jsa_ (se.hub efnet.deic.eu)
[10:41:48] *** Quits: RaYmAn (se.hub efnet.deic.eu)
[10:41:48] *** Quits: lemmy (se.hub efnet.deic.eu)
[10:43:20] *** Joins: GerbilS1
[10:56:58] *** lameboy2 is now known as lameboy
[11:55:21] *** Joins: jsa_
[11:55:21] *** Joins: lemmy
[13:06:14] *** Quits: usineur__ (Quit: leaving)
[14:14:56] *** Joins: changoXPR
[14:21:05] *** Quits: changO- (Read error: Operation timed out)
[15:33:55] *** Joins: RaYmAn
[15:52:36] *** Joins: n00b300
[15:54:57] *** Parts: n00b300 ()
[15:55:01] *** Joins: n00b300
[16:10:23] *** Quits: n00b300 (Ping timeout: 252 seconds)
[19:08:03] *** Joins: fgsfds
[19:47:22] *** Joins: n87
[21:04:27] *** Joins: refs
[21:06:58] *** Joins: ground_
[21:13:37] *** Quits: n87 (Read error: Connection reset by peer)
[22:19:18] *** Quits: ihaveamac (Remote host closed the connection)
[22:19:24] *** Joins: ihaveamac
