[02:46:28] *** Quits: Extrems (Remote host closed the connection)
[02:46:32] *** Joins: Extrems
[04:45:59] *** Quits: refs (Quit: refs)
[05:35:52] *** Quits: fgsfds (Read error: Connection reset by peer)
[06:27:50] *** Joins: changO-
[06:27:50] *** Quits: changoXPR (Ping timeout: 252 seconds)
[07:13:49] *** Joins: oreo639
[07:14:17] *** Quits: oreo639 (Client Quit)
[07:14:36] *** Joins: oreo639
[07:19:52] *** Joins: rajkosto
[07:32:29] *** Joins: changoXPR
[07:37:41] *** Quits: changO- (Read error: Operation timed out)
[09:19:01] *** Joins: n87
[09:30:28] *** Joins: n87_2
[09:31:22] *** Quits: n87 (Ping timeout: 265 seconds)
[09:54:36] *** Quits: GrecKo (Remote host closed the connection)
[09:55:35] *** Quits: oreo639 (Quit)
[10:08:53] *** Joins: GrecKo
[13:18:26] *** Joins: m4ts_
[13:19:59] *** Quits: m4ts (Ping timeout: 265 seconds)
[13:41:26] *** Quits: rajkosto (Read error: Operation timed out)
[14:36:48] *** Quits: ground_ (Remote host closed the connection)
[15:29:15] *** Joins: rajkosto
[16:06:58] *** Quits: Snetry (Read error: Connection reset by peer)
[16:07:05] *** Joins: Snetry
[17:03:07] *** Joins: fgsfds
[17:17:41] *** Quits: n87_2 (Read error: Connection reset by peer)
[18:34:41] *** Joins: changO-
[18:37:01] *** Quits: changoXPR (Ping timeout: 260 seconds)
[19:34:18] *** Quits: Pokemod97 (Ping timeout (120 seconds))
[19:34:35] *** Joins: Pokemod97
[19:43:28] *** Joins: n87
[20:48:31] *** Joins: oreo639
[21:07:53] *** Joins: changoXPR
[21:15:38] *** Quits: changO- (Ping timeout: 745 seconds)
[21:17:21] *** Joins: refs
[21:24:02] *** Quits: sh0e (Quit: Bye.)
[21:24:33] *** Joins: sh0e
[21:32:47] *** Joins: changO-
[21:39:33] *** Quits: changoXPR (Ping timeout: 745 seconds)
[21:44:21] *** Joins: changoXPR
[21:48:32] *** Quits: changO- (Read error: Operation timed out)
[22:23:05] *** Joins: zini-
[22:23:44] *** Quits: zini (Ping timeout: 252 seconds)
[22:39:40] *** Joins: changO-
[22:44:17] *** Quits: rajkosto (Read error: Operation timed out)
[22:44:20] *** Quits: n87 (Read error: Connection reset by peer)
[22:45:17] *** Quits: changoXPR (Read error: Operation timed out)
[22:47:40] *** Joins: changoXPR
[22:50:46] *** Quits: changO- (Ping timeout: 260 seconds)
[23:06:31] *** Quits: changoXPR (Ping timeout: 260 seconds)
[23:08:03] *** Joins: changO-
