[01:11:38] *** Joins: changoXPR
[01:16:25] *** Quits: changO- (Read error: Operation timed out)
[01:52:43] *** Quits: changoXPR (Ping timeout: 745 seconds)
[01:53:48] *** Quits: oreo639 (se.hub ny.us.hub)
[01:53:48] *** Quits: GrecKo (se.hub ny.us.hub)
[01:53:48] *** Quits: ihaveamac (se.hub ny.us.hub)
[01:53:48] *** Quits: DacoTaco (se.hub ny.us.hub)
[01:53:48] *** Quits: zombie343 (se.hub ny.us.hub)
[01:53:48] *** Quits: Cu3PO42 (se.hub ny.us.hub)
[01:53:48] *** Quits: cpncok3 (se.hub ny.us.hub)
[01:53:48] *** Quits: Pokemod97 (se.hub ny.us.hub)
[01:53:48] *** Quits: nich (se.hub ny.us.hub)
[01:53:48] *** Quits: j0hny5 (se.hub ny.us.hub)
[01:53:48] *** Quits: |Shadow| (se.hub ny.us.hub)
[01:53:48] *** Quits: GerbilS1 (se.hub ny.us.hub)
[01:53:48] *** Quits: IShaDoWl (se.hub ny.us.hub)
[01:53:48] *** Quits: CCFL_Man (se.hub ny.us.hub)
[01:53:48] *** Quits: Surkow (se.hub ny.us.hub)
[01:53:48] *** Quits: Maylay (se.hub ny.us.hub)
[01:53:48] *** Quits: Lightswor (se.hub ny.us.hub)
[01:53:48] *** Quits: plutobot (se.hub ny.us.hub)
[01:53:48] *** Quits: tpw_rules (se.hub ny.us.hub)
[01:53:48] *** Quits: giglife (se.hub ny.us.hub)
[01:53:48] *** Quits: Behemoth (se.hub ny.us.hub)
[01:53:48] *** Quits: derk0pf_ (se.hub ny.us.hub)
[01:53:48] *** Quits: Kyouju (se.hub ny.us.hub)
[01:53:48] *** Quits: eggy (se.hub ny.us.hub)
[01:53:48] *** Quits: Jdbye (se.hub ny.us.hub)
[01:53:48] *** Quits: TurtleP (se.hub ny.us.hub)
[01:53:48] *** Quits: omlet05 (se.hub ny.us.hub)
[01:53:48] *** Quits: yls8bot (se.hub ny.us.hub)
[01:53:48] *** Quits: yellows8 (se.hub ny.us.hub)
[01:54:56] *** Joins: changO-
[01:54:56] *** Joins: oreo639
[01:54:56] *** Joins: Pokemod97
[01:54:56] *** Joins: GrecKo
[01:54:56] *** Joins: ihaveamac
[01:54:56] *** Joins: GerbilS1
[01:54:56] *** Joins: |Shadow|
[01:54:56] *** Joins: IShaDoWl
[01:54:56] *** Joins: DacoTaco
[01:54:56] *** Joins: zombie343
[01:54:56] *** Joins: nich
[01:54:56] *** Joins: j0hny5
[01:54:56] *** Joins: Cu3PO42
[01:54:56] *** Joins: CCFL_Man
[01:54:56] *** Joins: cpncok3
[01:54:56] *** Joins: Behemoth
[01:54:56] *** Joins: Surkow
[01:54:56] *** Joins: Maylay
[01:54:56] *** Joins: Lightswor
[01:54:56] *** Joins: plutobot
[01:54:56] *** Joins: tpw_rules
[01:54:56] *** Joins: giglife
[01:54:56] *** Joins: derk0pf_
[01:54:56] *** Joins: Kyouju
[01:54:56] *** Joins: eggy
[01:54:56] *** Joins: Jdbye
[01:54:56] *** Joins: TurtleP
[01:54:56] *** Joins: omlet05
[01:54:56] *** Joins: yls8bot
[01:54:56] *** Joins: yellows8
[01:54:56] *** ny.us.hub sets mode: +oo yls8bot yellows8
[01:54:56] *** WntrMute sets mode: +o yellows8
[02:29:58] *** Quits: fgsfds (Remote host closed the connection)
[02:30:20] *** Joins: fgsfds
[02:33:54] *** Quits: refs (Quit: refs)
[03:36:10] *** Joins: figgis_
[03:39:21] *** Quits: fgsfds (Ping timeout: 265 seconds)
[04:31:52] *** Quits: ihaveamac (Quit: fail)
[04:32:26] *** Joins: ihaveamac
[05:25:39] *** Quits: |Shadow| ()
[05:37:39] *** Joins: |Shadow|
[06:00:06] *** Quits: Lightswor (Read error: Connection reset by peer)
[06:03:42] *** Quits: figgis_ (Read error: Connection reset by peer)
[07:52:32] *** Joins: Lightswor
[08:54:41] *** Joins: rajkosto
[09:06:38] *** Quits: rajkosto (Read error: Connection reset by peer)
[09:31:17] *** Quits: CCFL_Man (Read error: Operation timed out)
[09:43:49] *** Joins: oreo639_
[09:45:03] *** Joins: GrecKo_
[09:46:36] *** Quits: ihaveamac (Read error: Operation timed out)
[09:46:52] *** Quits: GrecKo (Read error: Operation timed out)
[09:46:54] *** Quits: DacoTaco (Ping timeout: 496 seconds)
[09:47:26] *** Quits: oreo639 (Ping timeout: 496 seconds)
[09:47:26] *** Quits: zombie343 (Ping timeout: 496 seconds)
[09:47:42] *** Joins: zombie343
[09:48:26] *** Joins: DacoTaco
[09:49:35] *** Joins: changoXPR
[09:50:00] *** Joins: cpnc0ke
[09:50:38] *** Quits: cpncok3 (Ping timeout: 496 seconds)
[09:51:03] *** Quits: Cu3PO42 (Read error: Operation timed out)
[09:51:42] *** Quits: changO- (Ping timeout: 496 seconds)
[09:55:08] *** Joins: Cu3PO42
[10:03:57] *** Joins: n87
[10:28:58] *** Quits: derrek (Ping timeout: 745 seconds)
[10:30:43] *** Quits: dibas (Ping timeout: 745 seconds)
[10:39:01] *** Quits: oreo639_ (Quit: Quit)
[10:47:43] *** Joins: ihaveamac
[14:52:22] *** Quits: GerbilS1 (Read error: Operation timed out)
[14:52:52] *** Joins: GerbilS1
[15:25:52] *** Joins: dibas
[16:20:23] *** Joins: TuxSH
[16:47:01] *** Joins: derrek
[18:54:45] *** Joins: rajkosto
[20:05:14] *** Joins: fgsfds
[21:34:33] *** Joins: refs
[22:08:36] *** Quits: n87 (Read error: Connection reset by peer)
[23:20:49] *** Quits: rajkosto (Read error: Operation timed out)
