[00:17:18] *** Quits: Cu3PO42 (Ping timeout: 745 seconds)
[00:34:11] *** Joins: Cu3PO42
[02:27:13] *** Joins: changO-
[02:32:00] *** Quits: changoXPR (Read error: Operation timed out)
[02:49:02] *** Quits: refs (Quit: refs)
[06:17:33] *** Joins: changoXPR
[06:24:33] *** Quits: changO- (Ping timeout: 604 seconds)
[07:31:54] *** Quits: zombie343 ()
[07:34:23] *** Joins: zombie343
[10:02:34] *** Joins: rajkosto
[10:47:09] *** Joins: lilibox
[10:54:02] *** Quits: zombie343 (Read error: Connection reset by peer)
[10:55:34] *** Joins: zombie343
[11:30:07] *** Joins: n87
[13:23:20] *** Joins: ground_
[13:36:43] *** Quits: ground_ (Remote host closed the connection)
[14:25:41] *** Quits: n87 (Read error: Connection reset by peer)
[17:48:38] *** Joins: changO-
[17:56:38] *** Quits: changoXPR (Ping timeout: 745 seconds)
[18:16:30] *** Joins: n87
[18:56:42] *** Joins: n87_2
[18:58:06] *** Joins: TAL_
[18:58:09] *** Quits: TAL_ (Handshake flooding)
[18:58:11] *** Joins: MasterGK
[18:58:16] *** Joins: TAL_
[19:00:03] *** Joins: fincs_
[19:01:01] *** Joins: nrq_
[19:01:03] *** Quits: thomasnet (Ping timeout: 265 seconds)
[19:01:03] *** Quits: n87 (Ping timeout: 265 seconds)
[19:01:03] *** Quits: nrq (Ping timeout: 265 seconds)
[19:01:03] *** Quits: TAL (Ping timeout: 265 seconds)
[19:01:03] *** Quits: Ghabry (Ping timeout: 265 seconds)
[19:01:03] *** Quits: m4ts_ (Ping timeout: 265 seconds)
[19:01:03] *** Quits: oldtopman (Ping timeout: 265 seconds)
[19:01:03] *** Quits: klockee (Ping timeout: 265 seconds)
[19:01:03] *** Quits: WntrMute (Ping timeout: 265 seconds)
[19:01:03] *** Quits: fincs (Ping timeout: 265 seconds)
[19:01:03] *** Quits: Stary (Ping timeout: 265 seconds)
[19:01:03] *** fincs_ is now known as fincs
[19:01:14] *** Joins: thomasnet
[19:01:19] *** Joins: m4ts
[19:03:10] *** Joins: oldtopman
[19:03:45] *** Joins: Stary
[19:04:54] *** lex1 is now known as lex
[19:05:19] *** TAL_ is now known as TAL
[19:09:01] *** Joins: WntrMute
[19:09:06] *** yls8bot sets mode: +o WntrMute
[19:11:12] *** Joins: klock
[19:24:59] *** Quits: rajkosto (Read error: Operation timed out)
[20:48:08] *** Joins: rajkosto
[21:04:52] *** Joins: refs
[21:54:16] *** Quits: n87_2 (Read error: Connection reset by peer)
[22:51:34] *** Joins: figgis_
[22:56:37] *** Quits: fgsfds (Read error: Operation timed out)
[23:57:57] *** Snetry is now known as Sentry
