[00:40:01] *** Quits: oreo639 (Read error: Operation timed out)
[01:33:56] *** Joins: oreo639
[03:45:33] *** Quits: fgsfds (Quit: Leaving)
[04:10:00] *** Quits: Extrems (Remote host closed the connection)
[04:12:16] *** Joins: Extrems
[05:41:46] *** Quits: oreo639 (Ping timeout: 612 seconds)
[06:47:59] *** Joins: GerbilS1
[06:48:24] *** Quits: GerbilSof (Ping timeout: 252 seconds)
[07:34:42] *** Quits: GerbilS1 (Quit: Windows must now restart because the Remote Procedure Call (RPC) service terminated unexpectedly.)
[07:54:43] *** Joins: GerbilSof
[08:24:30] *** Joins: oreo639
[08:33:56] *** Quits: Surkow (Quit: 418 I'm a teapot - NOP NOP NOP)
[09:18:44] *** Quits: oreo639 (Ping timeout: 252 seconds)
[12:26:19] *** Joins: refs
[14:00:47] *** Quits: lex1 (Read error: Operation timed out)
[14:00:59] *** Quits: Sentry (Read error: Operation timed out)
[14:03:27] *** Quits: d3m3vilur (Read error: Operation timed out)
[14:04:02] *** Quits: nohit (Read error: Operation timed out)
[14:05:32] *** Joins: fgsfds
[14:12:34] *** Quits: blasty (Read error: Operation timed out)
[14:13:11] *** Joins: blasty
[14:13:16] *** Joins: d3m3vilur
[14:13:43] *** Quits: GerbilSof (Ping timeout: 857 seconds)
[14:14:09] *** Joins: Sentry
[14:14:11] *** Joins: nohit
[14:15:30] *** Joins: GerbilSof
[14:16:26] *** Joins: lex1
[14:32:16] *** Joins: rajkosto
[15:16:24] *** Joins: n87
[16:38:37] *** Quits: nohit (Ping timeout: 493 seconds)
[16:39:20] *** Quits: Stary (se.hub irc.homelien.no)
[16:40:18] *** Quits: rajkosto (Read error: Connection reset by peer)
[16:44:04] *** Quits: GerbilSof (Read error: Operation timed out)
[16:44:07] *** Quits: Sentry (Read error: Connection reset by peer)
[16:55:56] *** Joins: GerbilSof
[17:00:27] *** Joins: Stary
[17:05:26] *** Quits: blasty (Read error: Connection reset by peer)
[17:05:30] *** Quits: lex1 (Read error: Operation timed out)
[17:13:07] *** Quits: d3m3vilur (Ping timeout: 493 seconds)
[17:22:31] *** Joins: lex1
[17:33:08] *** Joins: d3m3vilur
[17:35:20] *** Joins: nohit
[17:39:29] *** Joins: blasty
[17:40:50] *** Joins: Sentry
[17:44:55] *** Quits: Sentry (Read error: Operation timed out)
[17:45:00] *** Joins: Sentry
[19:50:59] *** Quits: nohit (Read error: Operation timed out)
[19:52:58] *** Quits: d3m3vilur (Ping timeout: 493 seconds)
[19:52:58] *** Quits: blasty (Read error: Connection reset by peer)
[19:53:16] *** Joins: blasty
[19:56:47] *** Quits: Sentry (Read error: Connection reset by peer)
[20:02:33] *** Quits: lex1 (Ping timeout: 857 seconds)
[20:02:58] *** Joins: lex1
[20:08:22] *** Quits: blasty (Read error: Connection reset by peer)
[20:09:37] *** Joins: nohit
[20:10:30] *** Joins: d3m3vilur
[20:11:14] *** Joins: Sentry
[20:14:01] *** Joins: blasty
[20:32:04] *** Joins: Surkow
[20:41:26] *** Joins: oreo639
[22:32:43] *** Quits: n87 (Read error: Connection reset by peer)
