[02:46:57] *** Quits: GerbilSof (Quit: Windows must now restart because the Remote Procedure Call (RPC) service terminated unexpectedly.)
[02:47:17] *** Joins: GerbilSof
[03:10:43] *** Quits: fgsfds (Read error: Connection reset by peer)
[03:36:17] *** Quits: refs (Quit: refs)
[08:50:59] *** Joins: m4ts_
[08:54:44] *** Quits: m4ts (Ping timeout: 265 seconds)
[11:57:26] *** Quits: oreo639 (Ping timeout: 265 seconds)
[12:19:49] *** Joins: refs
[12:23:06] *** Joins: m4ts
[12:24:30] *** Quits: m4ts_ (Ping timeout: 265 seconds)
[12:45:45] *** Quits: Jdbye (Quit: Connection reset by beer)
[12:47:21] *** Joins: Jdbye
[12:56:06] *** Joins: fgsfds
[16:34:01] *** Joins: rajkosto
[16:48:20] *** Quits: rajkosto (Read error: Connection reset by peer)
[17:03:59] *** Quits: lameboy (Read error: Operation timed out)
[17:04:11] *** Joins: lameboy
[17:24:18] *** Quits: Jdbye (Quit: Connection reset by beer)
[17:32:28] *** Joins: Jdbye
[17:38:51] *** Joins: n87
[18:20:01] *** Joins: n87_2
[18:21:41] *** Quits: n87 (Ping timeout: 265 seconds)
[18:55:49] *** Quits: Surkow (Quit: 418 I'm a teapot - NOP NOP NOP)
[20:04:30] *** Joins: n87
[20:09:54] *** Quits: n87_2 (Read error: Operation timed out)
[20:20:58] *** Joins: rajkosto
[21:35:33] *** Joins: Surkow
