[00:20:55] *** Joins: oreo639
[00:32:28] *** Quits: n87 (Read error: Connection reset by peer)
[03:04:28] *** Quits: fgsfds (Read error: Connection reset by peer)
[03:11:51] *** Quits: oreo639 (Read error: Operation timed out)
[03:54:38] *** Quits: refs (Quit: refs)
[04:49:21] *** Joins: oreo639
[06:50:39] *** Quits: rajkosto (Read error: Connection reset by peer)
[09:49:36] *** Quits: oreo639 (Read error: Operation timed out)
[12:14:13] *** Joins: n87
[12:32:06] *** Joins: refs
[13:44:36] *** Joins: n87_2
[13:48:27] *** Quits: n87 (Ping timeout: 265 seconds)
[14:59:27] *** Joins: rajkosto
[15:24:12] *** Quits: rajkosto (Read error: Connection reset by peer)
[15:32:37] *** Joins: fgsfds
[19:48:38] *** Quits: nrq_ (Read error: Operation timed out)
[19:48:42] *** Joins: nrq
[19:48:48] *** Joins: GrecKo_
[19:50:23] *** Quits: GrecKo (Read error: Operation timed out)
[20:11:45] *** Quits: n87_2 (Read error: Connection reset by peer)
[20:22:09] *** Joins: oreo639
