[00:10:19] *** Joins: figgis_
[00:11:44] *** Quits: fgsfds (Ping timeout: 248 seconds)
[00:22:30] *** Quits: Tcm0 (Leaving)
[00:56:03] *** Quits: n87 (Read error: Connection reset by peer)
[01:35:11] *** Quits: figgis_ (Read error: Connection reset by peer)
[02:45:41] *** Joins: jsa_
[02:45:42] *** Quits: thejsa (Read error: Connection reset by peer)
[02:48:11] *** Joins: CCFL_Man_
[02:51:03] *** Quits: GeekShado (Read error: Operation timed out)
[02:51:23] *** Joins: GeekShado
[02:52:23] *** Joins: omlet05
[02:52:35] *** Quits: CCFL_Man (Ping timeout: 612 seconds)
[02:53:50] *** Quits: ihaveamac (Read error: Operation timed out)
[02:54:54] *** Quits: Extrems (Ping timeout: 496 seconds)
[02:54:54] *** Quits: omlet05_ (Read error: Connection reset by peer)
[02:54:54] *** Quits: Maylay (Ping timeout: 496 seconds)
[02:54:54] *** Joins: Maylay
[02:57:02] *** Joins: oldtopman
[02:57:02] *** Joins: Extrems
[02:58:43] *** Quits: DacoTaco (Ping timeout: 496 seconds)
[02:59:01] *** Joins: DacoTaco
[03:03:31] *** Quits: flotwig (Ping timeout: 496 seconds)
[03:08:27] *** Joins: flotwig
[03:11:19] *** Joins: ihaveamac
[04:11:29] *** Quits: refs (Quit: refs)
[04:41:19] *** Joins: oreo639
[06:29:46] *** Joins: m4ts_
[06:34:07] *** Quits: m4ts (Ping timeout: 265 seconds)
[07:46:08] *** Quits: ris2z (Ping timeout: 186 seconds)
[10:22:48] *** Quits: |Shadow| (Ping timeout: 240 seconds)
[10:26:23] *** Joins: |Shadow|
[11:16:49] *** Quits: oreo639 (Ping timeout: 496 seconds)
[12:42:12] *** Joins: refs
[14:18:12] *** Joins: Extrems`
[14:20:03] *** Quits: Extrems (Read error: Connection reset by peer)
[14:20:03] *** Extrems` is now known as Extrems
[14:23:10] *** Joins: n87
[14:37:41] *** Joins: n87_2
[14:39:52] *** Quits: n87 (Ping timeout: 265 seconds)
[14:48:51] *** Joins: n87
[14:51:46] *** Quits: n87_2 (se.hub efnet.deic.eu)
[14:51:46] *** Quits: jsa_ (se.hub efnet.deic.eu)
[14:57:12] *** Quits: nohit (Read error: Operation timed out)
[15:00:24] *** Joins: Extrems`
[15:01:59] *** Quits: d3m3vilur (Ping timeout: 493 seconds)
[15:02:06] *** Joins: d3m3vilur
[15:02:33] *** Quits: Extrems (Read error: Operation timed out)
[15:02:34] *** Extrems` is now known as Extrems
[15:06:34] *** Joins: jsa_
[15:13:33] *** Quits: Sentry (Quit: left EFNet)
[15:13:36] *** Joins: Snetry
[15:14:05] *** Snetry is now known as Sentry
[15:14:46] *** Joins: nohit
[15:25:22] *** Quits: d3m3vilur (Ping timeout: 493 seconds)
[15:35:50] *** Quits: Sentry (Read error: Connection reset by peer)
[15:40:11] *** Joins: d3m3vilur
[15:46:50] *** Quits: nohit (Ping timeout: 493 seconds)
[15:48:37] *** Joins: nohit
[15:53:24] *** Quits: blasty (Read error: Connection reset by peer)
[16:09:22] *** Quits: lex1 (Read error: Connection reset by peer)
[16:09:30] *** Joins: lex2
[16:09:32] *** lex2 is now known as lex1
[16:14:28] *** Joins: Sentry
[16:21:06] *** Joins: blasty
[16:24:13] *** Joins: fgsfds
[16:28:03] *** Joins: figgis_
[16:28:46] *** Quits: figgis_ (Client Quit)
[16:32:40] *** Quits: blasty (Read error: Connection reset by peer)
[16:37:49] *** Quits: Sentry (Quit: left EFNet)
[16:37:55] *** Joins: blasty
[16:52:18] *** Joins: lex2
[16:53:34] *** Quits: lex1 (Read error: Connection reset by peer)
[16:53:55] *** Quits: nohit (Ping timeout: 493 seconds)
[16:53:56] *** lex2 is now known as lex1
[17:03:30] *** Quits: blasty (Ping timeout: 857 seconds)
[17:12:52] *** Joins: blasty
[17:21:21] *** Quits: blasty (Read error: Connection reset by peer)
[17:26:19] *** Joins: Sentry
[17:30:29] *** Quits: d3m3vilur (Read error: Connection reset by peer)
[17:30:36] *** Joins: d3m3vilur
[17:31:29] *** Joins: Snetry
[17:34:40] *** Quits: Sentry (Read error: Connection reset by peer)
[17:34:55] *** Snetry is now known as Sentry
[17:36:59] *** Joins: nohit
[17:41:04] *** Joins: blasty
[18:38:32] *** CCFL_Man_ is now known as CCFL_Man
[19:13:51] *** Joins: oreo639
[20:20:01] *** Joins: ris2z
[20:43:34] *** Quits: n87 (Read error: Connection reset by peer)
[21:27:55] *** Joins: Tcm0
