[00:23:04] *** Quits: fgsfds (Remote host closed the connection)
[00:23:52] *** Joins: fgsfds
[00:24:41] *** Quits: Tcm0 (Leaving)
[00:26:33] *** Joins: figgis_
[00:31:19] *** Quits: fgsfds (Read error: Operation timed out)
[00:34:23] *** Quits: averne (quit)
[00:34:41] *** Joins: averne_
[00:34:41] *** Server sets mode: +stn 
[00:38:59] *** Quits: averne (Ping timeout: 496 seconds)
[00:38:59] *** averne_ is now known as averne
[01:25:19] *** Joins: eggy
[01:34:57] *** Quits: eggster (Ping timeout: 745 seconds)
[04:10:10] *** Quits: refs (Quit: refs)
[05:47:16] *** Quits: figgis_ (Quit: Leaving)
[05:51:18] *** Quits: oreo639 (Read error: Operation timed out)
[05:58:41] *** Joins: tertu
[06:08:47] *** Joins: oreo639
[07:01:33] *** Joins: oreo639_
[07:02:47] *** Quits: oreo639 (Ping timeout: 745 seconds)
[07:58:50] *** Quits: oreo639_ (Read error: Operation timed out)
[08:09:16] *** Joins: oreo639
[08:32:02] *** Quits: zini (Ping timeout: 745 seconds)
[08:49:49] *** Quits: oreo639 (Read error: Operation timed out)
[08:51:01] *** Joins: oreo639
[09:49:43] *** Quits: oreo639 (Ping timeout: 265 seconds)
[10:23:40] *** Joins: zini
[12:41:20] *** Joins: refs
[17:24:52] *** Joins: fgsfds
[17:28:58] *** Joins: n87
[19:00:19] *** Quits: refs (Quit: refs)
[19:36:09] *** Quits: fgsfds (Read error: Connection reset by peer)
[19:52:50] *** Joins: n87_2
[19:53:24] *** Quits: n87 (Ping timeout: 265 seconds)
[21:45:28] *** Quits: WntrMute (Ping timeout: 317 seconds)
[21:46:53] *** Joins: WntrMute
[21:46:53] *** fincs sets mode: +o WntrMute
[21:47:08] *** Quits: mtheall_ (Ping timeout: 322 seconds)
[21:47:08] *** Quits: sh0e (Ping timeout: 322 seconds)
[21:47:17] *** Joins: flotwig_
[21:50:25] *** Quits: flotwig (Ping timeout: 538 seconds)
[21:50:26] *** flotwig_ is now known as flotwig
[21:51:00] *** Joins: oreo639
[21:51:39] *** Joins: mtheall
[22:01:03] *** Joins: sh0e
[22:49:43] *** Quits: n87_2 (Read error: Connection reset by peer)
