[01:52:32] *** Quits: lameboy (Ping timeout: 186 seconds)
[01:57:02] *** Quits: Genolo (Ping timeout: 252 seconds)
[01:57:20] *** Joins: Genolo
[02:28:24] *** Quits: balrog (Bye)
[02:32:53] *** Joins: balrog
[02:51:23] *** Joins: lameboy
[02:54:59] *** Quits: lameboy (Client Quit)
[02:59:44] *** Joins: lameboy
[03:01:14] *** Joins: refs
[03:37:45] *** Quits: lameboy (Read error: Connection reset by peer)
[03:38:08] *** Joins: lameboy
[04:19:31] *** Quits: refs (Quit: refs)
[04:47:23] *** Quits: oreo639 (Read error: Operation timed out)
[05:32:20] *** Joins: oreo639
[06:21:38] *** Quits: oreo639 (Read error: Operation timed out)
[06:27:58] *** Joins: oreo639
[06:59:26] *** Quits: oreo639 (Read error: Operation timed out)
[07:11:12] *** Joins: oreo639
[07:25:48] *** Quits: averne (quit)
[07:28:35] *** Joins: averne
[07:28:46] *** Server sets mode: +stn 
[08:44:56] *** Joins: Extrems`
[08:52:07] *** Quits: Extrems (Ping timeout: 745 seconds)
[08:52:08] *** Extrems` is now known as Extrems
[09:28:22] *** Joins: n87
[09:35:12] *** Quits: |Shadow| ()
[09:36:11] *** Quits: n87 (Read error: Connection reset by peer)
[09:36:33] *** Joins: |Shadow|
[10:09:55] *** Quits: nohit (Read error: Operation timed out)
[10:10:01] *** Quits: d3m3vilur (Read error: Operation timed out)
[10:15:18] *** Quits: blasty (Read error: Operation timed out)
[10:15:39] *** Quits: lex1 (Read error: Operation timed out)
[10:18:10] *** Joins: lex1
[10:18:33] *** Joins: Snetry
[10:18:42] *** Quits: Sentry (Read error: Operation timed out)
[10:18:42] *** Snetry is now known as Sentry
[10:18:53] *** Joins: nohit
[10:19:37] *** Joins: blasty
[10:22:03] *** Joins: d3m3vilur
[11:08:33] *** Quits: oreo639 (Read error: Operation timed out)
[11:14:37] *** Quits: averne (quit)
[11:16:57] *** Joins: averne_
[11:16:57] *** Server sets mode: +stn 
[11:19:09] *** Quits: averne (Read error: Operation timed out)
[11:19:09] *** averne_ is now known as averne
[11:19:40] *** Joins: mtheall_
[11:23:28] *** Quits: mtheall (Ping timeout: 612 seconds)
[11:24:34] *** Joins: Extrems
[14:45:02] *** Quits: lameboy (Ping timeout: 745 seconds)
[14:45:19] *** Joins: lameboy
[15:35:48] *** Joins: fgsfds
[18:19:29] *** Joins: n87
[18:47:58] *** Joins: refs
[19:52:06] *** Joins: Tcm0
[23:34:27] *** Quits: n87 (Read error: Connection reset by peer)
