[00:34:00] *** Quits: Tcm0 (Leaving)
[01:05:42] *** Quits: flagrama_ (Ping timeout: 1230 seconds)
[01:13:08] *** Joins: flagrama_
[04:18:40] *** Quits: refs (Quit: refs)
[05:36:52] *** Joins: oreo639
[06:18:53] *** Quits: fgsfds (Read error: Connection reset by peer)
[09:18:46] *** Quits: oreo639 (Ping timeout: 252 seconds)
[13:10:15] *** Joins: refs
[14:25:15] *** Joins: fgsfds
[14:27:24] *** Quits: eggy (se.hub irc.homelien.no)
[14:27:24] *** Quits: Stary (se.hub irc.homelien.no)
[14:58:19] *** Joins: eggy
[14:58:19] *** Joins: Stary
[16:11:49] *** Joins: n87
[19:16:58] *** Quits: GerbilSof (Remote host closed the connection)
[19:17:48] *** Joins: GerbilSof
[20:11:01] *** Joins: oreo639
[20:20:43] *** Quits: n87 (Read error: Connection reset by peer)
[20:22:41] *** Joins: n87
[21:26:48] *** Quits: zombie343 ()
[23:24:53] *** Quits: n87 (Read error: Connection reset by peer)
