[00:50:36] *** Quits: GerbilSof (Quit: Windows must now restart because the Remote Procedure Call (RPC) service terminated unexpectedly.)
[00:59:48] *** Joins: GerbilSof
[02:14:49] *** Quits: fgsfds (Quit: Leaving)
[04:40:18] *** Quits: refs (Quit: refs)
[10:10:35] *** Joins: n87
[10:28:25] *** Quits: WntrMute (Ping timeout: 265 seconds)
[10:30:47] *** Joins: WntrMute
[10:30:47] *** fincs sets mode: +o WntrMute
[10:49:10] *** Quits: oreo639 (Ping timeout: 612 seconds)
[11:10:28] *** Quits: fincs (Ping timeout: 265 seconds)
[11:11:43] *** Joins: fincs
[11:11:43] *** WntrMute sets mode: +o fincs
[12:24:25] *** Quits: m4ts_ (Ping timeout: 265 seconds)
[12:27:31] *** Joins: m4ts
[12:51:12] *** Quits: |Shadow| (Ping timeout: 240 seconds)
[13:12:39] *** Joins: |Shadow|
[13:31:51] *** Joins: fgsfds
[18:24:57] *** Joins: Tcm0
[19:41:52] *** Quits: hexkyz (Ping timeout: 745 seconds)
[19:57:30] *** Joins: hexkyz
[20:16:45] *** Joins: refs
[21:08:21] *** Quits: n87 (Ping timeout: 265 seconds)
[21:47:38] *** Joins: oreo639
[22:07:52] *** Joins: graffix
[23:44:55] *** Quits: Tcm0 (Leaving)
