[00:35:12] *** Quits: Sentry (Read error: Operation timed out)
[00:40:20] *** Joins: Sentry
[02:48:04] *** Quits: refs (Quit: refs)
[04:05:38] *** Joins: zombie343
[04:53:47] *** Quits: fgsfds (Quit: Leaving)
[06:28:01] *** Joins: rajkosto
[08:39:37] *** Quits: rajkosto (Read error: Connection reset by peer)
[10:56:02] *** Joins: fgsfds
[11:42:37] *** Quits: oreo639 (Ping timeout: 745 seconds)
[12:48:33] *** Joins: Tcm0
[13:51:42] *** Joins: m4ts_
[13:54:10] *** Quits: m4ts (Ping timeout: 265 seconds)
[14:45:42] *** Joins: Snetry
[14:45:49] *** Quits: Sentry (Read error: Connection refused)
[14:45:50] *** Snetry is now known as Sentry
[16:22:57] *** Joins: n87
[17:11:30] *** Joins: Tcm0_
[17:17:28] *** Quits: Tcm0 (Read error: Operation timed out)
[17:38:51] *** Joins: Tcm0__
[17:38:52] *** Quits: Tcm0_ (Read error: Connection reset by peer)
[20:27:08] *** Joins: refs
[22:22:32] *** Quits: hexkyz (Ping timeout: 745 seconds)
[22:23:22] *** Joins: hexkyz
[23:07:49] *** Quits: Tcm0__ (Leaving)
