[00:16:18] *** Quits: n87 (Read error: Connection reset by peer)
[00:19:07] *** Joins: oreo639
[02:31:20] *** Quits: fgsfds (Quit: Leaving)
[02:53:52] *** Quits: oreo639 (Read error: Operation timed out)
[03:07:20] *** Joins: oreo639
[03:09:13] *** Quits: refs (Quit: refs)
[06:49:14] *** Quits: oreo639 (Read error: Operation timed out)
[06:57:12] *** Joins: oreo639
[10:02:25] *** Quits: graffix (Remote host closed the connection)
[10:03:19] *** Joins: graffix
[10:37:15] *** Quits: |Shadow| ()
[10:46:30] *** Quits: graffix (Remote host closed the connection)
[10:46:57] *** Joins: graffix
[10:53:35] *** Joins: |Shadow|
[14:50:32] *** Joins: fgsfds
[15:22:59] *** Joins: n87
[15:32:55] *** Quits: oreo639 (Read error: Operation timed out)
[16:08:46] *** Joins: mafcadio
[16:08:47] *** Quits: mafcadio (Client Quit)
[17:00:30] *** Quits: balrog (Bye)
[17:04:50] *** Joins: balrog
[19:13:08] *** Joins: n00b398
[20:12:13] *** Joins: refs
[20:33:27] *** Quits: n00b398 (Quit: Page closed)
[23:06:40] *** Quits: n87 (Quit: Leaving)
