[01:43:01] *** Quits: fgsfds (Quit: Leaving)
[02:52:14] *** Quits: refs (Quit: refs)
[04:04:57] *** Joins: Lightswor
[05:02:57] *** Quits: Phils3r (Ping timeout: 615 seconds)
[07:39:37] *** Joins: rajkosto
[09:02:08] *** Quits: DacoTaco (Read error: Operation timed out)
[09:02:33] *** Joins: Phils3r
[11:49:36] *** Quits: rajkosto (Read error: Connection reset by peer)
[12:04:55] *** Quits: Maylay (Pipe Terminated)
[12:05:30] *** Joins: Maylay
[13:46:43] *** Quits: |Shadow| (hub.efnet.us irc.Prison.NET)
[14:05:37] *** Joins: |Shadow|
[14:43:19] *** Joins: fgsfds
[16:18:31] *** Joins: m4ts
[16:22:15] *** Quits: m4ts_ (Ping timeout: 265 seconds)
[16:30:27] *** Joins: n87
[16:35:52] *** Quits: flotwig (Read error: Operation timed out)
[16:42:15] *** Joins: flotwig
[16:54:17] *** Quits: balrog (Bye)
[17:03:33] *** Joins: balrog
[17:50:30] *** Quits: balrog (Read error: Operation timed out)
[18:00:46] *** Joins: balrog
[19:00:47] *** Quits: Maylay (Ping timeout: 265 seconds)
[19:07:41] *** Joins: Maylay
[20:37:49] *** Joins: refs
[21:14:53] *** Quits: fgsfds (Read error: Connection reset by peer)
[21:16:24] *** Joins: fgsfds
[22:08:39] *** Joins: rajkosto
[22:08:41] *** Joins: rajko
[22:15:41] *** Quits: rajkosto (Leaving)
