[00:31:45] *** Quits: n87 (Read error: Connection reset by peer)
[00:39:47] *** Quits: Surkow (Remote host closed the connection)
[00:41:31] *** Joins: Surkow
[03:00:11] *** Quits: refs (Quit: refs)
[04:06:19] *** Quits: fgsfds (Leaving)
[05:46:28] *** Quits: rajko (Leaving)
[05:46:31] *** Joins: rajkosto
[06:29:09] *** Joins: rajko
[06:29:12] *** Quits: rajko (Read error: Connection reset by peer)
[06:29:12] *** Quits: rajkosto (Read error: Connection reset by peer)
[10:49:00] *** Joins: bapani
[10:49:18] *** Parts: bapani ()
[11:55:14] *** Quits: omlet05 (Quit: http://quassel-irc.org - Chat comfortably. Anywhere.)
[12:13:50] *** Joins: fgsfds
[12:39:21] *** Joins: n87
[13:57:46] *** Quits: n87 (Read error: Connection reset by peer)
[16:11:37] *** Joins: Tcm0
[17:33:57] *** Quits: graffix (Read error: Operation timed out)
[17:36:59] *** Quits: TurtleP_ (Read error: Operation timed out)
[17:37:04] *** Quits: Lightswor (Read error: Operation timed out)
[17:37:08] *** Joins: TurtleP
[17:37:45] *** Joins: figgis_
[17:37:45] *** Quits: Surkow (Read error: Operation timed out)
[17:37:55] *** Quits: fgsfds (Ping timeout: 376 seconds)
[17:40:35] *** Joins: Surkow
[17:51:36] *** Joins: yls8bot_
[17:53:13] *** Quits: yls8bot (Read error: Operation timed out)
[17:53:13] *** yls8bot_ is now known as yls8bot
[18:22:50] *** Joins: n87
[21:10:17] *** Quits: n87 (Read error: Connection reset by peer)
[21:39:02] *** Joins: rajkosto
[22:22:30] *** Quits: tertu (so long...)
[22:24:19] *** Quits: zombie343 (Read error: Operation timed out)
[22:25:39] *** Quits: yls8bot (Read error: Operation timed out)
[22:26:01] *** Quits: djorz (Read error: Operation timed out)
[22:26:41] *** Quits: GrecKo_ (Read error: Operation timed out)
[22:26:43] *** Joins: GrecKo
[22:27:26] *** Quits: j0hny5 (Ping timeout: 600 seconds)
[22:28:07] *** Joins: Tcm0_
[22:28:42] *** Joins: zombie343
[22:29:14] *** Joins: Tcm0__
[22:29:29] *** Quits: nich (Read error: Operation timed out)
[22:29:52] *** Joins: djorz
[22:30:36] *** Joins: tertu
[22:34:02] *** Joins: yls8bot
[22:34:18] *** yellows8 sets mode: +o yls8bot
[22:35:04] *** Joins: j0hny5
[22:36:32] *** Quits: Tcm0__ (Read error: Operation timed out)
[22:37:26] *** Quits: Tcm0 (Ping timeout: 600 seconds)
[22:37:34] *** Quits: djorz (Read error: Operation timed out)
[22:38:27] *** Quits: Tcm0_ (Read error: Operation timed out)
[22:38:44] *** Quits: yls8bot (Read error: Operation timed out)
[22:39:30] *** Joins: nich
[22:40:00] *** Joins: djorz
[22:44:00] *** Joins: yls8bot
[22:44:11] *** yellows8 sets mode: +o yls8bot
[23:14:28] *** Joins: DacoTaco
