[00:38:27] *** Joins: ihaveama-
[00:42:51] *** Quits: ihaveamac (Read error: Operation timed out)
[00:54:24] *** Joins: graffix
[01:01:22] *** Quits: Kyouju (Quit: ZNC 1.7.2+deb3~bpo9+1 - https://znc.in)
[01:01:23] *** Quits: GrecKo (Read error: Connection reset by peer)
[01:01:58] *** Joins: Kyouju
[01:03:23] *** Joins: GrecKo
[01:12:48] *** Quits: ihaveama- (Read error: Operation timed out)
[01:13:03] *** Joins: ihaveamac
[01:14:20] *** Quits: graffix (Read error: Operation timed out)
[01:15:24] *** Joins: Maylay_
[01:16:13] *** Quits: sh0e (Read error: Operation timed out)
[01:17:23] *** Quits: Maylay (Ping timeout: 496 seconds)
[01:20:17] *** Joins: sh0e
[01:55:51] *** Quits: figgis_ (Read error: Connection reset by peer)
[02:01:54] *** Joins: Lightswor
[02:10:55] *** Joins: graffix
[02:30:10] *** Joins: refs
[03:22:09] *** Quits: graffix (Quit: I'm out like a large trout!)
[04:05:35] *** Quits: refs (Quit: refs)
[04:57:16] *** Quits: rajkosto (Read error: Connection reset by peer)
[09:07:06] *** Quits: averne (quit)
[09:09:21] *** Joins: averne
[09:09:21] *** Server sets mode: +stn 
[09:10:04] *** Quits: Sentry (Read error: Operation timed out)
[09:10:10] *** Joins: Sentry
[12:44:29] *** Joins: fgsfds
[13:21:32] *** Joins: refs
[13:52:45] *** Joins: m4ts_
[13:54:03] *** Quits: m4ts (Ping timeout: 265 seconds)
[19:51:08] *** Quits: uyjulian (Quit: ZNC - http://znc.in)
[19:54:39] *** Joins: uyjulian
[21:21:47] *** Joins: flotwig_
[21:31:02] *** Quits: flotwig (Ping timeout: 745 seconds)
[21:31:03] *** flotwig_ is now known as flotwig
[23:32:21] *** Quits: blasty (Read error: Connection reset by peer)
[23:36:32] *** Quits: d3m3vilur (Ping timeout: 493 seconds)
[23:36:42] *** Joins: d3m3vilur
[23:43:50] *** Joins: blasty
[23:44:20] *** Quits: Sentry (Read error: Connection reset by peer)
[23:44:24] *** Joins: Sentry
