[03:43:30] *** Quits: fgsfds (Read error: Connection reset by peer)
[04:23:35] *** Quits: refs (Quit: refs)
[06:17:48] *** Joins: blasty_
[06:17:48] *** Quits: blasty (Read error: Connection reset by peer)
[06:19:25] *** Quits: nohit (Ping timeout: 493 seconds)
[06:20:50] *** Joins: nohit
[11:21:25] *** Quits: GerbilSof (Read error: Operation timed out)
[11:21:49] *** Joins: GerbilSof
[13:12:11] *** Joins: refs
[16:19:12] *** Quits: refs (Ping timeout: 186 seconds)
[16:21:52] *** Quits: ris2z (se.hub irc.du.se)
[16:52:16] *** Quits: oldtopman (Read error: Operation timed out)
[16:53:30] *** Joins: oldtopman
[17:08:27] *** Quits: fincs (Read error: Operation timed out)
[17:08:32] *** Quits: WntrMute (Ping timeout: 248 seconds)
[17:08:46] *** Joins: fincs
[17:09:02] *** yls8bot sets mode: +o fincs
[17:09:10] *** Quits: sh0e (Read error: Operation timed out)
[17:09:36] *** Quits: DacoTaco (Ping timeout: 248 seconds)
[17:09:36] *** Quits: TurtleP (Ping timeout: 248 seconds)
[17:09:55] *** Joins: DacoTaco
[17:11:10] *** Joins: TurtleP
[17:12:46] *** Joins: refs
[17:13:29] *** Joins: WntrMute
[17:13:29] *** fincs sets mode: +o WntrMute
[17:15:12] *** Joins: sh0e
[19:10:49] *** Joins: fgsfds
[22:06:12] *** Joins: n87
[22:36:12] *** Quits: n87 (Read error: Connection reset by peer)
