[00:01:18] *** Joins: CCFL_Man
[01:50:06] *** Joins: flotwig_
[01:57:32] *** Quits: flotwig (Ping timeout: 745 seconds)
[01:57:33] *** flotwig_ is now known as flotwig
[02:21:54] *** Joins: Genolol
[02:22:44] *** Quits: Genolo (Read error: Connection reset by peer)
[02:22:44] *** Genolol is now known as Genolo
[02:32:21] *** Quits: fgsfds (Read error: Connection reset by peer)
[03:05:28] *** Quits: refs (Quit: refs)
[03:27:06] *** Quits: zombie343 ()
[11:32:42] *** Quits: Maylay_ (Ping timeout: 745 seconds)
[12:11:14] *** Joins: Maylay
[12:25:51] *** Quits: Maylay (Read error: Connection reset by peer)
[12:26:42] *** Joins: Maylay
[14:29:54] *** Joins: n87
[16:24:20] *** Quits: n87 (Read error: Connection reset by peer)
[16:28:06] *** Joins: fgsfds
[16:47:55] *** Joins: n87
[20:16:51] *** Joins: refs
[20:20:56] *** Joins: figgis_
[20:26:45] *** Quits: fgsfds (Read error: Operation timed out)
[20:31:31] *** Quits: sh0e (Ping timeout: 496 seconds)
[20:33:17] *** Quits: DacoTaco (Read error: Operation timed out)
[20:33:35] *** Joins: DacoTaco
[20:39:35] *** Joins: hexkyz_
[20:39:41] *** Quits: hexkyz (Read error: Connection reset by peer)
[20:45:13] *** Joins: sh0e
[23:15:29] *** Quits: n87 (Read error: Connection reset by peer)
