[02:45:13] *** Quits: refs (Quit: refs)
[02:58:15] *** Quits: figgis_ (Read error: Connection reset by peer)
[06:48:52] *** Quits: hexkyz_ (Ping timeout: 745 seconds)
[06:49:42] *** Joins: hexkyz
[11:12:38] *** Joins: n87
[11:55:43] *** Quits: hexkyz (Ping timeout: 745 seconds)
[11:56:02] *** Joins: hexkyz
[12:38:02] *** Joins: fgsfds
[14:06:11] *** Quits: n87 (Read error: Connection reset by peer)
[14:13:58] *** Quits: hexkyz (Ping timeout: 745 seconds)
[14:14:18] *** Joins: hexkyz
[14:27:23] *** Quits: hexkyz (Ping timeout: 745 seconds)
[14:28:13] *** Joins: hexkyz
[14:41:23] *** Quits: hexkyz (Ping timeout: 745 seconds)
[14:41:43] *** Joins: hexkyz
[14:53:34] *** Joins: n87
[15:31:45] *** Quits: n87 (Read error: Connection reset by peer)
[17:30:25] *** Joins: n87
[20:19:56] *** Joins: refs
[23:56:27] *** Quits: n87 (Read error: Connection reset by peer)
