[03:07:10] *** Joins: refs
[03:28:39] *** Quits: fgsfds (Quit: Leaving)
[04:04:00] *** Quits: CCFL_Man (ircd.choopa.net irc.Prison.NET)
[04:04:03] *** Quits: oldtopman (ircd.choopa.net irc.Prison.NET)
[04:04:03] *** Quits: Surkow (ircd.choopa.net irc.Prison.NET)
[04:04:03] *** Quits: |Shadow| (ircd.choopa.net irc.Prison.NET)
[04:05:33] *** Joins: Surkow_
[04:07:01] *** Joins: lansiir
[04:21:01] *** Quits: refs (Quit: refs)
[05:01:35] *** Joins: |Shadow|
[11:04:26] *** Quits: tertu (Read error: Operation timed out)
[11:06:33] *** Quits: j0hny5 (Read error: Operation timed out)
[11:06:35] *** Quits: nich (Read error: Operation timed out)
[11:06:39] *** Quits: djorz (Read error: Operation timed out)
[11:07:04] *** Joins: yls8bot_
[11:07:26] *** Quits: yls8bot (Read error: Operation timed out)
[11:07:26] *** yls8bot_ is now known as yls8bot
[11:11:21] *** Quits: Genolo (Read error: Operation timed out)
[11:12:23] *** Quits: lex1 (Read error: Operation timed out)
[11:12:30] *** Joins: Genolo
[11:14:16] *** Quits: nohit (Read error: Operation timed out)
[11:14:25] *** Quits: DacoTaco (Ping timeout: 318 seconds)
[11:14:44] *** Joins: DacoTaco
[11:14:54] *** Quits: |Shadow| (ircd.choopa.net irc.Prison.NET)
[11:15:44] *** Quits: Sentry (Read error: Operation timed out)
[11:16:36] *** Quits: ihaveamac (Ping timeout: 600 seconds)
[11:16:36] *** Joins: nohit
[11:16:50] *** Joins: ihaveamac
[11:17:25] *** Joins: |Shadow|
[11:21:53] *** Joins: Maylay_
[11:24:30] *** Quits: Maylay (Ping timeout: 857 seconds)
[11:26:25] *** Quits: nohit (Ping timeout: 493 seconds)
[11:29:06] *** Quits: blasty_ (Ping timeout: 857 seconds)
[11:33:03] *** Joins: nohit
[11:34:32] *** Joins: eggster
[11:34:33] *** Joins: Stary_
[11:35:00] *** Joins: blasty
[11:36:27] *** Joins: Sentry
[11:39:25] *** Joins: lex1
[11:41:36] *** Quits: lameboy (Ping timeout: 265 seconds)
[11:41:48] *** Joins: lameboy
[11:47:58] *** Quits: eggy (se.hub irc.homelien.no)
[11:47:58] *** Quits: Stary (se.hub irc.homelien.no)
[12:04:49] *** Quits: yls8bot (Read error: Operation timed out)
[12:05:18] *** Quits: Stary_ (ircd.choopa.net irc.mzima.net)
[12:05:18] *** Quits: Extrems (ircd.choopa.net irc.mzima.net)
[12:05:41] *** Joins: yls8bot
[12:05:44] *** yellows8 sets mode: +o yls8bot
[12:09:13] *** Joins: eggy
[12:09:50] *** Quits: eggster (Ping timeout: 265 seconds)
[12:12:55] *** Quits: Sentry (Read error: Operation timed out)
[12:13:37] *** Quits: jsa_ (Read error: Operation timed out)
[12:13:37] *** Joins: thejsa
[12:13:37] *** Quits: blasty (Read error: Operation timed out)
[12:16:26] *** Joins: Extrems`
[12:17:30] *** Quits: yls8bot (Read error: Operation timed out)
[12:17:30] *** Quits: d3m3vilur (Ping timeout: 493 seconds)
[12:17:30] *** Quits: eggy (Read error: Operation timed out)
[12:18:34] *** Quits: flotwig (Read error: Operation timed out)
[12:18:34] *** Quits: GerbilSof (Read error: Operation timed out)
[12:18:34] *** Quits: tpw_rules (Read error: Operation timed out)
[12:18:34] *** Joins: eggster
[12:19:38] *** Quits: averne (quit)
[13:11:52] *** Joins: averne
[13:11:52] *** Server sets mode: +stn 
[13:13:25] *** Joins: lex1
[13:20:56] *** Quits: flotwig (ircd.choopa.net irc.mzima.net)
[13:20:56] *** Quits: nrq_ (ircd.choopa.net irc.mzima.net)
[13:20:56] *** Quits: Stary_ (ircd.choopa.net irc.mzima.net)
[13:31:40] *** Joins: flotwig
[13:31:40] *** Joins: nrq_
[13:31:40] *** Joins: Stary_
[14:04:07] *** Joins: fgsfds
[14:17:08] *** Joins: yls8bot
[14:17:16] *** yellows8 sets mode: +o yls8bot
[14:52:55] *** Joins: Behemoth
[15:48:52] *** Joins: refs
[18:28:34] *** Quits: d3m3vilur (Read error: Operation timed out)
[18:28:43] *** Quits: Sentry (Read error: Connection reset by peer)
[18:29:53] *** Quits: lex1 (Read error: Operation timed out)
[18:41:07] *** Quits: blasty (Read error: Connection reset by peer)
[18:51:47] *** Quits: Behemoth (Ping timeout: 376 seconds)
[18:52:53] *** Joins: Snetry
[18:54:15] *** Joins: Behemoth
[18:54:20] *** Joins: CCFL_Man
[18:55:40] *** Quits: yellows8 (Read error: Connection reset by peer)
[18:57:22] *** Snetry is now known as Sentry
[18:58:17] *** Joins: yellows8
[18:58:17] *** WntrMute sets mode: +o yellows8
[18:59:56] *** Joins: d3m3vilur
[19:01:54] *** Joins: blasty
[19:08:08] *** Joins: lex1
[20:50:58] *** Joins: nich
[20:51:18] *** Joins: tertu
[20:51:55] *** Joins: j0hny5
[21:00:26] *** Quits: Surkow (Remote host closed the connection)
[21:02:26] *** Joins: Surkow
[21:42:12] *** Quits: flotwig (Read error: Operation timed out)
[21:42:43] *** Joins: CCFL_Man_
[21:43:16] *** Quits: CCFL_Man (Read error: Connection reset by peer)
[21:47:16] *** Joins: flotwig
[21:50:46] *** CCFL_Man_ is now known as CCFL_Man
[22:10:09] *** Quits: GerbilSof (Quit: Windows must now restart because the Remote Procedure Call (RPC) service terminated unexpectedly.)
[22:27:20] *** Joins: GerbilSof
[22:27:48] *** Quits: nich (Read error: Operation timed out)
[22:28:47] *** Quits: j0hny5 (Read error: Operation timed out)
[22:29:05] *** Quits: tertu (Read error: Operation timed out)
[23:52:08] *** Joins: tertu
