[00:48:14] *** Quits: |Shadow| (Ping timeout: 240 seconds)
[01:19:19] *** Joins: |Shadow|
[01:21:02] *** Joins: oreo639
[01:31:38] *** Quits: fgsfds (Read error: Connection reset by peer)
[02:59:14] *** Quits: refs (Quit: refs)
[06:07:53] *** Quits: ihaveamac (Quit: fail)
[06:09:55] *** Joins: ihaveamac
[07:12:58] *** Quits: oldtopman (Read error: Operation timed out)
[07:26:08] *** Joins: oldtopman
[08:21:53] *** Joins: m4ts_
[08:26:09] *** Quits: m4ts (Ping timeout: 265 seconds)
[08:48:58] *** Joins: ris2z
[08:52:30] *** Quits: ris2z (Quit: ZNC 1.9.x-git-156-ac57c0e5 - https://znc.in)
[08:53:50] *** Joins: ris2z
[09:51:06] *** Quits: oreo639 (Ping timeout: 492 seconds)
[09:51:42] *** Joins: oreo639
[10:28:40] *** Joins: n87
[12:23:19] *** Quits: oreo639 (Ping timeout: 612 seconds)
[13:11:12] *** Joins: fgsfds
[17:54:10] *** Quits: ris2z (Excess Flood)
[17:55:25] *** Joins: ris2z
[18:41:24] *** Quits: ris2z (Excess Flood)
[18:42:28] *** Joins: ris2z
[18:53:35] *** Quits: ris2z (Excess Flood)
[18:54:44] *** Joins: ris2z
[19:45:32] *** Quits: ris2z (Excess Flood)
[19:46:42] *** Joins: ris2z
[21:03:58] *** Joins: oreo639
[21:06:32] *** Quits: oreo639 (Remote host closed the connection)
[21:38:47] *** Joins: oreo639
[22:14:03] *** Joins: refs
[22:26:09] *** Quits: oreo639 (Remote host closed the connection)
[22:35:17] *** Quits: n87 (Read error: Connection reset by peer)
[22:53:01] *** Quits: ihaveamac (ircd.choopa.net irc.mzima.net)
[22:53:01] *** Quits: nrq_ (ircd.choopa.net irc.mzima.net)
[22:53:02] *** Quits: Stary_ (ircd.choopa.net irc.mzima.net)
[22:53:21] *** Quits: |Shadow| (ircd.choopa.net irc.Prison.NET)
[22:54:06] *** Joins: |Shadow|
[22:56:31] *** Quits: oldtopman (ircd.choopa.net irc.choopa.net)
[22:56:31] *** Quits: djorz (ircd.choopa.net irc.choopa.net)
[22:56:31] *** Quits: nich (ircd.choopa.net irc.choopa.net)
[22:56:31] *** Quits: j0hny5 (ircd.choopa.net irc.choopa.net)
[22:56:31] *** Quits: tertu (ircd.choopa.net irc.choopa.net)
[23:06:15] *** Joins: tertu
[23:06:15] *** Joins: j0hny5
[23:06:15] *** Joins: nich
[23:06:15] *** Joins: djorz
[23:06:15] *** Joins: oldtopman
[23:13:23] *** Quits: oldtopman (ircd.choopa.net irc.choopa.net)
[23:13:23] *** Quits: djorz (ircd.choopa.net irc.choopa.net)
[23:13:23] *** Quits: nich (ircd.choopa.net irc.choopa.net)
[23:13:23] *** Quits: j0hny5 (ircd.choopa.net irc.choopa.net)
[23:13:23] *** Quits: tertu (ircd.choopa.net irc.choopa.net)
[23:21:49] *** Joins: oldtopman
[23:21:49] *** Joins: djorz
[23:21:49] *** Joins: nich
[23:21:49] *** Joins: j0hny5
[23:21:49] *** Joins: tertu
[23:22:49] *** Joins: ihaveamac
[23:22:49] *** Joins: nrq_
[23:22:49] *** Joins: Stary_
[23:28:24] *** Joins: oreo639
[23:31:26] *** Quits: ihaveamac (ircd.choopa.net irc.mzima.net)
[23:31:26] *** Quits: nrq_ (ircd.choopa.net irc.mzima.net)
[23:31:26] *** Quits: Stary_ (ircd.choopa.net irc.mzima.net)
[23:49:03] *** Quits: oldtopman (Read error: Operation timed out)
[23:49:16] *** Joins: oldtopman
[23:49:45] *** Quits: djorz (Read error: Operation timed out)
[23:50:54] *** Quits: tertu (Read error: Operation timed out)
[23:51:13] *** Quits: j0hny5 (Read error: Operation timed out)
[23:51:52] *** Quits: nich (Read error: Operation timed out)
