[00:20:13] *** Joins: nich
[00:21:06] *** Joins: j0hny5
[00:22:48] *** Joins: tertu
[00:33:06] *** Joins: ihaveamac
[00:33:09] *** Joins: nrq_
[00:33:09] *** Joins: Stary_
[01:40:22] *** Quits: fgsfds (Read error: Connection reset by peer)
[02:10:57] *** Quits: ihaveamac (ircd.choopa.net irc.mzima.net)
[02:11:01] *** Quits: nrq_ (ircd.choopa.net irc.mzima.net)
[02:11:01] *** Quits: Stary_ (ircd.choopa.net irc.mzima.net)
[02:23:40] *** Quits: j0hny5 (Read error: Operation timed out)
[02:24:29] *** Quits: tertu (Read error: Operation timed out)
[02:25:54] *** Quits: nich (Read error: Operation timed out)
[02:32:08] *** Joins: ihaveamac
[02:32:10] *** Joins: nrq_
[02:32:10] *** Joins: Stary_
[02:32:10] *** Joins: j0hny5
[02:40:17] *** Joins: nich
[02:43:08] *** Quits: refs (Quit: refs)
[02:45:14] *** Quits: balrog (Quit: Bye)
[02:45:40] *** Joins: tertu
[02:49:29] *** Quits: ihaveamac (ircd.choopa.net irc.mzima.net)
[02:49:34] *** Quits: nrq_ (ircd.choopa.net irc.mzima.net)
[02:49:34] *** Quits: Stary_ (ircd.choopa.net irc.mzima.net)
[02:50:32] *** Joins: balrog
[02:51:52] *** Quits: balrog (Read error: Operation timed out)
[03:01:24] *** Joins: balrog
[03:01:25] *** Quits: tertu (Read error: Connection reset by peer)
[03:04:51] *** Joins: tertu
[03:10:24] *** Quits: tertu (Read error: Operation timed out)
[03:24:12] *** Joins: tertu
[03:41:16] *** Joins: ihaveamac
[03:41:16] *** Joins: nrq_
[03:41:16] *** Joins: Stary_
[04:28:49] *** Quits: oreo639 (Quit: Quit)
[04:33:38] *** Joins: oreo639
[08:35:24] *** Joins: djorz
[09:19:19] *** Quits: ihaveamac (hub.efnet.us ircd.choopa.net)
[09:19:19] *** Quits: nrq_ (hub.efnet.us ircd.choopa.net)
[09:19:19] *** Quits: Stary_ (hub.efnet.us ircd.choopa.net)
[09:19:19] *** Quits: djorz (hub.efnet.us ircd.choopa.net)
[09:19:19] *** Quits: tertu (hub.efnet.us ircd.choopa.net)
[09:19:19] *** Quits: nich (hub.efnet.us ircd.choopa.net)
[09:19:19] *** Quits: j0hny5 (hub.efnet.us ircd.choopa.net)
[10:26:44] *** Quits: freundTec (Quit: ZNC disconnected. Probably just rebooting my server - ZNC 1.6.6+deb1ubuntu0.2 - http://znc.in)
[10:27:58] *** Joins: freundTec
[12:25:07] *** Joins: Stary_
[12:25:07] *** Joins: nrq_
[12:25:07] *** Joins: ihaveamac
[12:34:36] *** Quits: oreo639 (Ping timeout: 492 seconds)
[12:44:06] *** Joins: fgsfds
[15:15:45] *** Quits: ihaveamac (ircd.choopa.net irc.mzima.net)
[15:15:45] *** Quits: nrq_ (ircd.choopa.net irc.mzima.net)
[15:15:45] *** Quits: Stary_ (ircd.choopa.net irc.mzima.net)
[15:33:36] *** Quits: |Shadow| (Ping timeout: 240 seconds)
[15:35:45] *** Joins: |Shadow|
[15:47:18] *** Joins: Stary_
[15:47:18] *** Joins: nrq_
[15:47:18] *** Joins: ihaveamac
[16:04:11] *** Joins: tertu
[16:04:11] *** Joins: nich
[16:04:11] *** Joins: j0hny5
[18:00:30] *** Quits: Behemoth (Quit: Quit)
[18:01:22] *** Joins: Behemoth
[20:09:40] *** Joins: oreo639
[20:21:21] *** Joins: refs
[23:28:22] *** Quits: DacoTaco (Ping timeout: 745 seconds)
[23:29:12] *** Joins: DacoTaco
