[02:01:40] *** Quits: fgsfds (Read error: Connection reset by peer)
[02:41:44] *** Quits: ihaveamac (ircd.choopa.net irc.mzima.net)
[02:41:44] *** Quits: nrq_ (ircd.choopa.net irc.mzima.net)
[02:41:44] *** Quits: Stary_ (ircd.choopa.net irc.mzima.net)
[02:47:04] *** Quits: tertu (hub.efnet.us ircd.choopa.net)
[02:47:04] *** Quits: nich (hub.efnet.us ircd.choopa.net)
[02:47:04] *** Quits: j0hny5 (hub.efnet.us ircd.choopa.net)
[03:01:57] *** Quits: refs (Quit: refs)
[03:12:16] *** Joins: j0hny5
[03:12:16] *** Joins: nich
[03:12:16] *** Joins: tertu
[04:11:51] *** Joins: oreo639_
[04:11:52] *** Quits: oreo639 (Read error: Connection reset by peer)
[04:25:16] *** Quits: oreo639_ (Remote host closed the connection)
[04:33:50] *** Joins: oreo639
[05:55:26] *** Quits: oreo639 (Quit: Quit)
[07:16:48] *** Quits: |Shadow| (Ping timeout: 240 seconds)
[07:35:36] *** Joins: |Shadow|
[07:35:40] *** Quits: |Shadow| (Excess Flood)
[07:41:06] *** Joins: |Shadow|
[09:20:28] *** Quits: hexkyz (Ping timeout: 745 seconds)
[09:20:44] *** Joins: hexkyz
[09:29:40] *** Joins: oreo639
[09:33:52] *** Quits: hexkyz (Ping timeout: 745 seconds)
[09:34:11] *** Joins: hexkyz
[11:29:09] *** Joins: djorz
[12:07:05] *** Joins: fgsfds
[13:39:20] *** Quits: oreo639 (Read error: Operation timed out)
[14:56:25] *** Quits: djorz (hub.efnet.us ircd.choopa.net)
[14:56:25] *** Quits: tertu (hub.efnet.us ircd.choopa.net)
[14:56:25] *** Quits: nich (hub.efnet.us ircd.choopa.net)
[14:56:25] *** Quits: j0hny5 (hub.efnet.us ircd.choopa.net)
[15:46:25] *** Joins: j0hny5
[15:46:25] *** Joins: nich
[15:46:25] *** Joins: tertu
[15:46:25] *** Joins: djorz
[19:52:56] *** Joins: tertu2
[19:52:56] *** Quits: tertu (Read error: Connection reset by peer)
[19:52:56] *** tertu2 is now known as tertu
[20:33:46] *** Joins: ihaveamac
[20:33:46] *** Joins: nrq_
[20:33:46] *** Joins: Stary_
[21:18:27] *** Quits: ihaveamac (hub.efnet.us ircd.choopa.net)
[21:18:27] *** Quits: nrq_ (hub.efnet.us ircd.choopa.net)
[21:18:27] *** Quits: Stary_ (hub.efnet.us ircd.choopa.net)
[21:18:27] *** Quits: tertu (hub.efnet.us ircd.choopa.net)
[21:18:27] *** Quits: djorz (hub.efnet.us ircd.choopa.net)
[21:18:27] *** Quits: nich (hub.efnet.us ircd.choopa.net)
[21:18:27] *** Quits: j0hny5 (hub.efnet.us ircd.choopa.net)
[21:29:10] *** Joins: j0hny5
[21:29:10] *** Joins: nich
[21:29:10] *** Joins: djorz
[21:29:10] *** Joins: tertu
[21:29:10] *** Joins: Stary_
[21:29:10] *** Joins: nrq_
[21:29:10] *** Joins: ihaveamac
[22:00:54] *** Joins: oreo639
[22:13:31] *** Quits: oreo639 (Remote host closed the connection)
[23:11:59] *** Joins: oreo639
