[00:27:37] *** Quits: ihaveamac (ircd.choopa.net irc.mzima.net)
[00:27:37] *** Quits: nrq_ (ircd.choopa.net irc.mzima.net)
[00:27:37] *** Quits: Stary_ (ircd.choopa.net irc.mzima.net)
[00:27:42] *** Joins: nrq
[00:29:10] *** Joins: Stary
[02:13:01] *** Quits: fgsfds (Read error: Connection reset by peer)
[03:07:06] *** Joins: refs
[03:07:41] *** Quits: oreo639 (hub.efnet.us ircd.choopa.net)
[03:07:41] *** Quits: tertu (hub.efnet.us ircd.choopa.net)
[03:07:41] *** Quits: djorz (hub.efnet.us ircd.choopa.net)
[03:07:41] *** Quits: nich (hub.efnet.us ircd.choopa.net)
[03:07:41] *** Quits: j0hny5 (hub.efnet.us ircd.choopa.net)
[03:37:31] *** Joins: oreo639
[03:37:31] *** Joins: tertu
[03:37:31] *** Joins: djorz
[03:37:31] *** Joins: nich
[03:37:31] *** Joins: j0hny5
[03:40:00] *** Quits: oreo639 (hub.efnet.us ircd.choopa.net)
[03:40:01] *** Quits: tertu (hub.efnet.us ircd.choopa.net)
[03:40:01] *** Quits: djorz (hub.efnet.us ircd.choopa.net)
[03:40:01] *** Quits: nich (hub.efnet.us ircd.choopa.net)
[03:40:01] *** Quits: j0hny5 (hub.efnet.us ircd.choopa.net)
[03:54:03] *** Joins: j0hny5
[03:54:03] *** Joins: nich
[03:54:03] *** Joins: djorz
[03:54:03] *** Joins: tertu
[03:54:03] *** Joins: oreo639
[03:58:36] *** Quits: oreo639 (ircd.choopa.net irc.choopa.net)
[03:58:36] *** Quits: tertu (ircd.choopa.net irc.choopa.net)
[03:58:36] *** Quits: djorz (ircd.choopa.net irc.choopa.net)
[03:58:36] *** Quits: nich (ircd.choopa.net irc.choopa.net)
[03:58:36] *** Quits: j0hny5 (ircd.choopa.net irc.choopa.net)
[04:18:06] *** Quits: refs (Quit: refs)
[04:27:28] *** Joins: j0hny5
[04:27:29] *** Joins: nich
[04:27:29] *** Joins: djorz
[04:27:29] *** Joins: tertu
[04:27:29] *** Joins: oreo639
[04:54:27] *** Quits: oreo639 (hub.efnet.us ircd.choopa.net)
[04:54:28] *** Quits: tertu (hub.efnet.us ircd.choopa.net)
[04:54:28] *** Quits: djorz (hub.efnet.us ircd.choopa.net)
[04:54:28] *** Quits: nich (hub.efnet.us ircd.choopa.net)
[04:54:28] *** Quits: j0hny5 (hub.efnet.us ircd.choopa.net)
[05:15:55] *** Joins: j0hny5
[05:15:55] *** Joins: nich
[05:15:55] *** Joins: djorz
[05:15:55] *** Joins: tertu
[05:23:29] *** Joins: oreo639
[05:46:55] *** Quits: tertu (hub.efnet.us ircd.choopa.net)
[05:46:55] *** Quits: djorz (hub.efnet.us ircd.choopa.net)
[05:46:55] *** Quits: nich (hub.efnet.us ircd.choopa.net)
[05:46:55] *** Quits: j0hny5 (hub.efnet.us ircd.choopa.net)
[07:58:46] *** Joins: j0hny5
[07:58:46] *** Joins: nich
[07:58:46] *** Joins: djorz
[07:58:46] *** Joins: tertu
[11:09:26] *** Joins: fgsfds
[12:22:01] *** Joins: n87
[12:25:23] *** Quits: blasty (Read error: Operation timed out)
[12:32:17] *** Joins: blasty
[12:51:57] *** Joins: m4ts
[12:52:30] *** Quits: m4ts_ (Ping timeout: 265 seconds)
[13:02:37] *** Quits: tertu (hub.efnet.us ircd.choopa.net)
[13:02:37] *** Quits: djorz (hub.efnet.us ircd.choopa.net)
[13:02:37] *** Quits: nich (hub.efnet.us ircd.choopa.net)
[13:02:37] *** Quits: j0hny5 (hub.efnet.us ircd.choopa.net)
[13:29:10] *** Quits: n87 (Read error: Connection reset by peer)
[13:35:22] *** Quits: oreo639 (Ping timeout: 612 seconds)
[13:43:58] *** Joins: tertu
[13:43:58] *** Joins: djorz
[13:43:58] *** Joins: nich
[13:43:58] *** Joins: j0hny5
[14:07:17] *** Joins: n87
[15:52:18] *** Joins: Phils3r_
[15:53:59] *** Joins: pieman_
[15:55:23] *** Joins: mid-kid1
[15:55:36] *** Joins: jsa_
[15:58:26] *** Joins: Extrems`
[15:59:43] *** Quits: Phils3r (Ping timeout: 615 seconds)
[16:00:19] *** Quits: lemmy (Ping timeout: 615 seconds)
[16:00:21] *** Joins: Genolol
[16:01:28] *** Quits: Genolo (Ping timeout: 745 seconds)
[16:01:28] *** Genolol is now known as Genolo
[16:01:29] *** Quits: mid-kid (Ping timeout: 745 seconds)
[16:02:03] *** Quits: Extrems (Ping timeout: 745 seconds)
[16:02:04] *** Quits: thejsa (Ping timeout: 745 seconds)
[16:02:04] *** Extrems` is now known as Extrems
[16:02:04] *** Quits: Shiz (Ping timeout: 745 seconds)
[16:02:13] *** Quits: pieman (Read error: Connection timed out)
[16:02:13] *** pieman_ is now known as pieman
[16:09:22] *** Joins: Shiz
[16:26:54] *** Joins: lemmy
[18:07:06] *** Joins: oreo639
[18:50:02] *** Joins: refs
[19:31:12] *** Quits: refs (Ping timeout: 186 seconds)
[19:32:53] *** Joins: refs`
[19:37:04] *** Quits: refs` (Ping timeout: 186 seconds)
[20:11:45] *** Joins: refs2
[20:32:00] *** Quits: refs2 (Ping timeout: 186 seconds)
[21:16:23] *** Joins: refs3
[21:30:40] *** Quits: refs3 (Ping timeout: 186 seconds)
[21:38:07] *** Joins: refs3
[22:14:24] *** Quits: refs3 (Ping timeout: 186 seconds)
[23:20:03] *** Quits: n87 (Read error: Connection reset by peer)
