[01:38:20] *** Quits: oreo639 (Read error: Operation timed out)
[01:56:34] *** Joins: oreo639
[02:04:47] *** Joins: refs
[02:19:25] *** Quits: fgsfds (Read error: Connection reset by peer)
[02:30:24] *** Quits: refs (Ping timeout: 186 seconds)
[03:26:29] *** Joins: refs`
[04:11:19] *** Quits: oreo639 (Ping timeout: 265 seconds)
[04:17:43] *** Joins: oreo639
[05:09:49] *** Quits: refs` (Quit: refs`)
[08:39:45] *** Quits: Surkow (Quit: 418 I'm a teapot - NOP NOP NOP)
[10:28:43] *** Joins: n87
[11:53:52] *** Quits: oreo639 (Ping timeout: 265 seconds)
[12:09:32] *** Quits: hexkyz (Ping timeout: 745 seconds)
[12:10:23] *** Joins: hexkyz
[13:10:00] *** Joins: refs
[15:11:18] *** Joins: fgsfds
[17:44:35] *** Joins: Surkow
[19:38:49] *** Joins: n87_2
[19:42:13] *** Quits: n87 (Ping timeout: 265 seconds)
[20:02:09] *** Joins: oreo639
[22:47:47] *** Joins: averne
[22:47:55] *** Server sets mode: +stn 
[23:40:01] *** Quits: n87_2 (Read error: Connection reset by peer)
[23:49:36] *** Quits: fincs (Ping timeout: 308 seconds)
[23:49:46] *** Joins: fincs
[23:49:46] *** WntrMute sets mode: +o fincs
[23:55:01] *** Quits: flotwig (Write error: Broken pipe)
[23:55:39] *** Joins: flotwig
[23:56:30] *** Joins: sh0e-
[23:59:59] *** Quits: sh0e (Ping timeout: 318 seconds)
