[00:01:36] *** Quits: balrog (Read error: Connection reset by peer)
[00:02:06] *** Joins: balrog
[00:12:57] *** Joins: Cu3PO42
[04:30:35] *** Quits: fgsfds (Read error: Connection reset by peer)
[04:51:10] *** Quits: refs (Quit: refs)
[08:19:41] *** Quits: |Shadow| ()
[08:35:33] *** Joins: |Shadow|
[09:33:38] *** Quits: Genolo (Read error: Operation timed out)
[09:42:36] *** Joins: Genolo
[10:17:36] *** Quits: ris2z (Ping timeout: 186 seconds)
[10:41:13] *** Quits: CCFL_Man (Ping timeout: 265 seconds)
[10:41:21] *** Joins: CCFL_Man
[10:43:39] *** Joins: ris2z
[11:55:25] *** Quits: oreo639 (Ping timeout: 612 seconds)
[12:27:04] *** Quits: m4ts (Ping timeout: 265 seconds)
[12:28:36] *** Joins: m4ts
[12:46:58] *** Joins: rajkosto
[13:10:36] *** Joins: fgsfds
[15:15:39] *** Quits: Surkow (Quit: 418 I'm a teapot - NOP NOP NOP)
[16:03:31] *** Joins: n87
[16:03:33] *** Joins: KuKzz
[16:55:25] *** Joins: Surkow
[19:07:44] *** Quits: rajkosto (Read error: Connection reset by peer)
[20:19:32] *** Joins: refs
[20:40:31] *** Joins: oreo639
[22:57:16] *** Quits: n87 (Read error: Connection reset by peer)
