[00:29:53] *** Joins: rajkosto
[02:44:13] *** Quits: fgsfds (Read error: Connection reset by peer)
[02:44:40] *** Joins: fgsfds
[03:40:06] *** Quits: fgsfds (Read error: Connection reset by peer)
[03:48:23] *** Joins: Snetry
[03:49:43] *** Quits: Sentry (Read error: Operation timed out)
[03:49:43] *** Snetry is now known as Sentry
[04:57:50] *** Quits: refs (Quit: refs)
[07:09:57] *** Joins: Snetry
[07:11:17] *** Quits: Sentry (Read error: Operation timed out)
[07:11:17] *** Snetry is now known as Sentry
[09:02:14] *** Quits: rajkosto (Read error: Connection reset by peer)
[10:02:06] *** Joins: flotwig_
[10:04:25] *** Quits: flotwig (Read error: Operation timed out)
[10:04:25] *** flotwig_ is now known as flotwig
[10:48:15] *** Joins: CCFL_Man_
[10:51:45] *** Quits: CCFL_Man (Read error: Operation timed out)
[10:54:13] *** Joins: CCFL_Man
[10:57:19] *** Quits: CCFL_Man_ (Ping timeout: 492 seconds)
[12:15:52] *** Joins: fgsfds
[19:33:50] *** Joins: Snetry
[19:35:09] *** Quits: Sentry (Read error: Operation timed out)
[19:35:09] *** Snetry is now known as Sentry
[21:25:00] *** Quits: Sentry (Quit: left EFNet)
[21:26:08] *** Joins: Sentry
[21:48:23] *** Joins: refs
[21:57:10] *** Quits: Sentry (Quit: left EFNet)
[22:03:00] *** Quits: fgsfds (Ping timeout: 265 seconds)
[22:17:59] *** Quits: m4ts_ (Ping timeout: 265 seconds)
[22:18:45] *** Joins: m4ts
[22:45:25] *** Joins: Sentry
[22:52:31] *** Joins: oreo639
[23:25:36] *** Joins: fgsfds
[23:28:07] *** Quits: oreo639 (Remote host closed the connection)
[23:31:31] *** Joins: oreo639
[23:41:09] *** Quits: oreo639 (Quit)
