[00:10:16] *** Joins: oreo639
[00:58:01] *** Quits: oreo639 (Quit: Quit)
[01:00:53] *** Quits: fgsfds (Read error: Connection reset by peer)
[01:11:35] *** Quits: m4ts (Excess Flood)
[01:11:41] *** Joins: m4ts
[02:15:21] *** Joins: oreo639
[02:21:04] *** Joins: oreo639_
[02:21:04] *** Quits: oreo639 (Read error: Connection reset by peer)
[02:27:41] *** Quits: oreo639_ (Read error: Connection reset by peer)
[02:27:50] *** Joins: oreo639
[02:38:13] *** Joins: rajkosto
[02:39:32] *** Quits: Sentry (Read error: Operation timed out)
[02:39:43] *** Joins: Sentry
[02:48:51] *** Quits: oreo639 (Remote host closed the connection)
[02:50:13] *** Quits: refs (Quit: refs)
[03:37:49] *** Joins: Snetry
[03:39:09] *** Quits: Sentry (Read error: Operation timed out)
[03:39:09] *** Snetry is now known as Sentry
[04:07:09] *** Joins: oreo639
[04:40:08] *** Quits: oreo639 (Remote host closed the connection)
[04:47:31] *** Joins: oreo639
[05:09:19] *** Quits: oreo639 (Quit: Quit)
[05:16:24] *** Joins: oreo639
[06:02:44] *** Quits: oreo639 (Ping timeout: 252 seconds)
[06:36:15] *** Joins: oreo639
[06:48:04] *** Quits: oreo639 (Remote host closed the connection)
[07:07:25] *** Quits: CCFL_Man (Ping timeout: 252 seconds)
[07:18:27] *** Joins: CCFL_Man
[08:01:53] *** Joins: oreo639
[08:09:02] *** Quits: oreo639 (Remote host closed the connection)
[09:32:24] *** Joins: KuKzz_
[09:36:51] *** Quits: KuKzz (Ping timeout: 600 seconds)
[10:09:21] *** Quits: |Shadow| (Ping timeout: 980 seconds)
[10:34:15] *** Joins: rajko
[10:34:15] *** Quits: rajkosto (Read error: Connection reset by peer)
[10:35:46] *** Joins: rajkosto
[10:35:46] *** Quits: rajko (Read error: Connection reset by peer)
[10:52:02] *** Joins: |Shadow|
[12:10:19] *** Quits: |Shadow| (Read error: Operation timed out)
[12:55:19] *** Quits: rajkosto (Read error: Connection reset by peer)
[13:03:53] *** Joins: fgsfds
[14:11:09] *** Joins: |Shadow|
[22:05:36] *** Joins: n87
[22:09:36] *** Joins: oreo639
[23:02:57] *** Quits: n87 (Read error: Connection reset by peer)
[23:05:45] *** Joins: refs
