[01:22:57] *** Quits: fgsfds (Ping timeout: 265 seconds)
[01:26:08] *** Joins: fgsfds
[01:53:30] *** Quits: oreo639 (Ping timeout: 492 seconds)
[02:34:21] *** Quits: fgsfds (Ping timeout: 600 seconds)
[02:45:49] *** Joins: oreo639
[03:01:41] *** Quits: refs (Quit: refs)
[03:07:37] *** Quits: oreo639 (Ping timeout: 612 seconds)
[03:38:45] *** Joins: Snetry
[03:40:04] *** Quits: Sentry (Read error: Operation timed out)
[03:40:05] *** Snetry is now known as Sentry
[04:36:53] *** Joins: oreo639
[04:38:59] *** Quits: Jdbye (Quit: Connection reset by beer)
[04:39:59] *** Joins: Jdbye
[05:32:49] *** Joins: rajkosto
[06:32:48] *** Quits: oreo639 (Read error: Operation timed out)
[11:42:09] *** Joins: fgsfds
[11:42:40] *** Joins: figgis_
[11:42:49] *** Quits: figgis_ (Client Quit)
[13:20:49] *** Quits: rajkosto (Read error: Operation timed out)
[17:52:36] *** Joins: n87
[19:54:54] *** lex1 is now known as lex
[23:52:34] *** Quits: n87 (Read error: Connection reset by peer)
