[00:05:26] *** Quits: derk0pf (Read error: Operation timed out)
[00:29:30] *** Joins: derk0pf
[00:33:45] *** Quits: fgsfds (Read error: Connection reset by peer)
[00:36:01] *** Quits: derk0pf (Read error: Operation timed out)
[01:02:46] *** Joins: derk0pf
[01:37:03] *** Quits: derk0pf (Read error: Operation timed out)
[02:04:08] *** Joins: derk0pf
[02:40:27] *** Quits: derk0pf (Read error: Operation timed out)
[03:34:22] *** Quits: Sentry (Read error: Operation timed out)
[03:35:05] *** Joins: Sentry
[04:33:12] *** Joins: derk0pf
[05:16:43] *** Quits: derk0pf (Read error: Operation timed out)
[05:26:31] *** Joins: derk0pf
[05:31:10] *** Quits: derk0pf (Ping timeout: 252 seconds)
[05:34:37] *** Quits: GerbilSof (Windows must now restart because the Remote Procedure Call (RPC) service terminated unexpectedly.)
[05:47:08] *** Joins: GerbilSof
[06:47:52] *** Quits: oreo639 (Ping timeout: 612 seconds)
[07:27:26] *** Joins: derk0pf
[08:14:36] *** Quits: derk0pf (Ping timeout: 480 seconds)
[09:51:43] *** Joins: fgsfds
[10:07:18] *** Joins: derk0pf
[10:36:11] *** Quits: derk0pf (Ping timeout: 492 seconds)
[12:28:20] *** Joins: derk0pf
[13:05:43] *** Quits: derk0pf (Ping timeout: 745 seconds)
[13:22:11] *** Quits: fgsfds (Ping timeout: 265 seconds)
[13:30:54] *** Joins: m4ts_
[13:32:20] *** Quits: m4ts (Ping timeout: 265 seconds)
[14:07:48] *** Quits: rajkosto (Quit: Leaving)
[14:34:13] *** Joins: refs
[14:54:11] *** Joins: derk0pf
[15:19:37] *** Joins: fgsfds
[15:27:22] *** Quits: derk0pf (Ping timeout: 252 seconds)
[16:13:15] *** Quits: nich (I QUIT)
[16:19:33] *** Joins: nich
[17:23:56] *** Joins: derk0pf
[17:47:47] *** Joins: m4ts
[17:48:30] *** Quits: m4ts_ (Ping timeout: 265 seconds)
[17:58:04] *** Quits: derk0pf (Ping timeout: 252 seconds)
[19:54:51] *** Joins: derk0pf
[20:44:03] *** Quits: derk0pf (Read error: Operation timed out)
[21:47:40] *** Joins: derk0pf
[22:24:50] *** Joins: oreo639
[23:01:16] *** Quits: Maylay (Ping timeout: 252 seconds)
[23:04:01] *** Joins: Maylay
[23:07:44] *** Quits: derk0pf (Read error: Operation timed out)
[23:20:34] *** Joins: m4ts_
[23:22:00] *** Quits: m4ts (Ping timeout: 265 seconds)
[23:25:22] *** Joins: rajkosto
