[00:09:57] *** Joins: derk0pf
[00:31:07] *** Quits: derk0pf (Ping timeout: 265 seconds)
[00:35:25] *** Quits: m4ts_ (Excess Flood)
[00:35:31] *** Joins: m4ts
[01:01:44] *** Joins: derk0pf
[01:12:24] *** Joins: flotwig_
[01:12:24] *** Quits: flotwig (Read error: Connection reset by peer)
[01:12:28] *** flotwig_ is now known as flotwig
[01:26:13] *** Quits: derk0pf (Read error: Operation timed out)
[01:51:51] *** Quits: fgsfds (Ping timeout: 600 seconds)
[02:51:20] *** Joins: derk0pf
[03:26:04] *** Quits: derk0pf (Read error: Operation timed out)
[03:33:31] *** Joins: Snetry
[03:34:51] *** Quits: Sentry (Read error: Connection refused)
[03:34:51] *** Snetry is now known as Sentry
[03:48:29] *** Quits: oreo639 (Ping timeout: 492 seconds)
[04:45:48] *** Quits: refs (Quit: refs)
[05:20:38] *** Joins: derk0pf
[05:32:18] *** Joins: oreo639
[05:51:34] *** Quits: derk0pf (Ping timeout: 252 seconds)
[07:48:50] *** Joins: derk0pf
[08:29:00] *** Quits: derk0pf (Ping timeout: 480 seconds)
[09:35:40] *** Quits: m4ts (Excess Flood)
[09:35:48] *** Joins: m4ts
[10:21:43] *** Joins: derk0pf
[11:02:46] *** Quits: derk0pf (Read error: Operation timed out)
[11:41:01] *** Quits: oreo639 (Remote host closed the connection)
[12:48:35] *** Joins: derk0pf
[13:00:38] *** Quits: rajkosto (Read error: Connection reset by peer)
[13:22:48] *** Joins: refs
[13:23:23] *** Quits: derk0pf (Read error: Operation timed out)
[13:55:48] *** Joins: derk0pf
[14:37:49] *** Joins: IShaDoWl
[14:41:07] *** Joins: n87
[14:45:20] *** Quits: m4ts (Excess Flood)
[14:46:19] *** Joins: m4ts
[14:46:33] *** Quits: derk0pf (Read error: Operation timed out)
[14:50:37] *** Joins: derk0pf
[15:13:50] *** Quits: derk0pf (Read error: Operation timed out)
[15:14:14] *** Joins: derk0pf
[15:28:11] *** Quits: derk0pf (Ping timeout: 265 seconds)
[15:32:36] *** Joins: derk0pf
[15:46:04] *** Quits: derk0pf (Ping timeout: 265 seconds)
[15:47:50] *** Joins: derk0pf
[16:13:12] *** Joins: fgsfds
[16:14:31] *** Quits: derk0pf (Read error: Operation timed out)
[16:16:38] *** Joins: derk0pf
[16:54:42] *** Quits: derk0pf (Ping timeout: 265 seconds)
[16:56:46] *** Joins: derk0pf
[17:35:35] *** Quits: derk0pf (Read error: Operation timed out)
[17:38:17] *** Joins: derk0pf
[17:46:05] *** Quits: derk0pf (Read error: Operation timed out)
[17:48:12] *** Joins: derk0pf
[17:59:21] *** Quits: m4ts (Excess Flood)
[18:03:34] *** Joins: m4ts
[18:24:08] *** Quits: n87 (Read error: Connection reset by peer)
[18:29:52] *** Quits: derk0pf (Ping timeout: 252 seconds)
[18:29:55] *** Joins: derk0pf
[18:34:42] *** Quits: balrog (Bye)
[18:39:53] *** Joins: balrog
[18:49:16] *** Quits: derk0pf (Ping timeout: 252 seconds)
[18:58:40] *** Joins: derk0pf
[21:56:48] *** Quits: derk0pf (Ping timeout: 745 seconds)
[22:12:01] *** Joins: m4ts_
[22:14:11] *** Quits: m4ts (Ping timeout: 265 seconds)
[22:14:29] *** Joins: derk0pf
[22:30:26] *** Quits: derk0pf (Read error: Operation timed out)
[22:30:31] *** Joins: derk0pf
[22:35:10] *** Quits: derk0pf (Ping timeout: 252 seconds)
[22:51:09] *** Joins: derk0pf
[23:16:51] *** Quits: derk0pf (Ping timeout: 600 seconds)
[23:36:31] *** Joins: derk0pf
[23:45:00] *** Quits: derk0pf (Ping timeout: 480 seconds)
[23:54:57] *** Joins: derk0pf
