[00:03:24] *** Quits: derk0pf (Ping timeout: 480 seconds)
[00:07:48] *** Quits: lemmy (se.hub efnet.deic.eu)
[00:07:48] *** Quits: nohit (se.hub efnet.deic.eu)
[00:11:24] *** Joins: nohit
[00:11:25] *** Joins: lemmy
[00:12:57] *** Joins: derk0pf
[00:13:09] *** Joins: rajkosto
[00:17:37] *** Quits: derk0pf (Ping timeout: 252 seconds)
[00:54:06] *** Quits: Behemoth (Quit)
[00:54:24] *** Joins: Behemoth
[00:59:34] *** Joins: derk0pf
[01:11:17] *** Quits: Behemoth (Quit)
[01:15:44] *** Joins: Behemoth
[01:16:35] *** Quits: derk0pf (Read error: Operation timed out)
[01:37:36] *** Quits: fgsfds (Read error: Connection reset by peer)
[01:49:50] *** Quits: Behemoth (Quit)
[01:50:30] *** Joins: Behemoth
[02:12:23] *** Quits: m4ts_ (Excess Flood)
[02:16:02] *** Joins: m4ts
[02:56:58] *** Joins: derk0pf
[03:24:32] *** Joins: sh0e-
[03:26:00] *** Quits: sh0e (Read error: Operation timed out)
[03:27:00] *** Quits: Cu3PO42 (Ping timeout: 248 seconds)
[03:27:05] *** Quits: IShaDoWl (Read error: Operation timed out)
[03:27:43] *** Joins: IShaDoWl
[03:31:51] *** Joins: Snetry
[03:32:48] *** Quits: Sentry (Read error: Operation timed out)
[03:32:48] *** Snetry is now known as Sentry
[03:44:29] *** Joins: Cu3PO42
[03:55:17] *** Joins: derk0pf_
[03:58:34] *** Quits: derk0pf (Ping timeout: 252 seconds)
[05:14:57] *** Quits: refs (Quit: refs)
[07:47:54] *** Quits: derk0pf_ (Ping timeout: 265 seconds)
[07:48:47] *** Joins: derk0pf
[09:34:11] *** Quits: m4ts (Excess Flood)
[09:36:52] *** Joins: m4ts
[09:49:21] *** Quits: derk0pf (Ping timeout: 600 seconds)
[09:55:11] *** Joins: derk0pf
[10:33:34] *** Joins: fgsfds
[11:06:14] *** Quits: rajkosto (Read error: Connection reset by peer)
[11:06:47] *** Joins: rajkosto
[12:37:05] *** Quits: m4ts (Excess Flood)
[12:37:19] *** Joins: m4ts
[13:30:40] *** Joins: refs
[14:08:12] *** Quits: rajkosto (Read error: Connection reset by peer)
[14:30:21] *** Quits: derk0pf (Read error: Operation timed out)
[14:31:19] *** Joins: derk0pf
[15:30:57] *** Quits: m4ts (Excess Flood)
[15:33:07] *** Joins: m4ts
[15:48:49] *** Quits: derk0pf (Ping timeout: 265 seconds)
[15:48:57] *** Joins: derk0pf
[16:19:06] *** Quits: derk0pf (Read error: Operation timed out)
[16:19:19] *** Joins: derk0pf
[16:29:30] *** Joins: n87
[18:03:15] *** Quits: m4ts (Excess Flood)
[18:03:21] *** Joins: m4ts
[20:08:51] *** Quits: GerbilSof (Ping timeout: 265 seconds)
[20:22:50] *** Joins: GerbilSof
[22:00:28] *** Quits: derk0pf (Read error: Operation timed out)
[22:08:18] *** Joins: derk0pf
[22:17:56] *** Quits: derk0pf (Ping timeout: 492 seconds)
[22:26:14] *** Joins: derk0pf
[22:27:40] *** Joins: rajkosto
[22:30:16] *** Quits: derk0pf (Read error: Operation timed out)
[23:05:11] *** Quits: n87 (Read error: Connection reset by peer)
