[00:44:47] *** Joins: derk0pf
[00:53:24] *** Quits: derk0pf (Ping timeout: 480 seconds)
[01:13:53] *** Quits: fgsfds (Read error: Connection reset by peer)
[01:21:22] *** Quits: m4ts (Excess Flood)
[01:23:36] *** Joins: m4ts
[01:29:11] *** Quits: GerbilSof (Quit: Windows must now restart because the Remote Procedure Call (RPC) service terminated unexpectedly.)
[01:29:30] *** Joins: GerbilSof
[02:46:01] *** Joins: derk0pf
[02:54:39] *** Quits: derk0pf (Read error: Operation timed out)
[03:31:08] *** Joins: Snetry
[03:32:27] *** Quits: Sentry (Read error: Operation timed out)
[03:32:28] *** Snetry is now known as Sentry
[04:46:54] *** Joins: derk0pf
[04:57:16] *** Quits: derk0pf (Ping timeout: 600 seconds)
[05:11:26] *** Quits: refs (Quit: refs)
[05:30:58] *** Joins: derk0pf
[06:26:49] *** Quits: zombie343 ()
[06:35:44] *** Joins: zombie343
[07:01:51] *** Quits: derk0pf (Ping timeout: 600 seconds)
[07:14:37] *** Joins: GerbilS5
[07:19:11] *** Quits: GerbilSof (Read error: Connection reset by peer)
[07:19:59] *** Joins: GerbilSof
[07:22:50] *** Joins: derk0pf
[07:27:28] *** Quits: derk0pf (Ping timeout: 252 seconds)
[07:31:03] *** Quits: GerbilS5 (Ping timeout: 745 seconds)
[07:41:26] *** Joins: derk0pf
[07:50:04] *** Quits: derk0pf (Ping timeout: 492 seconds)
[08:31:21] *** Joins: derk0pf
[08:35:49] *** Quits: derk0pf (Ping timeout: 252 seconds)
[09:33:07] *** Joins: derk0pf
[09:41:45] *** Quits: derk0pf (Read error: Operation timed out)
[10:49:08] *** Quits: zini (Quit: -->)
[10:49:49] *** Joins: zini
[10:51:02] *** Quits: zini (Client Quit)
[10:51:48] *** Joins: zini
[11:27:31] *** Joins: fgsfds
[11:34:03] *** Joins: derk0pf
[11:42:36] *** Quits: derk0pf (Ping timeout: 480 seconds)
[12:15:43] *** Quits: m4ts (Excess Flood)
[12:16:52] *** Joins: m4ts
[12:27:57] *** Quits: m4ts (Excess Flood)
[12:28:38] *** Joins: m4ts
[12:34:57] *** Quits: rajkosto (Read error: Connection reset by peer)
[12:41:52] *** Quits: m4ts (Excess Flood)
[12:42:03] *** Joins: m4ts
[12:45:13] *** Quits: m4ts (Excess Flood)
[12:45:50] *** Joins: m4ts
[12:48:46] *** Quits: m4ts (Excess Flood)
[12:50:27] *** Joins: m4ts
[12:55:33] *** Quits: m4ts (Excess Flood)
[12:57:11] *** Joins: m4ts
[13:27:28] *** Joins: refs
[13:34:50] *** Joins: derk0pf
[13:39:37] *** Quits: derk0pf (Ping timeout: 265 seconds)
[14:45:20] *** Joins: derk0pf
[15:42:13] *** Quits: GerbilSof (Ping timeout: 745 seconds)
[15:44:37] *** Quits: m4ts (Excess Flood)
[15:47:41] *** Joins: GerbilSof
[15:47:57] *** Joins: m4ts
[15:49:04] *** Quits: derk0pf (Ping timeout: 252 seconds)
[17:14:23] *** Quits: m4ts (Excess Flood)
[17:14:35] *** Joins: m4ts
[17:45:12] *** Joins: derk0pf
[17:53:45] *** Quits: derk0pf (Ping timeout: 496 seconds)
[18:24:13] *** Quits: GerbilSof (Quit: Windows must now restart because the Remote Procedure Call (RPC) service terminated unexpectedly.)
[18:24:19] *** Joins: GerbilSof
[18:27:38] *** Quits: zombie343 (se.hub efnet.deic.eu)
[18:27:38] *** Quits: lemmy (se.hub efnet.deic.eu)
[18:27:38] *** Quits: nohit (se.hub efnet.deic.eu)
[18:33:18] *** Joins: klockee
[18:33:28] *** Joins: TAL_
[18:34:12] *** Quits: TAL (Remote host closed the connection)
[18:34:12] *** Quits: zini (Write error: Broken pipe)
[18:34:12] *** Quits: dibas (Write error: Broken pipe)
[18:34:12] *** Quits: Phils3r (Write error: Broken pipe)
[18:34:12] *** Quits: klock (Remote host closed the connection)
[18:34:12] *** Quits: Whovian93 (Quit: And I'm gone.)
[18:34:17] *** Joins: Phils3r_
[18:34:22] *** Joins: dibas
[18:34:24] *** Joins: zini
[18:40:33] *** Quits: Mimoja8 (se.hub irc.swepipe.se)
[18:40:39] *** Quits: pieman (se.hub irc.swepipe.se)
[18:40:39] *** Quits: flagrama_ (se.hub irc.swepipe.se)
[18:40:39] *** Joins: Mimoja8
[18:40:39] *** Joins: pieman
[18:40:39] *** Joins: flagrama_
[18:50:04] *** Quits: lameboy (Remote host closed the connection)
[18:50:10] *** Joins: lameboy2
[18:50:15] *** lameboy2 is now known as lameboy
[19:19:19] *** Joins: zombie343
[19:19:20] *** Joins: nohit
[19:19:20] *** Joins: lemmy
[19:23:58] *** Quits: m4ts (Excess Flood)
[19:24:37] *** Joins: m4ts
[19:32:46] *** Joins: n87
[19:46:08] *** Joins: derk0pf
[19:50:37] *** Quits: m4ts (Excess Flood)
[19:51:14] *** Joins: m4ts
[19:56:06] *** Quits: derk0pf (Read error: Operation timed out)
[20:11:25] *** TAL_ is now known as TAL
[21:06:05] *** Quits: m4ts (Excess Flood)
[21:06:47] *** Joins: m4ts
[21:20:34] *** Quits: refs (Quit: refs)
[21:39:29] *** Joins: GerbilS4
[21:39:53] *** Quits: m4ts (Excess Flood)
[21:39:59] *** Joins: m4ts
[21:40:50] *** Quits: GerbilSof (Read error: Operation timed out)
[21:46:58] *** Joins: derk0pf
[21:48:36] *** Quits: m4ts (Excess Flood)
[21:48:43] *** Joins: m4ts
[21:49:55] *** Quits: derk0pf (Read error: Operation timed out)
[22:12:59] *** Joins: derk0pf
[22:15:50] *** Quits: GerbilS4 (Quit: Windows must now restart because the Remote Procedure Call (RPC) service terminated unexpectedly.)
[22:18:29] *** Joins: GerbilSof
[22:28:09] *** Quits: m4ts (Excess Flood)
[22:30:27] *** Joins: m4ts
[22:51:51] *** Quits: derk0pf (Ping timeout: 600 seconds)
