[00:34:23] *** Quits: GerbilSof (Read error: Operation timed out)
[00:35:11] *** Joins: refs
[00:42:40] *** Joins: derk0pf
[00:45:04] *** Joins: GerbilSof
[00:46:35] *** Quits: n87 (Read error: Connection reset by peer)
[00:51:09] *** Quits: derk0pf (Ping timeout: 492 seconds)
[01:32:10] *** Quits: fgsfds (Read error: Connection reset by peer)
[01:53:16] *** Quits: m4ts (Excess Flood)
[01:53:24] *** Joins: m4ts
[02:06:56] *** Quits: m4ts (Excess Flood)
[02:09:38] *** Joins: m4ts
[02:30:55] *** Joins: rajkosto
[02:43:41] *** Joins: derk0pf
[02:48:25] *** Quits: derk0pf (Ping timeout: 265 seconds)
[03:26:45] *** Joins: derk0pf
[03:30:27] *** Joins: Snetry
[03:31:46] *** Quits: Sentry (Read error: Connection refused)
[03:31:47] *** Snetry is now known as Sentry
[03:52:16] *** Quits: derk0pf (Ping timeout: 600 seconds)
[04:12:47] *** Joins: derk0pf
[04:19:02] *** Quits: derk0pf (Read error: Operation timed out)
[04:30:42] *** Joins: derk0pf
[04:35:43] *** Quits: derk0pf (Ping timeout: 265 seconds)
[04:36:28] *** Quits: GerbilSof (Ping timeout: 252 seconds)
[04:36:37] *** Joins: GerbilSof
[05:15:10] *** Quits: refs (Quit: refs)
[05:52:02] *** Quits: balrog (Read error: Operation timed out)
[05:53:14] *** Joins: balrog
[05:55:08] *** Quits: uyjulian (Read error: Operation timed out)
[05:59:57] *** Quits: yls8bot (Read error: Operation timed out)
[06:00:00] *** Joins: yls8bot
[06:00:06] *** yellows8 sets mode: +o yls8bot
[06:03:46] *** Quits: djorz (Read error: Operation timed out)
[06:05:01] *** Quits: nrq_ (Read error: Operation timed out)
[06:05:02] *** Joins: derk0pf
[06:05:08] *** Joins: nrq
[06:13:43] *** Joins: uyjulian
[07:03:19] *** Quits: derk0pf (Ping timeout: 252 seconds)
[07:24:15] *** Quits: m4ts (Excess Flood)
[07:24:25] *** Joins: m4ts
[08:40:09] *** Quits: m4ts (Excess Flood)
[08:40:15] *** Joins: m4ts
[08:45:01] *** Joins: Behemoth_
[08:50:42] *** Quits: IShaDoWl (se.hub irc.homelien.no)
[08:50:42] *** Quits: Behemoth (se.hub irc.homelien.no)
[08:50:42] *** Quits: GeekShado (se.hub irc.homelien.no)
[08:50:42] *** Quits: GrecKo (se.hub irc.homelien.no)
[08:50:42] *** Quits: derrek (se.hub irc.homelien.no)
[08:52:31] *** Quits: m4ts (Excess Flood)
[08:53:09] *** Joins: m4ts
[09:55:45] *** Joins: fgsfds
[10:39:49] *** Joins: CCFL_Man_
[10:45:22] *** Quits: CCFL_Man (Read error: Operation timed out)
[10:48:29] *** Joins: djorz
[11:01:06] *** Joins: derk0pf
[11:05:32] *** Quits: derk0pf (Ping timeout: 252 seconds)
[11:24:31] *** Joins: n87
[12:30:36] *** Quits: djorz (Ping timeout: 600 seconds)
[12:38:30] *** Joins: derk0pf
[12:54:49] *** Joins: djorz
[13:02:22] *** Quits: m4ts (Excess Flood)
[13:02:59] *** Joins: m4ts
[13:03:48] *** Joins: figgis_
[13:07:05] *** Quits: fgsfds (Ping timeout: 265 seconds)
[13:35:29] *** Joins: refs
[13:40:25] *** Quits: derk0pf (Ping timeout: 252 seconds)
[13:41:19] *** Joins: derk0pf
[13:51:39] *** Quits: m4ts (Excess Flood)
[13:51:45] *** Joins: m4ts
[14:13:16] *** Joins: fgsfds
[14:15:56] *** Joins: figgis__
[14:16:12] *** Quits: figgis_ (Ping timeout: 265 seconds)
[14:19:51] *** Quits: m4ts (Excess Flood)
[14:20:40] *** Quits: fgsfds (Read error: Operation timed out)
[14:20:58] *** Joins: m4ts
[14:29:22] *** Joins: figgis_
[14:33:40] *** Quits: figgis__ (Read error: Operation timed out)
[14:35:56] *** Quits: derk0pf (Ping timeout: 496 seconds)
[14:36:29] *** Joins: derk0pf
[14:46:25] *** Quits: derk0pf (Ping timeout: 252 seconds)
[17:03:20] *** Joins: figgis__
[17:08:04] *** Quits: figgis_ (Read error: Operation timed out)
[17:12:44] *** Joins: figgis_
[17:18:13] *** Quits: figgis__ (Read error: Operation timed out)
[17:37:47] *** Quits: rajkosto (Read error: Connection reset by peer)
[17:43:15] *** Quits: refs (Quit: refs)
[17:56:56] *** Quits: n87 (Read error: Connection reset by peer)
[20:15:27] *** Quits: m4ts (Excess Flood)
[20:16:04] *** Joins: m4ts
[20:31:53] *** Quits: oldtopman (Remote host closed the connection)
[21:37:30] *** Quits: m4ts (Excess Flood)
[21:40:36] *** Joins: m4ts
[21:46:17] *** Joins: n87
[22:08:04] *** Quits: n87 (Read error: Connection reset by peer)
[22:11:22] *** Joins: n87
[23:00:27] *** Quits: flotwig (Quit: ZNC - http://znc.in)
[23:09:15] *** Joins: oldtopman
[23:11:38] *** Joins: flotwig
[23:29:08] *** Quits: m4ts (Excess Flood)
[23:30:42] *** Joins: m4ts
