[00:04:35] *** Quits: n87 (Read error: Connection reset by peer)
[01:02:34] *** KuKzz_ is now known as KuKzz
[01:33:39] *** Quits: figgis_ (Quit: Leaving)
[02:30:18] *** Joins: derk0pf
[02:30:45] *** Joins: rajkosto
[02:41:43] *** Quits: derk0pf (Read error: Operation timed out)
[03:02:36] *** Joins: derk0pf
[03:05:38] *** Quits: rajkosto (Read error: Operation timed out)
[03:06:57] *** Quits: derk0pf (Read error: Operation timed out)
[03:27:41] *** Quits: m4ts (Excess Flood)
[03:27:47] *** Joins: m4ts
[03:29:01] *** Quits: Sentry (Read error: Operation timed out)
[03:29:21] *** Joins: Sentry
[03:30:01] *** CCFL_Man_ is now known as CCFL_Man
[03:55:49] *** Joins: rajkosto
[04:51:55] *** Joins: derk0pf
[05:00:12] *** Quits: derk0pf (Ping timeout: 480 seconds)
[06:52:29] *** Joins: derk0pf
[07:04:59] *** Quits: derk0pf (Read error: Operation timed out)
[08:48:47] *** Quits: m4ts (Excess Flood)
[08:53:03] *** Joins: m4ts
[08:53:18] *** Joins: derk0pf
[09:01:52] *** Quits: derk0pf (Read error: Operation timed out)
[11:32:45] *** Quits: m4ts (Excess Flood)
[11:32:51] *** Joins: m4ts
[11:56:45] *** Quits: rajkosto (Read error: Connection reset by peer)
[12:28:26] *** Joins: fgsfds
[12:45:22] *** Joins: derk0pf
[12:47:15] *** Quits: m4ts (Excess Flood)
[12:49:35] *** Joins: m4ts
[13:05:07] *** Quits: GerbilSof (Ping timeout: 252 seconds)
[13:29:01] *** Quits: m4ts (Excess Flood)
[13:30:13] *** Joins: rajkosto
[13:34:16] *** Joins: m4ts
[13:58:01] *** Quits: m4ts (Excess Flood)
[13:58:07] *** Joins: m4ts
[14:39:11] *** Quits: rajkosto (Ping timeout: 496 seconds)
[14:55:23] *** Quits: lameboy (Remote host closed the connection)
[14:55:48] *** Joins: lameboy
[16:08:10] *** Joins: rajkosto
[16:10:23] *** Quits: m4ts (Excess Flood)
[16:10:29] *** Joins: m4ts
[16:14:42] *** Quits: m4ts (Excess Flood)
[16:15:18] *** Joins: m4ts
[18:33:51] *** Quits: rajkosto (Ping timeout: 496 seconds)
[18:49:59] *** Joins: derk0pf_
[18:54:33] *** Quits: derk0pf (Read error: Operation timed out)
[18:58:53] *** Joins: GerbilSof
[19:35:47] *** Joins: IShaDoWl
[19:37:24] *** Joins: GrecKo
[19:38:29] *** Joins: GeekShado
[20:05:02] *** Quits: derk0pf_ (Read error: Operation timed out)
[20:26:31] *** Joins: derk0pf
[20:35:00] *** Quits: derk0pf (Ping timeout: 480 seconds)
[21:20:52] *** Joins: derk0pf
[22:03:35] *** Joins: refs
[22:12:14] *** Quits: derk0pf (Read error: Operation timed out)
[22:23:52] *** Joins: n87
[22:39:31] *** Quits: m4ts (Excess Flood)
[22:39:37] *** Joins: m4ts
[23:41:17] *** Quits: m4ts (Excess Flood)
[23:44:27] *** Joins: m4ts
