[00:03:06] *** Quits: n87 (Read error: Connection reset by peer)
[02:07:08] *** Joins: Snetry
[02:08:27] *** Quits: Sentry (Read error: Operation timed out)
[02:08:28] *** Snetry is now known as Sentry
[02:20:11] *** Joins: rajkosto
[03:05:16] *** Quits: rajkosto (Read error: Connection reset by peer)
[03:06:36] *** Quits: Sentry (Read error: Operation timed out)
[03:06:42] *** Joins: Sentry
[04:05:33] *** Joins: rajkosto
[04:15:09] *** Quits: fgsfds (Read error: Connection reset by peer)
[04:39:38] *** Quits: Kyouju_ (Quit: ZNC 1.7.2+deb3~bpo9+1 - https://znc.in)
[04:39:55] *** Joins: Kyouju
[04:50:24] *** Quits: refs (Quit: refs)
[09:33:38] *** Quits: m4ts (Excess Flood)
[09:34:15] *** Joins: m4ts
[10:10:28] *** Quits: Phils3r_ (Read error: Connection reset by peer)
[10:10:57] *** Joins: Phils3r
[10:27:13] *** Joins: n87
[10:50:35] *** Quits: |Shadow| ()
[10:58:28] *** Joins: |Shadow|
[11:40:26] *** Quits: nich (I QUIT)
[11:40:41] *** Joins: nich
[12:52:01] *** Joins: fgsfds
[15:19:45] *** Quits: m4ts (Excess Flood)
[15:19:54] *** Joins: m4ts
[16:27:37] *** Quits: m4ts (Excess Flood)
[16:27:43] *** Joins: m4ts
[16:34:08] *** Quits: rajkosto (Read error: Operation timed out)
[17:44:19] *** Joins: rajkosto
[19:26:04] *** Quits: Extrems (Read error: Operation timed out)
[19:36:18] *** Joins: Extrems
[20:40:55] *** Quits: Extrems (Remote host closed the connection)
[20:42:17] *** Joins: Extrems
[20:47:41] *** Joins: Extrems`
[20:49:42] *** Quits: Extrems (Read error: Operation timed out)
[20:49:42] *** Extrems` is now known as Extrems
[20:51:34] *** Quits: rajkosto (Quit: Leaving)
[22:24:58] *** Quits: m4ts (Excess Flood)
[22:25:09] *** Joins: m4ts
[23:21:37] *** Quits: Behemoth_ (Quit: Quit)
[23:22:19] *** Joins: Behemoth
[23:23:18] *** Quits: Behemoth (Quit)
[23:23:58] *** Joins: Behemoth
[23:34:54] *** Quits: m4ts (Excess Flood)
[23:35:01] *** Joins: m4ts
[23:47:56] *** Quits: m4ts (Excess Flood)
[23:50:16] *** Joins: m4ts
