[00:05:34] *** Quits: n87 (Read error: Connection reset by peer)
[00:30:55] *** Quits: fgsfds (Quit: Leaving)
[01:03:38] *** Quits: m4ts (Excess Flood)
[01:04:18] *** Joins: m4ts
[01:31:21] *** Quits: m4ts (Excess Flood)
[01:31:27] *** Joins: m4ts
[02:06:31] *** Quits: m4ts (Excess Flood)
[02:07:09] *** Joins: m4ts
[03:02:56] *** Joins: Snetry
[03:04:15] *** Quits: Sentry (Read error: Connection refused)
[03:04:16] *** Snetry is now known as Sentry
[03:40:55] *** Quits: m4ts (Excess Flood)
[03:42:35] *** Joins: m4ts
[05:10:30] *** Quits: m4ts (Excess Flood)
[05:12:10] *** Joins: m4ts
[06:22:10] *** Quits: dibas (Read error: Connection reset by peer)
[06:22:10] *** Quits: zini (Read error: Connection reset by peer)
[06:22:10] *** Quits: Phils3r (Write error: Connection reset by peer)
[06:22:13] *** Joins: dibas
[06:22:15] *** Joins: zini-
[06:22:41] *** Joins: Phils3r
[06:35:28] *** Quits: TurtleP (Ping timeout: 745 seconds)
[06:35:40] *** Joins: TurtleP
[06:43:33] *** Quits: GerbilSof (Quit: Windows must now restart because the Remote Procedure Call (RPC) service terminated unexpectedly.)
[06:57:20] *** Joins: GerbilSof
[07:00:28] *** Quits: m4ts (Excess Flood)
[07:00:38] *** Joins: m4ts
[08:01:11] *** Joins: rajkosto
[08:16:27] *** Quits: m4ts (Excess Flood)
[08:16:36] *** Joins: m4ts
[08:36:45] *** Quits: m4ts (Excess Flood)
[08:36:51] *** Joins: m4ts
[10:56:32] *** Quits: m4ts (Excess Flood)
[10:58:11] *** Joins: m4ts
[11:23:38] *** Quits: m4ts (Excess Flood)
[11:30:11] *** Joins: m4ts
[12:57:27] *** Quits: rajkosto (Ping timeout: 265 seconds)
[13:23:50] *** Joins: fgsfds
[13:23:54] *** Quits: Surkow (Read error: Operation timed out)
[13:31:04] *** Joins: m4ts_
[13:32:44] *** Quits: m4ts (Ping timeout: 265 seconds)
[13:42:30] *** Joins: Surkow
[14:29:52] *** Quits: m4ts_ (Excess Flood)
[14:30:02] *** Joins: m4ts
[20:15:38] *** Joins: rajkosto
[20:34:32] *** Quits: Mimoja8 (Quit: The Lounge - https://thelounge.github.io)
[20:34:58] *** Joins: Mimoja8
[20:34:59] *** Quits: Mimoja8 (Remote host closed the connection)
[20:49:27] *** Quits: m4ts (Excess Flood)
[20:53:41] *** Joins: m4ts
[21:14:31] *** Joins: n87
[21:30:18] *** Quits: m4ts (Excess Flood)
[21:30:24] *** Joins: m4ts
[21:41:47] *** Joins: oreo639
[21:52:46] *** Joins: refs
