[00:33:35] *** Quits: rajkosto (Read error: Connection reset by peer)
[00:37:51] *** Quits: n87 (Read error: Connection reset by peer)
[01:39:16] *** Quits: oreo639 (Ping timeout: 493 seconds)
[01:47:29] *** Joins: oreo639
[02:05:13] <yls8bot> https://yls8.mtheall.com/ninupdates/reports.php?date=2022-06-14_00-05-05&sys=hac 
[02:05:33] <yls8bot> Update-details for the following hac report is now available/updated: https://yls8.mtheall.com/ninupdates/reports.php?date=2022-06-14_00-05-05&sys=hac 
[02:09:33] <yls8bot> Sysmodule SwIPC-generation .info files for the following hac report is now available/updated: https://yls8.mtheall.com/ninupdates/reports.php?date=2022-06-14_00-05-05&sys=hac 
[02:15:13] <yls8bot> https://yls8.mtheall.com/ninupdates/reports.php?date=2022-06-14_00-15-05&sys=hac 
[02:15:33] <yls8bot> Update-details for the following hac report is now available/updated: https://yls8.mtheall.com/ninupdates/reports.php?date=2022-06-14_00-15-05&sys=hac 
[02:19:28] <yls8bot> Sysmodule SwIPC-generation .info files for the following hac report is now available/updated: https://yls8.mtheall.com/ninupdates/reports.php?date=2022-06-14_00-15-05&sys=hac 
[02:50:58] *** Quits: refs (Quit: refs)
[03:03:09] *** Joins: Snetry
[03:04:29] *** Quits: Sentry (Read error: Operation timed out)
[03:04:29] *** Snetry is now known as Sentry
[03:59:24] *** Joins: Snetry
[04:00:43] *** Quits: Sentry (Read error: Connection refused)
[04:00:43] *** Snetry is now known as Sentry
[04:05:21] *** Quits: fgsfds (Read error: Connection reset by peer)
[04:32:46] *** Quits: m4ts (Excess Flood)
[04:32:56] *** Joins: m4ts
[05:22:41] *** Quits: DacoTaco (Ping timeout: 600 seconds)
[06:31:58] *** Quits: Surkow (ny.us.hub hub.efnet.us)
[06:31:59] *** Quits: Kyouju (ny.us.hub hub.efnet.us)
[06:31:59] *** Quits: yls8bot (ny.us.hub hub.efnet.us)
[06:31:59] *** Quits: Maylay (ny.us.hub hub.efnet.us)
[06:31:59] *** Quits: yellows8 (ny.us.hub hub.efnet.us)
[06:31:59] *** Quits: Lightswor (ny.us.hub hub.efnet.us)
[06:31:59] *** Quits: freundTe- (ny.us.hub hub.efnet.us)
[06:31:59] *** Quits: GeekShado (ny.us.hub hub.efnet.us)
[06:31:59] *** Quits: balrog (ny.us.hub hub.efnet.us)
[06:35:18] *** Joins: Surkow
[06:35:18] *** Joins: Kyouju
[06:35:18] *** Joins: GeekShado
[06:35:18] *** Joins: yls8bot
[06:35:18] *** Joins: balrog
[06:35:18] *** Joins: Maylay
[06:35:18] *** Joins: yellows8
[06:35:18] *** Joins: Lightswor
[06:35:18] *** Joins: freundTe-
[06:35:18] *** hub.efnet.us sets mode: +oo yls8bot yellows8
[06:35:18] *** WntrMute sets mode: +o yellows8
[07:13:20] *** Quits: GerbilSof (Quit: Windows must now restart because the Remote Procedure Call (RPC) service terminated unexpectedly.)
[07:15:03] *** Joins: DacoTaco
[07:33:20] *** Joins: GerbilSof
[08:40:01] *** Joins: rajkosto
[09:48:39] *** Quits: rajkosto (Read error: Connection reset by peer)
[10:56:46] *** Quits: oreo639 (Ping timeout: 612 seconds)
[11:20:28] *** Joins: n87
[14:15:46] *** Joins: fgsfds
[14:54:44] *** Quits: n87 (Read error: Connection reset by peer)
[14:59:32] *** Joins: rajkosto
[15:49:02] *** Quits: lex (Read error: Operation timed out)
[15:52:47] *** Joins: lex
[15:54:37] *** Quits: KuKzz (Read error: Operation timed out)
[15:54:45] *** Joins: KuKzz
[15:56:38] *** Quits: d3m3vilur (Ping timeout: 493 seconds)
[16:03:32] *** Quits: Sentry (Ping timeout: 857 seconds)
[16:04:40] *** Quits: rajkosto (Ping timeout: 252 seconds)
[16:35:12] *** Quits: lex (Read error: Operation timed out)
[16:47:46] *** Joins: Sentry
[16:49:48] *** Joins: d3m3vilur
[16:50:50] *** Joins: lex
[17:18:43] *** Quits: ris2z (Remote host closed the connection)
[17:20:54] *** Joins: ris2z
[17:23:56] *** Quits: m4ts (Excess Flood)
[17:23:56] *** Joins: rajkosto
[17:25:12] *** Joins: m4ts
[18:31:18] *** Quits: m4ts (Excess Flood)
[18:34:48] *** Joins: m4ts
[20:38:55] *** Joins: n87
[22:05:28] *** Quits: rajkosto (Ping timeout: 252 seconds)
[22:25:21] *** Quits: balrog (Bye)
[22:28:33] *** Joins: balrog
[22:31:22] *** Joins: refs
[22:51:13] *** Quits: n87 (Read error: Connection reset by peer)
[22:53:40] *** Joins: n87
[23:33:11] *** Joins: oreo639
[23:52:37] *** Quits: n87 (Read error: Connection reset by peer)
