[01:11:25] *** Quits: m4ts (Excess Flood)
[01:13:36] *** Joins: m4ts
[01:26:39] *** Quits: IShaDoWl ()
[01:32:13] *** Quits: m4ts (Excess Flood)
[01:32:19] *** Joins: m4ts
[02:15:34] *** Quits: oreo639 (Ping timeout: 252 seconds)
[02:48:25] *** Quits: refs (Quit: refs)
[02:55:02] *** Quits: m4ts (Excess Flood)
[02:55:08] *** Joins: m4ts
[03:10:32] *** Quits: m4ts (Excess Flood)
[03:10:38] *** Joins: m4ts
[03:12:10] *** Joins: oreo639
[04:00:56] *** Joins: Snetry
[04:02:15] *** Quits: Sentry (Read error: Operation timed out)
[04:02:16] *** Snetry is now known as Sentry
[04:26:29] *** Quits: fgsfds (Quit: Leaving)
[06:14:39] *** Quits: m4ts (Excess Flood)
[06:15:16] *** Joins: m4ts
[09:13:09] *** Joins: rajkosto
[10:43:47] *** Quits: oreo639 (Read error: Operation timed out)
[10:57:04] *** Joins: oreo639
[11:12:38] *** Quits: m4ts (Excess Flood)
[11:12:44] *** Joins: m4ts
[12:39:16] *** Joins: fgsfds
[12:51:00] *** Quits: oreo639 (Read error: Operation timed out)
[15:52:08] *** Quits: fgsfds (Remote host closed the connection)
[15:54:02] *** Joins: fgsfds
[17:07:10] *** Joins: n87
[18:36:36] *** Quits: Maylay (Quit: Pipe Terminated)
[18:40:28] *** Joins: Maylay
[20:06:21] *** Quits: rajkosto (Ping timeout: 265 seconds)
[21:23:42] *** Joins: rajkosto
[21:40:00] *** Joins: refs
[21:42:30] *** Quits: n87 (Read error: Connection reset by peer)
[23:46:57] *** Quits: fgsfds (Leaving)
