[00:13:57] *** Joins: lameboy2
[00:20:39] *** Quits: lameboy2 (Ping timeout: 376 seconds)
[00:21:15] *** Quits: lameboy (Read error: Operation timed out)
[00:21:34] *** Joins: lameboy
[00:45:08] *** Joins: lameboy2
[00:49:10] *** Quits: lameboy (Ping timeout: 612 seconds)
[00:49:11] *** lameboy2 is now known as lameboy
[00:55:37] *** Quits: rajkosto (Read error: Operation timed out)
[00:55:55] *** Joins: lameboy2
[01:03:02] *** Quits: lameboy (Read error: Operation timed out)
[01:03:06] *** lameboy2 is now known as lameboy
[01:32:04] *** Joins: oreo639
[02:05:02] *** Joins: Phils3r_
[02:12:33] *** Quits: Phils3r (Ping timeout: 615 seconds)
[02:46:13] *** Quits: refs (Quit: refs)
[03:14:42] *** Quits: oreo639 (Ping timeout: 493 seconds)
[03:26:59] *** Joins: oreo639
[03:57:18] *** Joins: Snetry
[03:58:37] *** Quits: Sentry (Read error: Connection refused)
[03:58:38] *** Snetry is now known as Sentry
[04:27:40] *** Quits: KuKzz (Ping timeout: 496 seconds)
[04:57:58] *** Joins: KuKzz
[07:50:57] *** Quits: oreo639 (Read error: Operation timed out)
[08:15:01] *** Joins: oreo639
[10:05:19] *** Joins: rajkosto
[10:06:32] *** Quits: rajkosto (Read error: Connection reset by peer)
[12:19:49] *** Joins: fgsfds
[12:32:45] *** Joins: n87
[12:46:24] *** Quits: Behemoth (No Ping reply in 180 seconds.)
[12:48:01] *** Joins: Behemoth
[13:27:40] *** Quits: n87 (Read error: Connection reset by peer)
[13:32:55] *** Quits: oreo639 (Ping timeout: 612 seconds)
[15:47:38] *** Joins: KuKzz_
[15:48:46] *** Quits: KuKzz (Ping timeout: 496 seconds)
[16:21:37] *** Quits: ris2z (Ping timeout: 186 seconds)
[16:41:44] *** Joins: ris2z
[16:41:44] *** Quits: ris2z (Excess Flood)
[16:43:52] *** Joins: ris2z
[17:11:44] *** Quits: ris2z (Ping timeout: 186 seconds)
[17:27:36] *** Joins: ris2z
[17:34:41] *** Quits: ris2z (Ping timeout: 186 seconds)
[19:00:48] *** Joins: oreo639
[20:58:36] *** Joins: ris2z
[20:58:36] *** Quits: ris2z (Excess Flood)
[21:00:29] *** Joins: ris2z
[21:00:29] *** Quits: ris2z (Excess Flood)
[21:01:43] *** Joins: ris2z
[21:01:43] *** Quits: ris2z (Excess Flood)
[21:03:06] *** Joins: ris2z
[21:03:06] *** Quits: ris2z (Excess Flood)
[21:04:19] *** Joins: ris2z
[21:04:19] *** Quits: ris2z (Excess Flood)
[21:06:51] *** Joins: ris2z
[21:06:51] *** Quits: ris2z (Excess Flood)
[21:09:07] *** Joins: ris2z
[21:09:07] *** Quits: ris2z (Excess Flood)
[21:10:59] *** Joins: refs
[21:11:18] *** Joins: ris2z
[21:11:18] *** Quits: ris2z (Excess Flood)
[21:12:16] *** Joins: ris2z
[21:12:16] *** Quits: ris2z (Excess Flood)
[21:13:29] *** Joins: ris2z
[21:13:29] *** Quits: ris2z (Excess Flood)
[21:15:35] *** Joins: ris2z
[21:15:35] *** Quits: ris2z (Excess Flood)
[21:17:46] *** Joins: ris2z
[21:17:46] *** Quits: ris2z (Excess Flood)
[21:18:55] *** Joins: ris2z
[21:18:55] *** Quits: ris2z (Excess Flood)
[21:20:03] *** Joins: ris2z
[21:20:03] *** Quits: ris2z (Excess Flood)
[21:21:06] *** Joins: ris2z
[21:21:06] *** Quits: ris2z (Excess Flood)
[21:22:09] *** Joins: ris2z
[21:22:09] *** Quits: ris2z (Excess Flood)
[21:24:20] *** Joins: ris2z
[21:24:20] *** Quits: ris2z (Excess Flood)
[21:25:33] *** Joins: ris2z
[21:25:34] *** Quits: ris2z (Excess Flood)
[21:26:36] *** Joins: ris2z
[21:26:36] *** Quits: ris2z (Excess Flood)
[21:28:52] *** Joins: ris2z
[21:28:52] *** Quits: ris2z (Excess Flood)
[21:31:04] *** Joins: ris2z
[21:31:04] *** Quits: ris2z (Excess Flood)
[21:32:12] *** Joins: ris2z
[21:32:12] *** Quits: ris2z (Excess Flood)
[21:33:15] *** Joins: ris2z
[21:33:15] *** Quits: ris2z (Excess Flood)
[21:33:46] *** Quits: oreo639 (Quit: Quit)
[21:35:32] *** Joins: ris2z
[21:35:32] *** Quits: ris2z (Excess Flood)
[21:36:35] *** Joins: ris2z
[21:36:35] *** Quits: ris2z (Excess Flood)
[21:37:42] *** Joins: ris2z
[21:37:42] *** Quits: ris2z (Excess Flood)
[21:39:54] *** Joins: ris2z
[21:39:54] *** Quits: ris2z (Excess Flood)
[21:41:07] *** Joins: ris2z
[21:41:07] *** Quits: ris2z (Excess Flood)
[21:42:14] *** Joins: ris2z
[21:42:14] *** Quits: ris2z (Excess Flood)
[21:43:23] *** Joins: ris2z
[21:43:23] *** Quits: ris2z (Excess Flood)
[21:44:21] *** Joins: ris2z
[21:44:21] *** Quits: ris2z (Excess Flood)
[21:45:23] *** Joins: ris2z
[21:45:23] *** Quits: ris2z (Excess Flood)
[21:46:26] *** Joins: ris2z
[21:46:26] *** Quits: ris2z (Excess Flood)
[21:47:34] *** Joins: ris2z
[21:47:34] *** Quits: ris2z (Excess Flood)
[21:48:37] *** Joins: ris2z
