[00:37:13] *** Joins: oreo639
[02:00:26] *** Quits: fgsfds (Quit: Leaving)
[02:45:21] *** Quits: refs (Quit: refs)
[03:35:54] *** Parts: |Shadow| ()
[03:36:42] *** Joins: |Shadow|
[03:56:56] *** Joins: Snetry
[03:58:16] *** Quits: Sentry (Read error: Operation timed out)
[03:58:16] *** Snetry is now known as Sentry
[07:59:05] *** Joins: dibas_
[07:59:05] *** Quits: dibas (Read error: Connection reset by peer)
[07:59:08] *** dibas_ is now known as dibas
[08:23:13] *** Quits: hexkyz (Ping timeout: 745 seconds)
[08:24:39] *** Joins: hexkyz
[08:37:48] *** Quits: hexkyz (Ping timeout: 745 seconds)
[08:38:38] *** Joins: hexkyz
[09:23:08] *** Joins: rajkosto
[09:55:11] *** Quits: oreo639 (Read error: Connection reset by peer)
[09:58:24] *** Joins: oreo639
[10:34:23] *** Joins: n87
[10:51:49] *** Quits: oreo639 (Ping timeout: 493 seconds)
[12:18:02] *** Quits: |Shadow| ()
[12:29:25] *** Joins: fgsfds
[14:14:47] *** Quits: rajkosto (Read error: Connection reset by peer)
[14:27:06] *** Joins: rajkosto
[14:31:16] *** Quits: rajkosto (Read error: Connection reset by peer)
[14:32:33] *** Joins: rajkosto
[14:49:21] *** Quits: rajkosto (Read error: Operation timed out)
[15:21:45] *** Joins: |Shadow|
[15:57:56] *** Quits: ris2z (Excess Flood)
[16:00:11] *** Joins: ris2z
[16:21:21] *** Quits: n87 (Read error: Connection reset by peer)
[18:26:38] *** Joins: rajkosto
[20:29:01] *** Quits: DacoTaco (se.hub irc.swepipe.se)
[20:29:02] *** Quits: pieman (se.hub irc.swepipe.se)
[20:29:02] *** Quits: flagrama_ (se.hub irc.swepipe.se)
[20:29:40] *** Joins: plutobot
[20:30:50] *** Joins: DacoTaco_
[20:30:52] *** Joins: pieman_
[20:31:12] *** Quits: pieman_ (Read error: Connection reset by peer)
[20:43:18] *** Joins: pieman_
[20:44:14] *** Joins: flagrama_
[22:17:22] *** Joins: oreo639
