[00:26:41] *** Quits: rajkosto (Read error: Connection reset by peer)
[02:34:31] *** Quits: oreo639 (Read error: Operation timed out)
[02:41:16] *** Joins: refs
[03:18:40] *** Joins: oreo639
[03:54:44] *** Joins: Snetry
[03:56:04] *** Quits: Sentry (Read error: Connection refused)
[03:56:04] *** Snetry is now known as Sentry
[04:18:34] *** Quits: refs (Quit: refs)
[05:02:38] *** Quits: fgsfds (Quit: Leaving)
[10:03:44] *** Quits: m4ts (Excess Flood)
[10:03:51] *** Joins: m4ts
[12:26:39] *** Joins: fgsfds
[12:33:09] *** Quits: |Shadow| ()
[12:51:56] *** Joins: |Shadow|
[15:07:26] *** Quits: lameboy (Read error: Connection reset by peer)
[15:07:53] *** Joins: lameboy
[16:00:03] *** Quits: oreo639 (Read error: Operation timed out)
[17:55:36] *** Joins: refs
[18:24:26] <plutobot> Wiki | Page changed: FirmwareNews | User: Hexkyz | https://switchbrew.org/w/index.php?curid=43&diff=11768&oldid=11678
[18:27:30] <plutobot> Wiki | Page changed: Display services | User: Hexkyz | https://switchbrew.org/w/index.php?curid=113&diff=11769&oldid=11622
[19:25:23] <plutobot> Wiki | Page changed: Display services | User: Hexkyz | https://switchbrew.org/w/index.php?curid=113&diff=11770&oldid=11769
[19:28:47] <plutobot> Wiki | Page changed: Display services | User: Hexkyz | https://switchbrew.org/w/index.php?curid=113&diff=11771&oldid=11770
[19:50:48] *** Joins: figgis_
[19:55:16] *** Quits: fgsfds (Ping timeout: 265 seconds)
[23:30:22] *** Joins: oreo639
