[00:06:05] *** Quits: figgis_ (Quit: Leaving)
[00:13:33] *** Joins: oreo639_
[00:19:10] *** Quits: oreo639 (Ping timeout: 612 seconds)
[01:51:26] *** Quits: oreo639_ (Remote host closed the connection)
[01:52:44] *** Joins: oreo639
[03:56:06] *** Joins: Snetry
[03:57:25] *** Quits: Sentry (Read error: Operation timed out)
[03:57:25] *** Snetry is now known as Sentry
[05:10:46] *** Quits: refs (Quit: refs)
[08:01:24] *** Joins: oreo639_
[08:01:24] *** Quits: oreo639 (Read error: Connection reset by peer)
[09:06:12] *** Joins: oreo639
[09:06:12] *** Quits: oreo639_ (Read error: Connection reset by peer)
[09:38:36] *** Quits: oreo639 (Ping timeout: 480 seconds)
[10:01:09] *** Joins: oreo639
[10:56:47] *** Quits: oreo639 (Ping timeout: 493 seconds)
[12:41:25] *** Joins: fgsfds
[13:26:15] *** Joins: refs
[18:07:50] *** Quits: zini- (Quit: -->)
[18:08:40] *** Joins: zini
[20:05:24] *** Joins: oreo639
[22:22:06] *** Quits: oreo639 (Read error: Operation timed out)
[22:22:23] *** Joins: oreo639
[22:55:10] *** Quits: oreo639 (Read error: Operation timed out)
[23:05:24] *** Joins: oreo639
