[01:15:49] *** Quits: fgsfds (Read error: Connection reset by peer)
[03:52:31] *** Joins: Snetry
[03:54:08] *** Quits: klockee (Read error: Operation timed out)
[03:54:08] *** Quits: Sentry (Read error: Connection refused)
[03:54:08] *** Snetry is now known as Sentry
[03:54:08] *** Quits: eggster (Read error: Operation timed out)
[03:54:08] *** Joins: eggster
[03:54:08] *** Quits: flotwig (Read error: Operation timed out)
[03:56:16] *** Joins: klock
[03:56:16] *** Quits: ihaveamac (Read error: Operation timed out)
[03:56:16] *** Quits: Cu3PO42 (Read error: Operation timed out)
[03:57:20] *** Quits: Extrems (Read error: Operation timed out)
[03:57:20] *** Joins: Extrems
[03:57:20] *** Quits: Behemoth (Read error: Operation timed out)
[03:57:20] *** Quits: sh0e- (Read error: Operation timed out)
[03:57:20] *** Joins: sh0e
[03:57:20] *** Joins: Behemoth
[03:58:24] *** Quits: Normmatt (Read error: Operation timed out)
[03:58:24] *** Quits: CCFL_Man (Read error: Operation timed out)
[03:59:32] *** Quits: averne (quit)
[03:59:49] *** Joins: averne
[03:59:49] *** Server sets mode: +stn 
[04:00:38] *** Joins: CCFL_Man
[04:11:11] *** Joins: Cu3PO42
[04:25:12] *** Joins: flotwig
[04:40:03] *** Joins: Normmatt
[04:46:42] *** Quits: refs (Quit: refs)
[04:53:25] *** Joins: ihaveamac
[05:02:44] *** Quits: m4ts (Ping timeout: 265 seconds)
[05:05:44] *** Joins: m4ts
[07:44:36] *** Quits: oreo639 (Read error: Operation timed out)
[12:25:50] *** Joins: fgsfds
[12:29:16] *** Quits: Surkow (Remote host closed the connection)
[12:31:23] *** Joins: Surkow
[13:20:16] *** Quits: Surkow (Quit: 418 I'm a teapot - NOP NOP NOP)
[13:32:09] *** Joins: m4ts_
[13:33:37] *** Quits: m4ts (Ping timeout: 265 seconds)
[14:52:06] *** Joins: Surkow
[16:15:06] *** Joins: rajkosto
[16:24:09] *** Joins: |Shadow|_
[16:24:09] *** Quits: |Shadow| (Read error: Operation timed out)
[17:18:04] *** Joins: oreo639
[18:00:45] *** Quits: rajkosto (Read error: Connection reset by peer)
[20:48:34] *** Quits: oreo639 (Quit: Quit)
[20:50:45] *** Joins: oreo639
[21:55:38] *** Quits: oreo639 (Remote host closed the connection)
[21:56:07] *** Joins: oreo639
[21:58:32] *** Quits: Surkow (Quit: 418 I'm a teapot - NOP NOP NOP)
[22:08:00] *** Joins: refs
[22:18:48] *** Quits: Behemoth (Quit)
[22:19:29] *** Joins: Behemoth
[23:08:55] *** Joins: Surkow
[23:28:23] *** Quits: oreo639 (Quit: Quit)
[23:29:51] *** Joins: oreo639
