[00:13:23] *** Quits: oreo639 (Remote host closed the connection)
[00:13:47] *** Joins: oreo639
[00:15:02] *** Quits: Phils3r_ (Quit: ZNC - https://znc.in)
[00:15:09] *** Joins: Phils3r
[02:54:12] *** Quits: refs (Quit: refs)
[03:01:12] *** |Shadow|_ is now known as |Shadow|
[03:51:45] *** Joins: Snetry
[03:52:11] *** Quits: pieman_ (Read error: Connection reset by peer)
[03:53:05] *** Quits: Sentry (Read error: Connection refused)
[03:53:05] *** Snetry is now known as Sentry
[04:22:32] *** Joins: oreo639_
[04:23:07] *** Quits: oreo639 (Quit)
[04:23:11] *** oreo639_ is now known as oreo639
[04:31:42] *** Joins: pieman_
[06:12:39] *** Joins: figgis_
[06:13:30] *** Joins: figgis__
[06:15:34] *** Quits: fgsfds (Ping timeout: 265 seconds)
[06:18:59] *** Quits: figgis_ (Read error: Operation timed out)
[06:21:03] *** Quits: figgis__ (Read error: Operation timed out)
[06:58:28] *** Quits: oreo639 (Read error: Operation timed out)
[11:13:47] *** Quits: m4ts_ (Ping timeout: 265 seconds)
[11:15:40] *** Joins: m4ts
[14:59:30] *** Quits: GerbilSof (Ping timeout: 265 seconds)
[15:12:03] *** Joins: GerbilSof
[15:26:06] *** Joins: fgsfds
[17:35:58] *** Joins: oreo639
[18:53:31] *** Quits: GerbilSof (Read error: Operation timed out)
[19:43:42] *** Quits: oreo639 (Read error: Operation timed out)
[19:58:28] *** Joins: oreo639
[20:50:55] *** Joins: rajkosto
[21:27:47] *** Joins: GerbilSof
[21:49:37] *** Quits: zombie343 (Read error: Operation timed out)
[21:49:47] *** Joins: zombie343
[22:08:36] *** Quits: lemmy (Read error: Operation timed out)
[22:12:31] *** Joins: refs
[23:01:32] *** Joins: lemmy
[23:04:28] *** Quits: fgsfds (Quit: Leaving)
[23:07:30] *** Quits: |Shadow| ()
[23:16:31] *** Joins: |Shadow|
