[00:55:49] *** Joins: zini-
[00:55:49] *** Quits: zini (Read error: Connection reset by peer)
[01:11:38] *** Quits: Genolo (Ping timeout: 745 seconds)
[01:15:19] *** Joins: Genolo
[02:03:25] <plutobot> Wiki | Page changed: IPC Marshalling | User: DCNick3 | https://switchbrew.org/w/index.php?curid=96&diff=11772&oldid=11585
[02:23:30] *** Joins: Snetry
[02:24:49] *** Quits: Sentry (Read error: Operation timed out)
[02:24:50] *** Snetry is now known as Sentry
[02:53:15] *** Quits: refs (Quit: refs)
[03:23:46] *** Joins: Snetry
[03:25:05] *** Quits: Sentry (Read error: Operation timed out)
[03:25:05] *** Snetry is now known as Sentry
[07:14:52] *** Quits: nrq (Ping timeout: 265 seconds)
[08:31:30] *** Joins: nrq
[08:36:26] *** Quits: rajkosto (Read error: Connection reset by peer)
[08:42:22] *** Quits: oreo639 (Read error: Operation timed out)
[16:54:28] *** Joins: fgsfds
[18:04:53] *** Joins: oreo639
[21:56:41] *** Joins: refs
[22:36:35] *** Joins: rajkosto
