[02:51:00] *** Quits: refs (Quit: refs)
[02:51:03] *** Quits: rajkosto (Quit: Leaving)
[03:11:24] *** Quits: fgsfds (Read error: Connection reset by peer)
[03:20:21] *** Joins: Snetry
[03:21:40] *** Quits: Sentry (Read error: Connection refused)
[03:21:40] *** Snetry is now known as Sentry
[05:10:03] *** Joins: rajkosto
[06:10:12] *** Quits: rajkosto (Read error: Connection reset by peer)
[07:19:57] *** Quits: zombie343 (Read error: Operation timed out)
[07:24:10] *** Joins: zombie343
[07:55:34] *** Quits: zombie343 (Read error: Operation timed out)
[07:56:40] *** Joins: zombie343
[07:59:48] *** Quits: GerbilSof (Ping timeout: 480 seconds)
[08:00:10] *** Joins: GerbilSof
[08:07:49] *** Quits: zombie343 (Read error: Connection reset by peer)
[08:07:59] *** Quits: GerbilSof (Windows must now restart because the Remote Procedure Call (RPC) service terminated unexpectedly.)
[08:09:50] *** Joins: GerbilSof
[08:10:36] *** Joins: zombie343
[08:21:36] *** Quits: zombie343 (Read error: Operation timed out)
[08:22:35] *** Joins: zombie343
[08:23:41] *** Quits: oreo639 (Read error: Operation timed out)
[09:07:58] *** Quits: zombie343 (Ping timeout: 252 seconds)
[09:13:07] *** Quits: GerbilSof (Ping timeout: 612 seconds)
[09:14:30] *** Joins: GerbilSof
[09:14:45] *** Quits: GerbilSof (Client Quit)
[09:14:46] *** Joins: zombie343
[09:16:09] *** Joins: GerbilSof
[09:35:45] *** Quits: zombie343 (Read error: Operation timed out)
[09:39:12] *** Joins: zombie343
[09:52:44] *** Quits: GerbilSof (Ping timeout: 493 seconds)
[09:53:42] *** Joins: GerbilSof
[09:58:47] *** Quits: zombie343 (Read error: Operation timed out)
[09:59:43] *** Joins: zombie343
[10:01:49] *** Quits: GerbilSof (Ping timeout: 260 seconds)
[10:08:52] *** Joins: GerbilSof
[10:09:06] *** Quits: zombie343 (Read error: Connection reset by peer)
[10:09:27] *** Joins: zombie343
[10:15:14] *** Quits: GerbilSof (Read error: Operation timed out)
[10:15:48] *** Quits: zombie343 (Read error: Operation timed out)
[10:16:54] *** Joins: zombie343
[10:23:21] *** Quits: zombie343 (Read error: Connection reset by peer)
[10:31:38] *** Joins: zombie343
[10:48:00] *** Quits: zombie343 (Read error: Operation timed out)
[10:57:26] *** Joins: zombie343
[11:04:09] *** Quits: zombie343 (Read error: Connection reset by peer)
[11:08:13] *** Joins: zombie343
[11:35:24] *** Quits: zombie343 (Ping timeout: 480 seconds)
[11:35:48] *** Joins: zombie343
[14:06:38] *** Joins: dibas_
[14:15:29] *** Joins: dibas-
[14:15:29] *** Quits: dibas_ (Read error: Connection reset by peer)
[14:15:53] *** Quits: dibas (Ping timeout: 745 seconds)
[14:15:53] *** dibas- is now known as dibas
[14:19:16] *** Joins: dibas_
[14:19:16] *** Quits: dibas (Read error: Connection reset by peer)
[14:19:21] *** dibas_ is now known as dibas
[14:23:08] *** Joins: dibas_
[14:23:08] *** Quits: dibas (Read error: Connection reset by peer)
[14:23:10] *** dibas_ is now known as dibas
[14:26:55] *** Joins: dibas_
[14:26:55] *** Quits: dibas (Read error: Connection reset by peer)
[14:27:00] *** dibas_ is now known as dibas
[14:30:42] *** Joins: dibas_
[14:30:42] *** Quits: dibas (Read error: Connection reset by peer)
[14:30:46] *** dibas_ is now known as dibas
[14:34:28] *** Joins: dibas_
[14:34:28] *** Quits: dibas (Read error: Connection reset by peer)
[14:34:34] *** dibas_ is now known as dibas
[14:38:24] *** Joins: dibas_
[14:38:24] *** Quits: dibas (Read error: Connection reset by peer)
[14:38:26] *** dibas_ is now known as dibas
[14:44:12] *** Joins: dibas_
[14:48:10] *** Joins: dibas-
[14:48:10] *** Quits: dibas_ (Read error: Connection reset by peer)
[14:51:28] *** Quits: dibas (Ping timeout: 745 seconds)
[14:52:42] *** Joins: fgsfds
[15:00:06] *** Joins: dibas
[15:00:06] *** Quits: dibas- (Read error: Connection reset by peer)
[15:03:54] *** Joins: dibas_
[15:03:54] *** Quits: dibas (Read error: Connection reset by peer)
[15:04:00] *** dibas_ is now known as dibas
[15:07:42] *** Joins: dibas_
[15:07:42] *** Quits: dibas (Read error: Connection reset by peer)
[15:07:48] *** dibas_ is now known as dibas
[15:14:13] *** Quits: dibas (Read error: Connection reset by peer)
[15:14:56] *** Joins: dibas
[15:18:43] *** Joins: dibas_
[15:18:43] *** Quits: dibas (Read error: Connection reset by peer)
[15:18:49] *** dibas_ is now known as dibas
[15:20:06] *** Joins: rajkosto
[15:25:01] *** Joins: dibas_
[15:25:01] *** Quits: dibas (Read error: Connection reset by peer)
[15:25:05] *** dibas_ is now known as dibas
[15:28:45] *** Joins: dibas_
[15:28:45] *** Quits: dibas (Read error: Connection reset by peer)
[15:28:50] *** dibas_ is now known as dibas
[15:32:32] *** Joins: dibas_
[15:32:32] *** Quits: dibas (Read error: Connection reset by peer)
[15:32:37] *** dibas_ is now known as dibas
[15:36:21] *** Joins: dibas_
[15:36:21] *** Quits: dibas (Read error: Connection reset by peer)
[15:36:26] *** dibas_ is now known as dibas
[15:40:08] *** Joins: dibas_
[15:40:09] *** Quits: dibas (Read error: Connection reset by peer)
[15:40:13] *** dibas_ is now known as dibas
[15:45:26] *** Joins: dibas_
[15:45:27] *** Quits: dibas (Read error: Connection reset by peer)
[15:45:31] *** dibas_ is now known as dibas
[15:49:13] *** Joins: dibas_
[15:49:13] *** Quits: dibas (Read error: Connection reset by peer)
[15:49:18] *** dibas_ is now known as dibas
[15:53:00] *** Joins: dibas_
[15:53:00] *** Quits: dibas (Read error: Connection reset by peer)
[15:53:05] *** dibas_ is now known as dibas
[15:56:44] *** Joins: dibas_
[15:56:44] *** Quits: dibas (Read error: Connection reset by peer)
[15:56:49] *** dibas_ is now known as dibas
[16:00:31] *** Joins: dibas_
[16:00:31] *** Quits: dibas (Read error: Connection reset by peer)
[16:00:36] *** dibas_ is now known as dibas
[16:05:52] *** Joins: dibas_
[16:05:52] *** Quits: dibas (Read error: Connection reset by peer)
[16:05:56] *** dibas_ is now known as dibas
[16:11:42] *** Joins: dibas_
[16:11:42] *** Quits: dibas (Read error: Connection reset by peer)
[16:11:46] *** dibas_ is now known as dibas
[16:15:29] *** Joins: dibas_
[16:15:29] *** Quits: dibas (Read error: Connection reset by peer)
[16:15:34] *** dibas_ is now known as dibas
[16:19:51] *** Joins: dibas_
[16:19:51] *** Quits: dibas (Read error: Connection reset by peer)
[16:19:57] *** dibas_ is now known as dibas
[16:25:42] *** Joins: dibas_
[16:25:42] *** Quits: dibas (Read error: Connection reset by peer)
[16:25:46] *** dibas_ is now known as dibas
[16:31:31] *** Joins: dibas_
[16:31:31] *** Quits: dibas (Read error: Connection reset by peer)
[16:31:35] *** dibas_ is now known as dibas
[16:35:19] *** Joins: dibas_
[16:35:19] *** Quits: dibas (Read error: Connection reset by peer)
[16:35:24] *** dibas_ is now known as dibas
[16:39:08] *** Joins: dibas_
[16:39:08] *** Quits: dibas (Read error: Connection reset by peer)
[16:39:13] *** dibas_ is now known as dibas
[16:42:55] *** Joins: dibas_
[16:42:56] *** Quits: dibas (Read error: Connection reset by peer)
[16:43:01] *** dibas_ is now known as dibas
[16:46:41] *** Joins: dibas_
[16:46:41] *** Quits: dibas (Read error: Connection reset by peer)
[16:46:48] *** dibas_ is now known as dibas
[16:50:28] *** Joins: dibas_
[16:50:28] *** Quits: dibas (Read error: Connection reset by peer)
[16:50:33] *** dibas_ is now known as dibas
[16:54:16] *** Quits: rajkosto (Read error: Connection reset by peer)
[16:54:16] *** Quits: dibas (Read error: Connection reset by peer)
[16:54:16] *** Joins: dibas_
[16:54:45] *** dibas_ is now known as dibas
[16:58:04] *** Joins: dibas_
[16:58:05] *** Quits: dibas (Read error: Connection reset by peer)
[16:58:09] *** dibas_ is now known as dibas
[17:01:49] *** Joins: dibas_
[17:01:49] *** Quits: dibas (Read error: Connection reset by peer)
[17:01:54] *** dibas_ is now known as dibas
[17:05:33] *** Joins: dibas_
[17:05:34] *** Quits: dibas (Read error: Connection reset by peer)
[17:05:39] *** dibas_ is now known as dibas
[17:10:01] *** Joins: dibas_
[17:10:01] *** Quits: dibas (Read error: Connection reset by peer)
[17:10:05] *** dibas_ is now known as dibas
[17:15:52] *** Joins: dibas_
[17:15:52] *** Quits: dibas (Read error: Connection reset by peer)
[17:15:57] *** dibas_ is now known as dibas
[17:21:41] *** Joins: dibas_
[17:21:41] *** Quits: dibas (Read error: Connection reset by peer)
[17:21:46] *** dibas_ is now known as dibas
[17:27:29] *** Joins: dibas_
[17:27:29] *** Quits: dibas (Read error: Connection reset by peer)
[17:27:33] *** dibas_ is now known as dibas
[17:32:46] *** Joins: dibas_
[17:32:47] *** Quits: dibas (Read error: Connection reset by peer)
[17:32:52] *** dibas_ is now known as dibas
[17:38:36] *** Joins: dibas_
[17:38:36] *** Quits: dibas (Read error: Connection reset by peer)
[17:38:41] *** dibas_ is now known as dibas
[17:42:25] *** Joins: dibas_
[17:42:25] *** Quits: dibas (Read error: Connection reset by peer)
[17:42:30] *** dibas_ is now known as dibas
[17:46:11] *** Joins: dibas_
[17:46:11] *** Quits: dibas (Read error: Connection reset by peer)
[17:46:17] *** dibas_ is now known as dibas
[17:49:59] *** Joins: dibas_
[17:49:59] *** Quits: dibas (Read error: Connection reset by peer)
[17:50:05] *** dibas_ is now known as dibas
[17:53:46] *** Joins: dibas_
[17:53:46] *** Quits: dibas (Read error: Connection reset by peer)
[17:53:51] *** dibas_ is now known as dibas
[17:57:31] *** Joins: dibas_
[17:57:31] *** Quits: dibas (Read error: Connection reset by peer)
[17:57:36] *** dibas_ is now known as dibas
[18:01:56] *** Joins: dibas_
[18:01:56] *** Quits: dibas (Read error: Connection reset by peer)
[18:02:00] *** dibas_ is now known as dibas
[18:04:04] *** Joins: GerbilSof
[18:07:21] *** Joins: dibas_
[18:07:21] *** Quits: dibas (Read error: Connection reset by peer)
[18:07:26] *** dibas_ is now known as dibas
[18:12:47] *** Joins: dibas_
[18:12:47] *** Quits: dibas (Read error: Connection reset by peer)
[18:12:54] *** dibas_ is now known as dibas
[20:48:29] *** Quits: zombie343 (Read error: Operation timed out)
[20:49:09] *** Joins: zombie343
[21:13:46] *** Joins: refs
[22:29:11] *** Joins: n87
