[00:33:24] *** Quits: n87 (Read error: Connection reset by peer)
[01:24:27] *** Quits: fgsfds (Quit: Leaving)
[02:51:42] *** Quits: refs (Quit: refs)
[03:21:10] *** Joins: Snetry
[03:22:30] *** Quits: Sentry (Read error: Operation timed out)
[03:22:30] *** Snetry is now known as Sentry
[06:09:00] *** Quits: pieman_ (Remote host closed the connection!)
[07:45:22] *** Quits: zombie343 (Ping timeout: 252 seconds)
[07:47:47] *** Joins: zombie343
[11:45:44] *** Joins: n87
[12:50:44] *** Quits: KuKzz_ ()
[13:26:59] *** Joins: fgsfds
[14:22:33] *** Quits: flotwig (Ping timeout: 745 seconds)
[15:40:28] *** Joins: flotwig
[15:45:54] *** Quits: GerbilSof (Quit: Windows must now restart because the Remote Procedure Call (RPC) service terminated unexpectedly.)
[15:46:14] *** Joins: GerbilSof
[16:21:45] *** Quits: flotwig (Read error: Operation timed out)
[16:22:42] *** Joins: flotwig
[16:32:16] *** Quits: n87 (Read error: Connection reset by peer)
[17:25:56] *** Quits: flotwig (Read error: Operation timed out)
[17:40:41] *** Joins: flotwig
[18:26:51] <plutobot> Wiki | Page changed: Nintendo 64 - Nintendo Switch Online | User: yls8 | https://switchbrew.org/w/index.php?curid=442&diff=11773&oldid=11700
[18:35:05] *** Joins: n87
[18:59:40] *** Joins: Snetry
[19:01:00] *** Quits: Sentry (Read error: Operation timed out)
[19:01:00] *** Snetry is now known as Sentry
[19:15:58] *** Joins: flotwig_
[19:18:18] *** Quits: flotwig (Ping timeout: 745 seconds)
[19:18:18] *** flotwig_ is now known as flotwig
[23:21:24] *** Quits: n87 (Read error: Connection reset by peer)
