[01:29:00] *** Joins: dibas_
[01:29:00] *** Quits: dibas (Read error: Connection reset by peer)
[01:29:05] *** dibas_ is now known as dibas
[01:32:49] *** Joins: dibas_
[01:32:49] *** Quits: dibas (Read error: Connection reset by peer)
[01:32:53] *** dibas_ is now known as dibas
[01:36:35] *** Joins: dibas_
[01:36:36] *** Quits: dibas (Read error: Connection reset by peer)
[01:36:41] *** dibas_ is now known as dibas
[01:39:47] *** Joins: eggy
[01:39:47] *** Quits: eggster (Read error: Connection reset by peer)
[01:43:18] *** Quits: dibas (Read error: Connection reset by peer)
[01:44:06] *** Joins: dibas_
[01:44:13] *** dibas_ is now known as dibas
[03:11:40] *** Quits: fgsfds (Read error: Connection reset by peer)
[03:27:15] *** Quits: TAL (Ping timeout: 265 seconds)
[03:27:15] *** Quits: Stary (Ping timeout: 265 seconds)
[03:27:15] *** Quits: Ghabry (Ping timeout: 265 seconds)
[03:27:19] *** Joins: TAL
[03:27:25] *** Joins: Stary
[03:28:13] *** Quits: phigcloud (Ping timeout: 265 seconds)
[03:30:09] *** Quits: WntrMute (Ping timeout: 265 seconds)
[03:30:15] *** Joins: phigcloud
[03:30:22] *** Joins: WntrMute
[03:30:31] *** yls8bot sets mode: +o WntrMute
[03:32:19] *** Joins: Ghabry
[03:33:32] *** Quits: fincs (Ping timeout: 265 seconds)
[03:33:46] *** Joins: fincs
[03:33:46] *** WntrMute sets mode: +o fincs
[03:59:45] *** Joins: Snetry
[04:01:05] *** Quits: Sentry (Read error: Operation timed out)
[04:01:05] *** Snetry is now known as Sentry
[04:45:39] *** Joins: oreo639
[06:15:45] *** Quits: oreo639 (Ping timeout: 493 seconds)
[07:06:00] *** Joins: oreo639
[07:33:21] *** Quits: GerbilSof (Quit: Windows must now restart because the Remote Procedure Call (RPC) service terminated unexpectedly.)
[07:44:31] *** Joins: GerbilSof
[09:27:48] *** Quits: oreo639 (Ping timeout: 493 seconds)
[10:48:08] *** Quits: hexkyz (Ping timeout: 745 seconds)
[10:48:28] *** Joins: hexkyz
[11:01:33] *** Quits: hexkyz (Ping timeout: 745 seconds)
[11:02:53] *** Joins: hexkyz
[11:08:44] *** Quits: hexkyz (Read error: Connection timed out)
[11:09:04] *** Joins: hexkyz
[11:21:58] *** Quits: hexkyz (Ping timeout: 745 seconds)
[11:24:50] *** Joins: hexkyz
[11:37:43] *** Quits: hexkyz (Ping timeout: 745 seconds)
[11:41:34] *** Joins: hexkyz
[11:59:18] *** Quits: hexkyz (Ping timeout: 745 seconds)
[12:00:39] *** Joins: hexkyz
[12:13:53] *** Quits: hexkyz (Ping timeout: 745 seconds)
[12:15:13] *** Joins: hexkyz
[12:27:53] *** Quits: hexkyz (Ping timeout: 745 seconds)
[12:30:13] *** Joins: hexkyz
[12:50:03] *** Quits: hexkyz (Ping timeout: 745 seconds)
[12:50:21] *** Joins: hexkyz
[12:55:26] *** Joins: fgsfds
[13:19:37] *** Joins: refs
[16:19:03] *** Quits: m4ts (Excess Flood)
[16:20:23] *** Joins: m4ts
[19:41:23] *** Joins: oreo639
[23:53:11] *** Quits: Behemoth (Quit)
[23:53:51] *** Joins: Behemoth
