[00:34:05] *** Quits: Behemoth (Quit)
[00:34:43] *** Joins: Behemoth
[02:14:13] *** Quits: fgsfds (Quit: Leaving)
[03:57:23] *** Joins: Snetry
[03:58:43] *** Quits: Sentry (Read error: Operation timed out)
[03:58:43] *** Snetry is now known as Sentry
[05:24:12] *** Quits: refs (Quit: refs)
[05:54:05] *** Joins: plutobot_
[05:55:10] *** Quits: plutobot (ny.us.hub irc.Prison.NET)
[05:55:10] *** Quits: TurtleP (ny.us.hub irc.Prison.NET)
[05:55:10] *** Quits: oldtopman (ny.us.hub irc.Prison.NET)
[06:16:53] *** Joins: TurtleP
[06:16:53] *** Joins: oldtopman
[06:27:02] *** Joins: rajkosto
[06:47:49] *** Quits: rajkosto (Read error: Connection reset by peer)
[07:19:17] *** Quits: Extrems (Read error: Connection reset by peer)
[07:19:27] *** Quits: Sentry (Read error: Operation timed out)
[07:19:43] *** Quits: flagrama_ (Read error: Operation timed out)
[07:19:54] *** Joins: flagrama_
[07:20:02] *** Quits: lex (Read error: Operation timed out)
[07:20:02] *** Quits: Genolo (Write error: Broken pipe)
[07:21:47] *** Quits: CCFL_Man (Read error: Operation timed out)
[07:22:51] *** Quits: d3m3vilur (Read error: Operation timed out)
[07:22:51] *** Joins: CCFL_Man
[07:22:51] *** Joins: d3m3vilur
[07:22:51] *** Joins: Extrems
[07:22:51] *** Joins: Sentry
[07:22:51] *** Joins: lex
[07:22:51] *** Joins: Genolo
[07:58:39] *** Joins: uyjulian_
[08:01:06] *** Quits: uyjulian (Read error: Operation timed out)
[08:01:06] *** uyjulian_ is now known as uyjulian
[08:53:53] *** Joins: Normmatt_
[08:57:25] *** Joins: dibas_
[08:57:25] *** Quits: dibas (Read error: Connection reset by peer)
[08:57:27] *** Joins: mtheall_
[08:57:30] *** dibas_ is now known as dibas
[09:01:14] *** Joins: dibas_
[09:01:14] *** Quits: dibas (Read error: Connection reset by peer)
[09:01:19] *** dibas_ is now known as dibas
[09:03:23] *** Quits: Normmatt (Ping timeout: 745 seconds)
[09:03:24] *** Normmatt_ is now known as Normmatt
[09:03:58] *** Quits: mtheall (Ping timeout: 745 seconds)
[09:08:03] *** Quits: dibas (Read error: Connection reset by peer)
[09:10:05] *** Joins: dibas
[09:12:11] *** Quits: dibas (Read error: Connection timed out)
[09:12:28] *** Joins: dibas
[09:16:16] *** Joins: dibas_
[09:16:16] *** Quits: dibas (Read error: Connection reset by peer)
[09:16:21] *** dibas_ is now known as dibas
[09:20:04] *** Joins: dibas_
[09:20:04] *** Quits: dibas (Read error: Connection reset by peer)
[09:20:10] *** dibas_ is now known as dibas
[09:26:26] *** Joins: dibas_
[09:26:26] *** Quits: dibas (Read error: Connection reset by peer)
[09:26:30] *** dibas_ is now known as dibas
[09:30:15] *** Joins: dibas_
[09:30:15] *** Quits: dibas (Read error: Connection reset by peer)
[09:30:19] *** dibas_ is now known as dibas
[09:34:01] *** Joins: dibas_
[09:34:01] *** Quits: dibas (Read error: Connection reset by peer)
[09:34:06] *** dibas_ is now known as dibas
[09:39:50] *** Joins: dibas_
[09:39:50] *** Quits: dibas (Read error: Connection reset by peer)
[09:39:54] *** dibas_ is now known as dibas
[09:45:41] *** Joins: dibas_
[09:45:41] *** Quits: dibas (Read error: Connection reset by peer)
[09:45:46] *** dibas_ is now known as dibas
[09:51:31] *** Joins: dibas_
[09:51:31] *** Quits: dibas (Read error: Connection reset by peer)
[09:51:36] *** dibas_ is now known as dibas
[09:55:18] *** Joins: dibas_
[09:55:18] *** Quits: dibas (Read error: Connection reset by peer)
[09:55:22] *** dibas_ is now known as dibas
[09:59:06] *** Joins: dibas_
[09:59:06] *** Quits: dibas (Read error: Connection reset by peer)
[09:59:11] *** dibas_ is now known as dibas
[10:04:54] *** Joins: dibas_
[10:04:54] *** Quits: dibas (Read error: Connection reset by peer)
[10:05:00] *** dibas_ is now known as dibas
[10:10:12] *** Joins: dibas_
[10:10:12] *** Quits: dibas (Read error: Connection reset by peer)
[10:10:17] *** dibas_ is now known as dibas
[10:16:02] *** Joins: dibas_
[10:16:02] *** Quits: dibas (Read error: Connection reset by peer)
[10:16:07] *** dibas_ is now known as dibas
[10:19:47] *** Joins: dibas_
[10:19:47] *** Quits: dibas (Read error: Connection reset by peer)
[10:19:53] *** dibas_ is now known as dibas
[10:23:18] *** Quits: dibas (Read error: Connection reset by peer)
[10:24:10] *** Joins: dibas
[10:30:02] *** Joins: dibas_
[10:30:02] *** Quits: dibas (Read error: Connection reset by peer)
[10:30:06] *** dibas_ is now known as dibas
[10:33:46] *** Joins: dibas_
[10:33:46] *** Quits: dibas (Read error: Connection reset by peer)
[10:33:50] *** dibas_ is now known as dibas
[10:38:09] *** Joins: dibas_
[10:38:09] *** Quits: dibas (Read error: Connection reset by peer)
[10:38:13] *** dibas_ is now known as dibas
[10:41:57] *** Joins: dibas_
[10:41:57] *** Quits: dibas (Read error: Connection reset by peer)
[10:42:01] *** dibas_ is now known as dibas
[10:46:22] *** Joins: dibas_
[10:46:22] *** Quits: dibas (Read error: Connection reset by peer)
[10:46:27] *** dibas_ is now known as dibas
[10:52:09] *** Joins: dibas_
[10:52:10] *** Quits: dibas (Read error: Connection reset by peer)
[10:52:15] *** dibas_ is now known as dibas
[10:55:58] *** Joins: dibas_
[10:55:58] *** Quits: dibas (Read error: Connection reset by peer)
[10:56:02] *** dibas_ is now known as dibas
[10:59:46] *** Joins: dibas_
[10:59:46] *** Quits: dibas (Read error: Connection reset by peer)
[10:59:50] *** dibas_ is now known as dibas
[11:05:36] *** Joins: dibas_
[11:05:36] *** Quits: dibas (Read error: Connection reset by peer)
[11:05:41] *** dibas_ is now known as dibas
[11:11:27] *** Joins: dibas_
[11:11:27] *** Quits: dibas (Read error: Connection reset by peer)
[11:11:31] *** dibas_ is now known as dibas
[11:17:16] *** Joins: dibas_
[11:17:16] *** Quits: dibas (Read error: Connection reset by peer)
[11:17:21] *** dibas_ is now known as dibas
[11:22:48] *** Joins: n87
[11:22:48] *** Quits: dibas (Read error: Connection reset by peer)
[11:23:05] *** Joins: dibas
[11:28:52] *** Joins: dibas_
[11:28:52] *** Quits: dibas (Read error: Connection reset by peer)
[11:28:58] *** dibas_ is now known as dibas
[11:32:39] *** Joins: dibas_
[11:32:39] *** Quits: dibas (Read error: Connection reset by peer)
[11:32:45] *** dibas_ is now known as dibas
[11:37:06] *** Joins: dibas_
[11:37:06] *** Quits: dibas (Read error: Connection reset by peer)
[11:37:11] *** dibas_ is now known as dibas
[11:42:53] *** Joins: dibas_
[11:42:53] *** Quits: dibas (Read error: Connection reset by peer)
[11:42:58] *** dibas_ is now known as dibas
[11:48:12] *** Joins: dibas_
[11:48:12] *** Quits: dibas (Read error: Connection reset by peer)
[11:48:18] *** dibas_ is now known as dibas
[11:54:00] *** Joins: dibas_
[11:54:00] *** Quits: dibas (Read error: Connection reset by peer)
[11:54:05] *** dibas_ is now known as dibas
[11:57:48] *** Joins: dibas_
[11:57:48] *** Quits: dibas (Read error: Connection reset by peer)
[11:57:54] *** dibas_ is now known as dibas
[12:01:35] *** Joins: dibas_
[12:01:35] *** Quits: dibas (Read error: Connection reset by peer)
[12:01:40] *** dibas_ is now known as dibas
[12:04:14] *** Quits: m4ts (Excess Flood)
[12:07:34] *** Joins: dibas_
[12:07:34] *** Quits: dibas (Read error: Connection reset by peer)
[12:07:39] *** dibas_ is now known as dibas
[12:08:36] *** Quits: oreo639 (Read error: Operation timed out)
[12:11:51] *** Joins: m4ts
[12:11:51] *** Quits: dibas (Read error: Connection reset by peer)
[12:11:54] *** Joins: dibas
[12:16:43] *** Joins: dibas_
[12:16:43] *** Quits: dibas (Read error: Connection reset by peer)
[12:16:49] *** dibas_ is now known as dibas
[12:17:28] *** Quits: m4ts (Excess Flood)
[12:17:45] *** Joins: m4ts
[12:21:36] *** Joins: dibas_
[12:21:36] *** Quits: dibas (Read error: Connection reset by peer)
[12:21:36] *** dibas_ is now known as dibas
[12:24:51] *** Joins: dibas_
[12:24:51] *** Quits: dibas (Read error: Connection reset by peer)
[12:24:56] *** dibas_ is now known as dibas
[12:28:39] *** Joins: dibas_
[12:28:39] *** Quits: dibas (Read error: Connection reset by peer)
[12:28:44] *** dibas_ is now known as dibas
[12:30:50] *** Joins: fgsfds
[12:34:08] *** Joins: dibas_
[12:34:08] *** Quits: dibas (Read error: Connection reset by peer)
[12:34:13] *** dibas_ is now known as dibas
[12:38:55] *** Joins: dibas_
[12:38:55] *** Quits: dibas (Read error: Connection reset by peer)
[12:38:59] *** dibas_ is now known as dibas
[12:42:43] *** Joins: dibas_
[12:42:43] *** Quits: dibas (Read error: Connection reset by peer)
[12:42:48] *** dibas_ is now known as dibas
[12:46:27] *** Joins: dibas_
[12:46:27] *** Quits: dibas (Read error: Connection reset by peer)
[12:46:32] *** dibas_ is now known as dibas
[12:51:44] *** Joins: dibas_
[12:51:45] *** Quits: dibas (Read error: Connection reset by peer)
[12:51:49] *** dibas_ is now known as dibas
[12:55:31] *** Joins: dibas_
[12:55:31] *** Quits: dibas (Read error: Connection reset by peer)
[12:55:36] *** dibas_ is now known as dibas
[12:59:19] *** Joins: dibas_
[12:59:19] *** Quits: dibas (Read error: Connection reset by peer)
[12:59:24] *** dibas_ is now known as dibas
[13:05:09] *** Joins: dibas_
[13:05:09] *** Quits: dibas (Read error: Connection reset by peer)
[13:05:14] *** dibas_ is now known as dibas
[13:08:57] *** Joins: dibas_
[13:08:57] *** Quits: dibas (Read error: Connection reset by peer)
[13:09:02] *** dibas_ is now known as dibas
[13:13:21] *** Joins: dibas_
[13:13:21] *** Quits: dibas (Read error: Connection reset by peer)
[13:13:26] *** dibas_ is now known as dibas
[13:14:39] *** Joins: refs
[13:19:12] *** Joins: dibas_
[13:19:12] *** Quits: dibas (Read error: Connection reset by peer)
[13:19:17] *** dibas_ is now known as dibas
[13:25:02] *** Joins: dibas_
[13:25:02] *** Quits: dibas (Read error: Connection reset by peer)
[13:25:06] *** dibas_ is now known as dibas
[13:30:48] *** Joins: dibas_
[13:30:48] *** Quits: dibas (Read error: Connection reset by peer)
[13:30:53] *** dibas_ is now known as dibas
[13:36:41] *** Joins: dibas_
[13:36:41] *** Quits: dibas (Read error: Connection reset by peer)
[13:36:47] *** dibas_ is now known as dibas
[13:42:28] *** Joins: dibas_
[13:42:28] *** Quits: dibas (Read error: Connection reset by peer)
[13:42:33] *** dibas_ is now known as dibas
[13:47:46] *** Joins: dibas_
[13:47:46] *** Quits: dibas (Read error: Connection reset by peer)
[13:47:50] *** dibas_ is now known as dibas
[13:53:36] *** Joins: dibas_
[13:53:36] *** Quits: dibas (Read error: Connection reset by peer)
[13:53:40] *** dibas_ is now known as dibas
[13:59:26] *** Joins: dibas_
[13:59:26] *** Quits: dibas (Read error: Connection reset by peer)
[13:59:31] *** dibas_ is now known as dibas
[14:06:08] *** Quits: dibas (Read error: Connection reset by peer)
[14:06:34] *** Joins: dibas_
[14:06:41] *** dibas_ is now known as dibas
[15:23:59] *** Quits: m4ts (Excess Flood)
[15:28:33] *** Joins: m4ts
[16:53:49] *** Quits: m4ts (Excess Flood)
[16:54:39] *** Joins: m4ts
[17:21:32] *** Quits: m4ts (Excess Flood)
[17:29:35] *** Joins: m4ts
[17:34:51] *** Quits: m4ts (Excess Flood)
[17:37:35] *** Joins: m4ts
[19:33:48] *** Quits: averne (quit)
[19:34:10] *** Joins: averne
[19:34:10] *** Server sets mode: +stn 
[21:36:22] *** Quits: GerbilSof (Read error: Operation timed out)
[21:45:55] *** Joins: GerbilSof
[22:06:32] *** Quits: n87 (Read error: Connection reset by peer)
[22:11:58] <plutobot_> Wiki | Page changed: Error codes | User: Hexkyz | https://switchbrew.org/w/index.php?curid=82&diff=11774&oldid=11752
[22:30:31] *** Joins: rajkosto
[23:12:47] *** Joins: oreo639
