[00:03:48] *** Quits: m4ts (Ping timeout: 265 seconds)
[00:11:22] *** Joins: m4ts
[01:17:18] *** Quits: m4ts (Excess Flood)
[01:22:28] *** Joins: m4ts
[01:38:24] *** Quits: m4ts (Excess Flood)
[01:39:18] *** Joins: m4ts
[02:01:43] <yls8bot> https://yls8.mtheall.com/ninupdates/reports.php?date=2022-06-28_00-01-36&sys=hac Update-details for the following hac report is now available/updated: https://yls8.mtheall.com/ninupdates/reports.php?date=2022-06-28_00-01-36&sys=hac Sysmodule SwIPC-generation .info files for the following hac report is now available/updated: 
[02:01:48] <yls8bot> https://yls8.mtheall.com/ninupdates/reports.php?date=2022-06-28_00-01-36&sys=hac 
[02:15:13] <yls8bot> https://yls8.mtheall.com/ninupdates/reports.php?date=2022-06-28_00-15-05&sys=hac Update-details for the following hac report is now available/updated: https://yls8.mtheall.com/ninupdates/reports.php?date=2022-06-28_00-15-05&sys=hac Sysmodule SwIPC-generation .info files for the following hac report is now available/updated: 
[02:15:18] <yls8bot> https://yls8.mtheall.com/ninupdates/reports.php?date=2022-06-28_00-15-05&sys=hac 
[02:31:49] *** Quits: fgsfds (Quit: Leaving)
[02:39:55] *** Quits: Sentry (ny.us.hub irc.efnet.nl)
[02:39:55] *** Quits: Genolo (ny.us.hub irc.efnet.nl)
[02:39:55] *** Quits: lex (ny.us.hub irc.efnet.nl)
[02:39:55] *** Quits: d3m3vilur (ny.us.hub irc.efnet.nl)
[02:39:55] *** Quits: flotwig (ny.us.hub irc.efnet.nl)
[02:39:55] *** Quits: Normmatt (ny.us.hub irc.efnet.nl)
[02:39:55] *** Quits: Extrems (ny.us.hub irc.efnet.nl)
[02:39:55] *** Quits: nrq (ny.us.hub irc.efnet.nl)
[02:39:55] *** Quits: ihaveamac (ny.us.hub irc.efnet.nl)
[02:41:11] <plutobot_> Wiki | Page changed: 14.1.2 | User: yls8 | https://switchbrew.org/w/index.php?curid=459&diff=11775&oldid=11766
[02:43:47] *** Joins: flotwig
[02:43:47] *** Joins: Sentry
[02:43:47] *** Joins: Normmatt
[02:43:47] *** Joins: Genolo
[02:43:47] *** Joins: lex
[02:43:47] *** Joins: Extrems
[02:43:47] *** Joins: d3m3vilur
[02:43:47] *** Joins: nrq
[02:43:47] *** Joins: ihaveamac
[02:45:48] *** Joins: rajkosto
[02:48:02] *** Quits: refs (Quit: refs)
[02:59:42] *** Quits: m4ts (Excess Flood)
[03:03:25] *** Joins: m4ts
[03:14:31] *** Quits: m4ts (Excess Flood)
[03:17:26] *** Joins: m4ts
[03:56:38] *** Joins: Snetry
[03:57:57] *** Quits: Sentry (Read error: Operation timed out)
[03:57:57] *** Snetry is now known as Sentry
[04:22:20] <plutobot_> Wiki | Page changed: Title list | User: Zachycatgames | https://switchbrew.org/w/index.php?curid=84&diff=11776&oldid=11763
[05:30:30] *** Quits: rajkosto (Read error: Connection reset by peer)
[05:45:15] *** Quits: m4ts (Excess Flood)
[05:47:46] *** Joins: m4ts
[06:36:11] *** Joins: m4ts_
[06:38:41] *** Quits: m4ts (Ping timeout: 265 seconds)
[08:33:21] *** Quits: oreo639 (Ping timeout: 260 seconds)
[10:57:28] *** Quits: m4ts_ (Excess Flood)
[11:01:18] *** Joins: m4ts
[12:46:04] *** Joins: fgsfds
[18:04:58] *** Joins: oreo639
[20:01:12] *** Joins: lameboy2
[20:04:53] *** Quits: lameboy (Ping timeout: 265 seconds)
[20:04:53] *** lameboy2 is now known as lameboy
[22:33:55] *** Joins: refs
