[03:28:35] *** Quits: refs (Quit: refs)
[03:40:40] *** Joins: rajkosto
[03:54:25] *** Joins: Snetry
[03:55:44] *** Quits: Sentry (Read error: Operation timed out)
[03:55:44] *** Snetry is now known as Sentry
[04:45:38] *** Quits: rajkosto (Read error: Connection reset by peer)
[04:55:17] *** Joins: rajkosto
[05:11:03] *** Quits: fgsfds (Quit: Leaving)
[06:58:57] *** Quits: balrog (Read error: Operation timed out)
[07:01:23] *** Joins: balrog
[07:23:51] *** Quits: m4ts (Excess Flood)
[07:25:12] *** Joins: m4ts
[07:41:44] *** Quits: zini- (Quit: -->)
[07:42:04] *** Joins: zini
[09:35:55] *** Quits: rajkosto (Read error: Connection reset by peer)
[09:39:08] *** Quits: oreo639 (Ping timeout: 745 seconds)
[09:46:49] *** Joins: |Shadow|_
[09:46:49] *** Quits: |Shadow| (Read error: Operation timed out)
[10:04:12] *** Quits: |Shadow|_ (Read error: Operation timed out)
[10:04:24] *** Joins: |Shadow|
[12:32:22] *** Joins: rajkosto
[12:44:38] *** Quits: lameboy (Read error: Connection reset by peer)
[12:45:21] *** Joins: lameboy
[13:08:27] *** Quits: rajkosto (Read error: Connection reset by peer)
[13:50:11] *** Joins: fgsfds
[17:07:37] *** Joins: oreo639
[17:24:45] *** Quits: lameboy (Ping timeout: 265 seconds)
[17:25:18] *** Joins: lameboy
[18:01:58] *** Quits: phigcloud (Ping timeout: 265 seconds)
[18:03:31] *** Joins: phigcloud
[19:06:44] *** Quits: Ghabry (Ping timeout: 265 seconds)
[19:09:17] *** Joins: Ghabry
[20:11:29] *** Quits: oreo639 (Quit)
[20:15:19] *** Joins: oreo639
[20:15:32] *** Quits: oreo639 (Client Quit)
[20:15:55] *** Joins: oreo639
[20:17:28] *** Quits: oreo639 (Client Quit)
[20:18:01] *** Joins: oreo639
[20:19:57] *** Quits: oreo639 (Client Quit)
[20:20:19] *** Joins: oreo639
[20:23:05] *** Quits: oreo639 (Remote host closed the connection)
[20:24:38] *** Joins: oreo639
[20:46:07] *** Quits: |Shadow| (Read error: Operation timed out)
[21:30:17] *** Joins: |Shadow|
[21:58:14] *** Joins: refs
[22:06:22] *** Quits: oreo639 (Remote host closed the connection)
[22:07:54] *** Joins: oreo639
[22:11:30] *** Quits: oreo639 (Remote host closed the connection)
[22:16:45] *** Joins: oreo639
[22:25:55] *** Quits: oreo639 (Remote host closed the connection)
[22:31:13] *** Joins: rajkosto
[22:35:27] *** Joins: oreo639
[22:43:43] *** Quits: oreo639 (Remote host closed the connection)
[22:58:41] *** Joins: oreo639
