[02:36:08] *** Quits: refs (Quit: refs)
[03:28:51] *** Quits: plutobot_ (Read error: Operation timed out)
[03:29:46] *** Joins: plutobot
[06:11:37] *** Quits: |Shadow| (ny.us.hub hub.efnet.us)
[06:11:37] *** Quits: oldtopman (ny.us.hub hub.efnet.us)
[06:11:37] *** Quits: IShaDoWl (ny.us.hub hub.efnet.us)
[06:11:37] *** Quits: Surkow (ny.us.hub hub.efnet.us)
[06:11:37] *** Quits: Lightswor (ny.us.hub hub.efnet.us)
[06:11:37] *** Quits: GeekShad1 (ny.us.hub hub.efnet.us)
[06:11:37] *** Quits: giglife (ny.us.hub hub.efnet.us)
[06:11:37] *** Quits: Kyouju (ny.us.hub hub.efnet.us)
[06:11:37] *** Quits: freundTec (ny.us.hub hub.efnet.us)
[06:11:37] *** Quits: yls8bot (ny.us.hub hub.efnet.us)
[06:11:37] *** Quits: Cu3PO42 (ny.us.hub hub.efnet.us)
[06:11:37] *** Quits: eggster (ny.us.hub hub.efnet.us)
[06:11:37] *** Quits: Behemoth (ny.us.hub hub.efnet.us)
[06:11:37] *** Quits: yellows8 (ny.us.hub hub.efnet.us)
[06:11:37] *** Quits: tpw_rules (ny.us.hub hub.efnet.us)
[06:11:37] *** Quits: derk0pf_ (ny.us.hub hub.efnet.us)
[06:11:37] *** Quits: Jdbye (ny.us.hub hub.efnet.us)
[06:11:37] *** Quits: TurtleP (ny.us.hub hub.efnet.us)
[06:16:32] *** Joins: |Shadow|
[06:16:32] *** Joins: Surkow
[06:16:32] *** Joins: Lightswor
[06:16:32] *** Joins: oldtopman
[06:16:32] *** Joins: GeekShad1
[06:16:32] *** Joins: giglife
[06:16:32] *** Joins: Kyouju
[06:16:32] *** Joins: freundTec
[06:16:32] *** Joins: IShaDoWl
[06:16:32] *** Joins: yls8bot
[06:16:32] *** Joins: Cu3PO42
[06:16:32] *** Joins: eggster
[06:16:32] *** Joins: Behemoth
[06:16:32] *** Joins: yellows8
[06:16:32] *** Joins: tpw_rules
[06:16:32] *** Joins: derk0pf_
[06:16:32] *** Joins: Jdbye
[06:16:32] *** Joins: TurtleP
[06:16:32] *** hub.efnet.us sets mode: +oo yls8bot yellows8
[06:16:32] *** WntrMute sets mode: +o yellows8
[08:11:09] *** Quits: fgsfds (Read error: Connection reset by peer)
[08:40:30] *** Quits: sh0e (Quit: Bye.)
[08:42:57] *** Joins: sh0e
[11:10:29] *** Joins: changoXPR
[11:20:34] *** Quits: changO- (Ping timeout: 745 seconds)
[11:38:05] *** Joins: n87
[14:46:25] *** Quits: n87 (Ping timeout: 265 seconds)
[17:52:48] *** Joins: fgsfds
[18:20:27] *** Joins: n87
[21:03:44] *** Quits: IShaDoWl (Read error: Operation timed out)
[21:04:27] *** Joins: IShaDoWl
[22:02:40] *** Joins: refs
[22:07:50] *** Joins: changO-
[22:10:48] *** Quits: changoXPR (Read error: Operation timed out)
[23:39:29] *** Quits: n87 (Read error: Connection reset by peer)
