[00:35:59] *** Quits: Surkow (Remote host closed the connection)
[00:37:16] *** Joins: Surkow
[02:32:48] *** Quits: refs (Quit: refs)
[02:43:38] *** Joins: changoXPR
[02:46:16] *** Quits: changO- (Read error: Operation timed out)
[02:46:19] *** Quits: Maylay (Ping timeout: 745 seconds)
[02:49:36] *** Joins: Maylay
[03:43:07] *** Joins: changO-
[03:54:34] *** Quits: changoXPR (Ping timeout: 745 seconds)
[04:58:28] *** Joins: changoXPR
[05:02:25] *** Quits: changO- (Read error: Operation timed out)
[05:57:24] *** Quits: fgsfds (Read error: Connection reset by peer)
[11:09:47] *** Joins: n87
[14:01:07] *** Quits: phigcloud ()
[14:02:06] *** Joins: phigcloud
[14:47:15] *** Joins: ris2z
[15:52:35] *** Quits: thomasnet (Read error: Connection reset by peer)
[15:52:44] *** Joins: thomasnet
[16:30:52] *** Quits: IShaDoWl ()
[17:00:23] *** Joins: fgsfds
[17:57:05] *** Joins: zini
[18:02:54] *** Quits: zini- (Ping timeout: 615 seconds)
[21:48:55] *** Joins: refs
[22:48:06] *** Quits: n87 (Read error: Connection reset by peer)
[23:53:36] *** Quits: |Shadow| (Ping timeout: 240 seconds)
