[00:02:36] *** Joins: |Shadow|
[02:27:18] *** Joins: changO-
[02:33:52] *** Quits: changoXPR (Ping timeout: 496 seconds)
[02:52:35] *** Quits: refs (Quit: refs)
[05:26:01] *** Quits: GerbilSof (Quit: Windows must now restart because the Remote Procedure Call (RPC) service terminated unexpectedly.)
[05:27:51] *** Joins: GerbilSof
[08:34:53] *** Joins: changoXPR
[08:36:32] *** Quits: changO- (Ping timeout: 496 seconds)
[08:44:22] *** Quits: fgsfds (Read error: Connection reset by peer)
[08:45:56] *** Quits: changoXPR (Read error: Operation timed out)
[09:08:08] *** Joins: changO-
[10:11:42] *** Quits: derrek (Quit: This should have not happened.)
[10:14:03] *** Joins: derrek
[10:18:43] *** Quits: derrek (Client Quit)
[10:20:51] *** Joins: derrek
[10:51:43] *** Quits: d3m3vilur ()
[10:51:54] *** Joins: d3m3vilur
[12:29:23] *** Quits: rjeli____ ()
[12:29:34] *** Joins: rjeli____
[17:38:23] *** Joins: fgsfds
[20:50:00] *** Joins: oreo639
[23:10:24] *** Joins: refs
[23:25:04] *** Quits: cpncok3 (Ping timeout: 496 seconds)
