[04:28:09] *** Quits: refs (Quit: refs)
[05:10:16] *** Joins: changoXPR
[05:16:27] *** Quits: changO- (Read error: Operation timed out)
[05:17:42] *** Joins: changO-
[05:19:12] *** Quits: changoXPR (Ping timeout: 496 seconds)
[06:41:17] *** Quits: fgsfds (Read error: Connection reset by peer)
[07:29:25] *** Quits: changO- (Read error: Connection reset by peer)
[10:37:16] *** Joins: changO-
[11:34:43] *** Joins: zini-
[11:36:33] *** Quits: oreo639 (Ping timeout: 857 seconds)
[11:36:37] *** Quits: zini (Ping timeout: 492 seconds)
[13:05:06] *** Quits: zini- (Ping timeout: 252 seconds)
[13:06:14] *** Joins: zini
[13:27:46] *** Joins: refs
[17:21:38] *** Joins: fgsfds
[17:24:09] *** Quits: d3m3vilur (Read error: Operation timed out)
[17:27:55] *** Quits: blasty (Read error: Connection reset by peer)
[17:30:25] *** Joins: d3m3vilur
[17:33:52] *** Joins: blasty
[20:09:39] *** Joins: oreo639
