[01:45:05] *** Joins: figgis_
[01:47:30] *** Quits: fgsfds (Ping timeout: 265 seconds)
[04:50:10] *** Quits: refs (Quit: refs)
[07:09:14] *** Quits: changO- (Ping timeout: 745 seconds)
[07:20:35] *** Quits: figgis_ (Read error: Connection reset by peer)
[08:22:44] *** Quits: lameboy (Read error: Connection reset by peer)
[08:23:11] *** Joins: lameboy
[08:32:37] *** Quits: lameboy (Remote host closed the connection)
[08:33:03] *** Joins: lameboy
[08:39:36] *** Quits: lameboy (Read error: Connection reset by peer)
[08:40:07] *** Joins: lameboy
[13:17:48] *** Quits: blasty (se.hub irc.efnet.nl)
[13:17:48] *** Quits: d3m3vilur (se.hub irc.efnet.nl)
[13:17:48] *** Quits: lex1 (se.hub irc.efnet.nl)
[13:17:48] *** Quits: Sentry (se.hub irc.efnet.nl)
[13:17:48] *** Quits: nohit__ (se.hub irc.efnet.nl)
[13:19:54] *** Joins: blasty
[13:19:54] *** Joins: d3m3vilur
[13:19:54] *** Joins: lex1
[13:19:54] *** Joins: Sentry
[13:19:54] *** Joins: nohit__
[13:21:19] *** Joins: m4ts_
[13:22:03] *** Quits: m4ts (Ping timeout: 265 seconds)
[13:23:36] *** Quits: blasty (se.hub irc.efnet.nl)
[13:23:36] *** Quits: d3m3vilur (se.hub irc.efnet.nl)
[13:23:36] *** Quits: lex1 (se.hub irc.efnet.nl)
[13:23:36] *** Quits: Sentry (se.hub irc.efnet.nl)
[13:23:36] *** Quits: nohit__ (se.hub irc.efnet.nl)
[13:29:26] *** Joins: blasty
[13:29:26] *** Joins: d3m3vilur
[13:29:26] *** Joins: lex1
[13:29:26] *** Joins: Sentry
[13:29:26] *** Joins: nohit__
[17:13:12] *** Joins: fgsfds
[17:39:01] *** Quits: refsw` (Quit: refsw`)
[17:42:15] *** Joins: refsw
[17:57:36] *** Quits: lameboy (Ping timeout: 744 seconds)
[18:07:26] *** Joins: lameboy
[21:37:56] *** Quits: Whovian93 (Remote host closed the connection)
[21:56:00] *** Joins: Whovian93
[22:00:19] *** Joins: refs
[22:20:30] *** Joins: n87
[22:29:19] *** Quits: n87 (Read error: Connection reset by peer)
