[02:49:32] *** Quits: refs (Quit: refs)
[04:48:45] *** Joins: changoXPR
[04:54:26] *** Quits: changO- (Read error: Operation timed out)
[05:15:27] *** Quits: fgsfds (Read error: Connection reset by peer)
[06:44:25] *** Quits: nohit__ (Ping timeout: 493 seconds)
[06:44:48] *** Quits: d3m3vilur (Ping timeout: 493 seconds)
[06:45:36] *** Joins: d3m3vilur
[06:46:17] *** Joins: nohit__
[06:49:50] *** Joins: Retr0id8
[06:49:50] *** Quits: Retr0id (Write error: Broken pipe)
[06:49:50] *** Retr0id8 is now known as Retr0id
[06:52:18] *** Quits: Retr0id (Read error: Connection reset by peer)
[06:52:29] *** Joins: Retr0id
[07:00:13] *** Joins: Snetry
[07:00:14] *** Quits: Sentry (Read error: Connection reset by peer)
[13:51:40] *** Quits: GerbilSof (Read error: Operation timed out)
[15:19:09] *** Joins: fgsfds
[15:26:13] *** Joins: GerbilSof
[17:02:38] *** Quits: thomasnet (Ping timeout: 265 seconds)
[17:02:52] *** Joins: thomasnet
[21:16:22] *** Joins: refs
[21:33:29] *** Quits: Maylay (Quit: Pipe Terminated)
[21:41:34] *** Joins: Maylay
[22:12:02] *** Joins: oreo639
[22:47:37] *** Quits: oreo639 (Quit)
