[01:09:28] *** Quits: balrog (Read error: Connection reset by peer)
[01:12:36] *** Joins: balrog
[01:21:14] *** Quits: Surkow (Remote host closed the connection)
[01:22:32] *** Joins: Surkow
[01:40:24] *** Quits: jn (Ping timeout: 615 seconds)
[03:14:28] *** Quits: refs (Quit: refs)
[08:16:38] *** Quits: fgsfds (Read error: Connection reset by peer)
[08:18:07] *** Quits: GerbilSof (ircd.choopa.net irc.mzima.net)
[08:18:08] *** Quits: CCFL_Man (ircd.choopa.net irc.mzima.net)
[08:18:08] *** Quits: ihaveamac (ircd.choopa.net irc.mzima.net)
[08:19:15] *** Joins: CCFL_Man_
[08:27:45] *** Joins: GerbilS3
[09:34:54] *** Joins: ihaveamac
[10:56:53] *** Quits: CCFL_Man_ (Read error: Connection reset by peer)
[13:37:16] *** Quits: ihaveamac (Quit: fail)
[13:38:46] *** Joins: ihaveamac
[15:14:54] *** lex1 is now known as lex
[16:06:06] *** Quits: lameboy (Ping timeout: 376 seconds)
[16:22:12] <plutobot> Wiki | Page changed: EMMC pinout | User: ColeJByrne | https://switchbrew.org/w/index.php?curid=60&diff=11098&oldid=9667
[17:01:34] *** Joins: lameboy
[17:09:07] *** Joins: fgsfds
[17:51:47] *** Joins: Tcm0
[18:12:08] *** Quits: Surkow (Remote host closed the connection)
[18:13:26] *** Joins: Surkow
[20:58:24] *** Quits: lameboy (Read error: Connection reset by peer)
[20:58:30] *** Joins: lameboy2
[20:58:35] *** lameboy2 is now known as lameboy
[21:56:47] *** Joins: refs
