[00:08:27] *** Quits: Tcm0 (Leaving)
[00:16:12] *** Quits: Snetry (se.hub irc.efnet.nl)
[00:16:12] *** Quits: Retr0id (se.hub irc.efnet.nl)
[00:16:12] *** Quits: nohit__ (se.hub irc.efnet.nl)
[00:16:12] *** Quits: d3m3vilur (se.hub irc.efnet.nl)
[00:16:12] *** Quits: blasty (se.hub irc.efnet.nl)
[00:16:12] *** Quits: lex (se.hub irc.efnet.nl)
[00:18:29] *** Joins: Snetry
[00:18:29] *** Joins: Retr0id
[00:18:29] *** Joins: nohit__
[00:18:29] *** Joins: d3m3vilur
[00:18:29] *** Joins: blasty
[00:18:29] *** Joins: lex
[00:24:27] *** Quits: Snetry (se.hub irc.efnet.nl)
[00:24:27] *** Quits: Retr0id (se.hub irc.efnet.nl)
[00:24:27] *** Quits: nohit__ (se.hub irc.efnet.nl)
[00:24:27] *** Quits: d3m3vilur (se.hub irc.efnet.nl)
[00:24:27] *** Quits: blasty (se.hub irc.efnet.nl)
[00:24:27] *** Quits: lex (se.hub irc.efnet.nl)
[00:27:02] *** Joins: Snetry
[00:27:03] *** Joins: Retr0id
[00:27:03] *** Joins: nohit__
[00:27:03] *** Joins: d3m3vilur
[00:27:03] *** Joins: blasty
[00:27:03] *** Joins: lex
[02:48:47] *** Quits: refs (Quit: refs)
[02:53:58] *** Quits: fgsfds (Read error: Connection reset by peer)
[04:38:23] *** Joins: CCFL_Man
[09:34:16] <plutobot> Wiki | Page changed: EMMC pinout | User: SciresM | https://switchbrew.org/w/index.php?curid=60&diff=11099&oldid=11098
[10:05:43] *** Joins: flotwig
[11:15:53] *** Joins: Tcm0
[12:21:17] *** Quits: oldtopman (Read error: Operation timed out)
[12:23:28] *** Joins: oldtopman
[16:01:10] *** Joins: fgsfds
[16:39:50] *** Quits: Retr0id (Read error: Operation timed out)
[16:40:55] *** Joins: Retr0id
[17:14:08] *** Quits: Retr0id (Read error: Operation timed out)
[17:14:51] *** Joins: Retr0id
[21:49:38] *** Quits: GerbilS3 (Quit: Windows must now restart because the Remote Procedure Call (RPC) service terminated unexpectedly.)
[21:54:11] *** Joins: GerbilSof
[22:14:42] *** Quits: fgsfds (Read error: Connection reset by peer)
[22:16:44] *** Joins: fgsfds
