[00:59:26] *** Quits: Surkow (Remote host closed the connection)
[01:01:09] *** Joins: Surkow
[01:06:35] *** Quits: Tcm0 (Leaving)
[02:27:50] *** Joins: refs
[04:25:59] *** Quits: refs (Quit: refs)
[04:58:32] *** Joins: rajkosto
[07:51:01] *** Quits: fgsfds (Read error: Connection reset by peer)
[08:05:54] *** Quits: hexkyz (Ping timeout: 745 seconds)
[08:06:15] *** Joins: hexkyz
[08:49:04] *** Quits: hexkyz (Ping timeout: 745 seconds)
[08:50:51] *** Joins: hexkyz
[10:15:17] *** Quits: |Shadow| ()
[10:27:32] *** Joins: |Shadow|
[10:37:27] *** Quits: rajkosto (Ping timeout: 265 seconds)
[17:29:39] *** Joins: m4ts
[17:32:11] *** Joins: fgsfds
[17:33:07] *** Quits: m4ts_ (Ping timeout: 265 seconds)
[17:56:14] *** Quits: hexkyz (Ping timeout: 745 seconds)
[17:56:35] *** Joins: hexkyz
[18:08:56] *** Quits: zini- (Quit: -->)
[18:09:18] *** Joins: zini
[18:34:35] *** Joins: refs
[20:05:10] *** Joins: mukunda
[20:14:53] *** Joins: rajkosto
[21:20:17] *** Quits: rajkosto (Ping timeout: 265 seconds)
[21:34:38] *** Joins: n87
[21:56:44] *** Joins: oreo639
[22:36:38] *** Joins: rajkosto
[22:48:22] *** Quits: n87 (Read error: Connection reset by peer)
[23:12:18] *** Quits: rajkosto (Read error: Connection reset by peer)
[23:16:55] *** Quits: oreo639 (Read error: Operation timed out)
