[04:24:10] *** Joins: Sentry-
[04:25:30] *** Quits: Snetry (Read error: Connection refused)
[04:56:55] *** Quits: oreo639 (Read error: Operation timed out)
[04:58:05] *** Quits: refs (Quit: refs)
[07:08:50] *** Quits: mukunda (Ping timeout: 265 seconds)
[07:53:09] *** Quits: fgsfds (Read error: Connection reset by peer)
[08:56:04] *** Joins: Snetry
[08:57:23] *** Quits: Sentry- (Read error: Connection refused)
[10:52:27] *** Joins: oreo639
[11:33:42] *** Joins: n87
[13:21:07] *** Joins: m4ts_
[13:22:27] *** Quits: m4ts (Ping timeout: 265 seconds)
[13:53:29] *** Quits: oreo639 (Ping timeout: 745 seconds)
[16:03:13] *** Joins: fgsfds
[16:12:09] *** Quits: changoXPR (Read error: Connection reset by peer)
[19:06:57] <plutobot> GitHub | New commit | User: fincs | https://github.com/switchbrew/libnx/commit/fc2aaefb0f
[19:25:50] <plutobot> GitHub | New commit | User: yellows | https://github.com/switchbrew/switch-examples/commit/f03b9864ce
[19:50:32] *** Quits: flagrama_ ()
[19:50:43] *** Joins: flagrama_
[20:09:10] *** Quits: Maylay (Quit: Pipe Terminated)
[20:23:07] *** Joins: Maylay
[20:23:08] *** Quits: Maylay (Remote host closed the connection!)
[20:31:36] *** Joins: Maylay
[20:34:19] *** Joins: changO-
[20:46:50] *** Joins: Maylay_
[20:50:09] *** Quits: Maylay (Ping timeout: 615 seconds)
[20:50:50] *** Quits: Maylay_ (Read error: Connection reset by peer)
[21:26:15] *** Joins: Maylay
[21:43:10] *** Joins: oreo639
[21:45:23] *** Quits: oreo639 (Client Quit)
[21:59:05] *** Quits: n87 (Read error: Connection reset by peer)
[21:59:31] *** Joins: refs
