[02:36:21] *** Quits: refs (Quit: refs)
[07:14:18] *** Quits: fgsfds (Read error: Connection reset by peer)
[07:19:32] *** Quits: Snetry (Read error: Operation timed out)
[07:37:06] *** Joins: Snetry
[07:45:43] *** Joins: Sentry-
[07:47:02] *** Quits: Snetry (Read error: Connection refused)
[07:49:27] *** Quits: Sentry- (Read error: Operation timed out)
[07:59:40] *** Joins: Snetry
[08:07:08] <plutobot> GitHub | New PR: btdrv fix btd... | User: Hydrgon | https://github.com/switchbrew/libnx/pull/572
[09:19:11] *** Quits: fincs (Ping timeout: 265 seconds)
[09:19:40] *** Quits: WntrMute (Ping timeout: 265 seconds)
[09:20:24] *** Joins: fincs
[09:20:27] *** yls8bot sets mode: +o fincs
[09:24:03] *** Joins: WntrMute
[09:24:03] *** fincs sets mode: +o WntrMute
[09:57:58] *** Quits: oldtopman (Read error: Operation timed out)
[09:58:26] *** Joins: oldtopman
[10:01:37] *** Quits: oldtopman (Read error: Operation timed out)
[10:01:48] *** Joins: oldtopman
[11:50:57] *** Quits: thomasnet (Ping timeout: 265 seconds)
[11:51:14] *** Joins: thomasnet
[12:04:28] *** Quits: derk0pf (Remote host closed the connection)
[14:03:10] *** Quits: Surkow (Remote host closed the connection)
[14:04:40] *** Joins: Surkow
[16:53:09] *** Joins: fgsfds
[18:17:42] <plutobot> Wiki | Page changed: Product Information | User: Zachycatgames | https://switchbrew.org/w/index.php?curid=384&diff=11100&oldid=11097
[18:39:58] <plutobot> Wiki | Page changed: Product Information | User: Zachycatgames | https://switchbrew.org/w/index.php?curid=384&diff=11101&oldid=11100
[20:44:21] *** Quits: flotwig (ZNC - http://znc.in)
[20:52:09] *** Joins: Sentry-
[20:53:29] *** Quits: Snetry (Read error: Connection refused)
[21:06:13] *** Quits: giglife (Quit: ZNC - http://znc.in)
[21:06:18] *** Joins: giglife
