[00:04:19] *** Joins: refs
[02:05:14] <plutobot> Wiki | New page: 13.0.0 | User: Yls8bot | https://switchbrew.org/w/index.php?curid=439
[02:05:17] <plutobot> Wiki | Page changed: Template:NavboxVersions | User: Yls8bot | https://switchbrew.org/w/index.php?curid=183&diff=11104&oldid=11016
[02:05:17] <plutobot> Wiki | Page changed: News/Archive | User: Yls8bot | https://switchbrew.org/w/index.php?curid=114&diff=11103&oldid=11015
[02:05:20] <yls8bot> https://yls8.mtheall.com/ninupdates/reports.php?date=2021-09-15_00-05-06&sys=hac 
[02:05:24] <plutobot> Wiki | Page changed: FirmwareNews | User: Yls8bot | https://switchbrew.org/w/index.php?curid=43&diff=11106&oldid=11018
[02:05:52] <yls8bot> Update-details for the following hac report is now available/updated: https://yls8.mtheall.com/ninupdates/reports.php?date=2021-09-15_00-05-06&sys=hac Sysmodule SwIPC-generation .info files for the following hac report is now available/updated: https://yls8.mtheall.com/ninupdates/reports.php?date=2021-09-15_00-05-06&sys=hac 
[02:10:00] *** Quits: |Shadow| (Ping timeout: 240 seconds)
[02:12:03] *** Joins: |Shadow|
[02:15:17] <yls8bot> https://yls8.mtheall.com/ninupdates/reports.php?date=2021-09-15_00-15-06&sys=hac 
[02:15:32] <yls8bot> Update-details for the following hac report is now available/updated: https://yls8.mtheall.com/ninupdates/reports.php?date=2021-09-15_00-15-06&sys=hac 
[02:15:37] <yls8bot> Sysmodule SwIPC-generation .info files for the following hac report is now available/updated: https://yls8.mtheall.com/ninupdates/reports.php?date=2021-09-15_00-15-06&sys=hac 
[02:17:27] *** Quits: Surkow (Remote host closed the connection)
[02:18:42] *** Joins: Surkow
[02:31:25] <plutobot> Wiki | Page changed: Title list | User: Zachycatgames | https://switchbrew.org/w/index.php?curid=84&diff=11107&oldid=11096
[02:35:42] <yls8bot> Update-details for the following hac report is now available/updated: https://yls8.mtheall.com/ninupdates/reports.php?date=2021-09-15_00-05-06&sys=hac 
[02:45:21] <plutobot> Wiki | Page changed: System Versions | User: yls8 | https://switchbrew.org/w/index.php?curid=105&diff=11108&oldid=11032
[02:47:03] <plutobot> Wiki | Page changed: System Version Title | User: yls8 | https://switchbrew.org/w/index.php?curid=116&diff=11109&oldid=11095
[02:49:02] *** Joins: changoXPR
[02:53:28] *** Quits: changO- (Read error: Operation timed out)
[02:54:57] <yls8bot> Sysmodule SwIPC-generation .info files for the following hac report is now available/updated: https://yls8.mtheall.com/ninupdates/reports.php?date=2021-09-15_00-05-06&sys=hac 
[03:03:02] <plutobot> Wiki | Page changed: 13.0.0 | User: yls8 | https://switchbrew.org/w/index.php?curid=439&diff=11110&oldid=11105
[03:37:33] *** Quits: refs (Quit: refs)
[03:51:49] <plutobot> Wiki | Page changed: 13.0.0 | User: yls8 | https://switchbrew.org/w/index.php?curid=439&diff=11111&oldid=11110
[03:51:59] <plutobot> Wiki | Page changed: Services API | User: yls8 | https://switchbrew.org/w/index.php?curid=85&diff=11112&oldid=10429
[04:05:05] <plutobot> Wiki | Page changed: USB services | User: yls8 | https://switchbrew.org/w/index.php?curid=195&diff=11113&oldid=11085
[04:23:57] <plutobot> Wiki | Page changed: Audio services | User: Qlutoo | https://switchbrew.org/w/index.php?curid=264&diff=11114&oldid=11009
[04:25:29] <plutobot> Wiki | Page changed: Audio services | User: Qlutoo | https://switchbrew.org/w/index.php?curid=264&diff=11115&oldid=11114
[04:48:31] *** Quits: |Shadow| (Read error: Operation timed out)
[04:50:58] *** Joins: |Shadow|
[05:12:00] *** Quits: |Shadow| (Ping timeout: 240 seconds)
[05:14:04] *** Joins: |Shadow|
[05:22:15] <plutobot> Wiki | Page changed: 13.0.0 | User: yls8 | https://switchbrew.org/w/index.php?curid=439&diff=11116&oldid=11111
[05:24:48] <plutobot> Wiki | Page changed: HID services | User: yls8 | https://switchbrew.org/w/index.php?curid=103&diff=11117&oldid=11070
[05:28:12] <plutobot> Wiki | Page changed: 13.0.0 | User: yls8 | https://switchbrew.org/w/index.php?curid=439&diff=11118&oldid=11116
[06:52:58] *** Quits: |Shadow| ()
[07:08:41] *** Joins: |Shadow|
[07:23:30] *** Quits: fgsfds (Quit: Leaving)
[07:27:53] <plutobot> Wiki | Page changed: Settings services | User: yls8 | https://switchbrew.org/w/index.php?curid=110&diff=11119&oldid=10663
[07:34:01] <plutobot> Wiki | Page changed: Bluetooth Driver services | User: yls8 | https://switchbrew.org/w/index.php?curid=161&diff=11120&oldid=11026
[07:37:15] <plutobot> Wiki | Page changed: NCM services | User: yls8 | https://switchbrew.org/w/index.php?curid=122&diff=11121&oldid=10493
[07:46:36] <plutobot> Wiki | Page changed: Audio services | User: yls8 | https://switchbrew.org/w/index.php?curid=264&diff=11122&oldid=11115
[14:39:19] <plutobot> Wiki | Page changed: System Version Title | User: SciresM | https://switchbrew.org/w/index.php?curid=116&diff=11123&oldid=11109
[14:39:29] <plutobot> Wiki | Page changed: System Version Title | User: SciresM | https://switchbrew.org/w/index.php?curid=116&diff=11124&oldid=11123
[15:21:07] <plutobot> Wiki | Page changed: HID services | User: yls8 | https://switchbrew.org/w/index.php?curid=103&diff=11125&oldid=11117
[15:25:02] <plutobot> Wiki | Page changed: WLAN services | User: yls8 | https://switchbrew.org/w/index.php?curid=324&diff=11126&oldid=11040
[15:28:05] <plutobot> Wiki | Page changed: PCV services | User: yls8 | https://switchbrew.org/w/index.php?curid=126&diff=11127&oldid=10630
[15:43:23] <plutobot> Wiki | Page changed: Applet Manager services | User: yls8 | https://switchbrew.org/w/index.php?curid=132&diff=11128&oldid=10914
[15:46:57] <plutobot> Wiki | Page changed: NIM services | User: yls8 | https://switchbrew.org/w/index.php?curid=144&diff=11129&oldid=10790
[16:09:13] <plutobot> Wiki | Page changed: BTM services | User: yls8 | https://switchbrew.org/w/index.php?curid=306&diff=11130&oldid=10767
[16:14:49] <plutobot> Wiki | Page changed: Display services | User: yls8 | https://switchbrew.org/w/index.php?curid=113&diff=11131&oldid=10770
[16:17:22] <plutobot> Wiki | Page changed: NPNS services | User: yls8 | https://switchbrew.org/w/index.php?curid=327&diff=11132&oldid=10794
[16:24:52] <plutobot> Wiki | Page changed: Filesystem services | User: yls8 | https://switchbrew.org/w/index.php?curid=87&diff=11133&oldid=10958
[16:25:08] *** Joins: fgsfds
[16:44:03] <plutobot> Wiki | Page changed: 13.0.0 | User: yls8 | https://switchbrew.org/w/index.php?curid=439&diff=11134&oldid=11118
[17:01:54] <plutobot> Wiki | Page changed: System Settings | User: yls8 | https://switchbrew.org/w/index.php?curid=102&diff=11135&oldid=10930
[17:06:34] *** Joins: changO-
[17:12:13] *** Quits: changoXPR (Ping timeout: 501 seconds)
[17:52:42] <plutobot> Wiki | Page changed: System Settings | User: yls8 | https://switchbrew.org/w/index.php?curid=102&diff=11136&oldid=11135
[18:18:27] <plutobot> GitHub | New commit | User: XorTroll | https://github.com/switchbrew/libnx/commit/ade5038282
[18:19:30] <plutobot> GitHub | New commit | User: Sean Maas | https://github.com/switchbrew/libnx/commit/960599c4b5
[18:22:11] *** Quits: ris2z (Ping timeout: 186 seconds)
[18:28:07] *** Joins: ris2z
[18:47:35] <plutobot> Wiki | Page changed: Bluetooth Driver services | User: yls8 | https://switchbrew.org/w/index.php?curid=161&diff=11137&oldid=11120
[20:47:54] <plutobot> Wiki | Page changed: Error Report services | User: Hexkyz | https://switchbrew.org/w/index.php?curid=193&diff=11138&oldid=10771
[20:50:06] <plutobot> Wiki | Page changed: NCA | User: Hexkyz | https://switchbrew.org/w/index.php?curid=168&diff=11139&oldid=11041
[20:54:31] <plutobot> Wiki | Page changed: Package2 | User: Hexkyz | https://switchbrew.org/w/index.php?curid=279&diff=11140&oldid=11038
[20:59:07] <plutobot> Wiki | Page changed: Settings services | User: Hexkyz | https://switchbrew.org/w/index.php?curid=110&diff=11141&oldid=11119
[21:02:00] <plutobot> Wiki | Page changed: NCM services | User: Hexkyz | https://switchbrew.org/w/index.php?curid=122&diff=11142&oldid=11121
[21:06:05] <plutobot> Wiki | Page changed: Audio services | User: Hexkyz | https://switchbrew.org/w/index.php?curid=264&diff=11143&oldid=11122
[21:08:07] <plutobot> Wiki | Page changed: HID services | User: Hexkyz | https://switchbrew.org/w/index.php?curid=103&diff=11144&oldid=11125
[21:11:21] <plutobot> Wiki | Page changed: Applet Manager services | User: Hexkyz | https://switchbrew.org/w/index.php?curid=132&diff=11145&oldid=11128
[21:19:00] <plutobot> Wiki | Page changed: SMC | User: Hexkyz | https://switchbrew.org/w/index.php?curid=159&diff=11146&oldid=10777
[21:19:10] <plutobot> Wiki | Page changed: SMC | User: Hexkyz | https://switchbrew.org/w/index.php?curid=159&diff=11147&oldid=11146
[21:36:20] <plutobot> Wiki | Page changed: Bluetooth Driver services | User: Hexkyz | https://switchbrew.org/w/index.php?curid=161&diff=11148&oldid=11137
[21:43:28] <plutobot> Wiki | Page changed: NPNS services | User: Hexkyz | https://switchbrew.org/w/index.php?curid=327&diff=11149&oldid=11132
[21:48:23] <plutobot> Wiki | Page changed: Profile Selector | User: yls8 | https://switchbrew.org/w/index.php?curid=359&diff=11150&oldid=8581
[21:51:51] *** Quits: averne (quit)
[21:52:10] *** Joins: averne
[21:52:10] *** Server sets mode: +stn 
[22:02:14] *** Joins: refs
[22:10:39] *** Joins: averne
[22:10:39] *** Server sets mode: +stn 
[22:12:00] <plutobot> Wiki | Page changed: ETicket services | User: Hexkyz | https://switchbrew.org/w/index.php?curid=326&diff=11151&oldid=10312
[22:16:26] <plutobot> Wiki | Page changed: ETicket services | User: Hexkyz | https://switchbrew.org/w/index.php?curid=326&diff=11152&oldid=11151
[22:23:13] <plutobot> Wiki | Page changed: ETicket services | User: Hexkyz | https://switchbrew.org/w/index.php?curid=326&diff=11153&oldid=11152
[22:37:30] <plutobot> Wiki | Page changed: Error Report services | User: Hexkyz | https://switchbrew.org/w/index.php?curid=193&diff=11154&oldid=11138
[22:51:46] <plutobot> Wiki | Page changed: Filesystem services | User: Hexkyz | https://switchbrew.org/w/index.php?curid=87&diff=11155&oldid=11133
[22:57:13] <plutobot> Wiki | Page changed: BCAT services | User: Hexkyz | https://switchbrew.org/w/index.php?curid=108&diff=11156&oldid=10317
[22:57:53] <plutobot> Wiki | Page changed: BCAT services | User: Hexkyz | https://switchbrew.org/w/index.php?curid=108&diff=11157&oldid=11156
