[01:16:04] *** Quits: Surkow (Read error: Connection reset by peer)
[01:17:34] *** Joins: Surkow
[03:01:59] *** Quits: refs (Quit: refs)
[03:25:12] *** Joins: changoXPR
[03:31:14] *** Quits: changO- (Ping timeout: 745 seconds)
[05:34:02] <plutobot> Wiki | Page changed: Error Report services | User: SciresM | https://switchbrew.org/w/index.php?curid=193&diff=11158&oldid=11154
[06:30:53] *** Quits: fgsfds (Read error: Connection reset by peer)
[07:37:24] *** Quits: DacoTaco (Read error: Operation timed out)
[10:17:25] *** Quits: lameboy (Read error: Operation timed out)
[10:36:24] *** Joins: lameboy
[13:06:52] *** Quits: GerbilSof (Read error: Operation timed out)
[13:14:07] *** Joins: GerbilSof
[15:56:06] *** Joins: fgsfds
[17:42:22] <plutobot> Wiki | Page changed: Error Report services | User: Hexkyz | https://switchbrew.org/w/index.php?curid=193&diff=11159&oldid=11158
[17:44:04] <plutobot> Wiki | Page changed: Flash Filesystem | User: Hexkyz | https://switchbrew.org/w/index.php?curid=151&diff=11160&oldid=10957
[18:04:14] *** Quits: Surkow (Remote host closed the connection)
[18:05:27] *** Joins: Surkow
[18:17:33] <plutobot> Wiki | Page changed: Title list | User: Hexkyz | https://switchbrew.org/w/index.php?curid=84&diff=11161&oldid=11107
[18:26:23] <plutobot> Wiki | Page changed: Flash Filesystem | User: Hexkyz | https://switchbrew.org/w/index.php?curid=151&diff=11162&oldid=11160
[18:31:08] <plutobot> Wiki | Page changed: Error codes | User: Hexkyz | https://switchbrew.org/w/index.php?curid=82&diff=11163&oldid=11084
[18:42:42] <plutobot> Wiki | Page changed: NS Services | User: Hexkyz | https://switchbrew.org/w/index.php?curid=89&diff=11164&oldid=11064
[18:45:25] <plutobot> Wiki | Page changed: Account services | User: Hexkyz | https://switchbrew.org/w/index.php?curid=86&diff=11165&oldid=10825
[19:05:28] *** Joins: DacoTaco
[20:27:43] <plutobot> Wiki | Page changed: NS Services | User: Hexkyz | https://switchbrew.org/w/index.php?curid=89&diff=11166&oldid=11164
[20:28:34] <plutobot> Wiki | Page changed: NS Services | User: Hexkyz | https://switchbrew.org/w/index.php?curid=89&diff=11167&oldid=11166
[21:39:18] *** Joins: refs
