[02:20:52] *** Quits: refs (Quit: refs)
[02:59:07] *** Joins: zombie343
[04:51:26] <plutobot> Wiki | Page changed: System Version Title | User: Zachycatgames | https://switchbrew.org/w/index.php?curid=116&diff=11168&oldid=11124
[05:11:08] <plutobot> Wiki | Page changed: Boot2 | User: Zachycatgames | https://switchbrew.org/w/index.php?curid=146&diff=11169&oldid=11073
[05:26:16] <plutobot> Wiki | Page changed: Boot2 | User: Zachycatgames | https://switchbrew.org/w/index.php?curid=146&diff=11170&oldid=11169
[06:03:49] <plutobot> Wiki | Page changed: 13.0.0 | User: yls8 | https://switchbrew.org/w/index.php?curid=439&diff=11171&oldid=11134
[07:02:55] *** Quits: fgsfds (Quit: Leaving)
[07:36:24] <plutobot> Wiki | Page changed: HID services | User: yls8 | https://switchbrew.org/w/index.php?curid=103&diff=11172&oldid=11144
[08:08:58] <plutobot> GitHub | New commit | User: yellows | https://github.com/switchbrew/libnx/commit/4ac3b0cec5
[08:18:47] <plutobot> Wiki | Page changed: 13.0.0 | User: SciresM | https://switchbrew.org/w/index.php?curid=439&diff=11173&oldid=11171
[11:52:46] *** Joins: lilibox
[11:53:32] <lilibox> hi, yellows8, thank you for fixing simplegfx source code :)
[12:36:00] *** Quits: Maylay (Quit: Pipe Terminated)
[12:49:06] *** Joins: Maylay
[15:20:40] *** Quits: lilibox (Remote host closed the connection)
[15:30:42] *** Joins: fgsfds
[16:25:17] *** Quits: Maylay (Quit: Pipe Terminated)
[16:37:16] *** Joins: Maylay
[17:12:18] *** Quits: zini (Quit: -->)
[17:16:43] *** Joins: zini
[17:23:27] <plutobot> GitHub | New commit | User: yellows | https://github.com/switchbrew/libnx/commit/8e93933157
[17:48:19] <plutobot> GitHub | New commit | User: yellows | https://github.com/switchbrew/libnx/commit/4ac0a9ffdc
[18:42:16] <plutobot> GitHub | New commit | User: yellows | https://github.com/switchbrew/switch-examples/commit/950e99a1ab
[21:32:23] <plutobot> Wiki | Page changed: Settings services | User: yls8 | https://switchbrew.org/w/index.php?curid=110&diff=11174&oldid=11141
[22:09:18] <plutobot> GitHub | New commit | User: yellows | https://github.com/switchbrew/libnx/commit/0a64ff5af0
[22:09:24] *** Quits: fgsfds (Quit: Leaving)
[22:41:35] *** Quits: eggster (Quit: Got Milk? Don't ask.)
[22:46:14] *** Joins: fgsfds
