[00:15:25] <plutobot> Wiki | Page changed: Account services | User: Hexkyz | https://switchbrew.org/w/index.php?curid=86&diff=11186&oldid=11185
[00:21:14] *** Quits: rjeli____ (Ping timeout: 1230 seconds)
[00:21:27] *** Joins: rjeli____
[00:44:49] *** Quits: n87 (Read error: Connection reset by peer)
[00:58:49] <plutobot> Wiki | Page changed: BTM services | User: yls8 | https://switchbrew.org/w/index.php?curid=306&diff=11187&oldid=11130
[01:13:36] *** Joins: derk0pf
[01:20:54] *** Quits: derk0pf (Read error: Operation timed out)
[02:11:29] *** Quits: rjeli____ (Ping timeout: 1230 seconds)
[02:11:42] *** Joins: rjeli____
[02:36:20] *** Joins: changO-
[02:46:29] *** Quits: changoXPR (Ping timeout: 745 seconds)
[02:47:46] <plutobot> Wiki | Page changed: BTM services | User: yls8 | https://switchbrew.org/w/index.php?curid=306&diff=11188&oldid=11187
[03:06:09] <plutobot> Wiki | Page changed: BTM services | User: yls8 | https://switchbrew.org/w/index.php?curid=306&diff=11189&oldid=11188
[03:14:16] *** Joins: derk0pf
[03:41:54] *** Quits: rjeli____ (Ping timeout: 1230 seconds)
[03:42:07] *** Joins: rjeli____
[03:48:28] *** Quits: derk0pf (Ping timeout: 252 seconds)
[05:24:18] *** Joins: derk0pf
[05:29:20] *** Quits: derk0pf (Ping timeout: 265 seconds)
[06:56:12] *** Quits: phigcloud (Ping timeout: 252 seconds)
[08:05:47] *** Quits: fgsfds (Read error: Connection reset by peer)
[09:11:44] *** Quits: d3m3vilur (Read error: Operation timed out)
[09:11:50] *** Joins: d3m3vilur
[09:34:30] *** Quits: |Shadow| (Ping timeout: 240 seconds)
[09:43:50] *** Joins: n87
[09:48:05] *** Joins: |Shadow|
[11:05:39] *** Quits: balrog (Read error: Operation timed out)
[11:06:12] *** Joins: balrog
[11:13:26] *** Quits: j0hny5 (Read error: Connection reset by peer)
[11:14:02] *** Joins: j0hny5
[13:10:56] *** Joins: phigcloud
[13:29:41] *** Joins: refs
[14:10:59] *** Quits: refs (Ping timeout: 186 seconds)
[14:33:21] *** Quits: n87 (Read error: Connection reset by peer)
[16:49:28] *** Joins: fgsfds
[19:30:27] <plutobot> Wiki | Page changed: Account services | User: Hexkyz | https://switchbrew.org/w/index.php?curid=86&diff=11190&oldid=11186
[19:45:00] *** Quits: Sentry- (Quit: left EFNet)
[19:46:49] *** Joins: Snetry
[20:01:27] *** Joins: n87
[20:01:29] *** Quits: Snetry (Quit: left EFNet)
[20:09:31] *** Joins: Snetry
[20:21:50] *** Joins: Sentry-
[20:23:06] *** Quits: Snetry (Read error: Connection refused)
[21:58:40] *** Joins: Lightswo-
[21:58:40] *** Quits: Lightswor (Read error: Connection reset by peer)
[21:58:46] *** Lightswo- is now known as Lightswor
[22:15:01] <plutobot> GitHub | New commit | User: yellows | https://github.com/switchbrew/libnx/commit/0cc2da720c
[22:43:11] *** Quits: balrog (Bye)
[22:46:16] *** Joins: balrog
