[00:38:16] *** Quits: n87 (Read error: Connection reset by peer)
[00:41:41] *** Joins: changoXPR
[00:46:03] *** Quits: changO- (Read error: Operation timed out)
[04:36:19] *** Quits: fgsfds (Leaving)
[06:42:27] *** Quits: Retr0id (Read error: Connection reset by peer)
[06:47:26] *** Joins: Retr0id
[13:22:51] *** Quits: m4ts_ (Ping timeout: 265 seconds)
[13:23:36] *** Joins: m4ts
[14:12:55] *** Joins: n87
[15:07:18] *** Joins: zini-
[15:07:18] *** Quits: zini (Read error: Connection reset by peer)
[17:01:29] *** Joins: fgsfds
[17:03:48] *** Quits: n87 (Read error: Connection reset by peer)
[17:58:39] *** Quits: Maylay (Quit: Pipe Terminated)
[18:07:03] *** Joins: Maylay
[19:37:41] *** Quits: fgsfds (Quit: Leaving)
[19:39:53] *** Joins: fgsfds
[20:19:04] *** Quits: Sentry- (Read error: Connection refused)
[20:20:27] *** Joins: Snetry
[20:29:51] *** Quits: Snetry (Read error: Operation timed out)
[20:31:40] *** Joins: Snetry
[20:56:26] <plutobot> Wiki | Page changed: Bus services | User: Hexkyz | https://switchbrew.org/w/index.php?curid=152&diff=11191&oldid=11010
[21:18:36] *** Quits: Whovian93 (Remote host closed the connection)
[21:30:21] *** Joins: n87
[21:37:47] *** Joins: refs
[21:41:12] *** Joins: Whovian93
[22:58:19] *** Quits: oldtopman (Read error: Operation timed out)
[23:13:46] *** Joins: oldtopman
