[00:03:27] *** Quits: n87 (Read error: Connection reset by peer)
[00:15:01] *** Quits: Phils3r (Quit: ZNC - https://znc.in)
[00:15:09] *** Joins: Phils3r
[02:55:38] *** Quits: refs (Quit: refs)
[04:01:09] *** Quits: sh0e (Ping timeout: 311 seconds)
[04:07:50] *** Quits: fincs (Ping timeout: 323 seconds)
[04:08:21] *** Joins: fincs
[04:08:23] *** Joins: changO-
[04:11:50] *** Quits: changoXPR (Read error: Operation timed out)
[04:12:02] *** Joins: sh0e
[05:07:26] *** Quits: fgsfds (Read error: Connection reset by peer)
[06:50:15] *** Quits: |Shadow| ()
[06:59:20] *** Joins: |Shadow|
[10:07:51] *** Joins: uyjulian_
[10:16:44] *** Quits: uyjulian (Ping timeout: 745 seconds)
[10:16:48] *** uyjulian_ is now known as uyjulian
[15:02:30] *** Joins: n87
[19:24:43] *** Joins: fgsfds
[19:41:40] *** Quits: n87 (Read error: Connection reset by peer)
[21:02:13] *** Joins: Whovian9-
[21:02:13] *** Quits: Whovian93 (Read error: Connection reset by peer)
[21:07:22] *** Joins: dibas_
[21:07:22] *** Quits: dibas (Read error: Connection reset by peer)
[21:07:22] *** Quits: omlet05 (Read error: Connection reset by peer)
[21:07:25] *** dibas_ is now known as dibas
[21:08:42] *** Quits: Snetry (Read error: Operation timed out)
[21:09:01] *** Joins: omlet05
[21:12:51] *** Joins: Snetry
[21:14:45] *** Quits: eggster (Ping timeout: 745 seconds)
[21:15:32] *** Joins: eggster
[21:17:31] *** Joins: n87
[22:00:22] *** Joins: refs
[23:03:11] *** Quits: WntrMute (Ping timeout: 265 seconds)
[23:03:24] *** Joins: WntrMute
[23:03:40] *** yls8bot sets mode: +o WntrMute
[23:04:09] *** Quits: fincs (Ping timeout: 265 seconds)
[23:04:30] *** Joins: fincs
[23:04:30] *** WntrMute sets mode: +o fincs
[23:13:16] *** Quits: sh0e (Read error: Connection reset by peer)
[23:19:03] *** Joins: sh0e
[23:35:19] *** Quits: n87 (Read error: Connection reset by peer)
