[01:06:39] *** Joins: dibas_
[01:06:39] *** Quits: dibas (Read error: Connection reset by peer)
[01:06:42] *** dibas_ is now known as dibas
[01:12:10] *** Quits: hexkyz (Ping timeout: 745 seconds)
[02:45:00] *** Quits: fgsfds (Read error: Connection reset by peer)
[02:45:56] *** Joins: fgsfds
[02:48:37] *** Quits: refs (Quit: refs)
[03:50:41] *** Quits: fgsfds (Quit: Leaving)
[10:24:33] *** Quits: lameboy (Quit: Astalabyebye...)
[10:44:21] *** Joins: lameboy
[11:11:12] *** Quits: Lightswor (Read error: Connection reset by peer)
[11:13:24] *** Joins: Lightswor
[12:33:29] *** Quits: Lightswor (Read error: Connection reset by peer)
[12:33:48] *** Joins: Lightswor
[13:06:09] *** Quits: changO- (Read error: Connection reset by peer)
[14:31:32] *** Joins: n87
[14:44:07] *** Quits: n87 (Read error: Connection reset by peer)
[14:48:01] *** Joins: n87
[14:50:07] <plutobot> GitHub | New PR: hiddbg fix Is... | User: p-sam | https://github.com/switchbrew/libnx/pull/575
[16:15:18] *** Joins: fgsfds
[17:21:01] *** Joins: hexkyz
[17:32:42] <plutobot> GitHub | New commit | User: p-sam | https://github.com/switchbrew/libnx/commit/b35d42faaa
[17:33:55] *** Quits: hexkyz (Ping timeout: 745 seconds)
[19:10:33] *** Quits: GerbilSof (Quit: Windows must now restart because the Remote Procedure Call (RPC) service terminated unexpectedly.)
[19:10:52] *** Joins: GerbilSof
[20:22:31] <plutobot> Wiki | Page changed: HID services | User: Hexkyz | https://switchbrew.org/w/index.php?curid=103&diff=11192&oldid=11172
[20:32:02] *** Joins: changO-
[21:12:49] *** Joins: refs
[22:12:12] <plutobot> GitHub | New PR: btm update Ge... | User: ndeadly | https://github.com/switchbrew/libnx/pull/576
[22:38:30] *** Quits: n87 (Read error: Connection reset by peer)
