[00:06:50] *** Quits: fgsfds (Ping timeout: 265 seconds)
[02:51:49] *** Quits: refs (Quit: refs)
[06:02:32] *** Joins: lameboy2
[06:02:35] *** Quits: zini- (Read error: Connection reset by peer)
[06:02:46] *** Joins: zini
[06:09:49] *** Quits: lameboy (Read error: Operation timed out)
[06:09:53] *** lameboy2 is now known as lameboy
[06:14:34] *** Joins: GrecKo_
[06:14:34] *** Quits: GrecKo (Read error: Connection reset by peer)
[06:20:27] *** Quits: j0hny5 (Read error: Operation timed out)
[06:22:34] *** Joins: j0hny5
[10:07:43] *** Joins: changoXPR
[10:13:34] *** Quits: changO- (Read error: Operation timed out)
[14:16:49] *** Joins: klockee
[14:17:00] *** Joins: zini-
[14:18:22] *** Quits: klock (Remote host closed the connection)
[14:18:22] *** Quits: uyjulian (Quit: ZNC - http://znc.in)
[14:18:37] *** Quits: zini (Write error: Connection reset by peer)
[14:18:37] *** Quits: Phils3r (Write error: Broken pipe)
[14:18:37] *** Quits: dibas (Write error: Connection reset by peer)
[14:18:37] *** Quits: flotwig (Quit: ZNC - http://znc.in)
[14:18:37] *** Quits: gruetzkop (Read error: Connection reset by peer)
[14:18:37] *** Quits: Extrems (Read error: Connection reset by peer)
[14:18:49] *** Joins: flotwig
[14:18:58] *** Joins: dibas
[14:18:59] *** Quits: mid-kid (Read error: Connection reset by peer)
[14:19:01] *** Joins: uyjulian
[14:19:04] *** Joins: derrek_
[14:19:06] *** Joins: mid-kid
[14:19:12] *** Joins: Phils3r
[14:19:54] *** Joins: Extrems
[14:19:54] *** Joins: Whovian93
[14:19:58] *** Joins: pieman_
[14:22:05] *** Joins: gruetzkop
[14:27:32] *** Quits: Whovian9- (Ping timeout: 785 seconds)
[14:38:00] *** Quits: gruetzkop (se.hub efnet.port80.se)
[14:38:00] *** Quits: Whovian93 (se.hub efnet.port80.se)
[14:38:00] *** Quits: Phils3r (se.hub efnet.port80.se)
[14:38:00] *** Quits: mid-kid (se.hub efnet.port80.se)
[14:38:00] *** Quits: derrek_ (se.hub efnet.port80.se)
[14:38:00] *** Quits: uyjulian (se.hub efnet.port80.se)
[14:38:00] *** Quits: dibas (se.hub efnet.port80.se)
[14:38:00] *** Quits: phigcloud (se.hub efnet.port80.se)
[14:38:00] *** Quits: rjeli____ (se.hub efnet.port80.se)
[14:38:00] *** Quits: derrek (se.hub efnet.port80.se)
[14:38:00] *** Quits: pieman (se.hub efnet.port80.se)
[14:38:00] *** Quits: Genolo (se.hub efnet.port80.se)
[14:38:00] *** Quits: mtheall_ (se.hub efnet.port80.se)
[14:38:00] *** Quits: Normmatt (se.hub efnet.port80.se)
[14:38:00] *** Quits: Shiz (se.hub efnet.port80.se)
[14:39:06] *** Joins: Genolol
[14:40:06] *** Joins: mtheall
[14:44:54] *** Joins: Normmatt_
[14:45:04] *** Joins: Shiz__
[14:51:20] *** Joins: mid-kid
[14:51:20] *** Joins: derrek
[14:51:20] *** Joins: rjeli____
[14:51:20] *** Joins: Whovian93
[14:51:20] *** Joins: dibas
[14:51:20] *** Joins: gruetzkop
[14:51:20] *** Joins: uyjulian
[14:52:50] *** Joins: phigcloud
[14:53:35] *** Genolol is now known as Genolo
[14:53:53] *** Normmatt_ is now known as Normmatt
[14:58:25] *** Quits: phigcloud (se.hub efnet.port80.se)
[14:58:25] *** Quits: mid-kid (se.hub efnet.port80.se)
[14:58:25] *** Quits: derrek (se.hub efnet.port80.se)
[14:58:25] *** Quits: rjeli____ (se.hub efnet.port80.se)
[14:58:25] *** Quits: Whovian93 (se.hub efnet.port80.se)
[14:58:25] *** Quits: dibas (se.hub efnet.port80.se)
[14:58:25] *** Quits: uyjulian (se.hub efnet.port80.se)
[14:58:25] *** Quits: gruetzkop (se.hub efnet.port80.se)
[15:00:21] *** Joins: mid-kid
[15:00:21] *** Joins: derrek
[15:00:21] *** Joins: rjeli____
[15:00:21] *** Joins: Whovian93
[15:00:21] *** Joins: dibas
[15:00:21] *** Joins: gruetzkop
[15:00:21] *** Joins: uyjulian
[15:03:42] *** Joins: phigcloud
[15:36:26] *** Joins: fgsfds
[17:08:37] *** Joins: changO-
[17:13:29] *** Quits: changoXPR (Read error: Operation timed out)
[17:24:38] *** Joins: changoXPR
[17:27:45] *** Quits: changO- (Read error: Operation timed out)
[20:00:24] *** Joins: n87
[22:02:59] *** Joins: refs
[22:34:42] *** Quits: Retr0id (Read error: Connection reset by peer)
[22:35:13] *** Joins: Retr0id
[22:39:18] *** Quits: changoXPR (Read error: Connection reset by peer)
[22:42:48] *** Joins: changO-
[22:44:24] *** Joins: changoXPR
[22:51:30] *** Quits: changO- (Ping timeout: 496 seconds)
[23:01:06] *** Quits: n87 (Read error: Connection reset by peer)
[23:55:19] *** Joins: changO-
[23:55:49] *** Quits: changoXPR (Read error: Operation timed out)
