[03:22:49] *** Quits: refs (Quit: refs)
[03:33:36] *** Quits: flotwig (Read error: Operation timed out)
[03:36:59] *** Quits: ihaveamac (Read error: Operation timed out)
[03:38:33] *** Quits: omlet05 (Read error: Operation timed out)
[03:38:33] *** Quits: RaYmAn (Read error: Operation timed out)
[03:38:33] *** Quits: nrq (Read error: Operation timed out)
[03:39:37] *** Joins: nrq
[03:39:37] *** Joins: omlet05
[03:45:43] *** Quits: averne (quit)
[03:46:01] *** Joins: averne_
[03:46:01] *** Server sets mode: +stn 
[03:46:02] *** Quits: averne (Read error: Connection reset by peer)
[03:46:02] *** averne_ is now known as averne
[03:48:29] *** Joins: flotwig
[03:48:53] *** Quits: eggster (Excess Flood)
[03:48:57] *** Joins: eggster
[04:10:56] *** Quits: fgsfds (Quit: Leaving)
[04:32:25] *** Joins: ihaveamac
[07:05:06] *** Joins: changoXPR
[07:05:46] *** Joins: flotwig_
[07:07:42] *** Quits: changO- (Read error: Operation timed out)
[07:10:36] *** Quits: flotwig (se.hub efnet.port80.se)
[07:10:37] *** Quits: phigcloud (se.hub efnet.port80.se)
[07:10:37] *** Quits: mid-kid (se.hub efnet.port80.se)
[07:10:37] *** Quits: derrek (se.hub efnet.port80.se)
[07:10:37] *** Quits: rjeli____ (se.hub efnet.port80.se)
[07:10:37] *** Quits: Whovian93 (se.hub efnet.port80.se)
[07:10:37] *** Quits: dibas (se.hub efnet.port80.se)
[07:10:37] *** Quits: uyjulian (se.hub efnet.port80.se)
[07:10:37] *** Quits: gruetzkop (se.hub efnet.port80.se)
[07:25:46] *** flotwig_ is now known as flotwig
[07:28:07] *** Quits: zini- (Ping timeout: 268 seconds)
[07:30:05] *** Joins: zini
[07:31:04] *** Joins: gruetzkop
[07:31:05] *** Joins: phigcloud
[07:31:05] *** Joins: Whovian93
[07:31:05] *** Joins: derrek
[07:31:05] *** Joins: uyjulian
[07:31:05] *** Joins: Phils3r
[07:31:05] *** Joins: rjeli____
[07:31:05] *** Joins: mid-kid
[07:31:05] *** Joins: dibas
[07:31:07] *** Quits: mtheall (Read error: Operation timed out)
[07:31:21] *** Joins: mtheall
[07:31:41] *** Quits: pieman_ (Read error: Operation timed out)
[07:32:33] *** Quits: WntrMute (Ping timeout: 265 seconds)
[07:33:09] *** Joins: pieman_
[07:33:31] *** Quits: sh0e (Ping timeout: 265 seconds)
[07:33:32] *** Quits: fincs (Ping timeout: 265 seconds)
[07:34:58] *** Quits: changoXPR (Ping timeout: 501 seconds)
[07:36:43] *** Quits: gruetzkop (se.hub efnet.port80.se)
[07:36:44] *** Quits: phigcloud (se.hub efnet.port80.se)
[07:36:44] *** Quits: derrek (se.hub efnet.port80.se)
[07:36:44] *** Quits: Whovian93 (se.hub efnet.port80.se)
[07:36:44] *** Quits: Phils3r (se.hub efnet.port80.se)
[07:36:44] *** Quits: uyjulian (se.hub efnet.port80.se)
[07:36:44] *** Quits: mid-kid (se.hub efnet.port80.se)
[07:36:44] *** Quits: rjeli____ (se.hub efnet.port80.se)
[07:36:44] *** Quits: dibas (se.hub efnet.port80.se)
[07:38:14] *** Joins: changO-
[07:40:26] *** Joins: WntrMute
[07:40:35] *** yls8bot sets mode: +o WntrMute
[07:41:49] *** Joins: gruetzkop
[07:41:50] *** Joins: phigcloud
[07:41:50] *** Joins: Whovian93
[07:41:50] *** Joins: derrek
[07:41:50] *** Joins: uyjulian
[07:41:50] *** Joins: Phils3r
[07:41:50] *** Joins: rjeli____
[07:41:50] *** Joins: mid-kid
[07:41:50] *** Joins: dibas
[07:43:03] *** Joins: fincs
[07:43:04] *** WntrMute sets mode: +o fincs
[07:43:06] *** Joins: sh0e
[08:01:23] *** Joins: dibas_
[08:01:24] *** Quits: dibas (Read error: Connection reset by peer)
[08:01:27] *** dibas_ is now known as dibas
[08:18:09] *** Quits: dibas (se.hub efnet.port80.se)
[08:18:10] *** Quits: gruetzkop (se.hub efnet.port80.se)
[08:18:10] *** Quits: phigcloud (se.hub efnet.port80.se)
[08:18:10] *** Quits: derrek (se.hub efnet.port80.se)
[08:18:10] *** Quits: Whovian93 (se.hub efnet.port80.se)
[08:18:10] *** Quits: Phils3r (se.hub efnet.port80.se)
[08:18:10] *** Quits: uyjulian (se.hub efnet.port80.se)
[08:18:10] *** Quits: mid-kid (se.hub efnet.port80.se)
[08:18:10] *** Quits: rjeli____ (se.hub efnet.port80.se)
[08:18:36] *** Joins: lameboy2
[08:19:42] *** Quits: |Shadow| (Ping timeout: 240 seconds)
[08:19:49] *** Joins: eggy
[08:21:07] *** Joins: nrq_
[08:22:01] *** Quits: eggster (ny.us.hub irc.Prison.NET)
[08:22:02] *** Quits: nrq (ny.us.hub irc.Prison.NET)
[08:22:02] *** Quits: lameboy (ny.us.hub irc.Prison.NET)
[08:25:57] *** Joins: mid-kid
[08:25:58] *** Joins: dibas
[08:25:58] *** Joins: Phils3r
[08:25:58] *** Joins: Whovian9-
[08:25:58] *** Joins: gruetzko-
[08:25:58] *** Joins: derrek
[08:25:58] *** Joins: uyjulian
[08:25:58] *** Joins: rjeli____
[08:29:00] *** Quits: rjeli____ (Ping timeout: 1228 seconds)
[08:29:36] *** Joins: rjeli____
[08:37:07] *** lameboy2 is now known as lameboy
[08:38:34] *** Joins: phigcloud
[08:45:54] *** Quits: ihaveamac (Read error: Connection reset by peer)
[08:46:36] *** Quits: Extrems (Read error: Operation timed out)
[08:46:39] *** Joins: Extrems
[08:47:38] *** Joins: lameboy2
[08:50:26] *** Quits: Phils3r (Write error: Connection reset by peer)
[08:50:26] *** Joins: Phils3r
[08:50:30] *** Quits: lameboy (Read error: Operation timed out)
[08:50:32] *** lameboy2 is now known as lameboy
[08:52:58] *** Joins: |Shadow|
[08:53:09] *** Quits: Phils3r (Client Quit)
[08:53:10] *** Quits: dibas (Write error: Connection reset by peer)
[08:53:10] *** Joins: Phils3r
[08:53:37] *** Quits: gruetzko- (Read error: Connection reset by peer)
[08:53:38] *** Quits: derrek (Quit: This should have not happened.)
[08:53:38] *** Quits: Whovian9- (Quit: And I'm gone.)
[08:53:38] *** Quits: uyjulian (Quit: ZNC - http://znc.in)
[08:53:38] *** Quits: mid-kid (Remote host closed the connection)
[08:53:38] *** Joins: dibas
[08:57:22] *** Joins: gruetzkop
[08:58:13] *** Joins: dibas_
[08:58:34] *** Joins: uyjulian
[09:00:37] *** Joins: Whovian93
[09:06:34] *** Quits: Phils3r (Quit: ZNC - https://znc.in)
[09:06:35] *** Quits: dibas_ (Write error: Connection reset by peer)
[09:06:35] *** Joins: dibas_
[09:06:42] *** Quits: uyjulian (Quit: ZNC - http://znc.in)
[09:06:43] *** Quits: Whovian93 (Quit: And I'm gone.)
[09:06:43] *** Joins: Phils3r
[09:06:48] *** Joins: uyjulian
[09:06:54] *** Quits: dibas (Ping timeout: 815 seconds)
[09:06:57] *** dibas_ is now known as dibas
[09:07:33] *** Joins: Whovian93
[09:08:55] *** Joins: derrek
[09:22:12] *** Quits: derrek (se.hub efnet.port80.se)
[09:22:13] *** Quits: Whovian93 (se.hub efnet.port80.se)
[09:22:13] *** Quits: uyjulian (se.hub efnet.port80.se)
[09:22:13] *** Quits: Phils3r (se.hub efnet.port80.se)
[09:22:13] *** Quits: dibas (se.hub efnet.port80.se)
[09:22:13] *** Quits: rjeli____ (se.hub efnet.port80.se)
[09:51:26] *** Joins: ihaveamac
[09:52:22] *** Joins: Phils3r
[09:52:23] *** Joins: dibas
[09:52:23] *** Joins: rjeli____
[09:52:23] *** Joins: Whovian93
[09:52:26] *** Joins: uyjulian
[09:52:55] *** Joins: derrek
[09:57:00] *** Joins: mid-kid
[12:50:06] *** Joins: RaYmAn
[13:19:08] *** Quits: RaYmAn (Quit: leaving)
[13:39:31] *** Joins: fgsfds
[14:40:49] *** Joins: figgis_
[14:46:42] *** Quits: fgsfds (Ping timeout: 496 seconds)
[15:04:50] *** Quits: figgis_ (Quit: Leaving)
[17:17:09] *** Quits: giglife (Ping timeout: 265 seconds)
[17:17:58] *** Joins: giglife
[17:35:14] <plutobot> GitHub | New commit | User: ndeadly | https://github.com/switchbrew/libnx/commit/bf2e48e22a
[18:13:13] <plutobot> GitHub | New commit | User: yellows | https://github.com/switchbrew/libnx/commit/8db41edc43
[19:06:31] *** Joins: fgsfds
[20:41:15] *** Joins: n87
[21:02:45] *** Joins: Richter
[21:04:42] <Richter> It says no promoting pirate sites, so I guess I'm in the wrong place. Do you think you can point me to somewhere I might find a rom for the new Deltarune Part 2 update? It's free but I can't download it because of my homebrew, had to set it so it wouldn't connect to Nintendo servers. Sorry if this is an inappropriate question, just tell me to leave if that's the case
[22:01:27] *** Quits: n87 (Read error: Connection reset by peer)
[23:13:24] <plutobot> GitHub | New commit | User: ndeadly | https://github.com/switchbrew/libnx/commit/b5714296d6
