[00:56:01] *** Joins: Phils3r_
[00:57:47] *** Joins: mid-kid1
[01:01:15] *** Quits: Phils3r (Ping timeout: 615 seconds)
[01:02:59] *** Quits: mid-kid (Ping timeout: 745 seconds)
[01:05:54] *** Quits: rjeli____ (Ping timeout: 1230 seconds)
[01:10:22] *** Joins: rjeli____
[01:31:34] *** Quits: rjeli____ (Ping timeout: 1230 seconds)
[01:32:55] *** Joins: rjeli____
[01:34:41] *** Quits: rjeli____ (Read error: Connection reset by peer)
[01:56:45] <Retr0id> Richter, I'm so confused, why would you acknowledge your question is against the rules and then proceed to ask it anyway?
[02:24:02] *** Joins: Richter_
[02:31:37] *** Quits: Richter (Read error: Operation timed out)
[02:34:13] *** Joins: rjeli____
[03:01:18] *** Quits: fgsfds (Ping timeout: 265 seconds)
[03:35:19] *** Joins: fgsfds
[03:40:52] *** Joins: refs
[03:47:19] *** Quits: rjeli____ (Read error: Connection reset by peer)
[03:53:21] *** Joins: rjeli____
[03:53:43] *** Quits: rjeli____ (Read error: Connection reset by peer)
[03:58:38] *** Joins: figgis_
[04:00:10] *** Joins: rjeli____
[04:00:57] *** Quits: fgsfds (Ping timeout: 265 seconds)
[04:04:51] *** Quits: rjeli____ (Read error: Connection reset by peer)
[04:35:21] *** Joins: rjeli____
[05:15:58] *** Quits: GerbilSof (Read error: Operation timed out)
[05:26:38] *** Quits: refs (Quit: refs)
[07:13:41] *** Quits: figgis_ (Quit: Leaving)
[07:24:19] *** Joins: mtheall_
[07:24:19] *** Quits: mtheall (Read error: Connection reset by peer)
[07:26:25] *** Joins: nrq
[07:28:47] *** Quits: nrq_ (Read error: Operation timed out)
[07:33:09] *** Quits: Richter_ (Leaving)
[07:45:12] *** Quits: phigcloud (Ping timeout: 615 seconds)
[07:45:24] *** Joins: phigcloud
[08:56:58] *** Quits: oldtopman (Ping timeout: 252 seconds)
[09:01:44] *** Quits: pieman_ (Ping timeout: 252 seconds)
[09:01:44] *** Quits: averne (quit)
[09:01:57] *** Joins: averne
[09:01:57] *** Server sets mode: +stn 
[09:03:34] *** Joins: pieman_
[09:11:51] *** Joins: oldtopman
[09:33:00] *** Quits: CCFL_Man (Ping timeout: 265 seconds)
[13:36:03] *** Joins: refs
[14:07:17] *** Joins: pieman__
[14:09:48] *** Quits: pieman_ (se.hub efnet.port80.se)
[14:09:48] *** Quits: nrq (se.hub efnet.port80.se)
[14:09:48] *** Quits: rjeli____ (se.hub efnet.port80.se)
[14:09:48] *** Quits: mid-kid1 (se.hub efnet.port80.se)
[14:09:48] *** Quits: Phils3r_ (se.hub efnet.port80.se)
[14:09:48] *** Quits: derrek (se.hub efnet.port80.se)
[14:09:48] *** Quits: uyjulian (se.hub efnet.port80.se)
[14:09:48] *** Quits: dibas (se.hub efnet.port80.se)
[14:09:48] *** Quits: Whovian93 (se.hub efnet.port80.se)
[14:11:45] *** Joins: nrq_
[14:13:56] *** Joins: Whovian93
[14:13:56] *** Joins: uyjulian
[14:13:56] *** Joins: dibas
[14:13:56] *** Joins: Phils3r
[14:16:36] *** Joins: mid-kid1
[14:17:54] *** Joins: derrek
[14:18:52] *** Joins: rjeli____
[14:19:08] *** Quits: rjeli____ (Read error: Connection timed out)
[14:20:05] *** Joins: rjeli____
[16:33:47] *** Quits: ihaveamac (Quit: fail)
[16:35:38] *** Joins: ihaveamac
[16:36:34] *** Quits: oldtopman (Ping timeout: 496 seconds)
[16:36:47] *** Joins: oldtopman
[16:43:00] *** Quits: ihaveamac (Quit: fail)
[16:44:54] *** Joins: ihaveamac
[16:53:38] *** Quits: ihaveamac (Ping timeout: 496 seconds)
[16:55:34] *** Joins: fgsfds
[16:56:38] <plutobot> Wiki | Page changed: BTM services | User: yls8 | https://switchbrew.org/w/index.php?curid=306&diff=11193&oldid=11189
[17:13:47] <plutobot> GitHub | New commit | User: yellows | https://github.com/switchbrew/libnx/commit/c6dcbdfffb
[17:47:34] *** Joins: ihaveamac
[17:48:02] <plutobot> Wiki | Page changed: HID services | User: Hexkyz | https://switchbrew.org/w/index.php?curid=103&diff=11194&oldid=11192
[17:48:33] <plutobot> Wiki | Page changed: Product Information | User: Hexkyz | https://switchbrew.org/w/index.php?curid=384&diff=11195&oldid=11101
[19:19:01] *** Joins: CCFL_Man
