[00:40:40] <plutobot> Wiki | Page changed: NS Services | User: Shchmue | https://switchbrew.org/w/index.php?curid=89&diff=11196&oldid=11184
[00:55:03] *** Snetry is now known as Sentry
[03:38:10] *** Quits: Surkow (Remote host closed the connection)
[03:38:52] *** Joins: Surkow
[04:44:54] *** Quits: rjeli____ (Read error: Connection reset by peer)
[05:04:48] *** Joins: rjeli____
[05:05:02] *** Quits: rjeli____ (Read error: Connection reset by peer)
[05:11:08] *** Quits: refs (Quit: refs)
[05:12:46] *** Joins: rjeli____
[07:25:58] *** Quits: fgsfds (Read error: Connection reset by peer)
[08:41:37] *** Quits: fincs (Ping timeout: 265 seconds)
[08:41:41] *** Quits: WntrMute (Ping timeout: 265 seconds)
[08:41:51] *** Joins: fincs
[08:42:00] *** yls8bot sets mode: +o fincs
[08:43:04] *** Quits: thomasnet (Ping timeout: 265 seconds)
[08:44:02] *** Quits: plutobot (Ping timeout: 265 seconds)
[08:44:14] *** Joins: plutobot
[08:44:30] *** Joins: WntrMute
[08:44:34] *** fincs sets mode: +o WntrMute
[09:02:52] *** Joins: thomasnet
[18:46:55] *** Joins: refs
[18:55:50] *** Joins: fgsfds
[20:18:53] *** Joins: n87
[22:07:34] <plutobot> Wiki | Page changed: EMMC pinout | User: ColeJByrne | https://switchbrew.org/w/index.php?curid=60&diff=11197&oldid=11099
[22:09:45] *** Quits: n87 (Read error: Connection reset by peer)
[22:17:40] *** Joins: oreo639
[23:15:31] <plutobot> Wiki | Page changed: EMMC pinout | User: Fincs | https://switchbrew.org/w/index.php?curid=60&diff=11198&oldid=11197
