[00:11:56] *** Quits: oreo639 (Read error: Connection reset by peer)
[04:22:11] *** Joins: Snetry
[04:22:24] *** Quits: Sentry (Read error: Connection refused)
[04:22:24] *** Snetry is now known as Sentry
[04:26:18] *** Quits: Sentry (Read error: Connection refused)
[04:29:53] *** Joins: Snetry
[04:41:57] *** Quits: Snetry (Read error: Connection refused)
[04:43:07] *** Joins: Snetry
[05:04:35] *** Joins: figgis_
[05:07:14] *** Quits: fgsfds (Ping timeout: 376 seconds)
[05:23:26] *** Quits: refs (Quit: refs)
[05:37:54] *** Quits: figgis_ (Quit: Leaving)
[13:21:32] *** Joins: m4ts_
[13:22:46] *** Quits: m4ts (Ping timeout: 265 seconds)
[17:31:56] <plutobot> Wiki | Page changed: Switch System Flaws | User: yls8 | https://switchbrew.org/w/index.php?curid=14&diff=11199&oldid=11028
[18:13:19] <plutobot> Wiki | Page changed: Product Information | User: CapNem | https://switchbrew.org/w/index.php?curid=384&diff=11200&oldid=11195
[18:23:28] *** Quits: gruetzkop (Remote host closed the connection)
[18:24:37] *** Joins: gruetzkop
[18:36:28] *** Joins: n87
[19:12:39] *** Joins: n87_2
[19:15:17] *** Joins: n87_3
[19:15:36] *** Quits: n87 (Ping timeout: 265 seconds)
[19:21:55] *** Quits: n87_2 (Read error: Operation timed out)
[19:30:35] *** Joins: n87
[19:36:12] *** Quits: n87_3 (Ping timeout: 615 seconds)
[21:40:55] *** Joins: n87_2
[21:42:03] *** Quits: n87 (Ping timeout: 265 seconds)
[22:02:39] *** Joins: refs
[22:15:44] *** Quits: n87_2 (Read error: Connection reset by peer)
[22:15:56] *** Joins: n87
[22:55:56] *** Quits: n87 (Read error: Connection reset by peer)
