[00:03:01] *** Quits: refs (Read error: Connection reset by peer)
[00:12:53] *** Joins: refs
[00:18:27] *** Quits: refs (Ping timeout: 186 seconds)
[00:21:26] *** Joins: refs`
[00:38:59] *** Joins: fgsfds
[01:10:28] *** Joins: lameboy2
[01:16:05] *** Quits: lameboy (Read error: Operation timed out)
[01:16:08] *** lameboy2 is now known as lameboy
[03:19:43] *** Quits: refs` (Quit: refs`)
[04:57:45] *** Quits: fgsfds (Read error: Connection reset by peer)
[08:13:36] *** Joins: hexkyz
[15:28:40] *** Quits: lameboy (ny.us.hub irc.Prison.NET)
[15:28:40] *** Quits: |Shadow| (ny.us.hub irc.Prison.NET)
[15:30:44] *** Joins: lameboy2
[15:36:28] *** Joins: fgsfds
[15:44:00] *** lameboy2 is now known as lameboy
[16:07:34] *** Joins: |Shadow|
[16:28:19] *** Quits: hexkyz (Ping timeout: 745 seconds)
[16:59:02] *** Quits: |Shadow| (ny.us.hub irc.Prison.NET)
[17:03:17] *** Joins: |Shadow|
[17:04:18] *** Quits: lameboy (Ping timeout: 496 seconds)
[17:06:18] *** Joins: lameboy
[17:47:34] *** Quits: DacoTaco (Read error: Connection reset by peer)
[19:04:08] *** Quits: giglife (Read error: Operation timed out)
[19:04:12] *** Joins: giglife
[19:05:10] *** Quits: balrog (Read error: Connection reset by peer)
[19:05:28] *** Joins: balrog
[19:06:54] *** Joins: omlet05_
[19:06:54] *** Quits: omlet05 (Read error: Connection reset by peer)
[19:20:42] *** Quits: nich (Read error: Operation timed out)
[19:30:35] *** Joins: nichfury
[19:38:29] *** Quits: |Shadow| (ircd.choopa.net irc.Prison.NET)
[20:32:39] *** Joins: |Shadow|
[21:53:27] *** Joins: refs
