[02:08:53] *** Joins: oreo639
[03:14:05] *** Quits: refs (Quit: refs)
[03:48:42] *** Quits: oreo639 (Quit: Quit)
[04:56:21] *** Quits: Surkow (Remote host closed the connection)
[05:39:55] *** Quits: rjeli____ (Ping timeout: 1230 seconds)
[05:40:07] *** Joins: rjeli____
[06:34:05] *** Joins: oreo639
[06:43:44] *** Joins: DacoTaco
[07:06:01] *** Quits: fgsfds (Quit: Leaving)
[08:13:17] *** Joins: Surkow
[08:59:58] *** Quits: giglife (Quit: ZNC - http://znc.in)
[09:00:03] *** Joins: giglife
[12:04:08] *** Quits: oreo639 (Quit: Quit)
[13:15:29] *** Quits: rjeli____ (Ping timeout: 1230 seconds)
[13:21:53] *** Joins: rjeli____
[15:26:57] *** Joins: fgsfds
[18:05:38] *** Joins: n87
[18:25:02] *** Quits: n87 (Ping timeout: 265 seconds)
[18:42:03] *** Joins: n87
[20:34:52] *** Joins: oreo639
[21:07:05] *** Quits: n87 (Read error: Connection reset by peer)
[21:26:21] *** Joins: refs
[21:37:10] *** Quits: changO- (Read error: Operation timed out)
[22:46:04] *** Joins: changO-
[22:55:54] *** Quits: Surkow (Remote host closed the connection)
[23:02:54] *** Joins: Surkow
