[00:14:11] *** Quits: ris2z (Ping timeout: 186 seconds)
[00:22:05] *** Joins: ris2z
[01:50:36] *** Joins: figgis_
[01:51:24] *** Quits: |Shadow| ()
[01:53:02] *** Quits: fgsfds (Ping timeout: 376 seconds)
[01:58:20] *** Joins: fgsfds
[01:58:38] *** Quits: figgis_ (Ping timeout: 376 seconds)
[03:06:35] *** Quits: refs (Quit: refs)
[03:37:21] *** Joins: |Shadow|
[03:56:11] *** Joins: figgis_
[03:59:14] *** Quits: fgsfds (Ping timeout: 265 seconds)
[04:04:38] *** Quits: figgis_ (Read error: Operation timed out)
[04:16:08] *** Quits: oreo639 (Quit: No Ping reply in 180 seconds.)
[04:17:29] *** Joins: oreo639
[04:49:54] *** Quits: changO- (Ping timeout: 496 seconds)
[05:04:21] *** Joins: changO-
[07:21:55] *** Quits: |Shadow| ()
[07:32:18] *** Joins: |Shadow|
[09:18:27] *** Quits: nohit__ (Read error: Operation timed out)
[09:18:40] *** Joins: nohit__
[09:20:38] *** Quits: flagrama_ (Read error: Operation timed out)
[09:22:55] *** Quits: phigcloud (Ping timeout: 493 seconds)
[09:23:48] *** Joins: phigcloud
[09:31:53] *** Joins: changoXPR
[09:36:18] *** Quits: changO- (Ping timeout: 496 seconds)
[09:44:18] *** Quits: changoXPR (ny.us.hub ircd.choopa.net)
[09:44:18] *** Quits: omlet05_ (ny.us.hub ircd.choopa.net)
[09:44:18] *** Quits: ihaveamac (ny.us.hub ircd.choopa.net)
[09:44:18] *** Quits: nichfury (ny.us.hub ircd.choopa.net)
[09:44:18] *** Quits: j0hny5 (ny.us.hub ircd.choopa.net)
[10:02:41] *** Joins: changoXPR
[10:02:42] *** Joins: nichfury
[10:02:42] *** Joins: omlet05_
[10:02:42] *** Joins: ihaveamac
[10:02:42] *** Joins: j0hny5
[10:20:48] *** Quits: oreo639 (Ping timeout: 252 seconds)
[11:54:28] *** Joins: uyjulian_
[11:54:28] *** Quits: uyjulian (Read error: Connection reset by peer)
[11:54:36] *** uyjulian_ is now known as uyjulian
[12:03:31] *** Joins: uyjulian_
[12:03:31] *** Quits: uyjulian (Read error: Connection reset by peer)
[12:03:40] *** uyjulian_ is now known as uyjulian
[12:13:58] *** Quits: uyjulian (Read error: Connection reset by peer)
[12:14:11] *** Joins: uyjulian
[13:14:45] *** Joins: changO-
[13:20:50] *** Quits: changoXPR (Ping timeout: 496 seconds)
[14:10:35] *** Quits: phigcloud (Ping timeout: 1230 seconds)
[14:11:37] *** Joins: phigcloud
[14:31:23] *** Joins: giglife_
[14:32:24] *** Quits: giglife (Ping timeout: 265 seconds)
[14:32:24] *** giglife_ is now known as giglife
[15:23:07] *** Quits: |Shadow| ()
[16:05:07] *** Joins: |Shadow|
[17:30:59] *** Joins: n87
[18:21:01] *** Quits: n87 (Ping timeout: 265 seconds)
[18:41:44] *** Joins: n87
[18:54:15] <plutobot> Wiki | Page changed: Hardware | User: Hexkyz | https://switchbrew.org/w/index.php?curid=51&diff=11201&oldid=9407
[18:58:59] *** Joins: fgsfds
[19:08:05] *** Quits: thejsa (Read error: Operation timed out)
[19:08:23] *** Quits: n87 (Ping timeout: 265 seconds)
[19:08:30] *** Joins: thejsa
[19:13:22] *** Joins: n87
[19:14:36] *** Joins: n87_2
[19:18:03] *** Quits: n87 (Ping timeout: 265 seconds)
[19:22:21] *** Joins: changoXPR
[19:23:43] *** Quits: changO- (Read error: Operation timed out)
[19:32:05] *** Joins: oreo639
[19:38:21] *** Quits: n87_2 (Ping timeout: 265 seconds)
[21:35:14] *** Joins: n87
[21:37:57] *** Joins: refs
[22:04:03] *** Quits: ris2z (Ping timeout: 186 seconds)
[22:05:17] *** Quits: Stary (Ping timeout: 265 seconds)
[22:05:23] *** Quits: lex (Read error: Operation timed out)
[22:06:02] *** Quits: GrecKo_ (Read error: Connection reset by peer)
[22:06:30] *** Joins: ris2z
[22:07:04] *** Joins: lex
[22:09:37] *** Joins: GrecKo
[22:15:05] *** Joins: Stary
[23:12:28] *** Quits: n87 (Read error: Connection reset by peer)
