[00:29:41] *** Joins: Snetry
[00:31:01] *** Quits: Sentry (Read error: Operation timed out)
[00:31:01] *** Snetry is now known as Sentry
[02:03:49] *** Joins: rajkosto
[02:16:07] *** Quits: |Shadow| (Read error: Operation timed out)
[03:15:43] *** Quits: balrog (Read error: Operation timed out)
[03:16:12] *** Quits: fincs (Read error: Operation timed out)
[03:16:31] *** Joins: fincs
[03:16:43] *** Quits: WntrMute (Read error: Operation timed out)
[03:16:46] *** yls8bot sets mode: +o fincs
[03:16:57] *** Quits: zombie343 (Read error: Operation timed out)
[03:17:13] *** Joins: WntrMute
[03:17:13] *** fincs sets mode: +o WntrMute
[03:17:18] *** Quits: GeekShado (Read error: Operation timed out)
[03:17:36] *** Joins: GeekShado
[03:18:03] *** Quits: sh0e (Ping timeout: 248 seconds)
[03:18:04] *** Joins: zombie343
[03:18:18] *** Joins: balrog
[03:20:53] *** Joins: sh0e
[03:21:49] *** Joins: oreo639
[03:28:52] *** Joins: Snetry
[03:30:11] *** Quits: Sentry (Read error: Operation timed out)
[03:30:12] *** Snetry is now known as Sentry
[03:36:07] *** Quits: oreo639 (Quit: Quit)
[03:36:43] *** Joins: oreo639
[03:36:58] *** Quits: oreo639 (Remote host closed the connection)
[04:27:23] *** Quits: refs (Quit: refs)
[05:26:37] *** Quits: fgsfds (Quit: Leaving)
[07:47:03] *** Joins: |Shadow|
[08:49:31] *** Joins: rajko
[08:50:29] *** Quits: rajko (Client Quit)
[08:55:11] *** Quits: rajkosto (Read error: Operation timed out)
[08:55:52] *** Quits: |Shadow| ()
[09:03:11] *** Joins: |Shadow|
[10:09:34] *** Quits: |Shadow| ()
[10:15:17] *** Joins: |Shadow|
[11:46:16] *** Joins: n87
[12:58:54] *** Quits: Surkow (Remote host closed the connection)
[12:59:38] *** Joins: refs
[13:48:32] *** Joins: fgsfds
[13:57:07] *** Joins: Surkow
[14:59:10] <plutobot_> GitHub | New PR: nv Implement ... | User: averne | https://github.com/switchbrew/libnx/pull/591
[16:02:04] <plutobot_> GitHub | New commit | User: averne | https://github.com/switchbrew/libnx/commit/8b17648d0b
[16:11:36] *** Quits: n87 (Read error: Connection reset by peer)
[19:46:19] *** Joins: oreo639
[22:02:19] *** Joins: rajkosto
[23:02:37] *** Joins: figgis_
[23:05:03] *** Quits: fgsfds (Ping timeout: 265 seconds)
[23:23:49] *** Quits: oreo639 (Ping timeout: 260 seconds)
