[00:04:30] *** Quits: rajkosto (Read error: Connection reset by peer)
[00:05:13] *** Joins: oreo639
[00:53:34] *** Quits: Surkow (Quit: 418 I'm a teapot - NOP NOP NOP)
[00:55:53] *** Joins: Surkow
[02:21:32] *** Quits: figgis_ (Leaving)
[03:25:54] *** Joins: Snetry
[03:27:14] *** Quits: Sentry (Read error: Connection refused)
[03:27:14] *** Snetry is now known as Sentry
[04:21:56] *** Quits: averne (quit)
[04:24:18] *** Joins: averne_
[04:24:18] *** Server sets mode: +stn 
[04:25:55] *** Quits: zombie343 (Ping timeout: 612 seconds)
[04:26:34] *** Quits: averne (Read error: Operation timed out)
[04:26:34] *** averne_ is now known as averne
[04:26:48] *** Joins: zombie343
[05:01:38] *** Quits: refs (Quit: refs)
[06:30:19] *** Joins: rajkosto
[08:09:44] *** Quits: zombie343 ()
[08:16:08] *** Joins: zombie343
[09:15:04] *** Quits: yellows8 (Read error: Operation timed out)
[09:33:21] *** Joins: yellows8
[09:33:21] *** WntrMute sets mode: +o yellows8
[10:34:12] *** Quits: oreo639 (Ping timeout: 480 seconds)
[13:10:33] *** Joins: refs
[13:25:11] *** Joins: fgsfds
[14:47:22] *** Quits: rajkosto (Read error: Connection reset by peer)
[18:13:19] *** Quits: Behemoth (Quit)
[18:13:58] *** Joins: Behemoth
[18:49:38] *** Quits: Behemoth (Quit)
[18:50:16] *** Joins: Behemoth
[19:21:20] *** Joins: oreo639
[19:50:24] *** Joins: Extrems`
[19:53:15] *** Quits: Extrems (Read error: Operation timed out)
[19:53:15] *** Extrems` is now known as Extrems
