[02:42:19] *** Quits: oreo639 (Ping timeout: 612 seconds)
[03:25:28] *** Joins: Snetry
[03:26:48] *** Quits: Sentry (Read error: Connection refused)
[03:26:48] *** Snetry is now known as Sentry
[03:53:18] *** Quits: fgsfds (Quit: Leaving)
[04:22:10] *** Joins: oreo639
[05:21:32] *** Quits: refs (Quit: refs)
[07:23:10] *** Quits: GerbilSof (Quit: Windows must now restart because the Remote Procedure Call (RPC) service terminated unexpectedly.)
[07:37:52] *** Joins: GerbilSof
[08:39:23] *** Quits: oreo639 (Read error: Operation timed out)
[09:08:45] *** Quits: DacoTaco_ (Ping timeout: 493 seconds)
[09:22:04] *** Joins: DacoTaco
[09:35:23] *** Joins: IShaDoWl
[10:04:19] *** Joins: rajkosto
[11:13:17] *** Quits: rajkosto (Read error: Connection reset by peer)
[12:53:40] *** Joins: fgsfds
[12:59:08] *** Quits: CCFL_Man (Ping timeout: 265 seconds)
[13:00:38] *** Joins: CCFL_Man
[13:33:18] *** Joins: m4ts_
[13:33:27] *** Quits: m4ts (Ping timeout: 265 seconds)
[16:23:46] *** Joins: dibas_
[16:23:46] *** Quits: dibas (Read error: Connection reset by peer)
[16:23:51] *** dibas_ is now known as dibas
[16:30:12] *** Joins: dibas_
[16:30:12] *** Quits: dibas (Read error: Connection reset by peer)
[16:30:17] *** dibas_ is now known as dibas
[16:36:35] *** Joins: dibas_
[16:36:35] *** Quits: dibas (Read error: Connection reset by peer)
[16:36:40] *** dibas_ is now known as dibas
[16:43:01] *** Joins: dibas_
[16:43:01] *** Quits: dibas (Read error: Connection reset by peer)
[16:43:06] *** dibas_ is now known as dibas
[16:49:43] *** Quits: dibas (Read error: Connection reset by peer)
[16:50:30] *** Joins: dibas
[16:56:26] *** Joins: dibas_
[16:56:26] *** Quits: dibas (Read error: Connection reset by peer)
[16:56:31] *** dibas_ is now known as dibas
[17:02:52] *** Joins: dibas_
[17:02:52] *** Quits: dibas (Read error: Connection reset by peer)
[17:02:56] *** dibas_ is now known as dibas
[17:09:14] *** Joins: dibas_
[17:09:14] *** Quits: dibas (Read error: Connection reset by peer)
[17:09:19] *** dibas_ is now known as dibas
[17:15:07] *** Joins: dibas_
[17:15:07] *** Quits: dibas (Read error: Connection reset by peer)
[17:15:11] *** dibas_ is now known as dibas
[17:21:32] *** Joins: dibas_
[17:21:32] *** Quits: dibas (Read error: Connection reset by peer)
[17:21:37] *** dibas_ is now known as dibas
[17:27:57] *** Joins: dibas_
[17:27:57] *** Quits: dibas (Read error: Connection reset by peer)
[17:28:01] *** dibas_ is now known as dibas
[17:34:21] *** Joins: dibas_
[17:34:21] *** Quits: dibas (Read error: Connection reset by peer)
[17:34:26] *** dibas_ is now known as dibas
[17:40:47] *** Joins: dibas_
[17:40:47] *** Quits: dibas (Read error: Connection reset by peer)
[17:40:52] *** dibas_ is now known as dibas
[17:47:11] *** Joins: dibas_
[17:47:11] *** Quits: dibas (Read error: Connection reset by peer)
[17:47:16] *** dibas_ is now known as dibas
[17:53:37] *** Joins: dibas_
[17:53:37] *** Quits: dibas (Read error: Connection reset by peer)
[17:53:42] *** dibas_ is now known as dibas
[17:59:59] *** Joins: dibas_
[17:59:59] *** Quits: dibas (Read error: Connection reset by peer)
[18:00:04] *** dibas_ is now known as dibas
[18:05:51] *** Joins: dibas_
[18:05:51] *** Quits: dibas (Read error: Connection reset by peer)
[18:05:56] *** dibas_ is now known as dibas
[18:12:14] *** Joins: dibas_
[18:12:14] *** Quits: dibas (Read error: Connection reset by peer)
[18:12:18] *** dibas_ is now known as dibas
[18:18:06] *** Joins: dibas_
[18:18:06] *** Quits: dibas (Read error: Connection reset by peer)
[18:18:10] *** dibas_ is now known as dibas
[18:20:23] *** Joins: oreo639
[18:24:48] *** Quits: dibas (Read error: Connection reset by peer)
[18:24:55] *** Joins: dibas_
[18:25:01] *** dibas_ is now known as dibas
[21:59:47] *** Joins: refs
[23:15:01] *** Quits: GerbilSof (Windows must now restart because the Remote Procedure Call (RPC) service terminated unexpectedly.)
[23:42:29] *** Joins: GerbilSof
