[01:01:20] *** Quits: oreo639 (Ping timeout: 493 seconds)
[01:20:38] *** Joins: oreo639
[01:36:35] *** Joins: KuKzz
[01:53:25] *** Quits: KuKzz (Ping timeout: 260 seconds)
[02:01:12] *** Joins: KuKzz
[02:25:04] *** Quits: fgsfds (Quit: Leaving)
[02:50:15] *** Quits: refs (Quit: refs)
[03:25:28] *** Joins: Snetry
[03:26:47] *** Quits: Sentry (Read error: Operation timed out)
[03:26:47] *** Snetry is now known as Sentry
[04:09:56] *** Quits: GerbilSof (Read error: Connection reset by peer)
[04:11:34] *** Joins: GerbilSof
[04:56:41] *** Quits: GerbilSof (Quit: Windows must now restart because the Remote Procedure Call (RPC) service terminated unexpectedly.)
[05:21:13] *** Joins: rajkosto
[05:42:33] *** Quits: oreo639 (Ping timeout: 260 seconds)
[05:47:05] *** Joins: m4ts
[05:50:16] *** Quits: m4ts_ (Ping timeout: 265 seconds)
[06:08:23] *** Joins: GerbilSof
[06:52:00] *** Joins: oreo639
[10:15:05] *** Quits: rajkosto (Read error: Connection reset by peer)
[11:58:31] *** Joins: n87
[12:53:08] *** Quits: oreo639 (Ping timeout: 745 seconds)
[14:38:23] *** Joins: fgsfds
[15:35:53] *** Quits: KuKzz (Ping timeout: 745 seconds)
[16:19:50] *** Quits: sh0e (Quit: Bye.)
[16:24:06] *** Joins: sh0e
[16:33:44] *** Joins: KuKzz
[18:10:42] *** Quits: |Shadow| (Read error: Operation timed out)
[18:11:18] *** Joins: |Shadow|
[20:32:03] *** Joins: oreo639
[21:15:21] *** Joins: refs
[23:22:25] *** Quits: n87 (Read error: Connection reset by peer)
[23:27:40] *** Quits: oreo639 (Quit)
[23:36:22] *** Joins: oreo639
[23:51:15] *** Quits: oreo639 (Remote host closed the connection)
[23:51:47] *** Joins: oreo639
