[02:27:11] *** Quits: oreo639 (Remote host closed the connection)
[02:27:35] *** Joins: oreo639
[03:00:31] *** Quits: oreo639 (Quit: Quit)
[03:00:48] *** Joins: oreo639
[03:06:26] *** Quits: refs (Quit: refs)
[03:23:11] *** Joins: Snetry
[03:24:31] *** Quits: Sentry (Read error: Connection refused)
[03:24:31] *** Snetry is now known as Sentry
[03:52:23] *** Quits: fgsfds (Quit: Leaving)
[07:39:11] *** Quits: m4ts (Excess Flood)
[07:41:13] *** Joins: m4ts
[07:50:48] *** Quits: oreo639 (Remote host closed the connection)
[07:51:28] *** Joins: oreo639
[08:06:04] *** Quits: oreo639 (Quit: Quit)
[08:06:30] *** Joins: oreo639
[08:09:30] *** Joins: CCFL_Man_
[08:11:50] *** Quits: CCFL_Man (Read error: Operation timed out)
[08:12:55] *** Quits: oreo639 (Remote host closed the connection)
[08:13:19] *** Joins: oreo639
[08:14:13] *** Quits: oreo639 (Remote host closed the connection)
[08:14:39] *** Joins: oreo639
[08:14:53] *** Quits: oreo639 (Remote host closed the connection)
[08:15:15] *** Joins: oreo639
[08:23:42] *** Quits: oreo639 (Remote host closed the connection)
[08:24:54] *** Joins: oreo639
[08:49:10] *** Quits: oreo639 (Remote host closed the connection)
[08:49:17] *** Joins: oreo639
[08:49:55] *** Quits: oreo639 (Remote host closed the connection)
[08:50:14] *** Joins: oreo639
[10:20:28] *** Quits: oreo639 (Read error: Operation timed out)
[12:14:00] *** Joins: n87
[12:45:44] *** Quits: KuKzz (Ping timeout: 496 seconds)
[12:50:29] *** Joins: fgsfds
[13:10:12] *** Joins: figgis_
[13:13:49] *** Quits: fgsfds (Ping timeout: 265 seconds)
[13:14:58] *** Joins: figgis__
[13:18:10] *** Quits: figgis_ (Ping timeout: 265 seconds)
[13:33:01] *** Joins: figgis_
[13:36:03] *** Quits: figgis__ (Ping timeout: 265 seconds)
[14:23:14] *** Joins: CCFL_Man
[14:23:33] *** Quits: CCFL_Man_ (Read error: Operation timed out)
[14:25:03] *** Joins: figgis__
[14:28:15] *** Quits: figgis_ (Ping timeout: 265 seconds)
[15:23:46] *** Joins: figgis_
[15:27:13] *** Quits: figgis__ (Ping timeout: 265 seconds)
[16:11:00] *** Quits: lemmy (se.hub efnet.deic.eu)
[16:11:00] *** Quits: nohit (se.hub efnet.deic.eu)
[16:26:29] *** Joins: lemmy
[16:26:29] *** Joins: nohit
[16:38:34] *** Joins: KuKzz
[18:19:29] *** Joins: oreo639
[19:11:26] *** Quits: j0hny5 (Ping timeout: 600 seconds)
[21:21:49] *** Joins: refs
[22:21:05] *** Quits: oldtopman (Read error: Operation timed out)
[22:51:20] *** Quits: oreo639 (Remote host closed the connection)
[22:51:33] *** Joins: oreo639
[23:06:06] *** Joins: TurtleP_
[23:06:08] *** Joins: CCFL_Man_
[23:06:17] *** Joins: oreo639_
[23:07:11] *** Quits: oreo639 (hub.efnet.us irc.Prison.NET)
[23:07:11] *** Quits: CCFL_Man (hub.efnet.us irc.Prison.NET)
[23:07:11] *** Quits: TurtleP (hub.efnet.us irc.Prison.NET)
[23:28:07] *** Joins: dibas_
[23:28:07] *** Quits: dibas (Read error: Connection reset by peer)
[23:28:11] *** dibas_ is now known as dibas
[23:33:36] *** Joins: dibas_
[23:33:36] *** Quits: dibas (Read error: Connection reset by peer)
[23:33:41] *** dibas_ is now known as dibas
[23:36:44] *** Quits: oreo639_ (Remote host closed the connection)
[23:37:09] *** Joins: oreo639
[23:37:47] *** Quits: oreo639 (Remote host closed the connection)
[23:38:09] *** Joins: oreo639
[23:43:37] *** Joins: dibas_
[23:43:37] *** Quits: dibas (Read error: Connection reset by peer)
[23:43:42] *** dibas_ is now known as dibas
[23:44:50] *** Quits: n87 (Read error: Connection reset by peer)
[23:48:08] *** Joins: dibas_
[23:48:08] *** Quits: dibas (Read error: Connection reset by peer)
[23:48:12] *** dibas_ is now known as dibas
[23:54:34] *** Joins: dibas_
[23:54:34] *** Quits: dibas (Read error: Connection reset by peer)
[23:54:39] *** dibas_ is now known as dibas
[23:56:18] *** Quits: oreo639 (Remote host closed the connection)
[23:56:42] *** Joins: oreo639
[23:59:58] *** Joins: dibas_
[23:59:59] *** Quits: dibas (Read error: Connection reset by peer)
