[00:00:03] *** dibas_ is now known as dibas
[00:04:33] *** Joins: dibas_
[00:04:33] *** Quits: dibas (Read error: Connection reset by peer)
[00:04:39] *** dibas_ is now known as dibas
[00:09:10] *** Joins: dibas_
[00:09:10] *** Quits: dibas (Read error: Connection reset by peer)
[00:09:16] *** dibas_ is now known as dibas
[00:15:16] *** Quits: m4ts (Excess Flood)
[00:15:16] *** Quits: dibas (Read error: Connection reset by peer)
[00:15:34] *** Joins: dibas
[00:15:37] *** Joins: m4ts
[00:22:02] *** Joins: dibas_
[00:22:02] *** Quits: dibas (Read error: Connection reset by peer)
[00:22:07] *** dibas_ is now known as dibas
[00:27:18] *** Joins: dibas_
[00:27:18] *** Quits: dibas (Read error: Connection reset by peer)
[00:27:24] *** dibas_ is now known as dibas
[01:08:20] *** Joins: oreo639_
[01:11:00] *** Quits: oreo639 (Read error: Operation timed out)
[02:21:04] *** Joins: oldtopman
[02:26:41] *** Quits: Surkow (Read error: Operation timed out)
[02:38:14] *** Joins: Surkow
[03:18:44] *** Quits: refs (Quit: refs)
[03:22:01] *** Joins: Snetry
[03:23:21] *** Quits: Sentry (Read error: Connection refused)
[03:23:21] *** Snetry is now known as Sentry
[04:39:56] *** Quits: figgis_ (Quit: Leaving)
[06:16:02] *** Quits: lameboy (Read error: Connection reset by peer)
[06:16:07] *** Joins: lameboy2
[06:16:10] *** lameboy2 is now known as lameboy
[06:26:42] *** Quits: oreo639_ (Ping timeout: 265 seconds)
[06:45:52] *** Joins: dibas_
[06:45:52] *** Quits: dibas (Read error: Connection reset by peer)
[06:45:56] *** dibas_ is now known as dibas
[06:52:15] *** Joins: dibas_
[06:52:15] *** Quits: dibas (Read error: Connection reset by peer)
[06:52:20] *** dibas_ is now known as dibas
[06:55:14] *** Joins: oreo639
[06:58:58] *** Quits: dibas (Read error: Connection reset by peer)
[06:59:16] *** Joins: dibas
[07:05:58] *** Quits: dibas (Read error: Connection reset by peer)
[07:06:45] *** Joins: dibas
[07:12:37] *** Joins: dibas_
[07:12:37] *** Quits: dibas (Read error: Connection reset by peer)
[07:12:41] *** dibas_ is now known as dibas
[07:18:28] *** Joins: dibas_
[07:18:28] *** Quits: dibas (Read error: Connection reset by peer)
[07:18:35] *** dibas_ is now known as dibas
[07:24:22] *** Joins: dibas_
[07:24:22] *** Quits: dibas (Read error: Connection reset by peer)
[07:24:26] *** dibas_ is now known as dibas
[07:31:03] *** Quits: dibas (Read error: Connection reset by peer)
[07:33:22] *** Joins: dibas_
[07:33:29] *** dibas_ is now known as dibas
[08:15:23] *** Quits: hexkyz (Ping timeout: 745 seconds)
[08:40:41] *** Quits: CCFL_Man_ (Read error: Operation timed out)
[08:43:07] *** Joins: CCFL_Man
[08:43:31] *** Joins: hexkyz
[08:48:47] *** Quits: lemmy (irc.efnet.nl se.hub)
[08:48:47] *** Quits: nohit (irc.efnet.nl se.hub)
[08:48:47] *** Quits: flagrama_ (irc.efnet.nl se.hub)
[08:48:47] *** Quits: lameboy (irc.efnet.nl se.hub)
[08:48:47] *** Quits: Extrems (irc.efnet.nl se.hub)
[08:48:47] *** Quits: Behemoth (irc.efnet.nl se.hub)
[08:48:47] *** Quits: zombie343 (irc.efnet.nl se.hub)
[08:48:47] *** Quits: mtheall_ (irc.efnet.nl se.hub)
[08:48:47] *** Quits: plutobot_ (irc.efnet.nl se.hub)
[08:48:47] *** Quits: Stary (irc.efnet.nl se.hub)
[08:48:47] *** Quits: eggy (irc.efnet.nl se.hub)
[08:48:47] *** Quits: m4ts (irc.efnet.nl se.hub)
[08:48:48] *** Quits: WntrMute (irc.efnet.nl se.hub)
[08:48:48] *** Quits: fincs (irc.efnet.nl se.hub)
[08:48:48] *** Quits: Ghabry (irc.efnet.nl se.hub)
[08:48:48] *** Quits: klock (irc.efnet.nl se.hub)
[08:48:48] *** Quits: oldtopman (irc.efnet.nl se.hub)
[08:48:48] *** Quits: Surkow (irc.efnet.nl se.hub)
[08:48:48] *** Quits: TurtleP_ (irc.efnet.nl se.hub)
[08:48:48] *** Quits: sh0e (irc.efnet.nl se.hub)
[08:48:48] *** Quits: yellows8 (irc.efnet.nl se.hub)
[08:48:48] *** Quits: balrog (irc.efnet.nl se.hub)
[08:48:48] *** Quits: GeekShado (irc.efnet.nl se.hub)
[08:48:48] *** Quits: Cu3PO42 (irc.efnet.nl se.hub)
[08:48:48] *** Quits: Maylay (irc.efnet.nl se.hub)
[08:48:48] *** Quits: Kyouju (irc.efnet.nl se.hub)
[08:48:48] *** Quits: yls8bot (irc.efnet.nl se.hub)
[08:48:48] *** Quits: Lightswor (irc.efnet.nl se.hub)
[08:48:48] *** Quits: freundTe- (irc.efnet.nl se.hub)
[08:48:48] *** Quits: fractal_ (irc.efnet.nl se.hub)
[08:48:48] *** Quits: KuKzz (irc.efnet.nl se.hub)
[08:48:48] *** Quits: GerbilSof (irc.efnet.nl se.hub)
[08:48:48] *** Quits: IShaDoWl (irc.efnet.nl se.hub)
[08:48:48] *** Quits: oreo639 (irc.efnet.nl se.hub)
[08:48:48] *** Quits: |Shadow| (irc.efnet.nl se.hub)
[08:48:48] *** Quits: DacoTaco (irc.efnet.nl se.hub)
[08:48:48] *** Quits: uyjulian (irc.efnet.nl se.hub)
[08:48:48] *** Quits: nich (irc.efnet.nl se.hub)
[08:48:48] *** Quits: GrecKo (irc.efnet.nl se.hub)
[08:48:48] *** Quits: djorz (irc.efnet.nl se.hub)
[08:48:48] *** Quits: tpw_rules (irc.efnet.nl se.hub)
[08:48:48] *** Quits: ris2z (irc.efnet.nl se.hub)
[08:48:48] *** Quits: hexkyz (irc.efnet.nl se.hub)
[08:48:48] *** Quits: CCFL_Man (irc.efnet.nl se.hub)
[08:48:48] *** Quits: dibas (irc.efnet.nl se.hub)
[08:48:48] *** Quits: zini (irc.efnet.nl se.hub)
[08:48:48] *** Quits: cpncok3 (irc.efnet.nl se.hub)
[08:48:48] *** Quits: TAL (irc.efnet.nl se.hub)
[08:48:48] *** Quits: Phils3r (irc.efnet.nl se.hub)
[08:48:48] *** Quits: mid-kid4 (irc.efnet.nl se.hub)
[08:56:07] *** Joins: hexkyz
[08:56:07] *** Joins: CCFL_Man
[08:56:07] *** Joins: dibas
[08:56:07] *** Joins: oreo639
[08:56:07] *** Joins: lameboy
[08:56:07] *** Joins: Surkow
[08:56:07] *** Joins: oldtopman
[08:56:07] *** Joins: m4ts
[08:56:07] *** Joins: TurtleP_
[08:56:07] *** Joins: KuKzz
[08:56:07] *** Joins: nohit
[08:56:07] *** Joins: lemmy
[08:56:07] *** Joins: |Shadow|
[08:56:07] *** Joins: sh0e
[08:56:07] *** Joins: GerbilSof
[08:56:07] *** Joins: IShaDoWl
[08:56:07] *** Joins: DacoTaco
[08:56:07] *** Joins: Extrems
[08:56:07] *** Joins: Behemoth
[08:56:07] *** Joins: yellows8
[08:56:07] *** Joins: zombie343
[08:56:07] *** Joins: balrog
[08:56:07] *** Joins: GeekShado
[08:56:07] *** Joins: WntrMute
[08:56:07] *** Joins: fincs
[08:56:07] *** Joins: ris2z
[08:56:07] *** Joins: fractal_
[08:56:07] *** Joins: zini
[08:56:07] *** Joins: cpncok3
[08:56:07] *** Joins: Ghabry
[08:56:07] *** Joins: mtheall_
[08:56:07] *** Joins: uyjulian
[08:56:07] *** Joins: flagrama_
[08:56:07] *** Joins: plutobot_
[08:56:07] *** Joins: Stary
[08:56:07] *** Joins: TAL
[08:56:07] *** Joins: eggy
[08:56:07] *** Joins: Phils3r
[08:56:07] *** Joins: Cu3PO42
[08:56:07] *** Joins: klock
[08:56:07] *** Joins: Maylay
[08:56:07] *** Joins: freundTe-
[08:56:07] *** Joins: Lightswor
[08:56:07] *** Joins: yls8bot
[08:56:07] *** se.hub sets mode: +oooo yellows8 WntrMute fincs yls8bot
[08:56:07] *** Joins: Kyouju
[08:56:07] *** Joins: nich
[08:56:07] *** Joins: GrecKo
[08:56:07] *** Joins: djorz
[08:56:07] *** Joins: tpw_rules
[08:56:07] *** Joins: mid-kid4
[09:57:34] *** Quits: oreo639 (Read error: Operation timed out)
[10:18:28] *** Quits: hexkyz (Ping timeout: 745 seconds)
[10:26:53] *** Joins: hexkyz
[11:55:41] *** Joins: fgsfds
[12:07:34] *** Quits: ihaveamac (Quit: fail)
[12:23:13] *** Joins: rajkosto
[14:12:09] *** Quits: cpncok3 ()
[14:12:18] *** Joins: cpnc0ke
[14:24:51] *** Quits: cpnc0ke ()
[14:41:50] *** Joins: cpnc0ke
[15:04:46] *** Quits: IShaDoWl ()
[16:27:56] *** Joins: n87
[18:13:18] *** Quits: cpnc0ke (Ping timeout: 745 seconds)
[18:18:30] *** Joins: oreo639
[18:23:24] *** Quits: rajkosto (Quit: Leaving)
[18:42:48] *** Quits: n87 (Quit: Leaving)
[19:13:14] *** Quits: GerbilSof (Windows must now restart because the Remote Procedure Call (RPC) service terminated unexpectedly.)
[19:14:20] *** Joins: GerbilSof
[20:59:07] *** Joins: refs
[23:43:04] *** Quits: m4ts (Excess Flood)
[23:43:21] *** Joins: m4ts
[23:51:56] *** Quits: KuKzz (Ping timeout: 496 seconds)
