[01:26:54] *** Quits: oreo639 (Quit: Quit)
[01:30:41] *** Quits: GerbilSof (Remote host closed the connection)
[01:31:19] *** Joins: KuKzz
[01:38:08] *** Joins: oreo639
[01:43:11] *** Joins: GerbilSof
[03:09:29] *** Quits: refs (Quit: refs)
[03:20:35] *** Joins: Snetry
[03:21:55] *** Quits: Sentry (Read error: Connection refused)
[03:21:55] *** Snetry is now known as Sentry
[04:44:35] *** Quits: fgsfds (Quit: Leaving)
[10:13:15] *** Quits: Kyouju (Quit: ZNC 1.7.2+deb3~bpo9+1 - https://znc.in)
[10:13:43] *** Joins: Kyouju
[10:31:34] *** Quits: flotwig (Read error: Operation timed out)
[10:41:12] *** Joins: flotwig
[12:54:11] *** Joins: oreo639_
[12:54:11] *** Quits: oreo639 (Read error: Connection reset by peer)
[13:07:19] *** Quits: oreo639_ (Read error: Operation timed out)
[13:32:59] *** Joins: fgsfds
[15:52:31] *** Quits: m4ts (Excess Flood)
[15:53:53] *** Joins: m4ts
[19:26:18] *** Joins: oreo639
[20:35:55] *** Quits: flotwig (Read error: Operation timed out)
[20:37:29] *** Joins: oreo639_
[20:39:08] *** Joins: nrq_
[20:39:38] *** Quits: nrq (Read error: Operation timed out)
[20:40:02] *** Quits: oreo639 (Read error: Operation timed out)
[20:40:35] *** Joins: flotwig
[20:40:36] *** Quits: Normmatt (Ping timeout: 480 seconds)
[20:54:42] *** Joins: Normmatt
[21:12:54] *** Joins: IShaDoWl
