[03:01:28] *** Quits: fgsfds (Quit: Leaving)
[03:20:50] *** Joins: Snetry
[03:21:56] *** Joins: ihaveamac
[03:22:09] *** Quits: Sentry (Read error: Operation timed out)
[03:22:09] *** Snetry is now known as Sentry
[03:38:35] *** Quits: ihaveamac (Quit: fail)
[03:41:01] *** Joins: ihaveamac
[04:34:41] *** Quits: Surkow (Read error: Operation timed out)
[04:36:41] *** Joins: Surkow
[05:42:19] *** Quits: Surkow (Read error: Operation timed out)
[05:51:29] *** Joins: Surkow
[07:08:59] *** Quits: m4ts (Excess Flood)
[07:09:14] *** Joins: m4ts
[09:26:22] *** Joins: rajkosto
[09:32:06] *** Quits: rajkosto (Quit: Leaving)
[11:50:08] *** Quits: m4ts (Excess Flood)
[11:51:04] *** Joins: m4ts
[12:14:12] *** Joins: fgsfds
[14:13:11] *** Quits: oreo639_ (Read error: Operation timed out)
[18:08:06] *** Joins: refs
[21:37:31] *** Joins: oreo639
