[00:56:05] *** Quits: fgsfds (Quit: Leaving)
[01:06:14] *** Quits: KuKzz ()
[01:06:17] *** Joins: KuKzz
[01:06:30] *** Quits: KuKzz (Client Quit)
[01:06:35] *** Joins: KuKzz
[03:19:24] *** Joins: Snetry
[03:20:43] *** Quits: Sentry (Read error: Operation timed out)
[03:20:43] *** Snetry is now known as Sentry
[04:56:37] *** Quits: refs (Quit: refs)
[09:45:14] *** Joins: fgsfds
[12:48:43] *** Quits: m4ts (Excess Flood)
[12:49:01] *** Joins: m4ts
[13:22:03] *** Quits: oreo639 (Ping timeout: 745 seconds)
[13:33:22] *** Quits: m4ts (Ping timeout: 265 seconds)
[13:34:08] *** Joins: m4ts
[14:55:28] *** Quits: dibas (Remote host closed the connection)
[14:57:27] *** Joins: dibas
[16:24:53] *** Quits: balrog (Read error: Operation timed out)
[16:37:10] *** Joins: balrog
[17:00:39] *** Quits: balrog (Read error: Operation timed out)
[17:11:17] *** Quits: m4ts (Excess Flood)
[17:12:14] *** Joins: cpnc0ke
[17:14:52] *** Quits: cpnc0ke (Client Quit)
[17:20:51] *** Joins: m4ts
[17:25:23] *** Joins: cpnc0ke
[17:32:18] *** Quits: cpnc0ke ()
[17:41:14] *** Joins: balrog
[17:41:45] *** Joins: cpnc0ke
[17:49:20] *** Quits: cpnc0ke ()
[17:50:25] *** Joins: cpnc0ke
[17:50:40] *** Quits: cpnc0ke (Client Quit)
[17:51:21] *** Joins: cpnc0ke
[17:59:09] *** Quits: cpnc0ke ()
[18:10:50] *** Joins: cpnc0ke
[19:02:58] *** Quits: IShaDoWl (Ping timeout: 252 seconds)
[20:39:32] *** Joins: m4ts_
[20:40:38] *** Quits: m4ts (Ping timeout: 265 seconds)
[20:59:53] *** Joins: oreo639
[21:40:55] *** Joins: rajkosto
[21:52:07] *** Joins: refs
[22:04:19] *** Joins: oreo639_
[22:04:19] *** Quits: oreo639 (Read error: Connection reset by peer)
