[00:05:59] *** Quits: rajkosto (Read error: Connection reset by peer)
[01:09:44] *** Quits: fgsfds (Quit: Leaving)
[01:16:13] *** Quits: refs (Quit: refs)
[01:26:24] *** Joins: Snetry
[01:27:44] *** Quits: Sentry (Read error: Connection refused)
[01:27:44] *** Snetry is now known as Sentry
[01:36:39] *** Quits: GerbilSof (Quit: Windows must now restart because the Remote Procedure Call (RPC) service terminated unexpectedly.)
[03:14:45] *** Joins: GerbilSof
[03:25:16] *** Joins: Snetry
[03:25:17] *** Quits: Sentry (Read error: Connection reset by peer)
[03:25:22] *** Snetry is now known as Sentry
[04:53:49] *** Joins: cpncok3
[05:01:48] *** Quits: cpnc0ke (Ping timeout: 745 seconds)
[06:29:52] *** Quits: oreo639_ (Read error: Operation timed out)
[06:48:13] *** Joins: oreo639
[07:22:46] *** Quits: m4ts_ (Excess Flood)
[07:24:47] *** Joins: m4ts
[07:58:20] *** Quits: m4ts (Excess Flood)
[07:58:42] *** Joins: m4ts
[08:22:58] *** Quits: ris2z (Remote host closed the connection)
[08:25:43] *** Joins: GerbilS5
[08:27:41] *** Quits: GerbilSof (se.hub irc.swepipe.se)
[08:27:41] *** Quits: flagrama_ (se.hub irc.swepipe.se)
[08:28:02] *** Joins: ris2z
[08:36:37] *** Joins: flagrama_
[09:55:14] *** Quits: oreo639 (Ping timeout: 265 seconds)
[11:15:33] *** Joins: fgsfds
[11:42:33] *** Quits: hexkyz (Ping timeout: 745 seconds)
[12:05:11] *** Quits: m4ts (Excess Flood)
[12:06:02] *** Joins: m4ts
[12:09:03] *** Joins: hexkyz
[12:14:41] *** Quits: Behemoth (No Ping reply in 180 seconds.)
[12:15:17] *** Joins: Behemoth
[12:30:39] *** Quits: m4ts (Excess Flood)
[12:31:00] *** Joins: m4ts
[14:51:48] *** Quits: cpncok3 ()
[15:20:20] *** Quits: GrecKo (GrecKo)
[15:21:10] *** Joins: GrecKo
[15:21:17] *** Quits: GrecKo (Client Quit)
[15:21:45] *** Joins: GrecKo
[15:24:36] *** Quits: GrecKo (Client Quit)
[15:46:27] *** Joins: GrecKo
[16:20:10] *** Quits: m4ts (Excess Flood)
[16:24:40] *** Joins: m4ts
[16:39:53] *** Quits: m4ts (Excess Flood)
[16:41:31] *** Joins: m4ts
[17:25:57] *** Joins: cpnc0ke
[17:26:06] *** Quits: cpnc0ke (Client Quit)
[17:26:47] *** Joins: cpnc0ke
[17:26:59] *** Quits: cpnc0ke (Client Quit)
[20:57:12] *** Joins: oreo639
[21:07:49] *** Joins: rajkosto
[21:35:48] *** Joins: refs
[22:08:51] *** Quits: Surkow (Quit: 418 I'm a teapot - NOP NOP NOP)
[22:13:50] *** Joins: Surkow
[23:09:35] *** Quits: fgsfds (Quit: Leaving)
