[00:57:22] *** Quits: refs (Quit: refs)
[01:18:46] *** Quits: rajkosto (Read error: Connection reset by peer)
[03:23:49] *** Quits: m4ts (Excess Flood)
[03:25:09] *** Quits: Sentry (Read error: Operation timed out)
[03:25:13] *** Joins: Sentry
[03:27:20] *** Joins: m4ts
[05:18:59] *** Quits: oreo639 (Read error: Operation timed out)
[06:16:52] *** Quits: m4ts (Excess Flood)
[06:18:23] *** Joins: m4ts
[07:05:44] *** Quits: m4ts (Excess Flood)
[07:07:03] *** Joins: m4ts
[07:26:28] *** Quits: GerbilS5 (Quit: Windows must now restart because the Remote Procedure Call (RPC) service terminated unexpectedly.)
[07:45:48] *** Joins: GerbilSof
[07:53:44] *** Quits: GerbilSof (Read error: Connection reset by peer)
[07:53:59] *** Joins: GerbilSof
[12:23:28] *** Quits: m4ts (Ping timeout: 265 seconds)
[12:33:51] *** Joins: m4ts
[18:20:46] *** Joins: oreo639
[19:07:37] *** Joins: rajkosto
[22:02:19] *** Joins: refs
[22:23:17] *** Quits: flotwig (Quit: ZNC - http://znc.in)
[22:26:31] *** Joins: flotwig
[22:30:24] *** Quits: flotwig (Client Quit)
[22:38:44] *** Quits: Behemoth (Quit)
[22:39:26] *** Joins: Behemoth
[22:43:13] *** Joins: flotwig
[23:20:39] *** Quits: rajkosto (Read error: Connection reset by peer)
