[03:22:09] *** Joins: Snetry
[03:23:29] *** Quits: Sentry (Read error: Operation timed out)
[03:23:29] *** Snetry is now known as Sentry
[04:07:12] *** Quits: GerbilSof (Quit: Windows must now restart because the Remote Procedure Call (RPC) service terminated unexpectedly.)
[04:09:22] *** Joins: GerbilSof
[05:01:04] *** Quits: m4ts (Excess Flood)
[05:02:53] *** Joins: m4ts
[05:09:53] *** Joins: Phils3r_
[05:09:53] *** Quits: Phils3r (Read error: Connection reset by peer)
[05:15:37] *** Joins: GrecKo_
[05:15:37] *** Quits: GrecKo (Read error: Connection reset by peer)
[05:32:33] *** Quits: hexkyz (Ping timeout: 745 seconds)
[05:37:23] *** Joins: hexkyz
[10:56:08] *** Joins: fgsfds
[11:30:36] *** Quits: fgsfds (Ping timeout: 600 seconds)
[11:43:49] *** Quits: GerbilSof (Remote host closed the connection)
[11:48:34] *** Quits: |Shadow| ()
[11:49:33] *** Joins: GerbilSof
[11:58:13] *** Joins: fgsfds
[12:10:31] *** Joins: |Shadow|
[12:36:02] *** Quits: oreo639 (Ping timeout: 493 seconds)
[12:51:29] *** Joins: n87
[15:16:19] *** Quits: fgsfds (Read error: Operation timed out)
[16:33:12] *** Quits: fractal_ (Ping timeout: 252 seconds)
[16:55:22] *** Quits: n87 (Read error: Connection reset by peer)
[17:45:52] *** Quits: m4ts (Excess Flood)
[17:47:10] *** Joins: m4ts
[18:18:09] *** Joins: fgsfds
[19:07:48] *** Quits: GerbilSof (Ping timeout: 493 seconds)
[19:37:19] *** Joins: GerbilSof
[20:15:16] *** Joins: GerbilS6
[20:19:29] *** Quits: GerbilSof (Ping timeout: 493 seconds)
[21:15:14] *** Joins: oreo639
[21:36:47] *** Quits: fgsfds (Ping timeout: 376 seconds)
[21:41:55] *** Quits: m4ts (Excess Flood)
[21:52:11] *** Joins: m4ts
