[00:34:03] *** Quits: GerbilS6 (Quit: Windows must now restart because the Remote Procedure Call (RPC) service terminated unexpectedly.)
[00:35:32] *** Joins: GerbilSof
[01:12:06] *** Quits: oreo639 (Read error: Operation timed out)
[01:18:35] *** Joins: oreo639
[03:19:55] *** Joins: Snetry
[03:21:14] *** Quits: Sentry (Read error: Connection refused)
[03:21:14] *** Snetry is now known as Sentry
[09:05:16] *** Joins: GerbilS3
[09:06:35] *** Quits: GerbilSof (Read error: Operation timed out)
[09:24:25] *** Joins: fgsfds
[10:15:24] *** Quits: oreo639 (Ping timeout: 612 seconds)
[10:38:56] *** Quits: m4ts (Excess Flood)
[10:46:40] *** Joins: m4ts
[11:30:11] *** Quits: fgsfds (Ping timeout: 265 seconds)
[12:42:09] *** Joins: fgsfds
[13:34:14] *** Joins: refs
[14:23:42] *** Quits: fgsfds (Ping timeout: 265 seconds)
[16:12:37] *** Joins: fgsfds
[17:50:26] *** Quits: m4ts (Excess Flood)
[17:51:24] *** Joins: m4ts
[20:15:34] *** Quits: fgsfds (Ping timeout: 265 seconds)
[21:05:53] *** Joins: fgsfds
[21:15:07] *** Joins: oreo639
[21:24:42] *** Joins: n87
[22:21:43] *** Quits: fgsfds (Ping timeout: 265 seconds)
[23:27:53] *** Joins: fgsfds
