[00:06:36] *** Quits: fgsfds (Quit: Leaving)
[00:16:52] *** Quits: n87 (Read error: Connection reset by peer)
[01:00:09] *** Quits: GerbilS3 (Windows must now restart because the Remote Procedure Call (RPC) service terminated unexpectedly.)
[01:00:26] *** Joins: GerbilSof
[03:19:41] *** Joins: Snetry
[03:21:00] *** Quits: Sentry (Read error: Operation timed out)
[03:21:00] *** Snetry is now known as Sentry
[04:49:33] *** Quits: refs (Quit: refs)
[05:12:43] *** Quits: lex (Read error: Operation timed out)
[05:13:47] *** Quits: phigcloud (Read error: Operation timed out)
[05:14:51] *** Joins: phigcloud
[05:14:51] *** Quits: d3m3vilur (Read error: Operation timed out)
[05:16:59] *** Quits: averne (quit)
[05:17:17] *** Joins: averne
[05:17:17] *** Server sets mode: +stn 
[05:20:15] *** Quits: Sentry (Read error: Operation timed out)
[05:22:17] *** Quits: Genolo (Read error: Operation timed out)
[05:29:01] *** Joins: Sentry
[05:29:04] *** Joins: d3m3vilur
[05:29:30] *** Joins: Genolo
[05:32:16] *** Quits: phigcloud (Ping timeout: 600 seconds)
[05:32:26] *** Joins: phigcloud
[05:38:33] *** Joins: lex1
[06:17:19] *** Quits: xperia64 (Read error: Operation timed out)
[06:32:18] *** Quits: WntrMute (Ping timeout: 265 seconds)
[06:34:54] *** Quits: Ghabry (Quit: while (!sleep) sheep++;)
[06:34:54] *** lex1 is now known as lex
[06:35:15] *** Joins: WntrMute
[06:35:41] *** Quits: fincs (Ping timeout: 265 seconds)
[06:38:11] *** Joins: fincs
[06:38:23] *** yls8bot sets mode: +o fincs
[06:39:21] *** Joins: Ghabry
[06:43:19] *** Joins: Extrems`
[06:45:28] *** Quits: Extrems (Read error: Connection reset by peer)
[06:45:28] *** Extrems` is now known as Extrems
[06:51:19] *** Joins: Behemoth_
[06:51:24] *** Quits: Behemoth (Ping timeout: 493 seconds)
[07:16:15] *** Joins: xperia64
[07:17:35] *** Quits: flotwig (Read error: Operation timed out)
[07:29:49] *** Joins: flotwig
[10:19:57] *** Quits: oreo639 (Ping timeout: 265 seconds)
[11:16:22] *** Quits: m4ts (Excess Flood)
[11:17:12] *** Joins: m4ts
[12:45:05] *** Joins: n87
[13:34:15] *** Quits: m4ts (Ping timeout: 265 seconds)
[13:34:37] *** Joins: m4ts
[13:53:28] *** Quits: Sentry (Quit: left EFNet)
[13:54:12] *** Joins: Sentry
[14:05:32] *** Quits: m4ts (Excess Flood)
[14:11:18] *** Joins: m4ts
[14:22:36] *** Joins: fgsfds
[17:50:19] *** Quits: fgsfds (Quit: Leaving)
[17:50:26] *** Joins: fgsfds
[18:05:17] *** Joins: oreo639
[18:49:23] *** Quits: fgsfds (Ping timeout: 265 seconds)
[19:17:31] *** Joins: fgsfds
[20:25:39] *** Quits: n87 (Quit: Leaving)
[21:01:02] *** Quits: fgsfds (Read error: Connection reset by peer)
[21:06:05] *** Joins: fgsfds
[21:12:40] *** Quits: fgsfds (Read error: Connection reset by peer)
[21:13:19] *** Joins: fgsfds
[21:50:32] *** Joins: refs
[23:04:24] *** Joins: Mimoja8
[23:30:32] *** Quits: fgsfds (Quit: Leaving)
