[02:44:04] *** Quits: refs (Quit: refs)
[03:18:19] *** Joins: Snetry
[03:19:39] *** Quits: Sentry (Read error: Connection refused)
[03:19:39] *** Snetry is now known as Sentry
[04:23:07] *** Joins: GerbilS5
[04:25:15] *** Quits: GerbilSof (Read error: Operation timed out)
[05:00:48] *** Quits: GerbilS5 (Ping timeout: 265 seconds)
[05:01:05] *** Joins: GerbilSof
[05:07:59] *** Joins: GerbilS3
[05:13:04] *** Quits: GerbilSof (Ping timeout: 493 seconds)
[05:23:04] *** Joins: GerbilSof
[05:23:46] *** Quits: GerbilSof (Windows must now restart because the Remote Procedure Call (RPC) service terminated unexpectedly.)
[05:24:01] *** Joins: GerbilSof
[05:25:26] *** Quits: GerbilS3 (Read error: Operation timed out)
[05:49:17] *** Quits: GerbilSof (Windows must now restart because the Remote Procedure Call (RPC) service terminated unexpectedly.)
[05:50:46] *** Joins: GerbilSof
[08:43:15] *** Joins: fgsfds
[09:15:14] *** Quits: oreo639 (Read error: Operation timed out)
[12:56:34] *** Joins: n87
[13:54:07] *** Quits: lameboy (Read error: Connection reset by peer)
[13:54:44] *** Joins: lameboy
[13:55:11] *** Quits: Mimoja8 (Ping timeout (120 seconds))
[13:56:41] *** Quits: Stary (ZNC - http://znc.in)
[13:58:25] *** Joins: Stary
[18:30:29] *** Quits: m4ts (Excess Flood)
[18:31:21] *** Joins: m4ts
[19:54:37] *** Joins: oreo639
[20:14:18] *** Quits: fgsfds (Ping timeout: 265 seconds)
[20:29:43] *** Quits: oreo639 (Quit: Quit)
[20:30:07] *** Joins: oreo639
[20:38:51] *** Joins: refs
[21:32:57] *** Joins: fgsfds
[21:37:20] *** Quits: refs (Ping timeout: 186 seconds)
[21:48:43] *** Joins: refs`
[22:58:21] *** Quits: fgsfds (Quit: Leaving)
[23:59:16] *** Quits: n87 (Read error: Connection reset by peer)
