[02:45:23] *** Quits: refs` (Quit: refs`)
[03:12:19] *** Joins: aa2038
[03:18:14] *** Joins: Snetry
[03:19:33] *** Quits: Sentry (Read error: Connection refused)
[03:19:33] *** Snetry is now known as Sentry
[05:19:52] *** Quits: lameboy (Quit: bbl)
[06:03:50] *** Joins: lameboy
[06:07:35] *** Quits: lameboy (Read error: Connection reset by peer)
[06:08:30] *** Joins: lameboy
[06:10:39] *** Quits: sh0e (Quit: Bye.)
[06:39:28] *** Joins: sh0e
[08:47:36] *** Joins: fgsfds
[09:18:27] *** Quits: oreo639 (Read error: Operation timed out)
[09:19:07] *** Quits: flotwig (Read error: Operation timed out)
[09:19:28] *** Quits: xperia64 (Read error: Operation timed out)
[09:30:15] *** Joins: flotwig
[10:13:51] *** Quits: fgsfds (Ping timeout: 265 seconds)
[10:28:13] *** Joins: xperia64
[11:07:17] *** Joins: n87
[12:17:46] *** Joins: IShaDoWl
[14:16:41] *** Joins: fgsfds
[15:23:21] *** Quits: fgsfds (Read error: Operation timed out)
[15:40:42] *** Quits: aa2038 (Remote host closed the connection)
[15:59:34] *** Quits: m4ts (Excess Flood)
[15:59:52] *** Joins: m4ts
[16:01:39] *** Joins: fgsfds
[16:20:49] *** Joins: Phils3r
[16:26:53] *** Quits: Phils3r_ (Ping timeout: 615 seconds)
[16:43:21] *** Quits: fgsfds (Ping timeout: 612 seconds)
[17:02:59] *** Quits: flotwig (Read error: Operation timed out)
[17:09:57] *** Joins: flotwig
[17:29:54] *** Quits: m4ts (Excess Flood)
[17:30:11] *** Joins: m4ts
[20:17:37] *** Joins: oreo639
[21:18:42] *** Joins: refs
[21:23:50] *** Joins: fgsfds
[21:57:38] *** Joins: rajkosto
[22:31:16] *** Quits: Surkow (Remote host closed the connection)
[22:32:49] *** Joins: Surkow
[23:49:19] *** Quits: fgsfds (Leaving)
