[00:15:02] *** Quits: Phils3r (Quit: ZNC - https://znc.in)
[00:15:10] *** Joins: Phils3r
[00:33:35] *** Quits: n87 (Read error: Connection reset by peer)
[02:26:01] *** Joins: Snetry
[02:27:20] *** Quits: Sentry (Read error: Operation timed out)
[02:27:20] *** Snetry is now known as Sentry
[02:41:50] *** Joins: Snetry
[02:43:09] *** Quits: Sentry (Read error: Operation timed out)
[02:43:09] *** Snetry is now known as Sentry
[02:57:47] *** Quits: refs (Quit: refs)
[03:39:38] *** Joins: Snetry
[03:40:58] *** Quits: Sentry (Read error: Operation timed out)
[03:40:58] *** Snetry is now known as Sentry
[03:44:18] *** Quits: rajkosto (Read error: Connection reset by peer)
[03:51:43] *** Quits: sh0e (Ping timeout: 745 seconds)
[03:51:46] *** Joins: sh0e
[05:09:36] *** Quits: ris2z (Ping timeout: 186 seconds)
[07:03:52] *** Quits: nrq_ (Remote host closed the connection)
[07:38:16] *** Joins: nrq
[09:47:47] *** Quits: oreo639 (Read error: Operation timed out)
[10:51:54] *** Joins: uyjulian_
[10:54:18] *** Quits: uyjulian (Read error: Operation timed out)
[10:54:18] *** uyjulian_ is now known as uyjulian
[10:57:51] *** Joins: fgsfds
[12:02:31] *** Quits: fgsfds (Quit: Leaving)
[12:03:49] *** Joins: ris2z
[12:03:50] *** Quits: ris2z (Excess Flood)
[12:06:55] *** Joins: ris2z
[12:06:56] *** Quits: ris2z (Excess Flood)
[12:08:21] *** Joins: ris2z
[12:08:21] *** Quits: ris2z (Excess Flood)
[12:09:42] *** Joins: ris2z
[12:09:43] *** Quits: ris2z (Excess Flood)
[12:10:57] *** Joins: ris2z
[12:10:57] *** Quits: ris2z (Excess Flood)
[12:12:13] *** Joins: ris2z
[12:12:13] *** Quits: ris2z (Excess Flood)
[12:14:34] *** Joins: ris2z
[12:31:59] *** Quits: nrq (Quit: -o-)
[12:33:04] *** Joins: n87
[13:11:25] *** Joins: nrq
[13:49:17] *** Quits: IShaDoWl ()
[15:52:29] *** Quits: n87 (Read error: Connection reset by peer)
[16:50:23] *** Quits: m4ts (Excess Flood)
[16:50:40] *** Joins: m4ts
[18:47:06] *** Joins: fgsfds
[20:02:31] *** Joins: oreo639
[20:55:43] *** Joins: refs
[21:09:59] *** Joins: n87
