[00:04:01] *** Quits: fgsfds (Quit: Leaving)
[00:10:42] *** Joins: Snetry
[00:12:02] *** Quits: Sentry (Read error: Operation timed out)
[00:12:02] *** Snetry is now known as Sentry
[00:38:40] *** Quits: n87 (Read error: Connection reset by peer)
[03:28:54] *** Quits: refs (Quit: refs)
[05:26:09] *** Quits: oreo639 (Quit: Quit)
[05:26:28] *** Joins: oreo639
[05:26:30] *** Quits: oreo639 (Client Quit)
[05:26:48] *** Joins: oreo639
[05:29:07] *** Quits: oreo639 (Client Quit)
[05:29:28] *** Joins: oreo639
[08:28:28] *** Quits: nrq (Ping timeout: 745 seconds)
[09:55:53] *** Quits: oreo639 (Ping timeout: 260 seconds)
[10:21:44] *** Joins: nrq
[12:57:19] *** Joins: fgsfds
[14:07:29] *** Quits: fgsfds (Ping timeout: 265 seconds)
[17:17:04] *** Joins: n87
[17:17:56] *** Quits: n87 (Client Quit)
[18:07:03] *** Joins: fgsfds
[19:04:53] *** Quits: m4ts (Excess Flood)
[19:05:11] *** Joins: m4ts
[20:59:44] *** Joins: ihaveama-
[20:59:44] *** Quits: ihaveamac (Read error: Connection reset by peer)
[21:28:11] *** Joins: n87
[21:29:33] *** Joins: oreo639
