[01:25:00] *** Quits: n87 (Read error: Connection reset by peer)
[01:39:15] *** Quits: m4ts (Excess Flood)
[01:45:14] *** Joins: m4ts
[03:27:39] *** Quits: fgsfds (Ping timeout: 612 seconds)
[04:10:44] *** Quits: m4ts (Excess Flood)
[04:11:33] *** Joins: m4ts
[04:49:39] *** Quits: ihaveama- (Quit: fail)
[04:51:39] *** Joins: ihaveamac
[05:12:43] *** Quits: uyjulian (ircd.choopa.net irc.choopa.net)
[05:12:43] *** Quits: |Shadow| (ircd.choopa.net irc.choopa.net)
[05:12:43] *** Quits: Kyouju (ircd.choopa.net irc.choopa.net)
[05:12:43] *** Quits: DacoTaco (ircd.choopa.net irc.choopa.net)
[05:12:43] *** Quits: nich (ircd.choopa.net irc.choopa.net)
[05:12:43] *** Quits: djorz (ircd.choopa.net irc.choopa.net)
[05:12:43] *** Quits: tpw_rules (ircd.choopa.net irc.choopa.net)
[05:12:48] *** Joins: Kyouju_
[05:12:56] *** Joins: tpw-rules
[05:13:06] *** Joins: DacoTaco_
[05:27:58] *** tpw-rules is now known as tpw_rules
[06:12:32] *** Joins: uyjulian
[06:47:14] *** Joins: |Shadow|
[07:42:18] *** Joins: nich
[09:44:34] *** Joins: fgsfds
[10:11:10] *** Quits: oreo639 (Read error: Operation timed out)
[10:18:54] *** Quits: m4ts (Excess Flood)
[10:20:01] *** Joins: m4ts
[10:37:19] *** Quits: fgsfds (Read error: Connection reset by peer)
[11:48:46] *** Joins: n87
[12:37:25] *** Quits: m4ts (Excess Flood)
[12:38:41] *** Joins: m4ts
[14:43:02] *** Joins: djorz
[15:33:29] *** Joins: fgsfds
[17:07:06] *** Quits: n87 (Read error: Connection reset by peer)
[17:12:13] *** Quits: Behemoth_ (se.hub efnet.deic.eu)
[17:12:13] *** Quits: lemmy (se.hub efnet.deic.eu)
[17:12:13] *** Quits: nohit (se.hub efnet.deic.eu)
[17:46:19] *** Quits: Stary (Quit: ZNC - http://znc.in)
[17:50:04] *** Joins: Behemoth_
[17:50:04] *** Joins: lemmy
[17:50:04] *** Joins: nohit
[18:42:36] *** Joins: refs
[19:26:29] *** Joins: Stary
[19:36:21] *** Quits: Stary (Read error: Connection reset by peer)
[19:39:24] *** Joins: Stary
[20:04:26] *** Joins: n87
[21:37:19] *** Quits: fgsfds (Ping timeout: 265 seconds)
[22:01:15] *** Joins: oreo639
[23:24:13] *** Quits: oreo639 (Read error: Operation timed out)
[23:26:39] *** Joins: fgsfds
[23:52:06] *** Quits: m4ts (Excess Flood)
[23:52:19] *** Quits: fgsfds (Quit: Leaving)
[23:53:57] *** Joins: oreo639
[23:55:19] *** Joins: m4ts
