[00:31:43] *** Quits: n87 (Read error: Connection reset by peer)
[04:53:35] *** Quits: refs (Quit: refs)
[10:40:31] *** Quits: GerbilSof (Quit: Windows must now restart because the Remote Procedure Call (RPC) service terminated unexpectedly.)
[10:48:45] *** Joins: GerbilSof
[11:24:46] *** Joins: fgsfds
[11:30:54] *** Quits: oreo639 (Read error: Operation timed out)
[12:25:54] *** Quits: m4ts (Excess Flood)
[12:43:10] *** Joins: m4ts
[13:09:52] *** Joins: refs
[15:11:43] *** Quits: m4ts (Excess Flood)
[15:31:34] *** Joins: m4ts
[16:58:58] *** Quits: m4ts (Excess Flood)
[17:00:19] *** Joins: m4ts
[19:03:38] *** Quits: phigcloud (Read error: Operation timed out)
[19:04:36] *** Joins: phigcloud
[19:24:27] *** Quits: d3m3vilur (Ping timeout: 493 seconds)
[19:25:15] *** Joins: d3m3vilur
[19:33:25] *** Joins: Extrems`
[19:39:47] *** Quits: d3m3vilur (Ping timeout: 493 seconds)
[19:44:00] *** Quits: Sentry (Read error: Operation timed out)
[19:44:04] *** Quits: Extrems (Read error: Operation timed out)
[19:44:04] *** Extrems` is now known as Extrems
[19:44:14] *** Quits: lex (Read error: Operation timed out)
[19:45:14] *** Joins: IShaDoWl
[19:47:27] *** Joins: d3m3vilur
[19:47:32] *** Joins: lex1
[19:51:08] *** Joins: Sentry
[20:18:31] *** Joins: oreo639
[20:42:07] *** Quits: zini (Quit: -->)
[20:42:51] *** Joins: zini
[22:05:45] *** Joins: n87
[23:03:28] *** Joins: Extrems`
[23:09:48] *** Quits: Extrems (Ping timeout: 745 seconds)
[23:09:48] *** Extrems` is now known as Extrems
[23:17:23] *** Quits: hexkyz (Ping timeout: 745 seconds)
[23:19:37] *** Joins: hexkyz
[23:24:56] *** Quits: GerbilSof (Read error: Operation timed out)
[23:33:39] *** Quits: fgsfds (Quit: Leaving)
[23:35:51] *** Joins: GerbilSof
