[00:01:11] *** Quits: oreo639 (irc.swepipe.se se.hub)
[00:01:11] *** Quits: Behemoth_ (irc.swepipe.se se.hub)
[00:01:11] *** Quits: lemmy (irc.swepipe.se se.hub)
[00:01:11] *** Quits: nohit (irc.swepipe.se se.hub)
[00:01:11] *** Quits: Sentry (irc.swepipe.se se.hub)
[00:01:11] *** Quits: d3m3vilur (irc.swepipe.se se.hub)
[00:01:11] *** Quits: lex1 (irc.swepipe.se se.hub)
[00:01:11] *** Quits: DacoTaco_ (irc.swepipe.se se.hub)
[00:01:11] *** Quits: GerbilSof (irc.swepipe.se se.hub)
[00:01:11] *** Quits: Extrems (irc.swepipe.se se.hub)
[00:01:11] *** Quits: IShaDoWl (irc.swepipe.se se.hub)
[00:01:11] *** Quits: ihaveamac (irc.swepipe.se se.hub)
[00:01:11] *** Quits: balrog (irc.swepipe.se se.hub)
[00:01:11] *** Quits: nrq (irc.swepipe.se se.hub)
[00:01:11] *** Quits: zombie343 (irc.swepipe.se se.hub)
[00:01:11] *** Quits: mtheall_ (irc.swepipe.se se.hub)
[00:01:11] *** Quits: plutobot_ (irc.swepipe.se se.hub)
[00:01:11] *** Quits: eggy (irc.swepipe.se se.hub)
[00:01:11] *** Quits: n87 (irc.swepipe.se se.hub)
[00:01:11] *** Quits: phigcloud (irc.swepipe.se se.hub)
[00:01:11] *** Quits: m4ts (irc.swepipe.se se.hub)
[00:01:11] *** Quits: Stary (irc.swepipe.se se.hub)
[00:01:11] *** Quits: Ghabry (irc.swepipe.se se.hub)
[00:01:11] *** Quits: fincs (irc.swepipe.se se.hub)
[00:01:11] *** Quits: WntrMute (irc.swepipe.se se.hub)
[00:01:11] *** Quits: Genolo (irc.swepipe.se se.hub)
[00:01:11] *** Quits: klock (irc.swepipe.se se.hub)
[00:01:11] *** Quits: GrecKo_ (irc.swepipe.se se.hub)
[00:01:11] *** Quits: KuKzz (irc.swepipe.se se.hub)
[00:01:11] *** Quits: oldtopman (irc.swepipe.se se.hub)
[00:01:11] *** Quits: |Shadow| (irc.swepipe.se se.hub)
[00:01:11] *** Quits: Kyouju_ (irc.swepipe.se se.hub)
[00:01:11] *** Quits: sh0e (irc.swepipe.se se.hub)
[00:01:11] *** Quits: Surkow (irc.swepipe.se se.hub)
[00:01:11] *** Quits: Normmatt (irc.swepipe.se se.hub)
[00:01:11] *** Quits: TurtleP_ (irc.swepipe.se se.hub)
[00:01:11] *** Quits: yellows8 (irc.swepipe.se se.hub)
[00:01:11] *** Quits: GeekShado (irc.swepipe.se se.hub)
[00:01:11] *** Quits: Cu3PO42 (irc.swepipe.se se.hub)
[00:01:11] *** Quits: Maylay (irc.swepipe.se se.hub)
[00:01:11] *** Quits: yls8bot (irc.swepipe.se se.hub)
[00:01:11] *** Quits: Lightswor (irc.swepipe.se se.hub)
[00:01:11] *** Quits: freundTe- (irc.swepipe.se se.hub)
[00:01:11] *** Quits: tpw_rules (irc.swepipe.se se.hub)
[00:01:11] *** Quits: xperia64 (irc.swepipe.se se.hub)
[00:01:11] *** Quits: djorz (irc.swepipe.se se.hub)
[00:01:11] *** Quits: nich (irc.swepipe.se se.hub)
[00:01:11] *** Quits: refs (irc.swepipe.se se.hub)
[00:01:11] *** Quits: ris2z (irc.swepipe.se se.hub)
[00:01:11] *** Quits: hexkyz (irc.swepipe.se se.hub)
[00:01:11] *** Quits: zini (irc.swepipe.se se.hub)
[00:01:11] *** Quits: uyjulian (irc.swepipe.se se.hub)
[00:01:12] *** Quits: Phils3r (irc.swepipe.se se.hub)
[00:01:12] *** Quits: flotwig (irc.swepipe.se se.hub)
[00:01:12] *** Quits: lameboy (irc.swepipe.se se.hub)
[00:01:12] *** Quits: dibas (irc.swepipe.se se.hub)
[00:01:12] *** Quits: CCFL_Man (irc.swepipe.se se.hub)
[00:01:12] *** Quits: TAL (irc.swepipe.se se.hub)
[00:01:12] *** Quits: mid-kid4 (irc.swepipe.se se.hub)
[00:11:50] *** Joins: balrog
[00:11:50] *** Joins: ihaveamac
[00:11:50] *** Joins: DacoTaco_
[00:11:50] *** Joins: IShaDoWl
[00:11:50] *** Joins: d3m3vilur
[00:11:50] *** Joins: lex1
[00:11:50] *** Joins: Sentry
[00:11:50] *** Joins: Extrems
[00:11:50] *** Joins: GerbilSof
[00:11:50] *** Joins: eggy
[00:11:50] *** Joins: plutobot_
[00:11:50] *** Joins: mtheall_
[00:11:50] *** Joins: zombie343
[00:11:50] *** Joins: nrq
[00:11:50] *** Joins: klock
[00:11:50] *** Joins: Genolo
[00:11:50] *** Joins: WntrMute
[00:11:50] *** Joins: fincs
[00:11:50] *** Joins: Ghabry
[00:11:50] *** Joins: Stary
[00:11:50] *** Joins: m4ts
[00:11:50] *** Joins: phigcloud
[00:11:50] *** Joins: n87
[00:11:50] *** Joins: nohit
[00:11:50] *** Joins: lemmy
[00:11:50] *** Joins: Behemoth_
[00:11:50] *** Joins: oreo639
[00:11:50] *** Joins: refs
[00:11:50] *** Joins: ris2z
[00:11:50] *** Joins: freundTe-
[00:11:50] *** Joins: Lightswor
[00:11:50] *** Joins: yls8bot
[00:11:50] *** Joins: Maylay
[00:11:50] *** Joins: Cu3PO42
[00:11:50] *** Joins: GeekShado
[00:11:50] *** Joins: yellows8
[00:11:50] *** Joins: TurtleP_
[00:11:50] *** Joins: oldtopman
[00:11:50] *** Joins: Normmatt
[00:11:50] *** Joins: KuKzz
[00:11:50] *** Joins: GrecKo_
[00:11:50] *** Joins: xperia64
[00:11:50] *** Joins: Surkow
[00:11:50] *** Joins: sh0e
[00:11:50] *** Joins: Kyouju_
[00:11:50] *** Joins: tpw_rules
[00:11:50] *** se.hub sets mode: +ooo fincs yls8bot yellows8
[00:11:50] *** Joins: |Shadow|
[00:11:50] *** Joins: nich
[00:11:50] *** Joins: djorz
[00:11:50] *** Joins: mid-kid4
[00:11:50] *** Joins: TAL
[00:11:50] *** Joins: CCFL_Man
[00:11:50] *** Joins: dibas
[00:11:50] *** Joins: lameboy
[00:11:50] *** Joins: flotwig
[00:11:50] *** Joins: Phils3r
[00:11:50] *** Joins: uyjulian
[00:11:50] *** Joins: zini
[00:11:50] *** Joins: hexkyz
[01:17:48] *** Quits: oreo639 (se.hub efnet.deic.eu)
[01:17:48] *** Quits: Behemoth_ (se.hub efnet.deic.eu)
[01:17:48] *** Quits: lemmy (se.hub efnet.deic.eu)
[01:17:48] *** Quits: nohit (se.hub efnet.deic.eu)
[01:22:23] *** Joins: Behemoth
[01:23:30] *** Joins: oreo639_
[01:25:28] *** Joins: oreo639
[01:25:28] *** Joins: Behemoth_
[01:25:28] *** Joins: lemmy
[01:25:28] *** Joins: nohit
[01:36:22] *** Quits: oreo639 (se.hub efnet.deic.eu)
[01:36:22] *** Quits: Behemoth_ (se.hub efnet.deic.eu)
[01:36:22] *** Quits: lemmy (se.hub efnet.deic.eu)
[01:36:22] *** Quits: nohit (se.hub efnet.deic.eu)
[01:49:10] *** Quits: n87 (Read error: Connection reset by peer)
[02:19:12] *** Joins: lemmy
[02:19:13] *** Joins: nohit
[03:08:14] *** Joins: Snetry
[03:09:34] *** Quits: Sentry (Read error: Operation timed out)
[03:09:34] *** Snetry is now known as Sentry
[03:49:49] *** Quits: m4ts (Ping timeout: 265 seconds)
[04:17:13] *** Quits: Sentry (Read error: Connection reset by peer)
[04:17:22] *** Joins: Sentry
[04:18:03] *** Quits: d3m3vilur (Ping timeout: 493 seconds)
[04:18:07] *** Joins: d3m3vilur
[04:46:42] *** Quits: lemmy (se.hub efnet.deic.eu)
[04:46:42] *** Quits: nohit (se.hub efnet.deic.eu)
[05:02:30] *** Quits: refs (Quit: refs)
[05:20:03] *** Joins: lemmy
[05:20:03] *** Joins: nohit
[06:16:51] *** Quits: GerbilSof (Quit: Windows must now restart because the Remote Procedure Call (RPC) service terminated unexpectedly.)
[06:17:09] *** Joins: GerbilSof
[06:30:29] *** Quits: oreo639_ (Quit: Quit)
[06:31:26] *** Joins: oreo639
[08:22:22] *** Quits: oreo639 (Read error: Operation timed out)
[09:34:11] *** Quits: |Shadow| ()
[09:41:47] *** Joins: |Shadow|
[12:14:18] *** Quits: GerbilSof (Ping timeout: 612 seconds)
[12:23:56] *** Joins: fgsfds
[12:29:33] *** Joins: m4ts
[13:07:32] *** Joins: n87
[13:33:22] *** Joins: m4ts_
[13:34:10] *** Quits: m4ts (Ping timeout: 265 seconds)
[15:55:10] *** Joins: GerbilSof
[16:00:27] *** Joins: cpnc0ke
[18:00:24] *** Joins: oreo639
[19:18:41] *** Quits: lemmy (se.hub efnet.deic.eu)
[19:18:41] *** Quits: nohit (se.hub efnet.deic.eu)
[19:35:52] *** Joins: lemmy
[19:35:52] *** Joins: nohit
[20:14:03] *** Quits: n87 (Quit: Leaving)
[21:48:29] *** Joins: refs
[22:57:20] *** Quits: fgsfds (Quit: Leaving)
