[02:42:54] *** Quits: refs (Quit: refs)
[03:02:31] *** Quits: Sentry (Read error: Operation timed out)
[03:03:19] *** Joins: Sentry
[04:00:57] *** Joins: Snetry
[04:02:16] *** Quits: Sentry (Read error: Operation timed out)
[04:02:17] *** Snetry is now known as Sentry
[08:58:36] *** Quits: oreo639 (Read error: Operation timed out)
[11:31:11] *** Quits: Stary (Quit: ZNC - http://znc.in)
[11:39:55] *** Joins: Stary
[12:22:39] *** Joins: IShaDoWl
[12:23:27] *** Quits: m4ts (Excess Flood)
[12:25:45] *** Joins: m4ts
[16:06:05] *** Quits: m4ts (Excess Flood)
[16:08:01] *** Joins: m4ts
[18:21:09] *** Joins: Behemoth_
[18:49:47] *** Joins: Maylay_
[18:49:47] *** Quits: Maylay (Read error: Connection reset by peer)
[20:34:32] *** Joins: oreo639
[21:18:06] *** Quits: Maylay_ (Read error: Operation timed out)
[21:34:40] *** Joins: Maylay
[21:49:49] *** Quits: Behemoth (Quit)
[21:50:15] *** Quits: Behemoth_ (Quit: Quit)
[21:51:22] *** Joins: Behemoth
[22:35:00] *** Quits: Maylay (Read error: Operation timed out)
[22:57:00] *** Joins: Maylay
