[00:37:41] *** Quits: oreo639 (Read error: Operation timed out)
[02:50:06] *** Quits: m4ts (Excess Flood)
[02:51:01] *** Joins: m4ts
[03:59:47] *** Joins: Snetry
[04:01:06] *** Quits: Sentry (Read error: Operation timed out)
[04:01:07] *** Snetry is now known as Sentry
[04:39:48] *** Quits: m4ts (Excess Flood)
[04:40:13] *** Joins: m4ts
[06:42:06] *** Joins: oreo639
[09:02:36] *** Joins: m4ts_
[09:03:43] *** Quits: m4ts (Ping timeout: 265 seconds)
[09:21:54] *** Joins: m4ts
[09:24:30] *** Quits: m4ts_ (Ping timeout: 265 seconds)
[10:07:37] *** Joins: fgsfds
[10:25:24] *** Joins: n87
[10:39:22] *** Quits: m4ts (Excess Flood)
[10:41:12] *** Joins: m4ts
[11:17:10] *** Quits: oreo639 (Ping timeout: 612 seconds)
[13:02:58] *** Quits: fgsfds (Ping timeout: 265 seconds)
[13:32:41] *** Quits: lemmy (se.hub efnet.deic.eu)
[13:32:41] *** Quits: nohit (se.hub efnet.deic.eu)
[13:37:24] *** Joins: lemmy
[13:37:25] *** Joins: nohit
[14:58:31] *** Quits: n87 (Read error: Connection reset by peer)
[16:21:11] *** Joins: fgsfds
[16:45:41] *** Quits: m4ts (Excess Flood)
[16:47:43] *** Joins: m4ts
[16:54:18] *** Quits: fgsfds (Read error: Operation timed out)
[17:21:03] *** Quits: m4ts (Excess Flood)
[17:21:38] *** Joins: m4ts
[17:22:28] *** Joins: fgsfds
[17:22:59] *** Joins: figgis_
[17:30:04] *** Quits: fgsfds (Read error: Operation timed out)
[17:34:09] *** Quits: CCFL_Man (Ping timeout: 745 seconds)
[18:00:45] *** Joins: refs
[18:46:43] *** Quits: figgis_ (Remote host closed the connection)
[18:47:04] *** Joins: figgis_
[18:56:29] *** Quits: m4ts (Excess Flood)
[18:57:59] *** Joins: m4ts
[19:32:15] *** Joins: n87
[20:05:15] *** Quits: m4ts (Excess Flood)
[20:05:53] *** Joins: m4ts
[20:54:53] *** Quits: figgis_ (Ping timeout: 612 seconds)
[20:58:58] *** Joins: figgis_
[21:03:44] *** Quits: figgis_ (Read error: Connection reset by peer)
[21:36:38] *** Joins: oreo639
[22:18:28] *** Quits: balrog (Quit: Bye)
[22:21:39] *** Joins: balrog
[22:59:02] *** Quits: m4ts (Excess Flood)
[22:59:54] *** Joins: m4ts
[23:05:03] *** Quits: m4ts (Excess Flood)
[23:10:46] *** Joins: m4ts
