[00:24:56] *** Quits: n87 (Read error: Connection reset by peer)
[01:09:26] *** Joins: CCFL_Man
[02:38:27] *** Quits: m4ts (Excess Flood)
[02:41:19] *** Joins: m4ts
[04:38:25] *** Quits: refs (Quit: refs)
[08:16:30] *** Quits: m4ts (Excess Flood)
[08:17:48] *** Joins: m4ts
[09:30:26] *** Quits: |Shadow| (Read error: Operation timed out)
[09:30:46] *** Joins: |Shadow|
[10:17:11] *** Quits: oreo639 (Remote host closed the connection)
[10:18:03] *** Joins: oreo639
[11:00:49] *** Joins: fgsfds
[11:14:37] *** Quits: m4ts (Excess Flood)
[11:16:50] *** Joins: m4ts
[11:37:59] *** Quits: fgsfds (Quit: Leaving)
[12:57:02] *** Quits: m4ts (Excess Flood)
[12:58:50] *** Joins: m4ts
[13:09:01] *** Joins: fgsfds
[13:14:36] *** Quits: oreo639 (Ping timeout: 480 seconds)
[13:28:26] *** Joins: refs
[13:57:55] *** Quits: fgsfds (Ping timeout: 265 seconds)
[14:57:22] *** Quits: m4ts (Ping timeout: 265 seconds)
[17:14:22] *** Joins: m4ts
[18:55:02] *** Joins: fgsfds
[19:28:11] *** Joins: n87
[19:39:22] *** Quits: Maylay (Read error: Operation timed out)
[19:44:01] *** Joins: Maylay
[20:53:12] *** Joins: oreo639
[22:15:10] *** Joins: rajkosto
[22:34:23] *** Quits: n87 (Read error: Connection reset by peer)
[22:42:55] *** Quits: fgsfds (Read error: Connection reset by peer)
