[00:04:51] *** Quits: fgsfds (Read error: Connection reset by peer)
[00:43:23] *** Joins: refs
[01:13:59] *** Quits: oreo639 (Ping timeout: 376 seconds)
[02:45:48] *** Quits: refs (Quit: refs)
[03:34:18] *** Joins: oreo639
[06:05:37] *** Quits: oreo639 (Ping timeout: 622 seconds)
[07:15:33] *** Joins: oreo639
[07:25:21] *** Quits: oreo639 (Read error: Operation timed out)
[09:01:46] *** Joins: fgsfds
[10:18:50] *** Joins: lameboy2
[10:24:26] *** Quits: lameboy (Read error: Operation timed out)
[10:24:31] *** lameboy2 is now known as lameboy
[11:04:46] *** Quits: IShaDoWl (Read error: Operation timed out)
[12:17:24] *** Joins: GrecKo_
[12:18:59] *** Quits: Cu3PO42 (Ping timeout: 376 seconds)
[12:22:59] *** Quits: freundTe- (Read error: Operation timed out)
[12:24:53] *** Quits: GrecKo (Read error: Operation timed out)
[12:25:14] *** Joins: freundTec
[13:02:22] *** Joins: Cu3PO42
[13:08:04] *** Joins: proconsul
[13:08:33] <proconsul> hi all
[13:11:07] <proconsul> let me introduce myself, i am proconsule54 from gbatemp forum, i am the author of NXMP media player. Nice to see IRC is still alive (i don't like discord), this bring me back memories...
[16:52:47] *** Quits: proconsul ()
[18:21:49] *** Joins: oreo639
[20:03:17] *** Joins: bluesage
[22:18:47] *** Quits: bluesage (Read error: Operation timed out)
[23:50:05] *** Joins: bluesage
