[00:15:09] *** Quits: bluesage (Quit: Quit)
[00:39:42] *** Quits: GerbilSof (Quit: Windows must now restart because the Remote Procedure Call (RPC) service terminated unexpectedly.)
[00:46:57] *** Joins: GerbilSof
[00:48:54] *** Quits: fgsfds (Read error: Connection reset by peer)
[02:05:16] *** Joins: refs
[04:04:11] *** Quits: refs (Quit: refs)
[05:45:29] *** Quits: oreo639 (Ping timeout: 622 seconds)
[08:20:37] *** Joins: oreo639
[09:23:11] *** Quits: oreo639 (Read error: Operation timed out)
[09:23:45] *** Quits: nrq (Remote host closed the connection)
[09:29:26] *** Joins: nrq
[09:54:47] *** Quits: nrq (Quit: leaving)
[09:57:23] *** Joins: nrq
[10:49:51] *** Joins: fgsfds
[11:51:13] *** Quits: Genolo (ircd.choopa.net irc.servercentral.net)
[11:51:13] *** Quits: yls8bot (ircd.choopa.net irc.servercentral.net)
[11:51:13] *** Quits: ihaveamac (ircd.choopa.net irc.servercentral.net)
[11:51:13] *** Quits: Lightswor (ircd.choopa.net irc.servercentral.net)
[11:51:13] *** Quits: Surkow (ircd.choopa.net irc.servercentral.net)
[11:51:13] *** Quits: balrog (ircd.choopa.net irc.servercentral.net)
[11:51:13] *** Quits: Normmatt (ircd.choopa.net irc.servercentral.net)
[11:51:13] *** Quits: CCFL_Man (ircd.choopa.net irc.servercentral.net)
[11:51:13] *** Quits: TurtleP (ircd.choopa.net irc.servercentral.net)
[11:51:13] *** Quits: DacoTaco (ircd.choopa.net irc.servercentral.net)
[11:51:13] *** Quits: Maylay_ (ircd.choopa.net irc.servercentral.net)
[11:51:13] *** Quits: klock (ircd.choopa.net irc.servercentral.net)
[11:51:13] *** Quits: yellows8 (ircd.choopa.net irc.servercentral.net)
[11:51:13] *** Quits: tpw_rules (ircd.choopa.net irc.servercentral.net)
[14:10:44] *** Joins: Genolo
[14:10:44] *** Joins: yls8bot
[14:10:44] *** Joins: ihaveamac
[14:10:44] *** Joins: Lightswor
[14:10:44] *** Joins: Surkow
[14:10:44] *** Joins: balrog
[14:10:44] *** Joins: Normmatt
[14:10:44] *** Joins: CCFL_Man
[14:10:44] *** Joins: TurtleP
[14:10:44] *** Joins: DacoTaco
[14:10:44] *** Joins: Maylay_
[14:10:44] *** Joins: klock
[14:10:44] *** Joins: yellows8
[14:10:44] *** Joins: tpw_rules
[14:10:44] *** irc.servercentral.net sets mode: +oo yls8bot yellows8
[15:07:12] *** Quits: DacoTaco (Remote host closed the connection)
[15:07:24] *** Joins: DacoTaco
[15:16:08] *** Quits: Genolo (ircd.choopa.net irc.servercentral.net)
[15:16:08] *** Quits: yls8bot (ircd.choopa.net irc.servercentral.net)
[15:16:08] *** Quits: ihaveamac (ircd.choopa.net irc.servercentral.net)
[15:16:08] *** Quits: Lightswor (ircd.choopa.net irc.servercentral.net)
[15:16:08] *** Quits: Surkow (ircd.choopa.net irc.servercentral.net)
[15:16:08] *** Quits: balrog (ircd.choopa.net irc.servercentral.net)
[15:16:08] *** Quits: Normmatt (ircd.choopa.net irc.servercentral.net)
[15:16:08] *** Quits: CCFL_Man (ircd.choopa.net irc.servercentral.net)
[15:16:08] *** Quits: TurtleP (ircd.choopa.net irc.servercentral.net)
[15:16:08] *** Quits: Maylay_ (ircd.choopa.net irc.servercentral.net)
[15:16:08] *** Quits: klock (ircd.choopa.net irc.servercentral.net)
[15:16:08] *** Quits: yellows8 (ircd.choopa.net irc.servercentral.net)
[15:16:08] *** Quits: tpw_rules (ircd.choopa.net irc.servercentral.net)
[17:03:00] *** Joins: Genolo
[17:03:00] *** Joins: yls8bot
[17:03:00] *** Joins: ihaveamac
[17:03:00] *** Joins: Lightswor
[17:03:00] *** Joins: Surkow
[17:03:00] *** Joins: balrog
[17:03:00] *** Joins: Normmatt
[17:03:00] *** Joins: CCFL_Man
[17:03:00] *** Joins: TurtleP
[17:03:00] *** Joins: Maylay_
[17:03:00] *** Joins: klock
[17:03:00] *** Joins: yellows8
[17:03:00] *** Joins: tpw_rules
[17:03:00] *** irc.servercentral.net sets mode: +oo yls8bot yellows8
[18:16:11] *** Joins: refs
[19:57:51] *** Quits: averne (quit)
[19:58:15] *** Joins: averne
[19:58:15] *** Server sets mode: +stn 
[20:43:18] *** Joins: oreo639
[23:06:18] <plutobot> Wiki | Page changed: Joy-Con | User: Hexkyz | https://switchbrew.org/w/index.php?curid=55&diff=12458&oldid=12457
[23:43:41] *** Joins: mimoja64
[23:43:41] *** Quits: mimoja6 (Read error: Connection reset by peer)
[23:43:41] *** mimoja64 is now known as mimoja6
