[00:23:19] *** Quits: d3m3vilur (Ping timeout: 493 seconds)
[00:28:12] *** Joins: d3m3vilur
[01:15:11] *** Joins: refs
[01:55:18] *** Quits: fgsfds (Read error: Connection reset by peer)
[02:18:01] *** Joins: |Shadow|_
[02:22:59] *** Quits: |Shadow| (Read error: Operation timed out)
[03:08:39] *** |Shadow|_ is now known as |Shadow|
[04:24:30] *** Quits: refs (Quit: refs)
[05:26:46] *** Quits: phigcloud (Ping timeout: 240 seconds)
[05:27:50] *** Joins: phigcloud
[05:57:53] *** Quits: oreo639 (Ping timeout: 622 seconds)
[07:03:57] *** Joins: oreo639
[09:18:27] *** Quits: jerry (Read error: Operation timed out)
[09:54:05] *** Joins: jerry
[10:16:26] *** Quits: GeekShad1 (Read error: Operation timed out)
[10:16:45] *** Joins: GeekShado
[10:17:42] *** Quits: freundTec (Read error: Operation timed out)
[10:17:59] *** Joins: freundTec
[10:39:53] *** Quits: oreo639 (Ping timeout: 260 seconds)
[10:55:10] *** Joins: fgsfds
[13:23:20] *** Joins: refs
[13:58:24] <plutobot> GitHub | New PR: mutex fix svc... | User: xerpi | https://github.com/switchbrew/libnx/pull/620
[15:52:18] *** Joins: DacoTaco_
[15:57:49] *** Quits: DacoTaco (Read error: Operation timed out)
[21:00:23] *** Quits: GerbilSof (Quit: Windows must now restart because the Remote Procedure Call (RPC) service terminated unexpectedly.)
[21:27:25] *** Joins: GerbilSof
[21:48:57] <plutobot> Wiki | Page changed: Bus services | User: Hexkyz | https://switchbrew.org/w/index.php?curid=152&diff=12466&oldid=12418
[21:54:35] <plutobot> Wiki | Page changed: Error codes | User: Hexkyz | https://switchbrew.org/w/index.php?curid=82&diff=12467&oldid=12427
[22:11:34] *** Joins: oreo639
[23:13:50] *** Quits: ave_ (Read error: Connection reset by peer)
[23:13:51] *** Joins: ave_
