[00:07:04] *** Joins: MasterGK
[00:07:33] *** Quits: Ghabry (Read error: Connection reset by peer)
[01:11:40] *** Joins: refs
[01:20:19] *** Quits: oreo639 (Read error: Operation timed out)
[01:49:29] *** Joins: CCFL_Man
[02:12:57] *** Quits: ris2z (Ping timeout: 260 seconds)
[02:13:15] *** Joins: ris2z
[02:18:05] *** Quits: ris2z (Ping timeout: 260 seconds)
[02:18:33] *** Quits: GerbilSof (Ping timeout: 260 seconds)
[02:19:35] *** Joins: balrog_
[02:20:19] *** Joins: GerbilSof
[02:22:27] *** Quits: balrog (hub.efnet.us irc.servercentral.net)
[02:22:27] *** Quits: yls8bot (hub.efnet.us irc.servercentral.net)
[02:22:27] *** Quits: Lightswor (hub.efnet.us irc.servercentral.net)
[02:22:27] *** Quits: Surkow (hub.efnet.us irc.servercentral.net)
[02:22:27] *** Quits: Cu3PO42 (hub.efnet.us irc.servercentral.net)
[02:22:27] *** Quits: TurtleP (hub.efnet.us irc.servercentral.net)
[02:22:27] *** Quits: yellows8 (hub.efnet.us irc.servercentral.net)
[02:22:27] *** Quits: freundTec (hub.efnet.us irc.servercentral.net)
[02:22:27] *** Quits: Genolo (hub.efnet.us irc.servercentral.net)
[02:22:27] *** Quits: tpw_rules (hub.efnet.us irc.servercentral.net)
[02:23:13] *** Quits: MasterGK (Ping timeout: 260 seconds)
[02:23:21] *** Joins: Ghabry
[02:29:47] *** Joins: ris2z
[02:38:06] *** balrog_ is now known as balrog
[02:42:40] *** Quits: refs (Quit: refs)
[03:10:18] *** Joins: Lightswor
[03:10:18] *** Joins: yls8bot
[03:10:18] *** Joins: Surkow
[03:10:18] *** Joins: Cu3PO42
[03:10:18] *** Joins: TurtleP
[03:10:18] *** Joins: yellows8
[03:10:18] *** Joins: freundTec
[03:10:18] *** Joins: Genolo
[03:10:18] *** Joins: tpw_rules
[03:10:18] *** irc.servercentral.net sets mode: +oo yls8bot yellows8
[03:50:30] *** Joins: sentry
[03:51:49] *** Quits: Snetry (Read error: Connection refused)
[03:51:49] *** sentry is now known as Snetry
[04:24:02] *** Joins: oreo639
[06:52:33] *** Quits: averne (quit)
[06:52:51] *** Joins: averne_
[06:52:51] *** Server sets mode: +stn 
[06:53:08] *** Joins: lameboy2
[06:54:10] *** Quits: balrog (Read error: Operation timed out)
[06:54:27] *** Quits: flotwig (Read error: Operation timed out)
[06:54:39] *** Joins: ihaveamac
[06:55:07] *** Quits: GerbilSof (Read error: Operation timed out)
[06:55:14] *** Quits: eggster (Read error: Operation timed out)
[06:55:18] *** Joins: eggster
[06:56:20] *** Quits: pieman (Read error: Operation timed out)
[06:56:50] *** Joins: pieman
[06:56:58] *** Quits: averne (Read error: Operation timed out)
[06:56:58] *** averne_ is now known as averne
[06:57:05] *** Quits: GrecKo_ (Read error: Operation timed out)
[06:57:08] *** Joins: GrecKo
[06:57:27] *** Joins: balrog
[06:58:53] *** Quits: ihaveama- (Read error: Operation timed out)
[06:59:08] *** Quits: Maylay (Ping timeout: 483 seconds)
[06:59:14] *** Quits: oreo639 (Read error: Operation timed out)
[06:59:44] *** Joins: Maylay
[07:00:02] *** Quits: lameboy (Ping timeout: 483 seconds)
[07:00:04] *** lameboy2 is now known as lameboy
[07:02:29] *** Joins: oreo639
[07:10:23] *** Joins: GerbilSof
[08:06:12] *** Joins: flotwig
[10:39:58] *** Quits: oreo639 (Ping timeout: 622 seconds)
[10:46:32] *** Joins: oreo639
[14:23:05] *** Quits: oreo639 (Read error: Operation timed out)
[15:30:38] *** Joins: DacoTaco_
[15:31:34] *** Quits: DacoTaco (Ping timeout: 240 seconds)
[15:39:21] *** Quits: DacoTaco_ (Ping timeout: 483 seconds)
[15:57:04] *** Joins: DacoTaco
[16:18:23] *** Quits: Genolo (Ping timeout: 376 seconds)
[16:18:44] *** Joins: Genolo
[16:54:47] *** Quits: Lightswor (Read error: Connection reset by peer)
[16:54:48] *** Joins: Lightswo-
[16:55:16] *** Lightswo- is now known as Lightswor
[17:29:19] *** Quits: Lightswor (Read error: Connection reset by peer)
[17:29:30] *** Joins: Lightswor
[17:35:46] *** Joins: fgsfds
[17:55:12] *** Joins: DacoTaco_
[18:01:09] *** Quits: DacoTaco (Read error: Operation timed out)
[18:51:50] *** Joins: n87
[20:11:36] *** Joins: n87_2
[20:18:29] *** Quits: n87 (Read error: Operation timed out)
[20:47:27] *** Joins: n87_3
[20:55:52] *** Quits: n87_2 (Read error: Operation timed out)
[21:26:39] *** Quits: Genolo (Quit: cya)
[21:27:33] *** Joins: Genolo
[21:59:22] *** Quits: Genolo (Quit: cya)
[22:02:28] *** Joins: Genolo
[23:00:22] *** Quits: n87_3 (Read error: Connection reset by peer)
[23:24:30] *** Joins: oreo639
