[00:05:09] *** Quits: fgsfds (Read error: Connection reset by peer)
[01:09:00] *** Joins: n87
[01:41:20] *** Quits: oreo639 (Remote host closed the connection)
[01:41:46] *** Joins: oreo639
[01:59:34] *** Joins: refs
[03:36:55] *** Quits: refs (Quit: refs)
[03:49:18] *** Joins: sentry
[03:50:38] *** Quits: Snetry (Read error: Operation timed out)
[03:50:38] *** sentry is now known as Snetry
[04:03:11] *** Quits: oreo639 (Ping timeout: 240 seconds)
[04:13:51] *** Joins: oreo639
[06:11:28] *** Quits: oreo639 (Read error: Operation timed out)
[07:27:13] *** Joins: oreo639
[08:52:14] *** Quits: DacoTaco_ (Quit: ZNC 1.8.2 - https://znc.in)
[08:59:05] *** Joins: DacoTaco
[09:27:17] *** Quits: oreo639 (Read error: Operation timed out)
[10:55:41] *** Quits: |Shadow| (Read error: Operation timed out)
[11:10:09] *** Joins: |Shadow|
[11:30:29] *** Quits: n87 (Remote host closed the connection)
[11:32:49] *** Joins: n87
[12:16:06] *** Joins: n87_2
[12:22:32] *** Quits: n87 (Ping timeout: 620 seconds)
[12:43:49] *** Joins: fgsfds
[12:58:16] *** Quits: n87_2 (Ping timeout: 620 seconds)
[13:00:23] *** Joins: n87
[13:32:45] *** Quits: Genolo (Quit: cya)
[13:34:35] *** Joins: Genolo
[13:47:09] *** Quits: |Shadow| ()
[13:52:46] *** Joins: |Shadow|
[13:54:07] *** Quits: Genolo (Quit: cya)
[14:05:07] *** Joins: Genolo
[14:52:36] *** Quits: Genolo (Quit: cya)
[14:54:15] *** Joins: Genolo
[15:05:25] *** Quits: Genolo (Quit: cya)
[15:07:00] *** Joins: Genolo
[21:20:12] *** Joins: oreo639
[22:36:48] *** Joins: Extrems`
[22:39:46] *** Quits: Extrems (Ping timeout: 504 seconds)
[22:39:56] *** Quits: Extrems` (Read error: Operation timed out)
[22:42:07] *** Joins: Extrems
[23:03:34] *** Quits: Extrems (Quit: ZNC 1.7.5 - https://znc.in)
[23:03:46] *** Joins: Extrems
[23:05:16] *** Quits: n87 (Read error: Connection reset by peer)
[23:09:54] *** Quits: Extrems (Read error: Connection reset by peer)
[23:10:21] *** Joins: Extrems
[23:25:08] *** Joins: oreo639_
[23:25:08] *** Quits: oreo639 (Read error: Connection reset by peer)
[23:25:09] *** Quits: Extrems (Quit: ZNC 1.7.5 - https://znc.in)
[23:25:30] *** Joins: Extrems
[23:39:33] *** Quits: Extrems (Remote host closed the connection)
[23:40:42] *** Joins: Extrems
