[00:13:20] *** Quits: fgsfds (Read error: Connection reset by peer)
[01:16:29] *** Quits: oreo639 (Ping timeout: 260 seconds)
[01:26:26] *** Quits: GerbilSof (Quit: Windows must now restart because the Remote Procedure Call (RPC) service terminated unexpectedly.)
[01:36:26] *** Joins: GerbilSof
[01:38:50] *** Joins: refs
[01:46:27] <plutobot> Wiki | Page changed: Joy-Con | User: Hexkyz | https://switchbrew.org/w/index.php?curid=55&diff=12471&oldid=12461
[01:50:22] <plutobot> Wiki | Page changed: Joy-Con | User: Hexkyz | https://switchbrew.org/w/index.php?curid=55&diff=12472&oldid=12471
[01:51:14] <plutobot> Wiki | Page changed: Package2 | User: yls8 | https://switchbrew.org/w/index.php?curid=279&diff=12473&oldid=11140
[02:05:27] *** Joins: oreo639
[02:11:45] *** Quits: oreo639 (Read error: Operation timed out)
[02:53:39] *** Quits: refs (Quit: refs)
[03:41:10] *** Joins: sentry
[03:42:30] *** Quits: Snetry (Read error: Connection refused)
[03:42:30] *** sentry is now known as Snetry
[04:30:50] *** Joins: oreo639
[04:49:00] *** Quits: flotwig (ny.us.hub irc.mzima.net)
[04:49:21] *** Joins: flotwig
[09:46:51] *** Joins: fgsfds
[11:03:51] *** Quits: oreo639 (Read error: Operation timed out)
[11:50:09] *** Joins: oreo639
[12:17:10] *** Quits: IShaDoWl (Read error: Operation timed out)
[12:17:15] *** Joins: IShaDoWl
[12:34:20] *** Quits: oreo639 (Ping timeout: 622 seconds)
[15:01:46] *** Joins: n87
[18:35:56] *** Quits: GerbilSof (Quit: Windows must now restart because the Remote Procedure Call (RPC) service terminated unexpectedly.)
[18:42:17] *** Joins: GerbilSof
[21:52:00] *** Joins: oreo639
[22:02:21] *** Quits: n87 (Read error: Connection reset by peer)
