[00:32:58] *** Quits: fgsfds (Read error: Connection reset by peer)
[00:34:09] *** Quits: oreo639 (Ping timeout: 260 seconds)
[00:44:36] *** Joins: oreo639
[01:49:22] *** Joins: refs
[03:07:35] *** Joins: n87
[04:02:44] *** Quits: refs (Quit: refs)
[06:01:57] *** Joins: ihaveama-
[06:03:41] *** Joins: Genolol
[06:05:29] *** Joins: freundTe-
[06:06:51] *** Joins: TurtleP_
[06:07:10] *** Joins: yls8bot_
[06:07:48] *** Joins: tpw-rules
[06:15:47] *** Quits: ihaveamac (ny.us.hub irc.servercentral.net)
[06:15:47] *** Quits: Surkow (ny.us.hub irc.servercentral.net)
[06:15:47] *** Quits: Genolo (ny.us.hub irc.servercentral.net)
[06:15:47] *** Quits: Lightswor (ny.us.hub irc.servercentral.net)
[06:15:47] *** Quits: yls8bot (ny.us.hub irc.servercentral.net)
[06:15:47] *** Quits: Cu3PO42 (ny.us.hub irc.servercentral.net)
[06:15:47] *** Quits: TurtleP (ny.us.hub irc.servercentral.net)
[06:15:47] *** Quits: yellows8 (ny.us.hub irc.servercentral.net)
[06:15:47] *** Quits: freundTec (ny.us.hub irc.servercentral.net)
[06:15:47] *** Quits: tpw_rules (ny.us.hub irc.servercentral.net)
[06:18:40] *** Joins: Surkow_
[06:31:03] *** yls8bot_ is now known as yls8bot
[06:31:11] *** Genolol is now known as Genolo
[06:31:17] *** tpw-rules is now known as tpw_rules
[07:00:15] *** Quits: oreo639 (Read error: Operation timed out)
[07:00:50] *** Joins: lameboy2
[07:03:43] *** Joins: eggy
[07:03:54] *** Quits: lameboy (Ping timeout: 240 seconds)
[07:03:54] *** Quits: eggster (Ping timeout: 240 seconds)
[07:03:56] *** lameboy2 is now known as lameboy
[07:06:20] *** Quits: Surkow_ (Ping timeout: 240 seconds)
[07:06:20] *** Quits: GrecKo (Read error: Connection reset by peer)
[07:06:20] *** Joins: Surkow_
[07:06:57] *** Joins: GrecKo
[07:11:30] *** Quits: averne (quit)
[07:11:46] *** Joins: averne_
[07:11:46] *** Server sets mode: +stn 
[07:12:45] *** Quits: pieman (Read error: Operation timed out)
[07:12:53] *** Quits: averne (Read error: Operation timed out)
[07:12:53] *** averne_ is now known as averne
[07:18:54] *** Joins: Genolol
[07:19:30] *** Quits: phigcloud (Ping timeout: 493 seconds)
[07:19:42] *** Joins: phigcloud
[07:22:20] *** Quits: lex1 (Read error: Operation timed out)
[07:23:26] *** Joins: lex1
[07:26:47] *** Quits: GerbilSof (Ping timeout: 857 seconds)
[07:27:09] *** Joins: GerbilSof
[07:27:15] *** Quits: Genolo (Read error: Operation timed out)
[07:27:15] *** Genolol is now known as Genolo
[07:29:26] *** Joins: pieman
[07:43:32] *** Joins: oreo639
[07:58:48] *** Quits: oreo639 (Ping timeout: 240 seconds)
[08:16:11] *** Joins: oreo639
[10:39:17] *** Quits: oreo639 (Read error: Operation timed out)
[11:00:58] *** Joins: yellows8
[11:22:00] *** Quits: yellows8 (hub.efnet.us irc.servercentral.net)
[11:22:29] *** Joins: yellows8
[11:26:02] *** Joins: fgsfds
[11:26:57] *** Quits: yellows8 (Read error: Operation timed out)
[11:27:01] *** Joins: yellows8
[12:08:47] *** Joins: lameboy2
[12:16:44] *** Quits: lameboy (Read error: Operation timed out)
[12:16:47] *** lameboy2 is now known as lameboy
[13:34:51] *** Quits: ihaveama- (Quit: fail)
[13:35:06] *** Joins: ihaveamac
[17:57:21] *** Quits: ihaveamac (fail)
[17:57:43] *** Joins: ihaveamac
[18:26:22] *** Joins: refs
[20:39:54] *** Joins: oreo639
[20:44:18] *** Quits: n87 (Read error: Connection reset by peer)
[21:10:19] *** Joins: Lightswor
[21:28:36] <plutobot> Wiki | Page changed: Applet Manager services | User: Liamwhite | https://switchbrew.org/w/index.php?curid=132&diff=12474&oldid=12385
[23:00:58] *** Joins: oreo639_
[23:00:58] *** Quits: oreo639 (Read error: Connection reset by peer)
[23:02:35] *** oreo639_ is now known as oreo639
