[00:06:04] *** Quits: fgsfds (Read error: Connection reset by peer)
[00:36:38] *** Quits: n87 (Read error: Connection reset by peer)
[00:55:28] *** Quits: oreo639 (Read error: Operation timed out)
[01:02:03] *** Joins: refs
[01:14:56] *** Joins: oreo639
[01:21:58] *** Quits: oreo639 (Read error: Operation timed out)
[01:31:16] *** Joins: oreo639
[01:49:28] *** Quits: oreo639 (Read error: Operation timed out)
[02:44:54] *** Quits: GerbilSof (Read error: Operation timed out)
[02:45:16] *** Quits: refs (Quit: refs)
[04:17:13] *** Joins: GerbilSof
[04:56:07] *** Joins: oreo639
[11:22:28] *** Quits: oreo639 (Read error: Operation timed out)
[15:34:41] *** Quits: ris2z (Quit: ZNC 1.8.2+deb2build5 - https://znc.in)
[15:36:39] *** Joins: ris2z
[16:05:57] *** Quits: ris2z (Ping timeout: 260 seconds)
[16:50:30] *** Joins: ris2z
[17:59:48] *** Quits: ris2z (Quit: ZNC 1.8.2+deb2build5 - https://znc.in)
[18:35:31] *** Joins: fgsfds
[21:55:49] *** Joins: oreo639
