[01:11:44] *** Joins: refs
[02:25:23] *** Quits: fgsfds (Read error: Connection reset by peer)
[03:53:11] *** Joins: lameboy2
[03:55:49] *** Quits: refs (Quit: refs)
[03:57:46] *** Quits: lameboy (Ping timeout: 369 seconds)
[03:57:50] *** lameboy2 is now known as lameboy
[06:47:19] *** Quits: oreo639 (Read error: Operation timed out)
[07:26:24] *** Joins: oreo639
[07:30:15] *** Quits: lansiir (Read error: Operation timed out)
[07:30:18] *** Quits: yls8bot (Read error: Operation timed out)
[07:30:34] *** Joins: yls8bot
[07:30:39] *** Joins: lansiir
[07:31:09] *** Quits: uyjulian (Read error: Operation timed out)
[07:31:09] *** Quits: tertu (Read error: Operation timed out)
[07:32:31] *** Quits: nich (Read error: Operation timed out)
[07:33:59] *** Quits: |Shadow| (Read error: Operation timed out)
[07:34:48] *** Quits: hexkyz (Read error: Operation timed out)
[07:35:57] *** Quits: tpw_rules (Read error: Operation timed out)
[07:38:02] *** Joins: |Shadow|
[07:38:06] *** Joins: hexkyz
[07:38:06] *** Joins: uyjulian
[07:38:12] *** Joins: tpw_rules
[07:40:16] *** Joins: nich
[07:40:16] *** Joins: tertu
[07:55:37] *** Quits: klock (Ping timeout: 240 seconds)
[07:55:53] *** Joins: klock
[08:18:01] *** Quits: TAL (Ping timeout: 240 seconds)
[08:18:25] *** Quits: GerbilSof (Ping timeout: 240 seconds)
[08:20:05] *** Joins: GerbilSof
[08:20:40] *** Joins: TAL
[08:21:37] *** Quits: freundTe- (Ping timeout: 240 seconds)
[08:23:42] *** Joins: freundTec
[08:50:25] *** Quits: phigcloud (Ping timeout: 240 seconds)
[08:50:49] *** Quits: TAL (Ping timeout: 240 seconds)
[08:51:13] *** Quits: Ghabry (Ping timeout: 240 seconds)
[08:51:40] *** Joins: Ghabry
[08:53:25] *** Joins: TAL
[09:06:25] *** Quits: GeekShado (Ping timeout: 240 seconds)
[09:06:36] *** Joins: phigcloud
[09:06:41] *** Joins: GeekShado
[12:40:13] *** Joins: fgsfds
[13:12:58] *** Quits: Extrems (Ping timeout: 504 seconds)
[17:01:16] *** Joins: Extrems
[17:48:50] *** Quits: oreo639 (Read error: Operation timed out)
[18:10:29] *** Joins: refs
[18:15:35] *** Joins: KuKzz
[21:14:28] *** Joins: oreo639
[21:46:47] *** Quits: KuKzz (Ping timeout: 248 seconds)
[21:51:12] *** Joins: KuKzz
