[00:02:16] *** Quits n87_3 (Read error: Connection reset by peer)
[04:20:08] *** Joins foghorn
[04:39:12] *** Quits refs (Quit: refs)
[07:51:54] *** Quits fgsfds (Read error: Connection reset by peer)
[08:30:01] *** Joins m4ts
[08:33:45] *** Quits m4ts_ (Ping timeout: 265 seconds)
[08:34:33] *** Joins m4ts_
[08:36:39] *** Quits m4ts (Ping timeout: 265 seconds)
[08:40:02] *** Quits m4ts_ (Ping timeout: 265 seconds)
[10:05:12] *** Joins m4ts
[10:12:07] *** Joins m4ts_
[10:12:21] *** Quits m4ts (Ping timeout: 265 seconds)
[10:26:17] *** Joins n87
[12:13:34] *** Joins m4ts
[12:14:09] *** Quits m4ts_ (Ping timeout: 265 seconds)
[12:34:53] *** Joins derrek_
[12:39:16] *** Joins n87_2
[12:41:48] *** Quits derrek (Ping timeout: 745 seconds)
[12:41:48] *** derrek_ is now known as derrek
[12:42:40] *** Quits n87 (Ping timeout: 265 seconds)
[17:35:27] *** Joins n87
[17:36:32] *** Quits n87_2 (Ping timeout: 265 seconds)
[17:37:14] *** Joins fgsfds
[17:47:52] *** Quits fgsfds (Read error: Connection reset by peer)
[17:55:13] *** Joins n87_2
[17:55:29] *** Joins fgsfds
[17:58:46] *** Quits n87 (Ping timeout: 265 seconds)
[21:05:47] *** Joins n87_3
[21:09:12] *** Quits n87_2 (Ping timeout: 265 seconds)
[21:17:43] *** Joins |Shadow|_
[21:17:44] *** Quits |Shadow|_ (Excess Flood)
[21:19:16] *** Quits |Shadow| (Read error: Operation timed out)
[21:23:09] *** Joins |Shadow|
[21:23:11] *** Quits |Shadow| (Excess Flood)
[21:28:36] *** Joins |Shadow|
[21:28:38] *** Quits |Shadow| (Excess Flood)
[21:34:07] *** Joins |Shadow|
[21:34:09] *** Quits |Shadow| (Excess Flood)
[21:39:34] *** Joins |Shadow|
[21:39:36] *** Quits |Shadow| (Excess Flood)
[21:44:36] *** Joins refs
[21:45:01] *** Joins |Shadow|
[21:45:03] *** Quits |Shadow| (Excess Flood)
[21:50:29] *** Joins |Shadow|
[21:50:31] *** Quits |Shadow| (Excess Flood)
[21:55:56] *** Joins |Shadow|
[21:55:58] *** Quits |Shadow| (Excess Flood)
[22:01:23] *** Joins |Shadow|
[22:01:25] *** Quits |Shadow| (Excess Flood)
[22:06:50] *** Joins |Shadow|
[22:06:52] *** Quits |Shadow| (Excess Flood)
[22:12:17] *** Joins |Shadow|
[22:12:19] *** Quits |Shadow| (Excess Flood)
[22:17:48] *** Joins |Shadow|
[22:17:50] *** Quits |Shadow| (Excess Flood)
[22:23:14] *** Joins |Shadow|
[22:23:16] *** Quits |Shadow| (Excess Flood)
[22:26:16] *** Joins n87_2
[22:28:41] *** Joins |Shadow|
[22:28:42] *** Quits |Shadow| (Excess Flood)
[22:29:26] *** Quits n87_3 (Ping timeout: 265 seconds)
[22:34:09] *** Joins |Shadow|
[22:34:11] *** Quits |Shadow| (Excess Flood)
[22:39:36] *** Joins |Shadow|
[22:39:38] *** Quits |Shadow| (Excess Flood)
[22:45:03] *** Joins |Shadow|
[22:45:05] *** Quits |Shadow| (Excess Flood)
[22:50:30] *** Joins |Shadow|
[22:50:32] *** Quits |Shadow| (Excess Flood)
[22:55:56] *** Joins |Shadow|
[22:55:58] *** Quits |Shadow| (Excess Flood)
[23:01:23] *** Joins |Shadow|
[23:01:25] *** Quits |Shadow| (Excess Flood)
[23:06:50] *** Joins |Shadow|
[23:06:52] *** Quits |Shadow| (Excess Flood)
[23:17:40] *** Joins |Shadow|
[23:17:42] *** Quits |Shadow| (Excess Flood)
[23:23:07] *** Joins |Shadow|
[23:23:08] *** Quits |Shadow| (Excess Flood)
[23:28:35] *** Joins |Shadow|
[23:28:37] *** Quits |Shadow| (Excess Flood)
[23:34:05] *** Joins |Shadow|
[23:34:07] *** Quits |Shadow| (Excess Flood)
[23:39:32] *** Joins |Shadow|
[23:39:34] *** Quits |Shadow| (Excess Flood)
[23:39:57] *** Quits n87_2 (Read error: Connection reset by peer)
[23:45:00] *** Joins |Shadow|
[23:45:02] *** Quits |Shadow| (Excess Flood)
[23:50:27] *** Joins |Shadow|
[23:50:29] *** Quits |Shadow| (Excess Flood)
