[00:08:11] *** Joins n00b604
[00:12:32] *** Quits n00b604 (Ping timeout: 252 seconds)
[01:23:48] *** Joins |Shadow|
[02:34:35] *** Quits refs (Quit: refs)
[03:02:05] *** Quits Sentry (Read error: Connection refused)
[03:02:30] *** Joins Snetry
[04:03:15] *** Quits GrecKo (Ping timeout: 186 seconds)
[04:30:48] *** Joins GrecKo
[05:27:47] *** Quits changO- (Read error: Connection reset by peer)
[05:30:54] *** Joins changO-
[06:03:26] *** Quits fgsfds (Read error: Connection reset by peer)
[06:46:19] *** Quits balrog (Bye)
[06:55:39] *** Joins balrog
[08:13:35] *** Quits |Shadow| (Read error: Operation timed out)
[09:13:49] *** Quits ave_7 (Read error: Connection reset by peer)
[09:59:44] *** Joins derrek_
[10:06:53] *** Quits derrek (Ping timeout: 745 seconds)
[10:06:53] *** derrek_ is now known as derrek
[10:37:47] *** Joins |Shadow|
[12:23:52] *** Joins n87
[12:46:23] *** Quits m4ts (Ping timeout: 265 seconds)
[12:48:08] *** Quits CCFL_Man (Read error: Operation timed out)
[12:48:25] *** Joins CCFL_Man
[13:09:52] *** Joins n87_2
[13:13:27] *** Quits n87 (Ping timeout: 265 seconds)
[13:55:06] *** Quits |Shadow| (Read error: Operation timed out)
[13:56:19] *** Quits n87_2 (Read error: Connection reset by peer)
[14:15:17] *** Quits balrog (Quit: Bye)
[14:15:46] *** Joins balrog
[14:39:29] *** Joins |Shadow|
[14:39:31] *** Quits |Shadow| (Excess Flood)
[14:41:56] *** Joins m4ts
[14:46:20] *** Joins |Shadow|
[15:16:34] *** Quits GerbilSof (Quit: Windows must now restart because the Remote Procedure Call (RPC) service terminated unexpectedly.)
[15:20:44] *** Joins GerbilSof
[15:26:02] *** Joins n87
[15:50:33] *** Joins n87_2
[15:53:55] *** Quits n87 (Ping timeout: 265 seconds)
[16:26:23] *** Joins fgsfds
[16:39:31] *** Joins n87_3
[16:42:44] *** Quits n87_2 (Ping timeout: 265 seconds)
[17:49:30] *** Joins ut0pia
[18:04:14] *** Quits lameboy (Ping timeout: 604 seconds)
[18:04:36] *** Joins lameboy
[19:00:45] *** Joins n87_2
[19:00:47] *** Quits |Shadow| (Read error: Connection reset by peer)
[19:03:52] *** Quits n87_3 (Ping timeout: 265 seconds)
[19:07:18] *** Joins |Shadow|
[19:07:19] *** Quits |Shadow| (Excess Flood)
[19:12:47] *** Joins |Shadow|
[19:12:48] *** Quits |Shadow| (Excess Flood)
[19:18:13] *** Joins |Shadow|
[19:18:14] *** Quits |Shadow| (Excess Flood)
[19:23:42] *** Joins |Shadow|
[19:23:43] *** Quits |Shadow| (Excess Flood)
[19:29:08] *** Joins |Shadow|
[19:29:09] *** Quits |Shadow| (Excess Flood)
[19:34:38] *** Joins |Shadow|
[19:34:39] *** Quits |Shadow| (Excess Flood)
[19:40:04] *** Joins |Shadow|
[19:40:05] *** Quits |Shadow| (Excess Flood)
[19:45:30] *** Joins |Shadow|
[19:45:31] *** Quits |Shadow| (Excess Flood)
[19:50:56] *** Joins |Shadow|
[19:50:57] *** Quits |Shadow| (Excess Flood)
[19:56:22] *** Joins |Shadow|
[19:56:23] *** Quits |Shadow| (Excess Flood)
[20:01:46] *** Joins |Shadow|
[20:01:47] *** Quits |Shadow| (Excess Flood)
[20:07:12] *** Joins |Shadow|
[20:07:13] *** Quits |Shadow| (Excess Flood)
[20:12:38] *** Joins |Shadow|
[20:12:39] *** Quits |Shadow| (Excess Flood)
[20:18:04] *** Joins |Shadow|
[20:18:05] *** Quits |Shadow| (Excess Flood)
[20:23:30] *** Joins |Shadow|
[20:23:31] *** Quits |Shadow| (Excess Flood)
[20:28:55] *** Joins |Shadow|
[20:28:56] *** Quits |Shadow| (Excess Flood)
[20:34:23] *** Joins |Shadow|
[20:34:24] *** Quits |Shadow| (Excess Flood)
[20:34:38] *** Quits n87_2 (Read error: Connection reset by peer)
[20:39:48] *** Joins |Shadow|
[20:39:49] *** Quits |Shadow| (Excess Flood)
[20:45:14] *** Joins |Shadow|
[20:45:15] *** Quits |Shadow| (Excess Flood)
[20:50:39] *** Joins |Shadow|
[20:50:40] *** Quits |Shadow| (Excess Flood)
[20:56:05] *** Joins |Shadow|
[20:56:06] *** Quits |Shadow| (Excess Flood)
[21:01:31] *** Joins |Shadow|
[21:01:32] *** Quits |Shadow| (Excess Flood)
[21:06:57] *** Joins |Shadow|
[21:06:58] *** Quits |Shadow| (Excess Flood)
[21:12:23] *** Joins |Shadow|
[21:12:24] *** Quits |Shadow| (Excess Flood)
[21:13:59] *** Joins refs
[21:17:49] *** Joins |Shadow|
[21:17:50] *** Quits |Shadow| (Excess Flood)
[21:23:15] *** Joins |Shadow|
[21:23:16] *** Quits |Shadow| (Excess Flood)
[21:28:41] *** Joins |Shadow|
[21:28:42] *** Quits |Shadow| (Excess Flood)
[21:34:06] *** Joins |Shadow|
[21:34:07] *** Quits |Shadow| (Excess Flood)
[21:39:32] *** Joins |Shadow|
[21:39:33] *** Quits |Shadow| (Excess Flood)
[21:44:58] *** Joins |Shadow|
[21:44:59] *** Quits |Shadow| (Excess Flood)
[21:50:24] *** Joins |Shadow|
[21:50:25] *** Quits |Shadow| (Excess Flood)
[21:55:49] *** Joins |Shadow|
[21:55:50] *** Quits |Shadow| (Excess Flood)
[22:01:15] *** Joins |Shadow|
[22:01:16] *** Quits |Shadow| (Excess Flood)
[22:06:43] *** Joins |Shadow|
[22:06:44] *** Quits |Shadow| (Excess Flood)
[22:12:09] *** Joins |Shadow|
[22:12:10] *** Quits |Shadow| (Excess Flood)
[22:17:53] *** Joins |Shadow|
[22:17:54] *** Quits |Shadow| (Excess Flood)
[22:23:19] *** Joins |Shadow|
[22:23:20] *** Quits |Shadow| (Excess Flood)
[22:28:45] *** Joins |Shadow|
[22:28:46] *** Quits |Shadow| (Excess Flood)
[22:34:10] *** Joins |Shadow|
[22:34:11] *** Quits |Shadow| (Excess Flood)
[22:39:36] *** Joins |Shadow|
[22:39:37] *** Quits |Shadow| (Excess Flood)
[22:45:02] *** Joins |Shadow|
[22:45:03] *** Quits |Shadow| (Excess Flood)
[22:50:28] *** Joins |Shadow|
[22:50:29] *** Quits |Shadow| (Excess Flood)
[22:55:54] *** Joins |Shadow|
[22:55:55] *** Quits |Shadow| (Excess Flood)
[23:06:39] *** Joins |Shadow|
[23:06:40] *** Quits |Shadow| (Excess Flood)
[23:12:05] *** Joins |Shadow|
[23:12:06] *** Quits |Shadow| (Excess Flood)
[23:17:31] *** Joins |Shadow|
[23:17:32] *** Quits |Shadow| (Excess Flood)
[23:20:47] *** Joins SCV_____
[23:23:08] *** Quits ut0pia (Read error: Operation timed out)
[23:23:13] *** Joins |Shadow|
[23:23:15] *** Quits |Shadow| (Excess Flood)
[23:28:46] *** Joins |Shadow|
[23:28:58] *** Quits jn (Ping timeout: 615 seconds)
[23:33:03] *** Quits SCV____ (Ping timeout: 1230 seconds)
[23:34:34] *** Joins jn
[23:35:00] *** Quits giglife (Read error: Operation timed out)
[23:35:06] *** Joins giglife
[23:38:04] *** Quits rjeli____ (Read error: Connection timed out)
[23:38:09] *** Joins ut0pia
[23:39:19] *** Joins rjeli____
[23:39:44] *** Quits |Shadow| (Read error: Operation timed out)
[23:40:25] *** Quits SCV_____ (Read error: Connection timed out)
[23:41:40] *** Joins SCV_____
[23:43:48] *** Quits Kyouju (Read error: Connection reset by peer)
[23:44:28] *** Quits giglife (Read error: Operation timed out)
[23:46:15] *** Joins giglife
[23:48:43] *** Joins Kyouju
[23:48:44] *** Quits yellows8 (Read error: Connection reset by peer)
[23:48:58] *** Joins yls8bot_
[23:50:29] *** Quits yls8bot (Read error: Operation timed out)
[23:50:29] *** yls8bot_ is now known as yls8bot
[23:50:37] *** Joins yellows8
[23:50:37] *** WntrMute sets mode: +o yellows8
