[01:24:01] *** Quits m4ts (Ping timeout: 265 seconds)
[01:24:28] *** Quits hthh_ (Ping timeout: 745 seconds)
[01:24:52] *** Joins m4ts
[01:25:15] *** Joins hthh
[01:27:47] *** Quits WntrMute (Ping timeout: 265 seconds)
[01:33:49] *** Joins WntrMute
[01:33:49] *** fincs sets mode: +o WntrMute
[01:33:56] *** Quits Ghabry (Ping timeout: 265 seconds)
[01:34:14] *** Joins Ghabry
[01:41:39] *** Quits eggster (Ping timeout: 265 seconds)
[01:41:54] *** Joins eggster
[02:15:02] *** Quits WntrMute (ircd.choopa.net irc.colosolutions.net)
[02:15:02] *** Quits changO- (ircd.choopa.net irc.colosolutions.net)
[02:15:02] *** Quits Behemoth_ (ircd.choopa.net irc.colosolutions.net)
[02:15:02] *** Quits cpncok3 (ircd.choopa.net irc.colosolutions.net)
[02:15:02] *** Quits cpnc0ke (ircd.choopa.net irc.colosolutions.net)
[02:15:02] *** Quits Cu3PO42 (ircd.choopa.net irc.colosolutions.net)
[02:15:02] *** Quits KuKzz_ (ircd.choopa.net irc.colosolutions.net)
[02:15:02] *** Quits fincs (ircd.choopa.net irc.colosolutions.net)
[02:15:02] *** Quits TurtleP (ircd.choopa.net irc.colosolutions.net)
[02:19:08] *** Joins WntrMute
[02:19:08] *** Joins changO-
[02:19:08] *** Joins Behemoth_
[02:19:08] *** Joins cpncok3
[02:19:08] *** Joins cpnc0ke
[02:19:08] *** Joins Cu3PO42
[02:19:08] *** Joins KuKzz_
[02:19:08] *** Joins fincs
[02:19:08] *** Joins TurtleP
[02:19:08] *** irc.colosolutions.net sets mode: +oo WntrMute fincs
[02:19:10] *** WntrMute sets mode: +o yellows8
[02:19:16] *** yellows8 sets mode: +o yls8bot
[02:28:03] *** Quits SCV_____ (Ping timeout: 1230 seconds)
[02:28:20] *** Joins SCV_____
[02:32:24] *** Quits refs (Quit: refs)
[03:03:31] *** Quits ris2z (Ping timeout: 186 seconds)
[03:14:14] *** Joins ris2z
[03:16:37] *** Joins hthh_
[03:17:40] *** Quits hthh (Read error: Connection reset by peer)
[05:07:14] *** Quits TuxSH_ (Read error: Operation timed out)
[05:13:50] *** Joins TuxSH
[05:13:50] *** fincs sets mode: +o TuxSH
[05:29:04] *** Joins |Shadow|
[05:37:55] *** Quits |Shadow| ()
[05:38:30] *** Joins |Shadow|
[08:40:10] *** Quits fgsfds (Read error: Connection reset by peer)
[08:46:06] *** Quits |Shadow| (Write error: Connection reset by peer)
[08:52:46] *** Joins |Shadow|
[08:58:52] *** Quits |Shadow| (Read error: Connection reset by peer)
[09:07:38] *** Quits SCV_____ (Ping timeout: 1230 seconds)
[09:07:51] *** Joins SCV_____
[09:17:18] *** Joins |Shadow|
[09:31:33] *** Quits rjeli____ (Ping timeout: 1230 seconds)
[09:31:47] *** Joins rjeli____
[09:37:56] *** Quits ut0pia ()
[10:06:33] *** Quits rjeli____ (Ping timeout: 1230 seconds)
[10:06:46] *** Joins rjeli____
[11:11:59] *** Quits KuKzz_ (Ping timeout: 501 seconds)
[11:27:00] *** Quits |Shadow| (Read error: Operation timed out)
[11:31:08] *** Quits rjeli____ (Ping timeout: 1230 seconds)
[11:31:21] *** Joins rjeli____
[11:44:53] *** Joins KuKzz
[13:03:15] *** Joins |Shadow|
[13:33:06] *** Quits ihaveamac (Quit: fail)
[13:35:03] *** Joins ihaveamac
[14:35:51] *** Quits |Shadow| (Read error: Connection reset by peer)
[14:41:30] *** Joins |Shadow|
[14:45:09] *** Quits |Shadow| (Read error: Connection reset by peer)
[14:49:11] *** Joins |Shadow|
[14:51:13] *** Quits rjeli____ (Ping timeout: 1230 seconds)
[14:51:13] *** Quits SCV_____ (Ping timeout: 1230 seconds)
[14:51:26] *** Joins SCV_____
[14:51:26] *** Joins rjeli____
[15:40:08] *** Quits rjeli____ (Read error: Connection timed out)
[15:54:18] *** Joins rjeli____
[16:47:58] *** Quits Stary (Ping timeout: 265 seconds)
[16:49:05] *** Joins Stary
[16:58:54] *** Quits m4ts (se.hub irc.underworld.no)
[16:58:54] *** Quits CCFL_Man (se.hub irc.underworld.no)
[16:58:54] *** Quits TAL (se.hub irc.underworld.no)
[17:04:32] *** Joins CCFL_Man_
[17:05:54] *** Joins TAL_
[17:16:04] *** Joins m4ts
[17:24:26] *** Quits |Shadow| (Read error: Connection reset by peer)
[17:24:46] *** Joins |Shadow|
[17:33:11] *** Quits |Shadow| (Read error: Operation timed out)
[17:34:45] *** Joins |Shadow|
[17:42:57] *** Quits |Shadow| (Read error: Connection reset by peer)
[17:46:45] *** TAL_ is now known as TAL
[17:48:35] *** Joins |Shadow|
[17:58:11] *** Quits |Shadow| (Read error: Operation timed out)
[18:03:46] *** Joins |Shadow|
[18:11:31] *** Quits m4ts (se.hub irc.underworld.no)
[18:14:59] *** Joins |Shadow|_
[18:16:56] *** Quits |Shadow| (Read error: Operation timed out)
[18:30:39] *** Quits hthh_ (Remote host closed the connection)
[18:48:38] *** Quits rjeli____ (Ping timeout: 1230 seconds)
[18:48:51] *** Joins rjeli____
[18:55:09] *** Joins lilibox
[18:55:11] <lilibox> hi
[19:03:59] *** Quits Lightswor (Read error: Connection reset by peer)
[19:04:01] *** Quits Kyouju (Read error: Connection reset by peer)
[19:06:53] *** Quits |Shadow|_ (Read error: Operation timed out)
[19:17:12] *** Joins Kyouju
[19:18:08] *** Joins |Shadow|
[19:33:33] *** Quits SCV_____ (Ping timeout: 1230 seconds)
[19:33:46] *** Joins SCV_____
[19:43:20] *** Joins |Shadow|_
[19:48:40] *** Quits |Shadow| (Read error: Operation timed out)
[19:50:25] *** Joins m4ts
[21:36:19] *** Joins refs
[21:39:56] *** Joins m4ts_
[21:43:42] *** Quits m4ts (Ping timeout: 265 seconds)
[22:04:03] *** Quits SCV_____ (Ping timeout: 1230 seconds)
[22:04:03] *** Quits rjeli____ (Ping timeout: 1230 seconds)
[22:04:17] *** Joins SCV_____
[22:04:17] *** Joins rjeli____
[22:15:34] *** Quits tpw_rules (Read error: Operation timed out)
[22:15:47] *** Joins tpw_rules
[22:19:28] *** Joins |Shadow|
[22:20:23] *** Quits |Shadow|_ (Read error: Operation timed out)
[22:59:39] *** Quits AlexAltea (Read error: Operation timed out)
[23:05:35] *** Quits DacoTaco (Ping timeout: 258 seconds)
[23:05:35] *** Quits plutobot (Ping timeout: 258 seconds)
[23:05:58] *** Quits Stary (Ping timeout: 258 seconds)
[23:06:21] *** Quits madk (Ping timeout: 258 seconds)
[23:06:44] *** Quits CCFL_Man_ (Ping timeout: 258 seconds)
[23:07:10] *** Quits Maylay (Ping timeout: 604 seconds)
[23:08:17] *** Joins CCFL_Man
[23:10:11] *** Quits |Shadow| (Read error: Connection reset by peer)
[23:10:23] *** Quits giglife (ZNC - http://znc.in)
[23:11:36] *** Joins Maylay
[23:13:22] *** Joins Stary
[23:17:01] *** Joins |Shadow|
[23:17:18] *** Quits lameboy (Ping timeout: 604 seconds)
[23:17:19] *** Joins giglife
[23:17:43] *** Joins lameboy
[23:22:59] *** Joins AlexAltea
[23:40:53] *** Quits SCV_____ (Ping timeout: 1230 seconds)
[23:41:06] *** Joins SCV_____
[23:48:21] *** Joins plutobot
[23:48:59] *** Joins madk
[23:49:08] *** Joins DacoTaco
