[00:28:01] *** Joins fgsfds
[00:42:08] *** Quits jn (Read error: Connection reset by peer)
[00:42:17] *** Joins jn
[00:42:44] *** Joins giglife_
[00:43:48] *** Quits giglife (Read error: Operation timed out)
[00:43:48] *** giglife_ is now known as giglife
[01:06:57] *** Quits zombie343 ()
[01:11:45] *** Joins |Shadow|_
[01:12:11] *** Quits |Shadow| (Read error: Operation timed out)
[01:13:20] *** Joins zombie343
[01:13:23] *** Joins Felgar
[01:14:53] *** Quits Felgar (Client Quit)
[01:14:58] *** Quits zombie343 (Client Quit)
[02:38:19] *** Quits refs (Quit: refs)
[03:03:25] *** Joins refsw`
[03:06:11] *** Quits refsw (Read error: Operation timed out)
[03:13:50] *** Joins |Shadow|
[03:17:59] *** Quits |Shadow|_ (Read error: Operation timed out)
[03:33:09] *** Quits Stary (Ping timeout: 265 seconds)
[03:45:05] *** Joins Stary
[03:53:34] *** Joins figgis_
[03:56:35] *** Quits |Shadow| (Read error: Operation timed out)
[03:59:21] *** Quits fgsfds (Read error: Operation timed out)
[04:06:31] *** Joins |Shadow|
[04:13:59] *** Quits eggster (Read error: Operation timed out)
[04:14:14] *** Joins eggster
[04:17:39] *** Quits ihaveamac (Quit: fail)
[04:18:02] *** Quits AlexAltea (Ping timeout: 744 seconds)
[04:21:46] *** Quits tpw_rules (Ping timeout: 496 seconds)
[04:22:53] *** Joins omlet05_
[04:24:40] *** Joins tpw_rules
[04:24:50] *** Joins fgsfds
[04:26:34] *** Quits omlet05 (Ping timeout: 496 seconds)
[04:29:42] *** Quits figgis_ (Ping timeout: 265 seconds)
[04:30:45] *** Joins AlexAltea
[04:33:58] *** Quits Stary (Ping timeout: 265 seconds)
[04:39:59] *** Joins Stary
[04:51:27] *** Quits m4ts_ (Ping timeout: 265 seconds)
[04:52:19] *** Joins m4ts
[04:53:18] *** Quits m4ts (se.hub irc.underworld.no)
[05:10:14] *** Joins oreo639
[05:20:07] *** Joins ihaveamac
[06:35:03] *** Quits rjeli____ (Ping timeout: 1230 seconds)
[06:35:16] *** Joins rjeli____
[06:39:33] *** Quits fgsfds (Quit: Leaving)
[06:44:58] *** Quits SCV_____ (Ping timeout: 1230 seconds)
[06:45:11] *** Joins SCV_____
[06:45:33] *** Quits oreo639 (Ping timeout: 745 seconds)
[06:58:50] *** Quits GerbilSof (Remote host closed the connection)
[07:46:28] *** Joins |Shadow|_
[07:46:42] *** Quits |Shadow|_ (Read error: Connection reset by peer)
[07:50:11] *** Quits |Shadow| (Read error: Operation timed out)
[07:52:11] *** Joins |Shadow|
[07:55:51] *** Quits |Shadow| (Read error: Connection reset by peer)
[07:59:38] *** Quits rjeli____ (Ping timeout: 1230 seconds)
[07:59:51] *** Joins rjeli____
[08:02:59] *** Joins |Shadow|
[08:10:36] *** Joins oreo639
[08:10:40] *** Joins |Shadow|_
[08:12:57] *** Quits |Shadow| (Read error: Operation timed out)
[08:13:45] *** Quits |Shadow|_ (Read error: Connection reset by peer)
[08:19:00] *** Quits oreo639 (Read error: Operation timed out)
[08:24:36] *** Joins |Shadow|
[09:24:13] *** Quits rjeli____ (Ping timeout: 1230 seconds)
[09:24:26] *** Joins rjeli____
[09:32:37] *** Joins m4ts
[09:50:52] *** Joins |Shadow|_
[09:52:46] *** Quits |Shadow| (Read error: Operation timed out)
[10:02:39] *** Quits zini (Quit: -->)
[10:04:14] *** Joins zini
[10:05:38] *** Quits SCV_____ (Ping timeout: 1230 seconds)
[10:05:51] *** Joins SCV_____
[10:08:25] *** Quits |Shadow|_ (Read error: Operation timed out)
[10:09:19] *** Joins |Shadow|
[10:14:18] *** Quits datagutt (Quit: kthxbai)
[10:53:50] *** Quits SCV_____ (Read error: Connection timed out)
[11:08:43] *** Joins SCV_____
[12:27:53] *** Quits |Shadow| (Read error: Operation timed out)
[12:27:57] *** Joins |Shadow|
[13:21:38] *** Quits rjeli____ (Ping timeout: 1230 seconds)
[13:21:52] *** Joins rjeli____
[14:00:08] *** Quits SCV_____ (Ping timeout: 1230 seconds)
[14:00:25] *** Joins SCV_____
[14:01:57] *** Joins smitop
[14:02:48] <smitop> there are some interesting files in the src_1.16.10 directory from the Switch OSS
[14:02:54] <smitop> https://github.com/Smittyvb/switch-oss/tree/master/src_1.16.10
[14:28:42] *** Quits smitop (Read error: Connection timed out)
[14:39:50] *** Joins smitop
[17:35:25] *** Joins fgsfds
[19:43:17] <plutobot> Wiki | Page changed: Audio services | User: Hexkyz | https://switchbrew.org/w/index.php?curid=264&diff=10715&oldid=10714
[19:56:47] *** Joins foghorn2
[20:01:24] *** Joins |Shadow|_
[20:01:51] *** Quits |Shadow| (Read error: Operation timed out)
[20:03:17] *** Quits foghorn (Read error: Operation timed out)
[20:07:23] *** Quits |Shadow|_ (Read error: Operation timed out)
[20:12:19] *** Joins |Shadow|
[21:01:27] *** Quits smitop ()
[21:24:34] *** Quits |Shadow| (Read error: Operation timed out)
[21:30:30] *** Joins |Shadow|
[21:39:47] *** Quits |Shadow| (Read error: Operation timed out)
[21:40:05] *** Joins |Shadow|
[21:44:14] *** Joins refs
[22:42:04] *** Quits |Shadow| (Read error: Operation timed out)
[22:47:07] *** Joins |Shadow|
