[00:59:40] *** Joins |Shadow|_
[01:01:41] *** Quits |Shadow| (Read error: Operation timed out)
[01:27:53] *** Quits rjeli____ (Ping timeout: 1230 seconds)
[01:28:06] *** Joins rjeli____
[01:49:37] *** Joins zombie343
[02:00:06] *** Quits |Shadow|_ (Read error: Operation timed out)
[02:01:15] *** Joins |Shadow|
[02:41:43] *** Quits refs (Quit: refs)
[03:05:29] *** Joins |Shadow|_
[03:05:56] *** Quits |Shadow| (Read error: Operation timed out)
[03:17:33] *** Quits rjeli____ (Ping timeout: 1230 seconds)
[03:17:47] *** Joins rjeli____
[03:55:54] *** Joins |Shadow|
[04:01:29] *** Quits |Shadow|_ (Read error: Operation timed out)
[05:13:26] *** Quits fgsfds (Leaving)
[05:21:32] *** Quits hexkyz (Read error: Connection timed out)
[05:21:46] *** Joins hexkyz
[05:34:38] *** Quits rjeli____ (Ping timeout: 1230 seconds)
[05:34:51] *** Joins rjeli____
[05:38:01] *** Joins giglife_
[05:38:01] *** Quits giglife (Read error: Connection reset by peer)
[05:38:11] *** giglife_ is now known as giglife
[05:38:31] *** Quits eggster (Read error: Operation timed out)
[05:39:21] *** Quits yls8bot (Read error: Operation timed out)
[05:39:22] *** Joins eggster
[05:42:38] *** Quits Kyouju (Read error: Operation timed out)
[05:42:48] *** Quits yellows8 (Read error: Operation timed out)
[05:44:23] *** Joins yls8bot
[05:45:05] *** Joins Kyouju
[05:47:51] *** Joins yellows8
[05:47:51] *** WntrMute sets mode: +o yellows8
[05:48:07] *** yellows8 sets mode: +o yls8bot
[06:34:39] *** Quits Stary (Ping timeout: 258 seconds)
[06:36:30] *** Joins Stary
[06:56:16] *** Joins TuxSH_
[06:57:25] *** Quits klanc (Read error: Operation timed out)
[06:57:35] *** Quits TuxSH (Read error: Operation timed out)
[06:57:51] *** Joins klanc
[06:59:08] *** Quits phigcloud (Read error: Operation timed out)
[06:59:20] *** Quits rmaw (Read error: Operation timed out)
[06:59:34] *** Quits thomasnet (Read error: Operation timed out)
[07:02:32] *** Quits Genolo (Read error: Operation timed out)
[07:02:58] *** Quits omlet05_ (Read error: Operation timed out)
[07:03:03] *** Joins omlet05
[07:06:01] *** Joins Genolo
[07:06:25] *** Joins thomasnet
[07:06:38] *** Joins phigcloud
[07:07:40] *** Joins rmaw
[07:35:38] *** Joins giglife_
[07:36:26] *** Quits giglife (Read error: Operation timed out)
[07:36:26] *** giglife_ is now known as giglife
[07:56:58] *** Quits SCV_____ (Ping timeout: 1230 seconds)
[07:57:11] *** Joins SCV_____
[08:13:02] *** Joins |Shadow|_
[08:18:06] *** Quits |Shadow| (Read error: Operation timed out)
[08:22:18] *** Quits |Shadow|_ (Read error: Operation timed out)
[08:24:30] *** Joins |Shadow|
[09:13:03] *** Joins n87
[09:55:45] *** Quits |Shadow| (Read error: Operation timed out)
[09:56:15] *** Joins |Shadow|
[10:07:48] *** Joins derk0pf
[10:08:40] *** Quits n87 (Read error: Connection reset by peer)
[10:12:01] *** Joins n87
[10:16:42] *** Quits n87 (Read error: Connection reset by peer)
[10:20:38] *** Joins n87
[10:21:41] *** Joins |Shadow|_
[10:23:28] *** Quits |Shadow| (Read error: Operation timed out)
[10:23:50] *** Quits KuKzz (Ping timeout: 265 seconds)
[10:26:33] *** |Shadow|_ is now known as |Shadow|
[10:32:47] *** Quits derk0pf (Read error: Operation timed out)
[10:52:17] *** Joins derk0pf
[10:56:38] *** Quits SCV_____ (Ping timeout: 1230 seconds)
[10:56:52] *** Joins SCV_____
[11:38:03] *** Quits rjeli____ (Ping timeout: 1230 seconds)
[11:38:17] *** Joins rjeli____
[11:48:17] *** Joins |Shadow|_
[11:53:42] *** Quits |Shadow| (Read error: Operation timed out)
[12:18:40] *** Joins n87_2
[12:21:46] *** Quits n87 (Ping timeout: 265 seconds)
[12:23:02] *** Quits |Shadow|_ (Read error: Operation timed out)
[12:25:35] *** Quits Kyouju (Read error: Connection reset by peer)
[12:26:35] *** Joins |Shadow|
[12:37:21] *** Joins yls8bot_
[12:43:01] *** Quits yls8bot_ (Read error: Connection reset by peer)
[12:44:09] *** Joins IShaDoWl
[12:45:02] *** Quits IShaDoWl (Client Quit)
[12:45:09] *** Quits |Shadow| (Read error: Connection reset by peer)
[12:45:20] *** Joins IShaDoWl
[12:45:36] *** Quits yellows8 (Read error: Connection reset by peer)
[12:45:49] *** Quits yls8bot (Read error: Operation timed out)
[12:46:34] *** Joins Kyouju-
[12:47:44] *** Joins yls8bot
[12:49:02] *** Kyouju- is now known as Kyouju
[12:50:29] *** Joins yellows8
[12:50:29] *** WntrMute sets mode: +o yellows8
[12:50:47] *** yellows8 sets mode: +o yls8bot
[12:52:21] *** Joins |Shadow|
[12:52:43] *** Quits SCV_____ (Ping timeout: 1230 seconds)
[12:59:47] *** Joins SCV_____
[13:05:53] *** Quits |Shadow| (Read error: Operation timed out)
[13:07:09] *** Joins |Shadow|
[13:38:20] *** Quits |Shadow| (Read error: Operation timed out)
[13:41:27] *** Joins |Shadow|
[13:48:57] *** Quits derk0pf (Remote host closed the connection)
[14:06:48] *** Quits rjeli____ (Ping timeout: 1230 seconds)
[14:07:01] *** Joins rjeli____
[14:29:21] *** Joins KuKzz
[14:30:53] *** Joins giglife_
[14:31:19] *** Quits giglife (Read error: Operation timed out)
[14:31:19] *** giglife_ is now known as giglife
[16:32:51] *** Joins giglife_
[16:34:28] *** Quits giglife (Read error: Operation timed out)
[16:34:28] *** giglife_ is now known as giglife
[17:17:08] *** Quits giglife (Read error: Operation timed out)
[17:29:55] *** Joins fgsfds
[17:34:33] *** Joins giglife
[18:01:18] *** Quits rjeli____ (Ping timeout: 1230 seconds)
[18:01:31] *** Joins rjeli____
[18:29:08] *** Joins n87_3
[18:32:29] *** Quits n87_2 (Ping timeout: 265 seconds)
[18:44:17] *** Joins refsw2
[18:54:58] *** Quits refsw` (Ping timeout: 745 seconds)
[19:10:58] *** Quits plutobot (Ping timeout: 258 seconds)
[19:11:07] *** Joins plutobot
[19:15:23] *** Quits rjeli____ (Ping timeout: 1230 seconds)
[19:15:36] *** Joins rjeli____
[19:35:07] *** Joins n87_2
[19:36:12] *** Quits giglife (Read error: Operation timed out)
[19:38:42] *** Quits n87_3 (Ping timeout: 265 seconds)
[19:39:29] *** Joins giglife
[19:45:38] *** Joins n87_3
[19:48:51] *** Quits n87_2 (Ping timeout: 265 seconds)
[20:04:23] *** Quits SCV_____ (Ping timeout: 1230 seconds)
[20:04:36] *** Joins SCV_____
[20:21:18] *** Quits rjeli____ (Ping timeout: 1230 seconds)
[20:21:31] *** Joins rjeli____
[22:22:37] *** Joins |Shadow|_
[22:27:39] *** Quits |Shadow| (Read error: Operation timed out)
[22:38:03] *** Quits |Shadow|_ (Read error: Connection reset by peer)
[22:43:32] *** Joins |Shadow|
[23:48:15] *** Quits |Shadow| (Read error: Connection reset by peer)
[23:48:59] *** Joins |Shadow|
