[00:17:18] <DoozerBot> Documentation for v4.0.1, building targets: 02docs
[00:17:53] <DoozerBot> 02docs: 03 v4.0.1 Build OK - https://doozer.io/build/yums3ajjy5
[00:41:32] *** Quits n87_3 (Read error: Connection reset by peer)
[00:52:12] <Behemoth_> Now that old hid is gone, could you please update the docker images. 🙏 WntrMute 
[02:36:00] *** Quits changO- (Read error: Connection reset by peer)
[02:37:54] *** Joins changO-
[03:15:47] *** Joins refs
[03:16:49] <Behemoth_> Thanks
[04:05:58] *** Quits refs (Quit: refs)
[04:15:20] *** Joins SCV______
[04:22:33] *** Quits jn (Ping timeout: 615 seconds)
[04:26:38] *** Quits SCV_____ (Ping timeout: 1230 seconds)
[04:27:48] *** Quits rjeli____ (Ping timeout: 1230 seconds)
[04:28:01] *** Joins rjeli____
[04:36:33] *** Quits SCV______ (Ping timeout: 1230 seconds)
[04:36:36] *** Joins SCV______
[04:43:17] *** Quits SCV______ (Read error: Connection reset by peer)
[04:45:35] *** Quits madk (Ping timeout: 258 seconds)
[04:45:58] *** Quits plutobot (Ping timeout: 258 seconds)
[04:46:30] *** Joins SCV______
[04:46:44] *** Quits DacoTaco (Ping timeout: 258 seconds)
[04:47:07] *** Quits omlet05 (Ping timeout: 258 seconds)
[04:47:30] *** Quits flagrama (Ping timeout: 258 seconds)
[04:48:11] *** Joins omlet05
[04:48:49] *** Joins flagrama
[04:49:02] *** Quits nohit (Ping timeout: 258 seconds)
[04:49:23] *** Quits rjeli____ (Ping timeout: 1230 seconds)
[04:49:36] *** Joins rjeli____
[04:52:52] *** Quits Pieman (Ping timeout: 258 seconds)
[04:57:07] *** Joins nohit
[05:34:39] *** Joins KuKzz_
[05:34:42] *** Quits KuKzz (Ping timeout: 260 seconds)
[05:37:54] *** Quits giglife (Read error: Operation timed out)
[05:38:00] *** Joins giglife
[05:49:22] *** Joins plutobot
[05:49:35] *** Joins madk
[05:50:00] *** Joins DacoTaco
[05:56:07] *** Joins Pieman
[06:29:35] *** Quits fgsfds (Leaving)
[06:42:33] *** Quits SCV______ (Ping timeout: 1230 seconds)
[06:42:46] *** Joins SCV______
[07:11:21] *** Joins oreo639
[07:22:34] *** Joins |Shadow|_
[07:22:42] *** Quits |Shadow| (Read error: Operation timed out)
[07:35:38] *** Quits SCV______ (Ping timeout: 1230 seconds)
[07:35:51] *** Joins SCV______
[07:51:53] *** Quits oreo639 (Ping timeout: 258 seconds)
[08:28:43] *** Joins |Shadow|
[08:29:14] *** Quits |Shadow|_ (Read error: Operation timed out)
[08:32:07] *** Joins oreo639
[08:42:08] *** Quits rjeli____ (Ping timeout: 1230 seconds)
[08:42:21] *** Joins rjeli____
[09:00:13] *** Quits SCV______ (Ping timeout: 1230 seconds)
[09:00:26] *** Joins SCV______
[09:08:10] *** Quits oreo639 (Ping timeout: 258 seconds)
[09:08:28] *** Joins oreo639
[09:10:35] *** Joins oreo639_
[09:13:00] *** Quits oreo639 (Read error: Connection reset by peer)
[09:14:24] *** oreo639_ is now known as oreo639
[09:38:57] *** Quits SCV______ (Read error: Connection timed out)
[09:52:49] *** Joins SCV______
[10:12:28] *** Joins n87
[10:13:52] *** Quits oreo639 (Quit)
[10:20:58] *** Joins n87_2
[10:24:10] *** Quits n87 (Ping timeout: 265 seconds)
[13:25:58] *** Joins n87_3
[13:29:17] *** Quits n87_2 (Ping timeout: 265 seconds)
[13:58:27] *** Joins n87_2
[14:01:40] *** Quits n87_3 (Ping timeout: 265 seconds)
[14:40:32] *** Quits changO- (Read error: Connection reset by peer)
[14:43:04] *** Joins changO-
[14:53:08] *** Quits rjeli____ (Ping timeout: 1230 seconds)
[14:53:21] *** Joins rjeli____
[16:31:42] *** Joins |Shadow|_
[16:31:45] *** Quits |Shadow|_ (Excess Flood)
[16:35:50] *** Quits foghorn2 (Read error: Connection reset by peer)
[16:35:57] *** Joins foghorn2
[16:36:58] *** Quits |Shadow| (Read error: Operation timed out)
[16:37:04] *** Joins |Shadow|
[16:50:35] *** Joins |Shadow|_
[16:54:42] *** Quits foghorn2 (Read error: Connection reset by peer)
[16:54:49] *** Joins foghorn2
[16:55:57] *** Quits |Shadow| (Read error: Operation timed out)
[18:01:51] *** Joins refs
[18:54:00] *** Joins fgsfds
[19:01:41] *** Quits foghorn2 (Read error: Connection reset by peer)
[19:01:49] *** Joins foghorn2
[19:43:10] *** Quits oldtopman (Read error: Operation timed out)
[19:44:34] *** Joins oldtopman
[20:06:58] *** Quits SCV______ (Ping timeout: 1230 seconds)
[20:07:12] *** Joins SCV______
[20:35:48] *** Joins giglife_
[20:36:20] *** Quits giglife (Read error: Operation timed out)
[20:36:20] *** giglife_ is now known as giglife
[20:48:21] *** Quits giglife (Read error: Operation timed out)
[20:52:21] *** Joins giglife
[21:51:58] *** Quits rjeli____ (Ping timeout: 1230 seconds)
[21:52:14] *** Joins rjeli____
[22:47:42] *** Quits fgsfds (Leaving)
[22:48:02] *** Joins fgsfds
