[00:13:31] *** Quits n87_2 (Read error: Connection reset by peer)
[00:30:48] *** Quits SCV______ (Read error: Connection timed out)
[00:39:05] *** Joins SCV______
[00:54:18] *** Quits giglife (Read error: Operation timed out)
[00:54:19] *** Quits |Shadow| (Read error: Connection reset by peer)
[00:59:44] *** Joins |Shadow|
[01:00:50] *** Joins giglife
[01:02:01] *** Quits |Shadow| (Read error: Connection reset by peer)
[01:07:21] *** Joins |Shadow|
[01:28:18] *** Quits SCV______ (Read error: Connection timed out)
[01:38:46] *** Joins |Shadow|_
[01:39:36] *** Quits |Shadow| (Read error: Operation timed out)
[01:41:05] *** Quits giglife (Read error: Operation timed out)
[01:42:08] *** Joins SCV______
[01:45:03] *** Joins giglife
[01:54:23] *** Joins |Shadow|
[01:56:55] *** Quits |Shadow|_ (Read error: Operation timed out)
[02:04:01] *** Joins giglife_
[02:06:02] *** Quits giglife (Read error: Operation timed out)
[02:06:02] *** giglife_ is now known as giglife
[02:43:17] *** Quits giglife (Read error: Operation timed out)
[03:02:16] *** Quits |Shadow| ()
[03:02:41] *** Joins |Shadow|
[03:20:08] *** Joins |Shadow|_
[03:23:11] *** Quits |Shadow| (Read error: Operation timed out)
[03:28:19] *** |Shadow|_ is now known as |Shadow|
[03:28:31] *** Quits |Shadow| ()
[03:28:57] *** Joins |Shadow|
[03:46:11] *** Joins KuKzz
[03:46:34] *** Quits KuKzz_ (Ping timeout: 496 seconds)
[04:45:54] *** Quits refs (Quit: refs)
[04:52:38] *** Joins giglife
[05:06:19] *** Joins |Shadow|_
[05:11:42] *** Quits |Shadow| (Read error: Operation timed out)
[05:11:54] *** |Shadow|_ is now known as |Shadow|
[06:23:52] *** Quits fgsfds (Read error: Connection reset by peer)
[09:34:44] *** Joins RaYmAn
[12:12:27] *** Joins m4ts_
[12:14:04] *** Quits m4ts (Ping timeout: 265 seconds)
[12:33:30] *** Joins n87
[14:45:01] *** Joins n87_2
[14:48:15] *** Quits n87 (Ping timeout: 265 seconds)
[16:57:22] *** Quits hexkyz (Quit: blargh!)
[17:21:26] *** Joins hexkyz
[17:33:04] *** Quits hexkyz (Quit: blargh!)
[17:37:37] *** Joins hexkyz
[17:56:47] *** Joins fgsfds
[21:10:04] *** Quits n87_2 (Read error: Connection reset by peer)
