[00:35:01] *** Joins |Shadow|_
[00:35:30] *** Quits |Shadow| (Read error: Operation timed out)
[00:47:22] *** Quits |Shadow|_ (Read error: Connection reset by peer)
[00:52:50] *** Joins |Shadow|
[01:05:17] <yls8bot> https://yls8.mtheall.com/ninupdates/reports.php?date=2021-03-09_00-05-06&sys=hac Update-details for the following hac report is now available/updated: https://yls8.mtheall.com/ninupdates/reports.php?date=2021-03-09_00-05-06&sys=hac Sysmodule SwIPC-generation .info files for the following hac report is now available/updated: 
[01:05:22] <yls8bot> https://yls8.mtheall.com/ninupdates/reports.php?date=2021-03-09_00-05-06&sys=hac 
[01:25:50] <plutobot> Wiki | Page changed: Title list | User: Zachycatgames | https://switchbrew.org/w/index.php?curid=84&diff=10716&oldid=10452
[07:02:00] *** Quits |Shadow| ()
[07:10:24] *** Joins |Shadow|
[07:10:24] *** Quits Kyouju (Read error: Connection reset by peer)
[07:15:01] *** Quits giglife (Read error: Operation timed out)
[07:15:07] *** Joins giglife
[07:15:25] *** Joins Kyouju
[07:15:34] *** Joins omlet05_
[07:18:13] *** Quits omlet05 (Read error: Connection reset by peer)
[07:23:33] *** Quits yellows8 (Read error: Connection reset by peer)
[07:23:55] *** Joins yellows8
[07:23:55] *** WntrMute sets mode: +o yellows8
[08:04:33] *** Joins Kyouju-
[08:04:33] *** Quits Kyouju (Read error: Connection reset by peer)
[08:04:48] *** Kyouju- is now known as Kyouju
[08:31:55] *** Joins |Shadow|_
[08:37:03] *** Quits |Shadow| (Ping timeout: 745 seconds)
[09:01:13] *** Quits fgsfds (Read error: Connection reset by peer)
[09:03:06] *** Joins |Shadow|
[09:07:58] *** Quits |Shadow|_ (Ping timeout: 745 seconds)
[09:47:52] *** Quits hexkyz (Read error: Connection reset by peer)
[09:48:36] *** Joins hexkyz
[11:12:13] *** Quits |Shadow| (Read error: Connection reset by peer)
[11:18:00] *** Joins |Shadow|
[11:56:39] *** Quits |Shadow| (Write error: Connection reset by peer)
[12:02:27] *** Joins |Shadow|
[12:13:57] *** Quits |Shadow| (Read error: Connection reset by peer)
[12:30:45] *** Joins |Shadow|_
[12:46:41] *** Joins |Shadow|
[12:51:58] *** Quits |Shadow|_ (Ping timeout: 745 seconds)
[13:06:40] *** Joins |Shadow|_
[13:11:48] *** Quits |Shadow| (Ping timeout: 745 seconds)
[13:21:39] *** Joins |Shadow|
[13:26:23] *** Quits |Shadow|_ (Ping timeout: 745 seconds)
[13:29:57] *** Joins |Shadow|_
[13:34:33] *** Quits |Shadow| (Ping timeout: 745 seconds)
[13:48:47] *** Joins |Shadow|
[13:53:48] *** Quits |Shadow|_ (Ping timeout: 745 seconds)
[14:01:23] *** Quits |Shadow| (Ping timeout: 745 seconds)
[14:01:59] *** Joins |Shadow|
[14:25:44] *** Joins |Shadow|_
[14:30:33] *** Quits |Shadow| (Ping timeout: 745 seconds)
[14:43:16] *** |Shadow|_ is now known as |Shadow|
[15:37:19] *** Joins |Shadow|_
[15:42:18] *** Quits |Shadow| (Ping timeout: 745 seconds)
[15:53:57] *** Joins |Shadow|
[15:53:58] *** Quits |Shadow|_ (Ping timeout: 745 seconds)
[16:04:03] *** Joins |Shadow|_
[16:09:08] *** Quits |Shadow| (Ping timeout: 745 seconds)
[16:50:44] *** Joins |Shadow|
[16:55:48] *** Quits |Shadow|_ (Ping timeout: 745 seconds)
[17:20:03] <plutobot> Wiki | Page changed: 11.0.1 | User: SciresM | https://switchbrew.org/w/index.php?curid=424&diff=10717&oldid=10466
[17:58:24] *** Joins fgsfds
[18:41:57] *** Joins anewuser
[18:50:46] *** Quits anewuser (Ping timeout: 376 seconds)
[19:32:09] *** Quits ihaveamac (Quit: fail)
[19:33:14] *** Joins ihaveamac
[20:39:50] *** Joins |Shadow|_
[20:42:43] *** Quits |Shadow| (Ping timeout: 745 seconds)
[21:25:42] *** Joins |Shadow|
[21:31:08] *** Quits |Shadow|_ (Ping timeout: 745 seconds)
[22:27:07] *** Quits Snetry (Quit: left EFNet)
[22:28:51] *** Joins Snetry
