[01:16:05] *** Joins |Shadow|_
[01:21:33] *** Quits |Shadow| (Ping timeout: 745 seconds)
[01:53:40] *** |Shadow|_ is now known as |Shadow|
[02:15:11] *** Joins |Shadow|_
[02:20:28] *** Quits |Shadow| (Ping timeout: 745 seconds)
[02:24:01] *** Quits foghorn2 (Quit: Leaving)
[02:32:12] *** |Shadow|_ is now known as |Shadow|
[04:04:35] *** Joins Kyouju-
[04:04:40] *** Quits Kyouju (Read error: Connection reset by peer)
[04:04:52] *** Kyouju- is now known as Kyouju
[04:21:01] *** Quits thomasnet (Read error: Operation timed out)
[04:22:46] *** Quits TuxSH_ (Read error: Operation timed out)
[04:23:06] *** Joins TuxSH
[04:23:07] *** fincs sets mode: +o TuxSH
[04:25:13] *** Joins refsw
[04:25:13] *** Quits refsw (Connection closed)
[04:26:50] *** Joins refsw
[04:28:42] *** Joins Extrems`
[04:29:46] *** Quits Extrems (Read error: Operation timed out)
[04:29:46] *** Extrems` is now known as Extrems
[04:30:50] *** Quits phigcloud (Read error: Operation timed out)
[04:32:42] *** Quits freundTe- (Ping timeout: 857 seconds)
[04:33:46] *** Joins freundTec
[04:33:46] *** Quits Genolo (Ping timeout: 857 seconds)
[04:34:50] *** Quits rmaw (Ping timeout: 857 seconds)
[04:35:54] *** Quits blasty (Read error: Connection reset by peer)
[04:35:54] *** Joins Genolo
[04:35:54] *** Joins thomasnet
[04:36:07] *** Joins phigcloud
[04:36:25] *** Quits refsw3 (Read error: Operation timed out)
[04:38:10] *** Joins rmaw
[04:43:22] *** Quits TuxSH (Quit: ZNC - http://znc.in)
[04:43:22] *** Quits thomasnet (Read error: Connection reset by peer)
[04:44:26] *** Quits fgsfds (Read error: Connection reset by peer)
[04:44:26] *** Quits phigcloud (Read error: Operation timed out)
[04:45:30] *** Joins TuxSH
[04:45:30] *** fincs sets mode: +o TuxSH
[04:47:38] *** Joins blasty
[04:49:20] *** Quits giglife (Read error: Operation timed out)
[04:49:25] *** Joins giglife
[04:55:47] *** Quits klanc (Read error: Operation timed out)
[04:55:51] *** Quits TuxSH (Read error: Connection reset by peer)
[04:56:05] *** Quits d3m3vilur (Ping timeout: 1221 seconds)
[04:58:00] *** Quits lex1 (Ping timeout: 857 seconds)
[04:58:00] *** Quits blasty (Read error: Connection reset by peer)
[04:58:03] *** Joins klanc
[04:58:56] *** Quits Snetry (Read error: Connection reset by peer)
[04:59:44] *** Joins thomasnet
[05:00:33] *** Joins d3m3vilur
[05:00:33] *** Joins lex1
[05:00:33] *** Joins TuxSH
[05:02:11] *** Quits averne (quit)
[05:04:28] *** Joins averne
[05:04:28] *** Server sets mode: +stn 
[05:06:49] *** Quits eggster (Ping timeout: 857 seconds)
[05:07:41] *** Quits klanc (Read error: Operation timed out)
[05:11:04] *** Joins Snetry
[05:11:47] *** Joins klanc
[05:19:15] *** Joins blasty_
[05:20:04] *** Joins eggster
[05:31:32] *** Joins phigcloud
[06:02:33] *** Joins |Shadow|_
[06:06:13] *** Quits |Shadow| (Ping timeout: 745 seconds)
[07:17:16] *** Joins |Shadow|
[07:20:18] *** Quits |Shadow|_ (Ping timeout: 745 seconds)
[08:09:01] *** Quits zombie343 ()
[08:16:52] *** Quits |Shadow| (Read error: Connection reset by peer)
[08:50:14] *** Joins |Shadow|
[08:55:34] *** Joins |Shadow|_
[09:36:17] *** Joins rctgamer3
[09:36:46] *** Parts rctgamer3 ()
[10:49:53] *** Quits |Shadow| ()
[11:17:06] *** |Shadow|_ is now known as |Shadow|
[11:17:16] *** Quits |Shadow| ()
[11:50:58] *** Joins derk0pf
[13:33:31] *** Quits derk0pf (Ping timeout: 265 seconds)
[13:58:17] *** Joins derk0pf
[15:11:36] *** Joins |Shadow|
[16:08:31] *** Quits derk0pf (Read error: Operation timed out)
[16:19:32] *** Joins derk0pf
[16:46:59] <plutobot> GitHub | New PR: Update langua... | User: chronoss | https://github.com/switchbrew/nx-hbmenu/pull/130
[17:47:53] *** Joins |Shadow|_
[17:53:13] *** Quits |Shadow| (Ping timeout: 745 seconds)
[18:21:43] *** Joins |Shadow|
[18:26:28] *** Quits |Shadow|_ (Ping timeout: 745 seconds)
[20:26:30] *** Quits derk0pf (Read error: Operation timed out)
[20:26:48] *** Joins derk0pf
[20:54:51] *** Quits derk0pf (Ping timeout: 622 seconds)
[21:01:16] *** Joins derk0pf
[21:12:40] *** Quits derk0pf (Ping timeout: 604 seconds)
[21:21:41] *** Joins fgsfds
[21:40:45] *** Joins derk0pf
[21:54:44] *** Quits derk0pf (Read error: Operation timed out)
[23:29:00] *** Quits |Shadow| ()
[23:41:27] *** Joins derk0pf
[23:54:16] *** Quits derk0pf (Read error: Operation timed out)
