[00:11:00] *** Quits nohit ()
[00:11:14] *** Joins nohit
[01:42:10] *** Joins derk0pf
[01:55:06] *** Quits derk0pf (Ping timeout: 744 seconds)
[02:06:13] *** Joins zombie343
[02:44:22] *** Joins |Shadow|
[03:29:40] *** Joins |Shadow|_
[03:34:48] *** Quits |Shadow| (Ping timeout: 745 seconds)
[03:42:59] *** Joins derk0pf
[03:51:51] *** Quits derk0pf (Ping timeout: 501 seconds)
[04:37:03] *** Joins |Shadow|
[04:42:28] *** Quits |Shadow|_ (Ping timeout: 745 seconds)
[05:43:49] *** Joins derk0pf
[05:48:36] *** Quits derk0pf (Ping timeout: 258 seconds)
[07:30:27] *** Quits fgsfds (Read error: Connection reset by peer)
[07:39:18] *** Joins derk0pf
[08:04:09] *** Quits derk0pf (Ping timeout: 622 seconds)
[08:24:13] *** Joins derk0pf
[09:26:58] *** Quits eggster (hub.efnet.us ircd.choopa.net)
[09:26:58] *** Quits KuKzz (hub.efnet.us ircd.choopa.net)
[09:26:58] *** Quits Surkow (hub.efnet.us ircd.choopa.net)
[09:26:58] *** Quits mtheall (hub.efnet.us ircd.choopa.net)
[09:26:58] *** Quits ihaveamac (hub.efnet.us ircd.choopa.net)
[09:26:58] *** Quits IShaDoWl (hub.efnet.us ircd.choopa.net)
[09:26:58] *** Quits tpw_rules (hub.efnet.us ircd.choopa.net)
[09:26:58] *** Quits Maylay (hub.efnet.us ircd.choopa.net)
[09:26:58] *** Quits j0hny5 (hub.efnet.us ircd.choopa.net)
[09:27:38] *** Joins eggster
[09:27:38] *** Joins KuKzz
[09:27:38] *** Joins tpw_rules
[09:27:38] *** Joins Maylay
[09:27:38] *** Joins j0hny5
[09:27:38] *** Joins mtheall
[09:27:38] *** Joins Surkow
[09:29:55] *** Joins IShaDoWl
[09:37:34] *** Joins ihaveamac
[11:54:28] *** Joins n87
[11:58:54] *** Joins |Shadow|_
[11:58:56] *** Quits |Shadow|_ (Read error: Connection reset by peer)
[12:03:28] *** Quits |Shadow| (Ping timeout: 745 seconds)
[12:04:48] *** Joins |Shadow|
[12:29:04] *** Joins |Shadow|_
[12:34:23] *** Quits |Shadow| (Ping timeout: 745 seconds)
[12:39:19] *** Quits |Shadow|_ ()
[12:50:57] *** Joins |Shadow|
[13:10:46] *** Quits derk0pf (Ping timeout: 857 seconds)
[13:22:41] *** Joins derk0pf
[13:25:51] *** Quits changO- (Read error: Connection reset by peer)
[13:56:57] *** Quits derk0pf (Ping timeout: 265 seconds)
[14:07:20] *** Joins derk0pf
[14:47:34] *** Quits derk0pf (Ping timeout: 258 seconds)
[14:49:31] *** Joins derk0pf
[14:57:48] *** Joins CCFL_Man_
[14:58:24] *** Quits derk0pf (Ping timeout: 501 seconds)
[14:58:33] *** Quits CCFL_Man (Read error: Operation timed out)
[15:02:54] *** Quits tpw_rules (Read error: Operation timed out)
[15:04:56] *** Joins GerbilSof
[15:05:08] *** Joins tpw_rules
[15:08:24] *** Quits IShaDoWl (Read error: Operation timed out)
[15:08:59] *** Joins IShaDoWl
[15:20:29] *** Joins derk0pf
[15:25:30] *** Quits derk0pf (Ping timeout: 265 seconds)
[16:23:48] *** Joins derk0pf
[16:35:33] *** Quits derk0pf (Ping timeout: 501 seconds)
[16:41:08] *** Joins derk0pf
[17:54:05] *** Joins fgsfds
[17:58:57] *** Joins |Shadow|_
[18:03:58] *** Quits |Shadow| (Ping timeout: 745 seconds)
[18:36:12] *** Quits n87 (Read error: Connection reset by peer)
[19:11:28] *** Joins |Shadow|
[19:13:58] *** Quits |Shadow|_ (Ping timeout: 745 seconds)
[19:28:58] *** Quits |Shadow| (Read error: Connection reset by peer)
[19:29:26] *** Joins |Shadow|
[19:41:09] *** Joins |Shadow|_
[19:44:53] *** Quits |Shadow| (Ping timeout: 745 seconds)
[19:58:42] *** Joins rajkosto
[20:10:41] *** Joins changO-
[20:15:01] *** Joins n87
[21:01:57] *** Joins n87_2
[21:05:35] *** Joins n87_3
[21:05:46] *** Quits n87 (Ping timeout: 265 seconds)
[21:09:34] *** Joins n87
[21:09:38] *** Quits n87_2 (Ping timeout: 265 seconds)
[21:12:03] *** Quits n87_3 (Ping timeout: 265 seconds)
[21:53:39] <plutobot> Wiki | Page changed: USB services | User: Hexkyz | https://switchbrew.org/w/index.php?curid=195&diff=10718&oldid=10712
[21:56:08] *** Quits derk0pf (Ping timeout: 258 seconds)
[22:05:15] *** Joins derk0pf
[22:09:58] *** Quits derk0pf (Ping timeout: 265 seconds)
[22:10:10] *** Quits rajkosto (Read error: Connection reset by peer)
[22:48:40] *** Joins |Shadow|
[22:53:18] *** Quits |Shadow|_ (Ping timeout: 745 seconds)
[23:10:50] *** Quits n87 (Read error: Connection reset by peer)
[23:50:54] *** Joins |Shadow|_
[23:55:43] *** Quits |Shadow| (Ping timeout: 745 seconds)
