[00:08:04] *** Quits |Shadow|_ (Read error: Connection reset by peer)
[00:20:35] *** Joins |Shadow|
[00:23:10] *** Joins derk0pf
[00:27:02] *** CCFL_Man_ is now known as CCFL_Man
[00:27:48] *** Quits derk0pf (Ping timeout: 265 seconds)
[02:24:30] *** Joins derk0pf
[02:29:04] *** Quits derk0pf (Ping timeout: 258 seconds)
[02:39:00] *** Joins |Shadow|_
[02:43:43] *** Quits |Shadow| (Ping timeout: 745 seconds)
[03:06:24] *** |Shadow|_ is now known as |Shadow|
[03:29:46] *** Quits |Shadow| ()
[03:35:44] *** Quits tpw_rules (Read error: Operation timed out)
[03:36:01] *** Joins tpw_rules
[03:36:16] *** Joins figgis_
[03:37:02] *** Joins |Shadow|
[03:38:28] *** Quits Maylay (Read error: Operation timed out)
[03:39:54] *** Quits j0hny5 (Read error: Operation timed out)
[03:43:16] *** Joins Maylay
[03:43:25] *** Quits fgsfds (Read error: Operation timed out)
[03:50:37] *** Joins j0hny5
[04:25:10] *** Joins derk0pf
[04:32:40] *** Quits derk0pf (Read error: Operation timed out)
[04:53:16] *** Joins foghorn
[05:00:00] *** Quits foghorn (Quit: Leaving)
[05:54:51] *** Quits GerbilSof (Quit: Windows must now restart because the Remote Procedure Call (RPC) service terminated unexpectedly.)
[06:39:07] *** Quits KuKzz (Ping timeout: 265 seconds)
[07:36:33] *** Quits |Shadow| (Ping timeout: 745 seconds)
[07:36:52] *** Joins |Shadow|
[07:40:37] *** Quits |Shadow| (Read error: Connection reset by peer)
[07:46:51] *** Joins |Shadow|
[08:04:29] *** Joins |Shadow|_
[08:09:48] *** Quits |Shadow| (Ping timeout: 745 seconds)
[08:29:24] *** Quits figgis_ (Quit: Leaving)
[08:42:00] *** |Shadow|_ is now known as |Shadow|
[09:45:17] *** Joins derk0pf
[10:09:29] *** Joins |Shadow|_
[10:14:38] *** Quits |Shadow| (Ping timeout: 745 seconds)
[10:30:34] *** |Shadow|_ is now known as |Shadow|
[10:48:24] *** Joins KuKzz
[10:49:19] *** Quits |Shadow| ()
[10:53:37] *** Quits derk0pf (Read error: Operation timed out)
[10:57:00] *** Joins |Shadow|
[11:20:42] *** Joins n87
[11:24:14] *** Joins |Shadow|_
[11:29:18] *** Quits |Shadow| (Ping timeout: 745 seconds)
[11:41:05] *** Joins GeekShado
[12:08:17] *** Joins |Shadow|
[12:13:03] *** Quits |Shadow|_ (Ping timeout: 745 seconds)
[12:21:57] *** Quits n87 (Read error: Connection reset by peer)
[12:26:26] *** Joins n87
[12:45:18] *** Joins derk0pf
[12:56:03] *** Quits derk0pf (Ping timeout: 622 seconds)
[13:56:53] *** Quits |Shadow| (Ping timeout: 745 seconds)
[14:02:46] *** Joins |Shadow|
[14:09:54] *** Joins derk0pf
[14:21:47] *** Quits derk0pf (Read error: Operation timed out)
[14:26:45] *** Joins derk0pf
[14:48:09] *** Quits n87 (Read error: Connection reset by peer)
[14:50:14] *** Joins n87
[15:02:14] *** Quits Surkow (Ping timeout: 240 seconds)
[15:16:02] *** Joins Surkow
[15:16:47] *** Joins n87_2
[15:17:21] *** Quits derk0pf (Read error: Operation timed out)
[15:20:02] *** Quits n87 (Ping timeout: 265 seconds)
[15:59:19] *** Joins GerbilSof
[16:34:18] *** Joins m4ts
[16:37:22] *** Quits m4ts_ (Ping timeout: 265 seconds)
[17:48:24] *** Joins fgsfds
[17:49:52] *** Quits n87_2 (Read error: Connection reset by peer)
[18:44:37] *** Joins |Shadow|_
[18:49:43] *** Quits |Shadow| (Ping timeout: 745 seconds)
[19:01:32] *** Joins n87
[19:29:49] *** Joins |Shadow|
[19:33:39] *** Quits |Shadow|_ (Read error: Connection reset by peer)
[21:27:48] *** Quits |Shadow| (Ping timeout: 745 seconds)
[21:28:53] *** Joins |Shadow|
[22:10:50] *** Quits n87 (Read error: Connection reset by peer)
[22:59:07] *** Joins foghorn
[22:59:10] *** Quits foghorn (Read error: Connection reset by peer)
[23:00:30] *** Quits |Shadow| (Write error: Connection reset by peer)
[23:11:39] *** Joins |Shadow|
[23:12:08] *** Quits |Shadow| (Read error: Connection reset by peer)
[23:24:30] *** Joins |Shadow|
[23:32:34] *** Joins |Shadow|_
[23:37:18] *** Quits |Shadow| (Ping timeout: 745 seconds)
[23:47:46] *** |Shadow|_ is now known as |Shadow|
