[00:23:20] *** Joins |Shadow|_
[00:28:03] *** Quits |Shadow| (Ping timeout: 745 seconds)
[00:44:41] *** Joins |Shadow|
[00:44:58] *** Quits |Shadow|_ (Ping timeout: 745 seconds)
[00:50:07] *** Quits |Shadow| (Read error: Connection reset by peer)
[00:57:25] *** Joins |Shadow|
[00:57:55] *** Quits |Shadow| (Read error: Connection reset by peer)
[01:05:22] *** Joins |Shadow|
[01:24:38] *** Quits |Shadow| (Ping timeout: 745 seconds)
[01:24:51] *** Joins |Shadow|
[01:45:59] *** Quits ihaveamac (Quit: fail)
[01:47:49] *** Joins ihaveamac
[01:58:08] *** Joins |Shadow|_
[02:02:33] *** Quits |Shadow| (Ping timeout: 745 seconds)
[02:08:29] *** Joins |Shadow|
[02:13:38] *** Quits |Shadow|_ (Ping timeout: 745 seconds)
[02:18:28] *** Joins Extrems`
[02:19:03] *** Joins TAL_
[02:19:06] *** Joins balrog_
[02:19:24] *** Quits sh0e (Quit: Bye.)
[02:19:31] *** Quits Ghabry (Quit: while (!sleep) sheep++;)
[02:19:31] *** Quits Extrems (Quit: ZNC 1.7.5 - https://znc.in)
[02:19:31] *** Quits klock (Quit: ZNC - https://znc.in)
[02:19:31] *** Quits uyjulian (Quit: ZNC - http://znc.in)
[02:19:31] *** Quits TAL (Quit: ZNC - http://znc.in)
[02:19:31] *** Quits DeusQain (Quit: No Ping reply in 180 seconds.)
[02:19:31] *** Quits Normmatt (Quit: ZNC - http://znc.in)
[02:19:31] *** Extrems` is now known as Extrems
[02:19:36] *** Quits balrog (Read error: Connection reset by peer)
[02:19:36] *** Quits gruetzko- (Read error: Connection reset by peer)
[02:19:45] *** Joins klock
[02:19:47] *** Joins uyjulian
[02:20:23] *** Joins Normmatt
[02:20:33] *** balrog_ is now known as balrog
[02:20:42] *** Joins gruetzkop
[02:20:52] *** Joins derrek_
[02:21:42] *** Quits Summeli (Remote host closed the connection)
[02:22:55] *** Joins Ghabry
[02:23:09] *** Quits |Shadow| (Write error: Broken pipe)
[02:23:20] *** Joins sh0e
[02:28:08] *** Quits rjeli____ (Read error: Connection reset by peer)
[02:28:53] *** Joins |Shadow|
[02:30:27] *** Quits |Shadow| (Read error: Connection reset by peer)
[02:30:29] *** Joins DeusQain
[02:30:42] *** Joins rjeli____
[02:32:18] *** Quits derrek (Ping timeout: 745 seconds)
[02:32:18] *** derrek_ is now known as derrek
[02:36:58] *** Joins |Shadow|
[02:46:11] *** Joins |Shadow|_
[02:49:48] *** Quits |Shadow| (Ping timeout: 745 seconds)
[02:52:28] *** Quits |Shadow|_ (Read error: Connection timed out)
[02:54:22] *** Joins |Shadow|
[03:31:46] *** Joins |Shadow|_
[03:31:48] *** Quits |Shadow| (Ping timeout: 745 seconds)
[03:40:11] *** Joins |Shadow|
[03:43:17] *** Quits |Shadow| (Read error: Connection timed out)
[03:44:38] *** Quits |Shadow|_ (Ping timeout: 745 seconds)
[03:54:12] *** Joins |Shadow|
[03:54:19] *** Quits |Shadow| (Read error: Connection reset by peer)
[04:00:02] *** Joins |Shadow|
[04:01:15] *** Quits |Shadow| (Read error: Connection timed out)
[04:06:47] *** Joins |Shadow|
[04:08:33] *** Quits rjeli____ (Ping timeout: 1230 seconds)
[04:08:52] *** Joins rjeli____
[04:24:13] *** Joins |Shadow|_
[04:24:18] *** Quits SCV______ (Ping timeout: 1230 seconds)
[04:27:48] *** Quits |Shadow| (Ping timeout: 745 seconds)
[04:32:21] *** Joins |Shadow|
[04:37:08] *** Quits |Shadow|_ (Ping timeout: 745 seconds)
[04:46:39] *** Joins |Shadow|_
[04:51:43] *** Quits |Shadow| (Ping timeout: 745 seconds)
[04:53:29] *** Quits rjeli____ (Read error: Connection timed out)
[04:54:46] *** Joins |Shadow|
[04:59:18] *** Quits |Shadow|_ (Ping timeout: 745 seconds)
[05:01:10] *** Joins rjeli____
[05:19:05] *** Quits |Shadow| (Read error: Connection reset by peer)
[05:27:43] *** Joins |Shadow|
[05:37:07] *** Quits |Shadow| (Read error: Connection reset by peer)
[05:39:02] *** Quits GerbilSof (Windows must now restart because the Remote Procedure Call (RPC) service terminated unexpectedly.)
[05:43:38] *** Joins |Shadow|
[05:48:45] *** Joins GerbilSof
[06:00:06] *** Quits |Shadow| (Read error: Connection reset by peer)
[06:05:37] *** Joins |Shadow|
[06:27:50] *** Quits |Shadow| (Read error: Connection reset by peer)
[06:40:22] *** Joins |Shadow|
[06:41:05] *** Quits |Shadow| (Read error: Connection reset by peer)
[06:58:49] *** Joins |Shadow|
[07:21:33] *** Joins |Shadow|_
[07:23:58] *** Quits |Shadow| (Ping timeout: 745 seconds)
[07:24:33] *** Quits rjeli____ (Ping timeout: 1230 seconds)
[07:24:46] *** Joins rjeli____
[07:30:55] *** |Shadow|_ is now known as |Shadow|
[07:55:28] *** Quits |Shadow| (Ping timeout: 745 seconds)
[07:55:42] *** Joins |Shadow|
[08:28:03] *** Joins |Shadow|_
[08:32:36] *** Quits |Shadow|_ (Read error: Connection reset by peer)
[08:32:48] *** Quits |Shadow| (Ping timeout: 745 seconds)
[08:34:49] *** TAL_ is now known as TAL
[08:43:18] *** Joins |Shadow|
[08:50:18] *** Quits rjeli____ (Ping timeout: 1230 seconds)
[08:50:32] *** Joins rjeli____
[09:01:20] *** Quits |Shadow| (Read error: Connection reset by peer)
[09:10:01] *** Joins |Shadow|
[09:10:04] *** Quits fgsfds (Read error: Connection reset by peer)
[09:18:26] *** Joins |Shadow|_
[09:22:58] *** Quits |Shadow| (Ping timeout: 745 seconds)
[09:28:55] *** |Shadow|_ is now known as |Shadow|
[10:08:45] *** Joins |Shadow|_
[10:09:03] *** Quits |Shadow| (Ping timeout: 745 seconds)
[10:18:42] *** Joins |Shadow|
[10:24:13] *** Quits |Shadow|_ (Ping timeout: 745 seconds)
[10:26:51] *** Joins |Shadow|_
[10:31:48] *** Quits |Shadow| (Ping timeout: 745 seconds)
[10:32:17] *** |Shadow|_ is now known as |Shadow|
[10:32:30] *** Quits |Shadow| (Read error: Connection reset by peer)
[10:39:51] *** Joins |Shadow|
[10:48:25] *** Joins |Shadow|_
[10:49:18] *** Quits rjeli____ (Ping timeout: 1230 seconds)
[10:49:31] *** Joins rjeli____
[10:52:48] *** Quits |Shadow| (Ping timeout: 745 seconds)
[11:08:23] *** Joins |Shadow|
[11:13:48] *** Quits |Shadow|_ (Ping timeout: 745 seconds)
[11:32:23] *** Joins |Shadow|_
[11:37:08] *** Quits |Shadow| (Ping timeout: 745 seconds)
[11:53:39] *** Joins |Shadow|
[11:54:03] *** Quits |Shadow|_ (Ping timeout: 745 seconds)
[11:59:24] *** Joins n87
[12:24:49] *** Joins |Shadow|_
[12:29:38] *** Quits |Shadow| (Ping timeout: 745 seconds)
[12:35:59] *** Joins |Shadow|
[12:40:08] *** Quits |Shadow|_ (Ping timeout: 745 seconds)
[12:44:07] *** Joins |Shadow|_
[12:45:39] *** Quits |Shadow|_ (Read error: Connection reset by peer)
[12:45:40] *** Quits |Shadow| (Read error: Connection reset by peer)
[12:52:09] *** Joins |Shadow|
[13:01:08] *** Quits rjeli____ (Ping timeout: 1230 seconds)
[13:01:21] *** Joins rjeli____
[13:17:24] *** Quits |Shadow| (Read error: Connection reset by peer)
[13:21:06] *** Joins |Shadow|
[14:54:18] *** Quits n87 (Read error: Connection reset by peer)
[15:14:43] *** Quits rjeli____ (Ping timeout: 1230 seconds)
[15:14:56] *** Joins rjeli____
[17:23:05] *** Joins refs
[17:54:33] *** Quits rjeli____ (Ping timeout: 1230 seconds)
[17:54:46] *** Joins rjeli____
[18:01:03] *** Joins fgsfds
[18:24:29] *** Quits DacoTaco (Remote host closed the connection)
[18:25:37] <plutobot> Wiki | Page changed: PSC services | User: Hexkyz | https://switchbrew.org/w/index.php?curid=271&diff=10719&oldid=10378
[20:18:03] <plutobot> Wiki | Page changed: USB services | User: Hexkyz | https://switchbrew.org/w/index.php?curid=195&diff=10720&oldid=10718
[22:54:27] *** Joins n87
[23:11:48] *** Quits rjeli____ (Read error: Connection timed out)
[23:14:18] *** Joins figgis_
[23:20:05] *** Joins rjeli____
[23:39:37] *** Quits figgis_ (Leaving)
[23:52:21] *** Quits n87 (Read error: Connection reset by peer)
