[01:26:14] *** Quits |Shadow| ()
[01:33:03] *** Joins |Shadow|
[02:31:52] *** Quits refs (Quit: refs)
[06:05:03] *** Quits rjeli____ (Ping timeout: 1230 seconds)
[06:05:16] *** Joins rjeli____
[07:00:20] *** Quits lameboy (Ping timeout: 604 seconds)
[07:00:43] *** Joins lameboy
[08:22:52] *** Quits |Shadow| (Read error: Operation timed out)
[08:24:25] *** Joins |Shadow|
[08:37:53] *** Quits rjeli____ (Ping timeout: 1230 seconds)
[08:38:06] *** Joins rjeli____
[09:06:51] *** Joins mtheall_
[09:06:57] *** Joins capin2
[09:07:14] *** Joins eggy
[09:09:38] *** Quits oldtopman (ircd.choopa.net irc.Prison.NET)
[09:09:38] *** Quits KuKzz (ircd.choopa.net irc.Prison.NET)
[09:09:38] *** Quits capin1 (ircd.choopa.net irc.Prison.NET)
[09:09:38] *** Quits Surkow (ircd.choopa.net irc.Prison.NET)
[09:09:38] *** Quits eggster (ircd.choopa.net irc.Prison.NET)
[09:09:38] *** Quits mtheall (ircd.choopa.net irc.Prison.NET)
[09:10:16] *** Joins lansiir
[09:10:46] *** Joins KuKzz_
[09:11:19] *** Joins Surkow_
[09:18:27] *** Quits fgsfds (Read error: Connection reset by peer)
[09:25:00] *** Sentry- is now known as Sentry
[10:28:28] *** Joins m4ts
[10:28:42] *** Quits m4ts_ (Read error: Connection reset by peer)
[11:07:58] *** Quits m4ts (Read error: Connection reset by peer)
[11:08:48] *** Joins m4ts
[12:57:16] *** Quits |Shadow| ()
[13:06:40] *** Joins |Shadow|
[17:00:01] *** Quits DoozerBot (Read error: Connection reset by peer)
[17:05:16] *** Joins DoozerBot
[17:58:02] *** Joins fgsfds
[18:17:52] *** Quits DoozerBot (Read error: Connection reset by peer)
[18:19:42] *** Joins DoozerBot
[18:24:09] *** Joins n87
[21:04:52] *** Joins refs
[22:03:49] *** Quits n87 (Read error: Connection reset by peer)
[23:09:58] *** Quits refs (Quit: refs)
