[02:19:13] *** Quits rjeli____ (Ping timeout: 1230 seconds)
[02:19:27] *** Joins rjeli____
[03:47:01] *** Quits GerbilSof (Ping timeout: 258 seconds)
[04:17:19] *** Joins GerbilSof
[04:32:48] *** Quits rjeli____ (Ping timeout: 1230 seconds)
[04:33:02] *** Joins rjeli____
[05:22:05] *** Quits lansiir (Ping timeout: 258 seconds)
[05:28:54] *** Joins lansiir
[06:26:18] *** Quits GerbilSof (Read error: Operation timed out)
[07:26:07] *** Joins giglife_
[07:28:14] *** Quits giglife (Read error: Operation timed out)
[07:28:15] *** giglife_ is now known as giglife
[07:50:55] *** Quits fgsfds (Read error: Connection reset by peer)
[14:46:13] *** Joins n87
[14:54:51] *** Quits n87 (Read error: Connection reset by peer)
[14:56:32] *** Joins n87
[15:20:55] *** Quits n87 (Read error: Connection reset by peer)
[15:52:43] *** Joins GerbilSof
[15:53:03] *** Joins n87
[16:43:44] *** Joins n87_2
[16:46:28] *** Quits n87 (Ping timeout: 265 seconds)
[17:05:35] *** Joins n87_3
[17:08:42] *** Quits n87_2 (Ping timeout: 265 seconds)
[18:23:55] *** Joins fgsfds
[19:54:27] *** Joins derk0pf
[20:15:27] *** Quits derk0pf (Read error: Operation timed out)
[20:46:20] *** Joins derk0pf
[20:55:19] *** Quits derk0pf (Ping timeout: 501 seconds)
[22:08:36] *** Joins derk0pf
[22:17:30] *** Quits derk0pf (Read error: Operation timed out)
[23:17:09] *** Quits n87_3 (Read error: Connection reset by peer)
[23:48:31] *** Joins derk0pf
