[00:02:28] *** Quits derk0pf (Read error: Operation timed out)
[01:32:48] *** Quits rjeli____ (Ping timeout: 1230 seconds)
[01:33:01] *** Joins rjeli____
[02:56:36] *** Quits plutobot (Ping timeout: 258 seconds)
[02:56:59] *** Quits lansiir (Ping timeout: 258 seconds)
[02:57:01] *** Quits DacoTaco (Ping timeout: 258 seconds)
[02:57:09] *** Quits RaYmAn (Read error: Operation timed out)
[02:57:15] *** Quits fincs (Ping timeout: 321 seconds)
[02:57:17] *** Quits cpnc0ke (Ping timeout: 537 seconds)
[02:57:22] *** Quits Stary (Ping timeout: 258 seconds)
[02:57:45] *** Quits AlexAltea (Ping timeout: 258 seconds)
[02:57:47] *** Quits madk (Ping timeout: 258 seconds)
[02:57:56] *** Quits thomasnet (Read error: Operation timed out)
[02:58:13] *** Quits eggy (Read error: Operation timed out)
[02:58:37] *** Joins Stary
[02:58:51] *** Quits Cu3PO42 (Ping timeout: 314 seconds)
[02:58:57] *** Joins eggster
[02:59:22] *** Joins fincs
[02:59:31] *** Joins oldtopman
[02:59:50] *** Quits lameboy (Read error: Operation timed out)
[03:00:00] *** Joins cpnc0ke
[03:01:04] *** Joins thomasnet
[03:07:18] *** Joins CHANFIX
[03:07:18] *** services.int sets mode: +o CHANFIX
[03:07:18] *** CHANFIX sets mode: +o fincs
[03:07:18] <CHANFIX> 1 client should have been opped.
[03:07:19] *** Parts CHANFIX ()
[03:11:02] *** Joins Cu3PO42
[03:13:52] *** Joins lameboy
[03:17:18] *** Joins CHANFIX
[03:17:19] *** services.int sets mode: +o CHANFIX
[03:17:19] *** CHANFIX sets mode: +o yls8bot
[03:17:19] <CHANFIX> 1 client should have been opped.
[03:17:19] *** Parts CHANFIX ()
[03:27:38] *** Joins lemmy
[03:28:06] *** Quits lemmy- (se.hub efnet.deic.eu)
[03:28:07] *** Quits thejsa_ (se.hub efnet.deic.eu)
[03:40:39] *** Joins plutobot
[03:41:08] *** Joins AlexAltea
[03:41:10] *** Joins DacoTaco
[03:41:21] *** Joins madk
[04:30:43] *** Quits GerbilSof (Quit: Windows must now restart because the Remote Procedure Call (RPC) service terminated unexpectedly.)
[04:36:22] *** Quits lameboy (bbl)
[04:39:32] *** Joins GerbilSof
[04:43:33] *** Quits rjeli____ (Ping timeout: 1230 seconds)
[04:43:46] *** Joins rjeli____
[04:45:14] *** Joins lameboy
[04:49:19] *** Quits ave_7 (Remote host closed the connection)
[05:51:58] *** Quits d3m3vilur (Read error: Connection reset by peer)
[05:52:13] *** Joins d3m3vilur
[05:54:05] *** Quits plutobot (Ping timeout: 258 seconds)
[05:54:51] *** Quits madk (Ping timeout: 258 seconds)
[05:54:52] *** Quits DacoTaco (Ping timeout: 258 seconds)
[05:56:14] *** Quits KuKzz (Read error: Operation timed out)
[06:00:32] *** Joins KuKzz
[06:38:28] *** Joins plutobot
[06:38:53] *** Joins DacoTaco
[06:39:28] *** Joins madk
[06:56:44] *** Joins Retr0id
[09:00:22] *** Quits fgsfds (Read error: Connection reset by peer)
[09:22:15] *** Quits averne (quit)
[09:22:40] *** Joins averne_
[09:22:41] *** Server sets mode: +stn 
[09:23:02] *** Quits averne (Ping timeout: 255 seconds)
[09:23:03] *** averne_ is now known as averne
[09:31:43] *** Joins Cu3PO42
[10:59:50] *** Joins n87
[11:50:32] *** Joins n87_2
[11:53:54] *** Quits n87 (Ping timeout: 265 seconds)
[12:19:08] *** Quits rjeli____ (Ping timeout: 1230 seconds)
[12:19:21] *** Joins rjeli____
[12:34:19] *** Joins ave_7
[12:47:11] *** Joins RaYmAn
[15:18:47] *** Quits ave_7 (Read error: Connection reset by peer)
[15:39:13] *** Quits rjeli____ (Ping timeout: 1230 seconds)
[15:39:26] *** Joins rjeli____
[16:22:00] *** Joins m4ts_
[16:24:05] *** Quits m4ts (Ping timeout: 265 seconds)
[17:24:16] *** Joins n87_3
[17:28:22] *** Quits n87_2 (Ping timeout: 265 seconds)
[17:28:26] *** Joins refs
[18:37:43] <plutobot> Wiki | Page changed: USB services | User: Hexkyz | https://switchbrew.org/w/index.php?curid=195&diff=10723&oldid=10720
[19:01:20] *** Quits rmaw (Read error: Operation timed out)
[19:02:35] *** Joins fgsfds
[19:03:36] *** Quits thomasnet (Read error: Operation timed out)
[19:04:11] *** Joins thomasnet
[19:07:00] *** Quits Retr0id (Read error: Connection reset by peer)
[19:07:50] *** Joins rmaw
[19:10:33] *** Quits blasty (Read error: Connection reset by peer)
[19:12:25] *** Joins capin3
[19:12:28] *** Quits capin2 (Read error: Connection reset by peer)
[19:13:54] *** Quits TuxSH (Ping timeout: 857 seconds)
[19:13:54] *** Quits lex1 (Ping timeout: 857 seconds)
[19:15:51] *** Joins lex1
[19:19:13] *** Quits Sentry (Read error: Connection reset by peer)
[19:23:44] *** Quits rmaw (Read error: Operation timed out)
[19:27:59] *** Quits thomasnet (Connection closed)
[19:28:05] *** Joins Snetry
[19:30:21] *** Joins TuxSH
[19:30:31] *** Joins Retr0id
[19:32:31] *** Joins rmaw
[19:34:03] *** Quits d3m3vilur (Read error: Operation timed out)
[19:34:07] *** Joins d3m3vilur
[19:36:12] *** Joins blasty
[19:38:27] *** Quits Retr0id (Read error: Operation timed out)
[19:38:42] *** Joins Retr0id
[21:06:28] *** Quits rjeli____ (Ping timeout: 1230 seconds)
[21:06:41] *** Joins rjeli____
[21:19:39] *** Quits n87_3 (Read error: Connection reset by peer)
[22:15:32] *** Joins ave_7
