[00:08:29] *** Quits changO- (Read error: Connection reset by peer)
[00:15:02] *** Quits Phils3r (Quit: ZNC - https://znc.in)
[00:15:16] *** Joins Phils3r
[00:31:48] *** Quits rjeli____ (Ping timeout: 1230 seconds)
[00:32:01] *** Joins rjeli____
[02:18:37] *** Quits Ghabry (Read error: Connection reset by peer)
[02:23:13] *** Joins Ghabry
[02:29:27] *** Quits ave_7 (Remote host closed the connection)
[02:57:22] *** Joins |Shadow|_
[03:00:39] *** Quits |Shadow| (Read error: Operation timed out)
[04:08:12] *** Quits GerbilSof (Windows must now restart because the Remote Procedure Call (RPC) service terminated unexpectedly.)
[04:17:17] *** Joins GerbilSof
[05:04:15] *** |Shadow|_ is now known as |Shadow|
[05:07:53] *** Quits refs (Quit: refs)
[05:15:19] *** Quits Retr0id (Read error: Connection reset by peer)
[05:15:33] *** Quits Snetry (Read error: Connection reset by peer)
[05:15:54] *** Quits rmaw (Read error: Operation timed out)
[05:17:29] *** Joins rmaw
[05:18:21] *** Quits d3m3vilur (Read error: Operation timed out)
[05:19:10] *** Joins d3m3vilur
[05:20:03] *** Quits blasty (Read error: Operation timed out)
[05:20:17] *** Joins Snetry
[05:23:01] *** Quits klanc (Ping timeout: 857 seconds)
[05:25:22] *** Joins klanc
[05:31:10] *** Quits phigcloud (Read error: Operation timed out)
[05:31:36] *** Joins phigcloud
[05:38:03] *** Quits Snetry (Read error: Connection reset by peer)
[05:39:07] *** Quits AlexAltea (Ping timeout: 857 seconds)
[05:40:15] *** Joins Retr0id
[05:40:59] *** Joins Snetry
[05:42:41] *** Joins blasty
[05:54:08] *** Joins AlexAltea
[05:58:45] *** Quits fgsfds (Read error: Connection reset by peer)
[06:45:03] *** Joins blasty_
[06:45:55] *** Joins changO-
[06:47:16] *** Quits TuxSH (Read error: Operation timed out)
[06:47:23] *** Joins TuxSH
[06:47:41] *** Quits blasty (Read error: Connection reset by peer)
[06:56:46] *** Joins rmaw_
[06:57:53] *** Quits rmaw (Read error: Operation timed out)
[07:38:02] *** Quits Cu3PO42 (Ping timeout: 496 seconds)
[07:39:31] *** Quits Extrems (Read error: Operation timed out)
[07:39:36] *** Joins Extrems
[07:44:42] *** Joins ihaveama-
[07:44:42] *** Quits ihaveamac (Read error: Connection reset by peer)
[07:48:14] *** Joins CCFL_Man_
[07:50:22] *** Joins KuKzz_
[07:52:43] *** Quits Maylay (Read error: Operation timed out)
[07:52:45] *** Joins Cu3PO42
[07:53:30] *** Quits ihaveama- (Ping timeout: 496 seconds)
[07:53:30] *** Quits KuKzz (Ping timeout: 496 seconds)
[07:53:30] *** Quits CCFL_Man (Ping timeout: 496 seconds)
[07:53:31] *** Joins Maylay
[07:54:34] *** Quits GeekShado (Ping timeout: 496 seconds)
[07:57:07] *** Joins GeekShado
[08:45:45] *** Joins ihaveamac
[09:02:06] *** Quits DacoTaco (Ping timeout: 258 seconds)
[09:04:01] *** Quits madk (Ping timeout: 258 seconds)
[09:04:24] *** Quits nohit (Ping timeout: 258 seconds)
[09:04:29] *** Joins nohit
[09:04:47] *** Quits plutobot (Ping timeout: 258 seconds)
[09:04:50] *** Joins plutobot
[09:04:52] *** Joins DacoTaco
[09:07:21] *** Joins madk
[13:14:33] *** Joins ave_7
[13:36:41] *** Joins refs
[13:41:12] *** Quits ave_7 (Remote host closed the connection)
[13:57:03] *** Joins ave_7
[15:45:12] *** Quits ave_7 (Remote host closed the connection)
[16:16:24] *** Joins ave_7
[18:30:41] *** Joins fgsfds
[18:55:05] *** CCFL_Man_ is now known as CCFL_Man
[19:30:15] <Snetry> ctrl-M /input return
[19:39:27] *** Quits ave_7 (Remote host closed the connection)
[19:50:53] *** Joins ave_7
[19:51:28] *** Quits ave_7 (Remote host closed the connection)
[19:52:45] *** Joins ave_7
[21:09:35] *** Joins n87
[21:53:22] *** Quits n87 (Read error: Connection reset by peer)
[23:00:40] *** Joins changoXPR
[23:05:49] *** Quits changO- (Read error: Operation timed out)
[23:05:49] *** changoXPR is now known as changO-
[23:52:50] *** Joins changoXPR
[23:58:48] *** Quits changO- (Ping timeout: 745 seconds)
[23:58:56] *** Joins changO-
