[00:03:25] *** Quits changoXPR (Read error: Operation timed out)
[00:07:30] *** Joins changoXPR
[00:18:38] *** Quits changO- (Ping timeout: 745 seconds)
[00:20:23] *** Quits changoXPR (Ping timeout: 745 seconds)
[01:06:35] *** Joins foghorn
[01:06:38] *** Quits foghorn (Read error: Connection reset by peer)
[01:17:29] *** Joins changO-
[04:34:16] *** Quits refs (Quit: refs)
[06:04:10] *** Quits fgsfds (Leaving)
[10:08:50] *** Joins IShaDoWl
[10:24:08] *** Quits rjeli____ (Ping timeout: 1230 seconds)
[10:24:21] *** Joins rjeli____
[10:24:31] *** Quits ihaveamac (Read error: Operation timed out)
[11:27:03] *** Joins ihaveamac
[12:13:58] *** Joins m4ts
[12:14:52] *** Quits m4ts_ (Ping timeout: 265 seconds)
[12:47:03] *** Quits rjeli____ (Ping timeout: 1230 seconds)
[12:47:16] *** Joins rjeli____
[13:26:05] *** Quits lemmy (Quit: Bye)
[14:14:33] *** Quits rjeli____ (Ping timeout: 1230 seconds)
[14:14:46] *** Joins rjeli____
[14:37:06] *** Joins lemmy
[15:52:33] *** Quits rjeli____ (Ping timeout: 1230 seconds)
[15:52:46] *** Joins rjeli____
[16:31:50] *** Joins n87
[16:58:03] *** Joins fgsfds
[16:59:27] *** Joins n87_2
[17:01:00] *** Quits n87 (Ping timeout: 265 seconds)
[17:50:46] *** Quits n87_2 (Read error: Connection reset by peer)
[17:52:06] *** Quits Snetry (Read error: Connection refused)
[17:52:55] *** Joins n87
[17:53:40] *** Joins Snetry
[17:53:45] *** Quits n87 (Read error: Connection reset by peer)
[17:54:03] *** Joins n87
[18:24:48] *** Quits rjeli____ (Ping timeout: 1230 seconds)
[18:25:01] *** Joins rjeli____
[18:51:03] *** Joins n87_2
[18:59:39] *** Quits n87 (Read error: Operation timed out)
[19:00:59] *** Quits Snetry (Read error: Operation timed out)
[19:11:31] *** Joins Snetry
[20:00:40] *** Quits rjeli____ (Read error: Connection timed out)
[20:15:09] *** Joins rjeli____
[20:15:39] *** Quits fgsfds (Read error: Connection reset by peer)
[20:17:20] *** Joins fgsfds
[21:06:19] *** Quits n87_2 (Read error: Connection reset by peer)
[21:32:03] *** Quits rjeli____ (Ping timeout: 1230 seconds)
[21:32:16] *** Joins rjeli____
[21:35:50] *** Joins refs
[23:07:08] *** Quits rjeli____ (Ping timeout: 1230 seconds)
[23:07:21] *** Joins rjeli____
