[00:19:24] *** Quits refs (Quit: refs)
[00:34:38] *** Quits rjeli____ (Ping timeout: 1230 seconds)
[00:34:51] *** Joins rjeli____
[00:45:37] *** Joins X-Scale
[00:58:24] *** Joins foghorn
[01:08:55] *** Joins Sentry-
[01:11:58] *** Quits Snetry (Read error: Operation timed out)
[01:31:06] *** Quits X-Scale (Ping timeout: 255 seconds)
[01:38:23] *** Joins X-Scale
[02:07:50] *** Quits GerbilSof (Quit: Windows must now restart because the Remote Procedure Call (RPC) service terminated unexpectedly.)
[02:08:35] *** Joins GerbilSof
[02:09:28] *** Quits GerbilSof (Client Quit)
[02:13:27] *** Joins GerbilSof
[02:49:38] *** Quits Sentry- (Read error: Connection refused)
[02:53:32] *** Joins Snetry
[03:02:12] *** Joins Sentry-
[03:03:32] *** Quits Snetry (Read error: Connection refused)
[03:14:23] *** Quits Sentry- (Read error: Connection refused)
[03:23:17] *** Joins Snetry
[04:02:53] *** Quits rjeli____ (Ping timeout: 1230 seconds)
[04:03:07] *** Joins rjeli____
[05:14:03] *** Quits lilibox (Ping timeout: 745 seconds)
[05:19:11] *** Joins lilibox
[05:34:31] *** Quits IShaDoWl (Ping timeout: 265 seconds)
[05:34:42] *** Joins IShaDoWl
[07:01:04] *** Quits fgsfds (Read error: Connection reset by peer)
[07:39:09] *** Quits tpw_rules (Quit: byeeee)
[07:41:20] *** Joins tpw_rules
[08:06:43] *** Quits rjeli____ (Ping timeout: 1230 seconds)
[08:06:56] *** Joins rjeli____
[08:13:01] *** Joins uyjulian_
[08:16:03] *** Quits uyjulian (Ping timeout: 745 seconds)
[08:16:03] *** uyjulian_ is now known as uyjulian
[10:34:36] *** Quits rjeli____ (Read error: Connection timed out)
[10:48:57] *** Joins rjeli____
[12:41:42] *** Quits foghorn (Quit: Leaving)
[14:41:06] *** Quits omlet05 (http://quassel-irc.org - Chat comfortably. Anywhere.)
[14:41:49] *** Joins omlet05
[15:19:02] *** Joins n87
[15:20:24] *** Quits n87 (Client Quit)
[16:20:00] *** Quits oldtopman (Read error: Operation timed out)
[16:21:03] *** Quits cpnc0ke ()
[16:21:34] *** Quits cpncok3 ()
[16:33:53] *** Joins oldtopman
[16:35:04] *** Quits Retr0id (Read error: Operation timed out)
[16:36:03] *** Joins Retr0id
[16:37:54] *** Joins cpnc0ke
[16:44:43] *** Quits ave_7 (Ping timeout: 745 seconds)
[16:51:32] *** Joins ave_7
[17:51:40] *** Joins fgsfds
[19:30:06] *** Quits lameboy (Read error: Operation timed out)
[20:18:49] *** Joins lameboy
[21:04:15] *** Joins refs
[21:21:20] *** Quits sh0e- (Quit: Bye.)
[21:21:24] *** Joins sh0e
[23:12:27] *** Quits refs (Quit: refs)
