[02:01:11] *** Joins X-Scale`
[02:02:36] *** Quits X-Scale (Ping timeout: 255 seconds)
[02:02:36] *** X-Scale` is now known as X-Scale
[04:50:19] *** Joins rmaw
[04:50:19] *** Quits rmaw_ (Read error: Connection reset by peer)
[06:28:40] *** Quits changO- (Read error: Operation timed out)
[06:29:24] *** Joins changO-
[06:29:24] *** Quits changO- (Excess Flood)
[06:29:51] *** Quits fgsfds (Read error: Connection reset by peer)
[06:30:46] *** Quits Cu3PO42 (Ping timeout: 376 seconds)
[06:31:12] *** Joins changO-
[06:32:50] *** Joins Cu3PO42
[06:33:34] *** Quits yellows8 (Ping timeout: 376 seconds)
[06:36:55] *** Quits cpnc0ke (Read error: Operation timed out)
[06:39:14] *** Joins cpnc0ke
[06:42:17] *** Quits yls8bot (Read error: Operation timed out)
[06:48:05] *** Joins giglife_
[06:48:25] *** Quits sh0e (Read error: Connection reset by peer)
[06:50:53] *** Joins yls8bot
[06:53:51] *** Joins yellows8
[06:58:10] *** Quits giglife (Read error: Operation timed out)
[06:58:11] *** giglife_ is now known as giglife
[07:02:42] *** Joins sh0e
[08:08:24] *** Quits Retr0id (Read error: Connection reset by peer)
[08:11:47] *** Joins rmaw_
[08:12:14] *** Quits Snetry (Read error: Connection reset by peer)
[08:12:19] *** Joins Snetry
[08:13:33] *** Joins Retr0id
[08:16:21] *** Quits rmaw (Read error: Operation timed out)
[08:18:07] *** Joins X-Scale`
[08:19:42] *** Quits X-Scale (Ping timeout: 255 seconds)
[08:19:42] *** X-Scale` is now known as X-Scale
[08:34:16] *** Quits X-Scale (se.hub irc.nordunet.se)
[08:34:16] *** Quits lameboy (se.hub irc.nordunet.se)
[08:44:41] *** Joins X-Scale
[08:44:41] *** Joins lameboy
[08:49:28] *** Quits KuKzz_ (Ping timeout: 622 seconds)
[08:52:08] *** Joins Retr0id7
[08:54:49] *** Quits Retr0id (Read error: Connection reset by peer)
[08:54:49] *** Retr0id7 is now known as Retr0id
[09:08:06] *** Joins KuKzz
[09:33:56] *** Quits CCFL_Man (Read error: Operation timed out)
[09:35:07] *** Joins CCFL_Man
[09:48:48] *** Joins |Shadow|_
[09:53:03] *** Quits |Shadow| (Read error: Operation timed out)
[09:54:17] *** Quits KuKzz (Ping timeout: 604 seconds)
[09:57:42] *** Joins TuxSH_
[09:57:42] *** Quits TuxSH (Read error: Connection reset by peer)
[09:57:42] *** Quits d3m3vilur (Read error: Connection reset by peer)
[09:57:46] *** Joins d3m3vilur
[10:03:43] *** Joins Retr0id6
[10:07:40] *** Joins TuxSH
[10:07:40] *** fincs sets mode: +o TuxSH
[10:07:41] *** Quits blasty_ (Read error: Connection reset by peer)
[10:07:41] *** Quits TuxSH_ (Read error: Connection reset by peer)
[10:07:59] *** Quits klanc (Read error: Operation timed out)
[10:08:54] *** Quits Retr0id (Read error: Operation timed out)
[10:08:57] *** Retr0id6 is now known as Retr0id
[10:09:39] *** Joins KuKzz
[10:12:20] *** Joins klanc
[10:17:50] *** Joins thomasnet
[10:22:29] *** Quits KuKzz (Ping timeout: 501 seconds)
[10:28:10] *** Joins blasty
[11:08:17] *** |Shadow|_ is now known as |Shadow|
[11:09:34] *** Joins KuKzz
[11:24:06] *** Joins KuKzz_
[11:24:51] *** Quits KuKzz (Ping timeout: 604 seconds)
[11:32:42] *** Quits KuKzz_ (Ping timeout: 496 seconds)
[12:41:28] *** Joins n87
[13:19:50] *** Joins KuKzz
[13:36:58] *** Quits KuKzz (Ping timeout: 496 seconds)
[14:26:37] *** Quits GerbilSof (Quit: Windows must now restart because the Remote Procedure Call (RPC) service terminated unexpectedly.)
[14:26:55] *** Joins GerbilSof
[15:03:35] *** Joins KuKzz
[15:09:22] *** Joins fgsfds
[16:01:31] *** Quits KuKzz (Ping timeout: 265 seconds)
[16:03:59] *** Joins KuKzz
[16:17:41] *** Quits n87 (Ping timeout: 265 seconds)
[16:19:43] *** Joins n87
[16:26:23] *** Quits n87 (Ping timeout: 265 seconds)
[16:37:11] *** Quits X-Scale (efnet.deic.eu se.hub)
[16:37:12] *** Quits lameboy (efnet.deic.eu se.hub)
[16:37:12] *** Quits lilibox (efnet.deic.eu se.hub)
[16:37:12] *** Quits madk (efnet.deic.eu se.hub)
[16:37:12] *** Quits DacoTaco (efnet.deic.eu se.hub)
[16:37:12] *** Quits plutobot (efnet.deic.eu se.hub)
[16:37:12] *** Quits nohit (efnet.deic.eu se.hub)
[16:37:12] *** Quits flagrama (efnet.deic.eu se.hub)
[16:37:12] *** Quits Pieman (efnet.deic.eu se.hub)
[16:37:12] *** Quits lemmy (efnet.deic.eu se.hub)
[16:37:12] *** Quits m4ts (efnet.deic.eu se.hub)
[16:37:12] *** Quits Maylay (efnet.deic.eu se.hub)
[16:37:12] *** Quits Ghabry (efnet.deic.eu se.hub)
[16:37:12] *** Quits fincs (efnet.deic.eu se.hub)
[16:37:12] *** Quits Stary (efnet.deic.eu se.hub)
[16:37:12] *** Quits WntrMute (efnet.deic.eu se.hub)
[16:37:12] *** Quits TAL (efnet.deic.eu se.hub)
[16:37:12] *** Quits ave_7 (efnet.deic.eu se.hub)
[16:37:12] *** Quits rjeli____ (efnet.deic.eu se.hub)
[16:37:12] *** Quits uyjulian (efnet.deic.eu se.hub)
[16:37:12] *** Quits Phils3r (efnet.deic.eu se.hub)
[16:37:12] *** Quits nrq (efnet.deic.eu se.hub)
[16:37:13] *** Quits DoozerBot (efnet.deic.eu se.hub)
[16:37:13] *** Quits mtheall_ (efnet.deic.eu se.hub)
[16:37:13] *** Quits gruetzko- (efnet.deic.eu se.hub)
[16:37:13] *** Quits zombie343 (efnet.deic.eu se.hub)
[16:37:13] *** Quits Behemoth_ (efnet.deic.eu se.hub)
[16:37:13] *** Quits TurtleP_ (efnet.deic.eu se.hub)
[16:37:13] *** Quits Normmatt (efnet.deic.eu se.hub)
[16:37:13] *** Quits Summeli (efnet.deic.eu se.hub)
[16:37:13] *** Quits derrek (efnet.deic.eu se.hub)
[16:37:13] *** Quits klock (efnet.deic.eu se.hub)
[16:37:13] *** Quits Genolo (efnet.deic.eu se.hub)
[16:37:13] *** Quits freundTec (efnet.deic.eu se.hub)
[16:37:13] *** Quits refsw (efnet.deic.eu se.hub)
[16:37:13] *** Quits hexkyz (efnet.deic.eu se.hub)
[16:37:13] *** Quits zini (efnet.deic.eu se.hub)
[16:37:13] *** Quits dibas (efnet.deic.eu se.hub)
[16:37:13] *** Quits mid-kid1 (efnet.deic.eu se.hub)
[16:37:13] *** Quits Jdbye (efnet.deic.eu se.hub)
[16:37:13] *** Quits Extrems (efnet.deic.eu se.hub)
[16:37:13] *** Quits GerbilSof (efnet.deic.eu se.hub)
[16:37:14] *** Quits sh0e (efnet.deic.eu se.hub)
[16:37:14] *** Quits cpnc0ke (efnet.deic.eu se.hub)
[16:37:14] *** Quits omlet05 (efnet.deic.eu se.hub)
[16:37:14] *** Quits ihaveamac (efnet.deic.eu se.hub)
[16:37:14] *** Quits fgsfds (efnet.deic.eu se.hub)
[16:37:14] *** Quits |Shadow| (efnet.deic.eu se.hub)
[16:37:14] *** Quits giglife (efnet.deic.eu se.hub)
[16:37:14] *** Quits tpw_rules (efnet.deic.eu se.hub)
[16:37:14] *** Quits balrog (efnet.deic.eu se.hub)
[16:37:14] *** Quits j0hny5 (efnet.deic.eu se.hub)
[16:37:14] *** Quits oldtopman (efnet.deic.eu se.hub)
[16:37:14] *** Quits eggster (efnet.deic.eu se.hub)
[16:37:14] *** Quits Surkow (efnet.deic.eu se.hub)
[16:37:14] *** Quits Cu3PO42 (efnet.deic.eu se.hub)
[16:37:14] *** Quits changO- (efnet.deic.eu se.hub)
[16:37:14] *** Quits IShaDoWl (efnet.deic.eu se.hub)
[16:37:14] *** Quits GeekShado (efnet.deic.eu se.hub)
[16:37:14] *** Quits AlexAltea (efnet.deic.eu se.hub)
[16:37:14] *** Quits yellows8 (efnet.deic.eu se.hub)
[16:37:14] *** Quits yls8bot (efnet.deic.eu se.hub)
[16:37:14] *** Quits Kyouju (efnet.deic.eu se.hub)
[16:37:16] *** Quits KuKzz (efnet.deic.eu se.hub)
[16:37:16] *** Quits blasty (efnet.deic.eu se.hub)
[16:37:16] *** Quits thomasnet (efnet.deic.eu se.hub)
[16:37:16] *** Quits klanc (efnet.deic.eu se.hub)
[16:37:16] *** Quits TuxSH (efnet.deic.eu se.hub)
[16:37:16] *** Quits Retr0id (efnet.deic.eu se.hub)
[16:37:16] *** Quits d3m3vilur (efnet.deic.eu se.hub)
[16:37:16] *** Quits CCFL_Man (efnet.deic.eu se.hub)
[16:37:16] *** Quits Snetry (efnet.deic.eu se.hub)
[16:37:16] *** Quits rmaw_ (efnet.deic.eu se.hub)
[16:37:16] *** Quits phigcloud (efnet.deic.eu se.hub)
[16:37:16] *** Quits lex1 (efnet.deic.eu se.hub)
[16:37:16] *** Quits ris2z (efnet.deic.eu se.hub)
[16:37:16] *** Quits GrecKo (efnet.deic.eu se.hub)
[16:49:09] *** Joins TAL
[16:49:09] *** Joins WntrMute
[16:49:09] *** Joins Stary
[16:49:09] *** Joins fincs
[16:49:09] *** Joins Ghabry
[16:49:09] *** Joins Maylay
[16:49:09] *** Joins m4ts
[16:49:09] *** Joins lemmy
[16:49:09] *** Joins lameboy
[16:49:09] *** Joins X-Scale
[16:49:09] *** Joins lex1
[16:49:09] *** Joins phigcloud
[16:49:09] *** Joins rmaw_
[16:49:09] *** Joins Snetry
[16:49:09] *** Joins CCFL_Man
[16:49:09] *** Joins d3m3vilur
[16:49:09] *** Joins Retr0id
[16:49:09] *** Joins TuxSH
[16:49:09] *** Joins klanc
[16:49:09] *** Joins thomasnet
[16:49:09] *** Joins blasty
[16:49:09] *** Joins Surkow
[16:49:09] *** Joins balrog
[16:49:09] *** Joins j0hny5
[16:49:09] *** Joins Kyouju
[16:49:09] *** Joins eggster
[16:49:09] *** Joins AlexAltea
[16:49:09] *** Joins GeekShado
[16:49:09] *** Joins ihaveamac
[16:49:09] *** Joins IShaDoWl
[16:49:09] *** Joins tpw_rules
[16:49:09] *** Joins omlet05
[16:49:09] *** Joins oldtopman
[16:49:09] *** Joins changO-
[16:49:09] *** Joins Cu3PO42
[16:49:09] *** Joins cpnc0ke
[16:49:09] *** Joins giglife
[16:49:09] *** Joins yls8bot
[16:49:09] *** Joins yellows8
[16:49:09] *** Joins sh0e
[16:49:09] *** Joins |Shadow|
[16:49:09] *** Joins GerbilSof
[16:49:09] *** Joins fgsfds
[16:49:09] *** Joins KuKzz_
[16:49:09] *** Joins ave_7
[16:49:09] *** Joins rjeli____
[16:49:09] *** se.hub sets mode: +oo fincs TuxSH
[16:49:09] *** Joins uyjulian
[16:49:09] *** Joins Extrems
[16:49:11] *** Joins Phils3r
[16:49:11] *** Joins nrq
[16:49:11] *** Joins DoozerBot
[16:49:11] *** Joins mtheall_
[16:49:11] *** Joins gruetzko-
[16:49:11] *** Joins zombie343
[16:49:11] *** Joins Behemoth_
[16:49:11] *** Joins TurtleP_
[16:49:11] *** Joins Normmatt
[16:49:11] *** Joins Summeli
[16:49:11] *** Joins derrek
[16:49:11] *** Joins klock
[16:49:11] *** Joins Genolo
[16:49:11] *** Joins freundTec
[16:49:11] *** Joins refsw
[16:49:11] *** Joins hexkyz
[16:49:11] *** Joins zini
[16:49:11] *** Joins ris2z
[16:49:11] *** Joins GrecKo
[16:49:11] *** Joins dibas
[16:49:11] *** Joins mid-kid1
[16:49:11] *** Joins Jdbye
[16:51:27] *** Joins lilibox
[16:51:32] *** Joins madk
[16:51:32] *** Joins DacoTaco
[16:51:32] *** Joins plutobot
[16:51:32] *** Joins nohit
[16:51:32] *** Joins flagrama
[16:51:32] *** Joins Pieman
[16:51:51] *** Quits blasty (se.hub irc.efnet.nl)
[16:51:54] *** Quits thomasnet (se.hub irc.efnet.nl)
[16:51:54] *** Quits klanc (se.hub irc.efnet.nl)
[16:51:54] *** Quits TuxSH (se.hub irc.efnet.nl)
[16:51:54] *** Quits Retr0id (se.hub irc.efnet.nl)
[16:51:54] *** Quits d3m3vilur (se.hub irc.efnet.nl)
[16:51:54] *** Quits CCFL_Man (se.hub irc.efnet.nl)
[16:51:54] *** Quits Snetry (se.hub irc.efnet.nl)
[16:51:54] *** Quits rmaw_ (se.hub irc.efnet.nl)
[16:51:54] *** Quits phigcloud (se.hub irc.efnet.nl)
[16:51:54] *** Quits lex1 (se.hub irc.efnet.nl)
[16:52:21] *** Joins blasty
[16:52:24] *** Joins thomasnet
[16:52:24] *** Joins klanc
[16:52:24] *** Joins TuxSH
[16:52:24] *** Joins Retr0id
[16:52:24] *** Joins d3m3vilur
[16:52:24] *** Joins CCFL_Man
[16:52:24] *** Joins Snetry
[16:52:24] *** Joins rmaw_
[16:52:24] *** Joins phigcloud
[16:52:24] *** Joins lex1
[16:52:24] *** irc.efnet.nl sets mode: +o TuxSH
[16:52:24] *** fincs sets mode: +o TuxSH
[18:16:25] <plutobot> Wiki | Page changed: Homebrew Applications | User: TurtleP | https://switchbrew.org/w/index.php?curid=293&diff=10724&oldid=10656
[18:19:19] <plutobot> Wiki | Page changed: Homebrew Applications | User: TurtleP | https://switchbrew.org/w/index.php?curid=293&diff=10725&oldid=10724
[18:57:20] *** Joins n87
[19:16:17] *** Joins n87_2
[19:16:21] *** Quits n87 (Read error: Connection reset by peer)
[19:34:24] *** Quits n87_2 (Read error: Connection reset by peer)
[21:29:10] *** Joins refs
[22:15:52] *** Quits changO- (Read error: Connection reset by peer)
[22:57:24] *** Quits refs (Quit: refs)
[23:39:31] *** Joins changO-
