[00:16:27] *** Quits changO- (Read error: Connection reset by peer)
[00:37:23] *** Joins changO-
[02:42:10] *** Quits blasty (hub.efnet.us irc.efnet.nl)
[02:42:10] *** Quits thomasnet (hub.efnet.us irc.efnet.nl)
[02:42:10] *** Quits klanc (hub.efnet.us irc.efnet.nl)
[02:42:10] *** Quits TuxSH (hub.efnet.us irc.efnet.nl)
[02:42:10] *** Quits Retr0id (hub.efnet.us irc.efnet.nl)
[02:42:10] *** Quits d3m3vilur (hub.efnet.us irc.efnet.nl)
[02:42:10] *** Quits CCFL_Man (hub.efnet.us irc.efnet.nl)
[02:42:10] *** Quits Snetry (hub.efnet.us irc.efnet.nl)
[02:42:10] *** Quits rmaw_ (hub.efnet.us irc.efnet.nl)
[02:42:10] *** Quits phigcloud (hub.efnet.us irc.efnet.nl)
[02:42:10] *** Quits lex1 (hub.efnet.us irc.efnet.nl)
[02:42:10] *** Joins KuKzz
[02:42:45] *** Joins blasty
[02:42:45] *** Joins thomasnet
[02:42:45] *** Joins klanc
[02:42:45] *** Joins TuxSH
[02:42:45] *** Joins Retr0id
[02:42:45] *** Joins d3m3vilur
[02:42:45] *** Joins CCFL_Man
[02:42:45] *** Joins Snetry
[02:42:45] *** Joins rmaw_
[02:42:45] *** Joins phigcloud
[02:42:45] *** Joins lex1
[02:42:45] *** irc.efnet.nl sets mode: +o TuxSH
[02:42:45] *** fincs sets mode: +o TuxSH
[02:44:42] *** Quits KuKzz_ (Ping timeout: 496 seconds)
[05:00:58] *** Quits tpw_rules (Read error: Operation timed out)
[05:03:16] *** Joins tpw_rules
[06:04:52] *** Quits fgsfds (Leaving)
[06:40:21] *** Joins oreo639
[07:22:19] *** Quits oreo639 (Quit: Quit)
[09:11:02] *** Quits GerbilSof (hub.efnet.us ircd.choopa.net)
[09:11:02] *** Quits sh0e (hub.efnet.us ircd.choopa.net)
[09:11:02] *** Quits cpnc0ke (hub.efnet.us ircd.choopa.net)
[09:11:02] *** Quits omlet05 (hub.efnet.us ircd.choopa.net)
[09:11:02] *** Quits ihaveamac (hub.efnet.us ircd.choopa.net)
[09:11:02] *** Quits tpw_rules (hub.efnet.us ircd.choopa.net)
[09:11:02] *** Quits |Shadow| (hub.efnet.us ircd.choopa.net)
[09:11:02] *** Quits giglife (hub.efnet.us ircd.choopa.net)
[09:11:02] *** Quits balrog (hub.efnet.us ircd.choopa.net)
[09:11:02] *** Quits j0hny5 (hub.efnet.us ircd.choopa.net)
[09:27:26] *** Joins tpw_rules
[09:27:26] *** Joins GerbilSof
[09:27:26] *** Joins |Shadow|
[09:27:26] *** Joins sh0e
[09:27:26] *** Joins giglife
[09:27:26] *** Joins cpnc0ke
[09:27:26] *** Joins omlet05
[09:27:26] *** Joins ihaveamac
[09:27:26] *** Joins balrog
[09:27:26] *** Joins j0hny5
[10:52:50] *** Quits refsw (Quit: refsw)
[11:42:49] *** Joins giglife_
[11:44:14] *** Quits giglife (Read error: Operation timed out)
[11:44:14] *** giglife_ is now known as giglife
[14:09:24] *** Quits giglife (Quit: ZNC - http://znc.in)
[14:17:08] *** Joins giglife
[14:24:25] *** Joins n87
[14:38:53] *** Joins n87_2
[14:42:19] *** Quits n87 (Ping timeout: 265 seconds)
[14:43:26] *** Joins n87_3
[14:46:40] *** Quits n87_2 (Ping timeout: 265 seconds)
[15:22:24] *** Joins changoXPR
[15:32:37] *** Quits changO- (Read error: Operation timed out)
[15:32:37] *** changoXPR is now known as changO-
[16:34:07] *** Quits balrog (Read error: Operation timed out)
[16:34:47] *** Joins balrog
[16:36:20] *** Quits tpw_rules (Read error: Operation timed out)
[16:36:37] *** Joins tpw_rules
[17:24:24] *** Joins fgsfds
[18:47:04] <plutobot> Wiki | Page changed: Joy-Con | User: Zachycatgames | https://switchbrew.org/w/index.php?curid=55&diff=10726&oldid=10692
[22:11:17] *** Quits balrog (Bye)
[22:14:26] *** Joins balrog
[22:48:48] *** Quits balrog (Read error: Operation timed out)
[22:49:07] *** Joins balrog
[22:50:18] *** Joins figgis_
[22:55:06] *** Quits fgsfds (Read error: Operation timed out)
[23:34:50] *** Quits n87_3 (Read error: Connection reset by peer)
[23:39:48] *** Quits GerbilSof (Quit: Windows must now restart because the Remote Procedure Call (RPC) service terminated unexpectedly.)
