[00:05:47] *** Joins X-Scale`
[00:06:03] *** Quits X-Scale (Ping timeout: 255 seconds)
[00:06:55] *** X-Scale` is now known as X-Scale
[01:02:24] *** Joins GerbilSof
[02:55:28] *** Quits lameboy (Quit: Astalabyebye...)
[02:57:33] *** Joins lameboy
[03:16:27] *** Quits ave_7 (Read error: Connection reset by peer)
[03:16:29] *** Joins ave_7
[04:16:53] *** Quits sh0e (Quit: Bye.)
[04:23:45] *** Joins sh0e
[05:03:46] *** Quits |Shadow| ()
[05:11:25] *** Joins |Shadow|
[05:50:33] *** Quits |Shadow| (Read error: Operation timed out)
[06:04:39] *** Joins |Shadow|
[07:06:12] *** Quits figgis_ (Quit: Leaving)
[08:05:31] *** Quits nohit (Read error: Connection reset by peer)
[08:06:32] *** Joins nohit
[16:30:53] *** Quits Stary (Quit: ZNC - http://znc.in)
[16:50:37] *** Joins Stary
[17:08:59] *** Joins fgsfds
[18:03:38] *** Joins n87
[18:56:07] *** Joins derk0pf
[19:52:04] *** Quits derk0pf (Read error: Operation timed out)
[20:16:47] *** Joins derk0pf
[20:21:57] *** Quits n87 (Ping timeout: 265 seconds)
[20:27:26] *** Joins n87
[20:27:30] *** Quits derk0pf (Ping timeout: 622 seconds)
[20:35:18] *** Joins derk0pf
[20:38:27] *** Joins n87_2
[20:40:06] *** Quits derk0pf (Ping timeout: 265 seconds)
[20:46:41] *** Quits n87 (Read error: Operation timed out)
[21:34:38] *** Quits n87_2 (Read error: Connection reset by peer)
[21:45:16] *** Joins refs
