[00:37:23] *** Joins derk0pf
[00:42:21] *** Quits derk0pf (Ping timeout: 265 seconds)
[02:43:10] *** Quits oldtopman (hub.efnet.us irc.Prison.NET)
[02:43:10] *** Quits eggster (hub.efnet.us irc.Prison.NET)
[02:43:10] *** Quits Surkow (hub.efnet.us irc.Prison.NET)
[02:44:58] *** Joins eggy
[02:47:29] *** Joins Surkow_
[03:22:28] *** Quits rjeli____ (Ping timeout: 1230 seconds)
[03:22:41] *** Joins rjeli____
[03:57:41] *** Joins lansiir
[04:38:59] *** Joins derk0pf
[04:40:21] *** Quits refs (Quit: refs)
[04:42:05] *** Quits lameboy (Read error: Connection reset by peer)
[04:42:36] *** Joins lameboy
[04:45:27] *** Quits RaYmAn (Read error: Operation timed out)
[04:46:04] *** Quits derk0pf (Ping timeout: 265 seconds)
[04:48:21] *** Quits averne (quit)
[04:48:39] *** Joins averne
[04:48:39] *** Server sets mode: +stn 
[04:57:57] *** Joins capin4
[04:58:54] *** Quits capin3 (Read error: Connection reset by peer)
[05:02:48] *** Quits rjeli____ (Ping timeout: 1230 seconds)
[05:03:01] *** Joins rjeli____
[05:37:27] *** Joins KuKzz_
[05:37:59] *** Quits KuKzz (Ping timeout: 501 seconds)
[06:11:28] *** Quits DacoTaco (Ping timeout: 258 seconds)
[06:11:52] *** Quits lansiir (Ping timeout: 258 seconds)
[06:11:52] *** Quits lilibox (Ping timeout: 258 seconds)
[06:11:56] *** Joins lilibox
[06:12:14] *** Quits madk (Ping timeout: 258 seconds)
[06:12:15] *** Quits plutobot (Ping timeout: 258 seconds)
[06:15:17] *** Joins |Shadow|_
[06:15:24] *** Quits |Shadow| (Read error: Operation timed out)
[06:24:35] *** Quits giglife (Read error: Operation timed out)
[06:24:40] *** Joins giglife
[06:26:02] *** Quits yellows8 (Ping timeout: 376 seconds)
[06:27:23] *** Quits Kyouju (Read error: Connection reset by peer)
[06:27:30] *** Joins oldtopman
[06:30:05] *** Quits yls8bot (Read error: Operation timed out)
[06:32:08] *** Joins tpw-rules
[06:34:35] *** Quits Surkow_ (Read error: Operation timed out)
[06:36:11] *** Joins Surkow_
[06:36:20] *** Joins yellows8
[06:43:18] *** Quits tpw_rules (Ping timeout: 1216 seconds)
[06:43:18] *** tpw-rules is now known as tpw_rules
[06:54:10] *** Joins sh0e-
[06:54:12] *** Quits yellows8 (Read error: Connection reset by peer)
[06:58:34] *** Joins Kyouju
[07:00:45] *** Quits Surkow_ (Read error: Operation timed out)
[07:04:10] *** Joins yls8bot
[07:04:10] *** Quits Kyouju (Read error: Connection reset by peer)
[07:05:10] *** Joins yellows8
[07:05:26] *** Joins Kyouju
[07:08:02] *** Quits sh0e (Read error: Operation timed out)
[07:08:06] *** Joins Surkow
[07:16:58] *** Joins plutobot
[07:18:12] *** Joins DacoTaco
[07:18:28] *** Joins madk
[07:18:31] *** Quits ihaveamac (Quit: fail)
[07:19:10] *** Joins ihaveamac
[07:43:47] *** Quits Kyouju (Read error: Operation timed out)
[07:47:30] *** Quits fgsfds (Read error: Connection reset by peer)
[07:48:23] *** Quits yellows8 (Read error: Operation timed out)
[07:50:15] *** Quits yls8bot (Read error: Operation timed out)
[07:53:14] *** Joins yellows8
[07:54:08] *** Joins Kyouju
[07:56:50] *** Joins yls8bot
[08:10:39] *** |Shadow|_ is now known as |Shadow|
[08:28:03] *** Quits rjeli____ (Read error: Connection timed out)
[08:36:21] *** Joins rjeli____
[11:04:10] *** Joins RaYmAn
[14:44:46] *** Joins refs
[15:38:03] *** Quits rjeli____ (Ping timeout: 1230 seconds)
[15:45:02] *** Joins rjeli____
[16:23:37] *** Joins |Shadow|_
[16:26:15] *** Quits |Shadow| (Read error: Operation timed out)
[17:15:09] *** Joins fgsfds
[17:30:03] *** Quits rjeli____ (Ping timeout: 1230 seconds)
[17:30:16] *** Joins rjeli____
[18:32:54] *** Quits refs (Quit: refs)
[19:05:08] *** Quits rjeli____ (Ping timeout: 1230 seconds)
[19:05:21] *** Joins rjeli____
[20:01:37] *** Joins refs
[21:01:13] *** Quits rjeli____ (Ping timeout: 1230 seconds)
[21:01:26] *** Joins rjeli____
[22:26:38] *** |Shadow|_ is now known as |Shadow|
[23:22:28] *** Quits yls8bot (Read error: Connection reset by peer)
[23:29:58] *** Quits rjeli____ (Ping timeout: 1230 seconds)
[23:30:14] *** Joins rjeli____
[23:38:30] *** Quits Kyouju (Read error: Connection reset by peer)
[23:38:49] *** Quits KuKzz_ ()
[23:38:54] *** Joins KuKzz
[23:50:32] *** Quits yellows8 (Read error: Operation timed out)
[23:51:47] *** Joins Kyouju
[23:52:07] *** Joins yls8bot
[23:53:45] *** Joins yellows8
