[00:21:51] *** Quits rjeli____ (Read error: Connection timed out)
[00:36:00] *** Joins rjeli____
[03:03:23] *** Quits rjeli____ (Ping timeout: 1230 seconds)
[03:03:37] *** Joins rjeli____
[04:50:53] *** Quits lex1 (Read error: Operation timed out)
[04:51:17] *** Quits blasty (Read error: Operation timed out)
[04:51:47] *** Quits klanc (Read error: Operation timed out)
[04:53:56] *** Quits lilibox (Read error: Operation timed out)
[04:54:56] *** Quits Retr0id (Read error: Operation timed out)
[04:55:53] *** Joins klanc
[04:56:20] *** Quits CCFL_Man (Read error: Connection reset by peer)
[04:56:22] *** Joins CCFL_Man
[04:57:01] *** Joins Retr0id
[04:57:04] *** Joins lex1
[04:57:45] *** Joins blasty
[05:02:11] *** Joins eggster
[05:02:11] *** Quits Retr0id (Read error: Connection reset by peer)
[05:02:19] *** Quits rmaw_ (Read error: Connection reset by peer)
[05:02:54] *** Quits TuxSH (Read error: Connection reset by peer)
[05:04:04] *** Joins lilibox
[05:04:26] *** Quits eggy (Read error: Operation timed out)
[05:06:28] *** Quits lex1 (Read error: Operation timed out)
[05:07:01] *** Quits blasty (Read error: Connection reset by peer)
[05:10:19] *** Quits klanc (Ping timeout: 857 seconds)
[05:10:48] *** Joins klanc
[05:11:13] *** Quits Snetry (Read error: Connection reset by peer)
[05:14:09] *** Quits thomasnet (Ping timeout: 857 seconds)
[05:14:57] *** Joins thomasnet
[05:15:01] *** Joins lex1
[05:15:04] *** Joins TuxSH
[05:15:05] *** fincs sets mode: +o TuxSH
[05:16:55] *** Joins Snetry
[05:19:07] *** Joins rmaw
[05:21:38] *** Joins blasty
[06:06:59] *** Joins refs`
[06:09:33] *** Quits refs (Ping timeout: 258 seconds)
[06:10:41] *** Quits yellows8 (Read error: Operation timed out)
[06:17:22] *** Quits Kyouju (Read error: Operation timed out)
[06:30:52] *** Quits yls8bot (Read error: Operation timed out)
[06:32:21] *** Quits refs` (Quit: refs`)
[06:36:32] *** Joins yls8bot
[06:38:33] *** Joins Kyouju
[06:38:42] *** Joins yellows8
[06:53:36] *** Joins Kyouju-
[06:53:36] *** Quits Kyouju (Read error: Connection reset by peer)
[06:53:39] *** Kyouju- is now known as Kyouju
[07:53:46] *** Joins |Shadow|_
[07:55:12] *** Quits |Shadow| (Read error: Operation timed out)
[08:07:37] *** Joins |Shadow|
[08:08:13] *** Quits |Shadow|_ (Read error: Operation timed out)
[08:22:02] *** Quits Maylay (Ping timeout: 265 seconds)
[08:22:22] *** Quits TAL (Remote host closed the connection)
[08:22:30] *** Joins TAL
[08:25:53] *** Joins Maylay
[08:47:09] *** Joins |Shadow|_
[08:52:46] *** Quits |Shadow| (Read error: Operation timed out)
[09:01:27] *** Quits DacoTaco (Remote host closed the connection)
[09:25:49] *** Quits fgsfds (Read error: Connection reset by peer)
[09:54:41] *** |Shadow|_ is now known as |Shadow|
[15:31:24] *** Quits |Shadow| (Read error: Operation timed out)
[15:33:38] *** Joins |Shadow|
[15:41:08] *** Quits DoozerBot (Ping timeout: 745 seconds)
[15:42:58] *** Joins DoozerBot
[17:32:33] *** Quits m4ts (Ping timeout: 265 seconds)
[18:34:04] *** Joins fgsfds
[20:16:28] *** Quits Surkow (Read error: Operation timed out)
[20:16:54] *** Quits oldtopman (ny.us.hub irc.Prison.NET)
[20:19:12] *** Joins Surkow
[20:20:49] *** Joins lansiir
