[05:19:01] *** Quits GerbilSof (Windows must now restart because the Remote Procedure Call (RPC) service terminated unexpectedly.)
[05:28:20] *** Joins GerbilSof
[07:15:00] *** Quits fgsfds (Leaving)
[07:27:27] *** Quits ave_7 (Read error: Connection reset by peer)
[07:27:29] *** Joins ave_7
[08:33:27] *** Quits Genolo (Quit: cya)
[09:02:33] *** Joins changoXPR
[09:08:18] *** Quits Surkow (Read error: Operation timed out)
[09:11:43] *** Quits changO- (Ping timeout: 745 seconds)
[09:11:43] *** changoXPR is now known as changO-
[12:35:19] *** Joins n87
[13:13:14] *** Joins m4ts
[13:55:22] *** Joins n87_2
[13:58:46] *** Quits n87 (Ping timeout: 265 seconds)
[14:28:56] *** Joins karolherb
[16:15:20] *** Joins Surkow
[16:16:04] *** Quits omlet05 (Quit: http://quassel-irc.org - Chat comfortably. Anywhere.)
[16:16:26] *** Joins omlet05
[16:19:37] *** Quits karolherb (Ping timeout: 258 seconds)
[17:06:27] *** Quits Surkow (Quit: 418 I'm a teapot - NOP NOP NOP)
[17:11:29] *** Joins Surkow
[18:57:51] *** Joins karolherb
[19:00:52] *** Joins derk0pf
[19:18:44] *** Quits derk0pf (Ping timeout: 265 seconds)
[19:36:01] *** Joins fgsfds
[23:59:52] *** Quits n87_2 (Read error: Connection reset by peer)
