[00:35:32] *** Quits ihaveamac (Quit: fail)
[00:36:52] *** Joins ihaveamac
[00:45:48] *** Quits n87_2 (Ping timeout: 265 seconds)
[00:45:50] *** Joins n87
[01:12:47] *** Quits thomasnet (Connection closed)
[01:38:39] *** Quits n87 (Read error: Connection reset by peer)
[02:44:15] *** Quits changO- (Read error: Operation timed out)
[02:44:22] *** Joins changO-
[07:28:43] *** Joins Galaxy|
[07:29:35] *** Joins Whovian93
[08:07:32] *** Quits Galaxy| (Quit: Quit.)
[08:10:51] *** Joins Galaxy|
[09:23:15] *** Quits fgsfds (Leaving)
[10:00:45] *** Joins n87
[10:08:24] *** Quits n87 (Ping timeout: 265 seconds)
[10:27:19] *** Quits karolherb (Ping timeout: 258 seconds)
[12:03:38] *** Joins phigcloud
[14:17:52] *** Joins derk0pf
[15:50:32] *** Quits derk0pf (Read error: Operation timed out)
[19:10:58] *** Quits ris2z (Remote host closed the connection)
[19:11:15] *** Joins ris2z
[19:11:15] *** Quits GrecKo (Quit: No Ping reply in 180 seconds.)
[19:12:20] *** Joins GrecKo
