[00:20:04] *** Quits: oreo639 (Read error: Operation timed out)
[01:12:22] *** Joins: refs
[01:18:57] *** Joins: oreo639
[01:27:28] *** Quits: flotwig (Read error: Operation timed out)
[01:30:08] *** Joins: flotwig
[01:34:37] *** Quits: oreo639 (Read error: Operation timed out)
[02:06:40] *** Quits: fgsfds (Read error: Connection reset by peer)
[02:49:53] *** Quits: refs (Quit: refs)
[03:14:10] *** Joins: sentry
[03:15:29] *** Quits: Snetry (Read error: Connection refused)
[03:15:29] *** sentry is now known as Snetry
[03:24:15] *** Joins: oreo639
[03:46:52] *** Quits: oreo639 (Quit: Quit)
[03:47:01] *** Joins: oreo639
[03:47:16] *** Quits: oreo639 (Remote host closed the connection)
[03:47:36] *** Joins: oreo639
[03:47:43] *** Quits: oreo639 (Remote host closed the connection)
[03:48:45] *** Joins: oreo639
[05:17:53] *** Quits: oreo639 (Ping timeout: 370 seconds)
[05:30:36] *** Joins: oreo639
[06:32:00] *** Quits: oreo639 (Ping timeout: 248 seconds)
[08:40:22] *** Joins: oreo639
[09:54:43] *** Joins: fgsfds
[09:55:20] *** Quits: flotwig (Read error: Operation timed out)
[09:57:11] *** Quits: uyjulian (Read error: Operation timed out)
[09:57:20] *** Joins: flotwig
[10:06:12] *** Joins: uyjulian
[12:31:29] *** Quits: oreo639 (Ping timeout: 260 seconds)
[19:31:06] *** Quits: DacoTaco (Quit: ZNC 1.8.2 - https://znc.in)
[19:32:08] *** Joins: DacoTaco
[22:19:07] *** Joins: oreo639
[22:36:37] *** Joins: refs
