[00:59:19] *** Quits: fgsfds (Read error: Connection reset by peer)
[04:20:12] *** Quits: refs (Quit: refs)
[05:29:10] *** Quits: Snetry (Read error: Operation timed out)
[05:30:51] *** Joins: Snetry
[06:34:50] *** Quits: d3m3vilur (Ping timeout: 493 seconds)
[06:35:06] *** Joins: d3m3vilur
[06:43:11] *** Quits: oreo639 (Ping timeout: 240 seconds)
[07:28:45] *** Joins: oreo639
[10:09:10] *** Joins: |Shadow|_
[10:10:03] *** Quits: |Shadow| (Read error: Operation timed out)
[10:30:55] *** |Shadow|_ is now known as |Shadow|
[11:41:05] *** Quits: |Shadow| ()
[11:47:25] *** Joins: |Shadow|
[13:10:22] *** Quits: Extrems (Ping timeout: 500 seconds)
[13:57:57] *** Joins: fgsfds
[15:15:53] *** Joins: Extrems
[20:08:11] *** Joins: n87
[20:36:52] *** Quits: CCFL_Man (Ping timeout: 240 seconds)
[20:43:57] *** Joins: CCFL_Man
[22:17:04] *** Quits: eggy (Quit: Got Milk? Don't ask.)
[22:55:41] *** Joins: eggster
[23:34:39] *** Quits: n87 (Read error: Connection reset by peer)
