[00:43:14] *** Joins: oreo639
[00:52:23] *** Joins: refs
[00:59:32] *** Quits: oreo639 (Ping timeout: 248 seconds)
[02:50:14] *** Quits: refs (Quit: refs)
[03:03:34] *** Joins: sentry
[03:04:53] *** Quits: Snetry (Read error: Connection refused)
[03:04:53] *** sentry is now known as Snetry
[03:51:25] *** Joins: lameboy2
[03:54:05] *** Quits: lameboy (Ping timeout: 240 seconds)
[03:54:06] *** lameboy2 is now known as lameboy
[04:09:03] *** Quits: mimoja65 (Quit: Ping timeout (120 seconds))
[04:09:47] *** Joins: mimoja65
[04:14:05] *** Quits: GrecKo (Ping timeout: 240 seconds)
[04:14:20] *** Joins: GrecKo
[06:30:57] *** Joins: Extrems`
[06:32:49] *** Quits: flotwig (Read error: Operation timed out)
[06:32:53] *** Quits: Extrems (Read error: Operation timed out)
[06:32:54] *** Extrems` is now known as Extrems
[06:35:32] *** Quits: ihaveamac (Read error: Operation timed out)
[06:35:36] *** Quits: Normmatt (Read error: Operation timed out)
[06:35:46] *** Joins: ihaveamac
[06:36:04] *** Quits: DacoTaco (Read error: Operation timed out)
[06:36:08] *** Joins: DacoTaco
[07:20:03] *** Joins: oreo639
[07:22:40] *** Joins: Normmatt
[07:37:44] *** Joins: flotwig
[09:24:19] *** Joins: fgsfds
[11:04:41] *** Quits: oreo639 (Ping timeout: 260 seconds)
[11:20:40] *** Joins: oreo639
[14:50:58] *** Joins: Extrems`
[14:56:20] *** Quits: Extrems (Ping timeout: 500 seconds)
[14:56:20] *** Extrems` is now known as Extrems
[17:51:38] *** Joins: n87
[20:50:04] *** Quits: oreo639 (Read error: Operation timed out)
[21:23:02] *** Joins: sentry
[21:23:02] *** Quits: Snetry (Read error: Connection reset by peer)
[21:23:09] *** sentry is now known as Snetry
[21:23:31] *** Quits: n87 (Read error: Connection reset by peer)
