[01:50:16] *** Quits: fgsfds (Read error: Connection reset by peer)
[01:59:14] *** Joins: oreo639
[02:24:38] *** Joins: refs
[03:04:03] *** Joins: sentry
[03:05:22] *** Quits: Snetry (Read error: Connection refused)
[03:05:22] *** sentry is now known as Snetry
[03:05:48] *** Quits: oreo639 (Read error: Operation timed out)
[03:09:53] *** Joins: oreo639
[04:16:15] *** Quits: refs (Quit: refs)
[09:03:17] *** Quits: Extrems (Read error: Operation timed out)
[09:04:33] *** Joins: Extrems
[10:40:34] *** Quits: Snetry (efnet.deic.eu se.hub)
[10:40:34] *** Quits: lansiir (efnet.deic.eu se.hub)
[10:40:34] *** Quits: d3m3vilur (efnet.deic.eu se.hub)
[10:40:34] *** Quits: lex1 (efnet.deic.eu se.hub)
[10:40:34] *** Quits: Extrems (efnet.deic.eu se.hub)
[10:40:34] *** Quits: flotwig (efnet.deic.eu se.hub)
[10:40:34] *** Quits: lameboy (efnet.deic.eu se.hub)
[10:40:34] *** Quits: Cu3PO42 (efnet.deic.eu se.hub)
[10:40:34] *** Quits: theSuess (efnet.deic.eu se.hub)
[10:40:35] *** Quits: yellows8 (efnet.deic.eu se.hub)
[10:40:35] *** Quits: Lightswor (efnet.deic.eu se.hub)
[10:40:35] *** Quits: DacoTaco (efnet.deic.eu se.hub)
[10:40:35] *** Quits: CCFL_Man (efnet.deic.eu se.hub)
[10:40:35] *** Quits: Surkow (efnet.deic.eu se.hub)
[10:40:35] *** Quits: omlet05_ (efnet.deic.eu se.hub)
[10:40:35] *** Quits: eggy (efnet.deic.eu se.hub)
[10:40:35] *** Quits: TurtleP (efnet.deic.eu se.hub)
[10:40:35] *** Quits: plutobot (efnet.deic.eu se.hub)
[10:40:35] *** Quits: mtheall (efnet.deic.eu se.hub)
[10:40:35] *** Quits: Normmatt (efnet.deic.eu se.hub)
[10:40:35] *** Quits: maylay (efnet.deic.eu se.hub)
[10:40:35] *** Quits: substanc3 (efnet.deic.eu se.hub)
[10:40:35] *** Quits: ihaveamac (efnet.deic.eu se.hub)
[10:40:35] *** Quits: GrecKo (efnet.deic.eu se.hub)
[10:40:36] *** Quits: tertu (efnet.deic.eu se.hub)
[10:40:36] *** Quits: |Shadow| (efnet.deic.eu se.hub)
[10:40:36] *** Quits: uyjulian (efnet.deic.eu se.hub)
[10:40:36] *** Quits: balrog (efnet.deic.eu se.hub)
[10:40:36] *** Quits: nrq (efnet.deic.eu se.hub)
[10:40:36] *** Quits: tpw_rules (efnet.deic.eu se.hub)
[10:40:36] *** Quits: yls8bot (efnet.deic.eu se.hub)
[10:40:36] *** Quits: hexkyz (efnet.deic.eu se.hub)
[10:40:36] *** Quits: mimoja65 (efnet.deic.eu se.hub)
[10:40:36] *** Quits: GeekShado (efnet.deic.eu se.hub)
[10:40:36] *** Quits: Stary (efnet.deic.eu se.hub)
[10:40:36] *** Quits: freundTec (efnet.deic.eu se.hub)
[10:40:36] *** Quits: fincs (efnet.deic.eu se.hub)
[10:40:37] *** Quits: klock (efnet.deic.eu se.hub)
[10:40:37] *** Quits: Shiz (efnet.deic.eu se.hub)
[10:40:37] *** Quits: TAL (efnet.deic.eu se.hub)
[10:40:37] *** Quits: flagrama_ (efnet.deic.eu se.hub)
[10:40:37] *** Quits: ris2z (efnet.deic.eu se.hub)
[10:40:37] *** Quits: Ghabry (efnet.deic.eu se.hub)
[10:40:38] *** Quits: Genolo (efnet.deic.eu se.hub)
[10:44:17] *** Quits: oreo639 (Ping timeout: 622 seconds)
[10:47:23] *** Joins: Extrems
[10:47:23] *** Joins: Snetry
[10:47:23] *** Joins: flotwig
[10:47:23] *** Joins: Normmatt
[10:47:23] *** Joins: DacoTaco
[10:47:23] *** Joins: ihaveamac
[10:47:23] *** Joins: GrecKo
[10:47:23] *** Joins: mimoja65
[10:47:23] *** Joins: lameboy
[10:47:23] *** Joins: lansiir
[10:47:23] *** Joins: GeekShado
[10:47:23] *** Joins: d3m3vilur
[10:47:23] *** Joins: maylay
[10:47:23] *** Joins: Stary
[10:47:23] *** Joins: flagrama_
[10:47:23] *** Joins: ris2z
[10:47:23] *** Joins: substanc3
[10:47:23] *** Joins: tertu
[10:47:23] *** Joins: CCFL_Man
[10:47:23] *** Joins: Cu3PO42
[10:47:23] *** Joins: freundTec
[10:47:23] *** Joins: Surkow
[10:47:23] *** Joins: Lightswor
[10:47:23] *** Joins: yellows8
[10:47:23] *** Joins: theSuess
[10:47:23] *** Joins: omlet05_
[10:47:23] *** Joins: eggy
[10:47:23] *** Joins: |Shadow|
[10:47:23] *** Joins: uyjulian
[10:47:23] *** Joins: balrog
[10:47:23] *** Joins: lex1
[10:47:23] *** Joins: fincs
[10:47:23] *** Joins: TurtleP
[10:47:23] *** Joins: nrq
[10:47:23] *** Joins: klock
[10:47:23] *** Joins: tpw_rules
[10:47:23] *** Joins: yls8bot
[10:47:23] *** Joins: hexkyz
[10:47:23] *** Joins: plutobot
[10:47:23] *** Joins: mtheall
[10:47:23] *** Joins: Ghabry
[10:47:23] *** Joins: Shiz
[10:47:23] *** Joins: Genolo
[10:47:23] *** Joins: TAL
[10:47:23] *** se.hub sets mode: +o fincs
[10:48:40] *** Quits: Snetry (Read error: Operation timed out)
[10:48:43] *** Joins: Snetry
[10:56:24] *** Quits: Snetry (Read error: Connection reset by peer)
[10:57:17] *** Joins: Snetry
[11:00:33] *** Quits: lex1 (Read error: Operation timed out)
[11:01:26] *** Quits: d3m3vilur (Read error: Operation timed out)
[11:01:52] *** Quits: Snetry (Read error: Operation timed out)
[11:03:59] *** Joins: d3m3vilur
[11:04:06] *** Joins: lex1
[11:08:12] *** Joins: Snetry
[11:27:14] *** Quits: Snetry (efnet.deic.eu se.hub)
[11:27:14] *** Quits: lex1 (efnet.deic.eu se.hub)
[11:27:14] *** Quits: d3m3vilur (efnet.deic.eu se.hub)
[11:27:14] *** Quits: lansiir (efnet.deic.eu se.hub)
[11:27:14] *** Quits: Extrems (efnet.deic.eu se.hub)
[11:27:14] *** Quits: flotwig (efnet.deic.eu se.hub)
[11:27:14] *** Quits: lameboy (efnet.deic.eu se.hub)
[11:27:15] *** Quits: Cu3PO42 (efnet.deic.eu se.hub)
[11:27:15] *** Quits: theSuess (efnet.deic.eu se.hub)
[11:27:15] *** Quits: yellows8 (efnet.deic.eu se.hub)
[11:27:15] *** Quits: Lightswor (efnet.deic.eu se.hub)
[11:27:15] *** Quits: DacoTaco (efnet.deic.eu se.hub)
[11:27:15] *** Quits: CCFL_Man (efnet.deic.eu se.hub)
[11:27:15] *** Quits: Surkow (efnet.deic.eu se.hub)
[11:27:15] *** Quits: omlet05_ (efnet.deic.eu se.hub)
[11:27:15] *** Quits: eggy (efnet.deic.eu se.hub)
[11:27:15] *** Quits: TurtleP (efnet.deic.eu se.hub)
[11:27:15] *** Quits: plutobot (efnet.deic.eu se.hub)
[11:27:15] *** Quits: mtheall (efnet.deic.eu se.hub)
[11:27:15] *** Quits: Normmatt (efnet.deic.eu se.hub)
[11:27:15] *** Quits: maylay (efnet.deic.eu se.hub)
[11:27:15] *** Quits: substanc3 (efnet.deic.eu se.hub)
[11:27:15] *** Quits: ihaveamac (efnet.deic.eu se.hub)
[11:27:15] *** Quits: GrecKo (efnet.deic.eu se.hub)
[11:27:16] *** Quits: tertu (efnet.deic.eu se.hub)
[11:27:16] *** Quits: |Shadow| (efnet.deic.eu se.hub)
[11:27:16] *** Quits: uyjulian (efnet.deic.eu se.hub)
[11:27:16] *** Quits: balrog (efnet.deic.eu se.hub)
[11:27:16] *** Quits: nrq (efnet.deic.eu se.hub)
[11:27:16] *** Quits: tpw_rules (efnet.deic.eu se.hub)
[11:27:16] *** Quits: yls8bot (efnet.deic.eu se.hub)
[11:27:16] *** Quits: hexkyz (efnet.deic.eu se.hub)
[11:27:16] *** Quits: mimoja65 (efnet.deic.eu se.hub)
[11:27:16] *** Quits: GeekShado (efnet.deic.eu se.hub)
[11:27:16] *** Quits: Stary (efnet.deic.eu se.hub)
[11:27:16] *** Quits: freundTec (efnet.deic.eu se.hub)
[11:27:16] *** Quits: fincs (efnet.deic.eu se.hub)
[11:27:16] *** Quits: klock (efnet.deic.eu se.hub)
[11:27:16] *** Quits: Shiz (efnet.deic.eu se.hub)
[11:27:16] *** Quits: TAL (efnet.deic.eu se.hub)
[11:27:17] *** Quits: flagrama_ (efnet.deic.eu se.hub)
[11:27:17] *** Quits: ris2z (efnet.deic.eu se.hub)
[11:27:17] *** Quits: Ghabry (efnet.deic.eu se.hub)
[11:27:17] *** Quits: Genolo (efnet.deic.eu se.hub)
[11:28:43] *** Joins: Snetry
[11:28:43] *** Joins: lex1
[11:28:43] *** Joins: d3m3vilur
[11:28:43] *** Joins: Extrems
[11:28:43] *** Joins: flotwig
[11:28:43] *** Joins: Normmatt
[11:28:43] *** Joins: DacoTaco
[11:28:43] *** Joins: ihaveamac
[11:28:43] *** Joins: GrecKo
[11:28:43] *** Joins: mimoja65
[11:28:43] *** Joins: lameboy
[11:28:43] *** Joins: lansiir
[11:28:43] *** Joins: GeekShado
[11:28:43] *** Joins: maylay
[11:28:43] *** Joins: Stary
[11:28:43] *** Joins: flagrama_
[11:28:43] *** Joins: ris2z
[11:28:43] *** Joins: substanc3
[11:28:43] *** Joins: tertu
[11:28:43] *** Joins: CCFL_Man
[11:28:43] *** Joins: Cu3PO42
[11:28:43] *** Joins: freundTec
[11:28:43] *** Joins: Surkow
[11:28:43] *** Joins: Lightswor
[11:28:43] *** Joins: yellows8
[11:28:43] *** Joins: theSuess
[11:28:43] *** Joins: omlet05_
[11:28:43] *** Joins: eggy
[11:28:43] *** Joins: |Shadow|
[11:28:43] *** Joins: uyjulian
[11:28:43] *** Joins: balrog
[11:28:43] *** Joins: fincs
[11:28:43] *** Joins: TurtleP
[11:28:43] *** Joins: nrq
[11:28:43] *** Joins: klock
[11:28:43] *** Joins: tpw_rules
[11:28:43] *** Joins: yls8bot
[11:28:43] *** Joins: hexkyz
[11:28:43] *** Joins: plutobot
[11:28:43] *** Joins: mtheall
[11:28:43] *** Joins: Ghabry
[11:28:43] *** Joins: Shiz
[11:28:43] *** Joins: Genolo
[11:28:43] *** Joins: TAL
[11:28:43] *** se.hub sets mode: +o fincs
[11:30:40] *** Joins: fgsfds
[15:50:49] *** Quits: maylay (Ping timeout: 248 seconds)
[15:53:51] *** Joins: maylay
[18:54:18] *** Joins: n87
[20:21:09] *** Joins: oreo639
[20:49:01] *** Joins: refs
[21:27:47] *** Quits: oreo639 (Read error: Operation timed out)
[22:23:57] *** Quits: n87 (Read error: Connection reset by peer)
[23:17:44] *** Joins: oreo639
[23:45:25] *** Quits: oreo639 (Quit: Quit)
[23:45:29] *** Joins: oreo639
[23:57:11] *** Quits: averne (quit)
[23:59:30] *** Joins: averne
[23:59:30] *** Server sets mode: +stn 
