[00:08:17] *** Quits: fgsfds (Read error: Connection reset by peer)
[00:08:26] *** Quits: oreo639 (Read error: Operation timed out)
[00:43:40] *** Joins: oreo639
[00:50:08] *** Joins: refs
[01:02:48] *** Quits: GerbilSof (Quit: Windows must now restart because the Remote Procedure Call (RPC) service terminated unexpectedly.)
[01:04:29] *** Quits: oreo639 (Ping timeout: 240 seconds)
[02:20:44] *** Joins: oreo639
[02:32:13] *** Quits: oreo639 (Ping timeout: 370 seconds)
[02:43:19] *** Quits: refs (Quit: refs)
[03:04:22] *** Joins: oreo639
[03:09:51] *** Quits: oreo639 (Read error: Connection reset by peer)
[03:14:09] *** Joins: oreo639
[03:20:42] *** Quits: oreo639 (Ping timeout: 248 seconds)
[03:21:23] *** Joins: oreo639
[03:52:21] *** Joins: oreo639_
[03:57:46] *** Quits: oreo639 (Read error: Operation timed out)
[04:00:11] *** Quits: oreo639_ (Ping timeout: 240 seconds)
[04:01:28] *** Joins: GerbilSof
[04:44:54] *** Joins: oreo639
[05:18:43] *** Joins: ihaveama-
[05:19:10] *** Quits: flotwig (hub.efnet.us irc.servercentral.net)
[05:19:10] *** Quits: ihaveamac (hub.efnet.us irc.servercentral.net)
[05:19:10] *** Quits: yls8bot (hub.efnet.us irc.servercentral.net)
[05:19:10] *** Quits: theSuess (hub.efnet.us irc.servercentral.net)
[05:19:10] *** Quits: Lightswor (hub.efnet.us irc.servercentral.net)
[05:19:10] *** Quits: Cu3PO42 (hub.efnet.us irc.servercentral.net)
[05:19:10] *** Quits: yellows8 (hub.efnet.us irc.servercentral.net)
[05:23:19] *** Joins: yls8bot_
[05:34:14] *** yls8bot_ is now known as yls8bot
[05:38:33] *** Joins: Cu3PO42
[06:51:00] *** Joins: yellows8
[12:13:11] *** Joins: fgsfds
[12:18:39] *** Quits: oreo639 (Remote host closed the connection)
[12:19:43] *** Joins: oreo639
[12:28:41] *** Quits: oreo639 (Ping timeout: 260 seconds)
[14:49:03] *** Joins: n87
[16:18:05] *** Quits: yls8bot (Read error: Operation timed out)
[16:18:22] *** Joins: yls8bot
[16:19:22] *** Quits: balrog (Read error: Operation timed out)
[16:19:37] *** Quits: tertu (Read error: Operation timed out)
[16:19:57] *** Joins: n87_2
[16:20:23] *** Quits: tpw_rules (Read error: Operation timed out)
[16:20:36] *** Quits: uyjulian (Read error: Operation timed out)
[16:20:45] *** Joins: balrog
[16:22:24] *** Quits: |Shadow| (Read error: Operation timed out)
[16:22:49] *** Quits: hexkyz (Ping timeout: 620 seconds)
[16:24:33] *** Quits: n87 (Read error: Operation timed out)
[16:27:25] *** Joins: uyjulian
[16:27:35] *** Joins: hexkyz
[16:27:47] *** Joins: tpw_rules
[16:28:06] *** Joins: |Shadow|
[16:28:10] *** Joins: tertu
[18:02:31] *** Quits: fgsfds (Quit: Leaving)
[18:14:49] *** Joins: fgsfds
[18:59:15] *** CCFL_Man_ is now known as CCFL_Man
[22:03:18] *** Quits: n87_2 (Read error: Connection reset by peer)
[22:10:54] *** Joins: oreo639
