[02:29:55] *** Joins: refs
[02:51:39] *** Quits: fgsfds (Quit: Leaving)
[03:56:00] *** Quits: refs (Quit: refs)
[04:07:56] *** Quits: tpw_rules (Read error: Operation timed out)
[04:09:27] *** Quits: uyjulian (Read error: Operation timed out)
[04:09:37] *** Quits: tertu (Read error: Operation timed out)
[04:10:34] *** Quits: |Shadow| (Read error: Operation timed out)
[04:13:49] *** Quits: hexkyz (Read error: Operation timed out)
[04:15:07] *** Joins: hexkyz
[04:15:18] *** Joins: tpw_rules
[04:15:32] *** Joins: tertu
[04:15:42] *** Joins: uyjulian
[04:16:29] *** Joins: |Shadow|
[04:35:29] *** Quits: oreo639 (Read error: Operation timed out)
[04:37:33] *** Quits: tertu (Read error: Operation timed out)
[04:37:37] *** Quits: tpw_rules (Read error: Operation timed out)
[04:37:54] *** Joins: tpw_rules
[04:40:19] *** Quits: uyjulian (Read error: Operation timed out)
[04:40:25] *** Quits: hexkyz (Ping timeout: 620 seconds)
[04:40:31] *** Quits: |Shadow| (Read error: Operation timed out)
[04:43:03] *** Joins: tertu
[04:43:10] *** Joins: |Shadow|
[04:43:13] *** Joins: hexkyz
[04:43:18] *** Joins: uyjulian
[05:11:55] *** Quits: tertu (Read error: Operation timed out)
[05:13:17] *** Quits: uyjulian (Read error: Operation timed out)
[05:14:36] *** Joins: oreo639
[05:15:16] *** Quits: |Shadow| (Read error: Operation timed out)
[05:17:13] *** Quits: hexkyz (Ping timeout: 620 seconds)
[05:17:45] *** Joins: tertu
[05:17:50] *** Joins: uyjulian
[05:18:30] *** Joins: hexkyz
[05:18:43] *** Joins: |Shadow|
[06:36:46] *** Quits: uyjulian (Read error: Operation timed out)
[06:36:51] *** Quits: |Shadow| (Read error: Operation timed out)
[06:37:25] *** Quits: tertu (Read error: Operation timed out)
[06:38:22] *** Quits: hexkyz (Ping timeout: 620 seconds)
[06:42:28] *** Joins: uyjulian
[06:43:18] *** Joins: tertu
[06:44:08] *** Joins: hexkyz
[06:47:29] *** Joins: |Shadow|
[07:06:56] *** Quits: uyjulian (Read error: Operation timed out)
[07:07:22] *** Quits: tertu (Read error: Operation timed out)
[07:08:09] *** Quits: |Shadow| (Read error: Operation timed out)
[07:09:50] *** Quits: hexkyz (Ping timeout: 620 seconds)
[07:12:00] *** Joins: uyjulian
[07:12:00] *** Joins: tertu
[07:14:54] *** Joins: |Shadow|
[07:15:05] *** Joins: hexkyz
[07:42:47] *** Quits: tertu (Read error: Operation timed out)
[07:45:07] *** Quits: |Shadow| (Read error: Operation timed out)
[07:45:13] *** Quits: uyjulian (Read error: Operation timed out)
[07:48:34] *** Quits: hexkyz (Read error: Operation timed out)
[07:49:54] *** Joins: hexkyz
[07:49:54] *** Joins: tertu
[07:50:04] *** Joins: uyjulian
[07:51:15] *** Joins: |Shadow|
[10:04:28] *** Joins: n87
[10:19:38] *** Joins: fgsfds
[10:40:06] *** Quits: fgsfds (Quit: Leaving)
[10:50:49] *** Joins: fgsfds
[12:05:30] *** Quits: oreo639 (Read error: Operation timed out)
[13:50:21] *** Quits: CCFL_Man (Read error: Operation timed out)
[15:20:41] *** Joins: CCFL_Man
[17:03:55] *** Quits: freundTec (Quit: ZNC disconnected. Probably just rebooting my server - ZNC 1.6.6+deb1ubuntu0.2 - http://znc.in)
[19:43:53] *** Quits: CCFL_Man (Read error: Operation timed out)
[19:46:50] *** Joins: CCFL_Man
[19:49:11] *** Quits: Surkow (Ping timeout: 240 seconds)
[20:03:11] *** Joins: Surkow
[20:09:53] *** Joins: refs
[20:12:58] *** Joins: oreo639
[21:20:52] *** Quits: ihaveama- (Quit: fail)
[21:41:51] *** Joins: ihaveamac
[23:13:43] *** Quits: n87 (Read error: Connection reset by peer)
