[02:56:51] *** Quits: refs (Quit: refs)
[03:17:15] *** Quits: fgsfds (Read error: Connection reset by peer)
[03:19:10] *** Quits: oreo639 (Quit: Quit)
[03:19:44] *** Joins: oreo639
[04:51:52] *** Quits: oreo639 (Read error: Operation timed out)
[05:09:17] *** Joins: oreo639
[07:22:10] *** Quits: oreo639 (Read error: Operation timed out)
[07:49:01] *** Joins: oreo639
[08:50:45] *** Quits: uyjulian (Ping timeout: 260 seconds)
[08:51:06] *** Joins: uyjulian
[10:05:41] *** Joins: fgsfds
[10:52:45] *** Quits: n87 (Read error: Connection reset by peer)
[10:54:40] *** Joins: n87
[11:58:21] *** Quits: oreo639 (Read error: Operation timed out)
[12:57:45] *** Quits: Snetry (Read error: Connection reset by peer)
[12:59:55] *** Quits: d3m3vilur (Ping timeout: 493 seconds)
[13:00:54] *** Joins: d3m3vilur
[13:04:52] *** Joins: Snetry
[13:08:37] *** Quits: n87 (Read error: Connection reset by peer)
[13:31:44] *** Quits: d3m3vilur (Ping timeout: 493 seconds)
[13:33:47] *** Joins: d3m3vilur
[13:37:59] *** Joins: sentry
[13:40:15] *** Quits: Snetry (Read error: Connection refused)
[13:40:15] *** sentry is now known as Snetry
[13:51:17] *** Quits: d3m3vilur (Ping timeout: 493 seconds)
[13:54:10] *** Quits: Snetry (Read error: Operation timed out)
[14:00:06] *** Quits: GerbilSof (Ping timeout: 857 seconds)
[14:00:52] *** Quits: lex1 (Ping timeout: 857 seconds)
[14:01:31] *** Joins: lex1
[14:01:44] *** Joins: GerbilSof
[14:05:43] *** Joins: d3m3vilur
[14:06:50] *** Joins: Snetry
[20:09:29] *** Quits: hexkyz (blargh!)
[20:13:32] *** Joins: hexkyz
[21:17:35] *** Joins: n87
[22:15:10] *** Joins: nohit___
[22:19:13] *** Quits: nohit__ (Ping timeout: 622 seconds)
[22:19:13] *** nohit___ is now known as nohit__
[22:23:53] *** Joins: oreo639
[22:33:40] *** Quits: n87 (Read error: Connection reset by peer)
