[01:41:16] *** Quits: oreo639 (Ping timeout: 240 seconds)
[01:50:24] *** Joins: oreo639
[02:36:37] *** Quits: oreo639 (Ping timeout: 260 seconds)
[02:43:58] *** Quits: fgsfds (Read error: Connection reset by peer)
[02:50:28] *** Joins: refs
[03:16:39] *** Joins: sentry
[03:17:58] *** Quits: Snetry (Read error: Connection refused)
[03:17:58] *** sentry is now known as Snetry
[04:56:59] *** Quits: refs (Quit: refs)
[06:50:44] *** Joins: oreo639
[07:53:39] *** Quits: oreo639 (Quit: Quit)
[07:54:07] *** Joins: oreo639
[07:55:11] *** Quits: theSuess (hub.efnet.us irc.servercentral.net)
[07:55:11] *** Quits: tpw_rules (hub.efnet.us irc.servercentral.net)
[07:55:11] *** Quits: balrog (hub.efnet.us irc.servercentral.net)
[07:55:11] *** Quits: yls8bot (hub.efnet.us irc.servercentral.net)
[07:55:11] *** Quits: yellows8 (hub.efnet.us irc.servercentral.net)
[08:00:43] *** Joins: balrog_
[08:02:03] *** Joins: yls8bot_
[08:05:36] *** Joins: tpw-rules
[08:10:14] *** yls8bot_ is now known as yls8bot
[08:10:34] *** tpw-rules is now known as tpw_rules
[08:10:42] *** balrog_ is now known as balrog
[08:16:52] *** Joins: yellows8
[08:19:21] *** Joins: theSuess
[08:26:01] *** Quits: theSuess (hub.efnet.us irc.servercentral.net)
[08:26:01] *** Quits: yellows8 (hub.efnet.us irc.servercentral.net)
[09:01:13] *** Joins: yellows8
[09:01:54] *** Joins: theSuess
[10:32:05] *** Quits: oreo639 (Ping timeout: 240 seconds)
[11:00:16] *** Joins: n87
[11:36:10] *** Joins: oreo639
[12:02:00] *** Quits: oreo639 (Read error: Operation timed out)
[12:12:41] *** Quits: n87 (Read error: Connection reset by peer)
[13:52:11] *** Joins: fgsfds
[20:19:40] *** Joins: refs
[22:04:08] *** Quits: yls8bot (Read error: Operation timed out)
[22:04:23] *** Joins: yls8bot
[22:05:44] *** Quits: tertu (Read error: Operation timed out)
[22:06:04] *** Quits: |Shadow| (Read error: Operation timed out)
[22:06:19] *** Quits: tpw_rules (Read error: Operation timed out)
[22:07:37] *** Quits: CCFL_Man (Read error: Operation timed out)
[22:08:30] *** Quits: hexkyz (Read error: Operation timed out)
[22:09:17] *** Joins: CCFL_Man
[22:12:05] *** Joins: tertu
[22:12:15] *** Joins: hexkyz
[22:12:35] *** Joins: tpw_rules
[22:16:11] *** Joins: |Shadow|
[22:27:40] *** Joins: n87
[23:20:37] *** Quits: n87 (Read error: Connection reset by peer)
[23:41:29] *** Quits: tpw_rules (Read error: Operation timed out)
[23:42:58] *** Quits: tertu (Read error: Operation timed out)
[23:44:53] *** Quits: |Shadow| (Read error: Operation timed out)
[23:45:35] *** Joins: oreo639
[23:47:14] *** Quits: hexkyz (Read error: Operation timed out)
