[00:53:25] *** Joins: oreo639
[01:05:56] *** Quits: oreo639 (Ping timeout: 248 seconds)
[02:26:09] *** Joins: oreo639
[02:37:18] *** Joins: refs
[03:21:40] *** Quits: oreo639 (Ping timeout: 240 seconds)
[04:06:34] *** Quits: fgsfds (Read error: Connection reset by peer)
[04:41:46] *** Quits: refs (Quit: refs)
[07:28:34] *** Quits: maylay (Read error: Connection reset by peer)
[07:32:32] *** Joins: Maylay
[07:41:13] *** Quits: Maylay (Ping timeout: 260 seconds)
[09:23:19] <plutobot> Wiki | Page changed: Error Report services | User: SciresM | https://switchbrew.org/w/index.php?curid=193&diff=12740&oldid=12739
[10:37:28] <plutobot> GitHub | New PR: Basic support... | User: SciresM | https://github.com/switchbrew/libnx/pull/641
[11:44:11] *** Joins: Maylay
[11:50:59] *** Joins: fgsfds
[13:55:21] *** Joins: refs
[18:24:05] *** Quits: refs (Quit: refs)
[21:40:54] *** Joins: oreo639
[22:44:55] *** Quits: Maylay (Pipe Terminated)
[22:53:26] *** Joins: Maylay
[23:29:23] *** Quits: yls8bot (Read error: Operation timed out)
[23:29:37] *** Joins: yls8bot
[23:30:51] *** Quits: tertu (Read error: Operation timed out)
[23:32:08] *** Joins: oreo639_
[23:32:18] *** Quits: oreo639 (Read error: Operation timed out)
[23:32:40] *** Quits: |Shadow| (Read error: Operation timed out)
[23:33:51] *** Quits: hexkyz (Ping timeout: 620 seconds)
[23:38:09] *** Joins: hexkyz
[23:40:49] *** Joins: tertu
[23:40:55] *** Joins: |Shadow|
