[02:53:49] *** Joins: refs
[04:28:27] *** Quits: refs (Quit: refs)
[04:59:11] *** Quits: fgsfds (Read error: Connection reset by peer)
[05:19:31] <plutobot> Wiki | Page changed: 18.0.0 | User: yls8 | https://switchbrew.org/w/index.php?curid=488&diff=12741&oldid=12728
[07:39:06] *** Quits: tertu (Read error: Operation timed out)
[07:44:14] *** Quits: |Shadow| (Read error: Operation timed out)
[07:44:59] *** Quits: hexkyz (Read error: Operation timed out)
[07:58:18] *** Joins: tertu
[07:58:23] *** Joins: hexkyz
[07:59:38] *** Quits: Snetry (Write error: Broken pipe)
[08:02:49] *** Joins: |Shadow|
[08:06:26] *** Quits: nrq (Quit: -o-)
[08:09:22] *** Joins: nrq
[08:16:26] *** Joins: Snetry
[09:45:18] *** Quits: oreo639_ (Read error: Operation timed out)
[09:58:29] *** Joins: oreo639
[12:23:13] *** Quits: oreo639 (Ping timeout: 260 seconds)
[13:03:32] *** Joins: fgsfds
[13:12:27] *** Joins: refs
[14:19:31] *** Quits: refs (Quit: refs)
[14:49:11] *** Quits: Surkow (Ping timeout: 240 seconds)
[15:09:19] *** Joins: Surkow
[21:24:53] <plutobot> Wiki | Page changed: Services API | User: Hexkyz | https://switchbrew.org/w/index.php?curid=85&diff=12742&oldid=12676
[21:48:16] <plutobot> Wiki | Page changed: Sockets services | User: Hexkyz | https://switchbrew.org/w/index.php?curid=128&diff=12743&oldid=12569
[22:29:55] *** Joins: oreo639
